0.20179999999999998	EXP	Created Window = Window( name=Window, fullscr=true, color=#000000, units=norm, waitBlanking=true, autoLog=true, size=[1366,655] )
2.5067000000000003	DATA	Keydown: 3
2.6889000000000003	DATA	Keydown: 3
4.0779	DATA	Keydown: 1
4.3092999999999995	DATA	Keydown: 9
13.627199999999998	DATA	Keydown: CapsLock
13.803899999999998	DATA	Keydown: N
13.969999999999998	DATA	Keydown: CapsLock
14.289399999999997	DATA	Keydown: ő
18.1251	DATA	Keydown: 2
18.8126	DATA	Keydown: 0
18.9496	DATA	Keydown: 0
19.7489	DATA	Keydown: 0
20.1208	DATA	Keydown: .
20.6025	DATA	Keydown: 0
21.2516	DATA	Keydown: 4
21.7239	DATA	Keydown: .
22.209799999999997	DATA	Keydown: 1
22.3935	DATA	Keydown: 5
23.8772	DATA	Keydown: .
28.924	DATA	Keydown: 1
29.099999999999998	DATA	Keydown: 3
40.3285	EXP	Created instruction_text1 = TextStim( name=instruction_text1, win=Window( name=Window, fullscr=true, color=#000000, ~), autoDraw=null, autoLog=true, units=norm, ori=null, opacity=1, pos=[0,0], size=undefined, text=Ön most szavakat fog látni.

Ezek között lesznek o~, font=Arial, color=#ffffff, contrast=1, height=0.05, bold=null, italic=null, alignHoriz=left, alignVert=center, wrapWidth=1, flipHoriz=null, flipVert=null )
40.3329	EXP	Created instruction_text2 = TextStim( name=instruction_text2, win=Window( name=Window, fullscr=true, color=#000000, ~), autoDraw=null, autoLog=true, units=norm, ori=null, opacity=1, pos=[0,0], size=undefined, text=Először két egyszerű példát mutatunk Önnek.

Az el~, font=Arial, color=#FFFFFF, contrast=1, height=0.05, bold=null, italic=null, alignHoriz=left, alignVert=center, wrapWidth=1, flipHoriz=null, flipVert=null )
40.338699999999996	EXP	Created show_text = TextStim( name=show_text, win=Window( name=Window, fullscr=true, color=#000000, ~), autoDraw=null, autoLog=true, units=norm, ori=null, opacity=1, pos=[0,0], size=undefined, text=asztal, font=Arial, color=#FFFFFF, contrast=1, height=0.2, bold=null, italic=null, alignHoriz=left, alignVert=center, wrapWidth=1, flipHoriz=null, flipVert=null )
40.3433	EXP	Created text = TextStim( name=text, win=Window( name=Window, fullscr=true, color=#000000, ~), autoDraw=null, autoLog=true, units=norm, ori=null, opacity=1, pos=[0,0], size=undefined, text=bzsmfsztal, font=Arial, color=#FFFFFF, contrast=1, height=0.2, bold=null, italic=null, alignHoriz=left, alignVert=center, wrapWidth=1, flipHoriz=null, flipVert=null )
40.3482	EXP	Created instruction_text3 = TextStim( name=instruction_text3, win=Window( name=Window, fullscr=true, color=#000000, ~), autoDraw=null, autoLog=true, units=norm, ori=null, opacity=1, pos=[0,0], size=undefined, text=Pazar. Most kezdődik az igazi kísérlet. Néhány per~, font=Arial, color=#FFFFFF, contrast=1, height=0.1, bold=null, italic=null, alignHoriz=left, alignVert=center, wrapWidth=1, flipHoriz=null, flipVert=null )
40.352	EXP	Created szo_kiir = TextStim( name=szo_kiir, win=Window( name=Window, fullscr=true, color=#000000, ~), autoDraw=null, autoLog=true, units=norm, ori=null, opacity=1, pos=[0,0], size=undefined, text=default text, font=Arial, color=#FFFFFF, contrast=1, height=0.2, bold=null, italic=null, alignHoriz=left, alignVert=center, wrapWidth=1, flipHoriz=null, flipVert=null )
40.358599999999996	EXP	Created koszi_szoveg = TextStim( name=koszi_szoveg, win=Window( name=Window, fullscr=true, color=#000000, ~), autoDraw=null, autoLog=true, units=norm, ori=null, opacity=1, pos=[0,0], size=undefined, text=Vége a kísérletnek. Köszönjük a részvételt!, font=arial, color=#ffffff, contrast=1, height=0.1, bold=null, italic=null, alignHoriz=left, alignVert=center, wrapWidth=1, flipHoriz=null, flipVert=null )
40.4688	EXP	instruction_text1: units = "norm"
40.4688	EXP	instruction_text1: ori = 0
40.4688	EXP	instruction_text1: opacity = 1
40.4688	EXP	instruction_text1: pos = [0,0]
40.4688	EXP	instruction_text1: size = undefined
40.4688	EXP	instruction_text1: text = "Ön most szavakat fog látni.\n\nEzek között lesznek olyanok, amelyeket ismer, de előfordulhatnak olyanok is, amelyeket nem ismer, sőt, vannak köztük kitalált szavak is. \n\nKérjük, ha ismeri a képernyőn látható szót, nyomja meg a JOBB kurzorbillentyűt.\nKérjük, ha NEM ismeri a képernyőn látható szót, vagy azt gondolja, nincs ilyen szó a magyarban, nyomja meg a BAL kurzorbillentyűt.\n\nAz 'Ismerem a szót' döntés itt most ezt jelenti: találkoztam már vele, és van valami elképzelésem a jelentéséről is.  \n\nNyomjon meg bármilyen billentyűt a folytatáshoz."
40.4688	EXP	instruction_text1: font = "Arial"
40.4688	EXP	instruction_text1: color = {"_rgb":[1,1,1]}
40.4688	EXP	instruction_text1: contrast = 1
40.4688	EXP	instruction_text1: height = 0.05
40.4688	EXP	instruction_text1: bold = false
40.4688	EXP	instruction_text1: italic = false
40.4688	EXP	instruction_text1: alignHoriz = "left"
40.4688	EXP	instruction_text1: alignVert = "center"
40.4688	EXP	instruction_text1: wrapWidth = 1
40.4688	EXP	instruction_text1: flipHoriz = false
40.4688	EXP	instruction_text1: flipVert = false
40.4688	EXP	instruction_text2: units = "norm"
40.4688	EXP	instruction_text2: ori = 0
40.4688	EXP	instruction_text2: opacity = 1
40.4688	EXP	instruction_text2: pos = [0,0]
40.4688	EXP	instruction_text2: size = undefined
40.4688	EXP	instruction_text2: text = "Először két egyszerű példát mutatunk Önnek.\n\nAz első szó létezik a magyarban, és valószínűleg Ön is ismeri. Itt nyomja majd meg a jobb kurzorbillentyűt.\nA második szó nem létezik a magyar nyelvben. Itt nyomja majd meg a bal kurzorbillentyűt.\n\nFontos, hogy a jobb gombot a jobb kezével, a bal gombot a bal kezével nyomja, ha tudja, és ne egy kezét használja a kísérletben.\n\nNyomjon meg bármilyen gombot a folytatáshoz."
40.4688	EXP	instruction_text2: font = "Arial"
40.4688	EXP	instruction_text2: color = {"_hex":"#FFFFFF","_rgb":[1,1,1]}
40.4688	EXP	instruction_text2: contrast = 1
40.4688	EXP	instruction_text2: height = 0.05
40.4688	EXP	instruction_text2: bold = false
40.4688	EXP	instruction_text2: italic = false
40.4688	EXP	instruction_text2: alignHoriz = "left"
40.4688	EXP	instruction_text2: alignVert = "center"
40.4688	EXP	instruction_text2: wrapWidth = 1
40.4688	EXP	instruction_text2: flipHoriz = false
40.4688	EXP	instruction_text2: flipVert = false
40.4688	EXP	show_text: units = "norm"
40.4688	EXP	show_text: ori = 0
40.4688	EXP	show_text: opacity = 1
40.4688	EXP	show_text: pos = [0,0]
40.4688	EXP	show_text: size = undefined
40.4688	EXP	show_text: text = "asztal"
40.4688	EXP	show_text: font = "Arial"
40.4688	EXP	show_text: color = {"_hex":"#FFFFFF","_rgb":[1,1,1]}
40.4688	EXP	show_text: contrast = 1
40.4688	EXP	show_text: height = 0.2
40.4688	EXP	show_text: bold = false
40.4688	EXP	show_text: italic = false
40.4688	EXP	show_text: alignHoriz = "left"
40.4688	EXP	show_text: alignVert = "center"
40.4688	EXP	show_text: wrapWidth = 1
40.4688	EXP	show_text: flipHoriz = false
40.4688	EXP	show_text: flipVert = false
40.4688	EXP	text: units = "norm"
40.4688	EXP	text: ori = 0
40.4688	EXP	text: opacity = 1
40.4688	EXP	text: pos = [0,0]
40.4688	EXP	text: size = undefined
40.4688	EXP	text: text = "bzsmfsztal"
40.4688	EXP	text: font = "Arial"
40.4688	EXP	text: color = {"_hex":"#FFFFFF","_rgb":[1,1,1]}
40.4688	EXP	text: contrast = 1
40.4688	EXP	text: height = 0.2
40.4688	EXP	text: bold = false
40.4688	EXP	text: italic = false
40.4688	EXP	text: alignHoriz = "left"
40.4688	EXP	text: alignVert = "center"
40.4688	EXP	text: wrapWidth = 1
40.4688	EXP	text: flipHoriz = false
40.4688	EXP	text: flipVert = false
40.4688	EXP	instruction_text3: units = "norm"
40.4688	EXP	instruction_text3: ori = 0
40.4688	EXP	instruction_text3: opacity = 1
40.4688	EXP	instruction_text3: pos = [0,0]
40.4688	EXP	instruction_text3: size = undefined
40.4688	EXP	instruction_text3: text = "Pazar. Most kezdődik az igazi kísérlet. Néhány percig fog tartani. Nem kell nagyon sietnie, de igyekezzen gyorsan válaszolni.\n\nNe feledje, ha tudja, a jobb gombot a jobbkezével, a bal gombot a balkezével nyomja le.\n\nNyomjon meg bármilyen gombot a folytatáshoz."
40.4688	EXP	instruction_text3: font = "Arial"
40.4688	EXP	instruction_text3: color = {"_hex":"#FFFFFF","_rgb":[1,1,1]}
40.4688	EXP	instruction_text3: contrast = 1
40.4688	EXP	instruction_text3: height = 0.1
40.4688	EXP	instruction_text3: bold = false
40.4688	EXP	instruction_text3: italic = false
40.4688	EXP	instruction_text3: alignHoriz = "left"
40.4688	EXP	instruction_text3: alignVert = "center"
40.4688	EXP	instruction_text3: wrapWidth = 1
40.4688	EXP	instruction_text3: flipHoriz = false
40.4688	EXP	instruction_text3: flipVert = false
40.4688	EXP	szo_kiir: units = "norm"
40.4688	EXP	szo_kiir: ori = 0
40.4688	EXP	szo_kiir: opacity = 1
40.4688	EXP	szo_kiir: pos = [0,0]
40.4688	EXP	szo_kiir: size = undefined
40.4688	EXP	szo_kiir: text = "default text"
40.4688	EXP	szo_kiir: font = "Arial"
40.4688	EXP	szo_kiir: color = {"_hex":"#FFFFFF","_rgb":[1,1,1]}
40.4688	EXP	szo_kiir: contrast = 1
40.4688	EXP	szo_kiir: height = 0.2
40.4688	EXP	szo_kiir: bold = false
40.4688	EXP	szo_kiir: italic = false
40.4688	EXP	szo_kiir: alignHoriz = "left"
40.4688	EXP	szo_kiir: alignVert = "center"
40.4688	EXP	szo_kiir: wrapWidth = 1
40.4688	EXP	szo_kiir: flipHoriz = false
40.4688	EXP	szo_kiir: flipVert = false
40.4688	EXP	koszi_szoveg: units = "norm"
40.4688	EXP	koszi_szoveg: ori = 0
40.4688	EXP	koszi_szoveg: opacity = 1
40.4688	EXP	koszi_szoveg: pos = [0,0]
40.4688	EXP	koszi_szoveg: size = undefined
40.4688	EXP	koszi_szoveg: text = "Vége a kísérletnek. Köszönjük a részvételt!"
40.4688	EXP	koszi_szoveg: font = "arial"
40.4688	EXP	koszi_szoveg: color = {"_rgb":[1,1,1]}
40.4688	EXP	koszi_szoveg: contrast = 1
40.4688	EXP	koszi_szoveg: height = 0.1
40.4688	EXP	koszi_szoveg: bold = false
40.4688	EXP	koszi_szoveg: italic = false
40.4688	EXP	koszi_szoveg: alignHoriz = "left"
40.4688	EXP	koszi_szoveg: alignVert = "center"
40.4688	EXP	koszi_szoveg: wrapWidth = 1
40.4688	EXP	koszi_szoveg: flipHoriz = false
40.4688	EXP	koszi_szoveg: flipVert = false
40.4688	EXP	instruction_text1: autoDraw = true
194.0386	DATA	Keydown: ArrowRight
194.0729	EXP	instruction_text1: autoDraw = false
194.0729	EXP	instruction_text2: autoDraw = true
213.59990000000002	DATA	Keydown: ArrowRight
213.61530000000002	EXP	instruction_text2: autoDraw = false
214.13320000000002	EXP	show_text: autoDraw = true
215.14520000000002	DATA	Keydown: ArrowRight
215.15380000000002	EXP	show_text: autoDraw = false
215.67759999999998	EXP	text: autoDraw = true
217.26420000000002	DATA	Keydown: ArrowLeft
217.3012	EXP	text: autoDraw = false
217.3012	EXP	instruction_text3: autoDraw = true
233.5881	DATA	Keydown: ArrowRight
233.7467	EXP	instruction_text3: autoDraw = false
233.7467	EXP	szo_kiir: color = {"_rgb":[1,1,1]}
233.7467	EXP	szo_kiir: text = "ország"
234.2769	EXP	szo_kiir: autoDraw = true
235.2371	DATA	Keydown: ArrowRight
235.2527	EXP	szo_kiir: autoDraw = false
235.2527	EXP	szo_kiir: color = {"_rgb":[1,1,1]}
235.2527	EXP	szo_kiir: text = "posdótelő"
235.75580000000002	EXP	szo_kiir: autoDraw = true
239.4498	DATA	Keydown: ArrowLeft
239.50150000000002	EXP	szo_kiir: autoDraw = false
239.50150000000002	EXP	szo_kiir: color = {"_rgb":[1,1,1]}
239.50150000000002	EXP	szo_kiir: text = "cím"
240.01670000000001	EXP	szo_kiir: autoDraw = true
240.8536	DATA	Keydown: ArrowRight
240.8666	EXP	szo_kiir: autoDraw = false
240.8666	EXP	szo_kiir: color = {"_rgb":[1,1,1]}
240.8666	EXP	szo_kiir: text = "felján"
241.37400000000002	EXP	szo_kiir: autoDraw = true
243.7107	DATA	Keydown: ArrowLeft
243.75990000000002	EXP	szo_kiir: autoDraw = false
243.75990000000002	EXP	szo_kiir: color = {"_rgb":[1,1,1]}
243.75990000000002	EXP	szo_kiir: text = "király"
244.2771	EXP	szo_kiir: autoDraw = true
245.0363	DATA	Keydown: ArrowRight
245.0439	EXP	szo_kiir: autoDraw = false
245.0439	EXP	szo_kiir: color = {"_rgb":[1,1,1]}
245.0439	EXP	szo_kiir: text = "bolyodás"
245.56980000000001	EXP	szo_kiir: autoDraw = true
250.09490000000002	DATA	Keydown: ArrowLeft
250.1509	EXP	szo_kiir: autoDraw = false
250.1509	EXP	szo_kiir: color = {"_rgb":[1,1,1]}
250.1509	EXP	szo_kiir: text = "párt"
250.65980000000002	EXP	szo_kiir: autoDraw = true
252.1678	DATA	Keydown: ArrowRight
252.17890000000003	EXP	szo_kiir: autoDraw = false
252.17890000000003	EXP	szo_kiir: color = {"_rgb":[1,1,1]}
252.17890000000003	EXP	szo_kiir: text = "lokkolhat"
252.7036	EXP	szo_kiir: autoDraw = true
257.2331	DATA	Keydown: ArrowLeft
257.2852	EXP	szo_kiir: autoDraw = false
257.2852	EXP	szo_kiir: color = {"_rgb":[1,1,1]}
257.2852	EXP	szo_kiir: text = "változik"
257.79449999999997	EXP	szo_kiir: autoDraw = true
258.61449999999996	DATA	Keydown: ArrowRight
258.62829999999996	EXP	szo_kiir: autoDraw = false
258.62829999999996	EXP	szo_kiir: color = {"_rgb":[1,1,1]}
258.62829999999996	EXP	szo_kiir: text = "csomag"
259.14869999999996	EXP	szo_kiir: autoDraw = true
260.17409999999995	DATA	Keydown: ArrowRight
260.2091	EXP	szo_kiir: autoDraw = false
260.2091	EXP	szo_kiir: color = {"_rgb":[1,1,1]}
260.2091	EXP	szo_kiir: text = "vendég"
260.72339999999997	EXP	szo_kiir: autoDraw = true
261.74159999999995	DATA	Keydown: ArrowRight
261.7542	EXP	szo_kiir: autoDraw = false
261.7542	EXP	szo_kiir: color = {"_rgb":[1,1,1]}
261.7542	EXP	szo_kiir: text = "csomozdoni"
262.2716	EXP	szo_kiir: autoDraw = true
267.1045	DATA	Keydown: ArrowLeft
267.1287	EXP	szo_kiir: autoDraw = false
267.1287	EXP	szo_kiir: color = {"_rgb":[1,1,1]}
267.1287	EXP	szo_kiir: text = "kislány"
267.6357	EXP	szo_kiir: autoDraw = true
268.4753	DATA	Keydown: ArrowRight
268.488	EXP	szo_kiir: autoDraw = false
268.488	EXP	szo_kiir: color = {"_rgb":[1,1,1]}
268.488	EXP	szo_kiir: text = "kritikus"
269.0065	EXP	szo_kiir: autoDraw = true
270.22739999999993	DATA	Keydown: ArrowRight
270.26289999999994	EXP	szo_kiir: autoDraw = false
270.26289999999994	EXP	szo_kiir: color = {"_rgb":[1,1,1]}
270.26289999999994	EXP	szo_kiir: text = "krém"
270.78139999999996	EXP	szo_kiir: autoDraw = true
271.6462	DATA	Keydown: ArrowRight
271.66089999999997	EXP	szo_kiir: autoDraw = false
271.66089999999997	EXP	szo_kiir: color = {"_rgb":[1,1,1]}
271.66089999999997	EXP	szo_kiir: text = "jogosult"
272.1812	EXP	szo_kiir: autoDraw = true
273.2247	DATA	Keydown: ArrowRight
273.2695	EXP	szo_kiir: autoDraw = false
273.2695	EXP	szo_kiir: color = {"_rgb":[1,1,1]}
273.2695	EXP	szo_kiir: text = "indezget"
273.7847	EXP	szo_kiir: autoDraw = true
279.6357	DATA	Keydown: ArrowRight
279.6492	EXP	szo_kiir: autoDraw = false
279.6492	EXP	szo_kiir: color = {"_rgb":[1,1,1]}
279.6492	EXP	szo_kiir: text = "radikális"
280.17589999999995	EXP	szo_kiir: autoDraw = true
281.53929999999997	DATA	Keydown: ArrowRight
281.5528	EXP	szo_kiir: autoDraw = false
281.5528	EXP	szo_kiir: color = {"_rgb":[1,1,1]}
281.5528	EXP	szo_kiir: text = "rock"
282.0552	EXP	szo_kiir: autoDraw = true
282.92789999999996	DATA	Keydown: ArrowRight
282.9612	EXP	szo_kiir: autoDraw = false
282.9612	EXP	szo_kiir: color = {"_rgb":[1,1,1]}
282.9612	EXP	szo_kiir: text = "szalas"
283.47709999999995	EXP	szo_kiir: autoDraw = true
289.29339999999996	DATA	Keydown: ArrowLeft
289.3051	EXP	szo_kiir: autoDraw = false
289.3051	EXP	szo_kiir: color = {"_rgb":[1,1,1]}
289.3051	EXP	szo_kiir: text = "rák"
289.82779999999996	EXP	szo_kiir: autoDraw = true
290.76529999999996	DATA	Keydown: ArrowRight
290.79189999999994	EXP	szo_kiir: autoDraw = false
290.79189999999994	EXP	szo_kiir: color = {"_rgb":[1,1,1]}
290.79189999999994	EXP	szo_kiir: text = "színpad"
291.31629999999995	EXP	szo_kiir: autoDraw = true
292.2062	DATA	Keydown: ArrowRight
292.21529999999995	EXP	szo_kiir: autoDraw = false
292.21529999999995	EXP	szo_kiir: color = {"_rgb":[1,1,1]}
292.21529999999995	EXP	szo_kiir: text = "vád"
292.73639999999994	EXP	szo_kiir: autoDraw = true
293.739	DATA	Keydown: ArrowRight
293.7895	EXP	szo_kiir: autoDraw = false
293.7895	EXP	szo_kiir: color = {"_rgb":[1,1,1]}
293.7895	EXP	szo_kiir: text = "majozárói"
294.3075	EXP	szo_kiir: autoDraw = true
301.577	DATA	Keydown: ArrowLeft
301.5867	EXP	szo_kiir: autoDraw = false
301.5867	EXP	szo_kiir: color = {"_rgb":[1,1,1]}
301.5867	EXP	szo_kiir: text = "naptár"
302.09479999999996	EXP	szo_kiir: autoDraw = true
302.91389999999995	DATA	Keydown: ArrowRight
302.9425	EXP	szo_kiir: autoDraw = false
302.9425	EXP	szo_kiir: color = {"_rgb":[1,1,1]}
302.9425	EXP	szo_kiir: text = "szomszéd"
303.461	EXP	szo_kiir: autoDraw = true
304.34499999999997	DATA	Keydown: ArrowRight
304.3601	EXP	szo_kiir: autoDraw = false
304.3601	EXP	szo_kiir: color = {"_rgb":[1,1,1]}
304.3601	EXP	szo_kiir: text = "turné"
304.8671	EXP	szo_kiir: autoDraw = true
305.92089999999996	DATA	Keydown: ArrowRight
305.95579999999995	EXP	szo_kiir: autoDraw = false
305.95579999999995	EXP	szo_kiir: color = {"_rgb":[1,1,1]}
305.95579999999995	EXP	szo_kiir: text = "törődik"
306.47189999999994	EXP	szo_kiir: autoDraw = true
307.7596	DATA	Keydown: ArrowRight
307.771	EXP	szo_kiir: autoDraw = false
307.771	EXP	szo_kiir: color = {"_rgb":[1,1,1]}
307.771	EXP	szo_kiir: text = "tévhit"
308.28909999999996	EXP	szo_kiir: autoDraw = true
309.2091	DATA	Keydown: ArrowRight
309.246	EXP	szo_kiir: autoDraw = false
309.246	EXP	szo_kiir: color = {"_rgb":[1,1,1]}
309.246	EXP	szo_kiir: text = "aszimmetrikus"
309.76439999999996	EXP	szo_kiir: autoDraw = true
311.0823	DATA	Keydown: ArrowRight
311.09409999999997	EXP	szo_kiir: autoDraw = false
311.09409999999997	EXP	szo_kiir: color = {"_rgb":[1,1,1]}
311.09409999999997	EXP	szo_kiir: text = "hierarchikus"
311.5961	EXP	szo_kiir: autoDraw = true
313.13599999999996	DATA	Keydown: ArrowRight
313.16439999999994	EXP	szo_kiir: autoDraw = false
313.16439999999994	EXP	szo_kiir: color = {"_rgb":[1,1,1]}
313.16439999999994	EXP	szo_kiir: text = "osztozik"
313.68589999999994	EXP	szo_kiir: autoDraw = true
314.9742	DATA	Keydown: ArrowRight
314.98720000000003	EXP	szo_kiir: autoDraw = false
314.98720000000003	EXP	szo_kiir: color = {"_rgb":[1,1,1]}
314.98720000000003	EXP	szo_kiir: text = "léptelegy"
315.4947	EXP	szo_kiir: autoDraw = true
318.3648	DATA	Keydown: ArrowLeft
318.39820000000003	EXP	szo_kiir: autoDraw = false
318.39820000000003	EXP	szo_kiir: color = {"_rgb":[1,1,1]}
318.39820000000003	EXP	szo_kiir: text = "oldalmi"
318.92109999999996	EXP	szo_kiir: autoDraw = true
322.3819	DATA	Keydown: ArrowLeft
322.39329999999995	EXP	szo_kiir: autoDraw = false
322.39329999999995	EXP	szo_kiir: color = {"_rgb":[1,1,1]}
322.39329999999995	EXP	szo_kiir: text = "végbél"
322.91429999999997	EXP	szo_kiir: autoDraw = true
323.73	DATA	Keydown: ArrowRight
323.7557	EXP	szo_kiir: autoDraw = false
323.7557	EXP	szo_kiir: color = {"_rgb":[1,1,1]}
323.7557	EXP	szo_kiir: text = "storítő"
324.2797	EXP	szo_kiir: autoDraw = true
328.4927	DATA	Keydown: ArrowLeft
328.5047	EXP	szo_kiir: autoDraw = false
328.5047	EXP	szo_kiir: color = {"_rgb":[1,1,1]}
328.5047	EXP	szo_kiir: text = "ion"
329.0247	EXP	szo_kiir: autoDraw = true
330.3073	DATA	Keydown: ArrowRight
330.33739999999994	EXP	szo_kiir: autoDraw = false
330.33739999999994	EXP	szo_kiir: color = {"_rgb":[1,1,1]}
330.33739999999994	EXP	szo_kiir: text = "balji"
330.84499999999997	EXP	szo_kiir: autoDraw = true
333.58779999999996	DATA	Keydown: ArrowLeft
333.601	EXP	szo_kiir: autoDraw = false
333.601	EXP	szo_kiir: color = {"_rgb":[1,1,1]}
333.601	EXP	szo_kiir: text = "gráf"
334.12139999999993	EXP	szo_kiir: autoDraw = true
334.9467	DATA	Keydown: ArrowRight
335.00059999999996	EXP	szo_kiir: autoDraw = false
335.00059999999996	EXP	szo_kiir: color = {"_rgb":[1,1,1]}
335.00059999999996	EXP	szo_kiir: text = "attyűködő"
335.5121	EXP	szo_kiir: autoDraw = true
340.1248	DATA	Keydown: ArrowLeft
340.1353	EXP	szo_kiir: autoDraw = false
340.1353	EXP	szo_kiir: color = {"_rgb":[1,1,1]}
340.1353	EXP	szo_kiir: text = "szótag"
340.6582	EXP	szo_kiir: autoDraw = true
341.39279999999996	DATA	Keydown: ArrowRight
341.42939999999993	EXP	szo_kiir: autoDraw = false
341.42939999999993	EXP	szo_kiir: color = {"_rgb":[1,1,1]}
341.42939999999993	EXP	szo_kiir: text = "teríték"
341.9462	EXP	szo_kiir: autoDraw = true
342.9665	DATA	Keydown: ArrowRight
342.9762	EXP	szo_kiir: autoDraw = false
342.9762	EXP	szo_kiir: color = {"_rgb":[1,1,1]}
342.9762	EXP	szo_kiir: text = "nagydíj"
343.49189999999993	EXP	szo_kiir: autoDraw = true
345.29839999999995	DATA	Keydown: ArrowRight
345.3255	EXP	szo_kiir: autoDraw = false
345.3255	EXP	szo_kiir: color = {"_rgb":[1,1,1]}
345.3255	EXP	szo_kiir: text = "szokik"
345.8318	EXP	szo_kiir: autoDraw = true
349.365	DATA	Keydown: ArrowLeft
349.37539999999995	EXP	szo_kiir: autoDraw = false
349.37539999999995	EXP	szo_kiir: color = {"_rgb":[1,1,1]}
349.37539999999995	EXP	szo_kiir: text = "altet"
349.9025	EXP	szo_kiir: autoDraw = true
352.3012	DATA	Keydown: ArrowLeft
352.3143	EXP	szo_kiir: autoDraw = false
352.3143	EXP	szo_kiir: color = {"_rgb":[1,1,1]}
352.3143	EXP	szo_kiir: text = "tábornagy"
352.8225	EXP	szo_kiir: autoDraw = true
353.90759999999994	DATA	Keydown: ArrowRight
353.9452	EXP	szo_kiir: autoDraw = false
353.9452	EXP	szo_kiir: color = {"_rgb":[1,1,1]}
353.9452	EXP	szo_kiir: text = "nagyfejedelem"
354.45439999999996	EXP	szo_kiir: autoDraw = true
356.04449999999997	DATA	Keydown: ArrowRight
356.0571	EXP	szo_kiir: autoDraw = false
356.0571	EXP	szo_kiir: color = {"_rgb":[1,1,1]}
356.0571	EXP	szo_kiir: text = "vegyesbolt"
356.56059999999996	EXP	szo_kiir: autoDraw = true
357.6654	DATA	Keydown: ArrowRight
357.68649999999996	EXP	szo_kiir: autoDraw = false
357.68649999999996	EXP	szo_kiir: color = {"_rgb":[1,1,1]}
357.68649999999996	EXP	szo_kiir: text = "tincs"
358.20489999999995	EXP	szo_kiir: autoDraw = true
359.6516	DATA	Keydown: ArrowRight
359.6667	EXP	szo_kiir: autoDraw = false
359.6667	EXP	szo_kiir: color = {"_rgb":[1,1,1]}
359.6667	EXP	szo_kiir: text = "kétágú"
360.1928	EXP	szo_kiir: autoDraw = true
361.80989999999997	DATA	Keydown: ArrowRight
361.83089999999993	EXP	szo_kiir: autoDraw = false
361.83089999999993	EXP	szo_kiir: color = {"_rgb":[1,1,1]}
361.83089999999993	EXP	szo_kiir: text = "tanácskozik"
362.3485	EXP	szo_kiir: autoDraw = true
363.26809999999994	DATA	Keydown: ArrowRight
363.27729999999996	EXP	szo_kiir: autoDraw = false
363.27729999999996	EXP	szo_kiir: color = {"_rgb":[1,1,1]}
363.27729999999996	EXP	szo_kiir: text = "fotoszintetikus"
363.7953	EXP	szo_kiir: autoDraw = true
365.3726	DATA	Keydown: ArrowRight
365.39189999999996	EXP	szo_kiir: autoDraw = false
365.39189999999996	EXP	szo_kiir: color = {"_rgb":[1,1,1]}
365.39189999999996	EXP	szo_kiir: text = "ezredmásodperc"
365.9059	EXP	szo_kiir: autoDraw = true
367.21070000000003	DATA	Keydown: ArrowRight
367.221	EXP	szo_kiir: autoDraw = false
367.221	EXP	szo_kiir: color = {"_rgb":[1,1,1]}
367.221	EXP	szo_kiir: text = "ivarsejt"
367.74159999999995	EXP	szo_kiir: autoDraw = true
368.6294	DATA	Keydown: ArrowRight
368.6652	EXP	szo_kiir: autoDraw = false
368.6652	EXP	szo_kiir: color = {"_rgb":[1,1,1]}
368.6652	EXP	szo_kiir: text = "forróvérű"
369.1765	EXP	szo_kiir: autoDraw = true
370.7018	DATA	Keydown: ArrowRight
370.7157	EXP	szo_kiir: autoDraw = false
370.7157	EXP	szo_kiir: color = {"_rgb":[1,1,1]}
370.7157	EXP	szo_kiir: text = "renderzia"
371.23089999999996	EXP	szo_kiir: autoDraw = true
375.2272	DATA	Keydown: ArrowLeft
375.25339999999994	EXP	szo_kiir: autoDraw = false
375.25339999999994	EXP	szo_kiir: color = {"_rgb":[1,1,1]}
375.25339999999994	EXP	szo_kiir: text = "gézengúz"
375.78139999999996	EXP	szo_kiir: autoDraw = true
378.171	DATA	Keydown: ArrowRight
378.1802	EXP	szo_kiir: autoDraw = false
378.1802	EXP	szo_kiir: color = {"_rgb":[1,1,1]}
378.1802	EXP	szo_kiir: text = "avonaliba"
378.7016	EXP	szo_kiir: autoDraw = true
380.97489999999993	DATA	Keydown: ArrowLeft
381.0046	EXP	szo_kiir: autoDraw = false
381.0046	EXP	szo_kiir: color = {"_rgb":[1,1,1]}
381.0046	EXP	szo_kiir: text = "irracionalizmus"
381.5218	EXP	szo_kiir: autoDraw = true
382.9685	DATA	Keydown: ArrowRight
382.9785	EXP	szo_kiir: autoDraw = false
382.9785	EXP	szo_kiir: color = {"_rgb":[1,1,1]}
382.9785	EXP	szo_kiir: text = "kollapszus"
383.4942	EXP	szo_kiir: autoDraw = true
386.9755	DATA	Keydown: ArrowLeft
386.98789999999996	EXP	szo_kiir: autoDraw = false
386.98789999999996	EXP	szo_kiir: color = {"_rgb":[1,1,1]}
386.98789999999996	EXP	szo_kiir: text = "analizál"
387.5091	EXP	szo_kiir: autoDraw = true
388.64089999999993	DATA	Keydown: ArrowRight
388.66659999999996	EXP	szo_kiir: autoDraw = false
388.66659999999996	EXP	szo_kiir: color = {"_rgb":[1,1,1]}
388.66659999999996	EXP	szo_kiir: text = "elegy"
389.1757	EXP	szo_kiir: autoDraw = true
390.29889999999994	DATA	Keydown: ArrowRight
390.3102	EXP	szo_kiir: autoDraw = false
390.3102	EXP	szo_kiir: color = {"_rgb":[1,1,1]}
390.3102	EXP	szo_kiir: text = "szódabikarbonát"
390.83389999999997	EXP	szo_kiir: autoDraw = true
397.3631	DATA	Keydown: ArrowRight
397.3863	EXP	szo_kiir: autoDraw = false
397.3863	EXP	szo_kiir: color = {"_rgb":[1,1,1]}
397.3863	EXP	szo_kiir: text = "akarózik"
397.9027	EXP	szo_kiir: autoDraw = true
400.72929999999996	DATA	Keydown: ArrowRight
400.7381	EXP	szo_kiir: autoDraw = false
400.7381	EXP	szo_kiir: color = {"_rgb":[1,1,1]}
400.7381	EXP	szo_kiir: text = "konföderatív"
401.2565	EXP	szo_kiir: autoDraw = true
403.9117	DATA	Keydown: ArrowRight
403.94139999999993	EXP	szo_kiir: autoDraw = false
403.94139999999993	EXP	szo_kiir: color = {"_rgb":[1,1,1]}
403.94139999999993	EXP	szo_kiir: text = "barlódiurné"
404.4677	EXP	szo_kiir: autoDraw = true
408.76489999999995	DATA	Keydown: ArrowLeft
408.77509999999995	EXP	szo_kiir: autoDraw = false
408.77509999999995	EXP	szo_kiir: color = {"_rgb":[1,1,1]}
408.77509999999995	EXP	szo_kiir: text = "csőszház"
409.29789999999997	EXP	szo_kiir: autoDraw = true
410.83820000000003	DATA	Keydown: ArrowRight
410.87359999999995	EXP	szo_kiir: autoDraw = false
410.87359999999995	EXP	szo_kiir: color = {"_rgb":[1,1,1]}
410.87359999999995	EXP	szo_kiir: text = "lapockacsont"
411.38059999999996	EXP	szo_kiir: autoDraw = true
413.3877	DATA	Keydown: ArrowRight
413.4018	EXP	szo_kiir: autoDraw = false
413.4018	EXP	szo_kiir: color = {"_rgb":[1,1,1]}
413.4018	EXP	szo_kiir: text = "spratika"
413.92139999999995	EXP	szo_kiir: autoDraw = true
417.5285	DATA	Keydown: ArrowLeft
417.5605	EXP	szo_kiir: autoDraw = false
417.5605	EXP	szo_kiir: color = {"_rgb":[1,1,1]}
417.5605	EXP	szo_kiir: text = "repedtfazék"
418.0859	EXP	szo_kiir: autoDraw = true
422.86449999999996	DATA	Keydown: ArrowRight
422.87589999999994	EXP	szo_kiir: autoDraw = false
422.87589999999994	EXP	szo_kiir: color = {"_rgb":[1,1,1]}
422.87589999999994	EXP	szo_kiir: text = "kvéker"
423.38329999999996	EXP	szo_kiir: autoDraw = true
428.02909999999997	DATA	Keydown: ArrowLeft
428.0415	EXP	szo_kiir: autoDraw = false
428.0415	EXP	szo_kiir: color = {"_rgb":[1,1,1]}
428.0415	EXP	szo_kiir: text = "kontlás"
428.5635	EXP	szo_kiir: autoDraw = true
430.09659999999996	DATA	Keydown: ArrowRight
430.1103	EXP	szo_kiir: autoDraw = false
430.1103	EXP	szo_kiir: color = {"_rgb":[1,1,1]}
430.1103	EXP	szo_kiir: text = "retálhit"
430.6127	EXP	szo_kiir: autoDraw = true
434.1466	DATA	Keydown: ArrowRight
434.179	EXP	szo_kiir: autoDraw = false
434.179	EXP	szo_kiir: color = {"_rgb":[1,1,1]}
434.179	EXP	szo_kiir: text = "lumpenproletariátus"
434.6975	EXP	szo_kiir: autoDraw = true
440.6752	DATA	Keydown: ArrowRight
440.6875	EXP	szo_kiir: autoDraw = false
440.6875	EXP	szo_kiir: color = {"_rgb":[1,1,1]}
440.6875	EXP	szo_kiir: text = "hullong"
441.2066	EXP	szo_kiir: autoDraw = true
443.788	DATA	Keydown: ArrowRight
443.8165	EXP	szo_kiir: autoDraw = false
443.8165	EXP	szo_kiir: color = {"_rgb":[1,1,1]}
443.8165	EXP	szo_kiir: text = "kúpol"
444.33	EXP	szo_kiir: autoDraw = true
446.4418	DATA	Keydown: ArrowRight
446.4523	EXP	szo_kiir: autoDraw = false
446.4523	EXP	szo_kiir: color = {"_rgb":[1,1,1]}
446.4523	EXP	szo_kiir: text = "áruszállítmány"
446.97979999999995	EXP	szo_kiir: autoDraw = true
448.4642	DATA	Keydown: ArrowRight
448.4987	EXP	szo_kiir: autoDraw = false
448.4987	EXP	szo_kiir: color = {"_rgb":[1,1,1]}
448.4987	EXP	szo_kiir: text = "csöndesedik"
449.0105	EXP	szo_kiir: autoDraw = true
451.9231	DATA	Keydown: ArrowRight
451.9323	EXP	szo_kiir: autoDraw = false
451.9323	EXP	szo_kiir: color = {"_rgb":[1,1,1]}
451.9323	EXP	szo_kiir: text = "hangyabogáncs"
452.45089999999993	EXP	szo_kiir: autoDraw = true
455.3298	DATA	Keydown: ArrowRight
455.364	EXP	szo_kiir: autoDraw = false
455.364	EXP	szo_kiir: color = {"_rgb":[1,1,1]}
455.364	EXP	szo_kiir: text = "engedetlenkedik"
455.88309999999995	EXP	szo_kiir: autoDraw = true
458.7233	DATA	Keydown: ArrowRight
458.7342	EXP	szo_kiir: autoDraw = false
458.7342	EXP	szo_kiir: color = {"_rgb":[1,1,1]}
458.7342	EXP	szo_kiir: text = "csenyei"
459.2527	EXP	szo_kiir: autoDraw = true
462.1765	DATA	Keydown: ArrowRight
462.19259999999997	EXP	szo_kiir: autoDraw = false
462.19259999999997	EXP	szo_kiir: color = {"_rgb":[1,1,1]}
462.19259999999997	EXP	szo_kiir: text = "szedelődzködik"
462.71009999999995	EXP	szo_kiir: autoDraw = true
464.15729999999996	DATA	Keydown: ArrowRight
464.18789999999995	EXP	szo_kiir: autoDraw = false
464.18789999999995	EXP	szo_kiir: color = {"_rgb":[1,1,1]}
464.18789999999995	EXP	szo_kiir: text = "evakuál"
464.7036	EXP	szo_kiir: autoDraw = true
466.4115	DATA	Keydown: ArrowRight
466.4207	EXP	szo_kiir: autoDraw = false
466.4207	EXP	szo_kiir: color = {"_rgb":[1,1,1]}
466.4207	EXP	szo_kiir: text = "bolondoz"
466.9401	EXP	szo_kiir: autoDraw = true
468.2922	DATA	Keydown: ArrowRight
468.32359999999994	EXP	szo_kiir: autoDraw = false
468.32359999999994	EXP	szo_kiir: color = {"_rgb":[1,1,1]}
468.32359999999994	EXP	szo_kiir: text = "türemlik"
468.83	EXP	szo_kiir: autoDraw = true
469.83570000000003	DATA	Keydown: ArrowRight
469.846	EXP	szo_kiir: autoDraw = false
469.846	EXP	szo_kiir: color = {"_rgb":[1,1,1]}
469.846	EXP	szo_kiir: text = "tömődékhet"
470.3631	EXP	szo_kiir: autoDraw = true
474.882	DATA	Keydown: ArrowLeft
474.9062	EXP	szo_kiir: autoDraw = false
474.9062	EXP	szo_kiir: color = {"_rgb":[1,1,1]}
474.9062	EXP	szo_kiir: text = "orvatható"
475.4307	EXP	szo_kiir: autoDraw = true
479.67139999999995	DATA	Keydown: ArrowLeft
479.6857	EXP	szo_kiir: autoDraw = false
479.6857	EXP	szo_kiir: color = {"_rgb":[1,1,1]}
479.6857	EXP	szo_kiir: text = "homeomorfizmus"
480.19559999999995	EXP	szo_kiir: autoDraw = true
485.6717	DATA	Keydown: ArrowLeft
485.68399999999997	EXP	szo_kiir: autoDraw = false
485.68399999999997	EXP	szo_kiir: color = {"_rgb":[1,1,1]}
485.68399999999997	EXP	szo_kiir: text = "hecsedlilekvár"
486.2045	EXP	szo_kiir: autoDraw = true
494.72939999999994	DATA	Keydown: ArrowLeft
494.741	EXP	szo_kiir: autoDraw = false
494.741	EXP	szo_kiir: color = {"_rgb":[1,1,1]}
494.741	EXP	szo_kiir: text = "lakotthely"
495.2623	EXP	szo_kiir: autoDraw = true
497.6901	DATA	Keydown: ArrowRight
497.72479999999996	EXP	szo_kiir: autoDraw = false
497.72479999999996	EXP	szo_kiir: color = {"_rgb":[1,1,1]}
497.72479999999996	EXP	szo_kiir: text = "áradmány"
498.2329	EXP	szo_kiir: autoDraw = true
501.49309999999997	DATA	Keydown: ArrowRight
501.5066	EXP	szo_kiir: autoDraw = false
501.5066	EXP	szo_kiir: color = {"_rgb":[1,1,1]}
501.5066	EXP	szo_kiir: text = "magmatit"
502.02739999999994	EXP	szo_kiir: autoDraw = true
505.05809999999996	DATA	Keydown: ArrowRight
505.0747	EXP	szo_kiir: autoDraw = false
505.0747	EXP	szo_kiir: color = {"_rgb":[1,1,1]}
505.0747	EXP	szo_kiir: text = "aragas"
505.5867	EXP	szo_kiir: autoDraw = true
509.5463	DATA	Keydown: ArrowRight
509.5607	EXP	szo_kiir: autoDraw = false
509.5607	EXP	szo_kiir: color = {"_rgb":[1,1,1]}
509.5607	EXP	szo_kiir: text = "fogózkodik"
510.08009999999996	EXP	szo_kiir: autoDraw = true
512.0092	DATA	Keydown: ArrowRight
512.0170999999999	EXP	szo_kiir: autoDraw = false
512.0170999999999	EXP	szo_kiir: color = {"_rgb":[1,1,1]}
512.0170999999999	EXP	szo_kiir: text = "jégkárosult"
512.5400999999999	EXP	szo_kiir: autoDraw = true
514.632	DATA	Keydown: ArrowRight
514.6708	EXP	szo_kiir: autoDraw = false
514.6708	EXP	szo_kiir: color = {"_rgb":[1,1,1]}
514.6708	EXP	szo_kiir: text = "víker"
515.1972	EXP	szo_kiir: autoDraw = true
518.4244	DATA	Keydown: ArrowLeft
518.4326	EXP	szo_kiir: autoDraw = false
518.4326	EXP	szo_kiir: color = {"_rgb":[1,1,1]}
518.4326	EXP	szo_kiir: text = "heherész"
518.9567	EXP	szo_kiir: autoDraw = true
520.3656	DATA	Keydown: ArrowRight
520.3868	EXP	szo_kiir: autoDraw = false
520.3868	EXP	szo_kiir: color = {"_rgb":[1,1,1]}
520.3868	EXP	szo_kiir: text = "irtókert"
520.9117	EXP	szo_kiir: autoDraw = true
524.8023999999999	DATA	Keydown: ArrowRight
524.8156	EXP	szo_kiir: autoDraw = false
524.8156	EXP	szo_kiir: color = {"_rgb":[1,1,1]}
524.8156	EXP	szo_kiir: text = "kétvonalú"
525.3192	EXP	szo_kiir: autoDraw = true
526.5422	DATA	Keydown: ArrowRight
526.5538	EXP	szo_kiir: autoDraw = false
526.5538	EXP	szo_kiir: color = {"_rgb":[1,1,1]}
526.5538	EXP	szo_kiir: text = "feltupíroz"
527.0561	EXP	szo_kiir: autoDraw = true
529.9159999999999	DATA	Keydown: ArrowRight
529.9404999999999	EXP	szo_kiir: autoDraw = false
529.9404999999999	EXP	szo_kiir: color = {"_rgb":[1,1,1]}
529.9404999999999	EXP	szo_kiir: text = "szervusz"
530.453	EXP	szo_kiir: autoDraw = true
531.5588	DATA	Keydown: ArrowRight
531.5689	EXP	szo_kiir: autoDraw = false
531.5689	EXP	szo_kiir: color = {"_rgb":[1,1,1]}
531.5689	EXP	szo_kiir: text = "elcsigázódik"
532.0864999999999	EXP	szo_kiir: autoDraw = true
535.6841000000001	DATA	Keydown: ArrowLeft
535.6946	EXP	szo_kiir: autoDraw = false
535.6946	EXP	szo_kiir: color = {"_rgb":[1,1,1]}
535.6946	EXP	szo_kiir: text = "transzplantál"
536.2169	EXP	szo_kiir: autoDraw = true
539.7773	DATA	Keydown: ArrowLeft
539.7879999999999	EXP	szo_kiir: autoDraw = false
539.7879999999999	EXP	szo_kiir: color = {"_rgb":[1,1,1]}
539.7879999999999	EXP	szo_kiir: text = "klímatérkép"
540.3054	EXP	szo_kiir: autoDraw = true
541.3989999999999	DATA	Keydown: ArrowRight
541.4356	EXP	szo_kiir: autoDraw = false
541.4356	EXP	szo_kiir: color = {"_rgb":[1,1,1]}
541.4356	EXP	szo_kiir: text = "polcol"
541.9457	EXP	szo_kiir: autoDraw = true
544.3557	DATA	Keydown: ArrowRight
544.3648	EXP	szo_kiir: autoDraw = false
544.3648	EXP	szo_kiir: color = {"_rgb":[1,1,1]}
544.3648	EXP	szo_kiir: text = "tilitálós"
544.8747	EXP	szo_kiir: autoDraw = true
547.6818	DATA	Keydown: ArrowLeft
547.708	EXP	szo_kiir: autoDraw = false
547.708	EXP	szo_kiir: color = {"_rgb":[1,1,1]}
547.708	EXP	szo_kiir: text = "antra"
548.2307	EXP	szo_kiir: autoDraw = true
550.1729999999999	DATA	Keydown: ArrowLeft
550.1804	EXP	szo_kiir: autoDraw = false
550.1804	EXP	szo_kiir: color = {"_rgb":[1,1,1]}
550.1804	EXP	szo_kiir: text = "utálkodik"
550.6979	EXP	szo_kiir: autoDraw = true
553.3643	DATA	Keydown: ArrowLeft
553.3707	EXP	szo_kiir: autoDraw = false
553.3707	EXP	szo_kiir: color = {"_rgb":[1,1,1]}
553.3707	EXP	szo_kiir: text = "desszertestál"
553.8973	EXP	szo_kiir: autoDraw = true
556.4975	DATA	Keydown: ArrowRight
556.5221	EXP	szo_kiir: autoDraw = false
556.5221	EXP	szo_kiir: color = {"_rgb":[1,1,1]}
556.5221	EXP	szo_kiir: text = "oktalankodik"
557.0337	EXP	szo_kiir: autoDraw = true
560.2882999999999	DATA	Keydown: ArrowRight
560.3054	EXP	szo_kiir: autoDraw = false
560.3054	EXP	szo_kiir: color = {"_rgb":[1,1,1]}
560.3054	EXP	szo_kiir: text = "lazúroz"
560.8249999999999	EXP	szo_kiir: autoDraw = true
563.9032	DATA	Keydown: ArrowLeft
563.9164999999999	EXP	szo_kiir: autoDraw = false
563.9164999999999	EXP	szo_kiir: color = {"_rgb":[1,1,1]}
563.9164999999999	EXP	szo_kiir: text = "inspekcióz"
564.438	EXP	szo_kiir: autoDraw = true
568.8269999999999	DATA	Keydown: ArrowRight
568.8533	EXP	szo_kiir: autoDraw = false
568.8533	EXP	szo_kiir: color = {"_rgb":[1,1,1]}
568.8533	EXP	szo_kiir: text = "svábtök"
569.3664	EXP	szo_kiir: autoDraw = true
572.8236	DATA	Keydown: ArrowRight
572.8376000000001	EXP	szo_kiir: autoDraw = false
572.8376000000001	EXP	szo_kiir: color = {"_rgb":[1,1,1]}
572.8376000000001	EXP	szo_kiir: text = "beszittyózik"
573.3552999999999	EXP	szo_kiir: autoDraw = true
575.5826000000001	DATA	Keydown: ArrowRight
575.6016000000001	EXP	szo_kiir: autoDraw = false
575.6016000000001	EXP	koszi_szoveg: autoDraw = true
