0.13007500000003347	EXP	Created Window = Window( name=Window, fullscr=true, color=#000000, units=norm, waitBlanking=true, autoLog=true, size=[1536,722] )
2.550575000000208	DATA	Keydown: 2
2.903360000000248	DATA	Keydown: 3
3.1198649999996633	DATA	Keydown: 3
3.3438599999999497	DATA	Keydown: 6
4.568334999999934	DATA	Keydown: Tab
5.335675000000265	DATA	Keydown: 1
5.489274999999907	DATA	Keydown: 9
5.683885000000373	DATA	Keydown: 9
6.481525000000147	DATA	Keydown: 6
8.195660000000316	DATA	Keydown: .
8.445134999999937	DATA	Keydown: 0
8.582175000000461	DATA	Keydown: 5
8.797419999999875	DATA	Keydown: .
9.044944999999643	DATA	Keydown: 2
9.178149999999732	DATA	Keydown: 9
9.482654999999795	DATA	Keydown: .
13.795100000000275	DATA	Keydown: 1
13.99568999999974	DATA	Keydown: 9
14.191179999999804	DATA	Keydown: 9
14.409255000000485	DATA	Keydown: 6
18.00684000000001	DATA	Keydown: 1
18.08688499999971	DATA	Keydown: 2
60.12241999999969	EXP	Created instruction_text1 = TextStim( name=instruction_text1, win=Window( name=Window, fullscr=true, color=#000000, ~), autoDraw=null, autoLog=true, units=norm, ori=null, opacity=1, pos=[0,0], size=undefined, text=Ön most szavakat fog látni.

Ezek között lesznek o~, font=Arial, color=#ffffff, contrast=1, height=0.05, bold=null, italic=null, alignHoriz=left, alignVert=center, wrapWidth=1, flipHoriz=null, flipVert=null )
60.125544999999875	EXP	Created instruction_text2 = TextStim( name=instruction_text2, win=Window( name=Window, fullscr=true, color=#000000, ~), autoDraw=null, autoLog=true, units=norm, ori=null, opacity=1, pos=[0,0], size=undefined, text=Először két egyszerű példát mutatunk Önnek.

Az el~, font=Arial, color=#FFFFFF, contrast=1, height=0.05, bold=null, italic=null, alignHoriz=left, alignVert=center, wrapWidth=1, flipHoriz=null, flipVert=null )
60.1275999999998	EXP	Created show_text = TextStim( name=show_text, win=Window( name=Window, fullscr=true, color=#000000, ~), autoDraw=null, autoLog=true, units=norm, ori=null, opacity=1, pos=[0,0], size=undefined, text=asztal, font=Arial, color=#FFFFFF, contrast=1, height=0.2, bold=null, italic=null, alignHoriz=left, alignVert=center, wrapWidth=1, flipHoriz=null, flipVert=null )
60.129329999999754	EXP	Created text = TextStim( name=text, win=Window( name=Window, fullscr=true, color=#000000, ~), autoDraw=null, autoLog=true, units=norm, ori=null, opacity=1, pos=[0,0], size=undefined, text=bzsmfsztal, font=Arial, color=#FFFFFF, contrast=1, height=0.2, bold=null, italic=null, alignHoriz=left, alignVert=center, wrapWidth=1, flipHoriz=null, flipVert=null )
60.14046000000053	EXP	Created instruction_text3 = TextStim( name=instruction_text3, win=Window( name=Window, fullscr=true, color=#000000, ~), autoDraw=null, autoLog=true, units=norm, ori=null, opacity=1, pos=[0,0], size=undefined, text=Pazar. Most kezdődik az igazi kísérlet. Néhány per~, font=Arial, color=#FFFFFF, contrast=1, height=0.1, bold=null, italic=null, alignHoriz=left, alignVert=center, wrapWidth=1, flipHoriz=null, flipVert=null )
60.14173000000028	EXP	Created szo_kiir = TextStim( name=szo_kiir, win=Window( name=Window, fullscr=true, color=#000000, ~), autoDraw=null, autoLog=true, units=norm, ori=null, opacity=1, pos=[0,0], size=undefined, text=default text, font=Arial, color=#FFFFFF, contrast=1, height=0.2, bold=null, italic=null, alignHoriz=left, alignVert=center, wrapWidth=1, flipHoriz=null, flipVert=null )
60.17191999999977	EXP	Created koszi_szoveg = TextStim( name=koszi_szoveg, win=Window( name=Window, fullscr=true, color=#000000, ~), autoDraw=null, autoLog=true, units=norm, ori=null, opacity=1, pos=[0,0], size=undefined, text=Vége a kísérletnek. Köszönjük a részvételt!, font=arial, color=#ffffff, contrast=1, height=0.1, bold=null, italic=null, alignHoriz=left, alignVert=center, wrapWidth=1, flipHoriz=null, flipVert=null )
60.281834999999774	EXP	instruction_text1: units = "norm"
60.281834999999774	EXP	instruction_text1: ori = 0
60.281834999999774	EXP	instruction_text1: opacity = 1
60.281834999999774	EXP	instruction_text1: pos = [0,0]
60.281834999999774	EXP	instruction_text1: size = undefined
60.281834999999774	EXP	instruction_text1: text = "Ön most szavakat fog látni.\n\nEzek között lesznek olyanok, amelyeket ismer, de előfordulhatnak olyanok is, amelyeket nem ismer, sőt, vannak köztük kitalált szavak is. \n\nKérjük, ha ismeri a képernyőn látható szót, nyomja meg a JOBB kurzorbillentyűt.\nKérjük, ha NEM ismeri a képernyőn látható szót, vagy azt gondolja, nincs ilyen szó a magyarban, nyomja meg a BAL kurzorbillentyűt.\n\nAz 'Ismerem a szót' döntés itt most ezt jelenti: találkoztam már vele, és van valami elképzelésem a jelentéséről is.  \n\nNyomjon meg bármilyen billentyűt a folytatáshoz."
60.281834999999774	EXP	instruction_text1: font = "Arial"
60.281834999999774	EXP	instruction_text1: color = {"_rgb":[1,1,1]}
60.281834999999774	EXP	instruction_text1: contrast = 1
60.281834999999774	EXP	instruction_text1: height = 0.05
60.281834999999774	EXP	instruction_text1: bold = false
60.281834999999774	EXP	instruction_text1: italic = false
60.281834999999774	EXP	instruction_text1: alignHoriz = "left"
60.281834999999774	EXP	instruction_text1: alignVert = "center"
60.281834999999774	EXP	instruction_text1: wrapWidth = 1
60.281834999999774	EXP	instruction_text1: flipHoriz = false
60.281834999999774	EXP	instruction_text1: flipVert = false
60.281834999999774	EXP	instruction_text2: units = "norm"
60.281834999999774	EXP	instruction_text2: ori = 0
60.281834999999774	EXP	instruction_text2: opacity = 1
60.281834999999774	EXP	instruction_text2: pos = [0,0]
60.281834999999774	EXP	instruction_text2: size = undefined
60.281834999999774	EXP	instruction_text2: text = "Először két egyszerű példát mutatunk Önnek.\n\nAz első szó létezik a magyarban, és valószínűleg Ön is ismeri. Itt nyomja majd meg a jobb kurzorbillentyűt.\nA második szó nem létezik a magyar nyelvben. Itt nyomja majd meg a bal kurzorbillentyűt.\n\nFontos, hogy a jobb gombot a jobb kezével, a bal gombot a bal kezével nyomja, ha tudja, és ne egy kezét használja a kísérletben.\n\nNyomjon meg bármilyen gombot a folytatáshoz."
60.281834999999774	EXP	instruction_text2: font = "Arial"
60.281834999999774	EXP	instruction_text2: color = {"_hex":"#FFFFFF","_rgb":[1,1,1]}
60.281834999999774	EXP	instruction_text2: contrast = 1
60.281834999999774	EXP	instruction_text2: height = 0.05
60.281834999999774	EXP	instruction_text2: bold = false
60.281834999999774	EXP	instruction_text2: italic = false
60.281834999999774	EXP	instruction_text2: alignHoriz = "left"
60.281834999999774	EXP	instruction_text2: alignVert = "center"
60.281834999999774	EXP	instruction_text2: wrapWidth = 1
60.281834999999774	EXP	instruction_text2: flipHoriz = false
60.281834999999774	EXP	instruction_text2: flipVert = false
60.281834999999774	EXP	show_text: units = "norm"
60.281834999999774	EXP	show_text: ori = 0
60.281834999999774	EXP	show_text: opacity = 1
60.281834999999774	EXP	show_text: pos = [0,0]
60.281834999999774	EXP	show_text: size = undefined
60.281834999999774	EXP	show_text: text = "asztal"
60.281834999999774	EXP	show_text: font = "Arial"
60.281834999999774	EXP	show_text: color = {"_hex":"#FFFFFF","_rgb":[1,1,1]}
60.281834999999774	EXP	show_text: contrast = 1
60.281834999999774	EXP	show_text: height = 0.2
60.281834999999774	EXP	show_text: bold = false
60.281834999999774	EXP	show_text: italic = false
60.281834999999774	EXP	show_text: alignHoriz = "left"
60.281834999999774	EXP	show_text: alignVert = "center"
60.281834999999774	EXP	show_text: wrapWidth = 1
60.281834999999774	EXP	show_text: flipHoriz = false
60.281834999999774	EXP	show_text: flipVert = false
60.281834999999774	EXP	text: units = "norm"
60.281834999999774	EXP	text: ori = 0
60.281834999999774	EXP	text: opacity = 1
60.281834999999774	EXP	text: pos = [0,0]
60.281834999999774	EXP	text: size = undefined
60.281834999999774	EXP	text: text = "bzsmfsztal"
60.281834999999774	EXP	text: font = "Arial"
60.281834999999774	EXP	text: color = {"_hex":"#FFFFFF","_rgb":[1,1,1]}
60.281834999999774	EXP	text: contrast = 1
60.281834999999774	EXP	text: height = 0.2
60.281834999999774	EXP	text: bold = false
60.281834999999774	EXP	text: italic = false
60.281834999999774	EXP	text: alignHoriz = "left"
60.281834999999774	EXP	text: alignVert = "center"
60.281834999999774	EXP	text: wrapWidth = 1
60.281834999999774	EXP	text: flipHoriz = false
60.281834999999774	EXP	text: flipVert = false
60.281834999999774	EXP	instruction_text3: units = "norm"
60.281834999999774	EXP	instruction_text3: ori = 0
60.281834999999774	EXP	instruction_text3: opacity = 1
60.281834999999774	EXP	instruction_text3: pos = [0,0]
60.281834999999774	EXP	instruction_text3: size = undefined
60.281834999999774	EXP	instruction_text3: text = "Pazar. Most kezdődik az igazi kísérlet. Néhány percig fog tartani. Nem kell nagyon sietnie, de igyekezzen gyorsan válaszolni.\n\nNe feledje, ha tudja, a jobb gombot a jobbkezével, a bal gombot a balkezével nyomja le.\n\nNyomjon meg bármilyen gombot a folytatáshoz."
60.281834999999774	EXP	instruction_text3: font = "Arial"
60.281834999999774	EXP	instruction_text3: color = {"_hex":"#FFFFFF","_rgb":[1,1,1]}
60.281834999999774	EXP	instruction_text3: contrast = 1
60.281834999999774	EXP	instruction_text3: height = 0.1
60.281834999999774	EXP	instruction_text3: bold = false
60.281834999999774	EXP	instruction_text3: italic = false
60.281834999999774	EXP	instruction_text3: alignHoriz = "left"
60.281834999999774	EXP	instruction_text3: alignVert = "center"
60.281834999999774	EXP	instruction_text3: wrapWidth = 1
60.281834999999774	EXP	instruction_text3: flipHoriz = false
60.281834999999774	EXP	instruction_text3: flipVert = false
60.281834999999774	EXP	szo_kiir: units = "norm"
60.281834999999774	EXP	szo_kiir: ori = 0
60.281834999999774	EXP	szo_kiir: opacity = 1
60.281834999999774	EXP	szo_kiir: pos = [0,0]
60.281834999999774	EXP	szo_kiir: size = undefined
60.281834999999774	EXP	szo_kiir: text = "default text"
60.281834999999774	EXP	szo_kiir: font = "Arial"
60.281834999999774	EXP	szo_kiir: color = {"_hex":"#FFFFFF","_rgb":[1,1,1]}
60.281834999999774	EXP	szo_kiir: contrast = 1
60.281834999999774	EXP	szo_kiir: height = 0.2
60.281834999999774	EXP	szo_kiir: bold = false
60.281834999999774	EXP	szo_kiir: italic = false
60.281834999999774	EXP	szo_kiir: alignHoriz = "left"
60.281834999999774	EXP	szo_kiir: alignVert = "center"
60.281834999999774	EXP	szo_kiir: wrapWidth = 1
60.281834999999774	EXP	szo_kiir: flipHoriz = false
60.281834999999774	EXP	szo_kiir: flipVert = false
60.281834999999774	EXP	koszi_szoveg: units = "norm"
60.281834999999774	EXP	koszi_szoveg: ori = 0
60.281834999999774	EXP	koszi_szoveg: opacity = 1
60.281834999999774	EXP	koszi_szoveg: pos = [0,0]
60.281834999999774	EXP	koszi_szoveg: size = undefined
60.281834999999774	EXP	koszi_szoveg: text = "Vége a kísérletnek. Köszönjük a részvételt!"
60.281834999999774	EXP	koszi_szoveg: font = "arial"
60.281834999999774	EXP	koszi_szoveg: color = {"_rgb":[1,1,1]}
60.281834999999774	EXP	koszi_szoveg: contrast = 1
60.281834999999774	EXP	koszi_szoveg: height = 0.1
60.281834999999774	EXP	koszi_szoveg: bold = false
60.281834999999774	EXP	koszi_szoveg: italic = false
60.281834999999774	EXP	koszi_szoveg: alignHoriz = "left"
60.281834999999774	EXP	koszi_szoveg: alignVert = "center"
60.281834999999774	EXP	koszi_szoveg: wrapWidth = 1
60.281834999999774	EXP	koszi_szoveg: flipHoriz = false
60.281834999999774	EXP	koszi_szoveg: flipVert = false
60.281834999999774	EXP	instruction_text1: autoDraw = true
92.41823500000008	DATA	Mouse: 2 button down, pos=(781.6000604748733,469.6000069975853)
92.4904349999997	DATA	Mouse: 2 button down, pos=(781.6000604748733,469.6000069975853)
93.41528500000005	DATA	Mouse: 0 button down, pos=(664.800009906292,468.80000698566437)
93.53215999999976	DATA	Mouse: 0 button down, pos=(666.4000099301338,469.6000069975853)
99.76093000000037	DATA	Keydown: N
99.80064500000027	EXP	instruction_text1: autoDraw = false
99.80064500000027	EXP	instruction_text2: autoDraw = true
118.96316000000026	DATA	Mouse: 0 button down, pos=(662.4000098705292,497.6000074148178)
119.1597899999997	DATA	Mouse: 0 button down, pos=(663.2000098824501,497.6000074148178)
120.05952499999965	DATA	Keydown: B
120.07150499999989	EXP	instruction_text2: autoDraw = false
120.62535000000025	EXP	show_text: autoDraw = true
122.30631499999981	DATA	Mouse: 2 button down, pos=(660.8000098466873,476.80000710487366)
122.4564449999998	DATA	Mouse: 2 button down, pos=(660.8000098466873,476.80000710487366)
123.57064999999966	DATA	Mouse: 2 button down, pos=(660.0000098347664,436.0000064969063)
123.70395999999984	DATA	Mouse: 2 button down, pos=(660.8000098466873,436.8000065088272)
124.50982999999998	DATA	Mouse: 0 button down, pos=(628.0000093579292,452.00000673532486)
124.65935499999978	DATA	Mouse: 0 button down, pos=(629.6000582098968,453.6000067591667)
126.53866999999991	DATA	Mouse: 2 button down, pos=(721.6000595808036,442.4000065922737)
126.71927500000038	DATA	Mouse: 2 button down, pos=(721.6000595808036,442.4000065922737)
128.1781149999997	DATA	Mouse: 0 button down, pos=(672.0000100135803,364.0000054240227)
128.38788999999997	DATA	Mouse: 0 button down, pos=(672.8000100255013,364.80002985000647)
129.61910999999967	DATA	Keydown: ArrowRight
129.63036999999986	EXP	show_text: autoDraw = false
130.15797999999992	EXP	text: autoDraw = true
132.03992000000017	DATA	Keydown: ArrowLeft
132.08527500000037	EXP	text: autoDraw = false
132.08527500000037	EXP	instruction_text3: autoDraw = true
144.917375	DATA	Keydown: ArrowLeft
144.99356999999964	EXP	instruction_text3: autoDraw = false
144.99356999999964	EXP	szo_kiir: color = {"_rgb":[1,1,1]}
144.99356999999964	EXP	szo_kiir: text = "pirodáló"
145.50633000000013	EXP	szo_kiir: autoDraw = true
147.7865149999998	DATA	Keydown: ArrowLeft
147.79715500000023	EXP	szo_kiir: autoDraw = false
147.79715500000023	EXP	szo_kiir: color = {"_rgb":[1,1,1]}
147.79715500000023	EXP	szo_kiir: text = "kap"
148.31523999999987	EXP	szo_kiir: autoDraw = true
149.75417500000003	DATA	Keydown: ArrowRight
149.78453999999965	EXP	szo_kiir: autoDraw = false
149.78453999999965	EXP	szo_kiir: color = {"_rgb":[1,1,1]}
149.78453999999965	EXP	szo_kiir: text = "számít"
150.2977900000005	EXP	szo_kiir: autoDraw = true
151.0354699999998	DATA	Keydown: ArrowRight
151.04426500000042	EXP	szo_kiir: autoDraw = false
151.04426500000042	EXP	szo_kiir: color = {"_rgb":[1,1,1]}
151.04426500000042	EXP	szo_kiir: text = "nyújt"
151.61290499999996	EXP	szo_kiir: autoDraw = true
152.24589000000014	DATA	Keydown: ArrowRight
152.27148000000034	EXP	szo_kiir: autoDraw = false
152.27148000000034	EXP	szo_kiir: color = {"_rgb":[1,1,1]}
152.27148000000034	EXP	szo_kiir: text = "időszak"
152.77867500000048	EXP	szo_kiir: autoDraw = true
153.6647300000004	DATA	Keydown: ArrowRight
153.6759350000002	EXP	szo_kiir: autoDraw = false
153.6759350000002	EXP	szo_kiir: color = {"_rgb":[1,1,1]}
153.6759350000002	EXP	szo_kiir: text = "király"
154.19335000000046	EXP	szo_kiir: autoDraw = true
154.71037499999966	DATA	Keydown: ArrowRight
154.74998000000053	EXP	szo_kiir: autoDraw = false
154.74998000000053	EXP	szo_kiir: color = {"_rgb":[1,1,1]}
154.74998000000053	EXP	szo_kiir: text = "színű"
155.26465000000007	EXP	szo_kiir: autoDraw = true
155.69505000000026	DATA	Keydown: ArrowRight
155.70726999999988	EXP	szo_kiir: autoDraw = false
155.70726999999988	EXP	szo_kiir: color = {"_rgb":[1,1,1]}
155.70726999999988	EXP	szo_kiir: text = "évfolyam"
156.2269299999998	EXP	szo_kiir: autoDraw = true
156.77572500000042	DATA	Keydown: ArrowRight
156.79795999999985	EXP	szo_kiir: autoDraw = false
156.79795999999985	EXP	szo_kiir: color = {"_rgb":[1,1,1]}
156.79795999999985	EXP	szo_kiir: text = "marketing"
157.31704999999965	EXP	szo_kiir: autoDraw = true
158.13121000000046	DATA	Keydown: ArrowRight
158.1360850000001	EXP	szo_kiir: autoDraw = false
158.1360850000001	EXP	szo_kiir: color = {"_rgb":[1,1,1]}
158.1360850000001	EXP	szo_kiir: text = "késetetély"
158.6614099999997	EXP	szo_kiir: autoDraw = true
160.32222000000002	DATA	Keydown: ArrowLeft
160.34429	EXP	szo_kiir: autoDraw = false
160.34429	EXP	szo_kiir: color = {"_rgb":[1,1,1]}
160.34429	EXP	szo_kiir: text = "református"
160.8547950000002	EXP	szo_kiir: autoDraw = true
161.7555549999997	DATA	Keydown: ArrowRight
161.76706000000013	EXP	szo_kiir: autoDraw = false
161.76706000000013	EXP	szo_kiir: color = {"_rgb":[1,1,1]}
161.76706000000013	EXP	szo_kiir: text = "bír"
162.28468500000054	EXP	szo_kiir: autoDraw = true
162.81209500000023	DATA	Keydown: ArrowRight
162.8246850000005	EXP	szo_kiir: autoDraw = false
162.8246850000005	EXP	szo_kiir: color = {"_rgb":[1,1,1]}
162.8246850000005	EXP	szo_kiir: text = "szökkeny"
163.3360700000003	EXP	szo_kiir: autoDraw = true
165.10133000000042	DATA	Keydown: ArrowLeft
165.11535999999975	EXP	szo_kiir: autoDraw = false
165.11535999999975	EXP	szo_kiir: color = {"_rgb":[1,1,1]}
165.11535999999975	EXP	szo_kiir: text = "borhátsz"
165.63418999999976	EXP	szo_kiir: autoDraw = true
167.28513000000018	DATA	Keydown: ArrowLeft
167.30957000000035	EXP	szo_kiir: autoDraw = false
167.30957000000035	EXP	szo_kiir: color = {"_rgb":[1,1,1]}
167.30957000000035	EXP	szo_kiir: text = "jogosult"
167.81601000000046	EXP	szo_kiir: autoDraw = true
168.45651999999976	DATA	Keydown: ArrowRight
168.46197500000017	EXP	szo_kiir: autoDraw = false
168.46197500000017	EXP	szo_kiir: color = {"_rgb":[1,1,1]}
168.46197500000017	EXP	szo_kiir: text = "kollektív"
168.97978500000045	EXP	szo_kiir: autoDraw = true
169.81436000000028	DATA	Keydown: ArrowRight
169.83762500000014	EXP	szo_kiir: autoDraw = false
169.83762500000014	EXP	szo_kiir: color = {"_rgb":[1,1,1]}
169.83762500000014	EXP	szo_kiir: text = "ausztrál"
170.3487299999997	EXP	szo_kiir: autoDraw = true
171.21544999999966	DATA	Keydown: ArrowRight
171.22761499999976	EXP	szo_kiir: autoDraw = false
171.22761499999976	EXP	szo_kiir: color = {"_rgb":[1,1,1]}
171.22761499999976	EXP	szo_kiir: text = "konyrúd"
171.7487200000005	EXP	szo_kiir: autoDraw = true
172.7122300000001	DATA	Keydown: ArrowLeft
172.75781000000006	EXP	szo_kiir: autoDraw = false
172.75781000000006	EXP	szo_kiir: color = {"_rgb":[1,1,1]}
172.75781000000006	EXP	szo_kiir: text = "tanít"
173.27515500000027	EXP	szo_kiir: autoDraw = true
173.86312999999973	DATA	Keydown: ArrowRight
173.8725199999999	EXP	szo_kiir: autoDraw = false
173.8725199999999	EXP	szo_kiir: color = {"_rgb":[1,1,1]}
173.8725199999999	EXP	szo_kiir: text = "környezetvédelem"
174.39743999999973	EXP	szo_kiir: autoDraw = true
175.79302999999982	DATA	Keydown: ArrowRight
175.82726499999993	EXP	szo_kiir: autoDraw = false
175.82726499999993	EXP	szo_kiir: color = {"_rgb":[1,1,1]}
175.82726499999993	EXP	szo_kiir: text = "kalcium"
176.34070500000053	EXP	szo_kiir: autoDraw = true
177.37375500000056	DATA	Keydown: ArrowRight
177.38801500000042	EXP	szo_kiir: autoDraw = false
177.38801500000042	EXP	szo_kiir: color = {"_rgb":[1,1,1]}
177.38801500000042	EXP	szo_kiir: text = "fényképezőgép"
177.9116300000005	EXP	szo_kiir: autoDraw = true
178.74312499999996	DATA	Keydown: ArrowRight
178.76099499999964	EXP	szo_kiir: autoDraw = false
178.76099499999964	EXP	szo_kiir: color = {"_rgb":[1,1,1]}
178.76099499999964	EXP	szo_kiir: text = "ponálgai"
179.2714100000003	EXP	szo_kiir: autoDraw = true
180.11294999999973	DATA	Keydown: ArrowLeft
180.11870499999986	EXP	szo_kiir: autoDraw = false
180.11870499999986	EXP	szo_kiir: color = {"_rgb":[1,1,1]}
180.11870499999986	EXP	szo_kiir: text = "sivirányi"
180.63630500000002	EXP	szo_kiir: autoDraw = true
181.47324500000013	DATA	Keydown: ArrowLeft
181.49113000000034	EXP	szo_kiir: autoDraw = false
181.49113000000034	EXP	szo_kiir: color = {"_rgb":[1,1,1]}
181.49113000000034	EXP	szo_kiir: text = "utalvány"
182.00632000000044	EXP	szo_kiir: autoDraw = true
182.72076500000003	DATA	Keydown: ArrowRight
182.73339000000033	EXP	szo_kiir: autoDraw = false
182.73339000000033	EXP	szo_kiir: color = {"_rgb":[1,1,1]}
182.73339000000033	EXP	szo_kiir: text = "alapszabály"
183.2549799999997	EXP	szo_kiir: autoDraw = true
184.07084000000035	DATA	Keydown: ArrowRight
184.09033	EXP	szo_kiir: autoDraw = false
184.09033	EXP	szo_kiir: color = {"_rgb":[1,1,1]}
184.09033	EXP	szo_kiir: text = "mítosz"
184.5994099999998	EXP	szo_kiir: autoDraw = true
185.33388500000004	DATA	Keydown: ArrowRight
185.34773500000028	EXP	szo_kiir: autoDraw = false
185.34773500000028	EXP	szo_kiir: color = {"_rgb":[1,1,1]}
185.34773500000028	EXP	szo_kiir: text = "kulináris"
185.86564999999976	EXP	szo_kiir: autoDraw = true
186.70626999999968	DATA	Keydown: ArrowLeft
186.71340500000042	EXP	szo_kiir: autoDraw = false
186.71340500000042	EXP	szo_kiir: color = {"_rgb":[1,1,1]}
186.71340500000042	EXP	szo_kiir: text = "halom"
187.2380750000002	EXP	szo_kiir: autoDraw = true
188.44821500000032	DATA	Keydown: ArrowRight
188.47100000000046	EXP	szo_kiir: autoDraw = false
188.47100000000046	EXP	szo_kiir: color = {"_rgb":[1,1,1]}
188.47100000000046	EXP	szo_kiir: text = "hierarchikus"
188.9795949999998	EXP	szo_kiir: autoDraw = true
190.06016999999974	DATA	Keydown: ArrowRight
190.07554499999972	EXP	szo_kiir: autoDraw = false
190.07554499999972	EXP	szo_kiir: color = {"_rgb":[1,1,1]}
190.07554499999972	EXP	szo_kiir: text = "germán"
190.59274000000008	EXP	szo_kiir: autoDraw = true
191.34933499999988	DATA	Keydown: ArrowRight
191.37348999999995	EXP	szo_kiir: autoDraw = false
191.37348999999995	EXP	szo_kiir: color = {"_rgb":[1,1,1]}
191.37348999999995	EXP	szo_kiir: text = "közhely"
191.8930250000003	EXP	szo_kiir: autoDraw = true
192.73035499999972	DATA	Keydown: ArrowRight
192.73848499999986	EXP	szo_kiir: autoDraw = false
192.73848499999986	EXP	szo_kiir: color = {"_rgb":[1,1,1]}
192.73848499999986	EXP	szo_kiir: text = "glükóz"
193.26611500000035	EXP	szo_kiir: autoDraw = true
194.3459499999999	DATA	Keydown: ArrowRight
194.36510999999973	EXP	szo_kiir: autoDraw = false
194.36510999999973	EXP	szo_kiir: color = {"_rgb":[1,1,1]}
194.36510999999973	EXP	szo_kiir: text = "hamburger"
194.87353499999972	EXP	szo_kiir: autoDraw = true
195.42465999999968	DATA	Keydown: ArrowRight
195.43889000000036	EXP	szo_kiir: autoDraw = false
195.43889000000036	EXP	szo_kiir: color = {"_rgb":[1,1,1]}
195.43889000000036	EXP	szo_kiir: text = "engelétei"
195.95607500000006	EXP	szo_kiir: autoDraw = true
197.50956000000042	DATA	Keydown: ArrowLeft
197.54012500000044	EXP	szo_kiir: autoDraw = false
197.54012500000044	EXP	szo_kiir: color = {"_rgb":[1,1,1]}
197.54012500000044	EXP	szo_kiir: text = "taszt"
198.04729000000043	EXP	szo_kiir: autoDraw = true
199.13908999999967	DATA	Keydown: ArrowLeft
199.15008000000034	EXP	szo_kiir: autoDraw = false
199.15008000000034	EXP	szo_kiir: color = {"_rgb":[1,1,1]}
199.15008000000034	EXP	szo_kiir: text = "lépték"
199.66956500000012	EXP	szo_kiir: autoDraw = true
200.23448999999982	DATA	Keydown: ArrowRight
200.25715500000024	EXP	szo_kiir: autoDraw = false
200.25715500000024	EXP	szo_kiir: color = {"_rgb":[1,1,1]}
200.25715500000024	EXP	szo_kiir: text = "blúz"
200.77193499999976	EXP	szo_kiir: autoDraw = true
201.3899650000003	DATA	Keydown: ArrowRight
201.40105000000042	EXP	szo_kiir: autoDraw = false
201.40105000000042	EXP	szo_kiir: color = {"_rgb":[1,1,1]}
201.40105000000042	EXP	szo_kiir: text = "zörög"
201.9175750000004	EXP	szo_kiir: autoDraw = true
202.39032000000043	DATA	Keydown: ArrowRight
202.40553999999977	EXP	szo_kiir: autoDraw = false
202.40553999999977	EXP	szo_kiir: color = {"_rgb":[1,1,1]}
202.40553999999977	EXP	szo_kiir: text = "felmi"
202.92013000000043	EXP	szo_kiir: autoDraw = true
203.83834000000024	DATA	Keydown: ArrowLeft
203.84871999999996	EXP	szo_kiir: autoDraw = false
203.84871999999996	EXP	szo_kiir: color = {"_rgb":[1,1,1]}
203.84871999999996	EXP	szo_kiir: text = "attyűködő"
204.3696399999999	EXP	szo_kiir: autoDraw = true
205.9298049999998	DATA	Keydown: ArrowLeft
205.95225500000012	EXP	szo_kiir: autoDraw = false
205.95225500000012	EXP	szo_kiir: color = {"_rgb":[1,1,1]}
205.95225500000012	EXP	szo_kiir: text = "cáfol"
206.46360499999992	EXP	szo_kiir: autoDraw = true
207.181525	DATA	Keydown: ArrowRight
207.19559500000014	EXP	szo_kiir: autoDraw = false
207.19559500000014	EXP	szo_kiir: color = {"_rgb":[1,1,1]}
207.19559500000014	EXP	szo_kiir: text = "fanatizmus"
207.76088499999966	EXP	szo_kiir: autoDraw = true
208.36587000000054	DATA	Keydown: ArrowRight
208.39753999999994	EXP	szo_kiir: autoDraw = false
208.39753999999994	EXP	szo_kiir: color = {"_rgb":[1,1,1]}
208.39753999999994	EXP	szo_kiir: text = "szokik"
208.91153500000019	EXP	szo_kiir: autoDraw = true
210.31278500000008	DATA	Keydown: ArrowLeft
210.32610999999997	EXP	szo_kiir: autoDraw = false
210.32610999999997	EXP	szo_kiir: color = {"_rgb":[1,1,1]}
210.32610999999997	EXP	szo_kiir: text = "altet"
210.84609	EXP	szo_kiir: autoDraw = true
211.66174500000034	DATA	Keydown: ArrowLeft
211.6756000000005	EXP	szo_kiir: autoDraw = false
211.6756000000005	EXP	szo_kiir: color = {"_rgb":[1,1,1]}
211.6756000000005	EXP	szo_kiir: text = "érkésztás"
212.19200499999988	EXP	szo_kiir: autoDraw = true
213.57826999999997	DATA	Keydown: ArrowLeft
213.5985300000002	EXP	szo_kiir: autoDraw = false
213.5985300000002	EXP	szo_kiir: color = {"_rgb":[1,1,1]}
213.5985300000002	EXP	szo_kiir: text = "biotermék"
214.10635499999987	EXP	szo_kiir: autoDraw = true
214.91219499999988	DATA	Keydown: ArrowRight
214.9219350000003	EXP	szo_kiir: autoDraw = false
214.9219350000003	EXP	szo_kiir: color = {"_rgb":[1,1,1]}
214.9219350000003	EXP	szo_kiir: text = "vegyesbolt"
215.4395400000003	EXP	szo_kiir: autoDraw = true
216.05456500000037	DATA	Keydown: ArrowRight
216.07804000000036	EXP	szo_kiir: autoDraw = false
216.07804000000036	EXP	szo_kiir: color = {"_rgb":[1,1,1]}
216.07804000000036	EXP	szo_kiir: text = "kivitelez"
216.58900499999982	EXP	szo_kiir: autoDraw = true
217.306525	DATA	Keydown: ArrowRight
217.3178450000005	EXP	szo_kiir: autoDraw = false
217.3178450000005	EXP	szo_kiir: color = {"_rgb":[1,1,1]}
217.3178450000005	EXP	szo_kiir: text = "ború"
217.84150000000045	EXP	szo_kiir: autoDraw = true
218.2601850000001	DATA	Keydown: ArrowRight
218.2967749999998	EXP	szo_kiir: autoDraw = false
218.2967749999998	EXP	szo_kiir: color = {"_rgb":[1,1,1]}
218.2967749999998	EXP	szo_kiir: text = "káder"
218.80584499999986	EXP	szo_kiir: autoDraw = true
219.27227500000026	DATA	Keydown: ArrowRight
219.28422000000046	EXP	szo_kiir: autoDraw = false
219.28422000000046	EXP	szo_kiir: color = {"_rgb":[1,1,1]}
219.28422000000046	EXP	szo_kiir: text = "tanácskozik"
219.8077199999998	EXP	szo_kiir: autoDraw = true
220.79992000000038	DATA	Keydown: ArrowRight
220.82189000000017	EXP	szo_kiir: autoDraw = false
220.82189000000017	EXP	szo_kiir: color = {"_rgb":[1,1,1]}
220.82189000000017	EXP	szo_kiir: text = "dermeszt"
221.33908500000052	EXP	szo_kiir: autoDraw = true
222.20127000000048	DATA	Keydown: ArrowRight
222.21349999999984	EXP	szo_kiir: autoDraw = false
222.21349999999984	EXP	szo_kiir: color = {"_rgb":[1,1,1]}
222.21349999999984	EXP	szo_kiir: text = "hidegtál"
222.73595000000023	EXP	szo_kiir: autoDraw = true
223.5186650000005	DATA	Keydown: ArrowRight
223.55325999999968	EXP	szo_kiir: autoDraw = false
223.55325999999968	EXP	szo_kiir: color = {"_rgb":[1,1,1]}
223.55325999999968	EXP	szo_kiir: text = "vicsorog"
224.06484499999988	EXP	szo_kiir: autoDraw = true
224.83604000000014	DATA	Keydown: ArrowRight
224.84621500000048	EXP	szo_kiir: autoDraw = false
224.84621500000048	EXP	szo_kiir: color = {"_rgb":[1,1,1]}
224.84621500000048	EXP	szo_kiir: text = "antyúzható"
225.36820499999976	EXP	szo_kiir: autoDraw = true
226.4477299999999	DATA	Keydown: ArrowLeft
226.4703900000004	EXP	szo_kiir: autoDraw = false
226.4703900000004	EXP	szo_kiir: color = {"_rgb":[1,1,1]}
226.4703900000004	EXP	szo_kiir: text = "martalóc"
226.97887999999966	EXP	szo_kiir: autoDraw = true
228.24557499999992	DATA	Keydown: ArrowRight
228.24932499999977	EXP	szo_kiir: autoDraw = false
228.24932499999977	EXP	szo_kiir: color = {"_rgb":[1,1,1]}
228.24932499999977	EXP	szo_kiir: text = "végregura"
228.76384000000053	EXP	szo_kiir: autoDraw = true
230.0865599999997	DATA	Keydown: ArrowLeft
230.10306500000024	EXP	szo_kiir: autoDraw = false
230.10306500000024	EXP	szo_kiir: color = {"_rgb":[1,1,1]}
230.10306500000024	EXP	szo_kiir: text = "vakaródzik"
230.6088600000003	EXP	szo_kiir: autoDraw = true
231.81846500000026	DATA	Keydown: ArrowRight
231.82217000000037	EXP	szo_kiir: autoDraw = false
231.82217000000037	EXP	szo_kiir: color = {"_rgb":[1,1,1]}
231.82217000000037	EXP	szo_kiir: text = "kapirgál"
232.34476999999967	EXP	szo_kiir: autoDraw = true
233.3631700000005	DATA	Keydown: ArrowRight
233.37765000000036	EXP	szo_kiir: autoDraw = false
233.37765000000036	EXP	szo_kiir: color = {"_rgb":[1,1,1]}
233.37765000000036	EXP	szo_kiir: text = "fertilis"
233.88929000000007	EXP	szo_kiir: autoDraw = true
234.71568000000025	DATA	Keydown: ArrowLeft
234.7208350000001	EXP	szo_kiir: autoDraw = false
234.7208350000001	EXP	szo_kiir: color = {"_rgb":[1,1,1]}
234.7208350000001	EXP	szo_kiir: text = "bóbiskol"
235.24163500000031	EXP	szo_kiir: autoDraw = true
236.8088349999998	DATA	Keydown: ArrowRight
236.8198199999997	EXP	szo_kiir: autoDraw = false
236.8198199999997	EXP	szo_kiir: color = {"_rgb":[1,1,1]}
236.8198199999997	EXP	szo_kiir: text = "ingváll"
237.33961499999987	EXP	szo_kiir: autoDraw = true
239.1467050000001	DATA	Keydown: ArrowRight
239.16046000000006	EXP	szo_kiir: autoDraw = false
239.16046000000006	EXP	szo_kiir: color = {"_rgb":[1,1,1]}
239.16046000000006	EXP	szo_kiir: text = "fényesít"
239.67084499999964	EXP	szo_kiir: autoDraw = true
240.61637500000052	DATA	Keydown: ArrowRight
240.6304	EXP	szo_kiir: autoDraw = false
240.6304	EXP	szo_kiir: color = {"_rgb":[1,1,1]}
240.6304	EXP	szo_kiir: text = "kanalaz"
241.1497900000004	EXP	szo_kiir: autoDraw = true
241.80282499999976	DATA	Keydown: ArrowRight
241.8201650000001	EXP	szo_kiir: autoDraw = false
241.8201650000001	EXP	szo_kiir: color = {"_rgb":[1,1,1]}
241.8201650000001	EXP	szo_kiir: text = "selypít"
242.33189000000039	EXP	szo_kiir: autoDraw = true
242.93462999999971	DATA	Keydown: ArrowRight
242.94781500000045	EXP	szo_kiir: autoDraw = false
242.94781500000045	EXP	szo_kiir: color = {"_rgb":[1,1,1]}
242.94781500000045	EXP	szo_kiir: text = "szabadjegy"
243.46655999999984	EXP	szo_kiir: autoDraw = true
244.288595	DATA	Keydown: ArrowRight
244.30337000000054	EXP	szo_kiir: autoDraw = false
244.30337000000054	EXP	szo_kiir: color = {"_rgb":[1,1,1]}
244.30337000000054	EXP	szo_kiir: text = "kárörvend"
244.81823499999973	EXP	szo_kiir: autoDraw = true
245.5738799999999	DATA	Keydown: ArrowRight
245.58153500000026	EXP	szo_kiir: autoDraw = false
245.58153500000026	EXP	szo_kiir: color = {"_rgb":[1,1,1]}
245.58153500000026	EXP	szo_kiir: text = "vagdalthús"
246.09560500000043	EXP	szo_kiir: autoDraw = true
247.33934000000045	DATA	Keydown: ArrowRight
247.36513999999988	EXP	szo_kiir: autoDraw = false
247.36513999999988	EXP	szo_kiir: color = {"_rgb":[1,1,1]}
247.36513999999988	EXP	szo_kiir: text = "csüggeszt"
247.87733000000026	EXP	szo_kiir: autoDraw = true
248.60887	DATA	Keydown: ArrowRight
248.62384500000007	EXP	szo_kiir: autoDraw = false
248.62384500000007	EXP	szo_kiir: color = {"_rgb":[1,1,1]}
248.62384500000007	EXP	szo_kiir: text = "fókabőr"
249.14292999999998	EXP	szo_kiir: autoDraw = true
249.90845499999978	DATA	Keydown: ArrowRight
249.93514500000038	EXP	szo_kiir: autoDraw = false
249.93514500000038	EXP	szo_kiir: color = {"_rgb":[1,1,1]}
249.93514500000038	EXP	szo_kiir: text = "nyolcsolat"
250.44185500000003	EXP	szo_kiir: autoDraw = true
251.35998999999993	DATA	Keydown: ArrowLeft
251.37399000000008	EXP	szo_kiir: autoDraw = false
251.37399000000008	EXP	szo_kiir: color = {"_rgb":[1,1,1]}
251.37399000000008	EXP	szo_kiir: text = "krákfai"
251.89390000000003	EXP	szo_kiir: autoDraw = true
252.84548499999983	DATA	Keydown: ArrowLeft
252.86246000000025	EXP	szo_kiir: autoDraw = false
252.86246000000025	EXP	szo_kiir: color = {"_rgb":[1,1,1]}
252.86246000000025	EXP	szo_kiir: text = "gyenkedéri"
253.37273000000005	EXP	szo_kiir: autoDraw = true
254.25031500000023	DATA	Keydown: ArrowLeft
254.2598049999997	EXP	szo_kiir: autoDraw = false
254.2598049999997	EXP	szo_kiir: color = {"_rgb":[1,1,1]}
254.2598049999997	EXP	szo_kiir: text = "ráncosít"
254.77131999999983	EXP	szo_kiir: autoDraw = true
255.81064500000048	DATA	Keydown: ArrowRight
255.8399500000005	EXP	szo_kiir: autoDraw = false
255.8399500000005	EXP	szo_kiir: color = {"_rgb":[1,1,1]}
255.8399500000005	EXP	szo_kiir: text = "abeti"
256.3573400000005	EXP	szo_kiir: autoDraw = true
257.13697500000035	DATA	Keydown: ArrowLeft
257.1493650000002	EXP	szo_kiir: autoDraw = false
257.1493650000002	EXP	szo_kiir: color = {"_rgb":[1,1,1]}
257.1493650000002	EXP	szo_kiir: text = "öklendez"
257.67166499999985	EXP	szo_kiir: autoDraw = true
258.45595500000036	DATA	Keydown: ArrowRight
258.48342500000035	EXP	szo_kiir: autoDraw = false
258.48342500000035	EXP	szo_kiir: color = {"_rgb":[1,1,1]}
258.48342500000035	EXP	szo_kiir: text = "engedetlenkedik"
259.0053399999997	EXP	szo_kiir: autoDraw = true
260.4895999999999	DATA	Keydown: ArrowRight
260.496435	EXP	szo_kiir: autoDraw = false
260.496435	EXP	szo_kiir: color = {"_rgb":[1,1,1]}
260.496435	EXP	szo_kiir: text = "istenkedik"
261.0160249999999	EXP	szo_kiir: autoDraw = true
261.5179049999997	DATA	Keydown: ArrowRight
261.5358699999997	EXP	szo_kiir: autoDraw = false
261.5358699999997	EXP	szo_kiir: color = {"_rgb":[1,1,1]}
261.5358699999997	EXP	szo_kiir: text = "evakuál"
262.0479999999998	EXP	szo_kiir: autoDraw = true
262.8578150000003	DATA	Keydown: ArrowRight
262.8621350000003	EXP	szo_kiir: autoDraw = false
262.8621350000003	EXP	szo_kiir: color = {"_rgb":[1,1,1]}
262.8621350000003	EXP	szo_kiir: text = "nyagy"
263.3835250000002	EXP	szo_kiir: autoDraw = true
263.78359999999975	DATA	Keydown: ArrowRight
263.7963150000005	EXP	szo_kiir: autoDraw = false
263.7963150000005	EXP	szo_kiir: color = {"_rgb":[1,1,1]}
263.7963150000005	EXP	szo_kiir: text = "rengeteg"
264.3163400000003	EXP	szo_kiir: autoDraw = true
264.8479500000003	DATA	Keydown: ArrowLeft
264.86148500000036	EXP	szo_kiir: autoDraw = false
264.86148500000036	EXP	szo_kiir: color = {"_rgb":[1,1,1]}
264.86148500000036	EXP	szo_kiir: text = "infimum"
265.37841500000013	EXP	szo_kiir: autoDraw = true
266.7503649999999	DATA	Keydown: ArrowLeft
266.7776650000005	EXP	szo_kiir: autoDraw = false
266.7776650000005	EXP	szo_kiir: color = {"_rgb":[1,1,1]}
266.7776650000005	EXP	szo_kiir: text = "budavirág"
267.29317999999967	EXP	szo_kiir: autoDraw = true
268.0091050000001	DATA	Keydown: ArrowRight
268.02331500000037	EXP	szo_kiir: autoDraw = false
268.02331500000037	EXP	szo_kiir: color = {"_rgb":[1,1,1]}
268.02331500000037	EXP	szo_kiir: text = "türemlik"
268.5455600000005	EXP	szo_kiir: autoDraw = true
269.3129449999997	DATA	Keydown: ArrowRight
269.3539950000004	EXP	szo_kiir: autoDraw = false
269.3539950000004	EXP	szo_kiir: color = {"_rgb":[1,1,1]}
269.3539950000004	EXP	szo_kiir: text = "rezervál"
269.857935	EXP	szo_kiir: autoDraw = true
271.4591300000002	DATA	Keydown: ArrowRight
271.4722700000002	EXP	szo_kiir: autoDraw = false
271.4722700000002	EXP	szo_kiir: color = {"_rgb":[1,1,1]}
271.4722700000002	EXP	szo_kiir: text = "prografej"
271.98966500000006	EXP	szo_kiir: autoDraw = true
273.35822499999995	DATA	Keydown: ArrowLeft
273.3924500000003	EXP	szo_kiir: autoDraw = false
273.3924500000003	EXP	szo_kiir: color = {"_rgb":[1,1,1]}
273.3924500000003	EXP	szo_kiir: text = "áradmány"
273.90875000000057	EXP	szo_kiir: autoDraw = true
275.50558	DATA	Keydown: ArrowLeft
275.51899500000036	EXP	szo_kiir: autoDraw = false
275.51899500000036	EXP	szo_kiir: color = {"_rgb":[1,1,1]}
275.51899500000036	EXP	szo_kiir: text = "heliotropizmus"
276.0423200000005	EXP	szo_kiir: autoDraw = true
277.61689000000024	DATA	Keydown: ArrowRight
277.6321049999997	EXP	szo_kiir: autoDraw = false
277.6321049999997	EXP	szo_kiir: color = {"_rgb":[1,1,1]}
277.6321049999997	EXP	szo_kiir: text = "invonult"
278.1502849999997	EXP	szo_kiir: autoDraw = true
279.51462	DATA	Keydown: ArrowLeft
279.53694499999983	EXP	szo_kiir: autoDraw = false
279.53694499999983	EXP	szo_kiir: color = {"_rgb":[1,1,1]}
279.53694499999983	EXP	szo_kiir: text = "koegzisztál"
280.0530699999999	EXP	szo_kiir: autoDraw = true
281.3303249999999	DATA	Keydown: ArrowLeft
281.3447349999997	EXP	szo_kiir: autoDraw = false
281.3447349999997	EXP	szo_kiir: color = {"_rgb":[1,1,1]}
281.3447349999997	EXP	szo_kiir: text = "jégkárosult"
281.86679000000004	EXP	szo_kiir: autoDraw = true
282.5654400000003	DATA	Keydown: ArrowRight
282.5778399999999	EXP	szo_kiir: autoDraw = false
282.5778399999999	EXP	szo_kiir: color = {"_rgb":[1,1,1]}
282.5778399999999	EXP	szo_kiir: text = "csüggedez"
283.0967149999997	EXP	szo_kiir: autoDraw = true
283.6357850000004	DATA	Keydown: ArrowRight
283.6502250000003	EXP	szo_kiir: autoDraw = false
283.6502250000003	EXP	szo_kiir: color = {"_rgb":[1,1,1]}
283.6502250000003	EXP	szo_kiir: text = "elméskedik"
284.1623150000005	EXP	szo_kiir: autoDraw = true
284.84713000000005	DATA	Keydown: ArrowRight
284.8609500000003	EXP	szo_kiir: autoDraw = false
284.8609500000003	EXP	szo_kiir: color = {"_rgb":[1,1,1]}
284.8609500000003	EXP	szo_kiir: text = "hivatalnokoskodik"
285.38187000000016	EXP	szo_kiir: autoDraw = true
287.21326000000045	DATA	Keydown: ArrowRight
287.2329600000003	EXP	szo_kiir: autoDraw = false
287.2329600000003	EXP	szo_kiir: color = {"_rgb":[1,1,1]}
287.2329600000003	EXP	szo_kiir: text = "szabadszirmú"
287.748775	EXP	szo_kiir: autoDraw = true
288.66020000000026	DATA	Keydown: ArrowRight
288.6740550000004	EXP	szo_kiir: autoDraw = false
288.6740550000004	EXP	szo_kiir: color = {"_rgb":[1,1,1]}
288.6740550000004	EXP	szo_kiir: text = "istác"
289.1956300000002	EXP	szo_kiir: autoDraw = true
290.3299850000003	DATA	Keydown: ArrowLeft
290.3391250000004	EXP	szo_kiir: autoDraw = false
290.3391250000004	EXP	szo_kiir: color = {"_rgb":[1,1,1]}
290.3391250000004	EXP	szo_kiir: text = "garn"
290.8604500000001	EXP	szo_kiir: autoDraw = true
291.48000500000035	DATA	Keydown: ArrowLeft
291.4962750000004	EXP	szo_kiir: autoDraw = false
291.4962750000004	EXP	szo_kiir: color = {"_rgb":[1,1,1]}
291.4962750000004	EXP	szo_kiir: text = "templomoz"
292.00574500000045	EXP	szo_kiir: autoDraw = true
292.6795400000001	DATA	Keydown: ArrowRight
292.6850850000001	EXP	szo_kiir: autoDraw = false
292.6850850000001	EXP	szo_kiir: color = {"_rgb":[1,1,1]}
292.6850850000001	EXP	szo_kiir: text = "elcsigázódik"
293.20817499999976	EXP	szo_kiir: autoDraw = true
294.33613500000047	DATA	Keydown: ArrowRight
294.35782500000005	EXP	szo_kiir: autoDraw = false
294.35782500000005	EXP	szo_kiir: color = {"_rgb":[1,1,1]}
294.35782500000005	EXP	szo_kiir: text = "tilitálós"
294.8696950000003	EXP	szo_kiir: autoDraw = true
296.2935500000004	DATA	Keydown: ArrowLeft
296.30054999999993	EXP	szo_kiir: autoDraw = false
296.30054999999993	EXP	szo_kiir: color = {"_rgb":[1,1,1]}
296.30054999999993	EXP	szo_kiir: text = "kandíroz"
296.81790999999976	EXP	szo_kiir: autoDraw = true
297.655855	DATA	Keydown: ArrowRight
297.6712299999999	EXP	szo_kiir: autoDraw = false
297.6712299999999	EXP	szo_kiir: color = {"_rgb":[1,1,1]}
297.6712299999999	EXP	szo_kiir: text = "tárcsöngy"
298.1831549999997	EXP	szo_kiir: autoDraw = true
299.12039000000004	DATA	Keydown: ArrowRight
299.12963500000023	EXP	szo_kiir: autoDraw = false
299.12963500000023	EXP	szo_kiir: color = {"_rgb":[1,1,1]}
299.12963500000023	EXP	szo_kiir: text = "tartáló"
299.65869999999995	EXP	szo_kiir: autoDraw = true
300.1803150000005	DATA	Keydown: ArrowRight
300.19557499999974	EXP	szo_kiir: autoDraw = false
300.19557499999974	EXP	szo_kiir: color = {"_rgb":[1,1,1]}
300.19557499999974	EXP	szo_kiir: text = "kirugódik"
300.7221900000004	EXP	szo_kiir: autoDraw = true
301.4984350000004	DATA	Keydown: ArrowRight
301.5125850000004	EXP	szo_kiir: autoDraw = false
301.5125850000004	EXP	szo_kiir: color = {"_rgb":[1,1,1]}
301.5125850000004	EXP	szo_kiir: text = "karamboloz"
302.0332049999997	EXP	szo_kiir: autoDraw = true
303.2996000000003	DATA	Keydown: ArrowRight
303.3288849999999	EXP	szo_kiir: autoDraw = false
303.3288849999999	EXP	szo_kiir: color = {"_rgb":[1,1,1]}
303.3288849999999	EXP	szo_kiir: text = "rosítottsi"
303.84913000000057	EXP	szo_kiir: autoDraw = true
305.5142400000004	DATA	Keydown: ArrowRight
305.525885	EXP	szo_kiir: autoDraw = false
305.525885	EXP	szo_kiir: color = {"_rgb":[1,1,1]}
305.525885	EXP	szo_kiir: text = "lecskediriz"
306.04331	EXP	szo_kiir: autoDraw = true
306.94840999999997	DATA	Keydown: ArrowLeft
306.9560099999998	EXP	szo_kiir: autoDraw = false
306.9560099999998	EXP	szo_kiir: color = {"_rgb":[1,1,1]}
306.9560099999998	EXP	szo_kiir: text = "széledez"
307.4780350000001	EXP	szo_kiir: autoDraw = true
308.2816300000004	DATA	Keydown: ArrowRight
308.29762500000015	EXP	szo_kiir: autoDraw = false
308.29762500000015	EXP	szo_kiir: color = {"_rgb":[1,1,1]}
308.29762500000015	EXP	szo_kiir: text = "vektorinvariáns"
308.80762500000037	EXP	szo_kiir: autoDraw = true
309.65836000000036	DATA	Keydown: ArrowLeft
309.6723400000001	EXP	szo_kiir: autoDraw = false
309.6723400000001	EXP	szo_kiir: color = {"_rgb":[1,1,1]}
309.6723400000001	EXP	szo_kiir: text = "svábtök"
310.19203500000003	EXP	szo_kiir: autoDraw = true
310.94493500000044	DATA	Keydown: ArrowRight
310.9524449999999	EXP	szo_kiir: autoDraw = false
310.9524449999999	EXP	szo_kiir: color = {"_rgb":[1,1,1]}
310.9524449999999	EXP	szo_kiir: text = "kilukát"
311.4754599999997	EXP	szo_kiir: autoDraw = true
312.5735599999998	DATA	Keydown: ArrowLeft
312.60181999999986	EXP	szo_kiir: autoDraw = false
312.60181999999986	EXP	koszi_szoveg: autoDraw = true
313.97230000000036	DATA	Keydown: ArrowRight
