0.09709999998449348	EXP	Created Window = Window( name=Window, fullscr=true, color=#000000, units=norm, waitBlanking=true, autoLog=true, size=[1350,608] )
2.047614999988582	DATA	Keydown: 3
2.1889349999837577	DATA	Keydown: 3
2.4202649999933783	DATA	Keydown: 8
2.6541250000009313	DATA	Keydown: 0
5.464934999996331	DATA	Keydown: n
5.780319999990752	DATA	Keydown: ő
7.745584999996936	DATA	Keydown: 1
8.46272000001045	DATA	Keydown: 9
8.624985000002198	DATA	Keydown: 8
8.818425000004936	DATA	Keydown: 2
10.969654999993509	DATA	Keydown: .
11.134430000005523	DATA	Keydown: 1
11.296984999993583	DATA	Keydown: 0
11.486880000011297	DATA	Keydown: 1
11.652145000000019	DATA	Keydown: .
12.240369999984978	DATA	Keydown: Backspace
12.397410000005038	DATA	Keydown: Backspace
12.812035000009928	DATA	Keydown: .
13.208270000002813	DATA	Keydown: 1
13.297140000009676	DATA	Keydown: 3
13.404790000000503	DATA	Keydown: .
32.0390849999967	DATA	Keydown: 1
32.29257499999949	DATA	Keydown: 7
33.81969499998377	EXP	Created instruction_text1 = TextStim( name=instruction_text1, win=Window( name=Window, fullscr=true, color=#000000, ~), autoDraw=null, autoLog=true, units=norm, ori=null, opacity=1, pos=[0,0], size=undefined, text=Ön most szavakat fog látni.

Ezek között lesznek o~, font=Arial, color=#ffffff, contrast=1, height=0.05, bold=null, italic=null, alignHoriz=left, alignVert=center, wrapWidth=1, flipHoriz=null, flipVert=null )
33.826854999992065	EXP	Created instruction_text2 = TextStim( name=instruction_text2, win=Window( name=Window, fullscr=true, color=#000000, ~), autoDraw=null, autoLog=true, units=norm, ori=null, opacity=1, pos=[0,0], size=undefined, text=Először két egyszerű példát mutatunk Önnek.

Az el~, font=Arial, color=#FFFFFF, contrast=1, height=0.05, bold=null, italic=null, alignHoriz=left, alignVert=center, wrapWidth=1, flipHoriz=null, flipVert=null )
33.83110999999917	EXP	Created show_text = TextStim( name=show_text, win=Window( name=Window, fullscr=true, color=#000000, ~), autoDraw=null, autoLog=true, units=norm, ori=null, opacity=1, pos=[0,0], size=undefined, text=asztal, font=Arial, color=#FFFFFF, contrast=1, height=0.2, bold=null, italic=null, alignHoriz=left, alignVert=center, wrapWidth=1, flipHoriz=null, flipVert=null )
33.85161000001244	EXP	Created text = TextStim( name=text, win=Window( name=Window, fullscr=true, color=#000000, ~), autoDraw=null, autoLog=true, units=norm, ori=null, opacity=1, pos=[0,0], size=undefined, text=bzsmfsztal, font=Arial, color=#FFFFFF, contrast=1, height=0.2, bold=null, italic=null, alignHoriz=left, alignVert=center, wrapWidth=1, flipHoriz=null, flipVert=null )
33.85361499999999	EXP	Created instruction_text3 = TextStim( name=instruction_text3, win=Window( name=Window, fullscr=true, color=#000000, ~), autoDraw=null, autoLog=true, units=norm, ori=null, opacity=1, pos=[0,0], size=undefined, text=Pazar. Most kezdődik az igazi kísérlet. Néhány per~, font=Arial, color=#FFFFFF, contrast=1, height=0.1, bold=null, italic=null, alignHoriz=left, alignVert=center, wrapWidth=1, flipHoriz=null, flipVert=null )
33.857279999996535	EXP	Created szo_kiir = TextStim( name=szo_kiir, win=Window( name=Window, fullscr=true, color=#000000, ~), autoDraw=null, autoLog=true, units=norm, ori=null, opacity=1, pos=[0,0], size=undefined, text=default text, font=Arial, color=#FFFFFF, contrast=1, height=0.2, bold=null, italic=null, alignHoriz=left, alignVert=center, wrapWidth=1, flipHoriz=null, flipVert=null )
33.86446499999147	EXP	Created koszi_szoveg = TextStim( name=koszi_szoveg, win=Window( name=Window, fullscr=true, color=#000000, ~), autoDraw=null, autoLog=true, units=norm, ori=null, opacity=1, pos=[0,0], size=undefined, text=Vége a kísérletnek. Köszönjük a részvételt!, font=arial, color=#ffffff, contrast=1, height=0.1, bold=null, italic=null, alignHoriz=left, alignVert=center, wrapWidth=1, flipHoriz=null, flipVert=null )
33.918035000009695	EXP	instruction_text1: units = "norm"
33.918035000009695	EXP	instruction_text1: ori = 0
33.918035000009695	EXP	instruction_text1: opacity = 1
33.918035000009695	EXP	instruction_text1: pos = [0,0]
33.918035000009695	EXP	instruction_text1: size = undefined
33.918035000009695	EXP	instruction_text1: text = "Ön most szavakat fog látni.\n\nEzek között lesznek olyanok, amelyeket ismer, de előfordulhatnak olyanok is, amelyeket nem ismer, sőt, vannak köztük kitalált szavak is. \n\nKérjük, ha ismeri a képernyőn látható szót, nyomja meg a JOBB kurzorbillentyűt.\nKérjük, ha NEM ismeri a képernyőn látható szót, vagy azt gondolja, nincs ilyen szó a magyarban, nyomja meg a BAL kurzorbillentyűt.\n\nAz 'Ismerem a szót' döntés itt most ezt jelenti: találkoztam már vele, és van valami elképzelésem a jelentéséről is.  \n\nNyomjon meg bármilyen billentyűt a folytatáshoz."
33.918035000009695	EXP	instruction_text1: font = "Arial"
33.918035000009695	EXP	instruction_text1: color = {"_rgb":[1,1,1]}
33.918035000009695	EXP	instruction_text1: contrast = 1
33.918035000009695	EXP	instruction_text1: height = 0.05
33.918035000009695	EXP	instruction_text1: bold = false
33.918035000009695	EXP	instruction_text1: italic = false
33.918035000009695	EXP	instruction_text1: alignHoriz = "left"
33.918035000009695	EXP	instruction_text1: alignVert = "center"
33.918035000009695	EXP	instruction_text1: wrapWidth = 1
33.918035000009695	EXP	instruction_text1: flipHoriz = false
33.918035000009695	EXP	instruction_text1: flipVert = false
33.918035000009695	EXP	instruction_text2: units = "norm"
33.918035000009695	EXP	instruction_text2: ori = 0
33.918035000009695	EXP	instruction_text2: opacity = 1
33.918035000009695	EXP	instruction_text2: pos = [0,0]
33.918035000009695	EXP	instruction_text2: size = undefined
33.918035000009695	EXP	instruction_text2: text = "Először két egyszerű példát mutatunk Önnek.\n\nAz első szó létezik a magyarban, és valószínűleg Ön is ismeri. Itt nyomja majd meg a jobb kurzorbillentyűt.\nA második szó nem létezik a magyar nyelvben. Itt nyomja majd meg a bal kurzorbillentyűt.\n\nFontos, hogy a jobb gombot a jobb kezével, a bal gombot a bal kezével nyomja, ha tudja, és ne egy kezét használja a kísérletben.\n\nNyomjon meg bármilyen gombot a folytatáshoz."
33.918035000009695	EXP	instruction_text2: font = "Arial"
33.918035000009695	EXP	instruction_text2: color = {"_hex":"#FFFFFF","_rgb":[1,1,1]}
33.918035000009695	EXP	instruction_text2: contrast = 1
33.918035000009695	EXP	instruction_text2: height = 0.05
33.918035000009695	EXP	instruction_text2: bold = false
33.918035000009695	EXP	instruction_text2: italic = false
33.918035000009695	EXP	instruction_text2: alignHoriz = "left"
33.918035000009695	EXP	instruction_text2: alignVert = "center"
33.918035000009695	EXP	instruction_text2: wrapWidth = 1
33.918035000009695	EXP	instruction_text2: flipHoriz = false
33.918035000009695	EXP	instruction_text2: flipVert = false
33.918035000009695	EXP	show_text: units = "norm"
33.918035000009695	EXP	show_text: ori = 0
33.918035000009695	EXP	show_text: opacity = 1
33.918035000009695	EXP	show_text: pos = [0,0]
33.918035000009695	EXP	show_text: size = undefined
33.918035000009695	EXP	show_text: text = "asztal"
33.918035000009695	EXP	show_text: font = "Arial"
33.918035000009695	EXP	show_text: color = {"_hex":"#FFFFFF","_rgb":[1,1,1]}
33.918035000009695	EXP	show_text: contrast = 1
33.918035000009695	EXP	show_text: height = 0.2
33.918035000009695	EXP	show_text: bold = false
33.918035000009695	EXP	show_text: italic = false
33.918035000009695	EXP	show_text: alignHoriz = "left"
33.918035000009695	EXP	show_text: alignVert = "center"
33.918035000009695	EXP	show_text: wrapWidth = 1
33.918035000009695	EXP	show_text: flipHoriz = false
33.918035000009695	EXP	show_text: flipVert = false
33.918035000009695	EXP	text: units = "norm"
33.918035000009695	EXP	text: ori = 0
33.918035000009695	EXP	text: opacity = 1
33.918035000009695	EXP	text: pos = [0,0]
33.918035000009695	EXP	text: size = undefined
33.918035000009695	EXP	text: text = "bzsmfsztal"
33.918035000009695	EXP	text: font = "Arial"
33.918035000009695	EXP	text: color = {"_hex":"#FFFFFF","_rgb":[1,1,1]}
33.918035000009695	EXP	text: contrast = 1
33.918035000009695	EXP	text: height = 0.2
33.918035000009695	EXP	text: bold = false
33.918035000009695	EXP	text: italic = false
33.918035000009695	EXP	text: alignHoriz = "left"
33.918035000009695	EXP	text: alignVert = "center"
33.918035000009695	EXP	text: wrapWidth = 1
33.918035000009695	EXP	text: flipHoriz = false
33.918035000009695	EXP	text: flipVert = false
33.918035000009695	EXP	instruction_text3: units = "norm"
33.918035000009695	EXP	instruction_text3: ori = 0
33.918035000009695	EXP	instruction_text3: opacity = 1
33.918035000009695	EXP	instruction_text3: pos = [0,0]
33.918035000009695	EXP	instruction_text3: size = undefined
33.918035000009695	EXP	instruction_text3: text = "Pazar. Most kezdődik az igazi kísérlet. Néhány percig fog tartani. Nem kell nagyon sietnie, de igyekezzen gyorsan válaszolni.\n\nNe feledje, ha tudja, a jobb gombot a jobbkezével, a bal gombot a balkezével nyomja le.\n\nNyomjon meg bármilyen gombot a folytatáshoz."
33.918035000009695	EXP	instruction_text3: font = "Arial"
33.918035000009695	EXP	instruction_text3: color = {"_hex":"#FFFFFF","_rgb":[1,1,1]}
33.918035000009695	EXP	instruction_text3: contrast = 1
33.918035000009695	EXP	instruction_text3: height = 0.1
33.918035000009695	EXP	instruction_text3: bold = false
33.918035000009695	EXP	instruction_text3: italic = false
33.918035000009695	EXP	instruction_text3: alignHoriz = "left"
33.918035000009695	EXP	instruction_text3: alignVert = "center"
33.918035000009695	EXP	instruction_text3: wrapWidth = 1
33.918035000009695	EXP	instruction_text3: flipHoriz = false
33.918035000009695	EXP	instruction_text3: flipVert = false
33.918035000009695	EXP	szo_kiir: units = "norm"
33.918035000009695	EXP	szo_kiir: ori = 0
33.918035000009695	EXP	szo_kiir: opacity = 1
33.918035000009695	EXP	szo_kiir: pos = [0,0]
33.918035000009695	EXP	szo_kiir: size = undefined
33.918035000009695	EXP	szo_kiir: text = "default text"
33.918035000009695	EXP	szo_kiir: font = "Arial"
33.918035000009695	EXP	szo_kiir: color = {"_hex":"#FFFFFF","_rgb":[1,1,1]}
33.918035000009695	EXP	szo_kiir: contrast = 1
33.918035000009695	EXP	szo_kiir: height = 0.2
33.918035000009695	EXP	szo_kiir: bold = false
33.918035000009695	EXP	szo_kiir: italic = false
33.918035000009695	EXP	szo_kiir: alignHoriz = "left"
33.918035000009695	EXP	szo_kiir: alignVert = "center"
33.918035000009695	EXP	szo_kiir: wrapWidth = 1
33.918035000009695	EXP	szo_kiir: flipHoriz = false
33.918035000009695	EXP	szo_kiir: flipVert = false
33.918035000009695	EXP	koszi_szoveg: units = "norm"
33.918035000009695	EXP	koszi_szoveg: ori = 0
33.918035000009695	EXP	koszi_szoveg: opacity = 1
33.918035000009695	EXP	koszi_szoveg: pos = [0,0]
33.918035000009695	EXP	koszi_szoveg: size = undefined
33.918035000009695	EXP	koszi_szoveg: text = "Vége a kísérletnek. Köszönjük a részvételt!"
33.918035000009695	EXP	koszi_szoveg: font = "arial"
33.918035000009695	EXP	koszi_szoveg: color = {"_rgb":[1,1,1]}
33.918035000009695	EXP	koszi_szoveg: contrast = 1
33.918035000009695	EXP	koszi_szoveg: height = 0.1
33.918035000009695	EXP	koszi_szoveg: bold = false
33.918035000009695	EXP	koszi_szoveg: italic = false
33.918035000009695	EXP	koszi_szoveg: alignHoriz = "left"
33.918035000009695	EXP	koszi_szoveg: alignVert = "center"
33.918035000009695	EXP	koszi_szoveg: wrapWidth = 1
33.918035000009695	EXP	koszi_szoveg: flipHoriz = false
33.918035000009695	EXP	koszi_szoveg: flipVert = false
33.918035000009695	EXP	instruction_text1: autoDraw = true
64.8384950000036	DATA	Keydown: ArrowRight
64.8597749999899	EXP	instruction_text1: autoDraw = false
64.8597749999899	EXP	instruction_text2: autoDraw = true
84.29243999999017	DATA	Keydown: ArrowRight
84.30085999998846	EXP	instruction_text2: autoDraw = false
84.83390500000678	EXP	show_text: autoDraw = true
86.70943499999703	DATA	Keydown: ArrowRight
86.71588000000338	EXP	show_text: autoDraw = false
87.24077499998384	EXP	text: autoDraw = true
88.30096500000218	DATA	Keydown: ArrowLeft
88.34552999999141	EXP	text: autoDraw = false
88.34552999999141	EXP	instruction_text3: autoDraw = true
96.36822999999276	DATA	Keydown: ArrowLeft
96.44651000000886	EXP	instruction_text3: autoDraw = false
96.44651000000886	EXP	szo_kiir: color = {"_rgb":[1,1,1]}
96.44651000000886	EXP	szo_kiir: text = "rövid"
96.9678600000043	EXP	szo_kiir: autoDraw = true
99.0992649999971	DATA	Keydown: ArrowRight
99.11273500000243	EXP	szo_kiir: autoDraw = false
99.11273500000243	EXP	szo_kiir: color = {"_rgb":[1,1,1]}
99.11273500000243	EXP	szo_kiir: text = "címelés"
99.63404499998433	EXP	szo_kiir: autoDraw = true
101.27064999999129	DATA	Keydown: ArrowLeft
101.30571499999496	EXP	szo_kiir: autoDraw = false
101.30571499999496	EXP	szo_kiir: color = {"_rgb":[1,1,1]}
101.30571499999496	EXP	szo_kiir: text = "tojászköl"
101.82511499998509	EXP	szo_kiir: autoDraw = true
102.82121500000358	DATA	Keydown: ArrowLeft
102.8302149999945	EXP	szo_kiir: autoDraw = false
102.8302149999945	EXP	szo_kiir: color = {"_rgb":[1,1,1]}
102.8302149999945	EXP	szo_kiir: text = "darab"
103.34883000000264	EXP	szo_kiir: autoDraw = true
104.04863499998464	DATA	Keydown: ArrowRight
104.08501999999862	EXP	szo_kiir: autoDraw = false
104.08501999999862	EXP	szo_kiir: color = {"_rgb":[1,1,1]}
104.08501999999862	EXP	szo_kiir: text = "megköny"
104.60263499998837	EXP	szo_kiir: autoDraw = true
105.96477500000037	DATA	Keydown: ArrowLeft
105.97789499998908	EXP	szo_kiir: autoDraw = false
105.97789499998908	EXP	szo_kiir: color = {"_rgb":[1,1,1]}
105.97789499998908	EXP	szo_kiir: text = "érkezik"
106.48855000000913	EXP	szo_kiir: autoDraw = true
107.29102000000421	DATA	Keydown: ArrowRight
107.32785500001046	EXP	szo_kiir: autoDraw = false
107.32785500001046	EXP	szo_kiir: color = {"_rgb":[1,1,1]}
107.32785500001046	EXP	szo_kiir: text = "népszerű"
107.8406299999915	EXP	szo_kiir: autoDraw = true
108.66654999999446	DATA	Keydown: ArrowRight
108.68033000000287	EXP	szo_kiir: autoDraw = false
108.68033000000287	EXP	szo_kiir: color = {"_rgb":[1,1,1]}
108.68033000000287	EXP	szo_kiir: text = "fél"
109.2010500000033	EXP	szo_kiir: autoDraw = true
109.918955000001	DATA	Keydown: ArrowRight
109.9469500000123	EXP	szo_kiir: autoDraw = false
109.9469500000123	EXP	szo_kiir: color = {"_rgb":[1,1,1]}
109.9469500000123	EXP	szo_kiir: text = "szakáj"
110.46478999999817	EXP	szo_kiir: autoDraw = true
111.45621000000392	DATA	Keydown: ArrowLeft
111.46226999998908	EXP	szo_kiir: autoDraw = false
111.46226999998908	EXP	szo_kiir: color = {"_rgb":[1,1,1]}
111.46226999998908	EXP	szo_kiir: text = "vörös"
111.98032999999123	EXP	szo_kiir: autoDraw = true
112.59088999999221	DATA	Keydown: ArrowRight
112.60715999998502	EXP	szo_kiir: autoDraw = false
112.60715999998502	EXP	szo_kiir: color = {"_rgb":[1,1,1]}
112.60715999998502	EXP	szo_kiir: text = "gondoskodik"
113.11586499999976	EXP	szo_kiir: autoDraw = true
114.23875499999849	DATA	Keydown: ArrowRight
114.24715499999002	EXP	szo_kiir: autoDraw = false
114.24715499999002	EXP	szo_kiir: color = {"_rgb":[1,1,1]}
114.24715499999002	EXP	szo_kiir: text = "jármű"
114.7677149999945	EXP	szo_kiir: autoDraw = true
115.29869500000495	DATA	Keydown: ArrowRight
115.33202500001062	EXP	szo_kiir: autoDraw = false
115.33202500001062	EXP	szo_kiir: color = {"_rgb":[1,1,1]}
115.33202500001062	EXP	szo_kiir: text = "szökkeny"
115.84851499999058	EXP	szo_kiir: autoDraw = true
116.83999000000767	DATA	Keydown: ArrowLeft
116.8456700000097	EXP	szo_kiir: autoDraw = false
116.8456700000097	EXP	szo_kiir: color = {"_rgb":[1,1,1]}
116.8456700000097	EXP	szo_kiir: text = "tenger"
117.35350500000641	EXP	szo_kiir: autoDraw = true
117.88652500000899	DATA	Keydown: ArrowRight
117.9117050000059	EXP	szo_kiir: autoDraw = false
117.9117050000059	EXP	szo_kiir: color = {"_rgb":[1,1,1]}
117.9117050000059	EXP	szo_kiir: text = "hagy"
118.4233499999973	EXP	szo_kiir: autoDraw = true
119.89835500001209	DATA	Keydown: ArrowRight
119.9124249999877	EXP	szo_kiir: autoDraw = false
119.9124249999877	EXP	szo_kiir: color = {"_rgb":[1,1,1]}
119.9124249999877	EXP	szo_kiir: text = "jogosult"
120.43285000001197	EXP	szo_kiir: autoDraw = true
121.09916000001249	DATA	Keydown: ArrowRight
121.12768499998492	EXP	szo_kiir: autoDraw = false
121.12768499998492	EXP	szo_kiir: color = {"_rgb":[1,1,1]}
121.12768499998492	EXP	szo_kiir: text = "konfúzusza"
121.63350500000524	EXP	szo_kiir: autoDraw = true
127.60192499999539	DATA	Keydown: ArrowRight
127.6148600000015	EXP	szo_kiir: autoDraw = false
127.6148600000015	EXP	szo_kiir: color = {"_rgb":[1,1,1]}
127.6148600000015	EXP	szo_kiir: text = "csend"
128.13423999998486	EXP	szo_kiir: autoDraw = true
128.90656500001205	DATA	Keydown: ArrowRight
128.9138549999916	EXP	szo_kiir: autoDraw = false
128.9138549999916	EXP	szo_kiir: color = {"_rgb":[1,1,1]}
128.9138549999916	EXP	szo_kiir: text = "fiatalember"
129.43583500001114	EXP	szo_kiir: autoDraw = true
129.98221499999636	DATA	Keydown: ArrowRight
130.01890999998432	EXP	szo_kiir: autoDraw = false
130.01890999998432	EXP	szo_kiir: color = {"_rgb":[1,1,1]}
130.01890999998432	EXP	szo_kiir: text = "gyűjtemény"
130.53214500000468	EXP	szo_kiir: autoDraw = true
131.11361999998917	DATA	Keydown: ArrowRight
131.1289650000108	EXP	szo_kiir: autoDraw = false
131.1289650000108	EXP	szo_kiir: color = {"_rgb":[1,1,1]}
131.1289650000108	EXP	szo_kiir: text = "minimálbér"
131.64840499998536	EXP	szo_kiir: autoDraw = true
132.39966500000446	DATA	Keydown: ArrowRight
132.42290999999386	EXP	szo_kiir: autoDraw = false
132.42290999999386	EXP	szo_kiir: color = {"_rgb":[1,1,1]}
132.42290999999386	EXP	szo_kiir: text = "multinacionális"
132.93405499999062	EXP	szo_kiir: autoDraw = true
134.12957499999902	DATA	Keydown: ArrowRight
134.14494999998715	EXP	szo_kiir: autoDraw = false
134.14494999998715	EXP	szo_kiir: color = {"_rgb":[1,1,1]}
134.14494999998715	EXP	szo_kiir: text = "színpad"
134.6539749999938	EXP	szo_kiir: autoDraw = true
135.13742499999353	DATA	Keydown: ArrowRight
135.1699699999881	EXP	szo_kiir: autoDraw = false
135.1699699999881	EXP	szo_kiir: color = {"_rgb":[1,1,1]}
135.1699699999881	EXP	szo_kiir: text = "naptár"
135.6801099999866	EXP	szo_kiir: autoDraw = true
136.1844899999851	DATA	Keydown: ArrowRight
136.19863500000793	EXP	szo_kiir: autoDraw = false
136.19863500000793	EXP	szo_kiir: color = {"_rgb":[1,1,1]}
136.19863500000793	EXP	szo_kiir: text = "gótikus"
136.7182599999942	EXP	szo_kiir: autoDraw = true
137.48217500001192	DATA	Keydown: ArrowRight
137.51126999998814	EXP	szo_kiir: autoDraw = false
137.51126999998814	EXP	szo_kiir: color = {"_rgb":[1,1,1]}
137.51126999998814	EXP	szo_kiir: text = "rom"
138.0169750000059	EXP	szo_kiir: autoDraw = true
138.55284499999834	DATA	Keydown: ArrowRight
138.56389499999932	EXP	szo_kiir: autoDraw = false
138.56389499999932	EXP	szo_kiir: color = {"_rgb":[1,1,1]}
138.56389499999932	EXP	szo_kiir: text = "szomszéd"
139.0863449999888	EXP	szo_kiir: autoDraw = true
139.50399999998626	DATA	Keydown: ArrowRight
139.5484099999885	EXP	szo_kiir: autoDraw = false
139.5484099999885	EXP	szo_kiir: color = {"_rgb":[1,1,1]}
139.5484099999885	EXP	szo_kiir: text = "rejtőzik"
140.06348000001162	EXP	szo_kiir: autoDraw = true
140.4881400000013	DATA	Keydown: ArrowRight
140.49747500001104	EXP	szo_kiir: autoDraw = false
140.49747500001104	EXP	szo_kiir: color = {"_rgb":[1,1,1]}
140.49747500001104	EXP	szo_kiir: text = "esztikussz"
141.01751000000513	EXP	szo_kiir: autoDraw = true
142.11533999998937	DATA	Keydown: ArrowLeft
142.14791999998852	EXP	szo_kiir: autoDraw = false
142.14791999998852	EXP	szo_kiir: color = {"_rgb":[1,1,1]}
142.14791999998852	EXP	szo_kiir: text = "tajtásos"
142.66717000000062	EXP	szo_kiir: autoDraw = true
144.49835999999777	DATA	Keydown: ArrowLeft
144.51331000000937	EXP	szo_kiir: autoDraw = false
144.51331000000937	EXP	szo_kiir: color = {"_rgb":[1,1,1]}
144.51331000000937	EXP	szo_kiir: text = "vélekedik"
145.0338150000025	EXP	szo_kiir: autoDraw = true
145.73235999999451	DATA	Keydown: ArrowRight
145.76108999998542	EXP	szo_kiir: autoDraw = false
145.76108999998542	EXP	szo_kiir: color = {"_rgb":[1,1,1]}
145.76108999998542	EXP	szo_kiir: text = "munkálkodik"
146.26815499999793	EXP	szo_kiir: autoDraw = true
147.03429000001051	DATA	Keydown: ArrowRight
147.04785000000265	EXP	szo_kiir: autoDraw = false
147.04785000000265	EXP	szo_kiir: color = {"_rgb":[1,1,1]}
147.04785000000265	EXP	szo_kiir: text = "ólom"
147.56753500000923	EXP	szo_kiir: autoDraw = true
148.33353000000352	DATA	Keydown: ArrowRight
148.36471500000334	EXP	szo_kiir: autoDraw = false
148.36471500000334	EXP	szo_kiir: color = {"_rgb":[1,1,1]}
148.36471500000334	EXP	szo_kiir: text = "pirigari"
148.8840949999867	EXP	szo_kiir: autoDraw = true
149.7194249999884	DATA	Keydown: ArrowLeft
149.7312549999915	EXP	szo_kiir: autoDraw = false
149.7312549999915	EXP	szo_kiir: color = {"_rgb":[1,1,1]}
149.7312549999915	EXP	szo_kiir: text = "példakép"
150.25047999998787	EXP	szo_kiir: autoDraw = true
151.49872000000323	DATA	Keydown: ArrowRight
151.5462300000072	EXP	szo_kiir: autoDraw = false
151.5462300000072	EXP	szo_kiir: color = {"_rgb":[1,1,1]}
151.5462300000072	EXP	szo_kiir: text = "megállóhely"
152.06879499999923	EXP	szo_kiir: autoDraw = true
152.95533500000602	DATA	Keydown: ArrowRight
152.96338000000105	EXP	szo_kiir: autoDraw = false
152.96338000000105	EXP	szo_kiir: color = {"_rgb":[1,1,1]}
152.96338000000105	EXP	szo_kiir: text = "kárpit"
153.48284499999136	EXP	szo_kiir: autoDraw = true
154.165559999994	DATA	Keydown: ArrowRight
154.19295999998576	EXP	szo_kiir: autoDraw = false
154.19295999998576	EXP	szo_kiir: color = {"_rgb":[1,1,1]}
154.19295999998576	EXP	szo_kiir: text = "blúz"
154.70056999998633	EXP	szo_kiir: autoDraw = true
155.2157700000098	DATA	Keydown: ArrowRight
155.2306699999899	EXP	szo_kiir: autoDraw = false
155.2306699999899	EXP	szo_kiir: color = {"_rgb":[1,1,1]}
155.2306699999899	EXP	szo_kiir: text = "zörög"
155.75033499998972	EXP	szo_kiir: autoDraw = true
156.26428500001202	DATA	Keydown: ArrowRight
156.29194999998435	EXP	szo_kiir: autoDraw = false
156.29194999998435	EXP	szo_kiir: color = {"_rgb":[1,1,1]}
156.29194999998435	EXP	szo_kiir: text = "stádium"
156.80147499998566	EXP	szo_kiir: autoDraw = true
157.35313500001212	DATA	Keydown: ArrowRight
157.363955000008	EXP	szo_kiir: autoDraw = false
157.363955000008	EXP	szo_kiir: color = {"_rgb":[1,1,1]}
157.363955000008	EXP	szo_kiir: text = "katerült"
157.88461999999708	EXP	szo_kiir: autoDraw = true
158.7983499999973	DATA	Keydown: ArrowLeft
158.82529499998782	EXP	szo_kiir: autoDraw = false
158.82529499998782	EXP	szo_kiir: color = {"_rgb":[1,1,1]}
158.82529499998782	EXP	szo_kiir: text = "leér"
159.3363749999844	EXP	szo_kiir: autoDraw = true
160.00109499998507	DATA	Keydown: ArrowRight
160.01584999999614	EXP	szo_kiir: autoDraw = false
160.01584999999614	EXP	szo_kiir: color = {"_rgb":[1,1,1]}
160.01584999999614	EXP	szo_kiir: text = "kántitált"
160.52998500000103	EXP	szo_kiir: autoDraw = true
162.1851650000026	DATA	Keydown: ArrowLeft
162.21867000000202	EXP	szo_kiir: autoDraw = false
162.21867000000202	EXP	szo_kiir: color = {"_rgb":[1,1,1]}
162.21867000000202	EXP	szo_kiir: text = "remész"
162.73645500000566	EXP	szo_kiir: autoDraw = true
164.62192000000505	DATA	Keydown: ArrowLeft
164.6377649999922	EXP	szo_kiir: autoDraw = false
164.6377649999922	EXP	szo_kiir: color = {"_rgb":[1,1,1]}
164.6377649999922	EXP	szo_kiir: text = "kisujj"
165.153484999988	EXP	szo_kiir: autoDraw = true
166.0388399999938	DATA	Keydown: ArrowRight
166.0529899999965	EXP	szo_kiir: autoDraw = false
166.0529899999965	EXP	szo_kiir: color = {"_rgb":[1,1,1]}
166.0529899999965	EXP	szo_kiir: text = "holdvilág"
166.56986499999766	EXP	szo_kiir: autoDraw = true
167.220564999996	DATA	Keydown: ArrowRight
167.23277000000235	EXP	szo_kiir: autoDraw = false
167.23277000000235	EXP	szo_kiir: color = {"_rgb":[1,1,1]}
167.23277000000235	EXP	szo_kiir: text = "elikázható"
167.75673500000266	EXP	szo_kiir: autoDraw = true
169.0666499999934	DATA	Keydown: ArrowLeft
169.09282499999972	EXP	szo_kiir: autoDraw = false
169.09282499999972	EXP	szo_kiir: color = {"_rgb":[1,1,1]}
169.09282499999972	EXP	szo_kiir: text = "csatázik"
169.60180499998387	EXP	szo_kiir: autoDraw = true
170.16691500000888	DATA	Keydown: ArrowRight
170.18123499999638	EXP	szo_kiir: autoDraw = false
170.18123499999638	EXP	szo_kiir: color = {"_rgb":[1,1,1]}
170.18123499999638	EXP	szo_kiir: text = "kulcscsont"
170.70225500001106	EXP	szo_kiir: autoDraw = true
171.56559499999275	DATA	Keydown: ArrowRight
171.5910900000017	EXP	szo_kiir: autoDraw = false
171.5910900000017	EXP	szo_kiir: color = {"_rgb":[1,1,1]}
171.5910900000017	EXP	szo_kiir: text = "tanácskozik"
172.0990499999898	EXP	szo_kiir: autoDraw = true
172.73060000000987	DATA	Keydown: ArrowRight
172.7464350000082	EXP	szo_kiir: autoDraw = false
172.7464350000082	EXP	szo_kiir: color = {"_rgb":[1,1,1]}
172.7464350000082	EXP	szo_kiir: text = "komolyodik"
173.26644999999553	EXP	szo_kiir: autoDraw = true
173.78622000000905	DATA	Keydown: ArrowRight
173.8097199999902	EXP	szo_kiir: autoDraw = false
173.8097199999902	EXP	szo_kiir: color = {"_rgb":[1,1,1]}
173.8097199999902	EXP	szo_kiir: text = "onogur"
174.3174449999933	EXP	szo_kiir: autoDraw = true
175.0371799999848	DATA	Keydown: ArrowLeft
175.04722499998752	EXP	szo_kiir: autoDraw = false
175.04722499998752	EXP	szo_kiir: color = {"_rgb":[1,1,1]}
175.04722499998752	EXP	szo_kiir: text = "cianid"
175.5664950000064	EXP	szo_kiir: autoDraw = true
176.49095499998657	DATA	Keydown: ArrowRight
176.4968649999937	EXP	szo_kiir: autoDraw = false
176.4968649999937	EXP	szo_kiir: color = {"_rgb":[1,1,1]}
176.4968649999937	EXP	szo_kiir: text = "felte"
177.01782000000821	EXP	szo_kiir: autoDraw = true
178.90022999999928	DATA	Keydown: ArrowLeft
178.93035999999847	EXP	szo_kiir: autoDraw = false
178.93035999999847	EXP	szo_kiir: color = {"_rgb":[1,1,1]}
178.93035999999847	EXP	szo_kiir: text = "vicsorog"
179.44921500000055	EXP	szo_kiir: autoDraw = true
180.28062499998487	DATA	Keydown: ArrowRight
180.2961699999869	EXP	szo_kiir: autoDraw = false
180.2961699999869	EXP	szo_kiir: color = {"_rgb":[1,1,1]}
180.2961699999869	EXP	szo_kiir: text = "rivaldafény"
180.81794999999693	EXP	szo_kiir: autoDraw = true
181.50438999998732	DATA	Keydown: ArrowRight
181.52851999999257	EXP	szo_kiir: autoDraw = false
181.52851999999257	EXP	szo_kiir: color = {"_rgb":[1,1,1]}
181.52851999999257	EXP	szo_kiir: text = "végregura"
182.04663999998593	EXP	szo_kiir: autoDraw = true
183.73338499999954	DATA	Keydown: ArrowLeft
183.74961999998777	EXP	szo_kiir: autoDraw = false
183.74961999998777	EXP	szo_kiir: color = {"_rgb":[1,1,1]}
183.74961999998777	EXP	szo_kiir: text = "látolt"
184.26793500001077	EXP	szo_kiir: autoDraw = true
185.65086500000325	DATA	Keydown: ArrowLeft
185.679295000009	EXP	szo_kiir: autoDraw = false
185.679295000009	EXP	szo_kiir: color = {"_rgb":[1,1,1]}
185.679295000009	EXP	szo_kiir: text = "illatlansz"
186.2005749999953	EXP	szo_kiir: autoDraw = true
187.99833500001114	DATA	Keydown: ArrowLeft
188.01197500000126	EXP	szo_kiir: autoDraw = false
188.01197500000126	EXP	szo_kiir: color = {"_rgb":[1,1,1]}
188.01197500000126	EXP	szo_kiir: text = "kapirgál"
188.53333499998553	EXP	szo_kiir: autoDraw = true
189.28280499999528	DATA	Keydown: ArrowRight
189.30869499998516	EXP	szo_kiir: autoDraw = false
189.30869499998516	EXP	szo_kiir: color = {"_rgb":[1,1,1]}
189.30869499998516	EXP	szo_kiir: text = "szidalom"
189.81284999998752	EXP	szo_kiir: autoDraw = true
190.64848000000347	DATA	Keydown: ArrowRight
190.66336000000592	EXP	szo_kiir: autoDraw = false
190.66336000000592	EXP	szo_kiir: color = {"_rgb":[1,1,1]}
190.66336000000592	EXP	szo_kiir: text = "elegy"
191.18318500000169	EXP	szo_kiir: autoDraw = true
192.05317999998806	DATA	Keydown: ArrowRight
192.07481499999994	EXP	szo_kiir: autoDraw = false
192.07481499999994	EXP	szo_kiir: color = {"_rgb":[1,1,1]}
192.07481499999994	EXP	szo_kiir: text = "lícium"
192.58207999999286	EXP	szo_kiir: autoDraw = true
193.763810000004	DATA	Keydown: ArrowRight
193.77950999999302	EXP	szo_kiir: autoDraw = false
193.77950999999302	EXP	szo_kiir: color = {"_rgb":[1,1,1]}
193.77950999999302	EXP	szo_kiir: text = "csapattest"
194.29825500000152	EXP	szo_kiir: autoDraw = true
195.0698899999843	DATA	Keydown: ArrowRight
195.08929000000353	EXP	szo_kiir: autoDraw = false
195.08929000000353	EXP	szo_kiir: color = {"_rgb":[1,1,1]}
195.08929000000353	EXP	szo_kiir: text = "frontszakasz"
195.59836499998346	EXP	szo_kiir: autoDraw = true
196.45666999998502	DATA	Keydown: ArrowRight
196.46356000000378	EXP	szo_kiir: autoDraw = false
196.46356000000378	EXP	szo_kiir: color = {"_rgb":[1,1,1]}
196.46356000000378	EXP	szo_kiir: text = "szupraindividuális"
196.987770000007	EXP	szo_kiir: autoDraw = true
198.3203649999923	DATA	Keydown: ArrowRight
198.35554499999853	EXP	szo_kiir: autoDraw = false
198.35554499999853	EXP	szo_kiir: color = {"_rgb":[1,1,1]}
198.35554499999853	EXP	szo_kiir: text = "lapockacsont"
198.87062999999034	EXP	szo_kiir: autoDraw = true
199.8996749999933	DATA	Keydown: ArrowRight
199.914775000012	EXP	szo_kiir: autoDraw = false
199.914775000012	EXP	szo_kiir: color = {"_rgb":[1,1,1]}
199.914775000012	EXP	szo_kiir: text = "hokizik"
200.4343050000025	EXP	szo_kiir: autoDraw = true
201.52451499999734	DATA	Keydown: ArrowRight
201.54233999998542	EXP	szo_kiir: autoDraw = false
201.54233999998542	EXP	szo_kiir: color = {"_rgb":[1,1,1]}
201.54233999998542	EXP	szo_kiir: text = "gyíkfű"
202.05353499998455	EXP	szo_kiir: autoDraw = true
203.6329599999881	DATA	Keydown: ArrowRight
203.64664500000072	EXP	szo_kiir: autoDraw = false
203.64664500000072	EXP	szo_kiir: color = {"_rgb":[1,1,1]}
203.64664500000072	EXP	szo_kiir: text = "hazardírozik"
204.16612000000896	EXP	szo_kiir: autoDraw = true
206.37956000000122	DATA	Keydown: ArrowRight
206.40963499998907	EXP	szo_kiir: autoDraw = false
206.40963499998907	EXP	szo_kiir: color = {"_rgb":[1,1,1]}
206.40963499998907	EXP	szo_kiir: text = "inhumánus"
206.92021999999997	EXP	szo_kiir: autoDraw = true
208.08023500000127	DATA	Keydown: ArrowRight
208.09539999999106	EXP	szo_kiir: autoDraw = false
208.09539999999106	EXP	szo_kiir: color = {"_rgb":[1,1,1]}
208.09539999999106	EXP	szo_kiir: text = "lumpenproletariátus"
208.61763500000234	EXP	szo_kiir: autoDraw = true
210.59067000000505	DATA	Keydown: ArrowRight
210.61707999999635	EXP	szo_kiir: autoDraw = false
210.61707999999635	EXP	szo_kiir: color = {"_rgb":[1,1,1]}
210.61707999999635	EXP	szo_kiir: text = "mérgesít"
211.13342999998713	EXP	szo_kiir: autoDraw = true
211.6819700000051	DATA	Keydown: ArrowRight
211.6970699999947	EXP	szo_kiir: autoDraw = false
211.6970699999947	EXP	szo_kiir: color = {"_rgb":[1,1,1]}
211.6970699999947	EXP	szo_kiir: text = "multiregionális"
212.21770999999717	EXP	szo_kiir: autoDraw = true
213.1743649999844	DATA	Keydown: ArrowRight
213.1944599999988	EXP	szo_kiir: autoDraw = false
213.1944599999988	EXP	szo_kiir: color = {"_rgb":[1,1,1]}
213.1944599999988	EXP	szo_kiir: text = "dokozotty"
213.6991149999958	EXP	szo_kiir: autoDraw = true
214.60118999998667	DATA	Keydown: ArrowLeft
214.61230000000796	EXP	szo_kiir: autoDraw = false
214.61230000000796	EXP	szo_kiir: color = {"_rgb":[1,1,1]}
214.61230000000796	EXP	szo_kiir: text = "kékellik"
215.1317599999893	EXP	szo_kiir: autoDraw = true
216.63558999999077	DATA	Keydown: ArrowLeft
216.64691999999923	EXP	szo_kiir: autoDraw = false
216.64691999999923	EXP	szo_kiir: color = {"_rgb":[1,1,1]}
216.64691999999923	EXP	szo_kiir: text = "téveszmerendszer"
217.17144000000553	EXP	szo_kiir: autoDraw = true
218.66886999999406	DATA	Keydown: ArrowRight
218.69982499998878	EXP	szo_kiir: autoDraw = false
218.69982499998878	EXP	szo_kiir: color = {"_rgb":[1,1,1]}
218.69982499998878	EXP	szo_kiir: text = "megpadék"
219.213539999997	EXP	szo_kiir: autoDraw = true
220.16586499998812	DATA	Keydown: ArrowLeft
220.18356999999378	EXP	szo_kiir: autoDraw = false
220.18356999999378	EXP	szo_kiir: color = {"_rgb":[1,1,1]}
220.18356999999378	EXP	szo_kiir: text = "istenkedik"
220.69733999998425	EXP	szo_kiir: autoDraw = true
222.47476499999175	DATA	Keydown: ArrowRight
222.4915350000083	EXP	szo_kiir: autoDraw = false
222.4915350000083	EXP	szo_kiir: color = {"_rgb":[1,1,1]}
222.4915350000083	EXP	szo_kiir: text = "hazardíroz"
222.9990650000109	EXP	szo_kiir: autoDraw = true
224.80161500000395	DATA	Keydown: ArrowRight
224.8165849999932	EXP	szo_kiir: autoDraw = false
224.8165849999932	EXP	szo_kiir: color = {"_rgb":[1,1,1]}
224.8165849999932	EXP	szo_kiir: text = "infimum"
225.3374799999874	EXP	szo_kiir: autoDraw = true
228.4516949999961	DATA	Keydown: ArrowLeft
228.46849500000826	EXP	szo_kiir: autoDraw = false
228.46849500000826	EXP	szo_kiir: color = {"_rgb":[1,1,1]}
228.46849500000826	EXP	szo_kiir: text = "nomináljövedelem"
228.98843500000658	EXP	szo_kiir: autoDraw = true
230.73032500001136	DATA	Keydown: ArrowRight
230.7528600000078	EXP	szo_kiir: autoDraw = false
230.7528600000078	EXP	szo_kiir: color = {"_rgb":[1,1,1]}
230.7528600000078	EXP	szo_kiir: text = "túlium"
231.2669300000125	EXP	szo_kiir: autoDraw = true
232.98578499999712	DATA	Keydown: ArrowLeft
232.99789999998757	EXP	szo_kiir: autoDraw = false
232.99789999998757	EXP	szo_kiir: color = {"_rgb":[1,1,1]}
232.99789999998757	EXP	szo_kiir: text = "nagyoll"
233.51709499998833	EXP	szo_kiir: autoDraw = true
234.50362999999197	DATA	Keydown: ArrowLeft
234.51386499998625	EXP	szo_kiir: autoDraw = false
234.51386499998625	EXP	szo_kiir: color = {"_rgb":[1,1,1]}
234.51386499998625	EXP	szo_kiir: text = "zentiekert"
235.03562000000966	EXP	szo_kiir: autoDraw = true
236.20655999999144	DATA	Keydown: ArrowLeft
236.21650999999838	EXP	szo_kiir: autoDraw = false
236.21650999999838	EXP	szo_kiir: color = {"_rgb":[1,1,1]}
236.21650999999838	EXP	szo_kiir: text = "türemlik"
236.7375549999997	EXP	szo_kiir: autoDraw = true
238.76478999998653	DATA	Keydown: ArrowRight
238.79034000000684	EXP	szo_kiir: autoDraw = false
238.79034000000684	EXP	szo_kiir: color = {"_rgb":[1,1,1]}
238.79034000000684	EXP	szo_kiir: text = "kardorrú"
239.29900500000804	EXP	szo_kiir: autoDraw = true
240.89822500001173	DATA	Keydown: ArrowRight
240.9121799999848	EXP	szo_kiir: autoDraw = false
240.9121799999848	EXP	szo_kiir: color = {"_rgb":[1,1,1]}
240.9121799999848	EXP	szo_kiir: text = "szíjaz"
241.41998999999487	EXP	szo_kiir: autoDraw = true
242.2343450000044	DATA	Keydown: ArrowRight
242.2666850000096	EXP	szo_kiir: autoDraw = false
242.2666850000096	EXP	szo_kiir: color = {"_rgb":[1,1,1]}
242.2666850000096	EXP	szo_kiir: text = "keserűgyökér"
242.78435999999056	EXP	szo_kiir: autoDraw = true
243.56719000000157	DATA	Keydown: ArrowRight
243.58155999999144	EXP	szo_kiir: autoDraw = false
243.58155999999144	EXP	szo_kiir: color = {"_rgb":[1,1,1]}
243.58155999999144	EXP	szo_kiir: text = "hasonértékű"
244.10217999998713	EXP	szo_kiir: autoDraw = true
245.84913499999675	DATA	Keydown: ArrowLeft
245.86574000000837	EXP	szo_kiir: autoDraw = false
245.86574000000837	EXP	szo_kiir: color = {"_rgb":[1,1,1]}
245.86574000000837	EXP	szo_kiir: text = "katéterez"
246.38271000000532	EXP	szo_kiir: autoDraw = true
247.43621499999426	DATA	Keydown: ArrowRight
247.46325999998953	EXP	szo_kiir: autoDraw = false
247.46325999998953	EXP	szo_kiir: color = {"_rgb":[1,1,1]}
247.46325999998953	EXP	szo_kiir: text = "kispárlófű"
247.9844649999868	EXP	szo_kiir: autoDraw = true
250.81726499999058	DATA	Keydown: ArrowLeft
250.8322899999912	EXP	szo_kiir: autoDraw = false
250.8322899999912	EXP	szo_kiir: color = {"_rgb":[1,1,1]}
250.8322899999912	EXP	szo_kiir: text = "őrint"
251.35010499999044	EXP	szo_kiir: autoDraw = true
252.26238000000012	DATA	Keydown: ArrowLeft
252.2787599999865	EXP	szo_kiir: autoDraw = false
252.2787599999865	EXP	szo_kiir: color = {"_rgb":[1,1,1]}
252.2787599999865	EXP	szo_kiir: text = "gramoszi"
252.79875499999616	EXP	szo_kiir: autoDraw = true
253.6241999999911	DATA	Keydown: ArrowLeft
253.63905500000692	EXP	szo_kiir: autoDraw = false
253.63905500000692	EXP	szo_kiir: color = {"_rgb":[1,1,1]}
253.63905500000692	EXP	szo_kiir: text = "hajcsárkodik"
254.14942500001052	EXP	szo_kiir: autoDraw = true
254.96527499999502	DATA	Keydown: ArrowRight
254.98072500000126	EXP	szo_kiir: autoDraw = false
254.98072500000126	EXP	szo_kiir: color = {"_rgb":[1,1,1]}
254.98072500000126	EXP	szo_kiir: text = "kollektivizál"
255.5024749999866	EXP	szo_kiir: autoDraw = true
256.3395399999863	DATA	Keydown: ArrowRight
256.3635249999934	EXP	szo_kiir: autoDraw = false
256.3635249999934	EXP	szo_kiir: color = {"_rgb":[1,1,1]}
256.3635249999934	EXP	szo_kiir: text = "politúroz"
256.88887999998406	EXP	szo_kiir: autoDraw = true
258.06769999998505	DATA	Keydown: ArrowRight
258.0820850000018	EXP	szo_kiir: autoDraw = false
258.0820850000018	EXP	szo_kiir: color = {"_rgb":[1,1,1]}
258.0820850000018	EXP	szo_kiir: text = "visszín"
258.59893499998725	EXP	szo_kiir: autoDraw = true
260.16597999999067	DATA	Keydown: ArrowLeft
260.19666499999585	EXP	szo_kiir: autoDraw = false
260.19666499999585	EXP	szo_kiir: color = {"_rgb":[1,1,1]}
260.19666499999585	EXP	szo_kiir: text = "léghajózik"
260.7175550000102	EXP	szo_kiir: autoDraw = true
261.44299000001047	DATA	Keydown: ArrowRight
261.4485649999988	EXP	szo_kiir: autoDraw = false
261.4485649999988	EXP	szo_kiir: color = {"_rgb":[1,1,1]}
261.4485649999988	EXP	szo_kiir: text = "alka"
261.96716000000015	EXP	szo_kiir: autoDraw = true
262.82253999999375	DATA	Keydown: ArrowLeft
262.8402599999972	EXP	szo_kiir: autoDraw = false
262.8402599999972	EXP	szo_kiir: color = {"_rgb":[1,1,1]}
262.8402599999972	EXP	szo_kiir: text = "egyenetlenkedik"
263.3510749999841	EXP	szo_kiir: autoDraw = true
264.25078999999096	DATA	Keydown: ArrowRight
264.26355999999214	EXP	szo_kiir: autoDraw = false
264.26355999999214	EXP	szo_kiir: color = {"_rgb":[1,1,1]}
264.26355999999214	EXP	szo_kiir: text = "léháskodik"
264.78296000001137	EXP	szo_kiir: autoDraw = true
265.4941749999998	DATA	Keydown: ArrowRight
265.5133050000004	EXP	szo_kiir: autoDraw = false
265.5133050000004	EXP	szo_kiir: color = {"_rgb":[1,1,1]}
265.5133050000004	EXP	szo_kiir: text = "desszertestál"
266.03419000000576	EXP	szo_kiir: autoDraw = true
267.83251000000746	DATA	Keydown: ArrowRight
267.8519249999954	EXP	szo_kiir: autoDraw = false
267.8519249999954	EXP	szo_kiir: color = {"_rgb":[1,1,1]}
267.8519249999954	EXP	szo_kiir: text = "megfogózik"
268.367499999993	EXP	szo_kiir: autoDraw = true
270.1894549999852	DATA	Keydown: ArrowRight
270.20408500000485	EXP	szo_kiir: autoDraw = false
270.20408500000485	EXP	szo_kiir: color = {"_rgb":[1,1,1]}
270.20408500000485	EXP	szo_kiir: text = "lecskediriz"
270.7171049999888	EXP	szo_kiir: autoDraw = true
271.93114999998943	DATA	Keydown: ArrowLeft
271.946729999996	EXP	szo_kiir: autoDraw = false
271.946729999996	EXP	szo_kiir: color = {"_rgb":[1,1,1]}
271.946729999996	EXP	szo_kiir: text = "viaszoz"
272.46762000001036	EXP	szo_kiir: autoDraw = true
273.599435000011	DATA	Keydown: ArrowRight
273.6262449999922	EXP	szo_kiir: autoDraw = false
273.6262449999922	EXP	szo_kiir: color = {"_rgb":[1,1,1]}
273.6262449999922	EXP	szo_kiir: text = "tőzsérkedik"
274.13612499999	EXP	szo_kiir: autoDraw = true
274.9217249999929	DATA	Keydown: ArrowRight
274.93189999999595	EXP	szo_kiir: autoDraw = false
274.93189999999595	EXP	szo_kiir: color = {"_rgb":[1,1,1]}
274.93189999999595	EXP	szo_kiir: text = "cséltás"
275.45193499999004	EXP	szo_kiir: autoDraw = true
276.60607999999775	DATA	Keydown: ArrowLeft
276.6256749999884	EXP	szo_kiir: autoDraw = false
276.6256749999884	EXP	koszi_szoveg: autoDraw = true
279.7382299999881	DATA	Keydown: ArrowLeft
