0.28848000010475516	EXP	Created Window = Window( name=Window, fullscr=true, color=#000000, units=norm, waitBlanking=true, autoLog=true, size=[1600,757] )
4.0786999999545515	DATA	Keydown: 3
4.270944999996573	DATA	Keydown: 3
4.5262649999931455	DATA	Keydown: 6
4.708585000131279	DATA	Keydown: 6
7.49604000011459	DATA	Keydown: Shift
7.569975000107661	DATA	Keydown: N
8.619614999974146	DATA	Keydown: o
9.551454999949783	DATA	Keydown: Backspace
11.522000000113621	DATA	Keydown: ü
12.082584999967366	DATA	Keydown: Backspace
12.347569999983534	DATA	Keydown: ö
13.521570000099018	DATA	Keydown: Backspace
14.129600000102073	DATA	Keydown: ó
14.744180000154302	DATA	Keydown: Backspace
17.144155000103638	DATA	Keydown: ő
20.187595000024885	DATA	Keydown: 2
20.405965000158176	DATA	Keydown: 0
20.540400000056252	DATA	Keydown: 0
20.737304999958724	DATA	Keydown: 1
23.596030000131577	DATA	Keydown: 9
