0.050094999838620424	EXP	Created Window = Window( name=Window, fullscr=true, color=#000000, units=norm, waitBlanking=true, autoLog=true, size=[1536,760] )
13.504544999916106	DATA	Keydown: 5
13.790719999931753	DATA	Keydown: 0
14.32520499965176	DATA	Keydown: 1
14.56129499990493	DATA	Keydown: 8
18.887924999929965	DATA	Keydown: f
19.167529999744147	DATA	Keydown: é
19.337584999855608	DATA	Keydown: r
19.59188999980688	DATA	Keydown: f
19.805594999808818	DATA	Keydown: i
23.023134999908507	DATA	Keydown: 1
23.57299999985844	DATA	Keydown: 9
23.75719999987632	DATA	Keydown: 9
24.693804999813437	DATA	Keydown: 1
25.724709999747574	DATA	Keydown: .
26.243114999961108	DATA	Keydown: 0
29.243824999779463	DATA	Keydown: Backspace
30.02529999986291	DATA	Keydown: 1
30.305139999836683	DATA	Keydown: 0
30.499499999918044	DATA	Keydown: .
30.62552999984473	DATA	Keydown: 0
30.86940999981016	DATA	Keydown: 5
37.60537499981001	DATA	Keydown: 1
37.795529999770224	DATA	Keydown: 5
43.03507999982685	EXP	Created instruction_text1 = TextStim( name=instruction_text1, win=Window( name=Window, fullscr=true, color=#000000, ~), autoDraw=null, autoLog=true, units=norm, ori=null, opacity=1, pos=[0,0], size=undefined, text=Ön most szavakat fog látni.

Ezek között lesznek o~, font=Arial, color=#ffffff, contrast=1, height=0.05, bold=null, italic=null, alignHoriz=left, alignVert=center, wrapWidth=1, flipHoriz=null, flipVert=null )
43.036409999709576	EXP	Created instruction_text2 = TextStim( name=instruction_text2, win=Window( name=Window, fullscr=true, color=#000000, ~), autoDraw=null, autoLog=true, units=norm, ori=null, opacity=1, pos=[0,0], size=undefined, text=Először két egyszerű példát mutatunk Önnek.

Az el~, font=Arial, color=#FFFFFF, contrast=1, height=0.05, bold=null, italic=null, alignHoriz=left, alignVert=center, wrapWidth=1, flipHoriz=null, flipVert=null )
43.03700999962166	EXP	Created show_text = TextStim( name=show_text, win=Window( name=Window, fullscr=true, color=#000000, ~), autoDraw=null, autoLog=true, units=norm, ori=null, opacity=1, pos=[0,0], size=undefined, text=asztal, font=Arial, color=#FFFFFF, contrast=1, height=0.2, bold=null, italic=null, alignHoriz=left, alignVert=center, wrapWidth=1, flipHoriz=null, flipVert=null )
43.03745499998331	EXP	Created text = TextStim( name=text, win=Window( name=Window, fullscr=true, color=#000000, ~), autoDraw=null, autoLog=true, units=norm, ori=null, opacity=1, pos=[0,0], size=undefined, text=bzsmfsztal, font=Arial, color=#FFFFFF, contrast=1, height=0.2, bold=null, italic=null, alignHoriz=left, alignVert=center, wrapWidth=1, flipHoriz=null, flipVert=null )
43.03902499983087	EXP	Created instruction_text3 = TextStim( name=instruction_text3, win=Window( name=Window, fullscr=true, color=#000000, ~), autoDraw=null, autoLog=true, units=norm, ori=null, opacity=1, pos=[0,0], size=undefined, text=Pazar. Most kezdődik az igazi kísérlet. Néhány per~, font=Arial, color=#FFFFFF, contrast=1, height=0.1, bold=null, italic=null, alignHoriz=left, alignVert=center, wrapWidth=1, flipHoriz=null, flipVert=null )
43.039879999589175	EXP	Created szo_kiir = TextStim( name=szo_kiir, win=Window( name=Window, fullscr=true, color=#000000, ~), autoDraw=null, autoLog=true, units=norm, ori=null, opacity=1, pos=[0,0], size=undefined, text=default text, font=Arial, color=#FFFFFF, contrast=1, height=0.2, bold=null, italic=null, alignHoriz=left, alignVert=center, wrapWidth=1, flipHoriz=null, flipVert=null )
43.04062499990687	EXP	Created koszi_szoveg = TextStim( name=koszi_szoveg, win=Window( name=Window, fullscr=true, color=#000000, ~), autoDraw=null, autoLog=true, units=norm, ori=null, opacity=1, pos=[0,0], size=undefined, text=Vége a kísérletnek. Köszönjük a részvételt!, font=arial, color=#ffffff, contrast=1, height=0.1, bold=null, italic=null, alignHoriz=left, alignVert=center, wrapWidth=1, flipHoriz=null, flipVert=null )
43.08193499967456	EXP	instruction_text1: units = "norm"
43.08193499967456	EXP	instruction_text1: ori = 0
43.08193499967456	EXP	instruction_text1: opacity = 1
43.08193499967456	EXP	instruction_text1: pos = [0,0]
43.08193499967456	EXP	instruction_text1: size = undefined
43.08193499967456	EXP	instruction_text1: text = "Ön most szavakat fog látni.\n\nEzek között lesznek olyanok, amelyeket ismer, de előfordulhatnak olyanok is, amelyeket nem ismer, sőt, vannak köztük kitalált szavak is. \n\nKérjük, ha ismeri a képernyőn látható szót, nyomja meg a JOBB kurzorbillentyűt.\nKérjük, ha NEM ismeri a képernyőn látható szót, vagy azt gondolja, nincs ilyen szó a magyarban, nyomja meg a BAL kurzorbillentyűt.\n\nAz 'Ismerem a szót' döntés itt most ezt jelenti: találkoztam már vele, és van valami elképzelésem a jelentéséről is.  \n\nNyomjon meg bármilyen billentyűt a folytatáshoz."
43.08193499967456	EXP	instruction_text1: font = "Arial"
43.08193499967456	EXP	instruction_text1: color = {"_rgb":[1,1,1]}
43.08193499967456	EXP	instruction_text1: contrast = 1
43.08193499967456	EXP	instruction_text1: height = 0.05
43.08193499967456	EXP	instruction_text1: bold = false
43.08193499967456	EXP	instruction_text1: italic = false
43.08193499967456	EXP	instruction_text1: alignHoriz = "left"
43.08193499967456	EXP	instruction_text1: alignVert = "center"
43.08193499967456	EXP	instruction_text1: wrapWidth = 1
43.08193499967456	EXP	instruction_text1: flipHoriz = false
43.08193499967456	EXP	instruction_text1: flipVert = false
43.08193499967456	EXP	instruction_text2: units = "norm"
43.08193499967456	EXP	instruction_text2: ori = 0
43.08193499967456	EXP	instruction_text2: opacity = 1
43.08193499967456	EXP	instruction_text2: pos = [0,0]
43.08193499967456	EXP	instruction_text2: size = undefined
43.08193499967456	EXP	instruction_text2: text = "Először két egyszerű példát mutatunk Önnek.\n\nAz első szó létezik a magyarban, és valószínűleg Ön is ismeri. Itt nyomja majd meg a jobb kurzorbillentyűt.\nA második szó nem létezik a magyar nyelvben. Itt nyomja majd meg a bal kurzorbillentyűt.\n\nFontos, hogy a jobb gombot a jobb kezével, a bal gombot a bal kezével nyomja, ha tudja, és ne egy kezét használja a kísérletben.\n\nNyomjon meg bármilyen gombot a folytatáshoz."
43.08193499967456	EXP	instruction_text2: font = "Arial"
43.08193499967456	EXP	instruction_text2: color = {"_hex":"#FFFFFF","_rgb":[1,1,1]}
43.08193499967456	EXP	instruction_text2: contrast = 1
43.08193499967456	EXP	instruction_text2: height = 0.05
43.08193499967456	EXP	instruction_text2: bold = false
43.08193499967456	EXP	instruction_text2: italic = false
43.08193499967456	EXP	instruction_text2: alignHoriz = "left"
43.08193499967456	EXP	instruction_text2: alignVert = "center"
43.08193499967456	EXP	instruction_text2: wrapWidth = 1
43.08193499967456	EXP	instruction_text2: flipHoriz = false
43.08193499967456	EXP	instruction_text2: flipVert = false
43.08193499967456	EXP	show_text: units = "norm"
43.08193499967456	EXP	show_text: ori = 0
43.08193499967456	EXP	show_text: opacity = 1
43.08193499967456	EXP	show_text: pos = [0,0]
43.08193499967456	EXP	show_text: size = undefined
43.08193499967456	EXP	show_text: text = "asztal"
43.08193499967456	EXP	show_text: font = "Arial"
43.08193499967456	EXP	show_text: color = {"_hex":"#FFFFFF","_rgb":[1,1,1]}
43.08193499967456	EXP	show_text: contrast = 1
43.08193499967456	EXP	show_text: height = 0.2
43.08193499967456	EXP	show_text: bold = false
43.08193499967456	EXP	show_text: italic = false
43.08193499967456	EXP	show_text: alignHoriz = "left"
43.08193499967456	EXP	show_text: alignVert = "center"
43.08193499967456	EXP	show_text: wrapWidth = 1
43.08193499967456	EXP	show_text: flipHoriz = false
43.08193499967456	EXP	show_text: flipVert = false
43.08193499967456	EXP	text: units = "norm"
43.08193499967456	EXP	text: ori = 0
43.08193499967456	EXP	text: opacity = 1
43.08193499967456	EXP	text: pos = [0,0]
43.08193499967456	EXP	text: size = undefined
43.08193499967456	EXP	text: text = "bzsmfsztal"
43.08193499967456	EXP	text: font = "Arial"
43.08193499967456	EXP	text: color = {"_hex":"#FFFFFF","_rgb":[1,1,1]}
43.08193499967456	EXP	text: contrast = 1
43.08193499967456	EXP	text: height = 0.2
43.08193499967456	EXP	text: bold = false
43.08193499967456	EXP	text: italic = false
43.08193499967456	EXP	text: alignHoriz = "left"
43.08193499967456	EXP	text: alignVert = "center"
43.08193499967456	EXP	text: wrapWidth = 1
43.08193499967456	EXP	text: flipHoriz = false
43.08193499967456	EXP	text: flipVert = false
43.08193499967456	EXP	instruction_text3: units = "norm"
43.08193499967456	EXP	instruction_text3: ori = 0
43.08193499967456	EXP	instruction_text3: opacity = 1
43.08193499967456	EXP	instruction_text3: pos = [0,0]
43.08193499967456	EXP	instruction_text3: size = undefined
43.08193499967456	EXP	instruction_text3: text = "Pazar. Most kezdődik az igazi kísérlet. Néhány percig fog tartani. Nem kell nagyon sietnie, de igyekezzen gyorsan válaszolni.\n\nNe feledje, ha tudja, a jobb gombot a jobbkezével, a bal gombot a balkezével nyomja le.\n\nNyomjon meg bármilyen gombot a folytatáshoz."
43.08193499967456	EXP	instruction_text3: font = "Arial"
43.08193499967456	EXP	instruction_text3: color = {"_hex":"#FFFFFF","_rgb":[1,1,1]}
43.08193499967456	EXP	instruction_text3: contrast = 1
43.08193499967456	EXP	instruction_text3: height = 0.1
43.08193499967456	EXP	instruction_text3: bold = false
43.08193499967456	EXP	instruction_text3: italic = false
43.08193499967456	EXP	instruction_text3: alignHoriz = "left"
43.08193499967456	EXP	instruction_text3: alignVert = "center"
43.08193499967456	EXP	instruction_text3: wrapWidth = 1
43.08193499967456	EXP	instruction_text3: flipHoriz = false
43.08193499967456	EXP	instruction_text3: flipVert = false
43.08193499967456	EXP	szo_kiir: units = "norm"
43.08193499967456	EXP	szo_kiir: ori = 0
43.08193499967456	EXP	szo_kiir: opacity = 1
43.08193499967456	EXP	szo_kiir: pos = [0,0]
43.08193499967456	EXP	szo_kiir: size = undefined
43.08193499967456	EXP	szo_kiir: text = "default text"
43.08193499967456	EXP	szo_kiir: font = "Arial"
43.08193499967456	EXP	szo_kiir: color = {"_hex":"#FFFFFF","_rgb":[1,1,1]}
43.08193499967456	EXP	szo_kiir: contrast = 1
43.08193499967456	EXP	szo_kiir: height = 0.2
43.08193499967456	EXP	szo_kiir: bold = false
43.08193499967456	EXP	szo_kiir: italic = false
43.08193499967456	EXP	szo_kiir: alignHoriz = "left"
43.08193499967456	EXP	szo_kiir: alignVert = "center"
43.08193499967456	EXP	szo_kiir: wrapWidth = 1
43.08193499967456	EXP	szo_kiir: flipHoriz = false
43.08193499967456	EXP	szo_kiir: flipVert = false
43.08193499967456	EXP	koszi_szoveg: units = "norm"
43.08193499967456	EXP	koszi_szoveg: ori = 0
43.08193499967456	EXP	koszi_szoveg: opacity = 1
43.08193499967456	EXP	koszi_szoveg: pos = [0,0]
43.08193499967456	EXP	koszi_szoveg: size = undefined
43.08193499967456	EXP	koszi_szoveg: text = "Vége a kísérletnek. Köszönjük a részvételt!"
43.08193499967456	EXP	koszi_szoveg: font = "arial"
43.08193499967456	EXP	koszi_szoveg: color = {"_rgb":[1,1,1]}
43.08193499967456	EXP	koszi_szoveg: contrast = 1
43.08193499967456	EXP	koszi_szoveg: height = 0.1
43.08193499967456	EXP	koszi_szoveg: bold = false
43.08193499967456	EXP	koszi_szoveg: italic = false
43.08193499967456	EXP	koszi_szoveg: alignHoriz = "left"
43.08193499967456	EXP	koszi_szoveg: alignVert = "center"
43.08193499967456	EXP	koszi_szoveg: wrapWidth = 1
43.08193499967456	EXP	koszi_szoveg: flipHoriz = false
43.08193499967456	EXP	koszi_szoveg: flipVert = false
43.08193499967456	EXP	instruction_text1: autoDraw = true
78.12537499982864	DATA	Mouse: 0 button down, pos=(816.0000121593475,608.000009059906)
78.3383249999024	DATA	Mouse: 0 button down, pos=(816.0000121593475,608.000009059906)
78.53511999966577	DATA	Keydown:  
78.56156999990344	EXP	instruction_text1: autoDraw = false
78.56156999990344	EXP	instruction_text2: autoDraw = true
84.96929499972612	DATA	Keydown:  
84.99619499966502	EXP	instruction_text2: autoDraw = false
85.50105499988422	EXP	show_text: autoDraw = true
87.97609499981627	DATA	Keydown:  
92.03655499964952	DATA	Keydown: ArrowRight
92.06555499974638	EXP	show_text: autoDraw = false
92.58283999981359	EXP	text: autoDraw = true
96.25828499998897	DATA	Keydown: ArrowLeft
96.2970300000161	EXP	text: autoDraw = false
96.2970300000161	EXP	instruction_text3: autoDraw = true
115.84178999997675	DATA	Keydown:  
115.88016499998048	EXP	instruction_text3: autoDraw = false
115.88016499998048	EXP	szo_kiir: color = {"_rgb":[1,1,1]}
115.88016499998048	EXP	szo_kiir: text = "tartozik"
116.39411500003189	EXP	szo_kiir: autoDraw = true
122.17070499993861	DATA	Keydown: ArrowRight
122.17805500002578	EXP	szo_kiir: autoDraw = false
122.17805500002578	EXP	szo_kiir: color = {"_rgb":[1,1,1]}
122.17805500002578	EXP	szo_kiir: text = "likálható"
122.69631999963894	EXP	szo_kiir: autoDraw = true
126.00192499998957	DATA	Keydown: ArrowLeft
126.0203199996613	EXP	szo_kiir: autoDraw = false
126.0203199996613	EXP	szo_kiir: color = {"_rgb":[1,1,1]}
126.0203199996613	EXP	szo_kiir: text = "speciális"
126.53113000001758	EXP	szo_kiir: autoDraw = true
129.17327999975532	DATA	Keydown: ArrowRight
129.18057999992743	EXP	szo_kiir: autoDraw = false
129.18057999992743	EXP	szo_kiir: color = {"_rgb":[1,1,1]}
129.18057999992743	EXP	szo_kiir: text = "priváló"
129.68217499973252	EXP	szo_kiir: autoDraw = true
136.05225499998778	DATA	Keydown: ArrowRight
136.0670399996452	EXP	szo_kiir: autoDraw = false
136.0670399996452	EXP	szo_kiir: color = {"_rgb":[1,1,1]}
136.0670399996452	EXP	szo_kiir: text = "verseny"
136.56888999976218	EXP	szo_kiir: autoDraw = true
138.84985999995843	DATA	Keydown: ArrowRight
138.8715849998407	EXP	szo_kiir: autoDraw = false
138.8715849998407	EXP	szo_kiir: color = {"_rgb":[1,1,1]}
138.8715849998407	EXP	szo_kiir: text = "ár"
139.38537999987602	EXP	szo_kiir: autoDraw = true
140.8365099998191	DATA	Keydown: ArrowRight
140.85174999991432	EXP	szo_kiir: autoDraw = false
140.85174999991432	EXP	szo_kiir: color = {"_rgb":[1,1,1]}
140.85174999991432	EXP	szo_kiir: text = "igény"
141.36991999996826	EXP	szo_kiir: autoDraw = true
143.02092000003904	DATA	Keydown: ArrowRight
143.0436299997382	EXP	szo_kiir: autoDraw = false
143.0436299997382	EXP	szo_kiir: color = {"_rgb":[1,1,1]}
143.0436299997382	EXP	szo_kiir: text = "módszer"
143.55370499985293	EXP	szo_kiir: autoDraw = true
145.45656499965116	DATA	Keydown: ArrowRight
145.4704199996777	EXP	szo_kiir: autoDraw = false
145.4704199996777	EXP	szo_kiir: color = {"_rgb":[1,1,1]}
145.4704199996777	EXP	szo_kiir: text = "keresztény"
145.9882549997419	EXP	szo_kiir: autoDraw = true
148.28156499983743	DATA	Keydown: ArrowRight
148.28972999984398	EXP	szo_kiir: autoDraw = false
148.28972999984398	EXP	szo_kiir: color = {"_rgb":[1,1,1]}
148.28972999984398	EXP	szo_kiir: text = "csomag"
148.80565999960527	EXP	szo_kiir: autoDraw = true
150.49533499963582	DATA	Keydown: ArrowRight
150.50376999983564	EXP	szo_kiir: autoDraw = false
150.50376999983564	EXP	szo_kiir: color = {"_rgb":[1,1,1]}
150.50376999983564	EXP	szo_kiir: text = "lélek"
151.0236399997957	EXP	szo_kiir: autoDraw = true
152.47505999961868	DATA	Keydown: ArrowRight
152.49099499965087	EXP	szo_kiir: autoDraw = false
152.49099499965087	EXP	szo_kiir: color = {"_rgb":[1,1,1]}
152.49099499965087	EXP	szo_kiir: text = "szempont"
153.00683999992907	EXP	szo_kiir: autoDraw = true
154.4811950000003	DATA	Keydown: ArrowRight
154.4880599998869	EXP	szo_kiir: autoDraw = false
154.4880599998869	EXP	szo_kiir: color = {"_rgb":[1,1,1]}
154.4880599998869	EXP	szo_kiir: text = "olaj"
155.0081099998206	EXP	szo_kiir: autoDraw = true
156.66559999994934	DATA	Keydown: ArrowRight
156.67597500002012	EXP	szo_kiir: autoDraw = false
156.67597500002012	EXP	szo_kiir: color = {"_rgb":[1,1,1]}
156.67597500002012	EXP	szo_kiir: text = "rohangsári"
157.19190999958664	EXP	szo_kiir: autoDraw = true
162.81699500000104	DATA	Keydown: ArrowLeft
162.82666999986395	EXP	szo_kiir: autoDraw = false
162.82666999986395	EXP	szo_kiir: color = {"_rgb":[1,1,1]}
162.82666999986395	EXP	szo_kiir: text = "kislány"
163.3443149998784	EXP	szo_kiir: autoDraw = true
164.91376999998465	DATA	Keydown: ArrowRight
164.93145999964327	EXP	szo_kiir: autoDraw = false
164.93145999964327	EXP	szo_kiir: color = {"_rgb":[1,1,1]}
164.93145999964327	EXP	szo_kiir: text = "kollektív"
165.4450649996288	EXP	szo_kiir: autoDraw = true
167.05167499976233	DATA	Keydown: ArrowRight
167.05991999991238	EXP	szo_kiir: autoDraw = false
167.05991999991238	EXP	szo_kiir: color = {"_rgb":[1,1,1]}
167.05991999991238	EXP	szo_kiir: text = "kéz"
167.57933999970555	EXP	szo_kiir: autoDraw = true
169.0955399996601	DATA	Keydown: ArrowRight
169.11544499965385	EXP	szo_kiir: autoDraw = false
169.11544499965385	EXP	szo_kiir: color = {"_rgb":[1,1,1]}
169.11544499965385	EXP	szo_kiir: text = "radikális"
169.63040999975055	EXP	szo_kiir: autoDraw = true
171.22881999984384	DATA	Keydown: ArrowRight
171.24705499969423	EXP	szo_kiir: autoDraw = false
171.24705499969423	EXP	szo_kiir: color = {"_rgb":[1,1,1]}
171.24705499969423	EXP	szo_kiir: text = "konyrúd"
171.76437999960035	EXP	szo_kiir: autoDraw = true
175.649459999986	DATA	Keydown: ArrowLeft
175.66809499962255	EXP	szo_kiir: autoDraw = false
175.66809499962255	EXP	szo_kiir: color = {"_rgb":[1,1,1]}
175.66809499962255	EXP	szo_kiir: text = "melő"
176.18252999987453	EXP	szo_kiir: autoDraw = true
179.33209499996156	DATA	Keydown: ArrowLeft
179.35000999970362	EXP	szo_kiir: autoDraw = false
179.35000999970362	EXP	szo_kiir: color = {"_rgb":[1,1,1]}
179.35000999970362	EXP	szo_kiir: text = "tanít"
179.86754000000656	EXP	szo_kiir: autoDraw = true
182.99620499974117	DATA	Keydown: ArrowRight
183.0029799998738	EXP	szo_kiir: autoDraw = false
183.0029799998738	EXP	szo_kiir: color = {"_rgb":[1,1,1]}
183.0029799998738	EXP	szo_kiir: text = "multinacionális"
183.51919499970973	EXP	szo_kiir: autoDraw = true
187.24224499985576	DATA	Keydown: ArrowRight
187.25292999995872	EXP	szo_kiir: autoDraw = false
187.25292999995872	EXP	szo_kiir: color = {"_rgb":[1,1,1]}
187.25292999995872	EXP	szo_kiir: text = "űrlap"
187.77006499981508	EXP	szo_kiir: autoDraw = true
189.17507499968633	DATA	Keydown: ArrowRight
189.18852499965578	EXP	szo_kiir: autoDraw = false
189.18852499965578	EXP	szo_kiir: color = {"_rgb":[1,1,1]}
189.18852499965578	EXP	szo_kiir: text = "kölcsönöz"
189.70488499989733	EXP	szo_kiir: autoDraw = true
191.33235999988392	DATA	Keydown: ArrowRight
191.33719499967992	EXP	szo_kiir: autoDraw = false
191.33719499967992	EXP	szo_kiir: color = {"_rgb":[1,1,1]}
191.33719499967992	EXP	szo_kiir: text = "ékszer"
191.85510499961674	EXP	szo_kiir: autoDraw = true
192.945374999661	DATA	Keydown: ArrowRight
192.95663999998942	EXP	szo_kiir: autoDraw = false
192.95663999998942	EXP	szo_kiir: color = {"_rgb":[1,1,1]}
192.95663999998942	EXP	szo_kiir: text = "részeg"
193.47234499966726	EXP	szo_kiir: autoDraw = true
195.06607999978587	DATA	Keydown: ArrowRight
195.0719200000167	EXP	szo_kiir: autoDraw = false
195.0719200000167	EXP	szo_kiir: color = {"_rgb":[1,1,1]}
195.0719200000167	EXP	szo_kiir: text = "utalvány"
195.58993999985978	EXP	szo_kiir: autoDraw = true
197.40849499963224	DATA	Keydown: ArrowRight
197.42608999973163	EXP	szo_kiir: autoDraw = false
197.42608999973163	EXP	szo_kiir: color = {"_rgb":[1,1,1]}
197.42608999973163	EXP	szo_kiir: text = "sötét"
197.94062999961898	EXP	szo_kiir: autoDraw = true
199.6735299997963	DATA	Keydown: ArrowRight
199.6898599998094	EXP	szo_kiir: autoDraw = false
199.6898599998094	EXP	szo_kiir: color = {"_rgb":[1,1,1]}
199.6898599998094	EXP	szo_kiir: text = "gyógyszerész"
200.19186499994248	EXP	szo_kiir: autoDraw = true
202.18373999977484	DATA	Keydown: ArrowRight
202.1955749997869	EXP	szo_kiir: autoDraw = false
202.1955749997869	EXP	szo_kiir: color = {"_rgb":[1,1,1]}
202.1955749997869	EXP	szo_kiir: text = "aszimmetrikus"
202.7092100000009	EXP	szo_kiir: autoDraw = true
204.6044949996285	DATA	Keydown: ArrowRight
204.60874999966472	EXP	szo_kiir: autoDraw = false
204.60874999966472	EXP	szo_kiir: color = {"_rgb":[1,1,1]}
204.60874999966472	EXP	szo_kiir: text = "háziasszony"
205.12652499973774	EXP	szo_kiir: autoDraw = true
206.90966999996454	DATA	Keydown: ArrowRight
206.92921500001103	EXP	szo_kiir: autoDraw = false
206.92921500001103	EXP	szo_kiir: color = {"_rgb":[1,1,1]}
206.92921500001103	EXP	szo_kiir: text = "hitódó"
207.4451049999334	EXP	szo_kiir: autoDraw = true
212.63529999973252	DATA	Keydown: ArrowLeft
212.64599999971688	EXP	szo_kiir: autoDraw = false
212.64599999971688	EXP	szo_kiir: color = {"_rgb":[1,1,1]}
212.64599999971688	EXP	szo_kiir: text = "kabin"
213.1634649997577	EXP	szo_kiir: autoDraw = true
214.65823499998078	DATA	Keydown: ArrowRight
214.66625499958172	EXP	szo_kiir: autoDraw = false
214.66625499958172	EXP	szo_kiir: color = {"_rgb":[1,1,1]}
214.66625499958172	EXP	szo_kiir: text = "ezüstös"
215.18067499995232	EXP	szo_kiir: autoDraw = true
217.42166999960318	DATA	Keydown: ArrowRight
217.43121999967843	EXP	szo_kiir: autoDraw = false
217.43121999967843	EXP	szo_kiir: color = {"_rgb":[1,1,1]}
217.43121999967843	EXP	szo_kiir: text = "bámérő"
217.94868499971926	EXP	szo_kiir: autoDraw = true
223.45144999958575	DATA	Keydown: ArrowLeft
223.47126999963075	EXP	szo_kiir: autoDraw = false
223.47126999963075	EXP	szo_kiir: color = {"_rgb":[1,1,1]}
223.47126999963075	EXP	szo_kiir: text = "fázik"
223.98411499988288	EXP	szo_kiir: autoDraw = true
225.4335199999623	DATA	Keydown: ArrowRight
225.45082499971613	EXP	szo_kiir: autoDraw = false
225.45082499971613	EXP	szo_kiir: color = {"_rgb":[1,1,1]}
225.45082499971613	EXP	szo_kiir: text = "pikusz"
225.96841500001028	EXP	szo_kiir: autoDraw = true
229.24611999979243	DATA	Keydown: ArrowLeft
229.25324499979615	EXP	szo_kiir: autoDraw = false
229.25324499979615	EXP	szo_kiir: color = {"_rgb":[1,1,1]}
229.25324499979615	EXP	szo_kiir: text = "lomb"
229.7696650000289	EXP	szo_kiir: autoDraw = true
231.37604000000283	DATA	Keydown: ArrowRight
231.38448999961838	EXP	szo_kiir: autoDraw = false
231.38448999961838	EXP	szo_kiir: color = {"_rgb":[1,1,1]}
231.38448999961838	EXP	szo_kiir: text = "balji"
231.90401499997824	EXP	szo_kiir: autoDraw = true
237.47442499967292	DATA	Keydown: ArrowLeft
237.4915499999188	EXP	szo_kiir: autoDraw = false
237.4915499999188	EXP	szo_kiir: color = {"_rgb":[1,1,1]}
237.4915499999188	EXP	szo_kiir: text = "viszt"
238.0063599999994	EXP	szo_kiir: autoDraw = true
240.05796999996528	DATA	Keydown: ArrowLeft
240.0712949996814	EXP	szo_kiir: autoDraw = false
240.0712949996814	EXP	szo_kiir: color = {"_rgb":[1,1,1]}
240.0712949996814	EXP	szo_kiir: text = "pitiáner"
240.5901999999769	EXP	szo_kiir: autoDraw = true
243.30969499982893	DATA	Keydown: ArrowRight
243.32551499968395	EXP	szo_kiir: autoDraw = false
243.32551499968395	EXP	szo_kiir: color = {"_rgb":[1,1,1]}
243.32551499968395	EXP	szo_kiir: text = "délceg"
243.84179999958724	EXP	szo_kiir: autoDraw = true
245.9416149999015	DATA	Keydown: ArrowRight
245.95856999978423	EXP	szo_kiir: autoDraw = false
245.95856999978423	EXP	szo_kiir: color = {"_rgb":[1,1,1]}
245.95856999978423	EXP	szo_kiir: text = "bódé"
246.47608499974012	EXP	szo_kiir: autoDraw = true
248.01044999994338	DATA	Keydown: ArrowRight
248.02724500000477	EXP	szo_kiir: autoDraw = false
248.02724500000477	EXP	szo_kiir: color = {"_rgb":[1,1,1]}
248.02724500000477	EXP	szo_kiir: text = "indulatú"
248.54373000003397	EXP	szo_kiir: autoDraw = true
252.02293999958783	DATA	Keydown: ArrowRight
252.02742999978364	EXP	szo_kiir: autoDraw = false
252.02742999978364	EXP	szo_kiir: color = {"_rgb":[1,1,1]}
252.02742999978364	EXP	szo_kiir: text = "szokik"
252.54475499968976	EXP	szo_kiir: autoDraw = true
259.1168449996039	DATA	Keydown: ArrowRight
259.1326049999334	EXP	szo_kiir: autoDraw = false
259.1326049999334	EXP	szo_kiir: color = {"_rgb":[1,1,1]}
259.1326049999334	EXP	szo_kiir: text = "nagyfejedelem"
259.6476599997841	EXP	szo_kiir: autoDraw = true
263.5372750000097	DATA	Keydown: ArrowRight
263.5485899997875	EXP	szo_kiir: autoDraw = false
263.5485899997875	EXP	szo_kiir: color = {"_rgb":[1,1,1]}
263.5485899997875	EXP	szo_kiir: text = "csatkó"
264.06607999978587	EXP	szo_kiir: autoDraw = true
270.43360499991104	DATA	Keydown: ArrowLeft
270.4537349999882	EXP	szo_kiir: autoDraw = false
270.4537349999882	EXP	szo_kiir: color = {"_rgb":[1,1,1]}
270.4537349999882	EXP	szo_kiir: text = "tanrend"
270.9686649995856	EXP	szo_kiir: autoDraw = true
273.6509949997999	DATA	Keydown: ArrowRight
273.66920999996364	EXP	szo_kiir: autoDraw = false
273.66920999996364	EXP	szo_kiir: color = {"_rgb":[1,1,1]}
273.66920999996364	EXP	szo_kiir: text = "törköly"
274.18650999991223	EXP	szo_kiir: autoDraw = true
277.4934399998747	DATA	Keydown: ArrowRight
277.50547500001267	EXP	szo_kiir: autoDraw = false
277.50547500001267	EXP	szo_kiir: color = {"_rgb":[1,1,1]}
277.50547500001267	EXP	szo_kiir: text = "szarkaláb"
278.02149999979883	EXP	szo_kiir: autoDraw = true
279.78351499978453	DATA	Keydown: ArrowRight
279.78850999986753	EXP	szo_kiir: autoDraw = false
279.78850999986753	EXP	szo_kiir: color = {"_rgb":[1,1,1]}
279.78850999986753	EXP	szo_kiir: text = "viszkóz"
280.305904999841	EXP	szo_kiir: autoDraw = true
284.33963499963284	DATA	Keydown: ArrowRight
284.35877999989316	EXP	szo_kiir: autoDraw = false
284.35877999989316	EXP	szo_kiir: color = {"_rgb":[1,1,1]}
284.35877999989316	EXP	szo_kiir: text = "multiplikatív"
284.874289999716	EXP	szo_kiir: autoDraw = true
291.16308499965817	DATA	Keydown: ArrowRight
291.17597999982536	EXP	szo_kiir: autoDraw = false
291.17597999982536	EXP	szo_kiir: color = {"_rgb":[1,1,1]}
291.17597999982536	EXP	szo_kiir: text = "onogur"
291.6924099996686	EXP	szo_kiir: autoDraw = true
295.3854549997486	DATA	Keydown: ArrowLeft
295.3944449997507	EXP	szo_kiir: autoDraw = false
295.3944449997507	EXP	szo_kiir: color = {"_rgb":[1,1,1]}
295.3944449997507	EXP	szo_kiir: text = "kormányrúd"
295.911334999837	EXP	szo_kiir: autoDraw = true
298.79440499981865	DATA	Keydown: ArrowRight
298.8146649999544	EXP	szo_kiir: autoDraw = false
298.8146649999544	EXP	szo_kiir: color = {"_rgb":[1,1,1]}
298.8146649999544	EXP	szo_kiir: text = "összalaj"
299.3295199996792	EXP	szo_kiir: autoDraw = true
304.76814999990165	DATA	Keydown: ArrowLeft
304.7813099999912	EXP	szo_kiir: autoDraw = false
304.7813099999912	EXP	szo_kiir: color = {"_rgb":[1,1,1]}
304.7813099999912	EXP	szo_kiir: text = "sporthorgász"
305.2982199997641	EXP	szo_kiir: autoDraw = true
307.5819799997844	DATA	Keydown: ArrowRight
307.60098999971524	EXP	szo_kiir: autoDraw = false
307.60098999971524	EXP	szo_kiir: color = {"_rgb":[1,1,1]}
307.60098999971524	EXP	szo_kiir: text = "nyerít"
308.11603499995545	EXP	szo_kiir: autoDraw = true
310.1579499999061	DATA	Keydown: ArrowRight
310.16423500003293	EXP	szo_kiir: autoDraw = false
310.16423500003293	EXP	szo_kiir: color = {"_rgb":[1,1,1]}
310.16423500003293	EXP	szo_kiir: text = "látolt"
310.6672649998218	EXP	szo_kiir: autoDraw = true
314.119594999589	DATA	Keydown: ArrowRight
314.13456499995664	EXP	szo_kiir: autoDraw = false
314.13456499995664	EXP	szo_kiir: color = {"_rgb":[1,1,1]}
314.13456499995664	EXP	szo_kiir: text = "zsúfolódik"
314.6519549996592	EXP	szo_kiir: autoDraw = true
319.1648899996653	DATA	Keydown: ArrowRight
319.17363499989733	EXP	szo_kiir: autoDraw = false
319.17363499989733	EXP	szo_kiir: color = {"_rgb":[1,1,1]}
319.17363499989733	EXP	szo_kiir: text = "analizál"
319.68703999975696	EXP	szo_kiir: autoDraw = true
321.25802499987185	DATA	Keydown: ArrowRight
321.2706299996935	EXP	szo_kiir: autoDraw = false
321.2706299996935	EXP	szo_kiir: color = {"_rgb":[1,1,1]}
321.2706299996935	EXP	szo_kiir: text = "rucaöröm"
321.7713599996641	EXP	szo_kiir: autoDraw = true
326.82159499963745	DATA	Keydown: ArrowLeft
326.83978999964893	EXP	szo_kiir: autoDraw = false
326.83978999964893	EXP	szo_kiir: color = {"_rgb":[1,1,1]}
326.83978999964893	EXP	szo_kiir: text = "kvacsvagos"
327.35699999984354	EXP	szo_kiir: autoDraw = true
330.50712999980897	DATA	Keydown: ArrowLeft
330.5266049997881	EXP	szo_kiir: autoDraw = false
330.5266049997881	EXP	szo_kiir: color = {"_rgb":[1,1,1]}
330.5266049997881	EXP	szo_kiir: text = "szódabikarbonát"
331.0417799996212	EXP	szo_kiir: autoDraw = true
334.04465499985963	DATA	Keydown: ArrowRight
334.0587149998173	EXP	szo_kiir: autoDraw = false
334.0587149998173	EXP	szo_kiir: color = {"_rgb":[1,1,1]}
334.0587149998173	EXP	szo_kiir: text = "madársisak"
334.57649499969557	EXP	szo_kiir: autoDraw = true
344.06396499974653	DATA	Keydown: ArrowLeft
344.07947999984026	EXP	szo_kiir: autoDraw = false
344.07947999984026	EXP	szo_kiir: color = {"_rgb":[1,1,1]}
344.07947999984026	EXP	szo_kiir: text = "anyajogú"
344.5967449997552	EXP	szo_kiir: autoDraw = true
354.9786000000313	DATA	Keydown: ArrowLeft
354.9831099999137	EXP	szo_kiir: autoDraw = false
354.9831099999137	EXP	szo_kiir: color = {"_rgb":[1,1,1]}
354.9831099999137	EXP	szo_kiir: text = "sürög"
355.5008149999194	EXP	szo_kiir: autoDraw = true
358.45114499982446	DATA	Keydown: ArrowRight
358.46996999997646	EXP	szo_kiir: autoDraw = false
358.46996999997646	EXP	szo_kiir: color = {"_rgb":[1,1,1]}
358.46996999997646	EXP	szo_kiir: text = "kanalaz"
358.985175000038	EXP	szo_kiir: autoDraw = true
362.4148799995892	DATA	Keydown: ArrowRight
362.41947999969125	EXP	szo_kiir: autoDraw = false
362.41947999969125	EXP	szo_kiir: color = {"_rgb":[1,1,1]}
362.41947999969125	EXP	szo_kiir: text = "anorák"
362.9373849998228	EXP	szo_kiir: autoDraw = true
366.93003499973565	DATA	Keydown: ArrowLeft
366.9378700000234	EXP	szo_kiir: autoDraw = false
366.9378700000234	EXP	szo_kiir: color = {"_rgb":[1,1,1]}
366.9378700000234	EXP	szo_kiir: text = "pohárszék"
367.45554999960586	EXP	szo_kiir: autoDraw = true
370.44054499967024	DATA	Keydown: ArrowRight
370.4582949997857	EXP	szo_kiir: autoDraw = false
370.4582949997857	EXP	szo_kiir: color = {"_rgb":[1,1,1]}
370.4582949997857	EXP	szo_kiir: text = "verizmus"
370.9736299999058	EXP	szo_kiir: autoDraw = true
375.2481049997732	DATA	Keydown: ArrowLeft
375.2579899998382	EXP	szo_kiir: autoDraw = false
375.2579899998382	EXP	szo_kiir: color = {"_rgb":[1,1,1]}
375.2579899998382	EXP	szo_kiir: text = "arapapagáj"
375.7750849998556	EXP	szo_kiir: autoDraw = true
379.36321999970824	DATA	Keydown: ArrowRight
379.37609499972314	EXP	szo_kiir: autoDraw = false
379.37609499972314	EXP	szo_kiir: color = {"_rgb":[1,1,1]}
379.37609499972314	EXP	szo_kiir: text = "konyosbetű"
379.8937249998562	EXP	szo_kiir: autoDraw = true
386.3613599999808	DATA	Keydown: ArrowLeft
386.3811399997212	EXP	szo_kiir: autoDraw = false
386.3811399997212	EXP	szo_kiir: color = {"_rgb":[1,1,1]}
386.3811399997212	EXP	szo_kiir: text = "majánosol"
386.89604000002146	EXP	szo_kiir: autoDraw = true
391.33894499996677	DATA	Keydown: ArrowLeft
391.34718999965116	EXP	szo_kiir: autoDraw = false
391.34718999965116	EXP	szo_kiir: color = {"_rgb":[1,1,1]}
391.34718999965116	EXP	szo_kiir: text = "allodiális"
391.8650299999863	EXP	szo_kiir: autoDraw = true
399.8839849997312	DATA	Keydown: ArrowLeft
399.90055499970913	EXP	szo_kiir: autoDraw = false
399.90055499970913	EXP	szo_kiir: color = {"_rgb":[1,1,1]}
399.90055499970913	EXP	szo_kiir: text = "homokzátony"
400.41832999978215	EXP	szo_kiir: autoDraw = true
402.6237299996428	DATA	Keydown: ArrowRight
402.6371799996123	EXP	szo_kiir: autoDraw = false
402.6371799996123	EXP	szo_kiir: color = {"_rgb":[1,1,1]}
402.6371799996123	EXP	szo_kiir: text = "retálhit"
403.1524649998173	EXP	szo_kiir: autoDraw = true
410.514824999962	DATA	Keydown: ArrowLeft
410.5209449999966	EXP	szo_kiir: autoDraw = false
410.5209449999966	EXP	szo_kiir: color = {"_rgb":[1,1,1]}
410.5209449999966	EXP	szo_kiir: text = "asszonánc"
411.03896499983966	EXP	szo_kiir: autoDraw = true
416.0255649997853	DATA	Keydown: ArrowLeft
416.040634999983	EXP	szo_kiir: autoDraw = false
416.040634999983	EXP	szo_kiir: color = {"_rgb":[1,1,1]}
416.040634999983	EXP	szo_kiir: text = "zúzanó"
416.55736999958754	EXP	szo_kiir: autoDraw = true
421.913929999806	DATA	Keydown: ArrowLeft
421.9266149997711	EXP	szo_kiir: autoDraw = false
421.9266149997711	EXP	szo_kiir: color = {"_rgb":[1,1,1]}
421.9266149997711	EXP	szo_kiir: text = "vizesvödör"
422.4433349999599	EXP	szo_kiir: autoDraw = true
424.9933299999684	DATA	Keydown: ArrowRight
425.0081349997781	EXP	szo_kiir: autoDraw = false
425.0081349997781	EXP	szo_kiir: color = {"_rgb":[1,1,1]}
425.0081349997781	EXP	szo_kiir: text = "krákfai"
425.5278649996035	EXP	szo_kiir: autoDraw = true
431.2613049997017	DATA	Keydown: ArrowLeft
431.28101000003517	EXP	szo_kiir: autoDraw = false
431.28101000003517	EXP	szo_kiir: color = {"_rgb":[1,1,1]}
431.28101000003517	EXP	szo_kiir: text = "szemtükör"
431.7966799996793	EXP	szo_kiir: autoDraw = true
437.2307449998334	DATA	Keydown: ArrowRight
437.2480699997395	EXP	szo_kiir: autoDraw = false
437.2480699997395	EXP	szo_kiir: color = {"_rgb":[1,1,1]}
437.2480699997395	EXP	szo_kiir: text = "áruszállítmány"
437.76553499978036	EXP	szo_kiir: autoDraw = true
439.8508649999276	DATA	Keydown: ArrowRight
439.8683699998073	EXP	szo_kiir: autoDraw = false
439.8683699998073	EXP	szo_kiir: color = {"_rgb":[1,1,1]}
439.8683699998073	EXP	szo_kiir: text = "urbanizálódik"
440.3830749997869	EXP	szo_kiir: autoDraw = true
449.368494999595	DATA	Keydown: ArrowRight
449.3862299998291	EXP	szo_kiir: autoDraw = false
449.3862299998291	EXP	szo_kiir: color = {"_rgb":[1,1,1]}
449.3862299998291	EXP	szo_kiir: text = "lejmol"
449.90339499991387	EXP	szo_kiir: autoDraw = true
452.23706999979913	DATA	Keydown: ArrowRight
452.25616999994963	EXP	szo_kiir: autoDraw = false
452.25616999994963	EXP	szo_kiir: color = {"_rgb":[1,1,1]}
452.25616999994963	EXP	szo_kiir: text = "ízesedik"
452.77212999993935	EXP	szo_kiir: autoDraw = true
455.4908849997446	DATA	Keydown: ArrowRight
455.5053749997169	EXP	szo_kiir: autoDraw = false
455.5053749997169	EXP	szo_kiir: color = {"_rgb":[1,1,1]}
455.5053749997169	EXP	szo_kiir: text = "zenő"
456.02228499995545	EXP	szo_kiir: autoDraw = true
460.67533499980345	DATA	Keydown: ArrowLeft
460.6921649998985	EXP	szo_kiir: autoDraw = false
460.6921649998985	EXP	szo_kiir: color = {"_rgb":[1,1,1]}
460.6921649998985	EXP	szo_kiir: text = "oikosz"
461.2081499998458	EXP	szo_kiir: autoDraw = true
465.9746399996802	DATA	Keydown: ArrowLeft
465.99256999976933	EXP	szo_kiir: autoDraw = false
465.99256999976933	EXP	szo_kiir: color = {"_rgb":[1,1,1]}
465.99256999976933	EXP	szo_kiir: text = "zománcáru"
466.510185000021	EXP	szo_kiir: autoDraw = true
469.8976699998602	DATA	Keydown: ArrowRight
469.91060499986634	EXP	szo_kiir: autoDraw = false
469.91060499986634	EXP	szo_kiir: color = {"_rgb":[1,1,1]}
469.91060499986634	EXP	szo_kiir: text = "estilágítő"
470.4279799996875	EXP	szo_kiir: autoDraw = true
477.08915499970317	DATA	Keydown: ArrowLeft
477.0980549999513	EXP	szo_kiir: autoDraw = false
477.0980549999513	EXP	szo_kiir: color = {"_rgb":[1,1,1]}
477.0980549999513	EXP	szo_kiir: text = "füvesít"
477.6141699999571	EXP	szo_kiir: autoDraw = true
479.63831499964	DATA	Keydown: ArrowRight
479.6477049998939	EXP	szo_kiir: autoDraw = false
479.6477049998939	EXP	szo_kiir: color = {"_rgb":[1,1,1]}
479.6477049998939	EXP	szo_kiir: text = "törzskönyvez"
480.1653149998747	EXP	szo_kiir: autoDraw = true
482.56415999960154	DATA	Keydown: ArrowRight
482.58341499976814	EXP	szo_kiir: autoDraw = false
482.58341499976814	EXP	szo_kiir: color = {"_rgb":[1,1,1]}
482.58341499976814	EXP	szo_kiir: text = "kardorrú"
483.0996949998662	EXP	szo_kiir: autoDraw = true
485.09894499974325	DATA	Keydown: ArrowRight
485.11620999965817	EXP	szo_kiir: autoDraw = false
485.11620999965817	EXP	szo_kiir: color = {"_rgb":[1,1,1]}
485.11620999965817	EXP	szo_kiir: text = "stalp"
485.63292999984697	EXP	szo_kiir: autoDraw = true
489.93883499968797	DATA	Keydown: ArrowLeft
489.9539049998857	EXP	szo_kiir: autoDraw = false
489.9539049998857	EXP	szo_kiir: color = {"_rgb":[1,1,1]}
489.9539049998857	EXP	szo_kiir: text = "invonult"
490.4687850000337	EXP	szo_kiir: autoDraw = true
495.2655050000176	DATA	Keydown: ArrowLeft
495.2700449996628	EXP	szo_kiir: autoDraw = false
495.2700449996628	EXP	szo_kiir: color = {"_rgb":[1,1,1]}
495.2700449996628	EXP	szo_kiir: text = "főcsemő"
495.78790499968454	EXP	szo_kiir: autoDraw = true
500.9140499997884	DATA	Keydown: ArrowLeft
500.9249549997039	EXP	szo_kiir: autoDraw = false
500.9249549997039	EXP	szo_kiir: color = {"_rgb":[1,1,1]}
500.9249549997039	EXP	szo_kiir: text = "aragas"
501.44000499974936	EXP	szo_kiir: autoDraw = true
504.0106099997647	DATA	Keydown: ArrowLeft
504.0237549999729	EXP	szo_kiir: autoDraw = false
504.0237549999729	EXP	szo_kiir: color = {"_rgb":[1,1,1]}
504.0237549999729	EXP	szo_kiir: text = "kispárlófű"
504.5408799997531	EXP	szo_kiir: autoDraw = true
518.8911500000395	DATA	Keydown: ArrowLeft
518.8960349997506	EXP	szo_kiir: autoDraw = false
518.8960349997506	EXP	szo_kiir: color = {"_rgb":[1,1,1]}
518.8960349997506	EXP	szo_kiir: text = "őrint"
519.413590000011	EXP	szo_kiir: autoDraw = true
528.5424649999477	DATA	Keydown: ArrowLeft
528.5506949997507	EXP	szo_kiir: autoDraw = false
528.5506949997507	EXP	szo_kiir: color = {"_rgb":[1,1,1]}
528.5506949997507	EXP	szo_kiir: text = "elméskedik"
529.0671599996276	EXP	szo_kiir: autoDraw = true
533.9076549997553	DATA	Keydown: ArrowRight
533.9175549997017	EXP	szo_kiir: autoDraw = false
533.9175549997017	EXP	szo_kiir: color = {"_rgb":[1,1,1]}
533.9175549997017	EXP	szo_kiir: text = "korrektúrázik"
534.436005000025	EXP	szo_kiir: autoDraw = true
539.3527599996887	DATA	Keydown: ArrowLeft
539.3715149997734	EXP	szo_kiir: autoDraw = false
539.3715149997734	EXP	szo_kiir: color = {"_rgb":[1,1,1]}
539.3715149997734	EXP	szo_kiir: text = "víker"
539.887764999643	EXP	szo_kiir: autoDraw = true
544.9144500000402	DATA	Keydown: ArrowLeft
544.923614999745	EXP	szo_kiir: autoDraw = false
544.923614999745	EXP	szo_kiir: color = {"_rgb":[1,1,1]}
544.923614999745	EXP	szo_kiir: text = "bojtárkodik"
545.4402149999514	EXP	szo_kiir: autoDraw = true
548.0912299999036	DATA	Keydown: ArrowRight
548.1070949998684	EXP	szo_kiir: autoDraw = false
548.1070949998684	EXP	szo_kiir: color = {"_rgb":[1,1,1]}
548.1070949998684	EXP	szo_kiir: text = "gyant"
548.607919999864	EXP	szo_kiir: autoDraw = true
551.2093299999833	DATA	Keydown: ArrowLeft
551.2270299997181	EXP	szo_kiir: autoDraw = false
551.2270299997181	EXP	szo_kiir: color = {"_rgb":[1,1,1]}
551.2270299997181	EXP	szo_kiir: text = "sápít"
551.7419900000095	EXP	szo_kiir: autoDraw = true
553.4252299997024	DATA	Keydown: ArrowRight
553.4425800000317	EXP	szo_kiir: autoDraw = false
553.4425800000317	EXP	szo_kiir: color = {"_rgb":[1,1,1]}
553.4425800000317	EXP	szo_kiir: text = "csüggöny"
553.9438399998471	EXP	szo_kiir: autoDraw = true
557.2102649998851	DATA	Keydown: ArrowLeft
557.228774999734	EXP	szo_kiir: autoDraw = false
557.228774999734	EXP	szo_kiir: color = {"_rgb":[1,1,1]}
557.228774999734	EXP	szo_kiir: text = "lalláz"
557.744899999816	EXP	szo_kiir: autoDraw = true
560.0735549996607	DATA	Keydown: ArrowLeft
560.0776700000279	EXP	szo_kiir: autoDraw = false
560.0776700000279	EXP	szo_kiir: color = {"_rgb":[1,1,1]}
560.0776700000279	EXP	szo_kiir: text = "okoztatozó"
560.5959099996835	EXP	szo_kiir: autoDraw = true
565.3460299996659	DATA	Keydown: ArrowLeft
565.3634899999015	EXP	szo_kiir: autoDraw = false
565.3634899999015	EXP	szo_kiir: color = {"_rgb":[1,1,1]}
565.3634899999015	EXP	szo_kiir: text = "egyenetlenkedik"
565.8809299999848	EXP	szo_kiir: autoDraw = true
570.7016099998727	DATA	Keydown: ArrowRight
570.7179299998097	EXP	szo_kiir: autoDraw = false
570.7179299998097	EXP	szo_kiir: color = {"_rgb":[1,1,1]}
570.7179299998097	EXP	szo_kiir: text = "filologizál"
571.2327699996531	EXP	szo_kiir: autoDraw = true
579.1211500000209	DATA	Keydown: ArrowLeft
579.1360799996182	EXP	szo_kiir: autoDraw = false
579.1360799996182	EXP	szo_kiir: color = {"_rgb":[1,1,1]}
579.1360799996182	EXP	szo_kiir: text = "megfogózik"
579.6530349999666	EXP	szo_kiir: autoDraw = true
584.5327349998988	DATA	Keydown: ArrowLeft
584.5371499997564	EXP	szo_kiir: autoDraw = false
584.5371499997564	EXP	szo_kiir: color = {"_rgb":[1,1,1]}
584.5371499997564	EXP	szo_kiir: text = "rajcsúroz"
585.0552649996243	EXP	szo_kiir: autoDraw = true
589.1335249999538	DATA	Keydown: ArrowLeft
589.1406799997203	EXP	szo_kiir: autoDraw = false
589.1406799997203	EXP	szo_kiir: color = {"_rgb":[1,1,1]}
589.1406799997203	EXP	szo_kiir: text = "diszkretizál"
589.6577299996279	EXP	szo_kiir: autoDraw = true
597.3808649997227	DATA	Keydown: ArrowLeft
597.3922899998724	EXP	szo_kiir: autoDraw = false
597.3922899998724	EXP	szo_kiir: color = {"_rgb":[1,1,1]}
597.3922899998724	EXP	szo_kiir: text = "tetvetlenít"
597.9099599998444	EXP	szo_kiir: autoDraw = true
620.8351699998602	DATA	Keydown: ArrowRight
620.8509349999949	EXP	szo_kiir: autoDraw = false
620.8509349999949	EXP	szo_kiir: color = {"_rgb":[1,1,1]}
620.8509349999949	EXP	szo_kiir: text = "ruharongy"
621.3690749998204	EXP	szo_kiir: autoDraw = true
624.4856399996206	DATA	Keydown: ArrowRight
624.5043699997477	EXP	szo_kiir: autoDraw = false
624.5043699997477	EXP	szo_kiir: color = {"_rgb":[1,1,1]}
624.5043699997477	EXP	szo_kiir: text = "cigazodox"
625.0203199996613	EXP	szo_kiir: autoDraw = true
629.0315299998038	DATA	Keydown: ArrowLeft
629.0378749999218	EXP	szo_kiir: autoDraw = false
629.0378749999218	EXP	szo_kiir: color = {"_rgb":[1,1,1]}
629.0378749999218	EXP	szo_kiir: text = "prémez"
629.5551699995995	EXP	szo_kiir: autoDraw = true
635.3601849996485	DATA	Keydown: ArrowLeft
635.3740299995989	EXP	szo_kiir: autoDraw = false
635.3740299995989	EXP	szo_kiir: color = {"_rgb":[1,1,1]}
635.3740299995989	EXP	szo_kiir: text = "díszletez"
635.8906299998052	EXP	szo_kiir: autoDraw = true
638.5018949997611	DATA	Keydown: ArrowRight
638.5108149996959	EXP	szo_kiir: autoDraw = false
638.5108149996959	EXP	koszi_szoveg: autoDraw = true
640.4107249998488	DATA	Keydown: ArrowRight
