0.027135000040289015	EXP	Created Window = Window( name=Window, fullscr=true, color=#000000, units=norm, waitBlanking=true, autoLog=true, size=[1366,625] )
2.5567250000312924	DATA	Keydown: undefined
7.254285000031814	DATA	Keydown: n
7.516860000032466	DATA	Keydown: ő
10.392760000017006	DATA	Keydown: 1
10.893900000024587	DATA	Keydown: 9
11.074049999995623	DATA	Keydown: 9
11.613524999993388	DATA	Keydown: 9
12.529225000005681	DATA	Keydown: .
12.996120000025257	DATA	Keydown: 1
13.194770000001881	DATA	Keydown: 2
13.729945000028238	DATA	Keydown: .
14.132280000019819	DATA	Keydown: 1
14.26101000001654	DATA	Keydown: 1
17.54787499998929	DATA	Keydown: 1
17.996190000034403	DATA	Keydown: 4
26.539415000006557	EXP	Created instruction_text1 = TextStim( name=instruction_text1, win=Window( name=Window, fullscr=true, color=#000000, ~), autoDraw=null, autoLog=true, units=norm, ori=null, opacity=1, pos=[0,0], size=undefined, text=Ön most szavakat fog látni.

Ezek között lesznek o~, font=Arial, color=#ffffff, contrast=1, height=0.05, bold=null, italic=null, alignHoriz=left, alignVert=center, wrapWidth=1, flipHoriz=null, flipVert=null )
26.544640000036452	EXP	Created instruction_text2 = TextStim( name=instruction_text2, win=Window( name=Window, fullscr=true, color=#000000, ~), autoDraw=null, autoLog=true, units=norm, ori=null, opacity=1, pos=[0,0], size=undefined, text=Először két egyszerű példát mutatunk Önnek.

Az el~, font=Arial, color=#FFFFFF, contrast=1, height=0.05, bold=null, italic=null, alignHoriz=left, alignVert=center, wrapWidth=1, flipHoriz=null, flipVert=null )
26.54637500003446	EXP	Created show_text = TextStim( name=show_text, win=Window( name=Window, fullscr=true, color=#000000, ~), autoDraw=null, autoLog=true, units=norm, ori=null, opacity=1, pos=[0,0], size=undefined, text=asztal, font=Arial, color=#FFFFFF, contrast=1, height=0.2, bold=null, italic=null, alignHoriz=left, alignVert=center, wrapWidth=1, flipHoriz=null, flipVert=null )
26.5476900000358	EXP	Created text = TextStim( name=text, win=Window( name=Window, fullscr=true, color=#000000, ~), autoDraw=null, autoLog=true, units=norm, ori=null, opacity=1, pos=[0,0], size=undefined, text=bzsmfsztal, font=Arial, color=#FFFFFF, contrast=1, height=0.2, bold=null, italic=null, alignHoriz=left, alignVert=center, wrapWidth=1, flipHoriz=null, flipVert=null )
26.548760000034235	EXP	Created instruction_text3 = TextStim( name=instruction_text3, win=Window( name=Window, fullscr=true, color=#000000, ~), autoDraw=null, autoLog=true, units=norm, ori=null, opacity=1, pos=[0,0], size=undefined, text=Pazar. Most kezdődik az igazi kísérlet. Néhány per~, font=Arial, color=#FFFFFF, contrast=1, height=0.1, bold=null, italic=null, alignHoriz=left, alignVert=center, wrapWidth=1, flipHoriz=null, flipVert=null )
26.54969000001438	EXP	Created szo_kiir = TextStim( name=szo_kiir, win=Window( name=Window, fullscr=true, color=#000000, ~), autoDraw=null, autoLog=true, units=norm, ori=null, opacity=1, pos=[0,0], size=undefined, text=default text, font=Arial, color=#FFFFFF, contrast=1, height=0.2, bold=null, italic=null, alignHoriz=left, alignVert=center, wrapWidth=1, flipHoriz=null, flipVert=null )
26.551934999995865	EXP	Created koszi_szoveg = TextStim( name=koszi_szoveg, win=Window( name=Window, fullscr=true, color=#000000, ~), autoDraw=null, autoLog=true, units=norm, ori=null, opacity=1, pos=[0,0], size=undefined, text=Vége a kísérletnek. Köszönjük a részvételt!, font=arial, color=#ffffff, contrast=1, height=0.1, bold=null, italic=null, alignHoriz=left, alignVert=center, wrapWidth=1, flipHoriz=null, flipVert=null )
26.576170000014827	EXP	instruction_text1: units = "norm"
26.576170000014827	EXP	instruction_text1: ori = 0
26.576170000014827	EXP	instruction_text1: opacity = 1
26.576170000014827	EXP	instruction_text1: pos = [0,0]
26.576170000014827	EXP	instruction_text1: size = undefined
26.576170000014827	EXP	instruction_text1: text = "Ön most szavakat fog látni.\n\nEzek között lesznek olyanok, amelyeket ismer, de előfordulhatnak olyanok is, amelyeket nem ismer, sőt, vannak köztük kitalált szavak is. \n\nKérjük, ha ismeri a képernyőn látható szót, nyomja meg a JOBB kurzorbillentyűt.\nKérjük, ha NEM ismeri a képernyőn látható szót, vagy azt gondolja, nincs ilyen szó a magyarban, nyomja meg a BAL kurzorbillentyűt.\n\nAz 'Ismerem a szót' döntés itt most ezt jelenti: találkoztam már vele, és van valami elképzelésem a jelentéséről is.  \n\nNyomjon meg bármilyen billentyűt a folytatáshoz."
26.576170000014827	EXP	instruction_text1: font = "Arial"
26.576170000014827	EXP	instruction_text1: color = {"_rgb":[1,1,1]}
26.576170000014827	EXP	instruction_text1: contrast = 1
26.576170000014827	EXP	instruction_text1: height = 0.05
26.576170000014827	EXP	instruction_text1: bold = false
26.576170000014827	EXP	instruction_text1: italic = false
26.576170000014827	EXP	instruction_text1: alignHoriz = "left"
26.576170000014827	EXP	instruction_text1: alignVert = "center"
26.576170000014827	EXP	instruction_text1: wrapWidth = 1
26.576170000014827	EXP	instruction_text1: flipHoriz = false
26.576170000014827	EXP	instruction_text1: flipVert = false
26.576170000014827	EXP	instruction_text2: units = "norm"
26.576170000014827	EXP	instruction_text2: ori = 0
26.576170000014827	EXP	instruction_text2: opacity = 1
26.576170000014827	EXP	instruction_text2: pos = [0,0]
26.576170000014827	EXP	instruction_text2: size = undefined
26.576170000014827	EXP	instruction_text2: text = "Először két egyszerű példát mutatunk Önnek.\n\nAz első szó létezik a magyarban, és valószínűleg Ön is ismeri. Itt nyomja majd meg a jobb kurzorbillentyűt.\nA második szó nem létezik a magyar nyelvben. Itt nyomja majd meg a bal kurzorbillentyűt.\n\nFontos, hogy a jobb gombot a jobb kezével, a bal gombot a bal kezével nyomja, ha tudja, és ne egy kezét használja a kísérletben.\n\nNyomjon meg bármilyen gombot a folytatáshoz."
26.576170000014827	EXP	instruction_text2: font = "Arial"
26.576170000014827	EXP	instruction_text2: color = {"_hex":"#FFFFFF","_rgb":[1,1,1]}
26.576170000014827	EXP	instruction_text2: contrast = 1
26.576170000014827	EXP	instruction_text2: height = 0.05
26.576170000014827	EXP	instruction_text2: bold = false
26.576170000014827	EXP	instruction_text2: italic = false
26.576170000014827	EXP	instruction_text2: alignHoriz = "left"
26.576170000014827	EXP	instruction_text2: alignVert = "center"
26.576170000014827	EXP	instruction_text2: wrapWidth = 1
26.576170000014827	EXP	instruction_text2: flipHoriz = false
26.576170000014827	EXP	instruction_text2: flipVert = false
26.576170000014827	EXP	show_text: units = "norm"
26.576170000014827	EXP	show_text: ori = 0
26.576170000014827	EXP	show_text: opacity = 1
26.576170000014827	EXP	show_text: pos = [0,0]
26.576170000014827	EXP	show_text: size = undefined
26.576170000014827	EXP	show_text: text = "asztal"
26.576170000014827	EXP	show_text: font = "Arial"
26.576170000014827	EXP	show_text: color = {"_hex":"#FFFFFF","_rgb":[1,1,1]}
26.576170000014827	EXP	show_text: contrast = 1
26.576170000014827	EXP	show_text: height = 0.2
26.576170000014827	EXP	show_text: bold = false
26.576170000014827	EXP	show_text: italic = false
26.576170000014827	EXP	show_text: alignHoriz = "left"
26.576170000014827	EXP	show_text: alignVert = "center"
26.576170000014827	EXP	show_text: wrapWidth = 1
26.576170000014827	EXP	show_text: flipHoriz = false
26.576170000014827	EXP	show_text: flipVert = false
26.576170000014827	EXP	text: units = "norm"
26.576170000014827	EXP	text: ori = 0
26.576170000014827	EXP	text: opacity = 1
26.576170000014827	EXP	text: pos = [0,0]
26.576170000014827	EXP	text: size = undefined
26.576170000014827	EXP	text: text = "bzsmfsztal"
26.576170000014827	EXP	text: font = "Arial"
26.576170000014827	EXP	text: color = {"_hex":"#FFFFFF","_rgb":[1,1,1]}
26.576170000014827	EXP	text: contrast = 1
26.576170000014827	EXP	text: height = 0.2
26.576170000014827	EXP	text: bold = false
26.576170000014827	EXP	text: italic = false
26.576170000014827	EXP	text: alignHoriz = "left"
26.576170000014827	EXP	text: alignVert = "center"
26.576170000014827	EXP	text: wrapWidth = 1
26.576170000014827	EXP	text: flipHoriz = false
26.576170000014827	EXP	text: flipVert = false
26.576170000014827	EXP	instruction_text3: units = "norm"
26.576170000014827	EXP	instruction_text3: ori = 0
26.576170000014827	EXP	instruction_text3: opacity = 1
26.576170000014827	EXP	instruction_text3: pos = [0,0]
26.576170000014827	EXP	instruction_text3: size = undefined
26.576170000014827	EXP	instruction_text3: text = "Pazar. Most kezdődik az igazi kísérlet. Néhány percig fog tartani. Nem kell nagyon sietnie, de igyekezzen gyorsan válaszolni.\n\nNe feledje, ha tudja, a jobb gombot a jobbkezével, a bal gombot a balkezével nyomja le.\n\nNyomjon meg bármilyen gombot a folytatáshoz."
26.576170000014827	EXP	instruction_text3: font = "Arial"
26.576170000014827	EXP	instruction_text3: color = {"_hex":"#FFFFFF","_rgb":[1,1,1]}
26.576170000014827	EXP	instruction_text3: contrast = 1
26.576170000014827	EXP	instruction_text3: height = 0.1
26.576170000014827	EXP	instruction_text3: bold = false
26.576170000014827	EXP	instruction_text3: italic = false
26.576170000014827	EXP	instruction_text3: alignHoriz = "left"
26.576170000014827	EXP	instruction_text3: alignVert = "center"
26.576170000014827	EXP	instruction_text3: wrapWidth = 1
26.576170000014827	EXP	instruction_text3: flipHoriz = false
26.576170000014827	EXP	instruction_text3: flipVert = false
26.576170000014827	EXP	szo_kiir: units = "norm"
26.576170000014827	EXP	szo_kiir: ori = 0
26.576170000014827	EXP	szo_kiir: opacity = 1
26.576170000014827	EXP	szo_kiir: pos = [0,0]
26.576170000014827	EXP	szo_kiir: size = undefined
26.576170000014827	EXP	szo_kiir: text = "default text"
26.576170000014827	EXP	szo_kiir: font = "Arial"
26.576170000014827	EXP	szo_kiir: color = {"_hex":"#FFFFFF","_rgb":[1,1,1]}
26.576170000014827	EXP	szo_kiir: contrast = 1
26.576170000014827	EXP	szo_kiir: height = 0.2
26.576170000014827	EXP	szo_kiir: bold = false
26.576170000014827	EXP	szo_kiir: italic = false
26.576170000014827	EXP	szo_kiir: alignHoriz = "left"
26.576170000014827	EXP	szo_kiir: alignVert = "center"
26.576170000014827	EXP	szo_kiir: wrapWidth = 1
26.576170000014827	EXP	szo_kiir: flipHoriz = false
26.576170000014827	EXP	szo_kiir: flipVert = false
26.576170000014827	EXP	koszi_szoveg: units = "norm"
26.576170000014827	EXP	koszi_szoveg: ori = 0
26.576170000014827	EXP	koszi_szoveg: opacity = 1
26.576170000014827	EXP	koszi_szoveg: pos = [0,0]
26.576170000014827	EXP	koszi_szoveg: size = undefined
26.576170000014827	EXP	koszi_szoveg: text = "Vége a kísérletnek. Köszönjük a részvételt!"
26.576170000014827	EXP	koszi_szoveg: font = "arial"
26.576170000014827	EXP	koszi_szoveg: color = {"_rgb":[1,1,1]}
26.576170000014827	EXP	koszi_szoveg: contrast = 1
26.576170000014827	EXP	koszi_szoveg: height = 0.1
26.576170000014827	EXP	koszi_szoveg: bold = false
26.576170000014827	EXP	koszi_szoveg: italic = false
26.576170000014827	EXP	koszi_szoveg: alignHoriz = "left"
26.576170000014827	EXP	koszi_szoveg: alignVert = "center"
26.576170000014827	EXP	koszi_szoveg: wrapWidth = 1
26.576170000014827	EXP	koszi_szoveg: flipHoriz = false
26.576170000014827	EXP	koszi_szoveg: flipVert = false
26.576170000014827	EXP	instruction_text1: autoDraw = true
51.19727000000421	DATA	Keydown:  
51.20595999999205	EXP	instruction_text1: autoDraw = false
51.20595999999205	EXP	instruction_text2: autoDraw = true
74.06728000001749	DATA	Keydown:  
74.0823500000406	EXP	instruction_text2: autoDraw = false
74.6059949999908	EXP	show_text: autoDraw = true
75.81833500001812	DATA	Keydown: ArrowRight
75.82192499999655	EXP	show_text: autoDraw = false
76.34347500000149	EXP	text: autoDraw = true
77.46551499998895	DATA	Keydown: ArrowLeft
77.49166500003776	EXP	text: autoDraw = false
77.49166500003776	EXP	instruction_text3: autoDraw = true
89.15637000004062	DATA	Keydown: ArrowRight
89.20297500002198	EXP	instruction_text3: autoDraw = false
89.20297500002198	EXP	szo_kiir: color = {"_rgb":[1,1,1]}
89.20297500002198	EXP	szo_kiir: text = "nehéz"
89.72338000003947	EXP	szo_kiir: autoDraw = true
90.56596999999601	DATA	Keydown: ArrowRight
90.58203500002855	EXP	szo_kiir: autoDraw = false
90.58203500002855	EXP	szo_kiir: color = {"_rgb":[1,1,1]}
90.58203500002855	EXP	szo_kiir: text = "sételi"
91.10185999999521	EXP	szo_kiir: autoDraw = true
93.28971000004094	DATA	Keydown: ArrowLeft
93.32127000001492	EXP	szo_kiir: autoDraw = false
93.32127000001492	EXP	szo_kiir: color = {"_rgb":[1,1,1]}
93.32127000001492	EXP	szo_kiir: text = "nyújt"
93.84220499999356	EXP	szo_kiir: autoDraw = true
94.56845500000054	DATA	Keydown: ArrowRight
94.58109500003047	EXP	szo_kiir: autoDraw = false
94.58109500003047	EXP	szo_kiir: color = {"_rgb":[1,1,1]}
94.58109500003047	EXP	szo_kiir: text = "verseny"
95.1019700000179	EXP	szo_kiir: autoDraw = true
95.90873000002466	DATA	Keydown: ArrowRight
95.93069499998819	EXP	szo_kiir: autoDraw = false
95.93069499998819	EXP	szo_kiir: color = {"_rgb":[1,1,1]}
95.93069499998819	EXP	szo_kiir: text = "név"
96.44177000003401	EXP	szo_kiir: autoDraw = true
97.06684500002302	DATA	Keydown: ArrowRight
97.081520000007	EXP	szo_kiir: autoDraw = false
97.081520000007	EXP	szo_kiir: color = {"_rgb":[1,1,1]}
97.081520000007	EXP	szo_kiir: text = "gond"
97.60222500003874	EXP	szo_kiir: autoDraw = true
98.347945000045	DATA	Keydown: ArrowRight
98.37656000000425	EXP	szo_kiir: autoDraw = false
98.37656000000425	EXP	szo_kiir: color = {"_rgb":[1,1,1]}
98.37656000000425	EXP	szo_kiir: text = "alap"
98.88254000002053	EXP	szo_kiir: autoDraw = true
99.53288000001339	DATA	Keydown: ArrowRight
99.54115000000456	EXP	szo_kiir: autoDraw = false
99.54115000000456	EXP	szo_kiir: color = {"_rgb":[1,1,1]}
99.54115000000456	EXP	szo_kiir: text = "plusz"
100.06249000004027	EXP	szo_kiir: autoDraw = true
100.78035000001546	DATA	Keydown: ArrowRight
100.7862750000204	EXP	szo_kiir: autoDraw = false
100.7862750000204	EXP	szo_kiir: color = {"_rgb":[1,1,1]}
100.7862750000204	EXP	szo_kiir: text = "lélek"
101.30245000001742	EXP	szo_kiir: autoDraw = true
101.94646500004455	DATA	Keydown: ArrowRight
101.96123499999521	EXP	szo_kiir: autoDraw = false
101.96123499999521	EXP	szo_kiir: color = {"_rgb":[1,1,1]}
101.96123499999521	EXP	szo_kiir: text = "mond"
102.48146000003908	EXP	szo_kiir: autoDraw = true
103.10540000000037	DATA	Keydown: ArrowRight
103.12625500001013	EXP	szo_kiir: autoDraw = false
103.12625500001013	EXP	szo_kiir: color = {"_rgb":[1,1,1]}
103.12625500001013	EXP	szo_kiir: text = "gondoskodik"
103.64192000002367	EXP	szo_kiir: autoDraw = true
105.03508500003954	DATA	Keydown: ArrowRight
105.04087000002619	EXP	szo_kiir: autoDraw = false
105.04087000002619	EXP	szo_kiir: color = {"_rgb":[1,1,1]}
105.04087000002619	EXP	szo_kiir: text = "forgalom"
105.56148000003304	EXP	szo_kiir: autoDraw = true
106.1538700000383	DATA	Keydown: ArrowRight
106.16630000004079	EXP	szo_kiir: autoDraw = false
106.16630000004079	EXP	szo_kiir: color = {"_rgb":[1,1,1]}
106.16630000004079	EXP	szo_kiir: text = "karakter"
106.68173499999102	EXP	szo_kiir: autoDraw = true
107.36571500002174	DATA	Keydown: ArrowRight
107.38076500000898	EXP	szo_kiir: autoDraw = false
107.38076500000898	EXP	szo_kiir: color = {"_rgb":[1,1,1]}
107.38076500000898	EXP	szo_kiir: text = "borhátsz"
107.90173500002129	EXP	szo_kiir: autoDraw = true
109.27611500001512	DATA	Keydown: ArrowLeft
109.28984500002116	EXP	szo_kiir: autoDraw = false
109.28984500002116	EXP	szo_kiir: color = {"_rgb":[1,1,1]}
109.28984500002116	EXP	szo_kiir: text = "ocsikáltó"
109.80794000002788	EXP	szo_kiir: autoDraw = true
110.70843500003684	DATA	Keydown: ArrowLeft
110.72075999999652	EXP	szo_kiir: autoDraw = false
110.72075999999652	EXP	szo_kiir: color = {"_rgb":[1,1,1]}
110.72075999999652	EXP	szo_kiir: text = "kéz"
111.24089499999536	EXP	szo_kiir: autoDraw = true
111.88432000001194	DATA	Keydown: ArrowRight
111.90574499999639	EXP	szo_kiir: autoDraw = false
111.90574499999639	EXP	szo_kiir: color = {"_rgb":[1,1,1]}
111.90574499999639	EXP	szo_kiir: text = "virág"
112.42826000001514	EXP	szo_kiir: autoDraw = true
113.05133000004571	DATA	Keydown: ArrowRight
113.06044500001008	EXP	szo_kiir: autoDraw = false
113.06044500001008	EXP	szo_kiir: color = {"_rgb":[1,1,1]}
113.06044500001008	EXP	szo_kiir: text = "alkot"
113.58095999999205	EXP	szo_kiir: autoDraw = true
114.15111999999499	DATA	Keydown: ArrowRight
114.16708500002278	EXP	szo_kiir: autoDraw = false
114.16708500002278	EXP	szo_kiir: color = {"_rgb":[1,1,1]}
114.16708500002278	EXP	szo_kiir: text = "tanít"
114.68110500002513	EXP	szo_kiir: autoDraw = true
115.23213000001851	DATA	Keydown: ArrowRight
115.2408750000177	EXP	szo_kiir: autoDraw = false
115.2408750000177	EXP	szo_kiir: color = {"_rgb":[1,1,1]}
115.2408750000177	EXP	szo_kiir: text = "kötődik"
115.76227000000654	EXP	szo_kiir: autoDraw = true
116.38704000000143	DATA	Keydown: ArrowRight
116.40955000004033	EXP	szo_kiir: autoDraw = false
116.40955000004033	EXP	szo_kiir: color = {"_rgb":[1,1,1]}
116.40955000004033	EXP	szo_kiir: text = "bolgár"
116.92102000000887	EXP	szo_kiir: autoDraw = true
118.72984000004362	DATA	Keydown: ArrowRight
118.74058000004152	EXP	szo_kiir: autoDraw = false
118.74058000004152	EXP	szo_kiir: color = {"_rgb":[1,1,1]}
118.74058000004152	EXP	szo_kiir: text = "amoz"
119.26060999999754	EXP	szo_kiir: autoDraw = true
120.17427000001771	DATA	Keydown: ArrowLeft
120.19064500002423	EXP	szo_kiir: autoDraw = false
120.19064500002423	EXP	szo_kiir: color = {"_rgb":[1,1,1]}
120.19064500002423	EXP	szo_kiir: text = "pogány"
120.70040999999037	EXP	szo_kiir: autoDraw = true
121.7656549999956	DATA	Keydown: ArrowRight
121.78045500000007	EXP	szo_kiir: autoDraw = false
121.78045500000007	EXP	szo_kiir: color = {"_rgb":[1,1,1]}
121.78045500000007	EXP	szo_kiir: text = "klassz"
122.30059500003699	EXP	szo_kiir: autoDraw = true
122.94424000004074	DATA	Keydown: ArrowRight
122.96458000002895	EXP	szo_kiir: autoDraw = false
122.96458000002895	EXP	szo_kiir: color = {"_rgb":[1,1,1]}
122.96458000002895	EXP	szo_kiir: text = "egzat"
123.4801650000154	EXP	szo_kiir: autoDraw = true
128.50968499999726	DATA	Keydown: ArrowLeft
128.52128500002436	EXP	szo_kiir: autoDraw = false
128.52128500002436	EXP	szo_kiir: color = {"_rgb":[1,1,1]}
128.52128500002436	EXP	szo_kiir: text = "örmény"
129.04060000000754	EXP	szo_kiir: autoDraw = true
130.05845000001136	DATA	Keydown: ArrowRight
130.0659250000026	EXP	szo_kiir: autoDraw = false
130.0659250000026	EXP	szo_kiir: color = {"_rgb":[1,1,1]}
130.0659250000026	EXP	szo_kiir: text = "törődik"
130.5806000000448	EXP	szo_kiir: autoDraw = true
131.38631500001065	DATA	Keydown: ArrowRight
131.4002750000218	EXP	szo_kiir: autoDraw = false
131.4002750000218	EXP	szo_kiir: color = {"_rgb":[1,1,1]}
131.4002750000218	EXP	szo_kiir: text = "had"
131.91999000002397	EXP	szo_kiir: autoDraw = true
133.4335350000183	DATA	Keydown: ArrowRight
133.4442000000272	EXP	szo_kiir: autoDraw = false
133.4442000000272	EXP	szo_kiir: color = {"_rgb":[1,1,1]}
133.4442000000272	EXP	szo_kiir: text = "sampon"
133.96062000002712	EXP	szo_kiir: autoDraw = true
134.7043999999878	DATA	Keydown: ArrowRight
134.7201950000017	EXP	szo_kiir: autoDraw = false
134.7201950000017	EXP	szo_kiir: color = {"_rgb":[1,1,1]}
134.7201950000017	EXP	szo_kiir: text = "hierarchikus"
135.24021000001812	EXP	szo_kiir: autoDraw = true
138.50751000002492	DATA	Keydown: ArrowRight
138.5235700000194	EXP	szo_kiir: autoDraw = false
138.5235700000194	EXP	szo_kiir: color = {"_rgb":[1,1,1]}
138.5235700000194	EXP	szo_kiir: text = "munkálkodik"
139.04002000001492	EXP	szo_kiir: autoDraw = true
141.2668699999922	DATA	Keydown: ArrowRight
141.28041500004474	EXP	szo_kiir: autoDraw = false
141.28041500004474	EXP	szo_kiir: color = {"_rgb":[1,1,1]}
141.28041500004474	EXP	szo_kiir: text = "vilálható"
141.80031000002054	EXP	szo_kiir: autoDraw = true
143.68428000004496	DATA	Keydown: ArrowLeft
143.70534500002395	EXP	szo_kiir: autoDraw = false
143.70534500002395	EXP	szo_kiir: color = {"_rgb":[1,1,1]}
143.70534500002395	EXP	szo_kiir: text = "salógázó"
144.22052000003168	EXP	szo_kiir: autoDraw = true
146.1959950000164	DATA	Keydown: ArrowLeft
146.19947500003036	EXP	szo_kiir: autoDraw = false
146.19947500003036	EXP	szo_kiir: color = {"_rgb":[1,1,1]}
146.19947500003036	EXP	szo_kiir: text = "pirigari"
146.72010999999475	EXP	szo_kiir: autoDraw = true
147.78505500004394	DATA	Keydown: ArrowLeft
147.8130250000395	EXP	szo_kiir: autoDraw = false
147.8130250000395	EXP	szo_kiir: color = {"_rgb":[1,1,1]}
147.8130250000395	EXP	szo_kiir: text = "parmezán"
148.3211650000303	EXP	szo_kiir: autoDraw = true
149.46378500002902	DATA	Keydown: ArrowRight
149.47970000002533	EXP	szo_kiir: autoDraw = false
149.47970000002533	EXP	szo_kiir: color = {"_rgb":[1,1,1]}
149.47970000002533	EXP	szo_kiir: text = "lik"
149.99980500002857	EXP	szo_kiir: autoDraw = true
151.4484400000074	DATA	Keydown: ArrowRight
151.46298000001116	EXP	szo_kiir: autoDraw = false
151.46298000001116	EXP	szo_kiir: color = {"_rgb":[1,1,1]}
151.46298000001116	EXP	szo_kiir: text = "rakódik"
151.9798300000257	EXP	szo_kiir: autoDraw = true
153.963235000032	DATA	Keydown: ArrowRight
153.97975500003668	EXP	szo_kiir: autoDraw = false
153.97975500003668	EXP	szo_kiir: color = {"_rgb":[1,1,1]}
153.97975500003668	EXP	szo_kiir: text = "nyakörv"
154.50085000001127	EXP	szo_kiir: autoDraw = true
155.36900500004413	DATA	Keydown: ArrowRight
155.38410500000464	EXP	szo_kiir: autoDraw = false
155.38410500000464	EXP	szo_kiir: color = {"_rgb":[1,1,1]}
155.38410500000464	EXP	szo_kiir: text = "őrült"
155.89982500002952	EXP	szo_kiir: autoDraw = true
156.5795999999973	DATA	Keydown: ArrowRight
156.58082500001183	EXP	szo_kiir: autoDraw = false
156.58082500001183	EXP	szo_kiir: color = {"_rgb":[1,1,1]}
156.58082500001183	EXP	szo_kiir: text = "biliárd"
157.09934499999508	EXP	szo_kiir: autoDraw = true
157.46890000003623	DATA	Mouse: 0 button down, pos=(945,475)
157.52425499999663	DATA	Mouse: 0 button down, pos=(945,475)
158.68398000003072	DATA	Keydown: ArrowRight
158.70433000003686	EXP	szo_kiir: autoDraw = false
158.70433000003686	EXP	szo_kiir: color = {"_rgb":[1,1,1]}
158.70433000003686	EXP	szo_kiir: text = "köménymag"
159.22013999999035	EXP	szo_kiir: autoDraw = true
160.3302450000192	DATA	Keydown: ArrowRight
160.3392500000191	EXP	szo_kiir: autoDraw = false
160.3392500000191	EXP	szo_kiir: color = {"_rgb":[1,1,1]}
160.3392500000191	EXP	szo_kiir: text = "vitamindús"
160.8596649999963	EXP	szo_kiir: autoDraw = true
162.2256950000301	DATA	Keydown: ArrowRight
162.24408000003314	EXP	szo_kiir: autoDraw = false
162.24408000003314	EXP	szo_kiir: color = {"_rgb":[1,1,1]}
162.24408000003314	EXP	szo_kiir: text = "szobanövény"
162.76045500003966	EXP	szo_kiir: autoDraw = true
163.74461500003235	DATA	Keydown: ArrowRight
163.75977500004228	EXP	szo_kiir: autoDraw = false
163.75977500004228	EXP	szo_kiir: color = {"_rgb":[1,1,1]}
163.75977500004228	EXP	szo_kiir: text = "vényegő"
164.2792699999991	EXP	szo_kiir: autoDraw = true
165.5252099999925	DATA	Keydown: ArrowLeft
165.54419500002405	EXP	szo_kiir: autoDraw = false
165.54419500002405	EXP	szo_kiir: color = {"_rgb":[1,1,1]}
165.54419500002405	EXP	szo_kiir: text = "árus"
166.0593949999893	EXP	szo_kiir: autoDraw = true
167.0730249999906	DATA	Keydown: ArrowRight
167.07851500000106	EXP	szo_kiir: autoDraw = false
167.07851500000106	EXP	szo_kiir: color = {"_rgb":[1,1,1]}
167.07851500000106	EXP	szo_kiir: text = "téveszt"
167.59893999999622	EXP	szo_kiir: autoDraw = true
168.52626000001328	DATA	Keydown: ArrowRight
168.5460750000202	EXP	szo_kiir: autoDraw = false
168.5460750000202	EXP	szo_kiir: color = {"_rgb":[1,1,1]}
168.5460750000202	EXP	szo_kiir: text = "cselens"
169.0589350000373	EXP	szo_kiir: autoDraw = true
170.3625250000041	DATA	Keydown: ArrowLeft
170.37863500003004	EXP	szo_kiir: autoDraw = false
170.37863500003004	EXP	szo_kiir: color = {"_rgb":[1,1,1]}
170.37863500003004	EXP	szo_kiir: text = "farizeus"
170.90349500003504	EXP	szo_kiir: autoDraw = true
172.02820500003872	DATA	Keydown: ArrowRight
172.04305999999633	EXP	szo_kiir: autoDraw = false
172.04305999999633	EXP	szo_kiir: color = {"_rgb":[1,1,1]}
172.04305999999633	EXP	szo_kiir: text = "tipográfus"
172.56073000002652	EXP	szo_kiir: autoDraw = true
173.87276500003645	DATA	Keydown: ArrowRight
173.8791649999912	EXP	szo_kiir: autoDraw = false
173.8791649999912	EXP	szo_kiir: color = {"_rgb":[1,1,1]}
173.8791649999912	EXP	szo_kiir: text = "komolyodik"
174.39982500002952	EXP	szo_kiir: autoDraw = true
175.4423850000021	DATA	Keydown: ArrowRight
175.464420000033	EXP	szo_kiir: autoDraw = false
175.464420000033	EXP	szo_kiir: color = {"_rgb":[1,1,1]}
175.464420000033	EXP	szo_kiir: text = "cirózó"
175.9785850000335	EXP	szo_kiir: autoDraw = true
177.00598000001628	DATA	Keydown: ArrowLeft
177.01843500003451	EXP	szo_kiir: autoDraw = false
177.01843500003451	EXP	szo_kiir: color = {"_rgb":[1,1,1]}
177.01843500003451	EXP	szo_kiir: text = "véresszájú"
177.5388399999938	EXP	szo_kiir: autoDraw = true
179.36495499999728	DATA	Keydown: ArrowRight
179.38493000000017	EXP	szo_kiir: autoDraw = false
179.38493000000017	EXP	szo_kiir: color = {"_rgb":[1,1,1]}
179.38493000000017	EXP	szo_kiir: text = "rubinvörös"
179.89960500004236	EXP	szo_kiir: autoDraw = true
180.59027500002412	DATA	Keydown: ArrowRight
180.59821500000544	EXP	szo_kiir: autoDraw = false
180.59821500000544	EXP	szo_kiir: color = {"_rgb":[1,1,1]}
180.59821500000544	EXP	szo_kiir: text = "szitok"
181.1185950000072	EXP	szo_kiir: autoDraw = true
182.25239000003785	DATA	Keydown: ArrowRight
182.26287999999477	EXP	szo_kiir: autoDraw = false
182.26287999999477	EXP	szo_kiir: color = {"_rgb":[1,1,1]}
182.26287999999477	EXP	szo_kiir: text = "gézengúz"
182.77841500000795	EXP	szo_kiir: autoDraw = true
183.52371000003768	DATA	Keydown: ArrowRight
183.5388699999894	EXP	szo_kiir: autoDraw = false
183.5388699999894	EXP	szo_kiir: color = {"_rgb":[1,1,1]}
183.5388699999894	EXP	szo_kiir: text = "testnedv"
184.05887000000803	EXP	szo_kiir: autoDraw = true
184.82530500000576	DATA	Keydown: ArrowRight
184.8492350000306	EXP	szo_kiir: autoDraw = false
184.8492350000306	EXP	szo_kiir: color = {"_rgb":[1,1,1]}
184.8492350000306	EXP	szo_kiir: text = "megrohad"
185.35815000004368	EXP	szo_kiir: autoDraw = true
186.06197999999858	DATA	Keydown: ArrowRight
186.07795000000624	EXP	szo_kiir: autoDraw = false
186.07795000000624	EXP	szo_kiir: color = {"_rgb":[1,1,1]}
186.07795000000624	EXP	szo_kiir: text = "mimézis"
186.59827000001678	EXP	szo_kiir: autoDraw = true
189.6741950000287	DATA	Keydown: ArrowRight
189.6825700000045	EXP	szo_kiir: autoDraw = false
189.6825700000045	EXP	szo_kiir: color = {"_rgb":[1,1,1]}
189.6825700000045	EXP	szo_kiir: text = "tömődik"
190.19813000003342	EXP	szo_kiir: autoDraw = true
191.54319500003476	DATA	Keydown: ArrowRight
191.5592900000047	EXP	szo_kiir: autoDraw = false
191.5592900000047	EXP	szo_kiir: color = {"_rgb":[1,1,1]}
191.5592900000047	EXP	szo_kiir: text = "anyajogú"
192.0781849999912	EXP	szo_kiir: autoDraw = true
194.38190999999642	DATA	Keydown: ArrowLeft
194.39789000002202	EXP	szo_kiir: autoDraw = false
194.39789000002202	EXP	szo_kiir: color = {"_rgb":[1,1,1]}
194.39789000002202	EXP	szo_kiir: text = "madársisak"
194.9186800000025	EXP	szo_kiir: autoDraw = true
200.35064499999862	DATA	Keydown: ArrowLeft
200.35830500000156	EXP	szo_kiir: autoDraw = false
200.35830500000156	EXP	szo_kiir: color = {"_rgb":[1,1,1]}
200.35830500000156	EXP	szo_kiir: text = "pallérozódik"
200.87791000003926	EXP	szo_kiir: autoDraw = true
203.48168000002624	DATA	Keydown: ArrowLeft
203.50270000001183	EXP	szo_kiir: autoDraw = false
203.50270000001183	EXP	szo_kiir: color = {"_rgb":[1,1,1]}
203.50270000001183	EXP	szo_kiir: text = "mikrorendszer"
204.0177900000126	EXP	szo_kiir: autoDraw = true
205.2719250000082	DATA	Keydown: ArrowRight
205.27734999998938	EXP	szo_kiir: autoDraw = false
205.27734999998938	EXP	szo_kiir: color = {"_rgb":[1,1,1]}
205.27734999998938	EXP	szo_kiir: text = "vicsadomás"
205.79814000002807	EXP	szo_kiir: autoDraw = true
207.16120500001125	DATA	Keydown: ArrowLeft
207.18374499998754	EXP	szo_kiir: autoDraw = false
207.18374499998754	EXP	szo_kiir: color = {"_rgb":[1,1,1]}
207.18374499998754	EXP	szo_kiir: text = "agráregyetem"
207.69802000001073	EXP	szo_kiir: autoDraw = true
208.8133600000292	DATA	Keydown: ArrowRight
208.81706999999005	EXP	szo_kiir: autoDraw = false
208.81706999999005	EXP	szo_kiir: color = {"_rgb":[1,1,1]}
208.81706999999005	EXP	szo_kiir: text = "csőszház"
209.33822999999393	EXP	szo_kiir: autoDraw = true
211.28875500004506	DATA	Keydown: ArrowLeft
211.29755499999737	EXP	szo_kiir: autoDraw = false
211.29755499999737	EXP	szo_kiir: color = {"_rgb":[1,1,1]}
211.29755499999737	EXP	szo_kiir: text = "interpretátor"
211.81734499998856	EXP	szo_kiir: autoDraw = true
215.40961999999126	DATA	Keydown: ArrowLeft
215.41786000004504	EXP	szo_kiir: autoDraw = false
215.41786000004504	EXP	szo_kiir: color = {"_rgb":[1,1,1]}
215.41786000004504	EXP	szo_kiir: text = "krakéler"
215.93717500002822	EXP	szo_kiir: autoDraw = true
217.22288000001572	DATA	Keydown: ArrowLeft
217.24274000001606	EXP	szo_kiir: autoDraw = false
217.24274000001606	EXP	szo_kiir: color = {"_rgb":[1,1,1]}
217.24274000001606	EXP	szo_kiir: text = "keszon"
217.7573750000447	EXP	szo_kiir: autoDraw = true
219.08162499999162	DATA	Keydown: ArrowLeft
219.09728000004543	EXP	szo_kiir: autoDraw = false
219.09728000004543	EXP	szo_kiir: color = {"_rgb":[1,1,1]}
219.09728000004543	EXP	szo_kiir: text = "majánosol"
219.61760500003584	EXP	szo_kiir: autoDraw = true
221.14117000001715	DATA	Keydown: ArrowLeft
221.15741500002332	EXP	szo_kiir: autoDraw = false
221.15741500002332	EXP	szo_kiir: color = {"_rgb":[1,1,1]}
221.15741500002332	EXP	szo_kiir: text = "tröshet"
221.67751000000862	EXP	szo_kiir: autoDraw = true
222.62963000003947	DATA	Keydown: ArrowLeft
222.64144999999553	EXP	szo_kiir: autoDraw = false
222.64144999999553	EXP	szo_kiir: color = {"_rgb":[1,1,1]}
222.64144999999553	EXP	szo_kiir: text = "retálhit"
223.15750000003027	EXP	szo_kiir: autoDraw = true
224.38466000003973	DATA	Keydown: ArrowLeft
224.39676500001224	EXP	szo_kiir: autoDraw = false
224.39676500001224	EXP	szo_kiir: color = {"_rgb":[1,1,1]}
224.39676500001224	EXP	szo_kiir: text = "dögönyöz"
224.91728500003228	EXP	szo_kiir: autoDraw = true
225.81382500001928	DATA	Keydown: ArrowRight
225.82150000002002	EXP	szo_kiir: autoDraw = false
225.82150000002002	EXP	szo_kiir: color = {"_rgb":[1,1,1]}
225.82150000002002	EXP	szo_kiir: text = "hullong"
226.33727000001818	EXP	szo_kiir: autoDraw = true
227.28502499999013	DATA	Keydown: ArrowLeft
227.29712500004098	EXP	szo_kiir: autoDraw = false
227.29712500004098	EXP	szo_kiir: color = {"_rgb":[1,1,1]}
227.29712500004098	EXP	szo_kiir: text = "fonógép"
227.81706000003032	EXP	szo_kiir: autoDraw = true
228.96041500003776	DATA	Keydown: ArrowRight
228.97648499999195	EXP	szo_kiir: autoDraw = false
228.97648499999195	EXP	szo_kiir: color = {"_rgb":[1,1,1]}
228.97648499999195	EXP	szo_kiir: text = "nyolcsolat"
229.49735499999952	EXP	szo_kiir: autoDraw = true
232.46052500000224	DATA	Keydown: ArrowLeft
232.4814999999944	EXP	szo_kiir: autoDraw = false
232.4814999999944	EXP	szo_kiir: color = {"_rgb":[1,1,1]}
232.4814999999944	EXP	szo_kiir: text = "csöpörög"
232.99710500001675	EXP	szo_kiir: autoDraw = true
233.7899000000325	DATA	Keydown: ArrowRight
233.79703499999596	EXP	szo_kiir: autoDraw = false
233.79703499999596	EXP	szo_kiir: color = {"_rgb":[1,1,1]}
233.79703499999596	EXP	szo_kiir: text = "hegelianizmus"
234.31720500002848	EXP	szo_kiir: autoDraw = true
236.50278999999864	DATA	Keydown: ArrowLeft
236.51717000000644	EXP	szo_kiir: autoDraw = false
236.51717000000644	EXP	szo_kiir: color = {"_rgb":[1,1,1]}
236.51717000000644	EXP	szo_kiir: text = "mellényzseb"
237.03782000002684	EXP	szo_kiir: autoDraw = true
238.36051000002772	DATA	Keydown: ArrowRight
238.3803950000438	EXP	szo_kiir: autoDraw = false
238.3803950000438	EXP	szo_kiir: color = {"_rgb":[1,1,1]}
238.3803950000438	EXP	szo_kiir: text = "zomás"
238.89703500003088	EXP	szo_kiir: autoDraw = true
240.22156000003451	DATA	Keydown: ArrowLeft
240.23678000003565	EXP	szo_kiir: autoDraw = false
240.23678000003565	EXP	szo_kiir: color = {"_rgb":[1,1,1]}
240.23678000003565	EXP	szo_kiir: text = "dokozotty"
240.75800999999046	EXP	szo_kiir: autoDraw = true
241.78871500003152	DATA	Keydown: ArrowLeft
241.80018500000006	EXP	szo_kiir: autoDraw = false
241.80018500000006	EXP	szo_kiir: color = {"_rgb":[1,1,1]}
241.80018500000006	EXP	szo_kiir: text = "ravataloz"
242.31700999999885	EXP	szo_kiir: autoDraw = true
243.58766000001924	DATA	Keydown: ArrowRight
243.5964549999917	EXP	szo_kiir: autoDraw = false
243.5964549999917	EXP	szo_kiir: color = {"_rgb":[1,1,1]}
243.5964549999917	EXP	szo_kiir: text = "harsonázik"
244.11673000000883	EXP	szo_kiir: autoDraw = true
245.12264000001596	DATA	Keydown: ArrowRight
245.14009500003885	EXP	szo_kiir: autoDraw = false
245.14009500003885	EXP	szo_kiir: color = {"_rgb":[1,1,1]}
245.14009500003885	EXP	szo_kiir: text = "hazardíroz"
245.65690500003984	EXP	szo_kiir: autoDraw = true
247.28943500004243	DATA	Keydown: ArrowRight
247.29599499999313	EXP	szo_kiir: autoDraw = false
247.29599499999313	EXP	szo_kiir: color = {"_rgb":[1,1,1]}
247.29599499999313	EXP	szo_kiir: text = "nomináljövedelem"
247.81692000001203	EXP	szo_kiir: autoDraw = true
249.68498499999987	DATA	Keydown: ArrowLeft
249.69668500003172	EXP	szo_kiir: autoDraw = false
249.69668500003172	EXP	szo_kiir: color = {"_rgb":[1,1,1]}
249.69668500003172	EXP	szo_kiir: text = "bolondoz"
250.216630000039	EXP	szo_kiir: autoDraw = true
251.6161200000206	DATA	Keydown: ArrowRight
251.62144499999704	EXP	szo_kiir: autoDraw = false
251.62144499999704	EXP	szo_kiir: color = {"_rgb":[1,1,1]}
251.62144499999704	EXP	szo_kiir: text = "füvesít"
252.13659499998903	EXP	szo_kiir: autoDraw = true
252.98194500000682	DATA	Keydown: ArrowRight
252.99626000004355	EXP	szo_kiir: autoDraw = false
252.99626000004355	EXP	szo_kiir: color = {"_rgb":[1,1,1]}
252.99626000004355	EXP	szo_kiir: text = "kibeti"
253.5165150000248	EXP	szo_kiir: autoDraw = true
254.96245500002988	DATA	Keydown: ArrowLeft
254.9797050000052	EXP	szo_kiir: autoDraw = false
254.9797050000052	EXP	szo_kiir: color = {"_rgb":[1,1,1]}
254.9797050000052	EXP	szo_kiir: text = "prografej"
255.4965599999996	EXP	szo_kiir: autoDraw = true
257.1448500000406	DATA	Keydown: ArrowLeft
257.15653500001645	EXP	szo_kiir: autoDraw = false
257.15653500001645	EXP	szo_kiir: color = {"_rgb":[1,1,1]}
257.15653500001645	EXP	szo_kiir: text = "szíjaz"
257.67629000003217	EXP	szo_kiir: autoDraw = true
258.6394000000437	DATA	Keydown: ArrowRight
258.65968500002054	EXP	szo_kiir: autoDraw = false
258.65968500002054	EXP	szo_kiir: color = {"_rgb":[1,1,1]}
258.65968500002054	EXP	szo_kiir: text = "suszi"
259.17641499999445	EXP	szo_kiir: autoDraw = true
262.171800000011	DATA	Keydown: ArrowLeft
262.1761600000318	EXP	szo_kiir: autoDraw = false
262.1761600000318	EXP	szo_kiir: color = {"_rgb":[1,1,1]}
262.1761600000318	EXP	szo_kiir: text = "katéterez"
262.69628000003286	EXP	szo_kiir: autoDraw = true
263.9516350000049	DATA	Keydown: ArrowRight
263.9597300000023	EXP	szo_kiir: autoDraw = false
263.9597300000023	EXP	szo_kiir: color = {"_rgb":[1,1,1]}
263.9597300000023	EXP	szo_kiir: text = "koegzisztál"
264.4762150000315	EXP	szo_kiir: autoDraw = true
265.4521850000019	DATA	Keydown: ArrowLeft
265.4553700000397	EXP	szo_kiir: autoDraw = false
265.4553700000397	EXP	szo_kiir: color = {"_rgb":[1,1,1]}
265.4553700000397	EXP	szo_kiir: text = "háromfedélzetű"
265.9767550000106	EXP	szo_kiir: autoDraw = true
268.56063500000164	DATA	Keydown: ArrowLeft
268.5760700000101	EXP	szo_kiir: autoDraw = false
268.5760700000101	EXP	szo_kiir: color = {"_rgb":[1,1,1]}
268.5760700000101	EXP	szo_kiir: text = "kettősfém"
269.0960550000309	EXP	szo_kiir: autoDraw = true
270.1124650000129	DATA	Keydown: ArrowRight
270.11551500001224	EXP	szo_kiir: autoDraw = false
270.11551500001224	EXP	szo_kiir: color = {"_rgb":[1,1,1]}
270.11551500001224	EXP	szo_kiir: text = "gramoszi"
270.6361250000191	EXP	szo_kiir: autoDraw = true
274.04999000002863	DATA	Keydown: ArrowLeft
274.0597950000083	EXP	szo_kiir: autoDraw = false
274.0597950000083	EXP	szo_kiir: color = {"_rgb":[1,1,1]}
274.0597950000083	EXP	szo_kiir: text = "víker"
274.5754700000398	EXP	szo_kiir: autoDraw = true
276.79078500001924	DATA	Keydown: ArrowLeft
276.79805000004126	EXP	szo_kiir: autoDraw = false
276.79805000004126	EXP	szo_kiir: color = {"_rgb":[1,1,1]}
276.79805000004126	EXP	szo_kiir: text = "fotoszenzibilis"
277.31616500002565	EXP	szo_kiir: autoDraw = true
278.9795049999957	DATA	Keydown: ArrowLeft
278.9958249999909	EXP	szo_kiir: autoDraw = false
278.9958249999909	EXP	szo_kiir: color = {"_rgb":[1,1,1]}
278.9958249999909	EXP	szo_kiir: text = "tángál"
279.515715000045	EXP	szo_kiir: autoDraw = true
280.51034500001697	DATA	Keydown: ArrowLeft
280.515315000026	EXP	szo_kiir: autoDraw = false
280.515315000026	EXP	szo_kiir: color = {"_rgb":[1,1,1]}
280.515315000026	EXP	szo_kiir: text = "hajcsárkodik"
281.0357350000413	EXP	szo_kiir: autoDraw = true
282.0431450000033	DATA	Keydown: ArrowRight
282.05986500001745	EXP	szo_kiir: autoDraw = false
282.05986500001745	EXP	szo_kiir: color = {"_rgb":[1,1,1]}
282.05986500001745	EXP	szo_kiir: text = "hátall"
282.57566000003135	EXP	szo_kiir: autoDraw = true
283.56891500001075	DATA	Keydown: ArrowLeft
283.57521500001894	EXP	szo_kiir: autoDraw = false
283.57521500001894	EXP	szo_kiir: color = {"_rgb":[1,1,1]}
283.57521500001894	EXP	szo_kiir: text = "garn"
284.0955950000207	EXP	szo_kiir: autoDraw = true
284.77637500001583	DATA	Keydown: ArrowLeft
284.77749499998754	EXP	szo_kiir: autoDraw = false
284.77749499998754	EXP	szo_kiir: color = {"_rgb":[1,1,1]}
284.77749499998754	EXP	szo_kiir: text = "szabadszirmú"
285.2956500000437	EXP	szo_kiir: autoDraw = true
286.71912500000326	DATA	Keydown: ArrowLeft
286.7354050000431	EXP	szo_kiir: autoDraw = false
286.7354050000431	EXP	szo_kiir: color = {"_rgb":[1,1,1]}
286.7354050000431	EXP	szo_kiir: text = "gyant"
287.25504499999806	EXP	szo_kiir: autoDraw = true
288.0313600000227	DATA	Keydown: ArrowLeft
288.03903500002343	EXP	szo_kiir: autoDraw = false
288.03903500002343	EXP	szo_kiir: color = {"_rgb":[1,1,1]}
288.03903500002343	EXP	szo_kiir: text = "petél"
288.5552449999959	EXP	szo_kiir: autoDraw = true
290.0119249999989	DATA	Keydown: ArrowLeft
290.01506500004325	EXP	szo_kiir: autoDraw = false
290.01506500004325	EXP	szo_kiir: color = {"_rgb":[1,1,1]}
290.01506500004325	EXP	szo_kiir: text = "cirkalmaz"
290.5355400000117	EXP	szo_kiir: autoDraw = true
291.7471450000303	DATA	Keydown: ArrowLeft
291.75448000000324	EXP	szo_kiir: autoDraw = false
291.75448000000324	EXP	szo_kiir: color = {"_rgb":[1,1,1]}
291.75448000000324	EXP	szo_kiir: text = "csoportáló"
292.2752700000419	EXP	szo_kiir: autoDraw = true
294.7188850000384	DATA	Keydown: ArrowLeft
294.73558000003686	EXP	szo_kiir: autoDraw = false
294.73558000003686	EXP	szo_kiir: color = {"_rgb":[1,1,1]}
294.73558000003686	EXP	szo_kiir: text = "alka"
295.25484499998856	EXP	szo_kiir: autoDraw = true
296.60437499999534	DATA	Keydown: ArrowLeft
296.6184249999933	EXP	szo_kiir: autoDraw = false
296.6184249999933	EXP	szo_kiir: color = {"_rgb":[1,1,1]}
296.6184249999933	EXP	szo_kiir: text = "polcol"
297.13519500003895	EXP	szo_kiir: autoDraw = true
298.1784800000023	DATA	Keydown: ArrowRight
298.19511500000954	EXP	szo_kiir: autoDraw = false
298.19511500000954	EXP	szo_kiir: color = {"_rgb":[1,1,1]}
298.19511500000954	EXP	szo_kiir: text = "vászonbetét"
298.71481000003405	EXP	szo_kiir: autoDraw = true
299.9987850000034	DATA	Keydown: ArrowRight
300.0184500000323	EXP	szo_kiir: autoDraw = false
300.0184500000323	EXP	szo_kiir: color = {"_rgb":[1,1,1]}
300.0184500000323	EXP	szo_kiir: text = "modukció"
300.5348600000143	EXP	szo_kiir: autoDraw = true
301.9685649999883	DATA	Keydown: ArrowLeft
301.97527500003343	EXP	szo_kiir: autoDraw = false
301.97527500003343	EXP	szo_kiir: color = {"_rgb":[1,1,1]}
301.97527500003343	EXP	szo_kiir: text = "nyűvődik"
302.4952200000407	EXP	szo_kiir: autoDraw = true
304.0384600000107	DATA	Keydown: ArrowLeft
304.0545300000231	EXP	szo_kiir: autoDraw = false
304.0545300000231	EXP	szo_kiir: color = {"_rgb":[1,1,1]}
304.0545300000231	EXP	szo_kiir: text = "különszakasz"
304.57481499999994	EXP	szo_kiir: autoDraw = true
305.74292500002775	DATA	Keydown: ArrowLeft
305.75491000001784	EXP	szo_kiir: autoDraw = false
305.75491000001784	EXP	szo_kiir: color = {"_rgb":[1,1,1]}
305.75491000001784	EXP	szo_kiir: text = "filologizál"
306.2748750000028	EXP	szo_kiir: autoDraw = true
308.1006950000301	DATA	Keydown: ArrowLeft
308.1200250000111	EXP	szo_kiir: autoDraw = false
308.1200250000111	EXP	szo_kiir: color = {"_rgb":[1,1,1]}
308.1200250000111	EXP	szo_kiir: text = "lazúroz"
308.6353400000371	EXP	szo_kiir: autoDraw = true
310.1784050000133	DATA	Keydown: ArrowLeft
310.1947050000308	EXP	szo_kiir: autoDraw = false
310.1947050000308	EXP	szo_kiir: color = {"_rgb":[1,1,1]}
310.1947050000308	EXP	szo_kiir: text = "ószeven"
310.71448500000406	EXP	szo_kiir: autoDraw = true
311.7316400000127	DATA	Keydown: ArrowLeft
311.73473500000546	EXP	szo_kiir: autoDraw = false
311.73473500000546	EXP	szo_kiir: color = {"_rgb":[1,1,1]}
311.73473500000546	EXP	szo_kiir: text = "lecskediriz"
312.25505999999586	EXP	szo_kiir: autoDraw = true
313.5826750000124	DATA	Keydown: ArrowLeft
313.5977300000377	EXP	szo_kiir: autoDraw = false
313.5977300000377	EXP	szo_kiir: color = {"_rgb":[1,1,1]}
313.5977300000377	EXP	szo_kiir: text = "kibogarász"
314.1147099999944	EXP	szo_kiir: autoDraw = true
315.3383150000009	DATA	Keydown: ArrowLeft
315.35459000000264	EXP	szo_kiir: autoDraw = false
315.35459000000264	EXP	szo_kiir: color = {"_rgb":[1,1,1]}
315.35459000000264	EXP	szo_kiir: text = "halmajonéz"
315.87459500000114	EXP	szo_kiir: autoDraw = true
319.397965000011	DATA	Keydown: ArrowLeft
319.4147949999897	EXP	szo_kiir: autoDraw = false
319.4147949999897	EXP	szo_kiir: color = {"_rgb":[1,1,1]}
319.4147949999897	EXP	szo_kiir: text = "kíványozhat"
319.93463500001235	EXP	szo_kiir: autoDraw = true
322.14776000002166	DATA	Keydown: ArrowLeft
322.15418499999214	EXP	szo_kiir: autoDraw = false
322.15418499999214	EXP	szo_kiir: color = {"_rgb":[1,1,1]}
322.15418499999214	EXP	szo_kiir: text = "jelegező"
322.67392500001006	EXP	szo_kiir: autoDraw = true
324.9419249999919	DATA	Keydown: ArrowLeft
324.9572250000201	EXP	szo_kiir: autoDraw = false
324.9572250000201	EXP	koszi_szoveg: autoDraw = true
327.5377950000111	DATA	Keydown:  
