0.0582000000285916	EXP	Created Window = Window( name=Window, fullscr=true, color=#000000, units=norm, waitBlanking=true, autoLog=true, size=[1920,937] )
2.656844999990426	DATA	Keydown: undefined
13.161800000001676	DATA	Keydown: f
14.281629999983124	DATA	Keydown: é
15.72181499999715	DATA	Keydown: r
16.84995499998331	DATA	Keydown: f
17.38628500001505	DATA	Keydown: i
20.62660000001779	DATA	Keydown: 1
20.642370000015944	DATA	Keydown: 4
20.834365000016987	DATA	Keydown: 9
21.17064000002574	DATA	Keydown: 6
21.651275000011083	DATA	Keydown: 4
23.082845000026282	DATA	Keydown: .
23.619305000000168	DATA	Keydown: 1
23.86680499999784	DATA	Keydown: 2
24.466720000025816	DATA	Keydown: .
24.98729999997886	DATA	Keydown: 1
25.13080500002252	DATA	Keydown: 6
29.683345000026748	DATA	Keydown: 1
29.811380000028294	DATA	Keydown: 2
32.320449999999255	EXP	Created instruction_text1 = TextStim( name=instruction_text1, win=Window( name=Window, fullscr=true, color=#000000, ~), autoDraw=null, autoLog=true, units=norm, ori=null, opacity=1, pos=[0,0], size=undefined, text=Ön most szavakat fog látni.

Ezek között lesznek o~, font=Arial, color=#ffffff, contrast=1, height=0.05, bold=null, italic=null, alignHoriz=left, alignVert=center, wrapWidth=1, flipHoriz=null, flipVert=null )
32.32188499998301	EXP	Created instruction_text2 = TextStim( name=instruction_text2, win=Window( name=Window, fullscr=true, color=#000000, ~), autoDraw=null, autoLog=true, units=norm, ori=null, opacity=1, pos=[0,0], size=undefined, text=Először két egyszerű példát mutatunk Önnek.

Az el~, font=Arial, color=#FFFFFF, contrast=1, height=0.05, bold=null, italic=null, alignHoriz=left, alignVert=center, wrapWidth=1, flipHoriz=null, flipVert=null )
32.32332999998471	EXP	Created show_text = TextStim( name=show_text, win=Window( name=Window, fullscr=true, color=#000000, ~), autoDraw=null, autoLog=true, units=norm, ori=null, opacity=1, pos=[0,0], size=undefined, text=asztal, font=Arial, color=#FFFFFF, contrast=1, height=0.2, bold=null, italic=null, alignHoriz=left, alignVert=center, wrapWidth=1, flipHoriz=null, flipVert=null )
32.324130000022706	EXP	Created text = TextStim( name=text, win=Window( name=Window, fullscr=true, color=#000000, ~), autoDraw=null, autoLog=true, units=norm, ori=null, opacity=1, pos=[0,0], size=undefined, text=bzsmfsztal, font=Arial, color=#FFFFFF, contrast=1, height=0.2, bold=null, italic=null, alignHoriz=left, alignVert=center, wrapWidth=1, flipHoriz=null, flipVert=null )
32.324755000008736	EXP	Created instruction_text3 = TextStim( name=instruction_text3, win=Window( name=Window, fullscr=true, color=#000000, ~), autoDraw=null, autoLog=true, units=norm, ori=null, opacity=1, pos=[0,0], size=undefined, text=Pazar. Most kezdődik az igazi kísérlet. Néhány per~, font=Arial, color=#FFFFFF, contrast=1, height=0.1, bold=null, italic=null, alignHoriz=left, alignVert=center, wrapWidth=1, flipHoriz=null, flipVert=null )
32.32842500001425	EXP	Created szo_kiir = TextStim( name=szo_kiir, win=Window( name=Window, fullscr=true, color=#000000, ~), autoDraw=null, autoLog=true, units=norm, ori=null, opacity=1, pos=[0,0], size=undefined, text=default text, font=Arial, color=#FFFFFF, contrast=1, height=0.2, bold=null, italic=null, alignHoriz=left, alignVert=center, wrapWidth=1, flipHoriz=null, flipVert=null )
32.330910000018775	EXP	Created koszi_szoveg = TextStim( name=koszi_szoveg, win=Window( name=Window, fullscr=true, color=#000000, ~), autoDraw=null, autoLog=true, units=norm, ori=null, opacity=1, pos=[0,0], size=undefined, text=Vége a kísérletnek. Köszönjük a részvételt!, font=arial, color=#ffffff, contrast=1, height=0.1, bold=null, italic=null, alignHoriz=left, alignVert=center, wrapWidth=1, flipHoriz=null, flipVert=null )
32.36518999998225	EXP	instruction_text1: units = "norm"
32.36518999998225	EXP	instruction_text1: ori = 0
32.36518999998225	EXP	instruction_text1: opacity = 1
32.36518999998225	EXP	instruction_text1: pos = [0,0]
32.36518999998225	EXP	instruction_text1: size = undefined
32.36518999998225	EXP	instruction_text1: text = "Ön most szavakat fog látni.\n\nEzek között lesznek olyanok, amelyeket ismer, de előfordulhatnak olyanok is, amelyeket nem ismer, sőt, vannak köztük kitalált szavak is. \n\nKérjük, ha ismeri a képernyőn látható szót, nyomja meg a JOBB kurzorbillentyűt.\nKérjük, ha NEM ismeri a képernyőn látható szót, vagy azt gondolja, nincs ilyen szó a magyarban, nyomja meg a BAL kurzorbillentyűt.\n\nAz 'Ismerem a szót' döntés itt most ezt jelenti: találkoztam már vele, és van valami elképzelésem a jelentéséről is.  \n\nNyomjon meg bármilyen billentyűt a folytatáshoz."
32.36518999998225	EXP	instruction_text1: font = "Arial"
32.36518999998225	EXP	instruction_text1: color = {"_rgb":[1,1,1]}
32.36518999998225	EXP	instruction_text1: contrast = 1
32.36518999998225	EXP	instruction_text1: height = 0.05
32.36518999998225	EXP	instruction_text1: bold = false
32.36518999998225	EXP	instruction_text1: italic = false
32.36518999998225	EXP	instruction_text1: alignHoriz = "left"
32.36518999998225	EXP	instruction_text1: alignVert = "center"
32.36518999998225	EXP	instruction_text1: wrapWidth = 1
32.36518999998225	EXP	instruction_text1: flipHoriz = false
32.36518999998225	EXP	instruction_text1: flipVert = false
32.36518999998225	EXP	instruction_text2: units = "norm"
32.36518999998225	EXP	instruction_text2: ori = 0
32.36518999998225	EXP	instruction_text2: opacity = 1
32.36518999998225	EXP	instruction_text2: pos = [0,0]
32.36518999998225	EXP	instruction_text2: size = undefined
32.36518999998225	EXP	instruction_text2: text = "Először két egyszerű példát mutatunk Önnek.\n\nAz első szó létezik a magyarban, és valószínűleg Ön is ismeri. Itt nyomja majd meg a jobb kurzorbillentyűt.\nA második szó nem létezik a magyar nyelvben. Itt nyomja majd meg a bal kurzorbillentyűt.\n\nFontos, hogy a jobb gombot a jobb kezével, a bal gombot a bal kezével nyomja, ha tudja, és ne egy kezét használja a kísérletben.\n\nNyomjon meg bármilyen gombot a folytatáshoz."
32.36518999998225	EXP	instruction_text2: font = "Arial"
32.36518999998225	EXP	instruction_text2: color = {"_hex":"#FFFFFF","_rgb":[1,1,1]}
32.36518999998225	EXP	instruction_text2: contrast = 1
32.36518999998225	EXP	instruction_text2: height = 0.05
32.36518999998225	EXP	instruction_text2: bold = false
32.36518999998225	EXP	instruction_text2: italic = false
32.36518999998225	EXP	instruction_text2: alignHoriz = "left"
32.36518999998225	EXP	instruction_text2: alignVert = "center"
32.36518999998225	EXP	instruction_text2: wrapWidth = 1
32.36518999998225	EXP	instruction_text2: flipHoriz = false
32.36518999998225	EXP	instruction_text2: flipVert = false
32.36518999998225	EXP	show_text: units = "norm"
32.36518999998225	EXP	show_text: ori = 0
32.36518999998225	EXP	show_text: opacity = 1
32.36518999998225	EXP	show_text: pos = [0,0]
32.36518999998225	EXP	show_text: size = undefined
32.36518999998225	EXP	show_text: text = "asztal"
32.36518999998225	EXP	show_text: font = "Arial"
32.36518999998225	EXP	show_text: color = {"_hex":"#FFFFFF","_rgb":[1,1,1]}
32.36518999998225	EXP	show_text: contrast = 1
32.36518999998225	EXP	show_text: height = 0.2
32.36518999998225	EXP	show_text: bold = false
32.36518999998225	EXP	show_text: italic = false
32.36518999998225	EXP	show_text: alignHoriz = "left"
32.36518999998225	EXP	show_text: alignVert = "center"
32.36518999998225	EXP	show_text: wrapWidth = 1
32.36518999998225	EXP	show_text: flipHoriz = false
32.36518999998225	EXP	show_text: flipVert = false
32.36518999998225	EXP	text: units = "norm"
32.36518999998225	EXP	text: ori = 0
32.36518999998225	EXP	text: opacity = 1
32.36518999998225	EXP	text: pos = [0,0]
32.36518999998225	EXP	text: size = undefined
32.36518999998225	EXP	text: text = "bzsmfsztal"
32.36518999998225	EXP	text: font = "Arial"
32.36518999998225	EXP	text: color = {"_hex":"#FFFFFF","_rgb":[1,1,1]}
32.36518999998225	EXP	text: contrast = 1
32.36518999998225	EXP	text: height = 0.2
32.36518999998225	EXP	text: bold = false
32.36518999998225	EXP	text: italic = false
32.36518999998225	EXP	text: alignHoriz = "left"
32.36518999998225	EXP	text: alignVert = "center"
32.36518999998225	EXP	text: wrapWidth = 1
32.36518999998225	EXP	text: flipHoriz = false
32.36518999998225	EXP	text: flipVert = false
32.36518999998225	EXP	instruction_text3: units = "norm"
32.36518999998225	EXP	instruction_text3: ori = 0
32.36518999998225	EXP	instruction_text3: opacity = 1
32.36518999998225	EXP	instruction_text3: pos = [0,0]
32.36518999998225	EXP	instruction_text3: size = undefined
32.36518999998225	EXP	instruction_text3: text = "Pazar. Most kezdődik az igazi kísérlet. Néhány percig fog tartani. Nem kell nagyon sietnie, de igyekezzen gyorsan válaszolni.\n\nNe feledje, ha tudja, a jobb gombot a jobbkezével, a bal gombot a balkezével nyomja le.\n\nNyomjon meg bármilyen gombot a folytatáshoz."
32.36518999998225	EXP	instruction_text3: font = "Arial"
32.36518999998225	EXP	instruction_text3: color = {"_hex":"#FFFFFF","_rgb":[1,1,1]}
32.36518999998225	EXP	instruction_text3: contrast = 1
32.36518999998225	EXP	instruction_text3: height = 0.1
32.36518999998225	EXP	instruction_text3: bold = false
32.36518999998225	EXP	instruction_text3: italic = false
32.36518999998225	EXP	instruction_text3: alignHoriz = "left"
32.36518999998225	EXP	instruction_text3: alignVert = "center"
32.36518999998225	EXP	instruction_text3: wrapWidth = 1
32.36518999998225	EXP	instruction_text3: flipHoriz = false
32.36518999998225	EXP	instruction_text3: flipVert = false
32.36518999998225	EXP	szo_kiir: units = "norm"
32.36518999998225	EXP	szo_kiir: ori = 0
32.36518999998225	EXP	szo_kiir: opacity = 1
32.36518999998225	EXP	szo_kiir: pos = [0,0]
32.36518999998225	EXP	szo_kiir: size = undefined
32.36518999998225	EXP	szo_kiir: text = "default text"
32.36518999998225	EXP	szo_kiir: font = "Arial"
32.36518999998225	EXP	szo_kiir: color = {"_hex":"#FFFFFF","_rgb":[1,1,1]}
32.36518999998225	EXP	szo_kiir: contrast = 1
32.36518999998225	EXP	szo_kiir: height = 0.2
32.36518999998225	EXP	szo_kiir: bold = false
32.36518999998225	EXP	szo_kiir: italic = false
32.36518999998225	EXP	szo_kiir: alignHoriz = "left"
32.36518999998225	EXP	szo_kiir: alignVert = "center"
32.36518999998225	EXP	szo_kiir: wrapWidth = 1
32.36518999998225	EXP	szo_kiir: flipHoriz = false
32.36518999998225	EXP	szo_kiir: flipVert = false
32.36518999998225	EXP	koszi_szoveg: units = "norm"
32.36518999998225	EXP	koszi_szoveg: ori = 0
32.36518999998225	EXP	koszi_szoveg: opacity = 1
32.36518999998225	EXP	koszi_szoveg: pos = [0,0]
32.36518999998225	EXP	koszi_szoveg: size = undefined
32.36518999998225	EXP	koszi_szoveg: text = "Vége a kísérletnek. Köszönjük a részvételt!"
32.36518999998225	EXP	koszi_szoveg: font = "arial"
32.36518999998225	EXP	koszi_szoveg: color = {"_rgb":[1,1,1]}
32.36518999998225	EXP	koszi_szoveg: contrast = 1
32.36518999998225	EXP	koszi_szoveg: height = 0.1
32.36518999998225	EXP	koszi_szoveg: bold = false
32.36518999998225	EXP	koszi_szoveg: italic = false
32.36518999998225	EXP	koszi_szoveg: alignHoriz = "left"
32.36518999998225	EXP	koszi_szoveg: alignVert = "center"
32.36518999998225	EXP	koszi_szoveg: wrapWidth = 1
32.36518999998225	EXP	koszi_szoveg: flipHoriz = false
32.36518999998225	EXP	koszi_szoveg: flipVert = false
32.36518999998225	EXP	instruction_text1: autoDraw = true
106.68479500000831	DATA	Keydown: Enter
106.70344000001205	EXP	instruction_text1: autoDraw = false
106.70344000001205	EXP	instruction_text2: autoDraw = true
121.98995000001742	DATA	Keydown: Enter
122.01757000002544	EXP	instruction_text2: autoDraw = false
122.54095499997493	EXP	show_text: autoDraw = true
132.87099500000477	DATA	Keydown: ArrowRight
132.89565999998013	EXP	show_text: autoDraw = false
133.4128700000001	EXP	text: autoDraw = true
135.89486000000034	DATA	Keydown: ArrowLeft
135.92768000002252	EXP	text: autoDraw = false
135.92768000002252	EXP	instruction_text3: autoDraw = true
144.58431000000564	DATA	Keydown: ArrowRight
144.62489999999525	EXP	instruction_text3: autoDraw = false
144.62489999999525	EXP	szo_kiir: color = {"_rgb":[1,1,1]}
144.62489999999525	EXP	szo_kiir: text = "nincs"
145.129179999989	EXP	szo_kiir: autoDraw = true
146.34409500000766	DATA	Keydown: ArrowRight
146.35998499998823	EXP	szo_kiir: autoDraw = false
146.35998499998823	EXP	szo_kiir: color = {"_rgb":[1,1,1]}
146.35998499998823	EXP	szo_kiir: text = "kép"
146.88012500002515	EXP	szo_kiir: autoDraw = true
147.60858499997994	DATA	Keydown: ArrowRight
147.62293000001227	EXP	szo_kiir: autoDraw = false
147.62293000001227	EXP	szo_kiir: color = {"_rgb":[1,1,1]}
147.62293000001227	EXP	szo_kiir: text = "felján"
148.13206500001252	EXP	szo_kiir: autoDraw = true
149.3042349999887	DATA	Keydown: ArrowLeft
149.31295499997213	EXP	szo_kiir: autoDraw = false
149.31295499997213	EXP	szo_kiir: color = {"_rgb":[1,1,1]}
149.31295499997213	EXP	szo_kiir: text = "gyerek"
149.83299000002444	EXP	szo_kiir: autoDraw = true
150.5523750000284	DATA	Keydown: ArrowRight
150.5734850000008	EXP	szo_kiir: autoDraw = false
150.5734850000008	EXP	szo_kiir: color = {"_rgb":[1,1,1]}
150.5734850000008	EXP	szo_kiir: text = "kétikussi"
151.08445999998366	EXP	szo_kiir: autoDraw = true
152.51300999999512	DATA	Keydown: ArrowRight
152.5163000000175	EXP	szo_kiir: autoDraw = false
152.5163000000175	EXP	szo_kiir: color = {"_rgb":[1,1,1]}
152.5163000000175	EXP	szo_kiir: text = "gond"
153.01892000000225	EXP	szo_kiir: autoDraw = true
153.8186149999965	DATA	Keydown: ArrowRight
153.8352549999836	EXP	szo_kiir: autoDraw = false
153.8352549999836	EXP	szo_kiir: color = {"_rgb":[1,1,1]}
153.8352549999836	EXP	szo_kiir: text = "eszköz"
154.35433000000194	EXP	szo_kiir: autoDraw = true
155.02547499997308	DATA	Keydown: ArrowRight
155.05086000001756	EXP	szo_kiir: autoDraw = false
155.05086000001756	EXP	szo_kiir: color = {"_rgb":[1,1,1]}
155.05086000001756	EXP	szo_kiir: text = "boldog"
155.55609999998705	EXP	szo_kiir: autoDraw = true
156.24943500000518	DATA	Keydown: ArrowRight
156.25383000000147	EXP	szo_kiir: autoDraw = false
156.25383000000147	EXP	szo_kiir: color = {"_rgb":[1,1,1]}
156.25383000000147	EXP	szo_kiir: text = "szimboló"
156.77357499999925	EXP	szo_kiir: autoDraw = true
158.22523999999976	DATA	Keydown: ArrowLeft
158.24405999999726	EXP	szo_kiir: autoDraw = false
158.24405999999726	EXP	szo_kiir: color = {"_rgb":[1,1,1]}
158.24405999999726	EXP	szo_kiir: text = "csomag"
158.75770499999635	EXP	szo_kiir: autoDraw = true
159.4813650000142	DATA	Keydown: ArrowRight
159.49068500002613	EXP	szo_kiir: autoDraw = false
159.49068500002613	EXP	szo_kiir: color = {"_rgb":[1,1,1]}
159.49068500002613	EXP	szo_kiir: text = "lélek"
160.00871500000358	EXP	szo_kiir: autoDraw = true
160.76190500002122	DATA	Keydown: ArrowRight
160.78006000001915	EXP	szo_kiir: autoDraw = false
160.78006000001915	EXP	szo_kiir: color = {"_rgb":[1,1,1]}
160.78006000001915	EXP	szo_kiir: text = "helyezkedik"
161.29530499997782	EXP	szo_kiir: autoDraw = true
162.77792500000214	DATA	Keydown: ArrowRight
162.79372999997577	EXP	szo_kiir: autoDraw = false
162.79372999997577	EXP	szo_kiir: color = {"_rgb":[1,1,1]}
162.79372999997577	EXP	szo_kiir: text = "olaj"
163.29693000001134	EXP	szo_kiir: autoDraw = true
163.95423999999184	DATA	Keydown: ArrowRight
163.96987500000978	EXP	szo_kiir: autoDraw = false
163.96987500000978	EXP	szo_kiir: color = {"_rgb":[1,1,1]}
163.96987500000978	EXP	szo_kiir: text = "kiskolható"
164.48170499998378	EXP	szo_kiir: autoDraw = true
166.18644499999937	DATA	Keydown: ArrowLeft
166.19721499999287	EXP	szo_kiir: autoDraw = false
166.19721499999287	EXP	szo_kiir: color = {"_rgb":[1,1,1]}
166.19721499999287	EXP	szo_kiir: text = "híd"
166.69872500002384	EXP	szo_kiir: autoDraw = true
167.38617999997223	DATA	Keydown: ArrowRight
167.40498499997193	EXP	szo_kiir: autoDraw = false
167.40498499997193	EXP	szo_kiir: color = {"_rgb":[1,1,1]}
167.40498499997193	EXP	szo_kiir: text = "alukandós"
167.91810000000987	EXP	szo_kiir: autoDraw = true
169.2997149999719	DATA	Keydown: ArrowLeft
169.3169399999897	EXP	szo_kiir: autoDraw = false
169.3169399999897	EXP	szo_kiir: color = {"_rgb":[1,1,1]}
169.3169399999897	EXP	szo_kiir: text = "jogosult"
169.83608999999706	EXP	szo_kiir: autoDraw = true
170.56278500001645	DATA	Keydown: ArrowRight
170.5733299999847	EXP	szo_kiir: autoDraw = false
170.5733299999847	EXP	szo_kiir: color = {"_rgb":[1,1,1]}
170.5733299999847	EXP	szo_kiir: text = "vízgyűlő"
171.0878500000108	EXP	szo_kiir: autoDraw = true
172.80488499999046	DATA	Keydown: ArrowRight
172.82057500001974	EXP	szo_kiir: autoDraw = false
172.82057500001974	EXP	szo_kiir: color = {"_rgb":[1,1,1]}
172.82057500001974	EXP	szo_kiir: text = "fiatalember"
173.34074499999406	EXP	szo_kiir: autoDraw = true
174.24313000001712	DATA	Keydown: ArrowRight
174.25581499998225	EXP	szo_kiir: autoDraw = false
174.25581499998225	EXP	szo_kiir: color = {"_rgb":[1,1,1]}
174.25581499998225	EXP	szo_kiir: text = "konyrúd"
174.77555999998003	EXP	szo_kiir: autoDraw = true
175.80313999997452	DATA	Keydown: ArrowLeft
175.80961499997647	EXP	szo_kiir: autoDraw = false
175.80961499997647	EXP	szo_kiir: color = {"_rgb":[1,1,1]}
175.80961499997647	EXP	szo_kiir: text = "tanít"
176.32683999999426	EXP	szo_kiir: autoDraw = true
176.98771499999566	DATA	Keydown: ArrowRight
176.99124000000302	EXP	szo_kiir: autoDraw = false
176.99124000000302	EXP	szo_kiir: color = {"_rgb":[1,1,1]}
176.99124000000302	EXP	szo_kiir: text = "sokoldalú"
177.49355000001378	EXP	szo_kiir: autoDraw = true
178.47626999998465	DATA	Keydown: ArrowRight
178.49793000001227	EXP	szo_kiir: autoDraw = false
178.49793000001227	EXP	szo_kiir: color = {"_rgb":[1,1,1]}
178.49793000001227	EXP	szo_kiir: text = "színpad"
179.0111850000103	EXP	szo_kiir: autoDraw = true
179.82793500000844	DATA	Keydown: ArrowRight
179.8447799999849	EXP	szo_kiir: autoDraw = false
179.8447799999849	EXP	szo_kiir: color = {"_rgb":[1,1,1]}
179.8447799999849	EXP	szo_kiir: text = "nagyarnák"
180.36422500002664	EXP	szo_kiir: autoDraw = true
181.54785500001162	DATA	Keydown: ArrowLeft
181.56766499998048	EXP	szo_kiir: autoDraw = false
181.56766499998048	EXP	szo_kiir: color = {"_rgb":[1,1,1]}
181.56766499998048	EXP	szo_kiir: text = "gyűjt"
182.08178499998758	EXP	szo_kiir: autoDraw = true
182.69985500001349	DATA	Keydown: ArrowRight
182.71392000000924	EXP	szo_kiir: autoDraw = false
182.71392000000924	EXP	szo_kiir: color = {"_rgb":[1,1,1]}
182.71392000000924	EXP	szo_kiir: text = "majozárói"
183.21606499998597	EXP	szo_kiir: autoDraw = true
184.35657000000356	DATA	Keydown: ArrowLeft
184.37020000000484	EXP	szo_kiir: autoDraw = false
184.37020000000484	EXP	szo_kiir: color = {"_rgb":[1,1,1]}
184.37020000000484	EXP	szo_kiir: text = "lebeg"
184.8843249999918	EXP	szo_kiir: autoDraw = true
185.51747500000056	DATA	Keydown: ArrowRight
185.5335399999749	EXP	szo_kiir: autoDraw = false
185.5335399999749	EXP	szo_kiir: color = {"_rgb":[1,1,1]}
185.5335399999749	EXP	szo_kiir: text = "fartózható"
186.0524999999907	EXP	szo_kiir: autoDraw = true
188.26936999999452	DATA	Keydown: ArrowLeft
188.29084500001045	EXP	szo_kiir: autoDraw = false
188.29084500001045	EXP	szo_kiir: color = {"_rgb":[1,1,1]}
188.29084500001045	EXP	szo_kiir: text = "mér"
188.80502500000875	EXP	szo_kiir: autoDraw = true
189.56491000001552	DATA	Keydown: ArrowRight
189.57089500001166	EXP	szo_kiir: autoDraw = false
189.57089500001166	EXP	szo_kiir: color = {"_rgb":[1,1,1]}
189.57089500001166	EXP	szo_kiir: text = "gyógyszerész"
190.09020999999484	EXP	szo_kiir: autoDraw = true
191.28535000002012	DATA	Keydown: ArrowRight
191.29719000001205	EXP	szo_kiir: autoDraw = false
191.29719000001205	EXP	szo_kiir: color = {"_rgb":[1,1,1]}
191.29719000001205	EXP	szo_kiir: text = "olvad"
191.80800999997882	EXP	szo_kiir: autoDraw = true
192.50888500001747	DATA	Keydown: ArrowRight
192.52343499998096	EXP	szo_kiir: autoDraw = false
192.52343499998096	EXP	szo_kiir: color = {"_rgb":[1,1,1]}
192.52343499998096	EXP	szo_kiir: text = "germán"
193.02574499999173	EXP	szo_kiir: autoDraw = true
194.061165000021	DATA	Keydown: ArrowRight
194.08086500002537	EXP	szo_kiir: autoDraw = false
194.08086500002537	EXP	szo_kiir: color = {"_rgb":[1,1,1]}
194.08086500002537	EXP	szo_kiir: text = "glükóz"
194.59623500000453	EXP	szo_kiir: autoDraw = true
195.5018000000273	DATA	Keydown: ArrowRight
195.5100649999804	EXP	szo_kiir: autoDraw = false
195.5100649999804	EXP	szo_kiir: color = {"_rgb":[1,1,1]}
195.5100649999804	EXP	szo_kiir: text = "cukrász"
196.02967499999795	EXP	szo_kiir: autoDraw = true
196.813375000027	DATA	Keydown: ArrowRight
196.83406500000274	EXP	szo_kiir: autoDraw = false
196.83406500000274	EXP	szo_kiir: color = {"_rgb":[1,1,1]}
196.83406500000274	EXP	szo_kiir: text = "holttest"
197.34790499997325	EXP	szo_kiir: autoDraw = true
198.18165500002215	DATA	Keydown: ArrowRight
198.1966549999779	EXP	szo_kiir: autoDraw = false
198.1966549999779	EXP	szo_kiir: color = {"_rgb":[1,1,1]}
198.1966549999779	EXP	szo_kiir: text = "példakép"
198.71506000001682	EXP	szo_kiir: autoDraw = true
199.56609999999637	DATA	Keydown: ArrowRight
199.58937499998137	EXP	szo_kiir: autoDraw = false
199.58937499998137	EXP	szo_kiir: color = {"_rgb":[1,1,1]}
199.58937499998137	EXP	szo_kiir: text = "gaz"
200.1002200000221	EXP	szo_kiir: autoDraw = true
200.74988000001758	DATA	Keydown: ArrowRight
200.76658499997575	EXP	szo_kiir: autoDraw = false
200.76658499997575	EXP	szo_kiir: color = {"_rgb":[1,1,1]}
200.76658499997575	EXP	szo_kiir: text = "parmezán"
201.28525499999523	EXP	szo_kiir: autoDraw = true
202.26247999997577	DATA	Keydown: ArrowRight
202.27334999997402	EXP	szo_kiir: autoDraw = false
202.27334999997402	EXP	szo_kiir: color = {"_rgb":[1,1,1]}
202.27334999997402	EXP	szo_kiir: text = "kontálás"
202.7863500000094	EXP	szo_kiir: autoDraw = true
203.80638999998337	DATA	Keydown: ArrowLeft
203.81911500002025	EXP	szo_kiir: autoDraw = false
203.81911500002025	EXP	szo_kiir: color = {"_rgb":[1,1,1]}
203.81911500002025	EXP	szo_kiir: text = "rakódik"
204.33747500000754	EXP	szo_kiir: autoDraw = true
205.55086499999743	DATA	Keydown: ArrowRight
205.558245000022	EXP	szo_kiir: autoDraw = false
205.558245000022	EXP	szo_kiir: color = {"_rgb":[1,1,1]}
205.558245000022	EXP	szo_kiir: text = "fon"
206.07250499998918	EXP	szo_kiir: autoDraw = true
207.1345399999991	DATA	Keydown: ArrowRight
207.13840499997605	EXP	szo_kiir: autoDraw = false
207.13840499997605	EXP	szo_kiir: color = {"_rgb":[1,1,1]}
207.13840499997605	EXP	szo_kiir: text = "polipropilén"
207.64114500000142	EXP	szo_kiir: autoDraw = true
208.56712000002153	DATA	Keydown: ArrowRight
208.5805200000177	EXP	szo_kiir: autoDraw = false
208.5805200000177	EXP	szo_kiir: color = {"_rgb":[1,1,1]}
208.5805200000177	EXP	szo_kiir: text = "cáfol"
209.0921499999822	EXP	szo_kiir: autoDraw = true
209.73518000001786	DATA	Keydown: ArrowRight
209.74097500002244	EXP	szo_kiir: autoDraw = false
209.74097500002244	EXP	szo_kiir: color = {"_rgb":[1,1,1]}
209.74097500002244	EXP	szo_kiir: text = "tanácsol"
210.24352000001818	EXP	szo_kiir: autoDraw = true
211.14303999999538	DATA	Keydown: ArrowRight
211.163040000014	EXP	szo_kiir: autoDraw = false
211.163040000014	EXP	szo_kiir: color = {"_rgb":[1,1,1]}
211.163040000014	EXP	szo_kiir: text = "szokik"
211.6780199999921	EXP	szo_kiir: autoDraw = true
212.45532000000821	DATA	Keydown: ArrowRight
212.46076500002528	EXP	szo_kiir: autoDraw = false
212.46076500002528	EXP	szo_kiir: color = {"_rgb":[1,1,1]}
212.46076500002528	EXP	szo_kiir: text = "lendít"
212.980120000022	EXP	szo_kiir: autoDraw = true
213.71929500001715	DATA	Keydown: ArrowRight
213.73177499999292	EXP	szo_kiir: autoDraw = false
213.73177499999292	EXP	szo_kiir: color = {"_rgb":[1,1,1]}
213.73177499999292	EXP	szo_kiir: text = "ómagyar"
214.24758999998448	EXP	szo_kiir: autoDraw = true
215.11947999999393	DATA	Keydown: ArrowRight
215.13070999999763	EXP	szo_kiir: autoDraw = false
215.13070999999763	EXP	szo_kiir: color = {"_rgb":[1,1,1]}
215.13070999999763	EXP	szo_kiir: text = "magánnyugdíj"
215.65061999997124	EXP	szo_kiir: autoDraw = true
216.77563500002725	DATA	Keydown: ArrowRight
216.78613999998197	EXP	szo_kiir: autoDraw = false
216.78613999998197	EXP	szo_kiir: color = {"_rgb":[1,1,1]}
216.78613999998197	EXP	szo_kiir: text = "khiba"
217.3012999999919	EXP	szo_kiir: autoDraw = true
219.1603999999934	DATA	Keydown: ArrowLeft
219.16750500001945	EXP	szo_kiir: autoDraw = false
219.16750500001945	EXP	szo_kiir: color = {"_rgb":[1,1,1]}
219.16750500001945	EXP	szo_kiir: text = "csatázik"
219.68740499997512	EXP	szo_kiir: autoDraw = true
220.44094499998027	DATA	Keydown: ArrowRight
220.4558899999829	EXP	szo_kiir: autoDraw = false
220.4558899999829	EXP	szo_kiir: color = {"_rgb":[1,1,1]}
220.4558899999829	EXP	szo_kiir: text = "aurult"
220.97120500000892	EXP	szo_kiir: autoDraw = true
222.35486500000115	DATA	Keydown: ArrowLeft
222.37145999999484	EXP	szo_kiir: autoDraw = false
222.37145999999484	EXP	szo_kiir: color = {"_rgb":[1,1,1]}
222.37145999999484	EXP	szo_kiir: text = "fotoszintetikus"
222.88925499998732	EXP	szo_kiir: autoDraw = true
224.44078000000445	DATA	Keydown: ArrowRight
224.46039999998175	EXP	szo_kiir: autoDraw = false
224.46039999998175	EXP	szo_kiir: color = {"_rgb":[1,1,1]}
224.46039999998175	EXP	szo_kiir: text = "szalicil"
224.97659500001464	EXP	szo_kiir: autoDraw = true
225.82526000001235	DATA	Keydown: ArrowRight
225.84112499997718	EXP	szo_kiir: autoDraw = false
225.84112499997718	EXP	szo_kiir: color = {"_rgb":[1,1,1]}
225.84112499997718	EXP	szo_kiir: text = "revelatív"
226.35975499998312	EXP	szo_kiir: autoDraw = true
228.02646500000264	DATA	Keydown: ArrowLeft
228.04372999997577	EXP	szo_kiir: autoDraw = false
228.04372999997577	EXP	szo_kiir: color = {"_rgb":[1,1,1]}
228.04372999997577	EXP	szo_kiir: text = "onogur"
228.56209500000114	EXP	szo_kiir: autoDraw = true
229.53691500000423	DATA	Keydown: ArrowLeft
229.54506500001298	EXP	szo_kiir: autoDraw = false
229.54506500001298	EXP	szo_kiir: color = {"_rgb":[1,1,1]}
229.54506500001298	EXP	szo_kiir: text = "bocskor"
230.0633900000248	EXP	szo_kiir: autoDraw = true
230.95350000000326	DATA	Keydown: ArrowRight
230.96724999998696	EXP	szo_kiir: autoDraw = false
230.96724999998696	EXP	szo_kiir: color = {"_rgb":[1,1,1]}
230.96724999998696	EXP	szo_kiir: text = "agronómus"
231.482330000028	EXP	szo_kiir: autoDraw = true
233.17729000002146	DATA	Keydown: ArrowRight
233.18193000002066	EXP	szo_kiir: autoDraw = false
233.18193000002066	EXP	szo_kiir: color = {"_rgb":[1,1,1]}
233.18193000002066	EXP	szo_kiir: text = "ügyenlősi"
233.70064499997534	EXP	szo_kiir: autoDraw = true
235.3215649999911	DATA	Keydown: ArrowLeft
235.33751500002109	EXP	szo_kiir: autoDraw = false
235.33751500002109	EXP	szo_kiir: color = {"_rgb":[1,1,1]}
235.33751500002109	EXP	szo_kiir: text = "sematizmus"
235.8526749999728	EXP	szo_kiir: autoDraw = true
237.3538149999804	DATA	Keydown: ArrowLeft
237.37013499997556	EXP	szo_kiir: autoDraw = false
237.37013499997556	EXP	szo_kiir: color = {"_rgb":[1,1,1]}
237.37013499997556	EXP	szo_kiir: text = "végregura"
237.88893999997526	EXP	szo_kiir: autoDraw = true
239.3060149999801	DATA	Keydown: ArrowLeft
239.32195999997202	EXP	szo_kiir: autoDraw = false
239.32195999997202	EXP	szo_kiir: color = {"_rgb":[1,1,1]}
239.32195999997202	EXP	szo_kiir: text = "nehézsúly"
239.84035000001313	EXP	szo_kiir: autoDraw = true
240.91450999997323	DATA	Keydown: ArrowRight
240.92797000001883	EXP	szo_kiir: autoDraw = false
240.92797000001883	EXP	szo_kiir: color = {"_rgb":[1,1,1]}
240.92797000001883	EXP	szo_kiir: text = "rucaöröm"
241.44274999998743	EXP	szo_kiir: autoDraw = true
243.02660500002094	DATA	Keydown: ArrowLeft
243.04159999999683	EXP	szo_kiir: autoDraw = false
243.04159999999683	EXP	szo_kiir: color = {"_rgb":[1,1,1]}
243.04159999999683	EXP	szo_kiir: text = "oszcillál"
243.56072499998845	EXP	szo_kiir: autoDraw = true
244.97858499997528	DATA	Keydown: ArrowRight
244.99376500002109	EXP	szo_kiir: autoDraw = false
244.99376500002109	EXP	szo_kiir: color = {"_rgb":[1,1,1]}
244.99376500002109	EXP	szo_kiir: text = "tárgylemez"
245.4958500000066	EXP	szo_kiir: autoDraw = true
246.66729999997187	DATA	Keydown: ArrowRight
246.68335499998648	EXP	szo_kiir: autoDraw = false
246.68335499998648	EXP	szo_kiir: color = {"_rgb":[1,1,1]}
246.68335499998648	EXP	szo_kiir: text = "pallérozódik"
247.1975649999804	EXP	szo_kiir: autoDraw = true
248.46705500001553	DATA	Keydown: ArrowRight
248.4808399999747	EXP	szo_kiir: autoDraw = false
248.4808399999747	EXP	szo_kiir: color = {"_rgb":[1,1,1]}
248.4808399999747	EXP	szo_kiir: text = "fertilis"
248.9837749999715	EXP	szo_kiir: autoDraw = true
249.89931000000797	DATA	Keydown: ArrowLeft
249.91571999998996	EXP	szo_kiir: autoDraw = false
249.91571999998996	EXP	szo_kiir: color = {"_rgb":[1,1,1]}
249.91571999998996	EXP	szo_kiir: text = "deszkalap"
250.4173750000191	EXP	szo_kiir: autoDraw = true
252.50156000000425	DATA	Keydown: ArrowRight
252.52147500001593	EXP	szo_kiir: autoDraw = false
252.52147500001593	EXP	szo_kiir: color = {"_rgb":[1,1,1]}
252.52147500001593	EXP	szo_kiir: text = "takácsmester"
253.03691500000423	EXP	szo_kiir: autoDraw = true
254.43750499997986	DATA	Keydown: ArrowRight
254.45406000001822	EXP	szo_kiir: autoDraw = false
254.45406000001822	EXP	szo_kiir: color = {"_rgb":[1,1,1]}
254.45406000001822	EXP	szo_kiir: text = "söröspohár"
254.9720550000202	EXP	szo_kiir: autoDraw = true
255.85988499998348	DATA	Keydown: ArrowRight
255.87436499999603	EXP	szo_kiir: autoDraw = false
255.87436499999603	EXP	szo_kiir: color = {"_rgb":[1,1,1]}
255.87436499999603	EXP	szo_kiir: text = "arapapagáj"
256.3908400000073	EXP	szo_kiir: autoDraw = true
257.54792500002077	DATA	Keydown: ArrowRight
257.5569499999983	EXP	szo_kiir: autoDraw = false
257.5569499999983	EXP	szo_kiir: color = {"_rgb":[1,1,1]}
257.5569499999983	EXP	szo_kiir: text = "csőszház"
258.0758200000273	EXP	szo_kiir: autoDraw = true
259.0685100000119	DATA	Keydown: ArrowRight
259.0779099999927	EXP	szo_kiir: autoDraw = false
259.0779099999927	EXP	szo_kiir: color = {"_rgb":[1,1,1]}
259.0779099999927	EXP	szo_kiir: text = "alexandrinus"
259.5936399999773	EXP	szo_kiir: autoDraw = true
261.06070999999065	DATA	Keydown: ArrowLeft
261.07724000001326	EXP	szo_kiir: autoDraw = false
261.07724000001326	EXP	szo_kiir: color = {"_rgb":[1,1,1]}
261.07724000001326	EXP	szo_kiir: text = "aszinkronmotor"
261.5951450000284	EXP	szo_kiir: autoDraw = true
262.76463500002865	DATA	Keydown: ArrowRight
262.77846000000136	EXP	szo_kiir: autoDraw = false
262.77846000000136	EXP	szo_kiir: color = {"_rgb":[1,1,1]}
262.77846000000136	EXP	szo_kiir: text = "visong"
263.28048999997554	EXP	szo_kiir: autoDraw = true
264.0926600000239	DATA	Keydown: ArrowRight
264.100849999988	EXP	szo_kiir: autoDraw = false
264.100849999988	EXP	szo_kiir: color = {"_rgb":[1,1,1]}
264.100849999988	EXP	szo_kiir: text = "gyíkfű"
264.6158000000287	EXP	szo_kiir: autoDraw = true
265.54956999997376	DATA	Keydown: ArrowRight
265.5649100000155	EXP	szo_kiir: autoDraw = false
265.5649100000155	EXP	szo_kiir: color = {"_rgb":[1,1,1]}
265.5649100000155	EXP	szo_kiir: text = "paláver"
266.0848049999913	EXP	szo_kiir: autoDraw = true
267.0934850000194	DATA	Keydown: ArrowRight
267.10363500000676	EXP	szo_kiir: autoDraw = false
267.10363500000676	EXP	szo_kiir: color = {"_rgb":[1,1,1]}
267.10363500000676	EXP	szo_kiir: text = "gór"
267.6173599999747	EXP	szo_kiir: autoDraw = true
268.29369999998016	DATA	Keydown: ArrowRight
268.3014400000102	EXP	szo_kiir: autoDraw = false
268.3014400000102	EXP	szo_kiir: color = {"_rgb":[1,1,1]}
268.3014400000102	EXP	szo_kiir: text = "állótükör"
268.80391999997664	EXP	szo_kiir: autoDraw = true
270.0292699999991	DATA	Keydown: ArrowRight
270.039935000008	EXP	szo_kiir: autoDraw = false
270.039935000008	EXP	szo_kiir: color = {"_rgb":[1,1,1]}
270.039935000008	EXP	szo_kiir: text = "csöpörög"
270.5551100000157	EXP	szo_kiir: autoDraw = true
271.6458599999896	DATA	Keydown: ArrowRight
271.65478500002064	EXP	szo_kiir: autoDraw = false
271.65478500002064	EXP	szo_kiir: color = {"_rgb":[1,1,1]}
271.65478500002064	EXP	szo_kiir: text = "multiregionális"
272.1580749999848	EXP	szo_kiir: autoDraw = true
273.7176750000217	DATA	Keydown: ArrowRight
273.7267100000172	EXP	szo_kiir: autoDraw = false
273.7267100000172	EXP	szo_kiir: color = {"_rgb":[1,1,1]}
273.7267100000172	EXP	szo_kiir: text = "csöndesedik"
274.2418900000048	EXP	szo_kiir: autoDraw = true
275.1099750000285	DATA	Keydown: ArrowRight
275.12458000000333	EXP	szo_kiir: autoDraw = false
275.12458000000333	EXP	szo_kiir: color = {"_rgb":[1,1,1]}
275.12458000000333	EXP	szo_kiir: text = "hangyabogáncs"
275.6439699999755	EXP	szo_kiir: autoDraw = true
277.1910950000165	DATA	Keydown: ArrowRight
277.19677500001853	EXP	szo_kiir: autoDraw = false
277.19677500001853	EXP	szo_kiir: color = {"_rgb":[1,1,1]}
277.19677500001853	EXP	szo_kiir: text = "harsonázik"
277.71175000001676	EXP	szo_kiir: autoDraw = true
278.63877499999944	DATA	Keydown: ArrowRight
278.64485500002047	EXP	szo_kiir: autoDraw = false
278.64485500002047	EXP	szo_kiir: color = {"_rgb":[1,1,1]}
278.64485500002047	EXP	szo_kiir: text = "gyásos"
279.16388000000734	EXP	szo_kiir: autoDraw = true
280.28651499998523	DATA	Keydown: ArrowLeft
280.30095499998424	EXP	szo_kiir: autoDraw = false
280.30095499998424	EXP	szo_kiir: color = {"_rgb":[1,1,1]}
280.30095499998424	EXP	szo_kiir: text = "cizellál"
280.81513499998255	EXP	szo_kiir: autoDraw = true
281.8073650000151	DATA	Keydown: ArrowRight
281.8149899999844	EXP	szo_kiir: autoDraw = false
281.8149899999844	EXP	szo_kiir: color = {"_rgb":[1,1,1]}
281.8149899999844	EXP	szo_kiir: text = "silabizál"
282.31800999998813	EXP	szo_kiir: autoDraw = true
283.47871499997564	DATA	Keydown: ArrowRight
283.48606999998447	EXP	szo_kiir: autoDraw = false
283.48606999998447	EXP	szo_kiir: color = {"_rgb":[1,1,1]}
283.48606999998447	EXP	szo_kiir: text = "zentiekert"
284.00287999998545	EXP	szo_kiir: autoDraw = true
285.2709400000167	DATA	Keydown: ArrowLeft
285.2848300000187	EXP	szo_kiir: autoDraw = false
285.2848300000187	EXP	szo_kiir: color = {"_rgb":[1,1,1]}
285.2848300000187	EXP	szo_kiir: text = "karnogó"
285.7883000000147	EXP	szo_kiir: autoDraw = true
287.0071899999748	DATA	Keydown: ArrowLeft
287.0241849999875	EXP	szo_kiir: autoDraw = false
287.0241849999875	EXP	szo_kiir: color = {"_rgb":[1,1,1]}
287.0241849999875	EXP	szo_kiir: text = "pentez"
287.5391599999857	EXP	szo_kiir: autoDraw = true
288.68800000002375	DATA	Keydown: ArrowLeft
288.7047349999775	EXP	szo_kiir: autoDraw = false
288.7047349999775	EXP	szo_kiir: color = {"_rgb":[1,1,1]}
288.7047349999775	EXP	szo_kiir: text = "isminchegy"
289.22479499998735	EXP	szo_kiir: autoDraw = true
293.0102900000056	DATA	Keydown: ArrowLeft
293.0310349999927	EXP	szo_kiir: autoDraw = false
293.0310349999927	EXP	szo_kiir: color = {"_rgb":[1,1,1]}
293.0310349999927	EXP	szo_kiir: text = "lukaszt"
293.54603999998653	EXP	szo_kiir: autoDraw = true
294.48796499997843	DATA	Keydown: ArrowRight
294.49452000000747	EXP	szo_kiir: autoDraw = false
294.49452000000747	EXP	szo_kiir: color = {"_rgb":[1,1,1]}
294.49452000000747	EXP	szo_kiir: text = "invonult"
295.01351499999873	EXP	szo_kiir: autoDraw = true
296.3603149999981	DATA	Keydown: ArrowLeft
296.36550000001444	EXP	szo_kiir: autoDraw = false
296.36550000001444	EXP	szo_kiir: color = {"_rgb":[1,1,1]}
296.36550000001444	EXP	szo_kiir: text = "csüggedez"
296.88114000001224	EXP	szo_kiir: autoDraw = true
298.69801499997266	DATA	Keydown: ArrowRight
298.7154200000223	EXP	szo_kiir: autoDraw = false
298.7154200000223	EXP	szo_kiir: color = {"_rgb":[1,1,1]}
298.7154200000223	EXP	szo_kiir: text = "buktázik"
299.23524000000907	EXP	szo_kiir: autoDraw = true
300.15264500002377	DATA	Keydown: ArrowRight
300.16973000002326	EXP	szo_kiir: autoDraw = false
300.16973000002326	EXP	szo_kiir: color = {"_rgb":[1,1,1]}
300.16973000002326	EXP	szo_kiir: text = "hordócsap"
300.6855499999947	EXP	szo_kiir: autoDraw = true
301.72889999998733	DATA	Keydown: ArrowRight
301.73469000001205	EXP	szo_kiir: autoDraw = false
301.73469000001205	EXP	szo_kiir: color = {"_rgb":[1,1,1]}
301.73469000001205	EXP	szo_kiir: text = "hivatalnokoskodik"
302.23712000000523	EXP	szo_kiir: autoDraw = true
303.89698999997927	DATA	Keydown: ArrowRight
303.9068049999769	EXP	szo_kiir: autoDraw = false
303.9068049999769	EXP	szo_kiir: color = {"_rgb":[1,1,1]}
303.9068049999769	EXP	szo_kiir: text = "irtókert"
304.4228599999915	EXP	szo_kiir: autoDraw = true
307.32129499997245	DATA	Keydown: ArrowLeft
307.3236250000191	EXP	szo_kiir: autoDraw = false
307.3236250000191	EXP	szo_kiir: color = {"_rgb":[1,1,1]}
307.3236250000191	EXP	szo_kiir: text = "bajuszfű"
307.8435199999949	EXP	szo_kiir: autoDraw = true
309.05912500002887	DATA	Keydown: ArrowRight
309.080895000021	EXP	szo_kiir: autoDraw = false
309.080895000021	EXP	szo_kiir: color = {"_rgb":[1,1,1]}
309.080895000021	EXP	szo_kiir: text = "pauzál"
309.59509499999695	EXP	szo_kiir: autoDraw = true
310.59396999998717	DATA	Keydown: ArrowRight
310.6104349999805	EXP	szo_kiir: autoDraw = false
310.6104349999805	EXP	szo_kiir: color = {"_rgb":[1,1,1]}
310.6104349999805	EXP	szo_kiir: text = "kunkorít"
311.11305500002345	EXP	szo_kiir: autoDraw = true
312.3963549999753	DATA	Keydown: ArrowRight
312.4171300000162	EXP	szo_kiir: autoDraw = false
312.4171300000162	EXP	szo_kiir: color = {"_rgb":[1,1,1]}
312.4171300000162	EXP	szo_kiir: text = "disszertál"
312.93135000002803	EXP	szo_kiir: autoDraw = true
313.9639849999803	DATA	Keydown: ArrowRight
313.98079000000143	EXP	szo_kiir: autoDraw = false
313.98079000000143	EXP	szo_kiir: color = {"_rgb":[1,1,1]}
313.98079000000143	EXP	szo_kiir: text = "vároló"
314.49894499999937	EXP	szo_kiir: autoDraw = true
315.6184549999889	DATA	Keydown: ArrowLeft
315.63630000001285	EXP	szo_kiir: autoDraw = false
315.63630000001285	EXP	szo_kiir: color = {"_rgb":[1,1,1]}
315.63630000001285	EXP	szo_kiir: text = "hegyipáfrány"
316.1525949999923	EXP	szo_kiir: autoDraw = true
317.4908300000243	DATA	Keydown: ArrowRight
317.50066999997944	EXP	szo_kiir: autoDraw = false
317.50066999997944	EXP	szo_kiir: color = {"_rgb":[1,1,1]}
317.50066999997944	EXP	szo_kiir: text = "diffamál"
318.02014999999665	EXP	szo_kiir: autoDraw = true
319.29912500001956	DATA	Keydown: ArrowLeft
319.3024250000017	EXP	szo_kiir: autoDraw = false
319.3024250000017	EXP	szo_kiir: color = {"_rgb":[1,1,1]}
319.3024250000017	EXP	szo_kiir: text = "desszertestál"
319.80455000000075	EXP	szo_kiir: autoDraw = true
321.2908550000284	DATA	Keydown: ArrowRight
321.30820500000846	EXP	szo_kiir: autoDraw = false
321.30820500000846	EXP	szo_kiir: color = {"_rgb":[1,1,1]}
321.30820500000846	EXP	szo_kiir: text = "ószeven"
321.82303000002867	EXP	szo_kiir: autoDraw = true
323.0113349999883	DATA	Keydown: ArrowLeft
323.0228500000085	EXP	szo_kiir: autoDraw = false
323.0228500000085	EXP	szo_kiir: color = {"_rgb":[1,1,1]}
323.0228500000085	EXP	szo_kiir: text = "ruharongy"
323.5262000000221	EXP	szo_kiir: autoDraw = true
325.29244500002824	DATA	Keydown: ArrowRight
325.31186499999603	EXP	szo_kiir: autoDraw = false
325.31186499999603	EXP	szo_kiir: color = {"_rgb":[1,1,1]}
325.31186499999603	EXP	szo_kiir: text = "kíványozhat"
325.8281900000293	EXP	szo_kiir: autoDraw = true
327.40372499998193	DATA	Keydown: ArrowLeft
327.4105550000095	EXP	szo_kiir: autoDraw = false
327.4105550000095	EXP	szo_kiir: color = {"_rgb":[1,1,1]}
327.4105550000095	EXP	szo_kiir: text = "beszittyózik"
327.9124750000192	EXP	szo_kiir: autoDraw = true
329.1240199999884	DATA	Keydown: ArrowRight
329.13502500002505	EXP	szo_kiir: autoDraw = false
329.13502500002505	EXP	koszi_szoveg: autoDraw = true
331.14848500001244	DATA	Keydown: ArrowRight
