0.05651999986730516	EXP	Created Window = Window( name=Window, fullscr=true, color=#000000, units=norm, waitBlanking=true, autoLog=true, size=[1280,578] )
3.476889999816194	DATA	Keydown: undefined
5.094769999850541	DATA	Keydown: f
5.359964999835938	DATA	Keydown: é
5.525559999980032	DATA	Keydown: r
5.716974999988452	DATA	Keydown: f
5.942174999974668	DATA	Keydown: i
9.230890000006184	DATA	Keydown: 1
9.84821999981068	DATA	Keydown: 9
10.584314999869093	DATA	Keydown: 4
10.850639999844134	DATA	Keydown: 5
19.351769999833778	DATA	Keydown: 1
19.97878999984823	DATA	Keydown: 0
22.227099999785423	EXP	Created instruction_text1 = TextStim( name=instruction_text1, win=Window( name=Window, fullscr=true, color=#000000, ~), autoDraw=null, autoLog=true, units=norm, ori=null, opacity=1, pos=[0,0], size=undefined, text=Ön most szavakat fog látni.

Ezek között lesznek o~, font=Arial, color=#ffffff, contrast=1, height=0.05, bold=null, italic=null, alignHoriz=left, alignVert=center, wrapWidth=1, flipHoriz=null, flipVert=null )
22.22927499981597	EXP	Created instruction_text2 = TextStim( name=instruction_text2, win=Window( name=Window, fullscr=true, color=#000000, ~), autoDraw=null, autoLog=true, units=norm, ori=null, opacity=1, pos=[0,0], size=undefined, text=Először két egyszerű példát mutatunk Önnek.

Az el~, font=Arial, color=#FFFFFF, contrast=1, height=0.05, bold=null, italic=null, alignHoriz=left, alignVert=center, wrapWidth=1, flipHoriz=null, flipVert=null )
22.23024499998428	EXP	Created show_text = TextStim( name=show_text, win=Window( name=Window, fullscr=true, color=#000000, ~), autoDraw=null, autoLog=true, units=norm, ori=null, opacity=1, pos=[0,0], size=undefined, text=asztal, font=Arial, color=#FFFFFF, contrast=1, height=0.2, bold=null, italic=null, alignHoriz=left, alignVert=center, wrapWidth=1, flipHoriz=null, flipVert=null )
22.2307149998378	EXP	Created text = TextStim( name=text, win=Window( name=Window, fullscr=true, color=#000000, ~), autoDraw=null, autoLog=true, units=norm, ori=null, opacity=1, pos=[0,0], size=undefined, text=bzsmfsztal, font=Arial, color=#FFFFFF, contrast=1, height=0.2, bold=null, italic=null, alignHoriz=left, alignVert=center, wrapWidth=1, flipHoriz=null, flipVert=null )
22.231129999971017	EXP	Created instruction_text3 = TextStim( name=instruction_text3, win=Window( name=Window, fullscr=true, color=#000000, ~), autoDraw=null, autoLog=true, units=norm, ori=null, opacity=1, pos=[0,0], size=undefined, text=Pazar. Most kezdődik az igazi kísérlet. Néhány per~, font=Arial, color=#FFFFFF, contrast=1, height=0.1, bold=null, italic=null, alignHoriz=left, alignVert=center, wrapWidth=1, flipHoriz=null, flipVert=null )
22.23155999998562	EXP	Created szo_kiir = TextStim( name=szo_kiir, win=Window( name=Window, fullscr=true, color=#000000, ~), autoDraw=null, autoLog=true, units=norm, ori=null, opacity=1, pos=[0,0], size=undefined, text=default text, font=Arial, color=#FFFFFF, contrast=1, height=0.2, bold=null, italic=null, alignHoriz=left, alignVert=center, wrapWidth=1, flipHoriz=null, flipVert=null )
22.23196499980986	EXP	Created koszi_szoveg = TextStim( name=koszi_szoveg, win=Window( name=Window, fullscr=true, color=#000000, ~), autoDraw=null, autoLog=true, units=norm, ori=null, opacity=1, pos=[0,0], size=undefined, text=Vége a kísérletnek. Köszönjük a részvételt!, font=arial, color=#ffffff, contrast=1, height=0.1, bold=null, italic=null, alignHoriz=left, alignVert=center, wrapWidth=1, flipHoriz=null, flipVert=null )
22.26981500000693	EXP	instruction_text1: units = "norm"
22.26981500000693	EXP	instruction_text1: ori = 0
22.26981500000693	EXP	instruction_text1: opacity = 1
22.26981500000693	EXP	instruction_text1: pos = [0,0]
22.26981500000693	EXP	instruction_text1: size = undefined
22.26981500000693	EXP	instruction_text1: text = "Ön most szavakat fog látni.\n\nEzek között lesznek olyanok, amelyeket ismer, de előfordulhatnak olyanok is, amelyeket nem ismer, sőt, vannak köztük kitalált szavak is. \n\nKérjük, ha ismeri a képernyőn látható szót, nyomja meg a JOBB kurzorbillentyűt.\nKérjük, ha NEM ismeri a képernyőn látható szót, vagy azt gondolja, nincs ilyen szó a magyarban, nyomja meg a BAL kurzorbillentyűt.\n\nAz 'Ismerem a szót' döntés itt most ezt jelenti: találkoztam már vele, és van valami elképzelésem a jelentéséről is.  \n\nNyomjon meg bármilyen billentyűt a folytatáshoz."
22.26981500000693	EXP	instruction_text1: font = "Arial"
22.26981500000693	EXP	instruction_text1: color = {"_rgb":[1,1,1]}
22.26981500000693	EXP	instruction_text1: contrast = 1
22.26981500000693	EXP	instruction_text1: height = 0.05
22.26981500000693	EXP	instruction_text1: bold = false
22.26981500000693	EXP	instruction_text1: italic = false
22.26981500000693	EXP	instruction_text1: alignHoriz = "left"
22.26981500000693	EXP	instruction_text1: alignVert = "center"
22.26981500000693	EXP	instruction_text1: wrapWidth = 1
22.26981500000693	EXP	instruction_text1: flipHoriz = false
22.26981500000693	EXP	instruction_text1: flipVert = false
22.26981500000693	EXP	instruction_text2: units = "norm"
22.26981500000693	EXP	instruction_text2: ori = 0
22.26981500000693	EXP	instruction_text2: opacity = 1
22.26981500000693	EXP	instruction_text2: pos = [0,0]
22.26981500000693	EXP	instruction_text2: size = undefined
22.26981500000693	EXP	instruction_text2: text = "Először két egyszerű példát mutatunk Önnek.\n\nAz első szó létezik a magyarban, és valószínűleg Ön is ismeri. Itt nyomja majd meg a jobb kurzorbillentyűt.\nA második szó nem létezik a magyar nyelvben. Itt nyomja majd meg a bal kurzorbillentyűt.\n\nFontos, hogy a jobb gombot a jobb kezével, a bal gombot a bal kezével nyomja, ha tudja, és ne egy kezét használja a kísérletben.\n\nNyomjon meg bármilyen gombot a folytatáshoz."
22.26981500000693	EXP	instruction_text2: font = "Arial"
22.26981500000693	EXP	instruction_text2: color = {"_hex":"#FFFFFF","_rgb":[1,1,1]}
22.26981500000693	EXP	instruction_text2: contrast = 1
22.26981500000693	EXP	instruction_text2: height = 0.05
22.26981500000693	EXP	instruction_text2: bold = false
22.26981500000693	EXP	instruction_text2: italic = false
22.26981500000693	EXP	instruction_text2: alignHoriz = "left"
22.26981500000693	EXP	instruction_text2: alignVert = "center"
22.26981500000693	EXP	instruction_text2: wrapWidth = 1
22.26981500000693	EXP	instruction_text2: flipHoriz = false
22.26981500000693	EXP	instruction_text2: flipVert = false
22.26981500000693	EXP	show_text: units = "norm"
22.26981500000693	EXP	show_text: ori = 0
22.26981500000693	EXP	show_text: opacity = 1
22.26981500000693	EXP	show_text: pos = [0,0]
22.26981500000693	EXP	show_text: size = undefined
22.26981500000693	EXP	show_text: text = "asztal"
22.26981500000693	EXP	show_text: font = "Arial"
22.26981500000693	EXP	show_text: color = {"_hex":"#FFFFFF","_rgb":[1,1,1]}
22.26981500000693	EXP	show_text: contrast = 1
22.26981500000693	EXP	show_text: height = 0.2
22.26981500000693	EXP	show_text: bold = false
22.26981500000693	EXP	show_text: italic = false
22.26981500000693	EXP	show_text: alignHoriz = "left"
22.26981500000693	EXP	show_text: alignVert = "center"
22.26981500000693	EXP	show_text: wrapWidth = 1
22.26981500000693	EXP	show_text: flipHoriz = false
22.26981500000693	EXP	show_text: flipVert = false
22.26981500000693	EXP	text: units = "norm"
22.26981500000693	EXP	text: ori = 0
22.26981500000693	EXP	text: opacity = 1
22.26981500000693	EXP	text: pos = [0,0]
22.26981500000693	EXP	text: size = undefined
22.26981500000693	EXP	text: text = "bzsmfsztal"
22.26981500000693	EXP	text: font = "Arial"
22.26981500000693	EXP	text: color = {"_hex":"#FFFFFF","_rgb":[1,1,1]}
22.26981500000693	EXP	text: contrast = 1
22.26981500000693	EXP	text: height = 0.2
22.26981500000693	EXP	text: bold = false
22.26981500000693	EXP	text: italic = false
22.26981500000693	EXP	text: alignHoriz = "left"
22.26981500000693	EXP	text: alignVert = "center"
22.26981500000693	EXP	text: wrapWidth = 1
22.26981500000693	EXP	text: flipHoriz = false
22.26981500000693	EXP	text: flipVert = false
22.26981500000693	EXP	instruction_text3: units = "norm"
22.26981500000693	EXP	instruction_text3: ori = 0
22.26981500000693	EXP	instruction_text3: opacity = 1
22.26981500000693	EXP	instruction_text3: pos = [0,0]
22.26981500000693	EXP	instruction_text3: size = undefined
22.26981500000693	EXP	instruction_text3: text = "Pazar. Most kezdődik az igazi kísérlet. Néhány percig fog tartani. Nem kell nagyon sietnie, de igyekezzen gyorsan válaszolni.\n\nNe feledje, ha tudja, a jobb gombot a jobbkezével, a bal gombot a balkezével nyomja le.\n\nNyomjon meg bármilyen gombot a folytatáshoz."
22.26981500000693	EXP	instruction_text3: font = "Arial"
22.26981500000693	EXP	instruction_text3: color = {"_hex":"#FFFFFF","_rgb":[1,1,1]}
22.26981500000693	EXP	instruction_text3: contrast = 1
22.26981500000693	EXP	instruction_text3: height = 0.1
22.26981500000693	EXP	instruction_text3: bold = false
22.26981500000693	EXP	instruction_text3: italic = false
22.26981500000693	EXP	instruction_text3: alignHoriz = "left"
22.26981500000693	EXP	instruction_text3: alignVert = "center"
22.26981500000693	EXP	instruction_text3: wrapWidth = 1
22.26981500000693	EXP	instruction_text3: flipHoriz = false
22.26981500000693	EXP	instruction_text3: flipVert = false
22.26981500000693	EXP	szo_kiir: units = "norm"
22.26981500000693	EXP	szo_kiir: ori = 0
22.26981500000693	EXP	szo_kiir: opacity = 1
22.26981500000693	EXP	szo_kiir: pos = [0,0]
22.26981500000693	EXP	szo_kiir: size = undefined
22.26981500000693	EXP	szo_kiir: text = "default text"
22.26981500000693	EXP	szo_kiir: font = "Arial"
22.26981500000693	EXP	szo_kiir: color = {"_hex":"#FFFFFF","_rgb":[1,1,1]}
22.26981500000693	EXP	szo_kiir: contrast = 1
22.26981500000693	EXP	szo_kiir: height = 0.2
22.26981500000693	EXP	szo_kiir: bold = false
22.26981500000693	EXP	szo_kiir: italic = false
22.26981500000693	EXP	szo_kiir: alignHoriz = "left"
22.26981500000693	EXP	szo_kiir: alignVert = "center"
22.26981500000693	EXP	szo_kiir: wrapWidth = 1
22.26981500000693	EXP	szo_kiir: flipHoriz = false
22.26981500000693	EXP	szo_kiir: flipVert = false
22.26981500000693	EXP	koszi_szoveg: units = "norm"
22.26981500000693	EXP	koszi_szoveg: ori = 0
22.26981500000693	EXP	koszi_szoveg: opacity = 1
22.26981500000693	EXP	koszi_szoveg: pos = [0,0]
22.26981500000693	EXP	koszi_szoveg: size = undefined
22.26981500000693	EXP	koszi_szoveg: text = "Vége a kísérletnek. Köszönjük a részvételt!"
22.26981500000693	EXP	koszi_szoveg: font = "arial"
22.26981500000693	EXP	koszi_szoveg: color = {"_rgb":[1,1,1]}
22.26981500000693	EXP	koszi_szoveg: contrast = 1
22.26981500000693	EXP	koszi_szoveg: height = 0.1
22.26981500000693	EXP	koszi_szoveg: bold = false
22.26981500000693	EXP	koszi_szoveg: italic = false
22.26981500000693	EXP	koszi_szoveg: alignHoriz = "left"
22.26981500000693	EXP	koszi_szoveg: alignVert = "center"
22.26981500000693	EXP	koszi_szoveg: wrapWidth = 1
22.26981500000693	EXP	koszi_szoveg: flipHoriz = false
22.26981500000693	EXP	koszi_szoveg: flipVert = false
22.26981500000693	EXP	instruction_text1: autoDraw = true
25.41010499978438	DATA	Keydown:  
25.441514999838546	EXP	instruction_text1: autoDraw = false
25.441514999838546	EXP	instruction_text2: autoDraw = true
26.334444999927655	DATA	Keydown:  
26.357644999865443	EXP	instruction_text2: autoDraw = false
26.889159999787807	EXP	show_text: autoDraw = true
27.864399999845773	DATA	Keydown: ArrowRight
27.876874999841675	EXP	show_text: autoDraw = false
28.402879999950528	EXP	text: autoDraw = true
29.27703999984078	DATA	Keydown: ArrowLeft
29.339234999846667	EXP	text: autoDraw = false
29.339234999846667	EXP	instruction_text3: autoDraw = true
30.482139999978244	DATA	Keydown:  
30.545109999831766	EXP	instruction_text3: autoDraw = false
30.545109999831766	EXP	szo_kiir: color = {"_rgb":[1,1,1]}
30.545109999831766	EXP	szo_kiir: text = "nehéz"
31.069075000006706	EXP	szo_kiir: autoDraw = true
31.827124999836087	DATA	Keydown: ArrowRight
31.84362499997951	EXP	szo_kiir: autoDraw = false
31.84362499997951	EXP	szo_kiir: color = {"_rgb":[1,1,1]}
31.84362499997951	EXP	szo_kiir: text = "likálható"
32.36968000000343	EXP	szo_kiir: autoDraw = true
33.84906999999657	DATA	Keydown: ArrowLeft
33.89085999992676	EXP	szo_kiir: autoDraw = false
33.89085999992676	EXP	szo_kiir: color = {"_rgb":[1,1,1]}
33.89085999992676	EXP	szo_kiir: text = "rész"
34.41553999995813	EXP	szo_kiir: autoDraw = true
35.10266499989666	DATA	Keydown: ArrowRight
35.10993999987841	EXP	szo_kiir: autoDraw = false
35.10993999987841	EXP	szo_kiir: color = {"_rgb":[1,1,1]}
35.10993999987841	EXP	szo_kiir: text = "tér"
35.630264999810606	EXP	szo_kiir: autoDraw = true
36.23541500000283	DATA	Keydown: ArrowRight
36.27000999986194	EXP	szo_kiir: autoDraw = false
36.27000999986194	EXP	szo_kiir: color = {"_rgb":[1,1,1]}
36.27000999986194	EXP	szo_kiir: text = "igény"
36.784269999945536	EXP	szo_kiir: autoDraw = true
37.74184999987483	DATA	Keydown: ArrowRight
37.75893999985419	EXP	szo_kiir: autoDraw = false
37.75893999985419	EXP	szo_kiir: color = {"_rgb":[1,1,1]}
37.75893999985419	EXP	szo_kiir: text = "bolyodás"
38.285264999838546	EXP	szo_kiir: autoDraw = true
39.754099999787286	DATA	Keydown: ArrowLeft
39.78463999996893	EXP	szo_kiir: autoDraw = false
39.78463999996893	EXP	szo_kiir: color = {"_rgb":[1,1,1]}
39.78463999996893	EXP	szo_kiir: text = "üvesi"
40.308064999990165	EXP	szo_kiir: autoDraw = true
41.96582499984652	DATA	Keydown: ArrowLeft
41.99118999997154	EXP	szo_kiir: autoDraw = false
41.99118999997154	EXP	szo_kiir: color = {"_rgb":[1,1,1]}
41.99118999997154	EXP	szo_kiir: text = "színű"
42.50863999989815	EXP	szo_kiir: autoDraw = true
43.6286849998869	DATA	Keydown: ArrowRight
43.68195999995805	EXP	szo_kiir: autoDraw = false
43.68195999995805	EXP	szo_kiir: color = {"_rgb":[1,1,1]}
43.68195999995805	EXP	szo_kiir: text = "szakáj"
44.20851999986917	EXP	szo_kiir: autoDraw = true
45.29334499989636	DATA	Keydown: ArrowRight
45.324514999985695	EXP	szo_kiir: autoDraw = false
45.324514999985695	EXP	szo_kiir: color = {"_rgb":[1,1,1]}
45.324514999985695	EXP	szo_kiir: text = "marketing"
45.841539999935776	EXP	szo_kiir: autoDraw = true
48.17720499983989	DATA	Keydown: ArrowLeft
48.20778499986045	EXP	szo_kiir: autoDraw = false
48.20778499986045	EXP	szo_kiir: color = {"_rgb":[1,1,1]}
48.20778499986045	EXP	szo_kiir: text = "lélek"
48.724179999902844	EXP	szo_kiir: autoDraw = true
49.760229999898	DATA	Keydown: ArrowRight
49.79160999995656	EXP	szo_kiir: autoDraw = false
49.79160999995656	EXP	szo_kiir: color = {"_rgb":[1,1,1]}
49.79160999995656	EXP	szo_kiir: text = "mód"
50.30897999997251	EXP	szo_kiir: autoDraw = true
51.09378999983892	DATA	Keydown: ArrowRight
51.12483499990776	EXP	szo_kiir: autoDraw = false
51.12483499990776	EXP	szo_kiir: color = {"_rgb":[1,1,1]}
51.12483499990776	EXP	szo_kiir: text = "falvangú"
51.641824999824166	EXP	szo_kiir: autoDraw = true
53.501659999834374	DATA	Keydown: ArrowLeft
53.524719999870285	EXP	szo_kiir: autoDraw = false
53.524719999870285	EXP	szo_kiir: color = {"_rgb":[1,1,1]}
53.524719999870285	EXP	szo_kiir: text = "vendég"
54.04223499982618	EXP	szo_kiir: autoDraw = true
55.20483499998227	DATA	Keydown: ArrowRight
55.22535999980755	EXP	szo_kiir: autoDraw = false
55.22535999980755	EXP	szo_kiir: color = {"_rgb":[1,1,1]}
55.22535999980755	EXP	szo_kiir: text = "kislány"
55.742474999977276	EXP	szo_kiir: autoDraw = true
56.513094999827445	DATA	Keydown: ArrowRight
56.541719999862835	EXP	szo_kiir: autoDraw = false
56.541719999862835	EXP	szo_kiir: color = {"_rgb":[1,1,1]}
56.541719999862835	EXP	szo_kiir: text = "kér"
57.05887999990955	EXP	szo_kiir: autoDraw = true
57.959804999874905	DATA	Keydown: ArrowRight
57.987389999907464	EXP	szo_kiir: autoDraw = false
57.987389999907464	EXP	szo_kiir: color = {"_rgb":[1,1,1]}
57.987389999907464	EXP	szo_kiir: text = "ocsikáltó"
58.49918999988586	EXP	szo_kiir: autoDraw = true
60.82833499996923	DATA	Keydown: ArrowLeft
60.845029999967664	EXP	szo_kiir: autoDraw = false
60.845029999967664	EXP	szo_kiir: color = {"_rgb":[1,1,1]}
60.845029999967664	EXP	szo_kiir: text = "kéz"
61.36354999989271	EXP	szo_kiir: autoDraw = true
62.227884999942034	DATA	Keydown: ArrowRight
62.25786999985576	EXP	szo_kiir: autoDraw = false
62.25786999985576	EXP	szo_kiir: color = {"_rgb":[1,1,1]}
62.25786999985576	EXP	szo_kiir: text = "iszlám"
62.76426999992691	EXP	szo_kiir: autoDraw = true
64.10329999984242	DATA	Keydown: ArrowRight
64.11164999986067	EXP	szo_kiir: autoDraw = false
64.11164999986067	EXP	szo_kiir: color = {"_rgb":[1,1,1]}
64.11164999986067	EXP	szo_kiir: text = "vízgyűlő"
64.63073499989696	EXP	szo_kiir: autoDraw = true
67.27146999980323	DATA	Keydown: ArrowRight
67.27963000000454	EXP	szo_kiir: autoDraw = false
67.27963000000454	EXP	szo_kiir: color = {"_rgb":[1,1,1]}
67.27963000000454	EXP	szo_kiir: text = "lábtörög"
67.80137499980628	EXP	szo_kiir: autoDraw = true
69.88293999992311	DATA	Keydown: ArrowRight
69.89540499984287	EXP	szo_kiir: autoDraw = false
69.89540499984287	EXP	szo_kiir: color = {"_rgb":[1,1,1]}
69.89540499984287	EXP	szo_kiir: text = "szerez"
70.41450999979861	EXP	szo_kiir: autoDraw = true
71.39491999987513	DATA	Keydown: ArrowRight
71.43042499991134	EXP	szo_kiir: autoDraw = false
71.43042499991134	EXP	szo_kiir: color = {"_rgb":[1,1,1]}
71.43042499991134	EXP	szo_kiir: text = "rák"
71.94795499998145	EXP	szo_kiir: autoDraw = true
72.77896499983035	DATA	Keydown: ArrowRight
72.79569999990053	EXP	szo_kiir: autoDraw = false
72.79569999990053	EXP	szo_kiir: color = {"_rgb":[1,1,1]}
72.79569999990053	EXP	szo_kiir: text = "környezetvédelem"
73.31803999980912	EXP	szo_kiir: autoDraw = true
74.58087999979034	DATA	Keydown: ArrowRight
74.60870499978773	EXP	szo_kiir: autoDraw = false
74.60870499978773	EXP	szo_kiir: color = {"_rgb":[1,1,1]}
74.60870499978773	EXP	szo_kiir: text = "beton"
75.1159500000067	EXP	szo_kiir: autoDraw = true
76.23881999985315	DATA	Keydown: ArrowRight
76.24562499998137	EXP	szo_kiir: autoDraw = false
76.24562499998137	EXP	szo_kiir: color = {"_rgb":[1,1,1]}
76.24562499998137	EXP	szo_kiir: text = "cucc"
76.76780499983579	EXP	szo_kiir: autoDraw = true
78.80098499986343	DATA	Keydown: ArrowRight
78.82467000000179	EXP	szo_kiir: autoDraw = false
78.82467000000179	EXP	szo_kiir: color = {"_rgb":[1,1,1]}
78.82467000000179	EXP	szo_kiir: text = "naptár"
79.33384999982081	EXP	szo_kiir: autoDraw = true
80.35430000000633	DATA	Keydown: ArrowRight
80.36250499985181	EXP	szo_kiir: autoDraw = false
80.36250499985181	EXP	szo_kiir: color = {"_rgb":[1,1,1]}
80.36250499985181	EXP	szo_kiir: text = "maximax"
80.88314999989234	EXP	szo_kiir: autoDraw = true
83.09563999995589	DATA	Keydown: ArrowLeft
83.12618999998085	EXP	szo_kiir: autoDraw = false
83.12618999998085	EXP	szo_kiir: color = {"_rgb":[1,1,1]}
83.12618999998085	EXP	szo_kiir: text = "szomszéd"
83.63155499985442	EXP	szo_kiir: autoDraw = true
84.43097999994643	DATA	Keydown: ArrowRight
84.44578499998897	EXP	szo_kiir: autoDraw = false
84.44578499998897	EXP	szo_kiir: color = {"_rgb":[1,1,1]}
84.44578499998897	EXP	szo_kiir: text = "egzat"
84.96551000000909	EXP	szo_kiir: autoDraw = true
86.27140500000678	DATA	Keydown: ArrowLeft
86.29057999979705	EXP	szo_kiir: autoDraw = false
86.29057999979705	EXP	szo_kiir: color = {"_rgb":[1,1,1]}
86.29057999979705	EXP	szo_kiir: text = "cirkusz"
86.7986849998124	EXP	szo_kiir: autoDraw = true
87.51938999979757	DATA	Keydown: ArrowRight
87.52993499999866	EXP	szo_kiir: autoDraw = false
87.52993499999866	EXP	szo_kiir: color = {"_rgb":[1,1,1]}
87.52993499999866	EXP	szo_kiir: text = "majom"
88.05010999995284	EXP	szo_kiir: autoDraw = true
89.16247499990277	DATA	Keydown: ArrowRight
89.19237999990582	EXP	szo_kiir: autoDraw = false
89.19237999990582	EXP	szo_kiir: color = {"_rgb":[1,1,1]}
89.19237999990582	EXP	szo_kiir: text = "rak"
89.69802499981597	EXP	szo_kiir: autoDraw = true
90.79634999996051	DATA	Keydown: ArrowRight
90.8131899998989	EXP	szo_kiir: autoDraw = false
90.8131899998989	EXP	szo_kiir: color = {"_rgb":[1,1,1]}
90.8131899998989	EXP	szo_kiir: text = "régész"
91.33236999996006	EXP	szo_kiir: autoDraw = true
92.40108999982476	DATA	Keydown: ArrowRight
92.4325799997896	EXP	szo_kiir: autoDraw = false
92.4325799997896	EXP	szo_kiir: color = {"_rgb":[1,1,1]}
92.4325799997896	EXP	szo_kiir: text = "grafikon"
92.94899999978952	EXP	szo_kiir: autoDraw = true
94.68818499986082	DATA	Keydown: ArrowRight
94.69612499978393	EXP	szo_kiir: autoDraw = false
94.69612499978393	EXP	szo_kiir: color = {"_rgb":[1,1,1]}
94.69612499978393	EXP	szo_kiir: text = "bús"
95.21648499998264	EXP	szo_kiir: autoDraw = true
96.23065999988467	DATA	Keydown: ArrowRight
96.26531499996781	EXP	szo_kiir: autoDraw = false
96.26531499996781	EXP	szo_kiir: color = {"_rgb":[1,1,1]}
96.26531499996781	EXP	szo_kiir: text = "kerekedik"
96.78364999988116	EXP	szo_kiir: autoDraw = true
97.89634499978274	DATA	Keydown: ArrowRight
97.91317499987781	EXP	szo_kiir: autoDraw = false
97.91317499987781	EXP	szo_kiir: color = {"_rgb":[1,1,1]}
97.91317499987781	EXP	szo_kiir: text = "végbél"
98.43281499994919	EXP	szo_kiir: autoDraw = true
99.74052999983542	DATA	Keydown: ArrowRight
99.76579499989748	EXP	szo_kiir: autoDraw = false
99.76579499989748	EXP	szo_kiir: color = {"_rgb":[1,1,1]}
99.76579499989748	EXP	szo_kiir: text = "pikusz"
100.28358499985188	EXP	szo_kiir: autoDraw = true
102.25721499999054	DATA	Keydown: ArrowLeft
102.26400500000454	EXP	szo_kiir: autoDraw = false
102.26400500000454	EXP	szo_kiir: color = {"_rgb":[1,1,1]}
102.26400500000454	EXP	szo_kiir: text = "foglaltatik"
102.78264999995008	EXP	szo_kiir: autoDraw = true
104.30239499988966	DATA	Keydown: ArrowRight
104.32576499995776	EXP	szo_kiir: autoDraw = false
104.32576499995776	EXP	szo_kiir: color = {"_rgb":[1,1,1]}
104.32576499995776	EXP	szo_kiir: text = "szorong"
104.83224999997765	EXP	szo_kiir: autoDraw = true
105.8361399997957	DATA	Keydown: ArrowRight
105.84697999991477	EXP	szo_kiir: autoDraw = false
105.84697999991477	EXP	szo_kiir: color = {"_rgb":[1,1,1]}
105.84697999991477	EXP	szo_kiir: text = "mokkáskanál"
106.36599999992177	EXP	szo_kiir: autoDraw = true
107.80072499997914	DATA	Keydown: ArrowRight
107.82375499978662	EXP	szo_kiir: autoDraw = false
107.82375499978662	EXP	szo_kiir: color = {"_rgb":[1,1,1]}
107.82375499978662	EXP	szo_kiir: text = "viszt"
108.33348499983549	EXP	szo_kiir: autoDraw = true
109.97328499983996	DATA	Keydown: ArrowLeft
109.9800999998115	EXP	szo_kiir: autoDraw = false
109.9800999998115	EXP	szo_kiir: color = {"_rgb":[1,1,1]}
109.9800999998115	EXP	szo_kiir: text = "katerült"
110.49949999991804	EXP	szo_kiir: autoDraw = true
112.91964999982156	DATA	Keydown: ArrowLeft
112.94264999986626	EXP	szo_kiir: autoDraw = false
112.94264999986626	EXP	szo_kiir: color = {"_rgb":[1,1,1]}
112.94264999986626	EXP	szo_kiir: text = "bódé"
113.45319499983452	EXP	szo_kiir: autoDraw = true
114.78524499991909	DATA	Keydown: ArrowRight
114.79761000000872	EXP	szo_kiir: autoDraw = false
114.79761000000872	EXP	szo_kiir: color = {"_rgb":[1,1,1]}
114.79761000000872	EXP	szo_kiir: text = "tanácsol"
115.31736499979161	EXP	szo_kiir: autoDraw = true
116.34832499991171	DATA	Keydown: ArrowRight
116.37402999983169	EXP	szo_kiir: autoDraw = false
116.37402999983169	EXP	szo_kiir: color = {"_rgb":[1,1,1]}
116.37402999983169	EXP	szo_kiir: text = "vértanú"
116.88372999988496	EXP	szo_kiir: autoDraw = true
118.36950499983504	DATA	Keydown: ArrowRight
118.381034999853	EXP	szo_kiir: autoDraw = false
118.381034999853	EXP	szo_kiir: color = {"_rgb":[1,1,1]}
118.381034999853	EXP	szo_kiir: text = "remész"
118.90015999996103	EXP	szo_kiir: autoDraw = true
120.71661999984644	DATA	Keydown: ArrowRight
120.7327449999284	EXP	szo_kiir: autoDraw = false
120.7327449999284	EXP	szo_kiir: color = {"_rgb":[1,1,1]}
120.7327449999284	EXP	szo_kiir: text = "nagybeteg"
121.25181999988854	EXP	szo_kiir: autoDraw = true
122.48431500000879	DATA	Keydown: ArrowRight
122.51202499982901	EXP	szo_kiir: autoDraw = false
122.51202499982901	EXP	szo_kiir: color = {"_rgb":[1,1,1]}
122.51202499982901	EXP	szo_kiir: text = "deutérium"
123.01780499983579	EXP	szo_kiir: autoDraw = true
125.02167499996722	DATA	Keydown: ArrowLeft
125.03025999991223	EXP	szo_kiir: autoDraw = false
125.03025999991223	EXP	szo_kiir: color = {"_rgb":[1,1,1]}
125.03025999991223	EXP	szo_kiir: text = "árus"
125.55090999999084	EXP	szo_kiir: autoDraw = true
126.66509999986738	DATA	Keydown: ArrowRight
126.6813850000035	EXP	szo_kiir: autoDraw = false
126.6813850000035	EXP	szo_kiir: color = {"_rgb":[1,1,1]}
126.6813850000035	EXP	szo_kiir: text = "kopp"
127.20131499995477	EXP	szo_kiir: autoDraw = true
128.34967499994673	DATA	Keydown: ArrowRight
128.37876499979757	EXP	szo_kiir: autoDraw = false
128.37876499979757	EXP	szo_kiir: color = {"_rgb":[1,1,1]}
128.37876499979757	EXP	szo_kiir: text = "üzemanyagár"
128.88422499992885	EXP	szo_kiir: autoDraw = true
130.43057999992743	DATA	Keydown: ArrowRight
130.44727999996394	EXP	szo_kiir: autoDraw = false
130.44727999996394	EXP	szo_kiir: color = {"_rgb":[1,1,1]}
130.44727999996394	EXP	szo_kiir: text = "szennyeződik"
130.9698699999135	EXP	szo_kiir: autoDraw = true
132.15591999981552	DATA	Keydown: ArrowRight
132.17544499994256	EXP	szo_kiir: autoDraw = false
132.17544499994256	EXP	szo_kiir: color = {"_rgb":[1,1,1]}
132.17544499994256	EXP	szo_kiir: text = "balassol"
132.68289999989793	EXP	szo_kiir: autoDraw = true
133.87496499996632	DATA	Keydown: ArrowLeft
133.88104499992914	EXP	szo_kiir: autoDraw = false
133.88104499992914	EXP	szo_kiir: color = {"_rgb":[1,1,1]}
133.88104499992914	EXP	szo_kiir: text = "szelégül"
134.4029449999798	EXP	szo_kiir: autoDraw = true
135.89969999995083	DATA	Keydown: ArrowRight
135.9147599998396	EXP	szo_kiir: autoDraw = false
135.9147599998396	EXP	szo_kiir: color = {"_rgb":[1,1,1]}
135.9147599998396	EXP	szo_kiir: text = "aurult"
136.4307399999816	EXP	szo_kiir: autoDraw = true
137.7984399998095	DATA	Keydown: ArrowLeft
137.82718999986537	EXP	szo_kiir: autoDraw = false
137.82718999986537	EXP	szo_kiir: color = {"_rgb":[1,1,1]}
137.82718999986537	EXP	szo_kiir: text = "háborúzik"
138.3375849998556	EXP	szo_kiir: autoDraw = true
139.39844999997877	DATA	Keydown: ArrowRight
139.41442499984987	EXP	szo_kiir: autoDraw = false
139.41442499984987	EXP	szo_kiir: color = {"_rgb":[1,1,1]}
139.41442499984987	EXP	szo_kiir: text = "dermeszt"
139.934505000012	EXP	szo_kiir: autoDraw = true
141.51859999983571	DATA	Keydown: ArrowRight
141.5363949998282	EXP	szo_kiir: autoDraw = false
141.5363949998282	EXP	szo_kiir: color = {"_rgb":[1,1,1]}
141.5363949998282	EXP	szo_kiir: text = "rivaldafény"
142.05473999981768	EXP	szo_kiir: autoDraw = true
143.13166999979876	DATA	Keydown: ArrowRight
143.1489949999377	EXP	szo_kiir: autoDraw = false
143.1489949999377	EXP	szo_kiir: color = {"_rgb":[1,1,1]}
143.1489949999377	EXP	szo_kiir: text = "agronómus"
143.66787000000477	EXP	szo_kiir: autoDraw = true
144.9546449999325	DATA	Keydown: ArrowRight
144.97865999978967	EXP	szo_kiir: autoDraw = false
144.97865999978967	EXP	szo_kiir: color = {"_rgb":[1,1,1]}
144.97865999978967	EXP	szo_kiir: text = "testnedv"
145.4844049999956	EXP	szo_kiir: autoDraw = true
146.64830000000075	DATA	Keydown: ArrowRight
146.6652049999684	EXP	szo_kiir: autoDraw = false
146.6652049999684	EXP	szo_kiir: color = {"_rgb":[1,1,1]}
146.6652049999684	EXP	szo_kiir: text = "fehérít"
147.18490499979816	EXP	szo_kiir: autoDraw = true
148.26609499985352	DATA	Keydown: ArrowRight
148.29719999991357	EXP	szo_kiir: autoDraw = false
148.29719999991357	EXP	szo_kiir: color = {"_rgb":[1,1,1]}
148.29719999991357	EXP	szo_kiir: text = "marcangol"
148.81860999995843	EXP	szo_kiir: autoDraw = true
149.98701999988407	DATA	Keydown: ArrowRight
149.99907999997959	EXP	szo_kiir: autoDraw = false
149.99907999997959	EXP	szo_kiir: color = {"_rgb":[1,1,1]}
149.99907999997959	EXP	szo_kiir: text = "diáknyelv"
150.51809499994852	EXP	szo_kiir: autoDraw = true
151.6314649998676	DATA	Keydown: ArrowRight
151.66266499995254	EXP	szo_kiir: autoDraw = false
151.66266499995254	EXP	szo_kiir: color = {"_rgb":[1,1,1]}
151.66266499995254	EXP	szo_kiir: text = "monetarizmus"
152.16788499988616	EXP	szo_kiir: autoDraw = true
154.5992199999746	DATA	Keydown: ArrowLeft
154.6158699998632	EXP	szo_kiir: autoDraw = false
154.6158699998632	EXP	szo_kiir: color = {"_rgb":[1,1,1]}
154.6158699998632	EXP	szo_kiir: text = "elegy"
155.13457499979995	EXP	szo_kiir: autoDraw = true
156.03150499984622	DATA	Keydown: ArrowRight
156.04948999988846	EXP	szo_kiir: autoDraw = false
156.04948999988846	EXP	szo_kiir: color = {"_rgb":[1,1,1]}
156.04948999988846	EXP	szo_kiir: text = "szidalom"
156.56837499979883	EXP	szo_kiir: autoDraw = true
157.3561950000003	DATA	Keydown: ArrowRight
157.3804499998223	EXP	szo_kiir: autoDraw = false
157.3804499998223	EXP	szo_kiir: color = {"_rgb":[1,1,1]}
157.3804499998223	EXP	szo_kiir: text = "mikrorendszer"
157.9029899998568	EXP	szo_kiir: autoDraw = true
160.33909999998286	DATA	Keydown: ArrowRight
160.34941999986768	EXP	szo_kiir: autoDraw = false
160.34941999986768	EXP	szo_kiir: color = {"_rgb":[1,1,1]}
160.34941999986768	EXP	szo_kiir: text = "sövet"
160.86870499979705	EXP	szo_kiir: autoDraw = true
162.46904499991797	DATA	Keydown: ArrowRight
162.4831449999474	EXP	szo_kiir: autoDraw = false
162.4831449999474	EXP	szo_kiir: color = {"_rgb":[1,1,1]}
162.4831449999474	EXP	szo_kiir: text = "anorák"
163.00444999989122	EXP	szo_kiir: autoDraw = true
163.83035999978893	DATA	Keydown: ArrowRight
163.8535199998878	EXP	szo_kiir: autoDraw = false
163.8535199998878	EXP	szo_kiir: color = {"_rgb":[1,1,1]}
163.8535199998878	EXP	szo_kiir: text = "csőszház"
164.36897499999031	EXP	szo_kiir: autoDraw = true
166.04863499989733	DATA	Keydown: ArrowRight
166.06650499999523	EXP	szo_kiir: autoDraw = false
166.06650499999523	EXP	szo_kiir: color = {"_rgb":[1,1,1]}
166.06650499999523	EXP	szo_kiir: text = "konyosbetű"
166.5859249997884	EXP	szo_kiir: autoDraw = true
168.67102000000887	DATA	Keydown: ArrowLeft
168.6935049998574	EXP	szo_kiir: autoDraw = false
168.6935049998574	EXP	szo_kiir: color = {"_rgb":[1,1,1]}
168.6935049998574	EXP	szo_kiir: text = "forrpont"
169.1998949998524	EXP	szo_kiir: autoDraw = true
170.50991499982774	DATA	Keydown: ArrowRight
170.51612499984913	EXP	szo_kiir: autoDraw = false
170.51612499984913	EXP	szo_kiir: color = {"_rgb":[1,1,1]}
170.51612499984913	EXP	szo_kiir: text = "szélsőjáték"
171.03597499988973	EXP	szo_kiir: autoDraw = true
172.57524499995634	DATA	Keydown: ArrowRight
172.59454999980517	EXP	szo_kiir: autoDraw = false
172.59454999980517	EXP	szo_kiir: color = {"_rgb":[1,1,1]}
172.59454999980517	EXP	szo_kiir: text = "fókabőr"
173.1021349998191	EXP	szo_kiir: autoDraw = true
174.23449999978766	DATA	Keydown: ArrowRight
174.25042499997653	EXP	szo_kiir: autoDraw = false
174.25042499997653	EXP	szo_kiir: color = {"_rgb":[1,1,1]}
174.25042499997653	EXP	szo_kiir: text = "kontrapunkt"
174.7688799998723	EXP	szo_kiir: autoDraw = true
176.4862649999559	DATA	Keydown: ArrowLeft
176.5004749998916	EXP	szo_kiir: autoDraw = false
176.5004749998916	EXP	szo_kiir: color = {"_rgb":[1,1,1]}
176.5004749998916	EXP	szo_kiir: text = "repedtfazék"
177.01965999999084	EXP	szo_kiir: autoDraw = true
178.57645999989472	DATA	Keydown: ArrowRight
178.59633499989286	EXP	szo_kiir: autoDraw = false
178.59633499989286	EXP	szo_kiir: color = {"_rgb":[1,1,1]}
178.59633499989286	EXP	szo_kiir: text = "istenhozzád"
179.10281999991275	EXP	szo_kiir: autoDraw = true
180.14972499990836	DATA	Keydown: ArrowRight
180.16706999996677	EXP	szo_kiir: autoDraw = false
180.16706999996677	EXP	szo_kiir: color = {"_rgb":[1,1,1]}
180.16706999996677	EXP	szo_kiir: text = "inhumánus"
180.68610499985516	EXP	szo_kiir: autoDraw = true
182.0100149998907	DATA	Keydown: ArrowLeft
182.01670999987982	EXP	szo_kiir: autoDraw = false
182.01670999987982	EXP	szo_kiir: color = {"_rgb":[1,1,1]}
182.01670999987982	EXP	szo_kiir: text = "hullong"
182.53557499987073	EXP	szo_kiir: autoDraw = true
183.90590499993414	DATA	Keydown: ArrowRight
183.9301349997986	EXP	szo_kiir: autoDraw = false
183.9301349997986	EXP	szo_kiir: color = {"_rgb":[1,1,1]}
183.9301349997986	EXP	szo_kiir: text = "mérgesít"
184.43604499986395	EXP	szo_kiir: autoDraw = true
185.5501899998635	DATA	Keydown: ArrowRight
185.5669549999293	EXP	szo_kiir: autoDraw = false
185.5669549999293	EXP	szo_kiir: color = {"_rgb":[1,1,1]}
185.5669549999293	EXP	szo_kiir: text = "ráncosít"
186.0870649998542	EXP	szo_kiir: autoDraw = true
187.08868499984965	DATA	Keydown: ArrowRight
187.11302499985322	EXP	szo_kiir: autoDraw = false
187.11302499985322	EXP	szo_kiir: color = {"_rgb":[1,1,1]}
187.11302499985322	EXP	szo_kiir: text = "hangyabogáncs"
187.61724999989383	EXP	szo_kiir: autoDraw = true
189.955169999972	DATA	Keydown: ArrowRight
189.96756999986246	EXP	szo_kiir: autoDraw = false
189.96756999986246	EXP	szo_kiir: color = {"_rgb":[1,1,1]}
189.96756999986246	EXP	szo_kiir: text = "öklendez"
190.48680999991484	EXP	szo_kiir: autoDraw = true
191.95028999983333	DATA	Keydown: ArrowRight
191.97837999998592	EXP	szo_kiir: autoDraw = false
191.97837999998592	EXP	szo_kiir: color = {"_rgb":[1,1,1]}
191.97837999998592	EXP	szo_kiir: text = "hamispénz"
192.4863399998285	EXP	szo_kiir: autoDraw = true
193.68354499991983	DATA	Keydown: ArrowRight
193.70029999990948	EXP	szo_kiir: autoDraw = false
193.70029999990948	EXP	szo_kiir: color = {"_rgb":[1,1,1]}
193.70029999990948	EXP	szo_kiir: text = "gubóvirág"
194.22000500001013	EXP	szo_kiir: autoDraw = true
195.6498399998527	DATA	Keydown: ArrowRight
195.6768349998165	EXP	szo_kiir: autoDraw = false
195.6768349998165	EXP	szo_kiir: color = {"_rgb":[1,1,1]}
195.6768349998165	EXP	szo_kiir: text = "vabank"
196.18690499989316	EXP	szo_kiir: autoDraw = true
197.2998199998401	DATA	Keydown: ArrowLeft
197.3176449998282	EXP	szo_kiir: autoDraw = false
197.3176449998282	EXP	szo_kiir: color = {"_rgb":[1,1,1]}
197.3176449998282	EXP	szo_kiir: text = "szeizmogram"
197.83797499979846	EXP	szo_kiir: autoDraw = true
199.40937499981374	DATA	Keydown: ArrowLeft
199.4175549999345	EXP	szo_kiir: autoDraw = false
199.4175549999345	EXP	szo_kiir: color = {"_rgb":[1,1,1]}
199.4175549999345	EXP	szo_kiir: text = "tiszogó"
199.93412999995053	EXP	szo_kiir: autoDraw = true
201.46147499978542	DATA	Keydown: ArrowLeft
201.46749499998987	EXP	szo_kiir: autoDraw = false
201.46749499998987	EXP	szo_kiir: color = {"_rgb":[1,1,1]}
201.46749499998987	EXP	szo_kiir: text = "nyagy"
201.9869099999778	EXP	szo_kiir: autoDraw = true
203.53564999997616	DATA	Keydown: ArrowLeft
203.56474499986507	EXP	szo_kiir: autoDraw = false
203.56474499986507	EXP	szo_kiir: color = {"_rgb":[1,1,1]}
203.56474499986507	EXP	szo_kiir: text = "alfél"
204.07011500000954	EXP	szo_kiir: autoDraw = true
205.14908499992453	DATA	Keydown: ArrowRight
205.16585499979556	EXP	szo_kiir: autoDraw = false
205.16585499979556	EXP	szo_kiir: color = {"_rgb":[1,1,1]}
205.16585499979556	EXP	szo_kiir: text = "árstop"
205.66998000000603	EXP	szo_kiir: autoDraw = true
207.9514149997849	DATA	Keydown: ArrowRight
207.9780449999962	EXP	szo_kiir: autoDraw = false
207.9780449999962	EXP	szo_kiir: color = {"_rgb":[1,1,1]}
207.9780449999962	EXP	szo_kiir: text = "hecsedlilekvár"
208.48773499997333	EXP	szo_kiir: autoDraw = true
211.38485499983653	DATA	Keydown: ArrowRight
211.40112499985844	EXP	szo_kiir: autoDraw = false
211.40112499985844	EXP	szo_kiir: color = {"_rgb":[1,1,1]}
211.40112499985844	EXP	szo_kiir: text = "szíjaz"
211.9214149999898	EXP	szo_kiir: autoDraw = true
213.4515099998098	DATA	Keydown: ArrowRight
213.48148999991827	EXP	szo_kiir: autoDraw = false
213.48148999991827	EXP	szo_kiir: color = {"_rgb":[1,1,1]}
213.48148999991827	EXP	szo_kiir: text = "sűrítható"
213.98760499991477	EXP	szo_kiir: autoDraw = true
217.64308999991044	DATA	Keydown: ArrowRight
217.6518999999389	EXP	szo_kiir: autoDraw = false
217.6518999999389	EXP	szo_kiir: color = {"_rgb":[1,1,1]}
217.6518999999389	EXP	szo_kiir: text = "invonult"
218.17078999988735	EXP	szo_kiir: autoDraw = true
220.16821999987587	DATA	Keydown: ArrowLeft
220.18516999995336	EXP	szo_kiir: autoDraw = false
220.18516999995336	EXP	szo_kiir: color = {"_rgb":[1,1,1]}
220.18516999995336	EXP	szo_kiir: text = "lukaszt"
220.70430999994278	EXP	szo_kiir: autoDraw = true
221.902099999832	DATA	Keydown: ArrowRight
221.9296149997972	EXP	szo_kiir: autoDraw = false
221.9296149997972	EXP	szo_kiir: color = {"_rgb":[1,1,1]}
221.9296149997972	EXP	szo_kiir: text = "kettősfém"
222.43928499985486	EXP	szo_kiir: autoDraw = true
224.50490999990143	DATA	Keydown: ArrowRight
224.51927499985322	EXP	szo_kiir: autoDraw = false
224.51927499985322	EXP	szo_kiir: color = {"_rgb":[1,1,1]}
224.51927499985322	EXP	szo_kiir: text = "buktázik"
225.03815999999642	EXP	szo_kiir: autoDraw = true
226.10408999980427	DATA	Keydown: ArrowRight
226.12927999999374	EXP	szo_kiir: autoDraw = false
226.12927999999374	EXP	szo_kiir: color = {"_rgb":[1,1,1]}
226.12927999999374	EXP	szo_kiir: text = "öklelődzik"
226.63805999979377	EXP	szo_kiir: autoDraw = true
228.76960499980487	DATA	Keydown: ArrowRight
228.7857799998019	EXP	szo_kiir: autoDraw = false
228.7857799998019	EXP	szo_kiir: color = {"_rgb":[1,1,1]}
228.7857799998019	EXP	szo_kiir: text = "horganyfehér"
229.30559000000358	EXP	szo_kiir: autoDraw = true
230.79285499989055	DATA	Keydown: ArrowRight
230.815539999865	EXP	szo_kiir: autoDraw = false
230.815539999865	EXP	szo_kiir: color = {"_rgb":[1,1,1]}
230.815539999865	EXP	szo_kiir: text = "gyant"
231.32138999993913	EXP	szo_kiir: autoDraw = true
232.2452349998057	DATA	Keydown: ArrowLeft
232.25254999985918	EXP	szo_kiir: autoDraw = false
232.25254999985918	EXP	szo_kiir: color = {"_rgb":[1,1,1]}
232.25254999985918	EXP	szo_kiir: text = "bojtárkodik"
232.77203499991447	EXP	szo_kiir: autoDraw = true
233.91912999982014	DATA	Keydown: ArrowRight
233.94708999991417	EXP	szo_kiir: autoDraw = false
233.94708999991417	EXP	szo_kiir: color = {"_rgb":[1,1,1]}
233.94708999991417	EXP	szo_kiir: text = "elcsigázódik"
234.45491499989294	EXP	szo_kiir: autoDraw = true
235.72516499995254	DATA	Keydown: ArrowRight
235.73627999983728	EXP	szo_kiir: autoDraw = false
235.73627999983728	EXP	szo_kiir: color = {"_rgb":[1,1,1]}
235.73627999983728	EXP	szo_kiir: text = "transzplantál"
236.2555299999658	EXP	szo_kiir: autoDraw = true
239.0025799998548	DATA	Keydown: ArrowRight
239.02329499996267	EXP	szo_kiir: autoDraw = false
239.02329499996267	EXP	szo_kiir: color = {"_rgb":[1,1,1]}
239.02329499996267	EXP	szo_kiir: text = "hantáz"
239.53869499987923	EXP	szo_kiir: autoDraw = true
240.54180000000633	DATA	Keydown: ArrowRight
240.55305999983102	EXP	szo_kiir: autoDraw = false
240.55305999983102	EXP	szo_kiir: color = {"_rgb":[1,1,1]}
240.55305999983102	EXP	szo_kiir: text = "vászonbetét"
241.07314999983646	EXP	szo_kiir: autoDraw = true
242.41182999988087	DATA	Keydown: ArrowRight
242.43004000000656	EXP	szo_kiir: autoDraw = false
242.43004000000656	EXP	szo_kiir: color = {"_rgb":[1,1,1]}
242.43004000000656	EXP	szo_kiir: text = "tárcsöngy"
242.9394499999471	EXP	szo_kiir: autoDraw = true
246.19653999991715	DATA	Keydown: ArrowLeft
246.2029099999927	EXP	szo_kiir: autoDraw = false
246.2029099999927	EXP	szo_kiir: color = {"_rgb":[1,1,1]}
246.2029099999927	EXP	szo_kiir: text = "szöngő"
246.7222799998708	EXP	szo_kiir: autoDraw = true
248.16244999994524	DATA	Keydown: ArrowRight
248.16936999978498	EXP	szo_kiir: autoDraw = false
248.16936999978498	EXP	szo_kiir: color = {"_rgb":[1,1,1]}
248.16936999978498	EXP	szo_kiir: text = "lublika"
248.68907499988563	EXP	szo_kiir: autoDraw = true
250.01187999988906	DATA	Keydown: ArrowLeft
250.03176499996334	EXP	szo_kiir: autoDraw = false
250.03176499996334	EXP	szo_kiir: color = {"_rgb":[1,1,1]}
250.03176499996334	EXP	szo_kiir: text = "ószeven"
250.53875499987043	EXP	szo_kiir: autoDraw = true
252.6346749998629	DATA	Keydown: ArrowLeft
252.65342999994755	EXP	szo_kiir: autoDraw = false
252.65342999994755	EXP	szo_kiir: color = {"_rgb":[1,1,1]}
252.65342999994755	EXP	szo_kiir: text = "ingyenbeteg"
253.17219999991357	EXP	szo_kiir: autoDraw = true
255.35982499993406	DATA	Keydown: ArrowRight
255.379239999922	EXP	szo_kiir: autoDraw = false
255.379239999922	EXP	szo_kiir: color = {"_rgb":[1,1,1]}
255.379239999922	EXP	szo_kiir: text = "tőzsérkedik"
255.88943499978632	EXP	szo_kiir: autoDraw = true
257.0799499999266	DATA	Keydown: ArrowRight
257.0854249999393	EXP	szo_kiir: autoDraw = false
257.0854249999393	EXP	szo_kiir: color = {"_rgb":[1,1,1]}
257.0854249999393	EXP	szo_kiir: text = "püffeszt"
257.60641499981284	EXP	szo_kiir: autoDraw = true
258.8032050000038	DATA	Keydown: ArrowRight
258.83229499985464	EXP	szo_kiir: autoDraw = false
258.83229499985464	EXP	koszi_szoveg: autoDraw = true
261.8038049999159	DATA	Keydown:  
