0.2660199999809265	EXP	Created Window = Window( name=Window, fullscr=true, color=#000000, units=norm, waitBlanking=true, autoLog=true, size=[1366,657] )
2.424834999954328	DATA	Keydown: 1
2.6406649998389184	DATA	Keydown: 3
2.812129999976605	DATA	Keydown: 2
2.980354999890551	DATA	Keydown: 4
6.285919999936596	DATA	Keydown: Shift
6.36667999997735	DATA	Keydown: N
6.6447599998209625	DATA	Keydown: ő
8.213999999919906	DATA	Keydown: 2
8.397854999871925	DATA	Keydown: 0
8.76727499999106	DATA	Keydown: 0
9.174179999856278	DATA	Keydown: .
9.692569999955595	DATA	Keydown: Backspace
9.835609999950975	DATA	Keydown: 0
9.93758499994874	DATA	Keydown: .
10.239444999955595	DATA	Keydown: 0
10.751384999835864	DATA	Keydown: 9
11.064604999963194	DATA	Keydown: .
11.216519999783486	DATA	Keydown: 2
11.401399999856949	DATA	Keydown: 4
16.05783999990672	DATA	Keydown: 1
16.23360999999568	DATA	Keydown: 3
18.052629999816418	EXP	Created instruction_text1 = TextStim( name=instruction_text1, win=Window( name=Window, fullscr=true, color=#000000, ~), autoDraw=null, autoLog=true, units=norm, ori=null, opacity=1, pos=[0,0], size=undefined, text=Ön most szavakat fog látni.

Ezek között lesznek o~, font=Arial, color=#ffffff, contrast=1, height=0.05, bold=null, italic=null, alignHoriz=left, alignVert=center, wrapWidth=1, flipHoriz=null, flipVert=null )
18.060309999855235	EXP	Created instruction_text2 = TextStim( name=instruction_text2, win=Window( name=Window, fullscr=true, color=#000000, ~), autoDraw=null, autoLog=true, units=norm, ori=null, opacity=1, pos=[0,0], size=undefined, text=Először két egyszerű példát mutatunk Önnek.

Az el~, font=Arial, color=#FFFFFF, contrast=1, height=0.05, bold=null, italic=null, alignHoriz=left, alignVert=center, wrapWidth=1, flipHoriz=null, flipVert=null )
18.063129999907687	EXP	Created show_text = TextStim( name=show_text, win=Window( name=Window, fullscr=true, color=#000000, ~), autoDraw=null, autoLog=true, units=norm, ori=null, opacity=1, pos=[0,0], size=undefined, text=asztal, font=Arial, color=#FFFFFF, contrast=1, height=0.2, bold=null, italic=null, alignHoriz=left, alignVert=center, wrapWidth=1, flipHoriz=null, flipVert=null )
18.06938000000082	EXP	Created text = TextStim( name=text, win=Window( name=Window, fullscr=true, color=#000000, ~), autoDraw=null, autoLog=true, units=norm, ori=null, opacity=1, pos=[0,0], size=undefined, text=bzsmfsztal, font=Arial, color=#FFFFFF, contrast=1, height=0.2, bold=null, italic=null, alignHoriz=left, alignVert=center, wrapWidth=1, flipHoriz=null, flipVert=null )
18.074744999874383	EXP	Created instruction_text3 = TextStim( name=instruction_text3, win=Window( name=Window, fullscr=true, color=#000000, ~), autoDraw=null, autoLog=true, units=norm, ori=null, opacity=1, pos=[0,0], size=undefined, text=Pazar. Most kezdődik az igazi kísérlet. Néhány per~, font=Arial, color=#FFFFFF, contrast=1, height=0.1, bold=null, italic=null, alignHoriz=left, alignVert=center, wrapWidth=1, flipHoriz=null, flipVert=null )
18.079844999825582	EXP	Created szo_kiir = TextStim( name=szo_kiir, win=Window( name=Window, fullscr=true, color=#000000, ~), autoDraw=null, autoLog=true, units=norm, ori=null, opacity=1, pos=[0,0], size=undefined, text=default text, font=Arial, color=#FFFFFF, contrast=1, height=0.2, bold=null, italic=null, alignHoriz=left, alignVert=center, wrapWidth=1, flipHoriz=null, flipVert=null )
18.0827449997887	EXP	Created koszi_szoveg = TextStim( name=koszi_szoveg, win=Window( name=Window, fullscr=true, color=#000000, ~), autoDraw=null, autoLog=true, units=norm, ori=null, opacity=1, pos=[0,0], size=undefined, text=Vége a kísérletnek. Köszönjük a részvételt!, font=arial, color=#ffffff, contrast=1, height=0.1, bold=null, italic=null, alignHoriz=left, alignVert=center, wrapWidth=1, flipHoriz=null, flipVert=null )
18.159114999929443	EXP	instruction_text1: units = "norm"
18.159114999929443	EXP	instruction_text1: ori = 0
18.159114999929443	EXP	instruction_text1: opacity = 1
18.159114999929443	EXP	instruction_text1: pos = [0,0]
18.159114999929443	EXP	instruction_text1: size = undefined
18.159114999929443	EXP	instruction_text1: text = "Ön most szavakat fog látni.\n\nEzek között lesznek olyanok, amelyeket ismer, de előfordulhatnak olyanok is, amelyeket nem ismer, sőt, vannak köztük kitalált szavak is. \n\nKérjük, ha ismeri a képernyőn látható szót, nyomja meg a JOBB kurzorbillentyűt.\nKérjük, ha NEM ismeri a képernyőn látható szót, vagy azt gondolja, nincs ilyen szó a magyarban, nyomja meg a BAL kurzorbillentyűt.\n\nAz 'Ismerem a szót' döntés itt most ezt jelenti: találkoztam már vele, és van valami elképzelésem a jelentéséről is.  \n\nNyomjon meg bármilyen billentyűt a folytatáshoz."
18.159114999929443	EXP	instruction_text1: font = "Arial"
18.159114999929443	EXP	instruction_text1: color = {"_rgb":[1,1,1]}
18.159114999929443	EXP	instruction_text1: contrast = 1
18.159114999929443	EXP	instruction_text1: height = 0.05
18.159114999929443	EXP	instruction_text1: bold = false
18.159114999929443	EXP	instruction_text1: italic = false
18.159114999929443	EXP	instruction_text1: alignHoriz = "left"
18.159114999929443	EXP	instruction_text1: alignVert = "center"
18.159114999929443	EXP	instruction_text1: wrapWidth = 1
18.159114999929443	EXP	instruction_text1: flipHoriz = false
18.159114999929443	EXP	instruction_text1: flipVert = false
18.159114999929443	EXP	instruction_text2: units = "norm"
18.159114999929443	EXP	instruction_text2: ori = 0
18.159114999929443	EXP	instruction_text2: opacity = 1
18.159114999929443	EXP	instruction_text2: pos = [0,0]
18.159114999929443	EXP	instruction_text2: size = undefined
18.159114999929443	EXP	instruction_text2: text = "Először két egyszerű példát mutatunk Önnek.\n\nAz első szó létezik a magyarban, és valószínűleg Ön is ismeri. Itt nyomja majd meg a jobb kurzorbillentyűt.\nA második szó nem létezik a magyar nyelvben. Itt nyomja majd meg a bal kurzorbillentyűt.\n\nFontos, hogy a jobb gombot a jobb kezével, a bal gombot a bal kezével nyomja, ha tudja, és ne egy kezét használja a kísérletben.\n\nNyomjon meg bármilyen gombot a folytatáshoz."
18.159114999929443	EXP	instruction_text2: font = "Arial"
18.159114999929443	EXP	instruction_text2: color = {"_hex":"#FFFFFF","_rgb":[1,1,1]}
18.159114999929443	EXP	instruction_text2: contrast = 1
18.159114999929443	EXP	instruction_text2: height = 0.05
18.159114999929443	EXP	instruction_text2: bold = false
18.159114999929443	EXP	instruction_text2: italic = false
18.159114999929443	EXP	instruction_text2: alignHoriz = "left"
18.159114999929443	EXP	instruction_text2: alignVert = "center"
18.159114999929443	EXP	instruction_text2: wrapWidth = 1
18.159114999929443	EXP	instruction_text2: flipHoriz = false
18.159114999929443	EXP	instruction_text2: flipVert = false
18.159114999929443	EXP	show_text: units = "norm"
18.159114999929443	EXP	show_text: ori = 0
18.159114999929443	EXP	show_text: opacity = 1
18.159114999929443	EXP	show_text: pos = [0,0]
18.159114999929443	EXP	show_text: size = undefined
18.159114999929443	EXP	show_text: text = "asztal"
18.159114999929443	EXP	show_text: font = "Arial"
18.159114999929443	EXP	show_text: color = {"_hex":"#FFFFFF","_rgb":[1,1,1]}
18.159114999929443	EXP	show_text: contrast = 1
18.159114999929443	EXP	show_text: height = 0.2
18.159114999929443	EXP	show_text: bold = false
18.159114999929443	EXP	show_text: italic = false
18.159114999929443	EXP	show_text: alignHoriz = "left"
18.159114999929443	EXP	show_text: alignVert = "center"
18.159114999929443	EXP	show_text: wrapWidth = 1
18.159114999929443	EXP	show_text: flipHoriz = false
18.159114999929443	EXP	show_text: flipVert = false
18.159114999929443	EXP	text: units = "norm"
18.159114999929443	EXP	text: ori = 0
18.159114999929443	EXP	text: opacity = 1
18.159114999929443	EXP	text: pos = [0,0]
18.159114999929443	EXP	text: size = undefined
18.159114999929443	EXP	text: text = "bzsmfsztal"
18.159114999929443	EXP	text: font = "Arial"
18.159114999929443	EXP	text: color = {"_hex":"#FFFFFF","_rgb":[1,1,1]}
18.159114999929443	EXP	text: contrast = 1
18.159114999929443	EXP	text: height = 0.2
18.159114999929443	EXP	text: bold = false
18.159114999929443	EXP	text: italic = false
18.159114999929443	EXP	text: alignHoriz = "left"
18.159114999929443	EXP	text: alignVert = "center"
18.159114999929443	EXP	text: wrapWidth = 1
18.159114999929443	EXP	text: flipHoriz = false
18.159114999929443	EXP	text: flipVert = false
18.159114999929443	EXP	instruction_text3: units = "norm"
18.159114999929443	EXP	instruction_text3: ori = 0
18.159114999929443	EXP	instruction_text3: opacity = 1
18.159114999929443	EXP	instruction_text3: pos = [0,0]
18.159114999929443	EXP	instruction_text3: size = undefined
18.159114999929443	EXP	instruction_text3: text = "Pazar. Most kezdődik az igazi kísérlet. Néhány percig fog tartani. Nem kell nagyon sietnie, de igyekezzen gyorsan válaszolni.\n\nNe feledje, ha tudja, a jobb gombot a jobbkezével, a bal gombot a balkezével nyomja le.\n\nNyomjon meg bármilyen gombot a folytatáshoz."
18.159114999929443	EXP	instruction_text3: font = "Arial"
18.159114999929443	EXP	instruction_text3: color = {"_hex":"#FFFFFF","_rgb":[1,1,1]}
18.159114999929443	EXP	instruction_text3: contrast = 1
18.159114999929443	EXP	instruction_text3: height = 0.1
18.159114999929443	EXP	instruction_text3: bold = false
18.159114999929443	EXP	instruction_text3: italic = false
18.159114999929443	EXP	instruction_text3: alignHoriz = "left"
18.159114999929443	EXP	instruction_text3: alignVert = "center"
18.159114999929443	EXP	instruction_text3: wrapWidth = 1
18.159114999929443	EXP	instruction_text3: flipHoriz = false
18.159114999929443	EXP	instruction_text3: flipVert = false
18.159114999929443	EXP	szo_kiir: units = "norm"
18.159114999929443	EXP	szo_kiir: ori = 0
18.159114999929443	EXP	szo_kiir: opacity = 1
18.159114999929443	EXP	szo_kiir: pos = [0,0]
18.159114999929443	EXP	szo_kiir: size = undefined
18.159114999929443	EXP	szo_kiir: text = "default text"
18.159114999929443	EXP	szo_kiir: font = "Arial"
18.159114999929443	EXP	szo_kiir: color = {"_hex":"#FFFFFF","_rgb":[1,1,1]}
18.159114999929443	EXP	szo_kiir: contrast = 1
18.159114999929443	EXP	szo_kiir: height = 0.2
18.159114999929443	EXP	szo_kiir: bold = false
18.159114999929443	EXP	szo_kiir: italic = false
18.159114999929443	EXP	szo_kiir: alignHoriz = "left"
18.159114999929443	EXP	szo_kiir: alignVert = "center"
18.159114999929443	EXP	szo_kiir: wrapWidth = 1
18.159114999929443	EXP	szo_kiir: flipHoriz = false
18.159114999929443	EXP	szo_kiir: flipVert = false
18.159114999929443	EXP	koszi_szoveg: units = "norm"
18.159114999929443	EXP	koszi_szoveg: ori = 0
18.159114999929443	EXP	koszi_szoveg: opacity = 1
18.159114999929443	EXP	koszi_szoveg: pos = [0,0]
18.159114999929443	EXP	koszi_szoveg: size = undefined
18.159114999929443	EXP	koszi_szoveg: text = "Vége a kísérletnek. Köszönjük a részvételt!"
18.159114999929443	EXP	koszi_szoveg: font = "arial"
18.159114999929443	EXP	koszi_szoveg: color = {"_rgb":[1,1,1]}
18.159114999929443	EXP	koszi_szoveg: contrast = 1
18.159114999929443	EXP	koszi_szoveg: height = 0.1
18.159114999929443	EXP	koszi_szoveg: bold = false
18.159114999929443	EXP	koszi_szoveg: italic = false
18.159114999929443	EXP	koszi_szoveg: alignHoriz = "left"
18.159114999929443	EXP	koszi_szoveg: alignVert = "center"
18.159114999929443	EXP	koszi_szoveg: wrapWidth = 1
18.159114999929443	EXP	koszi_szoveg: flipHoriz = false
18.159114999929443	EXP	koszi_szoveg: flipVert = false
18.159114999929443	EXP	instruction_text1: autoDraw = true
41.51096999994479	DATA	Mouse: 0 button down, pos=(792,667)
41.53932499978691	DATA	Mouse: 0 button down, pos=(792,667)
42.893344999989495	DATA	Mouse: 0 button down, pos=(778,598)
42.94738499983214	DATA	Mouse: 0 button down, pos=(778,598)
43.87185999983922	DATA	Mouse: 0 button down, pos=(778,598)
43.95477499999106	DATA	Mouse: 0 button down, pos=(778,598)
45.12703499989584	DATA	Mouse: 0 button down, pos=(708,400)
45.18654499994591	DATA	Mouse: 0 button down, pos=(708,400)
49.35855000000447	DATA	Keydown: ArrowLeft
49.38901499984786	EXP	instruction_text1: autoDraw = false
49.38901499984786	EXP	instruction_text2: autoDraw = true
56.062829999951646	DATA	Keydown: ArrowRight
56.07647999981418	EXP	instruction_text2: autoDraw = false
56.62644499982707	EXP	show_text: autoDraw = true
57.47850999981165	DATA	Keydown: ArrowRight
57.49332999996841	EXP	show_text: autoDraw = false
58.02334999991581	EXP	text: autoDraw = true
58.86942999996245	DATA	Keydown: ArrowLeft
58.95575500000268	EXP	text: autoDraw = false
58.95575500000268	EXP	instruction_text3: autoDraw = true
70.74408999993466	DATA	Keydown: ArrowLeft
70.95574999996461	EXP	instruction_text3: autoDraw = false
70.95574999996461	EXP	szo_kiir: color = {"_rgb":[1,1,1]}
70.95574999996461	EXP	szo_kiir: text = "sételi"
71.48096999991685	EXP	szo_kiir: autoDraw = true
72.67012499994598	DATA	Keydown: ArrowLeft
72.68237999989651	EXP	szo_kiir: autoDraw = false
72.68237999989651	EXP	szo_kiir: color = {"_rgb":[1,1,1]}
72.68237999989651	EXP	szo_kiir: text = "igaz"
73.20650999993086	EXP	szo_kiir: autoDraw = true
73.82500999979675	DATA	Keydown: ArrowRight
73.94797999993898	EXP	szo_kiir: autoDraw = false
73.94797999993898	EXP	szo_kiir: color = {"_rgb":[1,1,1]}
73.94797999993898	EXP	szo_kiir: text = "tér"
74.47680999990553	EXP	szo_kiir: autoDraw = true
75.02569499984384	DATA	Keydown: ArrowRight
75.03507499978878	EXP	szo_kiir: autoDraw = false
75.03507499978878	EXP	szo_kiir: color = {"_rgb":[1,1,1]}
75.03507499978878	EXP	szo_kiir: text = "számít"
75.56325499992818	EXP	szo_kiir: autoDraw = true
76.11508499993943	DATA	Keydown: ArrowRight
76.14978499989957	EXP	szo_kiir: autoDraw = false
76.14978499989957	EXP	szo_kiir: color = {"_rgb":[1,1,1]}
76.14978499989957	EXP	szo_kiir: text = "bolyodás"
76.66582499979995	EXP	szo_kiir: autoDraw = true
78.17224999982864	DATA	Keydown: ArrowLeft
78.17998999985866	EXP	szo_kiir: autoDraw = false
78.17998999985866	EXP	szo_kiir: color = {"_rgb":[1,1,1]}
78.17998999985866	EXP	szo_kiir: text = "kétikussi"
78.70558499987237	EXP	szo_kiir: autoDraw = true
79.36794999986887	DATA	Keydown: ArrowLeft
79.50168999982998	EXP	szo_kiir: autoDraw = false
79.50168999982998	EXP	szo_kiir: color = {"_rgb":[1,1,1]}
79.50168999982998	EXP	szo_kiir: text = "lényeg"
80.0172499998007	EXP	szo_kiir: autoDraw = true
80.60072999983095	DATA	Keydown: ArrowRight
80.6155499999877	EXP	szo_kiir: autoDraw = false
80.6155499999877	EXP	szo_kiir: color = {"_rgb":[1,1,1]}
80.6155499999877	EXP	szo_kiir: text = "alap"
81.14471999998204	EXP	szo_kiir: autoDraw = true
81.74284999980591	DATA	Keydown: ArrowRight
81.79284999985248	EXP	szo_kiir: autoDraw = false
81.79284999985248	EXP	szo_kiir: color = {"_rgb":[1,1,1]}
81.79284999985248	EXP	szo_kiir: text = "hatalom"
82.30855999980122	EXP	szo_kiir: autoDraw = true
82.76290999981575	DATA	Keydown: ArrowRight
82.78234999999404	EXP	szo_kiir: autoDraw = false
82.78234999999404	EXP	szo_kiir: color = {"_rgb":[1,1,1]}
82.78234999999404	EXP	szo_kiir: text = "marketing"
83.30817999993451	EXP	szo_kiir: autoDraw = true
83.93854999984615	DATA	Keydown: ArrowRight
83.98319499986246	EXP	szo_kiir: autoDraw = false
83.98319499986246	EXP	szo_kiir: color = {"_rgb":[1,1,1]}
83.98319499986246	EXP	szo_kiir: text = "mobil"
84.4937449998688	EXP	szo_kiir: autoDraw = true
85.02387999999337	DATA	Keydown: ArrowRight
85.03067999985069	EXP	szo_kiir: autoDraw = false
85.03067999985069	EXP	szo_kiir: color = {"_rgb":[1,1,1]}
85.03067999985069	EXP	szo_kiir: text = "csomozdoni"
85.5586249998305	EXP	szo_kiir: autoDraw = true
86.8444699998945	DATA	Keydown: ArrowLeft
86.89816999994218	EXP	szo_kiir: autoDraw = false
86.89816999994218	EXP	szo_kiir: color = {"_rgb":[1,1,1]}
86.89816999994218	EXP	szo_kiir: text = "karakter"
87.41183499991894	EXP	szo_kiir: autoDraw = true
88.13018499989994	DATA	Keydown: ArrowRight
88.1374450000003	EXP	szo_kiir: autoDraw = false
88.1374450000003	EXP	szo_kiir: color = {"_rgb":[1,1,1]}
88.1374450000003	EXP	szo_kiir: text = "tenger"
88.66508999979123	EXP	szo_kiir: autoDraw = true
89.2678949998226	DATA	Keydown: ArrowLeft
89.28134499979205	EXP	szo_kiir: autoDraw = false
89.28134499979205	EXP	szo_kiir: color = {"_rgb":[1,1,1]}
89.28134499979205	EXP	szo_kiir: text = "fut"
89.80669499980286	EXP	szo_kiir: autoDraw = true
90.88628499978222	DATA	Keydown: ArrowRight
90.93332999991253	EXP	szo_kiir: autoDraw = false
90.93332999991253	EXP	szo_kiir: color = {"_rgb":[1,1,1]}
90.93332999991253	EXP	szo_kiir: text = "átütésetti"
91.45567499985918	EXP	szo_kiir: autoDraw = true
92.84562999987975	DATA	Keydown: ArrowLeft
92.86436999985017	EXP	szo_kiir: autoDraw = false
92.86436999985017	EXP	szo_kiir: color = {"_rgb":[1,1,1]}
92.86436999985017	EXP	szo_kiir: text = "kéz"
93.38864499982446	EXP	szo_kiir: autoDraw = true
93.93814499978907	DATA	Keydown: ArrowRight
93.97622499987483	EXP	szo_kiir: autoDraw = false
93.97622499987483	EXP	szo_kiir: color = {"_rgb":[1,1,1]}
93.97622499987483	EXP	szo_kiir: text = "iszlám"
94.49317499995232	EXP	szo_kiir: autoDraw = true
95.13672999991104	DATA	Keydown: ArrowRight
95.15702999988571	EXP	szo_kiir: autoDraw = false
95.15702999988571	EXP	szo_kiir: color = {"_rgb":[1,1,1]}
95.15702999988571	EXP	szo_kiir: text = "nagyméretű"
95.68089999980293	EXP	szo_kiir: autoDraw = true
96.34438999998383	DATA	Keydown: ArrowRight
96.4052049999591	EXP	szo_kiir: autoDraw = false
96.4052049999591	EXP	szo_kiir: color = {"_rgb":[1,1,1]}
96.4052049999591	EXP	szo_kiir: text = "minimálbér"
96.93270000000484	EXP	szo_kiir: autoDraw = true
97.53112499997951	DATA	Keydown: ArrowRight
97.55163499992341	EXP	szo_kiir: autoDraw = false
97.55163499992341	EXP	szo_kiir: color = {"_rgb":[1,1,1]}
97.55163499992341	EXP	szo_kiir: text = "repülőgép"
98.07959999982268	EXP	szo_kiir: autoDraw = true
98.59741499996744	DATA	Keydown: ArrowRight
98.63863499998115	EXP	szo_kiir: autoDraw = false
98.63863499998115	EXP	szo_kiir: color = {"_rgb":[1,1,1]}
98.63863499998115	EXP	szo_kiir: text = "űrlap"
99.16032999986783	EXP	szo_kiir: autoDraw = true
99.66953499987721	DATA	Keydown: ArrowRight
99.67789499997161	EXP	szo_kiir: autoDraw = false
99.67789499997161	EXP	szo_kiir: color = {"_rgb":[1,1,1]}
99.67789499997161	EXP	szo_kiir: text = "meggyabb"
100.2032599998638	EXP	szo_kiir: autoDraw = true
101.20172499981709	DATA	Keydown: ArrowLeft
101.24440500000492	EXP	szo_kiir: autoDraw = false
101.24440500000492	EXP	szo_kiir: color = {"_rgb":[1,1,1]}
101.24440500000492	EXP	szo_kiir: text = "reform"
101.76447999989614	EXP	szo_kiir: autoDraw = true
102.45802499982528	DATA	Keydown: ArrowRight
102.46301499987021	EXP	szo_kiir: autoDraw = false
102.46301499987021	EXP	szo_kiir: color = {"_rgb":[1,1,1]}
102.46301499987021	EXP	szo_kiir: text = "majozárói"
102.99572999984957	EXP	szo_kiir: autoDraw = true
104.55193499987945	DATA	Keydown: ArrowLeft
104.59531000000425	EXP	szo_kiir: autoDraw = false
104.59531000000425	EXP	szo_kiir: color = {"_rgb":[1,1,1]}
104.59531000000425	EXP	szo_kiir: text = "részeg"
105.11782999988645	EXP	szo_kiir: autoDraw = true
105.65593999996781	DATA	Keydown: ArrowRight
105.6748099999968	EXP	szo_kiir: autoDraw = false
105.6748099999968	EXP	szo_kiir: color = {"_rgb":[1,1,1]}
105.6748099999968	EXP	szo_kiir: text = "egzat"
106.20551499980502	EXP	szo_kiir: autoDraw = true
107.57547499984503	DATA	Keydown: ArrowLeft
107.6207249998115	EXP	szo_kiir: autoDraw = false
107.6207249998115	EXP	szo_kiir: color = {"_rgb":[1,1,1]}
107.6207249998115	EXP	szo_kiir: text = "cirkusz"
108.13894500001334	EXP	szo_kiir: autoDraw = true
109.4901649998501	DATA	Keydown: ArrowRight
109.50815999996848	EXP	szo_kiir: autoDraw = false
109.50815999996848	EXP	szo_kiir: color = {"_rgb":[1,1,1]}
109.50815999996848	EXP	szo_kiir: text = "mér"
110.03443999984302	EXP	szo_kiir: autoDraw = true
110.69984999997541	DATA	Keydown: ArrowRight
110.74715999979526	EXP	szo_kiir: autoDraw = false
110.74715999979526	EXP	szo_kiir: color = {"_rgb":[1,1,1]}
110.74715999979526	EXP	szo_kiir: text = "pálódás"
111.26494499994442	EXP	szo_kiir: autoDraw = true
112.98817499983124	DATA	Keydown: ArrowLeft
113.01190999988467	EXP	szo_kiir: autoDraw = false
113.01190999988467	EXP	szo_kiir: color = {"_rgb":[1,1,1]}
113.01190999988467	EXP	szo_kiir: text = "heveny"
113.53587499982677	EXP	szo_kiir: autoDraw = true
114.51547999982722	DATA	Keydown: ArrowRight
114.53480499982834	EXP	szo_kiir: autoDraw = false
114.53480499982834	EXP	szo_kiir: color = {"_rgb":[1,1,1]}
114.53480499982834	EXP	szo_kiir: text = "kiskanál"
115.0467949998565	EXP	szo_kiir: autoDraw = true
116.3167699999176	DATA	Keydown: ArrowRight
116.33572999993339	EXP	szo_kiir: autoDraw = false
116.33572999993339	EXP	szo_kiir: color = {"_rgb":[1,1,1]}
116.33572999993339	EXP	szo_kiir: text = "extravagáns"
116.86116499989294	EXP	szo_kiir: autoDraw = true
117.6839499999769	DATA	Keydown: ArrowRight
117.71031999983825	EXP	szo_kiir: autoDraw = false
117.71031999983825	EXP	szo_kiir: color = {"_rgb":[1,1,1]}
117.71031999983825	EXP	szo_kiir: text = "pénzösszeg"
118.23229499999434	EXP	szo_kiir: autoDraw = true
118.92359499982558	DATA	Keydown: ArrowRight
118.94331000000238	EXP	szo_kiir: autoDraw = false
118.94331000000238	EXP	szo_kiir: color = {"_rgb":[1,1,1]}
118.94331000000238	EXP	szo_kiir: text = "értékesít"
119.44973999983631	EXP	szo_kiir: autoDraw = true
119.937099999981	DATA	Keydown: ArrowRight
119.98881000000983	EXP	szo_kiir: autoDraw = false
119.98881000000983	EXP	szo_kiir: color = {"_rgb":[1,1,1]}
119.98881000000983	EXP	szo_kiir: text = "neon"
120.51138499984518	EXP	szo_kiir: autoDraw = true
121.19494499987923	DATA	Keydown: ArrowRight
121.21468500001356	EXP	szo_kiir: autoDraw = false
121.21468500001356	EXP	szo_kiir: color = {"_rgb":[1,1,1]}
121.21468500001356	EXP	szo_kiir: text = "misztérium"
121.74101999984123	EXP	szo_kiir: autoDraw = true
122.21857999986969	DATA	Keydown: ArrowRight
122.26245999988168	EXP	szo_kiir: autoDraw = false
122.26245999988168	EXP	szo_kiir: color = {"_rgb":[1,1,1]}
122.26245999988168	EXP	szo_kiir: text = "nyakörv"
122.78065999993123	EXP	szo_kiir: autoDraw = true
123.28837999980897	DATA	Keydown: ArrowRight
123.29802999994718	EXP	szo_kiir: autoDraw = false
123.29802999994718	EXP	szo_kiir: color = {"_rgb":[1,1,1]}
123.29802999994718	EXP	szo_kiir: text = "blúz"
123.82479499978945	EXP	szo_kiir: autoDraw = true
124.28245499986224	DATA	Keydown: ArrowRight
124.31962500000373	EXP	szo_kiir: autoDraw = false
124.31962500000373	EXP	szo_kiir: color = {"_rgb":[1,1,1]}
124.31962500000373	EXP	szo_kiir: text = "katerült"
124.84414499998093	EXP	szo_kiir: autoDraw = true
125.31950999982655	DATA	Keydown: ArrowRight
125.3385399999097	EXP	szo_kiir: autoDraw = false
125.3385399999097	EXP	szo_kiir: color = {"_rgb":[1,1,1]}
125.3385399999097	EXP	szo_kiir: text = "felmi"
125.865809999872	EXP	szo_kiir: autoDraw = true
127.92799999983981	DATA	Keydown: ArrowLeft
127.94384999992326	EXP	szo_kiir: autoDraw = false
127.94384999992326	EXP	szo_kiir: color = {"_rgb":[1,1,1]}
127.94384999992326	EXP	szo_kiir: text = "sóhajt"
128.47001499985345	EXP	szo_kiir: autoDraw = true
129.07845999998972	DATA	Keydown: ArrowRight
129.10921499994583	EXP	szo_kiir: autoDraw = false
129.10921499994583	EXP	szo_kiir: color = {"_rgb":[1,1,1]}
129.10921499994583	EXP	szo_kiir: text = "leér"
129.63393000001088	EXP	szo_kiir: autoDraw = true
130.31834499980323	DATA	Keydown: ArrowRight
130.33809999981895	EXP	szo_kiir: autoDraw = false
130.33809999981895	EXP	szo_kiir: color = {"_rgb":[1,1,1]}
130.33809999981895	EXP	szo_kiir: text = "alárdonos"
130.8644549997989	EXP	szo_kiir: autoDraw = true
131.82166499993764	DATA	Keydown: ArrowLeft
131.85979999997653	EXP	szo_kiir: autoDraw = false
131.85979999997653	EXP	szo_kiir: color = {"_rgb":[1,1,1]}
131.85979999997653	EXP	szo_kiir: text = "kolosszális"
132.38423999981023	EXP	szo_kiir: autoDraw = true
133.47461499995552	DATA	Keydown: ArrowRight
133.48379500000738	EXP	szo_kiir: autoDraw = false
133.48379500000738	EXP	szo_kiir: color = {"_rgb":[1,1,1]}
133.48379500000738	EXP	szo_kiir: text = "vetézmés"
134.01030999980867	EXP	szo_kiir: autoDraw = true
134.90686499979347	DATA	Keydown: ArrowLeft
134.9411100000143	EXP	szo_kiir: autoDraw = false
134.9411100000143	EXP	szo_kiir: color = {"_rgb":[1,1,1]}
134.9411100000143	EXP	szo_kiir: text = "sólyuk"
135.4667649997864	EXP	szo_kiir: autoDraw = true
137.36037999996915	DATA	Keydown: ArrowLeft
137.38118499983102	EXP	szo_kiir: autoDraw = false
137.38118499983102	EXP	szo_kiir: color = {"_rgb":[1,1,1]}
137.38118499983102	EXP	szo_kiir: text = "sikációzan"
137.90490500000305	EXP	szo_kiir: autoDraw = true
139.09510499984026	DATA	Keydown: ArrowLeft
139.12918499996886	EXP	szo_kiir: autoDraw = false
139.12918499996886	EXP	szo_kiir: color = {"_rgb":[1,1,1]}
139.12918499996886	EXP	szo_kiir: text = "farizeus"
139.65571999992244	EXP	szo_kiir: autoDraw = true
140.61566499993205	DATA	Keydown: ArrowLeft
140.62910999986343	EXP	szo_kiir: autoDraw = false
140.62910999986343	EXP	szo_kiir: color = {"_rgb":[1,1,1]}
140.62910999986343	EXP	szo_kiir: text = "dofízissed"
141.15533499978483	EXP	szo_kiir: autoDraw = true
142.6639749999158	DATA	Keydown: ArrowLeft
142.6707699999679	EXP	szo_kiir: autoDraw = false
142.6707699999679	EXP	szo_kiir: color = {"_rgb":[1,1,1]}
142.6707699999679	EXP	szo_kiir: text = "üzemanyagár"
143.1983149999287	EXP	szo_kiir: autoDraw = true
143.86966999992728	DATA	Keydown: ArrowRight
143.89743999997154	EXP	szo_kiir: autoDraw = false
143.89743999997154	EXP	szo_kiir: color = {"_rgb":[1,1,1]}
143.89743999997154	EXP	szo_kiir: text = "tanácskozik"
144.42438499978743	EXP	szo_kiir: autoDraw = true
145.60825999989174	DATA	Keydown: ArrowRight
145.62694499990903	EXP	szo_kiir: autoDraw = false
145.62694499990903	EXP	szo_kiir: color = {"_rgb":[1,1,1]}
145.62694499990903	EXP	szo_kiir: text = "tipográfus"
146.15204999991693	EXP	szo_kiir: autoDraw = true
146.92091499990784	DATA	Keydown: ArrowRight
146.96162499999627	EXP	szo_kiir: autoDraw = false
146.96162499999627	EXP	szo_kiir: color = {"_rgb":[1,1,1]}
146.96162499999627	EXP	szo_kiir: text = "felte"
147.48516999999993	EXP	szo_kiir: autoDraw = true
148.34300499991514	DATA	Keydown: ArrowLeft
148.35614999989048	EXP	szo_kiir: autoDraw = false
148.35614999989048	EXP	szo_kiir: color = {"_rgb":[1,1,1]}
148.35614999989048	EXP	szo_kiir: text = "zajkottsi"
148.88162499992177	EXP	szo_kiir: autoDraw = true
149.44094999996014	DATA	Keydown: ArrowLeft
149.47923499997705	EXP	szo_kiir: autoDraw = false
149.47923499997705	EXP	szo_kiir: color = {"_rgb":[1,1,1]}
149.47923499997705	EXP	szo_kiir: text = "rubinvörös"
150.00734499981627	EXP	szo_kiir: autoDraw = true
150.7115399998147	DATA	Keydown: ArrowRight
150.7318199998699	EXP	szo_kiir: autoDraw = false
150.7318199998699	EXP	szo_kiir: color = {"_rgb":[1,1,1]}
150.7318199998699	EXP	szo_kiir: text = "fegyvergyár"
151.25684499996714	EXP	szo_kiir: autoDraw = true
151.88112999987788	DATA	Keydown: ArrowRight
151.91701500001363	EXP	szo_kiir: autoDraw = false
151.91701500001363	EXP	szo_kiir: color = {"_rgb":[1,1,1]}
151.91701500001363	EXP	szo_kiir: text = "orientál"
152.44341999990866	EXP	szo_kiir: autoDraw = true
153.15711499983445	DATA	Keydown: ArrowRight
153.1679399998393	EXP	szo_kiir: autoDraw = false
153.1679399998393	EXP	szo_kiir: color = {"_rgb":[1,1,1]}
153.1679399998393	EXP	szo_kiir: text = "felharmonikus"
153.69438999984413	EXP	szo_kiir: autoDraw = true
155.11296499986202	DATA	Keydown: ArrowRight
155.15639499993995	EXP	szo_kiir: autoDraw = false
155.15639499993995	EXP	szo_kiir: color = {"_rgb":[1,1,1]}
155.15639499993995	EXP	szo_kiir: text = "tárgylemez"
155.67276499979198	EXP	szo_kiir: autoDraw = true
156.191739999922	DATA	Keydown: ArrowRight
156.20980999991298	EXP	szo_kiir: autoDraw = false
156.20980999991298	EXP	szo_kiir: color = {"_rgb":[1,1,1]}
156.20980999991298	EXP	szo_kiir: text = "hadijáték"
156.7357999999076	EXP	szo_kiir: autoDraw = true
157.40866499999538	DATA	Keydown: ArrowRight
157.43618499999866	EXP	szo_kiir: autoDraw = false
157.43618499999866	EXP	szo_kiir: color = {"_rgb":[1,1,1]}
157.43618499999866	EXP	szo_kiir: text = "anyajogú"
157.964349999791	EXP	szo_kiir: autoDraw = true
158.44652499980293	DATA	Keydown: ArrowRight
158.45887500001118	EXP	szo_kiir: autoDraw = false
158.45887500001118	EXP	szo_kiir: color = {"_rgb":[1,1,1]}
158.45887500001118	EXP	szo_kiir: text = "petkerhet"
158.98521499987692	EXP	szo_kiir: autoDraw = true
159.90485499985516	DATA	Keydown: ArrowLeft
159.9402499999851	EXP	szo_kiir: autoDraw = false
159.9402499999851	EXP	szo_kiir: color = {"_rgb":[1,1,1]}
159.9402499999851	EXP	szo_kiir: text = "fényesít"
160.4635999999009	EXP	szo_kiir: autoDraw = true
160.94445499987341	DATA	Keydown: ArrowRight
160.96358999982476	EXP	szo_kiir: autoDraw = false
160.96358999982476	EXP	szo_kiir: color = {"_rgb":[1,1,1]}
160.96358999982476	EXP	szo_kiir: text = "mikrorendszer"
161.48410499980673	EXP	szo_kiir: autoDraw = true
162.25187999987975	DATA	Keydown: ArrowRight
162.29268499999307	EXP	szo_kiir: autoDraw = false
162.29268499999307	EXP	szo_kiir: color = {"_rgb":[1,1,1]}
162.29268499999307	EXP	szo_kiir: text = "frontszakasz"
162.81749999988824	EXP	szo_kiir: autoDraw = true
163.45139999990351	DATA	Keydown: ArrowRight
163.45986999990419	EXP	szo_kiir: autoDraw = false
163.45986999990419	EXP	szo_kiir: color = {"_rgb":[1,1,1]}
163.45986999990419	EXP	szo_kiir: text = "stósz"
163.98488999996334	EXP	szo_kiir: autoDraw = true
164.75208999984898	DATA	Keydown: ArrowLeft
164.7715849999804	EXP	szo_kiir: autoDraw = false
164.7715849999804	EXP	szo_kiir: color = {"_rgb":[1,1,1]}
164.7715849999804	EXP	szo_kiir: text = "takaréktűzhely"
165.296474999981	EXP	szo_kiir: autoDraw = true
166.09539999999106	DATA	Keydown: ArrowRight
166.12125499988906	EXP	szo_kiir: autoDraw = false
166.12125499988906	EXP	szo_kiir: color = {"_rgb":[1,1,1]}
166.12125499988906	EXP	szo_kiir: text = "homokzátony"
166.62870499980636	EXP	szo_kiir: autoDraw = true
167.17314499989152	DATA	Keydown: ArrowRight
167.18776499992236	EXP	szo_kiir: autoDraw = false
167.18776499992236	EXP	szo_kiir: color = {"_rgb":[1,1,1]}
167.18776499992236	EXP	szo_kiir: text = "hokizik"
167.71255999989808	EXP	szo_kiir: autoDraw = true
168.36593999993056	DATA	Keydown: ArrowRight
168.39577499986626	EXP	szo_kiir: autoDraw = false
168.39577499986626	EXP	szo_kiir: color = {"_rgb":[1,1,1]}
168.39577499986626	EXP	szo_kiir: text = "hazardírozik"
168.9207699999679	EXP	szo_kiir: autoDraw = true
170.41840999992564	DATA	Keydown: ArrowRight
170.43702499987558	EXP	szo_kiir: autoDraw = false
170.43702499987558	EXP	szo_kiir: color = {"_rgb":[1,1,1]}
170.43702499987558	EXP	szo_kiir: text = "szemestakarmány"
170.96263999980874	EXP	szo_kiir: autoDraw = true
171.75078999996185	DATA	Keydown: ArrowRight
171.78781999996863	EXP	szo_kiir: autoDraw = false
171.78781999996863	EXP	szo_kiir: color = {"_rgb":[1,1,1]}
171.78781999996863	EXP	szo_kiir: text = "gór"
172.29907999979332	EXP	szo_kiir: autoDraw = true
173.0534349998925	DATA	Keydown: ArrowLeft
173.0622649998404	EXP	szo_kiir: autoDraw = false
173.0622649998404	EXP	szo_kiir: color = {"_rgb":[1,1,1]}
173.0622649998404	EXP	szo_kiir: text = "hengerszimmetrikus"
173.59759999997914	EXP	szo_kiir: autoDraw = true
174.23025999986567	DATA	Keydown: ArrowRight
174.24916499992833	EXP	szo_kiir: autoDraw = false
174.24916499992833	EXP	szo_kiir: color = {"_rgb":[1,1,1]}
174.24916499992833	EXP	szo_kiir: text = "sárfolt"
174.77443499979563	EXP	szo_kiir: autoDraw = true
175.70009499997832	DATA	Keydown: ArrowRight
175.72592999995686	EXP	szo_kiir: autoDraw = false
175.72592999995686	EXP	szo_kiir: color = {"_rgb":[1,1,1]}
175.72592999995686	EXP	szo_kiir: text = "csöpörög"
176.2535299998708	EXP	szo_kiir: autoDraw = true
176.67687499988824	DATA	Keydown: ArrowRight
176.6863299999386	EXP	szo_kiir: autoDraw = false
176.6863299999386	EXP	szo_kiir: color = {"_rgb":[1,1,1]}
176.6863299999386	EXP	szo_kiir: text = "parkkói"
177.2119399998337	EXP	szo_kiir: autoDraw = true
177.93708499986678	DATA	Keydown: ArrowLeft
177.9739749999717	EXP	szo_kiir: autoDraw = false
177.9739749999717	EXP	szo_kiir: color = {"_rgb":[1,1,1]}
177.9739749999717	EXP	szo_kiir: text = "bouillon"
178.48220999981277	EXP	szo_kiir: autoDraw = true
179.0224899998866	DATA	Keydown: ArrowLeft
179.04016999993473	EXP	szo_kiir: autoDraw = false
179.04016999993473	EXP	szo_kiir: color = {"_rgb":[1,1,1]}
179.04016999993473	EXP	szo_kiir: text = "dokozotty"
179.56465999991633	EXP	szo_kiir: autoDraw = true
180.35612999997102	DATA	Keydown: ArrowLeft
180.3735649997834	EXP	szo_kiir: autoDraw = false
180.3735649997834	EXP	szo_kiir: color = {"_rgb":[1,1,1]}
180.3735649997834	EXP	szo_kiir: text = "hangyabogáncs"
180.89832499995828	EXP	szo_kiir: autoDraw = true
181.47909499984235	DATA	Keydown: ArrowRight
181.51686499989592	EXP	szo_kiir: autoDraw = false
181.51686499989592	EXP	szo_kiir: color = {"_rgb":[1,1,1]}
181.51686499989592	EXP	szo_kiir: text = "kuktáskodik"
182.023454999784	EXP	szo_kiir: autoDraw = true
182.8953249999322	DATA	Keydown: ArrowRight
182.9148399999831	EXP	szo_kiir: autoDraw = false
182.9148399999831	EXP	szo_kiir: color = {"_rgb":[1,1,1]}
182.9148399999831	EXP	szo_kiir: text = "buherál"
183.44035999989137	EXP	szo_kiir: autoDraw = true
183.98435999988578	DATA	Keydown: ArrowRight
184.0214949999936	EXP	szo_kiir: autoDraw = false
184.0214949999936	EXP	szo_kiir: color = {"_rgb":[1,1,1]}
184.0214949999936	EXP	szo_kiir: text = "zománcáru"
184.54373499983922	EXP	szo_kiir: autoDraw = true
185.99989499989897	DATA	Keydown: ArrowRight
186.01848499989137	EXP	szo_kiir: autoDraw = false
186.01848499989137	EXP	szo_kiir: color = {"_rgb":[1,1,1]}
186.01848499989137	EXP	szo_kiir: text = "amodális"
186.543880000012	EXP	szo_kiir: autoDraw = true
187.27021999983117	DATA	Keydown: ArrowRight
187.313894999912	EXP	szo_kiir: autoDraw = false
187.313894999912	EXP	szo_kiir: color = {"_rgb":[1,1,1]}
187.313894999912	EXP	szo_kiir: text = "védővámrendszer"
187.83494999981485	EXP	szo_kiir: autoDraw = true
188.7076849997975	DATA	Keydown: ArrowRight
188.72671499988064	EXP	szo_kiir: autoDraw = false
188.72671499988064	EXP	szo_kiir: color = {"_rgb":[1,1,1]}
188.72671499988064	EXP	szo_kiir: text = "alfél"
189.25111499987543	EXP	szo_kiir: autoDraw = true
190.0622349998448	DATA	Keydown: ArrowRight
190.10420499998145	EXP	szo_kiir: autoDraw = false
190.10420499998145	EXP	szo_kiir: color = {"_rgb":[1,1,1]}
190.10420499998145	EXP	szo_kiir: text = "homeomorfizmus"
190.62700499990024	EXP	szo_kiir: autoDraw = true
192.10309999994934	DATA	Keydown: ArrowRight
192.12569999997504	EXP	szo_kiir: autoDraw = false
192.12569999997504	EXP	szo_kiir: color = {"_rgb":[1,1,1]}
192.12569999997504	EXP	szo_kiir: text = "prografej"
192.64721999992616	EXP	szo_kiir: autoDraw = true
193.27114499988966	DATA	Keydown: ArrowRight
193.28846999979578	EXP	szo_kiir: autoDraw = false
193.28846999979578	EXP	szo_kiir: color = {"_rgb":[1,1,1]}
193.28846999979578	EXP	szo_kiir: text = "hidegház"
193.8142349999398	EXP	szo_kiir: autoDraw = true
195.70614499994554	DATA	Keydown: ArrowRight
195.74749499978498	EXP	szo_kiir: autoDraw = false
195.74749499978498	EXP	szo_kiir: color = {"_rgb":[1,1,1]}
195.74749499978498	EXP	szo_kiir: text = "mérsékelődik"
196.27528499998152	EXP	szo_kiir: autoDraw = true
196.87437499989755	DATA	Keydown: ArrowRight
196.89378999988548	EXP	szo_kiir: autoDraw = false
196.89378999988548	EXP	szo_kiir: color = {"_rgb":[1,1,1]}
196.89378999988548	EXP	szo_kiir: text = "szubvencionál"
197.41799499979243	EXP	szo_kiir: autoDraw = true
198.3567599998787	DATA	Keydown: ArrowRight
198.3900099999737	EXP	szo_kiir: autoDraw = false
198.3900099999737	EXP	szo_kiir: color = {"_rgb":[1,1,1]}
198.3900099999737	EXP	szo_kiir: text = "háromfedélzetű"
198.91756500001065	EXP	szo_kiir: autoDraw = true
199.73511000000872	DATA	Keydown: ArrowRight
199.75042499997653	EXP	szo_kiir: autoDraw = false
199.75042499997653	EXP	szo_kiir: color = {"_rgb":[1,1,1]}
199.75042499997653	EXP	szo_kiir: text = "buktázik"
200.27154499990866	EXP	szo_kiir: autoDraw = true
200.96096499986015	DATA	Keydown: ArrowRight
200.99338999995962	EXP	szo_kiir: autoDraw = false
200.99338999995962	EXP	szo_kiir: color = {"_rgb":[1,1,1]}
200.99338999995962	EXP	szo_kiir: text = "szénaköteg"
201.5011649997905	EXP	szo_kiir: autoDraw = true
202.31568499980494	DATA	Keydown: ArrowRight
202.32957999990322	EXP	szo_kiir: autoDraw = false
202.32957999990322	EXP	szo_kiir: color = {"_rgb":[1,1,1]}
202.32957999990322	EXP	szo_kiir: text = "legyszekli"
202.8548849998042	EXP	szo_kiir: autoDraw = true
203.5460249998141	DATA	Keydown: ArrowLeft
203.57657499983907	EXP	szo_kiir: autoDraw = false
203.57657499983907	EXP	szo_kiir: color = {"_rgb":[1,1,1]}
203.57657499983907	EXP	szo_kiir: text = "politúroz"
204.08453499991447	EXP	szo_kiir: autoDraw = true
205.62307500001043	DATA	Keydown: ArrowLeft
205.64179999986663	EXP	szo_kiir: autoDraw = false
205.64179999986663	EXP	szo_kiir: color = {"_rgb":[1,1,1]}
205.64179999986663	EXP	szo_kiir: text = "bajuszfű"
206.16677999985404	EXP	szo_kiir: autoDraw = true
206.89328999980353	DATA	Keydown: ArrowRight
206.91188999987207	EXP	szo_kiir: autoDraw = false
206.91188999987207	EXP	szo_kiir: color = {"_rgb":[1,1,1]}
206.91188999987207	EXP	szo_kiir: text = "szabadszirmú"
207.4369899998419	EXP	szo_kiir: autoDraw = true
208.08085999987088	DATA	Keydown: ArrowRight
208.12276499997824	EXP	szo_kiir: autoDraw = false
208.12276499997824	EXP	szo_kiir: color = {"_rgb":[1,1,1]}
208.12276499997824	EXP	szo_kiir: text = "csüggöny"
208.64588500000536	EXP	szo_kiir: autoDraw = true
209.11563499993645	DATA	Keydown: ArrowRight
209.12258999980986	EXP	szo_kiir: autoDraw = false
209.12258999980986	EXP	szo_kiir: color = {"_rgb":[1,1,1]}
209.12258999980986	EXP	szo_kiir: text = "elcsigázódik"
209.64549499982968	EXP	szo_kiir: autoDraw = true
212.57866999995895	DATA	Keydown: ArrowRight
212.60149499983527	EXP	szo_kiir: autoDraw = false
212.60149499983527	EXP	szo_kiir: color = {"_rgb":[1,1,1]}
212.60149499983527	EXP	szo_kiir: text = "fekcionák"
213.12383499997668	EXP	szo_kiir: autoDraw = true
214.05891499994323	DATA	Keydown: ArrowLeft
214.10027999989688	EXP	szo_kiir: autoDraw = false
214.10027999989688	EXP	szo_kiir: color = {"_rgb":[1,1,1]}
214.10027999989688	EXP	szo_kiir: text = "vászonbetét"
214.6241199998185	EXP	szo_kiir: autoDraw = true
215.32866499992087	DATA	Keydown: ArrowRight
215.34868499985896	EXP	szo_kiir: autoDraw = false
215.34868499985896	EXP	szo_kiir: color = {"_rgb":[1,1,1]}
215.34868499985896	EXP	szo_kiir: text = "nyüzsgölődik"
215.8742949999869	EXP	szo_kiir: autoDraw = true
216.87515499978326	DATA	Keydown: ArrowRight
216.91256999992765	EXP	szo_kiir: autoDraw = false
216.91256999992765	EXP	szo_kiir: color = {"_rgb":[1,1,1]}
216.91256999992765	EXP	szo_kiir: text = "pilinckézik"
217.43674999987707	EXP	szo_kiir: autoDraw = true
218.87419499992393	DATA	Keydown: ArrowLeft
218.89063499984331	EXP	szo_kiir: autoDraw = false
218.89063499984331	EXP	szo_kiir: color = {"_rgb":[1,1,1]}
218.89063499984331	EXP	szo_kiir: text = "káinbélyeg"
219.41480999998748	EXP	szo_kiir: autoDraw = true
220.76663500000723	DATA	Keydown: ArrowRight
220.78515499993227	EXP	szo_kiir: autoDraw = false
220.78515499993227	EXP	szo_kiir: color = {"_rgb":[1,1,1]}
220.78515499993227	EXP	szo_kiir: text = "nyűvődik"
221.3114649998024	EXP	szo_kiir: autoDraw = true
222.1306849999819	DATA	Keydown: ArrowRight
222.16983499983326	EXP	szo_kiir: autoDraw = false
222.16983499983326	EXP	szo_kiir: color = {"_rgb":[1,1,1]}
222.16983499983326	EXP	szo_kiir: text = "kvártélyoz"
222.68534999992698	EXP	szo_kiir: autoDraw = true
223.88060999987647	DATA	Keydown: ArrowRight
223.89018999994732	EXP	szo_kiir: autoDraw = false
223.89018999994732	EXP	szo_kiir: color = {"_rgb":[1,1,1]}
223.89018999994732	EXP	szo_kiir: text = "viaszoz"
224.41516999993473	EXP	szo_kiir: autoDraw = true
226.24751999997534	DATA	Keydown: ArrowRight
226.3070149999112	EXP	szo_kiir: autoDraw = false
226.3070149999112	EXP	szo_kiir: color = {"_rgb":[1,1,1]}
226.3070149999112	EXP	szo_kiir: text = "rajzolótű"
226.83042000001296	EXP	szo_kiir: autoDraw = true
227.9946999999229	DATA	Keydown: ArrowRight
228.01394500001334	EXP	szo_kiir: autoDraw = false
228.01394500001334	EXP	szo_kiir: color = {"_rgb":[1,1,1]}
228.01394500001334	EXP	szo_kiir: text = "beszittyózik"
228.5392249999568	EXP	szo_kiir: autoDraw = true
229.6631749998778	DATA	Keydown: ArrowRight
229.69296499993652	EXP	szo_kiir: autoDraw = false
229.69296499993652	EXP	koszi_szoveg: autoDraw = true
230.9776749999728	DATA	Keydown:  
