0.15252000000009502	EXP	Created Window = Window( name=Window, fullscr=true, color=#000000, units=norm, waitBlanking=true, autoLog=true, size=[1366,608] )
9.790615000000116	DATA	Keydown: 5
10.250150000000076	DATA	Keydown: 0
11.019245000000183	DATA	Keydown: 8
11.281775000000152	DATA	Keydown: 7
16.385020000000168	DATA	Keydown: 1
17.368005000000043	DATA	Keydown: 9
17.646730000000165	DATA	Keydown: 7
17.901015000000147	DATA	Keydown: 4
19.060320000000047	DATA	Keydown: .
20.1273450000001	DATA	Keydown: 1
20.382545000000167	DATA	Keydown: 0
20.714590000000044	DATA	Keydown: .
21.060685000000152	DATA	Keydown: 2
21.311985000000053	DATA	Keydown: 6
24.575874999999996	DATA	Keydown: Backspace
25.058200000000173	DATA	Keydown: Backspace
25.0914200000002	DATA	Keydown: Backspace
25.124855000000025	DATA	Keydown: Backspace
25.158460000000105	DATA	Keydown: Backspace
25.180575000000093	DATA	Keydown: Backspace
25.22402000000011	DATA	Keydown: Backspace
25.25726000000009	DATA	Keydown: Backspace
25.274605000000065	DATA	Keydown: Backspace
25.317505000000207	DATA	Keydown: Backspace
25.341580000000025	DATA	Keydown: Backspace
25.374390000000172	DATA	Keydown: Backspace
25.40822500000013	DATA	Keydown: Backspace
25.441365000000133	DATA	Keydown: Backspace
25.474195000000005	DATA	Keydown: Backspace
25.507475000000117	DATA	Keydown: Backspace
25.54148000000009	DATA	Keydown: Backspace
30.995545000000227	DATA	Keydown: n
32.41962499999999	DATA	Keydown: ö
35.65376500000002	DATA	Keydown: Backspace
36.25444000000015	DATA	Keydown: ú
37.02191000000016	DATA	Keydown: NumLock
38.03822000000014	DATA	Keydown: NumLock
39.086140000000114	DATA	Keydown: ő
40.472285000000056	DATA	Keydown: Backspace
40.752705000000105	DATA	Keydown: Backspace
41.140085	DATA	Keydown: ő
45.01513500000011	DATA	Keydown: 1
45.34765500000004	DATA	Keydown: 9
45.63085000000002	DATA	Keydown: 7
45.864575000000066	DATA	Keydown: 4
46.21598000000017	DATA	Keydown: 1
47.419980000000116	DATA	Keydown: Backspace
48.68200500000011	DATA	Keydown: .
49.06362000000013	DATA	Keydown: 1
49.329845000000205	DATA	Keydown: 0
49.63001500000018	DATA	Keydown: .
50.06225500000005	DATA	Keydown: 2
50.285030000000006	DATA	Keydown: 6
60.42820500000016	DATA	Keydown: 1
60.67586500000016	DATA	Keydown: 2
67.39166	EXP	Created instruction_text1 = TextStim( name=instruction_text1, win=Window( name=Window, fullscr=true, color=#000000, ~), autoDraw=null, autoLog=true, units=norm, ori=null, opacity=1, pos=[0,0], size=undefined, text=Ön most szavakat fog látni.

Ezek között lesznek o~, font=Arial, color=#ffffff, contrast=1, height=0.05, bold=null, italic=null, alignHoriz=left, alignVert=center, wrapWidth=1, flipHoriz=null, flipVert=null )
67.39585500000021	EXP	Created instruction_text2 = TextStim( name=instruction_text2, win=Window( name=Window, fullscr=true, color=#000000, ~), autoDraw=null, autoLog=true, units=norm, ori=null, opacity=1, pos=[0,0], size=undefined, text=Először két egyszerű példát mutatunk Önnek.

Az el~, font=Arial, color=#FFFFFF, contrast=1, height=0.05, bold=null, italic=null, alignHoriz=left, alignVert=center, wrapWidth=1, flipHoriz=null, flipVert=null )
67.39857000000006	EXP	Created show_text = TextStim( name=show_text, win=Window( name=Window, fullscr=true, color=#000000, ~), autoDraw=null, autoLog=true, units=norm, ori=null, opacity=1, pos=[0,0], size=undefined, text=asztal, font=Arial, color=#FFFFFF, contrast=1, height=0.2, bold=null, italic=null, alignHoriz=left, alignVert=center, wrapWidth=1, flipHoriz=null, flipVert=null )
67.40478500000017	EXP	Created text = TextStim( name=text, win=Window( name=Window, fullscr=true, color=#000000, ~), autoDraw=null, autoLog=true, units=norm, ori=null, opacity=1, pos=[0,0], size=undefined, text=bzsmfsztal, font=Arial, color=#FFFFFF, contrast=1, height=0.2, bold=null, italic=null, alignHoriz=left, alignVert=center, wrapWidth=1, flipHoriz=null, flipVert=null )
67.40739000000008	EXP	Created instruction_text3 = TextStim( name=instruction_text3, win=Window( name=Window, fullscr=true, color=#000000, ~), autoDraw=null, autoLog=true, units=norm, ori=null, opacity=1, pos=[0,0], size=undefined, text=Pazar. Most kezdődik az igazi kísérlet. Néhány per~, font=Arial, color=#FFFFFF, contrast=1, height=0.1, bold=null, italic=null, alignHoriz=left, alignVert=center, wrapWidth=1, flipHoriz=null, flipVert=null )
67.41076000000021	EXP	Created szo_kiir = TextStim( name=szo_kiir, win=Window( name=Window, fullscr=true, color=#000000, ~), autoDraw=null, autoLog=true, units=norm, ori=null, opacity=1, pos=[0,0], size=undefined, text=default text, font=Arial, color=#FFFFFF, contrast=1, height=0.2, bold=null, italic=null, alignHoriz=left, alignVert=center, wrapWidth=1, flipHoriz=null, flipVert=null )
67.41582000000018	EXP	Created koszi_szoveg = TextStim( name=koszi_szoveg, win=Window( name=Window, fullscr=true, color=#000000, ~), autoDraw=null, autoLog=true, units=norm, ori=null, opacity=1, pos=[0,0], size=undefined, text=Vége a kísérletnek. Köszönjük a részvételt!, font=arial, color=#ffffff, contrast=1, height=0.1, bold=null, italic=null, alignHoriz=left, alignVert=center, wrapWidth=1, flipHoriz=null, flipVert=null )
67.5571100000002	EXP	instruction_text1: units = "norm"
67.5571100000002	EXP	instruction_text1: ori = 0
67.5571100000002	EXP	instruction_text1: opacity = 1
67.5571100000002	EXP	instruction_text1: pos = [0,0]
67.5571100000002	EXP	instruction_text1: size = undefined
67.5571100000002	EXP	instruction_text1: text = "Ön most szavakat fog látni.\n\nEzek között lesznek olyanok, amelyeket ismer, de előfordulhatnak olyanok is, amelyeket nem ismer, sőt, vannak köztük kitalált szavak is. \n\nKérjük, ha ismeri a képernyőn látható szót, nyomja meg a JOBB kurzorbillentyűt.\nKérjük, ha NEM ismeri a képernyőn látható szót, vagy azt gondolja, nincs ilyen szó a magyarban, nyomja meg a BAL kurzorbillentyűt.\n\nAz 'Ismerem a szót' döntés itt most ezt jelenti: találkoztam már vele, és van valami elképzelésem a jelentéséről is.  \n\nNyomjon meg bármilyen billentyűt a folytatáshoz."
67.5571100000002	EXP	instruction_text1: font = "Arial"
67.5571100000002	EXP	instruction_text1: color = {"_rgb":[1,1,1]}
67.5571100000002	EXP	instruction_text1: contrast = 1
67.5571100000002	EXP	instruction_text1: height = 0.05
67.5571100000002	EXP	instruction_text1: bold = false
67.5571100000002	EXP	instruction_text1: italic = false
67.5571100000002	EXP	instruction_text1: alignHoriz = "left"
67.5571100000002	EXP	instruction_text1: alignVert = "center"
67.5571100000002	EXP	instruction_text1: wrapWidth = 1
67.5571100000002	EXP	instruction_text1: flipHoriz = false
67.5571100000002	EXP	instruction_text1: flipVert = false
67.5571100000002	EXP	instruction_text2: units = "norm"
67.5571100000002	EXP	instruction_text2: ori = 0
67.5571100000002	EXP	instruction_text2: opacity = 1
67.5571100000002	EXP	instruction_text2: pos = [0,0]
67.5571100000002	EXP	instruction_text2: size = undefined
67.5571100000002	EXP	instruction_text2: text = "Először két egyszerű példát mutatunk Önnek.\n\nAz első szó létezik a magyarban, és valószínűleg Ön is ismeri. Itt nyomja majd meg a jobb kurzorbillentyűt.\nA második szó nem létezik a magyar nyelvben. Itt nyomja majd meg a bal kurzorbillentyűt.\n\nFontos, hogy a jobb gombot a jobb kezével, a bal gombot a bal kezével nyomja, ha tudja, és ne egy kezét használja a kísérletben.\n\nNyomjon meg bármilyen gombot a folytatáshoz."
67.5571100000002	EXP	instruction_text2: font = "Arial"
67.5571100000002	EXP	instruction_text2: color = {"_hex":"#FFFFFF","_rgb":[1,1,1]}
67.5571100000002	EXP	instruction_text2: contrast = 1
67.5571100000002	EXP	instruction_text2: height = 0.05
67.5571100000002	EXP	instruction_text2: bold = false
67.5571100000002	EXP	instruction_text2: italic = false
67.5571100000002	EXP	instruction_text2: alignHoriz = "left"
67.5571100000002	EXP	instruction_text2: alignVert = "center"
67.5571100000002	EXP	instruction_text2: wrapWidth = 1
67.5571100000002	EXP	instruction_text2: flipHoriz = false
67.5571100000002	EXP	instruction_text2: flipVert = false
67.5571100000002	EXP	show_text: units = "norm"
67.5571100000002	EXP	show_text: ori = 0
67.5571100000002	EXP	show_text: opacity = 1
67.5571100000002	EXP	show_text: pos = [0,0]
67.5571100000002	EXP	show_text: size = undefined
67.5571100000002	EXP	show_text: text = "asztal"
67.5571100000002	EXP	show_text: font = "Arial"
67.5571100000002	EXP	show_text: color = {"_hex":"#FFFFFF","_rgb":[1,1,1]}
67.5571100000002	EXP	show_text: contrast = 1
67.5571100000002	EXP	show_text: height = 0.2
67.5571100000002	EXP	show_text: bold = false
67.5571100000002	EXP	show_text: italic = false
67.5571100000002	EXP	show_text: alignHoriz = "left"
67.5571100000002	EXP	show_text: alignVert = "center"
67.5571100000002	EXP	show_text: wrapWidth = 1
67.5571100000002	EXP	show_text: flipHoriz = false
67.5571100000002	EXP	show_text: flipVert = false
67.5571100000002	EXP	text: units = "norm"
67.5571100000002	EXP	text: ori = 0
67.5571100000002	EXP	text: opacity = 1
67.5571100000002	EXP	text: pos = [0,0]
67.5571100000002	EXP	text: size = undefined
67.5571100000002	EXP	text: text = "bzsmfsztal"
67.5571100000002	EXP	text: font = "Arial"
67.5571100000002	EXP	text: color = {"_hex":"#FFFFFF","_rgb":[1,1,1]}
67.5571100000002	EXP	text: contrast = 1
67.5571100000002	EXP	text: height = 0.2
67.5571100000002	EXP	text: bold = false
67.5571100000002	EXP	text: italic = false
67.5571100000002	EXP	text: alignHoriz = "left"
67.5571100000002	EXP	text: alignVert = "center"
67.5571100000002	EXP	text: wrapWidth = 1
67.5571100000002	EXP	text: flipHoriz = false
67.5571100000002	EXP	text: flipVert = false
67.5571100000002	EXP	instruction_text3: units = "norm"
67.5571100000002	EXP	instruction_text3: ori = 0
67.5571100000002	EXP	instruction_text3: opacity = 1
67.5571100000002	EXP	instruction_text3: pos = [0,0]
67.5571100000002	EXP	instruction_text3: size = undefined
67.5571100000002	EXP	instruction_text3: text = "Pazar. Most kezdődik az igazi kísérlet. Néhány percig fog tartani. Nem kell nagyon sietnie, de igyekezzen gyorsan válaszolni.\n\nNe feledje, ha tudja, a jobb gombot a jobbkezével, a bal gombot a balkezével nyomja le.\n\nNyomjon meg bármilyen gombot a folytatáshoz."
67.5571100000002	EXP	instruction_text3: font = "Arial"
67.5571100000002	EXP	instruction_text3: color = {"_hex":"#FFFFFF","_rgb":[1,1,1]}
67.5571100000002	EXP	instruction_text3: contrast = 1
67.5571100000002	EXP	instruction_text3: height = 0.1
67.5571100000002	EXP	instruction_text3: bold = false
67.5571100000002	EXP	instruction_text3: italic = false
67.5571100000002	EXP	instruction_text3: alignHoriz = "left"
67.5571100000002	EXP	instruction_text3: alignVert = "center"
67.5571100000002	EXP	instruction_text3: wrapWidth = 1
67.5571100000002	EXP	instruction_text3: flipHoriz = false
67.5571100000002	EXP	instruction_text3: flipVert = false
67.5571100000002	EXP	szo_kiir: units = "norm"
67.5571100000002	EXP	szo_kiir: ori = 0
67.5571100000002	EXP	szo_kiir: opacity = 1
67.5571100000002	EXP	szo_kiir: pos = [0,0]
67.5571100000002	EXP	szo_kiir: size = undefined
67.5571100000002	EXP	szo_kiir: text = "default text"
67.5571100000002	EXP	szo_kiir: font = "Arial"
67.5571100000002	EXP	szo_kiir: color = {"_hex":"#FFFFFF","_rgb":[1,1,1]}
67.5571100000002	EXP	szo_kiir: contrast = 1
67.5571100000002	EXP	szo_kiir: height = 0.2
67.5571100000002	EXP	szo_kiir: bold = false
67.5571100000002	EXP	szo_kiir: italic = false
67.5571100000002	EXP	szo_kiir: alignHoriz = "left"
67.5571100000002	EXP	szo_kiir: alignVert = "center"
67.5571100000002	EXP	szo_kiir: wrapWidth = 1
67.5571100000002	EXP	szo_kiir: flipHoriz = false
67.5571100000002	EXP	szo_kiir: flipVert = false
67.5571100000002	EXP	koszi_szoveg: units = "norm"
67.5571100000002	EXP	koszi_szoveg: ori = 0
67.5571100000002	EXP	koszi_szoveg: opacity = 1
67.5571100000002	EXP	koszi_szoveg: pos = [0,0]
67.5571100000002	EXP	koszi_szoveg: size = undefined
67.5571100000002	EXP	koszi_szoveg: text = "Vége a kísérletnek. Köszönjük a részvételt!"
67.5571100000002	EXP	koszi_szoveg: font = "arial"
67.5571100000002	EXP	koszi_szoveg: color = {"_rgb":[1,1,1]}
67.5571100000002	EXP	koszi_szoveg: contrast = 1
67.5571100000002	EXP	koszi_szoveg: height = 0.1
67.5571100000002	EXP	koszi_szoveg: bold = false
67.5571100000002	EXP	koszi_szoveg: italic = false
67.5571100000002	EXP	koszi_szoveg: alignHoriz = "left"
67.5571100000002	EXP	koszi_szoveg: alignVert = "center"
67.5571100000002	EXP	koszi_szoveg: wrapWidth = 1
67.5571100000002	EXP	koszi_szoveg: flipHoriz = false
67.5571100000002	EXP	koszi_szoveg: flipVert = false
67.5571100000002	EXP	instruction_text1: autoDraw = true
197.37960500000008	DATA	Keydown:  
197.40703000000008	EXP	instruction_text1: autoDraw = false
197.40703000000008	EXP	instruction_text2: autoDraw = true
218.89633000000003	DATA	Keydown:  
218.92580500000008	EXP	instruction_text2: autoDraw = false
219.45909000000006	EXP	show_text: autoDraw = true
220.86476500000003	DATA	Keydown: ArrowRight
220.89147000000003	EXP	show_text: autoDraw = false
221.41160000000013	EXP	text: autoDraw = true
222.80876500000022	DATA	Keydown: ArrowLeft
222.8643300000001	EXP	text: autoDraw = false
222.8643300000001	EXP	instruction_text3: autoDraw = true
234.30911500000002	DATA	Keydown:  
234.4453350000001	EXP	instruction_text3: autoDraw = false
234.4453350000001	EXP	szo_kiir: color = {"_rgb":[1,1,1]}
234.4453350000001	EXP	szo_kiir: text = "nehéz"
234.96243000000004	EXP	szo_kiir: autoDraw = true
235.88606500000014	DATA	Keydown: ArrowRight
235.90019000000007	EXP	szo_kiir: autoDraw = false
235.90019000000007	EXP	szo_kiir: color = {"_rgb":[1,1,1]}
235.90019000000007	EXP	szo_kiir: text = "kép"
236.40901500000018	EXP	szo_kiir: autoDraw = true
237.08816000000002	DATA	Keydown: ArrowRight
237.15095000000017	EXP	szo_kiir: autoDraw = false
237.15095000000017	EXP	szo_kiir: color = {"_rgb":[1,1,1]}
237.15095000000017	EXP	szo_kiir: text = "verseny"
237.6862050000002	EXP	szo_kiir: autoDraw = true
238.4910500000001	DATA	Keydown: ArrowRight
238.51595500000008	EXP	szo_kiir: autoDraw = false
238.51595500000008	EXP	szo_kiir: color = {"_rgb":[1,1,1]}
238.51595500000008	EXP	szo_kiir: text = "priváló"
239.0354900000002	EXP	szo_kiir: autoDraw = true
240.66838000000004	DATA	Keydown: ArrowLeft
240.71375000000012	EXP	szo_kiir: autoDraw = false
240.71375000000012	EXP	szo_kiir: color = {"_rgb":[1,1,1]}
240.71375000000012	EXP	szo_kiir: text = "megköny"
241.23463000000015	EXP	szo_kiir: autoDraw = true
242.31662000000006	DATA	Keydown: ArrowLeft
242.34710000000018	EXP	szo_kiir: autoDraw = false
242.34710000000018	EXP	szo_kiir: color = {"_rgb":[1,1,1]}
242.34710000000018	EXP	szo_kiir: text = "méhezter"
242.867835	EXP	szo_kiir: autoDraw = true
244.88079000000013	DATA	Keydown: ArrowLeft
244.9448000000002	EXP	szo_kiir: autoDraw = false
244.9448000000002	EXP	szo_kiir: color = {"_rgb":[1,1,1]}
244.9448000000002	EXP	szo_kiir: text = "néghajóti"
245.46586500000012	EXP	szo_kiir: autoDraw = true
246.91497000000004	DATA	Keydown: ArrowLeft
246.94483000000014	EXP	szo_kiir: autoDraw = false
246.94483000000014	EXP	szo_kiir: color = {"_rgb":[1,1,1]}
246.94483000000014	EXP	szo_kiir: text = "módszer"
247.46545500000002	EXP	szo_kiir: autoDraw = true
248.18099000000007	DATA	Keydown: ArrowRight
248.21458500000017	EXP	szo_kiir: autoDraw = false
248.21458500000017	EXP	szo_kiir: color = {"_rgb":[1,1,1]}
248.21458500000017	EXP	szo_kiir: text = "mód"
248.7470800000001	EXP	szo_kiir: autoDraw = true
249.3633900000002	DATA	Keydown: ArrowRight
249.39412000000016	EXP	szo_kiir: autoDraw = false
249.39412000000016	EXP	szo_kiir: color = {"_rgb":[1,1,1]}
249.39412000000016	EXP	szo_kiir: text = "skadai"
249.91303000000016	EXP	szo_kiir: autoDraw = true
251.3445200000001	DATA	Keydown: ArrowLeft
251.3736150000002	EXP	szo_kiir: autoDraw = false
251.3736150000002	EXP	szo_kiir: color = {"_rgb":[1,1,1]}
251.3736150000002	EXP	szo_kiir: text = "olaj"
251.89565500000003	EXP	szo_kiir: autoDraw = true
252.66029500000013	DATA	Keydown: ArrowRight
252.67542000000003	EXP	szo_kiir: autoDraw = false
252.67542000000003	EXP	szo_kiir: color = {"_rgb":[1,1,1]}
252.67542000000003	EXP	szo_kiir: text = "könyvtár"
253.1949400000001	EXP	szo_kiir: autoDraw = true
254.02661000000012	DATA	Keydown: ArrowRight
254.07058000000006	EXP	szo_kiir: autoDraw = false
254.07058000000006	EXP	szo_kiir: color = {"_rgb":[1,1,1]}
254.07058000000006	EXP	szo_kiir: text = "nőttetett"
254.59566500000005	EXP	szo_kiir: autoDraw = true
256.11148000000003	DATA	Keydown: ArrowLeft
256.1402350000001	EXP	szo_kiir: autoDraw = false
256.1402350000001	EXP	szo_kiir: color = {"_rgb":[1,1,1]}
256.1402350000001	EXP	szo_kiir: text = "fut"
256.65997000000016	EXP	szo_kiir: autoDraw = true
257.342525	DATA	Keydown: ArrowRight
257.3778450000002	EXP	szo_kiir: autoDraw = false
257.3778450000002	EXP	szo_kiir: color = {"_rgb":[1,1,1]}
257.3778450000002	EXP	szo_kiir: text = "irány"
257.90916500000003	EXP	szo_kiir: autoDraw = true
258.5985250000001	DATA	Keydown: ArrowRight
258.6240300000002	EXP	szo_kiir: autoDraw = false
258.6240300000002	EXP	szo_kiir: color = {"_rgb":[1,1,1]}
258.6240300000002	EXP	szo_kiir: text = "kollektív"
259.14215000000013	EXP	szo_kiir: autoDraw = true
259.9617400000002	DATA	Keydown: ArrowRight
259.99624500000004	EXP	szo_kiir: autoDraw = false
259.99624500000004	EXP	szo_kiir: color = {"_rgb":[1,1,1]}
259.99624500000004	EXP	szo_kiir: text = "reagál"
260.51073500000007	EXP	szo_kiir: autoDraw = true
261.3072900000002	DATA	Keydown: ArrowRight
261.32283500000017	EXP	szo_kiir: autoDraw = false
261.32283500000017	EXP	szo_kiir: color = {"_rgb":[1,1,1]}
261.32283500000017	EXP	szo_kiir: text = "radikális"
261.8438450000001	EXP	szo_kiir: autoDraw = true
262.69293000000016	DATA	Keydown: ArrowRight
262.7266850000001	EXP	szo_kiir: autoDraw = false
262.7266850000001	EXP	szo_kiir: color = {"_rgb":[1,1,1]}
262.7266850000001	EXP	szo_kiir: text = "sokoldalú"
263.25675000000024	EXP	szo_kiir: autoDraw = true
264.07518000000005	DATA	Keydown: ArrowRight
264.10292999999996	EXP	szo_kiir: autoDraw = false
264.10292999999996	EXP	szo_kiir: color = {"_rgb":[1,1,1]}
264.10292999999996	EXP	szo_kiir: text = "minimálbér"
264.62260000000015	EXP	szo_kiir: autoDraw = true
265.5888400000001	DATA	Keydown: ArrowRight
265.624	EXP	szo_kiir: autoDraw = false
265.624	EXP	szo_kiir: color = {"_rgb":[1,1,1]}
265.624	EXP	szo_kiir: text = "meggyabb"
266.15762500000005	EXP	szo_kiir: autoDraw = true
267.75709500000016	DATA	Keydown: ArrowLeft
267.7844200000002	EXP	szo_kiir: autoDraw = false
267.7844200000002	EXP	szo_kiir: color = {"_rgb":[1,1,1]}
267.7844200000002	EXP	szo_kiir: text = "többszörös"
268.30451000000016	EXP	szo_kiir: autoDraw = true
270.6026800000002	DATA	Keydown: ArrowRight
270.63722000000007	EXP	szo_kiir: autoDraw = false
270.63722000000007	EXP	szo_kiir: color = {"_rgb":[1,1,1]}
270.63722000000007	EXP	szo_kiir: text = "gyárt"
271.1692150000001	EXP	szo_kiir: autoDraw = true
271.9512450000002	DATA	Keydown: ArrowRight
271.96792500000015	EXP	szo_kiir: autoDraw = false
271.96792500000015	EXP	szo_kiir: color = {"_rgb":[1,1,1]}
271.96792500000015	EXP	szo_kiir: text = "bronz"
272.4874050000001	EXP	szo_kiir: autoDraw = true
273.201045	DATA	Keydown: ArrowRight
273.23418000000015	EXP	szo_kiir: autoDraw = false
273.23418000000015	EXP	szo_kiir: color = {"_rgb":[1,1,1]}
273.23418000000015	EXP	szo_kiir: text = "szichosol"
273.76846000000023	EXP	szo_kiir: autoDraw = true
274.7341650000001	DATA	Keydown: ArrowLeft
274.7642900000001	EXP	szo_kiir: autoDraw = false
274.7642900000001	EXP	szo_kiir: color = {"_rgb":[1,1,1]}
274.7642900000001	EXP	szo_kiir: text = "késik"
275.28404000000023	EXP	szo_kiir: autoDraw = true
276.0882100000001	DATA	Keydown: ArrowRight
276.1254650000001	EXP	szo_kiir: autoDraw = false
276.1254650000001	EXP	szo_kiir: color = {"_rgb":[1,1,1]}
276.1254650000001	EXP	szo_kiir: text = "un"
276.6517550000001	EXP	szo_kiir: autoDraw = true
277.3645650000001	DATA	Keydown: ArrowLeft
277.37967500000013	EXP	szo_kiir: autoDraw = false
277.37967500000013	EXP	szo_kiir: color = {"_rgb":[1,1,1]}
277.37967500000013	EXP	szo_kiir: text = "numen"
277.8991900000001	EXP	szo_kiir: autoDraw = true
279.1138500000002	DATA	Keydown: ArrowLeft
279.1287850000001	EXP	szo_kiir: autoDraw = false
279.1287850000001	EXP	szo_kiir: color = {"_rgb":[1,1,1]}
279.1287850000001	EXP	szo_kiir: text = "hullik"
279.64906500000006	EXP	szo_kiir: autoDraw = true
280.4528500000001	DATA	Keydown: ArrowRight
280.4789250000001	EXP	szo_kiir: autoDraw = false
280.4789250000001	EXP	szo_kiir: color = {"_rgb":[1,1,1]}
280.4789250000001	EXP	szo_kiir: text = "vélekedik"
281.0169850000002	EXP	szo_kiir: autoDraw = true
281.93013500000006	DATA	Keydown: ArrowRight
281.9609200000002	EXP	szo_kiir: autoDraw = false
281.9609200000002	EXP	szo_kiir: color = {"_rgb":[1,1,1]}
281.9609200000002	EXP	szo_kiir: text = "régész"
282.4802350000002	EXP	szo_kiir: autoDraw = true
283.2963850000001	DATA	Keydown: ArrowRight
283.3283550000001	EXP	szo_kiir: autoDraw = false
283.3283550000001	EXP	szo_kiir: color = {"_rgb":[1,1,1]}
283.3283550000001	EXP	szo_kiir: text = "kabin"
283.8631600000001	EXP	szo_kiir: autoDraw = true
284.96089000000006	DATA	Keydown: ArrowRight
284.97576500000014	EXP	szo_kiir: autoDraw = false
284.97576500000014	EXP	szo_kiir: color = {"_rgb":[1,1,1]}
284.97576500000014	EXP	szo_kiir: text = "pók"
285.49531	EXP	szo_kiir: autoDraw = true
286.11129500000015	DATA	Keydown: ArrowRight
286.1502600000001	EXP	szo_kiir: autoDraw = false
286.1502600000001	EXP	szo_kiir: color = {"_rgb":[1,1,1]}
286.1502600000001	EXP	szo_kiir: text = "ezüstös"
286.6655300000002	EXP	szo_kiir: autoDraw = true
287.6965050000001	DATA	Keydown: ArrowRight
287.71122500000024	EXP	szo_kiir: autoDraw = false
287.71122500000024	EXP	szo_kiir: color = {"_rgb":[1,1,1]}
287.71122500000024	EXP	szo_kiir: text = "végbél"
288.23025000000007	EXP	szo_kiir: autoDraw = true
288.84933000000024	DATA	Keydown: ArrowRight
288.89274000000023	EXP	szo_kiir: autoDraw = false
288.89274000000023	EXP	szo_kiir: color = {"_rgb":[1,1,1]}
288.89274000000023	EXP	szo_kiir: text = "kunyai"
289.42681500000003	EXP	szo_kiir: autoDraw = true
290.4094550000002	DATA	Keydown: ArrowLeft
290.4398050000002	EXP	szo_kiir: autoDraw = false
290.4398050000002	EXP	szo_kiir: color = {"_rgb":[1,1,1]}
290.4398050000002	EXP	szo_kiir: text = "főispán"
290.9618600000001	EXP	szo_kiir: autoDraw = true
291.7254150000001	DATA	Keydown: ArrowRight
291.75769500000024	EXP	szo_kiir: autoDraw = false
291.75769500000024	EXP	szo_kiir: color = {"_rgb":[1,1,1]}
291.75769500000024	EXP	szo_kiir: text = "kontálás"
292.2923700000001	EXP	szo_kiir: autoDraw = true
294.4742500000002	DATA	Keydown: ArrowLeft
294.50431500000013	EXP	szo_kiir: autoDraw = false
294.50431500000013	EXP	szo_kiir: color = {"_rgb":[1,1,1]}
294.50431500000013	EXP	szo_kiir: text = "virágpor"
295.0240450000001	EXP	szo_kiir: autoDraw = true
295.7945550000002	DATA	Keydown: ArrowRight
295.8207400000001	EXP	szo_kiir: autoDraw = false
295.8207400000001	EXP	szo_kiir: color = {"_rgb":[1,1,1]}
295.8207400000001	EXP	szo_kiir: text = "szótag"
296.33986000000004	EXP	szo_kiir: autoDraw = true
297.1546300000002	DATA	Keydown: ArrowRight
297.1700750000002	EXP	szo_kiir: autoDraw = false
297.1700750000002	EXP	szo_kiir: color = {"_rgb":[1,1,1]}
297.1700750000002	EXP	szo_kiir: text = "ideál"
297.68938500000013	EXP	szo_kiir: autoDraw = true
298.47530500000016	DATA	Keydown: ArrowRight
298.50291500000003	EXP	szo_kiir: autoDraw = false
298.50291500000003	EXP	szo_kiir: color = {"_rgb":[1,1,1]}
298.50291500000003	EXP	szo_kiir: text = "délceg"
299.02201000000014	EXP	szo_kiir: autoDraw = true
300.1090300000001	DATA	Keydown: ArrowRight
300.1349050000001	EXP	szo_kiir: autoDraw = false
300.1349050000001	EXP	szo_kiir: color = {"_rgb":[1,1,1]}
300.1349050000001	EXP	szo_kiir: text = "kántitált"
300.65461000000005	EXP	szo_kiir: autoDraw = true
302.3075950000002	DATA	Keydown: ArrowLeft
302.3337250000002	EXP	szo_kiir: autoDraw = false
302.3337250000002	EXP	szo_kiir: color = {"_rgb":[1,1,1]}
302.3337250000002	EXP	szo_kiir: text = "kisujj"
302.8533900000002	EXP	szo_kiir: autoDraw = true
303.60301500000014	DATA	Keydown: ArrowRight
303.63323000000014	EXP	szo_kiir: autoDraw = false
303.63323000000014	EXP	szo_kiir: color = {"_rgb":[1,1,1]}
303.63323000000014	EXP	szo_kiir: text = "fekhely"
304.15281500000015	EXP	szo_kiir: autoDraw = true
304.86799500000006	DATA	Keydown: ArrowRight
304.89332000000013	EXP	szo_kiir: autoDraw = false
304.89332000000013	EXP	szo_kiir: color = {"_rgb":[1,1,1]}
304.89332000000013	EXP	szo_kiir: text = "vegyesbolt"
305.4055350000001	EXP	szo_kiir: autoDraw = true
306.16821000000004	DATA	Keydown: ArrowRight
306.1851250000002	EXP	szo_kiir: autoDraw = false
306.1851250000002	EXP	szo_kiir: color = {"_rgb":[1,1,1]}
306.1851250000002	EXP	szo_kiir: text = "nagyfejedelem"
306.7049350000002	EXP	szo_kiir: autoDraw = true
307.6834450000001	DATA	Keydown: ArrowRight
307.7178100000001	EXP	szo_kiir: autoDraw = false
307.7178100000001	EXP	szo_kiir: color = {"_rgb":[1,1,1]}
307.7178100000001	EXP	szo_kiir: text = "viszkózus"
308.2508700000001	EXP	szo_kiir: autoDraw = true
310.18469500000015	DATA	Keydown: ArrowRight
310.2139800000002	EXP	szo_kiir: autoDraw = false
310.2139800000002	EXP	szo_kiir: color = {"_rgb":[1,1,1]}
310.2139800000002	EXP	szo_kiir: text = "csatázik"
310.7330450000002	EXP	szo_kiir: autoDraw = true
311.7488450000001	DATA	Keydown: ArrowRight
311.7791950000001	EXP	szo_kiir: autoDraw = false
311.7791950000001	EXP	szo_kiir: color = {"_rgb":[1,1,1]}
311.7791950000001	EXP	szo_kiir: text = "korog"
312.29884500000003	EXP	szo_kiir: autoDraw = true
313.4341700000002	DATA	Keydown: ArrowRight
313.4616850000002	EXP	szo_kiir: autoDraw = false
313.4616850000002	EXP	szo_kiir: color = {"_rgb":[1,1,1]}
313.4616850000002	EXP	szo_kiir: text = "konzílium"
313.9819500000001	EXP	szo_kiir: autoDraw = true
315.12995000000024	DATA	Keydown: ArrowRight
315.16105500000003	EXP	szo_kiir: autoDraw = false
315.16105500000003	EXP	szo_kiir: color = {"_rgb":[1,1,1]}
315.16105500000003	EXP	szo_kiir: text = "balmozáraz"
315.68032000000017	EXP	szo_kiir: autoDraw = true
317.44622000000004	DATA	Keydown: ArrowLeft
317.47639000000004	EXP	szo_kiir: autoDraw = false
317.47639000000004	EXP	szo_kiir: color = {"_rgb":[1,1,1]}
317.47639000000004	EXP	szo_kiir: text = "véresszájú"
317.9962150000001	EXP	szo_kiir: autoDraw = true
318.7949150000002	DATA	Keydown: ArrowRight
318.8258350000001	EXP	szo_kiir: autoDraw = false
318.8258350000001	EXP	szo_kiir: color = {"_rgb":[1,1,1]}
318.8258350000001	EXP	szo_kiir: text = "fegyvergyár"
319.3621300000002	EXP	szo_kiir: autoDraw = true
320.41210000000024	DATA	Keydown: ArrowRight
320.4414650000001	EXP	szo_kiir: autoDraw = false
320.4414650000001	EXP	szo_kiir: color = {"_rgb":[1,1,1]}
320.4414650000001	EXP	szo_kiir: text = "összalaj"
320.9446300000002	EXP	szo_kiir: autoDraw = true
322.4591600000001	DATA	Keydown: ArrowLeft
322.486255	EXP	szo_kiir: autoDraw = false
322.486255	EXP	szo_kiir: color = {"_rgb":[1,1,1]}
322.486255	EXP	szo_kiir: text = "martalóc"
323.01015500000017	EXP	szo_kiir: autoDraw = true
324.2974100000001	DATA	Keydown: ArrowRight
324.32283000000007	EXP	szo_kiir: autoDraw = false
324.32283000000007	EXP	szo_kiir: color = {"_rgb":[1,1,1]}
324.32283000000007	EXP	szo_kiir: text = "kitin"
324.8423200000002	EXP	szo_kiir: autoDraw = true
325.8478650000002	DATA	Keydown: ArrowRight
325.87727500000005	EXP	szo_kiir: autoDraw = false
325.87727500000005	EXP	szo_kiir: color = {"_rgb":[1,1,1]}
325.87727500000005	EXP	szo_kiir: text = "tamia"
326.4086100000002	EXP	szo_kiir: autoDraw = true
327.3731050000001	DATA	Keydown: ArrowLeft
327.3880200000001	EXP	szo_kiir: autoDraw = false
327.3880200000001	EXP	szo_kiir: color = {"_rgb":[1,1,1]}
327.3880200000001	EXP	szo_kiir: text = "hadijáték"
327.90765000000005	EXP	szo_kiir: autoDraw = true
328.7072250000001	DATA	Keydown: ArrowRight
328.7376300000001	EXP	szo_kiir: autoDraw = false
328.7376300000001	EXP	szo_kiir: color = {"_rgb":[1,1,1]}
328.7376300000001	EXP	szo_kiir: text = "keszködmön"
329.2571300000002	EXP	szo_kiir: autoDraw = true
330.45636500000023	DATA	Keydown: ArrowLeft
330.48667000000023	EXP	szo_kiir: autoDraw = false
330.48667000000023	EXP	szo_kiir: color = {"_rgb":[1,1,1]}
330.48667000000023	EXP	szo_kiir: text = "bóbiskol"
331.00596500000006	EXP	szo_kiir: autoDraw = true
331.95559500000013	DATA	Keydown: ArrowRight
331.9861850000002	EXP	szo_kiir: autoDraw = false
331.9861850000002	EXP	szo_kiir: color = {"_rgb":[1,1,1]}
331.9861850000002	EXP	szo_kiir: text = "mikrorendszer"
332.50544000000014	EXP	szo_kiir: autoDraw = true
334.4715450000001	DATA	Keydown: ArrowRight
334.5010750000001	EXP	szo_kiir: autoDraw = false
334.5010750000001	EXP	szo_kiir: color = {"_rgb":[1,1,1]}
334.5010750000001	EXP	szo_kiir: text = "fényesít"
335.02073500000006	EXP	szo_kiir: autoDraw = true
335.7197850000002	DATA	Keydown: ArrowRight
335.75057000000015	EXP	szo_kiir: autoDraw = false
335.75057000000015	EXP	szo_kiir: color = {"_rgb":[1,1,1]}
335.75057000000015	EXP	szo_kiir: text = "szabadjegy"
336.2700450000002	EXP	szo_kiir: autoDraw = true
337.13780500000007	DATA	Keydown: ArrowRight
337.16622500000017	EXP	szo_kiir: autoDraw = false
337.16622500000017	EXP	szo_kiir: color = {"_rgb":[1,1,1]}
337.16622500000017	EXP	szo_kiir: text = "vigyó"
337.68581500000005	EXP	szo_kiir: autoDraw = true
338.7185800000002	DATA	Keydown: ArrowLeft
338.74972	EXP	szo_kiir: autoDraw = false
338.74972	EXP	szo_kiir: color = {"_rgb":[1,1,1]}
338.74972	EXP	szo_kiir: text = "tröshet"
339.28523500000006	EXP	szo_kiir: autoDraw = true
340.38431500000024	DATA	Keydown: ArrowLeft
340.4150450000002	EXP	szo_kiir: autoDraw = false
340.4150450000002	EXP	szo_kiir: color = {"_rgb":[1,1,1]}
340.4150450000002	EXP	szo_kiir: text = "vagdalthús"
340.9346400000002	EXP	szo_kiir: autoDraw = true
341.91703500000017	DATA	Keydown: ArrowRight
341.9474950000001	EXP	szo_kiir: autoDraw = false
341.9474950000001	EXP	szo_kiir: color = {"_rgb":[1,1,1]}
341.9474950000001	EXP	szo_kiir: text = "heveredik"
342.4673300000002	EXP	szo_kiir: autoDraw = true
343.72066500000005	DATA	Keydown: ArrowRight
343.7464100000002	EXP	szo_kiir: autoDraw = false
343.7464100000002	EXP	szo_kiir: color = {"_rgb":[1,1,1]}
343.7464100000002	EXP	szo_kiir: text = "írótoll"
344.2659500000002	EXP	szo_kiir: autoDraw = true
345.2374550000002	DATA	Keydown: ArrowRight
345.2625300000002	EXP	szo_kiir: autoDraw = false
345.2625300000002	EXP	szo_kiir: color = {"_rgb":[1,1,1]}
345.2625300000002	EXP	szo_kiir: text = "luftballon"
345.7819650000001	EXP	szo_kiir: autoDraw = true
346.8313750000002	DATA	Keydown: ArrowRight
346.86228500000016	EXP	szo_kiir: autoDraw = false
346.86228500000016	EXP	szo_kiir: color = {"_rgb":[1,1,1]}
346.86228500000016	EXP	szo_kiir: text = "hengerszimmetrikus"
347.3816800000002	EXP	szo_kiir: autoDraw = true
349.35360500000024	DATA	Keydown: ArrowRight
349.3774750000003	EXP	szo_kiir: autoDraw = false
349.3774750000003	EXP	szo_kiir: color = {"_rgb":[1,1,1]}
349.3774750000003	EXP	szo_kiir: text = "rücsök"
349.9133700000002	EXP	szo_kiir: autoDraw = true
351.2455550000002	DATA	Keydown: ArrowRight
351.2760950000001	EXP	szo_kiir: autoDraw = false
351.2760950000001	EXP	szo_kiir: color = {"_rgb":[1,1,1]}
351.2760950000001	EXP	szo_kiir: text = "gyenkedéri"
351.78046500000005	EXP	szo_kiir: autoDraw = true
352.8451150000001	DATA	Keydown: ArrowLeft
352.8774350000001	EXP	szo_kiir: autoDraw = false
352.8774350000001	EXP	szo_kiir: color = {"_rgb":[1,1,1]}
352.8774350000001	EXP	szo_kiir: text = "csöndesedik"
353.41155000000003	EXP	szo_kiir: autoDraw = true
354.4443450000001	DATA	Keydown: ArrowRight
354.47450500000014	EXP	szo_kiir: autoDraw = false
354.47450500000014	EXP	szo_kiir: color = {"_rgb":[1,1,1]}
354.47450500000014	EXP	szo_kiir: text = "orront"
354.99400000000014	EXP	szo_kiir: autoDraw = true
356.04335500000025	DATA	Keydown: ArrowLeft
356.0736700000002	EXP	szo_kiir: autoDraw = false
356.0736700000002	EXP	szo_kiir: color = {"_rgb":[1,1,1]}
356.0736700000002	EXP	szo_kiir: text = "bouillon"
356.5930350000001	EXP	szo_kiir: autoDraw = true
359.72540000000004	DATA	Keydown: ArrowLeft
359.7553750000002	EXP	szo_kiir: autoDraw = false
359.7553750000002	EXP	szo_kiir: color = {"_rgb":[1,1,1]}
359.7553750000002	EXP	szo_kiir: text = "kolonizál"
360.27691500000014	EXP	szo_kiir: autoDraw = true
361.5749400000002	DATA	Keydown: ArrowLeft
361.60661500000015	EXP	szo_kiir: autoDraw = false
361.60661500000015	EXP	szo_kiir: color = {"_rgb":[1,1,1]}
361.60661500000015	EXP	szo_kiir: text = "kuktáskodik"
362.1405550000002	EXP	szo_kiir: autoDraw = true
363.22621500000014	DATA	Keydown: ArrowRight
363.25341500000013	EXP	szo_kiir: autoDraw = false
363.25341500000013	EXP	szo_kiir: color = {"_rgb":[1,1,1]}
363.25341500000013	EXP	szo_kiir: text = "megpadék"
363.7729750000001	EXP	szo_kiir: autoDraw = true
365.2895800000001	DATA	Keydown: ArrowLeft
365.31809999999996	EXP	szo_kiir: autoDraw = false
365.31809999999996	EXP	szo_kiir: color = {"_rgb":[1,1,1]}
365.31809999999996	EXP	szo_kiir: text = "vabank"
365.83852999999993	EXP	szo_kiir: autoDraw = true
367.3541500000001	DATA	Keydown: ArrowLeft
367.3847350000001	EXP	szo_kiir: autoDraw = false
367.3847350000001	EXP	szo_kiir: color = {"_rgb":[1,1,1]}
367.3847350000001	EXP	szo_kiir: text = "nyagy"
367.9042050000003	EXP	szo_kiir: autoDraw = true
368.7368550000001	DATA	Keydown: ArrowLeft
368.76723500000026	EXP	szo_kiir: autoDraw = false
368.76723500000026	EXP	szo_kiir: color = {"_rgb":[1,1,1]}
368.76723500000026	EXP	szo_kiir: text = "oikosz"
369.2868550000003	EXP	szo_kiir: autoDraw = true
370.169265	DATA	Keydown: ArrowLeft
370.1998699999999	EXP	szo_kiir: autoDraw = false
370.1998699999999	EXP	szo_kiir: color = {"_rgb":[1,1,1]}
370.1998699999999	EXP	szo_kiir: text = "amodális"
370.71986000000015	EXP	szo_kiir: autoDraw = true
371.88524499999994	DATA	Keydown: ArrowLeft
371.91618500000004	EXP	szo_kiir: autoDraw = false
371.91618500000004	EXP	szo_kiir: color = {"_rgb":[1,1,1]}
371.91618500000004	EXP	szo_kiir: text = "tokozódik"
372.4357650000002	EXP	szo_kiir: autoDraw = true
374.05424500000026	DATA	Keydown: ArrowLeft
374.0811600000002	EXP	szo_kiir: autoDraw = false
374.0811600000002	EXP	szo_kiir: color = {"_rgb":[1,1,1]}
374.0811600000002	EXP	szo_kiir: text = "lépdegél"
374.6011000000003	EXP	szo_kiir: autoDraw = true
375.51701	DATA	Keydown: ArrowRight
375.54727500000035	EXP	szo_kiir: autoDraw = false
375.54727500000035	EXP	szo_kiir: color = {"_rgb":[1,1,1]}
375.54727500000035	EXP	szo_kiir: text = "inta"
376.0666150000002	EXP	szo_kiir: autoDraw = true
377.1667200000001	DATA	Keydown: ArrowLeft
377.19766500000014	EXP	szo_kiir: autoDraw = false
377.19766500000014	EXP	szo_kiir: color = {"_rgb":[1,1,1]}
377.19766500000014	EXP	szo_kiir: text = "homeomorfizmus"
377.7331300000001	EXP	szo_kiir: autoDraw = true
381.347135	DATA	Keydown: ArrowRight
381.36094	EXP	szo_kiir: autoDraw = false
381.36094	EXP	szo_kiir: color = {"_rgb":[1,1,1]}
381.36094	EXP	szo_kiir: text = "senyveszt"
381.88094500000034	EXP	szo_kiir: autoDraw = true
383.15074000000004	DATA	Keydown: ArrowRight
383.17713000000003	EXP	szo_kiir: autoDraw = false
383.17713000000003	EXP	szo_kiir: color = {"_rgb":[1,1,1]}
383.17713000000003	EXP	szo_kiir: text = "dölyfösködik"
383.696285	EXP	szo_kiir: autoDraw = true
384.77267500000016	DATA	Keydown: ArrowRight
384.79262500000004	EXP	szo_kiir: autoDraw = false
384.79262500000004	EXP	szo_kiir: color = {"_rgb":[1,1,1]}
384.79262500000004	EXP	szo_kiir: text = "standardizál"
385.31227000000035	EXP	szo_kiir: autoDraw = true
386.7142550000003	DATA	Keydown: ArrowLeft
386.74152000000004	EXP	szo_kiir: autoDraw = false
386.74152000000004	EXP	szo_kiir: color = {"_rgb":[1,1,1]}
386.74152000000004	EXP	szo_kiir: text = "invonult"
387.2610300000001	EXP	szo_kiir: autoDraw = true
388.60768499999995	DATA	Keydown: ArrowLeft
388.6322150000001	EXP	szo_kiir: autoDraw = false
388.6322150000001	EXP	szo_kiir: color = {"_rgb":[1,1,1]}
388.6322150000001	EXP	szo_kiir: text = "frakcionál"
389.1477050000003	EXP	szo_kiir: autoDraw = true
391.65941999999995	DATA	Keydown: ArrowRight
391.67495499999995	EXP	szo_kiir: autoDraw = false
391.67495499999995	EXP	szo_kiir: color = {"_rgb":[1,1,1]}
391.67495499999995	EXP	szo_kiir: text = "homoktölcsér"
392.19519000000037	EXP	szo_kiir: autoDraw = true
393.80827	DATA	Keydown: ArrowRight
393.83899999999994	EXP	szo_kiir: autoDraw = false
393.83899999999994	EXP	szo_kiir: color = {"_rgb":[1,1,1]}
393.83899999999994	EXP	szo_kiir: text = "ultatlados"
394.3744700000002	EXP	szo_kiir: autoDraw = true
396.6549749999999	DATA	Keydown: ArrowLeft
396.67018499999995	EXP	szo_kiir: autoDraw = false
396.67018499999995	EXP	szo_kiir: color = {"_rgb":[1,1,1]}
396.67018499999995	EXP	szo_kiir: text = "hajcsárkodik"
397.18982000000005	EXP	szo_kiir: autoDraw = true
398.1727900000001	DATA	Keydown: ArrowRight
398.2026500000002	EXP	szo_kiir: autoDraw = false
398.2026500000002	EXP	szo_kiir: color = {"_rgb":[1,1,1]}
398.2026500000002	EXP	szo_kiir: text = "hátall"
398.7220200000002	EXP	szo_kiir: autoDraw = true
401.10401500000035	DATA	Keydown: ArrowLeft
401.1345900000001	EXP	szo_kiir: autoDraw = false
401.1345900000001	EXP	szo_kiir: color = {"_rgb":[1,1,1]}
401.1345900000001	EXP	szo_kiir: text = "embertelenedik"
401.6555149999999	EXP	szo_kiir: autoDraw = true
402.892065	DATA	Keydown: ArrowRight
402.91685000000007	EXP	szo_kiir: autoDraw = false
402.91685000000007	EXP	szo_kiir: color = {"_rgb":[1,1,1]}
402.91685000000007	EXP	szo_kiir: text = "konverzál"
403.43651500000027	EXP	szo_kiir: autoDraw = true
404.34091000000035	DATA	Keydown: ArrowRight
404.3662750000003	EXP	szo_kiir: autoDraw = false
404.3662750000003	EXP	szo_kiir: color = {"_rgb":[1,1,1]}
404.3662750000003	EXP	szo_kiir: text = "jóltart"
404.88571500000035	EXP	szo_kiir: autoDraw = true
406.24020999999993	DATA	Keydown: ArrowRight
406.26516500000025	EXP	szo_kiir: autoDraw = false
406.26516500000025	EXP	szo_kiir: color = {"_rgb":[1,1,1]}
406.26516500000025	EXP	szo_kiir: text = "szervusz"
406.78483000000006	EXP	szo_kiir: autoDraw = true
407.7011050000001	DATA	Keydown: ArrowRight
407.733745	EXP	szo_kiir: autoDraw = false
407.733745	EXP	szo_kiir: color = {"_rgb":[1,1,1]}
407.733745	EXP	szo_kiir: text = "skubizik"
408.2677550000003	EXP	szo_kiir: autoDraw = true
410.150525	DATA	Keydown: ArrowRight
410.17999499999996	EXP	szo_kiir: autoDraw = false
410.17999499999996	EXP	szo_kiir: color = {"_rgb":[1,1,1]}
410.17999499999996	EXP	szo_kiir: text = "polcol"
410.6994850000001	EXP	szo_kiir: autoDraw = true
411.551465	DATA	Keydown: ArrowRight
411.5806200000002	EXP	szo_kiir: autoDraw = false
411.5806200000002	EXP	szo_kiir: color = {"_rgb":[1,1,1]}
411.5806200000002	EXP	szo_kiir: text = "szélmalomszárny"
412.09931499999993	EXP	szo_kiir: autoDraw = true
413.7146849999999	DATA	Keydown: ArrowRight
413.74477999999993	EXP	szo_kiir: autoDraw = false
413.74477999999993	EXP	szo_kiir: color = {"_rgb":[1,1,1]}
413.74477999999993	EXP	szo_kiir: text = "pilinckézik"
414.2645700000003	EXP	szo_kiir: autoDraw = true
415.6636900000004	DATA	Keydown: ArrowLeft
415.69386500000013	EXP	szo_kiir: autoDraw = false
415.69386500000013	EXP	szo_kiir: color = {"_rgb":[1,1,1]}
415.69386500000013	EXP	szo_kiir: text = "szöngő"
416.21550000000025	EXP	szo_kiir: autoDraw = true
418.6282000000001	DATA	Keydown: ArrowLeft
418.65911499999993	EXP	szo_kiir: autoDraw = false
418.65911499999993	EXP	szo_kiir: color = {"_rgb":[1,1,1]}
418.65911499999993	EXP	szo_kiir: text = "nyüvök"
419.17857000000004	EXP	szo_kiir: autoDraw = true
421.31114000000025	DATA	Keydown: ArrowRight
421.34114	EXP	szo_kiir: autoDraw = false
421.34114	EXP	szo_kiir: color = {"_rgb":[1,1,1]}
421.34114	EXP	szo_kiir: text = "széledez"
421.8612499999999	EXP	szo_kiir: autoDraw = true
423.84657000000016	DATA	Keydown: ArrowRight
423.8762449999999	EXP	szo_kiir: autoDraw = false
423.8762449999999	EXP	szo_kiir: color = {"_rgb":[1,1,1]}
423.8762449999999	EXP	szo_kiir: text = "pólyáz"
424.40926000000036	EXP	szo_kiir: autoDraw = true
425.42398000000003	DATA	Keydown: ArrowRight
425.43922999999995	EXP	szo_kiir: autoDraw = false
425.43922999999995	EXP	szo_kiir: color = {"_rgb":[1,1,1]}
425.43922999999995	EXP	szo_kiir: text = "kontinuáns"
425.95882500000016	EXP	szo_kiir: autoDraw = true
427.5581500000003	DATA	Keydown: ArrowLeft
427.5879450000002	EXP	szo_kiir: autoDraw = false
427.5879450000002	EXP	szo_kiir: color = {"_rgb":[1,1,1]}
427.5879450000002	EXP	szo_kiir: text = "tarkarézérc"
428.1078500000003	EXP	szo_kiir: autoDraw = true
430.6110200000003	DATA	Keydown: ArrowRight
430.64037	EXP	szo_kiir: autoDraw = false
430.64037	EXP	koszi_szoveg: autoDraw = true
433.32127500000024	DATA	Keydown:  
