0.26084999999875436	EXP	Created Window = Window( name=Window, fullscr=true, color=#000000, units=norm, waitBlanking=true, autoLog=true, size=[1348,638] )
3.540464999998221	DATA	Keydown: 1
4.3037399999993795	DATA	Keydown: 3
4.682935000000725	DATA	Keydown: 5
4.774499999999534	DATA	Keydown: 5
7.2780950000014855	DATA	Keydown: undefined
9.025205000001733	DATA	Keydown: undefined
10.888589999998658	DATA	Keydown: undefined
15.486540000001696	EXP	Created instruction_text1 = TextStim( name=instruction_text1, win=Window( name=Window, fullscr=true, color=#000000, ~), autoDraw=null, autoLog=true, units=norm, ori=null, opacity=1, pos=[0,0], size=undefined, text=Ön most szavakat fog látni.

Ezek között lesznek o~, font=Arial, color=#ffffff, contrast=1, height=0.05, bold=null, italic=null, alignHoriz=left, alignVert=center, wrapWidth=1, flipHoriz=null, flipVert=null )
15.497230000000854	EXP	Created instruction_text2 = TextStim( name=instruction_text2, win=Window( name=Window, fullscr=true, color=#000000, ~), autoDraw=null, autoLog=true, units=norm, ori=null, opacity=1, pos=[0,0], size=undefined, text=Először két egyszerű példát mutatunk Önnek.

Az el~, font=Arial, color=#FFFFFF, contrast=1, height=0.05, bold=null, italic=null, alignHoriz=left, alignVert=center, wrapWidth=1, flipHoriz=null, flipVert=null )
15.501250000001164	EXP	Created show_text = TextStim( name=show_text, win=Window( name=Window, fullscr=true, color=#000000, ~), autoDraw=null, autoLog=true, units=norm, ori=null, opacity=1, pos=[0,0], size=undefined, text=asztal, font=Arial, color=#FFFFFF, contrast=1, height=0.2, bold=null, italic=null, alignHoriz=left, alignVert=center, wrapWidth=1, flipHoriz=null, flipVert=null )
15.508460000000923	EXP	Created text = TextStim( name=text, win=Window( name=Window, fullscr=true, color=#000000, ~), autoDraw=null, autoLog=true, units=norm, ori=null, opacity=1, pos=[0,0], size=undefined, text=bzsmfsztal, font=Arial, color=#FFFFFF, contrast=1, height=0.2, bold=null, italic=null, alignHoriz=left, alignVert=center, wrapWidth=1, flipHoriz=null, flipVert=null )
15.511969999999565	EXP	Created instruction_text3 = TextStim( name=instruction_text3, win=Window( name=Window, fullscr=true, color=#000000, ~), autoDraw=null, autoLog=true, units=norm, ori=null, opacity=1, pos=[0,0], size=undefined, text=Pazar. Most kezdődik az igazi kísérlet. Néhány per~, font=Arial, color=#FFFFFF, contrast=1, height=0.1, bold=null, italic=null, alignHoriz=left, alignVert=center, wrapWidth=1, flipHoriz=null, flipVert=null )
15.515354999999545	EXP	Created szo_kiir = TextStim( name=szo_kiir, win=Window( name=Window, fullscr=true, color=#000000, ~), autoDraw=null, autoLog=true, units=norm, ori=null, opacity=1, pos=[0,0], size=undefined, text=default text, font=Arial, color=#FFFFFF, contrast=1, height=0.2, bold=null, italic=null, alignHoriz=left, alignVert=center, wrapWidth=1, flipHoriz=null, flipVert=null )
15.51788999999917	EXP	Created koszi_szoveg = TextStim( name=koszi_szoveg, win=Window( name=Window, fullscr=true, color=#000000, ~), autoDraw=null, autoLog=true, units=norm, ori=null, opacity=1, pos=[0,0], size=undefined, text=Vége a kísérletnek. Köszönjük a részvételt!, font=arial, color=#ffffff, contrast=1, height=0.1, bold=null, italic=null, alignHoriz=left, alignVert=center, wrapWidth=1, flipHoriz=null, flipVert=null )
15.661380000001373	EXP	instruction_text1: units = "norm"
15.661380000001373	EXP	instruction_text1: ori = 0
15.661380000001373	EXP	instruction_text1: opacity = 1
15.661380000001373	EXP	instruction_text1: pos = [0,0]
15.661380000001373	EXP	instruction_text1: size = undefined
15.661380000001373	EXP	instruction_text1: text = "Ön most szavakat fog látni.\n\nEzek között lesznek olyanok, amelyeket ismer, de előfordulhatnak olyanok is, amelyeket nem ismer, sőt, vannak köztük kitalált szavak is. \n\nKérjük, ha ismeri a képernyőn látható szót, nyomja meg a JOBB kurzorbillentyűt.\nKérjük, ha NEM ismeri a képernyőn látható szót, vagy azt gondolja, nincs ilyen szó a magyarban, nyomja meg a BAL kurzorbillentyűt.\n\nAz 'Ismerem a szót' döntés itt most ezt jelenti: találkoztam már vele, és van valami elképzelésem a jelentéséről is.  \n\nNyomjon meg bármilyen billentyűt a folytatáshoz."
15.661380000001373	EXP	instruction_text1: font = "Arial"
15.661380000001373	EXP	instruction_text1: color = {"_rgb":[1,1,1]}
15.661380000001373	EXP	instruction_text1: contrast = 1
15.661380000001373	EXP	instruction_text1: height = 0.05
15.661380000001373	EXP	instruction_text1: bold = false
15.661380000001373	EXP	instruction_text1: italic = false
15.661380000001373	EXP	instruction_text1: alignHoriz = "left"
15.661380000001373	EXP	instruction_text1: alignVert = "center"
15.661380000001373	EXP	instruction_text1: wrapWidth = 1
15.661380000001373	EXP	instruction_text1: flipHoriz = false
15.661380000001373	EXP	instruction_text1: flipVert = false
15.661380000001373	EXP	instruction_text2: units = "norm"
15.661380000001373	EXP	instruction_text2: ori = 0
15.661380000001373	EXP	instruction_text2: opacity = 1
15.661380000001373	EXP	instruction_text2: pos = [0,0]
15.661380000001373	EXP	instruction_text2: size = undefined
15.661380000001373	EXP	instruction_text2: text = "Először két egyszerű példát mutatunk Önnek.\n\nAz első szó létezik a magyarban, és valószínűleg Ön is ismeri. Itt nyomja majd meg a jobb kurzorbillentyűt.\nA második szó nem létezik a magyar nyelvben. Itt nyomja majd meg a bal kurzorbillentyűt.\n\nFontos, hogy a jobb gombot a jobb kezével, a bal gombot a bal kezével nyomja, ha tudja, és ne egy kezét használja a kísérletben.\n\nNyomjon meg bármilyen gombot a folytatáshoz."
15.661380000001373	EXP	instruction_text2: font = "Arial"
15.661380000001373	EXP	instruction_text2: color = {"_hex":"#FFFFFF","_rgb":[1,1,1]}
15.661380000001373	EXP	instruction_text2: contrast = 1
15.661380000001373	EXP	instruction_text2: height = 0.05
15.661380000001373	EXP	instruction_text2: bold = false
15.661380000001373	EXP	instruction_text2: italic = false
15.661380000001373	EXP	instruction_text2: alignHoriz = "left"
15.661380000001373	EXP	instruction_text2: alignVert = "center"
15.661380000001373	EXP	instruction_text2: wrapWidth = 1
15.661380000001373	EXP	instruction_text2: flipHoriz = false
15.661380000001373	EXP	instruction_text2: flipVert = false
15.661380000001373	EXP	show_text: units = "norm"
15.661380000001373	EXP	show_text: ori = 0
15.661380000001373	EXP	show_text: opacity = 1
15.661380000001373	EXP	show_text: pos = [0,0]
15.661380000001373	EXP	show_text: size = undefined
15.661380000001373	EXP	show_text: text = "asztal"
15.661380000001373	EXP	show_text: font = "Arial"
15.661380000001373	EXP	show_text: color = {"_hex":"#FFFFFF","_rgb":[1,1,1]}
15.661380000001373	EXP	show_text: contrast = 1
15.661380000001373	EXP	show_text: height = 0.2
15.661380000001373	EXP	show_text: bold = false
15.661380000001373	EXP	show_text: italic = false
15.661380000001373	EXP	show_text: alignHoriz = "left"
15.661380000001373	EXP	show_text: alignVert = "center"
15.661380000001373	EXP	show_text: wrapWidth = 1
15.661380000001373	EXP	show_text: flipHoriz = false
15.661380000001373	EXP	show_text: flipVert = false
15.661380000001373	EXP	text: units = "norm"
15.661380000001373	EXP	text: ori = 0
15.661380000001373	EXP	text: opacity = 1
15.661380000001373	EXP	text: pos = [0,0]
15.661380000001373	EXP	text: size = undefined
15.661380000001373	EXP	text: text = "bzsmfsztal"
15.661380000001373	EXP	text: font = "Arial"
15.661380000001373	EXP	text: color = {"_hex":"#FFFFFF","_rgb":[1,1,1]}
15.661380000001373	EXP	text: contrast = 1
15.661380000001373	EXP	text: height = 0.2
15.661380000001373	EXP	text: bold = false
15.661380000001373	EXP	text: italic = false
15.661380000001373	EXP	text: alignHoriz = "left"
15.661380000001373	EXP	text: alignVert = "center"
15.661380000001373	EXP	text: wrapWidth = 1
15.661380000001373	EXP	text: flipHoriz = false
15.661380000001373	EXP	text: flipVert = false
15.661380000001373	EXP	instruction_text3: units = "norm"
15.661380000001373	EXP	instruction_text3: ori = 0
15.661380000001373	EXP	instruction_text3: opacity = 1
15.661380000001373	EXP	instruction_text3: pos = [0,0]
15.661380000001373	EXP	instruction_text3: size = undefined
15.661380000001373	EXP	instruction_text3: text = "Pazar. Most kezdődik az igazi kísérlet. Néhány percig fog tartani. Nem kell nagyon sietnie, de igyekezzen gyorsan válaszolni.\n\nNe feledje, ha tudja, a jobb gombot a jobbkezével, a bal gombot a balkezével nyomja le.\n\nNyomjon meg bármilyen gombot a folytatáshoz."
15.661380000001373	EXP	instruction_text3: font = "Arial"
15.661380000001373	EXP	instruction_text3: color = {"_hex":"#FFFFFF","_rgb":[1,1,1]}
15.661380000001373	EXP	instruction_text3: contrast = 1
15.661380000001373	EXP	instruction_text3: height = 0.1
15.661380000001373	EXP	instruction_text3: bold = false
15.661380000001373	EXP	instruction_text3: italic = false
15.661380000001373	EXP	instruction_text3: alignHoriz = "left"
15.661380000001373	EXP	instruction_text3: alignVert = "center"
15.661380000001373	EXP	instruction_text3: wrapWidth = 1
15.661380000001373	EXP	instruction_text3: flipHoriz = false
15.661380000001373	EXP	instruction_text3: flipVert = false
15.661380000001373	EXP	szo_kiir: units = "norm"
15.661380000001373	EXP	szo_kiir: ori = 0
15.661380000001373	EXP	szo_kiir: opacity = 1
15.661380000001373	EXP	szo_kiir: pos = [0,0]
15.661380000001373	EXP	szo_kiir: size = undefined
15.661380000001373	EXP	szo_kiir: text = "default text"
15.661380000001373	EXP	szo_kiir: font = "Arial"
15.661380000001373	EXP	szo_kiir: color = {"_hex":"#FFFFFF","_rgb":[1,1,1]}
15.661380000001373	EXP	szo_kiir: contrast = 1
15.661380000001373	EXP	szo_kiir: height = 0.2
15.661380000001373	EXP	szo_kiir: bold = false
15.661380000001373	EXP	szo_kiir: italic = false
15.661380000001373	EXP	szo_kiir: alignHoriz = "left"
15.661380000001373	EXP	szo_kiir: alignVert = "center"
15.661380000001373	EXP	szo_kiir: wrapWidth = 1
15.661380000001373	EXP	szo_kiir: flipHoriz = false
15.661380000001373	EXP	szo_kiir: flipVert = false
15.661380000001373	EXP	koszi_szoveg: units = "norm"
15.661380000001373	EXP	koszi_szoveg: ori = 0
15.661380000001373	EXP	koszi_szoveg: opacity = 1
15.661380000001373	EXP	koszi_szoveg: pos = [0,0]
15.661380000001373	EXP	koszi_szoveg: size = undefined
15.661380000001373	EXP	koszi_szoveg: text = "Vége a kísérletnek. Köszönjük a részvételt!"
15.661380000001373	EXP	koszi_szoveg: font = "arial"
15.661380000001373	EXP	koszi_szoveg: color = {"_rgb":[1,1,1]}
15.661380000001373	EXP	koszi_szoveg: contrast = 1
15.661380000001373	EXP	koszi_szoveg: height = 0.1
15.661380000001373	EXP	koszi_szoveg: bold = false
15.661380000001373	EXP	koszi_szoveg: italic = false
15.661380000001373	EXP	koszi_szoveg: alignHoriz = "left"
15.661380000001373	EXP	koszi_szoveg: alignVert = "center"
15.661380000001373	EXP	koszi_szoveg: wrapWidth = 1
15.661380000001373	EXP	koszi_szoveg: flipHoriz = false
15.661380000001373	EXP	koszi_szoveg: flipVert = false
15.661380000001373	EXP	instruction_text1: autoDraw = true
79.30199999999968	DATA	Keydown:  
79.41745000000083	EXP	instruction_text1: autoDraw = false
79.41745000000083	EXP	instruction_text2: autoDraw = true
80.83008999999947	DATA	Keydown:  
80.86065999999846	EXP	instruction_text2: autoDraw = false
81.46517999999924	EXP	show_text: autoDraw = true
82.36453500000061	DATA	Keydown: ArrowRight
82.39397000000099	EXP	show_text: autoDraw = false
82.9275200000011	EXP	text: autoDraw = true
83.73006000000169	DATA	Keydown: ArrowLeft
83.88335500000176	EXP	text: autoDraw = false
83.88335500000176	EXP	instruction_text3: autoDraw = true
92.45690000000104	DATA	Keydown:  
92.75993999999992	EXP	instruction_text3: autoDraw = false
92.75993999999992	EXP	szo_kiir: color = {"_rgb":[1,1,1]}
92.75993999999992	EXP	szo_kiir: text = "intézmény"
93.29191999999966	EXP	szo_kiir: autoDraw = true
94.9759750000012	DATA	Keydown: ArrowRight
95.00789499999883	EXP	szo_kiir: autoDraw = false
95.00789499999883	EXP	szo_kiir: color = {"_rgb":[1,1,1]}
95.00789499999883	EXP	szo_kiir: text = "nagy"
95.55113500000152	EXP	szo_kiir: autoDraw = true
96.19123000000036	DATA	Keydown: ArrowRight
96.36511999999857	EXP	szo_kiir: autoDraw = false
96.36511999999857	EXP	szo_kiir: color = {"_rgb":[1,1,1]}
96.36511999999857	EXP	szo_kiir: text = "rozintem"
96.91312000000107	EXP	szo_kiir: autoDraw = true
98.70018999999957	DATA	Keydown: ArrowLeft
98.73822500000097	EXP	szo_kiir: autoDraw = false
98.73822500000097	EXP	szo_kiir: color = {"_rgb":[1,1,1]}
98.73822500000097	EXP	szo_kiir: text = "típusú"
99.29851499999859	EXP	szo_kiir: autoDraw = true
100.17233000000124	DATA	Keydown: ArrowRight
100.31260499999917	EXP	szo_kiir: autoDraw = false
100.31260499999917	EXP	szo_kiir: color = {"_rgb":[1,1,1]}
100.31260499999917	EXP	szo_kiir: text = "gép"
100.84292500000083	EXP	szo_kiir: autoDraw = true
101.5192449999995	DATA	Keydown: ArrowRight
101.56413500000053	EXP	szo_kiir: autoDraw = false
101.56413500000053	EXP	szo_kiir: color = {"_rgb":[1,1,1]}
101.56413500000053	EXP	szo_kiir: text = "király"
102.16343499999857	EXP	szo_kiir: autoDraw = true
102.80796499999997	DATA	Keydown: ArrowRight
103.02288000000044	EXP	szo_kiir: autoDraw = false
103.02288000000044	EXP	szo_kiir: color = {"_rgb":[1,1,1]}
103.02288000000044	EXP	szo_kiir: text = "színű"
103.56803500000024	EXP	szo_kiir: autoDraw = true
104.33211999999912	DATA	Keydown: ArrowRight
104.3634549999988	EXP	szo_kiir: autoDraw = false
104.3634549999988	EXP	szo_kiir: color = {"_rgb":[1,1,1]}
104.3634549999988	EXP	szo_kiir: text = "zenekar"
104.93104500000118	EXP	szo_kiir: autoDraw = true
105.72927500000151	DATA	Keydown: ArrowRight
105.84285000000091	EXP	szo_kiir: autoDraw = false
105.84285000000091	EXP	szo_kiir: color = {"_rgb":[1,1,1]}
105.84285000000091	EXP	szo_kiir: text = "tartalom"
106.36466500000097	EXP	szo_kiir: autoDraw = true
106.99006500000178	DATA	Keydown: ArrowRight
107.02215499999875	EXP	szo_kiir: autoDraw = false
107.02215499999875	EXP	szo_kiir: color = {"_rgb":[1,1,1]}
107.02215499999875	EXP	szo_kiir: text = "siker"
107.55736500000057	EXP	szo_kiir: autoDraw = true
108.23094499999934	DATA	Keydown: ArrowRight
108.38901999999871	EXP	szo_kiir: autoDraw = false
108.38901999999871	EXP	szo_kiir: color = {"_rgb":[1,1,1]}
108.38901999999871	EXP	szo_kiir: text = "olaj"
108.92805500000031	EXP	szo_kiir: autoDraw = true
109.44311000000016	DATA	Keydown: ArrowRight
109.46429500000158	EXP	szo_kiir: autoDraw = false
109.46429500000158	EXP	szo_kiir: color = {"_rgb":[1,1,1]}
109.46429500000158	EXP	szo_kiir: text = "bakú"
110.01928499999849	EXP	szo_kiir: autoDraw = true
111.66757499999949	DATA	Keydown: ArrowLeft
111.77419999999984	EXP	szo_kiir: autoDraw = false
111.77419999999984	EXP	szo_kiir: color = {"_rgb":[1,1,1]}
111.77419999999984	EXP	szo_kiir: text = "híd"
112.31135500000164	EXP	szo_kiir: autoDraw = true
113.00740999999834	DATA	Keydown: ArrowRight
113.04114499999923	EXP	szo_kiir: autoDraw = false
113.04114499999923	EXP	szo_kiir: color = {"_rgb":[1,1,1]}
113.04114499999923	EXP	szo_kiir: text = "kér"
113.57479500000045	EXP	szo_kiir: autoDraw = true
114.23143999999957	DATA	Keydown: ArrowRight
114.31166500000108	EXP	szo_kiir: autoDraw = false
114.31166500000108	EXP	szo_kiir: color = {"_rgb":[1,1,1]}
114.31166500000108	EXP	szo_kiir: text = "kapu"
114.84730000000127	EXP	szo_kiir: autoDraw = true
115.64732999999978	DATA	Keydown: ArrowRight
115.6807000000008	EXP	szo_kiir: autoDraw = false
115.6807000000008	EXP	szo_kiir: color = {"_rgb":[1,1,1]}
115.6807000000008	EXP	szo_kiir: text = "vésségi"
116.23762999999963	EXP	szo_kiir: autoDraw = true
117.76340500000151	DATA	Keydown: ArrowLeft
117.98779999999897	EXP	szo_kiir: autoDraw = false
117.98779999999897	EXP	szo_kiir: color = {"_rgb":[1,1,1]}
117.98779999999897	EXP	szo_kiir: text = "lábtörög"
118.55497000000105	EXP	szo_kiir: autoDraw = true
120.31416000000172	DATA	Keydown: ArrowLeft
120.33339999999953	EXP	szo_kiir: autoDraw = false
120.33339999999953	EXP	szo_kiir: color = {"_rgb":[1,1,1]}
120.33339999999953	EXP	szo_kiir: text = "alkot"
120.85142500000075	EXP	szo_kiir: autoDraw = true
121.5575749999989	DATA	Keydown: ArrowRight
121.71870499999932	EXP	szo_kiir: autoDraw = false
121.71870499999932	EXP	szo_kiir: color = {"_rgb":[1,1,1]}
121.71870499999932	EXP	szo_kiir: text = "fűződik"
122.25961499999903	EXP	szo_kiir: autoDraw = true
122.85946500000136	DATA	Keydown: ArrowRight
122.87771000000066	EXP	szo_kiir: autoDraw = false
122.87771000000066	EXP	szo_kiir: color = {"_rgb":[1,1,1]}
122.87771000000066	EXP	szo_kiir: text = "szalas"
123.42627500000162	EXP	szo_kiir: autoDraw = true
124.4939149999991	DATA	Keydown: ArrowLeft
124.55975000000035	EXP	szo_kiir: autoDraw = false
124.55975000000035	EXP	szo_kiir: color = {"_rgb":[1,1,1]}
124.55975000000035	EXP	szo_kiir: text = "cucc"
125.10746999999901	EXP	szo_kiir: autoDraw = true
125.77313499999946	DATA	Keydown: ArrowRight
125.79414499999984	EXP	szo_kiir: autoDraw = false
125.79414499999984	EXP	szo_kiir: color = {"_rgb":[1,1,1]}
125.79414499999984	EXP	szo_kiir: text = "forog"
126.32100999999966	EXP	szo_kiir: autoDraw = true
126.95837000000029	DATA	Keydown: ArrowRight
127.09652500000084	EXP	szo_kiir: autoDraw = false
127.09652500000084	EXP	szo_kiir: color = {"_rgb":[1,1,1]}
127.09652500000084	EXP	szo_kiir: text = "bronz"
127.62923500000034	EXP	szo_kiir: autoDraw = true
128.30157999999938	DATA	Keydown: ArrowRight
128.31747499999983	EXP	szo_kiir: autoDraw = false
128.31747499999983	EXP	szo_kiir: color = {"_rgb":[1,1,1]}
128.31747499999983	EXP	szo_kiir: text = "kölcsönöz"
128.91655000000173	EXP	szo_kiir: autoDraw = true
129.9036899999992	DATA	Keydown: ArrowRight
130.03119000000152	EXP	szo_kiir: autoDraw = false
130.03119000000152	EXP	szo_kiir: color = {"_rgb":[1,1,1]}
130.03119000000152	EXP	szo_kiir: text = "kilogramm"
130.5808849999994	EXP	szo_kiir: autoDraw = true
131.7207649999982	DATA	Keydown: ArrowRight
131.7393349999984	EXP	szo_kiir: autoDraw = false
131.7393349999984	EXP	szo_kiir: color = {"_rgb":[1,1,1]}
131.7393349999984	EXP	szo_kiir: text = "zord"
132.26289499999984	EXP	szo_kiir: autoDraw = true
133.10874500000136	DATA	Keydown: ArrowRight
133.18355000000156	EXP	szo_kiir: autoDraw = false
133.18355000000156	EXP	szo_kiir: color = {"_rgb":[1,1,1]}
133.18355000000156	EXP	szo_kiir: text = "törődik"
133.7428800000016	EXP	szo_kiir: autoDraw = true
134.4999749999988	DATA	Keydown: ArrowRight
134.5423899999987	EXP	szo_kiir: autoDraw = false
134.5423899999987	EXP	szo_kiir: color = {"_rgb":[1,1,1]}
134.5423899999987	EXP	szo_kiir: text = "állvány"
135.0387499999997	EXP	szo_kiir: autoDraw = true
135.87024999999994	DATA	Keydown: ArrowRight
135.98602000000028	EXP	szo_kiir: autoDraw = false
135.98602000000028	EXP	szo_kiir: color = {"_rgb":[1,1,1]}
135.98602000000028	EXP	szo_kiir: text = "zártkörű"
136.52126000000135	EXP	szo_kiir: autoDraw = true
137.37537499999962	DATA	Keydown: ArrowRight
137.40261499999906	EXP	szo_kiir: autoDraw = false
137.40261499999906	EXP	szo_kiir: color = {"_rgb":[1,1,1]}
137.40261499999906	EXP	szo_kiir: text = "szeudor"
137.94326	EXP	szo_kiir: autoDraw = true
138.76198999999906	DATA	Keydown: ArrowLeft
138.8515899999984	EXP	szo_kiir: autoDraw = false
138.8515899999984	EXP	szo_kiir: color = {"_rgb":[1,1,1]}
138.8515899999984	EXP	szo_kiir: text = "bús"
139.39659499999834	EXP	szo_kiir: autoDraw = true
140.34592500000144	DATA	Keydown: ArrowRight
140.38635000000068	EXP	szo_kiir: autoDraw = false
140.38635000000068	EXP	szo_kiir: color = {"_rgb":[1,1,1]}
140.38635000000068	EXP	szo_kiir: text = "munkálkodik"
140.9424050000016	EXP	szo_kiir: autoDraw = true
142.16054499999882	DATA	Keydown: ArrowRight
142.25533500000165	EXP	szo_kiir: autoDraw = false
142.25533500000165	EXP	szo_kiir: color = {"_rgb":[1,1,1]}
142.25533500000165	EXP	szo_kiir: text = "kiletette"
142.795395000001	EXP	szo_kiir: autoDraw = true
144.08564000000115	DATA	Keydown: ArrowLeft
144.10320499999943	EXP	szo_kiir: autoDraw = false
144.10320499999943	EXP	szo_kiir: color = {"_rgb":[1,1,1]}
144.10320499999943	EXP	szo_kiir: text = "klór"
144.6335450000006	EXP	szo_kiir: autoDraw = true
145.4401399999988	DATA	Keydown: ArrowRight
145.63970999999947	EXP	szo_kiir: autoDraw = false
145.63970999999947	EXP	szo_kiir: color = {"_rgb":[1,1,1]}
145.63970999999947	EXP	szo_kiir: text = "körvonalazódik"
146.18436500000098	EXP	szo_kiir: autoDraw = true
147.95638999999937	DATA	Keydown: ArrowRight
147.97612500000105	EXP	szo_kiir: autoDraw = false
147.97612500000105	EXP	szo_kiir: color = {"_rgb":[1,1,1]}
147.97612500000105	EXP	szo_kiir: text = "biblikus"
148.52510500000062	EXP	szo_kiir: autoDraw = true
149.5973449999983	DATA	Keydown: ArrowRight
149.6615950000014	EXP	szo_kiir: autoDraw = false
149.6615950000014	EXP	szo_kiir: color = {"_rgb":[1,1,1]}
149.6615950000014	EXP	szo_kiir: text = "genom"
150.20735499999864	EXP	szo_kiir: autoDraw = true
151.24837000000116	DATA	Keydown: ArrowRight
151.26305000000139	EXP	szo_kiir: autoDraw = false
151.26305000000139	EXP	szo_kiir: color = {"_rgb":[1,1,1]}
151.26305000000139	EXP	szo_kiir: text = "zörög"
151.80146500000046	EXP	szo_kiir: autoDraw = true
152.5185500000007	DATA	Keydown: ArrowRight
152.6474049999997	EXP	szo_kiir: autoDraw = false
152.6474049999997	EXP	szo_kiir: color = {"_rgb":[1,1,1]}
152.6474049999997	EXP	szo_kiir: text = "presbitérium"
153.21796000000177	EXP	szo_kiir: autoDraw = true
155.04879000000074	DATA	Keydown: ArrowRight
155.07874000000083	EXP	szo_kiir: autoDraw = false
155.07874000000083	EXP	szo_kiir: color = {"_rgb":[1,1,1]}
155.07874000000083	EXP	szo_kiir: text = "attyűködő"
155.59957999999824	EXP	szo_kiir: autoDraw = true
156.69322000000102	DATA	Keydown: ArrowLeft
156.80086500000107	EXP	szo_kiir: autoDraw = false
156.80086500000107	EXP	szo_kiir: color = {"_rgb":[1,1,1]}
156.80086500000107	EXP	szo_kiir: text = "teríték"
157.33398999999918	EXP	szo_kiir: autoDraw = true
158.07847499999843	DATA	Keydown: ArrowRight
158.09755500000028	EXP	szo_kiir: autoDraw = false
158.09755500000028	EXP	szo_kiir: color = {"_rgb":[1,1,1]}
158.09755500000028	EXP	szo_kiir: text = "pátia"
158.62411000000066	EXP	szo_kiir: autoDraw = true
160.05968999999823	DATA	Keydown: ArrowRight
160.08213500000056	EXP	szo_kiir: autoDraw = false
160.08213500000056	EXP	szo_kiir: color = {"_rgb":[1,1,1]}
160.08213500000056	EXP	szo_kiir: text = "bódé"
160.63125500000024	EXP	szo_kiir: autoDraw = true
161.22344000000157	DATA	Keydown: ArrowRight
161.32414499999868	EXP	szo_kiir: autoDraw = false
161.32414499999868	EXP	szo_kiir: color = {"_rgb":[1,1,1]}
161.32414499999868	EXP	szo_kiir: text = "tábornagy"
161.86754999999903	EXP	szo_kiir: autoDraw = true
162.49328999999852	DATA	Keydown: ArrowRight
162.58359500000006	EXP	szo_kiir: autoDraw = false
162.58359500000006	EXP	szo_kiir: color = {"_rgb":[1,1,1]}
162.58359500000006	EXP	szo_kiir: text = "szélvész"
163.13632000000143	EXP	szo_kiir: autoDraw = true
163.9349399999992	DATA	Keydown: ArrowRight
164.0522349999992	EXP	szo_kiir: autoDraw = false
164.0522349999992	EXP	szo_kiir: color = {"_rgb":[1,1,1]}
164.0522349999992	EXP	szo_kiir: text = "biotermék"
164.58736000000135	EXP	szo_kiir: autoDraw = true
165.27309500000047	DATA	Keydown: ArrowRight
165.3001550000008	EXP	szo_kiir: autoDraw = false
165.3001550000008	EXP	szo_kiir: color = {"_rgb":[1,1,1]}
165.3001550000008	EXP	szo_kiir: text = "elikázható"
165.82571499999904	EXP	szo_kiir: autoDraw = true
166.90703500000018	DATA	Keydown: ArrowLeft
167.04802500000005	EXP	szo_kiir: autoDraw = false
167.04802500000005	EXP	szo_kiir: color = {"_rgb":[1,1,1]}
167.04802500000005	EXP	szo_kiir: text = "viszkózus"
167.57314499999848	EXP	szo_kiir: autoDraw = true
168.34730499999932	DATA	Keydown: ArrowRight
168.38257000000158	EXP	szo_kiir: autoDraw = false
168.38257000000158	EXP	szo_kiir: color = {"_rgb":[1,1,1]}
168.38257000000158	EXP	szo_kiir: text = "tanrend"
168.92076499999894	EXP	szo_kiir: autoDraw = true
169.66976499999873	DATA	Keydown: ArrowRight
169.75316499999826	EXP	szo_kiir: autoDraw = false
169.75316499999826	EXP	szo_kiir: color = {"_rgb":[1,1,1]}
169.75316499999826	EXP	szo_kiir: text = "némezés"
170.28617999999915	EXP	szo_kiir: autoDraw = true
172.17404499999975	DATA	Keydown: ArrowLeft
172.1957650000004	EXP	szo_kiir: autoDraw = false
172.1957650000004	EXP	szo_kiir: color = {"_rgb":[1,1,1]}
172.1957650000004	EXP	szo_kiir: text = "fotoszintetikus"
172.71801499999856	EXP	szo_kiir: autoDraw = true
173.98032500000045	DATA	Keydown: ArrowRight
174.0703199999989	EXP	szo_kiir: autoDraw = false
174.0703199999989	EXP	szo_kiir: color = {"_rgb":[1,1,1]}
174.0703199999989	EXP	szo_kiir: text = "ezredmásodperc"
174.62303500000053	EXP	szo_kiir: autoDraw = true
176.09338500000013	DATA	Keydown: ArrowRight
176.11226499999975	EXP	szo_kiir: autoDraw = false
176.11226499999975	EXP	szo_kiir: color = {"_rgb":[1,1,1]}
176.11226499999975	EXP	szo_kiir: text = "bocskor"
176.6546500000004	EXP	szo_kiir: autoDraw = true
177.31578499999887	DATA	Keydown: ArrowRight
177.37854499999958	EXP	szo_kiir: autoDraw = false
177.37854499999958	EXP	szo_kiir: color = {"_rgb":[1,1,1]}
177.37854499999958	EXP	szo_kiir: text = "fürkész"
177.90475499999957	EXP	szo_kiir: autoDraw = true
178.48819000000003	DATA	Keydown: ArrowRight
178.5042199999989	EXP	szo_kiir: autoDraw = false
178.5042199999989	EXP	szo_kiir: color = {"_rgb":[1,1,1]}
178.5042199999989	EXP	szo_kiir: text = "lemesség"
179.03158500000063	EXP	szo_kiir: autoDraw = true
179.8388449999984	DATA	Keydown: ArrowLeft
179.97214000000167	EXP	szo_kiir: autoDraw = false
179.97214000000167	EXP	szo_kiir: color = {"_rgb":[1,1,1]}
179.97214000000167	EXP	szo_kiir: text = "kitin"
180.50483000000168	EXP	szo_kiir: autoDraw = true
181.10716999999931	DATA	Keydown: ArrowRight
181.1448300000011	EXP	szo_kiir: autoDraw = false
181.1448300000011	EXP	szo_kiir: color = {"_rgb":[1,1,1]}
181.1448300000011	EXP	szo_kiir: text = "kondenzcsík"
181.65856500000154	EXP	szo_kiir: autoDraw = true
183.00701499999923	DATA	Keydown: ArrowRight
183.1307650000017	EXP	szo_kiir: autoDraw = false
183.1307650000017	EXP	szo_kiir: color = {"_rgb":[1,1,1]}
183.1307650000017	EXP	szo_kiir: text = "oszcillál"
183.70454999999856	EXP	szo_kiir: autoDraw = true
186.49859500000093	DATA	Keydown: ArrowLeft
186.54160499999853	EXP	szo_kiir: autoDraw = false
186.54160499999853	EXP	szo_kiir: color = {"_rgb":[1,1,1]}
186.54160499999853	EXP	szo_kiir: text = "kapirgál"
187.093789999999	EXP	szo_kiir: autoDraw = true
187.73940500000026	DATA	Keydown: ArrowRight
187.7900699999991	EXP	szo_kiir: autoDraw = false
187.7900699999991	EXP	szo_kiir: color = {"_rgb":[1,1,1]}
187.7900699999991	EXP	szo_kiir: text = "analizál"
188.33439999999973	EXP	szo_kiir: autoDraw = true
188.84421999999904	DATA	Keydown: ArrowRight
188.95111499999985	EXP	szo_kiir: autoDraw = false
188.95111499999985	EXP	szo_kiir: color = {"_rgb":[1,1,1]}
188.95111499999985	EXP	szo_kiir: text = "gádosíthat"
189.5577200000007	EXP	szo_kiir: autoDraw = true
190.69655000000057	DATA	Keydown: ArrowLeft
190.7189150000013	EXP	szo_kiir: autoDraw = false
190.7189150000013	EXP	szo_kiir: color = {"_rgb":[1,1,1]}
190.7189150000013	EXP	szo_kiir: text = "szódabikarbonát"
191.23835999999937	EXP	szo_kiir: autoDraw = true
194.52324500000032	DATA	Keydown: ArrowRight
194.65770500000144	EXP	szo_kiir: autoDraw = false
194.65770500000144	EXP	szo_kiir: color = {"_rgb":[1,1,1]}
194.65770500000144	EXP	szo_kiir: text = "takácsmester"
195.1816749999998	EXP	szo_kiir: autoDraw = true
196.1387849999992	DATA	Keydown: ArrowRight
196.1601100000007	EXP	szo_kiir: autoDraw = false
196.1601100000007	EXP	szo_kiir: color = {"_rgb":[1,1,1]}
196.1601100000007	EXP	szo_kiir: text = "söröspohár"
196.6883549999984	EXP	szo_kiir: autoDraw = true
197.3022400000009	DATA	Keydown: ArrowRight
197.44929000000047	EXP	szo_kiir: autoDraw = false
197.44929000000047	EXP	szo_kiir: color = {"_rgb":[1,1,1]}
197.44929000000047	EXP	szo_kiir: text = "arapapagáj"
197.9963749999988	EXP	szo_kiir: autoDraw = true
199.0376550000001	DATA	Keydown: ArrowRight
199.05766999999832	EXP	szo_kiir: autoDraw = false
199.05766999999832	EXP	szo_kiir: color = {"_rgb":[1,1,1]}
199.05766999999832	EXP	szo_kiir: text = "kocskesi"
199.63978000000134	EXP	szo_kiir: autoDraw = true
200.76601500000106	DATA	Keydown: ArrowLeft
200.84291999999914	EXP	szo_kiir: autoDraw = false
200.84291999999914	EXP	szo_kiir: color = {"_rgb":[1,1,1]}
200.84291999999914	EXP	szo_kiir: text = "abszolútérték"
201.4150550000013	EXP	szo_kiir: autoDraw = true
202.19871499999863	DATA	Keydown: ArrowRight
202.24058499999956	EXP	szo_kiir: autoDraw = false
202.24058499999956	EXP	szo_kiir: color = {"_rgb":[1,1,1]}
202.24058499999956	EXP	szo_kiir: text = "rendő"
202.79034500000125	EXP	szo_kiir: autoDraw = true
203.66696500000035	DATA	Keydown: ArrowLeft
203.8069800000012	EXP	szo_kiir: autoDraw = false
203.8069800000012	EXP	szo_kiir: color = {"_rgb":[1,1,1]}
203.8069800000012	EXP	szo_kiir: text = "fókabőr"
204.34331499999826	EXP	szo_kiir: autoDraw = true
205.18718499999886	DATA	Keydown: ArrowRight
205.20261000000028	EXP	szo_kiir: autoDraw = false
205.20261000000028	EXP	szo_kiir: color = {"_rgb":[1,1,1]}
205.20261000000028	EXP	szo_kiir: text = "pentatonikus"
205.72549499999877	EXP	szo_kiir: autoDraw = true
206.7301499999994	DATA	Keydown: ArrowRight
206.83609499999875	EXP	szo_kiir: autoDraw = false
206.83609499999875	EXP	szo_kiir: color = {"_rgb":[1,1,1]}
206.83609499999875	EXP	szo_kiir: text = "fonógép"
207.43137500000012	EXP	szo_kiir: autoDraw = true
208.06820000000153	DATA	Keydown: ArrowRight
208.0862049999996	EXP	szo_kiir: autoDraw = false
208.0862049999996	EXP	szo_kiir: color = {"_rgb":[1,1,1]}
208.0862049999996	EXP	szo_kiir: text = "nyurcaret"
208.6358849999997	EXP	szo_kiir: autoDraw = true
209.54737999999998	DATA	Keydown: ArrowLeft
209.65054500000042	EXP	szo_kiir: autoDraw = false
209.65054500000042	EXP	szo_kiir: color = {"_rgb":[1,1,1]}
209.65054500000042	EXP	szo_kiir: text = "mérgesít"
210.16891499999838	EXP	szo_kiir: autoDraw = true
210.95624500000122	DATA	Keydown: ArrowRight
210.972815000001	EXP	szo_kiir: autoDraw = false
210.972815000001	EXP	szo_kiir: color = {"_rgb":[1,1,1]}
210.972815000001	EXP	szo_kiir: text = "hegelianizmus"
211.52175500000158	EXP	szo_kiir: autoDraw = true
213.0614600000008	DATA	Keydown: ArrowLeft
213.0804300000018	EXP	szo_kiir: autoDraw = false
213.0804300000018	EXP	szo_kiir: color = {"_rgb":[1,1,1]}
213.0804300000018	EXP	szo_kiir: text = "terpad"
213.61106999999902	EXP	szo_kiir: autoDraw = true
214.6607550000008	DATA	Keydown: ArrowLeft
214.78237499999886	EXP	szo_kiir: autoDraw = false
214.78237499999886	EXP	szo_kiir: color = {"_rgb":[1,1,1]}
214.78237499999886	EXP	szo_kiir: text = "abeti"
215.31240500000058	EXP	szo_kiir: autoDraw = true
216.10673999999926	DATA	Keydown: ArrowLeft
216.12519999999859	EXP	szo_kiir: autoDraw = false
216.12519999999859	EXP	szo_kiir: color = {"_rgb":[1,1,1]}
216.12519999999859	EXP	szo_kiir: text = "bágyaszt"
216.68690499999866	EXP	szo_kiir: autoDraw = true
217.51034499999878	DATA	Keydown: ArrowRight
217.63744999999835	EXP	szo_kiir: autoDraw = false
217.63744999999835	EXP	szo_kiir: color = {"_rgb":[1,1,1]}
217.63744999999835	EXP	szo_kiir: text = "farkasbab"
218.18900500000018	EXP	szo_kiir: autoDraw = true
219.5734650000013	DATA	Keydown: ArrowRight
219.59050500000012	EXP	szo_kiir: autoDraw = false
219.59050500000012	EXP	szo_kiir: color = {"_rgb":[1,1,1]}
219.59050500000012	EXP	szo_kiir: text = "istenkedik"
220.13246000000072	EXP	szo_kiir: autoDraw = true
220.87156500000128	DATA	Keydown: ArrowRight
220.9892749999999	EXP	szo_kiir: autoDraw = false
220.9892749999999	EXP	szo_kiir: color = {"_rgb":[1,1,1]}
220.9892749999999	EXP	szo_kiir: text = "tiszogó"
221.52062500000102	EXP	szo_kiir: autoDraw = true
222.53435000000172	DATA	Keydown: ArrowLeft
222.55448500000057	EXP	szo_kiir: autoDraw = false
222.55448500000057	EXP	szo_kiir: color = {"_rgb":[1,1,1]}
222.55448500000057	EXP	szo_kiir: text = "retta"
223.10887999999977	EXP	szo_kiir: autoDraw = true
223.97635000000082	DATA	Keydown: ArrowLeft
224.04982000000018	EXP	szo_kiir: autoDraw = false
224.04982000000018	EXP	szo_kiir: color = {"_rgb":[1,1,1]}
224.04982000000018	EXP	szo_kiir: text = "nagyoll"
224.58438999999998	EXP	szo_kiir: autoDraw = true
225.49390499999936	DATA	Keydown: ArrowLeft
225.5167450000008	EXP	szo_kiir: autoDraw = false
225.5167450000008	EXP	szo_kiir: color = {"_rgb":[1,1,1]}
225.5167450000008	EXP	szo_kiir: text = "többhagyos"
226.12264499999947	EXP	szo_kiir: autoDraw = true
227.12294499999916	DATA	Keydown: ArrowLeft
227.15899999999965	EXP	szo_kiir: autoDraw = false
227.15899999999965	EXP	szo_kiir: color = {"_rgb":[1,1,1]}
227.15899999999965	EXP	szo_kiir: text = "igásjószág"
227.6960199999994	EXP	szo_kiir: autoDraw = true
228.7790300000015	DATA	Keydown: ArrowRight
228.88821499999904	EXP	szo_kiir: autoDraw = false
228.88821499999904	EXP	szo_kiir: color = {"_rgb":[1,1,1]}
228.88821499999904	EXP	szo_kiir: text = "orvatható"
229.42179499999838	EXP	szo_kiir: autoDraw = true
230.68196499999976	DATA	Keydown: ArrowLeft
230.6984999999986	EXP	szo_kiir: autoDraw = false
230.6984999999986	EXP	szo_kiir: color = {"_rgb":[1,1,1]}
230.6984999999986	EXP	szo_kiir: text = "prografej"
231.23970499999996	EXP	szo_kiir: autoDraw = true
232.90764499999932	DATA	Keydown: ArrowLeft
233.0012800000004	EXP	szo_kiir: autoDraw = false
233.0012800000004	EXP	szo_kiir: color = {"_rgb":[1,1,1]}
233.0012800000004	EXP	szo_kiir: text = "sűrítható"
233.51560999999856	EXP	szo_kiir: autoDraw = true
234.4206149999991	DATA	Keydown: ArrowLeft
234.4502399999983	EXP	szo_kiir: autoDraw = false
234.4502399999983	EXP	szo_kiir: color = {"_rgb":[1,1,1]}
234.4502399999983	EXP	szo_kiir: text = "ellagcse"
235.03393000000142	EXP	szo_kiir: autoDraw = true
235.83854000000065	DATA	Keydown: ArrowLeft
235.9558599999982	EXP	szo_kiir: autoDraw = false
235.9558599999982	EXP	szo_kiir: color = {"_rgb":[1,1,1]}
235.9558599999982	EXP	szo_kiir: text = "homoktölcsér"
236.49934999999823	EXP	szo_kiir: autoDraw = true
237.84509999999864	DATA	Keydown: ArrowRight
237.86750499999835	EXP	szo_kiir: autoDraw = false
237.86750499999835	EXP	szo_kiir: color = {"_rgb":[1,1,1]}
237.86750499999835	EXP	szo_kiir: text = "lepadlózik"
238.38810999999987	EXP	szo_kiir: autoDraw = true
239.49565000000075	DATA	Keydown: ArrowRight
239.61578999999983	EXP	szo_kiir: autoDraw = false
239.61578999999983	EXP	szo_kiir: color = {"_rgb":[1,1,1]}
239.61578999999983	EXP	szo_kiir: text = "hordócsap"
240.14882500000022	EXP	szo_kiir: autoDraw = true
241.26325999999972	DATA	Keydown: ArrowRight
241.28215999999884	EXP	szo_kiir: autoDraw = false
241.28215999999884	EXP	szo_kiir: color = {"_rgb":[1,1,1]}
241.28215999999884	EXP	szo_kiir: text = "hivatalnokoskodik"
241.80985000000146	EXP	szo_kiir: autoDraw = true
243.64650999999867	DATA	Keydown: ArrowRight
243.7520799999984	EXP	szo_kiir: autoDraw = false
243.7520799999984	EXP	szo_kiir: color = {"_rgb":[1,1,1]}
243.7520799999984	EXP	szo_kiir: text = "garn"
244.30888499999855	EXP	szo_kiir: autoDraw = true
245.23414499999853	DATA	Keydown: ArrowLeft
245.24833999999828	EXP	szo_kiir: autoDraw = false
245.24833999999828	EXP	szo_kiir: color = {"_rgb":[1,1,1]}
245.24833999999828	EXP	szo_kiir: text = "móringol"
245.78049499999906	EXP	szo_kiir: autoDraw = true
246.74900999999954	DATA	Keydown: ArrowRight
246.8580499999989	EXP	szo_kiir: autoDraw = false
246.8580499999989	EXP	szo_kiir: color = {"_rgb":[1,1,1]}
246.8580499999989	EXP	szo_kiir: text = "jóltart"
247.40675499999998	EXP	szo_kiir: autoDraw = true
248.41872000000149	DATA	Keydown: ArrowRight
248.43462999999974	EXP	szo_kiir: autoDraw = false
248.43462999999974	EXP	szo_kiir: color = {"_rgb":[1,1,1]}
248.43462999999974	EXP	szo_kiir: text = "klímatérkép"
249.01047499999913	EXP	szo_kiir: autoDraw = true
249.85727499999848	DATA	Keydown: ArrowRight
250.02991499999916	EXP	szo_kiir: autoDraw = false
250.02991499999916	EXP	szo_kiir: color = {"_rgb":[1,1,1]}
250.02991499999916	EXP	szo_kiir: text = "tilitálós"
250.55913000000146	EXP	szo_kiir: autoDraw = true
251.73454499999934	DATA	Keydown: ArrowLeft
251.76499500000136	EXP	szo_kiir: autoDraw = false
251.76499500000136	EXP	szo_kiir: color = {"_rgb":[1,1,1]}
251.76499500000136	EXP	szo_kiir: text = "spiritualizál"
252.2822500000002	EXP	szo_kiir: autoDraw = true
253.07888000000094	DATA	Keydown: ArrowRight
253.17664499999955	EXP	szo_kiir: autoDraw = false
253.17664499999955	EXP	szo_kiir: color = {"_rgb":[1,1,1]}
253.17664499999955	EXP	szo_kiir: text = "filologizál"
253.7153700000017	EXP	szo_kiir: autoDraw = true
255.50103500000114	DATA	Keydown: ArrowRight
255.519225	EXP	szo_kiir: autoDraw = false
255.519225	EXP	szo_kiir: color = {"_rgb":[1,1,1]}
255.519225	EXP	szo_kiir: text = "rajcsúroz"
256.08671999999933	EXP	szo_kiir: autoDraw = true
257.1152150000016	DATA	Keydown: ArrowRight
257.1989399999984	EXP	szo_kiir: autoDraw = false
257.1989399999984	EXP	szo_kiir: color = {"_rgb":[1,1,1]}
257.1989399999984	EXP	szo_kiir: text = "diszkretizál"
257.7186750000001	EXP	szo_kiir: autoDraw = true
259.3839450000014	DATA	Keydown: ArrowRight
259.39521500000046	EXP	szo_kiir: autoDraw = false
259.39521500000046	EXP	szo_kiir: color = {"_rgb":[1,1,1]}
259.39521500000046	EXP	szo_kiir: text = "ruharongy"
259.9375199999995	EXP	szo_kiir: autoDraw = true
260.8087149999992	DATA	Keydown: ArrowRight
260.8683400000009	EXP	szo_kiir: autoDraw = false
260.8683400000009	EXP	szo_kiir: color = {"_rgb":[1,1,1]}
260.8683400000009	EXP	szo_kiir: text = "ködik"
261.4073250000001	EXP	szo_kiir: autoDraw = true
262.28082999999975	DATA	Keydown: ArrowLeft
262.30134000000186	EXP	szo_kiir: autoDraw = false
262.30134000000186	EXP	szo_kiir: color = {"_rgb":[1,1,1]}
262.30134000000186	EXP	szo_kiir: text = "svábtök"
262.8298700000014	EXP	szo_kiir: autoDraw = true
263.7538249999998	DATA	Keydown: ArrowRight
263.8254650000017	EXP	szo_kiir: autoDraw = false
263.8254650000017	EXP	koszi_szoveg: autoDraw = true
