0.05240500008221716	EXP	Created Window = Window( name=Window, fullscr=true, color=#000000, units=norm, waitBlanking=true, autoLog=true, size=[1280,578] )
1.529670000076294	DATA	Keydown: 2
1.8947700000135228	DATA	Keydown: 3
2.1116050001000986	DATA	Keydown: 0
2.2611500000348315	DATA	Keydown: 1
3.5104300000239164	DATA	Keydown: Shift
4.094745000009425	DATA	Keydown: n
4.498450000071898	DATA	Keydown: ő
5.830145000014454	DATA	Keydown: 1
6.080680000013672	DATA	Keydown: 9
6.228410000097938	DATA	Keydown: 9
6.992505000089295	DATA	Keydown: 9
7.234195000026375	DATA	Keydown: .
7.36164000001736	DATA	Keydown: 0
7.708580000093207	DATA	Keydown: 5
7.891385000082664	DATA	Keydown: .
8.008665000088513	DATA	Keydown: 1
8.131830000085756	DATA	Keydown: 2
8.258499999996275	DATA	Keydown: .
9.641135000041686	DATA	Keydown: 1
9.882305000093766	DATA	Keydown: 4
11.3234250000678	EXP	Created instruction_text1 = TextStim( name=instruction_text1, win=Window( name=Window, fullscr=true, color=#000000, ~), autoDraw=null, autoLog=true, units=norm, ori=null, opacity=1, pos=[0,0], size=undefined, text=Ön most szavakat fog látni.

Ezek között lesznek o~, font=Arial, color=#ffffff, contrast=1, height=0.05, bold=null, italic=null, alignHoriz=left, alignVert=center, wrapWidth=1, flipHoriz=null, flipVert=null )
11.324365000007674	EXP	Created instruction_text2 = TextStim( name=instruction_text2, win=Window( name=Window, fullscr=true, color=#000000, ~), autoDraw=null, autoLog=true, units=norm, ori=null, opacity=1, pos=[0,0], size=undefined, text=Először két egyszerű példát mutatunk Önnek.

Az el~, font=Arial, color=#FFFFFF, contrast=1, height=0.05, bold=null, italic=null, alignHoriz=left, alignVert=center, wrapWidth=1, flipHoriz=null, flipVert=null )
11.325110000092536	EXP	Created show_text = TextStim( name=show_text, win=Window( name=Window, fullscr=true, color=#000000, ~), autoDraw=null, autoLog=true, units=norm, ori=null, opacity=1, pos=[0,0], size=undefined, text=asztal, font=Arial, color=#FFFFFF, contrast=1, height=0.2, bold=null, italic=null, alignHoriz=left, alignVert=center, wrapWidth=1, flipHoriz=null, flipVert=null )
11.325675000087358	EXP	Created text = TextStim( name=text, win=Window( name=Window, fullscr=true, color=#000000, ~), autoDraw=null, autoLog=true, units=norm, ori=null, opacity=1, pos=[0,0], size=undefined, text=bzsmfsztal, font=Arial, color=#FFFFFF, contrast=1, height=0.2, bold=null, italic=null, alignHoriz=left, alignVert=center, wrapWidth=1, flipHoriz=null, flipVert=null )
11.326355000026524	EXP	Created instruction_text3 = TextStim( name=instruction_text3, win=Window( name=Window, fullscr=true, color=#000000, ~), autoDraw=null, autoLog=true, units=norm, ori=null, opacity=1, pos=[0,0], size=undefined, text=Pazar. Most kezdődik az igazi kísérlet. Néhány per~, font=Arial, color=#FFFFFF, contrast=1, height=0.1, bold=null, italic=null, alignHoriz=left, alignVert=center, wrapWidth=1, flipHoriz=null, flipVert=null )
11.326890000025742	EXP	Created szo_kiir = TextStim( name=szo_kiir, win=Window( name=Window, fullscr=true, color=#000000, ~), autoDraw=null, autoLog=true, units=norm, ori=null, opacity=1, pos=[0,0], size=undefined, text=default text, font=Arial, color=#FFFFFF, contrast=1, height=0.2, bold=null, italic=null, alignHoriz=left, alignVert=center, wrapWidth=1, flipHoriz=null, flipVert=null )
11.327675000065938	EXP	Created koszi_szoveg = TextStim( name=koszi_szoveg, win=Window( name=Window, fullscr=true, color=#000000, ~), autoDraw=null, autoLog=true, units=norm, ori=null, opacity=1, pos=[0,0], size=undefined, text=Vége a kísérletnek. Köszönjük a részvételt!, font=arial, color=#ffffff, contrast=1, height=0.1, bold=null, italic=null, alignHoriz=left, alignVert=center, wrapWidth=1, flipHoriz=null, flipVert=null )
11.374075000057928	EXP	instruction_text1: units = "norm"
11.374075000057928	EXP	instruction_text1: ori = 0
11.374075000057928	EXP	instruction_text1: opacity = 1
11.374075000057928	EXP	instruction_text1: pos = [0,0]
11.374075000057928	EXP	instruction_text1: size = undefined
11.374075000057928	EXP	instruction_text1: text = "Ön most szavakat fog látni.\n\nEzek között lesznek olyanok, amelyeket ismer, de előfordulhatnak olyanok is, amelyeket nem ismer, sőt, vannak köztük kitalált szavak is. \n\nKérjük, ha ismeri a képernyőn látható szót, nyomja meg a JOBB kurzorbillentyűt.\nKérjük, ha NEM ismeri a képernyőn látható szót, vagy azt gondolja, nincs ilyen szó a magyarban, nyomja meg a BAL kurzorbillentyűt.\n\nAz 'Ismerem a szót' döntés itt most ezt jelenti: találkoztam már vele, és van valami elképzelésem a jelentéséről is.  \n\nNyomjon meg bármilyen billentyűt a folytatáshoz."
11.374075000057928	EXP	instruction_text1: font = "Arial"
11.374075000057928	EXP	instruction_text1: color = {"_rgb":[1,1,1]}
11.374075000057928	EXP	instruction_text1: contrast = 1
11.374075000057928	EXP	instruction_text1: height = 0.05
11.374075000057928	EXP	instruction_text1: bold = false
11.374075000057928	EXP	instruction_text1: italic = false
11.374075000057928	EXP	instruction_text1: alignHoriz = "left"
11.374075000057928	EXP	instruction_text1: alignVert = "center"
11.374075000057928	EXP	instruction_text1: wrapWidth = 1
11.374075000057928	EXP	instruction_text1: flipHoriz = false
11.374075000057928	EXP	instruction_text1: flipVert = false
11.374075000057928	EXP	instruction_text2: units = "norm"
11.374075000057928	EXP	instruction_text2: ori = 0
11.374075000057928	EXP	instruction_text2: opacity = 1
11.374075000057928	EXP	instruction_text2: pos = [0,0]
11.374075000057928	EXP	instruction_text2: size = undefined
11.374075000057928	EXP	instruction_text2: text = "Először két egyszerű példát mutatunk Önnek.\n\nAz első szó létezik a magyarban, és valószínűleg Ön is ismeri. Itt nyomja majd meg a jobb kurzorbillentyűt.\nA második szó nem létezik a magyar nyelvben. Itt nyomja majd meg a bal kurzorbillentyűt.\n\nFontos, hogy a jobb gombot a jobb kezével, a bal gombot a bal kezével nyomja, ha tudja, és ne egy kezét használja a kísérletben.\n\nNyomjon meg bármilyen gombot a folytatáshoz."
11.374075000057928	EXP	instruction_text2: font = "Arial"
11.374075000057928	EXP	instruction_text2: color = {"_hex":"#FFFFFF","_rgb":[1,1,1]}
11.374075000057928	EXP	instruction_text2: contrast = 1
11.374075000057928	EXP	instruction_text2: height = 0.05
11.374075000057928	EXP	instruction_text2: bold = false
11.374075000057928	EXP	instruction_text2: italic = false
11.374075000057928	EXP	instruction_text2: alignHoriz = "left"
11.374075000057928	EXP	instruction_text2: alignVert = "center"
11.374075000057928	EXP	instruction_text2: wrapWidth = 1
11.374075000057928	EXP	instruction_text2: flipHoriz = false
11.374075000057928	EXP	instruction_text2: flipVert = false
11.374075000057928	EXP	show_text: units = "norm"
11.374075000057928	EXP	show_text: ori = 0
11.374075000057928	EXP	show_text: opacity = 1
11.374075000057928	EXP	show_text: pos = [0,0]
11.374075000057928	EXP	show_text: size = undefined
11.374075000057928	EXP	show_text: text = "asztal"
11.374075000057928	EXP	show_text: font = "Arial"
11.374075000057928	EXP	show_text: color = {"_hex":"#FFFFFF","_rgb":[1,1,1]}
11.374075000057928	EXP	show_text: contrast = 1
11.374075000057928	EXP	show_text: height = 0.2
11.374075000057928	EXP	show_text: bold = false
11.374075000057928	EXP	show_text: italic = false
11.374075000057928	EXP	show_text: alignHoriz = "left"
11.374075000057928	EXP	show_text: alignVert = "center"
11.374075000057928	EXP	show_text: wrapWidth = 1
11.374075000057928	EXP	show_text: flipHoriz = false
11.374075000057928	EXP	show_text: flipVert = false
11.374075000057928	EXP	text: units = "norm"
11.374075000057928	EXP	text: ori = 0
11.374075000057928	EXP	text: opacity = 1
11.374075000057928	EXP	text: pos = [0,0]
11.374075000057928	EXP	text: size = undefined
11.374075000057928	EXP	text: text = "bzsmfsztal"
11.374075000057928	EXP	text: font = "Arial"
11.374075000057928	EXP	text: color = {"_hex":"#FFFFFF","_rgb":[1,1,1]}
11.374075000057928	EXP	text: contrast = 1
11.374075000057928	EXP	text: height = 0.2
11.374075000057928	EXP	text: bold = false
11.374075000057928	EXP	text: italic = false
11.374075000057928	EXP	text: alignHoriz = "left"
11.374075000057928	EXP	text: alignVert = "center"
11.374075000057928	EXP	text: wrapWidth = 1
11.374075000057928	EXP	text: flipHoriz = false
11.374075000057928	EXP	text: flipVert = false
11.374075000057928	EXP	instruction_text3: units = "norm"
11.374075000057928	EXP	instruction_text3: ori = 0
11.374075000057928	EXP	instruction_text3: opacity = 1
11.374075000057928	EXP	instruction_text3: pos = [0,0]
11.374075000057928	EXP	instruction_text3: size = undefined
11.374075000057928	EXP	instruction_text3: text = "Pazar. Most kezdődik az igazi kísérlet. Néhány percig fog tartani. Nem kell nagyon sietnie, de igyekezzen gyorsan válaszolni.\n\nNe feledje, ha tudja, a jobb gombot a jobbkezével, a bal gombot a balkezével nyomja le.\n\nNyomjon meg bármilyen gombot a folytatáshoz."
11.374075000057928	EXP	instruction_text3: font = "Arial"
11.374075000057928	EXP	instruction_text3: color = {"_hex":"#FFFFFF","_rgb":[1,1,1]}
11.374075000057928	EXP	instruction_text3: contrast = 1
11.374075000057928	EXP	instruction_text3: height = 0.1
11.374075000057928	EXP	instruction_text3: bold = false
11.374075000057928	EXP	instruction_text3: italic = false
11.374075000057928	EXP	instruction_text3: alignHoriz = "left"
11.374075000057928	EXP	instruction_text3: alignVert = "center"
11.374075000057928	EXP	instruction_text3: wrapWidth = 1
11.374075000057928	EXP	instruction_text3: flipHoriz = false
11.374075000057928	EXP	instruction_text3: flipVert = false
11.374075000057928	EXP	szo_kiir: units = "norm"
11.374075000057928	EXP	szo_kiir: ori = 0
11.374075000057928	EXP	szo_kiir: opacity = 1
11.374075000057928	EXP	szo_kiir: pos = [0,0]
11.374075000057928	EXP	szo_kiir: size = undefined
11.374075000057928	EXP	szo_kiir: text = "default text"
11.374075000057928	EXP	szo_kiir: font = "Arial"
11.374075000057928	EXP	szo_kiir: color = {"_hex":"#FFFFFF","_rgb":[1,1,1]}
11.374075000057928	EXP	szo_kiir: contrast = 1
11.374075000057928	EXP	szo_kiir: height = 0.2
11.374075000057928	EXP	szo_kiir: bold = false
11.374075000057928	EXP	szo_kiir: italic = false
11.374075000057928	EXP	szo_kiir: alignHoriz = "left"
11.374075000057928	EXP	szo_kiir: alignVert = "center"
11.374075000057928	EXP	szo_kiir: wrapWidth = 1
11.374075000057928	EXP	szo_kiir: flipHoriz = false
11.374075000057928	EXP	szo_kiir: flipVert = false
11.374075000057928	EXP	koszi_szoveg: units = "norm"
11.374075000057928	EXP	koszi_szoveg: ori = 0
11.374075000057928	EXP	koszi_szoveg: opacity = 1
11.374075000057928	EXP	koszi_szoveg: pos = [0,0]
11.374075000057928	EXP	koszi_szoveg: size = undefined
11.374075000057928	EXP	koszi_szoveg: text = "Vége a kísérletnek. Köszönjük a részvételt!"
11.374075000057928	EXP	koszi_szoveg: font = "arial"
11.374075000057928	EXP	koszi_szoveg: color = {"_rgb":[1,1,1]}
11.374075000057928	EXP	koszi_szoveg: contrast = 1
11.374075000057928	EXP	koszi_szoveg: height = 0.1
11.374075000057928	EXP	koszi_szoveg: bold = false
11.374075000057928	EXP	koszi_szoveg: italic = false
11.374075000057928	EXP	koszi_szoveg: alignHoriz = "left"
11.374075000057928	EXP	koszi_szoveg: alignVert = "center"
11.374075000057928	EXP	koszi_szoveg: wrapWidth = 1
11.374075000057928	EXP	koszi_szoveg: flipHoriz = false
11.374075000057928	EXP	koszi_szoveg: flipVert = false
11.374075000057928	EXP	instruction_text1: autoDraw = true
23.593205000041053	DATA	Keydown:  
23.601325000054203	EXP	instruction_text1: autoDraw = false
23.601325000054203	EXP	instruction_text2: autoDraw = true
24.0660800000187	DATA	Keydown:  
24.081410000100732	EXP	instruction_text2: autoDraw = false
24.602805000031367	EXP	show_text: autoDraw = true
25.11528500006534	DATA	Keydown: ArrowRight
25.130605000071228	EXP	show_text: autoDraw = false
25.647850000066683	EXP	text: autoDraw = true
26.75014000001829	DATA	Keydown: ArrowLeft
26.777890000026673	EXP	text: autoDraw = false
26.777890000026673	EXP	instruction_text3: autoDraw = true
34.65778000000864	DATA	Keydown:  
34.69705499999691	EXP	instruction_text3: autoDraw = false
34.69705499999691	EXP	szo_kiir: color = {"_rgb":[1,1,1]}
34.69705499999691	EXP	szo_kiir: text = "szeptember"
35.209415000048466	EXP	szo_kiir: autoDraw = true
35.86897000006866	DATA	Keydown: ArrowRight
35.873595000011846	EXP	szo_kiir: autoDraw = false
35.873595000011846	EXP	szo_kiir: color = {"_rgb":[1,1,1]}
35.873595000011846	EXP	szo_kiir: text = "angol"
36.39166500000283	EXP	szo_kiir: autoDraw = true
37.04693000006955	DATA	Keydown: ArrowRight
37.06300500000361	EXP	szo_kiir: autoDraw = false
37.06300500000361	EXP	szo_kiir: color = {"_rgb":[1,1,1]}
37.06300500000361	EXP	szo_kiir: text = "friss"
37.57339999999385	EXP	szo_kiir: autoDraw = true
38.13861500006169	DATA	Keydown: ArrowRight
38.15542500000447	EXP	szo_kiir: autoDraw = false
38.15542500000447	EXP	szo_kiir: color = {"_rgb":[1,1,1]}
38.15542500000447	EXP	szo_kiir: text = "cím"
38.67268499999773	EXP	szo_kiir: autoDraw = true
39.240474999998696	DATA	Keydown: ArrowRight
39.25862000009511	EXP	szo_kiir: autoDraw = false
39.25862000009511	EXP	szo_kiir: color = {"_rgb":[1,1,1]}
39.25862000009511	EXP	szo_kiir: text = "gazdag"
39.7727550000418	EXP	szo_kiir: autoDraw = true
40.28774500009604	DATA	Keydown: ArrowRight
40.303240000037476	EXP	szo_kiir: autoDraw = false
40.303240000037476	EXP	szo_kiir: color = {"_rgb":[1,1,1]}
40.303240000037476	EXP	szo_kiir: text = "igény"
40.82241500006057	EXP	szo_kiir: autoDraw = true
41.29947500000708	DATA	Keydown: ArrowRight
41.31187000009231	EXP	szo_kiir: autoDraw = false
41.31187000009231	EXP	szo_kiir: color = {"_rgb":[1,1,1]}
41.31187000009231	EXP	szo_kiir: text = "recialice"
41.820449999999255	EXP	szo_kiir: autoDraw = true
42.72849500004668	DATA	Keydown: ArrowLeft
42.7349900000263	EXP	szo_kiir: autoDraw = false
42.7349900000263	EXP	szo_kiir: color = {"_rgb":[1,1,1]}
42.7349900000263	EXP	szo_kiir: text = "kész"
43.25364000000991	EXP	szo_kiir: autoDraw = true
43.86109500005841	DATA	Keydown: ArrowRight
43.87101500004064	EXP	szo_kiir: autoDraw = false
43.87101500004064	EXP	szo_kiir: color = {"_rgb":[1,1,1]}
43.87101500004064	EXP	szo_kiir: text = "folyik"
44.38615000003483	EXP	szo_kiir: autoDraw = true
44.875700000091456	DATA	Keydown: ArrowRight
44.88399500004016	EXP	szo_kiir: autoDraw = false
44.88399500004016	EXP	szo_kiir: color = {"_rgb":[1,1,1]}
44.88399500004016	EXP	szo_kiir: text = "vörös"
45.40237000002526	EXP	szo_kiir: autoDraw = true
45.845625000074506	DATA	Keydown: ArrowRight
45.853005000040866	EXP	szo_kiir: autoDraw = false
45.853005000040866	EXP	szo_kiir: color = {"_rgb":[1,1,1]}
45.853005000040866	EXP	szo_kiir: text = "református"
46.36911000008695	EXP	szo_kiir: autoDraw = true
47.059845000039786	DATA	Keydown: ArrowRight
47.06621499999892	EXP	szo_kiir: autoDraw = false
47.06621499999892	EXP	szo_kiir: color = {"_rgb":[1,1,1]}
47.06621499999892	EXP	szo_kiir: text = "öröm"
47.58462000009604	EXP	szo_kiir: autoDraw = true
48.03998500003945	DATA	Keydown: ArrowRight
48.05353000003379	EXP	szo_kiir: autoDraw = false
48.05353000003379	EXP	szo_kiir: color = {"_rgb":[1,1,1]}
48.05353000003379	EXP	szo_kiir: text = "kislány"
48.56677999999374	EXP	szo_kiir: autoDraw = true
49.01692500000354	DATA	Keydown: ArrowRight
49.031685000052676	EXP	szo_kiir: autoDraw = false
49.031685000052676	EXP	szo_kiir: color = {"_rgb":[1,1,1]}
49.031685000052676	EXP	szo_kiir: text = "fut"
49.54941500001587	EXP	szo_kiir: autoDraw = true
49.9822400000412	DATA	Keydown: ArrowRight
50.00054000003729	EXP	szo_kiir: autoDraw = false
50.00054000003729	EXP	szo_kiir: color = {"_rgb":[1,1,1]}
50.00054000003729	EXP	szo_kiir: text = "gondol"
50.51585000008345	EXP	szo_kiir: autoDraw = true
50.937269999994896	DATA	Keydown: ArrowRight
50.94731000007596	EXP	szo_kiir: autoDraw = false
50.94731000007596	EXP	szo_kiir: color = {"_rgb":[1,1,1]}
50.94731000007596	EXP	szo_kiir: text = "mozgalom"
51.46498500008602	EXP	szo_kiir: autoDraw = true
51.88773499999661	DATA	Keydown: ArrowRight
51.899995000101626	EXP	szo_kiir: autoDraw = false
51.899995000101626	EXP	szo_kiir: color = {"_rgb":[1,1,1]}
51.899995000101626	EXP	szo_kiir: text = "radikális"
52.41498500003945	EXP	szo_kiir: autoDraw = true
52.84910500003025	DATA	Keydown: ArrowRight
52.863335000001825	EXP	szo_kiir: autoDraw = false
52.863335000001825	EXP	szo_kiir: color = {"_rgb":[1,1,1]}
52.863335000001825	EXP	szo_kiir: text = "csend"
53.3804100000998	EXP	szo_kiir: autoDraw = true
53.98106500005815	DATA	Keydown: ArrowRight
53.99926499999128	EXP	szo_kiir: autoDraw = false
53.99926499999128	EXP	szo_kiir: color = {"_rgb":[1,1,1]}
53.99926499999128	EXP	szo_kiir: text = "márossálha"
54.514005000004545	EXP	szo_kiir: autoDraw = true
55.847975000040606	DATA	Keydown: ArrowLeft
55.861269999993965	EXP	szo_kiir: autoDraw = false
55.861269999993965	EXP	szo_kiir: color = {"_rgb":[1,1,1]}
55.861269999993965	EXP	szo_kiir: text = "kötődik"
56.37995000008959	EXP	szo_kiir: autoDraw = true
56.96434000006411	DATA	Keydown: ArrowRight
56.9802900000941	EXP	szo_kiir: autoDraw = false
56.9802900000941	EXP	szo_kiir: color = {"_rgb":[1,1,1]}
56.9802900000941	EXP	szo_kiir: text = "amoz"
57.49476999999024	EXP	szo_kiir: autoDraw = true
58.4834250001004	DATA	Keydown: ArrowLeft
58.49322500010021	EXP	szo_kiir: autoDraw = false
58.49322500010021	EXP	szo_kiir: color = {"_rgb":[1,1,1]}
58.49322500010021	EXP	szo_kiir: text = "kalcium"
59.010745000094175	EXP	szo_kiir: autoDraw = true
59.60276000003796	DATA	Keydown: ArrowRight
59.61191500001587	EXP	szo_kiir: autoDraw = false
59.61191500001587	EXP	szo_kiir: color = {"_rgb":[1,1,1]}
59.61191500001587	EXP	szo_kiir: text = "maximax"
60.12833000009414	EXP	szo_kiir: autoDraw = true
61.12979999999516	DATA	Keydown: ArrowLeft
61.141425000038	EXP	szo_kiir: autoDraw = false
61.141425000038	EXP	szo_kiir: color = {"_rgb":[1,1,1]}
61.141425000038	EXP	szo_kiir: text = "homok"
61.66016000008676	EXP	szo_kiir: autoDraw = true
62.2106550000608	DATA	Keydown: ArrowRight
62.22682000009809	EXP	szo_kiir: autoDraw = false
62.22682000009809	EXP	szo_kiir: color = {"_rgb":[1,1,1]}
62.22682000009809	EXP	szo_kiir: text = "rom"
62.742040000041015	EXP	szo_kiir: autoDraw = true
63.37918500008527	DATA	Keydown: ArrowRight
63.39043000002857	EXP	szo_kiir: autoDraw = false
63.39043000002857	EXP	szo_kiir: color = {"_rgb":[1,1,1]}
63.39043000002857	EXP	szo_kiir: text = "turné"
63.90802000008989	EXP	szo_kiir: autoDraw = true
64.62410000001546	DATA	Keydown: ArrowRight
64.64245000004303	EXP	szo_kiir: autoDraw = false
64.64245000004303	EXP	szo_kiir: color = {"_rgb":[1,1,1]}
64.64245000004303	EXP	szo_kiir: text = "hullik"
65.15737000002991	EXP	szo_kiir: autoDraw = true
65.61835000000428	DATA	Keydown: ArrowRight
65.6226200000383	EXP	szo_kiir: autoDraw = false
65.6226200000383	EXP	szo_kiir: color = {"_rgb":[1,1,1]}
65.6226200000383	EXP	szo_kiir: text = "sötét"
66.14041500003077	EXP	szo_kiir: autoDraw = true
66.57349500001874	DATA	Keydown: ArrowRight
66.5916450000368	EXP	szo_kiir: autoDraw = false
66.5916450000368	EXP	szo_kiir: color = {"_rgb":[1,1,1]}
66.5916450000368	EXP	szo_kiir: text = "pálódás"
67.10720000008587	EXP	szo_kiir: autoDraw = true
68.87860500009265	DATA	Keydown: ArrowLeft
68.88787000009324	EXP	szo_kiir: autoDraw = false
68.88787000009324	EXP	szo_kiir: color = {"_rgb":[1,1,1]}
68.88787000009324	EXP	szo_kiir: text = "szeudor"
69.40548499999568	EXP	szo_kiir: autoDraw = true
70.33075000008103	DATA	Keydown: ArrowLeft
70.33956500003114	EXP	szo_kiir: autoDraw = false
70.33956500003114	EXP	szo_kiir: color = {"_rgb":[1,1,1]}
70.33956500003114	EXP	szo_kiir: text = "rajzolódik"
70.85483500000555	EXP	szo_kiir: autoDraw = true
71.424350000103	DATA	Keydown: ArrowRight
71.43603000009898	EXP	szo_kiir: autoDraw = false
71.43603000009898	EXP	szo_kiir: color = {"_rgb":[1,1,1]}
71.43603000009898	EXP	szo_kiir: text = "legiző"
71.95389000000432	EXP	szo_kiir: autoDraw = true
73.00429499999154	DATA	Keydown: ArrowLeft
73.02311000006739	EXP	szo_kiir: autoDraw = false
73.02311000006739	EXP	szo_kiir: color = {"_rgb":[1,1,1]}
73.02311000006739	EXP	szo_kiir: text = "kiabál"
73.53612000006251	EXP	szo_kiir: autoDraw = true
74.09649000002537	DATA	Keydown: ArrowRight
74.10118500003591	EXP	szo_kiir: autoDraw = false
74.10118500003591	EXP	szo_kiir: color = {"_rgb":[1,1,1]}
74.10118500003591	EXP	szo_kiir: text = "salógázó"
74.6194400000386	EXP	szo_kiir: autoDraw = true
76.37109000002965	DATA	Keydown: ArrowLeft
76.38753500010353	EXP	szo_kiir: autoDraw = false
76.38753500010353	EXP	szo_kiir: color = {"_rgb":[1,1,1]}
76.38753500010353	EXP	szo_kiir: text = "gaz"
76.90101999999024	EXP	szo_kiir: autoDraw = true
77.40400500001851	DATA	Keydown: ArrowRight
77.4161900000181	EXP	szo_kiir: autoDraw = false
77.4161900000181	EXP	szo_kiir: color = {"_rgb":[1,1,1]}
77.4161900000181	EXP	szo_kiir: text = "főispán"
77.93378000007942	EXP	szo_kiir: autoDraw = true
78.67384000006132	DATA	Keydown: ArrowRight
78.68469500006177	EXP	szo_kiir: autoDraw = false
78.68469500006177	EXP	szo_kiir: color = {"_rgb":[1,1,1]}
78.68469500006177	EXP	szo_kiir: text = "könnyelmű"
79.2005600000266	EXP	szo_kiir: autoDraw = true
79.91070000000764	DATA	Keydown: ArrowRight
79.91448999999557	EXP	szo_kiir: autoDraw = false
79.91448999999557	EXP	szo_kiir: color = {"_rgb":[1,1,1]}
79.91448999999557	EXP	szo_kiir: text = "genom"
80.43250500003342	EXP	szo_kiir: autoDraw = true
81.33154000004288	DATA	Keydown: ArrowRight
81.35027000005357	EXP	szo_kiir: autoDraw = false
81.35027000005357	EXP	szo_kiir: color = {"_rgb":[1,1,1]}
81.35027000005357	EXP	szo_kiir: text = "ötvöződik"
81.86522000003606	EXP	szo_kiir: autoDraw = true
82.66727000009269	DATA	Keydown: ArrowRight
82.67979500000365	EXP	szo_kiir: autoDraw = false
82.67979500000365	EXP	szo_kiir: color = {"_rgb":[1,1,1]}
82.67979500000365	EXP	szo_kiir: text = "attyűködő"
83.19777500000782	EXP	szo_kiir: autoDraw = true
84.46539500006475	DATA	Keydown: ArrowLeft
84.48150500003248	EXP	szo_kiir: autoDraw = false
84.48150500003248	EXP	szo_kiir: color = {"_rgb":[1,1,1]}
84.48150500003248	EXP	szo_kiir: text = "érlelődik"
84.99668000009842	EXP	szo_kiir: autoDraw = true
85.91671000001952	DATA	Keydown: ArrowRight
85.92815000005066	EXP	szo_kiir: autoDraw = false
85.92815000005066	EXP	szo_kiir: color = {"_rgb":[1,1,1]}
85.92815000005066	EXP	szo_kiir: text = "gerifikált"
86.44573000003584	EXP	szo_kiir: autoDraw = true
87.74641500005964	DATA	Keydown: ArrowLeft
87.76271500007715	EXP	szo_kiir: autoDraw = false
87.76271500007715	EXP	szo_kiir: color = {"_rgb":[1,1,1]}
87.76271500007715	EXP	szo_kiir: text = "szobanövény"
88.27863000007346	EXP	szo_kiir: autoDraw = true
89.01396500004921	DATA	Keydown: ArrowRight
89.02626499999315	EXP	szo_kiir: autoDraw = false
89.02626499999315	EXP	szo_kiir: color = {"_rgb":[1,1,1]}
89.02626499999315	EXP	szo_kiir: text = "lendít"
89.54399999999441	EXP	szo_kiir: autoDraw = true
90.1877000000095	DATA	Keydown: ArrowRight
90.19437000004109	EXP	szo_kiir: autoDraw = false
90.19437000004109	EXP	szo_kiir: color = {"_rgb":[1,1,1]}
90.19437000004109	EXP	szo_kiir: text = "szilikát"
90.70995500008576	EXP	szo_kiir: autoDraw = true
91.27578500006348	DATA	Keydown: ArrowRight
91.29187499999534	EXP	szo_kiir: autoDraw = false
91.29187499999534	EXP	szo_kiir: color = {"_rgb":[1,1,1]}
91.29187499999534	EXP	szo_kiir: text = "csattog"
91.80956000008155	EXP	szo_kiir: autoDraw = true
92.27176000003237	DATA	Keydown: ArrowRight
92.27662500005681	EXP	szo_kiir: autoDraw = false
92.27662500005681	EXP	szo_kiir: color = {"_rgb":[1,1,1]}
92.27662500005681	EXP	szo_kiir: text = "tanrend"
92.79237999999896	EXP	szo_kiir: autoDraw = true
93.36139500001445	DATA	Keydown: ArrowRight
93.37396500003524	EXP	szo_kiir: autoDraw = false
93.37396500003524	EXP	szo_kiir: color = {"_rgb":[1,1,1]}
93.37396500003524	EXP	szo_kiir: text = "tévedzik"
93.89161500008777	EXP	szo_kiir: autoDraw = true
95.09503500000574	DATA	Keydown: ArrowLeft
95.10912500007544	EXP	szo_kiir: autoDraw = false
95.10912500007544	EXP	szo_kiir: color = {"_rgb":[1,1,1]}
95.10912500007544	EXP	szo_kiir: text = "abszint"
95.62377500010189	EXP	szo_kiir: autoDraw = true
96.69041500007734	DATA	Keydown: ArrowRight
96.70552499999758	EXP	szo_kiir: autoDraw = false
96.70552499999758	EXP	szo_kiir: color = {"_rgb":[1,1,1]}
96.70552499999758	EXP	szo_kiir: text = "tokmány"
97.22325500007719	EXP	szo_kiir: autoDraw = true
99.33831500005908	DATA	Keydown: ArrowLeft
99.35421000001952	EXP	szo_kiir: autoDraw = false
99.35421000001952	EXP	szo_kiir: color = {"_rgb":[1,1,1]}
99.35421000001952	EXP	szo_kiir: text = "terhelődik"
99.87215499999002	EXP	szo_kiir: autoDraw = true
100.5299450000748	DATA	Keydown: ArrowRight
100.53981500002556	EXP	szo_kiir: autoDraw = false
100.53981500002556	EXP	szo_kiir: color = {"_rgb":[1,1,1]}
100.53981500002556	EXP	szo_kiir: text = "zajkottsi"
101.05398500000592	EXP	szo_kiir: autoDraw = true
101.93680500006303	DATA	Keydown: ArrowLeft
101.9524500000989	EXP	szo_kiir: autoDraw = false
101.9524500000989	EXP	szo_kiir: color = {"_rgb":[1,1,1]}
101.9524500000989	EXP	szo_kiir: text = "sziszeg"
102.47038499999326	EXP	szo_kiir: autoDraw = true
103.46983499999624	DATA	Keydown: ArrowRight
103.4877850000048	EXP	szo_kiir: autoDraw = false
103.4877850000048	EXP	szo_kiir: color = {"_rgb":[1,1,1]}
103.4877850000048	EXP	szo_kiir: text = "lemesség"
104.00268500007223	EXP	szo_kiir: autoDraw = true
105.21867500001099	DATA	Keydown: ArrowLeft
105.23411499999929	EXP	szo_kiir: autoDraw = false
105.23411499999929	EXP	szo_kiir: color = {"_rgb":[1,1,1]}
105.23411499999929	EXP	szo_kiir: text = "rivaldafény"
105.7518150000833	EXP	szo_kiir: autoDraw = true
106.75954500003718	DATA	Keydown: ArrowRight
106.76980000000913	EXP	szo_kiir: autoDraw = false
106.76980000000913	EXP	szo_kiir: color = {"_rgb":[1,1,1]}
106.76980000000913	EXP	szo_kiir: text = "szuperintelligens"
107.28482500009704	EXP	szo_kiir: autoDraw = true
108.8097050000215	DATA	Keydown: ArrowRight
108.81570500007365	EXP	szo_kiir: autoDraw = false
108.81570500007365	EXP	szo_kiir: color = {"_rgb":[1,1,1]}
108.81570500007365	EXP	szo_kiir: text = "zökkévei"
109.33279500005301	EXP	szo_kiir: autoDraw = true
110.71568000002299	DATA	Keydown: ArrowLeft
110.73407000000589	EXP	szo_kiir: autoDraw = false
110.73407000000589	EXP	szo_kiir: color = {"_rgb":[1,1,1]}
110.73407000000589	EXP	szo_kiir: text = "irracionalizmus"
111.24902500002645	EXP	szo_kiir: autoDraw = true
112.1738900000928	DATA	Keydown: ArrowRight
112.18021500005852	EXP	szo_kiir: autoDraw = false
112.18021500005852	EXP	szo_kiir: color = {"_rgb":[1,1,1]}
112.18021500005852	EXP	szo_kiir: text = "kollapszus"
112.6978550000349	EXP	szo_kiir: autoDraw = true
114.01341000001412	DATA	Keydown: ArrowLeft
114.02940500003751	EXP	szo_kiir: autoDraw = false
114.02940500003751	EXP	szo_kiir: color = {"_rgb":[1,1,1]}
114.02940500003751	EXP	szo_kiir: text = "hadijáték"
114.54702000005636	EXP	szo_kiir: autoDraw = true
115.43206500005908	DATA	Keydown: ArrowRight
115.44744500005618	EXP	szo_kiir: autoDraw = false
115.44744500005618	EXP	szo_kiir: color = {"_rgb":[1,1,1]}
115.44744500005618	EXP	szo_kiir: text = "magnezit"
115.96298000006936	EXP	szo_kiir: autoDraw = true
117.25014500005636	DATA	Keydown: ArrowLeft
117.26074500009418	EXP	szo_kiir: autoDraw = false
117.26074500009418	EXP	szo_kiir: color = {"_rgb":[1,1,1]}
117.26074500009418	EXP	szo_kiir: text = "nyelvcsap"
117.7785000000149	EXP	szo_kiir: autoDraw = true
118.41906000010204	DATA	Keydown: ArrowRight
118.42654000001494	EXP	szo_kiir: autoDraw = false
118.42654000001494	EXP	szo_kiir: color = {"_rgb":[1,1,1]}
118.42654000001494	EXP	szo_kiir: text = "anyajogú"
118.94498000002932	EXP	szo_kiir: autoDraw = true
120.38861500006169	DATA	Keydown: ArrowRight
120.39569999999367	EXP	szo_kiir: autoDraw = false
120.39569999999367	EXP	szo_kiir: color = {"_rgb":[1,1,1]}
120.39569999999367	EXP	szo_kiir: text = "konföderatív"
120.91111500002444	EXP	szo_kiir: autoDraw = true
122.07566500001121	DATA	Keydown: ArrowRight
122.09148500009906	EXP	szo_kiir: autoDraw = false
122.09148500009906	EXP	szo_kiir: color = {"_rgb":[1,1,1]}
122.09148500009906	EXP	szo_kiir: text = "sövet"
122.60898000001907	EXP	szo_kiir: autoDraw = true
124.8276799999876	DATA	Keydown: ArrowLeft
124.8439500000095	EXP	szo_kiir: autoDraw = false
124.8439500000095	EXP	szo_kiir: color = {"_rgb":[1,1,1]}
124.8439500000095	EXP	szo_kiir: text = "szabadjegy"
125.35780500003602	EXP	szo_kiir: autoDraw = true
126.07907500001602	DATA	Keydown: ArrowRight
126.08895500004292	EXP	szo_kiir: autoDraw = false
126.08895500004292	EXP	szo_kiir: color = {"_rgb":[1,1,1]}
126.08895500004292	EXP	szo_kiir: text = "barlódiurné"
126.60681500006467	EXP	szo_kiir: autoDraw = true
127.75644500006456	DATA	Keydown: ArrowLeft
127.77417500002775	EXP	szo_kiir: autoDraw = false
127.77417500002775	EXP	szo_kiir: color = {"_rgb":[1,1,1]}
127.77417500002775	EXP	szo_kiir: text = "majánosol"
128.2893000000622	EXP	szo_kiir: autoDraw = true
129.66082500002813	DATA	Keydown: ArrowLeft
129.67056500003673	EXP	szo_kiir: autoDraw = false
129.67056500003673	EXP	szo_kiir: color = {"_rgb":[1,1,1]}
129.67056500003673	EXP	szo_kiir: text = "vagdalthús"
130.189100000076	EXP	szo_kiir: autoDraw = true
131.23037000000477	DATA	Keydown: ArrowRight
131.2387100000633	EXP	szo_kiir: autoDraw = false
131.2387100000633	EXP	szo_kiir: color = {"_rgb":[1,1,1]}
131.2387100000633	EXP	szo_kiir: text = "kontrapunkt"
131.75400000007357	EXP	szo_kiir: autoDraw = true
133.22765000001527	DATA	Keydown: ArrowLeft
133.23529500002041	EXP	szo_kiir: autoDraw = false
133.23529500002041	EXP	szo_kiir: color = {"_rgb":[1,1,1]}
133.23529500002041	EXP	szo_kiir: text = "repedtfazék"
133.75315500004217	EXP	szo_kiir: autoDraw = true
135.40657500003	DATA	Keydown: ArrowRight
135.41754000005312	EXP	szo_kiir: autoDraw = false
135.41754000005312	EXP	szo_kiir: color = {"_rgb":[1,1,1]}
135.41754000005312	EXP	szo_kiir: text = "fókabőr"
135.93520000006538	EXP	szo_kiir: autoDraw = true
137.0373050000053	DATA	Keydown: ArrowRight
137.0534350000089	EXP	szo_kiir: autoDraw = false
137.0534350000089	EXP	szo_kiir: color = {"_rgb":[1,1,1]}
137.0534350000089	EXP	szo_kiir: text = "sárfolt"
137.5675100000808	EXP	szo_kiir: autoDraw = true
138.20679000008386	DATA	Keydown: ArrowRight
138.2158000000054	EXP	szo_kiir: autoDraw = false
138.2158000000054	EXP	szo_kiir: color = {"_rgb":[1,1,1]}
138.2158000000054	EXP	szo_kiir: text = "tangózik"
138.73351000004914	EXP	szo_kiir: autoDraw = true
139.3851700000232	DATA	Keydown: ArrowRight
139.40124999999534	EXP	szo_kiir: autoDraw = false
139.40124999999534	EXP	szo_kiir: color = {"_rgb":[1,1,1]}
139.40124999999534	EXP	szo_kiir: text = "mérgesít"
139.91624000004958	EXP	szo_kiir: autoDraw = true
140.44362000003457	DATA	Keydown: ArrowRight
140.44807500008028	EXP	szo_kiir: autoDraw = false
140.44807500008028	EXP	szo_kiir: color = {"_rgb":[1,1,1]}
140.44807500008028	EXP	szo_kiir: text = "mellényzseb"
140.96566500002518	EXP	szo_kiir: autoDraw = true
142.25080500007607	DATA	Keydown: ArrowRight
142.26641999999993	EXP	szo_kiir: autoDraw = false
142.26641999999993	EXP	szo_kiir: color = {"_rgb":[1,1,1]}
142.26641999999993	EXP	szo_kiir: text = "hangyabogáncs"
142.78153500007465	EXP	szo_kiir: autoDraw = true
143.68807999999262	DATA	Keydown: ArrowRight
143.6961650000885	EXP	szo_kiir: autoDraw = false
143.6961650000885	EXP	szo_kiir: color = {"_rgb":[1,1,1]}
143.6961650000885	EXP	szo_kiir: text = "öklendez"
144.21385500009637	EXP	szo_kiir: autoDraw = true
144.9296350000659	DATA	Keydown: ArrowRight
144.9482700000517	EXP	szo_kiir: autoDraw = false
144.9482700000517	EXP	szo_kiir: color = {"_rgb":[1,1,1]}
144.9482700000517	EXP	szo_kiir: text = "organizál"
145.46311500004958	EXP	szo_kiir: autoDraw = true
147.73259999998845	DATA	Keydown: ArrowRight
147.7440250000218	EXP	szo_kiir: autoDraw = false
147.7440250000218	EXP	szo_kiir: color = {"_rgb":[1,1,1]}
147.7440250000218	EXP	szo_kiir: text = "szedelődzködik"
148.26193999999668	EXP	szo_kiir: autoDraw = true
149.96033999999054	DATA	Keydown: ArrowRight
149.97927000001073	EXP	szo_kiir: autoDraw = false
149.97927000001073	EXP	szo_kiir: color = {"_rgb":[1,1,1]}
149.97927000001073	EXP	szo_kiir: text = "evakuál"
150.49363500007894	EXP	szo_kiir: autoDraw = true
151.40461500000674	DATA	Keydown: ArrowRight
151.40853000001516	EXP	szo_kiir: autoDraw = false
151.40853000001516	EXP	szo_kiir: color = {"_rgb":[1,1,1]}
151.40853000001516	EXP	szo_kiir: text = "szeizmogram"
151.92652500001714	EXP	szo_kiir: autoDraw = true
152.89374000008684	DATA	Keydown: ArrowLeft
152.90763999999035	EXP	szo_kiir: autoDraw = false
152.90763999999035	EXP	szo_kiir: color = {"_rgb":[1,1,1]}
152.90763999999035	EXP	szo_kiir: text = "vabank"
153.42543000006117	EXP	szo_kiir: autoDraw = true
154.8291400000453	DATA	Keydown: ArrowLeft
154.83977000007872	EXP	szo_kiir: autoDraw = false
154.83977000007872	EXP	szo_kiir: color = {"_rgb":[1,1,1]}
154.83977000007872	EXP	szo_kiir: text = "nomináljövedelem"
155.3580250000814	EXP	szo_kiir: autoDraw = true
158.11454500001855	DATA	Keydown: ArrowLeft
158.12459000002127	EXP	szo_kiir: autoDraw = false
158.12459000002127	EXP	szo_kiir: color = {"_rgb":[1,1,1]}
158.12459000002127	EXP	szo_kiir: text = "füvesít"
158.64000500005204	EXP	szo_kiir: autoDraw = true
159.90795000002254	DATA	Keydown: ArrowRight
159.92050500004552	EXP	szo_kiir: autoDraw = false
159.92050500004552	EXP	szo_kiir: color = {"_rgb":[1,1,1]}
159.92050500004552	EXP	szo_kiir: text = "fenőszíj"
160.43838500010315	EXP	szo_kiir: autoDraw = true
161.67064500006381	DATA	Keydown: ArrowRight
161.6900350000942	EXP	szo_kiir: autoDraw = false
161.6900350000942	EXP	szo_kiir: color = {"_rgb":[1,1,1]}
161.6900350000942	EXP	szo_kiir: text = "homeomorfizmus"
162.2044300000416	EXP	szo_kiir: autoDraw = true
164.2603550000349	DATA	Keydown: ArrowLeft
164.2681600000942	EXP	szo_kiir: autoDraw = false
164.2681600000942	EXP	szo_kiir: color = {"_rgb":[1,1,1]}
164.2681600000942	EXP	szo_kiir: text = "stalp"
164.78560500009917	EXP	szo_kiir: autoDraw = true
165.80148000002373	DATA	Keydown: ArrowLeft
165.8173550000647	EXP	szo_kiir: autoDraw = false
165.8173550000647	EXP	szo_kiir: color = {"_rgb":[1,1,1]}
165.8173550000647	EXP	szo_kiir: text = "hidegház"
166.33517500001471	EXP	szo_kiir: autoDraw = true
167.12761000008322	DATA	Keydown: ArrowRight
167.13676500006113	EXP	szo_kiir: autoDraw = false
167.13676500006113	EXP	szo_kiir: color = {"_rgb":[1,1,1]}
167.13676500006113	EXP	szo_kiir: text = "truccol"
167.6509500000393	EXP	szo_kiir: autoDraw = true
168.7333000000799	DATA	Keydown: ArrowLeft
168.74907000001986	EXP	szo_kiir: autoDraw = false
168.74907000001986	EXP	szo_kiir: color = {"_rgb":[1,1,1]}
168.74907000001986	EXP	szo_kiir: text = "katéterez"
169.26683000009507	EXP	szo_kiir: autoDraw = true
170.54911000002176	DATA	Keydown: ArrowRight
170.56455000001006	EXP	szo_kiir: autoDraw = false
170.56455000001006	EXP	szo_kiir: color = {"_rgb":[1,1,1]}
170.56455000001006	EXP	szo_kiir: text = "fókázik"
171.08281500008889	EXP	szo_kiir: autoDraw = true
171.64332000003196	DATA	Keydown: ArrowRight
171.65014000004157	EXP	szo_kiir: autoDraw = false
171.65014000004157	EXP	szo_kiir: color = {"_rgb":[1,1,1]}
171.65014000004157	EXP	szo_kiir: text = "nyersmodorú"
172.16494000004604	EXP	szo_kiir: autoDraw = true
173.06737500010058	DATA	Keydown: ArrowRight
173.0796950000804	EXP	szo_kiir: autoDraw = false
173.0796950000804	EXP	szo_kiir: color = {"_rgb":[1,1,1]}
173.0796950000804	EXP	szo_kiir: text = "hendesen"
173.59781000006478	EXP	szo_kiir: autoDraw = true
174.6922050000867	DATA	Keydown: ArrowLeft
174.69807500008028	EXP	szo_kiir: autoDraw = false
174.69807500008028	EXP	szo_kiir: color = {"_rgb":[1,1,1]}
174.69807500008028	EXP	szo_kiir: text = "felcsavaroz"
175.21350499999244	EXP	szo_kiir: autoDraw = true
176.19591000000946	DATA	Keydown: ArrowRight
176.2114850000944	EXP	szo_kiir: autoDraw = false
176.2114850000944	EXP	szo_kiir: color = {"_rgb":[1,1,1]}
176.2114850000944	EXP	szo_kiir: text = "hérósz"
176.72924000001512	EXP	szo_kiir: autoDraw = true
177.96677500009537	DATA	Keydown: ArrowLeft
177.97743500000797	EXP	szo_kiir: autoDraw = false
177.97743500000797	EXP	szo_kiir: color = {"_rgb":[1,1,1]}
177.97743500000797	EXP	szo_kiir: text = "horganyfehér"
178.49509500002023	EXP	szo_kiir: autoDraw = true
180.01923000009265	DATA	Keydown: ArrowLeft
180.02612500009127	EXP	szo_kiir: autoDraw = false
180.02612500009127	EXP	szo_kiir: color = {"_rgb":[1,1,1]}
180.02612500009127	EXP	szo_kiir: text = "takorák"
180.5446150000207	EXP	szo_kiir: autoDraw = true
181.96513000002597	DATA	Keydown: ArrowLeft
181.97728500002995	EXP	szo_kiir: autoDraw = false
181.97728500002995	EXP	szo_kiir: color = {"_rgb":[1,1,1]}
181.97728500002995	EXP	szo_kiir: text = "irtókert"
182.49262000003364	EXP	szo_kiir: autoDraw = true
183.47933000000194	DATA	Keydown: ArrowLeft
183.490615000017	EXP	szo_kiir: autoDraw = false
183.490615000017	EXP	szo_kiir: color = {"_rgb":[1,1,1]}
183.490615000017	EXP	szo_kiir: text = "balhitű"
184.0084200000856	EXP	szo_kiir: autoDraw = true
185.04549000004772	DATA	Keydown: ArrowRight
185.05999000009615	EXP	szo_kiir: autoDraw = false
185.05999000009615	EXP	szo_kiir: color = {"_rgb":[1,1,1]}
185.05999000009615	EXP	szo_kiir: text = "kurzivál"
185.57483500009403	EXP	szo_kiir: autoDraw = true
186.4076650000643	DATA	Keydown: ArrowLeft
186.42249500006437	EXP	szo_kiir: autoDraw = false
186.42249500006437	EXP	szo_kiir: color = {"_rgb":[1,1,1]}
186.42249500006437	EXP	szo_kiir: text = "transzplantál"
186.94064000004437	EXP	szo_kiir: autoDraw = true
188.19011000008322	DATA	Keydown: ArrowRight
188.2050450000679	EXP	szo_kiir: autoDraw = false
188.2050450000679	EXP	szo_kiir: color = {"_rgb":[1,1,1]}
188.2050450000679	EXP	szo_kiir: text = "alka"
188.72250500007067	EXP	szo_kiir: autoDraw = true
189.50896000000648	DATA	Keydown: ArrowLeft
189.52347000001464	EXP	szo_kiir: autoDraw = false
189.52347000001464	EXP	szo_kiir: color = {"_rgb":[1,1,1]}
189.52347000001464	EXP	szo_kiir: text = "okoztatozó"
190.03849000006448	EXP	szo_kiir: autoDraw = true
192.13711500004865	DATA	Keydown: ArrowLeft
192.15270500001498	EXP	szo_kiir: autoDraw = false
192.15270500001498	EXP	szo_kiir: color = {"_rgb":[1,1,1]}
192.15270500001498	EXP	szo_kiir: text = "polcol"
192.67034499999136	EXP	szo_kiir: autoDraw = true
193.6533150000032	DATA	Keydown: ArrowRight
193.671030000085	EXP	szo_kiir: autoDraw = false
193.671030000085	EXP	szo_kiir: color = {"_rgb":[1,1,1]}
193.671030000085	EXP	szo_kiir: text = "antra"
194.18608500005212	EXP	szo_kiir: autoDraw = true
194.87273000006098	DATA	Keydown: ArrowLeft
194.8846050000284	EXP	szo_kiir: autoDraw = false
194.8846050000284	EXP	szo_kiir: color = {"_rgb":[1,1,1]}
194.8846050000284	EXP	szo_kiir: text = "antikommutatív"
195.4031299999915	EXP	szo_kiir: autoDraw = true
197.34323500003666	DATA	Keydown: ArrowRight
197.35287500009872	EXP	szo_kiir: autoDraw = false
197.35287500009872	EXP	szo_kiir: color = {"_rgb":[1,1,1]}
197.35287500009872	EXP	szo_kiir: text = "széledez"
197.86751500004902	EXP	szo_kiir: autoDraw = true
198.77484000008553	DATA	Keydown: ArrowLeft
198.7824350000592	EXP	szo_kiir: autoDraw = false
198.7824350000592	EXP	szo_kiir: color = {"_rgb":[1,1,1]}
198.7824350000592	EXP	szo_kiir: text = "rosítottsi"
199.30023500008974	EXP	szo_kiir: autoDraw = true
200.409645000007	DATA	Keydown: ArrowLeft
200.41463500005193	EXP	szo_kiir: autoDraw = false
200.41463500005193	EXP	szo_kiir: color = {"_rgb":[1,1,1]}
200.41463500005193	EXP	szo_kiir: text = "kencéz"
200.93268000008538	EXP	szo_kiir: autoDraw = true
201.68504500004929	DATA	Keydown: ArrowLeft
201.69751000008546	EXP	szo_kiir: autoDraw = false
201.69751000008546	EXP	szo_kiir: color = {"_rgb":[1,1,1]}
201.69751000008546	EXP	szo_kiir: text = "aximai"
202.21721999999136	EXP	szo_kiir: autoDraw = true
203.34749499999452	DATA	Keydown: ArrowLeft
203.36583500006236	EXP	szo_kiir: autoDraw = false
203.36583500006236	EXP	szo_kiir: color = {"_rgb":[1,1,1]}
203.36583500006236	EXP	szo_kiir: text = "degusztál"
203.88077500008512	EXP	szo_kiir: autoDraw = true
204.8417250000639	DATA	Keydown: ArrowLeft
204.84566500002984	EXP	szo_kiir: autoDraw = false
204.84566500002984	EXP	szo_kiir: color = {"_rgb":[1,1,1]}
204.84566500002984	EXP	szo_kiir: text = "cséltás"
205.36339000007138	EXP	szo_kiir: autoDraw = true
206.56968499999493	DATA	Keydown: ArrowLeft
206.5784950000234	EXP	szo_kiir: autoDraw = false
206.5784950000234	EXP	szo_kiir: color = {"_rgb":[1,1,1]}
206.5784950000234	EXP	szo_kiir: text = "gyámpont"
207.09590000007302	EXP	szo_kiir: autoDraw = true
208.1444500000216	DATA	Keydown: ArrowRight
208.16569000005256	EXP	szo_kiir: autoDraw = false
208.16569000005256	EXP	koszi_szoveg: autoDraw = true
