0.0825549999717623	EXP	Created Window = Window( name=Window, fullscr=true, color=#000000, units=norm, waitBlanking=true, autoLog=true, size=[1600,757] )
1.6389499999932013	DATA	Keydown: 1
1.820400000025984	DATA	Keydown: 0
2.0404449999914505	DATA	Keydown: 0
2.8286649999790825	DATA	Keydown: undefined
6.04842499998631	DATA	Keydown: n
6.343164999969304	DATA	Keydown: ő
8.357420000014827	DATA	Keydown: 2
8.657345000014175	DATA	Keydown: 0
8.830770000000484	DATA	Keydown: 0
9.03790499997558	DATA	Keydown: 0
10.451739999989513	DATA	Keydown: .
10.63983499997994	DATA	Keydown: 0
10.97102499997709	DATA	Keydown: 3
11.241785000020172	DATA	Keydown: .
11.708624999970198	DATA	Keydown: 1
11.96162999997614	DATA	Keydown: 3
15.733605000015814	DATA	Keydown: 1
16.134214999969117	DATA	Keydown: 4
19.40150999999605	EXP	Created instruction_text1 = TextStim( name=instruction_text1, win=Window( name=Window, fullscr=true, color=#000000, ~), autoDraw=null, autoLog=true, units=norm, ori=null, opacity=1, pos=[0,0], size=undefined, text=Ön most szavakat fog látni.

Ezek között lesznek o~, font=Arial, color=#ffffff, contrast=1, height=0.05, bold=null, italic=null, alignHoriz=left, alignVert=center, wrapWidth=1, flipHoriz=null, flipVert=null )
19.40630999999121	EXP	Created instruction_text2 = TextStim( name=instruction_text2, win=Window( name=Window, fullscr=true, color=#000000, ~), autoDraw=null, autoLog=true, units=norm, ori=null, opacity=1, pos=[0,0], size=undefined, text=Először két egyszerű példát mutatunk Önnek.

Az el~, font=Arial, color=#FFFFFF, contrast=1, height=0.05, bold=null, italic=null, alignHoriz=left, alignVert=center, wrapWidth=1, flipHoriz=null, flipVert=null )
19.40875000000233	EXP	Created show_text = TextStim( name=show_text, win=Window( name=Window, fullscr=true, color=#000000, ~), autoDraw=null, autoLog=true, units=norm, ori=null, opacity=1, pos=[0,0], size=undefined, text=asztal, font=Arial, color=#FFFFFF, contrast=1, height=0.2, bold=null, italic=null, alignHoriz=left, alignVert=center, wrapWidth=1, flipHoriz=null, flipVert=null )
19.410020000010263	EXP	Created text = TextStim( name=text, win=Window( name=Window, fullscr=true, color=#000000, ~), autoDraw=null, autoLog=true, units=norm, ori=null, opacity=1, pos=[0,0], size=undefined, text=bzsmfsztal, font=Arial, color=#FFFFFF, contrast=1, height=0.2, bold=null, italic=null, alignHoriz=left, alignVert=center, wrapWidth=1, flipHoriz=null, flipVert=null )
19.411925000022165	EXP	Created instruction_text3 = TextStim( name=instruction_text3, win=Window( name=Window, fullscr=true, color=#000000, ~), autoDraw=null, autoLog=true, units=norm, ori=null, opacity=1, pos=[0,0], size=undefined, text=Pazar. Most kezdődik az igazi kísérlet. Néhány per~, font=Arial, color=#FFFFFF, contrast=1, height=0.1, bold=null, italic=null, alignHoriz=left, alignVert=center, wrapWidth=1, flipHoriz=null, flipVert=null )
19.412710000004154	EXP	Created szo_kiir = TextStim( name=szo_kiir, win=Window( name=Window, fullscr=true, color=#000000, ~), autoDraw=null, autoLog=true, units=norm, ori=null, opacity=1, pos=[0,0], size=undefined, text=default text, font=Arial, color=#FFFFFF, contrast=1, height=0.2, bold=null, italic=null, alignHoriz=left, alignVert=center, wrapWidth=1, flipHoriz=null, flipVert=null )
19.413349999987986	EXP	Created koszi_szoveg = TextStim( name=koszi_szoveg, win=Window( name=Window, fullscr=true, color=#000000, ~), autoDraw=null, autoLog=true, units=norm, ori=null, opacity=1, pos=[0,0], size=undefined, text=Vége a kísérletnek. Köszönjük a részvételt!, font=arial, color=#ffffff, contrast=1, height=0.1, bold=null, italic=null, alignHoriz=left, alignVert=center, wrapWidth=1, flipHoriz=null, flipVert=null )
19.53080000000773	EXP	instruction_text1: units = "norm"
19.53080000000773	EXP	instruction_text1: ori = 0
19.53080000000773	EXP	instruction_text1: opacity = 1
19.53080000000773	EXP	instruction_text1: pos = [0,0]
19.53080000000773	EXP	instruction_text1: size = undefined
19.53080000000773	EXP	instruction_text1: text = "Ön most szavakat fog látni.\n\nEzek között lesznek olyanok, amelyeket ismer, de előfordulhatnak olyanok is, amelyeket nem ismer, sőt, vannak köztük kitalált szavak is. \n\nKérjük, ha ismeri a képernyőn látható szót, nyomja meg a JOBB kurzorbillentyűt.\nKérjük, ha NEM ismeri a képernyőn látható szót, vagy azt gondolja, nincs ilyen szó a magyarban, nyomja meg a BAL kurzorbillentyűt.\n\nAz 'Ismerem a szót' döntés itt most ezt jelenti: találkoztam már vele, és van valami elképzelésem a jelentéséről is.  \n\nNyomjon meg bármilyen billentyűt a folytatáshoz."
19.53080000000773	EXP	instruction_text1: font = "Arial"
19.53080000000773	EXP	instruction_text1: color = {"_rgb":[1,1,1]}
19.53080000000773	EXP	instruction_text1: contrast = 1
19.53080000000773	EXP	instruction_text1: height = 0.05
19.53080000000773	EXP	instruction_text1: bold = false
19.53080000000773	EXP	instruction_text1: italic = false
19.53080000000773	EXP	instruction_text1: alignHoriz = "left"
19.53080000000773	EXP	instruction_text1: alignVert = "center"
19.53080000000773	EXP	instruction_text1: wrapWidth = 1
19.53080000000773	EXP	instruction_text1: flipHoriz = false
19.53080000000773	EXP	instruction_text1: flipVert = false
19.53080000000773	EXP	instruction_text2: units = "norm"
19.53080000000773	EXP	instruction_text2: ori = 0
19.53080000000773	EXP	instruction_text2: opacity = 1
19.53080000000773	EXP	instruction_text2: pos = [0,0]
19.53080000000773	EXP	instruction_text2: size = undefined
19.53080000000773	EXP	instruction_text2: text = "Először két egyszerű példát mutatunk Önnek.\n\nAz első szó létezik a magyarban, és valószínűleg Ön is ismeri. Itt nyomja majd meg a jobb kurzorbillentyűt.\nA második szó nem létezik a magyar nyelvben. Itt nyomja majd meg a bal kurzorbillentyűt.\n\nFontos, hogy a jobb gombot a jobb kezével, a bal gombot a bal kezével nyomja, ha tudja, és ne egy kezét használja a kísérletben.\n\nNyomjon meg bármilyen gombot a folytatáshoz."
19.53080000000773	EXP	instruction_text2: font = "Arial"
19.53080000000773	EXP	instruction_text2: color = {"_hex":"#FFFFFF","_rgb":[1,1,1]}
19.53080000000773	EXP	instruction_text2: contrast = 1
19.53080000000773	EXP	instruction_text2: height = 0.05
19.53080000000773	EXP	instruction_text2: bold = false
19.53080000000773	EXP	instruction_text2: italic = false
19.53080000000773	EXP	instruction_text2: alignHoriz = "left"
19.53080000000773	EXP	instruction_text2: alignVert = "center"
19.53080000000773	EXP	instruction_text2: wrapWidth = 1
19.53080000000773	EXP	instruction_text2: flipHoriz = false
19.53080000000773	EXP	instruction_text2: flipVert = false
19.53080000000773	EXP	show_text: units = "norm"
19.53080000000773	EXP	show_text: ori = 0
19.53080000000773	EXP	show_text: opacity = 1
19.53080000000773	EXP	show_text: pos = [0,0]
19.53080000000773	EXP	show_text: size = undefined
19.53080000000773	EXP	show_text: text = "asztal"
19.53080000000773	EXP	show_text: font = "Arial"
19.53080000000773	EXP	show_text: color = {"_hex":"#FFFFFF","_rgb":[1,1,1]}
19.53080000000773	EXP	show_text: contrast = 1
19.53080000000773	EXP	show_text: height = 0.2
19.53080000000773	EXP	show_text: bold = false
19.53080000000773	EXP	show_text: italic = false
19.53080000000773	EXP	show_text: alignHoriz = "left"
19.53080000000773	EXP	show_text: alignVert = "center"
19.53080000000773	EXP	show_text: wrapWidth = 1
19.53080000000773	EXP	show_text: flipHoriz = false
19.53080000000773	EXP	show_text: flipVert = false
19.53080000000773	EXP	text: units = "norm"
19.53080000000773	EXP	text: ori = 0
19.53080000000773	EXP	text: opacity = 1
19.53080000000773	EXP	text: pos = [0,0]
19.53080000000773	EXP	text: size = undefined
19.53080000000773	EXP	text: text = "bzsmfsztal"
19.53080000000773	EXP	text: font = "Arial"
19.53080000000773	EXP	text: color = {"_hex":"#FFFFFF","_rgb":[1,1,1]}
19.53080000000773	EXP	text: contrast = 1
19.53080000000773	EXP	text: height = 0.2
19.53080000000773	EXP	text: bold = false
19.53080000000773	EXP	text: italic = false
19.53080000000773	EXP	text: alignHoriz = "left"
19.53080000000773	EXP	text: alignVert = "center"
19.53080000000773	EXP	text: wrapWidth = 1
19.53080000000773	EXP	text: flipHoriz = false
19.53080000000773	EXP	text: flipVert = false
19.53080000000773	EXP	instruction_text3: units = "norm"
19.53080000000773	EXP	instruction_text3: ori = 0
19.53080000000773	EXP	instruction_text3: opacity = 1
19.53080000000773	EXP	instruction_text3: pos = [0,0]
19.53080000000773	EXP	instruction_text3: size = undefined
19.53080000000773	EXP	instruction_text3: text = "Pazar. Most kezdődik az igazi kísérlet. Néhány percig fog tartani. Nem kell nagyon sietnie, de igyekezzen gyorsan válaszolni.\n\nNe feledje, ha tudja, a jobb gombot a jobbkezével, a bal gombot a balkezével nyomja le.\n\nNyomjon meg bármilyen gombot a folytatáshoz."
19.53080000000773	EXP	instruction_text3: font = "Arial"
19.53080000000773	EXP	instruction_text3: color = {"_hex":"#FFFFFF","_rgb":[1,1,1]}
19.53080000000773	EXP	instruction_text3: contrast = 1
19.53080000000773	EXP	instruction_text3: height = 0.1
19.53080000000773	EXP	instruction_text3: bold = false
19.53080000000773	EXP	instruction_text3: italic = false
19.53080000000773	EXP	instruction_text3: alignHoriz = "left"
19.53080000000773	EXP	instruction_text3: alignVert = "center"
19.53080000000773	EXP	instruction_text3: wrapWidth = 1
19.53080000000773	EXP	instruction_text3: flipHoriz = false
19.53080000000773	EXP	instruction_text3: flipVert = false
19.53080000000773	EXP	szo_kiir: units = "norm"
19.53080000000773	EXP	szo_kiir: ori = 0
19.53080000000773	EXP	szo_kiir: opacity = 1
19.53080000000773	EXP	szo_kiir: pos = [0,0]
19.53080000000773	EXP	szo_kiir: size = undefined
19.53080000000773	EXP	szo_kiir: text = "default text"
19.53080000000773	EXP	szo_kiir: font = "Arial"
19.53080000000773	EXP	szo_kiir: color = {"_hex":"#FFFFFF","_rgb":[1,1,1]}
19.53080000000773	EXP	szo_kiir: contrast = 1
19.53080000000773	EXP	szo_kiir: height = 0.2
19.53080000000773	EXP	szo_kiir: bold = false
19.53080000000773	EXP	szo_kiir: italic = false
19.53080000000773	EXP	szo_kiir: alignHoriz = "left"
19.53080000000773	EXP	szo_kiir: alignVert = "center"
19.53080000000773	EXP	szo_kiir: wrapWidth = 1
19.53080000000773	EXP	szo_kiir: flipHoriz = false
19.53080000000773	EXP	szo_kiir: flipVert = false
19.53080000000773	EXP	koszi_szoveg: units = "norm"
19.53080000000773	EXP	koszi_szoveg: ori = 0
19.53080000000773	EXP	koszi_szoveg: opacity = 1
19.53080000000773	EXP	koszi_szoveg: pos = [0,0]
19.53080000000773	EXP	koszi_szoveg: size = undefined
19.53080000000773	EXP	koszi_szoveg: text = "Vége a kísérletnek. Köszönjük a részvételt!"
19.53080000000773	EXP	koszi_szoveg: font = "arial"
19.53080000000773	EXP	koszi_szoveg: color = {"_rgb":[1,1,1]}
19.53080000000773	EXP	koszi_szoveg: contrast = 1
19.53080000000773	EXP	koszi_szoveg: height = 0.1
19.53080000000773	EXP	koszi_szoveg: bold = false
19.53080000000773	EXP	koszi_szoveg: italic = false
19.53080000000773	EXP	koszi_szoveg: alignHoriz = "left"
19.53080000000773	EXP	koszi_szoveg: alignVert = "center"
19.53080000000773	EXP	koszi_szoveg: wrapWidth = 1
19.53080000000773	EXP	koszi_szoveg: flipHoriz = false
19.53080000000773	EXP	koszi_szoveg: flipVert = false
19.53080000000773	EXP	instruction_text1: autoDraw = true
48.28485499997623	DATA	Keydown: ArrowRight
48.30109500000253	EXP	instruction_text1: autoDraw = false
48.30109500000253	EXP	instruction_text2: autoDraw = true
65.78966000000946	DATA	Keydown: ArrowRight
65.80482499999925	EXP	instruction_text2: autoDraw = false
66.34552500001155	EXP	show_text: autoDraw = true
67.54847999999765	DATA	Keydown: ArrowRight
67.55269500002032	EXP	show_text: autoDraw = false
68.07235500001116	EXP	text: autoDraw = true
69.08742499997607	DATA	Keydown: ArrowLeft
69.13173999998253	EXP	text: autoDraw = false
69.13173999998253	EXP	instruction_text3: autoDraw = true
78.1849950000178	DATA	Keydown: ArrowRight
78.26592500001425	EXP	instruction_text3: autoDraw = false
78.26592500001425	EXP	szo_kiir: color = {"_rgb":[1,1,1]}
78.26592500001425	EXP	szo_kiir: text = "nagy"
78.78462499997113	EXP	szo_kiir: autoDraw = true
79.42243999999482	DATA	Keydown: ArrowRight
79.43418500002008	EXP	szo_kiir: autoDraw = false
79.43418500002008	EXP	szo_kiir: color = {"_rgb":[1,1,1]}
79.43418500002008	EXP	szo_kiir: text = "dolog"
79.95536999998149	EXP	szo_kiir: autoDraw = true
80.6717049999861	DATA	Keydown: ArrowRight
80.69438000000082	EXP	szo_kiir: autoDraw = false
80.69438000000082	EXP	szo_kiir: color = {"_rgb":[1,1,1]}
80.69438000000082	EXP	szo_kiir: text = "rozintem"
81.20401500002481	EXP	szo_kiir: autoDraw = true
82.54979999997886	DATA	Keydown: ArrowLeft
82.56549000000814	EXP	szo_kiir: autoDraw = false
82.56549000000814	EXP	szo_kiir: color = {"_rgb":[1,1,1]}
82.56549000000814	EXP	szo_kiir: text = "látszik"
83.08645499998238	EXP	szo_kiir: autoDraw = true
83.61651500000153	DATA	Keydown: ArrowRight
83.66059500002302	EXP	szo_kiir: autoDraw = false
83.66059500002302	EXP	szo_kiir: color = {"_rgb":[1,1,1]}
83.66059500002302	EXP	szo_kiir: text = "perilita"
84.16914499999257	EXP	szo_kiir: autoDraw = true
85.53304499998922	DATA	Keydown: ArrowLeft
85.54849000001559	EXP	szo_kiir: autoDraw = false
85.54849000001559	EXP	szo_kiir: color = {"_rgb":[1,1,1]}
85.54849000001559	EXP	szo_kiir: text = "időszak"
86.06491499999538	EXP	szo_kiir: autoDraw = true
86.61683000001358	DATA	Keydown: ArrowRight
86.66473000001861	EXP	szo_kiir: autoDraw = false
86.66473000001861	EXP	szo_kiir: color = {"_rgb":[1,1,1]}
86.66473000001861	EXP	szo_kiir: text = "boldog"
87.18413000000874	EXP	szo_kiir: autoDraw = true
87.68491499999072	DATA	Keydown: ArrowRight
87.6969950000057	EXP	szo_kiir: autoDraw = false
87.6969950000057	EXP	szo_kiir: color = {"_rgb":[1,1,1]}
87.6969950000057	EXP	szo_kiir: text = "zenekar"
88.21255499997642	EXP	szo_kiir: autoDraw = true
88.73629999998957	DATA	Keydown: ArrowRight
88.76572500000475	EXP	szo_kiir: autoDraw = false
88.76572500000475	EXP	szo_kiir: color = {"_rgb":[1,1,1]}
88.76572500000475	EXP	szo_kiir: text = "skadai"
89.27905499999179	EXP	szo_kiir: autoDraw = true
90.26731999998447	DATA	Keydown: ArrowLeft
90.27973499998916	EXP	szo_kiir: autoDraw = false
90.27973499998916	EXP	szo_kiir: color = {"_rgb":[1,1,1]}
90.27973499998916	EXP	szo_kiir: text = "folyik"
90.79995499999495	EXP	szo_kiir: autoDraw = true
91.53938999999082	DATA	Keydown: ArrowRight
91.56149499997264	EXP	szo_kiir: autoDraw = false
91.56149499997264	EXP	szo_kiir: color = {"_rgb":[1,1,1]}
91.56149499997264	EXP	szo_kiir: text = "maliző"
92.08224499999778	EXP	szo_kiir: autoDraw = true
93.53392999997595	DATA	Keydown: ArrowLeft
93.54643500002567	EXP	szo_kiir: autoDraw = false
93.54643500002567	EXP	szo_kiir: color = {"_rgb":[1,1,1]}
93.54643500002567	EXP	szo_kiir: text = "bakú"
94.06607499998063	EXP	szo_kiir: autoDraw = true
97.18375500000548	DATA	Keydown: ArrowRight
97.19523999997182	EXP	szo_kiir: autoDraw = false
97.19523999997182	EXP	szo_kiir: color = {"_rgb":[1,1,1]}
97.19523999997182	EXP	szo_kiir: text = "alkalom"
97.71418499998981	EXP	szo_kiir: autoDraw = true
98.33137500000885	DATA	Keydown: ArrowRight
98.3636449999758	EXP	szo_kiir: autoDraw = false
98.3636449999758	EXP	szo_kiir: color = {"_rgb":[1,1,1]}
98.3636449999758	EXP	szo_kiir: text = "kiskolható"
98.88315499998862	EXP	szo_kiir: autoDraw = true
101.49919000000227	DATA	Keydown: ArrowLeft
101.50970499997493	EXP	szo_kiir: autoDraw = false
101.50970499997493	EXP	szo_kiir: color = {"_rgb":[1,1,1]}
101.50970499997493	EXP	szo_kiir: text = "illegális"
102.03013999998802	EXP	szo_kiir: autoDraw = true
102.67478499998106	DATA	Keydown: ArrowRight
102.7033550000051	EXP	szo_kiir: autoDraw = false
102.7033550000051	EXP	szo_kiir: color = {"_rgb":[1,1,1]}
102.7033550000051	EXP	szo_kiir: text = "látvány"
103.2134499999811	EXP	szo_kiir: autoDraw = true
103.84568999998737	DATA	Keydown: ArrowRight
103.85817000002135	EXP	szo_kiir: autoDraw = false
103.85817000002135	EXP	szo_kiir: color = {"_rgb":[1,1,1]}
103.85817000002135	EXP	szo_kiir: text = "jogosult"
104.3806849999819	EXP	szo_kiir: autoDraw = true
104.97606499999529	DATA	Keydown: ArrowRight
105.00057999999262	EXP	szo_kiir: autoDraw = false
105.00057999999262	EXP	szo_kiir: color = {"_rgb":[1,1,1]}
105.00057999999262	EXP	szo_kiir: text = "rock"
105.51293500000611	EXP	szo_kiir: autoDraw = true
108.20890500000678	DATA	Keydown: ArrowRight
108.22499000001699	EXP	szo_kiir: autoDraw = false
108.22499000001699	EXP	szo_kiir: color = {"_rgb":[1,1,1]}
108.22499000001699	EXP	szo_kiir: text = "ausztrál"
108.74611000000732	EXP	szo_kiir: autoDraw = true
109.49303499999223	DATA	Keydown: ArrowRight
109.52160500001628	EXP	szo_kiir: autoDraw = false
109.52160500001628	EXP	szo_kiir: color = {"_rgb":[1,1,1]}
109.52160500001628	EXP	szo_kiir: text = "cselekmény"
110.02905499999179	EXP	szo_kiir: autoDraw = true
110.81027499999618	DATA	Keydown: ArrowRight
110.82363499997882	EXP	szo_kiir: autoDraw = false
110.82363499997882	EXP	szo_kiir: color = {"_rgb":[1,1,1]}
110.82363499997882	EXP	szo_kiir: text = "minimálbér"
111.34333000000333	EXP	szo_kiir: autoDraw = true
112.03980999998748	DATA	Keydown: ArrowRight
112.06697500002338	EXP	szo_kiir: autoDraw = false
112.06697500002338	EXP	szo_kiir: color = {"_rgb":[1,1,1]}
112.06697500002338	EXP	szo_kiir: text = "vád"
112.57653999998001	EXP	szo_kiir: autoDraw = true
113.05836500000441	DATA	Keydown: ArrowRight
113.07335500000045	EXP	szo_kiir: autoDraw = false
113.07335500000045	EXP	szo_kiir: color = {"_rgb":[1,1,1]}
113.07335500000045	EXP	szo_kiir: text = "űrlap"
113.59421499999007	EXP	szo_kiir: autoDraw = true
113.99131499999203	DATA	Keydown: ArrowRight
114.0215549999848	EXP	szo_kiir: autoDraw = false
114.0215549999848	EXP	szo_kiir: color = {"_rgb":[1,1,1]}
114.0215549999848	EXP	szo_kiir: text = "naiv"
114.54183000000194	EXP	szo_kiir: autoDraw = true
115.15824999997858	DATA	Keydown: ArrowRight
115.17246999999043	EXP	szo_kiir: autoDraw = false
115.17246999999043	EXP	szo_kiir: color = {"_rgb":[1,1,1]}
115.17246999999043	EXP	szo_kiir: text = "majozárói"
115.69255999999586	EXP	szo_kiir: autoDraw = true
117.4617899999721	DATA	Keydown: ArrowLeft
117.47940499999095	EXP	szo_kiir: autoDraw = false
117.47940499999095	EXP	szo_kiir: color = {"_rgb":[1,1,1]}
117.47940499999095	EXP	szo_kiir: text = "szichosol"
117.99128000001656	EXP	szo_kiir: autoDraw = true
120.9478399999789	DATA	Keydown: ArrowLeft
120.9549850000185	EXP	szo_kiir: autoDraw = false
120.9549850000185	EXP	szo_kiir: color = {"_rgb":[1,1,1]}
120.9549850000185	EXP	szo_kiir: text = "lebeg"
121.47328500001458	EXP	szo_kiir: autoDraw = true
122.01189500000328	DATA	Keydown: ArrowRight
122.03747500001919	EXP	szo_kiir: autoDraw = false
122.03747500001919	EXP	szo_kiir: color = {"_rgb":[1,1,1]}
122.03747500001919	EXP	szo_kiir: text = "esztikussz"
122.55582499998854	EXP	szo_kiir: autoDraw = true
124.2219599999953	DATA	Keydown: ArrowLeft
124.23449499998242	EXP	szo_kiir: autoDraw = false
124.23449499998242	EXP	szo_kiir: color = {"_rgb":[1,1,1]}
124.23449499998242	EXP	szo_kiir: text = "mítosz"
124.75667999999132	EXP	szo_kiir: autoDraw = true
125.38822999998229	DATA	Keydown: ArrowRight
125.41318999999203	EXP	szo_kiir: autoDraw = false
125.41318999999203	EXP	szo_kiir: color = {"_rgb":[1,1,1]}
125.41318999999203	EXP	szo_kiir: text = "agyag"
125.92291000002297	EXP	szo_kiir: autoDraw = true
126.37125000002561	DATA	Keydown: ArrowRight
126.38575999997556	EXP	szo_kiir: autoDraw = false
126.38575999997556	EXP	szo_kiir: color = {"_rgb":[1,1,1]}
126.38575999997556	EXP	szo_kiir: text = "rak"
126.90431999997236	EXP	szo_kiir: autoDraw = true
127.35408499999903	DATA	Keydown: ArrowRight
127.3889349999954	EXP	szo_kiir: autoDraw = false
127.3889349999954	EXP	szo_kiir: color = {"_rgb":[1,1,1]}
127.3889349999954	EXP	szo_kiir: text = "osztozik"
127.90193499997258	EXP	szo_kiir: autoDraw = true
128.56205000000773	DATA	Keydown: ArrowRight
128.56810500001302	EXP	szo_kiir: autoDraw = false
128.56810500001302	EXP	szo_kiir: color = {"_rgb":[1,1,1]}
128.56810500001302	EXP	szo_kiir: text = "égitest"
129.08860999997705	EXP	szo_kiir: autoDraw = true
129.7810949999839	DATA	Keydown: ArrowRight
129.80089499999303	EXP	szo_kiir: autoDraw = false
129.80089499999303	EXP	szo_kiir: color = {"_rgb":[1,1,1]}
129.80089499999303	EXP	szo_kiir: text = "holttest"
130.320950000023	EXP	szo_kiir: autoDraw = true
130.86881999997422	DATA	Keydown: ArrowRight
130.88459999999031	EXP	szo_kiir: autoDraw = false
130.88459999999031	EXP	szo_kiir: color = {"_rgb":[1,1,1]}
130.88459999999031	EXP	szo_kiir: text = "végbél"
131.40415000001667	EXP	szo_kiir: autoDraw = true
131.98810000001686	DATA	Keydown: ArrowRight
132.02984500001185	EXP	szo_kiir: autoDraw = false
132.02984500001185	EXP	szo_kiir: color = {"_rgb":[1,1,1]}
132.02984500001185	EXP	szo_kiir: text = "kóser"
132.53919999999925	EXP	szo_kiir: autoDraw = true
133.4463049999904	DATA	Keydown: ArrowRight
133.45110000000568	EXP	szo_kiir: autoDraw = false
133.45110000000568	EXP	szo_kiir: color = {"_rgb":[1,1,1]}
133.45110000000568	EXP	szo_kiir: text = "parmezán"
133.97003500000574	EXP	szo_kiir: autoDraw = true
134.65174000000115	DATA	Keydown: ArrowRight
134.68022999999812	EXP	szo_kiir: autoDraw = false
134.68022999999812	EXP	szo_kiir: color = {"_rgb":[1,1,1]}
134.68022999999812	EXP	szo_kiir: text = "szorong"
135.18358000001172	EXP	szo_kiir: autoDraw = true
135.75166999996873	DATA	Keydown: ArrowRight
135.76640000002226	EXP	szo_kiir: autoDraw = false
135.76640000002226	EXP	szo_kiir: color = {"_rgb":[1,1,1]}
135.76640000002226	EXP	szo_kiir: text = "frisáles"
136.28588500001933	EXP	szo_kiir: autoDraw = true
137.62371999997413	DATA	Keydown: ArrowLeft
137.64789000002202	EXP	szo_kiir: autoDraw = false
137.64789000002202	EXP	szo_kiir: color = {"_rgb":[1,1,1]}
137.64789000002202	EXP	szo_kiir: text = "arisztokratikus"
138.1686950000003	EXP	szo_kiir: autoDraw = true
139.9013050000067	DATA	Keydown: ArrowRight
139.912949999969	EXP	szo_kiir: autoDraw = false
139.912949999969	EXP	szo_kiir: color = {"_rgb":[1,1,1]}
139.912949999969	EXP	szo_kiir: text = "katerült"
140.43579999997746	EXP	szo_kiir: autoDraw = true
142.86959000001661	DATA	Keydown: ArrowLeft
142.8880900000222	EXP	szo_kiir: autoDraw = false
142.8880900000222	EXP	szo_kiir: color = {"_rgb":[1,1,1]}
142.8880900000222	EXP	szo_kiir: text = "fanatizmus"
143.40373499999987	EXP	szo_kiir: autoDraw = true
144.04856000002474	DATA	Keydown: ArrowRight
144.06330500001786	EXP	szo_kiir: autoDraw = false
144.06330500001786	EXP	szo_kiir: color = {"_rgb":[1,1,1]}
144.06330500001786	EXP	szo_kiir: text = "pátia"
144.58308000001125	EXP	szo_kiir: autoDraw = true
145.78609999996843	DATA	Keydown: ArrowRight
145.7973650000058	EXP	szo_kiir: autoDraw = false
145.7973650000058	EXP	szo_kiir: color = {"_rgb":[1,1,1]}
145.7973650000058	EXP	szo_kiir: text = "nagydíj"
146.31578499998432	EXP	szo_kiir: autoDraw = true
147.08146499999566	DATA	Keydown: ArrowRight
147.12184500001604	EXP	szo_kiir: autoDraw = false
147.12184500001604	EXP	szo_kiir: color = {"_rgb":[1,1,1]}
147.12184500001604	EXP	szo_kiir: text = "aprimitmus"
147.63377499999478	EXP	szo_kiir: autoDraw = true
149.54966000001878	DATA	Keydown: ArrowLeft
149.56221499998355	EXP	szo_kiir: autoDraw = false
149.56221499998355	EXP	szo_kiir: color = {"_rgb":[1,1,1]}
149.56221499998355	EXP	szo_kiir: text = "attasé"
150.08191499998793	EXP	szo_kiir: autoDraw = true
150.97565500001656	DATA	Keydown: ArrowRight
150.99106500000926	EXP	szo_kiir: autoDraw = false
150.99106500000926	EXP	szo_kiir: color = {"_rgb":[1,1,1]}
150.99106500000926	EXP	szo_kiir: text = "biotermék"
151.4987700000056	EXP	szo_kiir: autoDraw = true
152.217874999973	DATA	Keydown: ArrowRight
152.2277999999933	EXP	szo_kiir: autoDraw = false
152.2277999999933	EXP	szo_kiir: color = {"_rgb":[1,1,1]}
152.2277999999933	EXP	szo_kiir: text = "deutérium"
152.74778500001412	EXP	szo_kiir: autoDraw = true
153.77234999998473	DATA	Keydown: ArrowRight
153.79743500001496	EXP	szo_kiir: autoDraw = false
153.79743500001496	EXP	szo_kiir: color = {"_rgb":[1,1,1]}
153.79743500001496	EXP	szo_kiir: text = "kivitelez"
154.30986500001745	EXP	szo_kiir: autoDraw = true
155.3431499999715	DATA	Keydown: ArrowRight
155.3583900000085	EXP	szo_kiir: autoDraw = false
155.3583900000085	EXP	szo_kiir: color = {"_rgb":[1,1,1]}
155.3583900000085	EXP	szo_kiir: text = "hidroxid"
155.87748500000453	EXP	szo_kiir: autoDraw = true
156.65005499997642	DATA	Keydown: ArrowRight
156.67566499998793	EXP	szo_kiir: autoDraw = false
156.67566499998793	EXP	szo_kiir: color = {"_rgb":[1,1,1]}
156.67566499998793	EXP	szo_kiir: text = "káder"
157.17975000001024	EXP	szo_kiir: autoDraw = true
158.09860999998637	DATA	Keydown: ArrowRight
158.10943000001134	EXP	szo_kiir: autoDraw = false
158.10943000001134	EXP	szo_kiir: color = {"_rgb":[1,1,1]}
158.10943000001134	EXP	szo_kiir: text = "felezéri"
158.62932499998715	EXP	szo_kiir: autoDraw = true
161.40185999998357	DATA	Keydown: ArrowLeft
161.42461500002537	EXP	szo_kiir: autoDraw = false
161.42461500002537	EXP	szo_kiir: color = {"_rgb":[1,1,1]}
161.42461500002537	EXP	szo_kiir: text = "kormányrúd"
161.94394500000635	EXP	szo_kiir: autoDraw = true
163.83260000002338	DATA	Keydown: ArrowRight
163.84142000001157	EXP	szo_kiir: autoDraw = false
163.84142000001157	EXP	szo_kiir: color = {"_rgb":[1,1,1]}
163.84142000001157	EXP	szo_kiir: text = "kurzív"
164.36083000001963	EXP	szo_kiir: autoDraw = true
166.94557500001974	DATA	Keydown: ArrowLeft
166.95860000001267	EXP	szo_kiir: autoDraw = false
166.95860000001267	EXP	szo_kiir: color = {"_rgb":[1,1,1]}
166.95860000001267	EXP	szo_kiir: text = "konfirki"
167.47716000000946	EXP	szo_kiir: autoDraw = true
168.94164500001352	DATA	Keydown: ArrowLeft
168.96914000000106	EXP	szo_kiir: autoDraw = false
168.96914000000106	EXP	szo_kiir: color = {"_rgb":[1,1,1]}
168.96914000000106	EXP	szo_kiir: text = "firkál"
169.47560499998508	EXP	szo_kiir: autoDraw = true
170.0825499999919	DATA	Keydown: ArrowRight
170.08974999998463	EXP	szo_kiir: autoDraw = false
170.08974999998463	EXP	szo_kiir: color = {"_rgb":[1,1,1]}
170.08974999998463	EXP	szo_kiir: text = "lemesség"
170.60957999998936	EXP	szo_kiir: autoDraw = true
173.0746849999996	DATA	Keydown: ArrowLeft
173.10229999996955	EXP	szo_kiir: autoDraw = false
173.10229999996955	EXP	szo_kiir: color = {"_rgb":[1,1,1]}
173.10229999996955	EXP	szo_kiir: text = "orientál"
173.60870500002056	EXP	szo_kiir: autoDraw = true
174.37349999998696	DATA	Keydown: ArrowRight
174.38863000000129	EXP	szo_kiir: autoDraw = false
174.38863000000129	EXP	szo_kiir: color = {"_rgb":[1,1,1]}
174.38863000000129	EXP	szo_kiir: text = "gézengúz"
174.9074499999988	EXP	szo_kiir: autoDraw = true
175.7743200000259	DATA	Keydown: ArrowRight
175.81002999999328	EXP	szo_kiir: autoDraw = false
175.81002999999328	EXP	szo_kiir: color = {"_rgb":[1,1,1]}
175.81002999999328	EXP	szo_kiir: text = "oszcillál"
176.32423500000732	EXP	szo_kiir: autoDraw = true
177.12173999997322	DATA	Keydown: ArrowRight
177.1374599999981	EXP	szo_kiir: autoDraw = false
177.1374599999981	EXP	szo_kiir: color = {"_rgb":[1,1,1]}
177.1374599999981	EXP	szo_kiir: text = "megrohad"
177.65688500000397	EXP	szo_kiir: autoDraw = true
178.40572500001872	DATA	Keydown: ArrowRight
178.4319849999738	EXP	szo_kiir: autoDraw = false
178.4319849999738	EXP	szo_kiir: color = {"_rgb":[1,1,1]}
178.4319849999738	EXP	szo_kiir: text = "magnezit"
178.93832499999553	EXP	szo_kiir: autoDraw = true
179.7965349999722	DATA	Keydown: ArrowRight
179.80131999996956	EXP	szo_kiir: autoDraw = false
179.80131999996956	EXP	szo_kiir: color = {"_rgb":[1,1,1]}
179.80131999996956	EXP	szo_kiir: text = "monetarizmus"
180.32250999996904	EXP	szo_kiir: autoDraw = true
182.31027499999618	DATA	Keydown: ArrowRight
182.3291999999783	EXP	szo_kiir: autoDraw = false
182.3291999999783	EXP	szo_kiir: color = {"_rgb":[1,1,1]}
182.3291999999783	EXP	szo_kiir: text = "sövet"
182.83655000000726	EXP	szo_kiir: autoDraw = true
184.02282000001287	DATA	Keydown: ArrowLeft
184.03406500001438	EXP	szo_kiir: autoDraw = false
184.03406500001438	EXP	szo_kiir: color = {"_rgb":[1,1,1]}
184.03406500001438	EXP	szo_kiir: text = "gágy"
184.55207999999402	EXP	szo_kiir: autoDraw = true
186.23402999999234	DATA	Keydown: ArrowLeft
186.25452000001678	EXP	szo_kiir: autoDraw = false
186.25452000001678	EXP	szo_kiir: color = {"_rgb":[1,1,1]}
186.25452000001678	EXP	szo_kiir: text = "dádá"
186.76889000000665	EXP	szo_kiir: autoDraw = true
188.0011049999739	DATA	Keydown: ArrowLeft
188.01598500000546	EXP	szo_kiir: autoDraw = false
188.01598500000546	EXP	szo_kiir: color = {"_rgb":[1,1,1]}
188.01598500000546	EXP	szo_kiir: text = "takaréktűzhely"
188.53462499997113	EXP	szo_kiir: autoDraw = true
190.83500000002095	DATA	Keydown: ArrowRight
190.8497900000075	EXP	szo_kiir: autoDraw = false
190.8497900000075	EXP	szo_kiir: color = {"_rgb":[1,1,1]}
190.8497900000075	EXP	szo_kiir: text = "interpretátor"
191.370345000003	EXP	szo_kiir: autoDraw = true
193.07001999998465	DATA	Keydown: ArrowRight
193.0874199999962	EXP	szo_kiir: autoDraw = false
193.0874199999962	EXP	szo_kiir: color = {"_rgb":[1,1,1]}
193.0874199999962	EXP	szo_kiir: text = "keszon"
193.6035050000064	EXP	szo_kiir: autoDraw = true
194.8341950000031	DATA	Keydown: ArrowRight
194.84935500001302	EXP	szo_kiir: autoDraw = false
194.84935500001302	EXP	szo_kiir: color = {"_rgb":[1,1,1]}
194.84935500001302	EXP	szo_kiir: text = "szánkózik"
195.3692700000247	EXP	szo_kiir: autoDraw = true
196.72144499997376	DATA	Keydown: ArrowRight
196.74096999998437	EXP	szo_kiir: autoDraw = false
196.74096999998437	EXP	szo_kiir: color = {"_rgb":[1,1,1]}
196.74096999998437	EXP	szo_kiir: text = "retálhit"
197.25082000001566	EXP	szo_kiir: autoDraw = true
198.74099000002025	DATA	Keydown: ArrowLeft
198.74894499999937	EXP	szo_kiir: autoDraw = false
198.74894499999937	EXP	szo_kiir: color = {"_rgb":[1,1,1]}
198.74894499999937	EXP	szo_kiir: text = "egant"
199.26918499998283	EXP	szo_kiir: autoDraw = true
200.23164999997243	DATA	Keydown: ArrowLeft
200.2517050000024	EXP	szo_kiir: autoDraw = false
200.2517050000024	EXP	szo_kiir: color = {"_rgb":[1,1,1]}
200.2517050000024	EXP	szo_kiir: text = "gór"
200.7687300000107	EXP	szo_kiir: autoDraw = true
201.46606499998597	DATA	Keydown: ArrowLeft
201.48128000000725	EXP	szo_kiir: autoDraw = false
201.48128000000725	EXP	szo_kiir: color = {"_rgb":[1,1,1]}
201.48128000000725	EXP	szo_kiir: text = "szolúbilis"
201.9998449999839	EXP	szo_kiir: autoDraw = true
203.83072500000708	DATA	Keydown: ArrowRight
203.84565999999177	EXP	szo_kiir: autoDraw = false
203.84565999999177	EXP	szo_kiir: color = {"_rgb":[1,1,1]}
203.84565999999177	EXP	szo_kiir: text = "lumpenproletariátus"
204.3689449999947	EXP	szo_kiir: autoDraw = true
208.01395499997307	DATA	Keydown: ArrowLeft
208.0305449999869	EXP	szo_kiir: autoDraw = false
208.0305449999869	EXP	szo_kiir: color = {"_rgb":[1,1,1]}
208.0305449999869	EXP	szo_kiir: text = "hullong"
208.54859000002034	EXP	szo_kiir: autoDraw = true
209.37991000001784	DATA	Keydown: ArrowLeft
209.40605499997037	EXP	szo_kiir: autoDraw = false
209.40605499997037	EXP	szo_kiir: color = {"_rgb":[1,1,1]}
209.40605499997037	EXP	szo_kiir: text = "szemtükör"
209.9107499999809	EXP	szo_kiir: autoDraw = true
210.6459700000123	DATA	Keydown: ArrowRight
210.6613500000094	EXP	szo_kiir: autoDraw = false
210.6613500000094	EXP	szo_kiir: color = {"_rgb":[1,1,1]}
210.6613500000094	EXP	szo_kiir: text = "rücsök"
211.18086999998195	EXP	szo_kiir: autoDraw = true
214.30305500002578	DATA	Keydown: ArrowLeft
214.3106099999859	EXP	szo_kiir: autoDraw = false
214.3106099999859	EXP	szo_kiir: color = {"_rgb":[1,1,1]}
214.3106099999859	EXP	szo_kiir: text = "hegelianizmus"
214.83045000000857	EXP	szo_kiir: autoDraw = true
217.38193999999203	DATA	Keydown: ArrowLeft
217.39283000002615	EXP	szo_kiir: autoDraw = false
217.39283000002615	EXP	szo_kiir: color = {"_rgb":[1,1,1]}
217.39283000002615	EXP	szo_kiir: text = "multiregionális"
217.9105649999692	EXP	szo_kiir: autoDraw = true
219.23000500001945	DATA	Keydown: ArrowRight
219.25946999998996	EXP	szo_kiir: autoDraw = false
219.25946999998996	EXP	szo_kiir: color = {"_rgb":[1,1,1]}
219.25946999998996	EXP	szo_kiir: text = "abeti"
219.77857999998378	EXP	szo_kiir: autoDraw = true
220.66576499998337	DATA	Keydown: ArrowLeft
220.6751500000246	EXP	szo_kiir: autoDraw = false
220.6751500000246	EXP	szo_kiir: color = {"_rgb":[1,1,1]}
220.6751500000246	EXP	szo_kiir: text = "zomás"
221.1913550000172	EXP	szo_kiir: autoDraw = true
222.4930249999743	DATA	Keydown: ArrowLeft
222.51913999998942	EXP	szo_kiir: autoDraw = false
222.51913999998942	EXP	szo_kiir: color = {"_rgb":[1,1,1]}
222.51913999998942	EXP	szo_kiir: text = "megpadék"
223.02786500001093	EXP	szo_kiir: autoDraw = true
224.65916500001913	DATA	Keydown: ArrowLeft
224.6732900000061	EXP	szo_kiir: autoDraw = false
224.6732900000061	EXP	szo_kiir: color = {"_rgb":[1,1,1]}
224.6732900000061	EXP	szo_kiir: text = "bűvkör"
225.19410999998217	EXP	szo_kiir: autoDraw = true
226.9244399999734	DATA	Keydown: ArrowLeft
226.93970500002615	EXP	szo_kiir: autoDraw = false
226.93970500002615	EXP	szo_kiir: color = {"_rgb":[1,1,1]}
226.93970500002615	EXP	szo_kiir: text = "zenő"
227.45957499998622	EXP	szo_kiir: autoDraw = true
228.94820500002243	DATA	Keydown: ArrowLeft
228.96698999998625	EXP	szo_kiir: autoDraw = false
228.96698999998625	EXP	szo_kiir: color = {"_rgb":[1,1,1]}
228.96698999998625	EXP	szo_kiir: text = "vabank"
229.47565999999642	EXP	szo_kiir: autoDraw = true
231.04553499998292	DATA	Keydown: ArrowLeft
231.05471499997657	EXP	szo_kiir: autoDraw = false
231.05471499997657	EXP	szo_kiir: color = {"_rgb":[1,1,1]}
231.05471499997657	EXP	szo_kiir: text = "nyagy"
231.57474000001093	EXP	szo_kiir: autoDraw = true
233.07089999999152	DATA	Keydown: ArrowLeft
233.08643999998458	EXP	szo_kiir: autoDraw = false
233.08643999998458	EXP	szo_kiir: color = {"_rgb":[1,1,1]}
233.08643999998458	EXP	szo_kiir: text = "nomináljövedelem"
233.60982999997213	EXP	szo_kiir: autoDraw = true
235.09344999998575	DATA	Keydown: ArrowRight
235.11594499996863	EXP	szo_kiir: autoDraw = false
235.11594499996863	EXP	szo_kiir: color = {"_rgb":[1,1,1]}
235.11594499996863	EXP	szo_kiir: text = "tömődékhet"
235.6239100000239	EXP	szo_kiir: autoDraw = true
237.64699500001734	DATA	Keydown: ArrowLeft
237.65352499997243	EXP	szo_kiir: autoDraw = false
237.65352499997243	EXP	szo_kiir: color = {"_rgb":[1,1,1]}
237.65352499997243	EXP	szo_kiir: text = "többhagyos"
238.1734750000178	EXP	szo_kiir: autoDraw = true
239.4964649999747	DATA	Keydown: ArrowLeft
239.52023999998346	EXP	szo_kiir: autoDraw = false
239.52023999998346	EXP	szo_kiir: color = {"_rgb":[1,1,1]}
239.52023999998346	EXP	szo_kiir: text = "klozettpapír"
240.03740500001004	EXP	szo_kiir: autoDraw = true
241.54446000000462	DATA	Keydown: ArrowRight
241.55227500002366	EXP	szo_kiir: autoDraw = false
241.55227500002366	EXP	szo_kiir: color = {"_rgb":[1,1,1]}
241.55227500002366	EXP	szo_kiir: text = "házorom"
242.07190999999875	EXP	szo_kiir: autoDraw = true
243.1707700000261	DATA	Keydown: ArrowRight
243.20233499997994	EXP	szo_kiir: autoDraw = false
243.20233499997994	EXP	szo_kiir: color = {"_rgb":[1,1,1]}
243.20233499997994	EXP	szo_kiir: text = "suszi"
243.7218400000129	EXP	szo_kiir: autoDraw = true
246.7132649999694	DATA	Keydown: ArrowLeft
246.7185799999861	EXP	szo_kiir: autoDraw = false
246.7185799999861	EXP	szo_kiir: color = {"_rgb":[1,1,1]}
246.7185799999861	EXP	szo_kiir: text = "áradmány"
247.23752000002423	EXP	szo_kiir: autoDraw = true
249.9111649999977	DATA	Keydown: ArrowLeft
249.91655500000343	EXP	szo_kiir: autoDraw = false
249.91655500000343	EXP	szo_kiir: color = {"_rgb":[1,1,1]}
249.91655500000343	EXP	szo_kiir: text = "fentereg"
250.43660000001546	EXP	szo_kiir: autoDraw = true
253.292695000011	DATA	Keydown: ArrowLeft
253.3002250000136	EXP	szo_kiir: autoDraw = false
253.3002250000136	EXP	szo_kiir: color = {"_rgb":[1,1,1]}
253.3002250000136	EXP	szo_kiir: text = "fókázik"
253.81818000000203	EXP	szo_kiir: autoDraw = true
254.90734999999404	DATA	Keydown: ArrowRight
254.9246999999741	EXP	szo_kiir: autoDraw = false
254.9246999999741	EXP	szo_kiir: color = {"_rgb":[1,1,1]}
254.9246999999741	EXP	szo_kiir: text = "buktázik"
255.43598499998916	EXP	szo_kiir: autoDraw = true
257.64293999999063	DATA	Keydown: ArrowRight
257.649150000012	EXP	szo_kiir: autoDraw = false
257.649150000012	EXP	szo_kiir: color = {"_rgb":[1,1,1]}
257.649150000012	EXP	szo_kiir: text = "őrint"
258.16828500002157	EXP	szo_kiir: autoDraw = true
259.0373350000009	DATA	Keydown: ArrowLeft
259.0490400000126	EXP	szo_kiir: autoDraw = false
259.0490400000126	EXP	szo_kiir: color = {"_rgb":[1,1,1]}
259.0490400000126	EXP	szo_kiir: text = "szemfa"
259.5676899999962	EXP	szo_kiir: autoDraw = true
260.9735399999772	DATA	Keydown: ArrowRight
260.9797799999942	EXP	szo_kiir: autoDraw = false
260.9797799999942	EXP	szo_kiir: color = {"_rgb":[1,1,1]}
260.9797799999942	EXP	szo_kiir: text = "hordócsap"
261.497389999975	EXP	szo_kiir: autoDraw = true
264.3399249999784	DATA	Keydown: ArrowRight
264.34707499999786	EXP	szo_kiir: autoDraw = false
264.34707499999786	EXP	szo_kiir: color = {"_rgb":[1,1,1]}
264.34707499999786	EXP	szo_kiir: text = "szénaköteg"
264.86223999998765	EXP	szo_kiir: autoDraw = true
265.98872999998275	DATA	Keydown: ArrowRight
266.01430999999866	EXP	szo_kiir: autoDraw = false
266.01430999999866	EXP	szo_kiir: color = {"_rgb":[1,1,1]}
266.01430999999866	EXP	szo_kiir: text = "hátall"
266.53371499996865	EXP	szo_kiir: autoDraw = true
267.8068150000181	DATA	Keydown: ArrowRight
267.81248000002233	EXP	szo_kiir: autoDraw = false
267.81248000002233	EXP	szo_kiir: color = {"_rgb":[1,1,1]}
267.81248000002233	EXP	szo_kiir: text = "öklelőzik"
268.3314000000246	EXP	szo_kiir: autoDraw = true
271.06926499999827	DATA	Keydown: ArrowLeft
271.07817499997327	EXP	szo_kiir: autoDraw = false
271.07817499997327	EXP	szo_kiir: color = {"_rgb":[1,1,1]}
271.07817499997327	EXP	szo_kiir: text = "konverzál"
271.595794999972	EXP	szo_kiir: autoDraw = true
272.57745500002056	DATA	Keydown: ArrowRight
272.60431000002427	EXP	szo_kiir: autoDraw = false
272.60431000002427	EXP	szo_kiir: color = {"_rgb":[1,1,1]}
272.60431000002427	EXP	szo_kiir: text = "alka"
273.1088549999986	EXP	szo_kiir: autoDraw = true
273.7949200000148	DATA	Keydown: ArrowLeft
273.81032499996945	EXP	szo_kiir: autoDraw = false
273.81032499996945	EXP	szo_kiir: color = {"_rgb":[1,1,1]}
273.81032499996945	EXP	szo_kiir: text = "kurzivál"
274.3275450000074	EXP	szo_kiir: autoDraw = true
276.3365399999893	DATA	Keydown: ArrowLeft
276.3403200000175	EXP	szo_kiir: autoDraw = false
276.3403200000175	EXP	szo_kiir: color = {"_rgb":[1,1,1]}
276.3403200000175	EXP	szo_kiir: text = "erődéki"
276.85791999998037	EXP	szo_kiir: autoDraw = true
278.26629499997944	DATA	Keydown: ArrowLeft
278.28972499998054	EXP	szo_kiir: autoDraw = false
278.28972499998054	EXP	szo_kiir: color = {"_rgb":[1,1,1]}
278.28972499998054	EXP	szo_kiir: text = "rojtoz"
278.7949099999969	EXP	szo_kiir: autoDraw = true
279.69279000000097	DATA	Keydown: ArrowRight
279.7081500000204	EXP	szo_kiir: autoDraw = false
279.7081500000204	EXP	szo_kiir: color = {"_rgb":[1,1,1]}
279.7081500000204	EXP	szo_kiir: text = "csapdáz"
280.22759000002407	EXP	szo_kiir: autoDraw = true
281.3639850000036	DATA	Keydown: ArrowRight
281.38631500001065	EXP	szo_kiir: autoDraw = false
281.38631500001065	EXP	szo_kiir: color = {"_rgb":[1,1,1]}
281.38631500001065	EXP	szo_kiir: text = "nemesbít"
281.89380000001984	EXP	szo_kiir: autoDraw = true
283.0753000000259	DATA	Keydown: ArrowRight
283.09035000001313	EXP	szo_kiir: autoDraw = false
283.09035000001313	EXP	szo_kiir: color = {"_rgb":[1,1,1]}
283.09035000001313	EXP	szo_kiir: text = "utálkodik"
283.60888999997405	EXP	szo_kiir: autoDraw = true
284.3089700000128	DATA	Keydown: ArrowRight
284.3376200000057	EXP	szo_kiir: autoDraw = false
284.3376200000057	EXP	szo_kiir: color = {"_rgb":[1,1,1]}
284.3376200000057	EXP	szo_kiir: text = "kvártélyoz"
284.8431950000231	EXP	szo_kiir: autoDraw = true
286.50761500000954	DATA	Keydown: ArrowRight
286.52376000001095	EXP	szo_kiir: autoDraw = false
286.52376000001095	EXP	szo_kiir: color = {"_rgb":[1,1,1]}
286.52376000001095	EXP	szo_kiir: text = "összám"
287.04221500002313	EXP	szo_kiir: autoDraw = true
289.83247999998275	DATA	Keydown: ArrowLeft
289.85428500000853	EXP	szo_kiir: autoDraw = false
289.85428500000853	EXP	szo_kiir: color = {"_rgb":[1,1,1]}
289.85428500000853	EXP	szo_kiir: text = "kontinuáns"
290.3739550000173	EXP	szo_kiir: autoDraw = true
291.49531999998726	DATA	Keydown: ArrowRight
291.5026150000049	EXP	szo_kiir: autoDraw = false
291.5026150000049	EXP	szo_kiir: color = {"_rgb":[1,1,1]}
291.5026150000049	EXP	szo_kiir: text = "degusztál"
292.0244149999926	EXP	szo_kiir: autoDraw = true
292.8889949999866	DATA	Keydown: ArrowLeft
292.9042200000258	EXP	szo_kiir: autoDraw = false
292.9042200000258	EXP	szo_kiir: color = {"_rgb":[1,1,1]}
292.9042200000258	EXP	szo_kiir: text = "püffeszt"
293.4271600000211	EXP	szo_kiir: autoDraw = true
294.1818150000181	DATA	Keydown: ArrowRight
294.19809499999974	EXP	szo_kiir: autoDraw = false
294.19809499999974	EXP	koszi_szoveg: autoDraw = true
295.50529499998083	DATA	Keydown: ArrowRight
296.72976000001654	DATA	Keydown: Enter
297.3180649999995	DATA	Keydown: ArrowLeft
