0.09818999998969957	EXP	Created Window = Window( name=Window, fullscr=true, color=#000000, units=norm, waitBlanking=true, autoLog=true, size=[1920,969] )
4.674085000006016	DATA	Keydown: 6
4.837010000017472	DATA	Keydown: 2
5.446049999969546	DATA	Keydown: 4
5.637170000001788	DATA	Keydown: 7
7.8371749999932945	EXP	Created instruction_text1 = TextStim( name=instruction_text1, win=Window( name=Window, fullscr=true, color=#000000, ~), autoDraw=null, autoLog=true, units=norm, ori=null, opacity=1, pos=[0,0], size=undefined, text=Ön most szavakat fog látni.

Ezek között lesznek o~, font=Arial, color=#ffffff, contrast=1, height=0.05, bold=null, italic=null, alignHoriz=left, alignVert=center, wrapWidth=1, flipHoriz=null, flipVert=null )
7.838839999982156	EXP	Created instruction_text2 = TextStim( name=instruction_text2, win=Window( name=Window, fullscr=true, color=#000000, ~), autoDraw=null, autoLog=true, units=norm, ori=null, opacity=1, pos=[0,0], size=undefined, text=Először két egyszerű példát mutatunk Önnek.

Az el~, font=Arial, color=#FFFFFF, contrast=1, height=0.05, bold=null, italic=null, alignHoriz=left, alignVert=center, wrapWidth=1, flipHoriz=null, flipVert=null )
7.842254999966826	EXP	Created show_text = TextStim( name=show_text, win=Window( name=Window, fullscr=true, color=#000000, ~), autoDraw=null, autoLog=true, units=norm, ori=null, opacity=1, pos=[0,0], size=undefined, text=asztal, font=Arial, color=#FFFFFF, contrast=1, height=0.2, bold=null, italic=null, alignHoriz=left, alignVert=center, wrapWidth=1, flipHoriz=null, flipVert=null )
7.84382499998901	EXP	Created text = TextStim( name=text, win=Window( name=Window, fullscr=true, color=#000000, ~), autoDraw=null, autoLog=true, units=norm, ori=null, opacity=1, pos=[0,0], size=undefined, text=bzsmfsztal, font=Arial, color=#FFFFFF, contrast=1, height=0.2, bold=null, italic=null, alignHoriz=left, alignVert=center, wrapWidth=1, flipHoriz=null, flipVert=null )
7.844819999998435	EXP	Created instruction_text3 = TextStim( name=instruction_text3, win=Window( name=Window, fullscr=true, color=#000000, ~), autoDraw=null, autoLog=true, units=norm, ori=null, opacity=1, pos=[0,0], size=undefined, text=Pazar. Most kezdődik az igazi kísérlet. Néhány per~, font=Arial, color=#FFFFFF, contrast=1, height=0.1, bold=null, italic=null, alignHoriz=left, alignVert=center, wrapWidth=1, flipHoriz=null, flipVert=null )
7.845819999987725	EXP	Created szo_kiir = TextStim( name=szo_kiir, win=Window( name=Window, fullscr=true, color=#000000, ~), autoDraw=null, autoLog=true, units=norm, ori=null, opacity=1, pos=[0,0], size=undefined, text=default text, font=Arial, color=#FFFFFF, contrast=1, height=0.2, bold=null, italic=null, alignHoriz=left, alignVert=center, wrapWidth=1, flipHoriz=null, flipVert=null )
7.847085000015795	EXP	Created koszi_szoveg = TextStim( name=koszi_szoveg, win=Window( name=Window, fullscr=true, color=#000000, ~), autoDraw=null, autoLog=true, units=norm, ori=null, opacity=1, pos=[0,0], size=undefined, text=Vége a kísérletnek. Köszönjük a részvételt!, font=arial, color=#ffffff, contrast=1, height=0.1, bold=null, italic=null, alignHoriz=left, alignVert=center, wrapWidth=1, flipHoriz=null, flipVert=null )
7.888890000001993	EXP	instruction_text1: units = "norm"
7.888890000001993	EXP	instruction_text1: ori = 0
7.888890000001993	EXP	instruction_text1: opacity = 1
7.888890000001993	EXP	instruction_text1: pos = [0,0]
7.888890000001993	EXP	instruction_text1: size = undefined
7.888890000001993	EXP	instruction_text1: text = "Ön most szavakat fog látni.\n\nEzek között lesznek olyanok, amelyeket ismer, de előfordulhatnak olyanok is, amelyeket nem ismer, sőt, vannak köztük kitalált szavak is. \n\nKérjük, ha ismeri a képernyőn látható szót, nyomja meg a JOBB kurzorbillentyűt.\nKérjük, ha NEM ismeri a képernyőn látható szót, vagy azt gondolja, nincs ilyen szó a magyarban, nyomja meg a BAL kurzorbillentyűt.\n\nAz 'Ismerem a szót' döntés itt most ezt jelenti: találkoztam már vele, és van valami elképzelésem a jelentéséről is.  \n\nNyomjon meg bármilyen billentyűt a folytatáshoz."
7.888890000001993	EXP	instruction_text1: font = "Arial"
7.888890000001993	EXP	instruction_text1: color = {"_rgb":[1,1,1]}
7.888890000001993	EXP	instruction_text1: contrast = 1
7.888890000001993	EXP	instruction_text1: height = 0.05
7.888890000001993	EXP	instruction_text1: bold = false
7.888890000001993	EXP	instruction_text1: italic = false
7.888890000001993	EXP	instruction_text1: alignHoriz = "left"
7.888890000001993	EXP	instruction_text1: alignVert = "center"
7.888890000001993	EXP	instruction_text1: wrapWidth = 1
7.888890000001993	EXP	instruction_text1: flipHoriz = false
7.888890000001993	EXP	instruction_text1: flipVert = false
7.888890000001993	EXP	instruction_text2: units = "norm"
7.888890000001993	EXP	instruction_text2: ori = 0
7.888890000001993	EXP	instruction_text2: opacity = 1
7.888890000001993	EXP	instruction_text2: pos = [0,0]
7.888890000001993	EXP	instruction_text2: size = undefined
7.888890000001993	EXP	instruction_text2: text = "Először két egyszerű példát mutatunk Önnek.\n\nAz első szó létezik a magyarban, és valószínűleg Ön is ismeri. Itt nyomja majd meg a jobb kurzorbillentyűt.\nA második szó nem létezik a magyar nyelvben. Itt nyomja majd meg a bal kurzorbillentyűt.\n\nFontos, hogy a jobb gombot a jobb kezével, a bal gombot a bal kezével nyomja, ha tudja, és ne egy kezét használja a kísérletben.\n\nNyomjon meg bármilyen gombot a folytatáshoz."
7.888890000001993	EXP	instruction_text2: font = "Arial"
7.888890000001993	EXP	instruction_text2: color = {"_hex":"#FFFFFF","_rgb":[1,1,1]}
7.888890000001993	EXP	instruction_text2: contrast = 1
7.888890000001993	EXP	instruction_text2: height = 0.05
7.888890000001993	EXP	instruction_text2: bold = false
7.888890000001993	EXP	instruction_text2: italic = false
7.888890000001993	EXP	instruction_text2: alignHoriz = "left"
7.888890000001993	EXP	instruction_text2: alignVert = "center"
7.888890000001993	EXP	instruction_text2: wrapWidth = 1
7.888890000001993	EXP	instruction_text2: flipHoriz = false
7.888890000001993	EXP	instruction_text2: flipVert = false
7.888890000001993	EXP	show_text: units = "norm"
7.888890000001993	EXP	show_text: ori = 0
7.888890000001993	EXP	show_text: opacity = 1
7.888890000001993	EXP	show_text: pos = [0,0]
7.888890000001993	EXP	show_text: size = undefined
7.888890000001993	EXP	show_text: text = "asztal"
7.888890000001993	EXP	show_text: font = "Arial"
7.888890000001993	EXP	show_text: color = {"_hex":"#FFFFFF","_rgb":[1,1,1]}
7.888890000001993	EXP	show_text: contrast = 1
7.888890000001993	EXP	show_text: height = 0.2
7.888890000001993	EXP	show_text: bold = false
7.888890000001993	EXP	show_text: italic = false
7.888890000001993	EXP	show_text: alignHoriz = "left"
7.888890000001993	EXP	show_text: alignVert = "center"
7.888890000001993	EXP	show_text: wrapWidth = 1
7.888890000001993	EXP	show_text: flipHoriz = false
7.888890000001993	EXP	show_text: flipVert = false
7.888890000001993	EXP	text: units = "norm"
7.888890000001993	EXP	text: ori = 0
7.888890000001993	EXP	text: opacity = 1
7.888890000001993	EXP	text: pos = [0,0]
7.888890000001993	EXP	text: size = undefined
7.888890000001993	EXP	text: text = "bzsmfsztal"
7.888890000001993	EXP	text: font = "Arial"
7.888890000001993	EXP	text: color = {"_hex":"#FFFFFF","_rgb":[1,1,1]}
7.888890000001993	EXP	text: contrast = 1
7.888890000001993	EXP	text: height = 0.2
7.888890000001993	EXP	text: bold = false
7.888890000001993	EXP	text: italic = false
7.888890000001993	EXP	text: alignHoriz = "left"
7.888890000001993	EXP	text: alignVert = "center"
7.888890000001993	EXP	text: wrapWidth = 1
7.888890000001993	EXP	text: flipHoriz = false
7.888890000001993	EXP	text: flipVert = false
7.888890000001993	EXP	instruction_text3: units = "norm"
7.888890000001993	EXP	instruction_text3: ori = 0
7.888890000001993	EXP	instruction_text3: opacity = 1
7.888890000001993	EXP	instruction_text3: pos = [0,0]
7.888890000001993	EXP	instruction_text3: size = undefined
7.888890000001993	EXP	instruction_text3: text = "Pazar. Most kezdődik az igazi kísérlet. Néhány percig fog tartani. Nem kell nagyon sietnie, de igyekezzen gyorsan válaszolni.\n\nNe feledje, ha tudja, a jobb gombot a jobbkezével, a bal gombot a balkezével nyomja le.\n\nNyomjon meg bármilyen gombot a folytatáshoz."
7.888890000001993	EXP	instruction_text3: font = "Arial"
7.888890000001993	EXP	instruction_text3: color = {"_hex":"#FFFFFF","_rgb":[1,1,1]}
7.888890000001993	EXP	instruction_text3: contrast = 1
7.888890000001993	EXP	instruction_text3: height = 0.1
7.888890000001993	EXP	instruction_text3: bold = false
7.888890000001993	EXP	instruction_text3: italic = false
7.888890000001993	EXP	instruction_text3: alignHoriz = "left"
7.888890000001993	EXP	instruction_text3: alignVert = "center"
7.888890000001993	EXP	instruction_text3: wrapWidth = 1
7.888890000001993	EXP	instruction_text3: flipHoriz = false
7.888890000001993	EXP	instruction_text3: flipVert = false
7.888890000001993	EXP	szo_kiir: units = "norm"
7.888890000001993	EXP	szo_kiir: ori = 0
7.888890000001993	EXP	szo_kiir: opacity = 1
7.888890000001993	EXP	szo_kiir: pos = [0,0]
7.888890000001993	EXP	szo_kiir: size = undefined
7.888890000001993	EXP	szo_kiir: text = "default text"
7.888890000001993	EXP	szo_kiir: font = "Arial"
7.888890000001993	EXP	szo_kiir: color = {"_hex":"#FFFFFF","_rgb":[1,1,1]}
7.888890000001993	EXP	szo_kiir: contrast = 1
7.888890000001993	EXP	szo_kiir: height = 0.2
7.888890000001993	EXP	szo_kiir: bold = false
7.888890000001993	EXP	szo_kiir: italic = false
7.888890000001993	EXP	szo_kiir: alignHoriz = "left"
7.888890000001993	EXP	szo_kiir: alignVert = "center"
7.888890000001993	EXP	szo_kiir: wrapWidth = 1
7.888890000001993	EXP	szo_kiir: flipHoriz = false
7.888890000001993	EXP	szo_kiir: flipVert = false
7.888890000001993	EXP	koszi_szoveg: units = "norm"
7.888890000001993	EXP	koszi_szoveg: ori = 0
7.888890000001993	EXP	koszi_szoveg: opacity = 1
7.888890000001993	EXP	koszi_szoveg: pos = [0,0]
7.888890000001993	EXP	koszi_szoveg: size = undefined
7.888890000001993	EXP	koszi_szoveg: text = "Vége a kísérletnek. Köszönjük a részvételt!"
7.888890000001993	EXP	koszi_szoveg: font = "arial"
7.888890000001993	EXP	koszi_szoveg: color = {"_rgb":[1,1,1]}
7.888890000001993	EXP	koszi_szoveg: contrast = 1
7.888890000001993	EXP	koszi_szoveg: height = 0.1
7.888890000001993	EXP	koszi_szoveg: bold = false
7.888890000001993	EXP	koszi_szoveg: italic = false
7.888890000001993	EXP	koszi_szoveg: alignHoriz = "left"
7.888890000001993	EXP	koszi_szoveg: alignVert = "center"
7.888890000001993	EXP	koszi_szoveg: wrapWidth = 1
7.888890000001993	EXP	koszi_szoveg: flipHoriz = false
7.888890000001993	EXP	koszi_szoveg: flipVert = false
7.888890000001993	EXP	instruction_text1: autoDraw = true
9.58338999998523	DATA	Keydown: ArrowRight
9.603689999959897	EXP	instruction_text1: autoDraw = false
9.603689999959897	EXP	instruction_text2: autoDraw = true
10.053619999962393	DATA	Keydown: ArrowRight
10.079480000014883	EXP	instruction_text2: autoDraw = false
10.610259999986738	EXP	show_text: autoDraw = true
11.373064999992494	DATA	Keydown: ArrowLeft
11.383874999999534	EXP	show_text: autoDraw = false
11.895759999984875	EXP	text: autoDraw = true
12.204359999974258	DATA	Keydown: ArrowRight
12.252304999972694	EXP	text: autoDraw = false
12.252304999972694	EXP	instruction_text3: autoDraw = true
12.844734999991488	DATA	Keydown: ArrowLeft
12.918000000005122	EXP	instruction_text3: autoDraw = false
12.918000000005122	EXP	szo_kiir: color = {"_rgb":[1,1,1]}
12.918000000005122	EXP	szo_kiir: text = "augusztus"
13.424959999974817	EXP	szo_kiir: autoDraw = true
14.637289999984205	DATA	Keydown: ArrowLeft
14.654299999994691	EXP	szo_kiir: autoDraw = false
14.654299999994691	EXP	szo_kiir: color = {"_rgb":[1,1,1]}
14.654299999994691	EXP	szo_kiir: text = "nincs"
15.175519999989774	EXP	szo_kiir: autoDraw = true
15.908899999980349	DATA	Keydown: ArrowLeft
15.921764999977313	EXP	szo_kiir: autoDraw = false
15.921764999977313	EXP	szo_kiir: color = {"_rgb":[1,1,1]}
15.921764999977313	EXP	szo_kiir: text = "sételi"
16.442754999967292	EXP	szo_kiir: autoDraw = true
17.389714999997523	DATA	Keydown: ArrowRight
17.434215000015683	EXP	szo_kiir: autoDraw = false
17.434215000015683	EXP	szo_kiir: color = {"_rgb":[1,1,1]}
17.434215000015683	EXP	szo_kiir: text = "átrális"
17.94432000000961	EXP	szo_kiir: autoDraw = true
18.85797499999171	DATA	Keydown: ArrowRight
18.874260000011418	EXP	szo_kiir: autoDraw = false
18.874260000011418	EXP	szo_kiir: color = {"_rgb":[1,1,1]}
18.874260000011418	EXP	szo_kiir: text = "darab"
19.395779999962542	EXP	szo_kiir: autoDraw = true
20.181314999994356	DATA	Keydown: ArrowLeft
20.19228999997722	EXP	szo_kiir: autoDraw = false
20.19228999997722	EXP	szo_kiir: color = {"_rgb":[1,1,1]}
20.19228999997722	EXP	szo_kiir: text = "cikk"
20.71272000001045	EXP	szo_kiir: autoDraw = true
21.333019999961834	DATA	Keydown: ArrowLeft
21.352149999991525	EXP	szo_kiir: autoDraw = false
21.352149999991525	EXP	koszi_szoveg: autoDraw = true
