0.02013499999884516	EXP	Created Window = Window( name=Window, fullscr=true, color=#000000, units=norm, waitBlanking=true, autoLog=true, size=[1536,754] )
3.641310000035446	DATA	Keydown: 5
3.813544999982696	DATA	Keydown: 5
6.081745000032242	DATA	Keydown: undefined
8.893465000030119	DATA	Keydown: undefined
11.071250000037253	DATA	Keydown: 2
11.173264999990351	DATA	Keydown: 0
11.656989999988582	DATA	Keydown: 1
11.85971500002779	DATA	Keydown: 1
14.093029999989085	DATA	Keydown: .
14.319015000015497	DATA	Keydown: 0
14.854900000034831	DATA	Keydown: 7
15.52043000003323	DATA	Keydown: Backspace
16.46519499999704	DATA	Keydown: 1
16.803660000034142	DATA	Keydown: .
17.012300000002142	DATA	Keydown: 1
17.305440000025555	DATA	Keydown: 7
18.13711000001058	DATA	Keydown: .
22.41958500002511	DATA	Keydown: 3
24.29800000000978	EXP	Created instruction_text1 = TextStim( name=instruction_text1, win=Window( name=Window, fullscr=true, color=#000000, ~), autoDraw=null, autoLog=true, units=norm, ori=null, opacity=1, pos=[0,0], size=undefined, text=Ön most szavakat fog látni.

Ezek között lesznek o~, font=Arial, color=#ffffff, contrast=1, height=0.05, bold=null, italic=null, alignHoriz=left, alignVert=center, wrapWidth=1, flipHoriz=null, flipVert=null )
24.300474999996368	EXP	Created instruction_text2 = TextStim( name=instruction_text2, win=Window( name=Window, fullscr=true, color=#000000, ~), autoDraw=null, autoLog=true, units=norm, ori=null, opacity=1, pos=[0,0], size=undefined, text=Először két egyszerű példát mutatunk Önnek.

Az el~, font=Arial, color=#FFFFFF, contrast=1, height=0.05, bold=null, italic=null, alignHoriz=left, alignVert=center, wrapWidth=1, flipHoriz=null, flipVert=null )
24.304475000011735	EXP	Created show_text = TextStim( name=show_text, win=Window( name=Window, fullscr=true, color=#000000, ~), autoDraw=null, autoLog=true, units=norm, ori=null, opacity=1, pos=[0,0], size=undefined, text=asztal, font=Arial, color=#FFFFFF, contrast=1, height=0.2, bold=null, italic=null, alignHoriz=left, alignVert=center, wrapWidth=1, flipHoriz=null, flipVert=null )
24.306455000012647	EXP	Created text = TextStim( name=text, win=Window( name=Window, fullscr=true, color=#000000, ~), autoDraw=null, autoLog=true, units=norm, ori=null, opacity=1, pos=[0,0], size=undefined, text=bzsmfsztal, font=Arial, color=#FFFFFF, contrast=1, height=0.2, bold=null, italic=null, alignHoriz=left, alignVert=center, wrapWidth=1, flipHoriz=null, flipVert=null )
24.307330000039656	EXP	Created instruction_text3 = TextStim( name=instruction_text3, win=Window( name=Window, fullscr=true, color=#000000, ~), autoDraw=null, autoLog=true, units=norm, ori=null, opacity=1, pos=[0,0], size=undefined, text=Pazar. Most kezdődik az igazi kísérlet. Néhány per~, font=Arial, color=#FFFFFF, contrast=1, height=0.1, bold=null, italic=null, alignHoriz=left, alignVert=center, wrapWidth=1, flipHoriz=null, flipVert=null )
24.30857500003185	EXP	Created szo_kiir = TextStim( name=szo_kiir, win=Window( name=Window, fullscr=true, color=#000000, ~), autoDraw=null, autoLog=true, units=norm, ori=null, opacity=1, pos=[0,0], size=undefined, text=default text, font=Arial, color=#FFFFFF, contrast=1, height=0.2, bold=null, italic=null, alignHoriz=left, alignVert=center, wrapWidth=1, flipHoriz=null, flipVert=null )
24.310074999986682	EXP	Created koszi_szoveg = TextStim( name=koszi_szoveg, win=Window( name=Window, fullscr=true, color=#000000, ~), autoDraw=null, autoLog=true, units=norm, ori=null, opacity=1, pos=[0,0], size=undefined, text=Vége a kísérletnek. Köszönjük a részvételt!, font=arial, color=#ffffff, contrast=1, height=0.1, bold=null, italic=null, alignHoriz=left, alignVert=center, wrapWidth=1, flipHoriz=null, flipVert=null )
24.356495000014547	EXP	instruction_text1: units = "norm"
24.356495000014547	EXP	instruction_text1: ori = 0
24.356495000014547	EXP	instruction_text1: opacity = 1
24.356495000014547	EXP	instruction_text1: pos = [0,0]
24.356495000014547	EXP	instruction_text1: size = undefined
24.356495000014547	EXP	instruction_text1: text = "Ön most szavakat fog látni.\n\nEzek között lesznek olyanok, amelyeket ismer, de előfordulhatnak olyanok is, amelyeket nem ismer, sőt, vannak köztük kitalált szavak is. \n\nKérjük, ha ismeri a képernyőn látható szót, nyomja meg a JOBB kurzorbillentyűt.\nKérjük, ha NEM ismeri a képernyőn látható szót, vagy azt gondolja, nincs ilyen szó a magyarban, nyomja meg a BAL kurzorbillentyűt.\n\nAz 'Ismerem a szót' döntés itt most ezt jelenti: találkoztam már vele, és van valami elképzelésem a jelentéséről is.  \n\nNyomjon meg bármilyen billentyűt a folytatáshoz."
24.356495000014547	EXP	instruction_text1: font = "Arial"
24.356495000014547	EXP	instruction_text1: color = {"_rgb":[1,1,1]}
24.356495000014547	EXP	instruction_text1: contrast = 1
24.356495000014547	EXP	instruction_text1: height = 0.05
24.356495000014547	EXP	instruction_text1: bold = false
24.356495000014547	EXP	instruction_text1: italic = false
24.356495000014547	EXP	instruction_text1: alignHoriz = "left"
24.356495000014547	EXP	instruction_text1: alignVert = "center"
24.356495000014547	EXP	instruction_text1: wrapWidth = 1
24.356495000014547	EXP	instruction_text1: flipHoriz = false
24.356495000014547	EXP	instruction_text1: flipVert = false
24.356495000014547	EXP	instruction_text2: units = "norm"
24.356495000014547	EXP	instruction_text2: ori = 0
24.356495000014547	EXP	instruction_text2: opacity = 1
24.356495000014547	EXP	instruction_text2: pos = [0,0]
24.356495000014547	EXP	instruction_text2: size = undefined
24.356495000014547	EXP	instruction_text2: text = "Először két egyszerű példát mutatunk Önnek.\n\nAz első szó létezik a magyarban, és valószínűleg Ön is ismeri. Itt nyomja majd meg a jobb kurzorbillentyűt.\nA második szó nem létezik a magyar nyelvben. Itt nyomja majd meg a bal kurzorbillentyűt.\n\nFontos, hogy a jobb gombot a jobb kezével, a bal gombot a bal kezével nyomja, ha tudja, és ne egy kezét használja a kísérletben.\n\nNyomjon meg bármilyen gombot a folytatáshoz."
24.356495000014547	EXP	instruction_text2: font = "Arial"
24.356495000014547	EXP	instruction_text2: color = {"_hex":"#FFFFFF","_rgb":[1,1,1]}
24.356495000014547	EXP	instruction_text2: contrast = 1
24.356495000014547	EXP	instruction_text2: height = 0.05
24.356495000014547	EXP	instruction_text2: bold = false
24.356495000014547	EXP	instruction_text2: italic = false
24.356495000014547	EXP	instruction_text2: alignHoriz = "left"
24.356495000014547	EXP	instruction_text2: alignVert = "center"
24.356495000014547	EXP	instruction_text2: wrapWidth = 1
24.356495000014547	EXP	instruction_text2: flipHoriz = false
24.356495000014547	EXP	instruction_text2: flipVert = false
24.356495000014547	EXP	show_text: units = "norm"
24.356495000014547	EXP	show_text: ori = 0
24.356495000014547	EXP	show_text: opacity = 1
24.356495000014547	EXP	show_text: pos = [0,0]
24.356495000014547	EXP	show_text: size = undefined
24.356495000014547	EXP	show_text: text = "asztal"
24.356495000014547	EXP	show_text: font = "Arial"
24.356495000014547	EXP	show_text: color = {"_hex":"#FFFFFF","_rgb":[1,1,1]}
24.356495000014547	EXP	show_text: contrast = 1
24.356495000014547	EXP	show_text: height = 0.2
24.356495000014547	EXP	show_text: bold = false
24.356495000014547	EXP	show_text: italic = false
24.356495000014547	EXP	show_text: alignHoriz = "left"
24.356495000014547	EXP	show_text: alignVert = "center"
24.356495000014547	EXP	show_text: wrapWidth = 1
24.356495000014547	EXP	show_text: flipHoriz = false
24.356495000014547	EXP	show_text: flipVert = false
24.356495000014547	EXP	text: units = "norm"
24.356495000014547	EXP	text: ori = 0
24.356495000014547	EXP	text: opacity = 1
24.356495000014547	EXP	text: pos = [0,0]
24.356495000014547	EXP	text: size = undefined
24.356495000014547	EXP	text: text = "bzsmfsztal"
24.356495000014547	EXP	text: font = "Arial"
24.356495000014547	EXP	text: color = {"_hex":"#FFFFFF","_rgb":[1,1,1]}
24.356495000014547	EXP	text: contrast = 1
24.356495000014547	EXP	text: height = 0.2
24.356495000014547	EXP	text: bold = false
24.356495000014547	EXP	text: italic = false
24.356495000014547	EXP	text: alignHoriz = "left"
24.356495000014547	EXP	text: alignVert = "center"
24.356495000014547	EXP	text: wrapWidth = 1
24.356495000014547	EXP	text: flipHoriz = false
24.356495000014547	EXP	text: flipVert = false
24.356495000014547	EXP	instruction_text3: units = "norm"
24.356495000014547	EXP	instruction_text3: ori = 0
24.356495000014547	EXP	instruction_text3: opacity = 1
24.356495000014547	EXP	instruction_text3: pos = [0,0]
24.356495000014547	EXP	instruction_text3: size = undefined
24.356495000014547	EXP	instruction_text3: text = "Pazar. Most kezdődik az igazi kísérlet. Néhány percig fog tartani. Nem kell nagyon sietnie, de igyekezzen gyorsan válaszolni.\n\nNe feledje, ha tudja, a jobb gombot a jobbkezével, a bal gombot a balkezével nyomja le.\n\nNyomjon meg bármilyen gombot a folytatáshoz."
24.356495000014547	EXP	instruction_text3: font = "Arial"
24.356495000014547	EXP	instruction_text3: color = {"_hex":"#FFFFFF","_rgb":[1,1,1]}
24.356495000014547	EXP	instruction_text3: contrast = 1
24.356495000014547	EXP	instruction_text3: height = 0.1
24.356495000014547	EXP	instruction_text3: bold = false
24.356495000014547	EXP	instruction_text3: italic = false
24.356495000014547	EXP	instruction_text3: alignHoriz = "left"
24.356495000014547	EXP	instruction_text3: alignVert = "center"
24.356495000014547	EXP	instruction_text3: wrapWidth = 1
24.356495000014547	EXP	instruction_text3: flipHoriz = false
24.356495000014547	EXP	instruction_text3: flipVert = false
24.356495000014547	EXP	szo_kiir: units = "norm"
24.356495000014547	EXP	szo_kiir: ori = 0
24.356495000014547	EXP	szo_kiir: opacity = 1
24.356495000014547	EXP	szo_kiir: pos = [0,0]
24.356495000014547	EXP	szo_kiir: size = undefined
24.356495000014547	EXP	szo_kiir: text = "default text"
24.356495000014547	EXP	szo_kiir: font = "Arial"
24.356495000014547	EXP	szo_kiir: color = {"_hex":"#FFFFFF","_rgb":[1,1,1]}
24.356495000014547	EXP	szo_kiir: contrast = 1
24.356495000014547	EXP	szo_kiir: height = 0.2
24.356495000014547	EXP	szo_kiir: bold = false
24.356495000014547	EXP	szo_kiir: italic = false
24.356495000014547	EXP	szo_kiir: alignHoriz = "left"
24.356495000014547	EXP	szo_kiir: alignVert = "center"
24.356495000014547	EXP	szo_kiir: wrapWidth = 1
24.356495000014547	EXP	szo_kiir: flipHoriz = false
24.356495000014547	EXP	szo_kiir: flipVert = false
24.356495000014547	EXP	koszi_szoveg: units = "norm"
24.356495000014547	EXP	koszi_szoveg: ori = 0
24.356495000014547	EXP	koszi_szoveg: opacity = 1
24.356495000014547	EXP	koszi_szoveg: pos = [0,0]
24.356495000014547	EXP	koszi_szoveg: size = undefined
24.356495000014547	EXP	koszi_szoveg: text = "Vége a kísérletnek. Köszönjük a részvételt!"
24.356495000014547	EXP	koszi_szoveg: font = "arial"
24.356495000014547	EXP	koszi_szoveg: color = {"_rgb":[1,1,1]}
24.356495000014547	EXP	koszi_szoveg: contrast = 1
24.356495000014547	EXP	koszi_szoveg: height = 0.1
24.356495000014547	EXP	koszi_szoveg: bold = false
24.356495000014547	EXP	koszi_szoveg: italic = false
24.356495000014547	EXP	koszi_szoveg: alignHoriz = "left"
24.356495000014547	EXP	koszi_szoveg: alignVert = "center"
24.356495000014547	EXP	koszi_szoveg: wrapWidth = 1
24.356495000014547	EXP	koszi_szoveg: flipHoriz = false
24.356495000014547	EXP	koszi_szoveg: flipVert = false
24.356495000014547	EXP	instruction_text1: autoDraw = true
50.21844000002602	DATA	Keydown:  
50.23170000000391	EXP	instruction_text1: autoDraw = false
50.23170000000391	EXP	instruction_text2: autoDraw = true
53.890829999989364	DATA	Keydown:  
53.893734999990556	EXP	instruction_text2: autoDraw = false
54.40966499998467	EXP	show_text: autoDraw = true
58.16191500000423	DATA	Keydown: ArrowRight
58.166865000035614	EXP	show_text: autoDraw = false
58.68792500003474	EXP	text: autoDraw = true
69.34361500001978	DATA	Keydown: ArrowLeft
69.37765500001842	EXP	text: autoDraw = false
69.37765500001842	EXP	instruction_text3: autoDraw = true
80.4646950000315	DATA	Keydown:  
80.5266100000008	EXP	instruction_text3: autoDraw = false
80.5266100000008	EXP	szo_kiir: color = {"_rgb":[1,1,1]}
80.5266100000008	EXP	szo_kiir: text = "augusztus"
81.03640500002075	EXP	szo_kiir: autoDraw = true
88.05697500001406	DATA	Mouse: 0 button down, pos=(948.8000141382217,676.8000100851059)
88.17222499998752	DATA	Mouse: 0 button down, pos=(948.8000141382217,676.8000100851059)
88.17334000003757	DATA	Mouse: 0 button down, pos=(948.8000141382217,676.8000100851059)
88.26792000001296	DATA	Mouse: 0 button down, pos=(948.8000141382217,676.8000100851059)
88.3496949999826	DATA	Keydown: ArrowRight
88.35505499999272	EXP	szo_kiir: autoDraw = false
88.35505499999272	EXP	szo_kiir: color = {"_rgb":[1,1,1]}
88.35505499999272	EXP	szo_kiir: text = "nincs"
88.42655000003288	DATA	Mouse: 0 button down, pos=(948.8000141382217,676.8000100851059)
88.50573000003351	DATA	Mouse: 0 button down, pos=(948.8000141382217,676.8000100851059)
88.50709500000812	DATA	Mouse: 0 button down, pos=(948.8000141382217,676.8000100851059)
88.5274550000322	DATA	Mouse: 0 button down, pos=(948.8000141382217,676.8000100851059)
88.8726200000383	EXP	szo_kiir: autoDraw = true
89.87056499999017	DATA	Mouse: 0 button down, pos=(948.8000141382217,676.8000100851059)
89.91063500003656	DATA	Mouse: 0 button down, pos=(948.8000141382217,676.8000100851059)
89.91175999998813	DATA	Mouse: 0 button down, pos=(948.8000141382217,676.8000100851059)
89.91282000002684	DATA	Mouse: 0 button down, pos=(948.8000141382217,676.8000100851059)
90.68063000001712	DATA	Keydown: ArrowRight
90.7117900000303	EXP	szo_kiir: autoDraw = false
90.7117900000303	EXP	szo_kiir: color = {"_rgb":[1,1,1]}
90.7117900000303	EXP	szo_kiir: text = "verseny"
91.21791499998653	EXP	szo_kiir: autoDraw = true
92.99716000002809	DATA	Keydown: ArrowRight
93.00394500000402	EXP	szo_kiir: autoDraw = false
93.00394500000402	EXP	szo_kiir: color = {"_rgb":[1,1,1]}
93.00394500000402	EXP	szo_kiir: text = "század"
93.10366999998223	DATA	Mouse: 0 button down, pos=(948.8000141382217,676.8000100851059)
93.11054500000319	DATA	Mouse: 0 button down, pos=(948.8000141382217,676.8000100851059)
93.51573500002269	EXP	szo_kiir: autoDraw = true
100.39786000002641	DATA	Keydown: ArrowLeft
100.40844999998808	EXP	szo_kiir: autoDraw = false
100.40844999998808	EXP	szo_kiir: color = {"_rgb":[1,1,1]}
100.40844999998808	EXP	szo_kiir: text = "átrális"
100.91287500003818	EXP	szo_kiir: autoDraw = true
105.36164499999722	DATA	Keydown: ArrowRight
105.37219000002369	EXP	szo_kiir: autoDraw = false
105.37219000002369	EXP	szo_kiir: color = {"_rgb":[1,1,1]}
105.37219000002369	EXP	szo_kiir: text = "tér"
105.54917000001296	DATA	Keydown: ArrowLeft
105.67793000000529	DATA	Keydown: ArrowRight
105.78565000003437	DATA	Keydown: ArrowLeft
105.89106500003254	EXP	szo_kiir: autoDraw = true
106.2103000000352	DATA	Keydown: ArrowRight
106.22922500001732	EXP	szo_kiir: autoDraw = false
106.22922500001732	EXP	szo_kiir: color = {"_rgb":[1,1,1]}
106.22922500001732	EXP	szo_kiir: text = "perilita"
106.73619999998482	EXP	szo_kiir: autoDraw = true
107.05651999998372	DATA	Keydown: ArrowLeft
107.05942000000505	EXP	szo_kiir: autoDraw = false
107.05942000000505	EXP	szo_kiir: color = {"_rgb":[1,1,1]}
107.05942000000505	EXP	szo_kiir: text = "igény"
107.56348499999149	EXP	szo_kiir: autoDraw = true
107.57810500002233	DATA	Keydown: ArrowRight
107.60829000000376	EXP	szo_kiir: autoDraw = false
107.60829000000376	EXP	szo_kiir: color = {"_rgb":[1,1,1]}
107.60829000000376	EXP	szo_kiir: text = "zenekar"
108.11382500000764	EXP	szo_kiir: autoDraw = true
108.12891000002855	DATA	Keydown: ArrowLeft
108.13141000003088	EXP	szo_kiir: autoDraw = false
108.13141000003088	EXP	szo_kiir: color = {"_rgb":[1,1,1]}
108.13141000003088	EXP	szo_kiir: text = "fény"
108.6051650000154	DATA	Keydown: ArrowRight
108.64399499999126	EXP	szo_kiir: autoDraw = true
108.88469000003533	DATA	Keydown: ArrowLeft
108.88903000002028	EXP	szo_kiir: autoDraw = false
108.88903000002028	EXP	szo_kiir: color = {"_rgb":[1,1,1]}
108.88903000002028	EXP	szo_kiir: text = "recialice"
109.39789999998175	EXP	szo_kiir: autoDraw = true
112.11314999999013	DATA	Keydown: ArrowLeft
112.11608499998692	EXP	szo_kiir: autoDraw = false
112.11608499998692	EXP	szo_kiir: color = {"_rgb":[1,1,1]}
112.11608499998692	EXP	szo_kiir: text = "boldog"
112.62471499998355	EXP	szo_kiir: autoDraw = true
114.86882999999216	DATA	Keydown: ArrowRight
114.8895050000283	EXP	szo_kiir: autoDraw = false
114.8895050000283	EXP	szo_kiir: color = {"_rgb":[1,1,1]}
114.8895050000283	EXP	szo_kiir: text = "hiányzik"
115.40571000002092	EXP	szo_kiir: autoDraw = true
116.7022350000334	DATA	Keydown: ArrowRight
116.7037550000241	EXP	szo_kiir: autoDraw = false
116.7037550000241	EXP	szo_kiir: color = {"_rgb":[1,1,1]}
116.7037550000241	EXP	szo_kiir: text = "mód"
116.9563349999953	DATA	Keydown: ArrowRight
116.95706500002416	DATA	Keydown: ArrowLeft
117.19725000002654	DATA	Keydown: ArrowRight
117.22535999998217	EXP	szo_kiir: autoDraw = true
117.29269999999087	DATA	Keydown: ArrowLeft
117.29928000003565	EXP	szo_kiir: autoDraw = false
117.29928000003565	EXP	szo_kiir: color = {"_rgb":[1,1,1]}
117.29928000003565	EXP	szo_kiir: text = "komplex"
117.5217249999987	DATA	Keydown: ArrowRight
117.54233000002569	DATA	Keydown: ArrowLeft
117.75651000003563	DATA	Keydown: ArrowRight
117.77685999998357	DATA	Keydown: ArrowLeft
117.8196450000396	EXP	szo_kiir: autoDraw = true
117.95978500001365	DATA	Keydown: ArrowRight
117.97581500001252	EXP	szo_kiir: autoDraw = false
117.97581500001252	EXP	szo_kiir: color = {"_rgb":[1,1,1]}
117.97581500001252	EXP	szo_kiir: text = "hézhet"
118.04357000003802	DATA	Keydown: ArrowLeft
118.15357000002405	DATA	Keydown: ArrowRight
118.26126500003738	DATA	Keydown: ArrowLeft
118.35701999999583	DATA	Keydown: ArrowRight
118.49093000002904	DATA	Keydown: ArrowLeft
118.4951449999935	EXP	szo_kiir: autoDraw = true
118.56419499998447	DATA	Keydown: ArrowRight
118.56856500002323	EXP	szo_kiir: autoDraw = false
118.56856500002323	EXP	szo_kiir: color = {"_rgb":[1,1,1]}
118.56856500002323	EXP	szo_kiir: text = "református"
118.70981999998912	DATA	Keydown: ArrowLeft
118.78351500001736	DATA	Keydown: ArrowRight
118.98787000001175	DATA	Keydown: ArrowLeft
119.05930999998236	DATA	Keydown: ArrowRight
119.08409499999834	EXP	szo_kiir: autoDraw = true
119.21944499999518	DATA	Keydown: ArrowLeft
119.22224000003189	EXP	szo_kiir: autoDraw = false
119.22224000003189	EXP	szo_kiir: color = {"_rgb":[1,1,1]}
119.22224000003189	EXP	szo_kiir: text = "gondoskodik"
119.2706950000138	DATA	Keydown: ArrowRight
119.45212000003085	DATA	Keydown: ArrowLeft
119.46932500001276	DATA	Keydown: ArrowRight
119.67239500000142	DATA	Keydown: ArrowRight
119.72879999998258	EXP	szo_kiir: autoDraw = true
119.83786999998847	DATA	Keydown: ArrowLeft
119.85562500002561	EXP	szo_kiir: autoDraw = false
119.85562500002561	EXP	szo_kiir: color = {"_rgb":[1,1,1]}
119.85562500002561	EXP	szo_kiir: text = "tenger"
119.92096499999752	DATA	Keydown: ArrowRight
120.10684500000207	DATA	Keydown: ArrowLeft
120.12585499999113	DATA	Keydown: ArrowRight
120.3085050000227	DATA	Keydown: ArrowRight
120.32312000001548	DATA	Keydown: ArrowLeft
120.36751499999082	DATA	Mouse: 0 button down, pos=(964.0000143647194,680.0000101327896)
120.37153000000399	EXP	szo_kiir: autoDraw = true
120.4938550000079	DATA	Keydown: ArrowLeft
120.50190000003204	EXP	szo_kiir: autoDraw = false
120.50190000003204	EXP	szo_kiir: color = {"_rgb":[1,1,1]}
120.50190000003204	EXP	szo_kiir: text = "tanács"
120.53077000001213	DATA	Keydown: ArrowRight
120.57095500000287	DATA	Mouse: 0 button down, pos=(964.0000143647194,680.0000101327896)
120.70525500003714	DATA	Keydown: ArrowLeft
120.7237750000204	DATA	Keydown: ArrowRight
120.90890000003856	DATA	Keydown: ArrowLeft
120.92817000002833	DATA	Keydown: ArrowRight
121.00764500000514	EXP	szo_kiir: autoDraw = true
121.102125000034	DATA	Keydown: ArrowRight
121.10519500001101	EXP	szo_kiir: autoDraw = false
121.10519500001101	EXP	szo_kiir: color = {"_rgb":[1,1,1]}
121.10519500001101	EXP	szo_kiir: text = "vagyon"
121.12034000002313	DATA	Keydown: ArrowLeft
121.33663000003435	DATA	Keydown: ArrowRight
121.3372199999867	DATA	Keydown: ArrowLeft
121.48688500002027	DATA	Keydown: ArrowLeft
121.51975500001572	DATA	Keydown: ArrowRight
121.61821500002407	EXP	szo_kiir: autoDraw = true
121.68852000002516	DATA	Keydown: ArrowRight
121.70528500003275	EXP	szo_kiir: autoDraw = false
121.70528500003275	EXP	szo_kiir: color = {"_rgb":[1,1,1]}
121.70528500003275	EXP	szo_kiir: text = "ellenfél"
121.7901150000398	DATA	Keydown: ArrowLeft
121.8897200000356	DATA	Keydown: ArrowRight
121.96189500001492	DATA	Keydown: ArrowLeft
122.08727000001818	DATA	Keydown: ArrowRight
122.14176999998745	DATA	Keydown: ArrowLeft
122.22302000003401	EXP	szo_kiir: autoDraw = true
122.25680500001181	DATA	Keydown: ArrowRight
122.26131500001065	EXP	szo_kiir: autoDraw = false
122.26131500001065	EXP	szo_kiir: color = {"_rgb":[1,1,1]}
122.26131500001065	EXP	szo_kiir: text = "ocsikáltó"
122.33734500000719	DATA	Keydown: ArrowLeft
122.47419500001706	DATA	Keydown: ArrowRight
122.56914999999572	DATA	Keydown: ArrowLeft
122.64402499998687	DATA	Keydown: ArrowRight
122.77492500003427	DATA	Keydown: ArrowLeft
122.77784500003327	EXP	szo_kiir: autoDraw = true
122.85099499998614	DATA	Keydown: ArrowRight
122.85298500000499	EXP	szo_kiir: autoDraw = false
122.85298500000499	EXP	szo_kiir: color = {"_rgb":[1,1,1]}
122.85298500000499	EXP	szo_kiir: text = "tartos"
122.96103499998571	DATA	Keydown: ArrowLeft
123.04126500000712	DATA	Keydown: ArrowRight
123.17141499998979	DATA	Keydown: ArrowLeft
123.22490500001004	DATA	Keydown: ArrowRight
123.35885499999858	EXP	szo_kiir: autoDraw = true
123.39031500002602	DATA	Keydown: ArrowLeft
123.40622499998426	EXP	szo_kiir: autoDraw = false
123.40622499998426	EXP	szo_kiir: color = {"_rgb":[1,1,1]}
123.40622499998426	EXP	szo_kiir: text = "iszlám"
123.41862000001129	DATA	Keydown: ArrowRight
123.58315500000026	DATA	Keydown: ArrowLeft
123.6553750000312	DATA	Keydown: ArrowRight
123.78282999998191	DATA	Keydown: ArrowLeft
123.83558000001358	DATA	Keydown: ArrowRight
123.92045999999391	EXP	szo_kiir: autoDraw = true
123.98908999998821	DATA	Keydown: ArrowLeft
123.99106500000926	EXP	szo_kiir: autoDraw = false
123.99106500000926	EXP	szo_kiir: color = {"_rgb":[1,1,1]}
123.99106500000926	EXP	szo_kiir: text = "reagál"
124.04214500001399	DATA	Keydown: ArrowRight
124.15863000001991	DATA	Keydown: ArrowLeft
124.22859499999322	DATA	Keydown: ArrowRight
124.3938199999975	DATA	Keydown: ArrowLeft
124.42896500002826	DATA	Keydown: ArrowRight
124.50880000001052	EXP	szo_kiir: autoDraw = true
124.55860500002746	DATA	Keydown: ArrowLeft
124.56151500000851	EXP	szo_kiir: autoDraw = false
124.56151500000851	EXP	szo_kiir: color = {"_rgb":[1,1,1]}
124.56151500000851	EXP	szo_kiir: text = "pár"
124.59975500003202	DATA	Keydown: ArrowRight
124.72447499999544	DATA	Keydown: ArrowLeft
124.75745500001358	DATA	Keydown: ArrowRight
124.90620000002673	DATA	Keydown: ArrowRight
124.91313500003889	DATA	Keydown: ArrowLeft
125.07237000000896	EXP	szo_kiir: autoDraw = true
125.08624999999302	DATA	Keydown: ArrowRight
125.08750999998301	DATA	Keydown: ArrowLeft
125.10386500001187	EXP	szo_kiir: autoDraw = false
125.10386500001187	EXP	szo_kiir: color = {"_rgb":[1,1,1]}
125.10386500001187	EXP	szo_kiir: text = "repülőgép"
125.22341500001494	DATA	Keydown: ArrowRight
125.31005500000902	DATA	Keydown: ArrowLeft
125.40783500001999	DATA	Keydown: ArrowRight
125.44540500000585	DATA	Keydown: ArrowLeft
125.55902500002412	DATA	Keydown: ArrowRight
125.62147000001278	EXP	szo_kiir: autoDraw = true
125.63565000001108	DATA	Keydown: ArrowLeft
125.63816500001121	EXP	szo_kiir: autoDraw = false
125.63816500001121	EXP	szo_kiir: color = {"_rgb":[1,1,1]}
125.63816500001121	EXP	szo_kiir: text = "fűződik"
125.75049000000581	DATA	Keydown: ArrowRight
125.83900999999605	DATA	Keydown: ArrowLeft
125.91482000000542	DATA	Keydown: ArrowRight
126.02461500000209	DATA	Keydown: ArrowLeft
126.1187149999896	DATA	Keydown: ArrowRight
126.14935000002151	EXP	szo_kiir: autoDraw = true
126.21886000002269	DATA	Keydown: ArrowLeft
126.2216999999946	EXP	szo_kiir: autoDraw = false
126.2216999999946	EXP	szo_kiir: color = {"_rgb":[1,1,1]}
126.2216999999946	EXP	szo_kiir: text = "sokoldalú"
126.27267000003485	DATA	Keydown: ArrowRight
126.44861500000115	DATA	Keydown: ArrowLeft
126.46545000001788	DATA	Keydown: ArrowRight
126.65285000001313	DATA	Keydown: ArrowRight
126.65315999998711	DATA	Keydown: ArrowLeft
126.7349750000285	EXP	szo_kiir: autoDraw = true
126.81810999999288	DATA	Keydown: ArrowRight
126.82202000002144	EXP	szo_kiir: autoDraw = false
126.82202000002144	EXP	szo_kiir: color = {"_rgb":[1,1,1]}
126.82202000002144	EXP	szo_kiir: text = "erejű"
126.83731000003172	DATA	Keydown: ArrowLeft
127.00420500000473	DATA	Keydown: ArrowRight
127.04411499999696	DATA	Keydown: ArrowLeft
127.1862700000056	DATA	Keydown: ArrowRight
127.25916499999585	DATA	Keydown: ArrowLeft
127.33929000003263	EXP	szo_kiir: autoDraw = true
127.35544499999378	DATA	Keydown: ArrowRight
127.37048500002129	EXP	szo_kiir: autoDraw = false
127.37048500002129	EXP	szo_kiir: color = {"_rgb":[1,1,1]}
127.37048500002129	EXP	szo_kiir: text = "nagyarnák"
127.46922000002814	DATA	Keydown: ArrowLeft
127.55584500002442	DATA	Keydown: ArrowRight
127.6668049999862	DATA	Keydown: ArrowLeft
127.70316500001354	DATA	Keydown: ArrowRight
127.84558500000276	DATA	Keydown: ArrowLeft
127.88358999998309	DATA	Keydown: ArrowRight
127.89116500003729	EXP	szo_kiir: autoDraw = true
128.07552499999292	DATA	Keydown: ArrowRight
128.0758200000273	DATA	Keydown: ArrowLeft
128.08033000002615	EXP	szo_kiir: autoDraw = false
128.08033000002615	EXP	szo_kiir: color = {"_rgb":[1,1,1]}
128.08033000002615	EXP	szo_kiir: text = "orr"
128.2515499999863	DATA	Keydown: ArrowRight
128.270354999986	DATA	Keydown: ArrowLeft
128.4454099999857	DATA	Keydown: ArrowRight
128.46588500001235	DATA	Keydown: ArrowLeft
128.5821200000355	EXP	szo_kiir: autoDraw = true
128.6282900000224	DATA	Keydown: ArrowRight
128.64263000001665	EXP	szo_kiir: autoDraw = false
128.64263000001665	EXP	szo_kiir: color = {"_rgb":[1,1,1]}
128.64263000001665	EXP	szo_kiir: text = "törékeny"
128.68998000002466	DATA	Keydown: ArrowLeft
128.83919500000775	DATA	Keydown: ArrowRight
128.91756500001065	DATA	Keydown: ArrowLeft
129.0149950000341	DATA	Keydown: ArrowRight
129.10477500001434	DATA	Keydown: ArrowLeft
129.15088000003016	EXP	szo_kiir: autoDraw = true
129.21681000001263	DATA	Keydown: ArrowRight
129.2201950000017	EXP	szo_kiir: autoDraw = false
129.2201950000017	EXP	szo_kiir: color = {"_rgb":[1,1,1]}
129.2201950000017	EXP	szo_kiir: text = "kölcsönöz"
129.30725000001257	DATA	Keydown: ArrowLeft
129.3803300000145	DATA	Keydown: ArrowRight
129.49072500003967	DATA	Keydown: ArrowLeft
129.5800750000053	DATA	Keydown: ArrowRight
129.64938000001712	DATA	Keydown: ArrowLeft
129.73403500003042	EXP	szo_kiir: autoDraw = true
129.74916499998653	DATA	Keydown: ArrowRight
129.75921500002733	EXP	szo_kiir: autoDraw = false
129.75921500002733	EXP	szo_kiir: color = {"_rgb":[1,1,1]}
129.75921500002733	EXP	szo_kiir: text = "gyász"
129.85646500001894	DATA	Keydown: ArrowLeft
129.89639000000898	DATA	Keydown: ArrowRight
130.26531500002602	EXP	szo_kiir: autoDraw = true
132.10675999999512	DATA	Keydown: ArrowRight
132.11337999999523	EXP	szo_kiir: autoDraw = false
132.11337999999523	EXP	szo_kiir: color = {"_rgb":[1,1,1]}
132.11337999999523	EXP	szo_kiir: text = "villany"
132.63060500001302	EXP	szo_kiir: autoDraw = true
136.6519500000286	DATA	Keydown: ArrowRight
136.666744999995	EXP	szo_kiir: autoDraw = false
136.666744999995	EXP	szo_kiir: color = {"_rgb":[1,1,1]}
136.666744999995	EXP	szo_kiir: text = "diktátor"
137.17330999998376	EXP	szo_kiir: autoDraw = true
139.80372000002535	DATA	Keydown: ArrowLeft
139.8065700000152	EXP	szo_kiir: autoDraw = false
139.8065700000152	EXP	szo_kiir: color = {"_rgb":[1,1,1]}
139.8065700000152	EXP	szo_kiir: text = "ponyai"
140.31825499999104	EXP	szo_kiir: autoDraw = true
140.39176000002772	DATA	Keydown: ArrowRight
140.3935599999968	EXP	szo_kiir: autoDraw = false
140.3935599999968	EXP	szo_kiir: color = {"_rgb":[1,1,1]}
140.3935599999968	EXP	szo_kiir: text = "törődik"
140.59864500002004	DATA	Keydown: ArrowLeft
140.6956450000289	DATA	Keydown: ArrowRight
140.89965500001563	DATA	Keydown: ArrowLeft
140.90200500003994	EXP	szo_kiir: autoDraw = true
141.11946499999613	DATA	Keydown: ArrowRight
141.12576500000432	EXP	szo_kiir: autoDraw = false
141.12576500000432	EXP	szo_kiir: color = {"_rgb":[1,1,1]}
141.12576500000432	EXP	szo_kiir: text = "halom"
141.4040849999874	DATA	Keydown: ArrowLeft
141.63647000002675	EXP	szo_kiir: autoDraw = true
141.76605999999447	DATA	Keydown: ArrowRight
141.7815249999985	EXP	szo_kiir: autoDraw = false
141.7815249999985	EXP	szo_kiir: color = {"_rgb":[1,1,1]}
141.7815249999985	EXP	szo_kiir: text = "olvad"
142.00578499998664	DATA	Keydown: ArrowLeft
142.28587000002153	EXP	szo_kiir: autoDraw = true
142.5530499999877	DATA	Keydown: ArrowRight
142.56014499999583	EXP	szo_kiir: autoDraw = false
142.56014499999583	EXP	szo_kiir: color = {"_rgb":[1,1,1]}
142.56014499999583	EXP	szo_kiir: text = "hierarchikus"
143.06740500003798	EXP	szo_kiir: autoDraw = true
143.1781300000148	DATA	Keydown: ArrowLeft
143.18153000000166	EXP	szo_kiir: autoDraw = false
143.18153000000166	EXP	szo_kiir: color = {"_rgb":[1,1,1]}
143.18153000000166	EXP	szo_kiir: text = "heveny"
143.68593999999575	EXP	szo_kiir: autoDraw = true
143.8680550000281	DATA	Keydown: ArrowRight
143.89118500001496	EXP	szo_kiir: autoDraw = false
143.89118500001496	EXP	szo_kiir: color = {"_rgb":[1,1,1]}
143.89118500001496	EXP	szo_kiir: text = "grafikon"
144.4186650000047	EXP	szo_kiir: autoDraw = true
144.4338899999857	DATA	Keydown: ArrowLeft
144.4365950000356	EXP	szo_kiir: autoDraw = false
144.4365950000356	EXP	szo_kiir: color = {"_rgb":[1,1,1]}
144.4365950000356	EXP	szo_kiir: text = "remekmű"
144.9548899999936	EXP	szo_kiir: autoDraw = true
144.97659000003478	DATA	Keydown: ArrowRight
144.9794300000067	EXP	szo_kiir: autoDraw = false
144.9794300000067	EXP	szo_kiir: color = {"_rgb":[1,1,1]}
144.9794300000067	EXP	szo_kiir: text = "numer"
145.4951599999913	EXP	szo_kiir: autoDraw = true
145.68745999998646	DATA	Keydown: ArrowRight
145.6936599999899	EXP	szo_kiir: autoDraw = false
145.6936599999899	EXP	szo_kiir: color = {"_rgb":[1,1,1]}
145.6936599999899	EXP	szo_kiir: text = "kabin"
146.09403500001645	DATA	Keydown: ArrowLeft
146.2032350000227	EXP	szo_kiir: autoDraw = true
146.6652699999977	DATA	Keydown: ArrowRight
146.68068500002846	EXP	szo_kiir: autoDraw = false
146.68068500002846	EXP	szo_kiir: color = {"_rgb":[1,1,1]}
146.68068500002846	EXP	szo_kiir: text = "belgyógyász"
146.693889999995	DATA	Keydown: ArrowLeft
147.185364999983	EXP	szo_kiir: autoDraw = true
147.44195000000764	DATA	Keydown: ArrowRight
147.4456600000267	EXP	szo_kiir: autoDraw = false
147.4456600000267	EXP	szo_kiir: color = {"_rgb":[1,1,1]}
147.4456600000267	EXP	szo_kiir: text = "klór"
147.60912000003736	DATA	Keydown: ArrowLeft
147.7718800000148	DATA	Keydown: ArrowRight
147.94900000002235	EXP	szo_kiir: autoDraw = true
147.98167499998817	DATA	Keydown: ArrowRight
148.0035050000297	EXP	szo_kiir: autoDraw = false
148.0035050000297	EXP	szo_kiir: color = {"_rgb":[1,1,1]}
148.0035050000297	EXP	szo_kiir: text = "kóser"
148.19865999999456	DATA	Keydown: ArrowRight
148.4129500000272	DATA	Keydown: ArrowRight
148.5149499999825	EXP	szo_kiir: autoDraw = true
148.60420000000158	DATA	Keydown: ArrowRight
148.60821999999462	EXP	szo_kiir: autoDraw = false
148.60821999999462	EXP	szo_kiir: color = {"_rgb":[1,1,1]}
148.60821999999462	EXP	szo_kiir: text = "foglaltatik"
148.79826499999035	DATA	Keydown: ArrowRight
148.96663500001887	DATA	Keydown: ArrowRight
149.11959499999648	EXP	szo_kiir: autoDraw = true
149.17486000002827	DATA	Keydown: ArrowRight
149.18655500002205	EXP	szo_kiir: autoDraw = false
149.18655500002205	EXP	szo_kiir: color = {"_rgb":[1,1,1]}
149.18655500002205	EXP	szo_kiir: text = "nyakörv"
149.29435500002	DATA	Keydown: ArrowLeft
149.5104799999972	DATA	Keydown: ArrowLeft
149.70104499999434	EXP	szo_kiir: autoDraw = true
149.75180500000715	DATA	Keydown: ArrowLeft
149.7564700000221	EXP	szo_kiir: autoDraw = false
149.7564700000221	EXP	szo_kiir: color = {"_rgb":[1,1,1]}
149.7564700000221	EXP	szo_kiir: text = "köztett"
149.94893499999307	DATA	Keydown: ArrowLeft
150.1507500000298	DATA	Keydown: ArrowLeft
150.26929000002565	EXP	szo_kiir: autoDraw = true
150.32360000000335	DATA	Keydown: ArrowRight
150.32692000002135	EXP	szo_kiir: autoDraw = false
150.32692000002135	EXP	szo_kiir: color = {"_rgb":[1,1,1]}
150.32692000002135	EXP	szo_kiir: text = "pereg"
150.4477799999877	DATA	Keydown: ArrowLeft
150.59483000001637	DATA	Keydown: ArrowRight
150.685839999991	DATA	Keydown: ArrowLeft
150.84062500001164	EXP	szo_kiir: autoDraw = true
150.92856999998912	DATA	Keydown: ArrowLeft
150.94542499998352	EXP	szo_kiir: autoDraw = false
150.94542499998352	EXP	szo_kiir: color = {"_rgb":[1,1,1]}
150.94542499998352	EXP	szo_kiir: text = "neoprén"
151.0996499999892	DATA	Keydown: ArrowRight
151.21635000000242	DATA	Keydown: ArrowLeft
151.30752500001108	DATA	Keydown: ArrowRight
151.4612049999996	EXP	szo_kiir: autoDraw = true
151.47536500002025	DATA	Keydown: ArrowLeft
151.48071500001242	EXP	szo_kiir: autoDraw = false
151.48071500001242	EXP	szo_kiir: color = {"_rgb":[1,1,1]}
151.48071500001242	EXP	szo_kiir: text = "lazarjadó"
151.56429499998922	DATA	Keydown: ArrowRight
151.71708500001114	DATA	Keydown: ArrowLeft
151.84415499999886	DATA	Keydown: ArrowRight
151.97375000000466	DATA	Keydown: ArrowLeft
151.99833000003127	EXP	szo_kiir: autoDraw = true
152.12382000003709	DATA	Keydown: ArrowRight
152.12644000002183	EXP	szo_kiir: autoDraw = false
152.12644000002183	EXP	szo_kiir: color = {"_rgb":[1,1,1]}
152.12644000002183	EXP	szo_kiir: text = "fon"
152.23246500000823	DATA	Keydown: ArrowLeft
152.36333000002196	DATA	Keydown: ArrowRight
152.44255000003614	DATA	Keydown: ArrowLeft
152.5751000000164	DATA	Keydown: ArrowRight
152.6471400000155	EXP	szo_kiir: autoDraw = true
152.6606449999963	DATA	Keydown: ArrowLeft
152.67142000002787	EXP	szo_kiir: autoDraw = false
152.67142000002787	EXP	koszi_szoveg: autoDraw = true
152.8111500000232	DATA	Keydown: ArrowRight
152.90177500003483	DATA	Keydown: ArrowLeft
153.046949999989	DATA	Keydown: ArrowRight
153.15722500003176	DATA	Keydown: ArrowLeft
