0.11467000003904104	EXP	Created Window = Window( name=Window, fullscr=true, color=#000000, units=norm, waitBlanking=true, autoLog=true, size=[1366,625] )
2.864144999999553	DATA	Keydown: 1
4.477750000078231	DATA	Keydown: undefined
8.358585000038147	DATA	Keydown: n
8.935019999975339	DATA	Keydown: ő
11.340189999900758	DATA	Keydown: 1
11.96250499994494	DATA	Keydown: 9
12.201880000066012	DATA	Keydown: 9
12.389364999951795	DATA	Keydown: 9
13.078594999853522	DATA	Keydown: .
16.40428499993868	DATA	Keydown: 1
16.883815000066534	DATA	Keydown: 4
34.47476999997161	DATA	Keydown: Backspace
36.384455000050366	DATA	Mouse: 0 button down, pos=(783,562)
36.40014999988489	EXP	Created instruction_text1 = TextStim( name=instruction_text1, win=Window( name=Window, fullscr=true, color=#000000, ~), autoDraw=null, autoLog=true, units=norm, ori=null, opacity=1, pos=[0,0], size=undefined, text=Ön most szavakat fog látni.

Ezek között lesznek o~, font=Arial, color=#ffffff, contrast=1, height=0.05, bold=null, italic=null, alignHoriz=left, alignVert=center, wrapWidth=1, flipHoriz=null, flipVert=null )
36.405289999907836	EXP	Created instruction_text2 = TextStim( name=instruction_text2, win=Window( name=Window, fullscr=true, color=#000000, ~), autoDraw=null, autoLog=true, units=norm, ori=null, opacity=1, pos=[0,0], size=undefined, text=Először két egyszerű példát mutatunk Önnek.

Az el~, font=Arial, color=#FFFFFF, contrast=1, height=0.05, bold=null, italic=null, alignHoriz=left, alignVert=center, wrapWidth=1, flipHoriz=null, flipVert=null )
36.408864999888465	EXP	Created show_text = TextStim( name=show_text, win=Window( name=Window, fullscr=true, color=#000000, ~), autoDraw=null, autoLog=true, units=norm, ori=null, opacity=1, pos=[0,0], size=undefined, text=asztal, font=Arial, color=#FFFFFF, contrast=1, height=0.2, bold=null, italic=null, alignHoriz=left, alignVert=center, wrapWidth=1, flipHoriz=null, flipVert=null )
36.41057000006549	EXP	Created text = TextStim( name=text, win=Window( name=Window, fullscr=true, color=#000000, ~), autoDraw=null, autoLog=true, units=norm, ori=null, opacity=1, pos=[0,0], size=undefined, text=bzsmfsztal, font=Arial, color=#FFFFFF, contrast=1, height=0.2, bold=null, italic=null, alignHoriz=left, alignVert=center, wrapWidth=1, flipHoriz=null, flipVert=null )
36.41223499993794	EXP	Created instruction_text3 = TextStim( name=instruction_text3, win=Window( name=Window, fullscr=true, color=#000000, ~), autoDraw=null, autoLog=true, units=norm, ori=null, opacity=1, pos=[0,0], size=undefined, text=Pazar. Most kezdődik az igazi kísérlet. Néhány per~, font=Arial, color=#FFFFFF, contrast=1, height=0.1, bold=null, italic=null, alignHoriz=left, alignVert=center, wrapWidth=1, flipHoriz=null, flipVert=null )
36.413859999971464	EXP	Created szo_kiir = TextStim( name=szo_kiir, win=Window( name=Window, fullscr=true, color=#000000, ~), autoDraw=null, autoLog=true, units=norm, ori=null, opacity=1, pos=[0,0], size=undefined, text=default text, font=Arial, color=#FFFFFF, contrast=1, height=0.2, bold=null, italic=null, alignHoriz=left, alignVert=center, wrapWidth=1, flipHoriz=null, flipVert=null )
36.41520499996841	EXP	Created koszi_szoveg = TextStim( name=koszi_szoveg, win=Window( name=Window, fullscr=true, color=#000000, ~), autoDraw=null, autoLog=true, units=norm, ori=null, opacity=1, pos=[0,0], size=undefined, text=Vége a kísérletnek. Köszönjük a részvételt!, font=arial, color=#ffffff, contrast=1, height=0.1, bold=null, italic=null, alignHoriz=left, alignVert=center, wrapWidth=1, flipHoriz=null, flipVert=null )
36.4639699999243	EXP	instruction_text1: units = "norm"
36.4639699999243	EXP	instruction_text1: ori = 0
36.4639699999243	EXP	instruction_text1: opacity = 1
36.4639699999243	EXP	instruction_text1: pos = [0,0]
36.4639699999243	EXP	instruction_text1: size = undefined
36.4639699999243	EXP	instruction_text1: text = "Ön most szavakat fog látni.\n\nEzek között lesznek olyanok, amelyeket ismer, de előfordulhatnak olyanok is, amelyeket nem ismer, sőt, vannak köztük kitalált szavak is. \n\nKérjük, ha ismeri a képernyőn látható szót, nyomja meg a JOBB kurzorbillentyűt.\nKérjük, ha NEM ismeri a képernyőn látható szót, vagy azt gondolja, nincs ilyen szó a magyarban, nyomja meg a BAL kurzorbillentyűt.\n\nAz 'Ismerem a szót' döntés itt most ezt jelenti: találkoztam már vele, és van valami elképzelésem a jelentéséről is.  \n\nNyomjon meg bármilyen billentyűt a folytatáshoz."
36.4639699999243	EXP	instruction_text1: font = "Arial"
36.4639699999243	EXP	instruction_text1: color = {"_rgb":[1,1,1]}
36.4639699999243	EXP	instruction_text1: contrast = 1
36.4639699999243	EXP	instruction_text1: height = 0.05
36.4639699999243	EXP	instruction_text1: bold = false
36.4639699999243	EXP	instruction_text1: italic = false
36.4639699999243	EXP	instruction_text1: alignHoriz = "left"
36.4639699999243	EXP	instruction_text1: alignVert = "center"
36.4639699999243	EXP	instruction_text1: wrapWidth = 1
36.4639699999243	EXP	instruction_text1: flipHoriz = false
36.4639699999243	EXP	instruction_text1: flipVert = false
36.4639699999243	EXP	instruction_text2: units = "norm"
36.4639699999243	EXP	instruction_text2: ori = 0
36.4639699999243	EXP	instruction_text2: opacity = 1
36.4639699999243	EXP	instruction_text2: pos = [0,0]
36.4639699999243	EXP	instruction_text2: size = undefined
36.4639699999243	EXP	instruction_text2: text = "Először két egyszerű példát mutatunk Önnek.\n\nAz első szó létezik a magyarban, és valószínűleg Ön is ismeri. Itt nyomja majd meg a jobb kurzorbillentyűt.\nA második szó nem létezik a magyar nyelvben. Itt nyomja majd meg a bal kurzorbillentyűt.\n\nFontos, hogy a jobb gombot a jobb kezével, a bal gombot a bal kezével nyomja, ha tudja, és ne egy kezét használja a kísérletben.\n\nNyomjon meg bármilyen gombot a folytatáshoz."
36.4639699999243	EXP	instruction_text2: font = "Arial"
36.4639699999243	EXP	instruction_text2: color = {"_hex":"#FFFFFF","_rgb":[1,1,1]}
36.4639699999243	EXP	instruction_text2: contrast = 1
36.4639699999243	EXP	instruction_text2: height = 0.05
36.4639699999243	EXP	instruction_text2: bold = false
36.4639699999243	EXP	instruction_text2: italic = false
36.4639699999243	EXP	instruction_text2: alignHoriz = "left"
36.4639699999243	EXP	instruction_text2: alignVert = "center"
36.4639699999243	EXP	instruction_text2: wrapWidth = 1
36.4639699999243	EXP	instruction_text2: flipHoriz = false
36.4639699999243	EXP	instruction_text2: flipVert = false
36.4639699999243	EXP	show_text: units = "norm"
36.4639699999243	EXP	show_text: ori = 0
36.4639699999243	EXP	show_text: opacity = 1
36.4639699999243	EXP	show_text: pos = [0,0]
36.4639699999243	EXP	show_text: size = undefined
36.4639699999243	EXP	show_text: text = "asztal"
36.4639699999243	EXP	show_text: font = "Arial"
36.4639699999243	EXP	show_text: color = {"_hex":"#FFFFFF","_rgb":[1,1,1]}
36.4639699999243	EXP	show_text: contrast = 1
36.4639699999243	EXP	show_text: height = 0.2
36.4639699999243	EXP	show_text: bold = false
36.4639699999243	EXP	show_text: italic = false
36.4639699999243	EXP	show_text: alignHoriz = "left"
36.4639699999243	EXP	show_text: alignVert = "center"
36.4639699999243	EXP	show_text: wrapWidth = 1
36.4639699999243	EXP	show_text: flipHoriz = false
36.4639699999243	EXP	show_text: flipVert = false
36.4639699999243	EXP	text: units = "norm"
36.4639699999243	EXP	text: ori = 0
36.4639699999243	EXP	text: opacity = 1
36.4639699999243	EXP	text: pos = [0,0]
36.4639699999243	EXP	text: size = undefined
36.4639699999243	EXP	text: text = "bzsmfsztal"
36.4639699999243	EXP	text: font = "Arial"
36.4639699999243	EXP	text: color = {"_hex":"#FFFFFF","_rgb":[1,1,1]}
36.4639699999243	EXP	text: contrast = 1
36.4639699999243	EXP	text: height = 0.2
36.4639699999243	EXP	text: bold = false
36.4639699999243	EXP	text: italic = false
36.4639699999243	EXP	text: alignHoriz = "left"
36.4639699999243	EXP	text: alignVert = "center"
36.4639699999243	EXP	text: wrapWidth = 1
36.4639699999243	EXP	text: flipHoriz = false
36.4639699999243	EXP	text: flipVert = false
36.4639699999243	EXP	instruction_text3: units = "norm"
36.4639699999243	EXP	instruction_text3: ori = 0
36.4639699999243	EXP	instruction_text3: opacity = 1
36.4639699999243	EXP	instruction_text3: pos = [0,0]
36.4639699999243	EXP	instruction_text3: size = undefined
36.4639699999243	EXP	instruction_text3: text = "Pazar. Most kezdődik az igazi kísérlet. Néhány percig fog tartani. Nem kell nagyon sietnie, de igyekezzen gyorsan válaszolni.\n\nNe feledje, ha tudja, a jobb gombot a jobbkezével, a bal gombot a balkezével nyomja le.\n\nNyomjon meg bármilyen gombot a folytatáshoz."
36.4639699999243	EXP	instruction_text3: font = "Arial"
36.4639699999243	EXP	instruction_text3: color = {"_hex":"#FFFFFF","_rgb":[1,1,1]}
36.4639699999243	EXP	instruction_text3: contrast = 1
36.4639699999243	EXP	instruction_text3: height = 0.1
36.4639699999243	EXP	instruction_text3: bold = false
36.4639699999243	EXP	instruction_text3: italic = false
36.4639699999243	EXP	instruction_text3: alignHoriz = "left"
36.4639699999243	EXP	instruction_text3: alignVert = "center"
36.4639699999243	EXP	instruction_text3: wrapWidth = 1
36.4639699999243	EXP	instruction_text3: flipHoriz = false
36.4639699999243	EXP	instruction_text3: flipVert = false
36.4639699999243	EXP	szo_kiir: units = "norm"
36.4639699999243	EXP	szo_kiir: ori = 0
36.4639699999243	EXP	szo_kiir: opacity = 1
36.4639699999243	EXP	szo_kiir: pos = [0,0]
36.4639699999243	EXP	szo_kiir: size = undefined
36.4639699999243	EXP	szo_kiir: text = "default text"
36.4639699999243	EXP	szo_kiir: font = "Arial"
36.4639699999243	EXP	szo_kiir: color = {"_hex":"#FFFFFF","_rgb":[1,1,1]}
36.4639699999243	EXP	szo_kiir: contrast = 1
36.4639699999243	EXP	szo_kiir: height = 0.2
36.4639699999243	EXP	szo_kiir: bold = false
36.4639699999243	EXP	szo_kiir: italic = false
36.4639699999243	EXP	szo_kiir: alignHoriz = "left"
36.4639699999243	EXP	szo_kiir: alignVert = "center"
36.4639699999243	EXP	szo_kiir: wrapWidth = 1
36.4639699999243	EXP	szo_kiir: flipHoriz = false
36.4639699999243	EXP	szo_kiir: flipVert = false
36.4639699999243	EXP	koszi_szoveg: units = "norm"
36.4639699999243	EXP	koszi_szoveg: ori = 0
36.4639699999243	EXP	koszi_szoveg: opacity = 1
36.4639699999243	EXP	koszi_szoveg: pos = [0,0]
36.4639699999243	EXP	koszi_szoveg: size = undefined
36.4639699999243	EXP	koszi_szoveg: text = "Vége a kísérletnek. Köszönjük a részvételt!"
36.4639699999243	EXP	koszi_szoveg: font = "arial"
36.4639699999243	EXP	koszi_szoveg: color = {"_rgb":[1,1,1]}
36.4639699999243	EXP	koszi_szoveg: contrast = 1
36.4639699999243	EXP	koszi_szoveg: height = 0.1
36.4639699999243	EXP	koszi_szoveg: bold = false
36.4639699999243	EXP	koszi_szoveg: italic = false
36.4639699999243	EXP	koszi_szoveg: alignHoriz = "left"
36.4639699999243	EXP	koszi_szoveg: alignVert = "center"
36.4639699999243	EXP	koszi_szoveg: wrapWidth = 1
36.4639699999243	EXP	koszi_szoveg: flipHoriz = false
36.4639699999243	EXP	koszi_szoveg: flipVert = false
36.4639699999243	EXP	instruction_text1: autoDraw = true
99.94283999991603	DATA	Keydown: ArrowRight
99.97020499990322	EXP	instruction_text1: autoDraw = false
99.97020499990322	EXP	instruction_text2: autoDraw = true
102.0918300000485	DATA	Keydown: ArrowRight
102.10612999997102	EXP	instruction_text2: autoDraw = false
102.63878499995917	EXP	show_text: autoDraw = true
104.09292500000447	DATA	Keydown: ArrowRight
104.09921499993652	EXP	show_text: autoDraw = false
104.62440499989316	EXP	text: autoDraw = true
106.09060500003397	DATA	Keydown: ArrowLeft
106.15556499990635	EXP	text: autoDraw = false
106.15556499990635	EXP	instruction_text3: autoDraw = true
115.42295000003651	DATA	Keydown: ArrowRight
115.49189499998465	EXP	instruction_text3: autoDraw = false
115.49189499998465	EXP	szo_kiir: color = {"_rgb":[1,1,1]}
115.49189499998465	EXP	szo_kiir: text = "szeptember"
116.00786999985576	EXP	szo_kiir: autoDraw = true
116.78191999997944	DATA	Keydown: ArrowRight
116.8036799998954	EXP	szo_kiir: autoDraw = false
116.8036799998954	EXP	szo_kiir: color = {"_rgb":[1,1,1]}
116.8036799998954	EXP	szo_kiir: text = "pirodáló"
117.321334999986	EXP	szo_kiir: autoDraw = true
118.99753499985673	DATA	Keydown: ArrowLeft
119.03584999986924	EXP	szo_kiir: autoDraw = false
119.03584999986924	EXP	szo_kiir: color = {"_rgb":[1,1,1]}
119.03584999986924	EXP	szo_kiir: text = "nyújt"
119.55515999998897	EXP	szo_kiir: autoDraw = true
120.44011499988846	DATA	Keydown: ArrowRight
120.45313999988139	EXP	szo_kiir: autoDraw = false
120.45313999988139	EXP	szo_kiir: color = {"_rgb":[1,1,1]}
120.45313999988139	EXP	szo_kiir: text = "század"
120.96753000002354	EXP	szo_kiir: autoDraw = true
121.89879500004463	DATA	Keydown: ArrowRight
121.9602250000462	EXP	szo_kiir: autoDraw = false
121.9602250000462	EXP	szo_kiir: color = {"_rgb":[1,1,1]}
121.9602250000462	EXP	szo_kiir: text = "gazdag"
122.46701000002213	EXP	szo_kiir: autoDraw = true
123.16307999985293	DATA	Keydown: ArrowRight
123.18618499999866	EXP	szo_kiir: autoDraw = false
123.18618499999866	EXP	szo_kiir: color = {"_rgb":[1,1,1]}
123.18618499999866	EXP	szo_kiir: text = "perilita"
123.70243499986827	EXP	szo_kiir: autoDraw = true
125.0205699999351	DATA	Keydown: ArrowLeft
125.0589499999769	EXP	szo_kiir: autoDraw = false
125.0589499999769	EXP	szo_kiir: color = {"_rgb":[1,1,1]}
125.0589499999769	EXP	szo_kiir: text = "recialice"
125.56808499991894	EXP	szo_kiir: autoDraw = true
127.38213500007987	DATA	Keydown: ArrowLeft
127.4021149999462	EXP	szo_kiir: autoDraw = false
127.4021149999462	EXP	szo_kiir: color = {"_rgb":[1,1,1]}
127.4021149999462	EXP	szo_kiir: text = "színű"
127.91847499995492	EXP	szo_kiir: autoDraw = true
128.64618999999948	DATA	Keydown: ArrowRight
128.70323999994434	EXP	szo_kiir: autoDraw = false
128.70323999994434	EXP	szo_kiir: color = {"_rgb":[1,1,1]}
128.70323999994434	EXP	szo_kiir: text = "tartalom"
129.21821499988437	EXP	szo_kiir: autoDraw = true
130.08107000007294	DATA	Keydown: ArrowRight
130.10171499988064	EXP	szo_kiir: autoDraw = false
130.10171499988064	EXP	szo_kiir: color = {"_rgb":[1,1,1]}
130.10171499988064	EXP	szo_kiir: text = "vörös"
130.61795999994501	EXP	szo_kiir: autoDraw = true
131.48845000006258	DATA	Keydown: ArrowRight
131.5179749999661	EXP	szo_kiir: autoDraw = false
131.5179749999661	EXP	szo_kiir: color = {"_rgb":[1,1,1]}
131.5179749999661	EXP	szo_kiir: text = "forgalom"
132.03447999991477	EXP	szo_kiir: autoDraw = true
133.07118500000797	DATA	Keydown: ArrowRight
133.08474000007845	EXP	szo_kiir: autoDraw = false
133.08474000007845	EXP	szo_kiir: color = {"_rgb":[1,1,1]}
133.08474000007845	EXP	szo_kiir: text = "ég"
133.6006050000433	EXP	szo_kiir: autoDraw = true
134.29982000007294	DATA	Keydown: ArrowRight
134.3354700000491	EXP	szo_kiir: autoDraw = false
134.3354700000491	EXP	szo_kiir: color = {"_rgb":[1,1,1]}
134.3354700000491	EXP	szo_kiir: text = "kér"
134.85051999986172	EXP	szo_kiir: autoDraw = true
135.46944499993697	DATA	Keydown: ArrowRight
135.48418499995023	EXP	szo_kiir: autoDraw = false
135.48418499995023	EXP	szo_kiir: color = {"_rgb":[1,1,1]}
135.48418499995023	EXP	szo_kiir: text = "karakter"
135.9987699999474	EXP	szo_kiir: autoDraw = true
136.83565999986604	DATA	Keydown: ArrowRight
136.8721249999944	EXP	szo_kiir: autoDraw = false
136.8721249999944	EXP	szo_kiir: color = {"_rgb":[1,1,1]}
136.8721249999944	EXP	szo_kiir: text = "pohár"
137.38341000000946	EXP	szo_kiir: autoDraw = true
138.06926500005648	DATA	Keydown: ArrowRight
138.08389499993064	EXP	szo_kiir: autoDraw = false
138.08389499993064	EXP	szo_kiir: color = {"_rgb":[1,1,1]}
138.08389499993064	EXP	szo_kiir: text = "felsőfokú"
138.5996499999892	EXP	szo_kiir: autoDraw = true
139.46846499992535	DATA	Keydown: ArrowRight
139.49783000000753	EXP	szo_kiir: autoDraw = false
139.49783000000753	EXP	szo_kiir: color = {"_rgb":[1,1,1]}
139.49783000000753	EXP	szo_kiir: text = "keritkol"
140.01412499998696	EXP	szo_kiir: autoDraw = true
141.71187500003725	DATA	Keydown: ArrowLeft
141.73325000004843	EXP	szo_kiir: autoDraw = false
141.73325000004843	EXP	szo_kiir: color = {"_rgb":[1,1,1]}
141.73325000004843	EXP	szo_kiir: text = "remény"
142.24961000005715	EXP	szo_kiir: autoDraw = true
143.15153499995358	DATA	Keydown: ArrowRight
143.1670949999243	EXP	szo_kiir: autoDraw = false
143.1670949999243	EXP	szo_kiir: color = {"_rgb":[1,1,1]}
143.1670949999243	EXP	szo_kiir: text = "harmonikus"
143.68277499987744	EXP	szo_kiir: autoDraw = true
144.5708099999465	DATA	Keydown: ArrowRight
144.57575999991968	EXP	szo_kiir: autoDraw = false
144.57575999991968	EXP	szo_kiir: color = {"_rgb":[1,1,1]}
144.57575999991968	EXP	szo_kiir: text = "minimálbér"
145.09944000001997	EXP	szo_kiir: autoDraw = true
145.9375899999868	DATA	Keydown: ArrowRight
145.9647699999623	EXP	szo_kiir: autoDraw = false
145.9647699999623	EXP	szo_kiir: color = {"_rgb":[1,1,1]}
145.9647699999623	EXP	szo_kiir: text = "kliens"
146.48022000002675	EXP	szo_kiir: autoDraw = true
147.21737500000745	DATA	Keydown: ArrowRight
147.22708499990404	EXP	szo_kiir: autoDraw = false
147.22708499990404	EXP	szo_kiir: color = {"_rgb":[1,1,1]}
147.22708499990404	EXP	szo_kiir: text = "szelíd"
147.74644499993883	EXP	szo_kiir: autoDraw = true
148.68434499995783	DATA	Keydown: ArrowRight
148.7014200000558	EXP	szo_kiir: autoDraw = false
148.7014200000558	EXP	szo_kiir: color = {"_rgb":[1,1,1]}
148.7014200000558	EXP	szo_kiir: text = "örvend"
149.21564000006765	EXP	szo_kiir: autoDraw = true
149.90448000002652	DATA	Keydown: ArrowRight
149.9107200000435	EXP	szo_kiir: autoDraw = false
149.9107200000435	EXP	szo_kiir: color = {"_rgb":[1,1,1]}
149.9107200000435	EXP	szo_kiir: text = "naiv"
150.42993499990553	EXP	szo_kiir: autoDraw = true
151.2545149999205	DATA	Keydown: ArrowRight
151.28030500002205	EXP	szo_kiir: autoDraw = false
151.28030500002205	EXP	szo_kiir: color = {"_rgb":[1,1,1]}
151.28030500002205	EXP	szo_kiir: text = "búcsú"
151.79614500002936	EXP	szo_kiir: autoDraw = true
152.41943999985233	DATA	Keydown: ArrowRight
152.43180499994196	EXP	szo_kiir: autoDraw = false
152.43180499994196	EXP	szo_kiir: color = {"_rgb":[1,1,1]}
152.43180499994196	EXP	szo_kiir: text = "részeg"
152.94804499996826	EXP	szo_kiir: autoDraw = true
153.719994999934	DATA	Keydown: ArrowRight
153.74373500002548	EXP	szo_kiir: autoDraw = false
153.74373500002548	EXP	szo_kiir: color = {"_rgb":[1,1,1]}
153.74373500002548	EXP	szo_kiir: text = "bútori"
154.26224000006914	EXP	szo_kiir: autoDraw = true
166.95200499985367	DATA	Keydown: ArrowLeft
166.95931999990717	EXP	szo_kiir: autoDraw = false
166.95931999990717	EXP	szo_kiir: color = {"_rgb":[1,1,1]}
166.95931999990717	EXP	szo_kiir: text = "gyógyszerész"
167.47738999989815	EXP	szo_kiir: autoDraw = true
168.49800499994308	DATA	Keydown: ArrowRight
168.52193999988958	EXP	szo_kiir: autoDraw = false
168.52193999988958	EXP	szo_kiir: color = {"_rgb":[1,1,1]}
168.52193999988958	EXP	szo_kiir: text = "imád"
169.02688000001945	EXP	szo_kiir: autoDraw = true
169.56699500000104	DATA	Keydown: ArrowRight
169.57342000002973	EXP	szo_kiir: autoDraw = false
169.57342000002973	EXP	szo_kiir: color = {"_rgb":[1,1,1]}
169.57342000002973	EXP	szo_kiir: text = "finálé"
170.09531000000425	EXP	szo_kiir: autoDraw = true
170.83095499989577	DATA	Keydown: ArrowRight
170.85749499988742	EXP	szo_kiir: autoDraw = false
170.85749499988742	EXP	szo_kiir: color = {"_rgb":[1,1,1]}
170.85749499988742	EXP	szo_kiir: text = "hitódó"
171.3772599999793	EXP	szo_kiir: autoDraw = true
172.53128500003368	DATA	Keydown: ArrowLeft
172.53982499986887	EXP	szo_kiir: autoDraw = false
172.53982499986887	EXP	szo_kiir: color = {"_rgb":[1,1,1]}
172.53982499986887	EXP	szo_kiir: text = "léptelegy"
173.06187499989755	EXP	szo_kiir: autoDraw = true
174.934905000031	DATA	Keydown: ArrowLeft
174.95906500006095	EXP	szo_kiir: autoDraw = false
174.95906500006095	EXP	szo_kiir: color = {"_rgb":[1,1,1]}
174.95906500006095	EXP	szo_kiir: text = "kiletette"
175.4753099998925	EXP	szo_kiir: autoDraw = true
177.29688000003807	DATA	Keydown: ArrowLeft
177.31163499993272	EXP	szo_kiir: autoDraw = false
177.31163499993272	EXP	szo_kiir: color = {"_rgb":[1,1,1]}
177.31163499993272	EXP	szo_kiir: text = "homlok"
177.82447499991395	EXP	szo_kiir: autoDraw = true
178.6803699999582	DATA	Keydown: ArrowRight
178.71688500000164	EXP	szo_kiir: autoDraw = false
178.71688500000164	EXP	szo_kiir: color = {"_rgb":[1,1,1]}
178.71688500000164	EXP	szo_kiir: text = "ion"
179.22318500000983	EXP	szo_kiir: autoDraw = true
180.1391650000587	DATA	Keydown: ArrowRight
180.1611949999351	EXP	szo_kiir: autoDraw = false
180.1611949999351	EXP	szo_kiir: color = {"_rgb":[1,1,1]}
180.1611949999351	EXP	szo_kiir: text = "misztérium"
180.67744500003755	EXP	szo_kiir: autoDraw = true
181.53836999996565	DATA	Keydown: ArrowRight
181.57484499993734	EXP	szo_kiir: autoDraw = false
181.57484499993734	EXP	szo_kiir: color = {"_rgb":[1,1,1]}
181.57484499993734	EXP	szo_kiir: text = "balji"
182.0754700000398	EXP	szo_kiir: autoDraw = true
183.57416000007652	DATA	Keydown: ArrowLeft
183.5940249999985	EXP	szo_kiir: autoDraw = false
183.5940249999985	EXP	szo_kiir: color = {"_rgb":[1,1,1]}
183.5940249999985	EXP	szo_kiir: text = "kontálás"
184.11228500003926	EXP	szo_kiir: autoDraw = true
186.06413999991491	DATA	Keydown: ArrowLeft
186.09074999997392	EXP	szo_kiir: autoDraw = false
186.09074999997392	EXP	szo_kiir: color = {"_rgb":[1,1,1]}
186.09074999997392	EXP	szo_kiir: text = "pitiáner"
186.59006000007503	EXP	szo_kiir: autoDraw = true
187.72985500004143	DATA	Keydown: ArrowRight
187.7432399999816	EXP	szo_kiir: autoDraw = false
187.7432399999816	EXP	szo_kiir: color = {"_rgb":[1,1,1]}
187.7432399999816	EXP	szo_kiir: text = "ötvöződik"
188.26043999986723	EXP	szo_kiir: autoDraw = true
189.32862500008196	DATA	Keydown: ArrowRight
189.35212499997579	EXP	szo_kiir: autoDraw = false
189.35212499997579	EXP	szo_kiir: color = {"_rgb":[1,1,1]}
189.35212499997579	EXP	szo_kiir: text = "érlelődik"
189.85767499986105	EXP	szo_kiir: autoDraw = true
191.72769499989226	DATA	Keydown: ArrowRight
191.73664500005543	EXP	szo_kiir: autoDraw = false
191.73664500005543	EXP	szo_kiir: color = {"_rgb":[1,1,1]}
191.73664500005543	EXP	szo_kiir: text = "úszamos"
192.26108499988914	EXP	szo_kiir: autoDraw = true
194.14428499992937	DATA	Keydown: ArrowLeft
194.16684499988332	EXP	szo_kiir: autoDraw = false
194.16684499988332	EXP	szo_kiir: color = {"_rgb":[1,1,1]}
194.16684499988332	EXP	szo_kiir: text = "algoritmikus"
194.6726150000468	EXP	szo_kiir: autoDraw = true
195.72743500000797	DATA	Keydown: ArrowRight
195.74231999996118	EXP	szo_kiir: autoDraw = false
195.74231999996118	EXP	szo_kiir: color = {"_rgb":[1,1,1]}
195.74231999996118	EXP	szo_kiir: text = "nárcisz"
196.2583699999377	EXP	szo_kiir: autoDraw = true
197.08885499997996	DATA	Keydown: ArrowRight
197.11715499986894	EXP	szo_kiir: autoDraw = false
197.11715499986894	EXP	szo_kiir: color = {"_rgb":[1,1,1]}
197.11715499986894	EXP	szo_kiir: text = "örög"
197.62159499991685	EXP	szo_kiir: autoDraw = true
199.41009499994107	DATA	Keydown: ArrowLeft
199.41995999985375	EXP	szo_kiir: autoDraw = false
199.41995999985375	EXP	szo_kiir: color = {"_rgb":[1,1,1]}
199.41995999985375	EXP	szo_kiir: text = "tópart"
199.94096000003628	EXP	szo_kiir: autoDraw = true
200.60492499987595	DATA	Keydown: ArrowRight
200.6402849999722	EXP	szo_kiir: autoDraw = false
200.6402849999722	EXP	szo_kiir: color = {"_rgb":[1,1,1]}
200.6402849999722	EXP	szo_kiir: text = "egzisztencializmus"
201.14051999989897	EXP	szo_kiir: autoDraw = true
202.59156999993138	DATA	Keydown: ArrowRight
202.60773499985225	EXP	szo_kiir: autoDraw = false
202.60773499985225	EXP	szo_kiir: color = {"_rgb":[1,1,1]}
202.60773499985225	EXP	szo_kiir: text = "mihálóz"
203.12421000003815	EXP	szo_kiir: autoDraw = true
204.57624499988742	DATA	Keydown: ArrowLeft
204.600390000036	EXP	szo_kiir: autoDraw = false
204.600390000036	EXP	szo_kiir: color = {"_rgb":[1,1,1]}
204.600390000036	EXP	szo_kiir: text = "csengettyű"
205.12180499988608	EXP	szo_kiir: autoDraw = true
206.06235500006005	DATA	Keydown: ArrowRight
206.06811999995261	EXP	szo_kiir: autoDraw = false
206.06811999995261	EXP	szo_kiir: color = {"_rgb":[1,1,1]}
206.06811999995261	EXP	szo_kiir: text = "varieté"
206.59014500002377	EXP	szo_kiir: autoDraw = true
208.0356099999044	DATA	Keydown: ArrowRight
208.06905499985442	EXP	szo_kiir: autoDraw = false
208.06905499985442	EXP	szo_kiir: color = {"_rgb":[1,1,1]}
208.06905499985442	EXP	szo_kiir: text = "cirózó"
208.58605999988504	EXP	szo_kiir: autoDraw = true
210.28747999994084	DATA	Keydown: ArrowLeft
210.30667000007816	EXP	szo_kiir: autoDraw = false
210.30667000007816	EXP	szo_kiir: color = {"_rgb":[1,1,1]}
210.30667000007816	EXP	szo_kiir: text = "szalicil"
210.82292499998584	EXP	szo_kiir: autoDraw = true
212.2412399998866	DATA	Keydown: ArrowRight
212.25907499995083	EXP	szo_kiir: autoDraw = false
212.25907499995083	EXP	szo_kiir: color = {"_rgb":[1,1,1]}
212.25907499995083	EXP	szo_kiir: text = "háznép"
212.7728800000623	EXP	szo_kiir: autoDraw = true
213.5257649999112	DATA	Keydown: ArrowRight
213.53973000007682	EXP	szo_kiir: autoDraw = false
213.53973000007682	EXP	szo_kiir: color = {"_rgb":[1,1,1]}
213.53973000007682	EXP	szo_kiir: text = "fajansz"
214.05294999992475	EXP	szo_kiir: autoDraw = true
215.67877999995835	DATA	Keydown: ArrowRight
215.70359499985352	EXP	szo_kiir: autoDraw = false
215.70359499985352	EXP	szo_kiir: color = {"_rgb":[1,1,1]}
215.70359499985352	EXP	szo_kiir: text = "felharmonikus"
216.2203200000804	EXP	szo_kiir: autoDraw = true
217.29563499987125	DATA	Keydown: ArrowRight
217.30029499996454	EXP	szo_kiir: autoDraw = false
217.30029499996454	EXP	szo_kiir: color = {"_rgb":[1,1,1]}
217.30029499996454	EXP	szo_kiir: text = "látolt"
217.82215499994345	EXP	szo_kiir: autoDraw = true
219.41272999998182	DATA	Keydown: ArrowLeft
219.46127499989234	EXP	szo_kiir: autoDraw = false
219.46127499989234	EXP	szo_kiir: color = {"_rgb":[1,1,1]}
219.46127499989234	EXP	szo_kiir: text = "tárgylemez"
219.97036999999546	EXP	szo_kiir: autoDraw = true
221.42423000000417	DATA	Keydown: ArrowRight
221.43865499994718	EXP	szo_kiir: autoDraw = false
221.43865499994718	EXP	szo_kiir: color = {"_rgb":[1,1,1]}
221.43865499994718	EXP	szo_kiir: text = "tamia"
221.95178500004113	EXP	szo_kiir: autoDraw = true
223.36568000004627	DATA	Keydown: ArrowLeft
223.4009650000371	EXP	szo_kiir: autoDraw = false
223.4009650000371	EXP	szo_kiir: color = {"_rgb":[1,1,1]}
223.4009650000371	EXP	szo_kiir: text = "sürög"
223.91908999998122	EXP	szo_kiir: autoDraw = true
224.724339999957	DATA	Keydown: ArrowRight
224.73793999990448	EXP	szo_kiir: autoDraw = false
224.73793999990448	EXP	szo_kiir: color = {"_rgb":[1,1,1]}
224.73793999990448	EXP	szo_kiir: text = "elegy"
225.25414999993518	EXP	szo_kiir: autoDraw = true
226.20923499995843	DATA	Keydown: ArrowRight
226.23503999994136	EXP	szo_kiir: autoDraw = false
226.23503999994136	EXP	szo_kiir: color = {"_rgb":[1,1,1]}
226.23503999994136	EXP	szo_kiir: text = "aggófű"
226.75241499999538	EXP	szo_kiir: autoDraw = true
228.67269999999553	DATA	Keydown: ArrowLeft
228.68723999988288	EXP	szo_kiir: autoDraw = false
228.68723999988288	EXP	szo_kiir: color = {"_rgb":[1,1,1]}
228.68723999988288	EXP	szo_kiir: text = "oldolt"
229.20068000000902	EXP	szo_kiir: autoDraw = true
231.40506500005722	DATA	Keydown: ArrowLeft
231.41408000001684	EXP	szo_kiir: autoDraw = false
231.41408000001684	EXP	szo_kiir: color = {"_rgb":[1,1,1]}
231.41408000001684	EXP	szo_kiir: text = "akarózik"
231.93663499993272	EXP	szo_kiir: autoDraw = true
234.9377899998799	DATA	Keydown: ArrowLeft
234.94693999993615	EXP	szo_kiir: autoDraw = false
234.94693999993615	EXP	szo_kiir: color = {"_rgb":[1,1,1]}
234.94693999993615	EXP	szo_kiir: text = "adszorbens"
235.4695599998813	EXP	szo_kiir: autoDraw = true
237.29737500008196	DATA	Keydown: ArrowLeft
237.3306899999734	EXP	szo_kiir: autoDraw = false
237.3306899999734	EXP	szo_kiir: color = {"_rgb":[1,1,1]}
237.3306899999734	EXP	szo_kiir: text = "dádá"
237.84892000001855	EXP	szo_kiir: autoDraw = true
240.71921999985352	DATA	Keydown: ArrowRight
240.7356950000394	EXP	szo_kiir: autoDraw = false
240.7356950000394	EXP	szo_kiir: color = {"_rgb":[1,1,1]}
240.7356950000394	EXP	szo_kiir: text = "arapapagáj"
241.252044999972	EXP	szo_kiir: autoDraw = true
242.90904000005685	DATA	Keydown: ArrowRight
242.94862999999896	EXP	szo_kiir: autoDraw = false
242.94862999999896	EXP	szo_kiir: color = {"_rgb":[1,1,1]}
242.94862999999896	EXP	szo_kiir: text = "homályosít"
243.4657649998553	EXP	szo_kiir: autoDraw = true
245.2538900000509	DATA	Keydown: ArrowRight
245.26851499988697	EXP	szo_kiir: autoDraw = false
245.26851499988697	EXP	szo_kiir: color = {"_rgb":[1,1,1]}
245.26851499988697	EXP	szo_kiir: text = "vagdalthús"
245.7847049999982	EXP	szo_kiir: autoDraw = true
246.7870399998501	DATA	Keydown: ArrowRight
246.80267499992624	EXP	szo_kiir: autoDraw = false
246.80267499992624	EXP	szo_kiir: color = {"_rgb":[1,1,1]}
246.80267499992624	EXP	szo_kiir: text = "hazardírozik"
247.31538000004366	EXP	szo_kiir: autoDraw = true
249.35302000003867	DATA	Keydown: ArrowRight
249.36500500002876	EXP	szo_kiir: autoDraw = false
249.36500500002876	EXP	szo_kiir: color = {"_rgb":[1,1,1]}
249.36500500002876	EXP	szo_kiir: text = "dögönyöz"
249.88180999993347	EXP	szo_kiir: autoDraw = true
250.8290899998974	DATA	Keydown: ArrowRight
250.8596049998887	EXP	szo_kiir: autoDraw = false
250.8596049998887	EXP	szo_kiir: color = {"_rgb":[1,1,1]}
250.8596049998887	EXP	szo_kiir: text = "rosszlelkű"
251.3656249998603	EXP	szo_kiir: autoDraw = true
252.36874999990687	DATA	Keydown: ArrowRight
252.37806500005536	EXP	szo_kiir: autoDraw = false
252.37806500005536	EXP	szo_kiir: color = {"_rgb":[1,1,1]}
252.37806500005536	EXP	szo_kiir: text = "tangózik"
252.90037499996834	EXP	szo_kiir: autoDraw = true
253.9281450000126	DATA	Keydown: ArrowRight
253.9540500000585	EXP	szo_kiir: autoDraw = false
253.9540500000585	EXP	szo_kiir: color = {"_rgb":[1,1,1]}
253.9540500000585	EXP	szo_kiir: text = "gyakornokoskodik"
254.46717499988154	EXP	szo_kiir: autoDraw = true
255.9684399999678	DATA	Keydown: ArrowRight
255.98346999986097	EXP	szo_kiir: autoDraw = false
255.98346999986097	EXP	szo_kiir: color = {"_rgb":[1,1,1]}
255.98346999986097	EXP	szo_kiir: text = "sziksófű"
256.4996350000147	EXP	szo_kiir: autoDraw = true
258.560899999924	DATA	Keydown: ArrowLeft
258.58305999985896	EXP	szo_kiir: autoDraw = false
258.58305999985896	EXP	szo_kiir: color = {"_rgb":[1,1,1]}
258.58305999985896	EXP	szo_kiir: text = "libling"
259.09991999994963	EXP	szo_kiir: autoDraw = true
261.8339599999599	DATA	Keydown: ArrowRight
261.86322499997914	EXP	szo_kiir: autoDraw = false
261.86322499997914	EXP	szo_kiir: color = {"_rgb":[1,1,1]}
261.86322499997914	EXP	szo_kiir: text = "zomás"
262.3622800000012	EXP	szo_kiir: autoDraw = true
264.13408500002697	DATA	Keydown: ArrowLeft
264.1490849999245	EXP	szo_kiir: autoDraw = false
264.1490849999245	EXP	szo_kiir: color = {"_rgb":[1,1,1]}
264.1490849999245	EXP	szo_kiir: text = "kajakusz"
264.6606600000523	EXP	szo_kiir: autoDraw = true
266.22090999991633	DATA	Keydown: ArrowLeft
266.2404600000009	EXP	szo_kiir: autoDraw = false
266.2404600000009	EXP	szo_kiir: color = {"_rgb":[1,1,1]}
266.2404600000009	EXP	szo_kiir: text = "ravataloz"
266.7444649999961	EXP	szo_kiir: autoDraw = true
267.83381500001997	DATA	Keydown: ArrowRight
267.8420750000514	EXP	szo_kiir: autoDraw = false
267.8420750000514	EXP	szo_kiir: color = {"_rgb":[1,1,1]}
267.8420750000514	EXP	szo_kiir: text = "ízesedik"
268.36458499985747	EXP	szo_kiir: autoDraw = true
270.2379250000231	DATA	Keydown: ArrowLeft
270.24424499995075	EXP	szo_kiir: autoDraw = false
270.24424499995075	EXP	szo_kiir: color = {"_rgb":[1,1,1]}
270.24424499995075	EXP	szo_kiir: text = "gyűrűz"
270.7641149999108	EXP	szo_kiir: autoDraw = true
272.41602499992587	DATA	Keydown: ArrowRight
272.444940000074	EXP	szo_kiir: autoDraw = false
272.444940000074	EXP	szo_kiir: color = {"_rgb":[1,1,1]}
272.444940000074	EXP	szo_kiir: text = "bőujjú"
272.94461999996565	EXP	szo_kiir: autoDraw = true
274.7087749999482	DATA	Keydown: ArrowRight
274.73074000002816	EXP	szo_kiir: autoDraw = false
274.73074000002816	EXP	szo_kiir: color = {"_rgb":[1,1,1]}
274.73074000002816	EXP	szo_kiir: text = "pósfalmár"
275.24705499992706	EXP	szo_kiir: autoDraw = true
276.9660149998963	DATA	Keydown: ArrowLeft
276.9942499999888	EXP	szo_kiir: autoDraw = false
276.9942499999888	EXP	szo_kiir: color = {"_rgb":[1,1,1]}
276.9942499999888	EXP	szo_kiir: text = "karnogó"
277.5097600000445	EXP	szo_kiir: autoDraw = true
278.7818199999165	DATA	Keydown: ArrowLeft
278.79040999989957	EXP	szo_kiir: autoDraw = false
278.79040999989957	EXP	szo_kiir: color = {"_rgb":[1,1,1]}
278.79040999989957	EXP	szo_kiir: text = "tömődékhet"
279.31337999994867	EXP	szo_kiir: autoDraw = true
281.2153099998832	DATA	Keydown: ArrowLeft
281.2388949999586	EXP	szo_kiir: autoDraw = false
281.2388949999586	EXP	szo_kiir: color = {"_rgb":[1,1,1]}
281.2388949999586	EXP	szo_kiir: text = "zuboly"
281.74430499994196	EXP	szo_kiir: autoDraw = true
283.1441399999894	DATA	Keydown: ArrowLeft
283.1627749998588	EXP	szo_kiir: autoDraw = false
283.1627749998588	EXP	szo_kiir: color = {"_rgb":[1,1,1]}
283.1627749998588	EXP	szo_kiir: text = "szíjaz"
283.6790449998807	EXP	szo_kiir: autoDraw = true
284.66470499988645	DATA	Keydown: ArrowRight
284.67934999987483	EXP	szo_kiir: autoDraw = false
284.67934999987483	EXP	szo_kiir: color = {"_rgb":[1,1,1]}
284.67934999987483	EXP	szo_kiir: text = "stalp"
285.19251500000246	EXP	szo_kiir: autoDraw = true
286.51455500000156	DATA	Keydown: ArrowLeft
286.5402949999552	EXP	szo_kiir: autoDraw = false
286.5402949999552	EXP	szo_kiir: color = {"_rgb":[1,1,1]}
286.5402949999552	EXP	szo_kiir: text = "suszi"
287.0598400000017	EXP	szo_kiir: autoDraw = true
288.4245599999558	DATA	Keydown: ArrowLeft
288.4454149999656	EXP	szo_kiir: autoDraw = false
288.4454149999656	EXP	szo_kiir: color = {"_rgb":[1,1,1]}
288.4454149999656	EXP	szo_kiir: text = "invonult"
288.96172000002116	EXP	szo_kiir: autoDraw = true
290.62369999988005	DATA	Keydown: ArrowLeft
290.6565999998711	EXP	szo_kiir: autoDraw = false
290.6565999998711	EXP	szo_kiir: color = {"_rgb":[1,1,1]}
290.6565999998711	EXP	szo_kiir: text = "koegzisztál"
291.17531999992207	EXP	szo_kiir: autoDraw = true
293.8914199999999	DATA	Keydown: ArrowLeft
293.9113449999131	EXP	szo_kiir: autoDraw = false
293.9113449999131	EXP	szo_kiir: color = {"_rgb":[1,1,1]}
293.9113449999131	EXP	szo_kiir: text = "csácsog"
294.42763999989256	EXP	szo_kiir: autoDraw = true
296.12941499985754	DATA	Keydown: ArrowLeft
296.1380999998655	EXP	szo_kiir: autoDraw = false
296.1380999998655	EXP	szo_kiir: color = {"_rgb":[1,1,1]}
296.1380999998655	EXP	szo_kiir: text = "homoktölcsér"
296.6609350000508	EXP	szo_kiir: autoDraw = true
298.01085500000045	DATA	Keydown: ArrowRight
298.0272699999623	EXP	szo_kiir: autoDraw = false
298.0272699999623	EXP	szo_kiir: color = {"_rgb":[1,1,1]}
298.0272699999623	EXP	szo_kiir: text = "hendesen"
298.54053499992006	EXP	szo_kiir: autoDraw = true
300.31702499999665	DATA	Keydown: ArrowLeft
300.3410000000149	EXP	szo_kiir: autoDraw = false
300.3410000000149	EXP	szo_kiir: color = {"_rgb":[1,1,1]}
300.3410000000149	EXP	szo_kiir: text = "dévánkozik"
300.8577650000807	EXP	szo_kiir: autoDraw = true
302.5720249998849	DATA	Keydown: ArrowLeft
302.5934399999678	EXP	szo_kiir: autoDraw = false
302.5934399999678	EXP	szo_kiir: color = {"_rgb":[1,1,1]}
302.5934399999678	EXP	szo_kiir: text = "legyszekli"
303.1097699999809	EXP	szo_kiir: autoDraw = true
304.9116100000683	DATA	Keydown: ArrowLeft
304.9263299999293	EXP	szo_kiir: autoDraw = false
304.9263299999293	EXP	szo_kiir: color = {"_rgb":[1,1,1]}
304.9263299999293	EXP	szo_kiir: text = "szénaköteg"
305.44215000001714	EXP	szo_kiir: autoDraw = true
306.6616100000683	DATA	Keydown: ArrowRight
306.68309499998577	EXP	szo_kiir: autoDraw = false
306.68309499998577	EXP	szo_kiir: color = {"_rgb":[1,1,1]}
306.68309499998577	EXP	szo_kiir: text = "balhitű"
307.19035999989137	EXP	szo_kiir: autoDraw = true
308.56122999987565	DATA	Keydown: ArrowLeft
308.5760949999094	EXP	szo_kiir: autoDraw = false
308.5760949999094	EXP	szo_kiir: color = {"_rgb":[1,1,1]}
308.5760949999094	EXP	szo_kiir: text = "tortya"
309.08941999985836	EXP	szo_kiir: autoDraw = true
310.4882399998605	DATA	Keydown: ArrowLeft
310.5089600000065	EXP	szo_kiir: autoDraw = false
310.5089600000065	EXP	szo_kiir: color = {"_rgb":[1,1,1]}
310.5089600000065	EXP	szo_kiir: text = "makranc"
311.0253149999771	EXP	szo_kiir: autoDraw = true
313.1896049999632	DATA	Keydown: ArrowLeft
313.20849499991164	EXP	szo_kiir: autoDraw = false
313.20849499991164	EXP	szo_kiir: color = {"_rgb":[1,1,1]}
313.20849499991164	EXP	szo_kiir: text = "bajuszfű"
313.72481500008143	EXP	szo_kiir: autoDraw = true
315.2552199999336	DATA	Keydown: ArrowLeft
315.27858499996364	EXP	szo_kiir: autoDraw = false
315.27858499996364	EXP	szo_kiir: color = {"_rgb":[1,1,1]}
315.27858499996364	EXP	szo_kiir: text = "petél"
315.79105499992147	EXP	szo_kiir: autoDraw = true
316.79451499995776	DATA	Keydown: ArrowLeft
316.80823499988765	EXP	szo_kiir: autoDraw = false
316.80823499988765	EXP	szo_kiir: color = {"_rgb":[1,1,1]}
316.80823499988765	EXP	szo_kiir: text = "templomoz"
317.32443999988027	EXP	szo_kiir: autoDraw = true
319.0975249998737	DATA	Keydown: ArrowLeft
319.1019699999597	EXP	szo_kiir: autoDraw = false
319.1019699999597	EXP	szo_kiir: color = {"_rgb":[1,1,1]}
319.1019699999597	EXP	szo_kiir: text = "cirkalmaz"
319.62415999989025	EXP	szo_kiir: autoDraw = true
321.7587999999523	DATA	Keydown: ArrowLeft
321.7812200000044	EXP	szo_kiir: autoDraw = false
321.7812200000044	EXP	koszi_szoveg: autoDraw = true
324.6919249999337	DATA	Keydown: ArrowRight
