0.13355999998748302	EXP	Created Window = Window( name=Window, fullscr=true, color=#000000, units=norm, waitBlanking=true, autoLog=true, size=[1536,754] )
2.2705549999373034	DATA	Keydown: 6
4.865629999898374	DATA	Keydown: undefined
9.09672499995213	DATA	Keydown: 2
9.330249999999069	DATA	Keydown: 0
9.464199999929406	DATA	Keydown: 0
9.85761999990791	DATA	Keydown: 5
11.256999999983236	DATA	Keydown: .
11.735149999964051	DATA	Keydown: 1
11.91446499992162	DATA	Keydown: 0
12.649509999901056	DATA	Keydown: .
13.434509999933653	DATA	Keydown: 0
17.347999999998137	DATA	Keydown: 6
17.827614999958314	DATA	Keydown: .
24.681269999942742	DATA	Keydown: 7
26.323209999944083	EXP	Created instruction_text1 = TextStim( name=instruction_text1, win=Window( name=Window, fullscr=true, color=#000000, ~), autoDraw=null, autoLog=true, units=norm, ori=null, opacity=1, pos=[0,0], size=undefined, text=Ön most szavakat fog látni.

Ezek között lesznek o~, font=Arial, color=#ffffff, contrast=1, height=0.05, bold=null, italic=null, alignHoriz=left, alignVert=center, wrapWidth=1, flipHoriz=null, flipVert=null )
26.3322249999037	EXP	Created instruction_text2 = TextStim( name=instruction_text2, win=Window( name=Window, fullscr=true, color=#000000, ~), autoDraw=null, autoLog=true, units=norm, ori=null, opacity=1, pos=[0,0], size=undefined, text=Először két egyszerű példát mutatunk Önnek.

Az el~, font=Arial, color=#FFFFFF, contrast=1, height=0.05, bold=null, italic=null, alignHoriz=left, alignVert=center, wrapWidth=1, flipHoriz=null, flipVert=null )
26.33413499989547	EXP	Created show_text = TextStim( name=show_text, win=Window( name=Window, fullscr=true, color=#000000, ~), autoDraw=null, autoLog=true, units=norm, ori=null, opacity=1, pos=[0,0], size=undefined, text=asztal, font=Arial, color=#FFFFFF, contrast=1, height=0.2, bold=null, italic=null, alignHoriz=left, alignVert=center, wrapWidth=1, flipHoriz=null, flipVert=null )
26.3490649999585	EXP	Created text = TextStim( name=text, win=Window( name=Window, fullscr=true, color=#000000, ~), autoDraw=null, autoLog=true, units=norm, ori=null, opacity=1, pos=[0,0], size=undefined, text=bzsmfsztal, font=Arial, color=#FFFFFF, contrast=1, height=0.2, bold=null, italic=null, alignHoriz=left, alignVert=center, wrapWidth=1, flipHoriz=null, flipVert=null )
26.351150000002235	EXP	Created instruction_text3 = TextStim( name=instruction_text3, win=Window( name=Window, fullscr=true, color=#000000, ~), autoDraw=null, autoLog=true, units=norm, ori=null, opacity=1, pos=[0,0], size=undefined, text=Pazar. Most kezdődik az igazi kísérlet. Néhány per~, font=Arial, color=#FFFFFF, contrast=1, height=0.1, bold=null, italic=null, alignHoriz=left, alignVert=center, wrapWidth=1, flipHoriz=null, flipVert=null )
26.35381000000052	EXP	Created szo_kiir = TextStim( name=szo_kiir, win=Window( name=Window, fullscr=true, color=#000000, ~), autoDraw=null, autoLog=true, units=norm, ori=null, opacity=1, pos=[0,0], size=undefined, text=default text, font=Arial, color=#FFFFFF, contrast=1, height=0.2, bold=null, italic=null, alignHoriz=left, alignVert=center, wrapWidth=1, flipHoriz=null, flipVert=null )
26.360294999904	EXP	Created koszi_szoveg = TextStim( name=koszi_szoveg, win=Window( name=Window, fullscr=true, color=#000000, ~), autoDraw=null, autoLog=true, units=norm, ori=null, opacity=1, pos=[0,0], size=undefined, text=Vége a kísérletnek. Köszönjük a részvételt!, font=arial, color=#ffffff, contrast=1, height=0.1, bold=null, italic=null, alignHoriz=left, alignVert=center, wrapWidth=1, flipHoriz=null, flipVert=null )
26.53263999999035	EXP	instruction_text1: units = "norm"
26.53263999999035	EXP	instruction_text1: ori = 0
26.53263999999035	EXP	instruction_text1: opacity = 1
26.53263999999035	EXP	instruction_text1: pos = [0,0]
26.53263999999035	EXP	instruction_text1: size = undefined
26.53263999999035	EXP	instruction_text1: text = "Ön most szavakat fog látni.\n\nEzek között lesznek olyanok, amelyeket ismer, de előfordulhatnak olyanok is, amelyeket nem ismer, sőt, vannak köztük kitalált szavak is. \n\nKérjük, ha ismeri a képernyőn látható szót, nyomja meg a JOBB kurzorbillentyűt.\nKérjük, ha NEM ismeri a képernyőn látható szót, vagy azt gondolja, nincs ilyen szó a magyarban, nyomja meg a BAL kurzorbillentyűt.\n\nAz 'Ismerem a szót' döntés itt most ezt jelenti: találkoztam már vele, és van valami elképzelésem a jelentéséről is.  \n\nNyomjon meg bármilyen billentyűt a folytatáshoz."
26.53263999999035	EXP	instruction_text1: font = "Arial"
26.53263999999035	EXP	instruction_text1: color = {"_rgb":[1,1,1]}
26.53263999999035	EXP	instruction_text1: contrast = 1
26.53263999999035	EXP	instruction_text1: height = 0.05
26.53263999999035	EXP	instruction_text1: bold = false
26.53263999999035	EXP	instruction_text1: italic = false
26.53263999999035	EXP	instruction_text1: alignHoriz = "left"
26.53263999999035	EXP	instruction_text1: alignVert = "center"
26.53263999999035	EXP	instruction_text1: wrapWidth = 1
26.53263999999035	EXP	instruction_text1: flipHoriz = false
26.53263999999035	EXP	instruction_text1: flipVert = false
26.53263999999035	EXP	instruction_text2: units = "norm"
26.53263999999035	EXP	instruction_text2: ori = 0
26.53263999999035	EXP	instruction_text2: opacity = 1
26.53263999999035	EXP	instruction_text2: pos = [0,0]
26.53263999999035	EXP	instruction_text2: size = undefined
26.53263999999035	EXP	instruction_text2: text = "Először két egyszerű példát mutatunk Önnek.\n\nAz első szó létezik a magyarban, és valószínűleg Ön is ismeri. Itt nyomja majd meg a jobb kurzorbillentyűt.\nA második szó nem létezik a magyar nyelvben. Itt nyomja majd meg a bal kurzorbillentyűt.\n\nFontos, hogy a jobb gombot a jobb kezével, a bal gombot a bal kezével nyomja, ha tudja, és ne egy kezét használja a kísérletben.\n\nNyomjon meg bármilyen gombot a folytatáshoz."
26.53263999999035	EXP	instruction_text2: font = "Arial"
26.53263999999035	EXP	instruction_text2: color = {"_hex":"#FFFFFF","_rgb":[1,1,1]}
26.53263999999035	EXP	instruction_text2: contrast = 1
26.53263999999035	EXP	instruction_text2: height = 0.05
26.53263999999035	EXP	instruction_text2: bold = false
26.53263999999035	EXP	instruction_text2: italic = false
26.53263999999035	EXP	instruction_text2: alignHoriz = "left"
26.53263999999035	EXP	instruction_text2: alignVert = "center"
26.53263999999035	EXP	instruction_text2: wrapWidth = 1
26.53263999999035	EXP	instruction_text2: flipHoriz = false
26.53263999999035	EXP	instruction_text2: flipVert = false
26.53263999999035	EXP	show_text: units = "norm"
26.53263999999035	EXP	show_text: ori = 0
26.53263999999035	EXP	show_text: opacity = 1
26.53263999999035	EXP	show_text: pos = [0,0]
26.53263999999035	EXP	show_text: size = undefined
26.53263999999035	EXP	show_text: text = "asztal"
26.53263999999035	EXP	show_text: font = "Arial"
26.53263999999035	EXP	show_text: color = {"_hex":"#FFFFFF","_rgb":[1,1,1]}
26.53263999999035	EXP	show_text: contrast = 1
26.53263999999035	EXP	show_text: height = 0.2
26.53263999999035	EXP	show_text: bold = false
26.53263999999035	EXP	show_text: italic = false
26.53263999999035	EXP	show_text: alignHoriz = "left"
26.53263999999035	EXP	show_text: alignVert = "center"
26.53263999999035	EXP	show_text: wrapWidth = 1
26.53263999999035	EXP	show_text: flipHoriz = false
26.53263999999035	EXP	show_text: flipVert = false
26.53263999999035	EXP	text: units = "norm"
26.53263999999035	EXP	text: ori = 0
26.53263999999035	EXP	text: opacity = 1
26.53263999999035	EXP	text: pos = [0,0]
26.53263999999035	EXP	text: size = undefined
26.53263999999035	EXP	text: text = "bzsmfsztal"
26.53263999999035	EXP	text: font = "Arial"
26.53263999999035	EXP	text: color = {"_hex":"#FFFFFF","_rgb":[1,1,1]}
26.53263999999035	EXP	text: contrast = 1
26.53263999999035	EXP	text: height = 0.2
26.53263999999035	EXP	text: bold = false
26.53263999999035	EXP	text: italic = false
26.53263999999035	EXP	text: alignHoriz = "left"
26.53263999999035	EXP	text: alignVert = "center"
26.53263999999035	EXP	text: wrapWidth = 1
26.53263999999035	EXP	text: flipHoriz = false
26.53263999999035	EXP	text: flipVert = false
26.53263999999035	EXP	instruction_text3: units = "norm"
26.53263999999035	EXP	instruction_text3: ori = 0
26.53263999999035	EXP	instruction_text3: opacity = 1
26.53263999999035	EXP	instruction_text3: pos = [0,0]
26.53263999999035	EXP	instruction_text3: size = undefined
26.53263999999035	EXP	instruction_text3: text = "Pazar. Most kezdődik az igazi kísérlet. Néhány percig fog tartani. Nem kell nagyon sietnie, de igyekezzen gyorsan válaszolni.\n\nNe feledje, ha tudja, a jobb gombot a jobbkezével, a bal gombot a balkezével nyomja le.\n\nNyomjon meg bármilyen gombot a folytatáshoz."
26.53263999999035	EXP	instruction_text3: font = "Arial"
26.53263999999035	EXP	instruction_text3: color = {"_hex":"#FFFFFF","_rgb":[1,1,1]}
26.53263999999035	EXP	instruction_text3: contrast = 1
26.53263999999035	EXP	instruction_text3: height = 0.1
26.53263999999035	EXP	instruction_text3: bold = false
26.53263999999035	EXP	instruction_text3: italic = false
26.53263999999035	EXP	instruction_text3: alignHoriz = "left"
26.53263999999035	EXP	instruction_text3: alignVert = "center"
26.53263999999035	EXP	instruction_text3: wrapWidth = 1
26.53263999999035	EXP	instruction_text3: flipHoriz = false
26.53263999999035	EXP	instruction_text3: flipVert = false
26.53263999999035	EXP	szo_kiir: units = "norm"
26.53263999999035	EXP	szo_kiir: ori = 0
26.53263999999035	EXP	szo_kiir: opacity = 1
26.53263999999035	EXP	szo_kiir: pos = [0,0]
26.53263999999035	EXP	szo_kiir: size = undefined
26.53263999999035	EXP	szo_kiir: text = "default text"
26.53263999999035	EXP	szo_kiir: font = "Arial"
26.53263999999035	EXP	szo_kiir: color = {"_hex":"#FFFFFF","_rgb":[1,1,1]}
26.53263999999035	EXP	szo_kiir: contrast = 1
26.53263999999035	EXP	szo_kiir: height = 0.2
26.53263999999035	EXP	szo_kiir: bold = false
26.53263999999035	EXP	szo_kiir: italic = false
26.53263999999035	EXP	szo_kiir: alignHoriz = "left"
26.53263999999035	EXP	szo_kiir: alignVert = "center"
26.53263999999035	EXP	szo_kiir: wrapWidth = 1
26.53263999999035	EXP	szo_kiir: flipHoriz = false
26.53263999999035	EXP	szo_kiir: flipVert = false
26.53263999999035	EXP	koszi_szoveg: units = "norm"
26.53263999999035	EXP	koszi_szoveg: ori = 0
26.53263999999035	EXP	koszi_szoveg: opacity = 1
26.53263999999035	EXP	koszi_szoveg: pos = [0,0]
26.53263999999035	EXP	koszi_szoveg: size = undefined
26.53263999999035	EXP	koszi_szoveg: text = "Vége a kísérletnek. Köszönjük a részvételt!"
26.53263999999035	EXP	koszi_szoveg: font = "arial"
26.53263999999035	EXP	koszi_szoveg: color = {"_rgb":[1,1,1]}
26.53263999999035	EXP	koszi_szoveg: contrast = 1
26.53263999999035	EXP	koszi_szoveg: height = 0.1
26.53263999999035	EXP	koszi_szoveg: bold = false
26.53263999999035	EXP	koszi_szoveg: italic = false
26.53263999999035	EXP	koszi_szoveg: alignHoriz = "left"
26.53263999999035	EXP	koszi_szoveg: alignVert = "center"
26.53263999999035	EXP	koszi_szoveg: wrapWidth = 1
26.53263999999035	EXP	koszi_szoveg: flipHoriz = false
26.53263999999035	EXP	koszi_szoveg: flipVert = false
26.53263999999035	EXP	instruction_text1: autoDraw = true
48.334719999926165	DATA	Keydown:  
48.36847999994643	EXP	instruction_text1: autoDraw = false
48.36847999994643	EXP	instruction_text2: autoDraw = true
57.01955500000622	DATA	Keydown:  
57.04627999989316	EXP	instruction_text2: autoDraw = false
57.57290499994997	EXP	show_text: autoDraw = true
59.00630499992985	DATA	Keydown: ArrowRight
59.02892999991309	EXP	show_text: autoDraw = false
59.5460599999642	EXP	text: autoDraw = true
62.14556499989703	DATA	Keydown: ArrowLeft
62.21288999996614	EXP	text: autoDraw = false
62.21288999996614	EXP	instruction_text3: autoDraw = true
69.00996499997564	DATA	Keydown:  
69.08924499992281	EXP	instruction_text3: autoDraw = false
69.08924499992281	EXP	szo_kiir: color = {"_rgb":[1,1,1]}
69.08924499992281	EXP	szo_kiir: text = "megy"
69.600065000006	EXP	szo_kiir: autoDraw = true
70.60893499990925	DATA	Keydown: ArrowRight
70.62701999989804	EXP	szo_kiir: autoDraw = false
70.62701999989804	EXP	szo_kiir: color = {"_rgb":[1,1,1]}
70.62701999989804	EXP	szo_kiir: text = "igaz"
71.14488499995787	EXP	szo_kiir: autoDraw = true
71.9146999999648	DATA	Keydown: ArrowLeft
71.92564999999013	EXP	szo_kiir: autoDraw = false
71.92564999999013	EXP	szo_kiir: color = {"_rgb":[1,1,1]}
71.92564999999013	EXP	szo_kiir: text = "kap"
72.44552499998827	EXP	szo_kiir: autoDraw = true
73.73043499991763	DATA	Keydown: ArrowRight
73.75668499991298	EXP	szo_kiir: autoDraw = false
73.75668499991298	EXP	szo_kiir: color = {"_rgb":[1,1,1]}
73.75668499991298	EXP	szo_kiir: text = "verseny"
74.280049999943	EXP	szo_kiir: autoDraw = true
75.27000499994028	DATA	Keydown: ArrowRight
75.27502499998081	EXP	szo_kiir: autoDraw = false
75.27502499998081	EXP	szo_kiir: color = {"_rgb":[1,1,1]}
75.27502499998081	EXP	szo_kiir: text = "számít"
75.79477499995846	EXP	szo_kiir: autoDraw = true
77.32415499992203	DATA	Keydown: ArrowRight
77.3480049999198	EXP	szo_kiir: autoDraw = false
77.3480049999198	EXP	szo_kiir: color = {"_rgb":[1,1,1]}
77.3480049999198	EXP	szo_kiir: text = "időszak"
77.86124999995809	EXP	szo_kiir: autoDraw = true
78.87320499995258	DATA	Keydown: ArrowRight
78.89132499997504	EXP	szo_kiir: autoDraw = false
78.89132499997504	EXP	szo_kiir: color = {"_rgb":[1,1,1]}
78.89132499997504	EXP	szo_kiir: text = "hatékony"
79.41066499997396	EXP	szo_kiir: autoDraw = true
80.95580499991775	DATA	Keydown: ArrowRight
80.99991999997292	EXP	szo_kiir: autoDraw = false
80.99991999997292	EXP	szo_kiir: color = {"_rgb":[1,1,1]}
80.99991999997292	EXP	szo_kiir: text = "maszt"
81.50860499998089	EXP	szo_kiir: autoDraw = true
83.3984749999363	DATA	Keydown: ArrowRight
83.40505499998108	EXP	szo_kiir: autoDraw = false
83.40505499998108	EXP	szo_kiir: color = {"_rgb":[1,1,1]}
83.40505499998108	EXP	szo_kiir: text = "föld"
83.92445999989286	EXP	szo_kiir: autoDraw = true
85.043079999974	DATA	Keydown: ArrowRight
85.05463499994949	EXP	szo_kiir: autoDraw = false
85.05463499994949	EXP	szo_kiir: color = {"_rgb":[1,1,1]}
85.05463499994949	EXP	szo_kiir: text = "zenekar"
85.57438499992713	EXP	szo_kiir: autoDraw = true
86.92547999997623	DATA	Keydown: ArrowRight
86.94424999994226	EXP	szo_kiir: autoDraw = false
86.94424999994226	EXP	szo_kiir: color = {"_rgb":[1,1,1]}
86.94424999994226	EXP	szo_kiir: text = "folyik"
87.45767999999225	EXP	szo_kiir: autoDraw = true
88.33925999992061	DATA	Keydown: ArrowRight
88.35355499992147	EXP	szo_kiir: autoDraw = false
88.35355499992147	EXP	szo_kiir: color = {"_rgb":[1,1,1]}
88.35355499992147	EXP	szo_kiir: text = "skadai"
88.87342499999795	EXP	szo_kiir: autoDraw = true
91.41990499990061	DATA	Keydown: ArrowLeft
91.43503499997314	EXP	szo_kiir: autoDraw = false
91.43503499997314	EXP	szo_kiir: color = {"_rgb":[1,1,1]}
91.43503499997314	EXP	szo_kiir: text = "olaj"
91.95104499999434	EXP	szo_kiir: autoDraw = true
92.71874499996193	DATA	Keydown: ArrowRight
92.73408500000369	EXP	szo_kiir: autoDraw = false
92.73408500000369	EXP	szo_kiir: color = {"_rgb":[1,1,1]}
92.73408500000369	EXP	szo_kiir: text = "célszerű"
93.25141499994788	EXP	szo_kiir: autoDraw = true
94.55126999993809	DATA	Keydown: ArrowRight
94.56703499995638	EXP	szo_kiir: autoDraw = false
94.56703499995638	EXP	szo_kiir: color = {"_rgb":[1,1,1]}
94.56703499995638	EXP	szo_kiir: text = "kiskolható"
95.08330499997828	EXP	szo_kiir: autoDraw = true
98.90674999996554	DATA	Keydown: ArrowLeft
98.93209499993827	EXP	szo_kiir: autoDraw = false
98.93209499993827	EXP	szo_kiir: color = {"_rgb":[1,1,1]}
98.93209499993827	EXP	szo_kiir: text = "borhátsz"
99.4491599999601	EXP	szo_kiir: autoDraw = true
104.01777999999467	DATA	Keydown: ArrowLeft
104.04613999999128	EXP	szo_kiir: autoDraw = false
104.04613999999128	EXP	szo_kiir: color = {"_rgb":[1,1,1]}
104.04613999999128	EXP	szo_kiir: text = "eredményez"
104.56380000000354	EXP	szo_kiir: autoDraw = true
106.69803999993019	DATA	Keydown: ArrowRight
106.7292099999031	EXP	szo_kiir: autoDraw = false
106.7292099999031	EXP	szo_kiir: color = {"_rgb":[1,1,1]}
106.7292099999031	EXP	szo_kiir: text = "pohár"
107.2466499999864	EXP	szo_kiir: autoDraw = true
108.5323999999091	DATA	Keydown: ArrowRight
108.56196999992244	EXP	szo_kiir: autoDraw = false
108.56196999992244	EXP	szo_kiir: color = {"_rgb":[1,1,1]}
108.56196999992244	EXP	szo_kiir: text = "konfúzusza"
109.07852499990258	EXP	szo_kiir: autoDraw = true
111.45682500000112	DATA	Keydown: ArrowLeft
111.4775999999838	EXP	szo_kiir: autoDraw = false
111.4775999999838	EXP	szo_kiir: color = {"_rgb":[1,1,1]}
111.4775999999838	EXP	szo_kiir: text = "nagyméretű"
111.9948349999031	EXP	szo_kiir: autoDraw = true
114.31931499997154	DATA	Keydown: ArrowRight
114.34269499999937	EXP	szo_kiir: autoDraw = false
114.34269499999937	EXP	szo_kiir: color = {"_rgb":[1,1,1]}
114.34269499999937	EXP	szo_kiir: text = "dán"
114.86058999993838	EXP	szo_kiir: autoDraw = true
117.94403999997303	DATA	Keydown: ArrowLeft
117.97569499991369	EXP	szo_kiir: autoDraw = false
117.97569499991369	EXP	szo_kiir: color = {"_rgb":[1,1,1]}
117.97569499991369	EXP	szo_kiir: text = "trend"
118.49291499995161	EXP	szo_kiir: autoDraw = true
120.61921999999322	DATA	Keydown: ArrowLeft
120.64117999991868	EXP	szo_kiir: autoDraw = false
120.64117999991868	EXP	szo_kiir: color = {"_rgb":[1,1,1]}
120.64117999991868	EXP	szo_kiir: text = "rák"
121.15746499993838	EXP	szo_kiir: autoDraw = true
122.35932499996852	DATA	Keydown: ArrowRight
122.39070499991067	EXP	szo_kiir: autoDraw = false
122.39070499991067	EXP	szo_kiir: color = {"_rgb":[1,1,1]}
122.39070499991067	EXP	szo_kiir: text = "repülőgép"
122.90759499999695	EXP	szo_kiir: autoDraw = true
123.953125	DATA	Keydown: ArrowRight
123.97247999999672	EXP	szo_kiir: autoDraw = false
123.97247999999672	EXP	szo_kiir: color = {"_rgb":[1,1,1]}
123.97247999999672	EXP	szo_kiir: text = "gyóka"
124.49043999996502	EXP	szo_kiir: autoDraw = true
128.34431999991648	DATA	Keydown: ArrowLeft
128.37220499990508	EXP	szo_kiir: autoDraw = false
128.37220499990508	EXP	szo_kiir: color = {"_rgb":[1,1,1]}
128.37220499990508	EXP	szo_kiir: text = "cucc"
128.88902000000235	EXP	szo_kiir: autoDraw = true
130.2149699999718	DATA	Keydown: ArrowRight
130.23834999999963	EXP	szo_kiir: autoDraw = false
130.23834999999963	EXP	szo_kiir: color = {"_rgb":[1,1,1]}
130.23834999999963	EXP	szo_kiir: text = "örvend"
130.75501999992412	EXP	szo_kiir: autoDraw = true
132.28921499999706	DATA	Keydown: ArrowRight
132.32064999989234	EXP	szo_kiir: autoDraw = false
132.32064999989234	EXP	szo_kiir: color = {"_rgb":[1,1,1]}
132.32064999989234	EXP	szo_kiir: text = "kölcsönöz"
132.8378649998922	EXP	szo_kiir: autoDraw = true
134.69844499998726	DATA	Keydown: ArrowRight
134.71880499995314	EXP	szo_kiir: autoDraw = false
134.71880499995314	EXP	szo_kiir: color = {"_rgb":[1,1,1]}
134.71880499995314	EXP	szo_kiir: text = "alapszabály"
135.2367849999573	EXP	szo_kiir: autoDraw = true
139.17349499999546	DATA	Keydown: ArrowRight
139.20167499990202	EXP	szo_kiir: autoDraw = false
139.20167499990202	EXP	szo_kiir: color = {"_rgb":[1,1,1]}
139.20167499990202	EXP	szo_kiir: text = "búcsú"
139.71887499990407	EXP	szo_kiir: autoDraw = true
140.72171999991406	DATA	Keydown: ArrowRight
140.75146999990102	EXP	szo_kiir: autoDraw = false
140.75146999990102	EXP	szo_kiir: color = {"_rgb":[1,1,1]}
140.75146999990102	EXP	szo_kiir: text = "had"
141.26822500000708	EXP	szo_kiir: autoDraw = true
141.9199199998984	DATA	Keydown: ArrowRight
141.95077499991748	EXP	szo_kiir: autoDraw = false
141.95077499991748	EXP	szo_kiir: color = {"_rgb":[1,1,1]}
141.95077499991748	EXP	szo_kiir: text = "szobrász"
142.46792500000447	EXP	szo_kiir: autoDraw = true
143.54177999997046	DATA	Keydown: ArrowRight
143.5661249998957	EXP	szo_kiir: autoDraw = false
143.5661249998957	EXP	szo_kiir: color = {"_rgb":[1,1,1]}
143.5661249998957	EXP	szo_kiir: text = "régész"
144.08399999991525	EXP	szo_kiir: autoDraw = true
145.71007999998983	DATA	Keydown: ArrowRight
145.7328049999196	EXP	szo_kiir: autoDraw = false
145.7328049999196	EXP	szo_kiir: color = {"_rgb":[1,1,1]}
145.7328049999196	EXP	szo_kiir: text = "vélekedik"
146.25107999995816	EXP	szo_kiir: autoDraw = true
149.64923999994062	DATA	Keydown: ArrowRight
149.66424999991432	EXP	szo_kiir: autoDraw = false
149.66424999991432	EXP	szo_kiir: color = {"_rgb":[1,1,1]}
149.66424999991432	EXP	szo_kiir: text = "sugár"
150.18197999999393	EXP	szo_kiir: autoDraw = true
151.45308499992825	DATA	Keydown: ArrowRight
151.48081499990076	EXP	szo_kiir: autoDraw = false
151.48081499990076	EXP	szo_kiir: color = {"_rgb":[1,1,1]}
151.48081499990076	EXP	szo_kiir: text = "rajzolódik"
151.99768499995116	EXP	szo_kiir: autoDraw = true
154.0172199999215	DATA	Keydown: ArrowRight
154.04700499994215	EXP	szo_kiir: autoDraw = false
154.04700499994215	EXP	szo_kiir: color = {"_rgb":[1,1,1]}
154.04700499994215	EXP	szo_kiir: text = "oldalmi"
154.5652499999851	EXP	szo_kiir: autoDraw = true
157.48881999996956	DATA	Keydown: ArrowLeft
157.5122149999952	EXP	szo_kiir: autoDraw = false
157.5122149999952	EXP	szo_kiir: color = {"_rgb":[1,1,1]}
157.5122149999952	EXP	szo_kiir: text = "kiabál"
158.02915499999654	EXP	szo_kiir: autoDraw = true
159.23489999992307	DATA	Keydown: ArrowRight
159.26103999989573	EXP	szo_kiir: autoDraw = false
159.26103999989573	EXP	szo_kiir: color = {"_rgb":[1,1,1]}
159.26103999989573	EXP	szo_kiir: text = "kóser"
159.77865499991458	EXP	szo_kiir: autoDraw = true
162.237770000007	DATA	Keydown: ArrowRight
162.26060499995947	EXP	szo_kiir: autoDraw = false
162.26060499995947	EXP	szo_kiir: color = {"_rgb":[1,1,1]}
162.26060499995947	EXP	szo_kiir: text = "kárpit"
162.77787499991246	EXP	szo_kiir: autoDraw = true
164.79483999998774	DATA	Keydown: ArrowRight
164.82649999996647	EXP	szo_kiir: autoDraw = false
164.82649999996647	EXP	szo_kiir: color = {"_rgb":[1,1,1]}
164.82649999996647	EXP	szo_kiir: text = "derít"
165.3436099999817	EXP	szo_kiir: autoDraw = true
169.65021499991417	DATA	Keydown: ArrowLeft
169.6747350000078	EXP	szo_kiir: autoDraw = false
169.6747350000078	EXP	szo_kiir: color = {"_rgb":[1,1,1]}
169.6747350000078	EXP	szo_kiir: text = "könnyelmű"
170.19186499994248	EXP	szo_kiir: autoDraw = true
171.69450999994297	DATA	Keydown: ArrowRight
171.70041499997023	DATA	Keydown: ArrowLeft
171.7239099999424	EXP	szo_kiir: autoDraw = false
171.7239099999424	EXP	szo_kiir: color = {"_rgb":[1,1,1]}
171.7239099999424	EXP	szo_kiir: text = "stasassző"
172.24087999993935	EXP	szo_kiir: autoDraw = true
176.407569999923	DATA	Keydown: ArrowLeft
176.43894999998156	EXP	szo_kiir: autoDraw = false
176.43894999998156	EXP	szo_kiir: color = {"_rgb":[1,1,1]}
176.43894999998156	EXP	szo_kiir: text = "arló"
176.95600999996532	EXP	szo_kiir: autoDraw = true
179.42279999994207	DATA	Keydown: ArrowLeft
179.45486999989953	EXP	szo_kiir: autoDraw = false
179.45486999989953	EXP	szo_kiir: color = {"_rgb":[1,1,1]}
179.45486999989953	EXP	szo_kiir: text = "arisztokratikus"
179.97164499992505	EXP	szo_kiir: autoDraw = true
182.2631199999014	DATA	Keydown: ArrowLeft
182.28689499991015	EXP	szo_kiir: autoDraw = false
182.28689499991015	EXP	szo_kiir: color = {"_rgb":[1,1,1]}
182.28689499991015	EXP	szo_kiir: text = "nyilváram"
182.80417499993928	EXP	szo_kiir: autoDraw = true
183.93285499990452	DATA	Keydown: ArrowRight
183.95328999997582	EXP	szo_kiir: autoDraw = false
183.95328999997582	EXP	szo_kiir: color = {"_rgb":[1,1,1]}
183.95328999997582	EXP	szo_kiir: text = "lazarjadó"
184.4700099999318	EXP	szo_kiir: autoDraw = true
189.7291499999119	DATA	Keydown: ArrowLeft
189.7513349999208	EXP	szo_kiir: autoDraw = false
189.7513349999208	EXP	szo_kiir: color = {"_rgb":[1,1,1]}
189.7513349999208	EXP	szo_kiir: text = "katerült"
190.26817999989726	EXP	szo_kiir: autoDraw = true
193.3351749998983	DATA	Keydown: ArrowRight
193.36671999993268	EXP	szo_kiir: autoDraw = false
193.36671999993268	EXP	szo_kiir: color = {"_rgb":[1,1,1]}
193.36671999993268	EXP	szo_kiir: text = "pátia"
193.883834999986	EXP	szo_kiir: autoDraw = true
195.37728499993682	DATA	Keydown: ArrowRight
195.39935999992304	EXP	szo_kiir: autoDraw = false
195.39935999992304	EXP	szo_kiir: color = {"_rgb":[1,1,1]}
195.39935999992304	EXP	szo_kiir: text = "bódé"
195.91609999991488	EXP	szo_kiir: autoDraw = true
197.83467499993276	DATA	Keydown: ArrowRight
197.86514499993064	EXP	szo_kiir: autoDraw = false
197.86514499993064	EXP	szo_kiir: color = {"_rgb":[1,1,1]}
197.86514499993064	EXP	szo_kiir: text = "balközép"
198.3820349999005	EXP	szo_kiir: autoDraw = true
200.80160000000615	DATA	Keydown: ArrowRight
200.83095999993384	EXP	szo_kiir: autoDraw = false
200.83095999993384	EXP	szo_kiir: color = {"_rgb":[1,1,1]}
200.83095999993384	EXP	szo_kiir: text = "nárcisz"
201.34752499999013	EXP	szo_kiir: autoDraw = true
203.1256449999055	DATA	Keydown: ArrowRight
203.14648499991745	EXP	szo_kiir: autoDraw = false
203.14648499991745	EXP	szo_kiir: color = {"_rgb":[1,1,1]}
203.14648499991745	EXP	szo_kiir: text = "attasé"
203.66384499997366	EXP	szo_kiir: autoDraw = true
205.22061999992002	DATA	Keydown: ArrowLeft
205.2458349999506	EXP	szo_kiir: autoDraw = false
205.2458349999506	EXP	szo_kiir: color = {"_rgb":[1,1,1]}
205.2458349999506	EXP	szo_kiir: text = "kisujj"
205.24651999992784	DATA	Keydown: ArrowRight
205.7629049998941	EXP	szo_kiir: autoDraw = true
207.33157499996014	DATA	Keydown: ArrowRight
207.36259499995504	EXP	szo_kiir: autoDraw = false
207.36259499995504	EXP	szo_kiir: color = {"_rgb":[1,1,1]}
207.36259499995504	EXP	szo_kiir: text = "szilikát"
207.87899999995716	EXP	szo_kiir: autoDraw = true
209.863214999903	DATA	Keydown: ArrowRight
209.8944499999052	EXP	szo_kiir: autoDraw = false
209.8944499999052	EXP	szo_kiir: color = {"_rgb":[1,1,1]}
209.8944499999052	EXP	szo_kiir: text = "camembert"
210.41154000000097	EXP	szo_kiir: autoDraw = true
212.6218050000025	DATA	Keydown: ArrowLeft
212.64345499989577	EXP	szo_kiir: autoDraw = false
212.64345499989577	EXP	szo_kiir: color = {"_rgb":[1,1,1]}
212.64345499989577	EXP	szo_kiir: text = "vegyesbolt"
213.15957499993965	EXP	szo_kiir: autoDraw = true
216.4015449999133	DATA	Keydown: ArrowRight
216.42558499996085	EXP	szo_kiir: autoDraw = false
216.42558499996085	EXP	szo_kiir: color = {"_rgb":[1,1,1]}
216.42558499996085	EXP	szo_kiir: text = "viszkózus"
216.94231999991462	EXP	szo_kiir: autoDraw = true
220.34507499996107	DATA	Keydown: ArrowLeft
220.37420500000007	EXP	szo_kiir: autoDraw = false
220.37420500000007	EXP	szo_kiir: color = {"_rgb":[1,1,1]}
220.37420500000007	EXP	szo_kiir: text = "egzisztencializmus"
220.89108999993186	EXP	szo_kiir: autoDraw = true
222.21615499991458	DATA	Keydown: ArrowLeft
222.24015999992844	EXP	szo_kiir: autoDraw = false
222.24015999992844	EXP	szo_kiir: color = {"_rgb":[1,1,1]}
222.24015999992844	EXP	szo_kiir: text = "üzemanyagár"
222.7573749999283	EXP	szo_kiir: autoDraw = true
226.8299649999244	DATA	Keydown: ArrowRight
226.8552399999462	EXP	szo_kiir: autoDraw = false
226.8552399999462	EXP	szo_kiir: color = {"_rgb":[1,1,1]}
226.8552399999462	EXP	szo_kiir: text = "tropikus"
227.37204499996733	EXP	szo_kiir: autoDraw = true
229.29703999997582	DATA	Keydown: ArrowLeft
229.3213649999816	EXP	szo_kiir: autoDraw = false
229.3213649999816	EXP	szo_kiir: color = {"_rgb":[1,1,1]}
229.3213649999816	EXP	szo_kiir: text = "viszkóz"
229.83798999991268	EXP	szo_kiir: autoDraw = true
236.18172499991488	DATA	Keydown: ArrowLeft
236.20230499992613	EXP	szo_kiir: autoDraw = false
236.20230499992613	EXP	szo_kiir: color = {"_rgb":[1,1,1]}
236.20230499992613	EXP	szo_kiir: text = "tipográfus"
236.71918499993626	EXP	szo_kiir: autoDraw = true
238.4933449999662	DATA	Keydown: ArrowLeft
238.51806999999098	EXP	szo_kiir: autoDraw = false
238.51806999999098	EXP	szo_kiir: color = {"_rgb":[1,1,1]}
238.51806999999098	EXP	szo_kiir: text = "aurult"
239.03501999995206	EXP	szo_kiir: autoDraw = true
242.21848499996122	DATA	Keydown: ArrowLeft
242.25016999989748	EXP	szo_kiir: autoDraw = false
242.25016999989748	EXP	szo_kiir: color = {"_rgb":[1,1,1]}
242.25016999989748	EXP	szo_kiir: text = "konzílium"
242.7672199999215	EXP	szo_kiir: autoDraw = true
244.84346499992535	DATA	Keydown: ArrowLeft
244.8663949999027	EXP	szo_kiir: autoDraw = false
244.8663949999027	EXP	koszi_szoveg: autoDraw = true
