0.08977499999991778	EXP	Created Window = Window( name=Window, fullscr=true, color=#000000, units=norm, waitBlanking=true, autoLog=true, size=[1366,625] )
2.372389999999996	DATA	Keydown: 2
2.595455000000129	DATA	Keydown: 3
5.1845250000001215	DATA	Keydown: 5
5.227635000000191	DATA	Keydown: 7
8.734105	DATA	Keydown: n
9.101909999999862	DATA	Keydown: ő
10.896240000000034	DATA	Keydown: 1
11.565349999999853	DATA	Keydown: 9
11.935480000000098	DATA	Keydown: 5
12.056965000000218	DATA	Keydown: 8
19.225734999999986	DATA	Keydown: 1
19.34068500000012	DATA	Keydown: 6
27.884990000000016	EXP	Created instruction_text1 = TextStim( name=instruction_text1, win=Window( name=Window, fullscr=true, color=#000000, ~), autoDraw=null, autoLog=true, units=norm, ori=null, opacity=1, pos=[0,0], size=undefined, text=Ön most szavakat fog látni.

Ezek között lesznek o~, font=Arial, color=#ffffff, contrast=1, height=0.05, bold=null, italic=null, alignHoriz=left, alignVert=center, wrapWidth=1, flipHoriz=null, flipVert=null )
27.90041999999994	EXP	Created instruction_text2 = TextStim( name=instruction_text2, win=Window( name=Window, fullscr=true, color=#000000, ~), autoDraw=null, autoLog=true, units=norm, ori=null, opacity=1, pos=[0,0], size=undefined, text=Először két egyszerű példát mutatunk Önnek.

Az el~, font=Arial, color=#FFFFFF, contrast=1, height=0.05, bold=null, italic=null, alignHoriz=left, alignVert=center, wrapWidth=1, flipHoriz=null, flipVert=null )
27.906144999999924	EXP	Created show_text = TextStim( name=show_text, win=Window( name=Window, fullscr=true, color=#000000, ~), autoDraw=null, autoLog=true, units=norm, ori=null, opacity=1, pos=[0,0], size=undefined, text=asztal, font=Arial, color=#FFFFFF, contrast=1, height=0.2, bold=null, italic=null, alignHoriz=left, alignVert=center, wrapWidth=1, flipHoriz=null, flipVert=null )
27.912304999999833	EXP	Created text = TextStim( name=text, win=Window( name=Window, fullscr=true, color=#000000, ~), autoDraw=null, autoLog=true, units=norm, ori=null, opacity=1, pos=[0,0], size=undefined, text=bzsmfsztal, font=Arial, color=#FFFFFF, contrast=1, height=0.2, bold=null, italic=null, alignHoriz=left, alignVert=center, wrapWidth=1, flipHoriz=null, flipVert=null )
27.91814999999997	EXP	Created instruction_text3 = TextStim( name=instruction_text3, win=Window( name=Window, fullscr=true, color=#000000, ~), autoDraw=null, autoLog=true, units=norm, ori=null, opacity=1, pos=[0,0], size=undefined, text=Pazar. Most kezdődik az igazi kísérlet. Néhány per~, font=Arial, color=#FFFFFF, contrast=1, height=0.1, bold=null, italic=null, alignHoriz=left, alignVert=center, wrapWidth=1, flipHoriz=null, flipVert=null )
27.922100000000228	EXP	Created szo_kiir = TextStim( name=szo_kiir, win=Window( name=Window, fullscr=true, color=#000000, ~), autoDraw=null, autoLog=true, units=norm, ori=null, opacity=1, pos=[0,0], size=undefined, text=default text, font=Arial, color=#FFFFFF, contrast=1, height=0.2, bold=null, italic=null, alignHoriz=left, alignVert=center, wrapWidth=1, flipHoriz=null, flipVert=null )
27.924895000000106	EXP	Created koszi_szoveg = TextStim( name=koszi_szoveg, win=Window( name=Window, fullscr=true, color=#000000, ~), autoDraw=null, autoLog=true, units=norm, ori=null, opacity=1, pos=[0,0], size=undefined, text=Vége a kísérletnek. Köszönjük a részvételt!, font=arial, color=#ffffff, contrast=1, height=0.1, bold=null, italic=null, alignHoriz=left, alignVert=center, wrapWidth=1, flipHoriz=null, flipVert=null )
28.121965000000273	EXP	instruction_text1: units = "norm"
28.121965000000273	EXP	instruction_text1: ori = 0
28.121965000000273	EXP	instruction_text1: opacity = 1
28.121965000000273	EXP	instruction_text1: pos = [0,0]
28.121965000000273	EXP	instruction_text1: size = undefined
28.121965000000273	EXP	instruction_text1: text = "Ön most szavakat fog látni.\n\nEzek között lesznek olyanok, amelyeket ismer, de előfordulhatnak olyanok is, amelyeket nem ismer, sőt, vannak köztük kitalált szavak is. \n\nKérjük, ha ismeri a képernyőn látható szót, nyomja meg a JOBB kurzorbillentyűt.\nKérjük, ha NEM ismeri a képernyőn látható szót, vagy azt gondolja, nincs ilyen szó a magyarban, nyomja meg a BAL kurzorbillentyűt.\n\nAz 'Ismerem a szót' döntés itt most ezt jelenti: találkoztam már vele, és van valami elképzelésem a jelentéséről is.  \n\nNyomjon meg bármilyen billentyűt a folytatáshoz."
28.121965000000273	EXP	instruction_text1: font = "Arial"
28.121965000000273	EXP	instruction_text1: color = {"_rgb":[1,1,1]}
28.121965000000273	EXP	instruction_text1: contrast = 1
28.121965000000273	EXP	instruction_text1: height = 0.05
28.121965000000273	EXP	instruction_text1: bold = false
28.121965000000273	EXP	instruction_text1: italic = false
28.121965000000273	EXP	instruction_text1: alignHoriz = "left"
28.121965000000273	EXP	instruction_text1: alignVert = "center"
28.121965000000273	EXP	instruction_text1: wrapWidth = 1
28.121965000000273	EXP	instruction_text1: flipHoriz = false
28.121965000000273	EXP	instruction_text1: flipVert = false
28.121965000000273	EXP	instruction_text2: units = "norm"
28.121965000000273	EXP	instruction_text2: ori = 0
28.121965000000273	EXP	instruction_text2: opacity = 1
28.121965000000273	EXP	instruction_text2: pos = [0,0]
28.121965000000273	EXP	instruction_text2: size = undefined
28.121965000000273	EXP	instruction_text2: text = "Először két egyszerű példát mutatunk Önnek.\n\nAz első szó létezik a magyarban, és valószínűleg Ön is ismeri. Itt nyomja majd meg a jobb kurzorbillentyűt.\nA második szó nem létezik a magyar nyelvben. Itt nyomja majd meg a bal kurzorbillentyűt.\n\nFontos, hogy a jobb gombot a jobb kezével, a bal gombot a bal kezével nyomja, ha tudja, és ne egy kezét használja a kísérletben.\n\nNyomjon meg bármilyen gombot a folytatáshoz."
28.121965000000273	EXP	instruction_text2: font = "Arial"
28.121965000000273	EXP	instruction_text2: color = {"_hex":"#FFFFFF","_rgb":[1,1,1]}
28.121965000000273	EXP	instruction_text2: contrast = 1
28.121965000000273	EXP	instruction_text2: height = 0.05
28.121965000000273	EXP	instruction_text2: bold = false
28.121965000000273	EXP	instruction_text2: italic = false
28.121965000000273	EXP	instruction_text2: alignHoriz = "left"
28.121965000000273	EXP	instruction_text2: alignVert = "center"
28.121965000000273	EXP	instruction_text2: wrapWidth = 1
28.121965000000273	EXP	instruction_text2: flipHoriz = false
28.121965000000273	EXP	instruction_text2: flipVert = false
28.121965000000273	EXP	show_text: units = "norm"
28.121965000000273	EXP	show_text: ori = 0
28.121965000000273	EXP	show_text: opacity = 1
28.121965000000273	EXP	show_text: pos = [0,0]
28.121965000000273	EXP	show_text: size = undefined
28.121965000000273	EXP	show_text: text = "asztal"
28.121965000000273	EXP	show_text: font = "Arial"
28.121965000000273	EXP	show_text: color = {"_hex":"#FFFFFF","_rgb":[1,1,1]}
28.121965000000273	EXP	show_text: contrast = 1
28.121965000000273	EXP	show_text: height = 0.2
28.121965000000273	EXP	show_text: bold = false
28.121965000000273	EXP	show_text: italic = false
28.121965000000273	EXP	show_text: alignHoriz = "left"
28.121965000000273	EXP	show_text: alignVert = "center"
28.121965000000273	EXP	show_text: wrapWidth = 1
28.121965000000273	EXP	show_text: flipHoriz = false
28.121965000000273	EXP	show_text: flipVert = false
28.121965000000273	EXP	text: units = "norm"
28.121965000000273	EXP	text: ori = 0
28.121965000000273	EXP	text: opacity = 1
28.121965000000273	EXP	text: pos = [0,0]
28.121965000000273	EXP	text: size = undefined
28.121965000000273	EXP	text: text = "bzsmfsztal"
28.121965000000273	EXP	text: font = "Arial"
28.121965000000273	EXP	text: color = {"_hex":"#FFFFFF","_rgb":[1,1,1]}
28.121965000000273	EXP	text: contrast = 1
28.121965000000273	EXP	text: height = 0.2
28.121965000000273	EXP	text: bold = false
28.121965000000273	EXP	text: italic = false
28.121965000000273	EXP	text: alignHoriz = "left"
28.121965000000273	EXP	text: alignVert = "center"
28.121965000000273	EXP	text: wrapWidth = 1
28.121965000000273	EXP	text: flipHoriz = false
28.121965000000273	EXP	text: flipVert = false
28.121965000000273	EXP	instruction_text3: units = "norm"
28.121965000000273	EXP	instruction_text3: ori = 0
28.121965000000273	EXP	instruction_text3: opacity = 1
28.121965000000273	EXP	instruction_text3: pos = [0,0]
28.121965000000273	EXP	instruction_text3: size = undefined
28.121965000000273	EXP	instruction_text3: text = "Pazar. Most kezdődik az igazi kísérlet. Néhány percig fog tartani. Nem kell nagyon sietnie, de igyekezzen gyorsan válaszolni.\n\nNe feledje, ha tudja, a jobb gombot a jobbkezével, a bal gombot a balkezével nyomja le.\n\nNyomjon meg bármilyen gombot a folytatáshoz."
28.121965000000273	EXP	instruction_text3: font = "Arial"
28.121965000000273	EXP	instruction_text3: color = {"_hex":"#FFFFFF","_rgb":[1,1,1]}
28.121965000000273	EXP	instruction_text3: contrast = 1
28.121965000000273	EXP	instruction_text3: height = 0.1
28.121965000000273	EXP	instruction_text3: bold = false
28.121965000000273	EXP	instruction_text3: italic = false
28.121965000000273	EXP	instruction_text3: alignHoriz = "left"
28.121965000000273	EXP	instruction_text3: alignVert = "center"
28.121965000000273	EXP	instruction_text3: wrapWidth = 1
28.121965000000273	EXP	instruction_text3: flipHoriz = false
28.121965000000273	EXP	instruction_text3: flipVert = false
28.121965000000273	EXP	szo_kiir: units = "norm"
28.121965000000273	EXP	szo_kiir: ori = 0
28.121965000000273	EXP	szo_kiir: opacity = 1
28.121965000000273	EXP	szo_kiir: pos = [0,0]
28.121965000000273	EXP	szo_kiir: size = undefined
28.121965000000273	EXP	szo_kiir: text = "default text"
28.121965000000273	EXP	szo_kiir: font = "Arial"
28.121965000000273	EXP	szo_kiir: color = {"_hex":"#FFFFFF","_rgb":[1,1,1]}
28.121965000000273	EXP	szo_kiir: contrast = 1
28.121965000000273	EXP	szo_kiir: height = 0.2
28.121965000000273	EXP	szo_kiir: bold = false
28.121965000000273	EXP	szo_kiir: italic = false
28.121965000000273	EXP	szo_kiir: alignHoriz = "left"
28.121965000000273	EXP	szo_kiir: alignVert = "center"
28.121965000000273	EXP	szo_kiir: wrapWidth = 1
28.121965000000273	EXP	szo_kiir: flipHoriz = false
28.121965000000273	EXP	szo_kiir: flipVert = false
28.121965000000273	EXP	koszi_szoveg: units = "norm"
28.121965000000273	EXP	koszi_szoveg: ori = 0
28.121965000000273	EXP	koszi_szoveg: opacity = 1
28.121965000000273	EXP	koszi_szoveg: pos = [0,0]
28.121965000000273	EXP	koszi_szoveg: size = undefined
28.121965000000273	EXP	koszi_szoveg: text = "Vége a kísérletnek. Köszönjük a részvételt!"
28.121965000000273	EXP	koszi_szoveg: font = "arial"
28.121965000000273	EXP	koszi_szoveg: color = {"_rgb":[1,1,1]}
28.121965000000273	EXP	koszi_szoveg: contrast = 1
28.121965000000273	EXP	koszi_szoveg: height = 0.1
28.121965000000273	EXP	koszi_szoveg: bold = false
28.121965000000273	EXP	koszi_szoveg: italic = false
28.121965000000273	EXP	koszi_szoveg: alignHoriz = "left"
28.121965000000273	EXP	koszi_szoveg: alignVert = "center"
28.121965000000273	EXP	koszi_szoveg: wrapWidth = 1
28.121965000000273	EXP	koszi_szoveg: flipHoriz = false
28.121965000000273	EXP	koszi_szoveg: flipVert = false
28.121965000000273	EXP	instruction_text1: autoDraw = true
51.9402399999999	DATA	Keydown: k
52.01028499999985	EXP	instruction_text1: autoDraw = false
52.01028499999985	EXP	instruction_text2: autoDraw = true
56.42283499999984	DATA	Keydown: k
56.465085000000265	EXP	instruction_text2: autoDraw = false
57.001565000000035	EXP	show_text: autoDraw = true
58.23557500000016	DATA	Keydown: ArrowRight
58.27855499999987	EXP	show_text: autoDraw = false
58.80576999999994	EXP	text: autoDraw = true
59.9621000000002	DATA	Keydown: ArrowLeft
60.02747499999987	EXP	text: autoDraw = false
60.02747499999987	EXP	instruction_text3: autoDraw = true
69.43278499999998	DATA	Keydown: á
69.53711500000007	EXP	instruction_text3: autoDraw = false
69.53711500000007	EXP	szo_kiir: color = {"_rgb":[1,1,1]}
69.53711500000007	EXP	szo_kiir: text = "posdótelő"
70.06545000000006	EXP	szo_kiir: autoDraw = true
71.3023750000002	DATA	Keydown: ArrowLeft
71.34525500000018	EXP	szo_kiir: autoDraw = false
71.34525500000018	EXP	szo_kiir: color = {"_rgb":[1,1,1]}
71.34525500000018	EXP	szo_kiir: text = "megy"
71.88061999999991	EXP	szo_kiir: autoDraw = true
72.58820000000014	DATA	Keydown: ArrowRight
72.65137000000004	EXP	szo_kiir: autoDraw = false
72.65137000000004	EXP	szo_kiir: color = {"_rgb":[1,1,1]}
72.65137000000004	EXP	szo_kiir: text = "friss"
73.18821000000025	EXP	szo_kiir: autoDraw = true
73.77259000000004	DATA	Keydown: ArrowRight
73.8143100000002	EXP	szo_kiir: autoDraw = false
73.8143100000002	EXP	szo_kiir: color = {"_rgb":[1,1,1]}
73.8143100000002	EXP	szo_kiir: text = "század"
74.34308999999985	EXP	szo_kiir: autoDraw = true
74.97185500000023	DATA	Keydown: ArrowRight
75.03933499999994	EXP	szo_kiir: autoDraw = false
75.03933499999994	EXP	szo_kiir: color = {"_rgb":[1,1,1]}
75.03933499999994	EXP	szo_kiir: text = "dolgozik"
75.57609000000002	EXP	szo_kiir: autoDraw = true
76.1133	DATA	Keydown: ArrowRight
76.15722499999991	EXP	szo_kiir: autoDraw = false
76.15722499999991	EXP	szo_kiir: color = {"_rgb":[1,1,1]}
76.15722499999991	EXP	szo_kiir: text = "szem"
76.70092999999996	EXP	szo_kiir: autoDraw = true
77.27246500000001	DATA	Keydown: ArrowRight
77.34347500000013	EXP	szo_kiir: autoDraw = false
77.34347500000013	EXP	szo_kiir: color = {"_rgb":[1,1,1]}
77.34347500000013	EXP	szo_kiir: text = "évfolyam"
77.87096999999994	EXP	szo_kiir: autoDraw = true
78.39788499999986	DATA	Keydown: ArrowRight
78.44010000000026	EXP	szo_kiir: autoDraw = false
78.44010000000026	EXP	szo_kiir: color = {"_rgb":[1,1,1]}
78.44010000000026	EXP	szo_kiir: text = "nyelvű"
78.97060499999998	EXP	szo_kiir: autoDraw = true
79.51061500000013	DATA	Keydown: ArrowRight
79.5601700000002	EXP	szo_kiir: autoDraw = false
79.5601700000002	EXP	szo_kiir: color = {"_rgb":[1,1,1]}
79.5601700000002	EXP	szo_kiir: text = "változik"
80.08672500000013	EXP	szo_kiir: autoDraw = true
80.58422500000006	DATA	Keydown: ArrowRight
80.62617499999988	EXP	szo_kiir: autoDraw = false
80.62617499999988	EXP	szo_kiir: color = {"_rgb":[1,1,1]}
80.62617499999988	EXP	szo_kiir: text = "szegény"
81.15646500000003	EXP	szo_kiir: autoDraw = true
81.68483000000015	DATA	Keydown: ArrowRight
81.73277000000007	EXP	szo_kiir: autoDraw = false
81.73277000000007	EXP	szo_kiir: color = {"_rgb":[1,1,1]}
81.73277000000007	EXP	szo_kiir: text = "hézhet"
82.2661750000002	EXP	szo_kiir: autoDraw = true
83.10413500000004	DATA	Keydown: ArrowLeft
83.14626499999986	EXP	szo_kiir: autoDraw = false
83.14626499999986	EXP	szo_kiir: color = {"_rgb":[1,1,1]}
83.14626499999986	EXP	szo_kiir: text = "ég"
83.67833000000019	EXP	szo_kiir: autoDraw = true
84.33534000000009	DATA	Keydown: ArrowRight
84.38360499999997	EXP	szo_kiir: autoDraw = false
84.38360499999997	EXP	szo_kiir: color = {"_rgb":[1,1,1]}
84.38360499999997	EXP	szo_kiir: text = "bajnok"
84.92837499999996	EXP	szo_kiir: autoDraw = true
85.64082499999995	DATA	Keydown: ArrowRight
85.68278499999998	EXP	szo_kiir: autoDraw = false
85.68278499999998	EXP	szo_kiir: color = {"_rgb":[1,1,1]}
85.68278499999998	EXP	szo_kiir: text = "rohangsári"
86.22147499999983	EXP	szo_kiir: autoDraw = true
87.01188000000002	DATA	Keydown: ArrowLeft
87.06107500000007	EXP	szo_kiir: autoDraw = false
87.06107500000007	EXP	szo_kiir: color = {"_rgb":[1,1,1]}
87.06107500000007	EXP	szo_kiir: text = "kollektív"
87.58662499999991	EXP	szo_kiir: autoDraw = true
88.30475500000013	DATA	Keydown: ArrowRight
88.34748500000023	EXP	szo_kiir: autoDraw = false
88.34748500000023	EXP	szo_kiir: color = {"_rgb":[1,1,1]}
88.34748500000023	EXP	szo_kiir: text = "látvány"
88.87314000000015	EXP	szo_kiir: autoDraw = true
89.40165000000025	DATA	Keydown: ArrowRight
89.45751000000018	EXP	szo_kiir: autoDraw = false
89.45751000000018	EXP	szo_kiir: color = {"_rgb":[1,1,1]}
89.45751000000018	EXP	szo_kiir: text = "különbözik"
89.987345	EXP	szo_kiir: autoDraw = true
90.55944000000001	DATA	Keydown: ArrowRight
90.60131499999989	EXP	szo_kiir: autoDraw = false
90.60131499999989	EXP	szo_kiir: color = {"_rgb":[1,1,1]}
90.60131499999989	EXP	szo_kiir: text = "nek"
91.12715500000013	EXP	szo_kiir: autoDraw = true
91.78495999999997	DATA	Keydown: ArrowLeft
91.82709000000023	EXP	szo_kiir: autoDraw = false
91.82709000000023	EXP	szo_kiir: color = {"_rgb":[1,1,1]}
91.82709000000023	EXP	szo_kiir: text = "gróf"
92.35158000000001	EXP	szo_kiir: autoDraw = true
93.0172849999999	DATA	Keydown: ArrowRight
93.06365000000005	EXP	szo_kiir: autoDraw = false
93.06365000000005	EXP	szo_kiir: color = {"_rgb":[1,1,1]}
93.06365000000005	EXP	szo_kiir: text = "szethetősi"
93.5900200000001	EXP	szo_kiir: autoDraw = true
94.42068000000016	DATA	Keydown: ArrowLeft
94.46272499999986	EXP	szo_kiir: autoDraw = false
94.46272499999986	EXP	szo_kiir: color = {"_rgb":[1,1,1]}
94.46272499999986	EXP	szo_kiir: text = "dán"
94.99562000000014	EXP	szo_kiir: autoDraw = true
95.61078499999986	DATA	Keydown: ArrowRight
95.65840000000026	EXP	szo_kiir: autoDraw = false
95.65840000000026	EXP	szo_kiir: color = {"_rgb":[1,1,1]}
95.65840000000026	EXP	szo_kiir: text = "forgatókönyv"
96.19187499999998	EXP	szo_kiir: autoDraw = true
96.76460499999985	DATA	Keydown: ArrowRight
96.80620499999988	EXP	szo_kiir: autoDraw = false
96.80620499999988	EXP	szo_kiir: color = {"_rgb":[1,1,1]}
96.80620499999988	EXP	szo_kiir: text = "kliens"
97.33534999999983	EXP	szo_kiir: autoDraw = true
98.0336400000001	DATA	Keydown: ArrowRight
98.08522500000026	EXP	szo_kiir: autoDraw = false
98.08522500000026	EXP	szo_kiir: color = {"_rgb":[1,1,1]}
98.08522500000026	EXP	szo_kiir: text = "gótikus"
98.62183499999992	EXP	szo_kiir: autoDraw = true
99.21021999999995	DATA	Keydown: ArrowRight
99.25214499999993	EXP	szo_kiir: autoDraw = false
99.25214499999993	EXP	szo_kiir: color = {"_rgb":[1,1,1]}
99.25214499999993	EXP	szo_kiir: text = "bronz"
99.7773400000001	EXP	szo_kiir: autoDraw = true
100.32157000000007	DATA	Keydown: ArrowRight
100.36846500000001	EXP	szo_kiir: autoDraw = false
100.36846500000001	EXP	szo_kiir: color = {"_rgb":[1,1,1]}
100.36846500000001	EXP	szo_kiir: text = "villany"
100.89332000000012	EXP	szo_kiir: autoDraw = true
101.37843500000008	DATA	Keydown: ArrowRight
101.4217050000002	EXP	szo_kiir: autoDraw = false
101.4217050000002	EXP	szo_kiir: color = {"_rgb":[1,1,1]}
101.4217050000002	EXP	szo_kiir: text = "szichosol"
101.95212500000025	EXP	szo_kiir: autoDraw = true
102.65270999999984	DATA	Keydown: ArrowLeft
102.700155	EXP	szo_kiir: autoDraw = false
102.700155	EXP	szo_kiir: color = {"_rgb":[1,1,1]}
102.700155	EXP	szo_kiir: text = "un"
103.23671000000014	EXP	szo_kiir: autoDraw = true
104.0821900000001	DATA	Keydown: ArrowLeft
104.12409500000011	EXP	szo_kiir: autoDraw = false
104.12409500000011	EXP	szo_kiir: color = {"_rgb":[1,1,1]}
104.12409500000011	EXP	szo_kiir: text = "torz"
104.65589	EXP	szo_kiir: autoDraw = true
105.46417999999993	DATA	Keydown: ArrowRight
105.50849000000017	EXP	szo_kiir: autoDraw = false
105.50849000000017	EXP	szo_kiir: color = {"_rgb":[1,1,1]}
105.50849000000017	EXP	szo_kiir: text = "hullik"
106.05621999999994	EXP	szo_kiir: autoDraw = true
106.63342999999986	DATA	Keydown: ArrowRight
106.68080499999996	EXP	szo_kiir: autoDraw = false
106.68080499999996	EXP	szo_kiir: color = {"_rgb":[1,1,1]}
106.68080499999996	EXP	szo_kiir: text = "tajtásos"
107.23753500000021	EXP	szo_kiir: autoDraw = true
107.72562999999992	DATA	Keydown: ArrowRight
107.77638999999998	EXP	szo_kiir: autoDraw = false
107.77638999999998	EXP	szo_kiir: color = {"_rgb":[1,1,1]}
107.77638999999998	EXP	szo_kiir: text = "aszimmetrikus"
108.31498000000009	EXP	szo_kiir: autoDraw = true
109.29415999999992	DATA	Keydown: ArrowRight
109.34896500000015	EXP	szo_kiir: autoDraw = false
109.34896500000015	EXP	szo_kiir: color = {"_rgb":[1,1,1]}
109.34896500000015	EXP	szo_kiir: text = "puharmes"
109.8727600000002	EXP	szo_kiir: autoDraw = true
110.73648000000003	DATA	Keydown: ArrowLeft
110.80707500000017	EXP	szo_kiir: autoDraw = false
110.80707500000017	EXP	szo_kiir: color = {"_rgb":[1,1,1]}
110.80707500000017	EXP	szo_kiir: text = "glükóz"
111.34700500000008	EXP	szo_kiir: autoDraw = true
112.05456000000004	DATA	Keydown: ArrowLeft
112.10451999999988	EXP	szo_kiir: autoDraw = false
112.10451999999988	EXP	szo_kiir: color = {"_rgb":[1,1,1]}
112.10451999999988	EXP	szo_kiir: text = "numer"
112.641435	EXP	szo_kiir: autoDraw = true
114.15011000000004	DATA	Keydown: ArrowRight
114.20019000000002	EXP	szo_kiir: autoDraw = false
114.20019000000002	EXP	szo_kiir: color = {"_rgb":[1,1,1]}
114.20019000000002	EXP	szo_kiir: text = "kiskanál"
114.74106500000016	EXP	szo_kiir: autoDraw = true
115.31939999999986	DATA	Keydown: ArrowRight
115.36959500000012	EXP	szo_kiir: autoDraw = false
115.36959500000012	EXP	szo_kiir: color = {"_rgb":[1,1,1]}
115.36959500000012	EXP	szo_kiir: text = "legiző"
115.9053600000002	EXP	szo_kiir: autoDraw = true
116.72249999999985	DATA	Keydown: ArrowLeft
116.80097500000011	EXP	szo_kiir: autoDraw = false
116.80097500000011	EXP	szo_kiir: color = {"_rgb":[1,1,1]}
116.80097500000011	EXP	szo_kiir: text = "napkollektor"
117.34630000000017	EXP	szo_kiir: autoDraw = true
118.04282000000012	DATA	Keydown: ArrowRight
118.09304500000007	EXP	szo_kiir: autoDraw = false
118.09304500000007	EXP	szo_kiir: color = {"_rgb":[1,1,1]}
118.09304500000007	EXP	szo_kiir: text = "kiabál"
118.61705500000016	EXP	szo_kiir: autoDraw = true
119.26182999999992	DATA	Keydown: ArrowRight
119.36308000000007	EXP	szo_kiir: autoDraw = false
119.36308000000007	EXP	szo_kiir: color = {"_rgb":[1,1,1]}
119.36308000000007	EXP	szo_kiir: text = "misztérium"
119.9036249999999	EXP	szo_kiir: autoDraw = true
120.72866500000009	DATA	Keydown: ArrowRight
120.77891000000001	EXP	szo_kiir: autoDraw = false
120.77891000000001	EXP	szo_kiir: color = {"_rgb":[1,1,1]}
120.77891000000001	EXP	szo_kiir: text = "fázik"
121.31210999999983	EXP	szo_kiir: autoDraw = true
121.84656500000028	DATA	Keydown: ArrowRight
121.91542000000028	EXP	szo_kiir: autoDraw = false
121.91542000000028	EXP	szo_kiir: color = {"_rgb":[1,1,1]}
121.91542000000028	EXP	szo_kiir: text = "gráf"
122.45695999999998	EXP	szo_kiir: autoDraw = true
123.43368999999984	DATA	Keydown: ArrowRight
123.48448000000006	EXP	szo_kiir: autoDraw = false
123.48448000000006	EXP	szo_kiir: color = {"_rgb":[1,1,1]}
123.48448000000006	EXP	szo_kiir: text = "bőkezű"
124.01396999999997	EXP	szo_kiir: autoDraw = true
124.61229499999989	DATA	Keydown: ArrowRight
124.67567000000008	EXP	szo_kiir: autoDraw = false
124.67567000000008	EXP	szo_kiir: color = {"_rgb":[1,1,1]}
124.67567000000008	EXP	szo_kiir: text = "arisztokratikus"
125.21163500000011	EXP	szo_kiir: autoDraw = true
126.33103500000014	DATA	Keydown: ArrowRight
126.38101000000007	EXP	szo_kiir: autoDraw = false
126.38101000000007	EXP	szo_kiir: color = {"_rgb":[1,1,1]}
126.38101000000007	EXP	szo_kiir: text = "attyűködő"
126.90871500000003	EXP	szo_kiir: autoDraw = true
127.85925499999985	DATA	Keydown: ArrowLeft
127.92324000000008	EXP	szo_kiir: autoDraw = false
127.92324000000008	EXP	szo_kiir: color = {"_rgb":[1,1,1]}
127.92324000000008	EXP	szo_kiir: text = "törvosítoz"
128.45914500000026	EXP	szo_kiir: autoDraw = true
130.04962000000023	DATA	Keydown: ArrowLeft
130.0998600000003	EXP	szo_kiir: autoDraw = false
130.0998600000003	EXP	szo_kiir: color = {"_rgb":[1,1,1]}
130.0998600000003	EXP	szo_kiir: text = "érlelődik"
130.64869000000002	EXP	szo_kiir: autoDraw = true
131.34223000000023	DATA	Keydown: ArrowRight
131.40810999999985	EXP	szo_kiir: autoDraw = false
131.40810999999985	EXP	szo_kiir: color = {"_rgb":[1,1,1]}
131.40810999999985	EXP	szo_kiir: text = "tábornagy"
131.95503499999995	EXP	szo_kiir: autoDraw = true
132.59090500000002	DATA	Keydown: ArrowRight
132.64105999999995	EXP	szo_kiir: autoDraw = false
132.64105999999995	EXP	szo_kiir: color = {"_rgb":[1,1,1]}
132.64105999999995	EXP	szo_kiir: text = "fekhely"
133.1697549999999	EXP	szo_kiir: autoDraw = true
133.87561000000005	DATA	Keydown: ArrowRight
133.9409700000001	EXP	szo_kiir: autoDraw = false
133.9409700000001	EXP	szo_kiir: color = {"_rgb":[1,1,1]}
133.9409700000001	EXP	szo_kiir: text = "holdvilág"
134.49598000000015	EXP	szo_kiir: autoDraw = true
135.0946600000002	DATA	Keydown: ArrowRight
135.1467849999999	EXP	szo_kiir: autoDraw = false
135.1467849999999	EXP	szo_kiir: color = {"_rgb":[1,1,1]}
135.1467849999999	EXP	szo_kiir: text = "vágárd"
135.6952900000001	EXP	szo_kiir: autoDraw = true
136.57009500000004	DATA	Keydown: ArrowLeft
136.63875499999995	EXP	szo_kiir: autoDraw = false
136.63875499999995	EXP	szo_kiir: color = {"_rgb":[1,1,1]}
136.63875499999995	EXP	szo_kiir: text = "grancs"
137.19023500000006	EXP	szo_kiir: autoDraw = true
138.23563999999988	DATA	Keydown: ArrowLeft
138.28882000000021	EXP	szo_kiir: autoDraw = false
138.28882000000021	EXP	szo_kiir: color = {"_rgb":[1,1,1]}
138.28882000000021	EXP	szo_kiir: text = "ború"
138.8276850000002	EXP	szo_kiir: autoDraw = true
139.54149000000007	DATA	Keydown: ArrowRight
139.60662000000002	EXP	szo_kiir: autoDraw = false
139.60662000000002	EXP	szo_kiir: color = {"_rgb":[1,1,1]}
139.60662000000002	EXP	szo_kiir: text = "fotoszintetikus"
140.12996500000008	EXP	szo_kiir: autoDraw = true
141.1482249999999	DATA	Keydown: ArrowRight
141.19873000000007	EXP	szo_kiir: autoDraw = false
141.19873000000007	EXP	szo_kiir: color = {"_rgb":[1,1,1]}
141.19873000000007	EXP	szo_kiir: text = "balassol"
141.72932500000024	EXP	szo_kiir: autoDraw = true
142.5327900000002	DATA	Keydown: ArrowLeft
142.60392000000002	EXP	szo_kiir: autoDraw = false
142.60392000000002	EXP	szo_kiir: color = {"_rgb":[1,1,1]}
142.60392000000002	EXP	szo_kiir: text = "revelatív"
143.14449000000013	EXP	szo_kiir: autoDraw = true
144.2902549999999	DATA	Keydown: ArrowRight
144.34075500000017	EXP	szo_kiir: autoDraw = false
144.34075500000017	EXP	szo_kiir: color = {"_rgb":[1,1,1]}
144.34075500000017	EXP	szo_kiir: text = "felte"
144.87396500000023	EXP	szo_kiir: autoDraw = true
145.6788200000001	DATA	Keydown: ArrowLeft
145.74517999999986	EXP	szo_kiir: autoDraw = false
145.74517999999986	EXP	szo_kiir: color = {"_rgb":[1,1,1]}
145.74517999999986	EXP	szo_kiir: text = "ügyenlősi"
146.26034500000014	EXP	szo_kiir: autoDraw = true
147.16489499999992	DATA	Keydown: ArrowLeft
147.21505500000012	EXP	szo_kiir: autoDraw = false
147.21505500000012	EXP	szo_kiir: color = {"_rgb":[1,1,1]}
147.21505500000012	EXP	szo_kiir: text = "balhézik"
147.74834000000007	EXP	szo_kiir: autoDraw = true
148.42984000000024	DATA	Keydown: ArrowRight
148.49704500000007	EXP	szo_kiir: autoDraw = false
148.49704500000007	EXP	szo_kiir: color = {"_rgb":[1,1,1]}
148.49704500000007	EXP	szo_kiir: text = "volt"
149.02993000000015	EXP	szo_kiir: autoDraw = true
149.61566500000026	DATA	Keydown: ArrowRight
149.6697250000002	EXP	szo_kiir: autoDraw = false
149.6697250000002	EXP	szo_kiir: color = {"_rgb":[1,1,1]}
149.6697250000002	EXP	szo_kiir: text = "testnedv"
150.20273499999985	EXP	szo_kiir: autoDraw = true
150.88403000000017	DATA	Keydown: ArrowRight
150.96160999999984	EXP	szo_kiir: autoDraw = false
150.96160999999984	EXP	szo_kiir: color = {"_rgb":[1,1,1]}
150.96160999999984	EXP	szo_kiir: text = "gyülemlik"
151.4882050000001	EXP	szo_kiir: autoDraw = true
152.25682499999994	DATA	Keydown: ArrowRight
152.30711999999994	EXP	szo_kiir: autoDraw = false
152.30711999999994	EXP	szo_kiir: color = {"_rgb":[1,1,1]}
152.30711999999994	EXP	szo_kiir: text = "mimézis"
152.85476500000004	EXP	szo_kiir: autoDraw = true
153.73530500000018	DATA	Keydown: ArrowRight
153.80040499999998	EXP	szo_kiir: autoDraw = false
153.80040499999998	EXP	szo_kiir: color = {"_rgb":[1,1,1]}
153.80040499999998	EXP	szo_kiir: text = "deszkalap"
154.33654000000024	EXP	szo_kiir: autoDraw = true
155.02513000000002	DATA	Keydown: ArrowRight
155.07497000000012	EXP	szo_kiir: autoDraw = false
155.07497000000012	EXP	szo_kiir: color = {"_rgb":[1,1,1]}
155.07497000000012	EXP	szo_kiir: text = "pallérozódik"
155.62778500000013	EXP	szo_kiir: autoDraw = true
156.32501000000002	DATA	Keydown: ArrowRight
156.39124500000025	EXP	szo_kiir: autoDraw = false
156.39124500000025	EXP	szo_kiir: color = {"_rgb":[1,1,1]}
156.39124500000025	EXP	szo_kiir: text = "heltetett"
156.93026499999996	EXP	szo_kiir: autoDraw = true
157.74017000000003	DATA	Keydown: ArrowLeft
157.7822000000001	EXP	szo_kiir: autoDraw = false
157.7822000000001	EXP	szo_kiir: color = {"_rgb":[1,1,1]}
157.7822000000001	EXP	szo_kiir: text = "csapattest"
158.31433500000003	EXP	szo_kiir: autoDraw = true
159.11015499999985	DATA	Keydown: ArrowRight
159.15549499999997	EXP	szo_kiir: autoDraw = false
159.15549499999997	EXP	szo_kiir: color = {"_rgb":[1,1,1]}
159.15549499999997	EXP	szo_kiir: text = "szupraindividuális"
159.6830399999999	EXP	szo_kiir: autoDraw = true
161.61904499999991	DATA	Keydown: ArrowRight
161.66109000000006	EXP	szo_kiir: autoDraw = false
161.66109000000006	EXP	szo_kiir: color = {"_rgb":[1,1,1]}
161.66109000000006	EXP	szo_kiir: text = "selypít"
162.20191999999997	EXP	szo_kiir: autoDraw = true
163.0436749999999	DATA	Keydown: ArrowRight
163.08926500000007	EXP	szo_kiir: autoDraw = false
163.08926500000007	EXP	szo_kiir: color = {"_rgb":[1,1,1]}
163.08926500000007	EXP	szo_kiir: text = "hokizik"
163.61874500000022	EXP	szo_kiir: autoDraw = true
164.32823000000008	DATA	Keydown: ArrowRight
164.37085500000012	EXP	szo_kiir: autoDraw = false
164.37085500000012	EXP	szo_kiir: color = {"_rgb":[1,1,1]}
164.37085500000012	EXP	szo_kiir: text = "forrpont"
164.9047700000001	EXP	szo_kiir: autoDraw = true
165.80432500000006	DATA	Keydown: ArrowRight
165.8509250000002	EXP	szo_kiir: autoDraw = false
165.8509250000002	EXP	szo_kiir: color = {"_rgb":[1,1,1]}
165.8509250000002	EXP	szo_kiir: text = "paláver"
166.3938550000003	EXP	szo_kiir: autoDraw = true
167.1593200000002	DATA	Keydown: ArrowRight
167.20204499999997	EXP	szo_kiir: autoDraw = false
167.20204499999997	EXP	szo_kiir: color = {"_rgb":[1,1,1]}
167.20204499999997	EXP	szo_kiir: text = "zúzanó"
167.72993499999984	EXP	szo_kiir: autoDraw = true
168.5884799999999	DATA	Keydown: ArrowLeft
168.63495999999986	EXP	szo_kiir: autoDraw = false
168.63495999999986	EXP	szo_kiir: color = {"_rgb":[1,1,1]}
168.63495999999986	EXP	szo_kiir: text = "krákfai"
169.17427499999985	EXP	szo_kiir: autoDraw = true
170.0030700000002	DATA	Keydown: ArrowLeft
170.04521000000022	EXP	szo_kiir: autoDraw = false
170.04521000000022	EXP	szo_kiir: color = {"_rgb":[1,1,1]}
170.04521000000022	EXP	szo_kiir: text = "rosszlelkű"
170.572365	EXP	szo_kiir: autoDraw = true
171.29487999999992	DATA	Keydown: ArrowRight
171.34544000000005	EXP	szo_kiir: autoDraw = false
171.34544000000005	EXP	szo_kiir: color = {"_rgb":[1,1,1]}
171.34544000000005	EXP	szo_kiir: text = "parkkói"
171.84941500000014	EXP	szo_kiir: autoDraw = true
172.68089999999984	DATA	Keydown: ArrowLeft
172.72285999999988	EXP	szo_kiir: autoDraw = false
172.72285999999988	EXP	szo_kiir: color = {"_rgb":[1,1,1]}
172.72285999999988	EXP	szo_kiir: text = "rekvizit"
173.26018000000022	EXP	szo_kiir: autoDraw = true
174.13902499999995	DATA	Keydown: ArrowRight
174.19017500000018	EXP	szo_kiir: autoDraw = false
174.19017500000018	EXP	szo_kiir: color = {"_rgb":[1,1,1]}
174.19017500000018	EXP	szo_kiir: text = "téveszmerendszer"
174.72625000000016	EXP	szo_kiir: autoDraw = true
177.2051150000002	DATA	Keydown: ArrowLeft
177.24719499999992	EXP	szo_kiir: autoDraw = false
177.24719499999992	EXP	szo_kiir: color = {"_rgb":[1,1,1]}
177.24719499999992	EXP	szo_kiir: text = "orront"
177.77529499999991	EXP	szo_kiir: autoDraw = true
178.75106499999993	DATA	Keydown: ArrowRight
178.79471999999984	EXP	szo_kiir: autoDraw = false
178.79471999999984	EXP	szo_kiir: color = {"_rgb":[1,1,1]}
178.79471999999984	EXP	szo_kiir: text = "öklendez"
179.3214149999999	EXP	szo_kiir: autoDraw = true
179.94410000000016	DATA	Keydown: ArrowRight
179.99528499999997	EXP	szo_kiir: autoDraw = false
179.99528499999997	EXP	szo_kiir: color = {"_rgb":[1,1,1]}
179.99528499999997	EXP	szo_kiir: text = "szedelődzködik"
180.5281399999999	EXP	szo_kiir: autoDraw = true
181.6403949999999	DATA	Keydown: ArrowRight
181.68220999999994	EXP	szo_kiir: autoDraw = false
181.68220999999994	EXP	szo_kiir: color = {"_rgb":[1,1,1]}
181.68220999999994	EXP	szo_kiir: text = "ravataloz"
182.20746499999996	EXP	szo_kiir: autoDraw = true
182.91526999999996	DATA	Keydown: ArrowRight
182.96061000000012	EXP	szo_kiir: autoDraw = false
182.96061000000012	EXP	szo_kiir: color = {"_rgb":[1,1,1]}
182.96061000000012	EXP	szo_kiir: text = "retta"
183.48549000000003	EXP	szo_kiir: autoDraw = true
184.2373950000001	DATA	Keydown: ArrowLeft
184.2813500000002	EXP	szo_kiir: autoDraw = false
184.2813500000002	EXP	szo_kiir: color = {"_rgb":[1,1,1]}
184.2813500000002	EXP	szo_kiir: text = "evakuál"
184.81743000000006	EXP	szo_kiir: autoDraw = true
185.4302600000001	DATA	Keydown: ArrowLeft
185.4905200000003	EXP	szo_kiir: autoDraw = false
185.4905200000003	EXP	szo_kiir: color = {"_rgb":[1,1,1]}
185.4905200000003	EXP	szo_kiir: text = "estilágítő"
186.01393000000007	EXP	szo_kiir: autoDraw = true
187.30601000000024	DATA	Keydown: ArrowLeft
187.35357000000022	EXP	szo_kiir: autoDraw = false
187.35357000000022	EXP	szo_kiir: color = {"_rgb":[1,1,1]}
187.35357000000022	EXP	szo_kiir: text = "budavirág"
187.88022499999988	EXP	szo_kiir: autoDraw = true
189.05956500000002	DATA	Keydown: ArrowLeft
189.10265500000014	EXP	szo_kiir: autoDraw = false
189.10265500000014	EXP	szo_kiir: color = {"_rgb":[1,1,1]}
189.10265500000014	EXP	szo_kiir: text = "törzskönyvez"
189.63528499999984	EXP	szo_kiir: autoDraw = true
190.61175000000003	DATA	Keydown: ArrowRight
190.65497499999992	EXP	szo_kiir: autoDraw = false
190.65497499999992	EXP	szo_kiir: color = {"_rgb":[1,1,1]}
190.65497499999992	EXP	szo_kiir: text = "szolmizál"
191.1867900000002	EXP	szo_kiir: autoDraw = true
192.00107000000023	DATA	Keydown: ArrowRight
192.04640500000005	EXP	szo_kiir: autoDraw = false
192.04640500000005	EXP	szo_kiir: color = {"_rgb":[1,1,1]}
192.04640500000005	EXP	szo_kiir: text = "lakotthely"
192.57541500000025	EXP	szo_kiir: autoDraw = true
193.9163250000001	DATA	Keydown: ArrowLeft
193.95812000000024	EXP	szo_kiir: autoDraw = false
193.95812000000024	EXP	szo_kiir: color = {"_rgb":[1,1,1]}
193.95812000000024	EXP	szo_kiir: text = "kardorrú"
194.497695	EXP	szo_kiir: autoDraw = true
196.33358499999986	DATA	Keydown: ArrowRight
196.37806499999988	EXP	szo_kiir: autoDraw = false
196.37806499999988	EXP	szo_kiir: color = {"_rgb":[1,1,1]}
196.37806499999988	EXP	szo_kiir: text = "szíjaz"
196.90963499999998	EXP	szo_kiir: autoDraw = true
197.5215000000003	DATA	Keydown: ArrowRight
197.56891	EXP	szo_kiir: autoDraw = false
197.56891	EXP	szo_kiir: color = {"_rgb":[1,1,1]}
197.56891	EXP	szo_kiir: text = "truccol"
198.09734500000016	EXP	szo_kiir: autoDraw = true
198.68611999999985	DATA	Keydown: ArrowRight
198.72832500000004	EXP	szo_kiir: autoDraw = false
198.72832500000004	EXP	szo_kiir: color = {"_rgb":[1,1,1]}
198.72832500000004	EXP	szo_kiir: text = "hasonértékű"
199.25550999999996	EXP	szo_kiir: autoDraw = true
200.05308000000014	DATA	Keydown: ArrowRight
200.1002550000003	EXP	szo_kiir: autoDraw = false
200.1002550000003	EXP	szo_kiir: color = {"_rgb":[1,1,1]}
200.1002550000003	EXP	szo_kiir: text = "perifrázis"
200.63135999999986	EXP	szo_kiir: autoDraw = true
201.83154999999988	DATA	Keydown: ArrowRight
201.87510500000008	EXP	szo_kiir: autoDraw = false
201.87510500000008	EXP	szo_kiir: color = {"_rgb":[1,1,1]}
201.87510500000008	EXP	szo_kiir: text = "csüggedez"
202.40466000000015	EXP	szo_kiir: autoDraw = true
203.19203999999993	DATA	Keydown: ArrowRight
203.23818000000028	EXP	szo_kiir: autoDraw = false
203.23818000000028	EXP	szo_kiir: color = {"_rgb":[1,1,1]}
203.23818000000028	EXP	szo_kiir: text = "kollektivizál"
203.7630549999999	EXP	szo_kiir: autoDraw = true
204.39107000000013	DATA	Keydown: ArrowRight
204.4331400000001	EXP	szo_kiir: autoDraw = false
204.4331400000001	EXP	szo_kiir: color = {"_rgb":[1,1,1]}
204.4331400000001	EXP	szo_kiir: text = "hivatalnokoskodik"
204.95260499999995	EXP	szo_kiir: autoDraw = true
206.33384000000024	DATA	Keydown: ArrowRight
206.3823550000002	EXP	szo_kiir: autoDraw = false
206.3823550000002	EXP	szo_kiir: color = {"_rgb":[1,1,1]}
206.3823550000002	EXP	szo_kiir: text = "kétvonalú"
206.91038000000026	EXP	szo_kiir: autoDraw = true
207.86603000000014	DATA	Keydown: ArrowRight
207.90878999999995	EXP	szo_kiir: autoDraw = false
207.90878999999995	EXP	szo_kiir: color = {"_rgb":[1,1,1]}
207.90878999999995	EXP	szo_kiir: text = "szabadszirmú"
208.43894	EXP	szo_kiir: autoDraw = true
209.36436000000003	DATA	Keydown: ArrowRight
209.4091400000002	EXP	szo_kiir: autoDraw = false
209.4091400000002	EXP	szo_kiir: color = {"_rgb":[1,1,1]}
209.4091400000002	EXP	szo_kiir: text = "csüggöny"
209.9346700000001	EXP	szo_kiir: autoDraw = true
210.86030500000018	DATA	Keydown: ArrowLeft
210.90131500000007	EXP	szo_kiir: autoDraw = false
210.90131500000007	EXP	szo_kiir: color = {"_rgb":[1,1,1]}
210.90131500000007	EXP	szo_kiir: text = "erődéki"
211.41893000000027	EXP	szo_kiir: autoDraw = true
212.6628350000001	DATA	Keydown: ArrowLeft
212.7092700000003	EXP	szo_kiir: autoDraw = false
212.7092700000003	EXP	szo_kiir: color = {"_rgb":[1,1,1]}
212.7092700000003	EXP	szo_kiir: text = "vároló"
213.2530700000002	EXP	szo_kiir: autoDraw = true
214.26085999999987	DATA	Keydown: ArrowLeft
214.31317500000023	EXP	szo_kiir: autoDraw = false
214.31317500000023	EXP	szo_kiir: color = {"_rgb":[1,1,1]}
214.31317500000023	EXP	szo_kiir: text = "hantáz"
214.83181999999988	EXP	szo_kiir: autoDraw = true
215.63057000000026	DATA	Keydown: ArrowRight
215.67667000000029	EXP	szo_kiir: autoDraw = false
215.67667000000029	EXP	szo_kiir: color = {"_rgb":[1,1,1]}
215.67667000000029	EXP	szo_kiir: text = "anzágol"
216.20276999999987	EXP	szo_kiir: autoDraw = true
217.01440000000002	DATA	Keydown: ArrowLeft
217.05657999999994	EXP	szo_kiir: autoDraw = false
217.05657999999994	EXP	szo_kiir: color = {"_rgb":[1,1,1]}
217.05657999999994	EXP	szo_kiir: text = "szélmalomszárny"
217.59601999999995	EXP	szo_kiir: autoDraw = true
218.97828000000027	DATA	Keydown: ArrowRight
219.02794500000027	EXP	szo_kiir: autoDraw = false
219.02794500000027	EXP	szo_kiir: color = {"_rgb":[1,1,1]}
219.02794500000027	EXP	szo_kiir: text = "modukció"
219.5462849999999	EXP	szo_kiir: autoDraw = true
220.83198500000026	DATA	Keydown: ArrowLeft
220.88070500000003	EXP	szo_kiir: autoDraw = false
220.88070500000003	EXP	szo_kiir: color = {"_rgb":[1,1,1]}
220.88070500000003	EXP	szo_kiir: text = "inspekcióz"
221.41907500000025	EXP	szo_kiir: autoDraw = true
222.25567	DATA	Keydown: ArrowRight
222.29786000000013	EXP	szo_kiir: autoDraw = false
222.29786000000013	EXP	szo_kiir: color = {"_rgb":[1,1,1]}
222.29786000000013	EXP	szo_kiir: text = "viaszoz"
222.8236350000002	EXP	szo_kiir: autoDraw = true
223.49775499999987	DATA	Keydown: ArrowRight
223.54269999999994	EXP	szo_kiir: autoDraw = false
223.54269999999994	EXP	szo_kiir: color = {"_rgb":[1,1,1]}
223.54269999999994	EXP	szo_kiir: text = "püffeszt"
224.08308500000018	EXP	szo_kiir: autoDraw = true
224.71551499999987	DATA	Keydown: ArrowRight
224.75844499999994	EXP	szo_kiir: autoDraw = false
224.75844499999994	EXP	szo_kiir: color = {"_rgb":[1,1,1]}
224.75844499999994	EXP	szo_kiir: text = "extravert"
225.29380500000025	EXP	szo_kiir: autoDraw = true
226.0566100000001	DATA	Keydown: ArrowRight
226.10394499999984	EXP	szo_kiir: autoDraw = false
226.10394499999984	EXP	koszi_szoveg: autoDraw = true
