0.08895000000484288	EXP	Created Window = Window( name=Window, fullscr=true, color=#000000, units=norm, waitBlanking=true, autoLog=true, size=[1280,610] )
3.1746550002135336	DATA	Keydown: undefined
6.830800000112504	DATA	Keydown: n
7.163315000012517	DATA	Keydown: ő
10.710880000144243	DATA	Keydown: 2
10.899300000164658	DATA	Keydown: 0
11.043460000073537	DATA	Keydown: 0
11.298705000197515	DATA	Keydown: 0
11.532290000002831	DATA	Keydown: .
11.881645000074059	DATA	Keydown: 0
12.259265000000596	DATA	Keydown: 8
12.707890000194311	DATA	Keydown: .
12.874805000144988	DATA	Keydown: 1
13.081120000220835	DATA	Keydown: 0
13.207395000150427	DATA	Keydown: .
16.0939650000073	DATA	Keydown: 1
16.35882000019774	DATA	Keydown: 4
19.846280000172555	EXP	Created instruction_text1 = TextStim( name=instruction_text1, win=Window( name=Window, fullscr=true, color=#000000, ~), autoDraw=null, autoLog=true, units=norm, ori=null, opacity=1, pos=[0,0], size=undefined, text=Ön most szavakat fog látni.

Ezek között lesznek o~, font=Arial, color=#ffffff, contrast=1, height=0.05, bold=null, italic=null, alignHoriz=left, alignVert=center, wrapWidth=1, flipHoriz=null, flipVert=null )
19.857330000028014	EXP	Created instruction_text2 = TextStim( name=instruction_text2, win=Window( name=Window, fullscr=true, color=#000000, ~), autoDraw=null, autoLog=true, units=norm, ori=null, opacity=1, pos=[0,0], size=undefined, text=Először két egyszerű példát mutatunk Önnek.

Az el~, font=Arial, color=#FFFFFF, contrast=1, height=0.05, bold=null, italic=null, alignHoriz=left, alignVert=center, wrapWidth=1, flipHoriz=null, flipVert=null )
19.85918500018306	EXP	Created show_text = TextStim( name=show_text, win=Window( name=Window, fullscr=true, color=#000000, ~), autoDraw=null, autoLog=true, units=norm, ori=null, opacity=1, pos=[0,0], size=undefined, text=asztal, font=Arial, color=#FFFFFF, contrast=1, height=0.2, bold=null, italic=null, alignHoriz=left, alignVert=center, wrapWidth=1, flipHoriz=null, flipVert=null )
19.86613000021316	EXP	Created text = TextStim( name=text, win=Window( name=Window, fullscr=true, color=#000000, ~), autoDraw=null, autoLog=true, units=norm, ori=null, opacity=1, pos=[0,0], size=undefined, text=bzsmfsztal, font=Arial, color=#FFFFFF, contrast=1, height=0.2, bold=null, italic=null, alignHoriz=left, alignVert=center, wrapWidth=1, flipHoriz=null, flipVert=null )
19.868360000196844	EXP	Created instruction_text3 = TextStim( name=instruction_text3, win=Window( name=Window, fullscr=true, color=#000000, ~), autoDraw=null, autoLog=true, units=norm, ori=null, opacity=1, pos=[0,0], size=undefined, text=Pazar. Most kezdődik az igazi kísérlet. Néhány per~, font=Arial, color=#FFFFFF, contrast=1, height=0.1, bold=null, italic=null, alignHoriz=left, alignVert=center, wrapWidth=1, flipHoriz=null, flipVert=null )
19.871775000123307	EXP	Created szo_kiir = TextStim( name=szo_kiir, win=Window( name=Window, fullscr=true, color=#000000, ~), autoDraw=null, autoLog=true, units=norm, ori=null, opacity=1, pos=[0,0], size=undefined, text=default text, font=Arial, color=#FFFFFF, contrast=1, height=0.2, bold=null, italic=null, alignHoriz=left, alignVert=center, wrapWidth=1, flipHoriz=null, flipVert=null )
19.879225000040606	EXP	Created koszi_szoveg = TextStim( name=koszi_szoveg, win=Window( name=Window, fullscr=true, color=#000000, ~), autoDraw=null, autoLog=true, units=norm, ori=null, opacity=1, pos=[0,0], size=undefined, text=Vége a kísérletnek. Köszönjük a részvételt!, font=arial, color=#ffffff, contrast=1, height=0.1, bold=null, italic=null, alignHoriz=left, alignVert=center, wrapWidth=1, flipHoriz=null, flipVert=null )
19.9563850001432	EXP	instruction_text1: units = "norm"
19.9563850001432	EXP	instruction_text1: ori = 0
19.9563850001432	EXP	instruction_text1: opacity = 1
19.9563850001432	EXP	instruction_text1: pos = [0,0]
19.9563850001432	EXP	instruction_text1: size = undefined
19.9563850001432	EXP	instruction_text1: text = "Ön most szavakat fog látni.\n\nEzek között lesznek olyanok, amelyeket ismer, de előfordulhatnak olyanok is, amelyeket nem ismer, sőt, vannak köztük kitalált szavak is. \n\nKérjük, ha ismeri a képernyőn látható szót, nyomja meg a JOBB kurzorbillentyűt.\nKérjük, ha NEM ismeri a képernyőn látható szót, vagy azt gondolja, nincs ilyen szó a magyarban, nyomja meg a BAL kurzorbillentyűt.\n\nAz 'Ismerem a szót' döntés itt most ezt jelenti: találkoztam már vele, és van valami elképzelésem a jelentéséről is.  \n\nNyomjon meg bármilyen billentyűt a folytatáshoz."
19.9563850001432	EXP	instruction_text1: font = "Arial"
19.9563850001432	EXP	instruction_text1: color = {"_rgb":[1,1,1]}
19.9563850001432	EXP	instruction_text1: contrast = 1
19.9563850001432	EXP	instruction_text1: height = 0.05
19.9563850001432	EXP	instruction_text1: bold = false
19.9563850001432	EXP	instruction_text1: italic = false
19.9563850001432	EXP	instruction_text1: alignHoriz = "left"
19.9563850001432	EXP	instruction_text1: alignVert = "center"
19.9563850001432	EXP	instruction_text1: wrapWidth = 1
19.9563850001432	EXP	instruction_text1: flipHoriz = false
19.9563850001432	EXP	instruction_text1: flipVert = false
19.9563850001432	EXP	instruction_text2: units = "norm"
19.9563850001432	EXP	instruction_text2: ori = 0
19.9563850001432	EXP	instruction_text2: opacity = 1
19.9563850001432	EXP	instruction_text2: pos = [0,0]
19.9563850001432	EXP	instruction_text2: size = undefined
19.9563850001432	EXP	instruction_text2: text = "Először két egyszerű példát mutatunk Önnek.\n\nAz első szó létezik a magyarban, és valószínűleg Ön is ismeri. Itt nyomja majd meg a jobb kurzorbillentyűt.\nA második szó nem létezik a magyar nyelvben. Itt nyomja majd meg a bal kurzorbillentyűt.\n\nFontos, hogy a jobb gombot a jobb kezével, a bal gombot a bal kezével nyomja, ha tudja, és ne egy kezét használja a kísérletben.\n\nNyomjon meg bármilyen gombot a folytatáshoz."
19.9563850001432	EXP	instruction_text2: font = "Arial"
19.9563850001432	EXP	instruction_text2: color = {"_hex":"#FFFFFF","_rgb":[1,1,1]}
19.9563850001432	EXP	instruction_text2: contrast = 1
19.9563850001432	EXP	instruction_text2: height = 0.05
19.9563850001432	EXP	instruction_text2: bold = false
19.9563850001432	EXP	instruction_text2: italic = false
19.9563850001432	EXP	instruction_text2: alignHoriz = "left"
19.9563850001432	EXP	instruction_text2: alignVert = "center"
19.9563850001432	EXP	instruction_text2: wrapWidth = 1
19.9563850001432	EXP	instruction_text2: flipHoriz = false
19.9563850001432	EXP	instruction_text2: flipVert = false
19.9563850001432	EXP	show_text: units = "norm"
19.9563850001432	EXP	show_text: ori = 0
19.9563850001432	EXP	show_text: opacity = 1
19.9563850001432	EXP	show_text: pos = [0,0]
19.9563850001432	EXP	show_text: size = undefined
19.9563850001432	EXP	show_text: text = "asztal"
19.9563850001432	EXP	show_text: font = "Arial"
19.9563850001432	EXP	show_text: color = {"_hex":"#FFFFFF","_rgb":[1,1,1]}
19.9563850001432	EXP	show_text: contrast = 1
19.9563850001432	EXP	show_text: height = 0.2
19.9563850001432	EXP	show_text: bold = false
19.9563850001432	EXP	show_text: italic = false
19.9563850001432	EXP	show_text: alignHoriz = "left"
19.9563850001432	EXP	show_text: alignVert = "center"
19.9563850001432	EXP	show_text: wrapWidth = 1
19.9563850001432	EXP	show_text: flipHoriz = false
19.9563850001432	EXP	show_text: flipVert = false
19.9563850001432	EXP	text: units = "norm"
19.9563850001432	EXP	text: ori = 0
19.9563850001432	EXP	text: opacity = 1
19.9563850001432	EXP	text: pos = [0,0]
19.9563850001432	EXP	text: size = undefined
19.9563850001432	EXP	text: text = "bzsmfsztal"
19.9563850001432	EXP	text: font = "Arial"
19.9563850001432	EXP	text: color = {"_hex":"#FFFFFF","_rgb":[1,1,1]}
19.9563850001432	EXP	text: contrast = 1
19.9563850001432	EXP	text: height = 0.2
19.9563850001432	EXP	text: bold = false
19.9563850001432	EXP	text: italic = false
19.9563850001432	EXP	text: alignHoriz = "left"
19.9563850001432	EXP	text: alignVert = "center"
19.9563850001432	EXP	text: wrapWidth = 1
19.9563850001432	EXP	text: flipHoriz = false
19.9563850001432	EXP	text: flipVert = false
19.9563850001432	EXP	instruction_text3: units = "norm"
19.9563850001432	EXP	instruction_text3: ori = 0
19.9563850001432	EXP	instruction_text3: opacity = 1
19.9563850001432	EXP	instruction_text3: pos = [0,0]
19.9563850001432	EXP	instruction_text3: size = undefined
19.9563850001432	EXP	instruction_text3: text = "Pazar. Most kezdődik az igazi kísérlet. Néhány percig fog tartani. Nem kell nagyon sietnie, de igyekezzen gyorsan válaszolni.\n\nNe feledje, ha tudja, a jobb gombot a jobbkezével, a bal gombot a balkezével nyomja le.\n\nNyomjon meg bármilyen gombot a folytatáshoz."
19.9563850001432	EXP	instruction_text3: font = "Arial"
19.9563850001432	EXP	instruction_text3: color = {"_hex":"#FFFFFF","_rgb":[1,1,1]}
19.9563850001432	EXP	instruction_text3: contrast = 1
19.9563850001432	EXP	instruction_text3: height = 0.1
19.9563850001432	EXP	instruction_text3: bold = false
19.9563850001432	EXP	instruction_text3: italic = false
19.9563850001432	EXP	instruction_text3: alignHoriz = "left"
19.9563850001432	EXP	instruction_text3: alignVert = "center"
19.9563850001432	EXP	instruction_text3: wrapWidth = 1
19.9563850001432	EXP	instruction_text3: flipHoriz = false
19.9563850001432	EXP	instruction_text3: flipVert = false
19.9563850001432	EXP	szo_kiir: units = "norm"
19.9563850001432	EXP	szo_kiir: ori = 0
19.9563850001432	EXP	szo_kiir: opacity = 1
19.9563850001432	EXP	szo_kiir: pos = [0,0]
19.9563850001432	EXP	szo_kiir: size = undefined
19.9563850001432	EXP	szo_kiir: text = "default text"
19.9563850001432	EXP	szo_kiir: font = "Arial"
19.9563850001432	EXP	szo_kiir: color = {"_hex":"#FFFFFF","_rgb":[1,1,1]}
19.9563850001432	EXP	szo_kiir: contrast = 1
19.9563850001432	EXP	szo_kiir: height = 0.2
19.9563850001432	EXP	szo_kiir: bold = false
19.9563850001432	EXP	szo_kiir: italic = false
19.9563850001432	EXP	szo_kiir: alignHoriz = "left"
19.9563850001432	EXP	szo_kiir: alignVert = "center"
19.9563850001432	EXP	szo_kiir: wrapWidth = 1
19.9563850001432	EXP	szo_kiir: flipHoriz = false
19.9563850001432	EXP	szo_kiir: flipVert = false
19.9563850001432	EXP	koszi_szoveg: units = "norm"
19.9563850001432	EXP	koszi_szoveg: ori = 0
19.9563850001432	EXP	koszi_szoveg: opacity = 1
19.9563850001432	EXP	koszi_szoveg: pos = [0,0]
19.9563850001432	EXP	koszi_szoveg: size = undefined
19.9563850001432	EXP	koszi_szoveg: text = "Vége a kísérletnek. Köszönjük a részvételt!"
19.9563850001432	EXP	koszi_szoveg: font = "arial"
19.9563850001432	EXP	koszi_szoveg: color = {"_rgb":[1,1,1]}
19.9563850001432	EXP	koszi_szoveg: contrast = 1
19.9563850001432	EXP	koszi_szoveg: height = 0.1
19.9563850001432	EXP	koszi_szoveg: bold = false
19.9563850001432	EXP	koszi_szoveg: italic = false
19.9563850001432	EXP	koszi_szoveg: alignHoriz = "left"
19.9563850001432	EXP	koszi_szoveg: alignVert = "center"
19.9563850001432	EXP	koszi_szoveg: wrapWidth = 1
19.9563850001432	EXP	koszi_szoveg: flipHoriz = false
19.9563850001432	EXP	koszi_szoveg: flipVert = false
19.9563850001432	EXP	instruction_text1: autoDraw = true
42.90640500001609	DATA	Keydown: ArrowRight
42.94081000005826	EXP	instruction_text1: autoDraw = false
42.94081000005826	EXP	instruction_text2: autoDraw = true
43.586095000151545	DATA	Keydown: ArrowRight
43.5989600000903	EXP	instruction_text2: autoDraw = false
44.13810500013642	EXP	show_text: autoDraw = true
45.16721500013955	DATA	Keydown: ArrowRight
45.17706500017084	EXP	show_text: autoDraw = false
45.697205000091344	EXP	text: autoDraw = true
46.61733000003733	DATA	Keydown: ArrowLeft
46.671400000108406	EXP	text: autoDraw = false
46.671400000108406	EXP	instruction_text3: autoDraw = true
61.035920000169426	DATA	Keydown: ArrowRight
61.11040500015952	EXP	instruction_text3: autoDraw = false
61.11040500015952	EXP	szo_kiir: color = {"_rgb":[1,1,1]}
61.11040500015952	EXP	szo_kiir: text = "nincs"
61.62298000021838	EXP	szo_kiir: autoDraw = true
62.18336500017904	DATA	Keydown: ArrowRight
62.20016500004567	EXP	szo_kiir: autoDraw = false
62.20016500004567	EXP	szo_kiir: color = {"_rgb":[1,1,1]}
62.20016500004567	EXP	szo_kiir: text = "nehéz"
62.7251600001473	EXP	szo_kiir: autoDraw = true
63.26444500009529	DATA	Keydown: ArrowRight
63.309400000143796	EXP	szo_kiir: autoDraw = false
63.309400000143796	EXP	szo_kiir: color = {"_rgb":[1,1,1]}
63.309400000143796	EXP	szo_kiir: text = "cikk"
63.81263000005856	EXP	szo_kiir: autoDraw = true
64.3517600002233	DATA	Keydown: ArrowRight
64.36221000016667	EXP	szo_kiir: autoDraw = false
64.36221000016667	EXP	szo_kiir: color = {"_rgb":[1,1,1]}
64.36221000016667	EXP	szo_kiir: text = "priváló"
64.89109500008635	EXP	szo_kiir: autoDraw = true
65.5042750001885	DATA	Keydown: ArrowRight
65.5109250000678	EXP	szo_kiir: autoDraw = false
65.5109250000678	EXP	szo_kiir: color = {"_rgb":[1,1,1]}
65.5109250000678	EXP	szo_kiir: text = "nyújt"
66.03495000000112	EXP	szo_kiir: autoDraw = true
66.67963500018232	DATA	Keydown: ArrowRight
66.72235000017099	EXP	szo_kiir: autoDraw = false
66.72235000017099	EXP	szo_kiir: color = {"_rgb":[1,1,1]}
66.72235000017099	EXP	szo_kiir: text = "ár"
67.23046500002965	EXP	szo_kiir: autoDraw = true
67.93224000022747	DATA	Keydown: ArrowRight
67.94233500002883	EXP	szo_kiir: autoDraw = false
67.94233500002883	EXP	szo_kiir: color = {"_rgb":[1,1,1]}
67.94233500002883	EXP	szo_kiir: text = "kétikussi"
68.46617500018328	EXP	szo_kiir: autoDraw = true
69.39794500009157	DATA	Keydown: ArrowLeft
69.44146000011824	EXP	szo_kiir: autoDraw = false
69.44146000011824	EXP	szo_kiir: color = {"_rgb":[1,1,1]}
69.44146000011824	EXP	szo_kiir: text = "nyelvű"
69.96450000000186	EXP	szo_kiir: autoDraw = true
70.59316000016406	DATA	Keydown: ArrowRight
70.6086850001011	EXP	szo_kiir: autoDraw = false
70.6086850001011	EXP	szo_kiir: color = {"_rgb":[1,1,1]}
70.6086850001011	EXP	szo_kiir: text = "alap"
71.12862000009045	EXP	szo_kiir: autoDraw = true
71.7144200000912	DATA	Keydown: ArrowRight
71.7392650002148	EXP	szo_kiir: autoDraw = false
71.7392650002148	EXP	szo_kiir: color = {"_rgb":[1,1,1]}
71.7392650002148	EXP	szo_kiir: text = "marketing"
72.26316000008956	EXP	szo_kiir: autoDraw = true
72.79766999999993	DATA	Keydown: ArrowRight
72.8065400000196	EXP	szo_kiir: autoDraw = false
72.8065400000196	EXP	szo_kiir: color = {"_rgb":[1,1,1]}
72.8065400000196	EXP	szo_kiir: text = "változik"
73.32849000021815	EXP	szo_kiir: autoDraw = true
73.82894500019029	DATA	Keydown: ArrowRight
73.86007500020787	EXP	szo_kiir: autoDraw = false
73.86007500020787	EXP	szo_kiir: color = {"_rgb":[1,1,1]}
73.86007500020787	EXP	szo_kiir: text = "bakú"
74.37631500000134	EXP	szo_kiir: autoDraw = true
75.11198500008322	DATA	Keydown: ArrowLeft
75.12121000001207	EXP	szo_kiir: autoDraw = false
75.12121000001207	EXP	szo_kiir: color = {"_rgb":[1,1,1]}
75.12121000001207	EXP	szo_kiir: text = "bolos"
75.64137000008486	EXP	szo_kiir: autoDraw = true
76.45499500003643	DATA	Keydown: ArrowLeft
76.48520000022836	EXP	szo_kiir: autoDraw = false
76.48520000022836	EXP	szo_kiir: color = {"_rgb":[1,1,1]}
76.48520000022836	EXP	szo_kiir: text = "holland"
77.00868000020273	EXP	szo_kiir: autoDraw = true
77.81857500015758	DATA	Keydown: ArrowRight
77.83329000021331	EXP	szo_kiir: autoDraw = false
77.83329000021331	EXP	szo_kiir: color = {"_rgb":[1,1,1]}
77.83329000021331	EXP	szo_kiir: text = "tenger"
78.3565200001467	EXP	szo_kiir: autoDraw = true
79.00238499999978	DATA	Keydown: ArrowRight
79.04346500011161	EXP	szo_kiir: autoDraw = false
79.04346500011161	EXP	szo_kiir: color = {"_rgb":[1,1,1]}
79.04346500011161	EXP	szo_kiir: text = "érzéketít"
79.55661000008695	EXP	szo_kiir: autoDraw = true
81.2180300001055	DATA	Keydown: ArrowLeft
81.23428500001319	EXP	szo_kiir: autoDraw = false
81.23428500001319	EXP	szo_kiir: color = {"_rgb":[1,1,1]}
81.23428500001319	EXP	szo_kiir: text = "extrém"
81.76098000002094	EXP	szo_kiir: autoDraw = true
82.81936500011943	DATA	Keydown: ArrowRight
82.84801000007428	EXP	szo_kiir: autoDraw = false
82.84801000007428	EXP	szo_kiir: color = {"_rgb":[1,1,1]}
82.84801000007428	EXP	szo_kiir: text = "pár"
83.36796500021592	EXP	szo_kiir: autoDraw = true
83.84732500021346	DATA	Keydown: ArrowRight
83.8604700001888	EXP	szo_kiir: autoDraw = false
83.8604700001888	EXP	szo_kiir: color = {"_rgb":[1,1,1]}
83.8604700001888	EXP	szo_kiir: text = "szerez"
84.3828550002072	EXP	szo_kiir: autoDraw = true
84.9411300001666	DATA	Keydown: ArrowRight
84.96254500001669	EXP	szo_kiir: autoDraw = false
84.96254500001669	EXP	szo_kiir: color = {"_rgb":[1,1,1]}
84.96254500001669	EXP	szo_kiir: text = "repülőgép"
85.48671500012279	EXP	szo_kiir: autoDraw = true
86.18228500010446	DATA	Keydown: ArrowRight
86.19539500004612	EXP	szo_kiir: autoDraw = false
86.19539500004612	EXP	szo_kiir: color = {"_rgb":[1,1,1]}
86.19539500004612	EXP	szo_kiir: text = "szalas"
86.71495500020683	EXP	szo_kiir: autoDraw = true
87.6783900000155	DATA	Keydown: ArrowLeft
87.7126649999991	EXP	szo_kiir: autoDraw = false
87.7126649999991	EXP	szo_kiir: color = {"_rgb":[1,1,1]}
87.7126649999991	EXP	szo_kiir: text = "jelez"
88.23172500007786	EXP	szo_kiir: autoDraw = true
88.89307000022382	DATA	Keydown: ArrowRight
88.90789000014775	EXP	szo_kiir: autoDraw = false
88.90789000014775	EXP	szo_kiir: color = {"_rgb":[1,1,1]}
88.90789000014775	EXP	szo_kiir: text = "nagyarnák"
89.4316500001587	EXP	szo_kiir: autoDraw = true
91.6136000000406	DATA	Keydown: ArrowLeft
91.64014500007033	EXP	szo_kiir: autoDraw = false
91.64014500007033	EXP	szo_kiir: color = {"_rgb":[1,1,1]}
91.64014500007033	EXP	szo_kiir: text = "maximax"
92.16452500014566	EXP	szo_kiir: autoDraw = true
93.09232000005431	DATA	Keydown: ArrowRight
93.10705000022426	EXP	szo_kiir: autoDraw = false
93.10705000022426	EXP	szo_kiir: color = {"_rgb":[1,1,1]}
93.10705000022426	EXP	szo_kiir: text = "alapszik"
93.62642500014044	EXP	szo_kiir: autoDraw = true
94.54039000021294	DATA	Keydown: ArrowRight
94.55539500014856	EXP	szo_kiir: autoDraw = false
94.55539500014856	EXP	szo_kiir: color = {"_rgb":[1,1,1]}
94.55539500014856	EXP	szo_kiir: text = "gótikus"
95.07540000020526	EXP	szo_kiir: autoDraw = true
95.65695000020787	DATA	Keydown: ArrowRight
95.68737500021234	EXP	szo_kiir: autoDraw = false
95.68737500021234	EXP	szo_kiir: color = {"_rgb":[1,1,1]}
95.68737500021234	EXP	szo_kiir: text = "villany"
96.20653000008315	EXP	szo_kiir: autoDraw = true
96.80842500017025	DATA	Keydown: ArrowRight
96.81914000003599	EXP	szo_kiir: autoDraw = false
96.81914000003599	EXP	szo_kiir: color = {"_rgb":[1,1,1]}
96.81914000003599	EXP	szo_kiir: text = "időszerű"
97.34022500016727	EXP	szo_kiir: autoDraw = true
97.93514000019059	DATA	Keydown: ArrowRight
97.96410500002094	EXP	szo_kiir: autoDraw = false
97.96410500002094	EXP	szo_kiir: color = {"_rgb":[1,1,1]}
97.96410500002094	EXP	szo_kiir: text = "tévhit"
98.47173500014469	EXP	szo_kiir: autoDraw = true
99.10848000016995	DATA	Keydown: ArrowRight
99.11748500005342	EXP	szo_kiir: autoDraw = false
99.11748500005342	EXP	szo_kiir: color = {"_rgb":[1,1,1]}
99.11748500005342	EXP	szo_kiir: text = "hider"
99.63707000017166	EXP	szo_kiir: autoDraw = true
100.38870000001043	DATA	Keydown: ArrowLeft
100.41191500006244	EXP	szo_kiir: autoDraw = false
100.41191500006244	EXP	szo_kiir: color = {"_rgb":[1,1,1]}
100.41191500006244	EXP	szo_kiir: text = "finálé"
100.91620500013232	EXP	szo_kiir: autoDraw = true
102.90392000018619	DATA	Keydown: ArrowRight
102.91409500013106	EXP	szo_kiir: autoDraw = false
102.91409500013106	EXP	szo_kiir: color = {"_rgb":[1,1,1]}
102.91409500013106	EXP	szo_kiir: text = "orális"
103.43543000007048	EXP	szo_kiir: autoDraw = true
104.48864000011235	DATA	Keydown: ArrowRight
104.5082050000783	EXP	szo_kiir: autoDraw = false
104.5082050000783	EXP	szo_kiir: color = {"_rgb":[1,1,1]}
104.5082050000783	EXP	szo_kiir: text = "extravagáns"
105.01239000004716	EXP	szo_kiir: autoDraw = true
107.21159000019543	DATA	Keydown: ArrowRight
107.22669999999925	EXP	szo_kiir: autoDraw = false
107.22669999999925	EXP	szo_kiir: color = {"_rgb":[1,1,1]}
107.22669999999925	EXP	szo_kiir: text = "cukrász"
107.74707000004128	EXP	szo_kiir: autoDraw = true
108.31571000022814	DATA	Keydown: ArrowRight
108.34172000014223	EXP	szo_kiir: autoDraw = false
108.34172000014223	EXP	szo_kiir: color = {"_rgb":[1,1,1]}
108.34172000014223	EXP	szo_kiir: text = "példakép"
108.86250000004657	EXP	szo_kiir: autoDraw = true
109.44341500010341	DATA	Keydown: ArrowRight
109.45883500017226	EXP	szo_kiir: autoDraw = false
109.45883500017226	EXP	szo_kiir: color = {"_rgb":[1,1,1]}
109.45883500017226	EXP	szo_kiir: text = "klór"
109.97918000002392	EXP	szo_kiir: autoDraw = true
110.44003000017256	DATA	Keydown: ArrowLeft
110.45614500017837	EXP	szo_kiir: autoDraw = false
110.45614500017837	EXP	szo_kiir: color = {"_rgb":[1,1,1]}
110.45614500017837	EXP	szo_kiir: text = "horizont"
110.9770050002262	EXP	szo_kiir: autoDraw = true
111.77950000017881	DATA	Keydown: ArrowRight
111.81642000004649	EXP	szo_kiir: autoDraw = false
111.81642000004649	EXP	szo_kiir: color = {"_rgb":[1,1,1]}
111.81642000004649	EXP	szo_kiir: text = "vízimény"
112.32712500006892	EXP	szo_kiir: autoDraw = true
115.49429000006057	DATA	Keydown: ArrowLeft
115.5037650000304	EXP	szo_kiir: autoDraw = false
115.5037650000304	EXP	szo_kiir: color = {"_rgb":[1,1,1]}
115.5037650000304	EXP	szo_kiir: text = "misztérium"
116.02402500016615	EXP	szo_kiir: autoDraw = true
116.9539850000292	DATA	Keydown: ArrowRight
116.98027500021271	EXP	szo_kiir: autoDraw = false
116.98027500021271	EXP	szo_kiir: color = {"_rgb":[1,1,1]}
116.98027500021271	EXP	szo_kiir: text = "köztett"
117.49373500002548	EXP	szo_kiir: autoDraw = true
119.20661000022665	DATA	Keydown: ArrowLeft
119.21817500004545	EXP	szo_kiir: autoDraw = false
119.21817500004545	EXP	szo_kiir: color = {"_rgb":[1,1,1]}
119.21817500004545	EXP	szo_kiir: text = "rakódik"
119.73839000007138	EXP	szo_kiir: autoDraw = true
120.45762500003912	DATA	Keydown: ArrowRight
120.47758000018075	EXP	szo_kiir: autoDraw = false
120.47758000018075	EXP	szo_kiir: color = {"_rgb":[1,1,1]}
120.47758000018075	EXP	szo_kiir: text = "sóhajt"
120.98654000018723	EXP	szo_kiir: autoDraw = true
121.85038499999791	DATA	Keydown: ArrowRight
121.86297500017099	EXP	szo_kiir: autoDraw = false
121.86297500017099	EXP	szo_kiir: color = {"_rgb":[1,1,1]}
121.86297500017099	EXP	szo_kiir: text = "nyilváram"
122.38623000006191	EXP	szo_kiir: autoDraw = true
123.62585000018589	DATA	Keydown: ArrowLeft
123.64337000017986	EXP	szo_kiir: autoDraw = false
123.64337000017986	EXP	szo_kiir: color = {"_rgb":[1,1,1]}
123.64337000017986	EXP	szo_kiir: text = "alárdonos"
124.1508000001777	EXP	szo_kiir: autoDraw = true
125.135390000185	DATA	Keydown: ArrowLeft
125.14818000001833	EXP	szo_kiir: autoDraw = false
125.14818000001833	EXP	szo_kiir: color = {"_rgb":[1,1,1]}
125.14818000001833	EXP	szo_kiir: text = "fűtőanyag"
125.6660550001543	EXP	szo_kiir: autoDraw = true
127.31164500000887	DATA	Keydown: ArrowRight
127.3387000001967	EXP	szo_kiir: autoDraw = false
127.3387000001967	EXP	szo_kiir: color = {"_rgb":[1,1,1]}
127.3387000001967	EXP	szo_kiir: text = "szokik"
127.84332000021823	EXP	szo_kiir: autoDraw = true
128.78399000014178	DATA	Keydown: ArrowRight
128.79291000007652	EXP	szo_kiir: autoDraw = false
128.79291000007652	EXP	szo_kiir: color = {"_rgb":[1,1,1]}
128.79291000007652	EXP	szo_kiir: text = "tábornagy"
129.31312500010245	EXP	szo_kiir: autoDraw = true
130.75733500020579	DATA	Keydown: ArrowRight
130.77963000000454	EXP	szo_kiir: autoDraw = false
130.77963000000454	EXP	szo_kiir: color = {"_rgb":[1,1,1]}
130.77963000000454	EXP	szo_kiir: text = "vágárd"
131.29478500015102	EXP	szo_kiir: autoDraw = true
132.1479100000579	DATA	Keydown: ArrowLeft
132.15644500008784	EXP	szo_kiir: autoDraw = false
132.15644500008784	EXP	szo_kiir: color = {"_rgb":[1,1,1]}
132.15644500008784	EXP	szo_kiir: text = "referál"
132.67673000018112	EXP	szo_kiir: autoDraw = true
133.690450000111	DATA	Keydown: ArrowRight
133.7198150001932	EXP	szo_kiir: autoDraw = false
133.7198150001932	EXP	szo_kiir: color = {"_rgb":[1,1,1]}
133.7198150001932	EXP	szo_kiir: text = "hidroxid"
134.22732000006363	EXP	szo_kiir: autoDraw = true
135.14226500014775	DATA	Keydown: ArrowRight
135.15583500009961	EXP	szo_kiir: autoDraw = false
135.15583500009961	EXP	szo_kiir: color = {"_rgb":[1,1,1]}
135.15583500009961	EXP	szo_kiir: text = "tropikus"
135.67505000019446	EXP	szo_kiir: autoDraw = true
137.38921000016853	DATA	Keydown: ArrowRight
137.4202650000807	EXP	szo_kiir: autoDraw = false
137.4202650000807	EXP	szo_kiir: color = {"_rgb":[1,1,1]}
137.4202650000807	EXP	szo_kiir: text = "hunfai"
137.94098500022665	EXP	szo_kiir: autoDraw = true
138.9047000000719	DATA	Keydown: ArrowLeft
138.91877000010572	EXP	szo_kiir: autoDraw = false
138.91877000010572	EXP	szo_kiir: color = {"_rgb":[1,1,1]}
138.91877000010572	EXP	szo_kiir: text = "csengettyű"
139.43969000014476	EXP	szo_kiir: autoDraw = true
142.63433000002988	DATA	Keydown: ArrowRight
142.66265500010923	EXP	szo_kiir: autoDraw = false
142.66265500010923	EXP	szo_kiir: color = {"_rgb":[1,1,1]}
142.66265500010923	EXP	szo_kiir: text = "kurzív"
143.16844500019215	EXP	szo_kiir: autoDraw = true
144.18164000008255	DATA	Keydown: ArrowLeft
144.197090000147	EXP	szo_kiir: autoDraw = false
144.197090000147	EXP	szo_kiir: color = {"_rgb":[1,1,1]}
144.197090000147	EXP	szo_kiir: text = "kormányrúd"
144.71707000001334	EXP	szo_kiir: autoDraw = true
145.55081500019878	DATA	Keydown: ArrowRight
145.56210500001907	EXP	szo_kiir: autoDraw = false
145.56210500001907	EXP	szo_kiir: color = {"_rgb":[1,1,1]}
145.56210500001907	EXP	szo_kiir: text = "stíluszirt"
146.08387000020593	EXP	szo_kiir: autoDraw = true
147.1371550001204	DATA	Keydown: ArrowLeft
147.15050000022165	EXP	szo_kiir: autoDraw = false
147.15050000022165	EXP	szo_kiir: color = {"_rgb":[1,1,1]}
147.15050000022165	EXP	szo_kiir: text = "ügyenlősi"
147.6647000000812	EXP	szo_kiir: autoDraw = true
148.94897000002675	DATA	Keydown: ArrowRight
148.95729500008747	EXP	szo_kiir: autoDraw = false
148.95729500008747	EXP	szo_kiir: color = {"_rgb":[1,1,1]}
148.95729500008747	EXP	szo_kiir: text = "háznép"
149.47978000016883	EXP	szo_kiir: autoDraw = true
150.23522000014782	DATA	Keydown: ArrowRight
150.24060500017367	EXP	szo_kiir: autoDraw = false
150.24060500017367	EXP	szo_kiir: color = {"_rgb":[1,1,1]}
150.24060500017367	EXP	szo_kiir: text = "antyúzható"
150.76240500016138	EXP	szo_kiir: autoDraw = true
151.6799900000915	DATA	Keydown: ArrowLeft
151.706725000171	EXP	szo_kiir: autoDraw = false
151.706725000171	EXP	szo_kiir: color = {"_rgb":[1,1,1]}
151.706725000171	EXP	szo_kiir: text = "zökkévei"
152.2282600000035	EXP	szo_kiir: autoDraw = true
153.21588500007056	DATA	Keydown: ArrowLeft
153.22215500008315	EXP	szo_kiir: autoDraw = false
153.22215500008315	EXP	szo_kiir: color = {"_rgb":[1,1,1]}
153.22215500008315	EXP	szo_kiir: text = "nehézsúly"
153.74251000001095	EXP	szo_kiir: autoDraw = true
155.04363000020385	DATA	Keydown: ArrowRight
155.06277000019327	EXP	szo_kiir: autoDraw = false
155.06277000019327	EXP	szo_kiir: color = {"_rgb":[1,1,1]}
155.06277000019327	EXP	szo_kiir: text = "növetlenső"
155.57495500007644	EXP	szo_kiir: autoDraw = true
156.822285000002	DATA	Keydown: ArrowLeft
156.837315000128	EXP	szo_kiir: autoDraw = false
156.837315000128	EXP	szo_kiir: color = {"_rgb":[1,1,1]}
156.837315000128	EXP	szo_kiir: text = "analizál"
157.35859000007622	EXP	szo_kiir: autoDraw = true
158.5255950000137	DATA	Keydown: ArrowRight
158.55384500022046	EXP	szo_kiir: autoDraw = false
158.55384500022046	EXP	szo_kiir: color = {"_rgb":[1,1,1]}
158.55384500022046	EXP	szo_kiir: text = "vonzum"
159.07325000013225	EXP	szo_kiir: autoDraw = true
160.7804700001143	DATA	Keydown: ArrowLeft
160.78762500011362	EXP	szo_kiir: autoDraw = false
160.78762500011362	EXP	szo_kiir: color = {"_rgb":[1,1,1]}
160.78762500011362	EXP	szo_kiir: text = "piláf"
161.3038200000301	EXP	szo_kiir: autoDraw = true
162.15836500003934	DATA	Keydown: ArrowLeft
162.16655500000343	EXP	szo_kiir: autoDraw = false
162.16655500000343	EXP	szo_kiir: color = {"_rgb":[1,1,1]}
162.16655500000343	EXP	szo_kiir: text = "szódabikarbonát"
162.6890250002034	EXP	szo_kiir: autoDraw = true
164.30587500007823	DATA	Keydown: ArrowRight
164.33420500019565	EXP	szo_kiir: autoDraw = false
164.33420500019565	EXP	szo_kiir: color = {"_rgb":[1,1,1]}
164.33420500019565	EXP	szo_kiir: text = "adszorbens"
164.85009500011802	EXP	szo_kiir: autoDraw = true
166.84590000007302	DATA	Keydown: ArrowRight
166.86230000015348	EXP	szo_kiir: autoDraw = false
166.86230000015348	EXP	szo_kiir: color = {"_rgb":[1,1,1]}
166.86230000015348	EXP	szo_kiir: text = "csapattest"
167.38146000006236	EXP	szo_kiir: autoDraw = true
170.31629000022076	DATA	Keydown: ArrowLeft
170.3253750000149	EXP	szo_kiir: autoDraw = false
170.3253750000149	EXP	szo_kiir: color = {"_rgb":[1,1,1]}
170.3253750000149	EXP	szo_kiir: text = "gágy"
170.84478000015952	EXP	szo_kiir: autoDraw = true
172.33260000008158	DATA	Keydown: ArrowLeft
172.35494500002824	EXP	szo_kiir: autoDraw = false
172.35494500002824	EXP	szo_kiir: color = {"_rgb":[1,1,1]}
172.35494500002824	EXP	szo_kiir: text = "verizmus"
172.86064500012435	EXP	szo_kiir: autoDraw = true
173.99082000018097	DATA	Keydown: ArrowLeft
174.00531999999657	EXP	szo_kiir: autoDraw = false
174.00531999999657	EXP	szo_kiir: color = {"_rgb":[1,1,1]}
174.00531999999657	EXP	szo_kiir: text = "dádá"
174.52591500012204	EXP	szo_kiir: autoDraw = true
176.98845000006258	DATA	Keydown: ArrowRight
177.0043200000655	EXP	szo_kiir: autoDraw = false
177.0043200000655	EXP	szo_kiir: color = {"_rgb":[1,1,1]}
177.0043200000655	EXP	szo_kiir: text = "vasáru"
177.52309000003152	EXP	szo_kiir: autoDraw = true
178.50301000010222	DATA	Keydown: ArrowRight
178.53178500011563	EXP	szo_kiir: autoDraw = false
178.53178500011563	EXP	szo_kiir: color = {"_rgb":[1,1,1]}
178.53178500011563	EXP	szo_kiir: text = "pörkölődik"
179.0388600002043	EXP	szo_kiir: autoDraw = true
180.85956500004977	DATA	Keydown: ArrowRight
180.86646500020288	EXP	szo_kiir: autoDraw = false
180.86646500020288	EXP	szo_kiir: color = {"_rgb":[1,1,1]}
180.86646500020288	EXP	szo_kiir: text = "visong"
181.3892450002022	EXP	szo_kiir: autoDraw = true
182.52542000007816	DATA	Keydown: ArrowRight
182.5440650000237	EXP	szo_kiir: autoDraw = false
182.5440650000237	EXP	szo_kiir: color = {"_rgb":[1,1,1]}
182.5440650000237	EXP	szo_kiir: text = "tipizál"
183.05237000016496	EXP	szo_kiir: autoDraw = true
183.88755000010133	DATA	Keydown: ArrowRight
183.89759500022046	EXP	szo_kiir: autoDraw = false
183.89759500022046	EXP	szo_kiir: color = {"_rgb":[1,1,1]}
183.89759500022046	EXP	szo_kiir: text = "zúzanó"
184.41775000002235	EXP	szo_kiir: autoDraw = true
185.13292000000365	DATA	Keydown: ArrowRight
185.1464800001122	EXP	szo_kiir: autoDraw = false
185.1464800001122	EXP	szo_kiir: color = {"_rgb":[1,1,1]}
185.1464800001122	EXP	szo_kiir: text = "asszonánc"
185.66685000015423	EXP	szo_kiir: autoDraw = true
186.93426500004716	DATA	Keydown: ArrowLeft
186.945045000175	EXP	szo_kiir: autoDraw = false
186.945045000175	EXP	szo_kiir: color = {"_rgb":[1,1,1]}
186.945045000175	EXP	szo_kiir: text = "csüggeszt"
187.4653400001116	EXP	szo_kiir: autoDraw = true
188.84327000007033	DATA	Keydown: ArrowRight
188.86418000003323	EXP	szo_kiir: autoDraw = false
188.86418000003323	EXP	szo_kiir: color = {"_rgb":[1,1,1]}
188.86418000003323	EXP	szo_kiir: text = "alsokfejű"
189.380350000225	EXP	szo_kiir: autoDraw = true
190.86545500019565	DATA	Keydown: ArrowLeft
190.87368000019342	EXP	szo_kiir: autoDraw = false
190.87368000019342	EXP	szo_kiir: color = {"_rgb":[1,1,1]}
190.87368000019342	EXP	szo_kiir: text = "inhumánus"
191.39529000013135	EXP	szo_kiir: autoDraw = true
192.6912200001534	DATA	Keydown: ArrowLeft
192.70662000006996	EXP	szo_kiir: autoDraw = false
192.70662000006996	EXP	szo_kiir: color = {"_rgb":[1,1,1]}
192.70662000006996	EXP	szo_kiir: text = "illikázó"
193.2272000000812	EXP	szo_kiir: autoDraw = true
194.29008500021882	DATA	Keydown: ArrowLeft
194.3159900000319	EXP	szo_kiir: autoDraw = false
194.3159900000319	EXP	szo_kiir: color = {"_rgb":[1,1,1]}
194.3159900000319	EXP	szo_kiir: text = "mérgesít"
194.82567500020377	EXP	szo_kiir: autoDraw = true
197.11038500000723	DATA	Keydown: ArrowRight
197.12089000013657	EXP	szo_kiir: autoDraw = false
197.12089000013657	EXP	szo_kiir: color = {"_rgb":[1,1,1]}
197.12089000013657	EXP	szo_kiir: text = "keltos"
197.64025500020944	EXP	szo_kiir: autoDraw = true
198.2814950000029	DATA	Keydown: ArrowLeft
198.3011000000406	EXP	szo_kiir: autoDraw = false
198.3011000000406	EXP	szo_kiir: color = {"_rgb":[1,1,1]}
198.3011000000406	EXP	szo_kiir: text = "zomás"
198.80541500006802	EXP	szo_kiir: autoDraw = true
199.50740000000224	DATA	Keydown: ArrowLeft
199.5179000000935	EXP	szo_kiir: autoDraw = false
199.5179000000935	EXP	szo_kiir: color = {"_rgb":[1,1,1]}
199.5179000000935	EXP	szo_kiir: text = "köpdös"
200.03837500000373	EXP	szo_kiir: autoDraw = true
200.72916500014253	DATA	Keydown: ArrowRight
200.74518000008538	EXP	szo_kiir: autoDraw = false
200.74518000008538	EXP	szo_kiir: color = {"_rgb":[1,1,1]}
200.74518000008538	EXP	szo_kiir: text = "megpadék"
201.2539500000421	EXP	szo_kiir: autoDraw = true
202.35931000020355	DATA	Keydown: ArrowLeft
202.3658300000243	EXP	szo_kiir: autoDraw = false
202.3658300000243	EXP	szo_kiir: color = {"_rgb":[1,1,1]}
202.3658300000243	EXP	szo_kiir: text = "ízesedik"
202.8860950001981	EXP	szo_kiir: autoDraw = true
203.99288500007242	DATA	Keydown: ArrowLeft
203.99799500009976	EXP	szo_kiir: autoDraw = false
203.99799500009976	EXP	szo_kiir: color = {"_rgb":[1,1,1]}
203.99799500009976	EXP	szo_kiir: text = "gubóvirág"
204.51749500003643	EXP	szo_kiir: autoDraw = true
206.2056150001008	DATA	Keydown: ArrowRight
206.22368000005372	EXP	szo_kiir: autoDraw = false
206.22368000005372	EXP	szo_kiir: color = {"_rgb":[1,1,1]}
206.22368000005372	EXP	szo_kiir: text = "estilágítő"
206.72863500006497	EXP	szo_kiir: autoDraw = true
207.85127500002272	DATA	Keydown: ArrowLeft
207.86776000005193	EXP	szo_kiir: autoDraw = false
207.86776000005193	EXP	szo_kiir: color = {"_rgb":[1,1,1]}
207.86776000005193	EXP	szo_kiir: text = "evakuál"
208.38249500002712	EXP	szo_kiir: autoDraw = true
209.01449000020511	DATA	Keydown: ArrowLeft
209.02776000020094	EXP	szo_kiir: autoDraw = false
209.02776000020094	EXP	szo_kiir: color = {"_rgb":[1,1,1]}
209.02776000020094	EXP	szo_kiir: text = "zománcáru"
209.5480950002093	EXP	szo_kiir: autoDraw = true
210.67759000021033	DATA	Keydown: ArrowRight
210.7033700000029	EXP	szo_kiir: autoDraw = false
210.7033700000029	EXP	szo_kiir: color = {"_rgb":[1,1,1]}
210.7033700000029	EXP	szo_kiir: text = "tokozódik"
211.21278000017628	EXP	szo_kiir: autoDraw = true
212.43276000022888	DATA	Keydown: ArrowRight
212.4415700000245	EXP	szo_kiir: autoDraw = false
212.4415700000245	EXP	szo_kiir: color = {"_rgb":[1,1,1]}
212.4415700000245	EXP	szo_kiir: text = "arzénsav"
212.96077000000514	EXP	szo_kiir: autoDraw = true
214.14705000002868	DATA	Keydown: ArrowRight
214.17078000004403	EXP	szo_kiir: autoDraw = false
214.17078000004403	EXP	szo_kiir: color = {"_rgb":[1,1,1]}
214.17078000004403	EXP	szo_kiir: text = "homeomorfizmus"
214.69304500008002	EXP	szo_kiir: autoDraw = true
216.04598000016995	DATA	Keydown: ArrowLeft
216.05187500012107	EXP	szo_kiir: autoDraw = false
216.05187500012107	EXP	szo_kiir: color = {"_rgb":[1,1,1]}
216.05187500012107	EXP	szo_kiir: text = "donhuán"
216.57412500004284	EXP	szo_kiir: autoDraw = true
217.97190500004217	DATA	Keydown: ArrowLeft
217.98613500013016	EXP	szo_kiir: autoDraw = false
217.98613500013016	EXP	szo_kiir: color = {"_rgb":[1,1,1]}
217.98613500013016	EXP	szo_kiir: text = "rezervál"
218.50617000018246	EXP	szo_kiir: autoDraw = true
222.3979400000535	DATA	Keydown: ArrowRight
222.41447000019252	EXP	szo_kiir: autoDraw = false
222.41447000019252	EXP	szo_kiir: color = {"_rgb":[1,1,1]}
222.41447000019252	EXP	szo_kiir: text = "isminchegy"
222.93614500015974	EXP	szo_kiir: autoDraw = true
223.64090500003658	DATA	Keydown: ArrowLeft
223.66515000001527	EXP	szo_kiir: autoDraw = false
223.66515000001527	EXP	szo_kiir: color = {"_rgb":[1,1,1]}
223.66515000001527	EXP	szo_kiir: text = "standardizál"
224.1852900001686	EXP	szo_kiir: autoDraw = true
225.69915500003844	DATA	Keydown: ArrowRight
225.71299500018358	EXP	szo_kiir: autoDraw = false
225.71299500018358	EXP	szo_kiir: color = {"_rgb":[1,1,1]}
225.71299500018358	EXP	szo_kiir: text = "fókázik"
226.23340000002645	EXP	szo_kiir: autoDraw = true
226.8108900000807	DATA	Keydown: ArrowRight
226.83220500010066	EXP	szo_kiir: autoDraw = false
226.83220500010066	EXP	szo_kiir: color = {"_rgb":[1,1,1]}
226.83220500010066	EXP	szo_kiir: text = "buktázik"
227.34845000016503	EXP	szo_kiir: autoDraw = true
228.62865500012413	DATA	Keydown: ArrowLeft
228.64408500003628	EXP	szo_kiir: autoDraw = false
228.64408500003628	EXP	szo_kiir: color = {"_rgb":[1,1,1]}
228.64408500003628	EXP	szo_kiir: text = "lepadlózik"
229.1644250000827	EXP	szo_kiir: autoDraw = true
231.35913500003517	DATA	Keydown: ArrowLeft
231.37488000001758	EXP	szo_kiir: autoDraw = false
231.37488000001758	EXP	szo_kiir: color = {"_rgb":[1,1,1]}
231.37488000001758	EXP	szo_kiir: text = "homoktölcsér"
231.8947150001768	EXP	szo_kiir: autoDraw = true
233.28247500001453	DATA	Keydown: ArrowRight
233.2889200001955	EXP	szo_kiir: autoDraw = false
233.2889200001955	EXP	szo_kiir: color = {"_rgb":[1,1,1]}
233.2889200001955	EXP	szo_kiir: text = "perifrázis"
233.81042000022717	EXP	szo_kiir: autoDraw = true
235.50570500013418	DATA	Keydown: ArrowLeft
235.52953000017442	EXP	szo_kiir: autoDraw = false
235.52953000017442	EXP	szo_kiir: color = {"_rgb":[1,1,1]}
235.52953000017442	EXP	szo_kiir: text = "szagosít"
236.04305500001647	EXP	szo_kiir: autoDraw = true
236.87267500022426	DATA	Keydown: ArrowRight
236.88807500014082	EXP	szo_kiir: autoDraw = false
236.88807500014082	EXP	szo_kiir: color = {"_rgb":[1,1,1]}
236.88807500014082	EXP	szo_kiir: text = "elméskedik"
237.4089099999983	EXP	szo_kiir: autoDraw = true
238.68775000004098	DATA	Keydown: ArrowRight
238.7191350001376	EXP	szo_kiir: autoDraw = false
238.7191350001376	EXP	szo_kiir: color = {"_rgb":[1,1,1]}
238.7191350001376	EXP	szo_kiir: text = "makranc"
239.24085500021465	EXP	szo_kiir: autoDraw = true
240.17080500000156	DATA	Keydown: ArrowRight
240.18301000003703	EXP	szo_kiir: autoDraw = false
240.18301000003703	EXP	szo_kiir: color = {"_rgb":[1,1,1]}
240.18301000003703	EXP	szo_kiir: text = "balhitű"
240.70536000002176	EXP	szo_kiir: autoDraw = true
241.99053000006825	DATA	Keydown: ArrowLeft
242.00073000020348	EXP	szo_kiir: autoDraw = false
242.00073000020348	EXP	szo_kiir: color = {"_rgb":[1,1,1]}
242.00073000020348	EXP	szo_kiir: text = "politúroz"
242.52120000007562	EXP	szo_kiir: autoDraw = true
243.45081000006758	DATA	Keydown: ArrowLeft
243.4662450000178	EXP	szo_kiir: autoDraw = false
243.4662450000178	EXP	szo_kiir: color = {"_rgb":[1,1,1]}
243.4662450000178	EXP	szo_kiir: text = "hosszall"
243.98623999999836	EXP	szo_kiir: autoDraw = true
244.75529000000097	DATA	Keydown: ArrowRight
244.78435000008903	EXP	szo_kiir: autoDraw = false
244.78435000008903	EXP	szo_kiir: color = {"_rgb":[1,1,1]}
244.78435000008903	EXP	szo_kiir: text = "ifjít"
245.30184500012547	EXP	szo_kiir: autoDraw = true
246.3564600001555	DATA	Keydown: ArrowLeft
246.3620200001169	EXP	szo_kiir: autoDraw = false
246.3620200001169	EXP	szo_kiir: color = {"_rgb":[1,1,1]}
246.3620200001169	EXP	szo_kiir: text = "fekcionák"
246.8784150001593	EXP	szo_kiir: autoDraw = true
248.08527000015602	DATA	Keydown: ArrowLeft
248.09483000007458	EXP	szo_kiir: autoDraw = false
248.09483000007458	EXP	szo_kiir: color = {"_rgb":[1,1,1]}
248.09483000007458	EXP	szo_kiir: text = "templomoz"
248.61500500002876	EXP	szo_kiir: autoDraw = true
249.76723000011407	DATA	Keydown: ArrowLeft
249.77677000011317	EXP	szo_kiir: autoDraw = false
249.77677000011317	EXP	szo_kiir: color = {"_rgb":[1,1,1]}
249.77677000011317	EXP	szo_kiir: text = "bárányfark"
250.29650000017136	EXP	szo_kiir: autoDraw = true
253.6912200001534	DATA	Keydown: ArrowLeft
253.72231000009924	EXP	szo_kiir: autoDraw = false
253.72231000009924	EXP	szo_kiir: color = {"_rgb":[1,1,1]}
253.72231000009924	EXP	szo_kiir: text = "lalláz"
254.24289500014856	EXP	szo_kiir: autoDraw = true
256.5887250001542	DATA	Keydown: ArrowLeft
256.6044300000649	EXP	szo_kiir: autoDraw = false
256.6044300000649	EXP	szo_kiir: color = {"_rgb":[1,1,1]}
256.6044300000649	EXP	szo_kiir: text = "kandíroz"
257.1246850001626	EXP	szo_kiir: autoDraw = true
257.73878000001423	DATA	Keydown: ArrowLeft
257.75440500001423	EXP	szo_kiir: autoDraw = false
257.75440500001423	EXP	szo_kiir: color = {"_rgb":[1,1,1]}
257.75440500001423	EXP	szo_kiir: text = "csapdáz"
258.2731250000652	EXP	szo_kiir: autoDraw = true
259.1208250001073	DATA	Keydown: ArrowLeft
259.1478200000711	EXP	szo_kiir: autoDraw = false
259.1478200000711	EXP	koszi_szoveg: autoDraw = true
