0.15006499999435619	EXP	Created Window = Window( name=Window, fullscr=true, color=#000000, units=norm, waitBlanking=true, autoLog=true, size=[1536,754] )
8.850440000009257	DATA	Keydown: undefined
10.650699999998324	DATA	Keydown: undefined
12.242940000025555	DATA	Keydown: undefined
13.823220000020228	DATA	Keydown: undefined
31.98262500000419	EXP	Created instruction_text1 = TextStim( name=instruction_text1, win=Window( name=Window, fullscr=true, color=#000000, ~), autoDraw=null, autoLog=true, units=norm, ori=null, opacity=1, pos=[0,0], size=undefined, text=Ön most szavakat fog látni.

Ezek között lesznek o~, font=Arial, color=#ffffff, contrast=1, height=0.05, bold=null, italic=null, alignHoriz=left, alignVert=center, wrapWidth=1, flipHoriz=null, flipVert=null )
31.98450999998022	EXP	Created instruction_text2 = TextStim( name=instruction_text2, win=Window( name=Window, fullscr=true, color=#000000, ~), autoDraw=null, autoLog=true, units=norm, ori=null, opacity=1, pos=[0,0], size=undefined, text=Először két egyszerű példát mutatunk Önnek.

Az el~, font=Arial, color=#FFFFFF, contrast=1, height=0.05, bold=null, italic=null, alignHoriz=left, alignVert=center, wrapWidth=1, flipHoriz=null, flipVert=null )
31.98721500003012	EXP	Created show_text = TextStim( name=show_text, win=Window( name=Window, fullscr=true, color=#000000, ~), autoDraw=null, autoLog=true, units=norm, ori=null, opacity=1, pos=[0,0], size=undefined, text=asztal, font=Arial, color=#FFFFFF, contrast=1, height=0.2, bold=null, italic=null, alignHoriz=left, alignVert=center, wrapWidth=1, flipHoriz=null, flipVert=null )
31.98946499999147	EXP	Created text = TextStim( name=text, win=Window( name=Window, fullscr=true, color=#000000, ~), autoDraw=null, autoLog=true, units=norm, ori=null, opacity=1, pos=[0,0], size=undefined, text=bzsmfsztal, font=Arial, color=#FFFFFF, contrast=1, height=0.2, bold=null, italic=null, alignHoriz=left, alignVert=center, wrapWidth=1, flipHoriz=null, flipVert=null )
31.9905049999943	EXP	Created instruction_text3 = TextStim( name=instruction_text3, win=Window( name=Window, fullscr=true, color=#000000, ~), autoDraw=null, autoLog=true, units=norm, ori=null, opacity=1, pos=[0,0], size=undefined, text=Pazar. Most kezdődik az igazi kísérlet. Néhány per~, font=Arial, color=#FFFFFF, contrast=1, height=0.1, bold=null, italic=null, alignHoriz=left, alignVert=center, wrapWidth=1, flipHoriz=null, flipVert=null )
31.992000000027474	EXP	Created szo_kiir = TextStim( name=szo_kiir, win=Window( name=Window, fullscr=true, color=#000000, ~), autoDraw=null, autoLog=true, units=norm, ori=null, opacity=1, pos=[0,0], size=undefined, text=default text, font=Arial, color=#FFFFFF, contrast=1, height=0.2, bold=null, italic=null, alignHoriz=left, alignVert=center, wrapWidth=1, flipHoriz=null, flipVert=null )
31.992874999996275	EXP	Created koszi_szoveg = TextStim( name=koszi_szoveg, win=Window( name=Window, fullscr=true, color=#000000, ~), autoDraw=null, autoLog=true, units=norm, ori=null, opacity=1, pos=[0,0], size=undefined, text=Vége a kísérletnek. Köszönjük a részvételt!, font=arial, color=#ffffff, contrast=1, height=0.1, bold=null, italic=null, alignHoriz=left, alignVert=center, wrapWidth=1, flipHoriz=null, flipVert=null )
32.05336999997962	EXP	instruction_text1: units = "norm"
32.05336999997962	EXP	instruction_text1: ori = 0
32.05336999997962	EXP	instruction_text1: opacity = 1
32.05336999997962	EXP	instruction_text1: pos = [0,0]
32.05336999997962	EXP	instruction_text1: size = undefined
32.05336999997962	EXP	instruction_text1: text = "Ön most szavakat fog látni.\n\nEzek között lesznek olyanok, amelyeket ismer, de előfordulhatnak olyanok is, amelyeket nem ismer, sőt, vannak köztük kitalált szavak is. \n\nKérjük, ha ismeri a képernyőn látható szót, nyomja meg a JOBB kurzorbillentyűt.\nKérjük, ha NEM ismeri a képernyőn látható szót, vagy azt gondolja, nincs ilyen szó a magyarban, nyomja meg a BAL kurzorbillentyűt.\n\nAz 'Ismerem a szót' döntés itt most ezt jelenti: találkoztam már vele, és van valami elképzelésem a jelentéséről is.  \n\nNyomjon meg bármilyen billentyűt a folytatáshoz."
32.05336999997962	EXP	instruction_text1: font = "Arial"
32.05336999997962	EXP	instruction_text1: color = {"_rgb":[1,1,1]}
32.05336999997962	EXP	instruction_text1: contrast = 1
32.05336999997962	EXP	instruction_text1: height = 0.05
32.05336999997962	EXP	instruction_text1: bold = false
32.05336999997962	EXP	instruction_text1: italic = false
32.05336999997962	EXP	instruction_text1: alignHoriz = "left"
32.05336999997962	EXP	instruction_text1: alignVert = "center"
32.05336999997962	EXP	instruction_text1: wrapWidth = 1
32.05336999997962	EXP	instruction_text1: flipHoriz = false
32.05336999997962	EXP	instruction_text1: flipVert = false
32.05336999997962	EXP	instruction_text2: units = "norm"
32.05336999997962	EXP	instruction_text2: ori = 0
32.05336999997962	EXP	instruction_text2: opacity = 1
32.05336999997962	EXP	instruction_text2: pos = [0,0]
32.05336999997962	EXP	instruction_text2: size = undefined
32.05336999997962	EXP	instruction_text2: text = "Először két egyszerű példát mutatunk Önnek.\n\nAz első szó létezik a magyarban, és valószínűleg Ön is ismeri. Itt nyomja majd meg a jobb kurzorbillentyűt.\nA második szó nem létezik a magyar nyelvben. Itt nyomja majd meg a bal kurzorbillentyűt.\n\nFontos, hogy a jobb gombot a jobb kezével, a bal gombot a bal kezével nyomja, ha tudja, és ne egy kezét használja a kísérletben.\n\nNyomjon meg bármilyen gombot a folytatáshoz."
32.05336999997962	EXP	instruction_text2: font = "Arial"
32.05336999997962	EXP	instruction_text2: color = {"_hex":"#FFFFFF","_rgb":[1,1,1]}
32.05336999997962	EXP	instruction_text2: contrast = 1
32.05336999997962	EXP	instruction_text2: height = 0.05
32.05336999997962	EXP	instruction_text2: bold = false
32.05336999997962	EXP	instruction_text2: italic = false
32.05336999997962	EXP	instruction_text2: alignHoriz = "left"
32.05336999997962	EXP	instruction_text2: alignVert = "center"
32.05336999997962	EXP	instruction_text2: wrapWidth = 1
32.05336999997962	EXP	instruction_text2: flipHoriz = false
32.05336999997962	EXP	instruction_text2: flipVert = false
32.05336999997962	EXP	show_text: units = "norm"
32.05336999997962	EXP	show_text: ori = 0
32.05336999997962	EXP	show_text: opacity = 1
32.05336999997962	EXP	show_text: pos = [0,0]
32.05336999997962	EXP	show_text: size = undefined
32.05336999997962	EXP	show_text: text = "asztal"
32.05336999997962	EXP	show_text: font = "Arial"
32.05336999997962	EXP	show_text: color = {"_hex":"#FFFFFF","_rgb":[1,1,1]}
32.05336999997962	EXP	show_text: contrast = 1
32.05336999997962	EXP	show_text: height = 0.2
32.05336999997962	EXP	show_text: bold = false
32.05336999997962	EXP	show_text: italic = false
32.05336999997962	EXP	show_text: alignHoriz = "left"
32.05336999997962	EXP	show_text: alignVert = "center"
32.05336999997962	EXP	show_text: wrapWidth = 1
32.05336999997962	EXP	show_text: flipHoriz = false
32.05336999997962	EXP	show_text: flipVert = false
32.05336999997962	EXP	text: units = "norm"
32.05336999997962	EXP	text: ori = 0
32.05336999997962	EXP	text: opacity = 1
32.05336999997962	EXP	text: pos = [0,0]
32.05336999997962	EXP	text: size = undefined
32.05336999997962	EXP	text: text = "bzsmfsztal"
32.05336999997962	EXP	text: font = "Arial"
32.05336999997962	EXP	text: color = {"_hex":"#FFFFFF","_rgb":[1,1,1]}
32.05336999997962	EXP	text: contrast = 1
32.05336999997962	EXP	text: height = 0.2
32.05336999997962	EXP	text: bold = false
32.05336999997962	EXP	text: italic = false
32.05336999997962	EXP	text: alignHoriz = "left"
32.05336999997962	EXP	text: alignVert = "center"
32.05336999997962	EXP	text: wrapWidth = 1
32.05336999997962	EXP	text: flipHoriz = false
32.05336999997962	EXP	text: flipVert = false
32.05336999997962	EXP	instruction_text3: units = "norm"
32.05336999997962	EXP	instruction_text3: ori = 0
32.05336999997962	EXP	instruction_text3: opacity = 1
32.05336999997962	EXP	instruction_text3: pos = [0,0]
32.05336999997962	EXP	instruction_text3: size = undefined
32.05336999997962	EXP	instruction_text3: text = "Pazar. Most kezdődik az igazi kísérlet. Néhány percig fog tartani. Nem kell nagyon sietnie, de igyekezzen gyorsan válaszolni.\n\nNe feledje, ha tudja, a jobb gombot a jobbkezével, a bal gombot a balkezével nyomja le.\n\nNyomjon meg bármilyen gombot a folytatáshoz."
32.05336999997962	EXP	instruction_text3: font = "Arial"
32.05336999997962	EXP	instruction_text3: color = {"_hex":"#FFFFFF","_rgb":[1,1,1]}
32.05336999997962	EXP	instruction_text3: contrast = 1
32.05336999997962	EXP	instruction_text3: height = 0.1
32.05336999997962	EXP	instruction_text3: bold = false
32.05336999997962	EXP	instruction_text3: italic = false
32.05336999997962	EXP	instruction_text3: alignHoriz = "left"
32.05336999997962	EXP	instruction_text3: alignVert = "center"
32.05336999997962	EXP	instruction_text3: wrapWidth = 1
32.05336999997962	EXP	instruction_text3: flipHoriz = false
32.05336999997962	EXP	instruction_text3: flipVert = false
32.05336999997962	EXP	szo_kiir: units = "norm"
32.05336999997962	EXP	szo_kiir: ori = 0
32.05336999997962	EXP	szo_kiir: opacity = 1
32.05336999997962	EXP	szo_kiir: pos = [0,0]
32.05336999997962	EXP	szo_kiir: size = undefined
32.05336999997962	EXP	szo_kiir: text = "default text"
32.05336999997962	EXP	szo_kiir: font = "Arial"
32.05336999997962	EXP	szo_kiir: color = {"_hex":"#FFFFFF","_rgb":[1,1,1]}
32.05336999997962	EXP	szo_kiir: contrast = 1
32.05336999997962	EXP	szo_kiir: height = 0.2
32.05336999997962	EXP	szo_kiir: bold = false
32.05336999997962	EXP	szo_kiir: italic = false
32.05336999997962	EXP	szo_kiir: alignHoriz = "left"
32.05336999997962	EXP	szo_kiir: alignVert = "center"
32.05336999997962	EXP	szo_kiir: wrapWidth = 1
32.05336999997962	EXP	szo_kiir: flipHoriz = false
32.05336999997962	EXP	szo_kiir: flipVert = false
32.05336999997962	EXP	koszi_szoveg: units = "norm"
32.05336999997962	EXP	koszi_szoveg: ori = 0
32.05336999997962	EXP	koszi_szoveg: opacity = 1
32.05336999997962	EXP	koszi_szoveg: pos = [0,0]
32.05336999997962	EXP	koszi_szoveg: size = undefined
32.05336999997962	EXP	koszi_szoveg: text = "Vége a kísérletnek. Köszönjük a részvételt!"
32.05336999997962	EXP	koszi_szoveg: font = "arial"
32.05336999997962	EXP	koszi_szoveg: color = {"_rgb":[1,1,1]}
32.05336999997962	EXP	koszi_szoveg: contrast = 1
32.05336999997962	EXP	koszi_szoveg: height = 0.1
32.05336999997962	EXP	koszi_szoveg: bold = false
32.05336999997962	EXP	koszi_szoveg: italic = false
32.05336999997962	EXP	koszi_szoveg: alignHoriz = "left"
32.05336999997962	EXP	koszi_szoveg: alignVert = "center"
32.05336999997962	EXP	koszi_szoveg: wrapWidth = 1
32.05336999997962	EXP	koszi_szoveg: flipHoriz = false
32.05336999997962	EXP	koszi_szoveg: flipVert = false
32.05336999997962	EXP	instruction_text1: autoDraw = true
74.1341249999823	DATA	Keydown: ArrowRight
74.16493999998784	EXP	instruction_text1: autoDraw = false
74.16493999998784	EXP	instruction_text2: autoDraw = true
91.27928499999689	DATA	Keydown: ArrowRight
91.28551000001607	EXP	instruction_text2: autoDraw = false
91.81970500003081	EXP	show_text: autoDraw = true
92.57855999999447	DATA	Keydown: ArrowRight
92.60282000002917	EXP	show_text: autoDraw = false
93.125400000019	EXP	text: autoDraw = true
93.60965499997837	DATA	Keydown: ArrowLeft
93.71172999998089	EXP	text: autoDraw = false
93.71172999998089	EXP	instruction_text3: autoDraw = true
112.85385499999393	DATA	Keydown: ArrowRight
112.94540000002598	EXP	instruction_text3: autoDraw = false
112.94540000002598	EXP	szo_kiir: color = {"_rgb":[1,1,1]}
112.94540000002598	EXP	szo_kiir: text = "komoly"
113.46590000001015	EXP	szo_kiir: autoDraw = true
114.35197999997763	DATA	Keydown: ArrowRight
114.37217500002589	EXP	szo_kiir: autoDraw = false
114.37217500002589	EXP	szo_kiir: color = {"_rgb":[1,1,1]}
114.37217500002589	EXP	szo_kiir: text = "ország"
114.89334000000963	EXP	szo_kiir: autoDraw = true
115.58977999998024	DATA	Keydown: ArrowRight
115.64358000003267	EXP	szo_kiir: autoDraw = false
115.64358000003267	EXP	szo_kiir: color = {"_rgb":[1,1,1]}
115.64358000003267	EXP	szo_kiir: text = "gyerek"
116.16011499997694	EXP	szo_kiir: autoDraw = true
116.81749500002479	DATA	Keydown: ArrowRight
116.835699999996	EXP	szo_kiir: autoDraw = false
116.835699999996	EXP	szo_kiir: color = {"_rgb":[1,1,1]}
116.835699999996	EXP	szo_kiir: text = "jákfű"
117.34586499998113	EXP	szo_kiir: autoDraw = true
118.45425000000978	DATA	Keydown: ArrowLeft
118.49734000000171	EXP	szo_kiir: autoDraw = false
118.49734000000171	EXP	szo_kiir: color = {"_rgb":[1,1,1]}
118.49734000000171	EXP	szo_kiir: text = "megköny"
119.01144500001101	EXP	szo_kiir: autoDraw = true
120.44916999997804	DATA	Keydown: ArrowLeft
120.46166000002995	EXP	szo_kiir: autoDraw = false
120.46166000002995	EXP	szo_kiir: color = {"_rgb":[1,1,1]}
120.46166000002995	EXP	szo_kiir: text = "név"
120.97440000000643	EXP	szo_kiir: autoDraw = true
121.7255250000162	DATA	Keydown: ArrowRight
121.79255499999272	EXP	szo_kiir: autoDraw = false
121.79255499999272	EXP	szo_kiir: color = {"_rgb":[1,1,1]}
121.79255499999272	EXP	szo_kiir: text = "keresztény"
122.30664999998407	EXP	szo_kiir: autoDraw = true
123.29759999999078	DATA	Keydown: ArrowRight
123.31359999999404	EXP	szo_kiir: autoDraw = false
123.31359999999404	EXP	szo_kiir: color = {"_rgb":[1,1,1]}
123.31359999999404	EXP	szo_kiir: text = "párt"
123.83718500001123	EXP	szo_kiir: autoDraw = true
124.58278499997687	DATA	Keydown: ArrowRight
124.6246149999788	EXP	szo_kiir: autoDraw = false
124.6246149999788	EXP	szo_kiir: color = {"_rgb":[1,1,1]}
124.6246149999788	EXP	szo_kiir: text = "erejtő"
125.13839999999618	EXP	szo_kiir: autoDraw = true
126.44607000000542	DATA	Keydown: ArrowRight
126.46253499999875	EXP	szo_kiir: autoDraw = false
126.46253499999875	EXP	szo_kiir: color = {"_rgb":[1,1,1]}
126.46253499999875	EXP	szo_kiir: text = "komplex"
126.98210000002291	EXP	szo_kiir: autoDraw = true
127.61279500002274	DATA	Keydown: ArrowRight
127.62812499998836	EXP	szo_kiir: autoDraw = false
127.62812499998836	EXP	szo_kiir: color = {"_rgb":[1,1,1]}
127.62812499998836	EXP	szo_kiir: text = "mond"
128.14889499999117	EXP	szo_kiir: autoDraw = true
128.8173100000131	DATA	Keydown: ArrowRight
128.85129000002053	EXP	szo_kiir: autoDraw = false
128.85129000002053	EXP	szo_kiir: color = {"_rgb":[1,1,1]}
128.85129000002053	EXP	szo_kiir: text = "bolos"
129.37360500002978	EXP	szo_kiir: autoDraw = true
131.40698500000872	DATA	Keydown: ArrowLeft
131.4266199999838	EXP	szo_kiir: autoDraw = false
131.4266199999838	EXP	szo_kiir: color = {"_rgb":[1,1,1]}
131.4266199999838	EXP	szo_kiir: text = "maliző"
131.94893499999307	EXP	szo_kiir: autoDraw = true
133.054065000033	DATA	Keydown: ArrowLeft
133.08893500000704	EXP	szo_kiir: autoDraw = false
133.08893500000704	EXP	szo_kiir: color = {"_rgb":[1,1,1]}
133.08893500000704	EXP	szo_kiir: text = "nőttetett"
133.6079299999983	EXP	szo_kiir: autoDraw = true
135.94154500000877	DATA	Keydown: ArrowRight
135.96368500002427	EXP	szo_kiir: autoDraw = false
135.96368500002427	EXP	szo_kiir: color = {"_rgb":[1,1,1]}
135.96368500002427	EXP	szo_kiir: text = "tanács"
136.47700499999337	EXP	szo_kiir: autoDraw = true
137.2148150000139	DATA	Keydown: ArrowRight
137.23340999998618	EXP	szo_kiir: autoDraw = false
137.23340999998618	EXP	szo_kiir: color = {"_rgb":[1,1,1]}
137.23340999998618	EXP	szo_kiir: text = "szökkeny"
137.7638600000064	EXP	szo_kiir: autoDraw = true
139.33708000002662	DATA	Keydown: ArrowRight
139.36068500002148	EXP	szo_kiir: autoDraw = false
139.36068500002148	EXP	szo_kiir: color = {"_rgb":[1,1,1]}
139.36068500002148	EXP	szo_kiir: text = "réteg"
139.86897499999031	EXP	szo_kiir: autoDraw = true
140.71454499999527	DATA	Keydown: ArrowRight
140.75878500001272	EXP	szo_kiir: autoDraw = false
140.75878500001272	EXP	szo_kiir: color = {"_rgb":[1,1,1]}
140.75878500001272	EXP	szo_kiir: text = "alukandós"
141.2859499999904	EXP	szo_kiir: autoDraw = true
142.8765349999885	DATA	Keydown: ArrowLeft
142.89582500001416	EXP	szo_kiir: autoDraw = false
142.89582500001416	EXP	szo_kiir: color = {"_rgb":[1,1,1]}
142.89582500001416	EXP	szo_kiir: text = "extrém"
143.41907000000356	EXP	szo_kiir: autoDraw = true
144.27980000001844	DATA	Keydown: ArrowRight
144.31417999998666	EXP	szo_kiir: autoDraw = false
144.31417999998666	EXP	szo_kiir: color = {"_rgb":[1,1,1]}
144.31417999998666	EXP	szo_kiir: text = "konyrúd"
144.838694999984	EXP	szo_kiir: autoDraw = true
146.32826999999816	DATA	Keydown: ArrowLeft
146.34176500001922	EXP	szo_kiir: autoDraw = false
146.34176500001922	EXP	szo_kiir: color = {"_rgb":[1,1,1]}
146.34176500001922	EXP	szo_kiir: text = "pár"
146.84936500003096	EXP	szo_kiir: autoDraw = true
147.70088000001851	DATA	Keydown: ArrowRight
147.7349900000263	EXP	szo_kiir: autoDraw = false
147.7349900000263	EXP	szo_kiir: color = {"_rgb":[1,1,1]}
147.7349900000263	EXP	szo_kiir: text = "hozandzsa"
148.2492300000158	EXP	szo_kiir: autoDraw = true
149.57287500001257	DATA	Keydown: ArrowLeft
149.59113499999512	EXP	szo_kiir: autoDraw = false
149.59113499999512	EXP	szo_kiir: color = {"_rgb":[1,1,1]}
149.59113499999512	EXP	szo_kiir: text = "citrom"
150.12433000002056	EXP	szo_kiir: autoDraw = true
150.75985999999102	DATA	Keydown: ArrowRight
150.80028000002494	EXP	szo_kiir: autoDraw = false
150.80028000002494	EXP	szo_kiir: color = {"_rgb":[1,1,1]}
150.80028000002494	EXP	szo_kiir: text = "multinacionális"
151.32717499998398	EXP	szo_kiir: autoDraw = true
152.35142000002088	DATA	Keydown: ArrowRight
152.35812500002794	EXP	szo_kiir: autoDraw = false
152.35812500002794	EXP	szo_kiir: color = {"_rgb":[1,1,1]}
152.35812500002794	EXP	szo_kiir: text = "szelíd"
152.87839000002714	EXP	szo_kiir: autoDraw = true
153.595484999998	DATA	Keydown: ArrowRight
153.62898500001756	EXP	szo_kiir: autoDraw = false
153.62898500001756	EXP	szo_kiir: color = {"_rgb":[1,1,1]}
153.62898500001756	EXP	szo_kiir: text = "naptár"
154.14471500000218	EXP	szo_kiir: autoDraw = true
154.8703899999964	DATA	Keydown: ArrowRight
154.88590500003193	EXP	szo_kiir: autoDraw = false
154.88590500003193	EXP	szo_kiir: color = {"_rgb":[1,1,1]}
154.88590500003193	EXP	szo_kiir: text = "ponálgai"
155.4085700000287	EXP	szo_kiir: autoDraw = true
156.47197000001324	DATA	Keydown: ArrowLeft
156.51390999997966	EXP	szo_kiir: autoDraw = false
156.51390999997966	EXP	szo_kiir: color = {"_rgb":[1,1,1]}
156.51390999997966	EXP	szo_kiir: text = "lebeg"
157.02335999999195	EXP	szo_kiir: autoDraw = true
158.08501999999862	DATA	Keydown: ArrowRight
158.10193000000436	EXP	szo_kiir: autoDraw = false
158.10193000000436	EXP	szo_kiir: color = {"_rgb":[1,1,1]}
158.10193000000436	EXP	szo_kiir: text = "időszerű"
158.62357499997597	EXP	szo_kiir: autoDraw = true
160.16907499998342	DATA	Keydown: ArrowRight
160.212434999994	EXP	szo_kiir: autoDraw = false
160.212434999994	EXP	szo_kiir: color = {"_rgb":[1,1,1]}
160.212434999994	EXP	szo_kiir: text = "bútori"
160.73599499999546	EXP	szo_kiir: autoDraw = true
162.15197000000626	DATA	Keydown: ArrowRight
162.15847999998368	EXP	szo_kiir: autoDraw = false
162.15847999998368	EXP	szo_kiir: color = {"_rgb":[1,1,1]}
162.15847999998368	EXP	szo_kiir: text = "hider"
162.67885500000557	EXP	szo_kiir: autoDraw = true
165.12468499998795	DATA	Keydown: ArrowLeft
165.14496499998495	EXP	szo_kiir: autoDraw = false
165.14496499998495	EXP	szo_kiir: color = {"_rgb":[1,1,1]}
165.14496499998495	EXP	szo_kiir: text = "had"
165.66720999998506	EXP	szo_kiir: autoDraw = true
167.87709999998333	DATA	Keydown: ArrowRight
167.9123499999987	EXP	szo_kiir: autoDraw = false
167.9123499999987	EXP	szo_kiir: color = {"_rgb":[1,1,1]}
167.9123499999987	EXP	szo_kiir: text = "szabotró"
168.43077500001527	EXP	szo_kiir: autoDraw = true
170.35222499998054	DATA	Keydown: ArrowRight
170.3715749999974	EXP	szo_kiir: autoDraw = false
170.3715749999974	EXP	szo_kiir: color = {"_rgb":[1,1,1]}
170.3715749999974	EXP	szo_kiir: text = "unitáns"
170.88740499998676	EXP	szo_kiir: autoDraw = true
172.441295000026	DATA	Keydown: ArrowRight
172.46619000000646	EXP	szo_kiir: autoDraw = false
172.46619000000646	EXP	szo_kiir: color = {"_rgb":[1,1,1]}
172.46619000000646	EXP	szo_kiir: text = "finálé"
172.99126500001876	EXP	szo_kiir: autoDraw = true
174.06550500000594	DATA	Keydown: ArrowRight
174.08553500002017	EXP	szo_kiir: autoDraw = false
174.08553500002017	EXP	szo_kiir: color = {"_rgb":[1,1,1]}
174.08553500002017	EXP	szo_kiir: text = "aszimmetrikus"
174.6032300000079	EXP	szo_kiir: autoDraw = true
176.4423550000065	DATA	Keydown: ArrowRight
176.48405500000808	EXP	szo_kiir: autoDraw = false
176.48405500000808	EXP	szo_kiir: color = {"_rgb":[1,1,1]}
176.48405500000808	EXP	szo_kiir: text = "grafikon"
177.00516000000061	EXP	szo_kiir: autoDraw = true
177.95307500002673	DATA	Keydown: ArrowRight
177.97698999999557	EXP	szo_kiir: autoDraw = false
177.97698999999557	EXP	szo_kiir: color = {"_rgb":[1,1,1]}
177.97698999999557	EXP	szo_kiir: text = "léptelegy"
178.50243500003126	EXP	szo_kiir: autoDraw = true
180.4887549999985	DATA	Keydown: ArrowLeft
180.51503000000957	EXP	szo_kiir: autoDraw = false
180.51503000000957	EXP	szo_kiir: color = {"_rgb":[1,1,1]}
180.51503000000957	EXP	szo_kiir: text = "salógázó"
181.04645500000333	EXP	szo_kiir: autoDraw = true
182.37459500000114	DATA	Keydown: ArrowLeft
182.3939600000158	EXP	szo_kiir: autoDraw = false
182.3939600000158	EXP	szo_kiir: color = {"_rgb":[1,1,1]}
182.3939600000158	EXP	szo_kiir: text = "napkollektor"
182.91805999999633	EXP	szo_kiir: autoDraw = true
183.81472999998368	DATA	Keydown: ArrowRight
183.8709900000249	EXP	szo_kiir: autoDraw = false
183.8709900000249	EXP	szo_kiir: color = {"_rgb":[1,1,1]}
183.8709900000249	EXP	szo_kiir: text = "kunyai"
184.39742500003194	EXP	szo_kiir: autoDraw = true
185.84248500003014	DATA	Keydown: ArrowLeft
185.8545799999847	EXP	szo_kiir: autoDraw = false
185.8545799999847	EXP	szo_kiir: color = {"_rgb":[1,1,1]}
185.8545799999847	EXP	szo_kiir: text = "storítő"
186.36562499997672	EXP	szo_kiir: autoDraw = true
187.72907000000123	DATA	Keydown: ArrowLeft
187.74791999999434	EXP	szo_kiir: autoDraw = false
187.74791999999434	EXP	szo_kiir: color = {"_rgb":[1,1,1]}
187.74791999999434	EXP	szo_kiir: text = "genom"
188.25873000000138	EXP	szo_kiir: autoDraw = true
189.46908499998972	DATA	Keydown: ArrowRight
189.48788500000956	EXP	szo_kiir: autoDraw = false
189.48788500000956	EXP	szo_kiir: color = {"_rgb":[1,1,1]}
189.48788500000956	EXP	szo_kiir: text = "nyakörv"
190.00894000002882	EXP	szo_kiir: autoDraw = true
192.20932500000345	DATA	Keydown: ArrowRight
192.2385699999868	EXP	szo_kiir: autoDraw = false
192.2385699999868	EXP	szo_kiir: color = {"_rgb":[1,1,1]}
192.2385699999868	EXP	szo_kiir: text = "fon"
192.7692650000099	EXP	szo_kiir: autoDraw = true
193.686640000029	DATA	Keydown: ArrowRight
193.7043249999988	EXP	szo_kiir: autoDraw = false
193.7043249999988	EXP	szo_kiir: color = {"_rgb":[1,1,1]}
193.7043249999988	EXP	szo_kiir: text = "attyűködő"
194.21415000001434	EXP	szo_kiir: autoDraw = true
196.67376999999397	DATA	Keydown: ArrowLeft
196.6992999999784	EXP	szo_kiir: autoDraw = false
196.6992999999784	EXP	szo_kiir: color = {"_rgb":[1,1,1]}
196.6992999999784	EXP	szo_kiir: text = "tarol"
197.22107500000857	EXP	szo_kiir: autoDraw = true
198.2185949999839	DATA	Keydown: ArrowRight
198.24257499998203	EXP	szo_kiir: autoDraw = false
198.24257499998203	EXP	szo_kiir: color = {"_rgb":[1,1,1]}
198.24257499998203	EXP	szo_kiir: text = "bódé"
198.75241000001552	EXP	szo_kiir: autoDraw = true
199.6813550000079	DATA	Keydown: ArrowRight
199.71330000000307	EXP	szo_kiir: autoDraw = false
199.71330000000307	EXP	szo_kiir: color = {"_rgb":[1,1,1]}
199.71330000000307	EXP	szo_kiir: text = "kisujj"
200.23248000000603	EXP	szo_kiir: autoDraw = true
201.0633600000292	DATA	Keydown: ArrowRight
201.07979500002693	EXP	szo_kiir: autoDraw = false
201.07979500002693	EXP	szo_kiir: color = {"_rgb":[1,1,1]}
201.07979500002693	EXP	szo_kiir: text = "hasznosít"
201.58576500002528	EXP	szo_kiir: autoDraw = true
202.31322499999078	DATA	Keydown: ArrowRight
202.34763000003295	EXP	szo_kiir: autoDraw = false
202.34763000003295	EXP	szo_kiir: color = {"_rgb":[1,1,1]}
202.34763000003295	EXP	szo_kiir: text = "csattog"
202.86538000003202	EXP	szo_kiir: autoDraw = true
203.4483749999781	DATA	Keydown: ArrowRight
203.46246000000974	EXP	szo_kiir: autoDraw = false
203.46246000000974	EXP	szo_kiir: color = {"_rgb":[1,1,1]}
203.46246000000974	EXP	szo_kiir: text = "sólyuk"
203.9761399999843	EXP	szo_kiir: autoDraw = true
206.27544499997748	DATA	Keydown: ArrowLeft
206.3017899999977	EXP	szo_kiir: autoDraw = false
206.3017899999977	EXP	szo_kiir: color = {"_rgb":[1,1,1]}
206.3017899999977	EXP	szo_kiir: text = "üzemanyagár"
206.8292149999761	EXP	szo_kiir: autoDraw = true
208.01066000002902	DATA	Keydown: ArrowRight
208.02458500000648	EXP	szo_kiir: autoDraw = false
208.02458500000648	EXP	szo_kiir: color = {"_rgb":[1,1,1]}
208.02458500000648	EXP	szo_kiir: text = "viszkózus"
208.54045999998925	EXP	szo_kiir: autoDraw = true
210.6872999999905	DATA	Keydown: ArrowRight
210.71970000001602	EXP	szo_kiir: autoDraw = false
210.71970000001602	EXP	szo_kiir: color = {"_rgb":[1,1,1]}
210.71970000001602	EXP	szo_kiir: text = "káder"
211.23505999997724	EXP	szo_kiir: autoDraw = true
213.09420500003034	DATA	Keydown: ArrowRight
213.11372000002302	EXP	szo_kiir: autoDraw = false
213.11372000002302	EXP	szo_kiir: color = {"_rgb":[1,1,1]}
213.11372000002302	EXP	szo_kiir: text = "viszkóz"
213.63869500003057	EXP	szo_kiir: autoDraw = true
215.45376000000397	DATA	Keydown: ArrowLeft
215.4775549999904	EXP	szo_kiir: autoDraw = false
215.4775549999904	EXP	szo_kiir: color = {"_rgb":[1,1,1]}
215.4775549999904	EXP	szo_kiir: text = "tanácskozik"
216.00432499998715	EXP	szo_kiir: autoDraw = true
217.0492100000265	DATA	Keydown: ArrowRight
217.0891999999876	EXP	szo_kiir: autoDraw = false
217.0891999999876	EXP	szo_kiir: color = {"_rgb":[1,1,1]}
217.0891999999876	EXP	szo_kiir: text = "konfirki"
217.60141000000294	EXP	szo_kiir: autoDraw = true
218.93081500002882	DATA	Keydown: ArrowRight
218.94897000002675	EXP	szo_kiir: autoDraw = false
218.94897000002675	EXP	szo_kiir: color = {"_rgb":[1,1,1]}
218.94897000002675	EXP	szo_kiir: text = "ezredmásodperc"
219.4632800000254	EXP	szo_kiir: autoDraw = true
221.6361550000147	DATA	Keydown: ArrowRight
221.6569250000175	EXP	szo_kiir: autoDraw = false
221.6569250000175	EXP	szo_kiir: color = {"_rgb":[1,1,1]}
221.6569250000175	EXP	szo_kiir: text = "felte"
222.1666049999767	EXP	szo_kiir: autoDraw = true
223.4948999999906	DATA	Keydown: ArrowLeft
223.52972500002943	EXP	szo_kiir: autoDraw = false
223.52972500002943	EXP	szo_kiir: color = {"_rgb":[1,1,1]}
223.52972500002943	EXP	szo_kiir: text = "balhézik"
224.0453550000093	EXP	szo_kiir: autoDraw = true
224.9262849999941	DATA	Keydown: ArrowRight
224.93488499999512	EXP	szo_kiir: autoDraw = false
224.93488499999512	EXP	szo_kiir: color = {"_rgb":[1,1,1]}
224.93488499999512	EXP	szo_kiir: text = "ügyenlősi"
225.44376500003273	EXP	szo_kiir: autoDraw = true
227.74344500002917	DATA	Keydown: ArrowLeft
227.78674499999033	EXP	szo_kiir: autoDraw = false
227.78674499999033	EXP	szo_kiir: color = {"_rgb":[1,1,1]}
227.78674499999033	EXP	szo_kiir: text = "műt"
228.3093649999937	EXP	szo_kiir: autoDraw = true
230.8237000000081	DATA	Keydown: ArrowRight
230.8478050000267	EXP	szo_kiir: autoDraw = false
230.8478050000267	EXP	szo_kiir: color = {"_rgb":[1,1,1]}
230.8478050000267	EXP	szo_kiir: text = "kondenzcsík"
231.36012999998638	EXP	szo_kiir: autoDraw = true
232.4730350000318	DATA	Keydown: ArrowRight
232.50149500003317	EXP	szo_kiir: autoDraw = false
232.50149500003317	EXP	szo_kiir: color = {"_rgb":[1,1,1]}
232.50149500003317	EXP	szo_kiir: text = "vakaródzik"
233.02370000001974	EXP	szo_kiir: autoDraw = true
235.28402500000084	DATA	Keydown: ArrowRight
235.30256500001997	EXP	szo_kiir: autoDraw = false
235.30256500001997	EXP	szo_kiir: color = {"_rgb":[1,1,1]}
235.30256500001997	EXP	szo_kiir: text = "mimézis"
235.83039499999722	EXP	szo_kiir: autoDraw = true
237.2080399999977	DATA	Keydown: ArrowRight
237.23874499998055	EXP	szo_kiir: autoDraw = false
237.23874499998055	EXP	szo_kiir: color = {"_rgb":[1,1,1]}
237.23874499998055	EXP	szo_kiir: text = "zomogyi"
237.76226500002667	EXP	szo_kiir: autoDraw = true
241.8279699999839	DATA	Keydown: ArrowRight
241.84674000000814	EXP	szo_kiir: autoDraw = false
241.84674000000814	EXP	szo_kiir: color = {"_rgb":[1,1,1]}
241.84674000000814	EXP	szo_kiir: text = "elegy"
242.36609500000486	EXP	szo_kiir: autoDraw = true
243.19288500002585	DATA	Keydown: ArrowRight
243.2108850000077	EXP	szo_kiir: autoDraw = false
243.2108850000077	EXP	szo_kiir: color = {"_rgb":[1,1,1]}
243.2108850000077	EXP	szo_kiir: text = "gádosíthat"
243.73119999998016	EXP	szo_kiir: autoDraw = true
247.01355999999214	DATA	Keydown: ArrowLeft
247.0529749999987	EXP	szo_kiir: autoDraw = false
247.0529749999987	EXP	szo_kiir: color = {"_rgb":[1,1,1]}
247.0529749999987	EXP	szo_kiir: text = "tesped"
247.5728549999767	EXP	szo_kiir: autoDraw = true
248.43374499998754	DATA	Keydown: ArrowRight
248.45280999998795	EXP	szo_kiir: autoDraw = false
248.45280999998795	EXP	szo_kiir: color = {"_rgb":[1,1,1]}
248.45280999998795	EXP	szo_kiir: text = "sövet"
248.97561999998288	EXP	szo_kiir: autoDraw = true
250.27009000000544	DATA	Keydown: ArrowLeft
250.30453000002308	EXP	szo_kiir: autoDraw = false
250.30453000002308	EXP	szo_kiir: color = {"_rgb":[1,1,1]}
250.30453000002308	EXP	szo_kiir: text = "dipeptid"
250.82631999999285	EXP	szo_kiir: autoDraw = true
255.25046499999007	DATA	Keydown: ArrowLeft
255.2596800000174	EXP	szo_kiir: autoDraw = false
255.2596800000174	EXP	szo_kiir: color = {"_rgb":[1,1,1]}
255.2596800000174	EXP	szo_kiir: text = "agráregyetem"
255.77072000002954	EXP	szo_kiir: autoDraw = true
257.18391500000143	DATA	Keydown: ArrowRight
257.20809500000905	EXP	szo_kiir: autoDraw = false
257.20809500000905	EXP	szo_kiir: color = {"_rgb":[1,1,1]}
257.20809500000905	EXP	szo_kiir: text = "vigyó"
257.7163699999801	EXP	szo_kiir: autoDraw = true
258.6343399999896	DATA	Keydown: ArrowLeft
258.65640999999596	EXP	szo_kiir: autoDraw = false
258.65640999999596	EXP	szo_kiir: color = {"_rgb":[1,1,1]}
258.65640999999596	EXP	szo_kiir: text = "pörkölődik"
259.17910499998834	EXP	szo_kiir: autoDraw = true
260.0992950000218	DATA	Keydown: ArrowRight
260.11310000001686	EXP	szo_kiir: autoDraw = false
260.11310000001686	EXP	szo_kiir: color = {"_rgb":[1,1,1]}
260.11310000001686	EXP	szo_kiir: text = "gerencsér"
260.62976999999955	EXP	szo_kiir: autoDraw = true
261.5915099999984	DATA	Keydown: ArrowRight
261.6249200000311	EXP	szo_kiir: autoDraw = false
261.6249200000311	EXP	szo_kiir: color = {"_rgb":[1,1,1]}
261.6249200000311	EXP	szo_kiir: text = "dögönyöz"
262.142285000009	EXP	szo_kiir: autoDraw = true
262.8739899999928	DATA	Keydown: ArrowRight
262.8926099999808	EXP	szo_kiir: autoDraw = false
262.8926099999808	EXP	szo_kiir: color = {"_rgb":[1,1,1]}
262.8926099999808	EXP	szo_kiir: text = "szemestakarmány"
263.4086050000042	EXP	szo_kiir: autoDraw = true
264.4799800000037	DATA	Keydown: ArrowRight
264.5159650000278	EXP	szo_kiir: autoDraw = false
264.5159650000278	EXP	szo_kiir: color = {"_rgb":[1,1,1]}
264.5159650000278	EXP	szo_kiir: text = "istenhozzád"
265.0296850000159	EXP	szo_kiir: autoDraw = true
266.3921599999885	DATA	Keydown: ArrowRight
266.39837499998976	EXP	szo_kiir: autoDraw = false
266.39837499998976	EXP	szo_kiir: color = {"_rgb":[1,1,1]}
266.39837499998976	EXP	szo_kiir: text = "illikázó"
266.92122499999823	EXP	szo_kiir: autoDraw = true
269.2950900000287	DATA	Keydown: ArrowLeft
269.3276300000143	EXP	szo_kiir: autoDraw = false
269.3276300000143	EXP	szo_kiir: color = {"_rgb":[1,1,1]}
269.3276300000143	EXP	szo_kiir: text = "terpad"
269.8354099999997	EXP	szo_kiir: autoDraw = true
271.3572549999808	DATA	Keydown: ArrowLeft
271.370820000011	EXP	szo_kiir: autoDraw = false
271.370820000011	EXP	szo_kiir: color = {"_rgb":[1,1,1]}
271.370820000011	EXP	szo_kiir: text = "szemtükör"
271.8873850000091	EXP	szo_kiir: autoDraw = true
274.1516900000279	DATA	Keydown: ArrowRight
274.1909549999982	EXP	szo_kiir: autoDraw = false
274.1909549999982	EXP	szo_kiir: color = {"_rgb":[1,1,1]}
274.1909549999982	EXP	szo_kiir: text = "kölönc"
274.7036049999879	EXP	szo_kiir: autoDraw = true
279.31536499998765	DATA	Keydown: ArrowLeft
279.33108000003267	EXP	szo_kiir: autoDraw = false
279.33108000003267	EXP	szo_kiir: color = {"_rgb":[1,1,1]}
279.33108000003267	EXP	szo_kiir: text = "bouillon"
279.85984500002814	EXP	szo_kiir: autoDraw = true
283.5470900000073	DATA	Keydown: ArrowRight
283.5614550000173	EXP	szo_kiir: autoDraw = false
283.5614550000173	EXP	szo_kiir: color = {"_rgb":[1,1,1]}
283.5614550000173	EXP	szo_kiir: text = "köpdös"
284.0792650000076	EXP	szo_kiir: autoDraw = true
285.1005599999917	DATA	Keydown: ArrowRight
285.11901500000386	EXP	szo_kiir: autoDraw = false
285.11901500000386	EXP	szo_kiir: color = {"_rgb":[1,1,1]}
285.11901500000386	EXP	szo_kiir: text = "megpadék"
285.62904999998864	EXP	szo_kiir: autoDraw = true
287.2298249999876	DATA	Keydown: ArrowLeft
287.2481750000152	EXP	szo_kiir: autoDraw = false
287.2481750000152	EXP	szo_kiir: color = {"_rgb":[1,1,1]}
287.2481750000152	EXP	szo_kiir: text = "organizál"
287.75611999997636	EXP	szo_kiir: autoDraw = true
289.42846000002464	DATA	Keydown: ArrowRight
289.4649900000077	EXP	szo_kiir: autoDraw = false
289.4649900000077	EXP	szo_kiir: color = {"_rgb":[1,1,1]}
289.4649900000077	EXP	szo_kiir: text = "vabank"
289.9906300000148	EXP	szo_kiir: autoDraw = true
291.4703599999775	DATA	Keydown: ArrowLeft
291.48542500002077	EXP	szo_kiir: autoDraw = false
291.48542500002077	EXP	szo_kiir: color = {"_rgb":[1,1,1]}
291.48542500002077	EXP	szo_kiir: text = "kurtít"
292.0159199999762	EXP	szo_kiir: autoDraw = true
293.75182000000495	DATA	Keydown: ArrowRight
293.7664850000292	EXP	szo_kiir: autoDraw = false
293.7664850000292	EXP	szo_kiir: color = {"_rgb":[1,1,1]}
293.7664850000292	EXP	szo_kiir: text = "cizellál"
294.2807700000121	EXP	szo_kiir: autoDraw = true
295.5312050000066	DATA	Keydown: ArrowRight
295.56099999998696	EXP	szo_kiir: autoDraw = false
295.56099999998696	EXP	szo_kiir: color = {"_rgb":[1,1,1]}
295.56099999998696	EXP	szo_kiir: text = "budavirág"
296.0889999999781	EXP	szo_kiir: autoDraw = true
297.7988250000053	DATA	Keydown: ArrowRight
297.82254000002285	EXP	szo_kiir: autoDraw = false
297.82254000002285	EXP	szo_kiir: color = {"_rgb":[1,1,1]}
297.82254000002285	EXP	szo_kiir: text = "szolmizál"
298.33361500001047	EXP	szo_kiir: autoDraw = true
299.33765499998117	DATA	Keydown: ArrowRight
299.3655250000302	EXP	szo_kiir: autoDraw = false
299.3655250000302	EXP	szo_kiir: color = {"_rgb":[1,1,1]}
299.3655250000302	EXP	szo_kiir: text = "novagár"
299.8922500000335	EXP	szo_kiir: autoDraw = true
300.68824500002665	DATA	Keydown: ArrowRight
300.7079200000153	EXP	szo_kiir: autoDraw = false
300.7079200000153	EXP	szo_kiir: color = {"_rgb":[1,1,1]}
300.7079200000153	EXP	szo_kiir: text = "kardorrú"
301.2294750000001	EXP	szo_kiir: autoDraw = true
302.1669000000111	DATA	Keydown: ArrowRight
302.1851349999779	EXP	szo_kiir: autoDraw = false
302.1851349999779	EXP	szo_kiir: color = {"_rgb":[1,1,1]}
302.1851349999779	EXP	szo_kiir: text = "prografej"
302.7071049999795	EXP	szo_kiir: autoDraw = true
308.8715000000084	DATA	Keydown: ArrowLeft
308.91597000003094	EXP	szo_kiir: autoDraw = false
308.91597000003094	EXP	szo_kiir: color = {"_rgb":[1,1,1]}
308.91597000003094	EXP	szo_kiir: text = "szubvencionál"
309.4254349999828	EXP	szo_kiir: autoDraw = true
311.73029500001576	DATA	Keydown: ArrowRight
311.7484650000115	EXP	szo_kiir: autoDraw = false
311.7484650000115	EXP	szo_kiir: color = {"_rgb":[1,1,1]}
311.7484650000115	EXP	szo_kiir: text = "expresszlevél"
312.2650600000052	EXP	szo_kiir: autoDraw = true
314.33886000001803	DATA	Keydown: ArrowRight
314.3577350000269	EXP	szo_kiir: autoDraw = false
314.3577350000269	EXP	szo_kiir: color = {"_rgb":[1,1,1]}
314.3577350000269	EXP	szo_kiir: text = "hejehujázik"
314.8698250000016	EXP	szo_kiir: autoDraw = true
316.18330000003334	DATA	Keydown: ArrowRight
316.206520000007	EXP	szo_kiir: autoDraw = false
316.206520000007	EXP	szo_kiir: color = {"_rgb":[1,1,1]}
316.206520000007	EXP	szo_kiir: text = "frakcionál"
316.7170599999954	EXP	szo_kiir: autoDraw = true
317.6542200000258	DATA	Keydown: ArrowRight
317.6896650000126	EXP	szo_kiir: autoDraw = false
317.6896650000126	EXP	szo_kiir: color = {"_rgb":[1,1,1]}
317.6896650000126	EXP	szo_kiir: text = "legyszekli"
318.21010500000557	EXP	szo_kiir: autoDraw = true
319.32646000001114	DATA	Keydown: ArrowRight
319.3429999999935	EXP	szo_kiir: autoDraw = false
319.3429999999935	EXP	szo_kiir: color = {"_rgb":[1,1,1]}
319.3429999999935	EXP	szo_kiir: text = "korrektúrázik"
319.86401999997906	EXP	szo_kiir: autoDraw = true
321.00474000000395	DATA	Keydown: ArrowRight
321.02286999998614	EXP	szo_kiir: autoDraw = false
321.02286999998614	EXP	szo_kiir: color = {"_rgb":[1,1,1]}
321.02286999998614	EXP	szo_kiir: text = "elméskedik"
321.53353000001516	EXP	szo_kiir: autoDraw = true
322.52678499999456	DATA	Keydown: ArrowRight
322.5558450000244	EXP	szo_kiir: autoDraw = false
322.5558450000244	EXP	szo_kiir: color = {"_rgb":[1,1,1]}
322.5558450000244	EXP	szo_kiir: text = "garn"
323.07936000003247	EXP	szo_kiir: autoDraw = true
324.2078900000197	DATA	Keydown: ArrowLeft
324.23314000002574	EXP	szo_kiir: autoDraw = false
324.23314000002574	EXP	szo_kiir: color = {"_rgb":[1,1,1]}
324.23314000002574	EXP	szo_kiir: text = "makranc"
324.757024999999	EXP	szo_kiir: autoDraw = true
326.2131599999848	DATA	Keydown: ArrowRight
326.2446099999943	EXP	szo_kiir: autoDraw = false
326.2446099999943	EXP	szo_kiir: color = {"_rgb":[1,1,1]}
326.2446099999943	EXP	szo_kiir: text = "sallárium"
326.7598800000269	EXP	szo_kiir: autoDraw = true
327.946884999983	DATA	Keydown: ArrowLeft
327.9646950000315	EXP	szo_kiir: autoDraw = false
327.9646950000315	EXP	szo_kiir: color = {"_rgb":[1,1,1]}
327.9646950000315	EXP	szo_kiir: text = "elcsigázódik"
328.48521499999333	EXP	szo_kiir: autoDraw = true
329.34505000000354	DATA	Keydown: ArrowRight
329.36205499997595	EXP	szo_kiir: autoDraw = false
329.36205499997595	EXP	szo_kiir: color = {"_rgb":[1,1,1]}
329.36205499997595	EXP	szo_kiir: text = "dumcsoska"
329.872629999998	EXP	szo_kiir: autoDraw = true
331.4854550000164	DATA	Keydown: ArrowLeft
331.51381999999285	EXP	szo_kiir: autoDraw = false
331.51381999999285	EXP	szo_kiir: color = {"_rgb":[1,1,1]}
331.51381999999285	EXP	szo_kiir: text = "rojtoz"
332.0214949999936	EXP	szo_kiir: autoDraw = true
333.01930500002345	DATA	Keydown: ArrowRight
333.0247700000182	EXP	szo_kiir: autoDraw = false
333.0247700000182	EXP	szo_kiir: color = {"_rgb":[1,1,1]}
333.0247700000182	EXP	szo_kiir: text = "kosi"
333.5361649999977	EXP	szo_kiir: autoDraw = true
334.6102050000336	DATA	Keydown: ArrowLeft
334.64153999998234	EXP	szo_kiir: autoDraw = false
334.64153999998234	EXP	szo_kiir: color = {"_rgb":[1,1,1]}
334.64153999998234	EXP	szo_kiir: text = "antikommutatív"
335.16425000003073	EXP	szo_kiir: autoDraw = true
336.7495849999832	DATA	Keydown: ArrowRight
336.7548999999999	EXP	szo_kiir: autoDraw = false
336.7548999999999	EXP	szo_kiir: color = {"_rgb":[1,1,1]}
336.7548999999999	EXP	szo_kiir: text = "lublika"
337.2663000000175	EXP	szo_kiir: autoDraw = true
338.1772849999834	DATA	Keydown: ArrowLeft
338.2086750000017	EXP	szo_kiir: autoDraw = false
338.2086750000017	EXP	szo_kiir: color = {"_rgb":[1,1,1]}
338.2086750000017	EXP	szo_kiir: text = "rosítottsi"
338.7283199999947	EXP	szo_kiir: autoDraw = true
339.995195000025	DATA	Keydown: ArrowLeft
340.02198000001954	EXP	szo_kiir: autoDraw = false
340.02198000001954	EXP	szo_kiir: color = {"_rgb":[1,1,1]}
340.02198000001954	EXP	szo_kiir: text = "aximai"
340.5305299999891	EXP	szo_kiir: autoDraw = true
341.95367000001715	DATA	Keydown: ArrowLeft
341.9872300000279	EXP	szo_kiir: autoDraw = false
341.9872300000279	EXP	szo_kiir: color = {"_rgb":[1,1,1]}
341.9872300000279	EXP	szo_kiir: text = "kíványozhat"
342.4965599999996	EXP	szo_kiir: autoDraw = true
345.121679999982	DATA	Keydown: ArrowLeft
345.1403200000059	EXP	szo_kiir: autoDraw = false
345.1403200000059	EXP	szo_kiir: color = {"_rgb":[1,1,1]}
345.1403200000059	EXP	szo_kiir: text = "degusztál"
345.65814499999397	EXP	szo_kiir: autoDraw = true
347.53701999998884	DATA	Keydown: ArrowLeft
347.55323000001954	EXP	szo_kiir: autoDraw = false
347.55323000001954	EXP	szo_kiir: color = {"_rgb":[1,1,1]}
347.55323000001954	EXP	szo_kiir: text = "püffeszt"
348.07388999999966	EXP	szo_kiir: autoDraw = true
348.9021800000337	DATA	Keydown: ArrowRight
348.93275999999605	EXP	szo_kiir: autoDraw = false
348.93275999999605	EXP	koszi_szoveg: autoDraw = true
