0.23828499999945052	EXP	Created Window = Window( name=Window, fullscr=true, color=#000000, units=norm, waitBlanking=true, autoLog=true, size=[1584,740] )
6.870859999995446	DATA	Keydown: 1
9.058890000000247	DATA	Keydown: undefined
16.250944999999774	DATA	Keydown: f
17.383139999998093	DATA	Keydown: é
18.46063999999751	DATA	Keydown: r
18.47239499999705	DATA	Keydown: 5
18.69079000000056	DATA	Keydown: f
20.009180000000924	DATA	Keydown: Pause
20.02668999999878	DATA	Keydown: Backspace
20.21001499999693	DATA	Keydown: Pause
20.226299999994808	DATA	Keydown: Backspace
20.411549999997078	DATA	Keydown: i
24.365649999999732	DATA	Keydown: 1
25.305670000001555	DATA	Keydown: 9
25.693114999994577	DATA	Keydown: 8
27.79731499999616	DATA	Keydown: ,
30.142540000000736	DATA	Keydown: Backspace
31.412680000001274	DATA	Keydown: 3
32.67871000000014	DATA	Keydown: ,
34.34749999999622	DATA	Keydown: 0
34.88295500000095	DATA	Keydown: 4
35.492419999995036	DATA	Keydown: ,
36.53342999999586	DATA	Keydown: 1
37.147814999996626	DATA	Keydown: 7
42.1895399999994	DATA	Keydown: 1
43.00662999999622	DATA	Keydown: 6
45.756094999997	EXP	Created instruction_text1 = TextStim( name=instruction_text1, win=Window( name=Window, fullscr=true, color=#000000, ~), autoDraw=null, autoLog=true, units=norm, ori=null, opacity=1, pos=[0,0], size=undefined, text=Ön most szavakat fog látni.

Ezek között lesznek o~, font=Arial, color=#ffffff, contrast=1, height=0.05, bold=null, italic=null, alignHoriz=left, alignVert=center, wrapWidth=1, flipHoriz=null, flipVert=null )
45.76380000000063	EXP	Created instruction_text2 = TextStim( name=instruction_text2, win=Window( name=Window, fullscr=true, color=#000000, ~), autoDraw=null, autoLog=true, units=norm, ori=null, opacity=1, pos=[0,0], size=undefined, text=Először két egyszerű példát mutatunk Önnek.

Az el~, font=Arial, color=#FFFFFF, contrast=1, height=0.05, bold=null, italic=null, alignHoriz=left, alignVert=center, wrapWidth=1, flipHoriz=null, flipVert=null )
45.76527499999793	EXP	Created show_text = TextStim( name=show_text, win=Window( name=Window, fullscr=true, color=#000000, ~), autoDraw=null, autoLog=true, units=norm, ori=null, opacity=1, pos=[0,0], size=undefined, text=asztal, font=Arial, color=#FFFFFF, contrast=1, height=0.2, bold=null, italic=null, alignHoriz=left, alignVert=center, wrapWidth=1, flipHoriz=null, flipVert=null )
45.76642500000162	EXP	Created text = TextStim( name=text, win=Window( name=Window, fullscr=true, color=#000000, ~), autoDraw=null, autoLog=true, units=norm, ori=null, opacity=1, pos=[0,0], size=undefined, text=bzsmfsztal, font=Arial, color=#FFFFFF, contrast=1, height=0.2, bold=null, italic=null, alignHoriz=left, alignVert=center, wrapWidth=1, flipHoriz=null, flipVert=null )
45.767784999996366	EXP	Created instruction_text3 = TextStim( name=instruction_text3, win=Window( name=Window, fullscr=true, color=#000000, ~), autoDraw=null, autoLog=true, units=norm, ori=null, opacity=1, pos=[0,0], size=undefined, text=Pazar. Most kezdődik az igazi kísérlet. Néhány per~, font=Arial, color=#FFFFFF, contrast=1, height=0.1, bold=null, italic=null, alignHoriz=left, alignVert=center, wrapWidth=1, flipHoriz=null, flipVert=null )
45.769249999997555	EXP	Created szo_kiir = TextStim( name=szo_kiir, win=Window( name=Window, fullscr=true, color=#000000, ~), autoDraw=null, autoLog=true, units=norm, ori=null, opacity=1, pos=[0,0], size=undefined, text=default text, font=Arial, color=#FFFFFF, contrast=1, height=0.2, bold=null, italic=null, alignHoriz=left, alignVert=center, wrapWidth=1, flipHoriz=null, flipVert=null )
45.770339999995485	EXP	Created koszi_szoveg = TextStim( name=koszi_szoveg, win=Window( name=Window, fullscr=true, color=#000000, ~), autoDraw=null, autoLog=true, units=norm, ori=null, opacity=1, pos=[0,0], size=undefined, text=Vége a kísérletnek. Köszönjük a részvételt!, font=arial, color=#ffffff, contrast=1, height=0.1, bold=null, italic=null, alignHoriz=left, alignVert=center, wrapWidth=1, flipHoriz=null, flipVert=null )
45.83229500000016	EXP	instruction_text1: units = "norm"
45.83229500000016	EXP	instruction_text1: ori = 0
45.83229500000016	EXP	instruction_text1: opacity = 1
45.83229500000016	EXP	instruction_text1: pos = [0,0]
45.83229500000016	EXP	instruction_text1: size = undefined
45.83229500000016	EXP	instruction_text1: text = "Ön most szavakat fog látni.\n\nEzek között lesznek olyanok, amelyeket ismer, de előfordulhatnak olyanok is, amelyeket nem ismer, sőt, vannak köztük kitalált szavak is. \n\nKérjük, ha ismeri a képernyőn látható szót, nyomja meg a JOBB kurzorbillentyűt.\nKérjük, ha NEM ismeri a képernyőn látható szót, vagy azt gondolja, nincs ilyen szó a magyarban, nyomja meg a BAL kurzorbillentyűt.\n\nAz 'Ismerem a szót' döntés itt most ezt jelenti: találkoztam már vele, és van valami elképzelésem a jelentéséről is.  \n\nNyomjon meg bármilyen billentyűt a folytatáshoz."
45.83229500000016	EXP	instruction_text1: font = "Arial"
45.83229500000016	EXP	instruction_text1: color = {"_rgb":[1,1,1]}
45.83229500000016	EXP	instruction_text1: contrast = 1
45.83229500000016	EXP	instruction_text1: height = 0.05
45.83229500000016	EXP	instruction_text1: bold = false
45.83229500000016	EXP	instruction_text1: italic = false
45.83229500000016	EXP	instruction_text1: alignHoriz = "left"
45.83229500000016	EXP	instruction_text1: alignVert = "center"
45.83229500000016	EXP	instruction_text1: wrapWidth = 1
45.83229500000016	EXP	instruction_text1: flipHoriz = false
45.83229500000016	EXP	instruction_text1: flipVert = false
45.83229500000016	EXP	instruction_text2: units = "norm"
45.83229500000016	EXP	instruction_text2: ori = 0
45.83229500000016	EXP	instruction_text2: opacity = 1
45.83229500000016	EXP	instruction_text2: pos = [0,0]
45.83229500000016	EXP	instruction_text2: size = undefined
45.83229500000016	EXP	instruction_text2: text = "Először két egyszerű példát mutatunk Önnek.\n\nAz első szó létezik a magyarban, és valószínűleg Ön is ismeri. Itt nyomja majd meg a jobb kurzorbillentyűt.\nA második szó nem létezik a magyar nyelvben. Itt nyomja majd meg a bal kurzorbillentyűt.\n\nFontos, hogy a jobb gombot a jobb kezével, a bal gombot a bal kezével nyomja, ha tudja, és ne egy kezét használja a kísérletben.\n\nNyomjon meg bármilyen gombot a folytatáshoz."
45.83229500000016	EXP	instruction_text2: font = "Arial"
45.83229500000016	EXP	instruction_text2: color = {"_hex":"#FFFFFF","_rgb":[1,1,1]}
45.83229500000016	EXP	instruction_text2: contrast = 1
45.83229500000016	EXP	instruction_text2: height = 0.05
45.83229500000016	EXP	instruction_text2: bold = false
45.83229500000016	EXP	instruction_text2: italic = false
45.83229500000016	EXP	instruction_text2: alignHoriz = "left"
45.83229500000016	EXP	instruction_text2: alignVert = "center"
45.83229500000016	EXP	instruction_text2: wrapWidth = 1
45.83229500000016	EXP	instruction_text2: flipHoriz = false
45.83229500000016	EXP	instruction_text2: flipVert = false
45.83229500000016	EXP	show_text: units = "norm"
45.83229500000016	EXP	show_text: ori = 0
45.83229500000016	EXP	show_text: opacity = 1
45.83229500000016	EXP	show_text: pos = [0,0]
45.83229500000016	EXP	show_text: size = undefined
45.83229500000016	EXP	show_text: text = "asztal"
45.83229500000016	EXP	show_text: font = "Arial"
45.83229500000016	EXP	show_text: color = {"_hex":"#FFFFFF","_rgb":[1,1,1]}
45.83229500000016	EXP	show_text: contrast = 1
45.83229500000016	EXP	show_text: height = 0.2
45.83229500000016	EXP	show_text: bold = false
45.83229500000016	EXP	show_text: italic = false
45.83229500000016	EXP	show_text: alignHoriz = "left"
45.83229500000016	EXP	show_text: alignVert = "center"
45.83229500000016	EXP	show_text: wrapWidth = 1
45.83229500000016	EXP	show_text: flipHoriz = false
45.83229500000016	EXP	show_text: flipVert = false
45.83229500000016	EXP	text: units = "norm"
45.83229500000016	EXP	text: ori = 0
45.83229500000016	EXP	text: opacity = 1
45.83229500000016	EXP	text: pos = [0,0]
45.83229500000016	EXP	text: size = undefined
45.83229500000016	EXP	text: text = "bzsmfsztal"
45.83229500000016	EXP	text: font = "Arial"
45.83229500000016	EXP	text: color = {"_hex":"#FFFFFF","_rgb":[1,1,1]}
45.83229500000016	EXP	text: contrast = 1
45.83229500000016	EXP	text: height = 0.2
45.83229500000016	EXP	text: bold = false
45.83229500000016	EXP	text: italic = false
45.83229500000016	EXP	text: alignHoriz = "left"
45.83229500000016	EXP	text: alignVert = "center"
45.83229500000016	EXP	text: wrapWidth = 1
45.83229500000016	EXP	text: flipHoriz = false
45.83229500000016	EXP	text: flipVert = false
45.83229500000016	EXP	instruction_text3: units = "norm"
45.83229500000016	EXP	instruction_text3: ori = 0
45.83229500000016	EXP	instruction_text3: opacity = 1
45.83229500000016	EXP	instruction_text3: pos = [0,0]
45.83229500000016	EXP	instruction_text3: size = undefined
45.83229500000016	EXP	instruction_text3: text = "Pazar. Most kezdődik az igazi kísérlet. Néhány percig fog tartani. Nem kell nagyon sietnie, de igyekezzen gyorsan válaszolni.\n\nNe feledje, ha tudja, a jobb gombot a jobbkezével, a bal gombot a balkezével nyomja le.\n\nNyomjon meg bármilyen gombot a folytatáshoz."
45.83229500000016	EXP	instruction_text3: font = "Arial"
45.83229500000016	EXP	instruction_text3: color = {"_hex":"#FFFFFF","_rgb":[1,1,1]}
45.83229500000016	EXP	instruction_text3: contrast = 1
45.83229500000016	EXP	instruction_text3: height = 0.1
45.83229500000016	EXP	instruction_text3: bold = false
45.83229500000016	EXP	instruction_text3: italic = false
45.83229500000016	EXP	instruction_text3: alignHoriz = "left"
45.83229500000016	EXP	instruction_text3: alignVert = "center"
45.83229500000016	EXP	instruction_text3: wrapWidth = 1
45.83229500000016	EXP	instruction_text3: flipHoriz = false
45.83229500000016	EXP	instruction_text3: flipVert = false
45.83229500000016	EXP	szo_kiir: units = "norm"
45.83229500000016	EXP	szo_kiir: ori = 0
45.83229500000016	EXP	szo_kiir: opacity = 1
45.83229500000016	EXP	szo_kiir: pos = [0,0]
45.83229500000016	EXP	szo_kiir: size = undefined
45.83229500000016	EXP	szo_kiir: text = "default text"
45.83229500000016	EXP	szo_kiir: font = "Arial"
45.83229500000016	EXP	szo_kiir: color = {"_hex":"#FFFFFF","_rgb":[1,1,1]}
45.83229500000016	EXP	szo_kiir: contrast = 1
45.83229500000016	EXP	szo_kiir: height = 0.2
45.83229500000016	EXP	szo_kiir: bold = false
45.83229500000016	EXP	szo_kiir: italic = false
45.83229500000016	EXP	szo_kiir: alignHoriz = "left"
45.83229500000016	EXP	szo_kiir: alignVert = "center"
45.83229500000016	EXP	szo_kiir: wrapWidth = 1
45.83229500000016	EXP	szo_kiir: flipHoriz = false
45.83229500000016	EXP	szo_kiir: flipVert = false
45.83229500000016	EXP	koszi_szoveg: units = "norm"
45.83229500000016	EXP	koszi_szoveg: ori = 0
45.83229500000016	EXP	koszi_szoveg: opacity = 1
45.83229500000016	EXP	koszi_szoveg: pos = [0,0]
45.83229500000016	EXP	koszi_szoveg: size = undefined
45.83229500000016	EXP	koszi_szoveg: text = "Vége a kísérletnek. Köszönjük a részvételt!"
45.83229500000016	EXP	koszi_szoveg: font = "arial"
45.83229500000016	EXP	koszi_szoveg: color = {"_rgb":[1,1,1]}
45.83229500000016	EXP	koszi_szoveg: contrast = 1
45.83229500000016	EXP	koszi_szoveg: height = 0.1
45.83229500000016	EXP	koszi_szoveg: bold = false
45.83229500000016	EXP	koszi_szoveg: italic = false
45.83229500000016	EXP	koszi_szoveg: alignHoriz = "left"
45.83229500000016	EXP	koszi_szoveg: alignVert = "center"
45.83229500000016	EXP	koszi_szoveg: wrapWidth = 1
45.83229500000016	EXP	koszi_szoveg: flipHoriz = false
45.83229500000016	EXP	koszi_szoveg: flipVert = false
45.83229500000016	EXP	instruction_text1: autoDraw = true
90.52417499999865	DATA	Keydown:  
90.56468999999925	EXP	instruction_text1: autoDraw = false
90.56468999999925	EXP	instruction_text2: autoDraw = true
139.92200999999477	DATA	Mouse: 2 button down, pos=(947,702)
139.922504999995	DATA	Mouse: 2 button down, pos=(947,702)
143.02040999999736	DATA	Mouse: 0 button down, pos=(923,644)
143.13813500000106	DATA	Mouse: 0 button down, pos=(923,644)
143.55922499999724	DATA	Mouse: 2 button down, pos=(923,644)
143.59064499999658	DATA	Mouse: 2 button down, pos=(923,644)
147.07180499999959	DATA	Mouse: 0 button down, pos=(902,633)
147.18772499999614	DATA	Mouse: 0 button down, pos=(902,633)
147.75644499999908	DATA	Keydown:  
147.7694100000008	EXP	instruction_text2: autoDraw = false
148.32275500000105	EXP	show_text: autoDraw = true
151.02960499999608	DATA	Mouse: 2 button down, pos=(902,633)
151.0621600000013	DATA	Mouse: 2 button down, pos=(902,633)
153.00154499999917	DATA	Mouse: 0 button down, pos=(877,602)
153.122374999999	DATA	Mouse: 0 button down, pos=(877,602)
153.82241000000067	DATA	Keydown: ArrowRight
153.83662499999627	EXP	show_text: autoDraw = false
154.35604999999487	EXP	text: autoDraw = true
155.46114999999554	DATA	Keydown: ArrowLeft
155.53548500000034	EXP	text: autoDraw = false
155.53548500000034	EXP	instruction_text3: autoDraw = true
176.2685399999973	DATA	Keydown: ArrowRight
176.44921500000055	EXP	instruction_text3: autoDraw = false
176.44921500000055	EXP	szo_kiir: color = {"_rgb":[1,1,1]}
176.44921500000055	EXP	szo_kiir: text = "szigon"
176.96285499999794	EXP	szo_kiir: autoDraw = true
178.9852400000018	DATA	Keydown: ArrowLeft
178.9927549999993	EXP	szo_kiir: autoDraw = false
178.9927549999993	EXP	szo_kiir: color = {"_rgb":[1,1,1]}
178.9927549999993	EXP	szo_kiir: text = "szeptember"
179.51701499999763	EXP	szo_kiir: autoDraw = true
180.2792849999969	DATA	Keydown: ArrowRight
180.35981499999616	EXP	szo_kiir: autoDraw = false
180.35981499999616	EXP	szo_kiir: color = {"_rgb":[1,1,1]}
180.35981499999616	EXP	szo_kiir: text = "speciális"
180.87294499999552	EXP	szo_kiir: autoDraw = true
181.64972000000125	DATA	Keydown: ArrowRight
181.6632649999956	EXP	szo_kiir: autoDraw = false
181.6632649999956	EXP	szo_kiir: color = {"_rgb":[1,1,1]}
181.6632649999956	EXP	szo_kiir: text = "digitális"
182.17351000000053	EXP	szo_kiir: autoDraw = true
182.86992499999906	DATA	Keydown: ArrowRight
182.9311000000016	EXP	szo_kiir: autoDraw = false
182.9311000000016	EXP	szo_kiir: color = {"_rgb":[1,1,1]}
182.9311000000016	EXP	szo_kiir: text = "tetszik"
183.44348000000173	EXP	szo_kiir: autoDraw = true
184.08788999999524	DATA	Keydown: ArrowRight
184.10260500000004	EXP	szo_kiir: autoDraw = false
184.10260500000004	EXP	szo_kiir: color = {"_rgb":[1,1,1]}
184.10260500000004	EXP	szo_kiir: text = "gép"
184.60713499999838	EXP	szo_kiir: autoDraw = true
185.1432749999949	DATA	Keydown: ArrowRight
185.22907499999565	EXP	szo_kiir: autoDraw = false
185.22907499999565	EXP	szo_kiir: color = {"_rgb":[1,1,1]}
185.22907499999565	EXP	szo_kiir: text = "üvesi"
185.7514699999956	EXP	szo_kiir: autoDraw = true
186.8171399999992	DATA	Keydown: ArrowLeft
186.83069499999692	EXP	szo_kiir: autoDraw = false
186.83069499999692	EXP	szo_kiir: color = {"_rgb":[1,1,1]}
186.83069499999692	EXP	szo_kiir: text = "plusz"
187.35384499999782	EXP	szo_kiir: autoDraw = true
188.09193999999843	DATA	Keydown: ArrowRight
188.10955000000104	EXP	szo_kiir: autoDraw = false
188.10955000000104	EXP	szo_kiir: color = {"_rgb":[1,1,1]}
188.10955000000104	EXP	szo_kiir: text = "komplex"
188.62341999999626	EXP	szo_kiir: autoDraw = true
189.99995499999932	DATA	Keydown: ArrowRight
190.00597500000003	EXP	szo_kiir: autoDraw = false
190.00597500000003	EXP	szo_kiir: color = {"_rgb":[1,1,1]}
190.00597500000003	EXP	szo_kiir: text = "méresedik"
190.52940500000113	EXP	szo_kiir: autoDraw = true
192.77393999999913	DATA	Keydown: ArrowLeft
192.80782999999792	EXP	szo_kiir: autoDraw = false
192.80782999999792	EXP	szo_kiir: color = {"_rgb":[1,1,1]}
192.80782999999792	EXP	szo_kiir: text = "üveg"
193.3191399999996	EXP	szo_kiir: autoDraw = true
193.98508999999467	DATA	Keydown: ArrowRight
194.00008499999967	EXP	szo_kiir: autoDraw = false
194.00008499999967	EXP	szo_kiir: color = {"_rgb":[1,1,1]}
194.00008499999967	EXP	szo_kiir: text = "bír"
194.52396500000032	EXP	szo_kiir: autoDraw = true
195.1921199999997	DATA	Keydown: ArrowRight
195.22836999999708	EXP	szo_kiir: autoDraw = false
195.22836999999708	EXP	szo_kiir: color = {"_rgb":[1,1,1]}
195.22836999999708	EXP	szo_kiir: text = "kampány"
195.7450899999967	EXP	szo_kiir: autoDraw = true
196.29455999999482	DATA	Keydown: ArrowRight
196.30688499999815	EXP	szo_kiir: autoDraw = false
196.30688499999815	EXP	szo_kiir: color = {"_rgb":[1,1,1]}
196.30688499999815	EXP	szo_kiir: text = "réteg"
196.82920999999624	EXP	szo_kiir: autoDraw = true
197.35442499999772	DATA	Keydown: ArrowRight
197.40795499999513	EXP	szo_kiir: autoDraw = false
197.40795499999513	EXP	szo_kiir: color = {"_rgb":[1,1,1]}
197.40795499999513	EXP	szo_kiir: text = "felsőfokú"
197.91935499999818	EXP	szo_kiir: autoDraw = true
198.78235499999573	DATA	Keydown: ArrowRight
198.7969449999946	EXP	szo_kiir: autoDraw = false
198.7969449999946	EXP	szo_kiir: color = {"_rgb":[1,1,1]}
198.7969449999946	EXP	szo_kiir: text = "pohár"
199.3020899999974	EXP	szo_kiir: autoDraw = true
199.81837999999698	DATA	Keydown: ArrowRight
199.86496999999508	EXP	szo_kiir: autoDraw = false
199.86496999999508	EXP	szo_kiir: color = {"_rgb":[1,1,1]}
199.86496999999508	EXP	szo_kiir: text = "reagál"
200.37517999999545	EXP	szo_kiir: autoDraw = true
200.83746999999858	DATA	Keydown: ArrowRight
200.85515499999747	EXP	szo_kiir: autoDraw = false
200.85515499999747	EXP	szo_kiir: color = {"_rgb":[1,1,1]}
200.85515499999747	EXP	szo_kiir: text = "lábtörög"
201.3790699999954	EXP	szo_kiir: autoDraw = true
202.89360499999748	DATA	Keydown: ArrowLeft
202.93649500000174	EXP	szo_kiir: autoDraw = false
202.93649500000174	EXP	szo_kiir: color = {"_rgb":[1,1,1]}
202.93649500000174	EXP	szo_kiir: text = "gyűjtemény"
203.45292499999778	EXP	szo_kiir: autoDraw = true
204.11959999999817	DATA	Keydown: ArrowRight
204.12948999999935	EXP	szo_kiir: autoDraw = false
204.12948999999935	EXP	szo_kiir: color = {"_rgb":[1,1,1]}
204.12948999999935	EXP	szo_kiir: text = "szethetősi"
204.65387999999803	EXP	szo_kiir: autoDraw = true
206.20758999999816	DATA	Keydown: ArrowLeft
206.25307999999495	EXP	szo_kiir: autoDraw = false
206.25307999999495	EXP	szo_kiir: color = {"_rgb":[1,1,1]}
206.25307999999495	EXP	szo_kiir: text = "szelíd"
206.7746599999955	EXP	szo_kiir: autoDraw = true
207.50626499999635	DATA	Keydown: ArrowRight
207.5219649999999	EXP	szo_kiir: autoDraw = false
207.5219649999999	EXP	szo_kiir: color = {"_rgb":[1,1,1]}
207.5219649999999	EXP	szo_kiir: text = "nagyarnák"
208.04930999999488	EXP	szo_kiir: autoDraw = true
209.21983499999624	DATA	Keydown: ArrowLeft
209.2401400000017	EXP	szo_kiir: autoDraw = false
209.2401400000017	EXP	szo_kiir: color = {"_rgb":[1,1,1]}
209.2401400000017	EXP	szo_kiir: text = "törékeny"
209.74981000000116	EXP	szo_kiir: autoDraw = true
210.7578949999952	DATA	Keydown: ArrowRight
210.7644450000007	EXP	szo_kiir: autoDraw = false
210.7644450000007	EXP	szo_kiir: color = {"_rgb":[1,1,1]}
210.7644450000007	EXP	szo_kiir: text = "sivirányi"
211.2714399999968	EXP	szo_kiir: autoDraw = true
212.53871999999683	DATA	Keydown: ArrowLeft
212.57998999999836	EXP	szo_kiir: autoDraw = false
212.57998999999836	EXP	szo_kiir: color = {"_rgb":[1,1,1]}
212.57998999999836	EXP	szo_kiir: text = "utalvány"
213.09270499999548	EXP	szo_kiir: autoDraw = true
214.4103399999949	DATA	Keydown: ArrowRight
214.4248299999963	EXP	szo_kiir: autoDraw = false
214.4248299999963	EXP	szo_kiir: color = {"_rgb":[1,1,1]}
214.4248299999963	EXP	szo_kiir: text = "hossz"
214.94251499999518	EXP	szo_kiir: autoDraw = true
215.99720499999967	DATA	Keydown: ArrowRight
216.03927000000112	EXP	szo_kiir: autoDraw = false
216.03927000000112	EXP	szo_kiir: color = {"_rgb":[1,1,1]}
216.03927000000112	EXP	szo_kiir: text = "kulináris"
216.55282499999885	EXP	szo_kiir: autoDraw = true
218.2230950000012	DATA	Keydown: ArrowRight
218.23709999999846	EXP	szo_kiir: autoDraw = false
218.23709999999846	EXP	szo_kiir: color = {"_rgb":[1,1,1]}
218.23709999999846	EXP	szo_kiir: text = "had"
218.75849000000017	EXP	szo_kiir: autoDraw = true
220.90143499999976	DATA	Keydown: ArrowRight
220.93754500000068	EXP	szo_kiir: autoDraw = false
220.93754500000068	EXP	szo_kiir: color = {"_rgb":[1,1,1]}
220.93754500000068	EXP	szo_kiir: text = "hajlik"
221.44896000000153	EXP	szo_kiir: autoDraw = true
222.43122500000027	DATA	Keydown: ArrowRight
222.44616999999562	EXP	szo_kiir: autoDraw = false
222.44616999999562	EXP	szo_kiir: color = {"_rgb":[1,1,1]}
222.44616999999562	EXP	szo_kiir: text = "zártkörű"
222.95396999999502	EXP	szo_kiir: autoDraw = true
223.79266500000085	DATA	Keydown: ArrowRight
223.84338500000013	EXP	szo_kiir: autoDraw = false
223.84338500000013	EXP	szo_kiir: color = {"_rgb":[1,1,1]}
223.84338500000013	EXP	szo_kiir: text = "munkálkodik"
224.36036999999487	EXP	szo_kiir: autoDraw = true
225.50082999999722	DATA	Keydown: ArrowRight
225.50625999999465	EXP	szo_kiir: autoDraw = false
225.50625999999465	EXP	szo_kiir: color = {"_rgb":[1,1,1]}
225.50625999999465	EXP	szo_kiir: text = "numer"
226.0289550000016	EXP	szo_kiir: autoDraw = true
227.02880999999616	DATA	Keydown: ArrowLeft
227.07365999999456	EXP	szo_kiir: autoDraw = false
227.07365999999456	EXP	szo_kiir: color = {"_rgb":[1,1,1]}
227.07365999999456	EXP	szo_kiir: text = "napkollektor"
227.58358999999473	EXP	szo_kiir: autoDraw = true
228.3880649999992	DATA	Keydown: ArrowRight
228.3978849999985	EXP	szo_kiir: autoDraw = false
228.3978849999985	EXP	szo_kiir: color = {"_rgb":[1,1,1]}
228.3978849999985	EXP	szo_kiir: text = "bámérő"
228.923904999996	EXP	szo_kiir: autoDraw = true
230.24109499999759	DATA	Keydown: ArrowLeft
230.28628999999637	EXP	szo_kiir: autoDraw = false
230.28628999999637	EXP	szo_kiir: color = {"_rgb":[1,1,1]}
230.28628999999637	EXP	szo_kiir: text = "közöny"
230.8095949999988	EXP	szo_kiir: autoDraw = true
232.09274000000005	DATA	Keydown: ArrowRight
232.10872499999823	EXP	szo_kiir: autoDraw = false
232.10872499999823	EXP	szo_kiir: color = {"_rgb":[1,1,1]}
232.10872499999823	EXP	szo_kiir: text = "gaz"
232.63076	EXP	szo_kiir: autoDraw = true
234.46888999999646	DATA	Keydown: ArrowRight
234.5026199999993	EXP	szo_kiir: autoDraw = false
234.5026199999993	EXP	szo_kiir: color = {"_rgb":[1,1,1]}
234.5026199999993	EXP	szo_kiir: text = "üldögél"
235.0211249999993	EXP	szo_kiir: autoDraw = true
235.87929499999882	DATA	Keydown: ArrowRight
235.88559499999974	EXP	szo_kiir: autoDraw = false
235.88559499999974	EXP	szo_kiir: color = {"_rgb":[1,1,1]}
235.88559499999974	EXP	szo_kiir: text = "kontálás"
236.39214999999967	EXP	szo_kiir: autoDraw = true
237.87898999999743	DATA	Keydown: ArrowLeft
237.9175899999973	EXP	szo_kiir: autoDraw = false
237.9175899999973	EXP	szo_kiir: color = {"_rgb":[1,1,1]}
237.9175899999973	EXP	szo_kiir: text = "arisztokratikus"
238.4317749999973	EXP	szo_kiir: autoDraw = true
240.24332499999582	DATA	Keydown: ArrowRight
240.24752499999886	EXP	szo_kiir: autoDraw = false
240.24752499999886	EXP	szo_kiir: color = {"_rgb":[1,1,1]}
240.24752499999886	EXP	szo_kiir: text = "őrült"
240.7713999999978	EXP	szo_kiir: autoDraw = true
241.47791499999585	DATA	Keydown: ArrowRight
241.5052050000013	EXP	szo_kiir: autoDraw = false
241.5052050000013	EXP	szo_kiir: color = {"_rgb":[1,1,1]}
241.5052050000013	EXP	szo_kiir: text = "tanácsol"
242.02596500000072	EXP	szo_kiir: autoDraw = true
242.64477500000066	DATA	Keydown: ArrowRight
242.6562849999973	EXP	szo_kiir: autoDraw = false
242.6562849999973	EXP	szo_kiir: color = {"_rgb":[1,1,1]}
242.6562849999973	EXP	szo_kiir: text = "teríték"
243.17779499999597	EXP	szo_kiir: autoDraw = true
243.8642800000016	DATA	Keydown: ArrowRight
243.90117499999906	EXP	szo_kiir: autoDraw = false
243.90117499999906	EXP	szo_kiir: color = {"_rgb":[1,1,1]}
243.90117499999906	EXP	szo_kiir: text = "attasé"
244.41005500000028	EXP	szo_kiir: autoDraw = true
245.95052999999461	DATA	Keydown: ArrowRight
245.9652500000011	EXP	szo_kiir: autoDraw = false
245.9652500000011	EXP	szo_kiir: color = {"_rgb":[1,1,1]}
245.9652500000011	EXP	szo_kiir: text = "kisujj"
246.48745499999495	EXP	szo_kiir: autoDraw = true
247.4739950000003	DATA	Keydown: ArrowRight
247.50822999999946	EXP	szo_kiir: autoDraw = false
247.50822999999946	EXP	szo_kiir: color = {"_rgb":[1,1,1]}
247.50822999999946	EXP	szo_kiir: text = "mater"
248.0246100000004	EXP	szo_kiir: autoDraw = true
248.92341999999917	DATA	Keydown: ArrowLeft
248.93879000000015	EXP	szo_kiir: autoDraw = false
248.93879000000015	EXP	szo_kiir: color = {"_rgb":[1,1,1]}
248.93879000000015	EXP	szo_kiir: text = "árus"
249.44612499999494	EXP	szo_kiir: autoDraw = true
250.30087500000081	DATA	Keydown: ArrowRight
250.31027999999787	EXP	szo_kiir: autoDraw = false
250.31027999999787	EXP	szo_kiir: color = {"_rgb":[1,1,1]}
250.31027999999787	EXP	szo_kiir: text = "téveszt"
250.83291499999905	EXP	szo_kiir: autoDraw = true
253.48762500000157	DATA	Keydown: ArrowRight
253.52730000000156	EXP	szo_kiir: autoDraw = false
253.52730000000156	EXP	szo_kiir: color = {"_rgb":[1,1,1]}
253.52730000000156	EXP	szo_kiir: text = "üzemanyagár"
254.04351499999757	EXP	szo_kiir: autoDraw = true
255.7358349999995	DATA	Keydown: ArrowRight
255.74233999999706	EXP	szo_kiir: autoDraw = false
255.74233999999706	EXP	szo_kiir: color = {"_rgb":[1,1,1]}
255.74233999999706	EXP	szo_kiir: text = "szitál"
256.2649799999999	EXP	szo_kiir: autoDraw = true
257.05435999999463	DATA	Keydown: ArrowRight
257.08211499999743	EXP	szo_kiir: autoDraw = false
257.08211499999743	EXP	szo_kiir: color = {"_rgb":[1,1,1]}
257.08211499999743	EXP	szo_kiir: text = "hunfai"
257.60349999999744	EXP	szo_kiir: autoDraw = true
258.4947949999987	DATA	Keydown: ArrowLeft
258.5004950000002	EXP	szo_kiir: autoDraw = false
258.5004950000002	EXP	szo_kiir: color = {"_rgb":[1,1,1]}
258.5004950000002	EXP	szo_kiir: text = "tipográfus"
259.02359499999875	EXP	szo_kiir: autoDraw = true
259.74059999999736	DATA	Keydown: ArrowRight
259.77186000000074	EXP	szo_kiir: autoDraw = false
259.77186000000074	EXP	szo_kiir: color = {"_rgb":[1,1,1]}
259.77186000000074	EXP	szo_kiir: text = "hidegtál"
260.293064999998	EXP	szo_kiir: autoDraw = true
261.2491149999987	DATA	Keydown: ArrowRight
261.25938999999926	EXP	szo_kiir: autoDraw = false
261.25938999999926	EXP	szo_kiir: color = {"_rgb":[1,1,1]}
261.25938999999926	EXP	szo_kiir: text = "revelatív"
261.7818849999967	EXP	szo_kiir: autoDraw = true
263.6831749999983	DATA	Keydown: ArrowLeft
263.6991199999975	EXP	szo_kiir: autoDraw = false
263.6991199999975	EXP	szo_kiir: color = {"_rgb":[1,1,1]}
263.6991199999975	EXP	szo_kiir: text = "háborúzik"
264.2225449999969	EXP	szo_kiir: autoDraw = true
265.18994499999826	DATA	Keydown: ArrowRight
265.22126500000013	EXP	szo_kiir: autoDraw = false
265.22126500000013	EXP	szo_kiir: color = {"_rgb":[1,1,1]}
265.22126500000013	EXP	szo_kiir: text = "vicsorog"
265.7425099999964	EXP	szo_kiir: autoDraw = true
266.5917649999974	DATA	Keydown: ArrowRight
266.60723499999585	EXP	szo_kiir: autoDraw = false
266.60723499999585	EXP	szo_kiir: color = {"_rgb":[1,1,1]}
266.60723499999585	EXP	szo_kiir: text = "balhézik"
267.1293450000012	EXP	szo_kiir: autoDraw = true
267.8281399999978	DATA	Keydown: ArrowRight
267.86104499999783	EXP	szo_kiir: autoDraw = false
267.86104499999783	EXP	szo_kiir: color = {"_rgb":[1,1,1]}
267.86104499999783	EXP	szo_kiir: text = "nyerít"
268.38296499999706	EXP	szo_kiir: autoDraw = true
268.8319199999969	DATA	Keydown: ArrowRight
268.84627499999624	EXP	szo_kiir: autoDraw = false
268.84627499999624	EXP	szo_kiir: color = {"_rgb":[1,1,1]}
268.84627499999624	EXP	szo_kiir: text = "zökkévei"
269.36881500000163	EXP	szo_kiir: autoDraw = true
270.570074999996	DATA	Keydown: ArrowLeft
270.61764499999845	EXP	szo_kiir: autoDraw = false
270.61764499999845	EXP	szo_kiir: color = {"_rgb":[1,1,1]}
270.61764499999845	EXP	szo_kiir: text = "megrohad"
271.1392049999995	EXP	szo_kiir: autoDraw = true
272.1942549999949	DATA	Keydown: ArrowRight
272.20474999999715	EXP	szo_kiir: autoDraw = false
272.20474999999715	EXP	szo_kiir: color = {"_rgb":[1,1,1]}
272.20474999999715	EXP	szo_kiir: text = "tököl"
272.71170999999595	EXP	szo_kiir: autoDraw = true
273.7359149999975	DATA	Keydown: ArrowRight
273.76175499999954	EXP	szo_kiir: autoDraw = false
273.76175499999954	EXP	szo_kiir: color = {"_rgb":[1,1,1]}
273.76175499999954	EXP	szo_kiir: text = "sifon"
274.2835799999957	EXP	szo_kiir: autoDraw = true
275.02077499999723	DATA	Keydown: ArrowLeft
275.0297949999949	EXP	szo_kiir: autoDraw = false
275.0297949999949	EXP	szo_kiir: color = {"_rgb":[1,1,1]}
275.0297949999949	EXP	szo_kiir: text = "keszködmön"
275.5483249999961	EXP	szo_kiir: autoDraw = true
277.2217149999997	DATA	Keydown: ArrowLeft
277.2373499999958	EXP	szo_kiir: autoDraw = false
277.2373499999958	EXP	szo_kiir: color = {"_rgb":[1,1,1]}
277.2373499999958	EXP	szo_kiir: text = "pallérozódik"
277.75710999999865	EXP	szo_kiir: autoDraw = true
280.2471000000005	DATA	Keydown: ArrowLeft
280.2642799999958	EXP	szo_kiir: autoDraw = false
280.2642799999958	EXP	szo_kiir: color = {"_rgb":[1,1,1]}
280.2642799999958	EXP	szo_kiir: text = "piláf"
280.78523999999743	EXP	szo_kiir: autoDraw = true
281.60207499999524	DATA	Keydown: ArrowLeft
281.6400099999955	EXP	szo_kiir: autoDraw = false
281.6400099999955	EXP	szo_kiir: color = {"_rgb":[1,1,1]}
281.6400099999955	EXP	szo_kiir: text = "pohárszék"
282.15202000000136	EXP	szo_kiir: autoDraw = true
284.54209499999706	DATA	Keydown: ArrowRight
284.55973999999696	EXP	szo_kiir: autoDraw = false
284.55973999999696	EXP	szo_kiir: color = {"_rgb":[1,1,1]}
284.55973999999696	EXP	szo_kiir: text = "detonátor"
285.0815250000014	EXP	szo_kiir: autoDraw = true
285.98603	DATA	Keydown: ArrowLeft
285.99568	EXP	szo_kiir: autoDraw = false
285.99568	EXP	szo_kiir: color = {"_rgb":[1,1,1]}
285.99568	EXP	szo_kiir: text = "preklasszikus"
286.5159899999999	EXP	szo_kiir: autoDraw = true
288.7554899999959	DATA	Keydown: ArrowLeft
288.7701850000012	EXP	szo_kiir: autoDraw = false
288.7701850000012	EXP	szo_kiir: color = {"_rgb":[1,1,1]}
288.7701850000012	EXP	szo_kiir: text = "anorák"
289.29273499999545	EXP	szo_kiir: autoDraw = true
290.5786899999948	DATA	Keydown: ArrowRight
290.61098499999935	EXP	szo_kiir: autoDraw = false
290.61098499999935	EXP	szo_kiir: color = {"_rgb":[1,1,1]}
290.61098499999935	EXP	szo_kiir: text = "ötletdús"
291.1314050000001	EXP	szo_kiir: autoDraw = true
292.163784999997	DATA	Keydown: ArrowRight
292.1794149999987	EXP	szo_kiir: autoDraw = false
292.1794149999987	EXP	szo_kiir: color = {"_rgb":[1,1,1]}
292.1794149999987	EXP	szo_kiir: text = "dipeptid"
292.7034799999965	EXP	szo_kiir: autoDraw = true
293.9396149999957	DATA	Keydown: ArrowLeft
293.9514649999983	EXP	szo_kiir: autoDraw = false
293.9514649999983	EXP	szo_kiir: color = {"_rgb":[1,1,1]}
293.9514649999983	EXP	szo_kiir: text = "interpretátor"
294.4741900000008	EXP	szo_kiir: autoDraw = true
295.6808449999953	DATA	Keydown: ArrowRight
295.714390000001	EXP	szo_kiir: autoDraw = false
295.714390000001	EXP	szo_kiir: color = {"_rgb":[1,1,1]}
295.714390000001	EXP	szo_kiir: text = "homályosít"
296.2268949999998	EXP	szo_kiir: autoDraw = true
297.2121249999982	DATA	Keydown: ArrowRight
297.22755999999936	EXP	szo_kiir: autoDraw = false
297.22755999999936	EXP	szo_kiir: color = {"_rgb":[1,1,1]}
297.22755999999936	EXP	szo_kiir: text = "allodiális"
297.7500849999997	EXP	szo_kiir: autoDraw = true
298.7198900000003	DATA	Keydown: ArrowLeft
298.7285699999993	EXP	szo_kiir: autoDraw = false
298.7285699999993	EXP	szo_kiir: color = {"_rgb":[1,1,1]}
298.7285699999993	EXP	szo_kiir: text = "szélsőjáték"
299.2374899999995	EXP	szo_kiir: autoDraw = true
300.6588699999993	DATA	Keydown: ArrowRight
300.68873000000167	EXP	szo_kiir: autoDraw = false
300.68873000000167	EXP	szo_kiir: color = {"_rgb":[1,1,1]}
300.68873000000167	EXP	szo_kiir: text = "írótoll"
301.21060999999463	EXP	szo_kiir: autoDraw = true
302.5104700000011	DATA	Keydown: ArrowRight
302.52588499999547	EXP	szo_kiir: autoDraw = false
302.52588499999547	EXP	szo_kiir: color = {"_rgb":[1,1,1]}
302.52588499999547	EXP	szo_kiir: text = "tipizál"
303.0350749999998	EXP	szo_kiir: autoDraw = true
304.4464850000004	DATA	Keydown: ArrowRight
304.4675500000012	EXP	szo_kiir: autoDraw = false
304.4675500000012	EXP	szo_kiir: color = {"_rgb":[1,1,1]}
304.4675500000012	EXP	szo_kiir: text = "vizesvödör"
304.9841099999976	EXP	szo_kiir: autoDraw = true
306.1542899999986	DATA	Keydown: ArrowRight
306.16967999999906	EXP	szo_kiir: autoDraw = false
306.16967999999906	EXP	szo_kiir: color = {"_rgb":[1,1,1]}
306.16967999999906	EXP	szo_kiir: text = "gór"
306.6915349999981	EXP	szo_kiir: autoDraw = true
307.71832500000164	DATA	Keydown: ArrowLeft
307.7236449999982	EXP	szo_kiir: autoDraw = false
307.7236449999982	EXP	szo_kiir: color = {"_rgb":[1,1,1]}
307.7236449999982	EXP	szo_kiir: text = "ostorán"
308.24665499999537	EXP	szo_kiir: autoDraw = true
309.77444000000105	DATA	Keydown: ArrowLeft
309.8069749999995	EXP	szo_kiir: autoDraw = false
309.8069749999995	EXP	szo_kiir: color = {"_rgb":[1,1,1]}
309.8069749999995	EXP	szo_kiir: text = "rekvizit"
310.3191349999979	EXP	szo_kiir: autoDraw = true
311.1379749999978	DATA	Keydown: ArrowLeft
311.1501599999974	EXP	szo_kiir: autoDraw = false
311.1501599999974	EXP	szo_kiir: color = {"_rgb":[1,1,1]}
311.1501599999974	EXP	szo_kiir: text = "ozonizátor"
311.67282500000147	EXP	szo_kiir: autoDraw = true
315.33982499999547	DATA	Keydown: ArrowRight
315.3467149999997	EXP	szo_kiir: autoDraw = false
315.3467149999997	EXP	szo_kiir: color = {"_rgb":[1,1,1]}
315.3467149999997	EXP	szo_kiir: text = "rücsök"
315.8686249999955	EXP	szo_kiir: autoDraw = true
316.8848599999983	DATA	Keydown: ArrowLeft
316.90002999999706	EXP	szo_kiir: autoDraw = false
316.90002999999706	EXP	szo_kiir: color = {"_rgb":[1,1,1]}
316.90002999999706	EXP	szo_kiir: text = "gyenkedéri"
317.42456500000117	EXP	szo_kiir: autoDraw = true
320.7193149999948	DATA	Keydown: ArrowLeft
320.7682649999988	EXP	szo_kiir: autoDraw = false
320.7682649999988	EXP	szo_kiir: color = {"_rgb":[1,1,1]}
320.7682649999988	EXP	szo_kiir: text = "abeti"
321.283875000001	EXP	szo_kiir: autoDraw = true
322.1223649999956	DATA	Keydown: ArrowLeft
322.13177999999607	EXP	szo_kiir: autoDraw = false
322.13177999999607	EXP	szo_kiir: color = {"_rgb":[1,1,1]}
322.13177999999607	EXP	szo_kiir: text = "süteményestál"
322.6562649999978	EXP	szo_kiir: autoDraw = true
325.5598499999978	DATA	Keydown: ArrowRight
325.595229999999	EXP	szo_kiir: autoDraw = false
325.595229999999	EXP	szo_kiir: color = {"_rgb":[1,1,1]}
325.595229999999	EXP	szo_kiir: text = "portalanít"
326.1147950000013	EXP	szo_kiir: autoDraw = true
327.26961499999743	DATA	Keydown: ArrowRight
327.2795249999981	EXP	szo_kiir: autoDraw = false
327.2795249999981	EXP	szo_kiir: color = {"_rgb":[1,1,1]}
327.2795249999981	EXP	szo_kiir: text = "lovai"
327.80227000000014	EXP	szo_kiir: autoDraw = true
328.8302199999962	DATA	Keydown: ArrowRight
328.83469499999774	EXP	szo_kiir: autoDraw = false
328.83469499999774	EXP	szo_kiir: color = {"_rgb":[1,1,1]}
328.83469499999774	EXP	szo_kiir: text = "kuktáskodik"
329.35691499999666	EXP	szo_kiir: autoDraw = true
332.98018999999476	DATA	Keydown: ArrowRight
333.0103999999992	EXP	szo_kiir: autoDraw = false
333.0103999999992	EXP	szo_kiir: color = {"_rgb":[1,1,1]}
333.0103999999992	EXP	szo_kiir: text = "cizellál"
333.5184799999988	EXP	szo_kiir: autoDraw = true
334.55860499999835	DATA	Keydown: ArrowRight
334.56381999999576	EXP	szo_kiir: autoDraw = false
334.56381999999576	EXP	szo_kiir: color = {"_rgb":[1,1,1]}
334.56381999999576	EXP	szo_kiir: text = "kurtít"
335.0676600000006	EXP	szo_kiir: autoDraw = true
336.8959099999993	DATA	Keydown: ArrowRight
336.9268149999989	EXP	szo_kiir: autoDraw = false
336.9268149999989	EXP	szo_kiir: color = {"_rgb":[1,1,1]}
336.9268149999989	EXP	szo_kiir: text = "igásjószág"
337.4426549999989	EXP	szo_kiir: autoDraw = true
339.69200499999715	DATA	Keydown: ArrowRight
339.69814999999653	EXP	szo_kiir: autoDraw = false
339.69814999999653	EXP	szo_kiir: color = {"_rgb":[1,1,1]}
339.69814999999653	EXP	szo_kiir: text = "inta"
340.2225899999976	EXP	szo_kiir: autoDraw = true
341.76751499999955	DATA	Keydown: ArrowLeft
341.794369999996	EXP	szo_kiir: autoDraw = false
341.794369999996	EXP	szo_kiir: color = {"_rgb":[1,1,1]}
341.794369999996	EXP	szo_kiir: text = "prografej"
342.31209999999555	EXP	szo_kiir: autoDraw = true
345.0984099999987	DATA	Keydown: ArrowLeft
345.11336499999743	EXP	szo_kiir: autoDraw = false
345.11336499999743	EXP	szo_kiir: color = {"_rgb":[1,1,1]}
345.11336499999743	EXP	szo_kiir: text = "hecsedlilekvár"
345.6369399999967	EXP	szo_kiir: autoDraw = true
478.44752999999764	DATA	Mouse: 0 button down, pos=(1138,662)
478.54479999999603	DATA	Mouse: 0 button down, pos=(1138,662)
479.6947849999997	DATA	Keydown: ArrowRight
479.7152449999994	EXP	szo_kiir: autoDraw = false
479.7152449999994	EXP	szo_kiir: color = {"_rgb":[1,1,1]}
479.7152449999994	EXP	szo_kiir: text = "szubvencionál"
480.22819000000163	EXP	szo_kiir: autoDraw = true
481.5643049999999	DATA	Keydown: ArrowLeft
481.5792699999947	EXP	szo_kiir: autoDraw = false
481.5792699999947	EXP	szo_kiir: color = {"_rgb":[1,1,1]}
481.5792699999947	EXP	szo_kiir: text = "katéterez"
482.08466499999486	EXP	szo_kiir: autoDraw = true
483.3450249999951	DATA	Keydown: ArrowLeft
483.3510049999968	EXP	szo_kiir: autoDraw = false
483.3510049999968	EXP	szo_kiir: color = {"_rgb":[1,1,1]}
483.3510049999968	EXP	szo_kiir: text = "suszi"
483.8547350000008	EXP	szo_kiir: autoDraw = true
484.81758499999705	DATA	Keydown: ArrowRight
484.82652999999846	EXP	szo_kiir: autoDraw = false
484.82652999999846	EXP	szo_kiir: color = {"_rgb":[1,1,1]}
484.82652999999846	EXP	szo_kiir: text = "homoktölcsér"
485.342525	EXP	szo_kiir: autoDraw = true
487.22465499999817	DATA	Keydown: ArrowRight
487.2289200000014	EXP	szo_kiir: autoDraw = false
487.2289200000014	EXP	szo_kiir: color = {"_rgb":[1,1,1]}
487.2289200000014	EXP	szo_kiir: text = "hendesen"
487.7326049999974	EXP	szo_kiir: autoDraw = true
488.759610000001	DATA	Keydown: ArrowLeft
488.7844449999975	EXP	szo_kiir: autoDraw = false
488.7844449999975	EXP	szo_kiir: color = {"_rgb":[1,1,1]}
488.7844449999975	EXP	szo_kiir: text = "dévánkozik"
489.2867100000003	EXP	szo_kiir: autoDraw = true
490.72677499999554	DATA	Keydown: ArrowLeft
490.7386350000015	EXP	szo_kiir: autoDraw = false
490.7386350000015	EXP	szo_kiir: color = {"_rgb":[1,1,1]}
490.7386350000015	EXP	szo_kiir: text = "kollektivizál"
491.2425199999998	EXP	szo_kiir: autoDraw = true
492.48450500000035	DATA	Keydown: ArrowRight
492.49357999999484	EXP	szo_kiir: autoDraw = false
492.49357999999484	EXP	szo_kiir: color = {"_rgb":[1,1,1]}
492.49357999999484	EXP	szo_kiir: text = "öklelődzik"
492.99724499999866	EXP	szo_kiir: autoDraw = true
494.2204100000017	DATA	Keydown: ArrowRight
494.24316499999986	EXP	szo_kiir: autoDraw = false
494.24316499999986	EXP	szo_kiir: color = {"_rgb":[1,1,1]}
494.24316499999986	EXP	szo_kiir: text = "tortya"
494.7522349999999	EXP	szo_kiir: autoDraw = true
495.63358499999595	DATA	Keydown: ArrowLeft
495.6356799999994	EXP	szo_kiir: autoDraw = false
495.6356799999994	EXP	szo_kiir: color = {"_rgb":[1,1,1]}
495.6356799999994	EXP	szo_kiir: text = "skrupulizál"
496.1394	EXP	szo_kiir: autoDraw = true
497.3599699999977	DATA	Keydown: ArrowLeft
497.3745199999976	EXP	szo_kiir: autoDraw = false
497.3745199999976	EXP	szo_kiir: color = {"_rgb":[1,1,1]}
497.3745199999976	EXP	szo_kiir: text = "hátall"
497.8776099999959	EXP	szo_kiir: autoDraw = true
499.7649799999999	DATA	Keydown: ArrowRight
499.7861950000006	EXP	szo_kiir: autoDraw = false
499.7861950000006	EXP	szo_kiir: color = {"_rgb":[1,1,1]}
499.7861950000006	EXP	szo_kiir: text = "klímatérkép"
500.3015799999994	EXP	szo_kiir: autoDraw = true
501.8510449999958	DATA	Keydown: ArrowRight
501.8535599999959	EXP	szo_kiir: autoDraw = false
501.8535599999959	EXP	szo_kiir: color = {"_rgb":[1,1,1]}
501.8535599999959	EXP	szo_kiir: text = "léghajózik"
502.3573449999967	EXP	szo_kiir: autoDraw = true
503.1535900000017	DATA	Keydown: ArrowRight
503.16242000000057	EXP	szo_kiir: autoDraw = false
503.16242000000057	EXP	szo_kiir: color = {"_rgb":[1,1,1]}
503.16242000000057	EXP	szo_kiir: text = "egyenetlenkedik"
503.67841000000044	EXP	szo_kiir: autoDraw = true
504.8205600000001	DATA	Keydown: ArrowRight
504.8287100000016	EXP	szo_kiir: autoDraw = false
504.8287100000016	EXP	szo_kiir: color = {"_rgb":[1,1,1]}
504.8287100000016	EXP	szo_kiir: text = "tilitálós"
505.33230999999796	EXP	szo_kiir: autoDraw = true
507.85465999999724	DATA	Keydown: ArrowLeft
507.87806499999715	EXP	szo_kiir: autoDraw = false
507.87806499999715	EXP	szo_kiir: color = {"_rgb":[1,1,1]}
507.87806499999715	EXP	szo_kiir: text = "különszakasz"
508.39113499999803	EXP	szo_kiir: autoDraw = true
511.0112949999966	DATA	Keydown: ArrowRight
511.01371500000096	EXP	szo_kiir: autoDraw = false
511.01371500000096	EXP	szo_kiir: color = {"_rgb":[1,1,1]}
511.01371500000096	EXP	szo_kiir: text = "lublika"
511.5167900000015	EXP	szo_kiir: autoDraw = true
512.3039749999953	DATA	Keydown: ArrowLeft
512.3228200000012	EXP	szo_kiir: autoDraw = false
512.3228200000012	EXP	szo_kiir: color = {"_rgb":[1,1,1]}
512.3228200000012	EXP	szo_kiir: text = "rosítottsi"
512.8372000000018	EXP	szo_kiir: autoDraw = true
513.9797099999996	DATA	Keydown: ArrowLeft
513.9881949999981	EXP	szo_kiir: autoDraw = false
513.9881949999981	EXP	szo_kiir: color = {"_rgb":[1,1,1]}
513.9881949999981	EXP	szo_kiir: text = "csapáz"
514.4915949999995	EXP	szo_kiir: autoDraw = true
515.6637100000007	DATA	Keydown: ArrowLeft
515.6768799999991	EXP	szo_kiir: autoDraw = false
515.6768799999991	EXP	szo_kiir: color = {"_rgb":[1,1,1]}
515.6768799999991	EXP	szo_kiir: text = "összám"
516.1798549999949	EXP	szo_kiir: autoDraw = true
517.5573250000016	DATA	Keydown: ArrowRight
517.5650600000008	EXP	szo_kiir: autoDraw = false
517.5650600000008	EXP	szo_kiir: color = {"_rgb":[1,1,1]}
517.5650600000008	EXP	szo_kiir: text = "lecskediriz"
518.0685850000009	EXP	szo_kiir: autoDraw = true
523.6497149999996	DATA	Keydown: ArrowLeft
523.6725699999951	EXP	szo_kiir: autoDraw = false
523.6725699999951	EXP	szo_kiir: color = {"_rgb":[1,1,1]}
523.6725699999951	EXP	szo_kiir: text = "kíványozhat"
524.1872399999992	EXP	szo_kiir: autoDraw = true
525.2315600000003	DATA	Keydown: ArrowLeft
525.2372199999955	EXP	szo_kiir: autoDraw = false
525.2372199999955	EXP	szo_kiir: color = {"_rgb":[1,1,1]}
525.2372199999955	EXP	szo_kiir: text = "halmajonéz"
525.7406499999997	EXP	szo_kiir: autoDraw = true
527.4487299999964	DATA	Keydown: ArrowRight
527.4659099999989	EXP	szo_kiir: autoDraw = false
527.4659099999989	EXP	koszi_szoveg: autoDraw = true
530.5857699999979	DATA	Keydown:  
