0.2587150000035763	EXP	Created Window = Window( name=Window, fullscr=true, color=#000000, units=norm, waitBlanking=true, autoLog=true, size=[1366,657] )
7.732835000148043	DATA	Keydown: 1
8.95687000011094	DATA	Keydown: 3
9.32990500004962	DATA	Keydown: 4
10.06849000020884	DATA	Keydown: 0
14.882320000091568	DATA	Keydown: n
17.102405000012368	DATA	Keydown: ő
19.854555000085384	DATA	Keydown: 2
20.27164000016637	DATA	Keydown: 0
20.466370000038296	DATA	Keydown: 0
20.818970000138506	DATA	Keydown: 1
21.63156500016339	DATA	Keydown: .
22.72002000012435	DATA	Keydown: 0
23.135550000006333	DATA	Keydown: 4
24.238010000204667	DATA	Keydown: .
25.252780000213534	DATA	Keydown: 0
25.587220000103116	DATA	Keydown: 2
27.570045000175014	DATA	Keydown: .
30.644659999990836	DATA	Keydown: 1
31.176515000173822	DATA	Keydown: 3
34.4004000001587	EXP	Created instruction_text1 = TextStim( name=instruction_text1, win=Window( name=Window, fullscr=true, color=#000000, ~), autoDraw=null, autoLog=true, units=norm, ori=null, opacity=1, pos=[0,0], size=undefined, text=Ön most szavakat fog látni.

Ezek között lesznek o~, font=Arial, color=#ffffff, contrast=1, height=0.05, bold=null, italic=null, alignHoriz=left, alignVert=center, wrapWidth=1, flipHoriz=null, flipVert=null )
34.40707000019029	EXP	Created instruction_text2 = TextStim( name=instruction_text2, win=Window( name=Window, fullscr=true, color=#000000, ~), autoDraw=null, autoLog=true, units=norm, ori=null, opacity=1, pos=[0,0], size=undefined, text=Először két egyszerű példát mutatunk Önnek.

Az el~, font=Arial, color=#FFFFFF, contrast=1, height=0.05, bold=null, italic=null, alignHoriz=left, alignVert=center, wrapWidth=1, flipHoriz=null, flipVert=null )
34.422375000081956	EXP	Created show_text = TextStim( name=show_text, win=Window( name=Window, fullscr=true, color=#000000, ~), autoDraw=null, autoLog=true, units=norm, ori=null, opacity=1, pos=[0,0], size=undefined, text=asztal, font=Arial, color=#FFFFFF, contrast=1, height=0.2, bold=null, italic=null, alignHoriz=left, alignVert=center, wrapWidth=1, flipHoriz=null, flipVert=null )
34.44688000017777	EXP	Created text = TextStim( name=text, win=Window( name=Window, fullscr=true, color=#000000, ~), autoDraw=null, autoLog=true, units=norm, ori=null, opacity=1, pos=[0,0], size=undefined, text=bzsmfsztal, font=Arial, color=#FFFFFF, contrast=1, height=0.2, bold=null, italic=null, alignHoriz=left, alignVert=center, wrapWidth=1, flipHoriz=null, flipVert=null )
34.449855000013486	EXP	Created instruction_text3 = TextStim( name=instruction_text3, win=Window( name=Window, fullscr=true, color=#000000, ~), autoDraw=null, autoLog=true, units=norm, ori=null, opacity=1, pos=[0,0], size=undefined, text=Pazar. Most kezdődik az igazi kísérlet. Néhány per~, font=Arial, color=#FFFFFF, contrast=1, height=0.1, bold=null, italic=null, alignHoriz=left, alignVert=center, wrapWidth=1, flipHoriz=null, flipVert=null )
34.45277000009082	EXP	Created szo_kiir = TextStim( name=szo_kiir, win=Window( name=Window, fullscr=true, color=#000000, ~), autoDraw=null, autoLog=true, units=norm, ori=null, opacity=1, pos=[0,0], size=undefined, text=default text, font=Arial, color=#FFFFFF, contrast=1, height=0.2, bold=null, italic=null, alignHoriz=left, alignVert=center, wrapWidth=1, flipHoriz=null, flipVert=null )
34.45637000002898	EXP	Created koszi_szoveg = TextStim( name=koszi_szoveg, win=Window( name=Window, fullscr=true, color=#000000, ~), autoDraw=null, autoLog=true, units=norm, ori=null, opacity=1, pos=[0,0], size=undefined, text=Vége a kísérletnek. Köszönjük a részvételt!, font=arial, color=#ffffff, contrast=1, height=0.1, bold=null, italic=null, alignHoriz=left, alignVert=center, wrapWidth=1, flipHoriz=null, flipVert=null )
34.670470000011846	EXP	instruction_text1: units = "norm"
34.670470000011846	EXP	instruction_text1: ori = 0
34.670470000011846	EXP	instruction_text1: opacity = 1
34.670470000011846	EXP	instruction_text1: pos = [0,0]
34.670470000011846	EXP	instruction_text1: size = undefined
34.670470000011846	EXP	instruction_text1: text = "Ön most szavakat fog látni.\n\nEzek között lesznek olyanok, amelyeket ismer, de előfordulhatnak olyanok is, amelyeket nem ismer, sőt, vannak köztük kitalált szavak is. \n\nKérjük, ha ismeri a képernyőn látható szót, nyomja meg a JOBB kurzorbillentyűt.\nKérjük, ha NEM ismeri a képernyőn látható szót, vagy azt gondolja, nincs ilyen szó a magyarban, nyomja meg a BAL kurzorbillentyűt.\n\nAz 'Ismerem a szót' döntés itt most ezt jelenti: találkoztam már vele, és van valami elképzelésem a jelentéséről is.  \n\nNyomjon meg bármilyen billentyűt a folytatáshoz."
34.670470000011846	EXP	instruction_text1: font = "Arial"
34.670470000011846	EXP	instruction_text1: color = {"_rgb":[1,1,1]}
34.670470000011846	EXP	instruction_text1: contrast = 1
34.670470000011846	EXP	instruction_text1: height = 0.05
34.670470000011846	EXP	instruction_text1: bold = false
34.670470000011846	EXP	instruction_text1: italic = false
34.670470000011846	EXP	instruction_text1: alignHoriz = "left"
34.670470000011846	EXP	instruction_text1: alignVert = "center"
34.670470000011846	EXP	instruction_text1: wrapWidth = 1
34.670470000011846	EXP	instruction_text1: flipHoriz = false
34.670470000011846	EXP	instruction_text1: flipVert = false
34.670470000011846	EXP	instruction_text2: units = "norm"
34.670470000011846	EXP	instruction_text2: ori = 0
34.670470000011846	EXP	instruction_text2: opacity = 1
34.670470000011846	EXP	instruction_text2: pos = [0,0]
34.670470000011846	EXP	instruction_text2: size = undefined
34.670470000011846	EXP	instruction_text2: text = "Először két egyszerű példát mutatunk Önnek.\n\nAz első szó létezik a magyarban, és valószínűleg Ön is ismeri. Itt nyomja majd meg a jobb kurzorbillentyűt.\nA második szó nem létezik a magyar nyelvben. Itt nyomja majd meg a bal kurzorbillentyűt.\n\nFontos, hogy a jobb gombot a jobb kezével, a bal gombot a bal kezével nyomja, ha tudja, és ne egy kezét használja a kísérletben.\n\nNyomjon meg bármilyen gombot a folytatáshoz."
34.670470000011846	EXP	instruction_text2: font = "Arial"
34.670470000011846	EXP	instruction_text2: color = {"_hex":"#FFFFFF","_rgb":[1,1,1]}
34.670470000011846	EXP	instruction_text2: contrast = 1
34.670470000011846	EXP	instruction_text2: height = 0.05
34.670470000011846	EXP	instruction_text2: bold = false
34.670470000011846	EXP	instruction_text2: italic = false
34.670470000011846	EXP	instruction_text2: alignHoriz = "left"
34.670470000011846	EXP	instruction_text2: alignVert = "center"
34.670470000011846	EXP	instruction_text2: wrapWidth = 1
34.670470000011846	EXP	instruction_text2: flipHoriz = false
34.670470000011846	EXP	instruction_text2: flipVert = false
34.670470000011846	EXP	show_text: units = "norm"
34.670470000011846	EXP	show_text: ori = 0
34.670470000011846	EXP	show_text: opacity = 1
34.670470000011846	EXP	show_text: pos = [0,0]
34.670470000011846	EXP	show_text: size = undefined
34.670470000011846	EXP	show_text: text = "asztal"
34.670470000011846	EXP	show_text: font = "Arial"
34.670470000011846	EXP	show_text: color = {"_hex":"#FFFFFF","_rgb":[1,1,1]}
34.670470000011846	EXP	show_text: contrast = 1
34.670470000011846	EXP	show_text: height = 0.2
34.670470000011846	EXP	show_text: bold = false
34.670470000011846	EXP	show_text: italic = false
34.670470000011846	EXP	show_text: alignHoriz = "left"
34.670470000011846	EXP	show_text: alignVert = "center"
34.670470000011846	EXP	show_text: wrapWidth = 1
34.670470000011846	EXP	show_text: flipHoriz = false
34.670470000011846	EXP	show_text: flipVert = false
34.670470000011846	EXP	text: units = "norm"
34.670470000011846	EXP	text: ori = 0
34.670470000011846	EXP	text: opacity = 1
34.670470000011846	EXP	text: pos = [0,0]
34.670470000011846	EXP	text: size = undefined
34.670470000011846	EXP	text: text = "bzsmfsztal"
34.670470000011846	EXP	text: font = "Arial"
34.670470000011846	EXP	text: color = {"_hex":"#FFFFFF","_rgb":[1,1,1]}
34.670470000011846	EXP	text: contrast = 1
34.670470000011846	EXP	text: height = 0.2
34.670470000011846	EXP	text: bold = false
34.670470000011846	EXP	text: italic = false
34.670470000011846	EXP	text: alignHoriz = "left"
34.670470000011846	EXP	text: alignVert = "center"
34.670470000011846	EXP	text: wrapWidth = 1
34.670470000011846	EXP	text: flipHoriz = false
34.670470000011846	EXP	text: flipVert = false
34.670470000011846	EXP	instruction_text3: units = "norm"
34.670470000011846	EXP	instruction_text3: ori = 0
34.670470000011846	EXP	instruction_text3: opacity = 1
34.670470000011846	EXP	instruction_text3: pos = [0,0]
34.670470000011846	EXP	instruction_text3: size = undefined
34.670470000011846	EXP	instruction_text3: text = "Pazar. Most kezdődik az igazi kísérlet. Néhány percig fog tartani. Nem kell nagyon sietnie, de igyekezzen gyorsan válaszolni.\n\nNe feledje, ha tudja, a jobb gombot a jobbkezével, a bal gombot a balkezével nyomja le.\n\nNyomjon meg bármilyen gombot a folytatáshoz."
34.670470000011846	EXP	instruction_text3: font = "Arial"
34.670470000011846	EXP	instruction_text3: color = {"_hex":"#FFFFFF","_rgb":[1,1,1]}
34.670470000011846	EXP	instruction_text3: contrast = 1
34.670470000011846	EXP	instruction_text3: height = 0.1
34.670470000011846	EXP	instruction_text3: bold = false
34.670470000011846	EXP	instruction_text3: italic = false
34.670470000011846	EXP	instruction_text3: alignHoriz = "left"
34.670470000011846	EXP	instruction_text3: alignVert = "center"
34.670470000011846	EXP	instruction_text3: wrapWidth = 1
34.670470000011846	EXP	instruction_text3: flipHoriz = false
34.670470000011846	EXP	instruction_text3: flipVert = false
34.670470000011846	EXP	szo_kiir: units = "norm"
34.670470000011846	EXP	szo_kiir: ori = 0
34.670470000011846	EXP	szo_kiir: opacity = 1
34.670470000011846	EXP	szo_kiir: pos = [0,0]
34.670470000011846	EXP	szo_kiir: size = undefined
34.670470000011846	EXP	szo_kiir: text = "default text"
34.670470000011846	EXP	szo_kiir: font = "Arial"
34.670470000011846	EXP	szo_kiir: color = {"_hex":"#FFFFFF","_rgb":[1,1,1]}
34.670470000011846	EXP	szo_kiir: contrast = 1
34.670470000011846	EXP	szo_kiir: height = 0.2
34.670470000011846	EXP	szo_kiir: bold = false
34.670470000011846	EXP	szo_kiir: italic = false
34.670470000011846	EXP	szo_kiir: alignHoriz = "left"
34.670470000011846	EXP	szo_kiir: alignVert = "center"
34.670470000011846	EXP	szo_kiir: wrapWidth = 1
34.670470000011846	EXP	szo_kiir: flipHoriz = false
34.670470000011846	EXP	szo_kiir: flipVert = false
34.670470000011846	EXP	koszi_szoveg: units = "norm"
34.670470000011846	EXP	koszi_szoveg: ori = 0
34.670470000011846	EXP	koszi_szoveg: opacity = 1
34.670470000011846	EXP	koszi_szoveg: pos = [0,0]
34.670470000011846	EXP	koszi_szoveg: size = undefined
34.670470000011846	EXP	koszi_szoveg: text = "Vége a kísérletnek. Köszönjük a részvételt!"
34.670470000011846	EXP	koszi_szoveg: font = "arial"
34.670470000011846	EXP	koszi_szoveg: color = {"_rgb":[1,1,1]}
34.670470000011846	EXP	koszi_szoveg: contrast = 1
34.670470000011846	EXP	koszi_szoveg: height = 0.1
34.670470000011846	EXP	koszi_szoveg: bold = false
34.670470000011846	EXP	koszi_szoveg: italic = false
34.670470000011846	EXP	koszi_szoveg: alignHoriz = "left"
34.670470000011846	EXP	koszi_szoveg: alignVert = "center"
34.670470000011846	EXP	koszi_szoveg: wrapWidth = 1
34.670470000011846	EXP	koszi_szoveg: flipHoriz = false
34.670470000011846	EXP	koszi_szoveg: flipVert = false
34.670470000011846	EXP	instruction_text1: autoDraw = true
46.7647200000938	DATA	Keydown:  
46.84686500020325	EXP	instruction_text1: autoDraw = false
46.84686500020325	EXP	instruction_text2: autoDraw = true
55.266545000020415	DATA	Keydown:  
55.308170000091195	EXP	instruction_text2: autoDraw = false
55.81021500006318	EXP	show_text: autoDraw = true
56.22716000000946	DATA	Keydown: ArrowRight
56.23486000020057	EXP	show_text: autoDraw = false
56.76168500003405	EXP	text: autoDraw = true
57.32448499999009	DATA	Keydown: ArrowLeft
57.3810100001283	EXP	text: autoDraw = false
57.3810100001283	EXP	instruction_text3: autoDraw = true
61.93987000011839	DATA	Keydown:  
62.08927500015125	EXP	instruction_text3: autoDraw = false
62.08927500015125	EXP	szo_kiir: color = {"_rgb":[1,1,1]}
62.08927500015125	EXP	szo_kiir: text = "hely"
62.61022500018589	EXP	szo_kiir: autoDraw = true
63.22605500021018	DATA	Keydown: ArrowRight
63.24079499999061	EXP	szo_kiir: autoDraw = false
63.24079499999061	EXP	szo_kiir: color = {"_rgb":[1,1,1]}
63.24079499999061	EXP	szo_kiir: text = "kap"
63.758540000068024	EXP	szo_kiir: autoDraw = true
64.19017000007443	DATA	Keydown: ArrowRight
64.25350000010803	EXP	szo_kiir: autoDraw = false
64.25350000010803	EXP	szo_kiir: color = {"_rgb":[1,1,1]}
64.25350000010803	EXP	szo_kiir: text = "század"
64.77472000010312	EXP	szo_kiir: autoDraw = true
65.32146500004455	DATA	Keydown: ArrowRight
65.33561499998905	EXP	szo_kiir: autoDraw = false
65.33561499998905	EXP	szo_kiir: color = {"_rgb":[1,1,1]}
65.33561499998905	EXP	szo_kiir: text = "tojászköl"
65.86542000016198	EXP	szo_kiir: autoDraw = true
66.84684500005096	DATA	Keydown: ArrowLeft
66.89686500001699	EXP	szo_kiir: autoDraw = false
66.89686500001699	EXP	szo_kiir: color = {"_rgb":[1,1,1]}
66.89686500001699	EXP	szo_kiir: text = "időszak"
67.41199000016786	EXP	szo_kiir: autoDraw = true
68.0447700000368	DATA	Keydown: ArrowRight
68.05402999999933	EXP	szo_kiir: autoDraw = false
68.05402999999933	EXP	szo_kiir: color = {"_rgb":[1,1,1]}
68.05402999999933	EXP	szo_kiir: text = "megköny"
68.63247000006959	EXP	szo_kiir: autoDraw = true
69.75097000016831	DATA	Keydown: ArrowLeft
69.85882500000298	EXP	szo_kiir: autoDraw = false
69.85882500000298	EXP	szo_kiir: color = {"_rgb":[1,1,1]}
69.85882500000298	EXP	szo_kiir: text = "recialice"
70.3763100001961	EXP	szo_kiir: autoDraw = true
71.36224000016227	DATA	Keydown: ArrowLeft
71.37132000015117	EXP	szo_kiir: autoDraw = false
71.37132000015117	EXP	szo_kiir: color = {"_rgb":[1,1,1]}
71.37132000015117	EXP	szo_kiir: text = "párt"
71.89065000019036	EXP	szo_kiir: autoDraw = true
72.47263500001281	DATA	Keydown: ArrowRight
72.51590500003658	EXP	szo_kiir: autoDraw = false
72.51590500003658	EXP	szo_kiir: color = {"_rgb":[1,1,1]}
72.51590500003658	EXP	szo_kiir: text = "hiányzik"
73.02426000009291	EXP	szo_kiir: autoDraw = true
73.81306000007316	DATA	Keydown: ArrowRight
73.82122000004165	EXP	szo_kiir: autoDraw = false
73.82122000004165	EXP	szo_kiir: color = {"_rgb":[1,1,1]}
73.82122000004165	EXP	szo_kiir: text = "változik"
74.34268000000156	EXP	szo_kiir: autoDraw = true
75.148215000052	DATA	Keydown: ArrowRight
75.18952500005253	EXP	szo_kiir: autoDraw = false
75.18952500005253	EXP	szo_kiir: color = {"_rgb":[1,1,1]}
75.18952500005253	EXP	szo_kiir: text = "ég"
75.70962000009604	EXP	szo_kiir: autoDraw = true
76.25626000016928	DATA	Keydown: ArrowRight
76.27082000020891	EXP	szo_kiir: autoDraw = false
76.27082000020891	EXP	szo_kiir: color = {"_rgb":[1,1,1]}
76.27082000020891	EXP	szo_kiir: text = "könyvtár"
76.79182000015862	EXP	szo_kiir: autoDraw = true
77.35872000013478	DATA	Keydown: ArrowRight
77.38923000008799	EXP	szo_kiir: autoDraw = false
77.38923000008799	EXP	szo_kiir: color = {"_rgb":[1,1,1]}
77.38923000008799	EXP	szo_kiir: text = "borhátsz"
77.90789999999106	EXP	szo_kiir: autoDraw = true
78.81809499999508	DATA	Keydown: ArrowLeft
78.82323500001803	EXP	szo_kiir: autoDraw = false
78.82323500001803	EXP	szo_kiir: color = {"_rgb":[1,1,1]}
78.82323500001803	EXP	szo_kiir: text = "bajnok"
79.34384500002488	EXP	szo_kiir: autoDraw = true
79.99302000016905	DATA	Keydown: ArrowRight
80.04268499999307	EXP	szo_kiir: autoDraw = false
80.04268499999307	EXP	szo_kiir: color = {"_rgb":[1,1,1]}
80.04268499999307	EXP	szo_kiir: text = "ellenfél"
80.55876000015996	EXP	szo_kiir: autoDraw = true
81.24301500013098	DATA	Keydown: ArrowRight
81.25472500012256	EXP	szo_kiir: autoDraw = false
81.25472500012256	EXP	szo_kiir: color = {"_rgb":[1,1,1]}
81.25472500012256	EXP	szo_kiir: text = "figyelem"
81.7754300001543	EXP	szo_kiir: autoDraw = true
82.35140500008129	DATA	Keydown: ArrowRight
82.37614500010386	EXP	szo_kiir: autoDraw = false
82.37614500010386	EXP	szo_kiir: color = {"_rgb":[1,1,1]}
82.37614500010386	EXP	szo_kiir: text = "nek"
82.89217500016093	EXP	szo_kiir: autoDraw = true
83.62812500004657	DATA	Keydown: ArrowLeft
83.63982500019483	EXP	szo_kiir: autoDraw = false
83.63982500019483	EXP	szo_kiir: color = {"_rgb":[1,1,1]}
83.63982500019483	EXP	szo_kiir: text = "reagál"
84.15979500021785	EXP	szo_kiir: autoDraw = true
84.8084150000941	DATA	Keydown: ArrowRight
84.82290500006638	EXP	szo_kiir: autoDraw = false
84.82290500006638	EXP	szo_kiir: color = {"_rgb":[1,1,1]}
84.82290500006638	EXP	szo_kiir: text = "ausztrál"
85.34330500010401	EXP	szo_kiir: autoDraw = true
86.11201500007883	DATA	Keydown: ArrowRight
86.14300999999978	EXP	szo_kiir: autoDraw = false
86.14300999999978	EXP	szo_kiir: color = {"_rgb":[1,1,1]}
86.14300999999978	EXP	szo_kiir: text = "szethetősi"
86.66148000000976	EXP	szo_kiir: autoDraw = true
87.68604500009678	DATA	Keydown: ArrowLeft
87.6920200001914	EXP	szo_kiir: autoDraw = false
87.6920200001914	EXP	szo_kiir: color = {"_rgb":[1,1,1]}
87.6920200001914	EXP	szo_kiir: text = "szalas"
88.20995500008576	EXP	szo_kiir: autoDraw = true
89.14696500007994	DATA	Keydown: ArrowLeft
89.19993500015698	EXP	szo_kiir: autoDraw = false
89.19993500015698	EXP	szo_kiir: color = {"_rgb":[1,1,1]}
89.19993500015698	EXP	szo_kiir: text = "orr"
89.69315500021912	EXP	szo_kiir: autoDraw = true
90.27905000001192	DATA	Keydown: ArrowRight
90.28985000005923	EXP	szo_kiir: autoDraw = false
90.28985000005923	EXP	szo_kiir: color = {"_rgb":[1,1,1]}
90.28985000005923	EXP	szo_kiir: text = "többszörös"
90.81086000008509	EXP	szo_kiir: autoDraw = true
91.57615000009537	DATA	Keydown: ArrowRight
91.59800500003621	EXP	szo_kiir: autoDraw = false
91.59800500003621	EXP	szo_kiir: color = {"_rgb":[1,1,1]}
91.59800500003621	EXP	szo_kiir: text = "maximax"
92.11156500014476	EXP	szo_kiir: autoDraw = true
93.4666950001847	DATA	Keydown: ArrowLeft
93.4735300000757	EXP	szo_kiir: autoDraw = false
93.4735300000757	EXP	szo_kiir: color = {"_rgb":[1,1,1]}
93.4735300000757	EXP	szo_kiir: text = "ponálgai"
93.99532500002533	EXP	szo_kiir: autoDraw = true
94.93726500007324	DATA	Keydown: ArrowLeft
94.9573500000406	EXP	szo_kiir: autoDraw = false
94.9573500000406	EXP	szo_kiir: color = {"_rgb":[1,1,1]}
94.9573500000406	EXP	szo_kiir: text = "szichosol"
95.47843000013381	EXP	szo_kiir: autoDraw = true
96.13005500007421	DATA	Keydown: ArrowLeft
96.14147999999113	EXP	szo_kiir: autoDraw = false
96.14147999999113	EXP	szo_kiir: color = {"_rgb":[1,1,1]}
96.14147999999113	EXP	szo_kiir: text = "alapszabály"
96.66304500005208	EXP	szo_kiir: autoDraw = true
97.31697000004351	DATA	Keydown: ArrowRight
97.35191500000656	EXP	szo_kiir: autoDraw = false
97.35191500000656	EXP	szo_kiir: color = {"_rgb":[1,1,1]}
97.35191500000656	EXP	szo_kiir: text = "diktátor"
97.86332000000402	EXP	szo_kiir: autoDraw = true
98.58063500002027	DATA	Keydown: ArrowRight
98.59125000005588	EXP	szo_kiir: autoDraw = false
98.59125000005588	EXP	szo_kiir: color = {"_rgb":[1,1,1]}
98.59125000005588	EXP	szo_kiir: text = "hider"
99.11493000015616	EXP	szo_kiir: autoDraw = true
99.89819500013255	DATA	Keydown: ArrowLeft
100.04465500009246	EXP	szo_kiir: autoDraw = false
100.04465500009246	EXP	szo_kiir: color = {"_rgb":[1,1,1]}
100.04465500009246	EXP	szo_kiir: text = "moderátor"
100.56202000007033	EXP	szo_kiir: autoDraw = true
101.47975000017323	DATA	Keydown: ArrowRight
101.49236000003293	EXP	szo_kiir: autoDraw = false
101.49236000003293	EXP	szo_kiir: color = {"_rgb":[1,1,1]}
101.49236000003293	EXP	szo_kiir: text = "régész"
102.0130900000222	EXP	szo_kiir: autoDraw = true
102.56893500010483	DATA	Keydown: ArrowRight
102.6497049999889	EXP	szo_kiir: autoDraw = false
102.6497049999889	EXP	szo_kiir: color = {"_rgb":[1,1,1]}
102.6497049999889	EXP	szo_kiir: text = "bús"
103.16392500000075	EXP	szo_kiir: autoDraw = true
103.89858000003733	DATA	Keydown: ArrowRight
103.90950000006706	EXP	szo_kiir: autoDraw = false
103.90950000006706	EXP	szo_kiir: color = {"_rgb":[1,1,1]}
103.90950000006706	EXP	szo_kiir: text = "puritán"
104.4291900000535	EXP	szo_kiir: autoDraw = true
105.21360500017181	DATA	Keydown: ArrowRight
105.25321500003338	EXP	szo_kiir: autoDraw = false
105.25321500003338	EXP	szo_kiir: color = {"_rgb":[1,1,1]}
105.25321500003338	EXP	szo_kiir: text = "értékesít"
105.76326000015251	EXP	szo_kiir: autoDraw = true
106.54857500013895	DATA	Keydown: ArrowRight
106.55938500002958	EXP	szo_kiir: autoDraw = false
106.55938500002958	EXP	szo_kiir: color = {"_rgb":[1,1,1]}
106.55938500002958	EXP	szo_kiir: text = "napkollektor"
107.07976500014775	EXP	szo_kiir: autoDraw = true
107.90639500017278	DATA	Keydown: ArrowRight
107.9408350000158	EXP	szo_kiir: autoDraw = false
107.9408350000158	EXP	szo_kiir: color = {"_rgb":[1,1,1]}
107.9408350000158	EXP	szo_kiir: text = "körvonalazódik"
108.44804000016302	EXP	szo_kiir: autoDraw = true
109.33714000019245	DATA	Keydown: ArrowRight
109.34316500020213	EXP	szo_kiir: autoDraw = false
109.34316500020213	EXP	szo_kiir: color = {"_rgb":[1,1,1]}
109.34316500020213	EXP	szo_kiir: text = "lépték"
109.86430000001565	EXP	szo_kiir: autoDraw = true
110.49854000005871	DATA	Keydown: ArrowRight
110.52265500021167	EXP	szo_kiir: autoDraw = false
110.52265500021167	EXP	szo_kiir: color = {"_rgb":[1,1,1]}
110.52265500021167	EXP	szo_kiir: text = "mokkáskanál"
111.03303000004962	EXP	szo_kiir: autoDraw = true
111.86527000018395	DATA	Keydown: ArrowRight
111.87741499999538	EXP	szo_kiir: autoDraw = false
111.87741499999538	EXP	szo_kiir: color = {"_rgb":[1,1,1]}
111.87741499999538	EXP	szo_kiir: text = "genom"
112.39876500004902	EXP	szo_kiir: autoDraw = true
113.69895000010729	DATA	Keydown: ArrowLeft
113.71178500005044	EXP	szo_kiir: autoDraw = false
113.71178500005044	EXP	szo_kiir: color = {"_rgb":[1,1,1]}
113.71178500005044	EXP	szo_kiir: text = "rakódik"
114.23278000019491	EXP	szo_kiir: autoDraw = true
114.85436500003561	DATA	Keydown: ArrowRight
114.88556500012055	EXP	szo_kiir: autoDraw = false
114.88556500012055	EXP	szo_kiir: color = {"_rgb":[1,1,1]}
114.88556500012055	EXP	szo_kiir: text = "arisztokratikus"
115.39973000017926	EXP	szo_kiir: autoDraw = true
116.59221500018612	DATA	Keydown: ArrowRight
116.59728500014171	EXP	szo_kiir: autoDraw = false
116.59728500014171	EXP	szo_kiir: color = {"_rgb":[1,1,1]}
116.59728500014171	EXP	szo_kiir: text = "nyilváram"
117.12090000021271	EXP	szo_kiir: autoDraw = true
117.74231500015594	DATA	Keydown: ArrowRight
117.74729500012472	EXP	szo_kiir: autoDraw = false
117.74729500012472	EXP	szo_kiir: color = {"_rgb":[1,1,1]}
117.74729500012472	EXP	szo_kiir: text = "stádium"
118.26666500000283	EXP	szo_kiir: autoDraw = true
118.93308000010438	DATA	Keydown: ArrowRight
118.96105000004172	EXP	szo_kiir: autoDraw = false
118.96105000004172	EXP	szo_kiir: color = {"_rgb":[1,1,1]}
118.96105000004172	EXP	szo_kiir: text = "fűtőanyag"
119.48426500009373	EXP	szo_kiir: autoDraw = true
120.26746500004083	DATA	Keydown: ArrowRight
120.2791150000412	EXP	szo_kiir: autoDraw = false
120.2791150000412	EXP	szo_kiir: color = {"_rgb":[1,1,1]}
120.2791150000412	EXP	szo_kiir: text = "bódé"
120.8000549999997	EXP	szo_kiir: autoDraw = true
121.43714500009082	DATA	Keydown: ArrowRight
121.45840000011958	EXP	szo_kiir: autoDraw = false
121.45840000011958	EXP	szo_kiir: color = {"_rgb":[1,1,1]}
121.45840000011958	EXP	szo_kiir: text = "lendít"
121.96679500001483	EXP	szo_kiir: autoDraw = true
122.63451500004157	DATA	Keydown: ArrowRight
122.64574000006542	EXP	szo_kiir: autoDraw = false
122.64574000006542	EXP	szo_kiir: color = {"_rgb":[1,1,1]}
122.64574000006542	EXP	szo_kiir: text = "újgazdag"
123.20190500002354	EXP	szo_kiir: autoDraw = true
124.3435049999971	DATA	Keydown: ArrowRight
124.40626500011422	EXP	szo_kiir: autoDraw = false
124.40626500011422	EXP	szo_kiir: color = {"_rgb":[1,1,1]}
124.40626500011422	EXP	szo_kiir: text = "ómagyar"
124.86697000009008	EXP	szo_kiir: autoDraw = true
125.54583000019193	DATA	Keydown: ArrowRight
125.55102500016801	EXP	szo_kiir: autoDraw = false
125.55102500016801	EXP	szo_kiir: color = {"_rgb":[1,1,1]}
125.55102500016801	EXP	szo_kiir: text = "téesz"
126.0660800000187	EXP	szo_kiir: autoDraw = true
126.78883500001393	DATA	Keydown: ArrowLeft
126.80003500008024	EXP	szo_kiir: autoDraw = false
126.80003500008024	EXP	szo_kiir: color = {"_rgb":[1,1,1]}
126.80003500008024	EXP	szo_kiir: text = "csattog"
127.31655000010505	EXP	szo_kiir: autoDraw = true
128.2209050001111	DATA	Keydown: ArrowRight
128.24271500017494	EXP	szo_kiir: autoDraw = false
128.24271500017494	EXP	szo_kiir: color = {"_rgb":[1,1,1]}
128.24271500017494	EXP	szo_kiir: text = "szitál"
128.74995000008494	EXP	szo_kiir: autoDraw = true
129.42006000014953	DATA	Keydown: ArrowRight
129.43081500008702	EXP	szo_kiir: autoDraw = false
129.43081500008702	EXP	szo_kiir: color = {"_rgb":[1,1,1]}
129.43081500008702	EXP	szo_kiir: text = "ború"
129.9506850000471	EXP	szo_kiir: autoDraw = true
130.58399000018835	DATA	Keydown: ArrowRight
130.63615000015125	EXP	szo_kiir: autoDraw = false
130.63615000015125	EXP	szo_kiir: color = {"_rgb":[1,1,1]}
130.63615000015125	EXP	szo_kiir: text = "tanácskozik"
131.1513200001791	EXP	szo_kiir: autoDraw = true
131.85625000018626	DATA	Keydown: ArrowRight
131.86583500006236	EXP	szo_kiir: autoDraw = false
131.86583500006236	EXP	szo_kiir: color = {"_rgb":[1,1,1]}
131.86583500006236	EXP	szo_kiir: text = "oldalszél"
132.38538000010885	EXP	szo_kiir: autoDraw = true
133.2011950002052	DATA	Keydown: ArrowRight
133.22766000009142	EXP	szo_kiir: autoDraw = false
133.22766000009142	EXP	szo_kiir: color = {"_rgb":[1,1,1]}
133.22766000009142	EXP	szo_kiir: text = "ezredmásodperc"
133.7346400001552	EXP	szo_kiir: autoDraw = true
134.48551000002772	DATA	Keydown: ArrowRight
134.50125500001013	EXP	szo_kiir: autoDraw = false
134.50125500001013	EXP	szo_kiir: color = {"_rgb":[1,1,1]}
134.50125500001013	EXP	szo_kiir: text = "pártol"
135.0181150001008	EXP	szo_kiir: autoDraw = true
135.7115450000856	DATA	Keydown: ArrowRight
135.7284650001675	EXP	szo_kiir: autoDraw = false
135.7284650001675	EXP	szo_kiir: color = {"_rgb":[1,1,1]}
135.7284650001675	EXP	szo_kiir: text = "rubinvörös"
136.23524500010535	EXP	szo_kiir: autoDraw = true
136.95878500002436	DATA	Keydown: ArrowRight
136.96620000014082	EXP	szo_kiir: autoDraw = false
136.96620000014082	EXP	szo_kiir: color = {"_rgb":[1,1,1]}
136.96620000014082	EXP	szo_kiir: text = "hübrisz"
137.48932000016794	EXP	szo_kiir: autoDraw = true
138.33709500008263	DATA	Keydown: ArrowLeft
138.34846500004642	EXP	szo_kiir: autoDraw = false
138.34846500004642	EXP	szo_kiir: color = {"_rgb":[1,1,1]}
138.34846500004642	EXP	szo_kiir: text = "firkál"
138.86850000009872	EXP	szo_kiir: autoDraw = true
139.52085000020452	DATA	Keydown: ArrowRight
139.54515500017442	EXP	szo_kiir: autoDraw = false
139.54515500017442	EXP	szo_kiir: color = {"_rgb":[1,1,1]}
139.54515500017442	EXP	szo_kiir: text = "nyerít"
140.0524850001093	EXP	szo_kiir: autoDraw = true
140.675475000171	DATA	Keydown: ArrowRight
140.68233000021428	EXP	szo_kiir: autoDraw = false
140.68233000021428	EXP	szo_kiir: color = {"_rgb":[1,1,1]}
140.68233000021428	EXP	szo_kiir: text = "sematizmus"
141.20344500010833	EXP	szo_kiir: autoDraw = true
142.29369000019506	DATA	Keydown: ArrowRight
142.31800000020303	EXP	szo_kiir: autoDraw = false
142.31800000020303	EXP	szo_kiir: color = {"_rgb":[1,1,1]}
142.31800000020303	EXP	szo_kiir: text = "rucaöröm"
142.84043000009842	EXP	szo_kiir: autoDraw = true
143.7545800001826	DATA	Keydown: ArrowLeft
143.7662400000263	EXP	szo_kiir: autoDraw = false
143.7662400000263	EXP	szo_kiir: color = {"_rgb":[1,1,1]}
143.7662400000263	EXP	szo_kiir: text = "gyülemlik"
144.28732500015758	EXP	szo_kiir: autoDraw = true
145.14203500002623	DATA	Keydown: ArrowRight
145.15125000011176	EXP	szo_kiir: autoDraw = false
145.15125000011176	EXP	szo_kiir: color = {"_rgb":[1,1,1]}
145.15125000011176	EXP	szo_kiir: text = "csontdarab"
145.6726000001654	EXP	szo_kiir: autoDraw = true
146.38702000002377	DATA	Keydown: ArrowRight
146.4167750000488	EXP	szo_kiir: autoDraw = false
146.4167750000488	EXP	szo_kiir: color = {"_rgb":[1,1,1]}
146.4167750000488	EXP	szo_kiir: text = "pallérozódik"
146.93821000005119	EXP	szo_kiir: autoDraw = true
147.65429000020958	DATA	Keydown: ArrowRight
147.66693500010297	EXP	szo_kiir: autoDraw = false
147.66693500010297	EXP	szo_kiir: color = {"_rgb":[1,1,1]}
147.66693500010297	EXP	szo_kiir: text = "anyajogú"
148.18738000001758	EXP	szo_kiir: autoDraw = true
148.85403500008397	DATA	Keydown: ArrowRight
148.88025000016205	EXP	szo_kiir: autoDraw = false
148.88025000016205	EXP	szo_kiir: color = {"_rgb":[1,1,1]}
148.88025000016205	EXP	szo_kiir: text = "vízilabdázik"
149.38890000013635	EXP	szo_kiir: autoDraw = true
150.17640500003472	DATA	Keydown: ArrowRight
150.18626000010408	EXP	szo_kiir: autoDraw = false
150.18626000010408	EXP	szo_kiir: color = {"_rgb":[1,1,1]}
150.18626000010408	EXP	szo_kiir: text = "kanalaz"
150.7057700001169	EXP	szo_kiir: autoDraw = true
151.42254500021227	DATA	Keydown: ArrowRight
151.4485500000883	EXP	szo_kiir: autoDraw = false
151.4485500000883	EXP	szo_kiir: color = {"_rgb":[1,1,1]}
151.4485500000883	EXP	szo_kiir: text = "agráregyetem"
151.96530000003986	EXP	szo_kiir: autoDraw = true
152.76572500006296	DATA	Keydown: ArrowRight
152.7715400001034	EXP	szo_kiir: autoDraw = false
152.7715400001034	EXP	szo_kiir: color = {"_rgb":[1,1,1]}
152.7715400001034	EXP	szo_kiir: text = "bajadér"
153.2888900001999	EXP	szo_kiir: autoDraw = true
154.2981550002005	DATA	Keydown: ArrowLeft
154.30306500010192	EXP	szo_kiir: autoDraw = false
154.30306500010192	EXP	szo_kiir: color = {"_rgb":[1,1,1]}
154.30306500010192	EXP	szo_kiir: text = "kocskesi"
154.8220100000035	EXP	szo_kiir: autoDraw = true
155.63772500003688	DATA	Keydown: ArrowLeft
155.66471000015736	EXP	szo_kiir: autoDraw = false
155.66471000015736	EXP	szo_kiir: color = {"_rgb":[1,1,1]}
155.66471000015736	EXP	szo_kiir: text = "rendő"
156.17184000019915	EXP	szo_kiir: autoDraw = true
157.07452500006184	DATA	Keydown: ArrowLeft
157.08554500015453	EXP	szo_kiir: autoDraw = false
157.08554500015453	EXP	szo_kiir: color = {"_rgb":[1,1,1]}
157.08554500015453	EXP	szo_kiir: text = "tröshet"
157.62888000020757	EXP	szo_kiir: autoDraw = true
158.34650000021793	DATA	Keydown: ArrowLeft
158.36512000020593	EXP	szo_kiir: autoDraw = false
158.36512000020593	EXP	szo_kiir: color = {"_rgb":[1,1,1]}
158.36512000020593	EXP	szo_kiir: text = "hazardírozik"
158.88280000002123	EXP	szo_kiir: autoDraw = true
159.69979000021704	DATA	Keydown: ArrowRight
159.70478000002913	EXP	szo_kiir: autoDraw = false
159.70478000002913	EXP	szo_kiir: color = {"_rgb":[1,1,1]}
159.70478000002913	EXP	szo_kiir: text = "tipizál"
160.2277550001163	EXP	szo_kiir: autoDraw = true
161.0269050002098	DATA	Keydown: ArrowRight
161.04923000000417	EXP	szo_kiir: autoDraw = false
161.04923000000417	EXP	szo_kiir: color = {"_rgb":[1,1,1]}
161.04923000000417	EXP	szo_kiir: text = "ostorán"
161.58560500014573	EXP	szo_kiir: autoDraw = true
162.43324000015855	DATA	Keydown: ArrowLeft
162.43840500013903	EXP	szo_kiir: autoDraw = false
162.43840500013903	EXP	szo_kiir: color = {"_rgb":[1,1,1]}
162.43840500013903	EXP	szo_kiir: text = "hullong"
162.95695500005968	EXP	szo_kiir: autoDraw = true
163.89526500017382	DATA	Keydown: ArrowLeft
163.93325500003994	EXP	szo_kiir: autoDraw = false
163.93325500003994	EXP	szo_kiir: color = {"_rgb":[1,1,1]}
163.93325500003994	EXP	szo_kiir: text = "illikázó"
164.44000500021502	EXP	szo_kiir: autoDraw = true
165.21648500021547	DATA	Keydown: ArrowLeft
165.32967500016093	EXP	szo_kiir: autoDraw = false
165.32967500016093	EXP	szo_kiir: color = {"_rgb":[1,1,1]}
165.32967500016093	EXP	szo_kiir: text = "rücsök"
165.84079000004567	EXP	szo_kiir: autoDraw = true
166.66475500003435	DATA	Keydown: ArrowLeft
166.67058000015095	EXP	szo_kiir: autoDraw = false
166.67058000015095	EXP	szo_kiir: color = {"_rgb":[1,1,1]}
166.67058000015095	EXP	szo_kiir: text = "hegelianizmus"
167.1909900000319	EXP	szo_kiir: autoDraw = true
168.26662000012584	DATA	Keydown: ArrowRight
168.27164500020444	EXP	szo_kiir: autoDraw = false
168.27164500020444	EXP	szo_kiir: color = {"_rgb":[1,1,1]}
168.27164500020444	EXP	szo_kiir: text = "multiregionális"
168.7914250001777	EXP	szo_kiir: autoDraw = true
170.10226000007242	DATA	Keydown: ArrowRight
170.16361000016332	EXP	szo_kiir: autoDraw = false
170.16361000016332	EXP	szo_kiir: color = {"_rgb":[1,1,1]}
170.16361000016332	EXP	szo_kiir: text = "abeti"
170.64357000007294	EXP	szo_kiir: autoDraw = true
171.37260000011884	DATA	Keydown: ArrowLeft
171.37869500019588	EXP	szo_kiir: autoDraw = false
171.37869500019588	EXP	szo_kiir: color = {"_rgb":[1,1,1]}
171.37869500019588	EXP	szo_kiir: text = "urbanizálódik"
171.89275500015356	EXP	szo_kiir: autoDraw = true
172.66843000007793	DATA	Keydown: ArrowRight
172.68852000008337	EXP	szo_kiir: autoDraw = false
172.68852000008337	EXP	szo_kiir: color = {"_rgb":[1,1,1]}
172.68852000008337	EXP	szo_kiir: text = "ízesedik"
173.20852500014007	EXP	szo_kiir: autoDraw = true
174.0601400001906	DATA	Keydown: ArrowRight
174.07180500007235	EXP	szo_kiir: autoDraw = false
174.07180500007235	EXP	szo_kiir: color = {"_rgb":[1,1,1]}
174.07180500007235	EXP	szo_kiir: text = "tapétáz"
174.59160000015981	EXP	szo_kiir: autoDraw = true
175.3608200000599	DATA	Keydown: ArrowRight
175.38566999998875	EXP	szo_kiir: autoDraw = false
175.38566999998875	EXP	szo_kiir: color = {"_rgb":[1,1,1]}
175.38566999998875	EXP	szo_kiir: text = "szeizmogram"
175.8926850000862	EXP	szo_kiir: autoDraw = true
176.74941500020213	DATA	Keydown: ArrowLeft
176.75621500005946	EXP	szo_kiir: autoDraw = false
176.75621500005946	EXP	szo_kiir: color = {"_rgb":[1,1,1]}
176.75621500005946	EXP	szo_kiir: text = "leverzsköl"
177.27906000008807	EXP	szo_kiir: autoDraw = true
178.3408650001511	DATA	Keydown: ArrowLeft
178.35630000010133	EXP	szo_kiir: autoDraw = false
178.35630000010133	EXP	szo_kiir: color = {"_rgb":[1,1,1]}
178.35630000010133	EXP	szo_kiir: text = "karikáz"
178.87709500011988	EXP	szo_kiir: autoDraw = true
179.65612000017427	DATA	Keydown: ArrowRight
179.71646500006318	EXP	szo_kiir: autoDraw = false
179.71646500006318	EXP	szo_kiir: color = {"_rgb":[1,1,1]}
179.71646500006318	EXP	szo_kiir: text = "füvesít"
180.22830500011332	EXP	szo_kiir: autoDraw = true
180.9220000000205	DATA	Keydown: ArrowRight
180.9268400000874	EXP	szo_kiir: autoDraw = false
180.9268400000874	EXP	szo_kiir: color = {"_rgb":[1,1,1]}
180.9268400000874	EXP	szo_kiir: text = "kócol"
181.44315500021912	EXP	szo_kiir: autoDraw = true
182.84648000006564	DATA	Keydown: ArrowRight
182.89280000003055	EXP	szo_kiir: autoDraw = false
182.89280000003055	EXP	szo_kiir: color = {"_rgb":[1,1,1]}
182.89280000003055	EXP	szo_kiir: text = "donhuán"
183.4145650002174	EXP	szo_kiir: autoDraw = true
184.817050000187	DATA	Keydown: ArrowRight
184.82446000003256	EXP	szo_kiir: autoDraw = false
184.82446000003256	EXP	szo_kiir: color = {"_rgb":[1,1,1]}
184.82446000003256	EXP	szo_kiir: text = "vulkanizál"
185.3609450000804	EXP	szo_kiir: autoDraw = true
186.08372500003316	DATA	Keydown: ArrowRight
186.12143500009552	EXP	szo_kiir: autoDraw = false
186.12143500009552	EXP	szo_kiir: color = {"_rgb":[1,1,1]}
186.12143500009552	EXP	szo_kiir: text = "expresszlevél"
186.6281200000085	EXP	szo_kiir: autoDraw = true
187.6723850001581	DATA	Keydown: ArrowRight
187.67802500003017	EXP	szo_kiir: autoDraw = false
187.67802500003017	EXP	szo_kiir: color = {"_rgb":[1,1,1]}
187.67802500003017	EXP	szo_kiir: text = "sűrítható"
188.19836000003852	EXP	szo_kiir: autoDraw = true
188.9959750000853	DATA	Keydown: ArrowRight
189.00849000015296	EXP	szo_kiir: autoDraw = false
189.00849000015296	EXP	szo_kiir: color = {"_rgb":[1,1,1]}
189.00849000015296	EXP	szo_kiir: text = "hasonértékű"
189.53212000010535	EXP	szo_kiir: autoDraw = true
190.44310000003316	DATA	Keydown: ArrowRight
190.47524500009604	EXP	szo_kiir: autoDraw = false
190.47524500009604	EXP	szo_kiir: color = {"_rgb":[1,1,1]}
190.47524500009604	EXP	szo_kiir: text = "kettősfém"
190.9983750001993	EXP	szo_kiir: autoDraw = true
191.78632499999367	DATA	Keydown: ArrowRight
191.79316500015557	EXP	szo_kiir: autoDraw = false
191.79316500015557	EXP	szo_kiir: color = {"_rgb":[1,1,1]}
191.79316500015557	EXP	szo_kiir: text = "teszű"
192.3141600000672	EXP	szo_kiir: autoDraw = true
193.1962000001222	DATA	Keydown: ArrowLeft
193.2228400001768	EXP	szo_kiir: autoDraw = false
193.2228400001768	EXP	szo_kiir: color = {"_rgb":[1,1,1]}
193.2228400001768	EXP	szo_kiir: text = "eretnek"
193.72975000017323	EXP	szo_kiir: autoDraw = true
194.4324900000356	DATA	Keydown: ArrowRight
194.44318000017665	EXP	szo_kiir: autoDraw = false
194.44318000017665	EXP	szo_kiir: color = {"_rgb":[1,1,1]}
194.44318000017665	EXP	szo_kiir: text = "ultatlados"
194.96246500010602	EXP	szo_kiir: autoDraw = true
196.30985500011593	DATA	Keydown: ArrowLeft
196.3294150000438	EXP	szo_kiir: autoDraw = false
196.3294150000438	EXP	szo_kiir: color = {"_rgb":[1,1,1]}
196.3294150000438	EXP	szo_kiir: text = "skrupulizál"
196.852540000109	EXP	szo_kiir: autoDraw = true
198.17453000019304	DATA	Keydown: ArrowLeft
198.18051500013098	EXP	szo_kiir: autoDraw = false
198.18051500013098	EXP	szo_kiir: color = {"_rgb":[1,1,1]}
198.18051500013098	EXP	szo_kiir: text = "istác"
198.69685000018217	EXP	szo_kiir: autoDraw = true
199.4375599999912	DATA	Keydown: ArrowLeft
199.44440999999642	EXP	szo_kiir: autoDraw = false
199.44440999999642	EXP	szo_kiir: color = {"_rgb":[1,1,1]}
199.44440999999642	EXP	szo_kiir: text = "tortya"
199.96490000002086	EXP	szo_kiir: autoDraw = true
200.78411500016227	DATA	Keydown: ArrowLeft
200.79373500007205	EXP	szo_kiir: autoDraw = false
200.79373500007205	EXP	szo_kiir: color = {"_rgb":[1,1,1]}
200.79373500007205	EXP	szo_kiir: text = "gyant"
201.31375500001013	EXP	szo_kiir: autoDraw = true
202.35801500012167	DATA	Keydown: ArrowLeft
202.38244500011206	EXP	szo_kiir: autoDraw = false
202.38244500011206	EXP	szo_kiir: color = {"_rgb":[1,1,1]}
202.38244500011206	EXP	szo_kiir: text = "csüggöny"
202.89897500001825	EXP	szo_kiir: autoDraw = true
203.7210550000891	DATA	Keydown: ArrowLeft
203.72729000006802	EXP	szo_kiir: autoDraw = false
203.72729000006802	EXP	szo_kiir: color = {"_rgb":[1,1,1]}
203.72729000006802	EXP	szo_kiir: text = "dumcsoska"
204.24845500010997	EXP	szo_kiir: autoDraw = true
205.8649999999907	DATA	Keydown: ArrowLeft
205.90205000014976	EXP	szo_kiir: autoDraw = false
205.90205000014976	EXP	szo_kiir: color = {"_rgb":[1,1,1]}
205.90205000014976	EXP	szo_kiir: text = "polcol"
206.41474500019103	EXP	szo_kiir: autoDraw = true
207.1744300001301	DATA	Keydown: ArrowRight
207.179270000197	EXP	szo_kiir: autoDraw = false
207.179270000197	EXP	szo_kiir: color = {"_rgb":[1,1,1]}
207.179270000197	EXP	szo_kiir: text = "skubizik"
207.7143250000663	EXP	szo_kiir: autoDraw = true
208.6166150001809	DATA	Keydown: ArrowRight
208.64196999999695	EXP	szo_kiir: autoDraw = false
208.64196999999695	EXP	szo_kiir: color = {"_rgb":[1,1,1]}
208.64196999999695	EXP	szo_kiir: text = "nemesbít"
209.14896000013687	EXP	szo_kiir: autoDraw = true
209.91817000019364	DATA	Keydown: ArrowRight
209.92864000005648	EXP	szo_kiir: autoDraw = false
209.92864000005648	EXP	szo_kiir: color = {"_rgb":[1,1,1]}
209.92864000005648	EXP	szo_kiir: text = "pilinckézik"
210.4489950002171	EXP	szo_kiir: autoDraw = true
211.6824900000356	DATA	Keydown: ArrowRight
211.7063550001476	EXP	szo_kiir: autoDraw = false
211.7063550001476	EXP	szo_kiir: color = {"_rgb":[1,1,1]}
211.7063550001476	EXP	szo_kiir: text = "frizíroz"
212.21516000013798	EXP	szo_kiir: autoDraw = true
213.76076500001363	DATA	Keydown: ArrowLeft
213.76841500005685	EXP	szo_kiir: autoDraw = false
213.76841500005685	EXP	szo_kiir: color = {"_rgb":[1,1,1]}
213.76841500005685	EXP	szo_kiir: text = "díjnokoskodik"
214.2858350002207	EXP	szo_kiir: autoDraw = true
215.41017500008456	DATA	Keydown: ArrowLeft
215.4163300001528	EXP	szo_kiir: autoDraw = false
215.4163300001528	EXP	szo_kiir: color = {"_rgb":[1,1,1]}
215.4163300001528	EXP	szo_kiir: text = "aximai"
215.93478500004858	EXP	szo_kiir: autoDraw = true
216.81674000015482	DATA	Keydown: ArrowLeft
216.82970500015654	EXP	szo_kiir: autoDraw = false
216.82970500015654	EXP	szo_kiir: color = {"_rgb":[1,1,1]}
216.82970500015654	EXP	szo_kiir: text = "széledez"
217.3500350001268	EXP	szo_kiir: autoDraw = true
218.5581400000956	DATA	Keydown: ArrowRight
218.58146500005387	EXP	szo_kiir: autoDraw = false
218.58146500005387	EXP	szo_kiir: color = {"_rgb":[1,1,1]}
218.58146500005387	EXP	szo_kiir: text = "prémez"
219.102095000213	EXP	szo_kiir: autoDraw = true
219.75170000013895	DATA	Keydown: ArrowRight
219.76471000001766	EXP	szo_kiir: autoDraw = false
219.76471000001766	EXP	szo_kiir: color = {"_rgb":[1,1,1]}
219.76471000001766	EXP	szo_kiir: text = "kibogarász"
220.28401000006124	EXP	szo_kiir: autoDraw = true
221.69500500010327	DATA	Keydown: ArrowRight
221.71183500019833	EXP	szo_kiir: autoDraw = false
221.71183500019833	EXP	koszi_szoveg: autoDraw = true
