0.20952000000397675	EXP	Created Window = Window( name=Window, fullscr=true, color=#000000, units=norm, waitBlanking=true, autoLog=true, size=[1366,635] )
3.610629999981029	DATA	Keydown: 1
3.884889999986626	DATA	Keydown: 3
4.222974999982398	DATA	Keydown: 6
4.945754999993369	DATA	Keydown: 7
7.922804999980144	DATA	Keydown: n
8.148885000002338	DATA	Keydown: ő
11.334374999976717	DATA	Keydown: 1
11.635559999995166	DATA	Keydown: 9
11.855054999992717	DATA	Keydown: 9
12.144310000003316	DATA	Keydown: 6
13.099404999986291	DATA	Keydown: .
13.517559999978403	DATA	Keydown: 0
13.651364999997895	DATA	Keydown: 7
13.972789999999804	DATA	Keydown: .
14.327055000001565	DATA	Keydown: 0
14.450194999983069	DATA	Keydown: 2
14.816624999977648	DATA	Keydown: .
17.933365000004414	DATA	Keydown: 1
17.999385000002803	DATA	Keydown: 6
22.984984999988228	EXP	Created instruction_text1 = TextStim( name=instruction_text1, win=Window( name=Window, fullscr=true, color=#000000, ~), autoDraw=null, autoLog=true, units=norm, ori=null, opacity=1, pos=[0,0], size=undefined, text=Ön most szavakat fog látni.

Ezek között lesznek o~, font=Arial, color=#ffffff, contrast=1, height=0.05, bold=null, italic=null, alignHoriz=left, alignVert=center, wrapWidth=1, flipHoriz=null, flipVert=null )
22.994734999985667	EXP	Created instruction_text2 = TextStim( name=instruction_text2, win=Window( name=Window, fullscr=true, color=#000000, ~), autoDraw=null, autoLog=true, units=norm, ori=null, opacity=1, pos=[0,0], size=undefined, text=Először két egyszerű példát mutatunk Önnek.

Az el~, font=Arial, color=#FFFFFF, contrast=1, height=0.05, bold=null, italic=null, alignHoriz=left, alignVert=center, wrapWidth=1, flipHoriz=null, flipVert=null )
22.998939999990398	EXP	Created show_text = TextStim( name=show_text, win=Window( name=Window, fullscr=true, color=#000000, ~), autoDraw=null, autoLog=true, units=norm, ori=null, opacity=1, pos=[0,0], size=undefined, text=asztal, font=Arial, color=#FFFFFF, contrast=1, height=0.2, bold=null, italic=null, alignHoriz=left, alignVert=center, wrapWidth=1, flipHoriz=null, flipVert=null )
23.0054999999993	EXP	Created text = TextStim( name=text, win=Window( name=Window, fullscr=true, color=#000000, ~), autoDraw=null, autoLog=true, units=norm, ori=null, opacity=1, pos=[0,0], size=undefined, text=bzsmfsztal, font=Arial, color=#FFFFFF, contrast=1, height=0.2, bold=null, italic=null, alignHoriz=left, alignVert=center, wrapWidth=1, flipHoriz=null, flipVert=null )
23.013630000001285	EXP	Created instruction_text3 = TextStim( name=instruction_text3, win=Window( name=Window, fullscr=true, color=#000000, ~), autoDraw=null, autoLog=true, units=norm, ori=null, opacity=1, pos=[0,0], size=undefined, text=Pazar. Most kezdődik az igazi kísérlet. Néhány per~, font=Arial, color=#FFFFFF, contrast=1, height=0.1, bold=null, italic=null, alignHoriz=left, alignVert=center, wrapWidth=1, flipHoriz=null, flipVert=null )
23.016784999985248	EXP	Created szo_kiir = TextStim( name=szo_kiir, win=Window( name=Window, fullscr=true, color=#000000, ~), autoDraw=null, autoLog=true, units=norm, ori=null, opacity=1, pos=[0,0], size=undefined, text=default text, font=Arial, color=#FFFFFF, contrast=1, height=0.2, bold=null, italic=null, alignHoriz=left, alignVert=center, wrapWidth=1, flipHoriz=null, flipVert=null )
23.019679999997607	EXP	Created koszi_szoveg = TextStim( name=koszi_szoveg, win=Window( name=Window, fullscr=true, color=#000000, ~), autoDraw=null, autoLog=true, units=norm, ori=null, opacity=1, pos=[0,0], size=undefined, text=Vége a kísérletnek. Köszönjük a részvételt!, font=arial, color=#ffffff, contrast=1, height=0.1, bold=null, italic=null, alignHoriz=left, alignVert=center, wrapWidth=1, flipHoriz=null, flipVert=null )
23.137009999976726	EXP	instruction_text1: units = "norm"
23.137009999976726	EXP	instruction_text1: ori = 0
23.137009999976726	EXP	instruction_text1: opacity = 1
23.137009999976726	EXP	instruction_text1: pos = [0,0]
23.137009999976726	EXP	instruction_text1: size = undefined
23.137009999976726	EXP	instruction_text1: text = "Ön most szavakat fog látni.\n\nEzek között lesznek olyanok, amelyeket ismer, de előfordulhatnak olyanok is, amelyeket nem ismer, sőt, vannak köztük kitalált szavak is. \n\nKérjük, ha ismeri a képernyőn látható szót, nyomja meg a JOBB kurzorbillentyűt.\nKérjük, ha NEM ismeri a képernyőn látható szót, vagy azt gondolja, nincs ilyen szó a magyarban, nyomja meg a BAL kurzorbillentyűt.\n\nAz 'Ismerem a szót' döntés itt most ezt jelenti: találkoztam már vele, és van valami elképzelésem a jelentéséről is.  \n\nNyomjon meg bármilyen billentyűt a folytatáshoz."
23.137009999976726	EXP	instruction_text1: font = "Arial"
23.137009999976726	EXP	instruction_text1: color = {"_rgb":[1,1,1]}
23.137009999976726	EXP	instruction_text1: contrast = 1
23.137009999976726	EXP	instruction_text1: height = 0.05
23.137009999976726	EXP	instruction_text1: bold = false
23.137009999976726	EXP	instruction_text1: italic = false
23.137009999976726	EXP	instruction_text1: alignHoriz = "left"
23.137009999976726	EXP	instruction_text1: alignVert = "center"
23.137009999976726	EXP	instruction_text1: wrapWidth = 1
23.137009999976726	EXP	instruction_text1: flipHoriz = false
23.137009999976726	EXP	instruction_text1: flipVert = false
23.137009999976726	EXP	instruction_text2: units = "norm"
23.137009999976726	EXP	instruction_text2: ori = 0
23.137009999976726	EXP	instruction_text2: opacity = 1
23.137009999976726	EXP	instruction_text2: pos = [0,0]
23.137009999976726	EXP	instruction_text2: size = undefined
23.137009999976726	EXP	instruction_text2: text = "Először két egyszerű példát mutatunk Önnek.\n\nAz első szó létezik a magyarban, és valószínűleg Ön is ismeri. Itt nyomja majd meg a jobb kurzorbillentyűt.\nA második szó nem létezik a magyar nyelvben. Itt nyomja majd meg a bal kurzorbillentyűt.\n\nFontos, hogy a jobb gombot a jobb kezével, a bal gombot a bal kezével nyomja, ha tudja, és ne egy kezét használja a kísérletben.\n\nNyomjon meg bármilyen gombot a folytatáshoz."
23.137009999976726	EXP	instruction_text2: font = "Arial"
23.137009999976726	EXP	instruction_text2: color = {"_hex":"#FFFFFF","_rgb":[1,1,1]}
23.137009999976726	EXP	instruction_text2: contrast = 1
23.137009999976726	EXP	instruction_text2: height = 0.05
23.137009999976726	EXP	instruction_text2: bold = false
23.137009999976726	EXP	instruction_text2: italic = false
23.137009999976726	EXP	instruction_text2: alignHoriz = "left"
23.137009999976726	EXP	instruction_text2: alignVert = "center"
23.137009999976726	EXP	instruction_text2: wrapWidth = 1
23.137009999976726	EXP	instruction_text2: flipHoriz = false
23.137009999976726	EXP	instruction_text2: flipVert = false
23.137009999976726	EXP	show_text: units = "norm"
23.137009999976726	EXP	show_text: ori = 0
23.137009999976726	EXP	show_text: opacity = 1
23.137009999976726	EXP	show_text: pos = [0,0]
23.137009999976726	EXP	show_text: size = undefined
23.137009999976726	EXP	show_text: text = "asztal"
23.137009999976726	EXP	show_text: font = "Arial"
23.137009999976726	EXP	show_text: color = {"_hex":"#FFFFFF","_rgb":[1,1,1]}
23.137009999976726	EXP	show_text: contrast = 1
23.137009999976726	EXP	show_text: height = 0.2
23.137009999976726	EXP	show_text: bold = false
23.137009999976726	EXP	show_text: italic = false
23.137009999976726	EXP	show_text: alignHoriz = "left"
23.137009999976726	EXP	show_text: alignVert = "center"
23.137009999976726	EXP	show_text: wrapWidth = 1
23.137009999976726	EXP	show_text: flipHoriz = false
23.137009999976726	EXP	show_text: flipVert = false
23.137009999976726	EXP	text: units = "norm"
23.137009999976726	EXP	text: ori = 0
23.137009999976726	EXP	text: opacity = 1
23.137009999976726	EXP	text: pos = [0,0]
23.137009999976726	EXP	text: size = undefined
23.137009999976726	EXP	text: text = "bzsmfsztal"
23.137009999976726	EXP	text: font = "Arial"
23.137009999976726	EXP	text: color = {"_hex":"#FFFFFF","_rgb":[1,1,1]}
23.137009999976726	EXP	text: contrast = 1
23.137009999976726	EXP	text: height = 0.2
23.137009999976726	EXP	text: bold = false
23.137009999976726	EXP	text: italic = false
23.137009999976726	EXP	text: alignHoriz = "left"
23.137009999976726	EXP	text: alignVert = "center"
23.137009999976726	EXP	text: wrapWidth = 1
23.137009999976726	EXP	text: flipHoriz = false
23.137009999976726	EXP	text: flipVert = false
23.137009999976726	EXP	instruction_text3: units = "norm"
23.137009999976726	EXP	instruction_text3: ori = 0
23.137009999976726	EXP	instruction_text3: opacity = 1
23.137009999976726	EXP	instruction_text3: pos = [0,0]
23.137009999976726	EXP	instruction_text3: size = undefined
23.137009999976726	EXP	instruction_text3: text = "Pazar. Most kezdődik az igazi kísérlet. Néhány percig fog tartani. Nem kell nagyon sietnie, de igyekezzen gyorsan válaszolni.\n\nNe feledje, ha tudja, a jobb gombot a jobbkezével, a bal gombot a balkezével nyomja le.\n\nNyomjon meg bármilyen gombot a folytatáshoz."
23.137009999976726	EXP	instruction_text3: font = "Arial"
23.137009999976726	EXP	instruction_text3: color = {"_hex":"#FFFFFF","_rgb":[1,1,1]}
23.137009999976726	EXP	instruction_text3: contrast = 1
23.137009999976726	EXP	instruction_text3: height = 0.1
23.137009999976726	EXP	instruction_text3: bold = false
23.137009999976726	EXP	instruction_text3: italic = false
23.137009999976726	EXP	instruction_text3: alignHoriz = "left"
23.137009999976726	EXP	instruction_text3: alignVert = "center"
23.137009999976726	EXP	instruction_text3: wrapWidth = 1
23.137009999976726	EXP	instruction_text3: flipHoriz = false
23.137009999976726	EXP	instruction_text3: flipVert = false
23.137009999976726	EXP	szo_kiir: units = "norm"
23.137009999976726	EXP	szo_kiir: ori = 0
23.137009999976726	EXP	szo_kiir: opacity = 1
23.137009999976726	EXP	szo_kiir: pos = [0,0]
23.137009999976726	EXP	szo_kiir: size = undefined
23.137009999976726	EXP	szo_kiir: text = "default text"
23.137009999976726	EXP	szo_kiir: font = "Arial"
23.137009999976726	EXP	szo_kiir: color = {"_hex":"#FFFFFF","_rgb":[1,1,1]}
23.137009999976726	EXP	szo_kiir: contrast = 1
23.137009999976726	EXP	szo_kiir: height = 0.2
23.137009999976726	EXP	szo_kiir: bold = false
23.137009999976726	EXP	szo_kiir: italic = false
23.137009999976726	EXP	szo_kiir: alignHoriz = "left"
23.137009999976726	EXP	szo_kiir: alignVert = "center"
23.137009999976726	EXP	szo_kiir: wrapWidth = 1
23.137009999976726	EXP	szo_kiir: flipHoriz = false
23.137009999976726	EXP	szo_kiir: flipVert = false
23.137009999976726	EXP	koszi_szoveg: units = "norm"
23.137009999976726	EXP	koszi_szoveg: ori = 0
23.137009999976726	EXP	koszi_szoveg: opacity = 1
23.137009999976726	EXP	koszi_szoveg: pos = [0,0]
23.137009999976726	EXP	koszi_szoveg: size = undefined
23.137009999976726	EXP	koszi_szoveg: text = "Vége a kísérletnek. Köszönjük a részvételt!"
23.137009999976726	EXP	koszi_szoveg: font = "arial"
23.137009999976726	EXP	koszi_szoveg: color = {"_rgb":[1,1,1]}
23.137009999976726	EXP	koszi_szoveg: contrast = 1
23.137009999976726	EXP	koszi_szoveg: height = 0.1
23.137009999976726	EXP	koszi_szoveg: bold = false
23.137009999976726	EXP	koszi_szoveg: italic = false
23.137009999976726	EXP	koszi_szoveg: alignHoriz = "left"
23.137009999976726	EXP	koszi_szoveg: alignVert = "center"
23.137009999976726	EXP	koszi_szoveg: wrapWidth = 1
23.137009999976726	EXP	koszi_szoveg: flipHoriz = false
23.137009999976726	EXP	koszi_szoveg: flipVert = false
23.137009999976726	EXP	instruction_text1: autoDraw = true
115.78032999997959	DATA	Keydown:  
115.81006499999785	EXP	instruction_text1: autoDraw = false
115.81006499999785	EXP	instruction_text2: autoDraw = true
132.88976999997976	DATA	Mouse: 0 button down, pos=(779,677)
133.01449999999022	DATA	Mouse: 0 button down, pos=(779,677)
135.54833999997936	DATA	Keydown: ArrowRight
135.5594749999873	EXP	instruction_text2: autoDraw = false
136.10210499999812	EXP	show_text: autoDraw = true
136.8483299999789	DATA	Keydown: ArrowRight
136.86033999998472	EXP	show_text: autoDraw = false
137.3844499999832	EXP	text: autoDraw = true
139.13375999999698	DATA	Keydown: ArrowLeft
139.18174999998882	EXP	text: autoDraw = false
139.18174999998882	EXP	instruction_text3: autoDraw = true
149.82927999997628	DATA	Keydown: ArrowRight
149.9589799999958	EXP	instruction_text3: autoDraw = false
149.9589799999958	EXP	szo_kiir: color = {"_rgb":[1,1,1]}
149.9589799999958	EXP	szo_kiir: text = "komoly"
150.48154499998782	EXP	szo_kiir: autoDraw = true
151.16094499998144	DATA	Keydown: ArrowRight
151.17675499999314	EXP	szo_kiir: autoDraw = false
151.17675499999314	EXP	szo_kiir: color = {"_rgb":[1,1,1]}
151.17675499999314	EXP	szo_kiir: text = "kap"
151.69583499999135	EXP	szo_kiir: autoDraw = true
152.26101999997627	DATA	Keydown: ArrowRight
152.3182899999956	EXP	szo_kiir: autoDraw = false
152.3182899999956	EXP	szo_kiir: color = {"_rgb":[1,1,1]}
152.3182899999956	EXP	szo_kiir: text = "gyerek"
152.8312900000019	EXP	szo_kiir: autoDraw = true
153.40184499998577	DATA	Keydown: ArrowRight
153.4096900000004	EXP	szo_kiir: autoDraw = false
153.4096900000004	EXP	szo_kiir: color = {"_rgb":[1,1,1]}
153.4096900000004	EXP	szo_kiir: text = "nyújt"
153.93069999999716	EXP	szo_kiir: autoDraw = true
154.49517999999807	DATA	Keydown: ArrowRight
154.55567000000156	EXP	szo_kiir: autoDraw = false
154.55567000000156	EXP	szo_kiir: color = {"_rgb":[1,1,1]}
154.55567000000156	EXP	szo_kiir: text = "dolgozik"
155.06828499998664	EXP	szo_kiir: autoDraw = true
155.6288849999837	DATA	Keydown: ArrowRight
155.64315499999793	EXP	szo_kiir: autoDraw = false
155.64315499999793	EXP	szo_kiir: color = {"_rgb":[1,1,1]}
155.64315499999793	EXP	szo_kiir: text = "függ"
156.1638099999982	EXP	szo_kiir: autoDraw = true
156.7508149999776	DATA	Keydown: ArrowRight
156.7956299999787	EXP	szo_kiir: autoDraw = false
156.7956299999787	EXP	szo_kiir: color = {"_rgb":[1,1,1]}
156.7956299999787	EXP	szo_kiir: text = "fény"
157.31706999999005	EXP	szo_kiir: autoDraw = true
157.86316499998793	DATA	Keydown: ArrowRight
157.87609999999404	EXP	szo_kiir: autoDraw = false
157.87609999999404	EXP	szo_kiir: color = {"_rgb":[1,1,1]}
157.87609999999404	EXP	szo_kiir: text = "boldog"
158.39608999999473	EXP	szo_kiir: autoDraw = true
158.92810999997891	DATA	Keydown: ArrowRight
158.9851449999842	EXP	szo_kiir: autoDraw = false
158.9851449999842	EXP	szo_kiir: color = {"_rgb":[1,1,1]}
158.9851449999842	EXP	szo_kiir: text = "hatalom"
159.49642999999924	EXP	szo_kiir: autoDraw = true
160.0730249999906	DATA	Keydown: ArrowRight
160.07717499998398	EXP	szo_kiir: autoDraw = false
160.07717499998398	EXP	szo_kiir: color = {"_rgb":[1,1,1]}
160.07717499998398	EXP	szo_kiir: text = "storka"
160.59617999999318	EXP	szo_kiir: autoDraw = true
161.69959499998367	DATA	Keydown: ArrowLeft
161.7287499999802	EXP	szo_kiir: autoDraw = false
161.7287499999802	EXP	szo_kiir: color = {"_rgb":[1,1,1]}
161.7287499999802	EXP	szo_kiir: text = "helyezkedik"
162.2500149999978	EXP	szo_kiir: autoDraw = true
163.34381999998004	DATA	Keydown: ArrowRight
163.35843500000192	EXP	szo_kiir: autoDraw = false
163.35843500000192	EXP	szo_kiir: color = {"_rgb":[1,1,1]}
163.35843500000192	EXP	szo_kiir: text = "terjed"
163.8819300000032	EXP	szo_kiir: autoDraw = true
164.45629999999073	DATA	Keydown: ArrowRight
164.48837499998626	EXP	szo_kiir: autoDraw = false
164.48837499998626	EXP	szo_kiir: color = {"_rgb":[1,1,1]}
164.48837499998626	EXP	szo_kiir: text = "karakter"
164.994944999984	EXP	szo_kiir: autoDraw = true
165.61160499998368	DATA	Keydown: ArrowRight
165.62518999999156	EXP	szo_kiir: autoDraw = false
165.62518999999156	EXP	szo_kiir: color = {"_rgb":[1,1,1]}
165.62518999999156	EXP	szo_kiir: text = "tenger"
166.14772999999695	EXP	szo_kiir: autoDraw = true
166.66335999997682	DATA	Keydown: ArrowRight
166.7115599999961	EXP	szo_kiir: autoDraw = false
166.7115599999961	EXP	szo_kiir: color = {"_rgb":[1,1,1]}
166.7115599999961	EXP	szo_kiir: text = "kollektív"
167.22920499998145	EXP	szo_kiir: autoDraw = true
167.87826999998651	DATA	Keydown: ArrowRight
167.8918549999944	EXP	szo_kiir: autoDraw = false
167.8918549999944	EXP	szo_kiir: color = {"_rgb":[1,1,1]}
167.8918549999944	EXP	szo_kiir: text = "átütésetti"
168.4126249999972	EXP	szo_kiir: autoDraw = true
170.44411499999114	DATA	Keydown: ArrowLeft
170.47750999999698	EXP	szo_kiir: autoDraw = false
170.47750999999698	EXP	szo_kiir: color = {"_rgb":[1,1,1]}
170.47750999999698	EXP	szo_kiir: text = "keritkol"
170.9944399999804	EXP	szo_kiir: autoDraw = true
172.19428499997593	DATA	Keydown: ArrowLeft
172.20834499999182	EXP	szo_kiir: autoDraw = false
172.20834499999182	EXP	szo_kiir: color = {"_rgb":[1,1,1]}
172.20834499999182	EXP	szo_kiir: text = "lábtörög"
172.73113999998895	EXP	szo_kiir: autoDraw = true
173.75101999999606	DATA	Keydown: ArrowLeft
173.77255999998306	EXP	szo_kiir: autoDraw = false
173.77255999998306	EXP	szo_kiir: color = {"_rgb":[1,1,1]}
173.77255999998306	EXP	szo_kiir: text = "repülőgép"
174.27950499998406	EXP	szo_kiir: autoDraw = true
174.9280799999833	DATA	Keydown: ArrowRight
174.94151499998407	EXP	szo_kiir: autoDraw = false
174.94151499998407	EXP	szo_kiir: color = {"_rgb":[1,1,1]}
174.94151499998407	EXP	szo_kiir: text = "cselekmény"
175.46238499999163	EXP	szo_kiir: autoDraw = true
176.04864999998244	DATA	Keydown: ArrowRight
176.07671500000288	EXP	szo_kiir: autoDraw = false
176.07671500000288	EXP	szo_kiir: color = {"_rgb":[1,1,1]}
176.07671500000288	EXP	szo_kiir: text = "fényképezőgép"
176.59554999999818	EXP	szo_kiir: autoDraw = true
177.4318599999824	DATA	Keydown: ArrowRight
177.44152999998187	EXP	szo_kiir: autoDraw = false
177.44152999998187	EXP	szo_kiir: color = {"_rgb":[1,1,1]}
177.44152999998187	EXP	szo_kiir: text = "kalcium"
177.96193999997922	EXP	szo_kiir: autoDraw = true
178.91779499998665	DATA	Keydown: ArrowRight
178.94109999999637	EXP	szo_kiir: autoDraw = false
178.94109999999637	EXP	szo_kiir: color = {"_rgb":[1,1,1]}
178.94109999999637	EXP	szo_kiir: text = "ponálgai"
179.46216999998433	EXP	szo_kiir: autoDraw = true
180.528484999988	DATA	Keydown: ArrowLeft
180.54145499999868	EXP	szo_kiir: autoDraw = false
180.54145499999868	EXP	szo_kiir: color = {"_rgb":[1,1,1]}
180.54145499999868	EXP	szo_kiir: text = "ékszer"
181.06502999999793	EXP	szo_kiir: autoDraw = true
181.78924499999266	DATA	Keydown: ArrowRight
181.8157399999909	EXP	szo_kiir: autoDraw = false
181.8157399999909	EXP	szo_kiir: color = {"_rgb":[1,1,1]}
181.8157399999909	EXP	szo_kiir: text = "rom"
182.32865499999025	EXP	szo_kiir: autoDraw = true
182.95108999998774	DATA	Keydown: ArrowRight
182.9580549999955	EXP	szo_kiir: autoDraw = false
182.9580549999955	EXP	szo_kiir: color = {"_rgb":[1,1,1]}
182.9580549999955	EXP	szo_kiir: text = "alapszabály"
183.4785200000042	EXP	szo_kiir: autoDraw = true
184.08392999999342	DATA	Keydown: ArrowRight
184.10764999999083	EXP	szo_kiir: autoDraw = false
184.10764999999083	EXP	szo_kiir: color = {"_rgb":[1,1,1]}
184.10764999999083	EXP	szo_kiir: text = "bútori"
184.6275800000003	EXP	szo_kiir: autoDraw = true
185.18327999999747	DATA	Keydown: ArrowRight
185.19269499997608	EXP	szo_kiir: autoDraw = false
185.19269499997608	EXP	szo_kiir: color = {"_rgb":[1,1,1]}
185.19269499997608	EXP	szo_kiir: text = "halom"
185.71144499999355	EXP	szo_kiir: autoDraw = true
186.262155000004	DATA	Keydown: ArrowRight
186.2751949999947	EXP	szo_kiir: autoDraw = false
186.2751949999947	EXP	szo_kiir: color = {"_rgb":[1,1,1]}
186.2751949999947	EXP	szo_kiir: text = "had"
186.7945999999938	EXP	szo_kiir: autoDraw = true
187.483269999997	DATA	Keydown: ArrowRight
187.51066499997978	EXP	szo_kiir: autoDraw = false
187.51066499997978	EXP	szo_kiir: color = {"_rgb":[1,1,1]}
187.51066499997978	EXP	szo_kiir: text = "tajtásos"
188.03092999997898	EXP	szo_kiir: autoDraw = true
188.96709999997984	DATA	Keydown: ArrowLeft
188.9746199999936	EXP	szo_kiir: autoDraw = false
188.9746199999936	EXP	szo_kiir: color = {"_rgb":[1,1,1]}
188.9746199999936	EXP	szo_kiir: text = "agyag"
189.49541499998304	EXP	szo_kiir: autoDraw = true
190.31171999999788	DATA	Keydown: ArrowLeft
190.3245749999769	EXP	szo_kiir: autoDraw = false
190.3245749999769	EXP	szo_kiir: color = {"_rgb":[1,1,1]}
190.3245749999769	EXP	szo_kiir: text = "olvad"
190.8456999999762	EXP	szo_kiir: autoDraw = true
191.69470999998157	DATA	Keydown: ArrowRight
191.7295649999869	EXP	szo_kiir: autoDraw = false
191.7295649999869	EXP	szo_kiir: color = {"_rgb":[1,1,1]}
191.7295649999869	EXP	szo_kiir: text = "extravagáns"
192.2482500000042	EXP	szo_kiir: autoDraw = true
193.1796800000011	DATA	Keydown: ArrowRight
193.1917249999824	EXP	szo_kiir: autoDraw = false
193.1917249999824	EXP	szo_kiir: color = {"_rgb":[1,1,1]}
193.1917249999824	EXP	szo_kiir: text = "numer"
193.71163999999408	EXP	szo_kiir: autoDraw = true
194.74903499998618	DATA	Keydown: ArrowLeft
194.78383999998914	EXP	szo_kiir: autoDraw = false
194.78383999998914	EXP	szo_kiir: color = {"_rgb":[1,1,1]}
194.78383999998914	EXP	szo_kiir: text = "horizont"
195.29410499997903	EXP	szo_kiir: autoDraw = true
195.9142399999837	DATA	Keydown: ArrowRight
195.92452000000048	EXP	szo_kiir: autoDraw = false
195.92452000000048	EXP	szo_kiir: color = {"_rgb":[1,1,1]}
195.92452000000048	EXP	szo_kiir: text = "kán"
196.44733999998425	EXP	szo_kiir: autoDraw = true
197.3940349999757	DATA	Keydown: ArrowRight
197.4282949999906	EXP	szo_kiir: autoDraw = false
197.4282949999906	EXP	szo_kiir: color = {"_rgb":[1,1,1]}
197.4282949999906	EXP	szo_kiir: text = "szivalka"
197.94383499998366	EXP	szo_kiir: autoDraw = true
199.16722499998286	DATA	Keydown: ArrowLeft
199.17444499998237	EXP	szo_kiir: autoDraw = false
199.17444499998237	EXP	szo_kiir: color = {"_rgb":[1,1,1]}
199.17444499998237	EXP	szo_kiir: text = "kárpit"
199.69696000000113	EXP	szo_kiir: autoDraw = true
200.4049149999919	DATA	Keydown: ArrowRight
200.42569499998353	EXP	szo_kiir: autoDraw = false
200.42569499998353	EXP	szo_kiir: color = {"_rgb":[1,1,1]}
200.42569499998353	EXP	szo_kiir: text = "derít"
200.94650999997975	EXP	szo_kiir: autoDraw = true
201.7773949999828	DATA	Keydown: ArrowRight
201.79121499997564	EXP	szo_kiir: autoDraw = false
201.79121499997564	EXP	szo_kiir: color = {"_rgb":[1,1,1]}
201.79121499997564	EXP	szo_kiir: text = "fennsík"
202.31110999998054	EXP	szo_kiir: autoDraw = true
202.9212899999984	DATA	Keydown: ArrowRight
202.9433999999892	EXP	szo_kiir: autoDraw = false
202.9433999999892	EXP	szo_kiir: color = {"_rgb":[1,1,1]}
202.9433999999892	EXP	szo_kiir: text = "sárgaréz"
203.46161499997834	EXP	szo_kiir: autoDraw = true
207.44293499999912	DATA	Keydown: ArrowRight
207.45838999998523	EXP	szo_kiir: autoDraw = false
207.45838999998523	EXP	szo_kiir: color = {"_rgb":[1,1,1]}
207.45838999998523	EXP	szo_kiir: text = "sóhajt"
207.97799499999383	EXP	szo_kiir: autoDraw = true
208.57132499999716	DATA	Keydown: ArrowRight
208.58948999998393	EXP	szo_kiir: autoDraw = false
208.58948999998393	EXP	szo_kiir: color = {"_rgb":[1,1,1]}
208.58948999998393	EXP	szo_kiir: text = "leér"
209.0963749999937	EXP	szo_kiir: autoDraw = true
209.70923499998753	DATA	Keydown: ArrowRight
209.72442499999306	EXP	szo_kiir: autoDraw = false
209.72442499999306	EXP	szo_kiir: color = {"_rgb":[1,1,1]}
209.72442499999306	EXP	szo_kiir: text = "tarol"
210.24752999999328	EXP	szo_kiir: autoDraw = true
210.85672499999055	DATA	Keydown: ArrowRight
210.8801299999759	EXP	szo_kiir: autoDraw = false
210.8801299999759	EXP	szo_kiir: color = {"_rgb":[1,1,1]}
210.8801299999759	EXP	szo_kiir: text = "indulatú"
211.39861999999266	EXP	szo_kiir: autoDraw = true
212.89395499997772	DATA	Keydown: ArrowRight
212.90804999999818	EXP	szo_kiir: autoDraw = false
212.90804999999818	EXP	szo_kiir: color = {"_rgb":[1,1,1]}
212.90804999999818	EXP	szo_kiir: text = "nagybeteg"
213.42775000000256	EXP	szo_kiir: autoDraw = true
214.14865499999723	DATA	Keydown: ArrowRight
214.1712299999781	EXP	szo_kiir: autoDraw = false
214.1712299999781	EXP	szo_kiir: color = {"_rgb":[1,1,1]}
214.1712299999781	EXP	szo_kiir: text = "mater"
214.68010499997763	EXP	szo_kiir: autoDraw = true
216.46073500000057	DATA	Keydown: ArrowRight
216.47449999998207	EXP	szo_kiir: autoDraw = false
216.47449999998207	EXP	szo_kiir: color = {"_rgb":[1,1,1]}
216.47449999998207	EXP	szo_kiir: text = "árus"
216.9945149999985	EXP	szo_kiir: autoDraw = true
217.85418999998365	DATA	Keydown: ArrowRight
217.8718200000003	EXP	szo_kiir: autoDraw = false
217.8718200000003	EXP	szo_kiir: color = {"_rgb":[1,1,1]}
217.8718200000003	EXP	szo_kiir: text = "szitál"
218.37658499999088	EXP	szo_kiir: autoDraw = true
219.1469099999813	DATA	Keydown: ArrowRight
219.15741499999422	EXP	szo_kiir: autoDraw = false
219.15741499999422	EXP	szo_kiir: color = {"_rgb":[1,1,1]}
219.15741499999422	EXP	szo_kiir: text = "tincs"
219.6804799999809	EXP	szo_kiir: autoDraw = true
220.31370499997865	DATA	Keydown: ArrowRight
220.3390649999783	EXP	szo_kiir: autoDraw = false
220.3390649999783	EXP	szo_kiir: color = {"_rgb":[1,1,1]}
220.3390649999783	EXP	szo_kiir: text = "konzílium"
220.8455149999936	EXP	szo_kiir: autoDraw = true
221.92612499999814	DATA	Keydown: ArrowLeft
221.94064499999513	EXP	szo_kiir: autoDraw = false
221.94064499999513	EXP	szo_kiir: color = {"_rgb":[1,1,1]}
221.94064499999513	EXP	szo_kiir: text = "oldalszél"
222.4601899999834	EXP	szo_kiir: autoDraw = true
223.16281999999774	DATA	Keydown: ArrowRight
223.17411500000162	EXP	szo_kiir: autoDraw = false
223.17411500000162	EXP	szo_kiir: color = {"_rgb":[1,1,1]}
223.17411500000162	EXP	szo_kiir: text = "balassol"
223.69679999997607	EXP	szo_kiir: autoDraw = true
224.6044600000023	DATA	Keydown: ArrowLeft
224.62324499999522	EXP	szo_kiir: autoDraw = false
224.62324499999522	EXP	szo_kiir: color = {"_rgb":[1,1,1]}
224.62324499999522	EXP	szo_kiir: text = "dermeszt"
225.14347499998985	EXP	szo_kiir: autoDraw = true
225.83213999998407	DATA	Keydown: ArrowRight
225.84088499998325	EXP	szo_kiir: autoDraw = false
225.84088499998325	EXP	szo_kiir: color = {"_rgb":[1,1,1]}
225.84088499998325	EXP	szo_kiir: text = "multiplikatív"
226.36035499998252	EXP	szo_kiir: autoDraw = true
227.67659499999718	DATA	Keydown: ArrowRight
227.70366999998805	EXP	szo_kiir: autoDraw = false
227.70366999998805	EXP	szo_kiir: color = {"_rgb":[1,1,1]}
227.70366999998805	EXP	szo_kiir: text = "részletez"
228.2101899999834	EXP	szo_kiir: autoDraw = true
228.7316699999792	DATA	Keydown: ArrowRight
228.74062999998569	EXP	szo_kiir: autoDraw = false
228.74062999998569	EXP	szo_kiir: color = {"_rgb":[1,1,1]}
228.74062999998569	EXP	szo_kiir: text = "sakat"
229.26027499997872	EXP	szo_kiir: autoDraw = true
230.0691999999981	DATA	Keydown: ArrowLeft
230.09031999998842	EXP	szo_kiir: autoDraw = false
230.09031999998842	EXP	szo_kiir: color = {"_rgb":[1,1,1]}
230.09031999998842	EXP	szo_kiir: text = "műt"
230.61475499998778	EXP	szo_kiir: autoDraw = true
231.135414999997	DATA	Keydown: ArrowRight
231.14387499997974	EXP	szo_kiir: autoDraw = false
231.14387499997974	EXP	szo_kiir: color = {"_rgb":[1,1,1]}
231.14387499997974	EXP	szo_kiir: text = "látolt"
231.6613199999847	EXP	szo_kiir: autoDraw = true
233.98730499998783	DATA	Keydown: ArrowLeft
234.02349999998114	EXP	szo_kiir: autoDraw = false
234.02349999998114	EXP	szo_kiir: color = {"_rgb":[1,1,1]}
234.02349999998114	EXP	szo_kiir: text = "tárgylemez"
234.54760499999975	EXP	szo_kiir: autoDraw = true
235.83592499999213	DATA	Keydown: ArrowRight
235.84149999998044	EXP	szo_kiir: autoDraw = false
235.84149999998044	EXP	szo_kiir: color = {"_rgb":[1,1,1]}
235.84149999998044	EXP	szo_kiir: text = "álomkór"
236.36365499999374	EXP	szo_kiir: autoDraw = true
237.60269499997958	DATA	Keydown: ArrowRight
237.62429999999586	EXP	szo_kiir: autoDraw = false
237.62429999999586	EXP	szo_kiir: color = {"_rgb":[1,1,1]}
237.62429999999586	EXP	szo_kiir: text = "bóbiskol"
238.1501199999766	EXP	szo_kiir: autoDraw = true
238.7778849999886	DATA	Keydown: ArrowRight
238.79144000000088	EXP	szo_kiir: autoDraw = false
238.79144000000088	EXP	szo_kiir: color = {"_rgb":[1,1,1]}
238.79144000000088	EXP	szo_kiir: text = "keszködmön"
239.3116399999999	EXP	szo_kiir: autoDraw = true
240.51224999999977	DATA	Keydown: ArrowLeft
240.54099499998847	EXP	szo_kiir: autoDraw = false
240.54099499998847	EXP	szo_kiir: color = {"_rgb":[1,1,1]}
240.54099499998847	EXP	szo_kiir: text = "akarózik"
241.0653099999763	EXP	szo_kiir: autoDraw = true
241.74341500000446	DATA	Keydown: ArrowRight
241.75696999998763	EXP	szo_kiir: autoDraw = false
241.75696999998763	EXP	szo_kiir: color = {"_rgb":[1,1,1]}
241.75696999998763	EXP	szo_kiir: text = "adszorbens"
242.31539999999222	EXP	szo_kiir: autoDraw = true
244.54913999998826	DATA	Keydown: ArrowLeft
244.5578299999761	EXP	szo_kiir: autoDraw = false
244.5578299999761	EXP	szo_kiir: color = {"_rgb":[1,1,1]}
244.5578299999761	EXP	szo_kiir: text = "szendültet"
245.08077000000048	EXP	szo_kiir: autoDraw = true
246.12912999998662	DATA	Keydown: ArrowLeft
246.15573499997845	EXP	szo_kiir: autoDraw = false
246.15573499997845	EXP	szo_kiir: color = {"_rgb":[1,1,1]}
246.15573499997845	EXP	szo_kiir: text = "konyosbetű"
246.6646999999939	EXP	szo_kiir: autoDraw = true
247.90954999998212	DATA	Keydown: ArrowLeft
247.92471500000102	EXP	szo_kiir: autoDraw = false
247.92471500000102	EXP	szo_kiir: color = {"_rgb":[1,1,1]}
247.92471500000102	EXP	szo_kiir: text = "stósz"
248.4438749999972	EXP	szo_kiir: autoDraw = true
249.33166499997606	DATA	Keydown: ArrowLeft
249.34112499997718	EXP	szo_kiir: autoDraw = false
249.34112499997718	EXP	szo_kiir: color = {"_rgb":[1,1,1]}
249.34112499997718	EXP	szo_kiir: text = "ötletdús"
249.8670549999806	EXP	szo_kiir: autoDraw = true
250.95460999998613	DATA	Keydown: ArrowRight
250.97264500000165	EXP	szo_kiir: autoDraw = false
250.97264500000165	EXP	szo_kiir: color = {"_rgb":[1,1,1]}
250.97264500000165	EXP	szo_kiir: text = "lapockacsont"
251.49353999999585	EXP	szo_kiir: autoDraw = true
252.3592649999773	DATA	Keydown: ArrowRight
252.37354999998934	EXP	szo_kiir: autoDraw = false
252.37354999998934	EXP	szo_kiir: color = {"_rgb":[1,1,1]}
252.37354999998934	EXP	szo_kiir: text = "majánosol"
252.8944649999903	EXP	szo_kiir: autoDraw = true
254.29300999999396	DATA	Keydown: ArrowLeft
254.3196900000039	EXP	szo_kiir: autoDraw = false
254.3196900000039	EXP	szo_kiir: color = {"_rgb":[1,1,1]}
254.3196900000039	EXP	szo_kiir: text = "csüggeszt"
254.83096999998088	EXP	szo_kiir: autoDraw = true
255.57637999998406	DATA	Keydown: ArrowRight
255.5907399999851	EXP	szo_kiir: autoDraw = false
255.5907399999851	EXP	szo_kiir: color = {"_rgb":[1,1,1]}
255.5907399999851	EXP	szo_kiir: text = "zúzanó"
256.112999999983	EXP	szo_kiir: autoDraw = true
257.56739499999094	DATA	Keydown: ArrowLeft
257.5909699999902	EXP	szo_kiir: autoDraw = false
257.5909699999902	EXP	szo_kiir: color = {"_rgb":[1,1,1]}
257.5909699999902	EXP	szo_kiir: text = "fonógép"
258.1129099999962	EXP	szo_kiir: autoDraw = true
258.75216000000364	DATA	Keydown: ArrowRight
258.75740000000224	EXP	szo_kiir: autoDraw = false
258.75740000000224	EXP	szo_kiir: color = {"_rgb":[1,1,1]}
258.75740000000224	EXP	szo_kiir: text = "hengerszimmetrikus"
259.28291499998886	EXP	szo_kiir: autoDraw = true
260.4927150000003	DATA	Keydown: ArrowRight
260.5226350000012	EXP	szo_kiir: autoDraw = false
260.5226350000012	EXP	szo_kiir: color = {"_rgb":[1,1,1]}
260.5226350000012	EXP	szo_kiir: text = "ökonómus"
261.0295449999976	EXP	szo_kiir: autoDraw = true
262.5294099999883	DATA	Keydown: ArrowRight
262.53994999997667	EXP	szo_kiir: autoDraw = false
262.53994999997667	EXP	szo_kiir: color = {"_rgb":[1,1,1]}
262.53994999997667	EXP	szo_kiir: text = "mérgesít"
263.06278499998734	EXP	szo_kiir: autoDraw = true
263.8281699999934	DATA	Keydown: ArrowRight
263.86501999999746	EXP	szo_kiir: autoDraw = false
263.86501999999746	EXP	szo_kiir: color = {"_rgb":[1,1,1]}
263.86501999999746	EXP	szo_kiir: text = "süteményestál"
264.37714499997674	EXP	szo_kiir: autoDraw = true
265.6982349999889	DATA	Keydown: ArrowRight
265.7073999999848	EXP	szo_kiir: autoDraw = false
265.7073999999848	EXP	szo_kiir: color = {"_rgb":[1,1,1]}
265.7073999999848	EXP	szo_kiir: text = "kolonizál"
266.2266299999901	EXP	szo_kiir: autoDraw = true
267.52796999999555	DATA	Keydown: ArrowRight
267.55634999999893	EXP	szo_kiir: autoDraw = false
267.55634999999893	EXP	szo_kiir: color = {"_rgb":[1,1,1]}
267.55634999999893	EXP	szo_kiir: text = "zenő"
268.0756699999911	EXP	szo_kiir: autoDraw = true
269.5254299999797	DATA	Keydown: ArrowLeft
269.53987499998766	EXP	szo_kiir: autoDraw = false
269.53987499998766	EXP	szo_kiir: color = {"_rgb":[1,1,1]}
269.53987499998766	EXP	szo_kiir: text = "viszonvád"
270.059500000003	EXP	szo_kiir: autoDraw = true
271.3251099999761	DATA	Keydown: ArrowLeft
271.33976000000257	EXP	szo_kiir: autoDraw = false
271.33976000000257	EXP	szo_kiir: color = {"_rgb":[1,1,1]}
271.33976000000257	EXP	szo_kiir: text = "buherál"
271.8630449999764	EXP	szo_kiir: autoDraw = true
272.66481499999645	DATA	Keydown: ArrowRight
272.69160999997985	EXP	szo_kiir: autoDraw = false
272.69160999997985	EXP	szo_kiir: color = {"_rgb":[1,1,1]}
272.69160999997985	EXP	szo_kiir: text = "bőujjú"
273.20972499999334	EXP	szo_kiir: autoDraw = true
274.3415999999852	DATA	Keydown: ArrowRight
274.3563649999851	EXP	szo_kiir: autoDraw = false
274.3563649999851	EXP	szo_kiir: color = {"_rgb":[1,1,1]}
274.3563649999851	EXP	szo_kiir: text = "silabizál"
274.8787000000011	EXP	szo_kiir: autoDraw = true
275.82668999998714	DATA	Keydown: ArrowRight
275.8541549999791	EXP	szo_kiir: autoDraw = false
275.8541549999791	EXP	szo_kiir: color = {"_rgb":[1,1,1]}
275.8541549999791	EXP	szo_kiir: text = "tokosodik"
276.3593249999976	EXP	szo_kiir: autoDraw = true
277.37717500000144	DATA	Keydown: ArrowRight
277.38964999999735	EXP	szo_kiir: autoDraw = false
277.38964999999735	EXP	szo_kiir: color = {"_rgb":[1,1,1]}
277.38964999999735	EXP	szo_kiir: text = "nagyoll"
277.90912999998545	EXP	szo_kiir: autoDraw = true
279.05841999998665	DATA	Keydown: ArrowLeft
279.0730549999862	EXP	szo_kiir: autoDraw = false
279.0730549999862	EXP	szo_kiir: color = {"_rgb":[1,1,1]}
279.0730549999862	EXP	szo_kiir: text = "túlium"
279.59410999997635	EXP	szo_kiir: autoDraw = true
280.5351199999859	DATA	Keydown: ArrowLeft
280.53994999997667	EXP	szo_kiir: autoDraw = false
280.53994999997667	EXP	szo_kiir: color = {"_rgb":[1,1,1]}
280.53994999997667	EXP	szo_kiir: text = "szolmizál"
281.0621949999768	EXP	szo_kiir: autoDraw = true
281.92738499998813	DATA	Keydown: ArrowLeft
281.9532899999758	EXP	szo_kiir: autoDraw = false
281.9532899999758	EXP	szo_kiir: color = {"_rgb":[1,1,1]}
281.9532899999758	EXP	szo_kiir: text = "házorom"
282.4661849999975	EXP	szo_kiir: autoDraw = true
283.6099849999882	DATA	Keydown: ArrowRight
283.62420999997994	EXP	szo_kiir: autoDraw = false
283.62420999997994	EXP	szo_kiir: color = {"_rgb":[1,1,1]}
283.62420999997994	EXP	szo_kiir: text = "orvatható"
284.14496499998495	EXP	szo_kiir: autoDraw = true
285.55039999997825	DATA	Keydown: ArrowLeft
285.5723049999797	EXP	szo_kiir: autoDraw = false
285.5723049999797	EXP	szo_kiir: color = {"_rgb":[1,1,1]}
285.5723049999797	EXP	szo_kiir: text = "sűrítható"
286.0976799999771	EXP	szo_kiir: autoDraw = true
287.5271049999865	DATA	Keydown: ArrowLeft
287.54025999997975	EXP	szo_kiir: autoDraw = false
287.54025999997975	EXP	szo_kiir: color = {"_rgb":[1,1,1]}
287.54025999997975	EXP	szo_kiir: text = "hasonértékű"
288.05990999998176	EXP	szo_kiir: autoDraw = true
289.0257299999939	DATA	Keydown: ArrowRight
289.0556899999792	EXP	szo_kiir: autoDraw = false
289.0556899999792	EXP	szo_kiir: color = {"_rgb":[1,1,1]}
289.0556899999792	EXP	szo_kiir: text = "kettősfém"
289.5794949999836	EXP	szo_kiir: autoDraw = true
290.4176999999909	DATA	Keydown: ArrowRight
290.424715000001	EXP	szo_kiir: autoDraw = false
290.424715000001	EXP	szo_kiir: color = {"_rgb":[1,1,1]}
290.424715000001	EXP	szo_kiir: text = "csüggedez"
290.94280999997864	EXP	szo_kiir: autoDraw = true
292.82998999999836	DATA	Keydown: ArrowRight
292.85729499999434	EXP	szo_kiir: autoDraw = false
292.85729499999434	EXP	szo_kiir: color = {"_rgb":[1,1,1]}
292.85729499999434	EXP	szo_kiir: text = "hajcsárkodik"
293.3774749999866	EXP	szo_kiir: autoDraw = true
294.27520499998354	DATA	Keydown: ArrowRight
294.2898249999853	EXP	szo_kiir: autoDraw = false
294.2898249999853	EXP	szo_kiir: color = {"_rgb":[1,1,1]}
294.2898249999853	EXP	szo_kiir: text = "dévánkozik"
294.8099449999863	EXP	szo_kiir: autoDraw = true
295.93604499998037	DATA	Keydown: ArrowLeft
295.94068999998854	EXP	szo_kiir: autoDraw = false
295.94068999998854	EXP	szo_kiir: color = {"_rgb":[1,1,1]}
295.94068999998854	EXP	szo_kiir: text = "fotoszenzibilis"
296.46035499998834	EXP	szo_kiir: autoDraw = true
298.8789799999795	DATA	Keydown: ArrowRight
298.9068299999926	EXP	szo_kiir: autoDraw = false
298.9068299999926	EXP	szo_kiir: color = {"_rgb":[1,1,1]}
298.9068299999926	EXP	szo_kiir: text = "meleglaboratórium"
299.4264549999789	EXP	szo_kiir: autoDraw = true
302.2488650000014	DATA	Keydown: ArrowRight
302.25878000000375	EXP	szo_kiir: autoDraw = false
302.25878000000375	EXP	szo_kiir: color = {"_rgb":[1,1,1]}
302.25878000000375	EXP	szo_kiir: text = "szabadszirmú"
302.4176649999863	DATA	Mouse: 0 button down, pos=(779,677)
302.54494500000146	DATA	Mouse: 0 button down, pos=(779,677)
302.77601499998127	EXP	szo_kiir: autoDraw = true
304.6174699999974	DATA	Keydown: ArrowRight
304.6384249999828	EXP	szo_kiir: autoDraw = false
304.6384249999828	EXP	szo_kiir: color = {"_rgb":[1,1,1]}
304.6384249999828	EXP	szo_kiir: text = "sápít"
305.16066500000306	EXP	szo_kiir: autoDraw = true
305.8588799999852	DATA	Keydown: ArrowRight
305.8724649999931	EXP	szo_kiir: autoDraw = false
305.8724649999931	EXP	szo_kiir: color = {"_rgb":[1,1,1]}
305.8724649999931	EXP	szo_kiir: text = "jóltart"
306.39494999998715	EXP	szo_kiir: autoDraw = true
308.11275000000023	DATA	Keydown: ArrowRight
308.1464350000024	EXP	szo_kiir: autoDraw = false
308.1464350000024	EXP	szo_kiir: color = {"_rgb":[1,1,1]}
308.1464350000024	EXP	szo_kiir: text = "kalligrafál"
308.66195999999763	EXP	szo_kiir: autoDraw = true
309.5819999999949	DATA	Keydown: ArrowRight
309.59102500000154	EXP	szo_kiir: autoDraw = false
309.59102500000154	EXP	szo_kiir: color = {"_rgb":[1,1,1]}
309.59102500000154	EXP	szo_kiir: text = "spiritualizál"
310.1092549999885	EXP	szo_kiir: autoDraw = true
311.0917699999991	DATA	Keydown: ArrowRight
311.1213849999767	EXP	szo_kiir: autoDraw = false
311.1213849999767	EXP	szo_kiir: color = {"_rgb":[1,1,1]}
311.1213849999767	EXP	szo_kiir: text = "diffamál"
311.63674499999615	EXP	szo_kiir: autoDraw = true
312.5114900000044	DATA	Keydown: ArrowLeft
312.52294500000426	EXP	szo_kiir: autoDraw = false
312.52294500000426	EXP	szo_kiir: color = {"_rgb":[1,1,1]}
312.52294500000426	EXP	szo_kiir: text = "szöngő"
313.0423149999988	EXP	szo_kiir: autoDraw = true
313.94581999999355	DATA	Keydown: ArrowLeft
313.95569999999134	EXP	szo_kiir: autoDraw = false
313.95569999999134	EXP	szo_kiir: color = {"_rgb":[1,1,1]}
313.95569999999134	EXP	szo_kiir: text = "szélmalomszárny"
314.475924999977	EXP	szo_kiir: autoDraw = true
319.3763549999858	DATA	Keydown: ArrowLeft
319.39061499998206	EXP	szo_kiir: autoDraw = false
319.39061499998206	EXP	szo_kiir: color = {"_rgb":[1,1,1]}
319.39061499998206	EXP	szo_kiir: text = "anzágol"
319.90945499998634	EXP	szo_kiir: autoDraw = true
320.95848000000115	DATA	Keydown: ArrowLeft
320.9914299999946	EXP	szo_kiir: autoDraw = false
320.9914299999946	EXP	szo_kiir: color = {"_rgb":[1,1,1]}
320.9914299999946	EXP	szo_kiir: text = "rosítottsi"
321.51186999998754	EXP	szo_kiir: autoDraw = true
322.99210999999195	DATA	Keydown: ArrowLeft
323.00550999998813	EXP	szo_kiir: autoDraw = false
323.00550999998813	EXP	szo_kiir: color = {"_rgb":[1,1,1]}
323.00550999998813	EXP	szo_kiir: text = "diszkretizál"
323.5285949999816	EXP	szo_kiir: autoDraw = true
325.90986499999417	DATA	Keydown: ArrowLeft
325.9235950000002	EXP	szo_kiir: autoDraw = false
325.9235950000002	EXP	szo_kiir: color = {"_rgb":[1,1,1]}
325.9235950000002	EXP	szo_kiir: text = "ószeven"
326.44214499997906	EXP	szo_kiir: autoDraw = true
327.31565999999293	DATA	Keydown: ArrowLeft
327.34058999997796	EXP	szo_kiir: autoDraw = false
327.34058999997796	EXP	szo_kiir: color = {"_rgb":[1,1,1]}
327.34058999997796	EXP	szo_kiir: text = "cséltás"
327.86119499997585	EXP	szo_kiir: autoDraw = true
328.86207000000286	DATA	Keydown: ArrowLeft
328.87236499998835	EXP	szo_kiir: autoDraw = false
328.87236499998835	EXP	szo_kiir: color = {"_rgb":[1,1,1]}
328.87236499998835	EXP	szo_kiir: text = "gyámpont"
329.39234999998007	EXP	szo_kiir: autoDraw = true
330.28213499998674	DATA	Keydown: ArrowLeft
330.28867499998887	EXP	szo_kiir: autoDraw = false
330.28867499998887	EXP	szo_kiir: color = {"_rgb":[1,1,1]}
330.28867499998887	EXP	szo_kiir: text = "párnásszék"
330.8128849999921	EXP	szo_kiir: autoDraw = true
332.71216500000446	DATA	Keydown: ArrowRight
332.7367899999954	EXP	szo_kiir: autoDraw = false
332.7367899999954	EXP	koszi_szoveg: autoDraw = true
333.86500499999966	DATA	Keydown: ArrowRight
