0.06995499999902677	EXP	Created Window = Window( name=Window, fullscr=true, color=#000000, units=norm, waitBlanking=true, autoLog=true, size=[1536,722] )
1.6771999999982654	DATA	Keydown: undefined
5.038434999998572	DATA	Keydown: Shift
5.251234999999724	DATA	Keydown: H
5.660864999998012	DATA	Keydown: a
6.324989999997342	DATA	Keydown: m
6.410234999999375	DATA	Keydown: v
6.742984999997134	DATA	Keydown: a
7.204874999999447	DATA	Keydown: s
7.3795849999987695	DATA	Keydown:  
7.53351499999917	DATA	Keydown: Shift
8.110209999998915	DATA	Keydown: Backspace
8.636319999997795	DATA	Keydown: Backspace
8.671210000000428	DATA	Keydown: Backspace
8.708749999997963	DATA	Keydown: Backspace
8.745814999998402	DATA	Keydown: Backspace
8.782569999999396	DATA	Keydown: Backspace
8.820724999997765	DATA	Keydown: Backspace
8.870875000000524	DATA	Keydown: Backspace
8.894154999998136	DATA	Keydown: Backspace
8.930814999999711	DATA	Keydown: Backspace
8.970774999997957	DATA	Keydown: Backspace
9.005119999997987	DATA	Keydown: Backspace
9.04260499999873	DATA	Keydown: Backspace
9.28159500000038	DATA	Keydown: Shift
9.421114999997371	DATA	Keydown: F
10.221184999998513	DATA	Keydown: é
10.387024999999994	DATA	Keydown: r
10.583174999999756	DATA	Keydown: f
10.754609999999957	DATA	Keydown: i
11.71333500000037	DATA	Keydown: Tab
12.91015999999945	DATA	Keydown: 1
13.204014999999345	DATA	Keydown: 9
13.44846999999936	DATA	Keydown: 9
13.629894999998214	DATA	Keydown: 7
14.520354999996925	DATA	Keydown: .
14.676514999999199	DATA	Keydown: 1
15.19090999999753	DATA	Keydown: 0
15.41182999999728	DATA	Keydown: .
15.554000000000087	DATA	Keydown: 1
15.770290000000386	DATA	Keydown: 7
16.487209999999322	DATA	Keydown: Tab
19.82700499999919	DATA	Keydown: 1
19.927519999997457	DATA	Keydown: 5
23.318874999997206	EXP	Created instruction_text1 = TextStim( name=instruction_text1, win=Window( name=Window, fullscr=true, color=#000000, ~), autoDraw=null, autoLog=true, units=norm, ori=null, opacity=1, pos=[0,0], size=undefined, text=Ön most szavakat fog látni.

Ezek között lesznek o~, font=Arial, color=#ffffff, contrast=1, height=0.05, bold=null, italic=null, alignHoriz=left, alignVert=center, wrapWidth=1, flipHoriz=null, flipVert=null )
23.32287499999802	EXP	Created instruction_text2 = TextStim( name=instruction_text2, win=Window( name=Window, fullscr=true, color=#000000, ~), autoDraw=null, autoLog=true, units=norm, ori=null, opacity=1, pos=[0,0], size=undefined, text=Először két egyszerű példát mutatunk Önnek.

Az el~, font=Arial, color=#FFFFFF, contrast=1, height=0.05, bold=null, italic=null, alignHoriz=left, alignVert=center, wrapWidth=1, flipHoriz=null, flipVert=null )
23.330285000000003	EXP	Created show_text = TextStim( name=show_text, win=Window( name=Window, fullscr=true, color=#000000, ~), autoDraw=null, autoLog=true, units=norm, ori=null, opacity=1, pos=[0,0], size=undefined, text=asztal, font=Arial, color=#FFFFFF, contrast=1, height=0.2, bold=null, italic=null, alignHoriz=left, alignVert=center, wrapWidth=1, flipHoriz=null, flipVert=null )
23.333024999999907	EXP	Created text = TextStim( name=text, win=Window( name=Window, fullscr=true, color=#000000, ~), autoDraw=null, autoLog=true, units=norm, ori=null, opacity=1, pos=[0,0], size=undefined, text=bzsmfsztal, font=Arial, color=#FFFFFF, contrast=1, height=0.2, bold=null, italic=null, alignHoriz=left, alignVert=center, wrapWidth=1, flipHoriz=null, flipVert=null )
23.334240000000136	EXP	Created instruction_text3 = TextStim( name=instruction_text3, win=Window( name=Window, fullscr=true, color=#000000, ~), autoDraw=null, autoLog=true, units=norm, ori=null, opacity=1, pos=[0,0], size=undefined, text=Pazar. Most kezdődik az igazi kísérlet. Néhány per~, font=Arial, color=#FFFFFF, contrast=1, height=0.1, bold=null, italic=null, alignHoriz=left, alignVert=center, wrapWidth=1, flipHoriz=null, flipVert=null )
23.335214999999152	EXP	Created szo_kiir = TextStim( name=szo_kiir, win=Window( name=Window, fullscr=true, color=#000000, ~), autoDraw=null, autoLog=true, units=norm, ori=null, opacity=1, pos=[0,0], size=undefined, text=default text, font=Arial, color=#FFFFFF, contrast=1, height=0.2, bold=null, italic=null, alignHoriz=left, alignVert=center, wrapWidth=1, flipHoriz=null, flipVert=null )
23.336114999998244	EXP	Created koszi_szoveg = TextStim( name=koszi_szoveg, win=Window( name=Window, fullscr=true, color=#000000, ~), autoDraw=null, autoLog=true, units=norm, ori=null, opacity=1, pos=[0,0], size=undefined, text=Vége a kísérletnek. Köszönjük a részvételt!, font=arial, color=#ffffff, contrast=1, height=0.1, bold=null, italic=null, alignHoriz=left, alignVert=center, wrapWidth=1, flipHoriz=null, flipVert=null )
23.392319999999017	EXP	instruction_text1: units = "norm"
23.392319999999017	EXP	instruction_text1: ori = 0
23.392319999999017	EXP	instruction_text1: opacity = 1
23.392319999999017	EXP	instruction_text1: pos = [0,0]
23.392319999999017	EXP	instruction_text1: size = undefined
23.392319999999017	EXP	instruction_text1: text = "Ön most szavakat fog látni.\n\nEzek között lesznek olyanok, amelyeket ismer, de előfordulhatnak olyanok is, amelyeket nem ismer, sőt, vannak köztük kitalált szavak is. \n\nKérjük, ha ismeri a képernyőn látható szót, nyomja meg a JOBB kurzorbillentyűt.\nKérjük, ha NEM ismeri a képernyőn látható szót, vagy azt gondolja, nincs ilyen szó a magyarban, nyomja meg a BAL kurzorbillentyűt.\n\nAz 'Ismerem a szót' döntés itt most ezt jelenti: találkoztam már vele, és van valami elképzelésem a jelentéséről is.  \n\nNyomjon meg bármilyen billentyűt a folytatáshoz."
23.392319999999017	EXP	instruction_text1: font = "Arial"
23.392319999999017	EXP	instruction_text1: color = {"_rgb":[1,1,1]}
23.392319999999017	EXP	instruction_text1: contrast = 1
23.392319999999017	EXP	instruction_text1: height = 0.05
23.392319999999017	EXP	instruction_text1: bold = false
23.392319999999017	EXP	instruction_text1: italic = false
23.392319999999017	EXP	instruction_text1: alignHoriz = "left"
23.392319999999017	EXP	instruction_text1: alignVert = "center"
23.392319999999017	EXP	instruction_text1: wrapWidth = 1
23.392319999999017	EXP	instruction_text1: flipHoriz = false
23.392319999999017	EXP	instruction_text1: flipVert = false
23.392319999999017	EXP	instruction_text2: units = "norm"
23.392319999999017	EXP	instruction_text2: ori = 0
23.392319999999017	EXP	instruction_text2: opacity = 1
23.392319999999017	EXP	instruction_text2: pos = [0,0]
23.392319999999017	EXP	instruction_text2: size = undefined
23.392319999999017	EXP	instruction_text2: text = "Először két egyszerű példát mutatunk Önnek.\n\nAz első szó létezik a magyarban, és valószínűleg Ön is ismeri. Itt nyomja majd meg a jobb kurzorbillentyűt.\nA második szó nem létezik a magyar nyelvben. Itt nyomja majd meg a bal kurzorbillentyűt.\n\nFontos, hogy a jobb gombot a jobb kezével, a bal gombot a bal kezével nyomja, ha tudja, és ne egy kezét használja a kísérletben.\n\nNyomjon meg bármilyen gombot a folytatáshoz."
23.392319999999017	EXP	instruction_text2: font = "Arial"
23.392319999999017	EXP	instruction_text2: color = {"_hex":"#FFFFFF","_rgb":[1,1,1]}
23.392319999999017	EXP	instruction_text2: contrast = 1
23.392319999999017	EXP	instruction_text2: height = 0.05
23.392319999999017	EXP	instruction_text2: bold = false
23.392319999999017	EXP	instruction_text2: italic = false
23.392319999999017	EXP	instruction_text2: alignHoriz = "left"
23.392319999999017	EXP	instruction_text2: alignVert = "center"
23.392319999999017	EXP	instruction_text2: wrapWidth = 1
23.392319999999017	EXP	instruction_text2: flipHoriz = false
23.392319999999017	EXP	instruction_text2: flipVert = false
23.392319999999017	EXP	show_text: units = "norm"
23.392319999999017	EXP	show_text: ori = 0
23.392319999999017	EXP	show_text: opacity = 1
23.392319999999017	EXP	show_text: pos = [0,0]
23.392319999999017	EXP	show_text: size = undefined
23.392319999999017	EXP	show_text: text = "asztal"
23.392319999999017	EXP	show_text: font = "Arial"
23.392319999999017	EXP	show_text: color = {"_hex":"#FFFFFF","_rgb":[1,1,1]}
23.392319999999017	EXP	show_text: contrast = 1
23.392319999999017	EXP	show_text: height = 0.2
23.392319999999017	EXP	show_text: bold = false
23.392319999999017	EXP	show_text: italic = false
23.392319999999017	EXP	show_text: alignHoriz = "left"
23.392319999999017	EXP	show_text: alignVert = "center"
23.392319999999017	EXP	show_text: wrapWidth = 1
23.392319999999017	EXP	show_text: flipHoriz = false
23.392319999999017	EXP	show_text: flipVert = false
23.392319999999017	EXP	text: units = "norm"
23.392319999999017	EXP	text: ori = 0
23.392319999999017	EXP	text: opacity = 1
23.392319999999017	EXP	text: pos = [0,0]
23.392319999999017	EXP	text: size = undefined
23.392319999999017	EXP	text: text = "bzsmfsztal"
23.392319999999017	EXP	text: font = "Arial"
23.392319999999017	EXP	text: color = {"_hex":"#FFFFFF","_rgb":[1,1,1]}
23.392319999999017	EXP	text: contrast = 1
23.392319999999017	EXP	text: height = 0.2
23.392319999999017	EXP	text: bold = false
23.392319999999017	EXP	text: italic = false
23.392319999999017	EXP	text: alignHoriz = "left"
23.392319999999017	EXP	text: alignVert = "center"
23.392319999999017	EXP	text: wrapWidth = 1
23.392319999999017	EXP	text: flipHoriz = false
23.392319999999017	EXP	text: flipVert = false
23.392319999999017	EXP	instruction_text3: units = "norm"
23.392319999999017	EXP	instruction_text3: ori = 0
23.392319999999017	EXP	instruction_text3: opacity = 1
23.392319999999017	EXP	instruction_text3: pos = [0,0]
23.392319999999017	EXP	instruction_text3: size = undefined
23.392319999999017	EXP	instruction_text3: text = "Pazar. Most kezdődik az igazi kísérlet. Néhány percig fog tartani. Nem kell nagyon sietnie, de igyekezzen gyorsan válaszolni.\n\nNe feledje, ha tudja, a jobb gombot a jobbkezével, a bal gombot a balkezével nyomja le.\n\nNyomjon meg bármilyen gombot a folytatáshoz."
23.392319999999017	EXP	instruction_text3: font = "Arial"
23.392319999999017	EXP	instruction_text3: color = {"_hex":"#FFFFFF","_rgb":[1,1,1]}
23.392319999999017	EXP	instruction_text3: contrast = 1
23.392319999999017	EXP	instruction_text3: height = 0.1
23.392319999999017	EXP	instruction_text3: bold = false
23.392319999999017	EXP	instruction_text3: italic = false
23.392319999999017	EXP	instruction_text3: alignHoriz = "left"
23.392319999999017	EXP	instruction_text3: alignVert = "center"
23.392319999999017	EXP	instruction_text3: wrapWidth = 1
23.392319999999017	EXP	instruction_text3: flipHoriz = false
23.392319999999017	EXP	instruction_text3: flipVert = false
23.392319999999017	EXP	szo_kiir: units = "norm"
23.392319999999017	EXP	szo_kiir: ori = 0
23.392319999999017	EXP	szo_kiir: opacity = 1
23.392319999999017	EXP	szo_kiir: pos = [0,0]
23.392319999999017	EXP	szo_kiir: size = undefined
23.392319999999017	EXP	szo_kiir: text = "default text"
23.392319999999017	EXP	szo_kiir: font = "Arial"
23.392319999999017	EXP	szo_kiir: color = {"_hex":"#FFFFFF","_rgb":[1,1,1]}
23.392319999999017	EXP	szo_kiir: contrast = 1
23.392319999999017	EXP	szo_kiir: height = 0.2
23.392319999999017	EXP	szo_kiir: bold = false
23.392319999999017	EXP	szo_kiir: italic = false
23.392319999999017	EXP	szo_kiir: alignHoriz = "left"
23.392319999999017	EXP	szo_kiir: alignVert = "center"
23.392319999999017	EXP	szo_kiir: wrapWidth = 1
23.392319999999017	EXP	szo_kiir: flipHoriz = false
23.392319999999017	EXP	szo_kiir: flipVert = false
23.392319999999017	EXP	koszi_szoveg: units = "norm"
23.392319999999017	EXP	koszi_szoveg: ori = 0
23.392319999999017	EXP	koszi_szoveg: opacity = 1
23.392319999999017	EXP	koszi_szoveg: pos = [0,0]
23.392319999999017	EXP	koszi_szoveg: size = undefined
23.392319999999017	EXP	koszi_szoveg: text = "Vége a kísérletnek. Köszönjük a részvételt!"
23.392319999999017	EXP	koszi_szoveg: font = "arial"
23.392319999999017	EXP	koszi_szoveg: color = {"_rgb":[1,1,1]}
23.392319999999017	EXP	koszi_szoveg: contrast = 1
23.392319999999017	EXP	koszi_szoveg: height = 0.1
23.392319999999017	EXP	koszi_szoveg: bold = false
23.392319999999017	EXP	koszi_szoveg: italic = false
23.392319999999017	EXP	koszi_szoveg: alignHoriz = "left"
23.392319999999017	EXP	koszi_szoveg: alignVert = "center"
23.392319999999017	EXP	koszi_szoveg: wrapWidth = 1
23.392319999999017	EXP	koszi_szoveg: flipHoriz = false
23.392319999999017	EXP	koszi_szoveg: flipVert = false
23.392319999999017	EXP	instruction_text1: autoDraw = true
57.1428199999973	DATA	Keydown: g
57.16393999999855	EXP	instruction_text1: autoDraw = false
57.16393999999855	EXP	instruction_text2: autoDraw = true
68.17016499999954	DATA	Keydown: f
68.19552499999918	EXP	instruction_text2: autoDraw = false
68.71755499999927	EXP	show_text: autoDraw = true
70.60181000000011	DATA	Keydown: ArrowRight
70.62853999999788	EXP	show_text: autoDraw = false
71.14544999999998	EXP	text: autoDraw = true
72.38613499999701	DATA	Keydown: ArrowLeft
72.42683499999839	EXP	text: autoDraw = false
72.42683499999839	EXP	instruction_text3: autoDraw = true
88.81651499999862	DATA	Keydown:  
88.857509999998	EXP	instruction_text3: autoDraw = false
88.857509999998	EXP	szo_kiir: color = {"_rgb":[1,1,1]}
88.857509999998	EXP	szo_kiir: text = "szigon"
89.3641349999998	EXP	szo_kiir: autoDraw = true
90.910904999997	DATA	Keydown: ArrowLeft
90.92729999999938	EXP	szo_kiir: autoDraw = false
90.92729999999938	EXP	szo_kiir: color = {"_rgb":[1,1,1]}
90.92729999999938	EXP	szo_kiir: text = "tartozik"
91.4463349999969	EXP	szo_kiir: autoDraw = true
92.27881999999954	DATA	Keydown: ArrowRight
92.30491499999698	EXP	szo_kiir: autoDraw = false
92.30491499999698	EXP	szo_kiir: color = {"_rgb":[1,1,1]}
92.30491499999698	EXP	szo_kiir: text = "cím"
92.8120949999975	EXP	szo_kiir: autoDraw = true
93.40511499999775	DATA	Keydown: ArrowRight
93.41008999999758	EXP	szo_kiir: autoDraw = false
93.41008999999758	EXP	szo_kiir: color = {"_rgb":[1,1,1]}
93.41008999999758	EXP	szo_kiir: text = "tojászköl"
93.92968999999721	EXP	szo_kiir: autoDraw = true
97.44506499999989	DATA	Keydown: ArrowLeft
97.4667649999974	EXP	szo_kiir: autoDraw = false
97.4667649999974	EXP	szo_kiir: color = {"_rgb":[1,1,1]}
97.4667649999974	EXP	szo_kiir: text = "ár"
97.97765499999878	EXP	szo_kiir: autoDraw = true
98.57711500000005	DATA	Keydown: ArrowRight
98.59274000000005	EXP	szo_kiir: autoDraw = false
98.59274000000005	EXP	szo_kiir: color = {"_rgb":[1,1,1]}
98.59274000000005	EXP	szo_kiir: text = "hatékony"
99.11248999999953	EXP	szo_kiir: autoDraw = true
99.8379649999988	DATA	Keydown: ArrowRight
99.85675999999876	EXP	szo_kiir: autoDraw = false
99.85675999999876	EXP	szo_kiir: color = {"_rgb":[1,1,1]}
99.85675999999876	EXP	szo_kiir: text = "lényeg"
100.36136499999702	EXP	szo_kiir: autoDraw = true
100.93553999999858	DATA	Keydown: ArrowRight
100.94268499999816	EXP	szo_kiir: autoDraw = false
100.94268499999816	EXP	szo_kiir: color = {"_rgb":[1,1,1]}
100.94268499999816	EXP	szo_kiir: text = "fény"
101.46048499999961	EXP	szo_kiir: autoDraw = true
101.98011000000042	DATA	Keydown: ArrowRight
101.99704500000007	EXP	szo_kiir: autoDraw = false
101.99704500000007	EXP	szo_kiir: color = {"_rgb":[1,1,1]}
101.99704500000007	EXP	szo_kiir: text = "marketing"
102.51040499999726	EXP	szo_kiir: autoDraw = true
103.60965999999826	DATA	Keydown: ArrowRight
103.62539999999717	EXP	szo_kiir: autoDraw = false
103.62539999999717	EXP	szo_kiir: color = {"_rgb":[1,1,1]}
103.62539999999717	EXP	szo_kiir: text = "szegény"
104.14333499999702	EXP	szo_kiir: autoDraw = true
104.82503999999972	DATA	Keydown: ArrowRight
104.84613499999978	EXP	szo_kiir: autoDraw = false
104.84613499999978	EXP	szo_kiir: color = {"_rgb":[1,1,1]}
104.84613499999978	EXP	szo_kiir: text = "terjed"
105.36073000000033	EXP	szo_kiir: autoDraw = true
106.07533999999941	DATA	Keydown: ArrowRight
106.09215499999846	EXP	szo_kiir: autoDraw = false
106.09215499999846	EXP	szo_kiir: color = {"_rgb":[1,1,1]}
106.09215499999846	EXP	szo_kiir: text = "hézhet"
106.60969999999725	EXP	szo_kiir: autoDraw = true
108.34238999999798	DATA	Keydown: ArrowLeft
108.36232499999824	EXP	szo_kiir: autoDraw = false
108.36232499999824	EXP	szo_kiir: color = {"_rgb":[1,1,1]}
108.36232499999824	EXP	szo_kiir: text = "tanács"
108.87611999999717	EXP	szo_kiir: autoDraw = true
109.5528149999991	DATA	Keydown: ArrowRight
109.55799499999921	EXP	szo_kiir: autoDraw = false
109.55799499999921	EXP	szo_kiir: color = {"_rgb":[1,1,1]}
109.55799499999921	EXP	szo_kiir: text = "fut"
110.07632999999987	EXP	szo_kiir: autoDraw = true
110.68602499999906	DATA	Keydown: ArrowRight
110.69467499999882	EXP	szo_kiir: autoDraw = false
110.69467499999882	EXP	szo_kiir: color = {"_rgb":[1,1,1]}
110.69467499999882	EXP	szo_kiir: text = "átütésetti"
111.21048999999766	EXP	szo_kiir: autoDraw = true
113.65854499999841	DATA	Keydown: ArrowLeft
113.67444999999861	EXP	szo_kiir: autoDraw = false
113.67444999999861	EXP	szo_kiir: color = {"_rgb":[1,1,1]}
113.67444999999861	EXP	szo_kiir: text = "felsőfokú"
114.19330999999875	EXP	szo_kiir: autoDraw = true
115.06278499999826	DATA	Keydown: ArrowRight
115.07886999999755	EXP	szo_kiir: autoDraw = false
115.07886999999755	EXP	szo_kiir: color = {"_rgb":[1,1,1]}
115.07886999999755	EXP	szo_kiir: text = "pár"
115.59298499999932	EXP	szo_kiir: autoDraw = true
116.15819499999998	DATA	Keydown: ArrowRight
116.17376499999955	EXP	szo_kiir: autoDraw = false
116.17376499999955	EXP	szo_kiir: color = {"_rgb":[1,1,1]}
116.17376499999955	EXP	szo_kiir: text = "konyrúd"
116.69242999999915	EXP	szo_kiir: autoDraw = true
117.7319499999976	DATA	Keydown: ArrowLeft
117.7439400000003	EXP	szo_kiir: autoDraw = false
117.7439400000003	EXP	szo_kiir: color = {"_rgb":[1,1,1]}
117.7439400000003	EXP	szo_kiir: text = "keskeny"
118.25823499999751	EXP	szo_kiir: autoDraw = true
118.98561499999778	DATA	Keydown: ArrowRight
118.9897149999997	EXP	szo_kiir: autoDraw = false
118.9897149999997	EXP	szo_kiir: color = {"_rgb":[1,1,1]}
118.9897149999997	EXP	szo_kiir: text = "sokoldalú"
119.50888999999734	EXP	szo_kiir: autoDraw = true
120.28055999999924	DATA	Keydown: ArrowRight
120.29346499999883	EXP	szo_kiir: autoDraw = false
120.29346499999883	EXP	szo_kiir: color = {"_rgb":[1,1,1]}
120.29346499999883	EXP	szo_kiir: text = "jelez"
120.80736499999693	EXP	szo_kiir: autoDraw = true
121.47871999999916	DATA	Keydown: ArrowRight
121.48983500000031	EXP	szo_kiir: autoDraw = false
121.48983500000031	EXP	szo_kiir: color = {"_rgb":[1,1,1]}
121.48983500000031	EXP	szo_kiir: text = "nagyarnák"
122.00791499999832	EXP	szo_kiir: autoDraw = true
123.22237999999925	DATA	Keydown: ArrowLeft
123.24242999999842	EXP	szo_kiir: autoDraw = false
123.24242999999842	EXP	szo_kiir: color = {"_rgb":[1,1,1]}
123.24242999999842	EXP	szo_kiir: text = "pogány"
123.757534999997	EXP	szo_kiir: autoDraw = true
124.61381999999867	DATA	Keydown: ArrowRight
124.62282499999856	EXP	szo_kiir: autoDraw = false
124.62282499999856	EXP	szo_kiir: color = {"_rgb":[1,1,1]}
124.62282499999856	EXP	szo_kiir: text = "alapszik"
125.14098999999987	EXP	szo_kiir: autoDraw = true
125.87204500000007	DATA	Keydown: ArrowRight
125.89362499999697	EXP	szo_kiir: autoDraw = false
125.89362499999697	EXP	szo_kiir: color = {"_rgb":[1,1,1]}
125.89362499999697	EXP	szo_kiir: text = "részeg"
126.40732500000013	EXP	szo_kiir: autoDraw = true
126.90585499999725	DATA	Keydown: ArrowRight
126.9227699999974	EXP	szo_kiir: autoDraw = false
126.9227699999974	EXP	szo_kiir: color = {"_rgb":[1,1,1]}
126.9227699999974	EXP	szo_kiir: text = "boldódi"
127.44123499999841	EXP	szo_kiir: autoDraw = true
128.22951499999908	DATA	Keydown: ArrowRight
128.23887999999715	EXP	szo_kiir: autoDraw = false
128.23887999999715	EXP	szo_kiir: color = {"_rgb":[1,1,1]}
128.23887999999715	EXP	szo_kiir: text = "szomszéd"
128.75650499999756	EXP	szo_kiir: autoDraw = true
129.77178999999887	DATA	Keydown: ArrowRight
129.79288499999893	EXP	szo_kiir: autoDraw = false
129.79288499999893	EXP	szo_kiir: color = {"_rgb":[1,1,1]}
129.79288499999893	EXP	szo_kiir: text = "ponyai"
130.30679999999847	EXP	szo_kiir: autoDraw = true
131.29914499999722	DATA	Keydown: ArrowLeft
131.3051749999977	EXP	szo_kiir: autoDraw = false
131.3051749999977	EXP	szo_kiir: color = {"_rgb":[1,1,1]}
131.3051749999977	EXP	szo_kiir: text = "kulináris"
131.82294999999795	EXP	szo_kiir: autoDraw = true
132.80797499999971	DATA	Keydown: ArrowRight
132.82829499999934	EXP	szo_kiir: autoDraw = false
132.82829499999934	EXP	szo_kiir: color = {"_rgb":[1,1,1]}
132.82829499999934	EXP	szo_kiir: text = "pálódás"
133.34033499999714	EXP	szo_kiir: autoDraw = true
136.16402499999822	DATA	Keydown: ArrowRight
136.1712899999984	EXP	szo_kiir: autoDraw = false
136.1712899999984	EXP	szo_kiir: color = {"_rgb":[1,1,1]}
136.1712899999984	EXP	szo_kiir: text = "hierarchikus"
136.68946499999947	EXP	szo_kiir: autoDraw = true
138.58887499999764	DATA	Keydown: ArrowRight
138.60432500000024	EXP	szo_kiir: autoDraw = false
138.60432500000024	EXP	szo_kiir: color = {"_rgb":[1,1,1]}
138.60432500000024	EXP	szo_kiir: text = "hull"
139.1218399999998	EXP	szo_kiir: autoDraw = true
139.9098649999978	DATA	Keydown: ArrowRight
139.9254699999983	EXP	szo_kiir: autoDraw = false
139.9254699999983	EXP	szo_kiir: color = {"_rgb":[1,1,1]}
139.9254699999983	EXP	szo_kiir: text = "remekmű"
140.43930499999988	EXP	szo_kiir: autoDraw = true
141.2589850000004	DATA	Keydown: ArrowRight
141.27057499999864	EXP	szo_kiir: autoDraw = false
141.27057499999864	EXP	szo_kiir: color = {"_rgb":[1,1,1]}
141.27057499999864	EXP	szo_kiir: text = "puritán"
141.7883449999972	EXP	szo_kiir: autoDraw = true
142.88746999999785	DATA	Keydown: ArrowRight
142.908024999997	EXP	szo_kiir: autoDraw = false
142.908024999997	EXP	szo_kiir: color = {"_rgb":[1,1,1]}
142.908024999997	EXP	szo_kiir: text = "bámérő"
143.42152499999793	EXP	szo_kiir: autoDraw = true
144.7150099999999	DATA	Keydown: ArrowLeft
144.72027499999967	EXP	szo_kiir: autoDraw = false
144.72027499999967	EXP	szo_kiir: color = {"_rgb":[1,1,1]}
144.72027499999967	EXP	szo_kiir: text = "végbél"
145.23860499999864	EXP	szo_kiir: autoDraw = true
146.17557999999917	DATA	Keydown: ArrowRight
146.19456999999966	EXP	szo_kiir: autoDraw = false
146.19456999999966	EXP	szo_kiir: color = {"_rgb":[1,1,1]}
146.19456999999966	EXP	szo_kiir: text = "kóser"
146.70459499999924	EXP	szo_kiir: autoDraw = true
147.83663999999771	DATA	Keydown: ArrowRight
147.85369499999797	EXP	szo_kiir: autoDraw = false
147.85369499999797	EXP	szo_kiir: color = {"_rgb":[1,1,1]}
147.85369499999797	EXP	szo_kiir: text = "fázik"
148.37088999999833	EXP	szo_kiir: autoDraw = true
148.92713999999978	DATA	Keydown: ArrowRight
148.93910499999765	EXP	szo_kiir: autoDraw = false
148.93910499999765	EXP	szo_kiir: color = {"_rgb":[1,1,1]}
148.93910499999765	EXP	szo_kiir: text = "hullámzik"
149.45506499999829	EXP	szo_kiir: autoDraw = true
150.13812499999767	DATA	Keydown: ArrowRight
150.1530899999998	EXP	szo_kiir: autoDraw = false
150.1530899999998	EXP	szo_kiir: color = {"_rgb":[1,1,1]}
150.1530899999998	EXP	szo_kiir: text = "fennsík"
150.67093000000023	EXP	szo_kiir: autoDraw = true
151.40344499999992	DATA	Keydown: ArrowRight
151.42196999999942	EXP	szo_kiir: autoDraw = false
151.42196999999942	EXP	szo_kiir: color = {"_rgb":[1,1,1]}
151.42196999999942	EXP	szo_kiir: text = "arisztokratikus"
151.93770500000028	EXP	szo_kiir: autoDraw = true
153.19427499999802	DATA	Keydown: ArrowRight
153.202659999999	EXP	szo_kiir: autoDraw = false
153.202659999999	EXP	szo_kiir: color = {"_rgb":[1,1,1]}
153.202659999999	EXP	szo_kiir: text = "stádium"
153.72035499999765	EXP	szo_kiir: autoDraw = true
154.9457799999982	DATA	Keydown: ArrowRight
154.95535999999993	EXP	szo_kiir: autoDraw = false
154.95535999999993	EXP	szo_kiir: color = {"_rgb":[1,1,1]}
154.95535999999993	EXP	szo_kiir: text = "alárdonos"
155.4709449999973	EXP	szo_kiir: autoDraw = true
156.76166000000012	DATA	Keydown: ArrowLeft
156.76846999999907	EXP	szo_kiir: autoDraw = false
156.76846999999907	EXP	szo_kiir: color = {"_rgb":[1,1,1]}
156.76846999999907	EXP	szo_kiir: text = "balközép"
157.2867249999981	EXP	szo_kiir: autoDraw = true
158.55265999999756	DATA	Keydown: ArrowRight
158.57242000000042	EXP	szo_kiir: autoDraw = false
158.57242000000042	EXP	szo_kiir: color = {"_rgb":[1,1,1]}
158.57242000000042	EXP	szo_kiir: text = "tábornagy"
159.08648999999787	EXP	szo_kiir: autoDraw = true
159.91732499999853	DATA	Keydown: ArrowRight
159.934914999998	EXP	szo_kiir: autoDraw = false
159.934914999998	EXP	szo_kiir: color = {"_rgb":[1,1,1]}
159.934914999998	EXP	szo_kiir: text = "attasé"
160.45289499999853	EXP	szo_kiir: autoDraw = true
161.3051400000004	DATA	Keydown: ArrowLeft
161.31821999999738	EXP	szo_kiir: autoDraw = false
161.31821999999738	EXP	szo_kiir: color = {"_rgb":[1,1,1]}
161.31821999999738	EXP	szo_kiir: text = "szokik"
161.83587999999872	EXP	szo_kiir: autoDraw = true
162.418104999997	DATA	Keydown: ArrowRight
162.44006999999692	EXP	szo_kiir: autoDraw = false
162.44006999999692	EXP	szo_kiir: color = {"_rgb":[1,1,1]}
162.44006999999692	EXP	szo_kiir: text = "sikációzan"
162.95232000000033	EXP	szo_kiir: autoDraw = true
166.6169149999987	DATA	Keydown: ArrowLeft
166.63413500000024	EXP	szo_kiir: autoDraw = false
166.63413500000024	EXP	szo_kiir: color = {"_rgb":[1,1,1]}
166.63413500000024	EXP	szo_kiir: text = "szilikát"
167.15184999999838	EXP	szo_kiir: autoDraw = true
168.2679399999979	DATA	Keydown: ArrowRight
168.28816499999812	EXP	szo_kiir: autoDraw = false
168.28816499999812	EXP	szo_kiir: color = {"_rgb":[1,1,1]}
168.28816499999812	EXP	szo_kiir: text = "össztűz"
168.8017949999994	EXP	szo_kiir: autoDraw = true
169.77357499999925	DATA	Keydown: ArrowRight
169.78357499999765	EXP	szo_kiir: autoDraw = false
169.78357499999765	EXP	szo_kiir: color = {"_rgb":[1,1,1]}
169.78357499999765	EXP	szo_kiir: text = "mihálóz"
170.30160999999862	EXP	szo_kiir: autoDraw = true
172.65894999999728	DATA	Keydown: ArrowLeft
172.67051999999967	EXP	szo_kiir: autoDraw = false
172.67051999999967	EXP	szo_kiir: color = {"_rgb":[1,1,1]}
172.67051999999967	EXP	szo_kiir: text = "balassol"
173.18464499999754	EXP	szo_kiir: autoDraw = true
174.87288499999704	DATA	Keydown: ArrowLeft
174.882959999999	EXP	szo_kiir: autoDraw = false
174.882959999999	EXP	szo_kiir: color = {"_rgb":[1,1,1]}
174.882959999999	EXP	szo_kiir: text = "komolyodik"
175.40079999999944	EXP	szo_kiir: autoDraw = true
176.42664499999955	DATA	Keydown: ArrowRight
176.43571499999962	EXP	szo_kiir: autoDraw = false
176.43571499999962	EXP	szo_kiir: color = {"_rgb":[1,1,1]}
176.43571499999962	EXP	szo_kiir: text = "felte"
176.95047999999952	EXP	szo_kiir: autoDraw = true
180.9074449999971	DATA	Keydown: ArrowLeft
180.91583999999784	EXP	szo_kiir: autoDraw = false
180.91583999999784	EXP	szo_kiir: color = {"_rgb":[1,1,1]}
180.91583999999784	EXP	szo_kiir: text = "multiplikatív"
181.4334949999975	EXP	szo_kiir: autoDraw = true
182.91532499999812	DATA	Keydown: ArrowRight
182.93473999999696	EXP	szo_kiir: autoDraw = false
182.93473999999696	EXP	szo_kiir: color = {"_rgb":[1,1,1]}
182.93473999999696	EXP	szo_kiir: text = "rubinvörös"
183.4499199999991	EXP	szo_kiir: autoDraw = true
184.4479449999999	DATA	Keydown: ArrowRight
184.4653249999974	EXP	szo_kiir: autoDraw = false
184.4653249999974	EXP	szo_kiir: color = {"_rgb":[1,1,1]}
184.4653249999974	EXP	szo_kiir: text = "háznép"
184.98314000000028	EXP	szo_kiir: autoDraw = true
185.85711999999694	DATA	Keydown: ArrowRight
185.86824499999784	EXP	szo_kiir: autoDraw = false
185.86824499999784	EXP	szo_kiir: color = {"_rgb":[1,1,1]}
185.86824499999784	EXP	szo_kiir: text = "martalóc"
186.38249499999802	EXP	szo_kiir: autoDraw = true
187.25149500000043	DATA	Keydown: ArrowRight
187.26477499999964	EXP	szo_kiir: autoDraw = false
187.26477499999964	EXP	szo_kiir: color = {"_rgb":[1,1,1]}
187.26477499999964	EXP	szo_kiir: text = "sematizmus"
187.78269999999975	EXP	szo_kiir: autoDraw = true
189.56630999999834	DATA	Keydown: ArrowRight
189.58692999999766	EXP	szo_kiir: autoDraw = false
189.58692999999766	EXP	szo_kiir: color = {"_rgb":[1,1,1]}
189.58692999999766	EXP	szo_kiir: text = "oszcillál"
190.09887999999773	EXP	szo_kiir: autoDraw = true
191.24909499999922	DATA	Keydown: ArrowRight
191.26397499999803	EXP	szo_kiir: autoDraw = false
191.26397499999803	EXP	szo_kiir: color = {"_rgb":[1,1,1]}
191.26397499999803	EXP	szo_kiir: text = "kapirgál"
191.78245999999854	EXP	szo_kiir: autoDraw = true
192.87975000000006	DATA	Keydown: ArrowRight
192.90107999999964	EXP	szo_kiir: autoDraw = false
192.90107999999964	EXP	szo_kiir: color = {"_rgb":[1,1,1]}
192.90107999999964	EXP	szo_kiir: text = "vonzum"
193.41501499999868	EXP	szo_kiir: autoDraw = true
194.76979500000016	DATA	Keydown: ArrowLeft
194.78032999999778	EXP	szo_kiir: autoDraw = false
194.78032999999778	EXP	szo_kiir: color = {"_rgb":[1,1,1]}
194.78032999999778	EXP	szo_kiir: text = "szidalom"
195.29811999999947	EXP	szo_kiir: autoDraw = true
196.20352499999717	DATA	Keydown: ArrowRight
196.21729499999856	EXP	szo_kiir: autoDraw = false
196.21729499999856	EXP	szo_kiir: color = {"_rgb":[1,1,1]}
196.21729499999856	EXP	szo_kiir: text = "akarózik"
196.7316499999979	EXP	szo_kiir: autoDraw = true
198.18091999999888	DATA	Keydown: ArrowRight
198.19681499999933	EXP	szo_kiir: autoDraw = false
198.19681499999933	EXP	szo_kiir: color = {"_rgb":[1,1,1]}
198.19681499999933	EXP	szo_kiir: text = "fényesít"
198.71419999999853	EXP	szo_kiir: autoDraw = true
199.79103499999837	DATA	Keydown: ArrowRight
199.7996499999972	EXP	szo_kiir: autoDraw = false
199.7996499999972	EXP	szo_kiir: color = {"_rgb":[1,1,1]}
199.7996499999972	EXP	szo_kiir: text = "ötletdús"
200.31432499999937	EXP	szo_kiir: autoDraw = true
201.98811999999816	DATA	Keydown: ArrowRight
201.9965400000001	EXP	szo_kiir: autoDraw = false
201.9965400000001	EXP	szo_kiir: color = {"_rgb":[1,1,1]}
201.9965400000001	EXP	szo_kiir: text = "arapapagáj"
202.51415499999712	EXP	szo_kiir: autoDraw = true
205.21260999999868	DATA	Keydown: ArrowRight
205.23317499999757	EXP	szo_kiir: autoDraw = false
205.23317499999757	EXP	szo_kiir: color = {"_rgb":[1,1,1]}
205.23317499999757	EXP	szo_kiir: text = "forrpont"
205.74688500000047	EXP	szo_kiir: autoDraw = true
206.46158499999729	DATA	Keydown: ArrowRight
206.47891999999774	EXP	szo_kiir: autoDraw = false
206.47891999999774	EXP	szo_kiir: color = {"_rgb":[1,1,1]}
206.47891999999774	EXP	szo_kiir: text = "pörkölődik"
206.9969949999977	EXP	szo_kiir: autoDraw = true
208.8628749999989	DATA	Keydown: ArrowRight
208.88197500000024	EXP	szo_kiir: autoDraw = false
208.88197500000024	EXP	szo_kiir: color = {"_rgb":[1,1,1]}
208.88197500000024	EXP	szo_kiir: text = "bizom"
209.3965599999974	EXP	szo_kiir: autoDraw = true
211.42126499999722	DATA	Keydown: ArrowLeft
211.42860499999733	EXP	szo_kiir: autoDraw = false
211.42860499999733	EXP	szo_kiir: color = {"_rgb":[1,1,1]}
211.42860499999733	EXP	szo_kiir: text = "asszonánc"
211.94643499999802	EXP	szo_kiir: autoDraw = true
214.09689499999877	DATA	Keydown: ArrowLeft
214.11158499999874	EXP	szo_kiir: autoDraw = false
214.11158499999874	EXP	szo_kiir: color = {"_rgb":[1,1,1]}
214.11158499999874	EXP	szo_kiir: text = "egant"
214.62927999999738	EXP	szo_kiir: autoDraw = true
215.81074499999886	DATA	Keydown: ArrowLeft
215.83037999999942	EXP	szo_kiir: autoDraw = false
215.83037999999942	EXP	szo_kiir: color = {"_rgb":[1,1,1]}
215.83037999999942	EXP	szo_kiir: text = "illikázó"
216.34569999999803	EXP	szo_kiir: autoDraw = true
218.71015499999703	DATA	Keydown: ArrowRight
218.7278899999983	EXP	szo_kiir: autoDraw = false
218.7278899999983	EXP	szo_kiir: color = {"_rgb":[1,1,1]}
218.7278899999983	EXP	szo_kiir: text = "szolúbilis"
219.24560999999812	EXP	szo_kiir: autoDraw = true
221.06970499999807	DATA	Keydown: ArrowLeft
221.0769599999985	EXP	szo_kiir: autoDraw = false
221.0769599999985	EXP	szo_kiir: color = {"_rgb":[1,1,1]}
221.0769599999985	EXP	szo_kiir: text = "állótükör"
221.59455499999967	EXP	szo_kiir: autoDraw = true
223.33600499999739	DATA	Keydown: ArrowRight
223.3437300000005	EXP	szo_kiir: autoDraw = false
223.3437300000005	EXP	szo_kiir: color = {"_rgb":[1,1,1]}
223.3437300000005	EXP	szo_kiir: text = "krákfai"
223.86147999999957	EXP	szo_kiir: autoDraw = true
225.14623500000016	DATA	Keydown: ArrowLeft
225.16355499999918	EXP	szo_kiir: autoDraw = false
225.16355499999918	EXP	szo_kiir: color = {"_rgb":[1,1,1]}
225.16355499999918	EXP	szo_kiir: text = "rekvizit"
225.67806999999812	EXP	szo_kiir: autoDraw = true
230.65819999999803	DATA	Keydown: ArrowLeft
230.67626999999993	EXP	szo_kiir: autoDraw = false
230.67626999999993	EXP	szo_kiir: color = {"_rgb":[1,1,1]}
230.67626999999993	EXP	szo_kiir: text = "multiregionális"
231.1937450000005	EXP	szo_kiir: autoDraw = true
232.8706949999978	DATA	Keydown: ArrowRight
232.8751400000001	EXP	szo_kiir: autoDraw = false
232.8751400000001	EXP	szo_kiir: color = {"_rgb":[1,1,1]}
232.8751400000001	EXP	szo_kiir: text = "keltos"
233.39364999999816	EXP	szo_kiir: autoDraw = true
234.3763149999977	DATA	Keydown: ArrowLeft
234.39491999999882	EXP	szo_kiir: autoDraw = false
234.39491999999882	EXP	szo_kiir: color = {"_rgb":[1,1,1]}
234.39491999999882	EXP	szo_kiir: text = "reztetély"
234.91010499999902	EXP	szo_kiir: autoDraw = true
236.6312149999976	DATA	Keydown: ArrowLeft
236.64187499999753	EXP	szo_kiir: autoDraw = false
236.64187499999753	EXP	szo_kiir: color = {"_rgb":[1,1,1]}
236.64187499999753	EXP	szo_kiir: text = "bágyaszt"
237.1597099999999	EXP	szo_kiir: autoDraw = true
238.2076649999981	DATA	Keydown: ArrowRight
238.2278649999971	EXP	szo_kiir: autoDraw = false
238.2278649999971	EXP	szo_kiir: color = {"_rgb":[1,1,1]}
238.2278649999971	EXP	szo_kiir: text = "portalanít"
238.74230999999781	EXP	szo_kiir: autoDraw = true
239.69637499999953	DATA	Keydown: ArrowRight
239.70817499999976	EXP	szo_kiir: autoDraw = false
239.70817499999976	EXP	szo_kiir: color = {"_rgb":[1,1,1]}
239.70817499999976	EXP	szo_kiir: text = "megpadék"
240.2261699999981	EXP	szo_kiir: autoDraw = true
241.05723999999827	DATA	Keydown: ArrowRight
241.07473499999833	EXP	szo_kiir: autoDraw = false
241.07473499999833	EXP	szo_kiir: color = {"_rgb":[1,1,1]}
241.07473499999833	EXP	szo_kiir: text = "zenő"
241.59263499999724	EXP	szo_kiir: autoDraw = true
242.28647499999715	DATA	Keydown: ArrowRight
242.29079499999716	EXP	szo_kiir: autoDraw = false
242.29079499999716	EXP	szo_kiir: color = {"_rgb":[1,1,1]}
242.29079499999716	EXP	szo_kiir: text = "gyűrűz"
242.8091749999985	EXP	szo_kiir: autoDraw = true
243.55133999999816	DATA	Keydown: ArrowRight
243.56130999999732	EXP	szo_kiir: autoDraw = false
243.56130999999732	EXP	szo_kiir: color = {"_rgb":[1,1,1]}
243.56130999999732	EXP	szo_kiir: text = "bolondoz"
244.07551500000045	EXP	szo_kiir: autoDraw = true
244.74173999999766	DATA	Keydown: ArrowRight
244.7573999999986	EXP	szo_kiir: autoDraw = false
244.7573999999986	EXP	szo_kiir: color = {"_rgb":[1,1,1]}
244.7573999999986	EXP	szo_kiir: text = "karikáz"
245.27512500000012	EXP	szo_kiir: autoDraw = true
246.02985499999704	DATA	Keydown: ArrowRight
246.04419000000053	EXP	szo_kiir: autoDraw = false
246.04419000000053	EXP	szo_kiir: color = {"_rgb":[1,1,1]}
246.04419000000053	EXP	szo_kiir: text = "arzénsav"
246.55860499999835	EXP	szo_kiir: autoDraw = true
247.87682999999743	DATA	Keydown: ArrowRight
247.89057499999763	EXP	szo_kiir: autoDraw = false
247.89057499999763	EXP	szo_kiir: color = {"_rgb":[1,1,1]}
247.89057499999763	EXP	szo_kiir: text = "burukkol"
248.4082699999999	EXP	szo_kiir: autoDraw = true
249.47574499999973	DATA	Keydown: ArrowLeft
249.4902000000002	EXP	szo_kiir: autoDraw = false
249.4902000000002	EXP	szo_kiir: color = {"_rgb":[1,1,1]}
249.4902000000002	EXP	szo_kiir: text = "nagyoll"
250.0081599999976	EXP	szo_kiir: autoDraw = true
251.32926999999836	DATA	Keydown: ArrowRight
251.34355499999947	EXP	szo_kiir: autoDraw = false
251.34355499999947	EXP	szo_kiir: color = {"_rgb":[1,1,1]}
251.34355499999947	EXP	szo_kiir: text = "hidegház"
251.8576499999981	EXP	szo_kiir: autoDraw = true
252.60720500000025	DATA	Keydown: ArrowRight
252.62300499999765	EXP	szo_kiir: autoDraw = false
252.62300499999765	EXP	szo_kiir: color = {"_rgb":[1,1,1]}
252.62300499999765	EXP	szo_kiir: text = "klozettpapír"
253.14141999999993	EXP	szo_kiir: autoDraw = true
254.56273999999758	DATA	Keydown: ArrowRight
254.57725500000015	EXP	szo_kiir: autoDraw = false
254.57725500000015	EXP	szo_kiir: color = {"_rgb":[1,1,1]}
254.57725500000015	EXP	szo_kiir: text = "lukaszt"
255.09040999999706	EXP	szo_kiir: autoDraw = true
256.3305249999976	DATA	Keydown: ArrowRight
256.3395049999999	EXP	szo_kiir: autoDraw = false
256.3395049999999	EXP	szo_kiir: color = {"_rgb":[1,1,1]}
256.3395049999999	EXP	szo_kiir: text = "expresszlevél"
256.85809999999765	EXP	szo_kiir: autoDraw = true
257.9986549999994	DATA	Keydown: ArrowRight
258.0087800000001	EXP	szo_kiir: autoDraw = false
258.0087800000001	EXP	szo_kiir: color = {"_rgb":[1,1,1]}
258.0087800000001	EXP	szo_kiir: text = "aragas"
258.5231849999982	EXP	szo_kiir: autoDraw = true
259.4951899999978	DATA	Keydown: ArrowLeft
259.5056349999977	EXP	szo_kiir: autoDraw = false
259.5056349999977	EXP	szo_kiir: color = {"_rgb":[1,1,1]}
259.5056349999977	EXP	szo_kiir: text = "lepadlózik"
260.02325500000006	EXP	szo_kiir: autoDraw = true
261.5380299999997	DATA	Keydown: ArrowRight
261.5588599999974	EXP	szo_kiir: autoDraw = false
261.5588599999974	EXP	szo_kiir: color = {"_rgb":[1,1,1]}
261.5588599999974	EXP	szo_kiir: text = "tángál"
262.0727599999991	EXP	szo_kiir: autoDraw = true
262.75604499999827	DATA	Keydown: ArrowRight
262.7721700000002	EXP	szo_kiir: autoDraw = false
262.7721700000002	EXP	szo_kiir: color = {"_rgb":[1,1,1]}
262.7721700000002	EXP	szo_kiir: text = "felcsavaroz"
263.28967500000005	EXP	szo_kiir: autoDraw = true
264.4961449999973	DATA	Keydown: ArrowRight
264.5082449999973	EXP	szo_kiir: autoDraw = false
264.5082449999973	EXP	szo_kiir: color = {"_rgb":[1,1,1]}
264.5082449999973	EXP	szo_kiir: text = "balhitű"
265.02281999999826	EXP	szo_kiir: autoDraw = true
266.90885499999786	DATA	Keydown: ArrowRight
266.9214350000002	EXP	szo_kiir: autoDraw = false
266.9214350000002	EXP	szo_kiir: color = {"_rgb":[1,1,1]}
266.9214350000002	EXP	szo_kiir: text = "skrupulizál"
267.43927499999694	EXP	szo_kiir: autoDraw = true
269.1567799999976	DATA	Keydown: ArrowLeft
269.17095999999947	EXP	szo_kiir: autoDraw = false
269.17095999999947	EXP	szo_kiir: color = {"_rgb":[1,1,1]}
269.17095999999947	EXP	szo_kiir: text = "bajuszfű"
269.6888049999979	EXP	szo_kiir: autoDraw = true
273.9108099999976	DATA	Keydown: ArrowLeft
273.92064999999997	EXP	szo_kiir: autoDraw = false
273.92064999999997	EXP	szo_kiir: color = {"_rgb":[1,1,1]}
273.92064999999997	EXP	szo_kiir: text = "embertelenedik"
274.4380399999973	EXP	szo_kiir: autoDraw = true
275.90423000000004	DATA	Keydown: ArrowRight
275.9240199999986	EXP	szo_kiir: autoDraw = false
275.9240199999986	EXP	szo_kiir: color = {"_rgb":[1,1,1]}
275.9240199999986	EXP	szo_kiir: text = "alka"
276.43784500000044	EXP	szo_kiir: autoDraw = true
278.3928449999985	DATA	Keydown: ArrowLeft
278.40308999999985	EXP	szo_kiir: autoDraw = false
278.40308999999985	EXP	szo_kiir: color = {"_rgb":[1,1,1]}
278.40308999999985	EXP	szo_kiir: text = "jóltart"
278.92129999999815	EXP	szo_kiir: autoDraw = true
279.86893000000055	DATA	Keydown: ArrowRight
279.88947499999995	EXP	szo_kiir: autoDraw = false
279.88947499999995	EXP	szo_kiir: color = {"_rgb":[1,1,1]}
279.88947499999995	EXP	szo_kiir: text = "spiritualizál"
280.40563999999716	EXP	szo_kiir: autoDraw = true
282.07901999999746	DATA	Keydown: ArrowRight
282.08592499999946	EXP	szo_kiir: autoDraw = false
282.08592499999946	EXP	szo_kiir: color = {"_rgb":[1,1,1]}
282.08592499999946	EXP	szo_kiir: text = "disszertál"
282.60391999999774	EXP	szo_kiir: autoDraw = true
284.3386649999993	DATA	Keydown: ArrowRight
284.35598000000033	EXP	szo_kiir: autoDraw = false
284.35598000000033	EXP	szo_kiir: color = {"_rgb":[1,1,1]}
284.35598000000033	EXP	szo_kiir: text = "tartáló"
284.870469999998	EXP	szo_kiir: autoDraw = true
286.5047849999973	DATA	Keydown: ArrowLeft
286.5187599999991	EXP	szo_kiir: autoDraw = false
286.5187599999991	EXP	szo_kiir: color = {"_rgb":[1,1,1]}
286.5187599999991	EXP	szo_kiir: text = "különszakasz"
287.0366749999994	EXP	szo_kiir: autoDraw = true
288.4683449999975	DATA	Keydown: ArrowRight
288.4900449999986	EXP	szo_kiir: autoDraw = false
288.4900449999986	EXP	szo_kiir: color = {"_rgb":[1,1,1]}
288.4900449999986	EXP	szo_kiir: text = "nyeregheveder"
289.00347999999934	EXP	szo_kiir: autoDraw = true
290.3549149999999	DATA	Keydown: ArrowRight
290.3682549999976	EXP	szo_kiir: autoDraw = false
290.3682549999976	EXP	szo_kiir: color = {"_rgb":[1,1,1]}
290.3682549999976	EXP	szo_kiir: text = "nyüvök"
290.8858849999997	EXP	szo_kiir: autoDraw = true
292.8777499999996	DATA	Keydown: ArrowRight
292.888799999997	EXP	szo_kiir: autoDraw = false
292.888799999997	EXP	szo_kiir: color = {"_rgb":[1,1,1]}
292.888799999997	EXP	szo_kiir: text = "kibogarász"
293.40253499999744	EXP	szo_kiir: autoDraw = true
295.151464999999	DATA	Keydown: ArrowRight
295.1679299999996	EXP	szo_kiir: autoDraw = false
295.1679299999996	EXP	szo_kiir: color = {"_rgb":[1,1,1]}
295.1679299999996	EXP	szo_kiir: text = "tarkarézérc"
295.6855799999976	EXP	szo_kiir: autoDraw = true
297.6833200000001	DATA	Keydown: ArrowRight
297.7040899999992	EXP	szo_kiir: autoDraw = false
297.7040899999992	EXP	koszi_szoveg: autoDraw = true
300.3679449999982	DATA	Keydown: ArrowRight
