0.08525000000008731	EXP	Created Window = Window( name=Window, fullscr=true, color=#000000, units=norm, waitBlanking=true, autoLog=true, size=[1366,625] )
5.5465299999996205	DATA	Keydown: 2
5.759459999999308	DATA	Keydown: 3
6.325159999998505	DATA	Keydown: 5
6.830584999999701	DATA	Keydown: 8
10.618034999999509	DATA	Keydown: n
10.901229999999487	DATA	Keydown: ő
12.889344999999594	DATA	Keydown: 1
13.172194999999192	DATA	Keydown: 9
13.340024999999514	DATA	Keydown: 9
13.514359999999215	DATA	Keydown: 3
13.798824999999852	DATA	Keydown: .
13.985789999998815	DATA	Keydown: 0
14.278699999998935	DATA	Keydown: 3
14.445334999998522	DATA	Keydown: .
14.544654999999693	DATA	Keydown: 2
14.74078499999996	DATA	Keydown: 4
14.942599999998492	DATA	Keydown: .
18.768459999999322	DATA	Keydown: 5
23.721449999999095	EXP	Created instruction_text1 = TextStim( name=instruction_text1, win=Window( name=Window, fullscr=true, color=#000000, ~), autoDraw=null, autoLog=true, units=norm, ori=null, opacity=1, pos=[0,0], size=undefined, text=Ön most szavakat fog látni.

Ezek között lesznek o~, font=Arial, color=#ffffff, contrast=1, height=0.05, bold=null, italic=null, alignHoriz=left, alignVert=center, wrapWidth=1, flipHoriz=null, flipVert=null )
23.725969999999506	EXP	Created instruction_text2 = TextStim( name=instruction_text2, win=Window( name=Window, fullscr=true, color=#000000, ~), autoDraw=null, autoLog=true, units=norm, ori=null, opacity=1, pos=[0,0], size=undefined, text=Először két egyszerű példát mutatunk Önnek.

Az el~, font=Arial, color=#FFFFFF, contrast=1, height=0.05, bold=null, italic=null, alignHoriz=left, alignVert=center, wrapWidth=1, flipHoriz=null, flipVert=null )
23.728564999999435	EXP	Created show_text = TextStim( name=show_text, win=Window( name=Window, fullscr=true, color=#000000, ~), autoDraw=null, autoLog=true, units=norm, ori=null, opacity=1, pos=[0,0], size=undefined, text=asztal, font=Arial, color=#FFFFFF, contrast=1, height=0.2, bold=null, italic=null, alignHoriz=left, alignVert=center, wrapWidth=1, flipHoriz=null, flipVert=null )
23.730899999998655	EXP	Created text = TextStim( name=text, win=Window( name=Window, fullscr=true, color=#000000, ~), autoDraw=null, autoLog=true, units=norm, ori=null, opacity=1, pos=[0,0], size=undefined, text=bzsmfsztal, font=Arial, color=#FFFFFF, contrast=1, height=0.2, bold=null, italic=null, alignHoriz=left, alignVert=center, wrapWidth=1, flipHoriz=null, flipVert=null )
23.735834999999497	EXP	Created instruction_text3 = TextStim( name=instruction_text3, win=Window( name=Window, fullscr=true, color=#000000, ~), autoDraw=null, autoLog=true, units=norm, ori=null, opacity=1, pos=[0,0], size=undefined, text=Pazar. Most kezdődik az igazi kísérlet. Néhány per~, font=Arial, color=#FFFFFF, contrast=1, height=0.1, bold=null, italic=null, alignHoriz=left, alignVert=center, wrapWidth=1, flipHoriz=null, flipVert=null )
23.737639999999374	EXP	Created szo_kiir = TextStim( name=szo_kiir, win=Window( name=Window, fullscr=true, color=#000000, ~), autoDraw=null, autoLog=true, units=norm, ori=null, opacity=1, pos=[0,0], size=undefined, text=default text, font=Arial, color=#FFFFFF, contrast=1, height=0.2, bold=null, italic=null, alignHoriz=left, alignVert=center, wrapWidth=1, flipHoriz=null, flipVert=null )
23.740389999999024	EXP	Created koszi_szoveg = TextStim( name=koszi_szoveg, win=Window( name=Window, fullscr=true, color=#000000, ~), autoDraw=null, autoLog=true, units=norm, ori=null, opacity=1, pos=[0,0], size=undefined, text=Vége a kísérletnek. Köszönjük a részvételt!, font=arial, color=#ffffff, contrast=1, height=0.1, bold=null, italic=null, alignHoriz=left, alignVert=center, wrapWidth=1, flipHoriz=null, flipVert=null )
23.87669999999889	EXP	instruction_text1: units = "norm"
23.87669999999889	EXP	instruction_text1: ori = 0
23.87669999999889	EXP	instruction_text1: opacity = 1
23.87669999999889	EXP	instruction_text1: pos = [0,0]
23.87669999999889	EXP	instruction_text1: size = undefined
23.87669999999889	EXP	instruction_text1: text = "Ön most szavakat fog látni.\n\nEzek között lesznek olyanok, amelyeket ismer, de előfordulhatnak olyanok is, amelyeket nem ismer, sőt, vannak köztük kitalált szavak is. \n\nKérjük, ha ismeri a képernyőn látható szót, nyomja meg a JOBB kurzorbillentyűt.\nKérjük, ha NEM ismeri a képernyőn látható szót, vagy azt gondolja, nincs ilyen szó a magyarban, nyomja meg a BAL kurzorbillentyűt.\n\nAz 'Ismerem a szót' döntés itt most ezt jelenti: találkoztam már vele, és van valami elképzelésem a jelentéséről is.  \n\nNyomjon meg bármilyen billentyűt a folytatáshoz."
23.87669999999889	EXP	instruction_text1: font = "Arial"
23.87669999999889	EXP	instruction_text1: color = {"_rgb":[1,1,1]}
23.87669999999889	EXP	instruction_text1: contrast = 1
23.87669999999889	EXP	instruction_text1: height = 0.05
23.87669999999889	EXP	instruction_text1: bold = false
23.87669999999889	EXP	instruction_text1: italic = false
23.87669999999889	EXP	instruction_text1: alignHoriz = "left"
23.87669999999889	EXP	instruction_text1: alignVert = "center"
23.87669999999889	EXP	instruction_text1: wrapWidth = 1
23.87669999999889	EXP	instruction_text1: flipHoriz = false
23.87669999999889	EXP	instruction_text1: flipVert = false
23.87669999999889	EXP	instruction_text2: units = "norm"
23.87669999999889	EXP	instruction_text2: ori = 0
23.87669999999889	EXP	instruction_text2: opacity = 1
23.87669999999889	EXP	instruction_text2: pos = [0,0]
23.87669999999889	EXP	instruction_text2: size = undefined
23.87669999999889	EXP	instruction_text2: text = "Először két egyszerű példát mutatunk Önnek.\n\nAz első szó létezik a magyarban, és valószínűleg Ön is ismeri. Itt nyomja majd meg a jobb kurzorbillentyűt.\nA második szó nem létezik a magyar nyelvben. Itt nyomja majd meg a bal kurzorbillentyűt.\n\nFontos, hogy a jobb gombot a jobb kezével, a bal gombot a bal kezével nyomja, ha tudja, és ne egy kezét használja a kísérletben.\n\nNyomjon meg bármilyen gombot a folytatáshoz."
23.87669999999889	EXP	instruction_text2: font = "Arial"
23.87669999999889	EXP	instruction_text2: color = {"_hex":"#FFFFFF","_rgb":[1,1,1]}
23.87669999999889	EXP	instruction_text2: contrast = 1
23.87669999999889	EXP	instruction_text2: height = 0.05
23.87669999999889	EXP	instruction_text2: bold = false
23.87669999999889	EXP	instruction_text2: italic = false
23.87669999999889	EXP	instruction_text2: alignHoriz = "left"
23.87669999999889	EXP	instruction_text2: alignVert = "center"
23.87669999999889	EXP	instruction_text2: wrapWidth = 1
23.87669999999889	EXP	instruction_text2: flipHoriz = false
23.87669999999889	EXP	instruction_text2: flipVert = false
23.87669999999889	EXP	show_text: units = "norm"
23.87669999999889	EXP	show_text: ori = 0
23.87669999999889	EXP	show_text: opacity = 1
23.87669999999889	EXP	show_text: pos = [0,0]
23.87669999999889	EXP	show_text: size = undefined
23.87669999999889	EXP	show_text: text = "asztal"
23.87669999999889	EXP	show_text: font = "Arial"
23.87669999999889	EXP	show_text: color = {"_hex":"#FFFFFF","_rgb":[1,1,1]}
23.87669999999889	EXP	show_text: contrast = 1
23.87669999999889	EXP	show_text: height = 0.2
23.87669999999889	EXP	show_text: bold = false
23.87669999999889	EXP	show_text: italic = false
23.87669999999889	EXP	show_text: alignHoriz = "left"
23.87669999999889	EXP	show_text: alignVert = "center"
23.87669999999889	EXP	show_text: wrapWidth = 1
23.87669999999889	EXP	show_text: flipHoriz = false
23.87669999999889	EXP	show_text: flipVert = false
23.87669999999889	EXP	text: units = "norm"
23.87669999999889	EXP	text: ori = 0
23.87669999999889	EXP	text: opacity = 1
23.87669999999889	EXP	text: pos = [0,0]
23.87669999999889	EXP	text: size = undefined
23.87669999999889	EXP	text: text = "bzsmfsztal"
23.87669999999889	EXP	text: font = "Arial"
23.87669999999889	EXP	text: color = {"_hex":"#FFFFFF","_rgb":[1,1,1]}
23.87669999999889	EXP	text: contrast = 1
23.87669999999889	EXP	text: height = 0.2
23.87669999999889	EXP	text: bold = false
23.87669999999889	EXP	text: italic = false
23.87669999999889	EXP	text: alignHoriz = "left"
23.87669999999889	EXP	text: alignVert = "center"
23.87669999999889	EXP	text: wrapWidth = 1
23.87669999999889	EXP	text: flipHoriz = false
23.87669999999889	EXP	text: flipVert = false
23.87669999999889	EXP	instruction_text3: units = "norm"
23.87669999999889	EXP	instruction_text3: ori = 0
23.87669999999889	EXP	instruction_text3: opacity = 1
23.87669999999889	EXP	instruction_text3: pos = [0,0]
23.87669999999889	EXP	instruction_text3: size = undefined
23.87669999999889	EXP	instruction_text3: text = "Pazar. Most kezdődik az igazi kísérlet. Néhány percig fog tartani. Nem kell nagyon sietnie, de igyekezzen gyorsan válaszolni.\n\nNe feledje, ha tudja, a jobb gombot a jobbkezével, a bal gombot a balkezével nyomja le.\n\nNyomjon meg bármilyen gombot a folytatáshoz."
23.87669999999889	EXP	instruction_text3: font = "Arial"
23.87669999999889	EXP	instruction_text3: color = {"_hex":"#FFFFFF","_rgb":[1,1,1]}
23.87669999999889	EXP	instruction_text3: contrast = 1
23.87669999999889	EXP	instruction_text3: height = 0.1
23.87669999999889	EXP	instruction_text3: bold = false
23.87669999999889	EXP	instruction_text3: italic = false
23.87669999999889	EXP	instruction_text3: alignHoriz = "left"
23.87669999999889	EXP	instruction_text3: alignVert = "center"
23.87669999999889	EXP	instruction_text3: wrapWidth = 1
23.87669999999889	EXP	instruction_text3: flipHoriz = false
23.87669999999889	EXP	instruction_text3: flipVert = false
23.87669999999889	EXP	szo_kiir: units = "norm"
23.87669999999889	EXP	szo_kiir: ori = 0
23.87669999999889	EXP	szo_kiir: opacity = 1
23.87669999999889	EXP	szo_kiir: pos = [0,0]
23.87669999999889	EXP	szo_kiir: size = undefined
23.87669999999889	EXP	szo_kiir: text = "default text"
23.87669999999889	EXP	szo_kiir: font = "Arial"
23.87669999999889	EXP	szo_kiir: color = {"_hex":"#FFFFFF","_rgb":[1,1,1]}
23.87669999999889	EXP	szo_kiir: contrast = 1
23.87669999999889	EXP	szo_kiir: height = 0.2
23.87669999999889	EXP	szo_kiir: bold = false
23.87669999999889	EXP	szo_kiir: italic = false
23.87669999999889	EXP	szo_kiir: alignHoriz = "left"
23.87669999999889	EXP	szo_kiir: alignVert = "center"
23.87669999999889	EXP	szo_kiir: wrapWidth = 1
23.87669999999889	EXP	szo_kiir: flipHoriz = false
23.87669999999889	EXP	szo_kiir: flipVert = false
23.87669999999889	EXP	koszi_szoveg: units = "norm"
23.87669999999889	EXP	koszi_szoveg: ori = 0
23.87669999999889	EXP	koszi_szoveg: opacity = 1
23.87669999999889	EXP	koszi_szoveg: pos = [0,0]
23.87669999999889	EXP	koszi_szoveg: size = undefined
23.87669999999889	EXP	koszi_szoveg: text = "Vége a kísérletnek. Köszönjük a részvételt!"
23.87669999999889	EXP	koszi_szoveg: font = "arial"
23.87669999999889	EXP	koszi_szoveg: color = {"_rgb":[1,1,1]}
23.87669999999889	EXP	koszi_szoveg: contrast = 1
23.87669999999889	EXP	koszi_szoveg: height = 0.1
23.87669999999889	EXP	koszi_szoveg: bold = false
23.87669999999889	EXP	koszi_szoveg: italic = false
23.87669999999889	EXP	koszi_szoveg: alignHoriz = "left"
23.87669999999889	EXP	koszi_szoveg: alignVert = "center"
23.87669999999889	EXP	koszi_szoveg: wrapWidth = 1
23.87669999999889	EXP	koszi_szoveg: flipHoriz = false
23.87669999999889	EXP	koszi_szoveg: flipVert = false
23.87669999999889	EXP	instruction_text1: autoDraw = true
40.42514999999912	DATA	Mouse: 2 button down, pos=(799,661)
40.56762499999968	DATA	Mouse: 2 button down, pos=(799,661)
41.73461999999927	DATA	Mouse: 0 button down, pos=(799,659)
41.914489999999205	DATA	Mouse: 0 button down, pos=(799,659)
42.68086500000027	DATA	Mouse: 0 button down, pos=(799,659)
42.883144999999786	DATA	Mouse: 0 button down, pos=(799,659)
44.51348499999949	DATA	Keydown:  
44.53464499999973	EXP	instruction_text1: autoDraw = false
44.53464499999973	EXP	instruction_text2: autoDraw = true
55.846614999998565	DATA	Keydown:  
55.85881999999947	EXP	instruction_text2: autoDraw = false
56.39009999999871	EXP	show_text: autoDraw = true
57.80618999999933	DATA	Mouse: 2 button down, pos=(734,547)
57.92246999999952	DATA	Mouse: 2 button down, pos=(734,547)
59.878404999999475	DATA	Mouse: 0 button down, pos=(668,364)
60.07142500000009	DATA	Mouse: 0 button down, pos=(668,364)
60.91909999999916	DATA	Mouse: 0 button down, pos=(770,394)
61.11768999999913	DATA	Mouse: 0 button down, pos=(770,394)
61.48331999999937	DATA	Mouse: 0 button down, pos=(770,394)
61.70287999999891	DATA	Mouse: 0 button down, pos=(770,395)
61.703684999998586	DATA	Mouse: 0 button down, pos=(770,395)
61.704125000000204	DATA	Mouse: 0 button down, pos=(770,395)
62.082844999999	DATA	Mouse: 2 button down, pos=(770,395)
62.219004999999015	DATA	Mouse: 2 button down, pos=(770,395)
63.3177199999991	DATA	Mouse: 0 button down, pos=(738,378)
63.51513999999952	DATA	Mouse: 0 button down, pos=(738,378)
64.76227499999914	DATA	Keydown: ArrowRight
64.77759999999944	EXP	show_text: autoDraw = false
65.29546499999924	EXP	text: autoDraw = true
66.44196000000011	DATA	Keydown: ArrowLeft
66.4866349999993	EXP	text: autoDraw = false
66.4866349999993	EXP	instruction_text3: autoDraw = true
71.38975000000028	DATA	Keydown: ArrowLeft
71.45885499999895	EXP	instruction_text3: autoDraw = false
71.45885499999895	EXP	szo_kiir: color = {"_rgb":[1,1,1]}
71.45885499999895	EXP	szo_kiir: text = "tartozik"
71.96966999999859	EXP	szo_kiir: autoDraw = true
72.61549000000014	DATA	Keydown: ArrowRight
72.6318199999987	EXP	szo_kiir: autoDraw = false
72.6318199999987	EXP	szo_kiir: color = {"_rgb":[1,1,1]}
72.6318199999987	EXP	szo_kiir: text = "nagy"
73.14919499999996	EXP	szo_kiir: autoDraw = true
73.68012999999883	DATA	Keydown: ArrowRight
73.72133500000018	EXP	szo_kiir: autoDraw = false
73.72133500000018	EXP	szo_kiir: color = {"_rgb":[1,1,1]}
73.72133500000018	EXP	szo_kiir: text = "nyújt"
74.23036999999931	EXP	szo_kiir: autoDraw = true
74.71118000000024	DATA	Keydown: ArrowRight
74.727789999999	EXP	szo_kiir: autoDraw = false
74.727789999999	EXP	szo_kiir: color = {"_rgb":[1,1,1]}
74.727789999999	EXP	szo_kiir: text = "tér"
75.24528999999893	EXP	szo_kiir: autoDraw = true
75.69830999999976	DATA	Keydown: ArrowRight
75.72526499999913	EXP	szo_kiir: autoDraw = false
75.72526499999913	EXP	szo_kiir: color = {"_rgb":[1,1,1]}
75.72526499999913	EXP	szo_kiir: text = "gép"
76.24655499999972	EXP	szo_kiir: autoDraw = true
76.68230500000027	DATA	Keydown: ArrowRight
76.69160000000011	EXP	szo_kiir: autoDraw = false
76.69160000000011	EXP	szo_kiir: color = {"_rgb":[1,1,1]}
76.69160000000011	EXP	szo_kiir: text = "bolyodás"
77.20934999999918	EXP	szo_kiir: autoDraw = true
78.31002999999873	DATA	Keydown: Control
79.47117499999877	DATA	Keydown: ArrowLeft
79.53012999999919	EXP	szo_kiir: autoDraw = false
79.53012999999919	EXP	szo_kiir: color = {"_rgb":[1,1,1]}
79.53012999999919	EXP	szo_kiir: text = "fény"
80.03769499999908	EXP	szo_kiir: autoDraw = true
81.07630999999856	DATA	Keydown: ArrowRight
81.08540499999981	EXP	szo_kiir: autoDraw = false
81.08540499999981	EXP	szo_kiir: color = {"_rgb":[1,1,1]}
81.08540499999981	EXP	szo_kiir: text = "üvesi"
81.60236499999883	EXP	szo_kiir: autoDraw = true
82.1668899999986	DATA	Keydown: ArrowRight
82.18267999999989	EXP	szo_kiir: autoDraw = false
82.18267999999989	EXP	szo_kiir: color = {"_rgb":[1,1,1]}
82.18267999999989	EXP	szo_kiir: text = "módszer"
82.70126999999957	EXP	szo_kiir: autoDraw = true
83.33220999999867	DATA	Keydown: ArrowRight
83.35825499999919	EXP	szo_kiir: autoDraw = false
83.35825499999919	EXP	szo_kiir: color = {"_rgb":[1,1,1]}
83.35825499999919	EXP	szo_kiir: text = "hatalom"
83.86460999999872	EXP	szo_kiir: autoDraw = true
84.45416999999907	DATA	Keydown: ArrowRight
84.46338999999898	EXP	szo_kiir: autoDraw = false
84.46338999999898	EXP	szo_kiir: color = {"_rgb":[1,1,1]}
84.46338999999898	EXP	szo_kiir: text = "lélek"
84.97937499999898	EXP	szo_kiir: autoDraw = true
85.57819000000018	DATA	Keydown: ArrowRight
85.60286499999893	EXP	szo_kiir: autoDraw = false
85.60286499999893	EXP	szo_kiir: color = {"_rgb":[1,1,1]}
85.60286499999893	EXP	szo_kiir: text = "könyvtár"
86.11103000000003	EXP	szo_kiir: autoDraw = true
86.72767000000022	DATA	Keydown: ArrowRight
86.74202999999943	EXP	szo_kiir: autoDraw = false
86.74202999999943	EXP	szo_kiir: color = {"_rgb":[1,1,1]}
86.74202999999943	EXP	szo_kiir: text = "öröm"
87.25882999999885	EXP	szo_kiir: autoDraw = true
87.84541999999965	DATA	Keydown: ArrowRight
87.86693999999989	EXP	szo_kiir: autoDraw = false
87.86693999999989	EXP	szo_kiir: color = {"_rgb":[1,1,1]}
87.86693999999989	EXP	szo_kiir: text = "kampány"
88.37361499999861	EXP	szo_kiir: autoDraw = true
88.9728099999993	DATA	Keydown: ArrowRight
88.98857999999927	EXP	szo_kiir: autoDraw = false
88.98857999999927	EXP	szo_kiir: color = {"_rgb":[1,1,1]}
88.98857999999927	EXP	szo_kiir: text = "vagyon"
89.50578999999925	EXP	szo_kiir: autoDraw = true
89.94210500000008	DATA	Keydown: ArrowRight
89.96226000000024	EXP	szo_kiir: autoDraw = false
89.96226000000024	EXP	szo_kiir: color = {"_rgb":[1,1,1]}
89.96226000000024	EXP	szo_kiir: text = "pohár"
90.47007999999914	EXP	szo_kiir: autoDraw = true
90.89164999999957	DATA	Keydown: ArrowRight
90.90139999999883	EXP	szo_kiir: autoDraw = false
90.90139999999883	EXP	szo_kiir: color = {"_rgb":[1,1,1]}
90.90139999999883	EXP	szo_kiir: text = "tartos"
91.42030999999952	EXP	szo_kiir: autoDraw = true
92.57018499999867	DATA	Keydown: ArrowLeft
92.59611500000028	EXP	szo_kiir: autoDraw = false
92.59611500000028	EXP	szo_kiir: color = {"_rgb":[1,1,1]}
92.59611500000028	EXP	szo_kiir: text = "virág"
93.09907999999996	EXP	szo_kiir: autoDraw = true
93.61470999999983	DATA	Keydown: ArrowRight
93.63025000000016	EXP	szo_kiir: autoDraw = false
93.63025000000016	EXP	szo_kiir: color = {"_rgb":[1,1,1]}
93.63025000000016	EXP	szo_kiir: text = "konfúzusza"
94.1487249999991	EXP	szo_kiir: autoDraw = true
95.44752999999946	DATA	Keydown: ArrowLeft
95.47168499999862	EXP	szo_kiir: autoDraw = false
95.47168499999862	EXP	szo_kiir: color = {"_rgb":[1,1,1]}
95.47168499999862	EXP	szo_kiir: text = "melő"
95.97774500000014	EXP	szo_kiir: autoDraw = true
96.99365500000022	DATA	Keydown: ArrowLeft
97.00882499999898	EXP	szo_kiir: autoDraw = false
97.00882499999898	EXP	szo_kiir: color = {"_rgb":[1,1,1]}
97.00882499999898	EXP	szo_kiir: text = "repülőgép"
97.52605500000027	EXP	szo_kiir: autoDraw = true
98.16164500000014	DATA	Keydown: ArrowRight
98.18392499999936	EXP	szo_kiir: autoDraw = false
98.18392499999936	EXP	szo_kiir: color = {"_rgb":[1,1,1]}
98.18392499999936	EXP	szo_kiir: text = "lánc"
98.69062499999927	EXP	szo_kiir: autoDraw = true
99.3393500000002	DATA	Keydown: ArrowRight
99.35506499999974	EXP	szo_kiir: autoDraw = false
99.35506499999974	EXP	szo_kiir: color = {"_rgb":[1,1,1]}
99.35506499999974	EXP	szo_kiir: text = "kliens"
99.87179999999898	EXP	szo_kiir: autoDraw = true
100.57201999999961	DATA	Keydown: ArrowRight
100.59545999999864	EXP	szo_kiir: autoDraw = false
100.59545999999864	EXP	szo_kiir: color = {"_rgb":[1,1,1]}
100.59545999999864	EXP	szo_kiir: text = "maximax"
101.10283999999956	EXP	szo_kiir: autoDraw = true
102.3039549999994	DATA	Keydown: ArrowLeft
102.31659500000023	EXP	szo_kiir: autoDraw = false
102.31659500000023	EXP	szo_kiir: color = {"_rgb":[1,1,1]}
102.31659500000023	EXP	szo_kiir: text = "gótikus"
102.83419499999945	EXP	szo_kiir: autoDraw = true
103.53260499999851	DATA	Keydown: ArrowRight
103.55788500000017	EXP	szo_kiir: autoDraw = false
103.55788500000017	EXP	szo_kiir: color = {"_rgb":[1,1,1]}
103.55788500000017	EXP	szo_kiir: text = "kilogramm"
104.0686399999995	EXP	szo_kiir: autoDraw = true
104.83129000000008	DATA	Keydown: ArrowRight
104.84626000000026	EXP	szo_kiir: autoDraw = false
104.84626000000026	EXP	szo_kiir: color = {"_rgb":[1,1,1]}
104.84626000000026	EXP	szo_kiir: text = "örmény"
105.36284499999965	EXP	szo_kiir: autoDraw = true
105.99781499999881	DATA	Keydown: ArrowRight
106.0204649999996	EXP	szo_kiir: autoDraw = false
106.0204649999996	EXP	szo_kiir: color = {"_rgb":[1,1,1]}
106.0204649999996	EXP	szo_kiir: text = "diktátor"
106.52804499999911	EXP	szo_kiir: autoDraw = true
107.37885499999902	DATA	Keydown: ArrowRight
107.39566999999988	EXP	szo_kiir: autoDraw = false
107.39566999999988	EXP	szo_kiir: color = {"_rgb":[1,1,1]}
107.39566999999988	EXP	szo_kiir: text = "majom"
107.90963999999985	EXP	szo_kiir: autoDraw = true
108.3748799999994	DATA	Keydown: ArrowRight
108.39900999999918	EXP	szo_kiir: autoDraw = false
108.39900999999918	EXP	szo_kiir: color = {"_rgb":[1,1,1]}
108.39900999999918	EXP	szo_kiir: text = "rak"
108.90739500000018	EXP	szo_kiir: autoDraw = true
109.3079600000001	DATA	Keydown: ArrowRight
109.32250000000022	EXP	szo_kiir: autoDraw = false
109.32250000000022	EXP	szo_kiir: color = {"_rgb":[1,1,1]}
109.32250000000022	EXP	szo_kiir: text = "puharmes"
109.84100500000022	EXP	szo_kiir: autoDraw = true
110.70399499999985	DATA	Keydown: ArrowLeft
110.73746500000016	EXP	szo_kiir: autoDraw = false
110.73746500000016	EXP	szo_kiir: color = {"_rgb":[1,1,1]}
110.73746500000016	EXP	szo_kiir: text = "rajzolódik"
111.25442999999905	EXP	szo_kiir: autoDraw = true
112.06923499999903	DATA	Keydown: ArrowRight
112.08436999999867	EXP	szo_kiir: autoDraw = false
112.08436999999867	EXP	szo_kiir: color = {"_rgb":[1,1,1]}
112.08436999999867	EXP	szo_kiir: text = "munkálkodik"
112.60243499999888	EXP	szo_kiir: autoDraw = true
113.37040999999954	DATA	Keydown: ArrowRight
113.39856999999938	EXP	szo_kiir: autoDraw = false
113.39856999999938	EXP	szo_kiir: color = {"_rgb":[1,1,1]}
113.39856999999938	EXP	szo_kiir: text = "kán"
113.89873499999885	EXP	szo_kiir: autoDraw = true
114.84831499999927	DATA	Keydown: ArrowLeft
114.863734999999	EXP	szo_kiir: autoDraw = false
114.863734999999	EXP	szo_kiir: color = {"_rgb":[1,1,1]}
114.863734999999	EXP	szo_kiir: text = "klór"
115.38054000000011	EXP	szo_kiir: autoDraw = true
115.97018500000013	DATA	Keydown: ArrowRight
115.97927499999969	EXP	szo_kiir: autoDraw = false
115.97927499999969	EXP	szo_kiir: color = {"_rgb":[1,1,1]}
115.97927499999969	EXP	szo_kiir: text = "töredék"
116.49536999999873	EXP	szo_kiir: autoDraw = true
117.31074999999873	DATA	Keydown: ArrowRight
117.33758999999918	EXP	szo_kiir: autoDraw = false
117.33758999999918	EXP	szo_kiir: color = {"_rgb":[1,1,1]}
117.33758999999918	EXP	szo_kiir: text = "biblikus"
117.84231499999987	EXP	szo_kiir: autoDraw = true
119.21426999999858	DATA	Keydown: ArrowRight
119.2233299999989	EXP	szo_kiir: autoDraw = false
119.2233299999989	EXP	szo_kiir: color = {"_rgb":[1,1,1]}
119.2233299999989	EXP	szo_kiir: text = "bacon"
119.7393749999992	EXP	szo_kiir: autoDraw = true
120.67399999999907	DATA	Keydown: ArrowLeft
120.69049499999892	EXP	szo_kiir: autoDraw = false
120.69049499999892	EXP	szo_kiir: color = {"_rgb":[1,1,1]}
120.69049499999892	EXP	szo_kiir: text = "foglaltatik"
121.20451999999932	EXP	szo_kiir: autoDraw = true
121.88839000000007	DATA	Keydown: ArrowRight
121.91317999999956	EXP	szo_kiir: autoDraw = false
121.91317999999956	EXP	szo_kiir: color = {"_rgb":[1,1,1]}
121.91317999999956	EXP	szo_kiir: text = "arló"
122.4188299999987	EXP	szo_kiir: autoDraw = true
123.46843999999874	DATA	Keydown: ArrowLeft
123.48278500000015	EXP	szo_kiir: autoDraw = false
123.48278500000015	EXP	szo_kiir: color = {"_rgb":[1,1,1]}
123.48278500000015	EXP	szo_kiir: text = "fennsík"
124.00022999999965	EXP	szo_kiir: autoDraw = true
124.64895999999862	DATA	Keydown: ArrowRight
124.6710149999999	EXP	szo_kiir: autoDraw = false
124.6710149999999	EXP	szo_kiir: color = {"_rgb":[1,1,1]}
124.6710149999999	EXP	szo_kiir: text = "presbitérium"
125.18434999999954	EXP	szo_kiir: autoDraw = true
126.26541999999972	DATA	Keydown: ArrowRight
126.28023500000018	EXP	szo_kiir: autoDraw = false
126.28023500000018	EXP	szo_kiir: color = {"_rgb":[1,1,1]}
126.28023500000018	EXP	szo_kiir: text = "lazarjadó"
126.79550999999992	EXP	szo_kiir: autoDraw = true
127.89393500000006	DATA	Keydown: ArrowLeft
127.91538500000024	EXP	szo_kiir: autoDraw = false
127.91538500000024	EXP	szo_kiir: color = {"_rgb":[1,1,1]}
127.91538500000024	EXP	szo_kiir: text = "feledékeny"
128.42770500000006	EXP	szo_kiir: autoDraw = true
129.22742499999916	DATA	Keydown: ArrowRight
129.2421749999994	EXP	szo_kiir: autoDraw = false
129.2421749999994	EXP	szo_kiir: color = {"_rgb":[1,1,1]}
129.2421749999994	EXP	szo_kiir: text = "cáfol"
129.7570649999998	EXP	szo_kiir: autoDraw = true
130.4920199999997	DATA	Keydown: ArrowRight
130.51739499999894	EXP	szo_kiir: autoDraw = false
130.51739499999894	EXP	szo_kiir: color = {"_rgb":[1,1,1]}
130.51739499999894	EXP	szo_kiir: text = "érkésztás"
131.02208499999873	EXP	szo_kiir: autoDraw = true
131.42892000000032	DATA	Keydown: ArrowRight
131.43800499999998	EXP	szo_kiir: autoDraw = false
131.43800499999998	EXP	szo_kiir: color = {"_rgb":[1,1,1]}
131.43800499999998	EXP	szo_kiir: text = "vetézmés"
131.9540049999996	EXP	szo_kiir: autoDraw = true
132.8686600000001	DATA	Keydown: ArrowLeft
132.88477999999847	EXP	szo_kiir: autoDraw = false
132.88477999999847	EXP	szo_kiir: color = {"_rgb":[1,1,1]}
132.88477999999847	EXP	szo_kiir: text = "lendít"
133.40123999999923	EXP	szo_kiir: autoDraw = true
134.12217499999863	DATA	Keydown: ArrowRight
134.14415499999993	EXP	szo_kiir: autoDraw = false
134.14415499999993	EXP	szo_kiir: color = {"_rgb":[1,1,1]}
134.14415499999993	EXP	szo_kiir: text = "vegyesbolt"
134.64893999999913	EXP	szo_kiir: autoDraw = true
135.45225500000015	DATA	Keydown: ArrowRight
135.4639799999986	EXP	szo_kiir: autoDraw = false
135.4639799999986	EXP	szo_kiir: color = {"_rgb":[1,1,1]}
135.4639799999986	EXP	szo_kiir: text = "kopp"
135.98064499999964	EXP	szo_kiir: autoDraw = true
136.7512999999999	DATA	Keydown: ArrowRight
136.76765999999955	EXP	szo_kiir: autoDraw = false
136.76765999999955	EXP	szo_kiir: color = {"_rgb":[1,1,1]}
136.76765999999955	EXP	szo_kiir: text = "viszkózus"
137.27835499999856	EXP	szo_kiir: autoDraw = true
138.2157349999998	DATA	Keydown: ArrowRight
138.22792499999923	EXP	szo_kiir: autoDraw = false
138.22792499999923	EXP	szo_kiir: color = {"_rgb":[1,1,1]}
138.22792499999923	EXP	szo_kiir: text = "törköly"
138.74302499999976	EXP	szo_kiir: autoDraw = true
139.27559499999916	DATA	Keydown: ArrowRight
139.29765499999849	EXP	szo_kiir: autoDraw = false
139.29765499999849	EXP	szo_kiir: color = {"_rgb":[1,1,1]}
139.29765499999849	EXP	szo_kiir: text = "tanácskozik"
139.81339499999925	EXP	szo_kiir: autoDraw = true
140.52311000000006	DATA	Keydown: ArrowRight
140.53945000000022	EXP	szo_kiir: autoDraw = false
140.53945000000022	EXP	szo_kiir: color = {"_rgb":[1,1,1]}
140.53945000000022	EXP	szo_kiir: text = "káder"
141.055445	EXP	szo_kiir: autoDraw = true
141.78798999999893	DATA	Keydown: ArrowRight
141.81040000000027	EXP	szo_kiir: autoDraw = false
141.81040000000027	EXP	szo_kiir: color = {"_rgb":[1,1,1]}
141.81040000000027	EXP	szo_kiir: text = "pártol"
142.31999499999986	EXP	szo_kiir: autoDraw = true
142.758495	DATA	Keydown: ArrowRight
142.76821000000015	EXP	szo_kiir: autoDraw = false
142.76821000000015	EXP	szo_kiir: color = {"_rgb":[1,1,1]}
142.76821000000015	EXP	szo_kiir: text = "slendrián"
143.28582999999887	EXP	szo_kiir: autoDraw = true
143.90166499999944	DATA	Keydown: ArrowLeft
143.91668500000014	EXP	szo_kiir: autoDraw = false
143.91668500000014	EXP	szo_kiir: color = {"_rgb":[1,1,1]}
143.91668500000014	EXP	szo_kiir: text = "hidegtál"
144.43672499999957	EXP	szo_kiir: autoDraw = true
145.03684999999862	DATA	Keydown: ArrowRight
145.05709500000012	EXP	szo_kiir: autoDraw = false
145.05709500000012	EXP	szo_kiir: color = {"_rgb":[1,1,1]}
145.05709500000012	EXP	szo_kiir: text = "doktorátus"
145.56502999999978	EXP	szo_kiir: autoDraw = true
146.5308449999993	DATA	Keydown: ArrowRight
146.54597499999906	EXP	szo_kiir: autoDraw = false
146.54597499999906	EXP	szo_kiir: color = {"_rgb":[1,1,1]}
146.54597499999906	EXP	szo_kiir: text = "antyúzható"
147.06288999999921	EXP	szo_kiir: autoDraw = true
147.9781299999995	DATA	Keydown: ArrowLeft
148.0004849999987	EXP	szo_kiir: autoDraw = false
148.0004849999987	EXP	szo_kiir: color = {"_rgb":[1,1,1]}
148.0004849999987	EXP	szo_kiir: text = "fehérít"
148.51019499999893	EXP	szo_kiir: autoDraw = true
149.10935499999866	DATA	Keydown: ArrowRight
149.1254149999986	EXP	szo_kiir: autoDraw = false
149.1254149999986	EXP	szo_kiir: color = {"_rgb":[1,1,1]}
149.1254149999986	EXP	szo_kiir: text = "martalóc"
149.64386500000003	EXP	szo_kiir: autoDraw = true
150.70580999999947	DATA	Keydown: ArrowLeft
150.72285499999998	EXP	szo_kiir: autoDraw = false
150.72285499999998	EXP	szo_kiir: color = {"_rgb":[1,1,1]}
150.72285499999998	EXP	szo_kiir: text = "végregura"
151.23984500000006	EXP	szo_kiir: autoDraw = true
152.1051849999985	DATA	Keydown: ArrowLeft
152.1312449999987	EXP	szo_kiir: autoDraw = false
152.1312449999987	EXP	szo_kiir: color = {"_rgb":[1,1,1]}
152.1312449999987	EXP	szo_kiir: text = "peny"
152.63745500000005	EXP	szo_kiir: autoDraw = true
153.38637500000002	DATA	Keydown: ArrowLeft
153.40391499999896	EXP	szo_kiir: autoDraw = false
153.40391499999896	EXP	szo_kiir: color = {"_rgb":[1,1,1]}
153.40391499999896	EXP	szo_kiir: text = "analizál"
153.9188349999986	EXP	szo_kiir: autoDraw = true
154.78403999999864	DATA	Keydown: ArrowRight
154.8061149999994	EXP	szo_kiir: autoDraw = false
154.8061149999994	EXP	szo_kiir: color = {"_rgb":[1,1,1]}
154.8061149999994	EXP	szo_kiir: text = "elegy"
155.31714999999895	EXP	szo_kiir: autoDraw = true
156.4356449999996	DATA	Keydown: ArrowRight
156.45071499999904	EXP	szo_kiir: autoDraw = false
156.45071499999904	EXP	szo_kiir: color = {"_rgb":[1,1,1]}
156.45071499999904	EXP	szo_kiir: text = "keszködmön"
156.96404499999878	EXP	szo_kiir: autoDraw = true
157.83097999999882	DATA	Keydown: ArrowLeft
157.85081999999966	EXP	szo_kiir: autoDraw = false
157.85081999999966	EXP	szo_kiir: color = {"_rgb":[1,1,1]}
157.85081999999966	EXP	szo_kiir: text = "szendültet"
158.3617149999991	EXP	szo_kiir: autoDraw = true
159.52666499999944	DATA	Keydown: ArrowLeft
159.54237999999896	EXP	szo_kiir: autoDraw = false
159.54237999999896	EXP	szo_kiir: color = {"_rgb":[1,1,1]}
159.54237999999896	EXP	szo_kiir: text = "oldolt"
160.0594999999994	EXP	szo_kiir: autoDraw = true
161.07766499999892	DATA	Keydown: ArrowLeft
161.09541499999978	EXP	szo_kiir: autoDraw = false
161.09541499999978	EXP	szo_kiir: color = {"_rgb":[1,1,1]}
161.09541499999978	EXP	szo_kiir: text = "interpretátor"
161.6069549999993	EXP	szo_kiir: autoDraw = true
162.57283499999903	DATA	Keydown: ArrowRight
162.5871999999999	EXP	szo_kiir: autoDraw = false
162.5871999999999	EXP	szo_kiir: color = {"_rgb":[1,1,1]}
162.5871999999999	EXP	szo_kiir: text = "selypít"
163.10608999999928	EXP	szo_kiir: autoDraw = true
164.00541499999963	DATA	Keydown: ArrowRight
164.02449999999953	EXP	szo_kiir: autoDraw = false
164.02449999999953	EXP	szo_kiir: color = {"_rgb":[1,1,1]}
164.02449999999953	EXP	szo_kiir: text = "gerencsér"
164.53539499999897	EXP	szo_kiir: autoDraw = true
166.15253999999914	DATA	Keydown: ArrowRight
166.16447999999946	EXP	szo_kiir: autoDraw = false
166.16447999999946	EXP	szo_kiir: color = {"_rgb":[1,1,1]}
166.16447999999946	EXP	szo_kiir: text = "finomszesz"
166.68140499999936	EXP	szo_kiir: autoDraw = true
167.48057499999956	DATA	Keydown: ArrowRight
167.50188999999955	EXP	szo_kiir: autoDraw = false
167.50188999999955	EXP	szo_kiir: color = {"_rgb":[1,1,1]}
167.50188999999955	EXP	szo_kiir: text = "szemestakarmány"
168.0126999999993	EXP	szo_kiir: autoDraw = true
169.57747500000008	DATA	Keydown: ArrowLeft
169.59264499999884	EXP	szo_kiir: autoDraw = false
169.59264499999884	EXP	szo_kiir: color = {"_rgb":[1,1,1]}
169.59264499999884	EXP	szo_kiir: text = "egant"
170.1095299999997	EXP	szo_kiir: autoDraw = true
170.5928649999987	DATA	Keydown: ArrowRight
170.6083999999992	EXP	szo_kiir: autoDraw = false
170.6083999999992	EXP	szo_kiir: color = {"_rgb":[1,1,1]}
170.6083999999992	EXP	szo_kiir: text = "dögönyöz"
171.12449000000012	EXP	szo_kiir: autoDraw = true
172.09611500000028	DATA	Keydown: ArrowRight
172.10540500000022	EXP	szo_kiir: autoDraw = false
172.10540500000022	EXP	szo_kiir: color = {"_rgb":[1,1,1]}
172.10540500000022	EXP	szo_kiir: text = "bizom"
172.6224399999992	EXP	szo_kiir: autoDraw = true
173.0578749999986	DATA	Keydown: ArrowRight
173.08504999999965	EXP	szo_kiir: autoDraw = false
173.08504999999965	EXP	szo_kiir: color = {"_rgb":[1,1,1]}
173.08504999999965	EXP	szo_kiir: text = "nyurcaret"
173.58662999999981	EXP	szo_kiir: autoDraw = true
174.40240999999878	DATA	Keydown: ArrowLeft
174.41777499999986	EXP	szo_kiir: autoDraw = false
174.41777499999986	EXP	szo_kiir: color = {"_rgb":[1,1,1]}
174.41777499999986	EXP	szo_kiir: text = "szolúbilis"
174.9351549999992	EXP	szo_kiir: autoDraw = true
175.65063999999984	DATA	Keydown: ArrowLeft
175.66582500000004	EXP	szo_kiir: autoDraw = false
175.66582500000004	EXP	szo_kiir: color = {"_rgb":[1,1,1]}
175.66582500000004	EXP	szo_kiir: text = "ostorán"
176.18320499999933	EXP	szo_kiir: autoDraw = true
176.58569999999963	DATA	Keydown: ArrowLeft
176.60570000000007	EXP	szo_kiir: autoDraw = false
176.60570000000007	EXP	szo_kiir: color = {"_rgb":[1,1,1]}
176.60570000000007	EXP	szo_kiir: text = "kúpol"
177.11448000000019	EXP	szo_kiir: autoDraw = true
178.03029999999853	DATA	Keydown: ArrowLeft
178.04574499999944	EXP	szo_kiir: autoDraw = false
178.04574499999944	EXP	szo_kiir: color = {"_rgb":[1,1,1]}
178.04574499999944	EXP	szo_kiir: text = "ráncosít"
178.5629149999986	EXP	szo_kiir: autoDraw = true
179.72965499999918	DATA	Keydown: ArrowRight
179.75296499999968	EXP	szo_kiir: autoDraw = false
179.75296499999968	EXP	szo_kiir: color = {"_rgb":[1,1,1]}
179.75296499999968	EXP	szo_kiir: text = "áruszállítmány"
180.25964999999997	EXP	szo_kiir: autoDraw = true
180.87591499999874	DATA	Keydown: ArrowRight
180.9081049999986	EXP	szo_kiir: autoDraw = false
180.9081049999986	EXP	szo_kiir: color = {"_rgb":[1,1,1]}
180.9081049999986	EXP	szo_kiir: text = "norvend"
181.42453500000013	EXP	szo_kiir: autoDraw = true
182.14443000000028	DATA	Keydown: ArrowLeft
182.1559449999986	EXP	szo_kiir: autoDraw = false
182.1559449999986	EXP	szo_kiir: color = {"_rgb":[1,1,1]}
182.1559449999986	EXP	szo_kiir: text = "nyálasszájú"
182.6729149999992	EXP	szo_kiir: autoDraw = true
184.53761499999925	DATA	Keydown: ArrowLeft
184.55268499999875	EXP	szo_kiir: autoDraw = false
184.55268499999875	EXP	szo_kiir: color = {"_rgb":[1,1,1]}
184.55268499999875	EXP	szo_kiir: text = "köpdös"
185.06898	EXP	szo_kiir: autoDraw = true
186.06741499999956	DATA	Keydown: ArrowRight
186.09095499999967	EXP	szo_kiir: autoDraw = false
186.09095499999967	EXP	szo_kiir: color = {"_rgb":[1,1,1]}
186.09095499999967	EXP	szo_kiir: text = "istenkedik"
186.59904999999893	EXP	szo_kiir: autoDraw = true
187.5507949999992	DATA	Keydown: ArrowRight
187.56588999999988	EXP	szo_kiir: autoDraw = false
187.56588999999988	EXP	szo_kiir: color = {"_rgb":[1,1,1]}
187.56588999999988	EXP	szo_kiir: text = "kuktáskodik"
188.08010999999897	EXP	szo_kiir: autoDraw = true
188.946324999999	DATA	Keydown: ArrowRight
188.96986999999896	EXP	szo_kiir: autoDraw = false
188.96986999999896	EXP	szo_kiir: color = {"_rgb":[1,1,1]}
188.96986999999896	EXP	szo_kiir: text = "amodális"
189.47822999999877	EXP	szo_kiir: autoDraw = true
190.72583999999915	DATA	Keydown: ArrowRight
190.7420399999992	EXP	szo_kiir: autoDraw = false
190.7420399999992	EXP	szo_kiir: color = {"_rgb":[1,1,1]}
190.7420399999992	EXP	szo_kiir: text = "nyagy"
191.25875499999893	EXP	szo_kiir: autoDraw = true
192.07497499999954	DATA	Keydown: ArrowLeft
192.0962249999993	EXP	szo_kiir: autoDraw = false
192.0962249999993	EXP	szo_kiir: color = {"_rgb":[1,1,1]}
192.0962249999993	EXP	szo_kiir: text = "többhagyos"
192.60790499999896	EXP	szo_kiir: autoDraw = true
193.57434499999906	DATA	Keydown: ArrowLeft
193.58748500000002	EXP	szo_kiir: autoDraw = false
193.58748500000002	EXP	szo_kiir: color = {"_rgb":[1,1,1]}
193.58748500000002	EXP	szo_kiir: text = "szolmizál"
194.10465499999918	EXP	szo_kiir: autoDraw = true
194.97098999999977	DATA	Keydown: ArrowRight
194.9923399999989	EXP	szo_kiir: autoDraw = false
194.9923399999989	EXP	szo_kiir: color = {"_rgb":[1,1,1]}
194.9923399999989	EXP	szo_kiir: text = "pentez"
195.50179500000013	EXP	szo_kiir: autoDraw = true
196.3331899999994	DATA	Keydown: ArrowLeft
196.34945499999958	EXP	szo_kiir: autoDraw = false
196.34945499999958	EXP	szo_kiir: color = {"_rgb":[1,1,1]}
196.34945499999958	EXP	szo_kiir: text = "vulkanizál"
196.86612999999852	EXP	szo_kiir: autoDraw = true
197.4881349999996	DATA	Keydown: ArrowRight
197.5062249999992	EXP	szo_kiir: autoDraw = false
197.5062249999992	EXP	szo_kiir: color = {"_rgb":[1,1,1]}
197.5062249999992	EXP	szo_kiir: text = "magmatit"
198.01498999999967	EXP	szo_kiir: autoDraw = true
199.1671200000001	DATA	Keydown: ArrowLeft
199.17874999999913	EXP	szo_kiir: autoDraw = false
199.17874999999913	EXP	szo_kiir: color = {"_rgb":[1,1,1]}
199.17874999999913	EXP	szo_kiir: text = "heliotropizmus"
199.69731499999946	EXP	szo_kiir: autoDraw = true
200.74410999999964	DATA	Keydown: ArrowLeft
200.75962499999878	EXP	szo_kiir: autoDraw = false
200.75962499999878	EXP	szo_kiir: color = {"_rgb":[1,1,1]}
200.75962499999878	EXP	szo_kiir: text = "truccol"
201.27612499999853	EXP	szo_kiir: autoDraw = true
202.14465999999996	DATA	Keydown: ArrowLeft
202.16254999999907	EXP	szo_kiir: autoDraw = false
202.16254999999907	EXP	szo_kiir: color = {"_rgb":[1,1,1]}
202.16254999999907	EXP	szo_kiir: text = "kettősfém"
202.67404499999975	EXP	szo_kiir: autoDraw = true
203.36048999999912	DATA	Keydown: ArrowRight
203.37184999999954	EXP	szo_kiir: autoDraw = false
203.37184999999954	EXP	szo_kiir: color = {"_rgb":[1,1,1]}
203.37184999999954	EXP	szo_kiir: text = "őrint"
203.88933499999985	EXP	szo_kiir: autoDraw = true
204.58845999999903	DATA	Keydown: ArrowLeft
204.60858999999982	EXP	szo_kiir: autoDraw = false
204.60858999999982	EXP	szo_kiir: color = {"_rgb":[1,1,1]}
204.60858999999982	EXP	szo_kiir: text = "hajcsárkodik"
205.120789999999	EXP	szo_kiir: autoDraw = true
206.70536999999968	DATA	Keydown: ArrowLeft
206.71586000000025	EXP	szo_kiir: autoDraw = false
206.71586000000025	EXP	szo_kiir: color = {"_rgb":[1,1,1]}
206.71586000000025	EXP	szo_kiir: text = "korrektúrázik"
207.23291499999866	EXP	szo_kiir: autoDraw = true
208.39813999999936	DATA	Keydown: ArrowRight
208.4141949999994	EXP	szo_kiir: autoDraw = false
208.4141949999994	EXP	szo_kiir: color = {"_rgb":[1,1,1]}
208.4141949999994	EXP	szo_kiir: text = "ultatlados"
208.93073499999988	EXP	szo_kiir: autoDraw = true
210.13108499999905	DATA	Keydown: ArrowLeft
210.15050499999964	EXP	szo_kiir: autoDraw = false
210.15050499999964	EXP	szo_kiir: color = {"_rgb":[1,1,1]}
210.15050499999964	EXP	szo_kiir: text = "bajuszfű"
210.66161999999895	EXP	szo_kiir: autoDraw = true
211.66151499999978	DATA	Keydown: ArrowLeft
211.67516999999862	EXP	szo_kiir: autoDraw = false
211.67516999999862	EXP	szo_kiir: color = {"_rgb":[1,1,1]}
211.67516999999862	EXP	szo_kiir: text = "skrupulizál"
212.19206499999927	EXP	szo_kiir: autoDraw = true
212.85787999999957	DATA	Keydown: ArrowLeft
212.8734349999995	EXP	szo_kiir: autoDraw = false
212.8734349999995	EXP	szo_kiir: color = {"_rgb":[1,1,1]}
212.8734349999995	EXP	szo_kiir: text = "konverzál"
213.39184999999998	EXP	szo_kiir: autoDraw = true
214.47358999999958	DATA	Keydown: ArrowLeft
214.49332499999946	EXP	szo_kiir: autoDraw = false
214.49332499999946	EXP	szo_kiir: color = {"_rgb":[1,1,1]}
214.49332499999946	EXP	szo_kiir: text = "dumcsoska"
215.0044600000001	EXP	szo_kiir: autoDraw = true
215.80874500000024	DATA	Keydown: ArrowLeft
215.81795499999862	EXP	szo_kiir: autoDraw = false
215.81795499999862	EXP	szo_kiir: color = {"_rgb":[1,1,1]}
215.81795499999862	EXP	szo_kiir: text = "impúrum"
216.33485999999903	EXP	szo_kiir: autoDraw = true
217.23766999999862	DATA	Keydown: ArrowLeft
217.24990999999864	EXP	szo_kiir: autoDraw = false
217.24990999999864	EXP	szo_kiir: color = {"_rgb":[1,1,1]}
217.24990999999864	EXP	szo_kiir: text = "klímatérkép"
217.7666449999997	EXP	szo_kiir: autoDraw = true
218.60437499999898	DATA	Keydown: ArrowRight
218.61987499999853	EXP	szo_kiir: autoDraw = false
218.61987499999853	EXP	szo_kiir: color = {"_rgb":[1,1,1]}
218.61987499999853	EXP	szo_kiir: text = "almattoló"
219.13118500000022	EXP	szo_kiir: autoDraw = true
219.97915999999896	DATA	Keydown: ArrowLeft
219.9955199999986	EXP	szo_kiir: autoDraw = false
219.9955199999986	EXP	szo_kiir: color = {"_rgb":[1,1,1]}
219.9955199999986	EXP	szo_kiir: text = "periodogram"
220.5123249999997	EXP	szo_kiir: autoDraw = true
221.1943049999991	DATA	Keydown: ArrowLeft
221.20967999999993	EXP	szo_kiir: autoDraw = false
221.20967999999993	EXP	szo_kiir: color = {"_rgb":[1,1,1]}
221.20967999999993	EXP	szo_kiir: text = "okoztatozó"
221.72705999999928	EXP	szo_kiir: autoDraw = true
222.19275000000013	DATA	Keydown: ArrowLeft
222.21753499999977	EXP	szo_kiir: autoDraw = false
222.21753499999977	EXP	szo_kiir: color = {"_rgb":[1,1,1]}
222.21753499999977	EXP	szo_kiir: text = "antikommutatív"
222.7252349999999	EXP	szo_kiir: autoDraw = true
224.17262499999924	DATA	Keydown: ArrowRight
224.1885549999988	EXP	szo_kiir: autoDraw = false
224.1885549999988	EXP	szo_kiir: color = {"_rgb":[1,1,1]}
224.1885549999988	EXP	szo_kiir: text = "tárcsöngy"
224.7056049999992	EXP	szo_kiir: autoDraw = true
225.50436499999884	DATA	Keydown: ArrowLeft
225.52868499999934	EXP	szo_kiir: autoDraw = false
225.52868499999934	EXP	szo_kiir: color = {"_rgb":[1,1,1]}
225.52868499999934	EXP	szo_kiir: text = "ingyenbeteg"
226.03647499999894	EXP	szo_kiir: autoDraw = true
227.31833999999984	DATA	Keydown: ArrowLeft
227.33386499999867	EXP	szo_kiir: autoDraw = false
227.33386499999867	EXP	szo_kiir: color = {"_rgb":[1,1,1]}
227.33386499999867	EXP	szo_kiir: text = "aximai"
227.8502349999999	EXP	szo_kiir: autoDraw = true
228.80038499999864	DATA	Keydown: ArrowLeft
228.81746000000024	EXP	szo_kiir: autoDraw = false
228.81746000000024	EXP	szo_kiir: color = {"_rgb":[1,1,1]}
228.81746000000024	EXP	szo_kiir: text = "viaszoz"
229.33166999999958	EXP	szo_kiir: autoDraw = true
230.6625899999999	DATA	Keydown: ArrowRight
230.68428999999927	EXP	szo_kiir: autoDraw = false
230.68428999999927	EXP	szo_kiir: color = {"_rgb":[1,1,1]}
230.68428999999927	EXP	szo_kiir: text = "kibogarász"
231.1951399999998	EXP	szo_kiir: autoDraw = true
232.0268099999994	DATA	Keydown: ArrowRight
232.04281499999885	EXP	szo_kiir: autoDraw = false
232.04281499999885	EXP	szo_kiir: color = {"_rgb":[1,1,1]}
232.04281499999885	EXP	szo_kiir: text = "svábtök"
232.56009999999878	EXP	szo_kiir: autoDraw = true
233.30812499999956	DATA	Keydown: ArrowLeft
233.32406999999876	EXP	szo_kiir: autoDraw = false
233.32406999999876	EXP	szo_kiir: color = {"_rgb":[1,1,1]}
233.32406999999876	EXP	szo_kiir: text = "tőzsérkedik"
233.84252999999987	EXP	szo_kiir: autoDraw = true
234.95972999999867	DATA	Keydown: ArrowLeft
234.97165999999925	EXP	szo_kiir: autoDraw = false
234.97165999999925	EXP	szo_kiir: color = {"_rgb":[1,1,1]}
234.97165999999925	EXP	szo_kiir: text = "párnásszék"
235.49172499999986	EXP	szo_kiir: autoDraw = true
236.52193499999888	DATA	Keydown: ArrowLeft
236.5421349999997	EXP	szo_kiir: autoDraw = false
236.5421349999997	EXP	koszi_szoveg: autoDraw = true
237.51795999999925	DATA	Keydown: ArrowLeft
