0.015379999997094274	EXP	Created Window = Window( name=Window, fullscr=true, color=#000000, units=norm, waitBlanking=true, autoLog=true, size=[1536,754] )
2.776419999951031	DATA	Keydown: undefined
3.9026199999498203	DATA	Keydown: undefined
5.117904999991879	DATA	Keydown: undefined
6.878369999991264	DATA	Keydown: undefined
9.404869999969378	EXP	Created instruction_text1 = TextStim( name=instruction_text1, win=Window( name=Window, fullscr=true, color=#000000, ~), autoDraw=null, autoLog=true, units=norm, ori=null, opacity=1, pos=[0,0], size=undefined, text=Ön most szavakat fog látni.

Ezek között lesznek o~, font=Arial, color=#ffffff, contrast=1, height=0.05, bold=null, italic=null, alignHoriz=left, alignVert=center, wrapWidth=1, flipHoriz=null, flipVert=null )
9.406264999997802	EXP	Created instruction_text2 = TextStim( name=instruction_text2, win=Window( name=Window, fullscr=true, color=#000000, ~), autoDraw=null, autoLog=true, units=norm, ori=null, opacity=1, pos=[0,0], size=undefined, text=Először két egyszerű példát mutatunk Önnek.

Az el~, font=Arial, color=#FFFFFF, contrast=1, height=0.05, bold=null, italic=null, alignHoriz=left, alignVert=center, wrapWidth=1, flipHoriz=null, flipVert=null )
9.407269999966957	EXP	Created show_text = TextStim( name=show_text, win=Window( name=Window, fullscr=true, color=#000000, ~), autoDraw=null, autoLog=true, units=norm, ori=null, opacity=1, pos=[0,0], size=undefined, text=asztal, font=Arial, color=#FFFFFF, contrast=1, height=0.2, bold=null, italic=null, alignHoriz=left, alignVert=center, wrapWidth=1, flipHoriz=null, flipVert=null )
9.408079999964684	EXP	Created text = TextStim( name=text, win=Window( name=Window, fullscr=true, color=#000000, ~), autoDraw=null, autoLog=true, units=norm, ori=null, opacity=1, pos=[0,0], size=undefined, text=bzsmfsztal, font=Arial, color=#FFFFFF, contrast=1, height=0.2, bold=null, italic=null, alignHoriz=left, alignVert=center, wrapWidth=1, flipHoriz=null, flipVert=null )
9.408844999969006	EXP	Created instruction_text3 = TextStim( name=instruction_text3, win=Window( name=Window, fullscr=true, color=#000000, ~), autoDraw=null, autoLog=true, units=norm, ori=null, opacity=1, pos=[0,0], size=undefined, text=Pazar. Most kezdődik az igazi kísérlet. Néhány per~, font=Arial, color=#FFFFFF, contrast=1, height=0.1, bold=null, italic=null, alignHoriz=left, alignVert=center, wrapWidth=1, flipHoriz=null, flipVert=null )
9.411454999994021	EXP	Created szo_kiir = TextStim( name=szo_kiir, win=Window( name=Window, fullscr=true, color=#000000, ~), autoDraw=null, autoLog=true, units=norm, ori=null, opacity=1, pos=[0,0], size=undefined, text=default text, font=Arial, color=#FFFFFF, contrast=1, height=0.2, bold=null, italic=null, alignHoriz=left, alignVert=center, wrapWidth=1, flipHoriz=null, flipVert=null )
9.412329999962822	EXP	Created koszi_szoveg = TextStim( name=koszi_szoveg, win=Window( name=Window, fullscr=true, color=#000000, ~), autoDraw=null, autoLog=true, units=norm, ori=null, opacity=1, pos=[0,0], size=undefined, text=Vége a kísérletnek. Köszönjük a részvételt!, font=arial, color=#ffffff, contrast=1, height=0.1, bold=null, italic=null, alignHoriz=left, alignVert=center, wrapWidth=1, flipHoriz=null, flipVert=null )
9.538759999966715	EXP	instruction_text1: units = "norm"
9.538759999966715	EXP	instruction_text1: ori = 0
9.538759999966715	EXP	instruction_text1: opacity = 1
9.538759999966715	EXP	instruction_text1: pos = [0,0]
9.538759999966715	EXP	instruction_text1: size = undefined
9.538759999966715	EXP	instruction_text1: text = "Ön most szavakat fog látni.\n\nEzek között lesznek olyanok, amelyeket ismer, de előfordulhatnak olyanok is, amelyeket nem ismer, sőt, vannak köztük kitalált szavak is. \n\nKérjük, ha ismeri a képernyőn látható szót, nyomja meg a JOBB kurzorbillentyűt.\nKérjük, ha NEM ismeri a képernyőn látható szót, vagy azt gondolja, nincs ilyen szó a magyarban, nyomja meg a BAL kurzorbillentyűt.\n\nAz 'Ismerem a szót' döntés itt most ezt jelenti: találkoztam már vele, és van valami elképzelésem a jelentéséről is.  \n\nNyomjon meg bármilyen billentyűt a folytatáshoz."
9.538759999966715	EXP	instruction_text1: font = "Arial"
9.538759999966715	EXP	instruction_text1: color = {"_rgb":[1,1,1]}
9.538759999966715	EXP	instruction_text1: contrast = 1
9.538759999966715	EXP	instruction_text1: height = 0.05
9.538759999966715	EXP	instruction_text1: bold = false
9.538759999966715	EXP	instruction_text1: italic = false
9.538759999966715	EXP	instruction_text1: alignHoriz = "left"
9.538759999966715	EXP	instruction_text1: alignVert = "center"
9.538759999966715	EXP	instruction_text1: wrapWidth = 1
9.538759999966715	EXP	instruction_text1: flipHoriz = false
9.538759999966715	EXP	instruction_text1: flipVert = false
9.538759999966715	EXP	instruction_text2: units = "norm"
9.538759999966715	EXP	instruction_text2: ori = 0
9.538759999966715	EXP	instruction_text2: opacity = 1
9.538759999966715	EXP	instruction_text2: pos = [0,0]
9.538759999966715	EXP	instruction_text2: size = undefined
9.538759999966715	EXP	instruction_text2: text = "Először két egyszerű példát mutatunk Önnek.\n\nAz első szó létezik a magyarban, és valószínűleg Ön is ismeri. Itt nyomja majd meg a jobb kurzorbillentyűt.\nA második szó nem létezik a magyar nyelvben. Itt nyomja majd meg a bal kurzorbillentyűt.\n\nFontos, hogy a jobb gombot a jobb kezével, a bal gombot a bal kezével nyomja, ha tudja, és ne egy kezét használja a kísérletben.\n\nNyomjon meg bármilyen gombot a folytatáshoz."
9.538759999966715	EXP	instruction_text2: font = "Arial"
9.538759999966715	EXP	instruction_text2: color = {"_hex":"#FFFFFF","_rgb":[1,1,1]}
9.538759999966715	EXP	instruction_text2: contrast = 1
9.538759999966715	EXP	instruction_text2: height = 0.05
9.538759999966715	EXP	instruction_text2: bold = false
9.538759999966715	EXP	instruction_text2: italic = false
9.538759999966715	EXP	instruction_text2: alignHoriz = "left"
9.538759999966715	EXP	instruction_text2: alignVert = "center"
9.538759999966715	EXP	instruction_text2: wrapWidth = 1
9.538759999966715	EXP	instruction_text2: flipHoriz = false
9.538759999966715	EXP	instruction_text2: flipVert = false
9.538759999966715	EXP	show_text: units = "norm"
9.538759999966715	EXP	show_text: ori = 0
9.538759999966715	EXP	show_text: opacity = 1
9.538759999966715	EXP	show_text: pos = [0,0]
9.538759999966715	EXP	show_text: size = undefined
9.538759999966715	EXP	show_text: text = "asztal"
9.538759999966715	EXP	show_text: font = "Arial"
9.538759999966715	EXP	show_text: color = {"_hex":"#FFFFFF","_rgb":[1,1,1]}
9.538759999966715	EXP	show_text: contrast = 1
9.538759999966715	EXP	show_text: height = 0.2
9.538759999966715	EXP	show_text: bold = false
9.538759999966715	EXP	show_text: italic = false
9.538759999966715	EXP	show_text: alignHoriz = "left"
9.538759999966715	EXP	show_text: alignVert = "center"
9.538759999966715	EXP	show_text: wrapWidth = 1
9.538759999966715	EXP	show_text: flipHoriz = false
9.538759999966715	EXP	show_text: flipVert = false
9.538759999966715	EXP	text: units = "norm"
9.538759999966715	EXP	text: ori = 0
9.538759999966715	EXP	text: opacity = 1
9.538759999966715	EXP	text: pos = [0,0]
9.538759999966715	EXP	text: size = undefined
9.538759999966715	EXP	text: text = "bzsmfsztal"
9.538759999966715	EXP	text: font = "Arial"
9.538759999966715	EXP	text: color = {"_hex":"#FFFFFF","_rgb":[1,1,1]}
9.538759999966715	EXP	text: contrast = 1
9.538759999966715	EXP	text: height = 0.2
9.538759999966715	EXP	text: bold = false
9.538759999966715	EXP	text: italic = false
9.538759999966715	EXP	text: alignHoriz = "left"
9.538759999966715	EXP	text: alignVert = "center"
9.538759999966715	EXP	text: wrapWidth = 1
9.538759999966715	EXP	text: flipHoriz = false
9.538759999966715	EXP	text: flipVert = false
9.538759999966715	EXP	instruction_text3: units = "norm"
9.538759999966715	EXP	instruction_text3: ori = 0
9.538759999966715	EXP	instruction_text3: opacity = 1
9.538759999966715	EXP	instruction_text3: pos = [0,0]
9.538759999966715	EXP	instruction_text3: size = undefined
9.538759999966715	EXP	instruction_text3: text = "Pazar. Most kezdődik az igazi kísérlet. Néhány percig fog tartani. Nem kell nagyon sietnie, de igyekezzen gyorsan válaszolni.\n\nNe feledje, ha tudja, a jobb gombot a jobbkezével, a bal gombot a balkezével nyomja le.\n\nNyomjon meg bármilyen gombot a folytatáshoz."
9.538759999966715	EXP	instruction_text3: font = "Arial"
9.538759999966715	EXP	instruction_text3: color = {"_hex":"#FFFFFF","_rgb":[1,1,1]}
9.538759999966715	EXP	instruction_text3: contrast = 1
9.538759999966715	EXP	instruction_text3: height = 0.1
9.538759999966715	EXP	instruction_text3: bold = false
9.538759999966715	EXP	instruction_text3: italic = false
9.538759999966715	EXP	instruction_text3: alignHoriz = "left"
9.538759999966715	EXP	instruction_text3: alignVert = "center"
9.538759999966715	EXP	instruction_text3: wrapWidth = 1
9.538759999966715	EXP	instruction_text3: flipHoriz = false
9.538759999966715	EXP	instruction_text3: flipVert = false
9.538759999966715	EXP	szo_kiir: units = "norm"
9.538759999966715	EXP	szo_kiir: ori = 0
9.538759999966715	EXP	szo_kiir: opacity = 1
9.538759999966715	EXP	szo_kiir: pos = [0,0]
9.538759999966715	EXP	szo_kiir: size = undefined
9.538759999966715	EXP	szo_kiir: text = "default text"
9.538759999966715	EXP	szo_kiir: font = "Arial"
9.538759999966715	EXP	szo_kiir: color = {"_hex":"#FFFFFF","_rgb":[1,1,1]}
9.538759999966715	EXP	szo_kiir: contrast = 1
9.538759999966715	EXP	szo_kiir: height = 0.2
9.538759999966715	EXP	szo_kiir: bold = false
9.538759999966715	EXP	szo_kiir: italic = false
9.538759999966715	EXP	szo_kiir: alignHoriz = "left"
9.538759999966715	EXP	szo_kiir: alignVert = "center"
9.538759999966715	EXP	szo_kiir: wrapWidth = 1
9.538759999966715	EXP	szo_kiir: flipHoriz = false
9.538759999966715	EXP	szo_kiir: flipVert = false
9.538759999966715	EXP	koszi_szoveg: units = "norm"
9.538759999966715	EXP	koszi_szoveg: ori = 0
9.538759999966715	EXP	koszi_szoveg: opacity = 1
9.538759999966715	EXP	koszi_szoveg: pos = [0,0]
9.538759999966715	EXP	koszi_szoveg: size = undefined
9.538759999966715	EXP	koszi_szoveg: text = "Vége a kísérletnek. Köszönjük a részvételt!"
9.538759999966715	EXP	koszi_szoveg: font = "arial"
9.538759999966715	EXP	koszi_szoveg: color = {"_rgb":[1,1,1]}
9.538759999966715	EXP	koszi_szoveg: contrast = 1
9.538759999966715	EXP	koszi_szoveg: height = 0.1
9.538759999966715	EXP	koszi_szoveg: bold = false
9.538759999966715	EXP	koszi_szoveg: italic = false
9.538759999966715	EXP	koszi_szoveg: alignHoriz = "left"
9.538759999966715	EXP	koszi_szoveg: alignVert = "center"
9.538759999966715	EXP	koszi_szoveg: wrapWidth = 1
9.538759999966715	EXP	koszi_szoveg: flipHoriz = false
9.538759999966715	EXP	koszi_szoveg: flipVert = false
9.538759999966715	EXP	instruction_text1: autoDraw = true
25.877064999949653	DATA	Keydown: ArrowRight
25.901564999949187	EXP	instruction_text1: autoDraw = false
25.901564999949187	EXP	instruction_text2: autoDraw = true
33.12705499998992	DATA	Keydown: ArrowRight
33.13435999996727	EXP	instruction_text2: autoDraw = false
33.664409999968484	EXP	show_text: autoDraw = true
34.33675999997649	DATA	Keydown: ArrowRight
34.344854999973904	EXP	show_text: autoDraw = false
34.864544999960344	EXP	text: autoDraw = true
35.858489999955054	DATA	Keydown: ArrowLeft
35.91327999997884	EXP	text: autoDraw = false
35.91327999997884	EXP	instruction_text3: autoDraw = true
45.05067499994766	DATA	Keydown: ArrowRight
45.11923999997089	EXP	instruction_text3: autoDraw = false
45.11923999997089	EXP	szo_kiir: color = {"_rgb":[1,1,1]}
45.11923999997089	EXP	szo_kiir: text = "nagy"
45.62698999996064	EXP	szo_kiir: autoDraw = true
46.32515499996953	DATA	Keydown: ArrowRight
46.33860499999719	EXP	szo_kiir: autoDraw = false
46.33860499999719	EXP	szo_kiir: color = {"_rgb":[1,1,1]}
46.33860499999719	EXP	szo_kiir: text = "hely"
46.85492999997223	EXP	szo_kiir: autoDraw = true
47.303044999949634	DATA	Keydown: ArrowRight
47.33861499995692	EXP	szo_kiir: autoDraw = false
47.33861499995692	EXP	szo_kiir: color = {"_rgb":[1,1,1]}
47.33861499995692	EXP	szo_kiir: text = "darab"
47.85094499995466	EXP	szo_kiir: autoDraw = true
48.31912000000011	DATA	Keydown: ArrowRight
48.3308599999873	EXP	szo_kiir: autoDraw = false
48.3308599999873	EXP	szo_kiir: color = {"_rgb":[1,1,1]}
48.3308599999873	EXP	szo_kiir: text = "verseny"
48.84679999999935	EXP	szo_kiir: autoDraw = true
49.19543500000145	DATA	Keydown: ArrowRight
49.22112499998184	EXP	szo_kiir: autoDraw = false
49.22112499998184	EXP	szo_kiir: color = {"_rgb":[1,1,1]}
49.22112499998184	EXP	szo_kiir: text = "megköny"
49.728574999957345	EXP	szo_kiir: autoDraw = true
50.12976499996148	DATA	Keydown: ArrowRight
50.14153500000248	EXP	szo_kiir: autoDraw = false
50.14153500000248	EXP	szo_kiir: color = {"_rgb":[1,1,1]}
50.14153500000248	EXP	szo_kiir: text = "hatékony"
50.65863999997964	EXP	szo_kiir: autoDraw = true
51.391154999961145	DATA	Keydown: ArrowRight
51.40391999995336	EXP	szo_kiir: autoDraw = false
51.40391999995336	EXP	szo_kiir: color = {"_rgb":[1,1,1]}
51.40391999995336	EXP	szo_kiir: text = "eszköz"
51.91952999995556	EXP	szo_kiir: autoDraw = true
53.14849999995204	DATA	Keydown: ArrowRight
53.18369999999413	EXP	szo_kiir: autoDraw = false
53.18369999999413	EXP	szo_kiir: color = {"_rgb":[1,1,1]}
53.18369999999413	EXP	szo_kiir: text = "keresztény"
53.69529999996303	EXP	szo_kiir: autoDraw = true
54.7912199999555	DATA	Keydown: ArrowRight
54.806999999971595	EXP	szo_kiir: autoDraw = false
54.806999999971595	EXP	szo_kiir: color = {"_rgb":[1,1,1]}
54.806999999971595	EXP	szo_kiir: text = "rendezvény"
55.32597499998519	EXP	szo_kiir: autoDraw = true
55.928599999984726	DATA	Keydown: ArrowRight
55.9592549999943	EXP	szo_kiir: autoDraw = false
55.9592549999943	EXP	szo_kiir: color = {"_rgb":[1,1,1]}
55.9592549999943	EXP	szo_kiir: text = "komplex"
56.46974499995122	EXP	szo_kiir: autoDraw = true
56.90035999997053	DATA	Keydown: ArrowRight
56.91628000000492	EXP	szo_kiir: autoDraw = false
56.91628000000492	EXP	szo_kiir: color = {"_rgb":[1,1,1]}
56.91628000000492	EXP	szo_kiir: text = "késetetély"
57.43230499996571	EXP	szo_kiir: autoDraw = true
58.00263000000268	DATA	Keydown: ArrowLeft
58.02979999996023	EXP	szo_kiir: autoDraw = false
58.02979999996023	EXP	szo_kiir: color = {"_rgb":[1,1,1]}
58.02979999996023	EXP	szo_kiir: text = "helyezkedik"
58.54838999995263	EXP	szo_kiir: autoDraw = true
59.11944499996025	DATA	Keydown: ArrowRight
59.126579999981914	EXP	szo_kiir: autoDraw = false
59.126579999981914	EXP	szo_kiir: color = {"_rgb":[1,1,1]}
59.126579999981914	EXP	szo_kiir: text = "maliző"
59.648234999971464	EXP	szo_kiir: autoDraw = true
60.15097499999683	DATA	Keydown: ArrowLeft
60.1634549999726	EXP	szo_kiir: autoDraw = false
60.1634549999726	EXP	szo_kiir: color = {"_rgb":[1,1,1]}
60.1634549999726	EXP	szo_kiir: text = "kampány"
60.673254999972414	EXP	szo_kiir: autoDraw = true
61.20400999998674	DATA	Keydown: ArrowRight
61.219879999989644	EXP	szo_kiir: autoDraw = false
61.219879999989644	EXP	szo_kiir: color = {"_rgb":[1,1,1]}
61.219879999989644	EXP	szo_kiir: text = "nőttetett"
61.73531499999808	EXP	szo_kiir: autoDraw = true
62.92137499997625	DATA	Keydown: ArrowLeft
62.94838499999605	EXP	szo_kiir: autoDraw = false
62.94838499999605	EXP	szo_kiir: color = {"_rgb":[1,1,1]}
62.94838499999605	EXP	szo_kiir: text = "küld"
63.46425499999896	EXP	szo_kiir: autoDraw = true
64.28703999996651	DATA	Keydown: ArrowRight
64.29225999995833	EXP	szo_kiir: autoDraw = false
64.29225999995833	EXP	szo_kiir: color = {"_rgb":[1,1,1]}
64.29225999995833	EXP	szo_kiir: text = "kéz"
64.8084899999667	EXP	szo_kiir: autoDraw = true
65.3703600000008	DATA	Keydown: ArrowRight
65.39224499999546	EXP	szo_kiir: autoDraw = false
65.39224499999546	EXP	szo_kiir: color = {"_rgb":[1,1,1]}
65.39224499999546	EXP	szo_kiir: text = "különbözik"
65.90521499997703	EXP	szo_kiir: autoDraw = true
66.50630999996793	DATA	Keydown: ArrowLeft
66.51647999999113	EXP	szo_kiir: autoDraw = false
66.51647999999113	EXP	szo_kiir: color = {"_rgb":[1,1,1]}
66.51647999999113	EXP	szo_kiir: text = "nagyméretű"
67.03271499997936	EXP	szo_kiir: autoDraw = true
67.61593999998877	DATA	Keydown: ArrowLeft
67.6291949999868	EXP	szo_kiir: autoDraw = false
67.6291949999868	EXP	szo_kiir: color = {"_rgb":[1,1,1]}
67.6291949999868	EXP	szo_kiir: text = "rock"
68.14559499995084	EXP	szo_kiir: autoDraw = true
69.89041499997256	DATA	Keydown: ArrowRight
69.90475499996683	EXP	szo_kiir: autoDraw = false
69.90475499996683	EXP	szo_kiir: color = {"_rgb":[1,1,1]}
69.90475499996683	EXP	szo_kiir: text = "keritkol"
70.42057999997633	EXP	szo_kiir: autoDraw = true
71.22267499996815	DATA	Keydown: ArrowLeft
71.24277499999152	EXP	szo_kiir: autoDraw = false
71.24277499999152	EXP	szo_kiir: color = {"_rgb":[1,1,1]}
71.24277499999152	EXP	szo_kiir: text = "sokoldalú"
71.75080499995966	EXP	szo_kiir: autoDraw = true
73.5021049999632	DATA	Keydown: ArrowRight
73.51029499998549	EXP	szo_kiir: autoDraw = false
73.51029499998549	EXP	szo_kiir: color = {"_rgb":[1,1,1]}
73.51029499998549	EXP	szo_kiir: text = "fűződik"
74.02754499996081	EXP	szo_kiir: autoDraw = true
74.73349999997299	DATA	Keydown: ArrowRight
74.74572499998612	EXP	szo_kiir: autoDraw = false
74.74572499998612	EXP	szo_kiir: color = {"_rgb":[1,1,1]}
74.74572499998612	EXP	szo_kiir: text = "lánc"
75.25451499997871	EXP	szo_kiir: autoDraw = true
75.6188850000035	DATA	Keydown: ArrowRight
75.63506999996025	EXP	szo_kiir: autoDraw = false
75.63506999996025	EXP	szo_kiir: color = {"_rgb":[1,1,1]}
75.63506999996025	EXP	szo_kiir: text = "nagyarnák"
76.15126499999315	EXP	szo_kiir: autoDraw = true
76.62609999999404	DATA	Keydown: ArrowRight
76.63156499998877	EXP	szo_kiir: autoDraw = false
76.63156499998877	EXP	szo_kiir: color = {"_rgb":[1,1,1]}
76.63156499998877	EXP	szo_kiir: text = "meggyabb"
77.14681999996537	EXP	szo_kiir: autoDraw = true
78.88569999998435	DATA	Keydown: ArrowLeft
78.89647499995772	EXP	szo_kiir: autoDraw = false
78.89647499995772	EXP	szo_kiir: color = {"_rgb":[1,1,1]}
78.89647499995772	EXP	szo_kiir: text = "reform"
79.40575499995612	EXP	szo_kiir: autoDraw = true
80.1999749999959	DATA	Keydown: ArrowRight
80.20214999996824	EXP	szo_kiir: autoDraw = false
80.20214999996824	EXP	szo_kiir: color = {"_rgb":[1,1,1]}
80.20214999996824	EXP	szo_kiir: text = "klassz"
80.71791499998653	EXP	szo_kiir: autoDraw = true
81.19139499997254	DATA	Keydown: ArrowRight
81.20391499996185	EXP	szo_kiir: autoDraw = false
81.20391499996185	EXP	szo_kiir: color = {"_rgb":[1,1,1]}
81.20391499996185	EXP	szo_kiir: text = "egyenrangú"
81.71486999996705	EXP	szo_kiir: autoDraw = true
82.41960999998264	DATA	Keydown: ArrowRight
82.4282349999994	EXP	szo_kiir: autoDraw = false
82.4282349999994	EXP	szo_kiir: color = {"_rgb":[1,1,1]}
82.4282349999994	EXP	szo_kiir: text = "rom"
82.94349499995587	EXP	szo_kiir: autoDraw = true
83.33167499996489	DATA	Keydown: ArrowRight
83.36468499997864	EXP	szo_kiir: autoDraw = false
83.36468499997864	EXP	szo_kiir: color = {"_rgb":[1,1,1]}
83.36468499997864	EXP	szo_kiir: text = "esztikussz"
83.87732499995036	EXP	szo_kiir: autoDraw = true
84.94081999995979	DATA	Keydown: ArrowRight
84.9538299999549	EXP	szo_kiir: autoDraw = false
84.9538299999549	EXP	szo_kiir: color = {"_rgb":[1,1,1]}
84.9538299999549	EXP	szo_kiir: text = "állvány"
85.47081499994965	EXP	szo_kiir: autoDraw = true
86.06328499998199	DATA	Keydown: ArrowRight
86.0664949999773	EXP	szo_kiir: autoDraw = false
86.0664949999773	EXP	szo_kiir: color = {"_rgb":[1,1,1]}
86.0664949999773	EXP	szo_kiir: text = "gyógyszerész"
86.58732499997132	EXP	szo_kiir: autoDraw = true
87.22866500000237	DATA	Keydown: ArrowRight
87.2481249999837	EXP	szo_kiir: autoDraw = false
87.2481249999837	EXP	szo_kiir: color = {"_rgb":[1,1,1]}
87.2481249999837	EXP	szo_kiir: text = "zártkörű"
87.76309500000207	EXP	szo_kiir: autoDraw = true
88.4776299999794	DATA	Keydown: ArrowRight
88.49172499997076	EXP	szo_kiir: autoDraw = false
88.49172499997076	EXP	szo_kiir: color = {"_rgb":[1,1,1]}
88.49172499997076	EXP	szo_kiir: text = "finálé"
89.00835999997798	EXP	szo_kiir: autoDraw = true
89.35720999998739	DATA	Keydown: ArrowRight
89.39061999996193	EXP	szo_kiir: autoDraw = false
89.39061999996193	EXP	szo_kiir: color = {"_rgb":[1,1,1]}
89.39061999996193	EXP	szo_kiir: text = "grafikon"
89.90346499998122	EXP	szo_kiir: autoDraw = true
90.49002499994822	DATA	Keydown: ArrowRight
90.50034999998752	EXP	szo_kiir: autoDraw = false
90.50034999998752	EXP	szo_kiir: color = {"_rgb":[1,1,1]}
90.50034999998752	EXP	szo_kiir: text = "hitódó"
91.01641499996185	EXP	szo_kiir: autoDraw = true
91.35059499996714	DATA	Keydown: ArrowRight
91.36417499999516	EXP	szo_kiir: autoDraw = false
91.36417499999516	EXP	szo_kiir: color = {"_rgb":[1,1,1]}
91.36417499999516	EXP	szo_kiir: text = "kiskanál"
91.87976999999955	EXP	szo_kiir: autoDraw = true
92.6853799999808	DATA	Keydown: ArrowRight
92.71743499999866	EXP	szo_kiir: autoDraw = false
92.71743499999866	EXP	szo_kiir: color = {"_rgb":[1,1,1]}
92.71743499999866	EXP	szo_kiir: text = "klór"
93.22705499996664	EXP	szo_kiir: autoDraw = true
93.5927649999503	DATA	Keydown: ArrowRight
93.60742999997456	EXP	szo_kiir: autoDraw = false
93.60742999997456	EXP	szo_kiir: color = {"_rgb":[1,1,1]}
93.60742999997456	EXP	szo_kiir: text = "napkollektor"
94.12391500000376	EXP	szo_kiir: autoDraw = true
94.57822999998461	DATA	Keydown: ArrowLeft
94.58736499998486	EXP	szo_kiir: autoDraw = false
94.58736499998486	EXP	szo_kiir: color = {"_rgb":[1,1,1]}
94.58736499998486	EXP	szo_kiir: text = "bámérő"
95.10360499995295	EXP	szo_kiir: autoDraw = true
95.42399999999907	DATA	Keydown: ArrowRight
95.43445499998052	EXP	szo_kiir: autoDraw = false
95.43445499998052	EXP	szo_kiir: color = {"_rgb":[1,1,1]}
95.43445499998052	EXP	szo_kiir: text = "pénzösszeg"
95.95099499996286	EXP	szo_kiir: autoDraw = true
97.01926999998977	DATA	Keydown: ArrowRight
97.05141999997431	EXP	szo_kiir: autoDraw = false
97.05141999997431	EXP	szo_kiir: color = {"_rgb":[1,1,1]}
97.05141999997431	EXP	szo_kiir: text = "megállóhely"
97.55991999997059	EXP	szo_kiir: autoDraw = true
98.04482499998994	DATA	Keydown: ArrowRight
98.05903000000399	EXP	szo_kiir: autoDraw = false
98.05903000000399	EXP	szo_kiir: color = {"_rgb":[1,1,1]}
98.05903000000399	EXP	szo_kiir: text = "viszály"
98.5747749999864	EXP	szo_kiir: autoDraw = true
98.930384999956	DATA	Keydown: ArrowRight
98.95672499999637	EXP	szo_kiir: autoDraw = false
98.95672499999637	EXP	szo_kiir: color = {"_rgb":[1,1,1]}
98.95672499999637	EXP	szo_kiir: text = "bőkezű"
99.47177999996347	EXP	szo_kiir: autoDraw = true
100.04108999995515	DATA	Keydown: ArrowRight
100.05160499998601	EXP	szo_kiir: autoDraw = false
100.05160499998601	EXP	szo_kiir: color = {"_rgb":[1,1,1]}
100.05160499998601	EXP	szo_kiir: text = "szorong"
100.56776499998523	EXP	szo_kiir: autoDraw = true
100.96740500000305	DATA	Keydown: ArrowRight
100.99775999999838	EXP	szo_kiir: autoDraw = false
100.99775999999838	EXP	szo_kiir: color = {"_rgb":[1,1,1]}
100.99775999999838	EXP	szo_kiir: text = "rotor"
101.51454000000376	EXP	szo_kiir: autoDraw = true
101.80483499995898	DATA	Keydown: ArrowRight
101.81257499998901	EXP	szo_kiir: autoDraw = false
101.81257499998901	EXP	szo_kiir: color = {"_rgb":[1,1,1]}
101.81257499998901	EXP	szo_kiir: text = "viszt"
102.32837499998277	EXP	szo_kiir: autoDraw = true
102.63037999998778	DATA	Keydown: ArrowRight
102.64272000000346	EXP	szo_kiir: autoDraw = false
102.64272000000346	EXP	szo_kiir: color = {"_rgb":[1,1,1]}
102.64272000000346	EXP	szo_kiir: text = "neoprén"
103.15912999998545	EXP	szo_kiir: autoDraw = true
104.0224599999492	DATA	Keydown: ArrowRight
104.0572149999789	EXP	szo_kiir: autoDraw = false
104.0572149999789	EXP	szo_kiir: color = {"_rgb":[1,1,1]}
104.0572149999789	EXP	szo_kiir: text = "leér"
104.56839499995112	EXP	szo_kiir: autoDraw = true
105.3743399999803	DATA	Keydown: ArrowRight
105.38184999994701	EXP	szo_kiir: autoDraw = false
105.38184999994701	EXP	szo_kiir: color = {"_rgb":[1,1,1]}
105.38184999994701	EXP	szo_kiir: text = "érlelődik"
105.89736000000266	EXP	szo_kiir: autoDraw = true
106.45549999998184	DATA	Keydown: ArrowRight
106.46736499998951	EXP	szo_kiir: autoDraw = false
106.46736499998951	EXP	szo_kiir: color = {"_rgb":[1,1,1]}
106.46736499998951	EXP	szo_kiir: text = "szobanövény"
106.97708499996224	EXP	szo_kiir: autoDraw = true
107.54668499995023	DATA	Keydown: ArrowRight
107.55786499998067	EXP	szo_kiir: autoDraw = false
107.55786499998067	EXP	szo_kiir: color = {"_rgb":[1,1,1]}
107.55786499998067	EXP	szo_kiir: text = "vetézmés"
108.07342499995138	EXP	szo_kiir: autoDraw = true
109.26951499999268	DATA	Keydown: ArrowLeft
109.29125499998918	EXP	szo_kiir: autoDraw = false
109.29125499998918	EXP	szo_kiir: color = {"_rgb":[1,1,1]}
109.29125499998918	EXP	szo_kiir: text = "tópart"
109.80615999997826	EXP	szo_kiir: autoDraw = true
110.55777999997372	DATA	Keydown: ArrowRight
110.56600499997148	EXP	szo_kiir: autoDraw = false
110.56600499997148	EXP	szo_kiir: color = {"_rgb":[1,1,1]}
110.56600499997148	EXP	szo_kiir: text = "biotermék"
111.08157999999821	EXP	szo_kiir: autoDraw = true
111.78887999994913	DATA	Keydown: ArrowRight
111.80302999995183	EXP	szo_kiir: autoDraw = false
111.80302999995183	EXP	szo_kiir: color = {"_rgb":[1,1,1]}
111.80302999995183	EXP	szo_kiir: text = "törköly"
112.31484499998624	EXP	szo_kiir: autoDraw = true
112.81688999995822	DATA	Keydown: ArrowRight
112.82579499995336	EXP	szo_kiir: autoDraw = false
112.82579499995336	EXP	szo_kiir: color = {"_rgb":[1,1,1]}
112.82579499995336	EXP	szo_kiir: text = "csatázik"
113.34203499997966	EXP	szo_kiir: autoDraw = true
113.94831999996677	DATA	Keydown: ArrowRight
113.96254499995848	EXP	szo_kiir: autoDraw = false
113.96254499995848	EXP	szo_kiir: color = {"_rgb":[1,1,1]}
113.96254499995848	EXP	szo_kiir: text = "korog"
114.47144499997376	EXP	szo_kiir: autoDraw = true
114.85457500000484	DATA	Keydown: ArrowRight
114.86800499999663	EXP	szo_kiir: autoDraw = false
114.86800499999663	EXP	szo_kiir: color = {"_rgb":[1,1,1]}
114.86800499999663	EXP	szo_kiir: text = "szarkaláb"
115.3830650000018	EXP	szo_kiir: autoDraw = true
115.96600499999477	DATA	Keydown: ArrowRight
115.99951499997405	EXP	szo_kiir: autoDraw = false
115.99951499997405	EXP	szo_kiir: color = {"_rgb":[1,1,1]}
115.99951499997405	EXP	szo_kiir: text = "balmozáraz"
116.51284499996109	EXP	szo_kiir: autoDraw = true
116.60237999999663	DATA	Keydown: ArrowRight
116.6110650000046	EXP	szo_kiir: autoDraw = false
116.6110650000046	EXP	szo_kiir: color = {"_rgb":[1,1,1]}
116.6110650000046	EXP	szo_kiir: text = "felte"
117.12734499998624	EXP	szo_kiir: autoDraw = true
117.67547499999637	DATA	Keydown: ArrowRight
117.69065999996383	EXP	szo_kiir: autoDraw = false
117.69065999996383	EXP	szo_kiir: color = {"_rgb":[1,1,1]}
117.69065999996383	EXP	szo_kiir: text = "zajkottsi"
118.20826499996474	EXP	szo_kiir: autoDraw = true
118.76156999997329	DATA	Keydown: ArrowLeft
118.76904499996454	EXP	szo_kiir: autoDraw = false
118.76904499996454	EXP	szo_kiir: color = {"_rgb":[1,1,1]}
118.76904499996454	EXP	szo_kiir: text = "slendrián"
119.28461499995319	EXP	szo_kiir: autoDraw = true
119.66120499995304	DATA	Keydown: ArrowLeft
119.67146499996306	EXP	szo_kiir: autoDraw = false
119.67146499996306	EXP	szo_kiir: color = {"_rgb":[1,1,1]}
119.67146499996306	EXP	szo_kiir: text = "fürkész"
120.18325499998173	EXP	szo_kiir: autoDraw = true
120.77222499996424	DATA	Keydown: ArrowLeft
120.78009999997448	EXP	szo_kiir: autoDraw = false
120.78009999997448	EXP	szo_kiir: color = {"_rgb":[1,1,1]}
120.78009999997448	EXP	szo_kiir: text = "rubinvörös"
121.29620499996236	EXP	szo_kiir: autoDraw = true
122.54828999994788	DATA	Keydown: ArrowRight
122.55717499996535	EXP	szo_kiir: autoDraw = false
122.55717499996535	EXP	szo_kiir: color = {"_rgb":[1,1,1]}
122.55717499996535	EXP	szo_kiir: text = "antyúzható"
123.07499499997357	EXP	szo_kiir: autoDraw = true
124.01434499997413	DATA	Keydown: ArrowLeft
124.03544999996666	EXP	szo_kiir: autoDraw = false
124.03544999996666	EXP	szo_kiir: color = {"_rgb":[1,1,1]}
124.03544999996666	EXP	szo_kiir: text = "sematizmus"
124.55194999999367	EXP	szo_kiir: autoDraw = true
126.53738999995403	DATA	Keydown: ArrowRight
126.54271499998868	EXP	szo_kiir: autoDraw = false
126.54271499998868	EXP	szo_kiir: color = {"_rgb":[1,1,1]}
126.54271499998868	EXP	szo_kiir: text = "bizmut"
127.05945999996038	EXP	szo_kiir: autoDraw = true
128.34203499997966	DATA	Keydown: ArrowLeft
128.35297499998705	EXP	szo_kiir: autoDraw = false
128.35297499998705	EXP	szo_kiir: color = {"_rgb":[1,1,1]}
128.35297499998705	EXP	szo_kiir: text = "gézengúz"
128.86888999998337	EXP	szo_kiir: autoDraw = true
129.61884999996983	DATA	Keydown: ArrowRight
129.64571999997133	EXP	szo_kiir: autoDraw = false
129.64571999997133	EXP	szo_kiir: color = {"_rgb":[1,1,1]}
129.64571999997133	EXP	szo_kiir: text = "kollapszus"
130.14776500000153	EXP	szo_kiir: autoDraw = true
131.14921999996295	DATA	Keydown: ArrowLeft
131.15993999998318	EXP	szo_kiir: autoDraw = false
131.15993999998318	EXP	szo_kiir: color = {"_rgb":[1,1,1]}
131.15993999998318	EXP	szo_kiir: text = "totemoszlop"
131.67719999997644	EXP	szo_kiir: autoDraw = true
132.81259499996668	DATA	Keydown: ArrowRight
132.82158499996876	EXP	szo_kiir: autoDraw = false
132.82158499996876	EXP	szo_kiir: color = {"_rgb":[1,1,1]}
132.82158499996876	EXP	szo_kiir: text = "irracionalizmus"
133.33898000000045	EXP	szo_kiir: autoDraw = true
134.67553499998758	DATA	Keydown: ArrowRight
134.69013000000268	EXP	szo_kiir: autoDraw = false
134.69013000000268	EXP	szo_kiir: color = {"_rgb":[1,1,1]}
134.69013000000268	EXP	szo_kiir: text = "tömődik"
135.1985149999964	EXP	szo_kiir: autoDraw = true
136.53360500000417	DATA	Keydown: ArrowLeft
136.54278499999782	EXP	szo_kiir: autoDraw = false
136.54278499999782	EXP	szo_kiir: color = {"_rgb":[1,1,1]}
136.54278499999782	EXP	szo_kiir: text = "gádosíthat"
137.058629999985	EXP	szo_kiir: autoDraw = true
138.94380499998806	DATA	Keydown: ArrowLeft
138.9510799999698	EXP	szo_kiir: autoDraw = false
138.9510799999698	EXP	szo_kiir: color = {"_rgb":[1,1,1]}
138.9510799999698	EXP	szo_kiir: text = "sifon"
139.46635999996215	EXP	szo_kiir: autoDraw = true
140.59477500000503	DATA	Keydown: ArrowRight
140.60115999996196	EXP	szo_kiir: autoDraw = false
140.60115999996196	EXP	szo_kiir: color = {"_rgb":[1,1,1]}
140.60115999996196	EXP	szo_kiir: text = "vicsadomás"
141.11309499997878	EXP	szo_kiir: autoDraw = true
142.59187000000384	DATA	Keydown: ArrowLeft
142.6062399999937	EXP	szo_kiir: autoDraw = false
142.6062399999937	EXP	szo_kiir: color = {"_rgb":[1,1,1]}
142.6062399999937	EXP	szo_kiir: text = "sövet"
143.1224049999728	EXP	szo_kiir: autoDraw = true
144.14587499998743	DATA	Keydown: ArrowLeft
144.16540999995777	EXP	szo_kiir: autoDraw = false
144.16540999995777	EXP	szo_kiir: color = {"_rgb":[1,1,1]}
144.16540999995777	EXP	szo_kiir: text = "bajadér"
144.68228499998804	EXP	szo_kiir: autoDraw = true
145.77855499996804	DATA	Keydown: ArrowLeft
145.79409999999916	EXP	szo_kiir: autoDraw = false
145.79409999999916	EXP	szo_kiir: color = {"_rgb":[1,1,1]}
145.79409999999916	EXP	szo_kiir: text = "rantálható"
146.30845499999123	EXP	szo_kiir: autoDraw = true
147.7273849999765	DATA	Keydown: ArrowLeft
147.73689499998	EXP	szo_kiir: autoDraw = false
147.73689499998	EXP	szo_kiir: color = {"_rgb":[1,1,1]}
147.73689499998	EXP	szo_kiir: text = "frontszakasz"
148.25307999999495	EXP	szo_kiir: autoDraw = true
149.76600499998312	DATA	Keydown: ArrowRight
149.79844499996398	EXP	szo_kiir: autoDraw = false
149.79844499996398	EXP	szo_kiir: color = {"_rgb":[1,1,1]}
149.79844499996398	EXP	szo_kiir: text = "gerencsér"
150.31248999998206	EXP	szo_kiir: autoDraw = true
151.0154099999927	DATA	Keydown: ArrowRight
151.0254899999709	EXP	szo_kiir: autoDraw = false
151.0254899999709	EXP	szo_kiir: color = {"_rgb":[1,1,1]}
151.0254899999709	EXP	szo_kiir: text = "finomszesz"
151.5402400000021	EXP	szo_kiir: autoDraw = true
152.27108499995666	DATA	Keydown: ArrowRight
152.29546999995364	EXP	szo_kiir: autoDraw = false
152.29546999995364	EXP	szo_kiir: color = {"_rgb":[1,1,1]}
152.29546999995364	EXP	szo_kiir: text = "kvéker"
152.80256999999983	EXP	szo_kiir: autoDraw = true
153.41551999998046	DATA	Keydown: ArrowLeft
153.4179549999535	EXP	szo_kiir: autoDraw = false
153.4179549999535	EXP	szo_kiir: color = {"_rgb":[1,1,1]}
153.4179549999535	EXP	szo_kiir: text = "paláver"
153.93189999996684	EXP	szo_kiir: autoDraw = true
154.61910999997053	DATA	Keydown: ArrowRight
154.62966499995673	EXP	szo_kiir: autoDraw = false
154.62966499995673	EXP	szo_kiir: color = {"_rgb":[1,1,1]}
154.62966499995673	EXP	szo_kiir: text = "tutamizál"
155.1459399999585	EXP	szo_kiir: autoDraw = true
157.0825649999897	DATA	Keydown: ArrowLeft
157.10709499998484	EXP	szo_kiir: autoDraw = false
157.10709499998484	EXP	szo_kiir: color = {"_rgb":[1,1,1]}
157.10709499998484	EXP	szo_kiir: text = "vizesvödör"
157.62077999999747	EXP	szo_kiir: autoDraw = true
158.52984499995364	DATA	Keydown: ArrowRight
158.53171499999007	EXP	szo_kiir: autoDraw = false
158.53171499999007	EXP	szo_kiir: color = {"_rgb":[1,1,1]}
158.53171499999007	EXP	szo_kiir: text = "inhumánus"
159.04699499998242	EXP	szo_kiir: autoDraw = true
159.84930499998154	DATA	Keydown: ArrowRight
159.8663049999741	EXP	szo_kiir: autoDraw = false
159.8663049999741	EXP	szo_kiir: color = {"_rgb":[1,1,1]}
159.8663049999741	EXP	szo_kiir: text = "kúpol"
160.37761999998474	EXP	szo_kiir: autoDraw = true
161.19496999995317	DATA	Keydown: ArrowRight
161.20592999999644	EXP	szo_kiir: autoDraw = false
161.20592999999644	EXP	szo_kiir: color = {"_rgb":[1,1,1]}
161.20592999999644	EXP	szo_kiir: text = "mérgesít"
161.72181999997701	EXP	szo_kiir: autoDraw = true
162.35544999997364	DATA	Keydown: ArrowRight
162.38468999997713	EXP	szo_kiir: autoDraw = false
162.38468999997713	EXP	szo_kiir: color = {"_rgb":[1,1,1]}
162.38468999997713	EXP	szo_kiir: text = "urbanizálódik"
162.90238499996485	EXP	szo_kiir: autoDraw = true
163.88660499994876	DATA	Keydown: ArrowRight
163.89742499997374	EXP	szo_kiir: autoDraw = false
163.89742499997374	EXP	szo_kiir: color = {"_rgb":[1,1,1]}
163.89742499997374	EXP	szo_kiir: text = "dobbant"
164.4136249999865	EXP	szo_kiir: autoDraw = true
164.95474499999546	DATA	Keydown: ArrowRight
164.9658599999966	EXP	szo_kiir: autoDraw = false
164.9658599999966	EXP	szo_kiir: color = {"_rgb":[1,1,1]}
164.9658599999966	EXP	szo_kiir: text = "kuktáskodik"
165.47448999999324	EXP	szo_kiir: autoDraw = true
166.0777099999832	DATA	Keydown: ArrowRight
166.08867499994813	EXP	szo_kiir: autoDraw = false
166.08867499994813	EXP	szo_kiir: color = {"_rgb":[1,1,1]}
166.08867499994813	EXP	szo_kiir: text = "csenyei"
166.6042299999972	EXP	szo_kiir: autoDraw = true
167.24622999998974	DATA	Keydown: ArrowLeft
167.26222499995492	EXP	szo_kiir: autoDraw = false
167.26222499995492	EXP	szo_kiir: color = {"_rgb":[1,1,1]}
167.26222499995492	EXP	szo_kiir: text = "karikáz"
167.77002499997616	EXP	szo_kiir: autoDraw = true
168.6146149999695	DATA	Keydown: ArrowRight
168.6171949999989	EXP	szo_kiir: autoDraw = false
168.6171949999989	EXP	szo_kiir: color = {"_rgb":[1,1,1]}
168.6171949999989	EXP	szo_kiir: text = "nomináljövedelem"
169.1309449999826	EXP	szo_kiir: autoDraw = true
170.04427499999292	DATA	Keydown: ArrowLeft
170.06012499995995	EXP	szo_kiir: autoDraw = false
170.06012499995995	EXP	szo_kiir: color = {"_rgb":[1,1,1]}
170.06012499995995	EXP	szo_kiir: text = "silabizál"
170.57549999997718	EXP	szo_kiir: autoDraw = true
171.60045499994885	DATA	Keydown: ArrowRight
171.60928499995498	EXP	szo_kiir: autoDraw = false
171.60928499995498	EXP	szo_kiir: color = {"_rgb":[1,1,1]}
171.60928499995498	EXP	szo_kiir: text = "törzskönyvez"
172.12016499997117	EXP	szo_kiir: autoDraw = true
172.98128999996698	DATA	Keydown: ArrowRight
172.98346499999752	EXP	szo_kiir: autoDraw = false
172.98346499999752	EXP	szo_kiir: color = {"_rgb":[1,1,1]}
172.98346499999752	EXP	szo_kiir: text = "többhagyos"
173.49877499998547	EXP	szo_kiir: autoDraw = true
174.09882999997353	DATA	Keydown: ArrowRight
174.11366999999154	EXP	szo_kiir: autoDraw = false
174.11366999999154	EXP	szo_kiir: color = {"_rgb":[1,1,1]}
174.11366999999154	EXP	szo_kiir: text = "burukkol"
174.62830499996198	EXP	szo_kiir: autoDraw = true
175.18075999995926	DATA	Keydown: ArrowRight
175.19831999996677	EXP	szo_kiir: autoDraw = false
175.19831999996677	EXP	szo_kiir: color = {"_rgb":[1,1,1]}
175.19831999996677	EXP	szo_kiir: text = "senyveszt"
175.70779999997467	EXP	szo_kiir: autoDraw = true
176.62366499996278	DATA	Keydown: ArrowLeft
176.63736499997322	EXP	szo_kiir: autoDraw = false
176.63736499997322	EXP	szo_kiir: color = {"_rgb":[1,1,1]}
176.63736499997322	EXP	szo_kiir: text = "stalp"
177.1527950000018	EXP	szo_kiir: autoDraw = true
177.8538149999804	DATA	Keydown: ArrowLeft
177.8684549999889	EXP	szo_kiir: autoDraw = false
177.8684549999889	EXP	szo_kiir: color = {"_rgb":[1,1,1]}
177.8684549999889	EXP	szo_kiir: text = "piszkosodik"
178.38335999997798	EXP	szo_kiir: autoDraw = true
178.98188999999547	DATA	Keydown: ArrowRight
179.01444999995874	EXP	szo_kiir: autoDraw = false
179.01444999995874	EXP	szo_kiir: color = {"_rgb":[1,1,1]}
179.01444999995874	EXP	szo_kiir: text = "invonult"
179.52798499999335	EXP	szo_kiir: autoDraw = true
180.34773999999743	DATA	Keydown: ArrowRight
180.35738000000129	EXP	szo_kiir: autoDraw = false
180.35738000000129	EXP	szo_kiir: color = {"_rgb":[1,1,1]}
180.35738000000129	EXP	szo_kiir: text = "keserűgyökér"
180.87345499999356	EXP	szo_kiir: autoDraw = true
181.73126499995124	DATA	Keydown: ArrowRight
181.7359249999863	EXP	szo_kiir: autoDraw = false
181.7359249999863	EXP	szo_kiir: color = {"_rgb":[1,1,1]}
181.7359249999863	EXP	szo_kiir: text = "hasonértékű"
182.25196999998298	EXP	szo_kiir: autoDraw = true
182.80941499996698	DATA	Keydown: ArrowRight
182.82936499995412	EXP	szo_kiir: autoDraw = false
182.82936499995412	EXP	szo_kiir: color = {"_rgb":[1,1,1]}
182.82936499995412	EXP	szo_kiir: text = "kettősfém"
183.34849000000395	EXP	szo_kiir: autoDraw = true
183.93660499999532	DATA	Keydown: ArrowRight
183.94397500000196	EXP	szo_kiir: autoDraw = false
183.94397500000196	EXP	szo_kiir: color = {"_rgb":[1,1,1]}
183.94397500000196	EXP	szo_kiir: text = "perifrázis"
184.46365499997046	EXP	szo_kiir: autoDraw = true
185.06919499998912	DATA	Keydown: ArrowRight
185.08708499994827	EXP	szo_kiir: autoDraw = false
185.08708499994827	EXP	szo_kiir: color = {"_rgb":[1,1,1]}
185.08708499994827	EXP	szo_kiir: text = "extuál"
185.59092999994755	EXP	szo_kiir: autoDraw = true
186.3045549999806	DATA	Keydown: ArrowLeft
186.31998499995098	EXP	szo_kiir: autoDraw = false
186.31998499995098	EXP	szo_kiir: color = {"_rgb":[1,1,1]}
186.31998499995098	EXP	szo_kiir: text = "öklelődzik"
186.83662999997614	EXP	szo_kiir: autoDraw = true
187.9144999999553	DATA	Keydown: ArrowLeft
187.92986999999266	EXP	szo_kiir: autoDraw = false
187.92986999999266	EXP	szo_kiir: color = {"_rgb":[1,1,1]}
187.92986999999266	EXP	szo_kiir: text = "fotoszenzibilis"
188.44542000000365	EXP	szo_kiir: autoDraw = true
189.5838249999797	DATA	Keydown: ArrowRight
189.60182499996154	EXP	szo_kiir: autoDraw = false
189.60182499996154	EXP	szo_kiir: color = {"_rgb":[1,1,1]}
189.60182499996154	EXP	szo_kiir: text = "lexikológus"
190.10801499994704	EXP	szo_kiir: autoDraw = true
191.37192000000505	DATA	Keydown: ArrowRight
191.38736999995308	EXP	szo_kiir: autoDraw = false
191.38736999995308	EXP	szo_kiir: color = {"_rgb":[1,1,1]}
191.38736999995308	EXP	szo_kiir: text = "politúroz"
191.90230999997584	EXP	szo_kiir: autoDraw = true
193.01481999998214	DATA	Keydown: ArrowRight
193.03561999998055	EXP	szo_kiir: autoDraw = false
193.03561999998055	EXP	szo_kiir: color = {"_rgb":[1,1,1]}
193.03561999998055	EXP	szo_kiir: text = "petél"
193.54795999999624	EXP	szo_kiir: autoDraw = true
194.5385149999638	DATA	Keydown: ArrowRight
194.5427249999484	EXP	szo_kiir: autoDraw = false
194.5427249999484	EXP	szo_kiir: color = {"_rgb":[1,1,1]}
194.5427249999484	EXP	szo_kiir: text = "klímatérkép"
195.0580449999543	EXP	szo_kiir: autoDraw = true
196.204859999998	DATA	Keydown: ArrowRight
196.22513499995694	EXP	szo_kiir: autoDraw = false
196.22513499995694	EXP	szo_kiir: color = {"_rgb":[1,1,1]}
196.22513499995694	EXP	szo_kiir: text = "almattoló"
196.73614499997348	EXP	szo_kiir: autoDraw = true
196.74215499998536	DATA	Mouse: 0 button down, pos=(877.6000130772591,663.2000098824501)
196.8796999999904	DATA	Mouse: 0 button down, pos=(877.6000130772591,663.2000098824501)
197.4213849999942	DATA	Mouse: 0 button down, pos=(877.6000130772591,663.2000098824501)
197.5836699999636	DATA	Mouse: 0 button down, pos=(877.6000130772591,663.2000098824501)
197.62671499996213	DATA	Mouse: 0 button down, pos=(877.6000130772591,663.2000098824501)
197.76527999999234	DATA	Mouse: 0 button down, pos=(877.6000130772591,663.2000098824501)
198.32374999998137	DATA	Keydown: ArrowRight
198.32897999999113	EXP	szo_kiir: autoDraw = false
198.32897999999113	EXP	szo_kiir: color = {"_rgb":[1,1,1]}
198.32897999999113	EXP	szo_kiir: text = "elnyűvődik"
198.84460499999113	EXP	szo_kiir: autoDraw = true
199.73013999999966	DATA	Keydown: ArrowRight
199.74080999998841	EXP	szo_kiir: autoDraw = false
199.74080999998841	EXP	szo_kiir: color = {"_rgb":[1,1,1]}
199.74080999998841	EXP	szo_kiir: text = "rámáz"
200.25836499995785	EXP	szo_kiir: autoDraw = true
201.15803999995114	DATA	Keydown: ArrowLeft
201.1705699999584	EXP	szo_kiir: autoDraw = false
201.1705699999584	EXP	szo_kiir: color = {"_rgb":[1,1,1]}
201.1705699999584	EXP	szo_kiir: text = "rojtoz"
201.68630999996094	EXP	szo_kiir: autoDraw = true
202.5335849999683	DATA	Keydown: ArrowRight
202.56691499997396	EXP	szo_kiir: autoDraw = false
202.56691499997396	EXP	szo_kiir: color = {"_rgb":[1,1,1]}
202.56691499997396	EXP	szo_kiir: text = "kirugódik"
203.08063499996206	EXP	szo_kiir: autoDraw = true
205.22713499999372	DATA	Keydown: ArrowRight
205.23935999994865	EXP	szo_kiir: autoDraw = false
205.23935999994865	EXP	szo_kiir: color = {"_rgb":[1,1,1]}
205.23935999994865	EXP	szo_kiir: text = "lublika"
205.75404999998864	EXP	szo_kiir: autoDraw = true
206.4794899999979	DATA	Keydown: ArrowLeft
206.49252499995055	EXP	szo_kiir: autoDraw = false
206.49252499995055	EXP	szo_kiir: color = {"_rgb":[1,1,1]}
206.49252499995055	EXP	szo_kiir: text = "tetvetlenít"
207.00182999996468	EXP	szo_kiir: autoDraw = true
208.56359499995597	DATA	Keydown: ArrowLeft
208.57830499997362	EXP	szo_kiir: autoDraw = false
208.57830499997362	EXP	szo_kiir: color = {"_rgb":[1,1,1]}
208.57830499997362	EXP	szo_kiir: text = "viaszoz"
209.09475999994902	EXP	szo_kiir: autoDraw = true
210.71529999998165	DATA	Keydown: ArrowRight
210.71997499995632	EXP	szo_kiir: autoDraw = false
210.71997499995632	EXP	szo_kiir: color = {"_rgb":[1,1,1]}
210.71997499995632	EXP	szo_kiir: text = "glosszáz"
211.2371849999763	EXP	szo_kiir: autoDraw = true
212.3595749999513	DATA	Keydown: ArrowRight
212.383984999964	EXP	szo_kiir: autoDraw = false
212.383984999964	EXP	szo_kiir: color = {"_rgb":[1,1,1]}
212.383984999964	EXP	szo_kiir: text = "kontinuáns"
212.896064999979	EXP	szo_kiir: autoDraw = true
214.9540449999622	DATA	Keydown: ArrowLeft
214.9699799999944	EXP	szo_kiir: autoDraw = false
214.9699799999944	EXP	szo_kiir: color = {"_rgb":[1,1,1]}
214.9699799999944	EXP	szo_kiir: text = "svábtök"
215.48519999999553	EXP	szo_kiir: autoDraw = true
217.50444499996956	DATA	Keydown: ArrowRight
217.513489999983	EXP	szo_kiir: autoDraw = false
217.513489999983	EXP	szo_kiir: color = {"_rgb":[1,1,1]}
217.513489999983	EXP	szo_kiir: text = "püffeszt"
218.02849499997683	EXP	szo_kiir: autoDraw = true
218.8350249999785	DATA	Keydown: ArrowRight
218.8522449999582	EXP	szo_kiir: autoDraw = false
218.8522449999582	EXP	koszi_szoveg: autoDraw = true
219.92218499997398	DATA	Mouse: 0 button down, pos=(879.2000131011009,662.4000098705292)
220.04533999995328	DATA	Mouse: 0 button down, pos=(879.2000131011009,662.4000098705292)
220.19706499995664	DATA	Mouse: 0 button down, pos=(880.0000131130219,661.600058686734)
220.32805999997072	DATA	Keydown:  
220.33737999998266	DATA	Mouse: 0 button down, pos=(880.0000131130219,660.8000098466873)
