0.17816500000003543	EXP	Created Window = Window( name=Window, fullscr=true, color=#000000, units=norm, waitBlanking=true, autoLog=true, size=[1366,625] )
2.8496900000000096	DATA	Keydown: 3
3.0321500000000015	DATA	Keydown: 2
3.190710000000081	DATA	Keydown: 0
3.3950849999999946	DATA	Keydown: 1
5.5582350000000815	DATA	Keydown: n
6.4431200000000235	DATA	Keydown: ő
8.445735000000013	DATA	Keydown: 2
8.679065000000037	DATA	Keydown: 0
8.881955000000062	DATA	Keydown: 0
9.063674999999991	DATA	Keydown: 0
12.026420000000028	DATA	Keydown: 1
12.193210000000024	DATA	Keydown: 3
23.287170000000064	EXP	Created instruction_text1 = TextStim( name=instruction_text1, win=Window( name=Window, fullscr=true, color=#000000, ~), autoDraw=null, autoLog=true, units=norm, ori=null, opacity=1, pos=[0,0], size=undefined, text=Ön most szavakat fog látni.

Ezek között lesznek o~, font=Arial, color=#ffffff, contrast=1, height=0.05, bold=null, italic=null, alignHoriz=left, alignVert=center, wrapWidth=1, flipHoriz=null, flipVert=null )
23.289870000000068	EXP	Created instruction_text2 = TextStim( name=instruction_text2, win=Window( name=Window, fullscr=true, color=#000000, ~), autoDraw=null, autoLog=true, units=norm, ori=null, opacity=1, pos=[0,0], size=undefined, text=Először két egyszerű példát mutatunk Önnek.

Az el~, font=Arial, color=#FFFFFF, contrast=1, height=0.05, bold=null, italic=null, alignHoriz=left, alignVert=center, wrapWidth=1, flipHoriz=null, flipVert=null )
23.29178000000002	EXP	Created show_text = TextStim( name=show_text, win=Window( name=Window, fullscr=true, color=#000000, ~), autoDraw=null, autoLog=true, units=norm, ori=null, opacity=1, pos=[0,0], size=undefined, text=asztal, font=Arial, color=#FFFFFF, contrast=1, height=0.2, bold=null, italic=null, alignHoriz=left, alignVert=center, wrapWidth=1, flipHoriz=null, flipVert=null )
23.294805	EXP	Created text = TextStim( name=text, win=Window( name=Window, fullscr=true, color=#000000, ~), autoDraw=null, autoLog=true, units=norm, ori=null, opacity=1, pos=[0,0], size=undefined, text=bzsmfsztal, font=Arial, color=#FFFFFF, contrast=1, height=0.2, bold=null, italic=null, alignHoriz=left, alignVert=center, wrapWidth=1, flipHoriz=null, flipVert=null )
23.29920500000003	EXP	Created instruction_text3 = TextStim( name=instruction_text3, win=Window( name=Window, fullscr=true, color=#000000, ~), autoDraw=null, autoLog=true, units=norm, ori=null, opacity=1, pos=[0,0], size=undefined, text=Pazar. Most kezdődik az igazi kísérlet. Néhány per~, font=Arial, color=#FFFFFF, contrast=1, height=0.1, bold=null, italic=null, alignHoriz=left, alignVert=center, wrapWidth=1, flipHoriz=null, flipVert=null )
23.305720000000065	EXP	Created szo_kiir = TextStim( name=szo_kiir, win=Window( name=Window, fullscr=true, color=#000000, ~), autoDraw=null, autoLog=true, units=norm, ori=null, opacity=1, pos=[0,0], size=undefined, text=default text, font=Arial, color=#FFFFFF, contrast=1, height=0.2, bold=null, italic=null, alignHoriz=left, alignVert=center, wrapWidth=1, flipHoriz=null, flipVert=null )
23.31322499999999	EXP	Created koszi_szoveg = TextStim( name=koszi_szoveg, win=Window( name=Window, fullscr=true, color=#000000, ~), autoDraw=null, autoLog=true, units=norm, ori=null, opacity=1, pos=[0,0], size=undefined, text=Vége a kísérletnek. Köszönjük a részvételt!, font=arial, color=#ffffff, contrast=1, height=0.1, bold=null, italic=null, alignHoriz=left, alignVert=center, wrapWidth=1, flipHoriz=null, flipVert=null )
23.43122500000004	EXP	instruction_text1: units = "norm"
23.43122500000004	EXP	instruction_text1: ori = 0
23.43122500000004	EXP	instruction_text1: opacity = 1
23.43122500000004	EXP	instruction_text1: pos = [0,0]
23.43122500000004	EXP	instruction_text1: size = undefined
23.43122500000004	EXP	instruction_text1: text = "Ön most szavakat fog látni.\n\nEzek között lesznek olyanok, amelyeket ismer, de előfordulhatnak olyanok is, amelyeket nem ismer, sőt, vannak köztük kitalált szavak is. \n\nKérjük, ha ismeri a képernyőn látható szót, nyomja meg a JOBB kurzorbillentyűt.\nKérjük, ha NEM ismeri a képernyőn látható szót, vagy azt gondolja, nincs ilyen szó a magyarban, nyomja meg a BAL kurzorbillentyűt.\n\nAz 'Ismerem a szót' döntés itt most ezt jelenti: találkoztam már vele, és van valami elképzelésem a jelentéséről is.  \n\nNyomjon meg bármilyen billentyűt a folytatáshoz."
23.43122500000004	EXP	instruction_text1: font = "Arial"
23.43122500000004	EXP	instruction_text1: color = {"_rgb":[1,1,1]}
23.43122500000004	EXP	instruction_text1: contrast = 1
23.43122500000004	EXP	instruction_text1: height = 0.05
23.43122500000004	EXP	instruction_text1: bold = false
23.43122500000004	EXP	instruction_text1: italic = false
23.43122500000004	EXP	instruction_text1: alignHoriz = "left"
23.43122500000004	EXP	instruction_text1: alignVert = "center"
23.43122500000004	EXP	instruction_text1: wrapWidth = 1
23.43122500000004	EXP	instruction_text1: flipHoriz = false
23.43122500000004	EXP	instruction_text1: flipVert = false
23.43122500000004	EXP	instruction_text2: units = "norm"
23.43122500000004	EXP	instruction_text2: ori = 0
23.43122500000004	EXP	instruction_text2: opacity = 1
23.43122500000004	EXP	instruction_text2: pos = [0,0]
23.43122500000004	EXP	instruction_text2: size = undefined
23.43122500000004	EXP	instruction_text2: text = "Először két egyszerű példát mutatunk Önnek.\n\nAz első szó létezik a magyarban, és valószínűleg Ön is ismeri. Itt nyomja majd meg a jobb kurzorbillentyűt.\nA második szó nem létezik a magyar nyelvben. Itt nyomja majd meg a bal kurzorbillentyűt.\n\nFontos, hogy a jobb gombot a jobb kezével, a bal gombot a bal kezével nyomja, ha tudja, és ne egy kezét használja a kísérletben.\n\nNyomjon meg bármilyen gombot a folytatáshoz."
23.43122500000004	EXP	instruction_text2: font = "Arial"
23.43122500000004	EXP	instruction_text2: color = {"_hex":"#FFFFFF","_rgb":[1,1,1]}
23.43122500000004	EXP	instruction_text2: contrast = 1
23.43122500000004	EXP	instruction_text2: height = 0.05
23.43122500000004	EXP	instruction_text2: bold = false
23.43122500000004	EXP	instruction_text2: italic = false
23.43122500000004	EXP	instruction_text2: alignHoriz = "left"
23.43122500000004	EXP	instruction_text2: alignVert = "center"
23.43122500000004	EXP	instruction_text2: wrapWidth = 1
23.43122500000004	EXP	instruction_text2: flipHoriz = false
23.43122500000004	EXP	instruction_text2: flipVert = false
23.43122500000004	EXP	show_text: units = "norm"
23.43122500000004	EXP	show_text: ori = 0
23.43122500000004	EXP	show_text: opacity = 1
23.43122500000004	EXP	show_text: pos = [0,0]
23.43122500000004	EXP	show_text: size = undefined
23.43122500000004	EXP	show_text: text = "asztal"
23.43122500000004	EXP	show_text: font = "Arial"
23.43122500000004	EXP	show_text: color = {"_hex":"#FFFFFF","_rgb":[1,1,1]}
23.43122500000004	EXP	show_text: contrast = 1
23.43122500000004	EXP	show_text: height = 0.2
23.43122500000004	EXP	show_text: bold = false
23.43122500000004	EXP	show_text: italic = false
23.43122500000004	EXP	show_text: alignHoriz = "left"
23.43122500000004	EXP	show_text: alignVert = "center"
23.43122500000004	EXP	show_text: wrapWidth = 1
23.43122500000004	EXP	show_text: flipHoriz = false
23.43122500000004	EXP	show_text: flipVert = false
23.43122500000004	EXP	text: units = "norm"
23.43122500000004	EXP	text: ori = 0
23.43122500000004	EXP	text: opacity = 1
23.43122500000004	EXP	text: pos = [0,0]
23.43122500000004	EXP	text: size = undefined
23.43122500000004	EXP	text: text = "bzsmfsztal"
23.43122500000004	EXP	text: font = "Arial"
23.43122500000004	EXP	text: color = {"_hex":"#FFFFFF","_rgb":[1,1,1]}
23.43122500000004	EXP	text: contrast = 1
23.43122500000004	EXP	text: height = 0.2
23.43122500000004	EXP	text: bold = false
23.43122500000004	EXP	text: italic = false
23.43122500000004	EXP	text: alignHoriz = "left"
23.43122500000004	EXP	text: alignVert = "center"
23.43122500000004	EXP	text: wrapWidth = 1
23.43122500000004	EXP	text: flipHoriz = false
23.43122500000004	EXP	text: flipVert = false
23.43122500000004	EXP	instruction_text3: units = "norm"
23.43122500000004	EXP	instruction_text3: ori = 0
23.43122500000004	EXP	instruction_text3: opacity = 1
23.43122500000004	EXP	instruction_text3: pos = [0,0]
23.43122500000004	EXP	instruction_text3: size = undefined
23.43122500000004	EXP	instruction_text3: text = "Pazar. Most kezdődik az igazi kísérlet. Néhány percig fog tartani. Nem kell nagyon sietnie, de igyekezzen gyorsan válaszolni.\n\nNe feledje, ha tudja, a jobb gombot a jobbkezével, a bal gombot a balkezével nyomja le.\n\nNyomjon meg bármilyen gombot a folytatáshoz."
23.43122500000004	EXP	instruction_text3: font = "Arial"
23.43122500000004	EXP	instruction_text3: color = {"_hex":"#FFFFFF","_rgb":[1,1,1]}
23.43122500000004	EXP	instruction_text3: contrast = 1
23.43122500000004	EXP	instruction_text3: height = 0.1
23.43122500000004	EXP	instruction_text3: bold = false
23.43122500000004	EXP	instruction_text3: italic = false
23.43122500000004	EXP	instruction_text3: alignHoriz = "left"
23.43122500000004	EXP	instruction_text3: alignVert = "center"
23.43122500000004	EXP	instruction_text3: wrapWidth = 1
23.43122500000004	EXP	instruction_text3: flipHoriz = false
23.43122500000004	EXP	instruction_text3: flipVert = false
23.43122500000004	EXP	szo_kiir: units = "norm"
23.43122500000004	EXP	szo_kiir: ori = 0
23.43122500000004	EXP	szo_kiir: opacity = 1
23.43122500000004	EXP	szo_kiir: pos = [0,0]
23.43122500000004	EXP	szo_kiir: size = undefined
23.43122500000004	EXP	szo_kiir: text = "default text"
23.43122500000004	EXP	szo_kiir: font = "Arial"
23.43122500000004	EXP	szo_kiir: color = {"_hex":"#FFFFFF","_rgb":[1,1,1]}
23.43122500000004	EXP	szo_kiir: contrast = 1
23.43122500000004	EXP	szo_kiir: height = 0.2
23.43122500000004	EXP	szo_kiir: bold = false
23.43122500000004	EXP	szo_kiir: italic = false
23.43122500000004	EXP	szo_kiir: alignHoriz = "left"
23.43122500000004	EXP	szo_kiir: alignVert = "center"
23.43122500000004	EXP	szo_kiir: wrapWidth = 1
23.43122500000004	EXP	szo_kiir: flipHoriz = false
23.43122500000004	EXP	szo_kiir: flipVert = false
23.43122500000004	EXP	koszi_szoveg: units = "norm"
23.43122500000004	EXP	koszi_szoveg: ori = 0
23.43122500000004	EXP	koszi_szoveg: opacity = 1
23.43122500000004	EXP	koszi_szoveg: pos = [0,0]
23.43122500000004	EXP	koszi_szoveg: size = undefined
23.43122500000004	EXP	koszi_szoveg: text = "Vége a kísérletnek. Köszönjük a részvételt!"
23.43122500000004	EXP	koszi_szoveg: font = "arial"
23.43122500000004	EXP	koszi_szoveg: color = {"_rgb":[1,1,1]}
23.43122500000004	EXP	koszi_szoveg: contrast = 1
23.43122500000004	EXP	koszi_szoveg: height = 0.1
23.43122500000004	EXP	koszi_szoveg: bold = false
23.43122500000004	EXP	koszi_szoveg: italic = false
23.43122500000004	EXP	koszi_szoveg: alignHoriz = "left"
23.43122500000004	EXP	koszi_szoveg: alignVert = "center"
23.43122500000004	EXP	koszi_szoveg: wrapWidth = 1
23.43122500000004	EXP	koszi_szoveg: flipHoriz = false
23.43122500000004	EXP	koszi_szoveg: flipVert = false
23.43122500000004	EXP	instruction_text1: autoDraw = true
45.96563500000002	DATA	Mouse: 2 button down, pos=(840,541)
46.11994000000004	DATA	Mouse: 2 button down, pos=(840,541)
46.960585000000044	DATA	Mouse: 0 button down, pos=(732,562)
47.1424300000001	DATA	Mouse: 0 button down, pos=(732,562)
82.81968499999994	DATA	Keydown: ArrowRight
82.85115500000006	EXP	instruction_text1: autoDraw = false
82.85115500000006	EXP	instruction_text2: autoDraw = true
99.14297499999998	DATA	Keydown: ArrowRight
99.16477499999995	EXP	instruction_text2: autoDraw = false
99.71746499999995	EXP	show_text: autoDraw = true
100.87653	DATA	Keydown: ArrowRight
100.8891000000001	EXP	show_text: autoDraw = false
101.41703499999994	EXP	text: autoDraw = true
102.2781	DATA	Keydown: ArrowLeft
102.3401000000001	EXP	text: autoDraw = false
102.3401000000001	EXP	instruction_text3: autoDraw = true
117.16455500000008	DATA	Keydown: ArrowRight
117.25648500000011	EXP	instruction_text3: autoDraw = false
117.25648500000011	EXP	szo_kiir: color = {"_rgb":[1,1,1]}
117.25648500000011	EXP	szo_kiir: text = "család"
117.77820500000007	EXP	szo_kiir: autoDraw = true
118.89679000000001	DATA	Keydown: ArrowRight
118.90688999999998	EXP	szo_kiir: autoDraw = false
118.90688999999998	EXP	szo_kiir: color = {"_rgb":[1,1,1]}
118.90688999999998	EXP	szo_kiir: text = "nehéz"
119.42784499999993	EXP	szo_kiir: autoDraw = true
119.89474500000006	DATA	Keydown: ArrowRight
119.93424000000005	EXP	szo_kiir: autoDraw = false
119.93424000000005	EXP	szo_kiir: color = {"_rgb":[1,1,1]}
119.93424000000005	EXP	szo_kiir: text = "látszik"
120.44346500000006	EXP	szo_kiir: autoDraw = true
120.87711500000002	DATA	Keydown: ArrowRight
120.88957500000015	EXP	szo_kiir: autoDraw = false
120.88957500000015	EXP	szo_kiir: color = {"_rgb":[1,1,1]}
120.88957500000015	EXP	szo_kiir: text = "átrális"
121.41004500000008	EXP	szo_kiir: autoDraw = true
121.89280000000008	DATA	Keydown: ArrowLeft
121.94064000000003	EXP	szo_kiir: autoDraw = false
121.94064000000003	EXP	szo_kiir: color = {"_rgb":[1,1,1]}
121.94064000000003	EXP	szo_kiir: text = "méhezter"
122.45968500000004	EXP	szo_kiir: autoDraw = true
123.06447000000001	DATA	Keydown: ArrowLeft
123.07454499999994	EXP	szo_kiir: autoDraw = false
123.07454499999994	EXP	szo_kiir: color = {"_rgb":[1,1,1]}
123.07454499999994	EXP	szo_kiir: text = "esemény"
123.59883000000013	EXP	szo_kiir: autoDraw = true
124.22847000000002	DATA	Keydown: ArrowRight
124.26262999999993	EXP	szo_kiir: autoDraw = false
124.26262999999993	EXP	szo_kiir: color = {"_rgb":[1,1,1]}
124.26262999999993	EXP	szo_kiir: text = "módszer"
124.78203499999995	EXP	szo_kiir: autoDraw = true
125.34312999999996	DATA	Keydown: ArrowRight
125.35782500000005	EXP	szo_kiir: autoDraw = false
125.35782500000005	EXP	szo_kiir: color = {"_rgb":[1,1,1]}
125.35782500000005	EXP	szo_kiir: text = "föld"
125.87753999999995	EXP	szo_kiir: autoDraw = true
126.34294	DATA	Keydown: ArrowLeft
126.3578950000001	EXP	szo_kiir: autoDraw = false
126.3578950000001	EXP	szo_kiir: color = {"_rgb":[1,1,1]}
126.3578950000001	EXP	szo_kiir: text = "zenekar"
126.88091000000009	EXP	szo_kiir: autoDraw = true
127.47639500000014	DATA	Keydown: ArrowRight
127.54165000000012	EXP	szo_kiir: autoDraw = false
127.54165000000012	EXP	szo_kiir: color = {"_rgb":[1,1,1]}
127.54165000000012	EXP	szo_kiir: text = "komplex"
128.06051500000012	EXP	szo_kiir: autoDraw = true
128.52906499999995	DATA	Keydown: ArrowRight
128.5410300000001	EXP	szo_kiir: autoDraw = false
128.5410300000001	EXP	szo_kiir: color = {"_rgb":[1,1,1]}
128.5410300000001	EXP	szo_kiir: text = "hatalom"
129.05932499999994	EXP	szo_kiir: autoDraw = true
129.56468500000005	DATA	Keydown: ArrowRight
129.59761500000013	EXP	szo_kiir: autoDraw = false
129.59761500000013	EXP	szo_kiir: color = {"_rgb":[1,1,1]}
129.59761500000013	EXP	szo_kiir: text = "célszerű"
130.11373500000013	EXP	szo_kiir: autoDraw = true
130.66275999999993	DATA	Keydown: ArrowRight
130.67451000000005	EXP	szo_kiir: autoDraw = false
130.67451000000005	EXP	szo_kiir: color = {"_rgb":[1,1,1]}
130.67451000000005	EXP	szo_kiir: text = "optimális"
131.19703000000004	EXP	szo_kiir: autoDraw = true
131.64982499999996	DATA	Keydown: ArrowRight
131.66910000000007	EXP	szo_kiir: autoDraw = false
131.66910000000007	EXP	szo_kiir: color = {"_rgb":[1,1,1]}
131.66910000000007	EXP	szo_kiir: text = "híd"
132.17935499999996	EXP	szo_kiir: autoDraw = true
132.63329999999996	DATA	Keydown: ArrowRight
132.640625	EXP	szo_kiir: autoDraw = false
132.640625	EXP	szo_kiir: color = {"_rgb":[1,1,1]}
132.640625	EXP	szo_kiir: text = "kiskolható"
133.162795	EXP	szo_kiir: autoDraw = true
133.9605650000001	DATA	Keydown: ArrowLeft
133.99537499999997	EXP	szo_kiir: autoDraw = false
133.99537499999997	EXP	szo_kiir: color = {"_rgb":[1,1,1]}
133.99537499999997	EXP	szo_kiir: text = "kollektív"
134.5095100000001	EXP	szo_kiir: autoDraw = true
135.09230500000012	DATA	Keydown: ArrowRight
135.10735	EXP	szo_kiir: autoDraw = false
135.10735	EXP	szo_kiir: color = {"_rgb":[1,1,1]}
135.10735	EXP	szo_kiir: text = "pohár"
135.626395	EXP	szo_kiir: autoDraw = true
136.19018000000005	DATA	Keydown: ArrowRight
136.2187550000001	EXP	szo_kiir: autoDraw = false
136.2187550000001	EXP	szo_kiir: color = {"_rgb":[1,1,1]}
136.2187550000001	EXP	szo_kiir: text = "keritkol"
136.72574499999996	EXP	szo_kiir: autoDraw = true
137.2402750000001	DATA	Keydown: ArrowLeft
137.25593000000003	EXP	szo_kiir: autoDraw = false
137.25593000000003	EXP	szo_kiir: color = {"_rgb":[1,1,1]}
137.25593000000003	EXP	szo_kiir: text = "konfúzusza"
137.777245	EXP	szo_kiir: autoDraw = true
138.26124500000014	DATA	Keydown: ArrowLeft
138.2908500000001	EXP	szo_kiir: autoDraw = false
138.2908500000001	EXP	szo_kiir: color = {"_rgb":[1,1,1]}
138.2908500000001	EXP	szo_kiir: text = "daragasi"
138.81001000000015	EXP	szo_kiir: autoDraw = true
139.34054000000015	DATA	Keydown: ArrowLeft
139.35594000000015	EXP	szo_kiir: autoDraw = false
139.35594000000015	EXP	szo_kiir: color = {"_rgb":[1,1,1]}
139.35594000000015	EXP	szo_kiir: text = "vicc"
139.87608	EXP	szo_kiir: autoDraw = true
140.36470499999996	DATA	Keydown: ArrowRight
140.38247	EXP	szo_kiir: autoDraw = false
140.38247	EXP	szo_kiir: color = {"_rgb":[1,1,1]}
140.38247	EXP	szo_kiir: text = "gyóka"
140.89630000000008	EXP	szo_kiir: autoDraw = true
141.39255500000013	DATA	Keydown: ArrowRight
141.4078300000001	EXP	szo_kiir: autoDraw = false
141.4078300000001	EXP	szo_kiir: color = {"_rgb":[1,1,1]}
141.4078300000001	EXP	szo_kiir: text = "amoz"
141.92860999999994	EXP	szo_kiir: autoDraw = true
142.73308500000007	DATA	Keydown: ArrowLeft
142.74005000000008	EXP	szo_kiir: autoDraw = false
142.74005000000008	EXP	szo_kiir: color = {"_rgb":[1,1,1]}
142.74005000000008	EXP	szo_kiir: text = "bolgár"
143.26322000000005	EXP	szo_kiir: autoDraw = true
143.83342500000003	DATA	Keydown: ArrowRight
143.84896000000003	EXP	szo_kiir: autoDraw = false
143.84896000000003	EXP	szo_kiir: color = {"_rgb":[1,1,1]}
143.84896000000003	EXP	szo_kiir: text = "homok"
144.35999500000003	EXP	szo_kiir: autoDraw = true
144.85833500000012	DATA	Keydown: ArrowLeft
144.87354500000015	EXP	szo_kiir: autoDraw = false
144.87354500000015	EXP	szo_kiir: color = {"_rgb":[1,1,1]}
144.87354500000015	EXP	szo_kiir: text = "bronz"
145.39319999999998	EXP	szo_kiir: autoDraw = true
146.14634	DATA	Keydown: ArrowRight
146.156835	EXP	szo_kiir: autoDraw = false
146.156835	EXP	szo_kiir: color = {"_rgb":[1,1,1]}
146.156835	EXP	szo_kiir: text = "örvend"
146.680975	EXP	szo_kiir: autoDraw = true
147.36193500000013	DATA	Keydown: ArrowRight
147.38219000000007	EXP	szo_kiir: autoDraw = false
147.38219000000007	EXP	szo_kiir: color = {"_rgb":[1,1,1]}
147.38219000000007	EXP	szo_kiir: text = "szichosol"
147.89608500000006	EXP	szo_kiir: autoDraw = true
148.49328000000014	DATA	Keydown: ArrowLeft
148.5068550000001	EXP	szo_kiir: autoDraw = false
148.5068550000001	EXP	szo_kiir: color = {"_rgb":[1,1,1]}
148.5068550000001	EXP	szo_kiir: text = "kilogramm"
149.02682000000004	EXP	szo_kiir: autoDraw = true
149.7926199999999	DATA	Keydown: ArrowRight
149.8238550000001	EXP	szo_kiir: autoDraw = false
149.8238550000001	EXP	szo_kiir: color = {"_rgb":[1,1,1]}
149.8238550000001	EXP	szo_kiir: text = "szobrász"
150.34601999999995	EXP	szo_kiir: autoDraw = true
150.87539000000015	DATA	Keydown: ArrowRight
150.89025500000002	EXP	szo_kiir: autoDraw = false
150.89025500000002	EXP	szo_kiir: color = {"_rgb":[1,1,1]}
150.89025500000002	EXP	szo_kiir: text = "majom"
151.41343499999994	EXP	szo_kiir: autoDraw = true
151.95721000000003	DATA	Keydown: ArrowRight
151.976095	EXP	szo_kiir: autoDraw = false
151.976095	EXP	szo_kiir: color = {"_rgb":[1,1,1]}
151.976095	EXP	szo_kiir: text = "finálé"
152.49284000000011	EXP	szo_kiir: autoDraw = true
153.01847500000008	DATA	Keydown: ArrowRight
153.022565	EXP	szo_kiir: autoDraw = false
153.022565	EXP	szo_kiir: color = {"_rgb":[1,1,1]}
153.022565	EXP	szo_kiir: text = "agyag"
153.5444050000001	EXP	szo_kiir: autoDraw = true
154.01483000000007	DATA	Keydown: ArrowRight
154.04914000000008	EXP	szo_kiir: autoDraw = false
154.04914000000008	EXP	szo_kiir: color = {"_rgb":[1,1,1]}
154.04914000000008	EXP	szo_kiir: text = "kiskanál"
154.55959499999994	EXP	szo_kiir: autoDraw = true
155.04113499999994	DATA	Keydown: ArrowRight
155.05650500000002	EXP	szo_kiir: autoDraw = false
155.05650500000002	EXP	szo_kiir: color = {"_rgb":[1,1,1]}
155.05650500000002	EXP	szo_kiir: text = "bús"
155.57876499999998	EXP	szo_kiir: autoDraw = true
155.99200999999994	DATA	Keydown: ArrowRight
156.03478500000006	EXP	szo_kiir: autoDraw = false
156.03478500000006	EXP	szo_kiir: color = {"_rgb":[1,1,1]}
156.03478500000006	EXP	szo_kiir: text = "értékesít"
156.54312500000015	EXP	szo_kiir: autoDraw = true
157.14061000000015	DATA	Keydown: ArrowRight
157.15607	EXP	szo_kiir: autoDraw = false
157.15607	EXP	szo_kiir: color = {"_rgb":[1,1,1]}
157.15607	EXP	szo_kiir: text = "kán"
157.67557499999998	EXP	szo_kiir: autoDraw = true
158.19212000000016	DATA	Keydown: ArrowRight
158.21884999999997	EXP	szo_kiir: autoDraw = false
158.21884999999997	EXP	szo_kiir: color = {"_rgb":[1,1,1]}
158.21884999999997	EXP	szo_kiir: text = "misztérium"
158.7264500000001	EXP	szo_kiir: autoDraw = true
159.33270000000016	DATA	Keydown: ArrowRight
159.33931499999994	EXP	szo_kiir: autoDraw = false
159.33931499999994	EXP	szo_kiir: color = {"_rgb":[1,1,1]}
159.33931499999994	EXP	szo_kiir: text = "kóser"
159.85889500000008	EXP	szo_kiir: autoDraw = true
160.44885999999997	DATA	Keydown: ArrowRight
160.46413499999994	EXP	szo_kiir: autoDraw = false
160.46413499999994	EXP	szo_kiir: color = {"_rgb":[1,1,1]}
160.46413499999994	EXP	szo_kiir: text = "genom"
160.97939500000007	EXP	szo_kiir: autoDraw = true
161.52802500000007	DATA	Keydown: ArrowLeft
161.54142000000002	EXP	szo_kiir: autoDraw = false
161.54142000000002	EXP	szo_kiir: color = {"_rgb":[1,1,1]}
161.54142000000002	EXP	szo_kiir: text = "balji"
162.06306500000005	EXP	szo_kiir: autoDraw = true
163.18282	DATA	Keydown: ArrowLeft
163.19016499999998	EXP	szo_kiir: autoDraw = false
163.19016499999998	EXP	szo_kiir: color = {"_rgb":[1,1,1]}
163.19016499999998	EXP	szo_kiir: text = "kontálás"
163.7118950000001	EXP	szo_kiir: autoDraw = true
164.6429700000001	DATA	Keydown: ArrowLeft
164.67697500000008	EXP	szo_kiir: autoDraw = false
164.67697500000008	EXP	szo_kiir: color = {"_rgb":[1,1,1]}
164.67697500000008	EXP	szo_kiir: text = "biliárd"
165.19578	EXP	szo_kiir: autoDraw = true
165.8632950000001	DATA	Keydown: ArrowRight
165.87442499999997	EXP	szo_kiir: autoDraw = false
165.87442499999997	EXP	szo_kiir: color = {"_rgb":[1,1,1]}
165.87442499999997	EXP	szo_kiir: text = "fon"
166.39551000000006	EXP	szo_kiir: autoDraw = true
166.95785	DATA	Keydown: ArrowRight
166.98161500000015	EXP	szo_kiir: autoDraw = false
166.98161500000015	EXP	szo_kiir: color = {"_rgb":[1,1,1]}
166.98161500000015	EXP	szo_kiir: text = "vitamindús"
167.49342500000012	EXP	szo_kiir: autoDraw = true
168.73603500000013	DATA	Keydown: ArrowRight
168.74261	EXP	szo_kiir: autoDraw = false
168.74261	EXP	szo_kiir: color = {"_rgb":[1,1,1]}
168.74261	EXP	szo_kiir: text = "embertömeg"
169.26389500000005	EXP	szo_kiir: autoDraw = true
169.79884000000015	DATA	Keydown: ArrowRight
169.82672500000012	EXP	szo_kiir: autoDraw = false
169.82672500000012	EXP	szo_kiir: color = {"_rgb":[1,1,1]}
169.82672500000012	EXP	szo_kiir: text = "vértanú"
170.34303999999997	EXP	szo_kiir: autoDraw = true
170.81540500000006	DATA	Keydown: ArrowRight
170.82292499999994	EXP	szo_kiir: autoDraw = false
170.82292499999994	EXP	szo_kiir: color = {"_rgb":[1,1,1]}
170.82292499999994	EXP	szo_kiir: text = "fekhely"
171.34334000000013	EXP	szo_kiir: autoDraw = true
172.04044999999996	DATA	Keydown: ArrowRight
172.068665	EXP	szo_kiir: autoDraw = false
172.068665	EXP	szo_kiir: color = {"_rgb":[1,1,1]}
172.068665	EXP	szo_kiir: text = "sólyuk"
172.57602500000007	EXP	szo_kiir: autoDraw = true
173.27598499999996	DATA	Keydown: ArrowLeft
173.2911200000001	EXP	szo_kiir: autoDraw = false
173.2911200000001	EXP	szo_kiir: color = {"_rgb":[1,1,1]}
173.2911200000001	EXP	szo_kiir: text = "örög"
173.81310499999995	EXP	szo_kiir: autoDraw = true
174.9454800000001	DATA	Keydown: ArrowLeft
174.98440000000005	EXP	szo_kiir: autoDraw = false
174.98440000000005	EXP	szo_kiir: color = {"_rgb":[1,1,1]}
174.98440000000005	EXP	szo_kiir: text = "tanrend"
175.49594500000012	EXP	szo_kiir: autoDraw = true
176.114595	DATA	Keydown: ArrowRight
176.12347	EXP	szo_kiir: autoDraw = false
176.12347	EXP	szo_kiir: color = {"_rgb":[1,1,1]}
176.12347	EXP	szo_kiir: text = "tincs"
176.645945	EXP	szo_kiir: autoDraw = true
177.23208999999997	DATA	Keydown: ArrowLeft
177.24143000000004	EXP	szo_kiir: autoDraw = false
177.24143000000004	EXP	szo_kiir: color = {"_rgb":[1,1,1]}
177.24143000000004	EXP	szo_kiir: text = "dofízissed"
177.76025500000014	EXP	szo_kiir: autoDraw = true
178.51192000000015	DATA	Keydown: ArrowLeft
178.54999500000008	EXP	szo_kiir: autoDraw = false
178.54999500000008	EXP	szo_kiir: color = {"_rgb":[1,1,1]}
178.54999500000008	EXP	szo_kiir: text = "oldalszél"
179.06286999999998	EXP	szo_kiir: autoDraw = true
179.83070999999995	DATA	Keydown: ArrowRight
179.84157500000015	EXP	szo_kiir: autoDraw = false
179.84157500000015	EXP	szo_kiir: color = {"_rgb":[1,1,1]}
179.84157500000015	EXP	szo_kiir: text = "terhelődik"
180.36474500000008	EXP	szo_kiir: autoDraw = true
180.90322000000015	DATA	Keydown: ArrowRight
180.93318	EXP	szo_kiir: autoDraw = false
180.93318	EXP	szo_kiir: color = {"_rgb":[1,1,1]}
180.93318	EXP	szo_kiir: text = "konfirki"
181.44437000000016	EXP	szo_kiir: autoDraw = true
182.05956000000015	DATA	Keydown: ArrowLeft
182.07490000000007	EXP	szo_kiir: autoDraw = false
182.07490000000007	EXP	szo_kiir: color = {"_rgb":[1,1,1]}
182.07490000000007	EXP	szo_kiir: text = "kurzív"
182.59607000000005	EXP	szo_kiir: autoDraw = true
183.76951000000008	DATA	Keydown: ArrowRight
183.79888500000015	EXP	szo_kiir: autoDraw = false
183.79888500000015	EXP	szo_kiir: color = {"_rgb":[1,1,1]}
183.79888500000015	EXP	szo_kiir: text = "firkál"
184.31337000000008	EXP	szo_kiir: autoDraw = true
184.84288000000015	DATA	Keydown: ArrowRight
184.85847000000012	EXP	szo_kiir: autoDraw = false
184.85847000000012	EXP	szo_kiir: color = {"_rgb":[1,1,1]}
184.85847000000012	EXP	szo_kiir: text = "vicsorog"
185.37985000000003	EXP	szo_kiir: autoDraw = true
185.91969500000005	DATA	Keydown: ArrowRight
185.94332499999993	EXP	szo_kiir: autoDraw = false
185.94332499999993	EXP	szo_kiir: color = {"_rgb":[1,1,1]}
185.94332499999993	EXP	szo_kiir: text = "hormati"
186.46244000000002	EXP	szo_kiir: autoDraw = true
187.27573499999994	DATA	Keydown: ArrowLeft
187.291475	EXP	szo_kiir: autoDraw = false
187.291475	EXP	szo_kiir: color = {"_rgb":[1,1,1]}
187.291475	EXP	szo_kiir: text = "avonaliba"
187.81298000000015	EXP	szo_kiir: autoDraw = true
188.68093	DATA	Keydown: ArrowLeft
188.710245	EXP	szo_kiir: autoDraw = false
188.710245	EXP	szo_kiir: color = {"_rgb":[1,1,1]}
188.710245	EXP	szo_kiir: text = "álomkór"
189.22577	EXP	szo_kiir: autoDraw = true
189.87896999999998	DATA	Keydown: ArrowRight
189.88951999999995	EXP	szo_kiir: autoDraw = false
189.88951999999995	EXP	szo_kiir: color = {"_rgb":[1,1,1]}
189.88951999999995	EXP	szo_kiir: text = "növetlenső"
190.40903500000013	EXP	szo_kiir: autoDraw = true
191.21392500000002	DATA	Keydown: ArrowLeft
191.23361	EXP	szo_kiir: autoDraw = false
191.23361	EXP	szo_kiir: color = {"_rgb":[1,1,1]}
191.23361	EXP	szo_kiir: text = "petkerhet"
191.74279500000011	EXP	szo_kiir: autoDraw = true
192.41234499999996	DATA	Keydown: ArrowLeft
192.42289500000015	EXP	szo_kiir: autoDraw = false
192.42289500000015	EXP	szo_kiir: color = {"_rgb":[1,1,1]}
192.42289500000015	EXP	szo_kiir: text = "bóbiskol"
192.94279000000006	EXP	szo_kiir: autoDraw = true
193.59348999999997	DATA	Keydown: ArrowRight
193.61595499999999	EXP	szo_kiir: autoDraw = false
193.61595499999999	EXP	szo_kiir: color = {"_rgb":[1,1,1]}
193.61595499999999	EXP	szo_kiir: text = "takácsmester"
194.12921000000006	EXP	szo_kiir: autoDraw = true
194.75961000000007	DATA	Keydown: ArrowRight
194.77479500000004	EXP	szo_kiir: autoDraw = false
194.77479500000004	EXP	szo_kiir: color = {"_rgb":[1,1,1]}
194.77479500000004	EXP	szo_kiir: text = "egérlyuk"
195.2971	EXP	szo_kiir: autoDraw = true
195.7824250000001	DATA	Keydown: ArrowRight
195.79840000000013	EXP	szo_kiir: autoDraw = false
195.79840000000013	EXP	szo_kiir: color = {"_rgb":[1,1,1]}
195.79840000000013	EXP	szo_kiir: text = "stósz"
196.31354499999998	EXP	szo_kiir: autoDraw = true
197.01001500000007	DATA	Keydown: ArrowRight
197.0247750000001	EXP	szo_kiir: autoDraw = false
197.0247750000001	EXP	szo_kiir: color = {"_rgb":[1,1,1]}
197.0247750000001	EXP	szo_kiir: text = "vigyó"
197.54570000000012	EXP	szo_kiir: autoDraw = true
198.20330000000013	DATA	Keydown: ArrowRight
198.20940500000006	EXP	szo_kiir: autoDraw = false
198.20940500000006	EXP	szo_kiir: color = {"_rgb":[1,1,1]}
198.20940500000006	EXP	szo_kiir: text = "verizmus"
198.73028	EXP	szo_kiir: autoDraw = true
199.97666	DATA	Keydown: ArrowLeft
199.99196000000006	EXP	szo_kiir: autoDraw = false
199.99196000000006	EXP	szo_kiir: color = {"_rgb":[1,1,1]}
199.99196000000006	EXP	szo_kiir: text = "arapapagáj"
200.51380500000005	EXP	szo_kiir: autoDraw = true
201.34153500000002	DATA	Keydown: ArrowRight
201.36706999999998	EXP	szo_kiir: autoDraw = false
201.36706999999998	EXP	szo_kiir: color = {"_rgb":[1,1,1]}
201.36706999999998	EXP	szo_kiir: text = "abszolútérték"
201.87859500000013	EXP	szo_kiir: autoDraw = true
202.59729000000016	DATA	Keydown: ArrowRight
202.60771999999997	EXP	szo_kiir: autoDraw = false
202.60771999999997	EXP	szo_kiir: color = {"_rgb":[1,1,1]}
202.60771999999997	EXP	szo_kiir: text = "gerencsér"
203.12881000000016	EXP	szo_kiir: autoDraw = true
203.87553500000013	DATA	Keydown: ArrowRight
203.910525	EXP	szo_kiir: autoDraw = false
203.910525	EXP	szo_kiir: color = {"_rgb":[1,1,1]}
203.910525	EXP	szo_kiir: text = "bizom"
204.42599500000006	EXP	szo_kiir: autoDraw = true
205.38025000000016	DATA	Keydown: ArrowLeft
205.38938499999995	EXP	szo_kiir: autoDraw = false
205.38938499999995	EXP	szo_kiir: color = {"_rgb":[1,1,1]}
205.38938499999995	EXP	szo_kiir: text = "paláver"
205.90923500000008	EXP	szo_kiir: autoDraw = true
206.78085499999997	DATA	Keydown: ArrowLeft
206.78944	EXP	szo_kiir: autoDraw = false
206.78944	EXP	szo_kiir: color = {"_rgb":[1,1,1]}
206.78944	EXP	szo_kiir: text = "dögönyöz"
207.30963999999994	EXP	szo_kiir: autoDraw = true
208.06517499999995	DATA	Keydown: ArrowRight
208.08084499999995	EXP	szo_kiir: autoDraw = false
208.08084499999995	EXP	szo_kiir: color = {"_rgb":[1,1,1]}
208.08084499999995	EXP	szo_kiir: text = "gór"
208.59535000000005	EXP	szo_kiir: autoDraw = true
209.4598350000001	DATA	Keydown: ArrowRight
209.47445500000003	EXP	szo_kiir: autoDraw = false
209.47445500000003	EXP	szo_kiir: color = {"_rgb":[1,1,1]}
209.47445500000003	EXP	szo_kiir: text = "hengerszimmetrikus"
210.0034250000001	EXP	szo_kiir: autoDraw = true
210.7928300000001	DATA	Keydown: ArrowRight
210.8281300000001	EXP	szo_kiir: autoDraw = false
210.8281300000001	EXP	szo_kiir: color = {"_rgb":[1,1,1]}
210.8281300000001	EXP	szo_kiir: text = "ráncosít"
211.3426300000001	EXP	szo_kiir: autoDraw = true
212.01453000000012	DATA	Keydown: ArrowRight
212.02304500000014	EXP	szo_kiir: autoDraw = false
212.02304500000014	EXP	szo_kiir: color = {"_rgb":[1,1,1]}
212.02304500000014	EXP	szo_kiir: text = "keltos"
212.54247499999997	EXP	szo_kiir: autoDraw = true
213.207445	DATA	Keydown: ArrowLeft
213.23122000000012	EXP	szo_kiir: autoDraw = false
213.23122000000012	EXP	szo_kiir: color = {"_rgb":[1,1,1]}
213.23122000000012	EXP	szo_kiir: text = "hangyabogáncs"
213.74360000000001	EXP	szo_kiir: autoDraw = true
214.94366000000014	DATA	Keydown: ArrowRight
214.95849999999996	EXP	szo_kiir: autoDraw = false
214.95849999999996	EXP	szo_kiir: color = {"_rgb":[1,1,1]}
214.95849999999996	EXP	szo_kiir: text = "abeti"
215.47936000000004	EXP	szo_kiir: autoDraw = true
216.09250500000007	DATA	Keydown: ArrowLeft
216.12344499999995	EXP	szo_kiir: autoDraw = false
216.12344499999995	EXP	szo_kiir: color = {"_rgb":[1,1,1]}
216.12344499999995	EXP	szo_kiir: text = "megpadék"
216.64253499999995	EXP	szo_kiir: autoDraw = true
217.45775000000003	DATA	Keydown: ArrowLeft
217.47263999999996	EXP	szo_kiir: autoDraw = false
217.47263999999996	EXP	szo_kiir: color = {"_rgb":[1,1,1]}
217.47263999999996	EXP	szo_kiir: text = "portalanít"
217.99598500000002	EXP	szo_kiir: autoDraw = true
218.69315500000016	DATA	Keydown: ArrowRight
218.73276499999997	EXP	szo_kiir: autoDraw = false
218.73276499999997	EXP	szo_kiir: color = {"_rgb":[1,1,1]}
218.73276499999997	EXP	szo_kiir: text = "silabizál"
219.2489700000001	EXP	szo_kiir: autoDraw = true
220.35911499999997	DATA	Keydown: ArrowRight
220.37433499999997	EXP	szo_kiir: autoDraw = false
220.37433499999997	EXP	szo_kiir: color = {"_rgb":[1,1,1]}
220.37433499999997	EXP	szo_kiir: text = "pósfalmár"
220.89764000000014	EXP	szo_kiir: autoDraw = true
221.72482000000014	DATA	Keydown: ArrowLeft
221.74997000000008	EXP	szo_kiir: autoDraw = false
221.74997000000008	EXP	szo_kiir: color = {"_rgb":[1,1,1]}
221.74997000000008	EXP	szo_kiir: text = "védővámrendszer"
222.26081999999997	EXP	szo_kiir: autoDraw = true
224.18413499999997	DATA	Keydown: ArrowRight
224.19087000000013	EXP	szo_kiir: autoDraw = false
224.19087000000013	EXP	szo_kiir: color = {"_rgb":[1,1,1]}
224.19087000000013	EXP	szo_kiir: text = "igásjószág"
224.71225000000004	EXP	szo_kiir: autoDraw = true
225.41948999999997	DATA	Keydown: ArrowLeft
225.42490500000008	EXP	szo_kiir: autoDraw = false
225.42490500000008	EXP	szo_kiir: color = {"_rgb":[1,1,1]}
225.42490500000008	EXP	szo_kiir: text = "tokosodik"
225.94534	EXP	szo_kiir: autoDraw = true
226.98126000000002	DATA	Keydown: ArrowRight
227.01151500000014	EXP	szo_kiir: autoDraw = false
227.01151500000014	EXP	szo_kiir: color = {"_rgb":[1,1,1]}
227.01151500000014	EXP	szo_kiir: text = "isminchegy"
227.53020000000015	EXP	szo_kiir: autoDraw = true
228.38014500000008	DATA	Keydown: ArrowLeft
228.39160000000015	EXP	szo_kiir: autoDraw = false
228.39160000000015	EXP	szo_kiir: color = {"_rgb":[1,1,1]}
228.39160000000015	EXP	szo_kiir: text = "donhuán"
228.91290500000014	EXP	szo_kiir: autoDraw = true
230.258145	DATA	Keydown: ArrowRight
230.28395	EXP	szo_kiir: autoDraw = false
230.28395	EXP	szo_kiir: color = {"_rgb":[1,1,1]}
230.28395	EXP	szo_kiir: text = "sűrítható"
230.79270500000007	EXP	szo_kiir: autoDraw = true
232.15768500000013	DATA	Keydown: ArrowLeft
232.1729600000001	EXP	szo_kiir: autoDraw = false
232.1729600000001	EXP	szo_kiir: color = {"_rgb":[1,1,1]}
232.1729600000001	EXP	szo_kiir: text = "hasonértékű"
232.69304499999998	EXP	szo_kiir: autoDraw = true
234.25151000000005	DATA	Keydown: ArrowLeft
234.2563600000001	EXP	szo_kiir: autoDraw = false
234.2563600000001	EXP	szo_kiir: color = {"_rgb":[1,1,1]}
234.2563600000001	EXP	szo_kiir: text = "katéterez"
234.77612	EXP	szo_kiir: autoDraw = true
235.7112850000001	DATA	Keydown: ArrowRight
235.736805	EXP	szo_kiir: autoDraw = false
235.736805	EXP	szo_kiir: color = {"_rgb":[1,1,1]}
235.736805	EXP	szo_kiir: text = "őrint"
236.24312499999996	EXP	szo_kiir: autoDraw = true
237.07435499999997	DATA	Keydown: ArrowLeft
237.09041000000002	EXP	szo_kiir: autoDraw = false
237.09041000000002	EXP	szo_kiir: color = {"_rgb":[1,1,1]}
237.09041000000002	EXP	szo_kiir: text = "frakcionál"
237.6119450000001	EXP	szo_kiir: autoDraw = true
238.82916	DATA	Keydown: ArrowRight
238.84918500000003	EXP	szo_kiir: autoDraw = false
238.84918500000003	EXP	szo_kiir: color = {"_rgb":[1,1,1]}
238.84918500000003	EXP	szo_kiir: text = "ultatlados"
239.36245499999995	EXP	szo_kiir: autoDraw = true
240.29369500000004	DATA	Keydown: ArrowLeft
240.30826000000002	EXP	szo_kiir: autoDraw = false
240.30826000000002	EXP	szo_kiir: color = {"_rgb":[1,1,1]}
240.30826000000002	EXP	szo_kiir: text = "dévánkozik"
240.82953500000008	EXP	szo_kiir: autoDraw = true
241.70939999999996	DATA	Keydown: ArrowLeft
241.72481500000004	EXP	szo_kiir: autoDraw = false
241.72481500000004	EXP	szo_kiir: color = {"_rgb":[1,1,1]}
241.72481500000004	EXP	szo_kiir: text = "fotoszenzibilis"
242.24632500000007	EXP	szo_kiir: autoDraw = true
243.526075	DATA	Keydown: ArrowRight
243.56252500000005	EXP	szo_kiir: autoDraw = false
243.56252500000005	EXP	szo_kiir: color = {"_rgb":[1,1,1]}
243.56252500000005	EXP	szo_kiir: text = "embertelenedik"
244.07852000000003	EXP	szo_kiir: autoDraw = true
244.8072400000001	DATA	Keydown: ArrowRight
244.82305500000007	EXP	szo_kiir: autoDraw = false
244.82305500000007	EXP	szo_kiir: color = {"_rgb":[1,1,1]}
244.82305500000007	EXP	szo_kiir: text = "kendőr"
245.34250999999995	EXP	szo_kiir: autoDraw = true
246.34406000000013	DATA	Keydown: ArrowLeft
246.36548000000013	EXP	szo_kiir: autoDraw = false
246.36548000000013	EXP	szo_kiir: color = {"_rgb":[1,1,1]}
246.36548000000013	EXP	szo_kiir: text = "elcsigázódik"
246.8790550000001	EXP	szo_kiir: autoDraw = true
247.96254	DATA	Keydown: ArrowRight
247.97461500000009	EXP	szo_kiir: autoDraw = false
247.97461500000009	EXP	szo_kiir: color = {"_rgb":[1,1,1]}
247.97461500000009	EXP	szo_kiir: text = "bárányfark"
248.496445	EXP	szo_kiir: autoDraw = true
249.80939000000012	DATA	Keydown: ArrowRight
249.8426750000001	EXP	szo_kiir: autoDraw = false
249.8426750000001	EXP	szo_kiir: color = {"_rgb":[1,1,1]}
249.8426750000001	EXP	szo_kiir: text = "periodogram"
250.35911499999997	EXP	szo_kiir: autoDraw = true
251.69287000000008	DATA	Keydown: ArrowLeft
251.70785999999998	EXP	szo_kiir: autoDraw = false
251.70785999999998	EXP	szo_kiir: color = {"_rgb":[1,1,1]}
251.70785999999998	EXP	szo_kiir: text = "nyüzsgölődik"
252.2266850000001	EXP	szo_kiir: autoDraw = true
253.3074200000001	DATA	Keydown: ArrowRight
253.32316500000002	EXP	szo_kiir: autoDraw = false
253.32316500000002	EXP	szo_kiir: color = {"_rgb":[1,1,1]}
253.32316500000002	EXP	szo_kiir: text = "polcol"
253.84635000000003	EXP	szo_kiir: autoDraw = true
254.5141900000001	DATA	Keydown: ArrowRight
254.55103000000008	EXP	szo_kiir: autoDraw = false
254.55103000000008	EXP	szo_kiir: color = {"_rgb":[1,1,1]}
254.55103000000008	EXP	szo_kiir: text = "anzágol"
255.05915500000015	EXP	szo_kiir: autoDraw = true
255.79182500000002	DATA	Keydown: ArrowLeft
255.80637000000002	EXP	szo_kiir: autoDraw = false
255.80637000000002	EXP	szo_kiir: color = {"_rgb":[1,1,1]}
255.80637000000002	EXP	szo_kiir: text = "antikommutatív"
256.3262300000001	EXP	szo_kiir: autoDraw = true
257.46247000000017	DATA	Keydown: ArrowRight
257.47301500000003	EXP	szo_kiir: autoDraw = false
257.47301500000003	EXP	szo_kiir: color = {"_rgb":[1,1,1]}
257.47301500000003	EXP	szo_kiir: text = "tartáló"
257.99277000000006	EXP	szo_kiir: autoDraw = true
259.1355900000001	DATA	Keydown: ArrowLeft
259.14977	EXP	szo_kiir: autoDraw = false
259.14977	EXP	szo_kiir: color = {"_rgb":[1,1,1]}
259.14977	EXP	szo_kiir: text = "ószeven"
259.66334500000016	EXP	szo_kiir: autoDraw = true
260.29320499999994	DATA	Keydown: ArrowLeft
260.30842499999994	EXP	szo_kiir: autoDraw = false
260.30842499999994	EXP	szo_kiir: color = {"_rgb":[1,1,1]}
260.30842499999994	EXP	szo_kiir: text = "diszkretizál"
260.82954500000005	EXP	szo_kiir: autoDraw = true
261.59202500000015	DATA	Keydown: ArrowRight
261.61553500000014	EXP	szo_kiir: autoDraw = false
261.61553500000014	EXP	szo_kiir: color = {"_rgb":[1,1,1]}
261.61553500000014	EXP	szo_kiir: text = "díszletez"
262.12699	EXP	szo_kiir: autoDraw = true
262.85740499999997	DATA	Keydown: ArrowRight
262.87368000000015	EXP	szo_kiir: autoDraw = false
262.87368000000015	EXP	szo_kiir: color = {"_rgb":[1,1,1]}
262.87368000000015	EXP	szo_kiir: text = "degusztál"
263.39700500000004	EXP	szo_kiir: autoDraw = true
264.359825	DATA	Keydown: ArrowRight
264.38962000000015	EXP	szo_kiir: autoDraw = false
264.38962000000015	EXP	koszi_szoveg: autoDraw = true
265.3255300000001	DATA	Keydown: ArrowRight
266.79493	DATA	Mouse: 0 button down, pos=(418,369)
266.94554000000016	DATA	Mouse: 0 button down, pos=(418,369)
