0.22569500003010035	EXP	Created Window = Window( name=Window, fullscr=true, color=#000000, units=norm, waitBlanking=true, autoLog=true, size=[1536,730] )
2.9792900001630187	DATA	Keydown: 1
3.1159200000111014	DATA	Keydown: 2
3.2958450000733137	DATA	Keydown: 0
4.280620000092313	DATA	Keydown: 6
5.179570000153035	DATA	Keydown: Tab
6.477590000024065	DATA	Keydown: n
6.905495000071824	DATA	Keydown: ő
7.76191999996081	DATA	Keydown: Tab
8.537715000100434	DATA	Keydown: 1
8.735800000140443	DATA	Keydown: 9
8.903715000022203	DATA	Keydown: 9
9.066145000047982	DATA	Keydown: 9
9.809445000020787	DATA	Keydown: Tab
12.047664999961853	DATA	Keydown: 1
12.259235000004992	DATA	Keydown: 3
36.95354500017129	EXP	Created instruction_text1 = TextStim( name=instruction_text1, win=Window( name=Window, fullscr=true, color=#000000, ~), autoDraw=null, autoLog=true, units=norm, ori=null, opacity=1, pos=[0,0], size=undefined, text=Ön most szavakat fog látni.

Ezek között lesznek o~, font=Arial, color=#ffffff, contrast=1, height=0.05, bold=null, italic=null, alignHoriz=left, alignVert=center, wrapWidth=1, flipHoriz=null, flipVert=null )
36.956250000046566	EXP	Created instruction_text2 = TextStim( name=instruction_text2, win=Window( name=Window, fullscr=true, color=#000000, ~), autoDraw=null, autoLog=true, units=norm, ori=null, opacity=1, pos=[0,0], size=undefined, text=Először két egyszerű példát mutatunk Önnek.

Az el~, font=Arial, color=#FFFFFF, contrast=1, height=0.05, bold=null, italic=null, alignHoriz=left, alignVert=center, wrapWidth=1, flipHoriz=null, flipVert=null )
36.95814500004053	EXP	Created show_text = TextStim( name=show_text, win=Window( name=Window, fullscr=true, color=#000000, ~), autoDraw=null, autoLog=true, units=norm, ori=null, opacity=1, pos=[0,0], size=undefined, text=asztal, font=Arial, color=#FFFFFF, contrast=1, height=0.2, bold=null, italic=null, alignHoriz=left, alignVert=center, wrapWidth=1, flipHoriz=null, flipVert=null )
36.959870000137016	EXP	Created text = TextStim( name=text, win=Window( name=Window, fullscr=true, color=#000000, ~), autoDraw=null, autoLog=true, units=norm, ori=null, opacity=1, pos=[0,0], size=undefined, text=bzsmfsztal, font=Arial, color=#FFFFFF, contrast=1, height=0.2, bold=null, italic=null, alignHoriz=left, alignVert=center, wrapWidth=1, flipHoriz=null, flipVert=null )
36.961475000018254	EXP	Created instruction_text3 = TextStim( name=instruction_text3, win=Window( name=Window, fullscr=true, color=#000000, ~), autoDraw=null, autoLog=true, units=norm, ori=null, opacity=1, pos=[0,0], size=undefined, text=Pazar. Most kezdődik az igazi kísérlet. Néhány per~, font=Arial, color=#FFFFFF, contrast=1, height=0.1, bold=null, italic=null, alignHoriz=left, alignVert=center, wrapWidth=1, flipHoriz=null, flipVert=null )
36.96296499995515	EXP	Created szo_kiir = TextStim( name=szo_kiir, win=Window( name=Window, fullscr=true, color=#000000, ~), autoDraw=null, autoLog=true, units=norm, ori=null, opacity=1, pos=[0,0], size=undefined, text=default text, font=Arial, color=#FFFFFF, contrast=1, height=0.2, bold=null, italic=null, alignHoriz=left, alignVert=center, wrapWidth=1, flipHoriz=null, flipVert=null )
36.964630000060424	EXP	Created koszi_szoveg = TextStim( name=koszi_szoveg, win=Window( name=Window, fullscr=true, color=#000000, ~), autoDraw=null, autoLog=true, units=norm, ori=null, opacity=1, pos=[0,0], size=undefined, text=Vége a kísérletnek. Köszönjük a részvételt!, font=arial, color=#ffffff, contrast=1, height=0.1, bold=null, italic=null, alignHoriz=left, alignVert=center, wrapWidth=1, flipHoriz=null, flipVert=null )
37.23999000014737	EXP	instruction_text1: units = "norm"
37.23999000014737	EXP	instruction_text1: ori = 0
37.23999000014737	EXP	instruction_text1: opacity = 1
37.23999000014737	EXP	instruction_text1: pos = [0,0]
37.23999000014737	EXP	instruction_text1: size = undefined
37.23999000014737	EXP	instruction_text1: text = "Ön most szavakat fog látni.\n\nEzek között lesznek olyanok, amelyeket ismer, de előfordulhatnak olyanok is, amelyeket nem ismer, sőt, vannak köztük kitalált szavak is. \n\nKérjük, ha ismeri a képernyőn látható szót, nyomja meg a JOBB kurzorbillentyűt.\nKérjük, ha NEM ismeri a képernyőn látható szót, vagy azt gondolja, nincs ilyen szó a magyarban, nyomja meg a BAL kurzorbillentyűt.\n\nAz 'Ismerem a szót' döntés itt most ezt jelenti: találkoztam már vele, és van valami elképzelésem a jelentéséről is.  \n\nNyomjon meg bármilyen billentyűt a folytatáshoz."
37.23999000014737	EXP	instruction_text1: font = "Arial"
37.23999000014737	EXP	instruction_text1: color = {"_rgb":[1,1,1]}
37.23999000014737	EXP	instruction_text1: contrast = 1
37.23999000014737	EXP	instruction_text1: height = 0.05
37.23999000014737	EXP	instruction_text1: bold = false
37.23999000014737	EXP	instruction_text1: italic = false
37.23999000014737	EXP	instruction_text1: alignHoriz = "left"
37.23999000014737	EXP	instruction_text1: alignVert = "center"
37.23999000014737	EXP	instruction_text1: wrapWidth = 1
37.23999000014737	EXP	instruction_text1: flipHoriz = false
37.23999000014737	EXP	instruction_text1: flipVert = false
37.23999000014737	EXP	instruction_text2: units = "norm"
37.23999000014737	EXP	instruction_text2: ori = 0
37.23999000014737	EXP	instruction_text2: opacity = 1
37.23999000014737	EXP	instruction_text2: pos = [0,0]
37.23999000014737	EXP	instruction_text2: size = undefined
37.23999000014737	EXP	instruction_text2: text = "Először két egyszerű példát mutatunk Önnek.\n\nAz első szó létezik a magyarban, és valószínűleg Ön is ismeri. Itt nyomja majd meg a jobb kurzorbillentyűt.\nA második szó nem létezik a magyar nyelvben. Itt nyomja majd meg a bal kurzorbillentyűt.\n\nFontos, hogy a jobb gombot a jobb kezével, a bal gombot a bal kezével nyomja, ha tudja, és ne egy kezét használja a kísérletben.\n\nNyomjon meg bármilyen gombot a folytatáshoz."
37.23999000014737	EXP	instruction_text2: font = "Arial"
37.23999000014737	EXP	instruction_text2: color = {"_hex":"#FFFFFF","_rgb":[1,1,1]}
37.23999000014737	EXP	instruction_text2: contrast = 1
37.23999000014737	EXP	instruction_text2: height = 0.05
37.23999000014737	EXP	instruction_text2: bold = false
37.23999000014737	EXP	instruction_text2: italic = false
37.23999000014737	EXP	instruction_text2: alignHoriz = "left"
37.23999000014737	EXP	instruction_text2: alignVert = "center"
37.23999000014737	EXP	instruction_text2: wrapWidth = 1
37.23999000014737	EXP	instruction_text2: flipHoriz = false
37.23999000014737	EXP	instruction_text2: flipVert = false
37.23999000014737	EXP	show_text: units = "norm"
37.23999000014737	EXP	show_text: ori = 0
37.23999000014737	EXP	show_text: opacity = 1
37.23999000014737	EXP	show_text: pos = [0,0]
37.23999000014737	EXP	show_text: size = undefined
37.23999000014737	EXP	show_text: text = "asztal"
37.23999000014737	EXP	show_text: font = "Arial"
37.23999000014737	EXP	show_text: color = {"_hex":"#FFFFFF","_rgb":[1,1,1]}
37.23999000014737	EXP	show_text: contrast = 1
37.23999000014737	EXP	show_text: height = 0.2
37.23999000014737	EXP	show_text: bold = false
37.23999000014737	EXP	show_text: italic = false
37.23999000014737	EXP	show_text: alignHoriz = "left"
37.23999000014737	EXP	show_text: alignVert = "center"
37.23999000014737	EXP	show_text: wrapWidth = 1
37.23999000014737	EXP	show_text: flipHoriz = false
37.23999000014737	EXP	show_text: flipVert = false
37.23999000014737	EXP	text: units = "norm"
37.23999000014737	EXP	text: ori = 0
37.23999000014737	EXP	text: opacity = 1
37.23999000014737	EXP	text: pos = [0,0]
37.23999000014737	EXP	text: size = undefined
37.23999000014737	EXP	text: text = "bzsmfsztal"
37.23999000014737	EXP	text: font = "Arial"
37.23999000014737	EXP	text: color = {"_hex":"#FFFFFF","_rgb":[1,1,1]}
37.23999000014737	EXP	text: contrast = 1
37.23999000014737	EXP	text: height = 0.2
37.23999000014737	EXP	text: bold = false
37.23999000014737	EXP	text: italic = false
37.23999000014737	EXP	text: alignHoriz = "left"
37.23999000014737	EXP	text: alignVert = "center"
37.23999000014737	EXP	text: wrapWidth = 1
37.23999000014737	EXP	text: flipHoriz = false
37.23999000014737	EXP	text: flipVert = false
37.23999000014737	EXP	instruction_text3: units = "norm"
37.23999000014737	EXP	instruction_text3: ori = 0
37.23999000014737	EXP	instruction_text3: opacity = 1
37.23999000014737	EXP	instruction_text3: pos = [0,0]
37.23999000014737	EXP	instruction_text3: size = undefined
37.23999000014737	EXP	instruction_text3: text = "Pazar. Most kezdődik az igazi kísérlet. Néhány percig fog tartani. Nem kell nagyon sietnie, de igyekezzen gyorsan válaszolni.\n\nNe feledje, ha tudja, a jobb gombot a jobbkezével, a bal gombot a balkezével nyomja le.\n\nNyomjon meg bármilyen gombot a folytatáshoz."
37.23999000014737	EXP	instruction_text3: font = "Arial"
37.23999000014737	EXP	instruction_text3: color = {"_hex":"#FFFFFF","_rgb":[1,1,1]}
37.23999000014737	EXP	instruction_text3: contrast = 1
37.23999000014737	EXP	instruction_text3: height = 0.1
37.23999000014737	EXP	instruction_text3: bold = false
37.23999000014737	EXP	instruction_text3: italic = false
37.23999000014737	EXP	instruction_text3: alignHoriz = "left"
37.23999000014737	EXP	instruction_text3: alignVert = "center"
37.23999000014737	EXP	instruction_text3: wrapWidth = 1
37.23999000014737	EXP	instruction_text3: flipHoriz = false
37.23999000014737	EXP	instruction_text3: flipVert = false
37.23999000014737	EXP	szo_kiir: units = "norm"
37.23999000014737	EXP	szo_kiir: ori = 0
37.23999000014737	EXP	szo_kiir: opacity = 1
37.23999000014737	EXP	szo_kiir: pos = [0,0]
37.23999000014737	EXP	szo_kiir: size = undefined
37.23999000014737	EXP	szo_kiir: text = "default text"
37.23999000014737	EXP	szo_kiir: font = "Arial"
37.23999000014737	EXP	szo_kiir: color = {"_hex":"#FFFFFF","_rgb":[1,1,1]}
37.23999000014737	EXP	szo_kiir: contrast = 1
37.23999000014737	EXP	szo_kiir: height = 0.2
37.23999000014737	EXP	szo_kiir: bold = false
37.23999000014737	EXP	szo_kiir: italic = false
37.23999000014737	EXP	szo_kiir: alignHoriz = "left"
37.23999000014737	EXP	szo_kiir: alignVert = "center"
37.23999000014737	EXP	szo_kiir: wrapWidth = 1
37.23999000014737	EXP	szo_kiir: flipHoriz = false
37.23999000014737	EXP	szo_kiir: flipVert = false
37.23999000014737	EXP	koszi_szoveg: units = "norm"
37.23999000014737	EXP	koszi_szoveg: ori = 0
37.23999000014737	EXP	koszi_szoveg: opacity = 1
37.23999000014737	EXP	koszi_szoveg: pos = [0,0]
37.23999000014737	EXP	koszi_szoveg: size = undefined
37.23999000014737	EXP	koszi_szoveg: text = "Vége a kísérletnek. Köszönjük a részvételt!"
37.23999000014737	EXP	koszi_szoveg: font = "arial"
37.23999000014737	EXP	koszi_szoveg: color = {"_rgb":[1,1,1]}
37.23999000014737	EXP	koszi_szoveg: contrast = 1
37.23999000014737	EXP	koszi_szoveg: height = 0.1
37.23999000014737	EXP	koszi_szoveg: bold = false
37.23999000014737	EXP	koszi_szoveg: italic = false
37.23999000014737	EXP	koszi_szoveg: alignHoriz = "left"
37.23999000014737	EXP	koszi_szoveg: alignVert = "center"
37.23999000014737	EXP	koszi_szoveg: wrapWidth = 1
37.23999000014737	EXP	koszi_szoveg: flipHoriz = false
37.23999000014737	EXP	koszi_szoveg: flipVert = false
37.23999000014737	EXP	instruction_text1: autoDraw = true
76.03564000013284	DATA	Keydown:  
76.0824750000611	EXP	instruction_text1: autoDraw = false
76.0824750000611	EXP	instruction_text2: autoDraw = true
89.84524000016972	DATA	Keydown:  
89.86007499997504	EXP	instruction_text2: autoDraw = false
90.4152250001207	EXP	show_text: autoDraw = true
95.91382999997586	DATA	Mouse: 2 button down, pos=(818.4000121951103,486.4000072479248)
96.0551549999509	DATA	Mouse: 2 button down, pos=(818.4000121951103,486.4000072479248)
96.60831000003964	DATA	Mouse: 2 button down, pos=(848.8000126481056,356.0000053048134)
96.74751000013202	DATA	Mouse: 2 button down, pos=(821.600012242794,365.60000544786453)
97.25742999999784	DATA	Mouse: 2 button down, pos=(736.8000109791756,505.6000075340271)
97.37728500016965	DATA	Mouse: 2 button down, pos=(735.2000109553337,507.20000755786896)
99.16737000015564	DATA	Mouse: 0 button down, pos=(696.8000103831291,440.0000065565109)
99.3591599999927	DATA	Mouse: 0 button down, pos=(697.6000592231758,440.80000656843185)
99.70070499996655	DATA	Mouse: 2 button down, pos=(697.6000592231758,440.80000656843185)
99.85646499996074	DATA	Mouse: 2 button down, pos=(697.6000592231758,440.80000656843185)
101.21862000017427	DATA	Mouse: 0 button down, pos=(648.8000096678734,413.60000616312027)
101.39020000002347	DATA	Mouse: 0 button down, pos=(649.60005850792,415.2000061869621)
101.59076000005007	DATA	Keydown: ArrowRight
101.60597499995492	EXP	show_text: autoDraw = false
102.13538500014693	EXP	text: autoDraw = true
103.6100200000219	DATA	Keydown: ArrowLeft
103.72363000013866	EXP	text: autoDraw = false
103.72363000013866	EXP	instruction_text3: autoDraw = true
116.88465500017628	DATA	Mouse: 2 button down, pos=(175.20000261068344,345.6000051498413)
117.032050000038	DATA	Mouse: 2 button down, pos=(175.20000261068344,345.6000051498413)
118.06673000007868	DATA	Mouse: 0 button down, pos=(174.40001480579394,344.80002955198324)
121.20399500010535	DATA	Mouse: 0 button down, pos=(174.40001480579394,345.6000051498413)
121.9064350000117	DATA	Keydown:  
122.05076000001281	EXP	instruction_text3: autoDraw = false
122.05076000001281	EXP	szo_kiir: color = {"_rgb":[1,1,1]}
122.05076000001281	EXP	szo_kiir: text = "tartozik"
122.57993000000715	EXP	szo_kiir: autoDraw = true
123.42789499997161	DATA	Keydown: ArrowRight
123.43516000011005	EXP	szo_kiir: autoDraw = false
123.43516000011005	EXP	szo_kiir: color = {"_rgb":[1,1,1]}
123.43516000011005	EXP	szo_kiir: text = "pirodáló"
123.96356500010006	EXP	szo_kiir: autoDraw = true
126.19782999996096	DATA	Keydown: ArrowLeft
126.2799450000748	EXP	szo_kiir: autoDraw = false
126.2799450000748	EXP	szo_kiir: color = {"_rgb":[1,1,1]}
126.2799450000748	EXP	szo_kiir: text = "priváló"
126.80421500001103	EXP	szo_kiir: autoDraw = true
129.01119500002824	DATA	Keydown: ArrowLeft
129.02518999995664	EXP	szo_kiir: autoDraw = false
129.02518999995664	EXP	szo_kiir: color = {"_rgb":[1,1,1]}
129.02518999995664	EXP	szo_kiir: text = "rész"
129.5556350001134	EXP	szo_kiir: autoDraw = true
130.2088099999819	DATA	Keydown: ArrowRight
130.25964500010014	EXP	szo_kiir: autoDraw = false
130.25964500010014	EXP	szo_kiir: color = {"_rgb":[1,1,1]}
130.25964500010014	EXP	szo_kiir: text = "perilita"
130.78249500016682	EXP	szo_kiir: autoDraw = true
132.51106000016443	DATA	Keydown: ArrowLeft
132.51699499995448	EXP	szo_kiir: autoDraw = false
132.51699499995448	EXP	szo_kiir: color = {"_rgb":[1,1,1]}
132.51699499995448	EXP	szo_kiir: text = "esemény"
133.0446650001686	EXP	szo_kiir: autoDraw = true
133.76823000004515	DATA	Keydown: ArrowRight
133.8423850000836	EXP	szo_kiir: autoDraw = false
133.8423850000836	EXP	szo_kiir: color = {"_rgb":[1,1,1]}
133.8423850000836	EXP	szo_kiir: text = "fény"
134.35272000008263	EXP	szo_kiir: autoDraw = true
134.9013350000605	DATA	Keydown: ArrowRight
134.91399000003003	EXP	szo_kiir: autoDraw = false
134.91399000003003	EXP	szo_kiir: color = {"_rgb":[1,1,1]}
134.91399000003003	EXP	szo_kiir: text = "népszerű"
135.44026500009932	EXP	szo_kiir: autoDraw = true
136.10229000006802	DATA	Keydown: ArrowRight
136.12872999999672	EXP	szo_kiir: autoDraw = false
136.12872999999672	EXP	szo_kiir: color = {"_rgb":[1,1,1]}
136.12872999999672	EXP	szo_kiir: text = "szakáj"
136.65113500016741	EXP	szo_kiir: autoDraw = true
138.7281550001353	DATA	Keydown: ArrowLeft
138.7415350000374	EXP	szo_kiir: autoDraw = false
138.7415350000374	EXP	szo_kiir: color = {"_rgb":[1,1,1]}
138.7415350000374	EXP	szo_kiir: text = "mond"
139.2645499999635	EXP	szo_kiir: autoDraw = true
139.91045000008307	DATA	Keydown: ArrowRight
139.94269000017084	EXP	szo_kiir: autoDraw = false
139.94269000017084	EXP	szo_kiir: color = {"_rgb":[1,1,1]}
139.94269000017084	EXP	szo_kiir: text = "mobil"
140.45828999998048	EXP	szo_kiir: autoDraw = true
140.9819650000427	DATA	Keydown: ArrowRight
140.98754000011832	EXP	szo_kiir: autoDraw = false
140.98754000011832	EXP	szo_kiir: color = {"_rgb":[1,1,1]}
140.98754000011832	EXP	szo_kiir: text = "hézhet"
141.51029000012204	EXP	szo_kiir: autoDraw = true
142.47966499999166	DATA	Keydown: ArrowLeft
142.5279449999798	EXP	szo_kiir: autoDraw = false
142.5279449999798	EXP	szo_kiir: color = {"_rgb":[1,1,1]}
142.5279449999798	EXP	szo_kiir: text = "vagyon"
143.04072000016458	EXP	szo_kiir: autoDraw = true
143.56713000009768	DATA	Keydown: ArrowRight
143.58225500001572	EXP	szo_kiir: autoDraw = false
143.58225500001572	EXP	szo_kiir: color = {"_rgb":[1,1,1]}
143.58225500001572	EXP	szo_kiir: text = "kér"
144.1023850000929	EXP	szo_kiir: autoDraw = true
144.72014500014484	DATA	Keydown: ArrowRight
144.76099000009708	EXP	szo_kiir: autoDraw = false
144.76099000009708	EXP	szo_kiir: color = {"_rgb":[1,1,1]}
144.76099000009708	EXP	szo_kiir: text = "eredményez"
145.28636500006542	EXP	szo_kiir: autoDraw = true
145.9483650000766	DATA	Keydown: ArrowRight
145.96215000003576	EXP	szo_kiir: autoDraw = false
145.96215000003576	EXP	szo_kiir: color = {"_rgb":[1,1,1]}
145.96215000003576	EXP	szo_kiir: text = "érzéketít"
146.48515500011854	EXP	szo_kiir: autoDraw = true
148.55850000004284	DATA	Keydown: ArrowLeft
148.59394500008784	EXP	szo_kiir: autoDraw = false
148.59394500008784	EXP	szo_kiir: color = {"_rgb":[1,1,1]}
148.59394500008784	EXP	szo_kiir: text = "nagyméretű"
149.10930999997072	EXP	szo_kiir: autoDraw = true
150.04435000009835	DATA	Keydown: ArrowRight
150.05302500003017	EXP	szo_kiir: autoDraw = false
150.05302500003017	EXP	szo_kiir: color = {"_rgb":[1,1,1]}
150.05302500003017	EXP	szo_kiir: text = "különbözik"
150.57798000006005	EXP	szo_kiir: autoDraw = true
151.2899800001178	DATA	Keydown: ArrowRight
151.32114500016905	EXP	szo_kiir: autoDraw = false
151.32114500016905	EXP	szo_kiir: color = {"_rgb":[1,1,1]}
151.32114500016905	EXP	szo_kiir: text = "rák"
151.83841500012204	EXP	szo_kiir: autoDraw = true
152.2894699999597	DATA	Keydown: ArrowRight
152.29937000013888	EXP	szo_kiir: autoDraw = false
152.29937000013888	EXP	szo_kiir: color = {"_rgb":[1,1,1]}
152.29937000013888	EXP	szo_kiir: text = "repülőgép"
152.82248500012793	EXP	szo_kiir: autoDraw = true
153.632545000175	DATA	Keydown: ArrowRight
153.6663000001572	EXP	szo_kiir: autoDraw = false
153.6663000001572	EXP	szo_kiir: color = {"_rgb":[1,1,1]}
153.6663000001572	EXP	szo_kiir: text = "amoz"
154.18498999997973	EXP	szo_kiir: autoDraw = true
154.80446000001393	DATA	Keydown: ArrowLeft
154.8124100000132	EXP	szo_kiir: autoDraw = false
154.8124100000132	EXP	szo_kiir: color = {"_rgb":[1,1,1]}
154.8124100000132	EXP	szo_kiir: text = "gyóka"
155.33472499996424	EXP	szo_kiir: autoDraw = true
156.32247500005178	DATA	Keydown: ArrowLeft
156.34441000013612	EXP	szo_kiir: autoDraw = false
156.34441000013612	EXP	szo_kiir: color = {"_rgb":[1,1,1]}
156.34441000013612	EXP	szo_kiir: text = "alanító"
156.86361000011675	EXP	szo_kiir: autoDraw = true
157.84536000015214	DATA	Keydown: ArrowLeft
157.85861500003375	EXP	szo_kiir: autoDraw = false
157.85861500003375	EXP	szo_kiir: color = {"_rgb":[1,1,1]}
157.85861500003375	EXP	szo_kiir: text = "homok"
158.3799350000918	EXP	szo_kiir: autoDraw = true
158.96242500003427	DATA	Keydown: ArrowRight
158.98875000001863	EXP	szo_kiir: autoDraw = false
158.98875000001863	EXP	szo_kiir: color = {"_rgb":[1,1,1]}
158.98875000001863	EXP	szo_kiir: text = "kilogramm"
159.51292999996804	EXP	szo_kiir: autoDraw = true
160.261785000097	DATA	Keydown: ArrowRight
160.27340500010177	EXP	szo_kiir: autoDraw = false
160.27340500010177	EXP	szo_kiir: color = {"_rgb":[1,1,1]}
160.27340500010177	EXP	szo_kiir: text = "dohorpák"
160.79133999999613	EXP	szo_kiir: autoDraw = true
162.1019250000827	DATA	Keydown: ArrowLeft
162.13224499998614	EXP	szo_kiir: autoDraw = false
162.13224499998614	EXP	szo_kiir: color = {"_rgb":[1,1,1]}
162.13224499998614	EXP	szo_kiir: text = "hider"
162.65442000003532	EXP	szo_kiir: autoDraw = true
163.32168000005186	DATA	Keydown: ArrowLeft
163.33126999996603	EXP	szo_kiir: autoDraw = false
163.33126999996603	EXP	szo_kiir: color = {"_rgb":[1,1,1]}
163.33126999996603	EXP	szo_kiir: text = "cirkusz"
163.86499000014737	EXP	szo_kiir: autoDraw = true
164.3653550001327	DATA	Keydown: ArrowRight
164.39777000015602	EXP	szo_kiir: autoDraw = false
164.39777000015602	EXP	szo_kiir: color = {"_rgb":[1,1,1]}
164.39777000015602	EXP	szo_kiir: text = "régész"
164.9158550000284	EXP	szo_kiir: autoDraw = true
165.52870999998413	DATA	Keydown: ArrowRight
165.54482499998994	EXP	szo_kiir: autoDraw = false
165.54482499998994	EXP	szo_kiir: color = {"_rgb":[1,1,1]}
165.54482499998994	EXP	szo_kiir: text = "puharmes"
166.06493500014767	EXP	szo_kiir: autoDraw = true
166.98154500010423	DATA	Keydown: ArrowLeft
167.01237999997102	EXP	szo_kiir: autoDraw = false
167.01237999997102	EXP	szo_kiir: color = {"_rgb":[1,1,1]}
167.01237999997102	EXP	szo_kiir: text = "kabin"
167.52731000003405	EXP	szo_kiir: autoDraw = true
169.5379050001502	DATA	Keydown: ArrowRight
169.5527600001078	EXP	szo_kiir: autoDraw = false
169.5527600001078	EXP	szo_kiir: color = {"_rgb":[1,1,1]}
169.5527600001078	EXP	szo_kiir: text = "közhely"
170.07226000004448	EXP	szo_kiir: autoDraw = true
170.69153499999084	DATA	Keydown: ArrowRight
170.72086500003934	EXP	szo_kiir: autoDraw = false
170.72086500003934	EXP	szo_kiir: color = {"_rgb":[1,1,1]}
170.72086500003934	EXP	szo_kiir: text = "bámérő"
171.23821500013582	EXP	szo_kiir: autoDraw = true
172.22690500016324	DATA	Keydown: ArrowLeft
172.23240000009537	EXP	szo_kiir: autoDraw = false
172.23240000009537	EXP	szo_kiir: color = {"_rgb":[1,1,1]}
172.23240000009537	EXP	szo_kiir: text = "kiletette"
172.75102500012144	EXP	szo_kiir: autoDraw = true
173.74726000009105	DATA	Keydown: ArrowLeft
173.80460499995388	EXP	szo_kiir: autoDraw = false
173.80460499995388	EXP	szo_kiir: color = {"_rgb":[1,1,1]}
173.80460499995388	EXP	szo_kiir: text = "foglaltatik"
174.31203499995172	EXP	szo_kiir: autoDraw = true
175.50391500000842	DATA	Keydown: ArrowRight
175.5096500001382	EXP	szo_kiir: autoDraw = false
175.5096500001382	EXP	szo_kiir: color = {"_rgb":[1,1,1]}
175.5096500001382	EXP	szo_kiir: text = "neon"
176.02913000015542	EXP	szo_kiir: autoDraw = true
177.3406200001482	DATA	Keydown: ArrowRight
177.37134000007063	EXP	szo_kiir: autoDraw = false
177.37134000007063	EXP	szo_kiir: color = {"_rgb":[1,1,1]}
177.37134000007063	EXP	szo_kiir: text = "balji"
177.8762900000438	EXP	szo_kiir: autoDraw = true
178.9604550001677	DATA	Keydown: ArrowLeft
178.9697950000409	EXP	szo_kiir: autoDraw = false
178.9697950000409	EXP	szo_kiir: color = {"_rgb":[1,1,1]}
178.9697950000409	EXP	szo_kiir: text = "szorong"
179.48936000000685	EXP	szo_kiir: autoDraw = true
179.99436999997124	DATA	Keydown: ArrowRight
180.01552999997512	EXP	szo_kiir: autoDraw = false
180.01552999997512	EXP	szo_kiir: color = {"_rgb":[1,1,1]}
180.01552999997512	EXP	szo_kiir: text = "rotor"
180.521020000102	EXP	szo_kiir: autoDraw = true
181.2933849999681	DATA	Keydown: ArrowLeft
181.3000450001564	EXP	szo_kiir: autoDraw = false
181.3000450001564	EXP	szo_kiir: color = {"_rgb":[1,1,1]}
181.3000450001564	EXP	szo_kiir: text = "sárgaréz"
181.81921999994665	EXP	szo_kiir: autoDraw = true
182.78147500008345	DATA	Keydown: ArrowRight
182.79645500006154	EXP	szo_kiir: autoDraw = false
182.79645500006154	EXP	szo_kiir: color = {"_rgb":[1,1,1]}
182.79645500006154	EXP	szo_kiir: text = "viszt"
183.31646000011824	EXP	szo_kiir: autoDraw = true
184.412045000121	DATA	Keydown: ArrowLeft
184.44147499999963	EXP	szo_kiir: autoDraw = false
184.44147499999963	EXP	szo_kiir: color = {"_rgb":[1,1,1]}
184.44147499999963	EXP	szo_kiir: text = "bódé"
184.9483950000722	EXP	szo_kiir: autoDraw = true
185.54584000003524	DATA	Keydown: ArrowRight
185.56071999995038	EXP	szo_kiir: autoDraw = false
185.56071999995038	EXP	szo_kiir: color = {"_rgb":[1,1,1]}
185.56071999995038	EXP	szo_kiir: text = "feledékeny"
186.0807100001257	EXP	szo_kiir: autoDraw = true
186.67232000012882	DATA	Keydown: ArrowRight
186.69243000005372	EXP	szo_kiir: autoDraw = false
186.69243000005372	EXP	szo_kiir: color = {"_rgb":[1,1,1]}
186.69243000005372	EXP	szo_kiir: text = "algoritmikus"
187.2113600000739	EXP	szo_kiir: autoDraw = true
188.06238000001758	DATA	Keydown: ArrowRight
188.072935000062	EXP	szo_kiir: autoDraw = false
188.072935000062	EXP	szo_kiir: color = {"_rgb":[1,1,1]}
188.072935000062	EXP	szo_kiir: text = "nárcisz"
188.59614000003785	EXP	szo_kiir: autoDraw = true
189.7233150000684	DATA	Keydown: ArrowRight
189.75445500016212	EXP	szo_kiir: autoDraw = false
189.75445500016212	EXP	szo_kiir: color = {"_rgb":[1,1,1]}
189.75445500016212	EXP	szo_kiir: text = "vegyesbolt"
190.27158000017516	EXP	szo_kiir: autoDraw = true
190.83645000006072	DATA	Keydown: ArrowRight
190.85163000016473	EXP	szo_kiir: autoDraw = false
190.85163000016473	EXP	szo_kiir: color = {"_rgb":[1,1,1]}
190.85163000016473	EXP	szo_kiir: text = "árus"
191.37051000003703	EXP	szo_kiir: autoDraw = true
191.7889650000725	DATA	Keydown: ArrowRight
191.81460000015795	EXP	szo_kiir: autoDraw = false
191.81460000015795	EXP	szo_kiir: color = {"_rgb":[1,1,1]}
191.81460000015795	EXP	szo_kiir: text = "össztűz"
192.33610499999486	EXP	szo_kiir: autoDraw = true
193.39641000004485	DATA	Keydown: ArrowLeft
193.4127050000243	EXP	szo_kiir: autoDraw = false
193.4127050000243	EXP	szo_kiir: color = {"_rgb":[1,1,1]}
193.4127050000243	EXP	szo_kiir: text = "kétágú"
193.93955500004813	EXP	szo_kiir: autoDraw = true
194.7785600000061	DATA	Keydown: ArrowRight
194.7937750001438	EXP	szo_kiir: autoDraw = false
194.7937750001438	EXP	szo_kiir: color = {"_rgb":[1,1,1]}
194.7937750001438	EXP	szo_kiir: text = "viszkózus"
194.9452899999451	DATA	Keydown: ArrowRight
195.3136850001756	EXP	szo_kiir: autoDraw = true
197.1939550000243	DATA	Keydown: ArrowRight
197.22806999995373	EXP	szo_kiir: autoDraw = false
197.22806999995373	EXP	szo_kiir: color = {"_rgb":[1,1,1]}
197.22806999995373	EXP	szo_kiir: text = "balassol"
197.74513000017032	EXP	szo_kiir: autoDraw = true
199.09565000003204	DATA	Keydown: ArrowLeft
199.10402500000782	EXP	szo_kiir: autoDraw = false
199.10402500000782	EXP	szo_kiir: color = {"_rgb":[1,1,1]}
199.10402500000782	EXP	szo_kiir: text = "tipográfus"
199.62633999995887	EXP	szo_kiir: autoDraw = true
200.3883650000207	DATA	Keydown: ArrowRight
200.42324000014924	EXP	szo_kiir: autoDraw = false
200.42324000014924	EXP	szo_kiir: color = {"_rgb":[1,1,1]}
200.42324000014924	EXP	szo_kiir: text = "revelatív"
200.93929999996908	EXP	szo_kiir: autoDraw = true
202.57090000016615	DATA	Keydown: ArrowLeft
202.58174000005238	EXP	szo_kiir: autoDraw = false
202.58174000005238	EXP	szo_kiir: color = {"_rgb":[1,1,1]}
202.58174000005238	EXP	szo_kiir: text = "véresszájú"
203.10389499994926	EXP	szo_kiir: autoDraw = true
203.85406500007957	DATA	Keydown: ArrowRight
203.86336500011384	EXP	szo_kiir: autoDraw = false
203.86336500011384	EXP	szo_kiir: color = {"_rgb":[1,1,1]}
203.86336500011384	EXP	szo_kiir: text = "pártol"
204.38414500001818	EXP	szo_kiir: autoDraw = true
205.0683999999892	DATA	Keydown: ArrowRight
205.09496999997646	EXP	szo_kiir: autoDraw = false
205.09496999997646	EXP	szo_kiir: color = {"_rgb":[1,1,1]}
205.09496999997646	EXP	szo_kiir: text = "antyúzható"
205.61608000006527	EXP	szo_kiir: autoDraw = true
206.5833799999673	DATA	Keydown: ArrowLeft
206.59119000006467	EXP	szo_kiir: autoDraw = false
206.59119000006467	EXP	szo_kiir: color = {"_rgb":[1,1,1]}
206.59119000006467	EXP	szo_kiir: text = "szitok"
207.11284000007436	EXP	szo_kiir: autoDraw = true
207.64355499995872	DATA	Keydown: ArrowRight
207.69906500005163	EXP	szo_kiir: autoDraw = false
207.69906500005163	EXP	szo_kiir: color = {"_rgb":[1,1,1]}
207.69906500005163	EXP	szo_kiir: text = "zsúfolódik"
208.21046500001103	EXP	szo_kiir: autoDraw = true
209.54065000009723	DATA	Keydown: ArrowRight
209.55384499998763	EXP	szo_kiir: autoDraw = false
209.55384499998763	EXP	szo_kiir: color = {"_rgb":[1,1,1]}
209.55384499998763	EXP	szo_kiir: text = "látolt"
210.07385000004433	EXP	szo_kiir: autoDraw = true
210.90375500009395	DATA	Keydown: ArrowLeft
210.94460500008427	EXP	szo_kiir: autoDraw = false
210.94460500008427	EXP	szo_kiir: color = {"_rgb":[1,1,1]}
210.94460500008427	EXP	szo_kiir: text = "tamia"
211.45744000002742	EXP	szo_kiir: autoDraw = true
212.23629999998957	DATA	Keydown: ArrowLeft
212.2480050001759	EXP	szo_kiir: autoDraw = false
212.2480050001759	EXP	szo_kiir: color = {"_rgb":[1,1,1]}
212.2480050001759	EXP	szo_kiir: text = "irracionalizmus"
212.76771000004373	EXP	szo_kiir: autoDraw = true
214.397815000033	DATA	Keydown: ArrowRight
214.4331700000912	EXP	szo_kiir: autoDraw = false
214.4331700000912	EXP	szo_kiir: color = {"_rgb":[1,1,1]}
214.4331700000912	EXP	szo_kiir: text = "lező"
214.94825999997556	EXP	szo_kiir: autoDraw = true
215.68065500003286	DATA	Keydown: ArrowLeft
215.6928650001064	EXP	szo_kiir: autoDraw = false
215.6928650001064	EXP	szo_kiir: color = {"_rgb":[1,1,1]}
215.6928650001064	EXP	szo_kiir: text = "nyelvcsap"
216.21476000011899	EXP	szo_kiir: autoDraw = true
216.77622999995947	DATA	Keydown: ArrowRight
216.81424500001594	EXP	szo_kiir: autoDraw = false
216.81424500001594	EXP	szo_kiir: color = {"_rgb":[1,1,1]}
216.81424500001594	EXP	szo_kiir: text = "preklasszikus"
217.32679500011727	EXP	szo_kiir: autoDraw = true
218.4536800000351	DATA	Keydown: ArrowRight
218.4716250000056	EXP	szo_kiir: autoDraw = false
218.4716250000056	EXP	szo_kiir: color = {"_rgb":[1,1,1]}
218.4716250000056	EXP	szo_kiir: text = "vicsadomás"
218.9932900001295	EXP	szo_kiir: autoDraw = true
220.120804999955	DATA	Keydown: ArrowLeft
220.15385000011884	EXP	szo_kiir: autoDraw = false
220.15385000011884	EXP	szo_kiir: color = {"_rgb":[1,1,1]}
220.15385000011884	EXP	szo_kiir: text = "takaréktűzhely"
220.67383500002325	EXP	szo_kiir: autoDraw = true
221.66701500001363	DATA	Keydown: ArrowRight
221.68049000017345	EXP	szo_kiir: autoDraw = false
221.68049000017345	EXP	szo_kiir: color = {"_rgb":[1,1,1]}
221.68049000017345	EXP	szo_kiir: text = "kocskesi"
222.20136500010267	EXP	szo_kiir: autoDraw = true
222.9331700000912	DATA	Keydown: ArrowRight
222.94656000006944	EXP	szo_kiir: autoDraw = false
222.94656000006944	EXP	szo_kiir: color = {"_rgb":[1,1,1]}
222.94656000006944	EXP	szo_kiir: text = "szabadjegy"
223.46914000017568	EXP	szo_kiir: autoDraw = true
224.96295000007376	DATA	Keydown: ArrowRight
224.99246500013396	EXP	szo_kiir: autoDraw = false
224.99246500013396	EXP	szo_kiir: color = {"_rgb":[1,1,1]}
224.99246500013396	EXP	szo_kiir: text = "lapockacsont"
225.51392500009388	EXP	szo_kiir: autoDraw = true
226.5529300000053	DATA	Keydown: ArrowLeft
226.56155500002205	EXP	szo_kiir: autoDraw = false
226.56155500002205	EXP	szo_kiir: color = {"_rgb":[1,1,1]}
226.56155500002205	EXP	szo_kiir: text = "hokizik"
227.07867499999702	EXP	szo_kiir: autoDraw = true
228.40709999995306	DATA	Keydown: ArrowRight
228.4218450000044	EXP	szo_kiir: autoDraw = false
228.4218450000044	EXP	szo_kiir: color = {"_rgb":[1,1,1]}
228.4218450000044	EXP	szo_kiir: text = "antgathat"
228.9477350001689	EXP	szo_kiir: autoDraw = true
229.88652499997988	DATA	Keydown: ArrowLeft
229.91669000010006	EXP	szo_kiir: autoDraw = false
229.91669000010006	EXP	szo_kiir: color = {"_rgb":[1,1,1]}
229.91669000010006	EXP	szo_kiir: text = "kalmárszellem"
230.43810499995016	EXP	szo_kiir: autoDraw = true
232.31628499994986	DATA	Keydown: ArrowRight
232.33271500002593	EXP	szo_kiir: autoDraw = false
232.33271500002593	EXP	szo_kiir: color = {"_rgb":[1,1,1]}
232.33271500002593	EXP	szo_kiir: text = "kontrapunkt"
232.8522449999582	EXP	szo_kiir: autoDraw = true
233.85829500015825	DATA	Keydown: ArrowLeft
233.87383000017144	EXP	szo_kiir: autoDraw = false
233.87383000017144	EXP	szo_kiir: color = {"_rgb":[1,1,1]}
233.87383000017144	EXP	szo_kiir: text = "asszonánc"
234.39942499995232	EXP	szo_kiir: autoDraw = true
235.2820350001566	DATA	Keydown: ArrowRight
235.31576999998651	EXP	szo_kiir: autoDraw = false
235.31576999998651	EXP	szo_kiir: color = {"_rgb":[1,1,1]}
235.31576999998651	EXP	szo_kiir: text = "tangózik"
235.83119000005536	EXP	szo_kiir: autoDraw = true
236.65982499998063	DATA	Keydown: ArrowRight
236.67398500000127	EXP	szo_kiir: autoDraw = false
236.67398500000127	EXP	szo_kiir: color = {"_rgb":[1,1,1]}
236.67398500000127	EXP	szo_kiir: text = "gór"
237.20075500011444	EXP	szo_kiir: autoDraw = true
238.3267000000924	DATA	Keydown: ArrowLeft
238.3365299999714	EXP	szo_kiir: autoDraw = false
238.3365299999714	EXP	szo_kiir: color = {"_rgb":[1,1,1]}
238.3365299999714	EXP	szo_kiir: text = "lumpenproletariátus"
238.85749500012025	EXP	szo_kiir: autoDraw = true
241.351340000052	DATA	Keydown: ArrowLeft
241.36547000007704	EXP	szo_kiir: autoDraw = false
241.36547000007704	EXP	szo_kiir: color = {"_rgb":[1,1,1]}
241.36547000007704	EXP	szo_kiir: text = "kultúrállam"
241.8915950001683	EXP	szo_kiir: autoDraw = true
243.11416500015184	DATA	Keydown: ArrowRight
243.15416999999434	EXP	szo_kiir: autoDraw = false
243.15416999999434	EXP	szo_kiir: color = {"_rgb":[1,1,1]}
243.15416999999434	EXP	szo_kiir: text = "anyargany"
243.6644550000783	EXP	szo_kiir: autoDraw = true
245.46641500014812	DATA	Keydown: ArrowLeft
245.47715000016615	EXP	szo_kiir: autoDraw = false
245.47715000016615	EXP	szo_kiir: color = {"_rgb":[1,1,1]}
245.47715000016615	EXP	szo_kiir: text = "kúpol"
245.99591000005603	EXP	szo_kiir: autoDraw = true
246.9596400000155	DATA	Keydown: ArrowRight
246.99040000000969	EXP	szo_kiir: autoDraw = false
246.99040000000969	EXP	szo_kiir: color = {"_rgb":[1,1,1]}
246.99040000000969	EXP	szo_kiir: text = "dobbant"
247.50964000006206	EXP	szo_kiir: autoDraw = true
248.24779499997385	DATA	Keydown: ArrowRight
248.25418000016361	EXP	szo_kiir: autoDraw = false
248.25418000016361	EXP	szo_kiir: color = {"_rgb":[1,1,1]}
248.25418000016361	EXP	szo_kiir: text = "téveszmerendszer"
248.77777500008233	EXP	szo_kiir: autoDraw = true
251.32465000008233	DATA	Keydown: ArrowLeft
251.33056000014767	EXP	szo_kiir: autoDraw = false
251.33056000014767	EXP	szo_kiir: color = {"_rgb":[1,1,1]}
251.33056000014767	EXP	szo_kiir: text = "bennég"
251.85037000011653	EXP	szo_kiir: autoDraw = true
253.69982500001788	DATA	Keydown: ArrowRight
253.743610000005	EXP	szo_kiir: autoDraw = false
253.743610000005	EXP	szo_kiir: color = {"_rgb":[1,1,1]}
253.743610000005	EXP	szo_kiir: text = "kelől"
254.26613999996334	EXP	szo_kiir: autoDraw = true
255.27962000016123	DATA	Keydown: ArrowLeft
255.2903150001075	EXP	szo_kiir: autoDraw = false
255.2903150001075	EXP	szo_kiir: color = {"_rgb":[1,1,1]}
255.2903150001075	EXP	szo_kiir: text = "gubóvirág"
255.81001000013202	EXP	szo_kiir: autoDraw = true
256.4605050000828	DATA	Keydown: ArrowRight
256.4917500000447	EXP	szo_kiir: autoDraw = false
256.4917500000447	EXP	szo_kiir: color = {"_rgb":[1,1,1]}
256.4917500000447	EXP	szo_kiir: text = "leverzsköl"
257.0097000000533	EXP	szo_kiir: autoDraw = true
257.87723500002176	DATA	Keydown: ArrowLeft
257.88584500015713	EXP	szo_kiir: autoDraw = false
257.88584500015713	EXP	szo_kiir: color = {"_rgb":[1,1,1]}
257.88584500015713	EXP	szo_kiir: text = "pósfalmár"
258.4067100000102	EXP	szo_kiir: autoDraw = true
259.48889999999665	DATA	Keydown: ArrowLeft
259.5200350000523	EXP	szo_kiir: autoDraw = false
259.5200350000523	EXP	szo_kiir: color = {"_rgb":[1,1,1]}
259.5200350000523	EXP	szo_kiir: text = "lépdegél"
260.0360900000669	EXP	szo_kiir: autoDraw = true
260.8697750000283	DATA	Keydown: ArrowRight
260.8837300001178	EXP	szo_kiir: autoDraw = false
260.8837300001178	EXP	szo_kiir: color = {"_rgb":[1,1,1]}
260.8837300001178	EXP	szo_kiir: text = "arzénsav"
261.403105000034	EXP	szo_kiir: autoDraw = true
262.4876050001476	DATA	Keydown: ArrowRight
262.5134600000456	EXP	szo_kiir: autoDraw = false
262.5134600000456	EXP	szo_kiir: color = {"_rgb":[1,1,1]}
262.5134600000456	EXP	szo_kiir: text = "isminchegy"
263.0326050000731	EXP	szo_kiir: autoDraw = true
265.2610200000927	DATA	Keydown: ArrowLeft
265.27502000005916	EXP	szo_kiir: autoDraw = false
265.27502000005916	EXP	szo_kiir: color = {"_rgb":[1,1,1]}
265.27502000005916	EXP	szo_kiir: text = "homeomorfizmus"
265.79753000009805	EXP	szo_kiir: autoDraw = true
268.1048749999609	DATA	Keydown: ArrowRight
268.13597499998286	EXP	szo_kiir: autoDraw = false
268.13597499998286	EXP	szo_kiir: color = {"_rgb":[1,1,1]}
268.13597499998286	EXP	szo_kiir: text = "keserűgyökér"
268.6530850001145	EXP	szo_kiir: autoDraw = true
271.4820100001525	DATA	Keydown: ArrowRight
271.49803000013344	EXP	szo_kiir: autoDraw = false
271.49803000013344	EXP	szo_kiir: color = {"_rgb":[1,1,1]}
271.49803000013344	EXP	szo_kiir: text = "tejeslány"
272.01443500001915	EXP	szo_kiir: autoDraw = true
272.76276000007056	DATA	Keydown: ArrowRight
272.80544000002556	EXP	szo_kiir: autoDraw = false
272.80544000002556	EXP	szo_kiir: color = {"_rgb":[1,1,1]}
272.80544000002556	EXP	szo_kiir: text = "jégkárosult"
273.31335499999113	EXP	szo_kiir: autoDraw = true
277.2565800000448	DATA	Keydown: ArrowRight
277.2721850001253	EXP	szo_kiir: autoDraw = false
277.2721850001253	EXP	szo_kiir: color = {"_rgb":[1,1,1]}
277.2721850001253	EXP	szo_kiir: text = "lepadlózik"
277.79021500004455	EXP	szo_kiir: autoDraw = true
278.74037500005215	DATA	Keydown: ArrowRight
278.77016500011086	EXP	szo_kiir: autoDraw = false
278.77016500011086	EXP	szo_kiir: color = {"_rgb":[1,1,1]}
278.77016500011086	EXP	szo_kiir: text = "eretnek"
279.29203999997117	EXP	szo_kiir: autoDraw = true
280.187350000022	DATA	Keydown: ArrowRight
280.1967050000094	EXP	szo_kiir: autoDraw = false
280.1967050000094	EXP	szo_kiir: color = {"_rgb":[1,1,1]}
280.1967050000094	EXP	szo_kiir: text = "extuál"
280.71952500008047	EXP	szo_kiir: autoDraw = true
282.06863999995403	DATA	Keydown: ArrowLeft
282.09873500000685	EXP	szo_kiir: autoDraw = false
282.09873500000685	EXP	szo_kiir: color = {"_rgb":[1,1,1]}
282.09873500000685	EXP	szo_kiir: text = "makranc"
282.6144950001035	EXP	szo_kiir: autoDraw = true
283.2662250001449	DATA	Keydown: ArrowRight
283.27746000001207	EXP	szo_kiir: autoDraw = false
283.27746000001207	EXP	szo_kiir: color = {"_rgb":[1,1,1]}
283.27746000001207	EXP	szo_kiir: text = "embertelenedik"
283.7972950001713	EXP	szo_kiir: autoDraw = true
284.6776850000024	DATA	Keydown: ArrowRight
284.7102850000374	EXP	szo_kiir: autoDraw = false
284.7102850000374	EXP	szo_kiir: color = {"_rgb":[1,1,1]}
284.7102850000374	EXP	szo_kiir: text = "impúrum"
285.2286000000313	EXP	szo_kiir: autoDraw = true
286.0067000000272	DATA	Keydown: ArrowLeft
286.0209449999966	EXP	szo_kiir: autoDraw = false
286.0209449999966	EXP	szo_kiir: color = {"_rgb":[1,1,1]}
286.0209449999966	EXP	szo_kiir: text = "csoportáló"
286.54283000016585	EXP	szo_kiir: autoDraw = true
288.5745099999476	DATA	Keydown: ArrowLeft
288.5855900000315	EXP	szo_kiir: autoDraw = false
288.5855900000315	EXP	szo_kiir: color = {"_rgb":[1,1,1]}
288.5855900000315	EXP	szo_kiir: text = "petél"
289.1060600001365	EXP	szo_kiir: autoDraw = true
289.7343650001567	DATA	Keydown: ArrowRight
289.7632100000046	EXP	szo_kiir: autoDraw = false
289.7632100000046	EXP	szo_kiir: color = {"_rgb":[1,1,1]}
289.7632100000046	EXP	szo_kiir: text = "rámáz"
290.28397500002757	EXP	szo_kiir: autoDraw = true
291.33535500010476	DATA	Keydown: ArrowLeft
291.34506500000134	EXP	szo_kiir: autoDraw = false
291.34506500000134	EXP	szo_kiir: color = {"_rgb":[1,1,1]}
291.34506500000134	EXP	szo_kiir: text = "kosi"
291.8649800000712	EXP	szo_kiir: autoDraw = true
292.69941500015557	DATA	Keydown: ArrowLeft
292.7116350000724	EXP	szo_kiir: autoDraw = false
292.7116350000724	EXP	szo_kiir: color = {"_rgb":[1,1,1]}
292.7116350000724	EXP	szo_kiir: text = "léháskodik"
293.2310250001028	EXP	szo_kiir: autoDraw = true
294.68214499996975	DATA	Keydown: ArrowLeft
294.6899749999866	EXP	szo_kiir: autoDraw = false
294.6899749999866	EXP	szo_kiir: color = {"_rgb":[1,1,1]}
294.6899749999866	EXP	szo_kiir: text = "spiritualizál"
295.2094199999701	EXP	szo_kiir: autoDraw = true
295.91200500004925	DATA	Keydown: ArrowRight
295.9406350001227	EXP	szo_kiir: autoDraw = false
295.9406350001227	EXP	szo_kiir: color = {"_rgb":[1,1,1]}
295.9406350001227	EXP	szo_kiir: text = "hegyipáfrány"
296.4570450000465	EXP	szo_kiir: autoDraw = true
297.3230700001586	DATA	Keydown: ArrowRight
297.33595500001684	EXP	szo_kiir: autoDraw = false
297.33595500001684	EXP	szo_kiir: color = {"_rgb":[1,1,1]}
297.33595500001684	EXP	szo_kiir: text = "karamboloz"
297.8553800000809	EXP	szo_kiir: autoDraw = true
299.13321500015445	DATA	Keydown: ArrowRight
299.16546500008553	EXP	szo_kiir: autoDraw = false
299.16546500008553	EXP	szo_kiir: color = {"_rgb":[1,1,1]}
299.16546500008553	EXP	szo_kiir: text = "glosszáz"
299.685855000047	EXP	szo_kiir: autoDraw = true
300.7311599999666	DATA	Keydown: ArrowRight
300.745760000078	EXP	szo_kiir: autoDraw = false
300.745760000078	EXP	szo_kiir: color = {"_rgb":[1,1,1]}
300.745760000078	EXP	szo_kiir: text = "csapáz"
301.2713699999731	EXP	szo_kiir: autoDraw = true
302.1121849999763	DATA	Keydown: ArrowLeft
302.12646499997936	EXP	szo_kiir: autoDraw = false
302.12646499997936	EXP	szo_kiir: color = {"_rgb":[1,1,1]}
302.12646499997936	EXP	szo_kiir: text = "diszkretizál"
302.6457249999512	EXP	szo_kiir: autoDraw = true
303.8243150000926	DATA	Keydown: ArrowRight
303.85236500017345	EXP	szo_kiir: autoDraw = false
303.85236500017345	EXP	szo_kiir: color = {"_rgb":[1,1,1]}
303.85236500017345	EXP	szo_kiir: text = "tarkarézérc"
304.3587950000074	EXP	szo_kiir: autoDraw = true
306.7188750000205	DATA	Keydown: ArrowRight
306.73574000014924	EXP	szo_kiir: autoDraw = false
306.73574000014924	EXP	szo_kiir: color = {"_rgb":[1,1,1]}
306.73574000014924	EXP	szo_kiir: text = "püffeszt"
307.25016000005417	EXP	szo_kiir: autoDraw = true
307.9655649999622	DATA	Keydown: ArrowRight
307.98762500006706	EXP	szo_kiir: autoDraw = false
307.98762500006706	EXP	koszi_szoveg: autoDraw = true
309.4806749999989	DATA	Keydown:  
310.3682750000153	DATA	Keydown: ArrowRight
