0.06304999999701977	EXP	Created Window = Window( name=Window, fullscr=true, color=#000000, units=norm, waitBlanking=true, autoLog=true, size=[1920,939] )
2.67982000001939	DATA	Keydown: 3
2.813945000001695	DATA	Keydown: 3
3.3797800000174902	DATA	Keydown: 7
3.513135000015609	DATA	Keydown: 1
9.745315000007395	DATA	Keydown: 2
10.045270000002347	DATA	Keydown: 0
10.228555000037886	DATA	Keydown: 0
10.678225000039674	DATA	Keydown: 0
11.711905000032857	DATA	Keydown: .
11.911695000017062	DATA	Keydown:  
12.128720000036992	DATA	Keydown: 1
12.32860000000801	DATA	Keydown: 2
12.478775000025053	DATA	Keydown: .
12.661859999992885	DATA	Keydown:  
12.795199999993201	DATA	Keydown: 0
13.179839999997057	DATA	Keydown: 6
13.411599999992177	DATA	Keydown: .
15.295405000040773	DATA	Keydown: n
15.412249999993946	DATA	Keydown: ő
19.695275000005495	DATA	Keydown: 9
22.253049999999348	EXP	Created instruction_text1 = TextStim( name=instruction_text1, win=Window( name=Window, fullscr=true, color=#000000, ~), autoDraw=null, autoLog=true, units=norm, ori=null, opacity=1, pos=[0,0], size=undefined, text=Ön most szavakat fog látni.

Ezek között lesznek o~, font=Arial, color=#ffffff, contrast=1, height=0.05, bold=null, italic=null, alignHoriz=left, alignVert=center, wrapWidth=1, flipHoriz=null, flipVert=null )
22.254100000020117	EXP	Created instruction_text2 = TextStim( name=instruction_text2, win=Window( name=Window, fullscr=true, color=#000000, ~), autoDraw=null, autoLog=true, units=norm, ori=null, opacity=1, pos=[0,0], size=undefined, text=Először két egyszerű példát mutatunk Önnek.

Az el~, font=Arial, color=#FFFFFF, contrast=1, height=0.05, bold=null, italic=null, alignHoriz=left, alignVert=center, wrapWidth=1, flipHoriz=null, flipVert=null )
22.25475500000175	EXP	Created show_text = TextStim( name=show_text, win=Window( name=Window, fullscr=true, color=#000000, ~), autoDraw=null, autoLog=true, units=norm, ori=null, opacity=1, pos=[0,0], size=undefined, text=asztal, font=Arial, color=#FFFFFF, contrast=1, height=0.2, bold=null, italic=null, alignHoriz=left, alignVert=center, wrapWidth=1, flipHoriz=null, flipVert=null )
22.257375000044703	EXP	Created text = TextStim( name=text, win=Window( name=Window, fullscr=true, color=#000000, ~), autoDraw=null, autoLog=true, units=norm, ori=null, opacity=1, pos=[0,0], size=undefined, text=bzsmfsztal, font=Arial, color=#FFFFFF, contrast=1, height=0.2, bold=null, italic=null, alignHoriz=left, alignVert=center, wrapWidth=1, flipHoriz=null, flipVert=null )
22.25944500003243	EXP	Created instruction_text3 = TextStim( name=instruction_text3, win=Window( name=Window, fullscr=true, color=#000000, ~), autoDraw=null, autoLog=true, units=norm, ori=null, opacity=1, pos=[0,0], size=undefined, text=Pazar. Most kezdődik az igazi kísérlet. Néhány per~, font=Arial, color=#FFFFFF, contrast=1, height=0.1, bold=null, italic=null, alignHoriz=left, alignVert=center, wrapWidth=1, flipHoriz=null, flipVert=null )
22.26076000003377	EXP	Created szo_kiir = TextStim( name=szo_kiir, win=Window( name=Window, fullscr=true, color=#000000, ~), autoDraw=null, autoLog=true, units=norm, ori=null, opacity=1, pos=[0,0], size=undefined, text=default text, font=Arial, color=#FFFFFF, contrast=1, height=0.2, bold=null, italic=null, alignHoriz=left, alignVert=center, wrapWidth=1, flipHoriz=null, flipVert=null )
22.26449000003049	EXP	Created koszi_szoveg = TextStim( name=koszi_szoveg, win=Window( name=Window, fullscr=true, color=#000000, ~), autoDraw=null, autoLog=true, units=norm, ori=null, opacity=1, pos=[0,0], size=undefined, text=Vége a kísérletnek. Köszönjük a részvételt!, font=arial, color=#ffffff, contrast=1, height=0.1, bold=null, italic=null, alignHoriz=left, alignVert=center, wrapWidth=1, flipHoriz=null, flipVert=null )
22.308855000010226	EXP	instruction_text1: units = "norm"
22.308855000010226	EXP	instruction_text1: ori = 0
22.308855000010226	EXP	instruction_text1: opacity = 1
22.308855000010226	EXP	instruction_text1: pos = [0,0]
22.308855000010226	EXP	instruction_text1: size = undefined
22.308855000010226	EXP	instruction_text1: text = "Ön most szavakat fog látni.\n\nEzek között lesznek olyanok, amelyeket ismer, de előfordulhatnak olyanok is, amelyeket nem ismer, sőt, vannak köztük kitalált szavak is. \n\nKérjük, ha ismeri a képernyőn látható szót, nyomja meg a JOBB kurzorbillentyűt.\nKérjük, ha NEM ismeri a képernyőn látható szót, vagy azt gondolja, nincs ilyen szó a magyarban, nyomja meg a BAL kurzorbillentyűt.\n\nAz 'Ismerem a szót' döntés itt most ezt jelenti: találkoztam már vele, és van valami elképzelésem a jelentéséről is.  \n\nNyomjon meg bármilyen billentyűt a folytatáshoz."
22.308855000010226	EXP	instruction_text1: font = "Arial"
22.308855000010226	EXP	instruction_text1: color = {"_rgb":[1,1,1]}
22.308855000010226	EXP	instruction_text1: contrast = 1
22.308855000010226	EXP	instruction_text1: height = 0.05
22.308855000010226	EXP	instruction_text1: bold = false
22.308855000010226	EXP	instruction_text1: italic = false
22.308855000010226	EXP	instruction_text1: alignHoriz = "left"
22.308855000010226	EXP	instruction_text1: alignVert = "center"
22.308855000010226	EXP	instruction_text1: wrapWidth = 1
22.308855000010226	EXP	instruction_text1: flipHoriz = false
22.308855000010226	EXP	instruction_text1: flipVert = false
22.308855000010226	EXP	instruction_text2: units = "norm"
22.308855000010226	EXP	instruction_text2: ori = 0
22.308855000010226	EXP	instruction_text2: opacity = 1
22.308855000010226	EXP	instruction_text2: pos = [0,0]
22.308855000010226	EXP	instruction_text2: size = undefined
22.308855000010226	EXP	instruction_text2: text = "Először két egyszerű példát mutatunk Önnek.\n\nAz első szó létezik a magyarban, és valószínűleg Ön is ismeri. Itt nyomja majd meg a jobb kurzorbillentyűt.\nA második szó nem létezik a magyar nyelvben. Itt nyomja majd meg a bal kurzorbillentyűt.\n\nFontos, hogy a jobb gombot a jobb kezével, a bal gombot a bal kezével nyomja, ha tudja, és ne egy kezét használja a kísérletben.\n\nNyomjon meg bármilyen gombot a folytatáshoz."
22.308855000010226	EXP	instruction_text2: font = "Arial"
22.308855000010226	EXP	instruction_text2: color = {"_hex":"#FFFFFF","_rgb":[1,1,1]}
22.308855000010226	EXP	instruction_text2: contrast = 1
22.308855000010226	EXP	instruction_text2: height = 0.05
22.308855000010226	EXP	instruction_text2: bold = false
22.308855000010226	EXP	instruction_text2: italic = false
22.308855000010226	EXP	instruction_text2: alignHoriz = "left"
22.308855000010226	EXP	instruction_text2: alignVert = "center"
22.308855000010226	EXP	instruction_text2: wrapWidth = 1
22.308855000010226	EXP	instruction_text2: flipHoriz = false
22.308855000010226	EXP	instruction_text2: flipVert = false
22.308855000010226	EXP	show_text: units = "norm"
22.308855000010226	EXP	show_text: ori = 0
22.308855000010226	EXP	show_text: opacity = 1
22.308855000010226	EXP	show_text: pos = [0,0]
22.308855000010226	EXP	show_text: size = undefined
22.308855000010226	EXP	show_text: text = "asztal"
22.308855000010226	EXP	show_text: font = "Arial"
22.308855000010226	EXP	show_text: color = {"_hex":"#FFFFFF","_rgb":[1,1,1]}
22.308855000010226	EXP	show_text: contrast = 1
22.308855000010226	EXP	show_text: height = 0.2
22.308855000010226	EXP	show_text: bold = false
22.308855000010226	EXP	show_text: italic = false
22.308855000010226	EXP	show_text: alignHoriz = "left"
22.308855000010226	EXP	show_text: alignVert = "center"
22.308855000010226	EXP	show_text: wrapWidth = 1
22.308855000010226	EXP	show_text: flipHoriz = false
22.308855000010226	EXP	show_text: flipVert = false
22.308855000010226	EXP	text: units = "norm"
22.308855000010226	EXP	text: ori = 0
22.308855000010226	EXP	text: opacity = 1
22.308855000010226	EXP	text: pos = [0,0]
22.308855000010226	EXP	text: size = undefined
22.308855000010226	EXP	text: text = "bzsmfsztal"
22.308855000010226	EXP	text: font = "Arial"
22.308855000010226	EXP	text: color = {"_hex":"#FFFFFF","_rgb":[1,1,1]}
22.308855000010226	EXP	text: contrast = 1
22.308855000010226	EXP	text: height = 0.2
22.308855000010226	EXP	text: bold = false
22.308855000010226	EXP	text: italic = false
22.308855000010226	EXP	text: alignHoriz = "left"
22.308855000010226	EXP	text: alignVert = "center"
22.308855000010226	EXP	text: wrapWidth = 1
22.308855000010226	EXP	text: flipHoriz = false
22.308855000010226	EXP	text: flipVert = false
22.308855000010226	EXP	instruction_text3: units = "norm"
22.308855000010226	EXP	instruction_text3: ori = 0
22.308855000010226	EXP	instruction_text3: opacity = 1
22.308855000010226	EXP	instruction_text3: pos = [0,0]
22.308855000010226	EXP	instruction_text3: size = undefined
22.308855000010226	EXP	instruction_text3: text = "Pazar. Most kezdődik az igazi kísérlet. Néhány percig fog tartani. Nem kell nagyon sietnie, de igyekezzen gyorsan válaszolni.\n\nNe feledje, ha tudja, a jobb gombot a jobbkezével, a bal gombot a balkezével nyomja le.\n\nNyomjon meg bármilyen gombot a folytatáshoz."
22.308855000010226	EXP	instruction_text3: font = "Arial"
22.308855000010226	EXP	instruction_text3: color = {"_hex":"#FFFFFF","_rgb":[1,1,1]}
22.308855000010226	EXP	instruction_text3: contrast = 1
22.308855000010226	EXP	instruction_text3: height = 0.1
22.308855000010226	EXP	instruction_text3: bold = false
22.308855000010226	EXP	instruction_text3: italic = false
22.308855000010226	EXP	instruction_text3: alignHoriz = "left"
22.308855000010226	EXP	instruction_text3: alignVert = "center"
22.308855000010226	EXP	instruction_text3: wrapWidth = 1
22.308855000010226	EXP	instruction_text3: flipHoriz = false
22.308855000010226	EXP	instruction_text3: flipVert = false
22.308855000010226	EXP	szo_kiir: units = "norm"
22.308855000010226	EXP	szo_kiir: ori = 0
22.308855000010226	EXP	szo_kiir: opacity = 1
22.308855000010226	EXP	szo_kiir: pos = [0,0]
22.308855000010226	EXP	szo_kiir: size = undefined
22.308855000010226	EXP	szo_kiir: text = "default text"
22.308855000010226	EXP	szo_kiir: font = "Arial"
22.308855000010226	EXP	szo_kiir: color = {"_hex":"#FFFFFF","_rgb":[1,1,1]}
22.308855000010226	EXP	szo_kiir: contrast = 1
22.308855000010226	EXP	szo_kiir: height = 0.2
22.308855000010226	EXP	szo_kiir: bold = false
22.308855000010226	EXP	szo_kiir: italic = false
22.308855000010226	EXP	szo_kiir: alignHoriz = "left"
22.308855000010226	EXP	szo_kiir: alignVert = "center"
22.308855000010226	EXP	szo_kiir: wrapWidth = 1
22.308855000010226	EXP	szo_kiir: flipHoriz = false
22.308855000010226	EXP	szo_kiir: flipVert = false
22.308855000010226	EXP	koszi_szoveg: units = "norm"
22.308855000010226	EXP	koszi_szoveg: ori = 0
22.308855000010226	EXP	koszi_szoveg: opacity = 1
22.308855000010226	EXP	koszi_szoveg: pos = [0,0]
22.308855000010226	EXP	koszi_szoveg: size = undefined
22.308855000010226	EXP	koszi_szoveg: text = "Vége a kísérletnek. Köszönjük a részvételt!"
22.308855000010226	EXP	koszi_szoveg: font = "arial"
22.308855000010226	EXP	koszi_szoveg: color = {"_rgb":[1,1,1]}
22.308855000010226	EXP	koszi_szoveg: contrast = 1
22.308855000010226	EXP	koszi_szoveg: height = 0.1
22.308855000010226	EXP	koszi_szoveg: bold = false
22.308855000010226	EXP	koszi_szoveg: italic = false
22.308855000010226	EXP	koszi_szoveg: alignHoriz = "left"
22.308855000010226	EXP	koszi_szoveg: alignVert = "center"
22.308855000010226	EXP	koszi_szoveg: wrapWidth = 1
22.308855000010226	EXP	koszi_szoveg: flipHoriz = false
22.308855000010226	EXP	koszi_szoveg: flipVert = false
22.308855000010226	EXP	instruction_text1: autoDraw = true
44.79071000003023	DATA	Keydown: ArrowRight
44.80886500002816	EXP	instruction_text1: autoDraw = false
44.80886500002816	EXP	instruction_text2: autoDraw = true
60.40546999999788	DATA	Keydown: ArrowRight
60.42024000000674	EXP	instruction_text2: autoDraw = false
60.94175500003621	EXP	show_text: autoDraw = true
61.73910500004422	DATA	Keydown: ArrowRight
61.77003000001423	EXP	show_text: autoDraw = false
62.27114000002621	EXP	text: autoDraw = true
62.91093000001274	DATA	Keydown: ArrowLeft
62.95401500002481	EXP	text: autoDraw = false
62.95401500002481	EXP	instruction_text3: autoDraw = true
71.3036050000228	DATA	Keydown: ArrowRight
71.35157500003697	EXP	instruction_text3: autoDraw = false
71.35157500003697	EXP	szo_kiir: color = {"_rgb":[1,1,1]}
71.35157500003697	EXP	szo_kiir: text = "sételi"
71.87296000000788	EXP	szo_kiir: autoDraw = true
72.77205999998841	DATA	Keydown: ArrowLeft
72.78601500001969	EXP	szo_kiir: autoDraw = false
72.78601500001969	EXP	szo_kiir: color = {"_rgb":[1,1,1]}
72.78601500001969	EXP	szo_kiir: text = "pirodáló"
73.30752500001108	EXP	szo_kiir: autoDraw = true
74.3201049999916	DATA	Keydown: ArrowLeft
74.34697000001324	EXP	szo_kiir: autoDraw = false
74.34697000001324	EXP	szo_kiir: color = {"_rgb":[1,1,1]}
74.34697000001324	EXP	szo_kiir: text = "század"
74.8550900000264	EXP	szo_kiir: autoDraw = true
75.40512000001036	DATA	Keydown: ArrowRight
75.41837999998825	EXP	szo_kiir: autoDraw = false
75.41837999998825	EXP	szo_kiir: color = {"_rgb":[1,1,1]}
75.41837999998825	EXP	szo_kiir: text = "tér"
75.93743500002893	EXP	szo_kiir: autoDraw = true
76.40955500002019	DATA	Keydown: ArrowRight
76.42821500002174	EXP	szo_kiir: autoDraw = false
76.42821500002174	EXP	szo_kiir: color = {"_rgb":[1,1,1]}
76.42821500002174	EXP	szo_kiir: text = "százalék"
76.93782500002999	EXP	szo_kiir: autoDraw = true
77.43842500000028	DATA	Keydown: ArrowRight
77.45162500004517	EXP	szo_kiir: autoDraw = false
77.45162500004517	EXP	szo_kiir: color = {"_rgb":[1,1,1]}
77.45162500004517	EXP	szo_kiir: text = "dolgozik"
77.97163500002353	EXP	szo_kiir: autoDraw = true
78.45283500000369	DATA	Keydown: ArrowRight
78.48068999999668	EXP	szo_kiir: autoDraw = false
78.48068999999668	EXP	szo_kiir: color = {"_rgb":[1,1,1]}
78.48068999999668	EXP	szo_kiir: text = "zenekar"
78.98773500003153	EXP	szo_kiir: autoDraw = true
79.43655000004219	DATA	Keydown: ArrowRight
79.45186500001	EXP	szo_kiir: autoDraw = false
79.45186500001	EXP	szo_kiir: color = {"_rgb":[1,1,1]}
79.45186500001	EXP	szo_kiir: text = "lokkolhat"
79.9710850000265	EXP	szo_kiir: autoDraw = true
80.91479499998968	DATA	Keydown: ArrowRight
80.91816000000108	EXP	szo_kiir: autoDraw = false
80.91816000000108	EXP	szo_kiir: color = {"_rgb":[1,1,1]}
80.91816000000108	EXP	szo_kiir: text = "színű"
81.43752000003587	EXP	szo_kiir: autoDraw = true
81.95215500000631	DATA	Keydown: ArrowLeft
81.96779000002425	EXP	szo_kiir: autoDraw = false
81.96779000002425	EXP	szo_kiir: color = {"_rgb":[1,1,1]}
81.96779000002425	EXP	szo_kiir: text = "lényeg"
82.48730500001693	EXP	szo_kiir: autoDraw = true
83.02897500002291	DATA	Keydown: ArrowRight
83.04235000000335	EXP	szo_kiir: autoDraw = false
83.04235000000335	EXP	szo_kiir: color = {"_rgb":[1,1,1]}
83.04235000000335	EXP	szo_kiir: text = "változik"
83.55399500002386	EXP	szo_kiir: autoDraw = true
84.08020500000566	DATA	Keydown: ArrowRight
84.08408000000054	EXP	szo_kiir: autoDraw = false
84.08408000000054	EXP	szo_kiir: color = {"_rgb":[1,1,1]}
84.08408000000054	EXP	szo_kiir: text = "mond"
84.6032899999991	EXP	szo_kiir: autoDraw = true
85.10855500004254	DATA	Keydown: ArrowRight
85.12562000000617	EXP	szo_kiir: autoDraw = false
85.12562000000617	EXP	szo_kiir: color = {"_rgb":[1,1,1]}
85.12562000000617	EXP	szo_kiir: text = "maliző"
85.6361400000169	EXP	szo_kiir: autoDraw = true
86.41216000000713	DATA	Keydown: ArrowLeft
86.41716499999166	EXP	szo_kiir: autoDraw = false
86.41716499999166	EXP	szo_kiir: color = {"_rgb":[1,1,1]}
86.41716499999166	EXP	szo_kiir: text = "könyvtár"
86.93656000000192	EXP	szo_kiir: autoDraw = true
87.38436000002548	DATA	Keydown: ArrowRight
87.40684499999043	EXP	szo_kiir: autoDraw = false
87.40684499999043	EXP	szo_kiir: color = {"_rgb":[1,1,1]}
87.40684499999043	EXP	szo_kiir: text = "kampány"
87.91867000004277	EXP	szo_kiir: autoDraw = true
88.39566000003833	DATA	Keydown: ArrowRight
88.40010000002803	EXP	szo_kiir: autoDraw = false
88.40010000002803	EXP	szo_kiir: color = {"_rgb":[1,1,1]}
88.40010000002803	EXP	szo_kiir: text = "híd"
88.91865000000689	EXP	szo_kiir: autoDraw = true
89.41773000004468	DATA	Keydown: ArrowRight
89.43918500002474	EXP	szo_kiir: autoDraw = false
89.43918500002474	EXP	szo_kiir: color = {"_rgb":[1,1,1]}
89.43918500002474	EXP	szo_kiir: text = "irány"
89.95235999999568	EXP	szo_kiir: autoDraw = true
90.26758500002325	DATA	Keydown: ArrowRight
90.2835550000309	EXP	szo_kiir: autoDraw = false
90.2835550000309	EXP	szo_kiir: color = {"_rgb":[1,1,1]}
90.2835550000309	EXP	szo_kiir: text = "mozgalom"
90.8021150000277	EXP	szo_kiir: autoDraw = true
91.28010999999242	DATA	Keydown: ArrowRight
91.28870999999344	EXP	szo_kiir: autoDraw = false
91.28870999999344	EXP	szo_kiir: color = {"_rgb":[1,1,1]}
91.28870999999344	EXP	szo_kiir: text = "konyrúd"
91.80186000000685	EXP	szo_kiir: autoDraw = true
92.29377500002738	DATA	Keydown: ArrowRight
92.29959000000963	EXP	szo_kiir: autoDraw = false
92.29959000000963	EXP	szo_kiir: color = {"_rgb":[1,1,1]}
92.29959000000963	EXP	szo_kiir: text = "szerez"
92.81792000000132	EXP	szo_kiir: autoDraw = true
93.5506850000238	DATA	Keydown: ArrowRight
93.56622500001686	EXP	szo_kiir: autoDraw = false
93.56622500001686	EXP	szo_kiir: color = {"_rgb":[1,1,1]}
93.56622500001686	EXP	szo_kiir: text = "pár"
94.08463500003563	EXP	szo_kiir: autoDraw = true
94.56706500001019	DATA	Keydown: ArrowRight
94.58808499999577	EXP	szo_kiir: autoDraw = false
94.58808499999577	EXP	szo_kiir: color = {"_rgb":[1,1,1]}
94.58808499999577	EXP	szo_kiir: text = "trend"
95.10125000000698	EXP	szo_kiir: autoDraw = true
95.72461500001373	DATA	Keydown: ArrowRight
95.73269500001334	EXP	szo_kiir: autoDraw = false
95.73269500001334	EXP	szo_kiir: color = {"_rgb":[1,1,1]}
95.73269500001334	EXP	szo_kiir: text = "daragasi"
96.25103500002297	EXP	szo_kiir: autoDraw = true
96.90861500002211	DATA	Keydown: ArrowLeft
96.91841500002192	EXP	szo_kiir: autoDraw = false
96.91841500002192	EXP	szo_kiir: color = {"_rgb":[1,1,1]}
96.91841500002192	EXP	szo_kiir: text = "meggyabb"
97.43393500003731	EXP	szo_kiir: autoDraw = true
98.26992500002962	DATA	Keydown: ArrowLeft
98.28174000000581	EXP	szo_kiir: autoDraw = false
98.28174000000581	EXP	szo_kiir: color = {"_rgb":[1,1,1]}
98.28174000000581	EXP	szo_kiir: text = "vád"
98.80137000000104	EXP	szo_kiir: autoDraw = true
99.26819999999134	DATA	Keydown: ArrowRight
99.28622499998892	EXP	szo_kiir: autoDraw = false
99.28622499998892	EXP	szo_kiir: color = {"_rgb":[1,1,1]}
99.28622499998892	EXP	szo_kiir: text = "ponálgai"
99.8008400000399	EXP	szo_kiir: autoDraw = true
100.4022400000249	DATA	Keydown: ArrowLeft
100.41514500003541	EXP	szo_kiir: autoDraw = false
100.41514500003541	EXP	szo_kiir: color = {"_rgb":[1,1,1]}
100.41514500003541	EXP	szo_kiir: text = "sivirányi"
100.93334500002675	EXP	szo_kiir: autoDraw = true
101.68232500000158	DATA	Keydown: ArrowLeft
101.70310500002233	EXP	szo_kiir: autoDraw = false
101.70310500002233	EXP	szo_kiir: color = {"_rgb":[1,1,1]}
101.70310500002233	EXP	szo_kiir: text = "kilogramm"
102.21698000002652	EXP	szo_kiir: autoDraw = true
102.75674000004074	DATA	Keydown: ArrowRight
102.76460500003304	EXP	szo_kiir: autoDraw = false
102.76460500003304	EXP	szo_kiir: color = {"_rgb":[1,1,1]}
102.76460500003304	EXP	szo_kiir: text = "fartózható"
103.28336000000127	EXP	szo_kiir: autoDraw = true
104.38521500001661	DATA	Keydown: ArrowLeft
104.4020400000154	EXP	szo_kiir: autoDraw = false
104.4020400000154	EXP	szo_kiir: color = {"_rgb":[1,1,1]}
104.4020400000154	EXP	szo_kiir: text = "mítosz"
104.91656500002136	EXP	szo_kiir: autoDraw = true
105.40421500004595	DATA	Keydown: ArrowRight
105.41441500000656	EXP	szo_kiir: autoDraw = false
105.41441500000656	EXP	szo_kiir: color = {"_rgb":[1,1,1]}
105.41441500000656	EXP	szo_kiir: text = "állvány"
105.93301999999676	EXP	szo_kiir: autoDraw = true
106.51527500001248	DATA	Keydown: ArrowRight
106.5365500000189	EXP	szo_kiir: autoDraw = false
106.5365500000189	EXP	szo_kiir: color = {"_rgb":[1,1,1]}
106.5365500000189	EXP	szo_kiir: text = "hajlik"
107.04894000000786	EXP	szo_kiir: autoDraw = true
107.40508500003489	DATA	Keydown: ArrowRight
107.41437000001315	EXP	szo_kiir: autoDraw = false
107.41437000001315	EXP	szo_kiir: color = {"_rgb":[1,1,1]}
107.41437000001315	EXP	szo_kiir: text = "szeudor"
107.93350000004284	EXP	szo_kiir: autoDraw = true
108.48175999999512	DATA	Keydown: ArrowLeft
108.50307500001509	EXP	szo_kiir: autoDraw = false
108.50307500001509	EXP	szo_kiir: color = {"_rgb":[1,1,1]}
108.50307500001509	EXP	szo_kiir: text = "közhely"
109.01617499999702	EXP	szo_kiir: autoDraw = true
109.5158100000117	DATA	Keydown: ArrowRight
109.53078500000993	EXP	szo_kiir: autoDraw = false
109.53078500000993	EXP	szo_kiir: color = {"_rgb":[1,1,1]}
109.53078500000993	EXP	szo_kiir: text = "sugár"
110.04769999999553	EXP	szo_kiir: autoDraw = true
110.44302500004414	DATA	Keydown: ArrowRight
110.45375000004424	EXP	szo_kiir: autoDraw = false
110.45375000004424	EXP	szo_kiir: color = {"_rgb":[1,1,1]}
110.45375000004424	EXP	szo_kiir: text = "hamburger"
110.9649550000322	EXP	szo_kiir: autoDraw = true
111.410904999997	DATA	Keydown: ArrowRight
111.41422999999486	EXP	szo_kiir: autoDraw = false
111.41422999999486	EXP	szo_kiir: color = {"_rgb":[1,1,1]}
111.41422999999486	EXP	szo_kiir: text = "kiletette"
111.93234500003746	EXP	szo_kiir: autoDraw = true
112.4347350000171	DATA	Keydown: ArrowRight
112.4473650000291	EXP	szo_kiir: autoDraw = false
112.4473650000291	EXP	szo_kiir: color = {"_rgb":[1,1,1]}
112.4473650000291	EXP	szo_kiir: text = "pénzösszeg"
112.96736499998951	EXP	szo_kiir: autoDraw = true
113.43392500001937	DATA	Keydown: ArrowRight
113.45572500000708	EXP	szo_kiir: autoDraw = false
113.45572500000708	EXP	szo_kiir: color = {"_rgb":[1,1,1]}
113.45572500000708	EXP	szo_kiir: text = "neon"
113.96514500002377	EXP	szo_kiir: autoDraw = true
114.55258000001777	DATA	Keydown: ArrowLeft
114.56310999998823	EXP	szo_kiir: autoDraw = false
114.56310999998823	EXP	szo_kiir: color = {"_rgb":[1,1,1]}
114.56310999998823	EXP	szo_kiir: text = "lik"
115.08160000003409	EXP	szo_kiir: autoDraw = true
116.24754499999108	DATA	Keydown: ArrowLeft
116.26318000000902	EXP	szo_kiir: autoDraw = false
116.26318000000902	EXP	szo_kiir: color = {"_rgb":[1,1,1]}
116.26318000000902	EXP	szo_kiir: text = "biblikus"
116.782050000038	EXP	szo_kiir: autoDraw = true
117.35740999999689	DATA	Keydown: ArrowRight
117.36352000001352	EXP	szo_kiir: autoDraw = false
117.36352000001352	EXP	szo_kiir: color = {"_rgb":[1,1,1]}
117.36352000001352	EXP	szo_kiir: text = "főispán"
117.88175000000047	EXP	szo_kiir: autoDraw = true
118.59214000002248	DATA	Keydown: ArrowRight
118.60050000000047	EXP	szo_kiir: autoDraw = false
118.60050000000047	EXP	szo_kiir: color = {"_rgb":[1,1,1]}
118.60050000000047	EXP	szo_kiir: text = "hullámzik"
119.11462500004563	EXP	szo_kiir: autoDraw = true
119.6064400000032	DATA	Keydown: ArrowRight
119.61254500003997	EXP	szo_kiir: autoDraw = false
119.61254500003997	EXP	szo_kiir: color = {"_rgb":[1,1,1]}
119.61254500003997	EXP	szo_kiir: text = "üldögél"
120.1312850000104	EXP	szo_kiir: autoDraw = true
120.61535000003641	DATA	Keydown: ArrowRight
120.63288500002818	EXP	szo_kiir: autoDraw = false
120.63288500002818	EXP	szo_kiir: color = {"_rgb":[1,1,1]}
120.63288500002818	EXP	szo_kiir: text = "katerült"
121.147415000014	EXP	szo_kiir: autoDraw = true
121.79087000002619	DATA	Keydown: ArrowLeft
121.79557499999646	EXP	szo_kiir: autoDraw = false
121.79557499999646	EXP	szo_kiir: color = {"_rgb":[1,1,1]}
121.79557499999646	EXP	szo_kiir: text = "rotor"
122.31392500002403	EXP	szo_kiir: autoDraw = true
122.77451000001747	DATA	Keydown: ArrowRight
122.78470499999821	EXP	szo_kiir: autoDraw = false
122.78470499999821	EXP	szo_kiir: color = {"_rgb":[1,1,1]}
122.78470499999821	EXP	szo_kiir: text = "bódé"
123.29755000001751	EXP	szo_kiir: autoDraw = true
123.98162000003504	DATA	Keydown: ArrowRight
123.99514000001363	EXP	szo_kiir: autoDraw = false
123.99514000001363	EXP	szo_kiir: color = {"_rgb":[1,1,1]}
123.99514000001363	EXP	szo_kiir: text = "feledékeny"
124.51574500004062	EXP	szo_kiir: autoDraw = true
125.08517500001471	DATA	Keydown: ArrowRight
125.10036000004038	EXP	szo_kiir: autoDraw = false
125.10036000004038	EXP	szo_kiir: color = {"_rgb":[1,1,1]}
125.10036000004038	EXP	szo_kiir: text = "indulatú"
125.61425000004238	EXP	szo_kiir: autoDraw = true
126.21304500004044	DATA	Keydown: ArrowRight
126.22865500004264	EXP	szo_kiir: autoDraw = false
126.22865500004264	EXP	szo_kiir: color = {"_rgb":[1,1,1]}
126.22865500004264	EXP	szo_kiir: text = "nagybeteg"
126.74759500002256	EXP	szo_kiir: autoDraw = true
127.22922999999719	DATA	Keydown: ArrowRight
127.2498149999883	EXP	szo_kiir: autoDraw = false
127.2498149999883	EXP	szo_kiir: color = {"_rgb":[1,1,1]}
127.2498149999883	EXP	szo_kiir: text = "csattog"
127.76399000000674	EXP	szo_kiir: autoDraw = true
128.34555500000715	DATA	Keydown: ArrowRight
128.3616950000287	EXP	szo_kiir: autoDraw = false
128.3616950000287	EXP	szo_kiir: color = {"_rgb":[1,1,1]}
128.3616950000287	EXP	szo_kiir: text = "sikációzan"
128.88042000000132	EXP	szo_kiir: autoDraw = true
129.5459100000444	DATA	Keydown: ArrowLeft
129.56687000003876	EXP	szo_kiir: autoDraw = false
129.56687000003876	EXP	szo_kiir: color = {"_rgb":[1,1,1]}
129.56687000003876	EXP	szo_kiir: text = "mihálóz"
130.07982000004267	EXP	szo_kiir: autoDraw = true
130.66260000003967	DATA	Keydown: ArrowLeft
130.67803000001004	EXP	szo_kiir: autoDraw = false
130.67803000001004	EXP	szo_kiir: color = {"_rgb":[1,1,1]}
130.67803000001004	EXP	szo_kiir: text = "csobog"
131.19669499999145	EXP	szo_kiir: autoDraw = true
131.59632000001147	DATA	Keydown: ArrowRight
131.61721500003478	EXP	szo_kiir: autoDraw = false
131.61721500003478	EXP	szo_kiir: color = {"_rgb":[1,1,1]}
131.61721500003478	EXP	szo_kiir: text = "komolyodik"
132.12963500001933	EXP	szo_kiir: autoDraw = true
132.6155199999921	DATA	Keydown: ArrowRight
132.62829500000225	EXP	szo_kiir: autoDraw = false
132.62829500000225	EXP	szo_kiir: color = {"_rgb":[1,1,1]}
132.62829500000225	EXP	szo_kiir: text = "viszkóz"
133.1467100000009	EXP	szo_kiir: autoDraw = true
133.59432999999262	DATA	Keydown: ArrowRight
133.61520500003826	EXP	szo_kiir: autoDraw = false
133.61520500003826	EXP	szo_kiir: color = {"_rgb":[1,1,1]}
133.61520500003826	EXP	szo_kiir: text = "felte"
134.13066500000423	EXP	szo_kiir: autoDraw = true
134.78033999999752	DATA	Keydown: ArrowLeft
134.7944000000134	EXP	szo_kiir: autoDraw = false
134.7944000000134	EXP	szo_kiir: color = {"_rgb":[1,1,1]}
134.7944000000134	EXP	szo_kiir: text = "bocskor"
135.3131750000175	EXP	szo_kiir: autoDraw = true
135.69746500003384	DATA	Keydown: ArrowRight
135.71802000002936	EXP	szo_kiir: autoDraw = false
135.71802000002936	EXP	szo_kiir: color = {"_rgb":[1,1,1]}
135.71802000002936	EXP	szo_kiir: text = "lemesség"
136.22948500001803	EXP	szo_kiir: autoDraw = true
136.9615900000208	DATA	Keydown: ArrowLeft
136.9773850000347	EXP	szo_kiir: autoDraw = false
136.9773850000347	EXP	szo_kiir: color = {"_rgb":[1,1,1]}
136.9773850000347	EXP	szo_kiir: text = "renderzia"
137.49496000004	EXP	szo_kiir: autoDraw = true
138.1611200000043	DATA	Keydown: ArrowLeft
138.18105000001378	EXP	szo_kiir: autoDraw = false
138.18105000001378	EXP	szo_kiir: color = {"_rgb":[1,1,1]}
138.18105000001378	EXP	szo_kiir: text = "orientál"
138.69474500004435	EXP	szo_kiir: autoDraw = true
139.2849850000348	DATA	Keydown: ArrowLeft
139.29360999999335	EXP	szo_kiir: autoDraw = false
139.29360999999335	EXP	szo_kiir: color = {"_rgb":[1,1,1]}
139.29360999999335	EXP	szo_kiir: text = "zökkévei"
139.81138999998802	EXP	szo_kiir: autoDraw = true
140.7316850000061	DATA	Keydown: ArrowLeft
140.74294500000542	EXP	szo_kiir: autoDraw = false
140.74294500000542	EXP	szo_kiir: color = {"_rgb":[1,1,1]}
140.74294500000542	EXP	szo_kiir: text = "volt"
141.2613100000308	EXP	szo_kiir: autoDraw = true
141.82141500001308	DATA	Keydown: ArrowRight
141.83159000001615	EXP	szo_kiir: autoDraw = false
141.83159000001615	EXP	szo_kiir: color = {"_rgb":[1,1,1]}
141.83159000001615	EXP	szo_kiir: text = "oszcillál"
142.34471999999369	EXP	szo_kiir: autoDraw = true
142.99746000004234	DATA	Keydown: ArrowLeft
143.00965500000166	EXP	szo_kiir: autoDraw = false
143.00965500000166	EXP	szo_kiir: color = {"_rgb":[1,1,1]}
143.00965500000166	EXP	szo_kiir: text = "gyülemlik"
143.52854999998817	EXP	szo_kiir: autoDraw = true
144.28883500001393	DATA	Keydown: ArrowRight
144.29305500001647	EXP	szo_kiir: autoDraw = false
144.29305500001647	EXP	szo_kiir: color = {"_rgb":[1,1,1]}
144.29305500001647	EXP	szo_kiir: text = "álomkór"
144.81163499999093	EXP	szo_kiir: autoDraw = true
145.57174000004306	DATA	Keydown: ArrowRight
145.5816450000275	EXP	szo_kiir: autoDraw = false
145.5816450000275	EXP	szo_kiir: color = {"_rgb":[1,1,1]}
145.5816450000275	EXP	szo_kiir: text = "monetarizmus"
146.09633999998914	EXP	szo_kiir: autoDraw = true
146.80017500004033	DATA	Keydown: ArrowLeft
146.80985000001965	EXP	szo_kiir: autoDraw = false
146.80985000001965	EXP	szo_kiir: color = {"_rgb":[1,1,1]}
146.80985000001965	EXP	szo_kiir: text = "szódabikarbonát"
147.32902000000468	EXP	szo_kiir: autoDraw = true
147.9520350000239	DATA	Keydown: ArrowRight
147.95908000000054	EXP	szo_kiir: autoDraw = false
147.95908000000054	EXP	szo_kiir: color = {"_rgb":[1,1,1]}
147.95908000000054	EXP	szo_kiir: text = "vonzum"
148.47763999999734	EXP	szo_kiir: autoDraw = true
149.37294500001008	DATA	Keydown: ArrowLeft
149.38238000002457	EXP	szo_kiir: autoDraw = false
149.38238000002457	EXP	szo_kiir: color = {"_rgb":[1,1,1]}
149.38238000002457	EXP	szo_kiir: text = "oldolt"
149.89433999999892	EXP	szo_kiir: autoDraw = true
150.42666500003543	DATA	Keydown: ArrowRight
150.4424149999977	EXP	szo_kiir: autoDraw = false
150.4424149999977	EXP	szo_kiir: color = {"_rgb":[1,1,1]}
150.4424149999977	EXP	szo_kiir: text = "kanalaz"
150.96089500002563	EXP	szo_kiir: autoDraw = true
151.52670000004582	DATA	Keydown: ArrowRight
151.54232000000775	EXP	szo_kiir: autoDraw = false
151.54232000000775	EXP	szo_kiir: color = {"_rgb":[1,1,1]}
151.54232000000775	EXP	szo_kiir: text = "aggófű"
152.06118499999866	EXP	szo_kiir: autoDraw = true
152.7319650000427	DATA	Keydown: ArrowRight
152.74723000003723	EXP	szo_kiir: autoDraw = false
152.74723000003723	EXP	szo_kiir: color = {"_rgb":[1,1,1]}
152.74723000003723	EXP	szo_kiir: text = "takaréktűzhely"
153.25946999998996	EXP	szo_kiir: autoDraw = true
154.21983499999624	DATA	Keydown: ArrowRight
154.22493500000564	EXP	szo_kiir: autoDraw = false
154.22493500000564	EXP	szo_kiir: color = {"_rgb":[1,1,1]}
154.22493500000564	EXP	szo_kiir: text = "csőszház"
154.74373500002548	EXP	szo_kiir: autoDraw = true
155.60260500002187	DATA	Keydown: ArrowRight
155.61275000002934	EXP	szo_kiir: autoDraw = false
155.61275000002934	EXP	szo_kiir: color = {"_rgb":[1,1,1]}
155.61275000002934	EXP	szo_kiir: text = "homályosít"
156.1270000000368	EXP	szo_kiir: autoDraw = true
156.685839999991	DATA	Keydown: ArrowRight
156.69180999998935	EXP	szo_kiir: autoDraw = false
156.69180999998935	EXP	szo_kiir: color = {"_rgb":[1,1,1]}
156.69180999998935	EXP	szo_kiir: text = "szánkózik"
157.2101300000213	EXP	szo_kiir: autoDraw = true
157.63338000001386	DATA	Keydown: ArrowRight
157.6469700000016	EXP	szo_kiir: autoDraw = false
157.6469700000016	EXP	szo_kiir: color = {"_rgb":[1,1,1]}
157.6469700000016	EXP	szo_kiir: text = "tutamizál"
158.15980500000296	EXP	szo_kiir: autoDraw = true
159.0354149999912	DATA	Keydown: ArrowLeft
159.04141500004334	EXP	szo_kiir: autoDraw = false
159.04141500004334	EXP	szo_kiir: color = {"_rgb":[1,1,1]}
159.04141500004334	EXP	szo_kiir: text = "tipizál"
159.55980500002624	EXP	szo_kiir: autoDraw = true
160.07527999999002	DATA	Keydown: ArrowRight
160.09627500001807	EXP	szo_kiir: autoDraw = false
160.09627500001807	EXP	szo_kiir: color = {"_rgb":[1,1,1]}
160.09627500001807	EXP	szo_kiir: text = "luftballon"
160.6095750000095	EXP	szo_kiir: autoDraw = true
161.32018999999855	DATA	Keydown: ArrowRight
161.32445000001462	EXP	szo_kiir: autoDraw = false
161.32445000001462	EXP	szo_kiir: color = {"_rgb":[1,1,1]}
161.32445000001462	EXP	szo_kiir: text = "tangózik"
161.84304000000702	EXP	szo_kiir: autoDraw = true
162.94852000003448	DATA	Keydown: ArrowLeft
162.95759000000544	EXP	szo_kiir: autoDraw = false
162.95759000000544	EXP	szo_kiir: color = {"_rgb":[1,1,1]}
162.95759000000544	EXP	szo_kiir: text = "nyurcaret"
163.47623999998905	EXP	szo_kiir: autoDraw = true
164.43288500001654	DATA	Keydown: ArrowLeft
164.4452450000099	EXP	szo_kiir: autoDraw = false
164.4452450000099	EXP	szo_kiir: color = {"_rgb":[1,1,1]}
164.4452450000099	EXP	szo_kiir: text = "multiregionális"
164.95939000003273	EXP	szo_kiir: autoDraw = true
166.29803000000538	DATA	Keydown: ArrowRight
166.30726999999024	EXP	szo_kiir: autoDraw = false
166.30726999999024	EXP	szo_kiir: color = {"_rgb":[1,1,1]}
166.30726999999024	EXP	szo_kiir: text = "áruszállítmány"
166.82581000000937	EXP	szo_kiir: autoDraw = true
167.73487000004388	DATA	Keydown: ArrowRight
167.7455750000081	EXP	szo_kiir: autoDraw = false
167.7455750000081	EXP	szo_kiir: color = {"_rgb":[1,1,1]}
167.7455750000081	EXP	szo_kiir: text = "bouillon"
168.25801500002854	EXP	szo_kiir: autoDraw = true
168.96081000001868	DATA	Keydown: ArrowLeft
168.97284000000218	EXP	szo_kiir: autoDraw = false
168.97284000000218	EXP	szo_kiir: color = {"_rgb":[1,1,1]}
168.97284000000218	EXP	szo_kiir: text = "dobbant"
169.49119000002975	EXP	szo_kiir: autoDraw = true
170.33327500004089	DATA	Keydown: ArrowRight
170.33958999998868	EXP	szo_kiir: autoDraw = false
170.33958999998868	EXP	szo_kiir: color = {"_rgb":[1,1,1]}
170.33958999998868	EXP	szo_kiir: text = "kölönc"
170.85747500002617	EXP	szo_kiir: autoDraw = true
171.38981500000227	DATA	Keydown: ArrowRight
171.41031000000658	EXP	szo_kiir: autoDraw = false
171.41031000000658	EXP	szo_kiir: color = {"_rgb":[1,1,1]}
171.41031000000658	EXP	szo_kiir: text = "ízesedik"
171.92400500003714	EXP	szo_kiir: autoDraw = true
172.92353000002913	DATA	Keydown: ArrowRight
172.93955499998992	EXP	szo_kiir: autoDraw = false
172.93955499998992	EXP	szo_kiir: color = {"_rgb":[1,1,1]}
172.93955499998992	EXP	szo_kiir: text = "istenkedik"
173.45740499999374	EXP	szo_kiir: autoDraw = true
174.36374500003876	DATA	Keydown: ArrowRight
174.37559000001056	EXP	szo_kiir: autoDraw = false
174.37559000001056	EXP	szo_kiir: color = {"_rgb":[1,1,1]}
174.37559000001056	EXP	szo_kiir: text = "nomináljövedelem"
174.89157500001602	EXP	szo_kiir: autoDraw = true
176.35139500000514	DATA	Keydown: ArrowRight
176.35592500003986	EXP	szo_kiir: autoDraw = false
176.35592500003986	EXP	szo_kiir: color = {"_rgb":[1,1,1]}
176.35592500003986	EXP	szo_kiir: text = "bolondoz"
176.874215000018	EXP	szo_kiir: autoDraw = true
177.6581250000163	DATA	Keydown: ArrowRight
177.67701000004308	EXP	szo_kiir: autoDraw = false
177.67701000004308	EXP	szo_kiir: color = {"_rgb":[1,1,1]}
177.67701000004308	EXP	szo_kiir: text = "türemlik"
178.19064500002423	EXP	szo_kiir: autoDraw = true
179.19065500004217	DATA	Keydown: ArrowLeft
179.205660000036	EXP	szo_kiir: autoDraw = false
179.205660000036	EXP	szo_kiir: color = {"_rgb":[1,1,1]}
179.205660000036	EXP	szo_kiir: text = "kócol"
179.72360000002664	EXP	szo_kiir: autoDraw = true
180.29052000003867	DATA	Keydown: ArrowRight
180.30561500001932	EXP	szo_kiir: autoDraw = false
180.30561500001932	EXP	szo_kiir: color = {"_rgb":[1,1,1]}
180.30561500001932	EXP	szo_kiir: text = "fenőszíj"
180.823870000022	EXP	szo_kiir: autoDraw = true
181.5568450000137	DATA	Keydown: ArrowLeft
181.57198500004597	EXP	szo_kiir: autoDraw = false
181.57198500004597	EXP	szo_kiir: color = {"_rgb":[1,1,1]}
181.57198500004597	EXP	szo_kiir: text = "karnogó"
182.09012000000803	EXP	szo_kiir: autoDraw = true
183.09442999999737	DATA	Keydown: ArrowLeft
183.11156500002835	EXP	szo_kiir: autoDraw = false
183.11156500002835	EXP	szo_kiir: color = {"_rgb":[1,1,1]}
183.11156500002835	EXP	szo_kiir: text = "lakotthely"
183.62310500000603	EXP	szo_kiir: autoDraw = true
184.17295999999624	DATA	Keydown: ArrowRight
184.18843000003835	EXP	szo_kiir: autoDraw = false
184.18843000003835	EXP	szo_kiir: color = {"_rgb":[1,1,1]}
184.18843000003835	EXP	szo_kiir: text = "prografej"
184.7063499999931	EXP	szo_kiir: autoDraw = true
185.55574999999953	DATA	Keydown: ArrowLeft
185.57558000000427	EXP	szo_kiir: autoDraw = false
185.57558000000427	EXP	szo_kiir: color = {"_rgb":[1,1,1]}
185.57558000000427	EXP	szo_kiir: text = "heliotropizmus"
186.08978999999817	EXP	szo_kiir: autoDraw = true
187.32743000000482	DATA	Keydown: ArrowRight
187.33793500001775	EXP	szo_kiir: autoDraw = false
187.33793500001775	EXP	szo_kiir: color = {"_rgb":[1,1,1]}
187.33793500001775	EXP	szo_kiir: text = "magmatit"
187.85603000002448	EXP	szo_kiir: autoDraw = true
188.66595500003314	DATA	Keydown: ArrowLeft
188.67049500002759	EXP	szo_kiir: autoDraw = false
188.67049500002759	EXP	szo_kiir: color = {"_rgb":[1,1,1]}
188.67049500002759	EXP	szo_kiir: text = "szubvencionál"
189.18940999999177	EXP	szo_kiir: autoDraw = true
190.15528000000631	DATA	Keydown: ArrowRight
190.17726500000572	EXP	szo_kiir: autoDraw = false
190.17726500000572	EXP	szo_kiir: color = {"_rgb":[1,1,1]}
190.17726500000572	EXP	szo_kiir: text = "kispárlófű"
190.68884499999695	EXP	szo_kiir: autoDraw = true
191.6378750000149	DATA	Keydown: ArrowRight
191.65354000002844	EXP	szo_kiir: autoDraw = false
191.65354000002844	EXP	szo_kiir: color = {"_rgb":[1,1,1]}
191.65354000002844	EXP	szo_kiir: text = "csüggedez"
192.17243500001496	EXP	szo_kiir: autoDraw = true
193.06444500002544	DATA	Keydown: ArrowRight
193.07320500002243	EXP	szo_kiir: autoDraw = false
193.07320500002243	EXP	szo_kiir: color = {"_rgb":[1,1,1]}
193.07320500002243	EXP	szo_kiir: text = "heherész"
193.5886800000444	EXP	szo_kiir: autoDraw = true
194.44898000004468	DATA	Keydown: ArrowLeft
194.45332999998936	EXP	szo_kiir: autoDraw = false
194.45332999998936	EXP	szo_kiir: color = {"_rgb":[1,1,1]}
194.45332999998936	EXP	szo_kiir: text = "horganyfehér"
194.97097000002395	EXP	szo_kiir: autoDraw = true
197.0962400000426	DATA	Keydown: ArrowRight
197.10289000003831	EXP	szo_kiir: autoDraw = false
197.10289000003831	EXP	szo_kiir: color = {"_rgb":[1,1,1]}
197.10289000003831	EXP	szo_kiir: text = "legyszekli"
197.62069000001065	EXP	szo_kiir: autoDraw = true
198.74111500004074	DATA	Keydown: ArrowLeft
198.7594650000101	EXP	szo_kiir: autoDraw = false
198.7594650000101	EXP	szo_kiir: color = {"_rgb":[1,1,1]}
198.7594650000101	EXP	szo_kiir: text = "visszín"
199.2709700000123	EXP	szo_kiir: autoDraw = true
200.8874150000047	DATA	Keydown: ArrowLeft
200.9020100000198	EXP	szo_kiir: autoDraw = false
200.9020100000198	EXP	szo_kiir: color = {"_rgb":[1,1,1]}
200.9020100000198	EXP	szo_kiir: text = "balhitű"
201.420689999999	EXP	szo_kiir: autoDraw = true
202.38180000003194	DATA	Keydown: ArrowRight
202.39177500002552	EXP	szo_kiir: autoDraw = false
202.39177500002552	EXP	szo_kiir: color = {"_rgb":[1,1,1]}
202.39177500002552	EXP	szo_kiir: text = "alka"
202.90344500000356	EXP	szo_kiir: autoDraw = true
203.75332499999786	DATA	Keydown: ArrowLeft
203.76926999998977	EXP	szo_kiir: autoDraw = false
203.76926999998977	EXP	szo_kiir: color = {"_rgb":[1,1,1]}
203.76926999998977	EXP	szo_kiir: text = "elcsigázódik"
204.28682000003755	EXP	szo_kiir: autoDraw = true
205.05538999999408	DATA	Keydown: ArrowRight
205.07290500000818	EXP	szo_kiir: autoDraw = false
205.07290500000818	EXP	szo_kiir: color = {"_rgb":[1,1,1]}
205.07290500000818	EXP	szo_kiir: text = "tilitálós"
205.58854500000598	EXP	szo_kiir: autoDraw = true
206.57002000004286	DATA	Keydown: ArrowLeft
206.5853600000264	EXP	szo_kiir: autoDraw = false
206.5853600000264	EXP	szo_kiir: color = {"_rgb":[1,1,1]}
206.5853600000264	EXP	szo_kiir: text = "kalligrafál"
207.10356499999762	EXP	szo_kiir: autoDraw = true
208.07420500001172	DATA	Keydown: ArrowLeft
208.08506000001216	EXP	szo_kiir: autoDraw = false
208.08506000001216	EXP	szo_kiir: color = {"_rgb":[1,1,1]}
208.08506000001216	EXP	szo_kiir: text = "pozákevegy"
208.60421000001952	EXP	szo_kiir: autoDraw = true
209.6251550000161	DATA	Keydown: ArrowLeft
209.649075000023	EXP	szo_kiir: autoDraw = false
209.649075000023	EXP	szo_kiir: color = {"_rgb":[1,1,1]}
209.649075000023	EXP	szo_kiir: text = "megfogózik"
210.15299000003142	EXP	szo_kiir: autoDraw = true
210.7729549999931	DATA	Keydown: ArrowRight
210.78471500001615	EXP	szo_kiir: autoDraw = false
210.78471500001615	EXP	szo_kiir: color = {"_rgb":[1,1,1]}
210.78471500001615	EXP	szo_kiir: text = "szélmalomszárny"
211.30310000001919	EXP	szo_kiir: autoDraw = true
212.42844500002684	DATA	Keydown: ArrowRight
212.4421699999948	EXP	szo_kiir: autoDraw = false
212.4421699999948	EXP	szo_kiir: color = {"_rgb":[1,1,1]}
212.4421699999948	EXP	szo_kiir: text = "frizíroz"
212.95257000002312	EXP	szo_kiir: autoDraw = true
213.7688799999887	DATA	Keydown: ArrowLeft
213.784570000018	EXP	szo_kiir: autoDraw = false
213.784570000018	EXP	szo_kiir: color = {"_rgb":[1,1,1]}
213.784570000018	EXP	szo_kiir: text = "nyüvök"
214.30267000000458	EXP	szo_kiir: autoDraw = true
214.87153500004206	DATA	Keydown: ArrowRight
214.88444500003243	EXP	szo_kiir: autoDraw = false
214.88444500003243	EXP	szo_kiir: color = {"_rgb":[1,1,1]}
214.88444500003243	EXP	szo_kiir: text = "tetvetlenít"
215.4024850000278	EXP	szo_kiir: autoDraw = true
218.05460000003222	DATA	Keydown: ArrowRight
218.07194500003243	EXP	szo_kiir: autoDraw = false
218.07194500003243	EXP	szo_kiir: color = {"_rgb":[1,1,1]}
218.07194500003243	EXP	szo_kiir: text = "hermetizál"
218.58593500003917	EXP	szo_kiir: autoDraw = true
221.12559499999043	DATA	Keydown: ArrowRight
221.13297999999486	EXP	szo_kiir: autoDraw = false
221.13297999999486	EXP	szo_kiir: color = {"_rgb":[1,1,1]}
221.13297999999486	EXP	szo_kiir: text = "ködik"
221.65163000003668	EXP	szo_kiir: autoDraw = true
222.14400000002934	DATA	Keydown: ArrowRight
222.1497350000427	EXP	szo_kiir: autoDraw = false
222.1497350000427	EXP	szo_kiir: color = {"_rgb":[1,1,1]}
222.1497350000427	EXP	szo_kiir: text = "tőzsérkedik"
222.66844500001753	EXP	szo_kiir: autoDraw = true
223.57023499999195	DATA	Keydown: ArrowRight
223.58845500001917	EXP	szo_kiir: autoDraw = false
223.58845500001917	EXP	koszi_szoveg: autoDraw = true
224.65946500003338	DATA	Keydown: ArrowRight
225.69947500003036	DATA	Mouse: 0 button down, pos=(1083,832)
225.91064000001643	DATA	Mouse: 0 button down, pos=(1083,832)
226.80735000001732	DATA	Keydown:  
