0.3766450000111945	EXP	Created Window = Window( name=Window, fullscr=true, color=#000000, units=norm, waitBlanking=true, autoLog=true, size=[1600,757] )
5.537245000014082	DATA	Keydown: 1
5.851179999997839	DATA	Keydown: 3
6.018810000037774	DATA	Keydown: 3
6.328915000020061	DATA	Keydown: 7
20.622030000027735	DATA	Keydown: undefined
22.334200000041164	DATA	Keydown: undefined
24.793205000052694	DATA	Keydown: undefined
26.33168000000296	EXP	Created instruction_text1 = TextStim( name=instruction_text1, win=Window( name=Window, fullscr=true, color=#000000, ~), autoDraw=null, autoLog=true, units=norm, ori=null, opacity=1, pos=[0,0], size=undefined, text=Ön most szavakat fog látni.

Ezek között lesznek o~, font=Arial, color=#ffffff, contrast=1, height=0.05, bold=null, italic=null, alignHoriz=left, alignVert=center, wrapWidth=1, flipHoriz=null, flipVert=null )
26.38902500004042	EXP	Created instruction_text2 = TextStim( name=instruction_text2, win=Window( name=Window, fullscr=true, color=#000000, ~), autoDraw=null, autoLog=true, units=norm, ori=null, opacity=1, pos=[0,0], size=undefined, text=Először két egyszerű példát mutatunk Önnek.

Az el~, font=Arial, color=#FFFFFF, contrast=1, height=0.05, bold=null, italic=null, alignHoriz=left, alignVert=center, wrapWidth=1, flipHoriz=null, flipVert=null )
26.398115000047255	EXP	Created show_text = TextStim( name=show_text, win=Window( name=Window, fullscr=true, color=#000000, ~), autoDraw=null, autoLog=true, units=norm, ori=null, opacity=1, pos=[0,0], size=undefined, text=asztal, font=Arial, color=#FFFFFF, contrast=1, height=0.2, bold=null, italic=null, alignHoriz=left, alignVert=center, wrapWidth=1, flipHoriz=null, flipVert=null )
26.422880000027362	EXP	Created text = TextStim( name=text, win=Window( name=Window, fullscr=true, color=#000000, ~), autoDraw=null, autoLog=true, units=norm, ori=null, opacity=1, pos=[0,0], size=undefined, text=bzsmfsztal, font=Arial, color=#FFFFFF, contrast=1, height=0.2, bold=null, italic=null, alignHoriz=left, alignVert=center, wrapWidth=1, flipHoriz=null, flipVert=null )
26.431455000012647	EXP	Created instruction_text3 = TextStim( name=instruction_text3, win=Window( name=Window, fullscr=true, color=#000000, ~), autoDraw=null, autoLog=true, units=norm, ori=null, opacity=1, pos=[0,0], size=undefined, text=Pazar. Most kezdődik az igazi kísérlet. Néhány per~, font=Arial, color=#FFFFFF, contrast=1, height=0.1, bold=null, italic=null, alignHoriz=left, alignVert=center, wrapWidth=1, flipHoriz=null, flipVert=null )
26.436444999999367	EXP	Created szo_kiir = TextStim( name=szo_kiir, win=Window( name=Window, fullscr=true, color=#000000, ~), autoDraw=null, autoLog=true, units=norm, ori=null, opacity=1, pos=[0,0], size=undefined, text=default text, font=Arial, color=#FFFFFF, contrast=1, height=0.2, bold=null, italic=null, alignHoriz=left, alignVert=center, wrapWidth=1, flipHoriz=null, flipVert=null )
26.446555000031367	EXP	Created koszi_szoveg = TextStim( name=koszi_szoveg, win=Window( name=Window, fullscr=true, color=#000000, ~), autoDraw=null, autoLog=true, units=norm, ori=null, opacity=1, pos=[0,0], size=undefined, text=Vége a kísérletnek. Köszönjük a részvételt!, font=arial, color=#ffffff, contrast=1, height=0.1, bold=null, italic=null, alignHoriz=left, alignVert=center, wrapWidth=1, flipHoriz=null, flipVert=null )
26.66551000002073	EXP	instruction_text1: units = "norm"
26.66551000002073	EXP	instruction_text1: ori = 0
26.66551000002073	EXP	instruction_text1: opacity = 1
26.66551000002073	EXP	instruction_text1: pos = [0,0]
26.66551000002073	EXP	instruction_text1: size = undefined
26.66551000002073	EXP	instruction_text1: text = "Ön most szavakat fog látni.\n\nEzek között lesznek olyanok, amelyeket ismer, de előfordulhatnak olyanok is, amelyeket nem ismer, sőt, vannak köztük kitalált szavak is. \n\nKérjük, ha ismeri a képernyőn látható szót, nyomja meg a JOBB kurzorbillentyűt.\nKérjük, ha NEM ismeri a képernyőn látható szót, vagy azt gondolja, nincs ilyen szó a magyarban, nyomja meg a BAL kurzorbillentyűt.\n\nAz 'Ismerem a szót' döntés itt most ezt jelenti: találkoztam már vele, és van valami elképzelésem a jelentéséről is.  \n\nNyomjon meg bármilyen billentyűt a folytatáshoz."
26.66551000002073	EXP	instruction_text1: font = "Arial"
26.66551000002073	EXP	instruction_text1: color = {"_rgb":[1,1,1]}
26.66551000002073	EXP	instruction_text1: contrast = 1
26.66551000002073	EXP	instruction_text1: height = 0.05
26.66551000002073	EXP	instruction_text1: bold = false
26.66551000002073	EXP	instruction_text1: italic = false
26.66551000002073	EXP	instruction_text1: alignHoriz = "left"
26.66551000002073	EXP	instruction_text1: alignVert = "center"
26.66551000002073	EXP	instruction_text1: wrapWidth = 1
26.66551000002073	EXP	instruction_text1: flipHoriz = false
26.66551000002073	EXP	instruction_text1: flipVert = false
26.66551000002073	EXP	instruction_text2: units = "norm"
26.66551000002073	EXP	instruction_text2: ori = 0
26.66551000002073	EXP	instruction_text2: opacity = 1
26.66551000002073	EXP	instruction_text2: pos = [0,0]
26.66551000002073	EXP	instruction_text2: size = undefined
26.66551000002073	EXP	instruction_text2: text = "Először két egyszerű példát mutatunk Önnek.\n\nAz első szó létezik a magyarban, és valószínűleg Ön is ismeri. Itt nyomja majd meg a jobb kurzorbillentyűt.\nA második szó nem létezik a magyar nyelvben. Itt nyomja majd meg a bal kurzorbillentyűt.\n\nFontos, hogy a jobb gombot a jobb kezével, a bal gombot a bal kezével nyomja, ha tudja, és ne egy kezét használja a kísérletben.\n\nNyomjon meg bármilyen gombot a folytatáshoz."
26.66551000002073	EXP	instruction_text2: font = "Arial"
26.66551000002073	EXP	instruction_text2: color = {"_hex":"#FFFFFF","_rgb":[1,1,1]}
26.66551000002073	EXP	instruction_text2: contrast = 1
26.66551000002073	EXP	instruction_text2: height = 0.05
26.66551000002073	EXP	instruction_text2: bold = false
26.66551000002073	EXP	instruction_text2: italic = false
26.66551000002073	EXP	instruction_text2: alignHoriz = "left"
26.66551000002073	EXP	instruction_text2: alignVert = "center"
26.66551000002073	EXP	instruction_text2: wrapWidth = 1
26.66551000002073	EXP	instruction_text2: flipHoriz = false
26.66551000002073	EXP	instruction_text2: flipVert = false
26.66551000002073	EXP	show_text: units = "norm"
26.66551000002073	EXP	show_text: ori = 0
26.66551000002073	EXP	show_text: opacity = 1
26.66551000002073	EXP	show_text: pos = [0,0]
26.66551000002073	EXP	show_text: size = undefined
26.66551000002073	EXP	show_text: text = "asztal"
26.66551000002073	EXP	show_text: font = "Arial"
26.66551000002073	EXP	show_text: color = {"_hex":"#FFFFFF","_rgb":[1,1,1]}
26.66551000002073	EXP	show_text: contrast = 1
26.66551000002073	EXP	show_text: height = 0.2
26.66551000002073	EXP	show_text: bold = false
26.66551000002073	EXP	show_text: italic = false
26.66551000002073	EXP	show_text: alignHoriz = "left"
26.66551000002073	EXP	show_text: alignVert = "center"
26.66551000002073	EXP	show_text: wrapWidth = 1
26.66551000002073	EXP	show_text: flipHoriz = false
26.66551000002073	EXP	show_text: flipVert = false
26.66551000002073	EXP	text: units = "norm"
26.66551000002073	EXP	text: ori = 0
26.66551000002073	EXP	text: opacity = 1
26.66551000002073	EXP	text: pos = [0,0]
26.66551000002073	EXP	text: size = undefined
26.66551000002073	EXP	text: text = "bzsmfsztal"
26.66551000002073	EXP	text: font = "Arial"
26.66551000002073	EXP	text: color = {"_hex":"#FFFFFF","_rgb":[1,1,1]}
26.66551000002073	EXP	text: contrast = 1
26.66551000002073	EXP	text: height = 0.2
26.66551000002073	EXP	text: bold = false
26.66551000002073	EXP	text: italic = false
26.66551000002073	EXP	text: alignHoriz = "left"
26.66551000002073	EXP	text: alignVert = "center"
26.66551000002073	EXP	text: wrapWidth = 1
26.66551000002073	EXP	text: flipHoriz = false
26.66551000002073	EXP	text: flipVert = false
26.66551000002073	EXP	instruction_text3: units = "norm"
26.66551000002073	EXP	instruction_text3: ori = 0
26.66551000002073	EXP	instruction_text3: opacity = 1
26.66551000002073	EXP	instruction_text3: pos = [0,0]
26.66551000002073	EXP	instruction_text3: size = undefined
26.66551000002073	EXP	instruction_text3: text = "Pazar. Most kezdődik az igazi kísérlet. Néhány percig fog tartani. Nem kell nagyon sietnie, de igyekezzen gyorsan válaszolni.\n\nNe feledje, ha tudja, a jobb gombot a jobbkezével, a bal gombot a balkezével nyomja le.\n\nNyomjon meg bármilyen gombot a folytatáshoz."
26.66551000002073	EXP	instruction_text3: font = "Arial"
26.66551000002073	EXP	instruction_text3: color = {"_hex":"#FFFFFF","_rgb":[1,1,1]}
26.66551000002073	EXP	instruction_text3: contrast = 1
26.66551000002073	EXP	instruction_text3: height = 0.1
26.66551000002073	EXP	instruction_text3: bold = false
26.66551000002073	EXP	instruction_text3: italic = false
26.66551000002073	EXP	instruction_text3: alignHoriz = "left"
26.66551000002073	EXP	instruction_text3: alignVert = "center"
26.66551000002073	EXP	instruction_text3: wrapWidth = 1
26.66551000002073	EXP	instruction_text3: flipHoriz = false
26.66551000002073	EXP	instruction_text3: flipVert = false
26.66551000002073	EXP	szo_kiir: units = "norm"
26.66551000002073	EXP	szo_kiir: ori = 0
26.66551000002073	EXP	szo_kiir: opacity = 1
26.66551000002073	EXP	szo_kiir: pos = [0,0]
26.66551000002073	EXP	szo_kiir: size = undefined
26.66551000002073	EXP	szo_kiir: text = "default text"
26.66551000002073	EXP	szo_kiir: font = "Arial"
26.66551000002073	EXP	szo_kiir: color = {"_hex":"#FFFFFF","_rgb":[1,1,1]}
26.66551000002073	EXP	szo_kiir: contrast = 1
26.66551000002073	EXP	szo_kiir: height = 0.2
26.66551000002073	EXP	szo_kiir: bold = false
26.66551000002073	EXP	szo_kiir: italic = false
26.66551000002073	EXP	szo_kiir: alignHoriz = "left"
26.66551000002073	EXP	szo_kiir: alignVert = "center"
26.66551000002073	EXP	szo_kiir: wrapWidth = 1
26.66551000002073	EXP	szo_kiir: flipHoriz = false
26.66551000002073	EXP	szo_kiir: flipVert = false
26.66551000002073	EXP	koszi_szoveg: units = "norm"
26.66551000002073	EXP	koszi_szoveg: ori = 0
26.66551000002073	EXP	koszi_szoveg: opacity = 1
26.66551000002073	EXP	koszi_szoveg: pos = [0,0]
26.66551000002073	EXP	koszi_szoveg: size = undefined
26.66551000002073	EXP	koszi_szoveg: text = "Vége a kísérletnek. Köszönjük a részvételt!"
26.66551000002073	EXP	koszi_szoveg: font = "arial"
26.66551000002073	EXP	koszi_szoveg: color = {"_rgb":[1,1,1]}
26.66551000002073	EXP	koszi_szoveg: contrast = 1
26.66551000002073	EXP	koszi_szoveg: height = 0.1
26.66551000002073	EXP	koszi_szoveg: bold = false
26.66551000002073	EXP	koszi_szoveg: italic = false
26.66551000002073	EXP	koszi_szoveg: alignHoriz = "left"
26.66551000002073	EXP	koszi_szoveg: alignVert = "center"
26.66551000002073	EXP	koszi_szoveg: wrapWidth = 1
26.66551000002073	EXP	koszi_szoveg: flipHoriz = false
26.66551000002073	EXP	koszi_szoveg: flipVert = false
26.66551000002073	EXP	instruction_text1: autoDraw = true
39.95377500000177	DATA	Mouse: 2 button down, pos=(1014,656)
40.135805000027176	DATA	Mouse: 2 button down, pos=(1014,656)
41.205710000009276	DATA	Mouse: 0 button down, pos=(977,659)
41.33618000004208	DATA	Mouse: 0 button down, pos=(977,659)
43.080910000018775	DATA	Keydown:  
43.11772999999812	EXP	instruction_text1: autoDraw = false
43.11772999999812	EXP	instruction_text2: autoDraw = true
58.387180000019725	DATA	Keydown:  
58.40218500001356	EXP	instruction_text2: autoDraw = false
58.93701500003226	EXP	show_text: autoDraw = true
59.9106450000545	DATA	Mouse: 2 button down, pos=(906,675)
60.18228500004625	DATA	Mouse: 2 button down, pos=(906,675)
61.78624000004493	DATA	Mouse: 2 button down, pos=(914,549)
61.88121000002138	DATA	Mouse: 2 button down, pos=(914,549)
62.71526000002632	DATA	Mouse: 2 button down, pos=(915,552)
62.88178500003414	DATA	Mouse: 2 button down, pos=(915,552)
73.33947000000626	DATA	Keydown: ArrowRight
73.34745500003919	EXP	show_text: autoDraw = false
75.73176500003319	EXP	text: autoDraw = true
77.28981000004569	DATA	Keydown: ArrowLeft
77.67307000001892	EXP	text: autoDraw = false
77.67307000001892	EXP	instruction_text3: autoDraw = true
83.20998500002315	DATA	Keydown: ArrowRight
83.58092500001658	EXP	instruction_text3: autoDraw = false
83.58092500001658	EXP	szo_kiir: color = {"_rgb":[1,1,1]}
83.58092500001658	EXP	szo_kiir: text = "megy"
84.10228000005009	EXP	szo_kiir: autoDraw = true
85.15282499999739	DATA	Keydown: ArrowRight
85.16373500000918	EXP	szo_kiir: autoDraw = false
85.16373500000918	EXP	szo_kiir: color = {"_rgb":[1,1,1]}
85.16373500000918	EXP	szo_kiir: text = "szeptember"
85.68874000001233	EXP	szo_kiir: autoDraw = true
86.47227000002749	DATA	Keydown: ArrowRight
86.58747000002768	EXP	szo_kiir: autoDraw = false
86.58747000002768	EXP	szo_kiir: color = {"_rgb":[1,1,1]}
86.58747000002768	EXP	szo_kiir: text = "átrális"
87.10955000005197	EXP	szo_kiir: autoDraw = true
88.08853500004625	DATA	Keydown: ArrowLeft
88.1040600000415	EXP	szo_kiir: autoDraw = false
88.1040600000415	EXP	szo_kiir: color = {"_rgb":[1,1,1]}
88.1040600000415	EXP	szo_kiir: text = "nyelv"
88.62680500000715	EXP	szo_kiir: autoDraw = true
89.57725500001106	DATA	Keydown: ArrowRight
89.67384500004118	EXP	szo_kiir: autoDraw = false
89.67384500004118	EXP	szo_kiir: color = {"_rgb":[1,1,1]}
89.67384500004118	EXP	szo_kiir: text = "esemény"
90.18258500000229	EXP	szo_kiir: autoDraw = true
91.21632500004489	DATA	Keydown: ArrowRight
91.22958500002278	EXP	szo_kiir: autoDraw = false
91.22958500002278	EXP	szo_kiir: color = {"_rgb":[1,1,1]}
91.22958500002278	EXP	szo_kiir: text = "eszköz"
91.89148000004934	EXP	szo_kiir: autoDraw = true
93.4258550000377	DATA	Keydown: ArrowRight
93.60172000003513	EXP	szo_kiir: autoDraw = false
93.60172000003513	EXP	szo_kiir: color = {"_rgb":[1,1,1]}
93.60172000003513	EXP	szo_kiir: text = "föld"
94.1180100000347	EXP	szo_kiir: autoDraw = true
94.55261000001337	DATA	Keydown: ArrowRight
94.55791500001214	EXP	szo_kiir: autoDraw = false
94.55791500001214	EXP	szo_kiir: color = {"_rgb":[1,1,1]}
94.55791500001214	EXP	szo_kiir: text = "módszer"
95.08199500001501	EXP	szo_kiir: autoDraw = true
95.60948000004282	DATA	Keydown: ArrowRight
95.68392999999924	EXP	szo_kiir: autoDraw = false
95.68392999999924	EXP	szo_kiir: color = {"_rgb":[1,1,1]}
95.68392999999924	EXP	szo_kiir: text = "hiányzik"
96.20211000001291	EXP	szo_kiir: autoDraw = true
96.73657000000821	DATA	Keydown: ArrowRight
96.7445150000276	EXP	szo_kiir: autoDraw = false
96.7445150000276	EXP	szo_kiir: color = {"_rgb":[1,1,1]}
96.7445150000276	EXP	szo_kiir: text = "szegény"
97.25090500002261	EXP	szo_kiir: autoDraw = true
97.79224500001874	DATA	Keydown: ArrowRight
97.8316900000209	EXP	szo_kiir: autoDraw = false
97.8316900000209	EXP	szo_kiir: color = {"_rgb":[1,1,1]}
97.8316900000209	EXP	szo_kiir: text = "könyvtár"
98.35490000003483	EXP	szo_kiir: autoDraw = true
98.86826499999734	DATA	Keydown: ArrowRight
98.88462000002619	EXP	szo_kiir: autoDraw = false
98.88462000002619	EXP	szo_kiir: color = {"_rgb":[1,1,1]}
98.88462000002619	EXP	szo_kiir: text = "gondoskodik"
99.40955500002019	EXP	szo_kiir: autoDraw = true
99.99217000004137	DATA	Keydown: ArrowRight
100.03047500003595	EXP	szo_kiir: autoDraw = false
100.03047500003595	EXP	szo_kiir: color = {"_rgb":[1,1,1]}
100.03047500003595	EXP	szo_kiir: text = "kritikus"
100.54465500003425	EXP	szo_kiir: autoDraw = true
101.04842000000644	DATA	Keydown: ArrowRight
101.05689500004519	EXP	szo_kiir: autoDraw = false
101.05689500004519	EXP	szo_kiir: color = {"_rgb":[1,1,1]}
101.05689500004519	EXP	szo_kiir: text = "félelem"
101.5644050000119	EXP	szo_kiir: autoDraw = true
102.00969000003533	DATA	Keydown: ArrowRight
102.06564500002423	EXP	szo_kiir: autoDraw = false
102.06564500002423	EXP	szo_kiir: color = {"_rgb":[1,1,1]}
102.06564500002423	EXP	szo_kiir: text = "kéz"
102.5812900000019	EXP	szo_kiir: autoDraw = true
102.99664500000654	DATA	Keydown: ArrowRight
103.01274500001455	EXP	szo_kiir: autoDraw = false
103.01274500001455	EXP	szo_kiir: color = {"_rgb":[1,1,1]}
103.01274500001455	EXP	szo_kiir: text = "tartos"
103.53604500001529	EXP	szo_kiir: autoDraw = true
103.93658500001766	DATA	Keydown: ArrowRight
103.94855000003008	EXP	szo_kiir: autoDraw = false
103.94855000003008	EXP	szo_kiir: color = {"_rgb":[1,1,1]}
103.94855000003008	EXP	szo_kiir: text = "pohár"
104.4714400000521	EXP	szo_kiir: autoDraw = true
105.22004000004381	DATA	Keydown: ArrowRight
105.26691000000574	EXP	szo_kiir: autoDraw = false
105.26691000000574	EXP	szo_kiir: color = {"_rgb":[1,1,1]}
105.26691000000574	EXP	szo_kiir: text = "remény"
105.77326000004541	EXP	szo_kiir: autoDraw = true
106.50655000004917	DATA	Keydown: ArrowRight
106.52422000002116	EXP	szo_kiir: autoDraw = false
106.52422000002116	EXP	szo_kiir: color = {"_rgb":[1,1,1]}
106.52422000002116	EXP	szo_kiir: text = "ausztrál"
107.04512000002433	EXP	szo_kiir: autoDraw = true
108.21911000000546	DATA	Keydown: ArrowRight
108.29406500002369	EXP	szo_kiir: autoDraw = false
108.29406500002369	EXP	szo_kiir: color = {"_rgb":[1,1,1]}
108.29406500002369	EXP	szo_kiir: text = "keskeny"
109.00775500002783	EXP	szo_kiir: autoDraw = true
109.56828500004485	DATA	Keydown: ArrowRight
109.58156000002054	EXP	szo_kiir: autoDraw = false
109.58156000002054	EXP	szo_kiir: color = {"_rgb":[1,1,1]}
109.58156000002054	EXP	szo_kiir: text = "minimálbér"
110.10535500000697	EXP	szo_kiir: autoDraw = true
110.80203000002075	DATA	Keydown: ArrowRight
110.85955500003183	EXP	szo_kiir: autoDraw = false
110.85955500003183	EXP	szo_kiir: color = {"_rgb":[1,1,1]}
110.85955500003183	EXP	szo_kiir: text = "amoz"
111.37297500000568	EXP	szo_kiir: autoDraw = true
112.14371500001289	DATA	Keydown: ArrowLeft
112.1548049999983	EXP	szo_kiir: autoDraw = false
112.1548049999983	EXP	szo_kiir: color = {"_rgb":[1,1,1]}
112.1548049999983	EXP	szo_kiir: text = "meggyabb"
112.66034500004025	EXP	szo_kiir: autoDraw = true
113.66373000002932	DATA	Keydown: ArrowLeft
113.6992550000432	EXP	szo_kiir: autoDraw = false
113.6992550000432	EXP	szo_kiir: color = {"_rgb":[1,1,1]}
113.6992550000432	EXP	szo_kiir: text = "naiv"
114.21856500004651	EXP	szo_kiir: autoDraw = true
115.04002500005299	DATA	Keydown: ArrowRight
115.04644000000553	EXP	szo_kiir: autoDraw = false
115.04644000000553	EXP	szo_kiir: color = {"_rgb":[1,1,1]}
115.04644000000553	EXP	szo_kiir: text = "alapszik"
115.5525900000357	EXP	szo_kiir: autoDraw = true
116.62416000000667	DATA	Keydown: ArrowRight
116.6526100000483	EXP	szo_kiir: autoDraw = false
116.6526100000483	EXP	szo_kiir: color = {"_rgb":[1,1,1]}
116.6526100000483	EXP	szo_kiir: text = "búcsú"
117.17672000004677	EXP	szo_kiir: autoDraw = true
117.84008500003256	DATA	Keydown: ArrowRight
117.85445000004256	EXP	szo_kiir: autoDraw = false
117.85445000004256	EXP	szo_kiir: color = {"_rgb":[1,1,1]}
117.85445000004256	EXP	szo_kiir: text = "utalvány"
118.37663000001339	EXP	szo_kiir: autoDraw = true
119.09612500004005	DATA	Keydown: ArrowRight
119.13439500000095	EXP	szo_kiir: autoDraw = false
119.13439500000095	EXP	szo_kiir: color = {"_rgb":[1,1,1]}
119.13439500000095	EXP	szo_kiir: text = "un"
119.64746500004549	EXP	szo_kiir: autoDraw = true
120.7519200000097	DATA	Keydown: ArrowRight
120.7632300000405	EXP	szo_kiir: autoDraw = false
120.7632300000405	EXP	szo_kiir: color = {"_rgb":[1,1,1]}
120.7632300000405	EXP	szo_kiir: text = "torz"
121.28280500002438	EXP	szo_kiir: autoDraw = true
121.904515000002	DATA	Keydown: ArrowRight
121.93712000001688	EXP	szo_kiir: autoDraw = false
121.93712000001688	EXP	szo_kiir: color = {"_rgb":[1,1,1]}
121.93712000001688	EXP	szo_kiir: text = "vélekedik"
122.45140000001993	EXP	szo_kiir: autoDraw = true
123.11366500001168	DATA	Keydown: ArrowRight
123.12126000004355	EXP	szo_kiir: autoDraw = false
123.12126000004355	EXP	szo_kiir: color = {"_rgb":[1,1,1]}
123.12126000004355	EXP	szo_kiir: text = "pálódás"
123.70577000000048	EXP	szo_kiir: autoDraw = true
124.75182500004303	DATA	Keydown: ArrowLeft
124.79586500005098	EXP	szo_kiir: autoDraw = false
124.79586500005098	EXP	szo_kiir: color = {"_rgb":[1,1,1]}
124.79586500005098	EXP	szo_kiir: text = "pók"
125.3162650000304	EXP	szo_kiir: autoDraw = true
126.12827000004472	DATA	Keydown: ArrowRight
126.14387000002898	EXP	szo_kiir: autoDraw = false
126.14387000002898	EXP	szo_kiir: color = {"_rgb":[1,1,1]}
126.14387000002898	EXP	szo_kiir: text = "léptelegy"
126.64963500003796	EXP	szo_kiir: autoDraw = true
127.7761500000488	DATA	Keydown: ArrowLeft
127.80901000002632	EXP	szo_kiir: autoDraw = false
127.80901000002632	EXP	szo_kiir: color = {"_rgb":[1,1,1]}
127.80901000002632	EXP	szo_kiir: text = "pénzösszeg"
128.31963500002166	EXP	szo_kiir: autoDraw = true
129.1557450000546	DATA	Keydown: ArrowRight
129.1707100000349	EXP	szo_kiir: autoDraw = false
129.1707100000349	EXP	szo_kiir: color = {"_rgb":[1,1,1]}
129.1707100000349	EXP	szo_kiir: text = "kiabál"
129.68996500002686	EXP	szo_kiir: autoDraw = true
130.3994600000442	DATA	Keydown: ArrowRight
130.4505000000354	EXP	szo_kiir: autoDraw = false
130.4505000000354	EXP	szo_kiir: color = {"_rgb":[1,1,1]}
130.4505000000354	EXP	szo_kiir: text = "viszály"
130.96166000002995	EXP	szo_kiir: autoDraw = true
131.95170000003418	DATA	Keydown: ArrowRight
131.96076500002528	EXP	szo_kiir: autoDraw = false
131.96076500002528	EXP	szo_kiir: color = {"_rgb":[1,1,1]}
131.96076500002528	EXP	szo_kiir: text = "vízimény"
132.46916000003694	EXP	szo_kiir: autoDraw = true
133.51219000003766	DATA	Keydown: ArrowLeft
133.5345850000158	EXP	szo_kiir: autoDraw = false
133.5345850000158	EXP	szo_kiir: color = {"_rgb":[1,1,1]}
133.5345850000158	EXP	szo_kiir: text = "stasassző"
134.0572450000327	EXP	szo_kiir: autoDraw = true
134.96890000003623	DATA	Keydown: ArrowLeft
134.98489500000142	EXP	szo_kiir: autoDraw = false
134.98489500000142	EXP	szo_kiir: color = {"_rgb":[1,1,1]}
134.98489500000142	EXP	szo_kiir: text = "genom"
135.49545000004582	EXP	szo_kiir: autoDraw = true
136.42662000004202	DATA	Keydown: ArrowLeft
136.44196000002557	EXP	szo_kiir: autoDraw = false
136.44196000002557	EXP	szo_kiir: color = {"_rgb":[1,1,1]}
136.44196000002557	EXP	szo_kiir: text = "pereg"
136.95300000003772	EXP	szo_kiir: autoDraw = true
138.1335600000457	DATA	Keydown: ArrowRight
138.1883600000292	EXP	szo_kiir: autoDraw = false
138.1883600000292	EXP	szo_kiir: color = {"_rgb":[1,1,1]}
138.1883600000292	EXP	szo_kiir: text = "neoprén"
138.77774500002852	EXP	szo_kiir: autoDraw = true
139.66795500001172	DATA	Keydown: ArrowRight
139.68351500004064	EXP	szo_kiir: autoDraw = false
139.68351500004064	EXP	szo_kiir: color = {"_rgb":[1,1,1]}
139.68351500004064	EXP	szo_kiir: text = "őrült"
140.2067950000055	EXP	szo_kiir: autoDraw = true
140.87184500001604	DATA	Keydown: ArrowRight
140.90195500000846	EXP	szo_kiir: autoDraw = false
140.90195500000846	EXP	szo_kiir: color = {"_rgb":[1,1,1]}
140.90195500000846	EXP	szo_kiir: text = "gyapot"
141.40804000000935	EXP	szo_kiir: autoDraw = true
142.49569500004873	DATA	Keydown: ArrowRight
142.50748500000918	EXP	szo_kiir: autoDraw = false
142.50748500000918	EXP	szo_kiir: color = {"_rgb":[1,1,1]}
142.50748500000918	EXP	szo_kiir: text = "balközép"
143.01345000002766	EXP	szo_kiir: autoDraw = true
143.63148000004003	DATA	Keydown: ArrowRight
143.6578800000134	EXP	szo_kiir: autoDraw = false
143.6578800000134	EXP	szo_kiir: color = {"_rgb":[1,1,1]}
143.6578800000134	EXP	szo_kiir: text = "remész"
144.1652549999999	EXP	szo_kiir: autoDraw = true
144.81580000004033	DATA	Keydown: ArrowRight
144.83018000004813	EXP	szo_kiir: autoDraw = false
144.83018000004813	EXP	szo_kiir: color = {"_rgb":[1,1,1]}
144.83018000004813	EXP	szo_kiir: text = "piktogram"
145.33467500004917	EXP	szo_kiir: autoDraw = true
146.28773000004003	DATA	Keydown: ArrowRight
146.30152000003727	EXP	szo_kiir: autoDraw = false
146.30152000003727	EXP	szo_kiir: color = {"_rgb":[1,1,1]}
146.30152000003727	EXP	szo_kiir: text = "fekhely"
146.8059100000537	EXP	szo_kiir: autoDraw = true
147.51150000002235	DATA	Keydown: ArrowRight
147.53999499999918	EXP	szo_kiir: autoDraw = false
147.53999499999918	EXP	szo_kiir: color = {"_rgb":[1,1,1]}
147.53999499999918	EXP	szo_kiir: text = "magánnyugdíj"
148.06458500004373	EXP	szo_kiir: autoDraw = true
148.87243000004673	DATA	Keydown: ArrowRight
148.87611000001198	EXP	szo_kiir: autoDraw = false
148.87611000001198	EXP	szo_kiir: color = {"_rgb":[1,1,1]}
148.87611000001198	EXP	szo_kiir: text = "vágárd"
149.39802000002237	EXP	szo_kiir: autoDraw = true
150.32996000000276	DATA	Keydown: ArrowLeft
150.3632650000509	EXP	szo_kiir: autoDraw = false
150.3632650000509	EXP	szo_kiir: color = {"_rgb":[1,1,1]}
150.3632650000509	EXP	szo_kiir: text = "khiba"
150.8688100000145	EXP	szo_kiir: autoDraw = true
152.05615000001853	DATA	Keydown: ArrowLeft
152.06896500004223	EXP	szo_kiir: autoDraw = false
152.06896500004223	EXP	szo_kiir: color = {"_rgb":[1,1,1]}
152.06896500004223	EXP	szo_kiir: text = "üzemanyagár"
152.59234500001185	EXP	szo_kiir: autoDraw = true
153.46357500000158	DATA	Keydown: ArrowRight
153.49608000001172	EXP	szo_kiir: autoDraw = false
153.49608000001172	EXP	szo_kiir: color = {"_rgb":[1,1,1]}
153.49608000001172	EXP	szo_kiir: text = "tipográfus"
154.01150500000222	EXP	szo_kiir: autoDraw = true
154.98314000002574	DATA	Keydown: ArrowRight
154.9921050000121	EXP	szo_kiir: autoDraw = false
154.9921050000121	EXP	szo_kiir: color = {"_rgb":[1,1,1]}
154.9921050000121	EXP	szo_kiir: text = "balassol"
155.50154000002658	EXP	szo_kiir: autoDraw = true
156.6671750000096	DATA	Keydown: ArrowLeft
156.69926000002306	EXP	szo_kiir: autoDraw = false
156.69926000002306	EXP	szo_kiir: color = {"_rgb":[1,1,1]}
156.69926000002306	EXP	szo_kiir: text = "ezredmásodperc"
157.21960000001127	EXP	szo_kiir: autoDraw = true
157.99211000005016	DATA	Keydown: ArrowRight
158.00206500000786	EXP	szo_kiir: autoDraw = false
158.00206500000786	EXP	szo_kiir: color = {"_rgb":[1,1,1]}
158.00206500000786	EXP	szo_kiir: text = "szalicil"
158.51024500001222	EXP	szo_kiir: autoDraw = true
159.4888300000457	DATA	Keydown: ArrowRight
159.5131650000112	EXP	szo_kiir: autoDraw = false
159.5131650000112	EXP	szo_kiir: color = {"_rgb":[1,1,1]}
159.5131650000112	EXP	szo_kiir: text = "forróvérű"
160.02706000005128	EXP	szo_kiir: autoDraw = true
160.61593000002904	DATA	Keydown: ArrowRight
160.625800000038	EXP	szo_kiir: autoDraw = false
160.625800000038	EXP	szo_kiir: color = {"_rgb":[1,1,1]}
160.625800000038	EXP	szo_kiir: text = "szállingózik"
161.13358000002336	EXP	szo_kiir: autoDraw = true
161.87800500000594	DATA	Keydown: ArrowRight
161.92430000001332	EXP	szo_kiir: autoDraw = false
161.92430000001332	EXP	szo_kiir: color = {"_rgb":[1,1,1]}
161.92430000001332	EXP	szo_kiir: text = "volt"
162.43111500004306	EXP	szo_kiir: autoDraw = true
162.95933500002138	DATA	Keydown: ArrowRight
162.967890000029	EXP	szo_kiir: autoDraw = false
162.967890000029	EXP	szo_kiir: color = {"_rgb":[1,1,1]}
162.967890000029	EXP	szo_kiir: text = "kondenzcsík"
163.4904450000031	EXP	szo_kiir: autoDraw = true
164.51182500005234	DATA	Keydown: ArrowRight
164.55195500003174	EXP	szo_kiir: autoDraw = false
164.55195500003174	EXP	szo_kiir: color = {"_rgb":[1,1,1]}
164.55195500003174	EXP	szo_kiir: text = "megrohad"
165.05647500004852	EXP	szo_kiir: autoDraw = true
165.78415000002133	DATA	Keydown: ArrowRight
165.7915300000459	EXP	szo_kiir: autoDraw = false
165.7915300000459	EXP	szo_kiir: color = {"_rgb":[1,1,1]}
165.7915300000459	EXP	szo_kiir: text = "peny"
166.31390500004636	EXP	szo_kiir: autoDraw = true
166.70422500005225	DATA	Keydown: ArrowRight
166.71087500004796	EXP	szo_kiir: autoDraw = false
166.71087500004796	EXP	szo_kiir: color = {"_rgb":[1,1,1]}
166.71087500004796	EXP	szo_kiir: text = "egellendő"
167.23513500002446	EXP	szo_kiir: autoDraw = true
168.14416500000516	DATA	Keydown: ArrowLeft
168.18486500001745	EXP	szo_kiir: autoDraw = false
168.18486500001745	EXP	szo_kiir: color = {"_rgb":[1,1,1]}
168.18486500001745	EXP	szo_kiir: text = "madársisak"
168.79370000003837	EXP	szo_kiir: autoDraw = true
169.17566000000807	DATA	Keydown: ArrowRight
169.18501500005368	EXP	szo_kiir: autoDraw = false
169.18501500005368	EXP	szo_kiir: color = {"_rgb":[1,1,1]}
169.18501500005368	EXP	szo_kiir: text = "petkerhet"
169.7078100000508	EXP	szo_kiir: autoDraw = true
170.7919300000067	DATA	Keydown: ArrowLeft
170.82241500000237	EXP	szo_kiir: autoDraw = false
170.82241500000237	EXP	szo_kiir: color = {"_rgb":[1,1,1]}
170.82241500000237	EXP	szo_kiir: text = "anorák"
171.34119000000646	EXP	szo_kiir: autoDraw = true
171.95954500004882	DATA	Keydown: ArrowRight
171.97415500000352	EXP	szo_kiir: autoDraw = false
171.97415500000352	EXP	szo_kiir: color = {"_rgb":[1,1,1]}
171.97415500000352	EXP	szo_kiir: text = "csapattest"
172.47876000002725	EXP	szo_kiir: autoDraw = true
173.17555500002345	DATA	Keydown: ArrowRight
173.192555000016	EXP	szo_kiir: autoDraw = false
173.192555000016	EXP	szo_kiir: color = {"_rgb":[1,1,1]}
173.192555000016	EXP	szo_kiir: text = "agráregyetem"
173.69878000003519	EXP	szo_kiir: autoDraw = true
174.52715500001796	DATA	Keydown: ArrowRight
174.53148500004318	EXP	szo_kiir: autoDraw = false
174.53148500004318	EXP	szo_kiir: color = {"_rgb":[1,1,1]}
174.53148500004318	EXP	szo_kiir: text = "dádá"
175.0381800000323	EXP	szo_kiir: autoDraw = true
175.69538000004832	DATA	Keydown: ArrowRight
175.71620500000427	EXP	szo_kiir: autoDraw = false
175.71620500000427	EXP	szo_kiir: color = {"_rgb":[1,1,1]}
175.71620500000427	EXP	szo_kiir: text = "pörkölődik"
176.22526000003563	EXP	szo_kiir: autoDraw = true
176.82368000003044	DATA	Keydown: ArrowRight
176.8382650000276	EXP	szo_kiir: autoDraw = false
176.8382650000276	EXP	szo_kiir: color = {"_rgb":[1,1,1]}
176.8382650000276	EXP	szo_kiir: text = "antgathat"
177.34255500003928	EXP	szo_kiir: autoDraw = true
178.28716000000713	DATA	Keydown: ArrowLeft
178.30894000001717	EXP	szo_kiir: autoDraw = false
178.30894000001717	EXP	szo_kiir: color = {"_rgb":[1,1,1]}
178.30894000001717	EXP	szo_kiir: text = "paláver"
178.8132850000402	EXP	szo_kiir: autoDraw = true
179.839820000052	DATA	Keydown: ArrowRight
179.84778500004904	EXP	szo_kiir: autoDraw = false
179.84778500004904	EXP	szo_kiir: color = {"_rgb":[1,1,1]}
179.84778500004904	EXP	szo_kiir: text = "tipizál"
180.36683500005165	EXP	szo_kiir: autoDraw = true
181.07301500003086	DATA	Keydown: ArrowRight
181.105045000033	EXP	szo_kiir: autoDraw = false
181.105045000033	EXP	szo_kiir: color = {"_rgb":[1,1,1]}
181.105045000033	EXP	szo_kiir: text = "lumpenproletariátus"
181.62653000000864	EXP	szo_kiir: autoDraw = true
182.44814500003122	DATA	Keydown: ArrowLeft
182.4562600000063	EXP	szo_kiir: autoDraw = false
182.4562600000063	EXP	szo_kiir: color = {"_rgb":[1,1,1]}
182.4562600000063	EXP	szo_kiir: text = "vizesvödör"
182.9738350000116	EXP	szo_kiir: autoDraw = true
183.73596499999985	DATA	Keydown: ArrowRight
183.7420900000143	EXP	szo_kiir: autoDraw = false
183.7420900000143	EXP	szo_kiir: color = {"_rgb":[1,1,1]}
183.7420900000143	EXP	szo_kiir: text = "inhumánus"
184.299794999999	EXP	szo_kiir: autoDraw = true
185.0571100000525	DATA	Keydown: ArrowRight
185.08738500002073	EXP	szo_kiir: autoDraw = false
185.08738500002073	EXP	szo_kiir: color = {"_rgb":[1,1,1]}
185.08738500002073	EXP	szo_kiir: text = "gyenkedéri"
185.6000800000038	EXP	szo_kiir: autoDraw = true
186.95139500004007	DATA	Keydown: ArrowLeft
186.96712000004482	EXP	szo_kiir: autoDraw = false
186.96712000004482	EXP	szo_kiir: color = {"_rgb":[1,1,1]}
186.96712000004482	EXP	szo_kiir: text = "anyargany"
187.47107500000857	EXP	szo_kiir: autoDraw = true
188.55911500001093	DATA	Keydown: ArrowLeft
188.59139000001596	EXP	szo_kiir: autoDraw = false
188.59139000001596	EXP	szo_kiir: color = {"_rgb":[1,1,1]}
188.59139000001596	EXP	szo_kiir: text = "norvend"
189.10986000002595	EXP	szo_kiir: autoDraw = true
190.07111000001896	DATA	Keydown: ArrowLeft
190.07587500003865	EXP	szo_kiir: autoDraw = false
190.07587500003865	EXP	szo_kiir: color = {"_rgb":[1,1,1]}
190.07587500003865	EXP	szo_kiir: text = "kolonizál"
190.58037500001956	EXP	szo_kiir: autoDraw = true
191.47143500001403	DATA	Keydown: ArrowRight
191.49164000002202	EXP	szo_kiir: autoDraw = false
191.49164000002202	EXP	szo_kiir: color = {"_rgb":[1,1,1]}
191.49164000002202	EXP	szo_kiir: text = "farkasbab"
192.0006450000219	EXP	szo_kiir: autoDraw = true
192.63378500001272	DATA	Keydown: ArrowRight
192.64999500004342	EXP	szo_kiir: autoDraw = false
192.64999500004342	EXP	szo_kiir: color = {"_rgb":[1,1,1]}
192.64999500004342	EXP	szo_kiir: text = "gubóvirág"
193.15406500000972	EXP	szo_kiir: autoDraw = true
194.11156500002835	DATA	Keydown: ArrowRight
194.14375500002643	EXP	szo_kiir: autoDraw = false
194.14375500002643	EXP	szo_kiir: color = {"_rgb":[1,1,1]}
194.14375500002643	EXP	szo_kiir: text = "vabank"
194.65757999999914	EXP	szo_kiir: autoDraw = true
195.67088500002865	DATA	Keydown: ArrowLeft
195.67412500001956	EXP	szo_kiir: autoDraw = false
195.67412500001956	EXP	szo_kiir: color = {"_rgb":[1,1,1]}
195.67412500001956	EXP	szo_kiir: text = "szeizmogram"
196.18254500004696	EXP	szo_kiir: autoDraw = true
197.00807500001974	DATA	Keydown: ArrowLeft
197.01437000004807	EXP	szo_kiir: autoDraw = false
197.01437000004807	EXP	szo_kiir: color = {"_rgb":[1,1,1]}
197.01437000004807	EXP	szo_kiir: text = "silabizál"
197.5320950000314	EXP	szo_kiir: autoDraw = true
198.5525000000489	DATA	Keydown: ArrowRight
198.5679250000394	EXP	szo_kiir: autoDraw = false
198.5679250000394	EXP	szo_kiir: color = {"_rgb":[1,1,1]}
198.5679250000394	EXP	szo_kiir: text = "büntetéspénz"
199.17065500002354	EXP	szo_kiir: autoDraw = true
200.44746000005398	DATA	Keydown: ArrowRight
200.47836500004632	EXP	szo_kiir: autoDraw = false
200.47836500004632	EXP	szo_kiir: color = {"_rgb":[1,1,1]}
200.47836500004632	EXP	szo_kiir: text = "szolmizál"
200.9947150000371	EXP	szo_kiir: autoDraw = true
201.9777549999999	DATA	Keydown: ArrowRight
201.99355000001378	EXP	szo_kiir: autoDraw = false
201.99355000001378	EXP	szo_kiir: color = {"_rgb":[1,1,1]}
201.99355000001378	EXP	szo_kiir: text = "többhagyos"
202.51338000001851	EXP	szo_kiir: autoDraw = true
203.47081500000786	DATA	Keydown: ArrowRight
203.48029500001576	EXP	szo_kiir: autoDraw = false
203.48029500001576	EXP	szo_kiir: color = {"_rgb":[1,1,1]}
203.48029500001576	EXP	szo_kiir: text = "igásjószág"
203.98739500000374	EXP	szo_kiir: autoDraw = true
204.88710500003072	DATA	Keydown: ArrowLeft
204.90140500001144	EXP	szo_kiir: autoDraw = false
204.90140500001144	EXP	szo_kiir: color = {"_rgb":[1,1,1]}
204.90140500001144	EXP	szo_kiir: text = "lépdegél"
205.4051600000239	EXP	szo_kiir: autoDraw = true
206.44751500000712	DATA	Keydown: ArrowRight
206.4796750000096	EXP	szo_kiir: autoDraw = false
206.4796750000096	EXP	szo_kiir: color = {"_rgb":[1,1,1]}
206.4796750000096	EXP	szo_kiir: text = "klozettpapír"
206.99659500003327	EXP	szo_kiir: autoDraw = true
207.870820000011	DATA	Keydown: ArrowLeft
207.87653500004672	EXP	szo_kiir: autoDraw = false
207.87653500004672	EXP	szo_kiir: color = {"_rgb":[1,1,1]}
207.87653500004672	EXP	szo_kiir: text = "donhuán"
208.3808700000518	EXP	szo_kiir: autoDraw = true
210.12703500001226	DATA	Keydown: ArrowRight
210.13410000002477	EXP	szo_kiir: autoDraw = false
210.13410000002477	EXP	szo_kiir: color = {"_rgb":[1,1,1]}
210.13410000002477	EXP	szo_kiir: text = "szíjaz"
210.65712000004714	EXP	szo_kiir: autoDraw = true
211.5440950000193	DATA	Keydown: ArrowRight
211.57333000004292	EXP	szo_kiir: autoDraw = false
211.57333000004292	EXP	szo_kiir: color = {"_rgb":[1,1,1]}
211.57333000004292	EXP	szo_kiir: text = "invonult"
212.08941000001505	EXP	szo_kiir: autoDraw = true
213.0869450000464	DATA	Keydown: ArrowLeft
213.09044500003802	EXP	szo_kiir: autoDraw = false
213.09044500003802	EXP	szo_kiir: color = {"_rgb":[1,1,1]}
213.09044500003802	EXP	szo_kiir: text = "katéterez"
213.599680000043	EXP	szo_kiir: autoDraw = true
214.46868500002893	DATA	Keydown: ArrowRight
214.5200200000545	EXP	szo_kiir: autoDraw = false
214.5200200000545	EXP	szo_kiir: color = {"_rgb":[1,1,1]}
214.5200200000545	EXP	szo_kiir: text = "frakcionál"
215.1300400000182	EXP	szo_kiir: autoDraw = true
216.38483000005363	DATA	Keydown: ArrowLeft
216.4006450000452	EXP	szo_kiir: autoDraw = false
216.4006450000452	EXP	szo_kiir: color = {"_rgb":[1,1,1]}
216.4006450000452	EXP	szo_kiir: text = "őrint"
216.90510500001255	EXP	szo_kiir: autoDraw = true
217.54296500002965	DATA	Keydown: ArrowRight
217.55393500003265	EXP	szo_kiir: autoDraw = false
217.55393500003265	EXP	szo_kiir: color = {"_rgb":[1,1,1]}
217.55393500003265	EXP	szo_kiir: text = "kettősfém"
218.05827000003774	EXP	szo_kiir: autoDraw = true
219.50273000000743	DATA	Keydown: ArrowLeft
219.52560000005178	EXP	szo_kiir: autoDraw = false
219.52560000005178	EXP	szo_kiir: color = {"_rgb":[1,1,1]}
219.52560000005178	EXP	szo_kiir: text = "tángál"
220.03038000001106	EXP	szo_kiir: autoDraw = true
220.91870500001824	DATA	Keydown: ArrowRight
220.92994500003988	EXP	szo_kiir: autoDraw = false
220.92994500003988	EXP	szo_kiir: color = {"_rgb":[1,1,1]}
220.92994500003988	EXP	szo_kiir: text = "hordócsap"
221.4340900000534	EXP	szo_kiir: autoDraw = true
222.38525500003016	DATA	Keydown: ArrowRight
222.41061000002082	EXP	szo_kiir: autoDraw = false
222.41061000002082	EXP	szo_kiir: color = {"_rgb":[1,1,1]}
222.41061000002082	EXP	szo_kiir: text = "feltupíroz"
222.92153500003042	EXP	szo_kiir: autoDraw = true
223.89530500001274	DATA	Keydown: ArrowRight
223.90499500004807	EXP	szo_kiir: autoDraw = false
223.90499500004807	EXP	szo_kiir: color = {"_rgb":[1,1,1]}
223.90499500004807	EXP	szo_kiir: text = "bajuszfű"
224.41665500000818	EXP	szo_kiir: autoDraw = true
225.24696499999845	DATA	Keydown: ArrowRight
225.272265000036	EXP	szo_kiir: autoDraw = false
225.272265000036	EXP	szo_kiir: color = {"_rgb":[1,1,1]}
225.272265000036	EXP	szo_kiir: text = "szervusz"
225.7801750000217	EXP	szo_kiir: autoDraw = true
226.51385500002652	DATA	Keydown: ArrowRight
226.53000000002794	EXP	szo_kiir: autoDraw = false
226.53000000002794	EXP	szo_kiir: color = {"_rgb":[1,1,1]}
226.53000000002794	EXP	szo_kiir: text = "impúrum"
227.03364000003785	EXP	szo_kiir: autoDraw = true
228.04841500002658	DATA	Keydown: ArrowLeft
228.0535600000294	EXP	szo_kiir: autoDraw = false
228.0535600000294	EXP	szo_kiir: color = {"_rgb":[1,1,1]}
228.0535600000294	EXP	szo_kiir: text = "kunkorít"
228.57505500002299	EXP	szo_kiir: autoDraw = true
229.3365900000208	DATA	Keydown: ArrowRight
229.36835500004236	EXP	szo_kiir: autoDraw = false
229.36835500004236	EXP	szo_kiir: color = {"_rgb":[1,1,1]}
229.36835500004236	EXP	szo_kiir: text = "rámáz"
229.95425500004785	EXP	szo_kiir: autoDraw = true
230.65595000004396	DATA	Keydown: ArrowRight
230.6606150000007	EXP	szo_kiir: autoDraw = false
230.6606150000007	EXP	szo_kiir: color = {"_rgb":[1,1,1]}
230.6606150000007	EXP	szo_kiir: text = "rojtoz"
231.1802200000384	EXP	szo_kiir: autoDraw = true
231.98292500001844	DATA	Keydown: ArrowRight
232.0145500000217	EXP	szo_kiir: autoDraw = false
232.0145500000217	EXP	szo_kiir: color = {"_rgb":[1,1,1]}
232.0145500000217	EXP	szo_kiir: text = "szöngő"
232.53191499999957	EXP	szo_kiir: autoDraw = true
233.8785050000297	DATA	Keydown: ArrowLeft
233.8835900000413	EXP	szo_kiir: autoDraw = false
233.8835900000413	EXP	szo_kiir: color = {"_rgb":[1,1,1]}
233.8835900000413	EXP	szo_kiir: text = "karamboloz"
234.39068500004942	EXP	szo_kiir: autoDraw = true
235.55169500003103	DATA	Keydown: ArrowRight
235.57573500002036	EXP	szo_kiir: autoDraw = false
235.57573500002036	EXP	szo_kiir: color = {"_rgb":[1,1,1]}
235.57573500002036	EXP	szo_kiir: text = "széledez"
236.09343500004616	EXP	szo_kiir: autoDraw = true
236.81079000001773	DATA	Keydown: ArrowRight
236.82633500004886	EXP	szo_kiir: autoDraw = false
236.82633500004886	EXP	szo_kiir: color = {"_rgb":[1,1,1]}
236.82633500004886	EXP	szo_kiir: text = "ingyenbeteg"
237.331060000055	EXP	szo_kiir: autoDraw = true
238.6549450000166	DATA	Keydown: ArrowLeft
238.66483000002336	EXP	szo_kiir: autoDraw = false
238.66483000002336	EXP	szo_kiir: color = {"_rgb":[1,1,1]}
238.66483000002336	EXP	szo_kiir: text = "lazúroz"
239.17044000001624	EXP	szo_kiir: autoDraw = true
240.55860500002746	DATA	Keydown: ArrowRight
240.58322000002954	EXP	szo_kiir: autoDraw = false
240.58322000002954	EXP	szo_kiir: color = {"_rgb":[1,1,1]}
240.58322000002954	EXP	szo_kiir: text = "kibogarász"
241.0908150000032	EXP	szo_kiir: autoDraw = true
241.91853000002448	DATA	Keydown: ArrowRight
241.92331000004197	EXP	szo_kiir: autoDraw = false
241.92331000004197	EXP	szo_kiir: color = {"_rgb":[1,1,1]}
241.92331000004197	EXP	szo_kiir: text = "kilukát"
242.43381000001682	EXP	szo_kiir: autoDraw = true
243.40850000001956	DATA	Keydown: ArrowLeft
243.42789500002982	EXP	szo_kiir: autoDraw = false
243.42789500002982	EXP	koszi_szoveg: autoDraw = true
245.61737000005087	DATA	Keydown: ArrowRight
