0.07994500000495464	EXP	Created Window = Window( name=Window, fullscr=true, color=#000000, units=norm, waitBlanking=true, autoLog=true, size=[1366,625] )
3.531514999922365	DATA	Keydown: 1
3.7164499999489635	DATA	Keydown: 3
3.9218549999641255	DATA	Keydown: 2
4.33707000000868	DATA	Keydown: 5
6.662354999920353	DATA	Keydown: n
6.957234999979846	DATA	Keydown: ő
8.968289999989793	DATA	Keydown: 2
9.307024999987334	DATA	Keydown: 0
9.567060000030324	DATA	Keydown: 0
10.107179999933578	DATA	Keydown: 0
10.517059999983758	DATA	Keydown: .
10.85305499995593	DATA	Keydown: 1
11.502519999979995	DATA	Keydown: 0
11.970364999957383	DATA	Keydown: .
12.180964999948628	DATA	Keydown: 1
12.347454999922775	DATA	Keydown: 8
14.347524999990128	DATA	Keydown: 1
14.682764999917708	DATA	Keydown: 3
16.86786499992013	EXP	Created instruction_text1 = TextStim( name=instruction_text1, win=Window( name=Window, fullscr=true, color=#000000, ~), autoDraw=null, autoLog=true, units=norm, ori=null, opacity=1, pos=[0,0], size=undefined, text=Ön most szavakat fog látni.

Ezek között lesznek o~, font=Arial, color=#ffffff, contrast=1, height=0.05, bold=null, italic=null, alignHoriz=left, alignVert=center, wrapWidth=1, flipHoriz=null, flipVert=null )
16.870579999987967	EXP	Created instruction_text2 = TextStim( name=instruction_text2, win=Window( name=Window, fullscr=true, color=#000000, ~), autoDraw=null, autoLog=true, units=norm, ori=null, opacity=1, pos=[0,0], size=undefined, text=Először két egyszerű példát mutatunk Önnek.

Az el~, font=Arial, color=#FFFFFF, contrast=1, height=0.05, bold=null, italic=null, alignHoriz=left, alignVert=center, wrapWidth=1, flipHoriz=null, flipVert=null )
16.87294499995187	EXP	Created show_text = TextStim( name=show_text, win=Window( name=Window, fullscr=true, color=#000000, ~), autoDraw=null, autoLog=true, units=norm, ori=null, opacity=1, pos=[0,0], size=undefined, text=asztal, font=Arial, color=#FFFFFF, contrast=1, height=0.2, bold=null, italic=null, alignHoriz=left, alignVert=center, wrapWidth=1, flipHoriz=null, flipVert=null )
16.874914999934845	EXP	Created text = TextStim( name=text, win=Window( name=Window, fullscr=true, color=#000000, ~), autoDraw=null, autoLog=true, units=norm, ori=null, opacity=1, pos=[0,0], size=undefined, text=bzsmfsztal, font=Arial, color=#FFFFFF, contrast=1, height=0.2, bold=null, italic=null, alignHoriz=left, alignVert=center, wrapWidth=1, flipHoriz=null, flipVert=null )
16.87638499995228	EXP	Created instruction_text3 = TextStim( name=instruction_text3, win=Window( name=Window, fullscr=true, color=#000000, ~), autoDraw=null, autoLog=true, units=norm, ori=null, opacity=1, pos=[0,0], size=undefined, text=Pazar. Most kezdődik az igazi kísérlet. Néhány per~, font=Arial, color=#FFFFFF, contrast=1, height=0.1, bold=null, italic=null, alignHoriz=left, alignVert=center, wrapWidth=1, flipHoriz=null, flipVert=null )
16.877939999918453	EXP	Created szo_kiir = TextStim( name=szo_kiir, win=Window( name=Window, fullscr=true, color=#000000, ~), autoDraw=null, autoLog=true, units=norm, ori=null, opacity=1, pos=[0,0], size=undefined, text=default text, font=Arial, color=#FFFFFF, contrast=1, height=0.2, bold=null, italic=null, alignHoriz=left, alignVert=center, wrapWidth=1, flipHoriz=null, flipVert=null )
16.879394999938086	EXP	Created koszi_szoveg = TextStim( name=koszi_szoveg, win=Window( name=Window, fullscr=true, color=#000000, ~), autoDraw=null, autoLog=true, units=norm, ori=null, opacity=1, pos=[0,0], size=undefined, text=Vége a kísérletnek. Köszönjük a részvételt!, font=arial, color=#ffffff, contrast=1, height=0.1, bold=null, italic=null, alignHoriz=left, alignVert=center, wrapWidth=1, flipHoriz=null, flipVert=null )
16.986504999920726	EXP	instruction_text1: units = "norm"
16.986504999920726	EXP	instruction_text1: ori = 0
16.986504999920726	EXP	instruction_text1: opacity = 1
16.986504999920726	EXP	instruction_text1: pos = [0,0]
16.986504999920726	EXP	instruction_text1: size = undefined
16.986504999920726	EXP	instruction_text1: text = "Ön most szavakat fog látni.\n\nEzek között lesznek olyanok, amelyeket ismer, de előfordulhatnak olyanok is, amelyeket nem ismer, sőt, vannak köztük kitalált szavak is. \n\nKérjük, ha ismeri a képernyőn látható szót, nyomja meg a JOBB kurzorbillentyűt.\nKérjük, ha NEM ismeri a képernyőn látható szót, vagy azt gondolja, nincs ilyen szó a magyarban, nyomja meg a BAL kurzorbillentyűt.\n\nAz 'Ismerem a szót' döntés itt most ezt jelenti: találkoztam már vele, és van valami elképzelésem a jelentéséről is.  \n\nNyomjon meg bármilyen billentyűt a folytatáshoz."
16.986504999920726	EXP	instruction_text1: font = "Arial"
16.986504999920726	EXP	instruction_text1: color = {"_rgb":[1,1,1]}
16.986504999920726	EXP	instruction_text1: contrast = 1
16.986504999920726	EXP	instruction_text1: height = 0.05
16.986504999920726	EXP	instruction_text1: bold = false
16.986504999920726	EXP	instruction_text1: italic = false
16.986504999920726	EXP	instruction_text1: alignHoriz = "left"
16.986504999920726	EXP	instruction_text1: alignVert = "center"
16.986504999920726	EXP	instruction_text1: wrapWidth = 1
16.986504999920726	EXP	instruction_text1: flipHoriz = false
16.986504999920726	EXP	instruction_text1: flipVert = false
16.986504999920726	EXP	instruction_text2: units = "norm"
16.986504999920726	EXP	instruction_text2: ori = 0
16.986504999920726	EXP	instruction_text2: opacity = 1
16.986504999920726	EXP	instruction_text2: pos = [0,0]
16.986504999920726	EXP	instruction_text2: size = undefined
16.986504999920726	EXP	instruction_text2: text = "Először két egyszerű példát mutatunk Önnek.\n\nAz első szó létezik a magyarban, és valószínűleg Ön is ismeri. Itt nyomja majd meg a jobb kurzorbillentyűt.\nA második szó nem létezik a magyar nyelvben. Itt nyomja majd meg a bal kurzorbillentyűt.\n\nFontos, hogy a jobb gombot a jobb kezével, a bal gombot a bal kezével nyomja, ha tudja, és ne egy kezét használja a kísérletben.\n\nNyomjon meg bármilyen gombot a folytatáshoz."
16.986504999920726	EXP	instruction_text2: font = "Arial"
16.986504999920726	EXP	instruction_text2: color = {"_hex":"#FFFFFF","_rgb":[1,1,1]}
16.986504999920726	EXP	instruction_text2: contrast = 1
16.986504999920726	EXP	instruction_text2: height = 0.05
16.986504999920726	EXP	instruction_text2: bold = false
16.986504999920726	EXP	instruction_text2: italic = false
16.986504999920726	EXP	instruction_text2: alignHoriz = "left"
16.986504999920726	EXP	instruction_text2: alignVert = "center"
16.986504999920726	EXP	instruction_text2: wrapWidth = 1
16.986504999920726	EXP	instruction_text2: flipHoriz = false
16.986504999920726	EXP	instruction_text2: flipVert = false
16.986504999920726	EXP	show_text: units = "norm"
16.986504999920726	EXP	show_text: ori = 0
16.986504999920726	EXP	show_text: opacity = 1
16.986504999920726	EXP	show_text: pos = [0,0]
16.986504999920726	EXP	show_text: size = undefined
16.986504999920726	EXP	show_text: text = "asztal"
16.986504999920726	EXP	show_text: font = "Arial"
16.986504999920726	EXP	show_text: color = {"_hex":"#FFFFFF","_rgb":[1,1,1]}
16.986504999920726	EXP	show_text: contrast = 1
16.986504999920726	EXP	show_text: height = 0.2
16.986504999920726	EXP	show_text: bold = false
16.986504999920726	EXP	show_text: italic = false
16.986504999920726	EXP	show_text: alignHoriz = "left"
16.986504999920726	EXP	show_text: alignVert = "center"
16.986504999920726	EXP	show_text: wrapWidth = 1
16.986504999920726	EXP	show_text: flipHoriz = false
16.986504999920726	EXP	show_text: flipVert = false
16.986504999920726	EXP	text: units = "norm"
16.986504999920726	EXP	text: ori = 0
16.986504999920726	EXP	text: opacity = 1
16.986504999920726	EXP	text: pos = [0,0]
16.986504999920726	EXP	text: size = undefined
16.986504999920726	EXP	text: text = "bzsmfsztal"
16.986504999920726	EXP	text: font = "Arial"
16.986504999920726	EXP	text: color = {"_hex":"#FFFFFF","_rgb":[1,1,1]}
16.986504999920726	EXP	text: contrast = 1
16.986504999920726	EXP	text: height = 0.2
16.986504999920726	EXP	text: bold = false
16.986504999920726	EXP	text: italic = false
16.986504999920726	EXP	text: alignHoriz = "left"
16.986504999920726	EXP	text: alignVert = "center"
16.986504999920726	EXP	text: wrapWidth = 1
16.986504999920726	EXP	text: flipHoriz = false
16.986504999920726	EXP	text: flipVert = false
16.986504999920726	EXP	instruction_text3: units = "norm"
16.986504999920726	EXP	instruction_text3: ori = 0
16.986504999920726	EXP	instruction_text3: opacity = 1
16.986504999920726	EXP	instruction_text3: pos = [0,0]
16.986504999920726	EXP	instruction_text3: size = undefined
16.986504999920726	EXP	instruction_text3: text = "Pazar. Most kezdődik az igazi kísérlet. Néhány percig fog tartani. Nem kell nagyon sietnie, de igyekezzen gyorsan válaszolni.\n\nNe feledje, ha tudja, a jobb gombot a jobbkezével, a bal gombot a balkezével nyomja le.\n\nNyomjon meg bármilyen gombot a folytatáshoz."
16.986504999920726	EXP	instruction_text3: font = "Arial"
16.986504999920726	EXP	instruction_text3: color = {"_hex":"#FFFFFF","_rgb":[1,1,1]}
16.986504999920726	EXP	instruction_text3: contrast = 1
16.986504999920726	EXP	instruction_text3: height = 0.1
16.986504999920726	EXP	instruction_text3: bold = false
16.986504999920726	EXP	instruction_text3: italic = false
16.986504999920726	EXP	instruction_text3: alignHoriz = "left"
16.986504999920726	EXP	instruction_text3: alignVert = "center"
16.986504999920726	EXP	instruction_text3: wrapWidth = 1
16.986504999920726	EXP	instruction_text3: flipHoriz = false
16.986504999920726	EXP	instruction_text3: flipVert = false
16.986504999920726	EXP	szo_kiir: units = "norm"
16.986504999920726	EXP	szo_kiir: ori = 0
16.986504999920726	EXP	szo_kiir: opacity = 1
16.986504999920726	EXP	szo_kiir: pos = [0,0]
16.986504999920726	EXP	szo_kiir: size = undefined
16.986504999920726	EXP	szo_kiir: text = "default text"
16.986504999920726	EXP	szo_kiir: font = "Arial"
16.986504999920726	EXP	szo_kiir: color = {"_hex":"#FFFFFF","_rgb":[1,1,1]}
16.986504999920726	EXP	szo_kiir: contrast = 1
16.986504999920726	EXP	szo_kiir: height = 0.2
16.986504999920726	EXP	szo_kiir: bold = false
16.986504999920726	EXP	szo_kiir: italic = false
16.986504999920726	EXP	szo_kiir: alignHoriz = "left"
16.986504999920726	EXP	szo_kiir: alignVert = "center"
16.986504999920726	EXP	szo_kiir: wrapWidth = 1
16.986504999920726	EXP	szo_kiir: flipHoriz = false
16.986504999920726	EXP	szo_kiir: flipVert = false
16.986504999920726	EXP	koszi_szoveg: units = "norm"
16.986504999920726	EXP	koszi_szoveg: ori = 0
16.986504999920726	EXP	koszi_szoveg: opacity = 1
16.986504999920726	EXP	koszi_szoveg: pos = [0,0]
16.986504999920726	EXP	koszi_szoveg: size = undefined
16.986504999920726	EXP	koszi_szoveg: text = "Vége a kísérletnek. Köszönjük a részvételt!"
16.986504999920726	EXP	koszi_szoveg: font = "arial"
16.986504999920726	EXP	koszi_szoveg: color = {"_rgb":[1,1,1]}
16.986504999920726	EXP	koszi_szoveg: contrast = 1
16.986504999920726	EXP	koszi_szoveg: height = 0.1
16.986504999920726	EXP	koszi_szoveg: bold = false
16.986504999920726	EXP	koszi_szoveg: italic = false
16.986504999920726	EXP	koszi_szoveg: alignHoriz = "left"
16.986504999920726	EXP	koszi_szoveg: alignVert = "center"
16.986504999920726	EXP	koszi_szoveg: wrapWidth = 1
16.986504999920726	EXP	koszi_szoveg: flipHoriz = false
16.986504999920726	EXP	koszi_szoveg: flipVert = false
16.986504999920726	EXP	instruction_text1: autoDraw = true
49.229379999917	DATA	Mouse: 0 button down, pos=(953,315)
49.36578500003088	DATA	Mouse: 0 button down, pos=(953,315)
65.3781650000019	DATA	Mouse: 0 button down, pos=(836,280)
65.499599999981	DATA	Mouse: 0 button down, pos=(836,280)
65.98574999999255	DATA	Keydown:  
66.02170499996282	EXP	instruction_text1: autoDraw = false
66.02170499996282	EXP	instruction_text2: autoDraw = true
67.45477499999106	DATA	Keydown:  
67.46451999992132	EXP	instruction_text2: autoDraw = false
67.99930499994662	EXP	show_text: autoDraw = true
68.50113999994937	DATA	Keydown: ArrowLeft
68.51376999996137	EXP	show_text: autoDraw = false
69.03668000001926	EXP	text: autoDraw = true
71.0656799999997	DATA	Keydown: ArrowRight
71.11282999999821	EXP	text: autoDraw = false
71.11282999999821	EXP	instruction_text3: autoDraw = true
86.63100499997381	DATA	Keydown:  
86.73155000002589	EXP	instruction_text3: autoDraw = false
86.73155000002589	EXP	szo_kiir: color = {"_rgb":[1,1,1]}
86.73155000002589	EXP	szo_kiir: text = "sételi"
87.24830500001553	EXP	szo_kiir: autoDraw = true
88.64303999999538	DATA	Keydown: ArrowRight
88.65993500000332	EXP	szo_kiir: autoDraw = false
88.65993500000332	EXP	szo_kiir: color = {"_rgb":[1,1,1]}
88.65993500000332	EXP	szo_kiir: text = "rövid"
89.18100500002038	EXP	szo_kiir: autoDraw = true
89.88196499994956	DATA	Keydown: ArrowLeft
89.89234000002034	EXP	szo_kiir: autoDraw = false
89.89234000002034	EXP	szo_kiir: color = {"_rgb":[1,1,1]}
89.89234000002034	EXP	szo_kiir: text = "hely"
90.41249999997672	EXP	szo_kiir: autoDraw = true
91.14280000003055	DATA	Keydown: ArrowLeft
91.2016949999379	EXP	szo_kiir: autoDraw = false
91.2016949999379	EXP	szo_kiir: color = {"_rgb":[1,1,1]}
91.2016949999379	EXP	szo_kiir: text = "tér"
91.71085999999195	EXP	szo_kiir: autoDraw = true
92.32614000001922	DATA	Keydown: ArrowLeft
92.34081999992486	EXP	szo_kiir: autoDraw = false
92.34081999992486	EXP	szo_kiir: color = {"_rgb":[1,1,1]}
92.34081999992486	EXP	szo_kiir: text = "látszik"
92.86220500001218	EXP	szo_kiir: autoDraw = true
93.50874499999918	DATA	Keydown: ArrowLeft
93.52464999991935	EXP	szo_kiir: autoDraw = false
93.52464999991935	EXP	szo_kiir: color = {"_rgb":[1,1,1]}
93.52464999991935	EXP	szo_kiir: text = "gyerek"
94.04486499994528	EXP	szo_kiir: autoDraw = true
94.66818499995861	DATA	Keydown: ArrowLeft
94.68341499997769	EXP	szo_kiir: autoDraw = false
94.68341499997769	EXP	koszi_szoveg: autoDraw = true
96.36576499999501	DATA	Keydown:  
