0.26607000000001335	EXP	Created Window = Window( name=Window, fullscr=true, color=#000000, units=norm, waitBlanking=true, autoLog=true, size=[1366,657] )
4.1400850000000275	DATA	Keydown: 1
4.454825000000028	DATA	Keydown: 1
6.104625000000027	DATA	Keydown: undefined
11.617410000000007	DATA	Keydown: n
12.255305000000021	DATA	Keydown: ő
16.81955500000001	DATA	Keydown: 1
17.05326500000001	DATA	Keydown: 9
17.262405	DATA	Keydown: 8
17.45453000000001	DATA	Keydown: 9
24.210860000000025	DATA	Keydown: 1
24.628355000000028	DATA	Keydown: 6
32.36928	EXP	Created instruction_text1 = TextStim( name=instruction_text1, win=Window( name=Window, fullscr=true, color=#000000, ~), autoDraw=null, autoLog=true, units=norm, ori=null, opacity=1, pos=[0,0], size=undefined, text=Ön most szavakat fog látni.

Ezek között lesznek o~, font=Arial, color=#ffffff, contrast=1, height=0.05, bold=null, italic=null, alignHoriz=left, alignVert=center, wrapWidth=1, flipHoriz=null, flipVert=null )
32.379970000000014	EXP	Created instruction_text2 = TextStim( name=instruction_text2, win=Window( name=Window, fullscr=true, color=#000000, ~), autoDraw=null, autoLog=true, units=norm, ori=null, opacity=1, pos=[0,0], size=undefined, text=Először két egyszerű példát mutatunk Önnek.

Az el~, font=Arial, color=#FFFFFF, contrast=1, height=0.05, bold=null, italic=null, alignHoriz=left, alignVert=center, wrapWidth=1, flipHoriz=null, flipVert=null )
32.410075000000006	EXP	Created show_text = TextStim( name=show_text, win=Window( name=Window, fullscr=true, color=#000000, ~), autoDraw=null, autoLog=true, units=norm, ori=null, opacity=1, pos=[0,0], size=undefined, text=asztal, font=Arial, color=#FFFFFF, contrast=1, height=0.2, bold=null, italic=null, alignHoriz=left, alignVert=center, wrapWidth=1, flipHoriz=null, flipVert=null )
32.412690000000026	EXP	Created text = TextStim( name=text, win=Window( name=Window, fullscr=true, color=#000000, ~), autoDraw=null, autoLog=true, units=norm, ori=null, opacity=1, pos=[0,0], size=undefined, text=bzsmfsztal, font=Arial, color=#FFFFFF, contrast=1, height=0.2, bold=null, italic=null, alignHoriz=left, alignVert=center, wrapWidth=1, flipHoriz=null, flipVert=null )
32.420435000000026	EXP	Created instruction_text3 = TextStim( name=instruction_text3, win=Window( name=Window, fullscr=true, color=#000000, ~), autoDraw=null, autoLog=true, units=norm, ori=null, opacity=1, pos=[0,0], size=undefined, text=Pazar. Most kezdődik az igazi kísérlet. Néhány per~, font=Arial, color=#FFFFFF, contrast=1, height=0.1, bold=null, italic=null, alignHoriz=left, alignVert=center, wrapWidth=1, flipHoriz=null, flipVert=null )
32.428335000000004	EXP	Created szo_kiir = TextStim( name=szo_kiir, win=Window( name=Window, fullscr=true, color=#000000, ~), autoDraw=null, autoLog=true, units=norm, ori=null, opacity=1, pos=[0,0], size=undefined, text=default text, font=Arial, color=#FFFFFF, contrast=1, height=0.2, bold=null, italic=null, alignHoriz=left, alignVert=center, wrapWidth=1, flipHoriz=null, flipVert=null )
32.43058000000002	EXP	Created koszi_szoveg = TextStim( name=koszi_szoveg, win=Window( name=Window, fullscr=true, color=#000000, ~), autoDraw=null, autoLog=true, units=norm, ori=null, opacity=1, pos=[0,0], size=undefined, text=Vége a kísérletnek. Köszönjük a részvételt!, font=arial, color=#ffffff, contrast=1, height=0.1, bold=null, italic=null, alignHoriz=left, alignVert=center, wrapWidth=1, flipHoriz=null, flipVert=null )
32.542250000000024	EXP	instruction_text1: units = "norm"
32.542250000000024	EXP	instruction_text1: ori = 0
32.542250000000024	EXP	instruction_text1: opacity = 1
32.542250000000024	EXP	instruction_text1: pos = [0,0]
32.542250000000024	EXP	instruction_text1: size = undefined
32.542250000000024	EXP	instruction_text1: text = "Ön most szavakat fog látni.\n\nEzek között lesznek olyanok, amelyeket ismer, de előfordulhatnak olyanok is, amelyeket nem ismer, sőt, vannak köztük kitalált szavak is. \n\nKérjük, ha ismeri a képernyőn látható szót, nyomja meg a JOBB kurzorbillentyűt.\nKérjük, ha NEM ismeri a képernyőn látható szót, vagy azt gondolja, nincs ilyen szó a magyarban, nyomja meg a BAL kurzorbillentyűt.\n\nAz 'Ismerem a szót' döntés itt most ezt jelenti: találkoztam már vele, és van valami elképzelésem a jelentéséről is.  \n\nNyomjon meg bármilyen billentyűt a folytatáshoz."
32.542250000000024	EXP	instruction_text1: font = "Arial"
32.542250000000024	EXP	instruction_text1: color = {"_rgb":[1,1,1]}
32.542250000000024	EXP	instruction_text1: contrast = 1
32.542250000000024	EXP	instruction_text1: height = 0.05
32.542250000000024	EXP	instruction_text1: bold = false
32.542250000000024	EXP	instruction_text1: italic = false
32.542250000000024	EXP	instruction_text1: alignHoriz = "left"
32.542250000000024	EXP	instruction_text1: alignVert = "center"
32.542250000000024	EXP	instruction_text1: wrapWidth = 1
32.542250000000024	EXP	instruction_text1: flipHoriz = false
32.542250000000024	EXP	instruction_text1: flipVert = false
32.542250000000024	EXP	instruction_text2: units = "norm"
32.542250000000024	EXP	instruction_text2: ori = 0
32.542250000000024	EXP	instruction_text2: opacity = 1
32.542250000000024	EXP	instruction_text2: pos = [0,0]
32.542250000000024	EXP	instruction_text2: size = undefined
32.542250000000024	EXP	instruction_text2: text = "Először két egyszerű példát mutatunk Önnek.\n\nAz első szó létezik a magyarban, és valószínűleg Ön is ismeri. Itt nyomja majd meg a jobb kurzorbillentyűt.\nA második szó nem létezik a magyar nyelvben. Itt nyomja majd meg a bal kurzorbillentyűt.\n\nFontos, hogy a jobb gombot a jobb kezével, a bal gombot a bal kezével nyomja, ha tudja, és ne egy kezét használja a kísérletben.\n\nNyomjon meg bármilyen gombot a folytatáshoz."
32.542250000000024	EXP	instruction_text2: font = "Arial"
32.542250000000024	EXP	instruction_text2: color = {"_hex":"#FFFFFF","_rgb":[1,1,1]}
32.542250000000024	EXP	instruction_text2: contrast = 1
32.542250000000024	EXP	instruction_text2: height = 0.05
32.542250000000024	EXP	instruction_text2: bold = false
32.542250000000024	EXP	instruction_text2: italic = false
32.542250000000024	EXP	instruction_text2: alignHoriz = "left"
32.542250000000024	EXP	instruction_text2: alignVert = "center"
32.542250000000024	EXP	instruction_text2: wrapWidth = 1
32.542250000000024	EXP	instruction_text2: flipHoriz = false
32.542250000000024	EXP	instruction_text2: flipVert = false
32.542250000000024	EXP	show_text: units = "norm"
32.542250000000024	EXP	show_text: ori = 0
32.542250000000024	EXP	show_text: opacity = 1
32.542250000000024	EXP	show_text: pos = [0,0]
32.542250000000024	EXP	show_text: size = undefined
32.542250000000024	EXP	show_text: text = "asztal"
32.542250000000024	EXP	show_text: font = "Arial"
32.542250000000024	EXP	show_text: color = {"_hex":"#FFFFFF","_rgb":[1,1,1]}
32.542250000000024	EXP	show_text: contrast = 1
32.542250000000024	EXP	show_text: height = 0.2
32.542250000000024	EXP	show_text: bold = false
32.542250000000024	EXP	show_text: italic = false
32.542250000000024	EXP	show_text: alignHoriz = "left"
32.542250000000024	EXP	show_text: alignVert = "center"
32.542250000000024	EXP	show_text: wrapWidth = 1
32.542250000000024	EXP	show_text: flipHoriz = false
32.542250000000024	EXP	show_text: flipVert = false
32.542250000000024	EXP	text: units = "norm"
32.542250000000024	EXP	text: ori = 0
32.542250000000024	EXP	text: opacity = 1
32.542250000000024	EXP	text: pos = [0,0]
32.542250000000024	EXP	text: size = undefined
32.542250000000024	EXP	text: text = "bzsmfsztal"
32.542250000000024	EXP	text: font = "Arial"
32.542250000000024	EXP	text: color = {"_hex":"#FFFFFF","_rgb":[1,1,1]}
32.542250000000024	EXP	text: contrast = 1
32.542250000000024	EXP	text: height = 0.2
32.542250000000024	EXP	text: bold = false
32.542250000000024	EXP	text: italic = false
32.542250000000024	EXP	text: alignHoriz = "left"
32.542250000000024	EXP	text: alignVert = "center"
32.542250000000024	EXP	text: wrapWidth = 1
32.542250000000024	EXP	text: flipHoriz = false
32.542250000000024	EXP	text: flipVert = false
32.542250000000024	EXP	instruction_text3: units = "norm"
32.542250000000024	EXP	instruction_text3: ori = 0
32.542250000000024	EXP	instruction_text3: opacity = 1
32.542250000000024	EXP	instruction_text3: pos = [0,0]
32.542250000000024	EXP	instruction_text3: size = undefined
32.542250000000024	EXP	instruction_text3: text = "Pazar. Most kezdődik az igazi kísérlet. Néhány percig fog tartani. Nem kell nagyon sietnie, de igyekezzen gyorsan válaszolni.\n\nNe feledje, ha tudja, a jobb gombot a jobbkezével, a bal gombot a balkezével nyomja le.\n\nNyomjon meg bármilyen gombot a folytatáshoz."
32.542250000000024	EXP	instruction_text3: font = "Arial"
32.542250000000024	EXP	instruction_text3: color = {"_hex":"#FFFFFF","_rgb":[1,1,1]}
32.542250000000024	EXP	instruction_text3: contrast = 1
32.542250000000024	EXP	instruction_text3: height = 0.1
32.542250000000024	EXP	instruction_text3: bold = false
32.542250000000024	EXP	instruction_text3: italic = false
32.542250000000024	EXP	instruction_text3: alignHoriz = "left"
32.542250000000024	EXP	instruction_text3: alignVert = "center"
32.542250000000024	EXP	instruction_text3: wrapWidth = 1
32.542250000000024	EXP	instruction_text3: flipHoriz = false
32.542250000000024	EXP	instruction_text3: flipVert = false
32.542250000000024	EXP	szo_kiir: units = "norm"
32.542250000000024	EXP	szo_kiir: ori = 0
32.542250000000024	EXP	szo_kiir: opacity = 1
32.542250000000024	EXP	szo_kiir: pos = [0,0]
32.542250000000024	EXP	szo_kiir: size = undefined
32.542250000000024	EXP	szo_kiir: text = "default text"
32.542250000000024	EXP	szo_kiir: font = "Arial"
32.542250000000024	EXP	szo_kiir: color = {"_hex":"#FFFFFF","_rgb":[1,1,1]}
32.542250000000024	EXP	szo_kiir: contrast = 1
32.542250000000024	EXP	szo_kiir: height = 0.2
32.542250000000024	EXP	szo_kiir: bold = false
32.542250000000024	EXP	szo_kiir: italic = false
32.542250000000024	EXP	szo_kiir: alignHoriz = "left"
32.542250000000024	EXP	szo_kiir: alignVert = "center"
32.542250000000024	EXP	szo_kiir: wrapWidth = 1
32.542250000000024	EXP	szo_kiir: flipHoriz = false
32.542250000000024	EXP	szo_kiir: flipVert = false
32.542250000000024	EXP	koszi_szoveg: units = "norm"
32.542250000000024	EXP	koszi_szoveg: ori = 0
32.542250000000024	EXP	koszi_szoveg: opacity = 1
32.542250000000024	EXP	koszi_szoveg: pos = [0,0]
32.542250000000024	EXP	koszi_szoveg: size = undefined
32.542250000000024	EXP	koszi_szoveg: text = "Vége a kísérletnek. Köszönjük a részvételt!"
32.542250000000024	EXP	koszi_szoveg: font = "arial"
32.542250000000024	EXP	koszi_szoveg: color = {"_rgb":[1,1,1]}
32.542250000000024	EXP	koszi_szoveg: contrast = 1
32.542250000000024	EXP	koszi_szoveg: height = 0.1
32.542250000000024	EXP	koszi_szoveg: bold = false
32.542250000000024	EXP	koszi_szoveg: italic = false
32.542250000000024	EXP	koszi_szoveg: alignHoriz = "left"
32.542250000000024	EXP	koszi_szoveg: alignVert = "center"
32.542250000000024	EXP	koszi_szoveg: wrapWidth = 1
32.542250000000024	EXP	koszi_szoveg: flipHoriz = false
32.542250000000024	EXP	koszi_szoveg: flipVert = false
32.542250000000024	EXP	instruction_text1: autoDraw = true
63.40603500000003	DATA	Keydown:  
63.44683500000002	EXP	instruction_text1: autoDraw = false
63.44683500000002	EXP	instruction_text2: autoDraw = true
79.91165000000001	DATA	Keydown:  
79.92187500000003	EXP	instruction_text2: autoDraw = false
80.47569500000003	EXP	show_text: autoDraw = true
81.39207500000003	DATA	Keydown: ArrowRight
81.40610500000003	EXP	show_text: autoDraw = false
81.93757500000001	EXP	text: autoDraw = true
83.16171500000002	DATA	Keydown: ArrowLeft
83.23244500000001	EXP	text: autoDraw = false
83.23244500000001	EXP	instruction_text3: autoDraw = true
97.404685	DATA	Keydown: ArrowRight
97.53345000000004	EXP	instruction_text3: autoDraw = false
97.53345000000004	EXP	szo_kiir: color = {"_rgb":[1,1,1]}
97.53345000000004	EXP	szo_kiir: text = "szigon"
98.04924000000003	EXP	szo_kiir: autoDraw = true
99.15771500000002	DATA	Keydown: ArrowLeft
99.17386000000002	EXP	szo_kiir: autoDraw = false
99.17386000000002	EXP	szo_kiir: color = {"_rgb":[1,1,1]}
99.17386000000002	EXP	szo_kiir: text = "pirodáló"
99.70104500000005	EXP	szo_kiir: autoDraw = true
101.51763500000001	DATA	Keydown: ArrowLeft
101.59145500000002	EXP	szo_kiir: autoDraw = false
101.59145500000002	EXP	szo_kiir: color = {"_rgb":[1,1,1]}
101.59145500000002	EXP	szo_kiir: text = "tojászköl"
102.11418500000005	EXP	szo_kiir: autoDraw = true
103.762665	DATA	Keydown: ArrowLeft
103.771175	EXP	szo_kiir: autoDraw = false
103.771175	EXP	szo_kiir: color = {"_rgb":[1,1,1]}
103.771175	EXP	szo_kiir: text = "darab"
104.29501000000002	EXP	szo_kiir: autoDraw = true
105.12456500000005	DATA	Keydown: ArrowRight
105.15966500000005	EXP	szo_kiir: autoDraw = false
105.15966500000005	EXP	szo_kiir: color = {"_rgb":[1,1,1]}
105.15966500000005	EXP	szo_kiir: text = "esemény"
105.67590000000004	EXP	szo_kiir: autoDraw = true
106.36766000000003	DATA	Keydown: ArrowRight
106.37299000000004	EXP	szo_kiir: autoDraw = false
106.37299000000004	EXP	szo_kiir: color = {"_rgb":[1,1,1]}
106.37299000000004	EXP	szo_kiir: text = "anaszsében"
106.90108000000001	EXP	szo_kiir: autoDraw = true
108.89497500000002	DATA	Keydown: ArrowLeft
108.95936000000003	EXP	szo_kiir: autoDraw = false
108.95936000000003	EXP	szo_kiir: color = {"_rgb":[1,1,1]}
108.95936000000003	EXP	szo_kiir: text = "keresztény"
109.47797500000004	EXP	szo_kiir: autoDraw = true
110.46255000000005	DATA	Keydown: ArrowRight
110.47366500000001	EXP	szo_kiir: autoDraw = false
110.47366500000001	EXP	szo_kiir: color = {"_rgb":[1,1,1]}
110.47366500000001	EXP	szo_kiir: text = "párt"
110.99449000000001	EXP	szo_kiir: autoDraw = true
111.62611000000001	DATA	Keydown: ArrowRight
111.66116000000002	EXP	szo_kiir: autoDraw = false
111.66116000000002	EXP	szo_kiir: color = {"_rgb":[1,1,1]}
111.66116000000002	EXP	szo_kiir: text = "storka"
112.17615000000004	EXP	szo_kiir: autoDraw = true
113.37647000000001	DATA	Keydown: ArrowLeft
113.39092000000002	EXP	szo_kiir: autoDraw = false
113.39092000000002	EXP	szo_kiir: color = {"_rgb":[1,1,1]}
113.39092000000002	EXP	szo_kiir: text = "vörös"
113.91144500000004	EXP	szo_kiir: autoDraw = true
114.54774	DATA	Keydown: ArrowRight
114.56136000000001	EXP	szo_kiir: autoDraw = false
114.56136000000001	EXP	szo_kiir: color = {"_rgb":[1,1,1]}
114.56136000000001	EXP	szo_kiir: text = "csomozdoni"
115.07940000000005	EXP	szo_kiir: autoDraw = true
116.65605500000001	DATA	Keydown: ArrowLeft
116.67139500000005	EXP	szo_kiir: autoDraw = false
116.67139500000005	EXP	szo_kiir: color = {"_rgb":[1,1,1]}
116.67139500000005	EXP	szo_kiir: text = "bír"
117.19463500000003	EXP	szo_kiir: autoDraw = true
117.77782500000004	DATA	Keydown: ArrowRight
117.79524500000005	EXP	szo_kiir: autoDraw = false
117.79524500000005	EXP	szo_kiir: color = {"_rgb":[1,1,1]}
117.79524500000005	EXP	szo_kiir: text = "fut"
118.31280000000001	EXP	szo_kiir: autoDraw = true
118.811025	DATA	Keydown: ArrowRight
118.82187000000002	EXP	szo_kiir: autoDraw = false
118.82187000000002	EXP	szo_kiir: color = {"_rgb":[1,1,1]}
118.82187000000002	EXP	szo_kiir: text = "kritikus"
119.34456000000003	EXP	szo_kiir: autoDraw = true
120.31409000000005	DATA	Keydown: ArrowRight
120.34447500000002	EXP	szo_kiir: autoDraw = false
120.34447500000002	EXP	szo_kiir: color = {"_rgb":[1,1,1]}
120.34447500000002	EXP	szo_kiir: text = "krém"
120.860105	EXP	szo_kiir: autoDraw = true
121.56562500000004	DATA	Keydown: ArrowRight
121.57258500000003	EXP	szo_kiir: autoDraw = false
121.57258500000003	EXP	szo_kiir: color = {"_rgb":[1,1,1]}
121.57258500000003	EXP	szo_kiir: text = "figyelem"
122.09090500000005	EXP	szo_kiir: autoDraw = true
122.71850500000002	DATA	Keydown: ArrowRight
122.76357500000003	EXP	szo_kiir: autoDraw = false
122.76357500000003	EXP	szo_kiir: color = {"_rgb":[1,1,1]}
122.76357500000003	EXP	szo_kiir: text = "nek"
123.27721500000004	EXP	szo_kiir: autoDraw = true
124.92536000000004	DATA	Keydown: ArrowLeft
124.94152500000004	EXP	szo_kiir: autoDraw = false
124.94152500000004	EXP	szo_kiir: color = {"_rgb":[1,1,1]}
124.94152500000004	EXP	szo_kiir: text = "barát"
125.46175000000002	EXP	szo_kiir: autoDraw = true
125.97874500000003	DATA	Keydown: ArrowRight
125.99058000000005	EXP	szo_kiir: autoDraw = false
125.99058000000005	EXP	szo_kiir: color = {"_rgb":[1,1,1]}
125.99058000000005	EXP	szo_kiir: text = "pár"
126.51121000000003	EXP	szo_kiir: autoDraw = true
126.98329000000004	DATA	Keydown: ArrowRight
127.02356500000005	EXP	szo_kiir: autoDraw = false
127.02356500000005	EXP	szo_kiir: color = {"_rgb":[1,1,1]}
127.02356500000005	EXP	szo_kiir: text = "szalas"
127.54293500000003	EXP	szo_kiir: autoDraw = true
128.61308	DATA	Keydown: ArrowLeft
128.62256000000005	EXP	szo_kiir: autoDraw = false
128.62256000000005	EXP	szo_kiir: color = {"_rgb":[1,1,1]}
128.62256000000005	EXP	szo_kiir: text = "hozandzsa"
129.14558000000002	EXP	szo_kiir: autoDraw = true
130.41185000000004	DATA	Keydown: ArrowLeft
130.439445	EXP	szo_kiir: autoDraw = false
130.439445	EXP	szo_kiir: color = {"_rgb":[1,1,1]}
130.439445	EXP	szo_kiir: text = "szelíd"
130.957145	EXP	szo_kiir: autoDraw = true
131.64665000000005	DATA	Keydown: ArrowRight
131.65828000000002	EXP	szo_kiir: autoDraw = false
131.65828000000002	EXP	szo_kiir: color = {"_rgb":[1,1,1]}
131.65828000000002	EXP	szo_kiir: text = "forog"
132.18014000000002	EXP	szo_kiir: autoDraw = true
132.6998	DATA	Keydown: ArrowRight
132.74812	EXP	szo_kiir: autoDraw = false
132.74812	EXP	szo_kiir: color = {"_rgb":[1,1,1]}
132.74812	EXP	szo_kiir: text = "majozárói"
133.26166000000003	EXP	szo_kiir: autoDraw = true
134.69798	DATA	Keydown: ArrowLeft
134.707635	EXP	szo_kiir: autoDraw = false
134.707635	EXP	szo_kiir: color = {"_rgb":[1,1,1]}
134.707635	EXP	szo_kiir: text = "nagyszámú"
135.23152000000002	EXP	szo_kiir: autoDraw = true
136.34868000000003	DATA	Keydown: ArrowRight
136.38258500000003	EXP	szo_kiir: autoDraw = false
136.38258500000003	EXP	szo_kiir: color = {"_rgb":[1,1,1]}
136.38258500000003	EXP	szo_kiir: text = "rom"
136.89417	EXP	szo_kiir: autoDraw = true
137.69286000000002	DATA	Keydown: ArrowRight
137.706735	EXP	szo_kiir: autoDraw = false
137.706735	EXP	szo_kiir: color = {"_rgb":[1,1,1]}
137.706735	EXP	szo_kiir: text = "egyenrangú"
138.22390000000004	EXP	szo_kiir: autoDraw = true
138.99320500000002	DATA	Keydown: ArrowRight
139.03210500000003	EXP	szo_kiir: autoDraw = false
139.03210500000003	EXP	szo_kiir: color = {"_rgb":[1,1,1]}
139.03210500000003	EXP	szo_kiir: text = "torz"
139.54148	EXP	szo_kiir: autoDraw = true
140.10052000000005	DATA	Keydown: ArrowRight
140.11495000000005	EXP	szo_kiir: autoDraw = false
140.11495000000005	EXP	szo_kiir: color = {"_rgb":[1,1,1]}
140.11495000000005	EXP	szo_kiir: text = "hullik"
140.62418000000005	EXP	szo_kiir: autoDraw = true
141.25082500000005	DATA	Keydown: ArrowRight
141.281325	EXP	szo_kiir: autoDraw = false
141.281325	EXP	szo_kiir: color = {"_rgb":[1,1,1]}
141.281325	EXP	szo_kiir: text = "puharmes"
141.795895	EXP	szo_kiir: autoDraw = true
143.39752000000001	DATA	Keydown: ArrowLeft
143.408485	EXP	szo_kiir: autoDraw = false
143.408485	EXP	szo_kiir: color = {"_rgb":[1,1,1]}
143.408485	EXP	szo_kiir: text = "vélekedik"
143.92927500000005	EXP	szo_kiir: autoDraw = true
144.62636500000005	DATA	Keydown: ArrowRight
144.68650500000004	EXP	szo_kiir: autoDraw = false
144.68650500000004	EXP	szo_kiir: color = {"_rgb":[1,1,1]}
144.68650500000004	EXP	szo_kiir: text = "vilálható"
145.19466500000001	EXP	szo_kiir: autoDraw = true
146.7675	DATA	Keydown: ArrowLeft
146.775925	EXP	szo_kiir: autoDraw = false
146.775925	EXP	szo_kiir: color = {"_rgb":[1,1,1]}
146.775925	EXP	szo_kiir: text = "égitest"
147.29466500000004	EXP	szo_kiir: autoDraw = true
147.98437500000003	DATA	Keydown: ArrowRight
148.01587500000002	EXP	szo_kiir: autoDraw = false
148.01587500000002	EXP	szo_kiir: color = {"_rgb":[1,1,1]}
148.01587500000002	EXP	szo_kiir: text = "oldalmi"
148.529705	EXP	szo_kiir: autoDraw = true
149.695345	DATA	Keydown: ArrowLeft
149.70870500000004	EXP	szo_kiir: autoDraw = false
149.70870500000004	EXP	szo_kiir: color = {"_rgb":[1,1,1]}
149.70870500000004	EXP	szo_kiir: text = "holttest"
150.22395500000002	EXP	szo_kiir: autoDraw = true
150.91476500000002	DATA	Keydown: ArrowRight
150.97885500000004	EXP	szo_kiir: autoDraw = false
150.97885500000004	EXP	szo_kiir: color = {"_rgb":[1,1,1]}
150.97885500000004	EXP	szo_kiir: text = "kunyai"
151.49569000000005	EXP	szo_kiir: autoDraw = true
152.49344000000005	DATA	Keydown: ArrowLeft
152.50668500000003	EXP	szo_kiir: autoDraw = false
152.50668500000003	EXP	szo_kiir: color = {"_rgb":[1,1,1]}
152.50668500000003	EXP	szo_kiir: text = "lépték"
153.02843500000003	EXP	szo_kiir: autoDraw = true
153.71912500000005	DATA	Keydown: ArrowRight
153.74163000000001	EXP	szo_kiir: autoDraw = false
153.74163000000001	EXP	szo_kiir: color = {"_rgb":[1,1,1]}
153.74163000000001	EXP	szo_kiir: text = "mokkáskanál"
154.262145	EXP	szo_kiir: autoDraw = true
155.34252	DATA	Keydown: ArrowRight
155.35698500000004	EXP	szo_kiir: autoDraw = false
155.35698500000004	EXP	szo_kiir: color = {"_rgb":[1,1,1]}
155.35698500000004	EXP	szo_kiir: text = "balji"
155.87785500000004	EXP	szo_kiir: autoDraw = true
157.01109000000005	DATA	Keydown: ArrowLeft
157.04311000000004	EXP	szo_kiir: autoDraw = false
157.04311000000004	EXP	szo_kiir: color = {"_rgb":[1,1,1]}
157.04311000000004	EXP	szo_kiir: text = "presbitérium"
157.56143500000005	EXP	szo_kiir: autoDraw = true
158.89892500000005	DATA	Keydown: ArrowRight
158.90713000000002	EXP	szo_kiir: autoDraw = false
158.90713000000002	EXP	szo_kiir: color = {"_rgb":[1,1,1]}
158.90713000000002	EXP	szo_kiir: text = "őrült"
159.43126000000004	EXP	szo_kiir: autoDraw = true
160.010005	DATA	Keydown: ArrowRight
160.04739000000004	EXP	szo_kiir: autoDraw = false
160.04739000000004	EXP	szo_kiir: color = {"_rgb":[1,1,1]}
160.04739000000004	EXP	szo_kiir: text = "temperamentum"
160.55819000000005	EXP	szo_kiir: autoDraw = true
161.69486500000002	DATA	Keydown: ArrowRight
161.70851000000002	EXP	szo_kiir: autoDraw = false
161.70851000000002	EXP	szo_kiir: color = {"_rgb":[1,1,1]}
161.70851000000002	EXP	szo_kiir: text = "leér"
162.22908500000003	EXP	szo_kiir: autoDraw = true
162.98721500000002	DATA	Keydown: ArrowRight
163.018515	EXP	szo_kiir: autoDraw = false
163.018515	EXP	szo_kiir: color = {"_rgb":[1,1,1]}
163.018515	EXP	szo_kiir: text = "szokik"
163.52849500000005	EXP	szo_kiir: autoDraw = true
164.32709000000003	DATA	Keydown: ArrowRight
164.33837000000003	EXP	szo_kiir: autoDraw = false
164.33837000000003	EXP	szo_kiir: color = {"_rgb":[1,1,1]}
164.33837000000003	EXP	szo_kiir: text = "nagybeteg"
164.86118000000002	EXP	szo_kiir: autoDraw = true
165.64974000000004	DATA	Keydown: ArrowRight
165.67829500000002	EXP	szo_kiir: autoDraw = false
165.67829500000002	EXP	szo_kiir: color = {"_rgb":[1,1,1]}
165.67829500000002	EXP	szo_kiir: text = "örög"
166.19558000000004	EXP	szo_kiir: autoDraw = true
166.66473500000004	DATA	Keydown: ArrowRight
166.67435500000002	EXP	szo_kiir: autoDraw = false
166.67435500000002	EXP	szo_kiir: color = {"_rgb":[1,1,1]}
166.67435500000002	EXP	szo_kiir: text = "camembert"
167.195615	EXP	szo_kiir: autoDraw = true
170.13396000000003	DATA	Keydown: ArrowRight
170.14275	EXP	szo_kiir: autoDraw = false
170.14275	EXP	szo_kiir: color = {"_rgb":[1,1,1]}
170.14275	EXP	szo_kiir: text = "szilikát"
170.658575	EXP	szo_kiir: autoDraw = true
171.71126500000005	DATA	Keydown: ArrowRight
171.737335	EXP	szo_kiir: autoDraw = false
171.737335	EXP	szo_kiir: color = {"_rgb":[1,1,1]}
171.737335	EXP	szo_kiir: text = "hidroxid"
172.24582500000005	EXP	szo_kiir: autoDraw = true
173.12784000000002	DATA	Keydown: ArrowRight
173.14082000000005	EXP	szo_kiir: autoDraw = false
173.14082000000005	EXP	szo_kiir: color = {"_rgb":[1,1,1]}
173.14082000000005	EXP	szo_kiir: text = "farizeus"
173.66204000000002	EXP	szo_kiir: autoDraw = true
174.41831500000004	DATA	Keydown: ArrowRight
174.44493000000003	EXP	szo_kiir: autoDraw = false
174.44493000000003	EXP	szo_kiir: color = {"_rgb":[1,1,1]}
174.44493000000003	EXP	szo_kiir: text = "káder"
174.963695	EXP	szo_kiir: autoDraw = true
176.37624000000002	DATA	Keydown: ArrowLeft
176.38897	EXP	szo_kiir: autoDraw = false
176.38897	EXP	szo_kiir: color = {"_rgb":[1,1,1]}
176.38897	EXP	szo_kiir: text = "abszint"
176.90751000000003	EXP	szo_kiir: autoDraw = true
178.14530000000005	DATA	Keydown: ArrowRight
178.15571000000003	EXP	szo_kiir: autoDraw = false
178.15571000000003	EXP	szo_kiir: color = {"_rgb":[1,1,1]}
178.15571000000003	EXP	szo_kiir: text = "korog"
178.67875	EXP	szo_kiir: autoDraw = true
179.27952000000002	DATA	Keydown: ArrowRight
179.29570000000004	EXP	szo_kiir: autoDraw = false
179.29570000000004	EXP	szo_kiir: color = {"_rgb":[1,1,1]}
179.29570000000004	EXP	szo_kiir: text = "zajkottsi"
179.81232000000003	EXP	szo_kiir: autoDraw = true
180.89293	DATA	Keydown: ArrowLeft
180.90750000000006	EXP	szo_kiir: autoDraw = false
180.90750000000006	EXP	szo_kiir: color = {"_rgb":[1,1,1]}
180.90750000000006	EXP	szo_kiir: text = "stíluszirt"
181.42487500000001	EXP	szo_kiir: autoDraw = true
182.670035	DATA	Keydown: ArrowLeft
182.69848000000005	EXP	szo_kiir: autoDraw = false
182.69848000000005	EXP	szo_kiir: color = {"_rgb":[1,1,1]}
182.69848000000005	EXP	szo_kiir: text = "agronómus"
183.21458000000004	EXP	szo_kiir: autoDraw = true
186.14775500000005	DATA	Keydown: ArrowLeft
186.156865	EXP	szo_kiir: autoDraw = false
186.156865	EXP	szo_kiir: color = {"_rgb":[1,1,1]}
186.156865	EXP	szo_kiir: text = "háznép"
186.68049000000005	EXP	szo_kiir: autoDraw = true
187.36228000000003	DATA	Keydown: ArrowRight
187.37545500000002	EXP	szo_kiir: autoDraw = false
187.37545500000002	EXP	szo_kiir: color = {"_rgb":[1,1,1]}
187.37545500000002	EXP	szo_kiir: text = "összalaj"
187.89359500000003	EXP	szo_kiir: autoDraw = true
189.20057000000006	DATA	Keydown: ArrowLeft
189.21391500000001	EXP	szo_kiir: autoDraw = false
189.21391500000001	EXP	szo_kiir: color = {"_rgb":[1,1,1]}
189.21391500000001	EXP	szo_kiir: text = "martalóc"
189.73027000000005	EXP	szo_kiir: autoDraw = true
190.55465	DATA	Keydown: ArrowLeft
190.55970500000004	EXP	szo_kiir: autoDraw = false
190.55970500000004	EXP	szo_kiir: color = {"_rgb":[1,1,1]}
190.55970500000004	EXP	szo_kiir: text = "műt"
191.07906500000004	EXP	szo_kiir: autoDraw = true
191.616655	DATA	Keydown: ArrowRight
191.62527500000002	EXP	szo_kiir: autoDraw = false
191.62527500000002	EXP	szo_kiir: color = {"_rgb":[1,1,1]}
191.62527500000002	EXP	szo_kiir: text = "trikarítés"
192.15007000000006	EXP	szo_kiir: autoDraw = true
193.795715	DATA	Keydown: ArrowLeft
193.84166000000002	EXP	szo_kiir: autoDraw = false
193.84166000000002	EXP	szo_kiir: color = {"_rgb":[1,1,1]}
193.84166000000002	EXP	szo_kiir: text = "analizál"
194.35791000000003	EXP	szo_kiir: autoDraw = true
195.2761	DATA	Keydown: ArrowRight
195.29189000000005	EXP	szo_kiir: autoDraw = false
195.29189000000005	EXP	szo_kiir: color = {"_rgb":[1,1,1]}
195.29189000000005	EXP	szo_kiir: text = "álomkór"
195.81254500000003	EXP	szo_kiir: autoDraw = true
196.47077000000004	DATA	Keydown: ArrowRight
196.491545	EXP	szo_kiir: autoDraw = false
196.491545	EXP	szo_kiir: color = {"_rgb":[1,1,1]}
196.491545	EXP	szo_kiir: text = "fertilis"
197.01181000000005	EXP	szo_kiir: autoDraw = true
197.71233000000004	DATA	Keydown: ArrowRight
197.72515	EXP	szo_kiir: autoDraw = false
197.72515	EXP	szo_kiir: color = {"_rgb":[1,1,1]}
197.72515	EXP	szo_kiir: text = "elegy"
198.24542000000005	EXP	szo_kiir: autoDraw = true
198.72663000000003	DATA	Keydown: ArrowRight
198.76108000000002	EXP	szo_kiir: autoDraw = false
198.76108000000002	EXP	szo_kiir: color = {"_rgb":[1,1,1]}
198.76108000000002	EXP	szo_kiir: text = "heltetett"
199.278825	EXP	szo_kiir: autoDraw = true
200.63542000000004	DATA	Keydown: ArrowLeft
200.64123500000002	EXP	szo_kiir: autoDraw = false
200.64123500000002	EXP	szo_kiir: color = {"_rgb":[1,1,1]}
200.64123500000002	EXP	szo_kiir: text = "preklasszikus"
201.16286000000005	EXP	szo_kiir: autoDraw = true
202.876315	DATA	Keydown: ArrowRight
202.91866000000002	EXP	szo_kiir: autoDraw = false
202.91866000000002	EXP	szo_kiir: color = {"_rgb":[1,1,1]}
202.91866000000002	EXP	szo_kiir: text = "interpretátor"
203.431565	EXP	szo_kiir: autoDraw = true
204.64150500000002	DATA	Keydown: ArrowRight
204.657315	EXP	szo_kiir: autoDraw = false
204.657315	EXP	szo_kiir: color = {"_rgb":[1,1,1]}
204.657315	EXP	szo_kiir: text = "arapapagáj"
205.17752500000003	EXP	szo_kiir: autoDraw = true
206.14294500000003	DATA	Keydown: ArrowRight
206.17800500000004	EXP	szo_kiir: autoDraw = false
206.17800500000004	EXP	szo_kiir: color = {"_rgb":[1,1,1]}
206.17800500000004	EXP	szo_kiir: text = "forrpont"
206.69373000000004	EXP	szo_kiir: autoDraw = true
209.04396500000004	DATA	Keydown: ArrowLeft
209.058275	EXP	szo_kiir: autoDraw = false
209.058275	EXP	szo_kiir: color = {"_rgb":[1,1,1]}
209.058275	EXP	szo_kiir: text = "tröshet"
209.57790500000002	EXP	szo_kiir: autoDraw = true
210.63354500000005	DATA	Keydown: ArrowLeft
210.64051500000002	EXP	szo_kiir: autoDraw = false
210.64051500000002	EXP	szo_kiir: color = {"_rgb":[1,1,1]}
210.64051500000002	EXP	szo_kiir: text = "alexandrinus"
211.16299	EXP	szo_kiir: autoDraw = true
212.76126000000002	DATA	Keydown: ArrowRight
212.78025500000004	EXP	szo_kiir: autoDraw = false
212.78025500000004	EXP	szo_kiir: color = {"_rgb":[1,1,1]}
212.78025500000004	EXP	szo_kiir: text = "levélnehezék"
213.29259500000003	EXP	szo_kiir: autoDraw = true
214.152655	DATA	Keydown: ArrowRight
214.15641000000002	EXP	szo_kiir: autoDraw = false
214.15641000000002	EXP	szo_kiir: color = {"_rgb":[1,1,1]}
214.15641000000002	EXP	szo_kiir: text = "kontlás"
214.67570500000002	EXP	szo_kiir: autoDraw = true
215.44493000000003	DATA	Keydown: ArrowLeft
215.47239000000005	EXP	szo_kiir: autoDraw = false
215.47239000000005	EXP	szo_kiir: color = {"_rgb":[1,1,1]}
215.47239000000005	EXP	szo_kiir: text = "hengerszimmetrikus"
215.97943	EXP	szo_kiir: autoDraw = true
216.985395	DATA	Keydown: ArrowRight
216.99081500000003	EXP	szo_kiir: autoDraw = false
216.99081500000003	EXP	szo_kiir: color = {"_rgb":[1,1,1]}
216.99081500000003	EXP	szo_kiir: text = "lumpenproletariátus"
217.509465	EXP	szo_kiir: autoDraw = true
220.31895000000006	DATA	Keydown: ArrowLeft
220.32748500000008	EXP	szo_kiir: autoDraw = false
220.32748500000008	EXP	szo_kiir: color = {"_rgb":[1,1,1]}
220.32748500000008	EXP	szo_kiir: text = "nyolcsolat"
220.84631000000005	EXP	szo_kiir: autoDraw = true
222.02890500000004	DATA	Keydown: ArrowLeft
222.06211500000003	EXP	szo_kiir: autoDraw = false
222.06211500000003	EXP	szo_kiir: color = {"_rgb":[1,1,1]}
222.06211500000003	EXP	szo_kiir: text = "rekvizit"
222.57983500000003	EXP	szo_kiir: autoDraw = true
223.499985	DATA	Keydown: ArrowLeft
223.50742500000004	EXP	szo_kiir: autoDraw = false
223.50742500000004	EXP	szo_kiir: color = {"_rgb":[1,1,1]}
223.50742500000004	EXP	szo_kiir: text = "áruszállítmány"
224.030085	EXP	szo_kiir: autoDraw = true
224.794225	DATA	Keydown: ArrowRight
224.80902500000005	EXP	szo_kiir: autoDraw = false
224.80902500000005	EXP	szo_kiir: color = {"_rgb":[1,1,1]}
224.80902500000005	EXP	szo_kiir: text = "merítőkanál"
225.33175500000002	EXP	szo_kiir: autoDraw = true
226.06469	DATA	Keydown: ArrowRight
226.098755	EXP	szo_kiir: autoDraw = false
226.098755	EXP	szo_kiir: color = {"_rgb":[1,1,1]}
226.098755	EXP	szo_kiir: text = "urbanizálódik"
226.61359500000006	EXP	szo_kiir: autoDraw = true
227.58540000000002	DATA	Keydown: ArrowRight
227.59347000000005	EXP	szo_kiir: autoDraw = false
227.59347000000005	EXP	szo_kiir: color = {"_rgb":[1,1,1]}
227.59347000000005	EXP	szo_kiir: text = "nyálasszájú"
228.11522000000005	EXP	szo_kiir: autoDraw = true
229.29577000000003	DATA	Keydown: ArrowRight
229.32845500000005	EXP	szo_kiir: autoDraw = false
229.32845500000005	EXP	szo_kiir: color = {"_rgb":[1,1,1]}
229.32845500000005	EXP	szo_kiir: text = "organizál"
229.84664500000005	EXP	szo_kiir: autoDraw = true
230.44450500000002	DATA	Keydown: ArrowRight
230.45909000000003	EXP	szo_kiir: autoDraw = false
230.45909000000003	EXP	szo_kiir: color = {"_rgb":[1,1,1]}
230.45909000000003	EXP	szo_kiir: text = "lovai"
230.97996500000002	EXP	szo_kiir: autoDraw = true
232.05031500000004	DATA	Keydown: ArrowRight
232.05942000000002	EXP	szo_kiir: autoDraw = false
232.05942000000002	EXP	szo_kiir: color = {"_rgb":[1,1,1]}
232.05942000000002	EXP	szo_kiir: text = "engedetlenkedik"
232.58066500000004	EXP	szo_kiir: autoDraw = true
234.17872000000003	DATA	Keydown: ArrowRight
234.20832000000004	EXP	szo_kiir: autoDraw = false
234.20832000000004	EXP	szo_kiir: color = {"_rgb":[1,1,1]}
234.20832000000004	EXP	szo_kiir: text = "estilágítő"
234.73358500000003	EXP	szo_kiir: autoDraw = true
236.46415000000005	DATA	Keydown: ArrowLeft
236.47500500000004	EXP	szo_kiir: autoDraw = false
236.47500500000004	EXP	szo_kiir: color = {"_rgb":[1,1,1]}
236.47500500000004	EXP	szo_kiir: text = "evakuál"
236.99758000000006	EXP	szo_kiir: autoDraw = true
237.77591000000004	DATA	Keydown: ArrowRight
237.79678000000004	EXP	szo_kiir: autoDraw = false
237.79678000000004	EXP	szo_kiir: color = {"_rgb":[1,1,1]}
237.79678000000004	EXP	szo_kiir: text = "kócol"
238.31308000000004	EXP	szo_kiir: autoDraw = true
239.0311	DATA	Keydown: ArrowRight
239.04334000000003	EXP	szo_kiir: autoDraw = false
239.04334000000003	EXP	szo_kiir: color = {"_rgb":[1,1,1]}
239.04334000000003	EXP	szo_kiir: text = "igásjószág"
239.56342500000002	EXP	szo_kiir: autoDraw = true
240.719635	DATA	Keydown: ArrowRight
240.73416500000005	EXP	szo_kiir: autoDraw = false
240.73416500000005	EXP	szo_kiir: color = {"_rgb":[1,1,1]}
240.73416500000005	EXP	szo_kiir: text = "piszkosodik"
241.24726	EXP	szo_kiir: autoDraw = true
241.96173500000006	DATA	Keydown: ArrowRight
241.97538500000005	EXP	szo_kiir: autoDraw = false
241.97538500000005	EXP	szo_kiir: color = {"_rgb":[1,1,1]}
241.97538500000005	EXP	szo_kiir: text = "kardorrú"
242.49810500000004	EXP	szo_kiir: autoDraw = true
243.80202000000006	DATA	Keydown: ArrowRight
243.83267000000004	EXP	szo_kiir: autoDraw = false
243.83267000000004	EXP	szo_kiir: color = {"_rgb":[1,1,1]}
243.83267000000004	EXP	szo_kiir: text = "invonult"
244.350265	EXP	szo_kiir: autoDraw = true
245.47871500000005	DATA	Keydown: ArrowLeft
245.49501500000005	EXP	szo_kiir: autoDraw = false
245.49501500000005	EXP	szo_kiir: color = {"_rgb":[1,1,1]}
245.49501500000005	EXP	szo_kiir: text = "tejeslány"
246.01492000000005	EXP	szo_kiir: autoDraw = true
246.98371500000005	DATA	Keydown: ArrowRight
247.013855	EXP	szo_kiir: autoDraw = false
247.013855	EXP	szo_kiir: color = {"_rgb":[1,1,1]}
247.013855	EXP	szo_kiir: text = "lepadlózik"
247.53348000000003	EXP	szo_kiir: autoDraw = true
248.74633000000003	DATA	Keydown: ArrowRight
248.76063000000002	EXP	szo_kiir: autoDraw = false
248.76063000000002	EXP	szo_kiir: color = {"_rgb":[1,1,1]}
248.76063000000002	EXP	szo_kiir: text = "borodó"
249.281325	EXP	szo_kiir: autoDraw = true
250.36403500000003	DATA	Keydown: ArrowLeft
250.39433000000005	EXP	szo_kiir: autoDraw = false
250.39433000000005	EXP	szo_kiir: color = {"_rgb":[1,1,1]}
250.39433000000005	EXP	szo_kiir: text = "víker"
250.91871500000005	EXP	szo_kiir: autoDraw = true
251.76188500000004	DATA	Keydown: ArrowLeft
251.77641000000003	EXP	szo_kiir: autoDraw = false
251.77641000000003	EXP	szo_kiir: color = {"_rgb":[1,1,1]}
251.77641000000003	EXP	szo_kiir: text = "extuál"
252.29657000000006	EXP	szo_kiir: autoDraw = true
253.08848500000002	DATA	Keydown: ArrowLeft
253.10996000000006	EXP	szo_kiir: autoDraw = false
253.10996000000006	EXP	szo_kiir: color = {"_rgb":[1,1,1]}
253.10996000000006	EXP	szo_kiir: text = "balhitű"
253.63094000000004	EXP	szo_kiir: autoDraw = true
254.51168000000004	DATA	Keydown: ArrowRight
254.52644	EXP	szo_kiir: autoDraw = false
254.52644	EXP	szo_kiir: color = {"_rgb":[1,1,1]}
254.52644	EXP	szo_kiir: text = "garn"
255.04727500000004	EXP	szo_kiir: autoDraw = true
255.94914500000002	DATA	Keydown: ArrowLeft
255.96832500000002	EXP	szo_kiir: autoDraw = false
255.96832500000002	EXP	szo_kiir: color = {"_rgb":[1,1,1]}
255.96832500000002	EXP	szo_kiir: text = "templomoz"
256.48175000000003	EXP	szo_kiir: autoDraw = true
257.780645	DATA	Keydown: ArrowLeft
257.794335	EXP	szo_kiir: autoDraw = false
257.794335	EXP	szo_kiir: color = {"_rgb":[1,1,1]}
257.794335	EXP	szo_kiir: text = "petél"
258.31514	EXP	szo_kiir: autoDraw = true
259.530545	DATA	Keydown: ArrowLeft
259.54433	EXP	szo_kiir: autoDraw = false
259.54433	EXP	szo_kiir: color = {"_rgb":[1,1,1]}
259.54433	EXP	szo_kiir: text = "dumcsoska"
260.06544	EXP	szo_kiir: autoDraw = true
261.28066	DATA	Keydown: ArrowLeft
261.294605	EXP	szo_kiir: autoDraw = false
261.294605	EXP	szo_kiir: color = {"_rgb":[1,1,1]}
261.294605	EXP	szo_kiir: text = "kurzivál"
261.815935	EXP	szo_kiir: autoDraw = true
263.162555	DATA	Keydown: ArrowLeft
263.20018500000003	EXP	szo_kiir: autoDraw = false
263.20018500000003	EXP	szo_kiir: color = {"_rgb":[1,1,1]}
263.20018500000003	EXP	szo_kiir: text = "polcol"
263.714615	EXP	szo_kiir: autoDraw = true
264.32442000000003	DATA	Keydown: ArrowRight
264.33045	EXP	szo_kiir: autoDraw = false
264.33045	EXP	szo_kiir: color = {"_rgb":[1,1,1]}
264.33045	EXP	szo_kiir: text = "léháskodik"
264.848365	EXP	szo_kiir: autoDraw = true
265.883995	DATA	Keydown: ArrowRight
265.91643	EXP	szo_kiir: autoDraw = false
265.91643	EXP	szo_kiir: color = {"_rgb":[1,1,1]}
265.91643	EXP	szo_kiir: text = "föllélegez"
266.43217500000003	EXP	szo_kiir: autoDraw = true
267.31673	DATA	Keydown: ArrowRight
267.327855	EXP	szo_kiir: autoDraw = false
267.327855	EXP	szo_kiir: color = {"_rgb":[1,1,1]}
267.327855	EXP	szo_kiir: text = "utálkodik"
267.84734000000003	EXP	szo_kiir: autoDraw = true
268.56027	DATA	Keydown: ArrowRight
268.58135	EXP	szo_kiir: autoDraw = false
268.58135	EXP	szo_kiir: color = {"_rgb":[1,1,1]}
268.58135	EXP	szo_kiir: text = "lazúroz"
269.09879	EXP	szo_kiir: autoDraw = true
270.898215	DATA	Keydown: ArrowLeft
270.91454	EXP	szo_kiir: autoDraw = false
270.91454	EXP	szo_kiir: color = {"_rgb":[1,1,1]}
270.91454	EXP	szo_kiir: text = "viaszoz"
271.43178	EXP	szo_kiir: autoDraw = true
272.91595	DATA	Keydown: ArrowRight
272.92816	EXP	szo_kiir: autoDraw = false
272.92816	EXP	szo_kiir: color = {"_rgb":[1,1,1]}
272.92816	EXP	szo_kiir: text = "ruharongy"
273.449415	EXP	szo_kiir: autoDraw = true
274.30065	DATA	Keydown: ArrowRight
274.33334	EXP	szo_kiir: autoDraw = false
274.33334	EXP	szo_kiir: color = {"_rgb":[1,1,1]}
274.33334	EXP	szo_kiir: text = "ködik"
274.848225	EXP	szo_kiir: autoDraw = true
275.42068	DATA	Keydown: ArrowRight
275.425405	EXP	szo_kiir: autoDraw = false
275.425405	EXP	szo_kiir: color = {"_rgb":[1,1,1]}
275.425405	EXP	szo_kiir: text = "tarkarézérc"
275.94870000000003	EXP	szo_kiir: autoDraw = true
277.610835	DATA	Keydown: ArrowLeft
277.626535	EXP	szo_kiir: autoDraw = false
277.626535	EXP	szo_kiir: color = {"_rgb":[1,1,1]}
277.626535	EXP	szo_kiir: text = "püffeszt"
278.14998	EXP	szo_kiir: autoDraw = true
278.93334500000003	DATA	Keydown: ArrowRight
278.945775	EXP	szo_kiir: autoDraw = false
278.945775	EXP	szo_kiir: color = {"_rgb":[1,1,1]}
278.945775	EXP	szo_kiir: text = "cigazodox"
279.466195	EXP	szo_kiir: autoDraw = true
281.412275	DATA	Keydown: ArrowLeft
281.44164	EXP	szo_kiir: autoDraw = false
281.44164	EXP	koszi_szoveg: autoDraw = true
283.300345	DATA	Keydown:  
