0.17889999994076788	EXP	Created Window = Window( name=Window, fullscr=true, color=#000000, units=norm, waitBlanking=true, autoLog=true, size=[1920,969] )
12.52030500001274	DATA	Keydown: 6
12.951089999871328	DATA	Keydown: 2
13.694820000091568	DATA	Keydown: 4
13.911695000017062	DATA	Keydown: 5
23.81870499998331	EXP	Created instruction_text1 = TextStim( name=instruction_text1, win=Window( name=Window, fullscr=true, color=#000000, ~), autoDraw=null, autoLog=true, units=norm, ori=null, opacity=1, pos=[0,0], size=undefined, text=Ön most szavakat fog látni.

Ezek között lesznek o~, font=Arial, color=#ffffff, contrast=1, height=0.05, bold=null, italic=null, alignHoriz=left, alignVert=center, wrapWidth=1, flipHoriz=null, flipVert=null )
23.827009999891743	EXP	Created instruction_text2 = TextStim( name=instruction_text2, win=Window( name=Window, fullscr=true, color=#000000, ~), autoDraw=null, autoLog=true, units=norm, ori=null, opacity=1, pos=[0,0], size=undefined, text=Először két egyszerű példát mutatunk Önnek.

Az el~, font=Arial, color=#FFFFFF, contrast=1, height=0.05, bold=null, italic=null, alignHoriz=left, alignVert=center, wrapWidth=1, flipHoriz=null, flipVert=null )
23.828239999944344	EXP	Created show_text = TextStim( name=show_text, win=Window( name=Window, fullscr=true, color=#000000, ~), autoDraw=null, autoLog=true, units=norm, ori=null, opacity=1, pos=[0,0], size=undefined, text=asztal, font=Arial, color=#FFFFFF, contrast=1, height=0.2, bold=null, italic=null, alignHoriz=left, alignVert=center, wrapWidth=1, flipHoriz=null, flipVert=null )
23.831010000081733	EXP	Created text = TextStim( name=text, win=Window( name=Window, fullscr=true, color=#000000, ~), autoDraw=null, autoLog=true, units=norm, ori=null, opacity=1, pos=[0,0], size=undefined, text=bzsmfsztal, font=Arial, color=#FFFFFF, contrast=1, height=0.2, bold=null, italic=null, alignHoriz=left, alignVert=center, wrapWidth=1, flipHoriz=null, flipVert=null )
23.833425000077114	EXP	Created instruction_text3 = TextStim( name=instruction_text3, win=Window( name=Window, fullscr=true, color=#000000, ~), autoDraw=null, autoLog=true, units=norm, ori=null, opacity=1, pos=[0,0], size=undefined, text=Pazar. Most kezdődik az igazi kísérlet. Néhány per~, font=Arial, color=#FFFFFF, contrast=1, height=0.1, bold=null, italic=null, alignHoriz=left, alignVert=center, wrapWidth=1, flipHoriz=null, flipVert=null )
23.83447999996133	EXP	Created szo_kiir = TextStim( name=szo_kiir, win=Window( name=Window, fullscr=true, color=#000000, ~), autoDraw=null, autoLog=true, units=norm, ori=null, opacity=1, pos=[0,0], size=undefined, text=default text, font=Arial, color=#FFFFFF, contrast=1, height=0.2, bold=null, italic=null, alignHoriz=left, alignVert=center, wrapWidth=1, flipHoriz=null, flipVert=null )
23.840730000054464	EXP	Created koszi_szoveg = TextStim( name=koszi_szoveg, win=Window( name=Window, fullscr=true, color=#000000, ~), autoDraw=null, autoLog=true, units=norm, ori=null, opacity=1, pos=[0,0], size=undefined, text=Vége a kísérletnek. Köszönjük a részvételt!, font=arial, color=#ffffff, contrast=1, height=0.1, bold=null, italic=null, alignHoriz=left, alignVert=center, wrapWidth=1, flipHoriz=null, flipVert=null )
23.93368500005454	EXP	instruction_text1: units = "norm"
23.93368500005454	EXP	instruction_text1: ori = 0
23.93368500005454	EXP	instruction_text1: opacity = 1
23.93368500005454	EXP	instruction_text1: pos = [0,0]
23.93368500005454	EXP	instruction_text1: size = undefined
23.93368500005454	EXP	instruction_text1: text = "Ön most szavakat fog látni.\n\nEzek között lesznek olyanok, amelyeket ismer, de előfordulhatnak olyanok is, amelyeket nem ismer, sőt, vannak köztük kitalált szavak is. \n\nKérjük, ha ismeri a képernyőn látható szót, nyomja meg a JOBB kurzorbillentyűt.\nKérjük, ha NEM ismeri a képernyőn látható szót, vagy azt gondolja, nincs ilyen szó a magyarban, nyomja meg a BAL kurzorbillentyűt.\n\nAz 'Ismerem a szót' döntés itt most ezt jelenti: találkoztam már vele, és van valami elképzelésem a jelentéséről is.  \n\nNyomjon meg bármilyen billentyűt a folytatáshoz."
23.93368500005454	EXP	instruction_text1: font = "Arial"
23.93368500005454	EXP	instruction_text1: color = {"_rgb":[1,1,1]}
23.93368500005454	EXP	instruction_text1: contrast = 1
23.93368500005454	EXP	instruction_text1: height = 0.05
23.93368500005454	EXP	instruction_text1: bold = false
23.93368500005454	EXP	instruction_text1: italic = false
23.93368500005454	EXP	instruction_text1: alignHoriz = "left"
23.93368500005454	EXP	instruction_text1: alignVert = "center"
23.93368500005454	EXP	instruction_text1: wrapWidth = 1
23.93368500005454	EXP	instruction_text1: flipHoriz = false
23.93368500005454	EXP	instruction_text1: flipVert = false
23.93368500005454	EXP	instruction_text2: units = "norm"
23.93368500005454	EXP	instruction_text2: ori = 0
23.93368500005454	EXP	instruction_text2: opacity = 1
23.93368500005454	EXP	instruction_text2: pos = [0,0]
23.93368500005454	EXP	instruction_text2: size = undefined
23.93368500005454	EXP	instruction_text2: text = "Először két egyszerű példát mutatunk Önnek.\n\nAz első szó létezik a magyarban, és valószínűleg Ön is ismeri. Itt nyomja majd meg a jobb kurzorbillentyűt.\nA második szó nem létezik a magyar nyelvben. Itt nyomja majd meg a bal kurzorbillentyűt.\n\nFontos, hogy a jobb gombot a jobb kezével, a bal gombot a bal kezével nyomja, ha tudja, és ne egy kezét használja a kísérletben.\n\nNyomjon meg bármilyen gombot a folytatáshoz."
23.93368500005454	EXP	instruction_text2: font = "Arial"
23.93368500005454	EXP	instruction_text2: color = {"_hex":"#FFFFFF","_rgb":[1,1,1]}
23.93368500005454	EXP	instruction_text2: contrast = 1
23.93368500005454	EXP	instruction_text2: height = 0.05
23.93368500005454	EXP	instruction_text2: bold = false
23.93368500005454	EXP	instruction_text2: italic = false
23.93368500005454	EXP	instruction_text2: alignHoriz = "left"
23.93368500005454	EXP	instruction_text2: alignVert = "center"
23.93368500005454	EXP	instruction_text2: wrapWidth = 1
23.93368500005454	EXP	instruction_text2: flipHoriz = false
23.93368500005454	EXP	instruction_text2: flipVert = false
23.93368500005454	EXP	show_text: units = "norm"
23.93368500005454	EXP	show_text: ori = 0
23.93368500005454	EXP	show_text: opacity = 1
23.93368500005454	EXP	show_text: pos = [0,0]
23.93368500005454	EXP	show_text: size = undefined
23.93368500005454	EXP	show_text: text = "asztal"
23.93368500005454	EXP	show_text: font = "Arial"
23.93368500005454	EXP	show_text: color = {"_hex":"#FFFFFF","_rgb":[1,1,1]}
23.93368500005454	EXP	show_text: contrast = 1
23.93368500005454	EXP	show_text: height = 0.2
23.93368500005454	EXP	show_text: bold = false
23.93368500005454	EXP	show_text: italic = false
23.93368500005454	EXP	show_text: alignHoriz = "left"
23.93368500005454	EXP	show_text: alignVert = "center"
23.93368500005454	EXP	show_text: wrapWidth = 1
23.93368500005454	EXP	show_text: flipHoriz = false
23.93368500005454	EXP	show_text: flipVert = false
23.93368500005454	EXP	text: units = "norm"
23.93368500005454	EXP	text: ori = 0
23.93368500005454	EXP	text: opacity = 1
23.93368500005454	EXP	text: pos = [0,0]
23.93368500005454	EXP	text: size = undefined
23.93368500005454	EXP	text: text = "bzsmfsztal"
23.93368500005454	EXP	text: font = "Arial"
23.93368500005454	EXP	text: color = {"_hex":"#FFFFFF","_rgb":[1,1,1]}
23.93368500005454	EXP	text: contrast = 1
23.93368500005454	EXP	text: height = 0.2
23.93368500005454	EXP	text: bold = false
23.93368500005454	EXP	text: italic = false
23.93368500005454	EXP	text: alignHoriz = "left"
23.93368500005454	EXP	text: alignVert = "center"
23.93368500005454	EXP	text: wrapWidth = 1
23.93368500005454	EXP	text: flipHoriz = false
23.93368500005454	EXP	text: flipVert = false
23.93368500005454	EXP	instruction_text3: units = "norm"
23.93368500005454	EXP	instruction_text3: ori = 0
23.93368500005454	EXP	instruction_text3: opacity = 1
23.93368500005454	EXP	instruction_text3: pos = [0,0]
23.93368500005454	EXP	instruction_text3: size = undefined
23.93368500005454	EXP	instruction_text3: text = "Pazar. Most kezdődik az igazi kísérlet. Néhány percig fog tartani. Nem kell nagyon sietnie, de igyekezzen gyorsan válaszolni.\n\nNe feledje, ha tudja, a jobb gombot a jobbkezével, a bal gombot a balkezével nyomja le.\n\nNyomjon meg bármilyen gombot a folytatáshoz."
23.93368500005454	EXP	instruction_text3: font = "Arial"
23.93368500005454	EXP	instruction_text3: color = {"_hex":"#FFFFFF","_rgb":[1,1,1]}
23.93368500005454	EXP	instruction_text3: contrast = 1
23.93368500005454	EXP	instruction_text3: height = 0.1
23.93368500005454	EXP	instruction_text3: bold = false
23.93368500005454	EXP	instruction_text3: italic = false
23.93368500005454	EXP	instruction_text3: alignHoriz = "left"
23.93368500005454	EXP	instruction_text3: alignVert = "center"
23.93368500005454	EXP	instruction_text3: wrapWidth = 1
23.93368500005454	EXP	instruction_text3: flipHoriz = false
23.93368500005454	EXP	instruction_text3: flipVert = false
23.93368500005454	EXP	szo_kiir: units = "norm"
23.93368500005454	EXP	szo_kiir: ori = 0
23.93368500005454	EXP	szo_kiir: opacity = 1
23.93368500005454	EXP	szo_kiir: pos = [0,0]
23.93368500005454	EXP	szo_kiir: size = undefined
23.93368500005454	EXP	szo_kiir: text = "default text"
23.93368500005454	EXP	szo_kiir: font = "Arial"
23.93368500005454	EXP	szo_kiir: color = {"_hex":"#FFFFFF","_rgb":[1,1,1]}
23.93368500005454	EXP	szo_kiir: contrast = 1
23.93368500005454	EXP	szo_kiir: height = 0.2
23.93368500005454	EXP	szo_kiir: bold = false
23.93368500005454	EXP	szo_kiir: italic = false
23.93368500005454	EXP	szo_kiir: alignHoriz = "left"
23.93368500005454	EXP	szo_kiir: alignVert = "center"
23.93368500005454	EXP	szo_kiir: wrapWidth = 1
23.93368500005454	EXP	szo_kiir: flipHoriz = false
23.93368500005454	EXP	szo_kiir: flipVert = false
23.93368500005454	EXP	koszi_szoveg: units = "norm"
23.93368500005454	EXP	koszi_szoveg: ori = 0
23.93368500005454	EXP	koszi_szoveg: opacity = 1
23.93368500005454	EXP	koszi_szoveg: pos = [0,0]
23.93368500005454	EXP	koszi_szoveg: size = undefined
23.93368500005454	EXP	koszi_szoveg: text = "Vége a kísérletnek. Köszönjük a részvételt!"
23.93368500005454	EXP	koszi_szoveg: font = "arial"
23.93368500005454	EXP	koszi_szoveg: color = {"_rgb":[1,1,1]}
23.93368500005454	EXP	koszi_szoveg: contrast = 1
23.93368500005454	EXP	koszi_szoveg: height = 0.1
23.93368500005454	EXP	koszi_szoveg: bold = false
23.93368500005454	EXP	koszi_szoveg: italic = false
23.93368500005454	EXP	koszi_szoveg: alignHoriz = "left"
23.93368500005454	EXP	koszi_szoveg: alignVert = "center"
23.93368500005454	EXP	koszi_szoveg: wrapWidth = 1
23.93368500005454	EXP	koszi_szoveg: flipHoriz = false
23.93368500005454	EXP	koszi_szoveg: flipVert = false
23.93368500005454	EXP	instruction_text1: autoDraw = true
164.44044000003487	DATA	Keydown:  
164.4589949999936	EXP	instruction_text1: autoDraw = false
164.4589949999936	EXP	instruction_text2: autoDraw = true
184.5684599999804	DATA	Keydown:  
184.58207000000402	EXP	instruction_text2: autoDraw = false
185.12672999990173	EXP	show_text: autoDraw = true
187.119410000043	DATA	Keydown: ArrowRight
187.13412500009872	EXP	show_text: autoDraw = false
187.66072999988683	EXP	text: autoDraw = true
190.53933000005782	DATA	Keydown: ArrowLeft
190.59314500004984	EXP	text: autoDraw = false
190.59314500004984	EXP	instruction_text3: autoDraw = true
199.130589999957	DATA	Keydown:  
199.20595000009052	EXP	instruction_text3: autoDraw = false
199.20595000009052	EXP	szo_kiir: color = {"_rgb":[1,1,1]}
199.20595000009052	EXP	szo_kiir: text = "nagy"
199.71874499996193	EXP	szo_kiir: autoDraw = true
200.4316000000108	DATA	Keydown: ArrowRight
200.44848000002094	EXP	szo_kiir: autoDraw = false
200.44848000002094	EXP	szo_kiir: color = {"_rgb":[1,1,1]}
200.44848000002094	EXP	szo_kiir: text = "család"
200.97130499989726	EXP	szo_kiir: autoDraw = true
201.88678999990225	DATA	Keydown: ArrowRight
201.92910000006668	EXP	szo_kiir: autoDraw = false
201.92910000006668	EXP	szo_kiir: color = {"_rgb":[1,1,1]}
201.92910000006668	EXP	szo_kiir: text = "felján"
202.4371299999766	EXP	szo_kiir: autoDraw = true
204.25554000004195	DATA	Keydown: ArrowLeft
204.26799000008032	EXP	szo_kiir: autoDraw = false
204.26799000008032	EXP	szo_kiir: color = {"_rgb":[1,1,1]}
204.26799000008032	EXP	szo_kiir: text = "rész"
204.78989499993622	EXP	szo_kiir: autoDraw = true
205.80381499999203	DATA	Keydown: ArrowRight
205.8472799998708	EXP	szo_kiir: autoDraw = false
205.8472799998708	EXP	szo_kiir: color = {"_rgb":[1,1,1]}
205.8472799998708	EXP	szo_kiir: text = "függ"
206.35735499998555	EXP	szo_kiir: autoDraw = true
207.4790699998848	DATA	Keydown: ArrowRight
207.4876299998723	EXP	szo_kiir: autoDraw = false
207.4876299998723	EXP	szo_kiir: color = {"_rgb":[1,1,1]}
207.4876299998723	EXP	szo_kiir: text = "eszköz"
208.01007999991998	EXP	szo_kiir: autoDraw = true
208.78278000000864	DATA	Keydown: ArrowRight
208.81593000004068	EXP	szo_kiir: autoDraw = false
208.81593000004068	EXP	szo_kiir: color = {"_rgb":[1,1,1]}
208.81593000004068	EXP	szo_kiir: text = "lényeg"
209.32683999999426	EXP	szo_kiir: autoDraw = true
210.04239999991842	DATA	Keydown: ArrowRight
210.05808499990962	EXP	szo_kiir: autoDraw = false
210.05808499990962	EXP	szo_kiir: color = {"_rgb":[1,1,1]}
210.05808499990962	EXP	szo_kiir: text = "kész"
210.57697000005282	EXP	szo_kiir: autoDraw = true
211.35979499993846	DATA	Keydown: ArrowRight
211.3913650000468	EXP	szo_kiir: autoDraw = false
211.3913650000468	EXP	szo_kiir: color = {"_rgb":[1,1,1]}
211.3913650000468	EXP	szo_kiir: text = "komplex"
211.91394999995828	EXP	szo_kiir: autoDraw = true
212.90304500004277	DATA	Keydown: ArrowRight
212.9097700000275	EXP	szo_kiir: autoDraw = false
212.9097700000275	EXP	szo_kiir: color = {"_rgb":[1,1,1]}
212.9097700000275	EXP	szo_kiir: text = "késetetély"
213.43044500006363	EXP	szo_kiir: autoDraw = true
216.48701999988407	DATA	Keydown: ArrowLeft
216.51292499992996	EXP	szo_kiir: autoDraw = false
216.51292499992996	EXP	szo_kiir: color = {"_rgb":[1,1,1]}
216.51292499992996	EXP	szo_kiir: text = "bolos"
217.03338999999687	EXP	szo_kiir: autoDraw = true
218.7590199999977	DATA	Keydown: ArrowLeft
218.76566000003368	EXP	szo_kiir: autoDraw = false
218.76566000003368	EXP	szo_kiir: color = {"_rgb":[1,1,1]}
218.76566000003368	EXP	szo_kiir: text = "üveg"
219.2864000000991	EXP	szo_kiir: autoDraw = true
220.00069999997504	DATA	Keydown: ArrowRight
220.0321549999062	EXP	szo_kiir: autoDraw = false
220.0321549999062	EXP	szo_kiir: color = {"_rgb":[1,1,1]}
220.0321549999062	EXP	szo_kiir: text = "híd"
220.53812499996275	EXP	szo_kiir: autoDraw = true
221.57563000009395	DATA	Keydown: ArrowRight
221.58514000009745	EXP	szo_kiir: autoDraw = false
221.58514000009745	EXP	szo_kiir: color = {"_rgb":[1,1,1]}
221.58514000009745	EXP	szo_kiir: text = "kér"
222.1045500000473	EXP	szo_kiir: autoDraw = true
223.1710449999664	DATA	Keydown: ArrowRight
223.21117000002414	EXP	szo_kiir: autoDraw = false
223.21117000002414	EXP	szo_kiir: color = {"_rgb":[1,1,1]}
223.21117000002414	EXP	szo_kiir: text = "érzéketít"
223.72407500003465	EXP	szo_kiir: autoDraw = true
227.4303250000812	DATA	Keydown: ArrowLeft
227.44093000004068	EXP	szo_kiir: autoDraw = false
227.44093000004068	EXP	szo_kiir: color = {"_rgb":[1,1,1]}
227.44093000004068	EXP	szo_kiir: text = "küld"
227.96293499995954	EXP	szo_kiir: autoDraw = true
228.78306999988854	DATA	Keydown: ArrowRight
228.80911999987438	EXP	szo_kiir: autoDraw = false
228.80911999987438	EXP	szo_kiir: color = {"_rgb":[1,1,1]}
228.80911999987438	EXP	szo_kiir: text = "alkot"
229.32854999997653	EXP	szo_kiir: autoDraw = true
230.11136500001885	DATA	Keydown: ArrowRight
230.126794999931	EXP	szo_kiir: autoDraw = false
230.126794999931	EXP	szo_kiir: color = {"_rgb":[1,1,1]}
230.126794999931	EXP	szo_kiir: text = "nagyméretű"
230.64922000002116	EXP	szo_kiir: autoDraw = true
232.08073500008322	DATA	Keydown: ArrowRight
232.11939999996684	EXP	szo_kiir: autoDraw = false
232.11939999996684	EXP	szo_kiir: color = {"_rgb":[1,1,1]}
232.11939999996684	EXP	szo_kiir: text = "minimálbér"
232.63262500008568	EXP	szo_kiir: autoDraw = true
234.02292999997735	DATA	Keydown: ArrowRight
234.03092999989167	EXP	szo_kiir: autoDraw = false
234.03092999989167	EXP	szo_kiir: color = {"_rgb":[1,1,1]}
234.03092999989167	EXP	szo_kiir: text = "kötődik"
234.55282499990426	EXP	szo_kiir: autoDraw = true
235.52698499988765	DATA	Keydown: ArrowRight
235.5449250000529	EXP	szo_kiir: autoDraw = false
235.5449250000529	EXP	szo_kiir: color = {"_rgb":[1,1,1]}
235.5449250000529	EXP	szo_kiir: text = "többszörös"
236.05285000009462	EXP	szo_kiir: autoDraw = true
236.95900000003166	DATA	Keydown: ArrowRight
236.96714499988593	EXP	szo_kiir: autoDraw = false
236.96714499988593	EXP	szo_kiir: color = {"_rgb":[1,1,1]}
236.96714499988593	EXP	szo_kiir: text = "kliens"
237.4894749999512	EXP	szo_kiir: autoDraw = true
238.80353999999352	DATA	Keydown: ArrowRight
238.82994499988854	EXP	szo_kiir: autoDraw = false
238.82994499988854	EXP	szo_kiir: color = {"_rgb":[1,1,1]}
238.82994499988854	EXP	szo_kiir: text = "homok"
239.33845499996096	EXP	szo_kiir: autoDraw = true
240.63100500009023	DATA	Keydown: ArrowRight
240.63743499992415	EXP	szo_kiir: autoDraw = false
240.63743499992415	EXP	szo_kiir: color = {"_rgb":[1,1,1]}
240.63743499992415	EXP	szo_kiir: text = "ernyak"
241.15949500002898	EXP	szo_kiir: autoDraw = true
244.28002499998547	DATA	Keydown: ArrowLeft
244.302714999998	EXP	szo_kiir: autoDraw = false
244.302714999998	EXP	szo_kiir: color = {"_rgb":[1,1,1]}
244.302714999998	EXP	szo_kiir: text = "búcsú"
244.81264999997802	EXP	szo_kiir: autoDraw = true
246.2314100000076	DATA	Keydown: ArrowRight
246.24307000008412	EXP	szo_kiir: autoDraw = false
246.24307000008412	EXP	szo_kiir: color = {"_rgb":[1,1,1]}
246.24307000008412	EXP	szo_kiir: text = "egzat"
246.7632150000427	EXP	szo_kiir: autoDraw = true
248.6549899999518	DATA	Keydown: ArrowLeft
248.67730999994092	EXP	szo_kiir: autoDraw = false
248.67730999994092	EXP	szo_kiir: color = {"_rgb":[1,1,1]}
248.67730999994092	EXP	szo_kiir: text = "hullik"
249.18252000003122	EXP	szo_kiir: autoDraw = true
250.11881999997422	DATA	Keydown: ArrowRight
250.13016499998048	EXP	szo_kiir: autoDraw = false
250.13016499998048	EXP	szo_kiir: color = {"_rgb":[1,1,1]}
250.13016499998048	EXP	szo_kiir: text = "mítosz"
250.65043499995954	EXP	szo_kiir: autoDraw = true
251.7832899999339	DATA	Keydown: ArrowRight
251.80917500006035	EXP	szo_kiir: autoDraw = false
251.80917500006035	EXP	szo_kiir: color = {"_rgb":[1,1,1]}
251.80917500006035	EXP	szo_kiir: text = "finálé"
252.3184299999848	EXP	szo_kiir: autoDraw = true
253.35131500009447	DATA	Keydown: ArrowRight
253.3668450000696	EXP	szo_kiir: autoDraw = false
253.3668450000696	EXP	szo_kiir: color = {"_rgb":[1,1,1]}
253.3668450000696	EXP	szo_kiir: text = "olvad"
253.88838499994017	EXP	szo_kiir: autoDraw = true
255.22426000004634	DATA	Keydown: ArrowRight
255.24634000007063	EXP	szo_kiir: autoDraw = false
255.24634000007063	EXP	szo_kiir: color = {"_rgb":[1,1,1]}
255.24634000007063	EXP	szo_kiir: text = "rajzolódik"
255.75628499989398	EXP	szo_kiir: autoDraw = true
257.69487000000663	DATA	Keydown: ArrowRight
257.704325000057	EXP	szo_kiir: autoDraw = false
257.704325000057	EXP	szo_kiir: color = {"_rgb":[1,1,1]}
257.704325000057	EXP	szo_kiir: text = "numer"
258.226134999888	EXP	szo_kiir: autoDraw = true
259.78309000004083	DATA	Keydown: ArrowLeft
259.80459499987774	EXP	szo_kiir: autoDraw = false
259.80459499987774	EXP	szo_kiir: color = {"_rgb":[1,1,1]}
259.80459499987774	EXP	szo_kiir: text = "hamburger"
260.3098750000354	EXP	szo_kiir: autoDraw = true
261.28731500008143	DATA	Keydown: ArrowRight
261.2916999999434	EXP	szo_kiir: autoDraw = false
261.2916999999434	EXP	szo_kiir: color = {"_rgb":[1,1,1]}
261.2916999999434	EXP	szo_kiir: text = "belgyógyász"
261.8148950000759	EXP	szo_kiir: autoDraw = true
263.49495500000194	DATA	Keydown: ArrowRight
263.5307100000791	EXP	szo_kiir: autoDraw = false
263.5307100000791	EXP	szo_kiir: color = {"_rgb":[1,1,1]}
263.5307100000791	EXP	szo_kiir: text = "parmezán"
264.04713999992236	EXP	szo_kiir: autoDraw = true
265.21540499990806	DATA	Keydown: ArrowRight
265.2285199998878	EXP	szo_kiir: autoDraw = false
265.2285199998878	EXP	szo_kiir: color = {"_rgb":[1,1,1]}
265.2285199998878	EXP	szo_kiir: text = "bacon"
265.7486950000748	EXP	szo_kiir: autoDraw = true
269.1596800000407	DATA	Keydown: ArrowLeft
269.1659599998966	EXP	szo_kiir: autoDraw = false
269.1659599998966	EXP	szo_kiir: color = {"_rgb":[1,1,1]}
269.1659599998966	EXP	szo_kiir: text = "biblikus"
269.68588000000454	EXP	szo_kiir: autoDraw = true
271.31102999998257	DATA	Keydown: ArrowLeft
271.3189699999057	EXP	szo_kiir: autoDraw = false
271.3189699999057	EXP	szo_kiir: color = {"_rgb":[1,1,1]}
271.3189699999057	EXP	szo_kiir: text = "foglaltatik"
271.837509999983	EXP	szo_kiir: autoDraw = true
273.0038049998693	DATA	Keydown: ArrowRight
273.0329849999398	EXP	szo_kiir: autoDraw = false
273.0329849999398	EXP	szo_kiir: color = {"_rgb":[1,1,1]}
273.0329849999398	EXP	szo_kiir: text = "nyakörv"
273.53981500002556	EXP	szo_kiir: autoDraw = true
275.094994999934	DATA	Keydown: ArrowRight
275.1050750000868	EXP	szo_kiir: autoDraw = false
275.1050750000868	EXP	szo_kiir: color = {"_rgb":[1,1,1]}
275.1050750000868	EXP	szo_kiir: text = "rakódik"
275.624850000022	EXP	szo_kiir: autoDraw = true
276.7433899999596	DATA	Keydown: ArrowRight
276.7667950000614	EXP	szo_kiir: autoDraw = false
276.7667950000614	EXP	szo_kiir: color = {"_rgb":[1,1,1]}
276.7667950000614	EXP	szo_kiir: text = "neoprén"
277.27750499988906	EXP	szo_kiir: autoDraw = true
279.08701499993913	DATA	Keydown: ArrowLeft
279.0931500000879	EXP	szo_kiir: autoDraw = false
279.0931500000879	EXP	szo_kiir: color = {"_rgb":[1,1,1]}
279.0931500000879	EXP	szo_kiir: text = "polipropilén"
279.6129900000524	EXP	szo_kiir: autoDraw = true
282.3478949998971	DATA	Keydown: ArrowLeft
282.3644699999131	EXP	szo_kiir: autoDraw = false
282.3644699999131	EXP	szo_kiir: color = {"_rgb":[1,1,1]}
282.3644699999131	EXP	szo_kiir: text = "szótag"
282.88268999988213	EXP	szo_kiir: autoDraw = true
283.839004999958	DATA	Keydown: ArrowRight
283.8481000000611	EXP	szo_kiir: autoDraw = false
283.8481000000611	EXP	szo_kiir: color = {"_rgb":[1,1,1]}
283.8481000000611	EXP	szo_kiir: text = "pitiáner"
284.3671649999451	EXP	szo_kiir: autoDraw = true
285.6709799999371	DATA	Keydown: ArrowLeft
285.6957799999509	EXP	szo_kiir: autoDraw = false
285.6957799999509	EXP	szo_kiir: color = {"_rgb":[1,1,1]}
285.6957799999509	EXP	szo_kiir: text = "köménymag"
286.2019150000997	EXP	szo_kiir: autoDraw = true
287.43516999995336	DATA	Keydown: ArrowRight
287.45072000008076	EXP	szo_kiir: autoDraw = false
287.45072000008076	EXP	szo_kiir: color = {"_rgb":[1,1,1]}
287.45072000008076	EXP	szo_kiir: text = "pátia"
287.9700700000394	EXP	szo_kiir: autoDraw = true
289.79930499987677	DATA	Keydown: ArrowLeft
289.81743999989703	EXP	szo_kiir: autoDraw = false
289.81743999989703	EXP	szo_kiir: color = {"_rgb":[1,1,1]}
289.81743999989703	EXP	szo_kiir: text = "attasé"
290.3227649999317	EXP	szo_kiir: autoDraw = true
291.591005000053	DATA	Keydown: ArrowLeft
291.6049049999565	EXP	szo_kiir: autoDraw = false
291.6049049999565	EXP	szo_kiir: color = {"_rgb":[1,1,1]}
291.6049049999565	EXP	szo_kiir: text = "indulatú"
292.12612999998964	EXP	szo_kiir: autoDraw = true
293.67956499988213	DATA	Keydown: ArrowRight
293.69026999990456	EXP	szo_kiir: autoDraw = false
293.69026999990456	EXP	szo_kiir: color = {"_rgb":[1,1,1]}
293.69026999990456	EXP	szo_kiir: text = "kisujj"
294.21023000008427	EXP	szo_kiir: autoDraw = true
296.11131499987096	DATA	Keydown: ArrowRight
296.13910999987274	EXP	szo_kiir: autoDraw = false
296.13910999987274	EXP	szo_kiir: color = {"_rgb":[1,1,1]}
296.13910999987274	EXP	szo_kiir: text = "sólyuk"
296.64566499996	EXP	szo_kiir: autoDraw = true
299.2549149999395	DATA	Keydown: ArrowLeft
299.2636299999431	EXP	szo_kiir: autoDraw = false
299.2636299999431	EXP	szo_kiir: color = {"_rgb":[1,1,1]}
299.2636299999431	EXP	szo_kiir: text = "ómagyar"
299.78445499995723	EXP	szo_kiir: autoDraw = true
301.2321150000207	DATA	Keydown: ArrowRight
301.2592599999625	EXP	szo_kiir: autoDraw = false
301.2592599999625	EXP	szo_kiir: color = {"_rgb":[1,1,1]}
301.2592599999625	EXP	szo_kiir: text = "kivitelez"
301.767625000095	EXP	szo_kiir: autoDraw = true
302.8341449999716	DATA	Keydown: ArrowRight
302.8491249999497	EXP	szo_kiir: autoDraw = false
302.8491249999497	EXP	szo_kiir: color = {"_rgb":[1,1,1]}
302.8491249999497	EXP	szo_kiir: text = "tincs"
303.36890499992296	EXP	szo_kiir: autoDraw = true
304.2639299998991	DATA	Keydown: ArrowRight
304.2786949998699	EXP	szo_kiir: autoDraw = false
304.2786949998699	EXP	szo_kiir: color = {"_rgb":[1,1,1]}
304.2786949998699	EXP	szo_kiir: text = "fotoszintetikus"
304.79073500004597	EXP	szo_kiir: autoDraw = true
306.6947999999393	DATA	Keydown: ArrowRight
306.7032649999019	EXP	szo_kiir: autoDraw = false
306.7032649999019	EXP	szo_kiir: color = {"_rgb":[1,1,1]}
306.7032649999019	EXP	szo_kiir: text = "asztrál"
307.2231749999337	EXP	szo_kiir: autoDraw = true
308.55932500003837	DATA	Keydown: ArrowLeft
308.5719649998937	EXP	szo_kiir: autoDraw = false
308.5719649998937	EXP	szo_kiir: color = {"_rgb":[1,1,1]}
308.5719649998937	EXP	szo_kiir: text = "komolyodik"
309.09400500007905	EXP	szo_kiir: autoDraw = true
310.32737499987707	DATA	Keydown: ArrowRight
310.35291499993764	EXP	szo_kiir: autoDraw = false
310.35291499993764	EXP	szo_kiir: color = {"_rgb":[1,1,1]}
310.35291499993764	EXP	szo_kiir: text = "véresszájú"
310.8627049999777	EXP	szo_kiir: autoDraw = true
312.1829349999316	DATA	Keydown: ArrowRight
312.19211499998346	EXP	szo_kiir: autoDraw = false
312.19211499998346	EXP	szo_kiir: color = {"_rgb":[1,1,1]}
312.19211499998346	EXP	szo_kiir: text = "multiplikatív"
312.71420999988914	EXP	szo_kiir: autoDraw = true
314.951730000088	DATA	Keydown: ArrowLeft
314.96164499991573	EXP	szo_kiir: autoDraw = false
314.96164499991573	EXP	szo_kiir: color = {"_rgb":[1,1,1]}
314.96164499991573	EXP	szo_kiir: text = "táborozik"
315.482774999924	EXP	szo_kiir: autoDraw = true
316.37495000008494	DATA	Keydown: ArrowRight
316.39222999988124	EXP	szo_kiir: autoDraw = false
316.39222999988124	EXP	szo_kiir: color = {"_rgb":[1,1,1]}
316.39222999988124	EXP	szo_kiir: text = "ügyenlősi"
316.9011850000825	EXP	szo_kiir: autoDraw = true
318.1832449999638	DATA	Keydown: ArrowLeft
318.19807499996386	EXP	szo_kiir: autoDraw = false
318.19807499996386	EXP	szo_kiir: color = {"_rgb":[1,1,1]}
318.19807499996386	EXP	szo_kiir: text = "firkál"
318.7176449999679	EXP	szo_kiir: autoDraw = true
319.67154500004835	DATA	Keydown: ArrowRight
319.6959999999963	EXP	szo_kiir: autoDraw = false
319.6959999999963	EXP	szo_kiir: color = {"_rgb":[1,1,1]}
319.6959999999963	EXP	szo_kiir: text = "nehézsúly"
320.2033450000454	EXP	szo_kiir: autoDraw = true
322.03964499989524	DATA	Keydown: ArrowRight
322.05193499987945	EXP	szo_kiir: autoDraw = false
322.05193499987945	EXP	szo_kiir: color = {"_rgb":[1,1,1]}
322.05193499987945	EXP	szo_kiir: text = "orientál"
322.5730999999214	EXP	szo_kiir: autoDraw = true
323.8879700000398	DATA	Keydown: ArrowLeft
323.9039000000339	EXP	szo_kiir: autoDraw = false
323.9039000000339	EXP	szo_kiir: color = {"_rgb":[1,1,1]}
323.9039000000339	EXP	szo_kiir: text = "zsúfolódik"
324.4233800000511	EXP	szo_kiir: autoDraw = true
325.81551999994554	DATA	Keydown: ArrowRight
325.83832000009716	EXP	szo_kiir: autoDraw = false
325.83832000009716	EXP	szo_kiir: color = {"_rgb":[1,1,1]}
325.83832000009716	EXP	szo_kiir: text = "álomkór"
326.34203499997966	EXP	szo_kiir: autoDraw = true
328.1030800000299	DATA	Keydown: ArrowRight
328.1081000000704	EXP	szo_kiir: autoDraw = false
328.1081000000704	EXP	szo_kiir: color = {"_rgb":[1,1,1]}
328.1081000000704	EXP	szo_kiir: text = "mimézis"
328.62776999990456	EXP	szo_kiir: autoDraw = true
331.550964999944	DATA	Keydown: ArrowLeft
331.5626550000161	EXP	szo_kiir: autoDraw = false
331.5626550000161	EXP	szo_kiir: color = {"_rgb":[1,1,1]}
331.5626550000161	EXP	szo_kiir: text = "megrohad"
332.08116999990307	EXP	szo_kiir: autoDraw = true
334.1909699998796	DATA	Keydown: ArrowRight
334.209809999913	EXP	szo_kiir: autoDraw = false
334.209809999913	EXP	szo_kiir: color = {"_rgb":[1,1,1]}
334.209809999913	EXP	szo_kiir: text = "sifon"
334.7169500000309	EXP	szo_kiir: autoDraw = true
335.82363500003703	DATA	Keydown: ArrowLeft
335.8324199998751	EXP	szo_kiir: autoDraw = false
335.8324199998751	EXP	szo_kiir: color = {"_rgb":[1,1,1]}
335.8324199998751	EXP	szo_kiir: text = "nyelvcsap"
336.35216000000946	EXP	szo_kiir: autoDraw = true
337.9854299998842	DATA	Keydown: ArrowRight
338.001350000035	EXP	szo_kiir: autoDraw = false
338.001350000035	EXP	szo_kiir: color = {"_rgb":[1,1,1]}
338.001350000035	EXP	szo_kiir: text = "pallérozódik"
338.5230950000696	EXP	szo_kiir: autoDraw = true
340.2075650000479	DATA	Keydown: ArrowRight
340.2312549999915	EXP	szo_kiir: autoDraw = false
340.2312549999915	EXP	szo_kiir: color = {"_rgb":[1,1,1]}
340.2312549999915	EXP	szo_kiir: text = "szendültet"
340.7404000000097	EXP	szo_kiir: autoDraw = true
342.5235399999656	DATA	Keydown: ArrowLeft
342.5391800000798	EXP	szo_kiir: autoDraw = false
342.5391800000798	EXP	szo_kiir: color = {"_rgb":[1,1,1]}
342.5391800000798	EXP	szo_kiir: text = "sövet"
343.05868500005454	EXP	szo_kiir: autoDraw = true
349.0001799999736	DATA	Keydown: ArrowLeft
349.02582000009716	EXP	szo_kiir: autoDraw = false
349.02582000009716	EXP	szo_kiir: color = {"_rgb":[1,1,1]}
349.02582000009716	EXP	szo_kiir: text = "rantálható"
349.5317150000483	EXP	szo_kiir: autoDraw = true
351.3155249999836	DATA	Keydown: ArrowLeft
351.3322600000538	EXP	szo_kiir: autoDraw = false
351.3322600000538	EXP	szo_kiir: color = {"_rgb":[1,1,1]}
351.3322600000538	EXP	szo_kiir: text = "szabadjegy"
351.8510650000535	EXP	szo_kiir: autoDraw = true
353.59090499999	DATA	Keydown: ArrowRight
353.61293500009924	EXP	szo_kiir: autoDraw = false
353.61293500009924	EXP	szo_kiir: color = {"_rgb":[1,1,1]}
353.61293500009924	EXP	szo_kiir: text = "abszolútérték"
354.11996000004	EXP	szo_kiir: autoDraw = true
355.7589000000153	DATA	Keydown: ArrowRight
355.76891999994405	EXP	szo_kiir: autoDraw = false
355.76891999994405	EXP	szo_kiir: color = {"_rgb":[1,1,1]}
355.76891999994405	EXP	szo_kiir: text = "forrpont"
356.29047499992885	EXP	szo_kiir: autoDraw = true
357.5989149999805	DATA	Keydown: ArrowRight
357.6141850000713	EXP	szo_kiir: autoDraw = false
357.6141850000713	EXP	szo_kiir: color = {"_rgb":[1,1,1]}
357.6141850000713	EXP	szo_kiir: text = "csüggeszt"
358.1214199999813	EXP	szo_kiir: autoDraw = true
360.5919649999123	DATA	Keydown: ArrowRight
360.6079500000924	EXP	szo_kiir: autoDraw = false
360.6079500000924	EXP	szo_kiir: color = {"_rgb":[1,1,1]}
360.6079500000924	EXP	szo_kiir: text = "bizom"
361.12733000004664	EXP	szo_kiir: autoDraw = true
363.51162500004284	DATA	Keydown: ArrowLeft
363.54068999993615	EXP	szo_kiir: autoDraw = false
363.54068999993615	EXP	szo_kiir: color = {"_rgb":[1,1,1]}
363.54068999993615	EXP	szo_kiir: text = "istenhozzád"
364.0467199999839	EXP	szo_kiir: autoDraw = true
367.31911500007845	DATA	Keydown: ArrowRight
367.33159000007436	EXP	szo_kiir: autoDraw = false
367.33159000007436	EXP	szo_kiir: color = {"_rgb":[1,1,1]}
367.33159000007436	EXP	szo_kiir: text = "illikázó"
367.8500850000419	EXP	szo_kiir: autoDraw = true
369.4001499998849	DATA	Keydown: ArrowLeft
369.4255299998913	EXP	szo_kiir: autoDraw = false
369.4255299998913	EXP	szo_kiir: color = {"_rgb":[1,1,1]}
369.4255299998913	EXP	szo_kiir: text = "ozonizátor"
369.9361000000499	EXP	szo_kiir: autoDraw = true
372.07206499995664	DATA	Keydown: ArrowLeft
372.0862249999773	EXP	szo_kiir: autoDraw = false
372.0862249999773	EXP	szo_kiir: color = {"_rgb":[1,1,1]}
372.0862249999773	EXP	szo_kiir: text = "keltos"
372.60529499989934	EXP	szo_kiir: autoDraw = true
373.95548500004224	DATA	Keydown: ArrowLeft
373.97130999993533	EXP	szo_kiir: autoDraw = false
373.97130999993533	EXP	szo_kiir: color = {"_rgb":[1,1,1]}
373.97130999993533	EXP	szo_kiir: text = "multiregionális"
374.4912749999203	EXP	szo_kiir: autoDraw = true
378.2767300000414	DATA	Keydown: ArrowLeft
378.29337499989197	EXP	szo_kiir: autoDraw = false
378.29337499989197	EXP	szo_kiir: color = {"_rgb":[1,1,1]}
378.29337499989197	EXP	szo_kiir: text = "ökonómus"
378.81178499991074	EXP	szo_kiir: autoDraw = true
381.2549600000493	DATA	Keydown: ArrowLeft
381.27153500006534	EXP	szo_kiir: autoDraw = false
381.27153500006534	EXP	szo_kiir: color = {"_rgb":[1,1,1]}
381.27153500006534	EXP	szo_kiir: text = "hangyabogáncs"
381.7854249998927	EXP	szo_kiir: autoDraw = true
383.4488200000487	DATA	Keydown: ArrowRight
383.46555000008084	EXP	szo_kiir: autoDraw = false
383.46555000008084	EXP	szo_kiir: color = {"_rgb":[1,1,1]}
383.46555000008084	EXP	szo_kiir: text = "dokozotty"
383.98386500007473	EXP	szo_kiir: autoDraw = true
385.9589599999599	DATA	Keydown: ArrowLeft
385.9803949999623	EXP	szo_kiir: autoDraw = false
385.9803949999623	EXP	szo_kiir: color = {"_rgb":[1,1,1]}
385.9803949999623	EXP	szo_kiir: text = "bűvkör"
386.48688500002027	EXP	szo_kiir: autoDraw = true
388.3108749999665	DATA	Keydown: ArrowRight
388.31807000003755	EXP	szo_kiir: autoDraw = false
388.31807000003755	EXP	szo_kiir: color = {"_rgb":[1,1,1]}
388.31807000003755	EXP	szo_kiir: text = "zenő"
388.83784499997273	EXP	szo_kiir: autoDraw = true
390.0388499998953	DATA	Keydown: ArrowLeft
390.0660649999045	EXP	szo_kiir: autoDraw = false
390.0660649999045	EXP	szo_kiir: color = {"_rgb":[1,1,1]}
390.0660649999045	EXP	szo_kiir: text = "silabizál"
390.5732100000605	EXP	szo_kiir: autoDraw = true
392.8629049998708	DATA	Keydown: ArrowLeft
392.8726949999109	EXP	szo_kiir: autoDraw = false
392.8726949999109	EXP	szo_kiir: color = {"_rgb":[1,1,1]}
392.8726949999109	EXP	szo_kiir: text = "pósfalmár"
393.39378500008024	EXP	szo_kiir: autoDraw = true
395.37693000002764	DATA	Keydown: ArrowLeft
395.3929000000935	EXP	szo_kiir: autoDraw = false
395.3929000000935	EXP	szo_kiir: color = {"_rgb":[1,1,1]}
395.3929000000935	EXP	szo_kiir: text = "evakuál"
395.9128699998837	EXP	szo_kiir: autoDraw = true
397.1114000000525	DATA	Keydown: ArrowRight
397.1392600000836	EXP	szo_kiir: autoDraw = false
397.1392600000836	EXP	szo_kiir: color = {"_rgb":[1,1,1]}
397.1392600000836	EXP	szo_kiir: text = "törzskönyvez"
397.648215000052	EXP	szo_kiir: autoDraw = true
399.07088500005193	DATA	Keydown: ArrowRight
399.0788000000175	EXP	szo_kiir: autoDraw = false
399.0788000000175	EXP	szo_kiir: color = {"_rgb":[1,1,1]}
399.0788000000175	EXP	szo_kiir: text = "zentiekert"
399.60028499993496	EXP	szo_kiir: autoDraw = true
401.3908999999985	DATA	Keydown: ArrowLeft
401.4107200000435	EXP	szo_kiir: autoDraw = false
401.4107200000435	EXP	szo_kiir: color = {"_rgb":[1,1,1]}
401.4107200000435	EXP	szo_kiir: text = "félvariogram"
401.92247999995016	EXP	szo_kiir: autoDraw = true
403.5351799998898	DATA	Keydown: ArrowLeft
403.5509450000245	EXP	szo_kiir: autoDraw = false
403.5509450000245	EXP	szo_kiir: color = {"_rgb":[1,1,1]}
403.5509450000245	EXP	szo_kiir: text = "prografej"
404.070284999907	EXP	szo_kiir: autoDraw = true
406.13742000004277	DATA	Keydown: ArrowLeft
406.15339999995194	EXP	szo_kiir: autoDraw = false
406.15339999995194	EXP	szo_kiir: color = {"_rgb":[1,1,1]}
406.15339999995194	EXP	szo_kiir: text = "diviz"
406.67318499996327	EXP	szo_kiir: autoDraw = true
407.6391499999445	DATA	Keydown: ArrowLeft
407.6551149999723	EXP	szo_kiir: autoDraw = false
407.6551149999723	EXP	szo_kiir: color = {"_rgb":[1,1,1]}
407.6551149999723	EXP	szo_kiir: text = "stalp"
408.1742899999954	EXP	szo_kiir: autoDraw = true
409.7245600000024	DATA	Keydown: ArrowLeft
409.75393999996595	EXP	szo_kiir: autoDraw = false
409.75393999996595	EXP	szo_kiir: color = {"_rgb":[1,1,1]}
409.75393999996595	EXP	szo_kiir: text = "áradmány"
410.2594200000167	EXP	szo_kiir: autoDraw = true
412.48689000005834	DATA	Keydown: ArrowLeft
412.49241499998607	EXP	szo_kiir: autoDraw = false
412.49241499998607	EXP	szo_kiir: color = {"_rgb":[1,1,1]}
412.49241499998607	EXP	szo_kiir: text = "truccol"
413.0134600000456	EXP	szo_kiir: autoDraw = true
415.4470699999947	DATA	Keydown: ArrowLeft
415.463504999876	EXP	szo_kiir: autoDraw = false
415.463504999876	EXP	szo_kiir: color = {"_rgb":[1,1,1]}
415.463504999876	EXP	szo_kiir: text = "suszi"
415.9814750000369	EXP	szo_kiir: autoDraw = true
417.38402500003576	DATA	Keydown: ArrowLeft
417.39716499997303	EXP	szo_kiir: autoDraw = false
417.39716499997303	EXP	szo_kiir: color = {"_rgb":[1,1,1]}
417.39716499997303	EXP	szo_kiir: text = "főcsemő"
417.916685000062	EXP	szo_kiir: autoDraw = true
419.5839299999643	DATA	Keydown: ArrowLeft
419.61192000005394	EXP	szo_kiir: autoDraw = false
419.61192000005394	EXP	szo_kiir: color = {"_rgb":[1,1,1]}
419.61192000005394	EXP	szo_kiir: text = "őrint"
420.1190249999054	EXP	szo_kiir: autoDraw = true
422.6073499999475	DATA	Keydown: ArrowLeft
422.61899999994785	EXP	szo_kiir: autoDraw = false
422.61899999994785	EXP	szo_kiir: color = {"_rgb":[1,1,1]}
422.61899999994785	EXP	szo_kiir: text = "döföl"
423.13893999997526	EXP	szo_kiir: autoDraw = true
425.23084999993443	DATA	Keydown: ArrowRight
425.25065000006	EXP	szo_kiir: autoDraw = false
425.25065000006	EXP	szo_kiir: color = {"_rgb":[1,1,1]}
425.25065000006	EXP	szo_kiir: text = "cugehőr"
425.7580599999055	EXP	szo_kiir: autoDraw = true
427.1668499999214	DATA	Keydown: ArrowLeft
427.1735799999442	EXP	szo_kiir: autoDraw = false
427.1735799999442	EXP	szo_kiir: color = {"_rgb":[1,1,1]}
427.1735799999442	EXP	szo_kiir: text = "hordócsap"
427.6932000000961	EXP	szo_kiir: autoDraw = true
429.0435699999798	DATA	Keydown: ArrowLeft
429.0587400000077	EXP	szo_kiir: autoDraw = false
429.0587400000077	EXP	szo_kiir: color = {"_rgb":[1,1,1]}
429.0587400000077	EXP	szo_kiir: text = "hérósz"
429.5787249999121	EXP	szo_kiir: autoDraw = true
431.1452550000977	DATA	Keydown: ArrowLeft
431.17043499997817	EXP	szo_kiir: autoDraw = false
431.17043499997817	EXP	szo_kiir: color = {"_rgb":[1,1,1]}
431.17043499997817	EXP	szo_kiir: text = "kendőr"
431.68128499994054	EXP	szo_kiir: autoDraw = true
432.71888500009663	DATA	Keydown: ArrowLeft
432.72970000002533	EXP	szo_kiir: autoDraw = false
432.72970000002533	EXP	szo_kiir: color = {"_rgb":[1,1,1]}
432.72970000002533	EXP	szo_kiir: text = "feltupíroz"
433.2518100000452	EXP	szo_kiir: autoDraw = true
434.6322999999393	DATA	Keydown: ArrowRight
434.66046499996446	EXP	szo_kiir: autoDraw = false
434.66046499996446	EXP	szo_kiir: color = {"_rgb":[1,1,1]}
434.66046499996446	EXP	szo_kiir: text = "kurzivál"
435.16738500003703	EXP	szo_kiir: autoDraw = true
436.2002349998802	DATA	Keydown: ArrowLeft
436.21620999998413	EXP	szo_kiir: autoDraw = false
436.21620999998413	EXP	szo_kiir: color = {"_rgb":[1,1,1]}
436.21620999998413	EXP	szo_kiir: text = "fekcionák"
436.7367849999573	EXP	szo_kiir: autoDraw = true
437.76817999989726	DATA	Keydown: ArrowLeft
437.78435000008903	EXP	szo_kiir: autoDraw = false
437.78435000008903	EXP	szo_kiir: color = {"_rgb":[1,1,1]}
437.78435000008903	EXP	szo_kiir: text = "cirkalmaz"
438.30526500009	EXP	szo_kiir: autoDraw = true
439.29535999987274	DATA	Keydown: ArrowLeft
439.30244500003755	EXP	szo_kiir: autoDraw = false
439.30244500003755	EXP	szo_kiir: color = {"_rgb":[1,1,1]}
439.30244500003755	EXP	szo_kiir: text = "templomoz"
439.8241399999242	EXP	szo_kiir: autoDraw = true
441.1052900000941	DATA	Keydown: ArrowLeft
441.13039999990724	EXP	szo_kiir: autoDraw = false
441.13039999990724	EXP	szo_kiir: color = {"_rgb":[1,1,1]}
441.13039999990724	EXP	szo_kiir: text = "almattoló"
441.64302499988116	EXP	szo_kiir: autoDraw = true
442.9829150000587	DATA	Keydown: ArrowLeft
442.99019500007853	EXP	szo_kiir: autoDraw = false
442.99019500007853	EXP	szo_kiir: color = {"_rgb":[1,1,1]}
442.99019500007853	EXP	szo_kiir: text = "vároló"
443.5097300000489	EXP	szo_kiir: autoDraw = true
445.24683999991976	DATA	Keydown: ArrowLeft
445.27144999988377	EXP	szo_kiir: autoDraw = false
445.27144999988377	EXP	szo_kiir: color = {"_rgb":[1,1,1]}
445.27144999988377	EXP	szo_kiir: text = "hegyipáfrány"
445.78009000001475	EXP	szo_kiir: autoDraw = true
448.047024999978	DATA	Keydown: ArrowRight
448.06257999991067	EXP	szo_kiir: autoDraw = false
448.06257999991067	EXP	szo_kiir: color = {"_rgb":[1,1,1]}
448.06257999991067	EXP	szo_kiir: text = "lublika"
448.58064000005834	EXP	szo_kiir: autoDraw = true
449.6554550000001	DATA	Keydown: ArrowLeft
449.6774049999658	EXP	szo_kiir: autoDraw = false
449.6774049999658	EXP	szo_kiir: color = {"_rgb":[1,1,1]}
449.6774049999658	EXP	szo_kiir: text = "ószeven"
450.18235999997705	EXP	szo_kiir: autoDraw = true
451.654855000088	DATA	Keydown: ArrowLeft
451.66479999991134	EXP	szo_kiir: autoDraw = false
451.66479999991134	EXP	szo_kiir: color = {"_rgb":[1,1,1]}
451.66479999991134	EXP	szo_kiir: text = "viaszoz"
452.1856100000441	EXP	szo_kiir: autoDraw = true
454.0227349998895	DATA	Keydown: ArrowRight
454.0463999998756	EXP	szo_kiir: autoDraw = false
454.0463999998756	EXP	szo_kiir: color = {"_rgb":[1,1,1]}
454.0463999998756	EXP	szo_kiir: text = "cséltás"
454.55349999992177	EXP	szo_kiir: autoDraw = true
455.6707949999254	DATA	Keydown: ArrowLeft
455.6855200000573	EXP	szo_kiir: autoDraw = false
455.6855200000573	EXP	szo_kiir: color = {"_rgb":[1,1,1]}
455.6855200000573	EXP	szo_kiir: text = "extravert"
456.20564999990165	EXP	szo_kiir: autoDraw = true
457.7552199999336	DATA	Keydown: ArrowRight
457.78343499987386	EXP	szo_kiir: autoDraw = false
457.78343499987386	EXP	koszi_szoveg: autoDraw = true
