0.4179999999996653	EXP	Created Window = Window( name=Window, fullscr=true, color=#000000, units=norm, waitBlanking=true, autoLog=true, size=[1280,657] )
6.5349999999998545	DATA	Keydown: 1
6.890999999999622	DATA	Keydown: 3
8.271999999999025	DATA	Keydown: 5
8.578999999999724	DATA	Keydown: 4
11.929999999998472	DATA	Keydown: n
13.903999999998632	DATA	Keydown: ő
17.02799999999843	DATA	Keydown: 2
17.388999999999214	DATA	Keydown: 0
17.63299999999981	DATA	Keydown: 0
18.094999999999345	DATA	Keydown: 0
19.086999999999534	DATA	Keydown: .
19.44999999999891	DATA	Keydown:  
19.721999999999753	DATA	Keydown: 0
21.217999999998938	DATA	Keydown: Backspace
21.48699999999917	DATA	Keydown: 1
21.669999999998254	DATA	Keydown: 1
22.53899999999885	DATA	Keydown: .
22.73999999999978	DATA	Keydown:  
23.094999999999345	DATA	Keydown: 0
23.35899999999856	DATA	Keydown: 2
24.22399999999834	DATA	Keydown: .
27.6979999999985	DATA	Keydown: 1
28.232999999998356	DATA	Keydown: 3
29.99699999999939	EXP	Created instruction_text1 = TextStim( name=instruction_text1, win=Window( name=Window, fullscr=true, color=#000000, ~), autoDraw=null, autoLog=true, units=norm, ori=null, opacity=1, pos=[0,0], size=undefined, text=Ön most szavakat fog látni.

Ezek között lesznek o~, font=Arial, color=#ffffff, contrast=1, height=0.05, bold=null, italic=null, alignHoriz=left, alignVert=center, wrapWidth=1, flipHoriz=null, flipVert=null )
30.00199999999859	EXP	Created instruction_text2 = TextStim( name=instruction_text2, win=Window( name=Window, fullscr=true, color=#000000, ~), autoDraw=null, autoLog=true, units=norm, ori=null, opacity=1, pos=[0,0], size=undefined, text=Először két egyszerű példát mutatunk Önnek.

Az el~, font=Arial, color=#FFFFFF, contrast=1, height=0.05, bold=null, italic=null, alignHoriz=left, alignVert=center, wrapWidth=1, flipHoriz=null, flipVert=null )
30.00799999999981	EXP	Created show_text = TextStim( name=show_text, win=Window( name=Window, fullscr=true, color=#000000, ~), autoDraw=null, autoLog=true, units=norm, ori=null, opacity=1, pos=[0,0], size=undefined, text=asztal, font=Arial, color=#FFFFFF, contrast=1, height=0.2, bold=null, italic=null, alignHoriz=left, alignVert=center, wrapWidth=1, flipHoriz=null, flipVert=null )
30.01299999999901	EXP	Created text = TextStim( name=text, win=Window( name=Window, fullscr=true, color=#000000, ~), autoDraw=null, autoLog=true, units=norm, ori=null, opacity=1, pos=[0,0], size=undefined, text=bzsmfsztal, font=Arial, color=#FFFFFF, contrast=1, height=0.2, bold=null, italic=null, alignHoriz=left, alignVert=center, wrapWidth=1, flipHoriz=null, flipVert=null )
30.014999999999418	EXP	Created instruction_text3 = TextStim( name=instruction_text3, win=Window( name=Window, fullscr=true, color=#000000, ~), autoDraw=null, autoLog=true, units=norm, ori=null, opacity=1, pos=[0,0], size=undefined, text=Pazar. Most kezdődik az igazi kísérlet. Néhány per~, font=Arial, color=#FFFFFF, contrast=1, height=0.1, bold=null, italic=null, alignHoriz=left, alignVert=center, wrapWidth=1, flipHoriz=null, flipVert=null )
30.018999999998414	EXP	Created szo_kiir = TextStim( name=szo_kiir, win=Window( name=Window, fullscr=true, color=#000000, ~), autoDraw=null, autoLog=true, units=norm, ori=null, opacity=1, pos=[0,0], size=undefined, text=default text, font=Arial, color=#FFFFFF, contrast=1, height=0.2, bold=null, italic=null, alignHoriz=left, alignVert=center, wrapWidth=1, flipHoriz=null, flipVert=null )
30.02099999999882	EXP	Created koszi_szoveg = TextStim( name=koszi_szoveg, win=Window( name=Window, fullscr=true, color=#000000, ~), autoDraw=null, autoLog=true, units=norm, ori=null, opacity=1, pos=[0,0], size=undefined, text=Vége a kísérletnek. Köszönjük a részvételt!, font=arial, color=#ffffff, contrast=1, height=0.1, bold=null, italic=null, alignHoriz=left, alignVert=center, wrapWidth=1, flipHoriz=null, flipVert=null )
30.198999999998705	EXP	instruction_text1: units = "norm"
30.198999999998705	EXP	instruction_text1: ori = 0
30.198999999998705	EXP	instruction_text1: opacity = 1
30.198999999998705	EXP	instruction_text1: pos = [0,0]
30.198999999998705	EXP	instruction_text1: size = undefined
30.198999999998705	EXP	instruction_text1: text = "Ön most szavakat fog látni.\n\nEzek között lesznek olyanok, amelyeket ismer, de előfordulhatnak olyanok is, amelyeket nem ismer, sőt, vannak köztük kitalált szavak is. \n\nKérjük, ha ismeri a képernyőn látható szót, nyomja meg a JOBB kurzorbillentyűt.\nKérjük, ha NEM ismeri a képernyőn látható szót, vagy azt gondolja, nincs ilyen szó a magyarban, nyomja meg a BAL kurzorbillentyűt.\n\nAz 'Ismerem a szót' döntés itt most ezt jelenti: találkoztam már vele, és van valami elképzelésem a jelentéséről is.  \n\nNyomjon meg bármilyen billentyűt a folytatáshoz."
30.198999999998705	EXP	instruction_text1: font = "Arial"
30.198999999998705	EXP	instruction_text1: color = {"_rgb":[1,1,1]}
30.198999999998705	EXP	instruction_text1: contrast = 1
30.198999999998705	EXP	instruction_text1: height = 0.05
30.198999999998705	EXP	instruction_text1: bold = false
30.198999999998705	EXP	instruction_text1: italic = false
30.198999999998705	EXP	instruction_text1: alignHoriz = "left"
30.198999999998705	EXP	instruction_text1: alignVert = "center"
30.198999999998705	EXP	instruction_text1: wrapWidth = 1
30.198999999998705	EXP	instruction_text1: flipHoriz = false
30.198999999998705	EXP	instruction_text1: flipVert = false
30.198999999998705	EXP	instruction_text2: units = "norm"
30.198999999998705	EXP	instruction_text2: ori = 0
30.198999999998705	EXP	instruction_text2: opacity = 1
30.198999999998705	EXP	instruction_text2: pos = [0,0]
30.198999999998705	EXP	instruction_text2: size = undefined
30.198999999998705	EXP	instruction_text2: text = "Először két egyszerű példát mutatunk Önnek.\n\nAz első szó létezik a magyarban, és valószínűleg Ön is ismeri. Itt nyomja majd meg a jobb kurzorbillentyűt.\nA második szó nem létezik a magyar nyelvben. Itt nyomja majd meg a bal kurzorbillentyűt.\n\nFontos, hogy a jobb gombot a jobb kezével, a bal gombot a bal kezével nyomja, ha tudja, és ne egy kezét használja a kísérletben.\n\nNyomjon meg bármilyen gombot a folytatáshoz."
30.198999999998705	EXP	instruction_text2: font = "Arial"
30.198999999998705	EXP	instruction_text2: color = {"_hex":"#FFFFFF","_rgb":[1,1,1]}
30.198999999998705	EXP	instruction_text2: contrast = 1
30.198999999998705	EXP	instruction_text2: height = 0.05
30.198999999998705	EXP	instruction_text2: bold = false
30.198999999998705	EXP	instruction_text2: italic = false
30.198999999998705	EXP	instruction_text2: alignHoriz = "left"
30.198999999998705	EXP	instruction_text2: alignVert = "center"
30.198999999998705	EXP	instruction_text2: wrapWidth = 1
30.198999999998705	EXP	instruction_text2: flipHoriz = false
30.198999999998705	EXP	instruction_text2: flipVert = false
30.198999999998705	EXP	show_text: units = "norm"
30.198999999998705	EXP	show_text: ori = 0
30.198999999998705	EXP	show_text: opacity = 1
30.198999999998705	EXP	show_text: pos = [0,0]
30.198999999998705	EXP	show_text: size = undefined
30.198999999998705	EXP	show_text: text = "asztal"
30.198999999998705	EXP	show_text: font = "Arial"
30.198999999998705	EXP	show_text: color = {"_hex":"#FFFFFF","_rgb":[1,1,1]}
30.198999999998705	EXP	show_text: contrast = 1
30.198999999998705	EXP	show_text: height = 0.2
30.198999999998705	EXP	show_text: bold = false
30.198999999998705	EXP	show_text: italic = false
30.198999999998705	EXP	show_text: alignHoriz = "left"
30.198999999998705	EXP	show_text: alignVert = "center"
30.198999999998705	EXP	show_text: wrapWidth = 1
30.198999999998705	EXP	show_text: flipHoriz = false
30.198999999998705	EXP	show_text: flipVert = false
30.198999999998705	EXP	text: units = "norm"
30.198999999998705	EXP	text: ori = 0
30.198999999998705	EXP	text: opacity = 1
30.198999999998705	EXP	text: pos = [0,0]
30.198999999998705	EXP	text: size = undefined
30.198999999998705	EXP	text: text = "bzsmfsztal"
30.198999999998705	EXP	text: font = "Arial"
30.198999999998705	EXP	text: color = {"_hex":"#FFFFFF","_rgb":[1,1,1]}
30.198999999998705	EXP	text: contrast = 1
30.198999999998705	EXP	text: height = 0.2
30.198999999998705	EXP	text: bold = false
30.198999999998705	EXP	text: italic = false
30.198999999998705	EXP	text: alignHoriz = "left"
30.198999999998705	EXP	text: alignVert = "center"
30.198999999998705	EXP	text: wrapWidth = 1
30.198999999998705	EXP	text: flipHoriz = false
30.198999999998705	EXP	text: flipVert = false
30.198999999998705	EXP	instruction_text3: units = "norm"
30.198999999998705	EXP	instruction_text3: ori = 0
30.198999999998705	EXP	instruction_text3: opacity = 1
30.198999999998705	EXP	instruction_text3: pos = [0,0]
30.198999999998705	EXP	instruction_text3: size = undefined
30.198999999998705	EXP	instruction_text3: text = "Pazar. Most kezdődik az igazi kísérlet. Néhány percig fog tartani. Nem kell nagyon sietnie, de igyekezzen gyorsan válaszolni.\n\nNe feledje, ha tudja, a jobb gombot a jobbkezével, a bal gombot a balkezével nyomja le.\n\nNyomjon meg bármilyen gombot a folytatáshoz."
30.198999999998705	EXP	instruction_text3: font = "Arial"
30.198999999998705	EXP	instruction_text3: color = {"_hex":"#FFFFFF","_rgb":[1,1,1]}
30.198999999998705	EXP	instruction_text3: contrast = 1
30.198999999998705	EXP	instruction_text3: height = 0.1
30.198999999998705	EXP	instruction_text3: bold = false
30.198999999998705	EXP	instruction_text3: italic = false
30.198999999998705	EXP	instruction_text3: alignHoriz = "left"
30.198999999998705	EXP	instruction_text3: alignVert = "center"
30.198999999998705	EXP	instruction_text3: wrapWidth = 1
30.198999999998705	EXP	instruction_text3: flipHoriz = false
30.198999999998705	EXP	instruction_text3: flipVert = false
30.198999999998705	EXP	szo_kiir: units = "norm"
30.198999999998705	EXP	szo_kiir: ori = 0
30.198999999998705	EXP	szo_kiir: opacity = 1
30.198999999998705	EXP	szo_kiir: pos = [0,0]
30.198999999998705	EXP	szo_kiir: size = undefined
30.198999999998705	EXP	szo_kiir: text = "default text"
30.198999999998705	EXP	szo_kiir: font = "Arial"
30.198999999998705	EXP	szo_kiir: color = {"_hex":"#FFFFFF","_rgb":[1,1,1]}
30.198999999998705	EXP	szo_kiir: contrast = 1
30.198999999998705	EXP	szo_kiir: height = 0.2
30.198999999998705	EXP	szo_kiir: bold = false
30.198999999998705	EXP	szo_kiir: italic = false
30.198999999998705	EXP	szo_kiir: alignHoriz = "left"
30.198999999998705	EXP	szo_kiir: alignVert = "center"
30.198999999998705	EXP	szo_kiir: wrapWidth = 1
30.198999999998705	EXP	szo_kiir: flipHoriz = false
30.198999999998705	EXP	szo_kiir: flipVert = false
30.198999999998705	EXP	koszi_szoveg: units = "norm"
30.198999999998705	EXP	koszi_szoveg: ori = 0
30.198999999998705	EXP	koszi_szoveg: opacity = 1
30.198999999998705	EXP	koszi_szoveg: pos = [0,0]
30.198999999998705	EXP	koszi_szoveg: size = undefined
30.198999999998705	EXP	koszi_szoveg: text = "Vége a kísérletnek. Köszönjük a részvételt!"
30.198999999998705	EXP	koszi_szoveg: font = "arial"
30.198999999998705	EXP	koszi_szoveg: color = {"_rgb":[1,1,1]}
30.198999999998705	EXP	koszi_szoveg: contrast = 1
30.198999999998705	EXP	koszi_szoveg: height = 0.1
30.198999999998705	EXP	koszi_szoveg: bold = false
30.198999999998705	EXP	koszi_szoveg: italic = false
30.198999999998705	EXP	koszi_szoveg: alignHoriz = "left"
30.198999999998705	EXP	koszi_szoveg: alignVert = "center"
30.198999999998705	EXP	koszi_szoveg: wrapWidth = 1
30.198999999998705	EXP	koszi_szoveg: flipHoriz = false
30.198999999998705	EXP	koszi_szoveg: flipVert = false
30.198999999998705	EXP	instruction_text1: autoDraw = true
61.154999999998836	DATA	Mouse: 2 button down, pos=(779,417)
61.23699999999917	DATA	Mouse: 2 button down, pos=(779,417)
62.40299999999843	DATA	Mouse: 2 button down, pos=(790,595)
62.49799999999959	DATA	Mouse: 2 button down, pos=(790,595)
63.451999999999316	DATA	Mouse: 0 button down, pos=(741,575)
63.53199999999924	DATA	Mouse: 0 button down, pos=(741,575)
65.25299999999879	DATA	Mouse: 0 button down, pos=(783,579)
65.33199999999852	DATA	Mouse: 0 button down, pos=(783,579)
81.18399999999929	DATA	Mouse: 2 button down, pos=(550,395)
81.28099999999904	DATA	Mouse: 2 button down, pos=(550,395)
82.52700000000004	DATA	Mouse: 0 button down, pos=(539,395)
82.61599999999999	DATA	Mouse: 0 button down, pos=(539,395)
83.11999999999898	DATA	Mouse: 0 button down, pos=(539,395)
83.23199999999997	DATA	Mouse: 0 button down, pos=(539,395)
84.06299999999828	DATA	Mouse: 0 button down, pos=(591,579)
84.09599999999955	DATA	Mouse: 0 button down, pos=(591,579)
85.54599999999846	DATA	Mouse: 0 button down, pos=(353,264)
85.628999999999	DATA	Mouse: 0 button down, pos=(353,264)
88.61599999999999	DATA	Mouse: 0 button down, pos=(515,652)
88.72899999999936	DATA	Mouse: 0 button down, pos=(515,652)
90.02899999999863	DATA	Keydown: s
90.05999999999949	EXP	instruction_text1: autoDraw = false
90.05999999999949	EXP	instruction_text2: autoDraw = true
109.39300000000003	DATA	Keydown: g
109.40499999999884	EXP	instruction_text2: autoDraw = false
109.9419999999991	EXP	show_text: autoDraw = true
110.7599999999984	DATA	Mouse: 2 button down, pos=(416,635)
110.94999999999891	DATA	Mouse: 2 button down, pos=(416,635)
113.86499999999978	DATA	Mouse: 2 button down, pos=(412,586)
114.0669999999991	DATA	Mouse: 2 button down, pos=(408,584)
116.26800000000003	DATA	Mouse: 2 button down, pos=(409,561)
116.39599999999882	DATA	Mouse: 2 button down, pos=(409,561)
118.08399999999892	DATA	Mouse: 2 button down, pos=(409,561)
118.24499999999898	DATA	Mouse: 2 button down, pos=(409,561)
120.3189999999995	DATA	Mouse: 0 button down, pos=(348,560)
120.49599999999919	DATA	Mouse: 0 button down, pos=(348,560)
121.54799999999886	DATA	Mouse: 0 button down, pos=(347,561)
121.70999999999913	DATA	Mouse: 0 button down, pos=(347,561)
123.6239999999998	DATA	Mouse: 2 button down, pos=(709,388)
123.72499999999854	DATA	Mouse: 2 button down, pos=(709,388)
124.4489999999987	DATA	Mouse: 0 button down, pos=(660,349)
124.5059999999994	DATA	Mouse: 0 button down, pos=(660,349)
128.09399999999914	DATA	Mouse: 2 button down, pos=(726,721)
128.1899999999987	DATA	Mouse: 2 button down, pos=(726,721)
132.31299999999828	DATA	Mouse: 0 button down, pos=(724,604)
132.42199999999866	DATA	Mouse: 0 button down, pos=(724,604)
137.2479999999996	DATA	Mouse: 2 button down, pos=(610,530)
137.34199999999876	DATA	Mouse: 2 button down, pos=(610,530)
138.07899999999975	DATA	Mouse: 2 button down, pos=(586,516)
138.1909999999989	DATA	Mouse: 2 button down, pos=(586,516)
156.35399999999936	DATA	Mouse: 2 button down, pos=(486,409)
156.4399999999987	DATA	Mouse: 2 button down, pos=(486,409)
159.99399999999878	DATA	Mouse: 0 button down, pos=(543,326)
160.0809999999983	DATA	Mouse: 0 button down, pos=(543,326)
160.4549999999999	DATA	Mouse: 0 button down, pos=(543,326)
160.58799999999974	DATA	Mouse: 0 button down, pos=(543,326)
161.25499999999923	DATA	Mouse: 0 button down, pos=(650,280)
161.37099999999919	DATA	Mouse: 0 button down, pos=(650,280)
161.40899999999965	DATA	Mouse: 0 button down, pos=(650,280)
161.54399999999984	DATA	Mouse: 0 button down, pos=(650,280)
161.6899999999987	DATA	Mouse: 0 button down, pos=(650,280)
161.80299999999988	DATA	Mouse: 0 button down, pos=(650,280)
162.12099999999919	DATA	Mouse: 2 button down, pos=(650,280)
162.21999999999932	DATA	Mouse: 2 button down, pos=(650,280)
164.10999999999873	DATA	Mouse: 2 button down, pos=(594,175)
164.3209999999999	DATA	Mouse: 2 button down, pos=(594,175)
165.17699999999968	DATA	Mouse: 0 button down, pos=(594,175)
165.35399999999936	DATA	Mouse: 0 button down, pos=(594,175)
166.1479999999992	DATA	Mouse: 0 button down, pos=(594,175)
166.3309999999983	DATA	Mouse: 0 button down, pos=(594,175)
166.78600000000006	DATA	Mouse: 2 button down, pos=(594,175)
166.97599999999875	DATA	Mouse: 2 button down, pos=(594,175)
168.05099999999948	DATA	Mouse: 2 button down, pos=(530,370)
168.1369999999988	DATA	Mouse: 2 button down, pos=(530,370)
169.00299999999882	DATA	Mouse: 0 button down, pos=(473,366)
169.07299999999853	DATA	Mouse: 0 button down, pos=(473,366)
171.08599999999933	DATA	Keydown: ArrowRight
171.09999999999854	EXP	show_text: autoDraw = false
171.625	EXP	text: autoDraw = true
174.07299999999853	DATA	Keydown: ArrowLeft
174.13400000000004	EXP	text: autoDraw = false
174.13400000000004	EXP	instruction_text3: autoDraw = true
184.34399999999917	DATA	Keydown: ArrowRight
184.49299999999857	EXP	instruction_text3: autoDraw = false
184.49299999999857	EXP	szo_kiir: color = {"_rgb":[1,1,1]}
184.49299999999857	EXP	szo_kiir: text = "kép"
185.00499999999923	EXP	szo_kiir: autoDraw = true
185.90499999999884	DATA	Keydown: ArrowRight
185.9159999999993	EXP	szo_kiir: autoDraw = false
185.9159999999993	EXP	szo_kiir: color = {"_rgb":[1,1,1]}
185.9159999999993	EXP	szo_kiir: text = "tartozik"
186.43699999999993	EXP	szo_kiir: autoDraw = true
187.20199999999934	DATA	Keydown: ArrowRight
187.26899999999839	EXP	szo_kiir: autoDraw = false
187.26899999999839	EXP	szo_kiir: color = {"_rgb":[1,1,1]}
187.26899999999839	EXP	szo_kiir: text = "típusú"
187.78699999999847	EXP	szo_kiir: autoDraw = true
189.08399999999892	DATA	Keydown: ArrowRight
189.09699999999972	EXP	szo_kiir: autoDraw = false
189.09699999999972	EXP	szo_kiir: color = {"_rgb":[1,1,1]}
189.09699999999972	EXP	szo_kiir: text = "digitális"
189.62099999999919	EXP	szo_kiir: autoDraw = true
190.6229999999996	DATA	Keydown: ArrowRight
190.66199999999847	EXP	szo_kiir: autoDraw = false
190.66199999999847	EXP	szo_kiir: color = {"_rgb":[1,1,1]}
190.66199999999847	EXP	szo_kiir: text = "készülék"
191.18599999999967	EXP	szo_kiir: autoDraw = true
191.96899999999917	DATA	Keydown: ArrowRight
191.97999999999956	EXP	szo_kiir: autoDraw = false
191.97999999999956	EXP	szo_kiir: color = {"_rgb":[1,1,1]}
191.97999999999956	EXP	szo_kiir: text = "tetszik"
192.5009999999984	EXP	szo_kiir: autoDraw = true
193.4429999999993	DATA	Keydown: ArrowRight
193.5109999999986	EXP	szo_kiir: autoDraw = false
193.5109999999986	EXP	szo_kiir: color = {"_rgb":[1,1,1]}
193.5109999999986	EXP	szo_kiir: text = "plusz"
194.01800000000003	EXP	szo_kiir: autoDraw = true
194.8159999999989	DATA	Keydown: ArrowRight
194.8299999999999	EXP	szo_kiir: autoDraw = false
194.8299999999999	EXP	szo_kiir: color = {"_rgb":[1,1,1]}
194.8299999999999	EXP	szo_kiir: text = "párt"
195.34999999999854	EXP	szo_kiir: autoDraw = true
196.1659999999993	DATA	Keydown: ArrowRight
196.19999999999894	EXP	szo_kiir: autoDraw = false
196.19999999999894	EXP	szo_kiir: color = {"_rgb":[1,1,1]}
196.19999999999894	EXP	szo_kiir: text = "változik"
196.7179999999989	EXP	szo_kiir: autoDraw = true
197.55999999999952	DATA	Keydown: ArrowRight
197.5649999999987	EXP	szo_kiir: autoDraw = false
197.5649999999987	EXP	szo_kiir: color = {"_rgb":[1,1,1]}
197.5649999999987	EXP	szo_kiir: text = "storka"
198.08199999999852	EXP	szo_kiir: autoDraw = true
199.13199999999964	DATA	Keydown: ArrowLeft
199.16299999999862	EXP	szo_kiir: autoDraw = false
199.16299999999862	EXP	szo_kiir: color = {"_rgb":[1,1,1]}
199.16299999999862	EXP	szo_kiir: text = "ég"
199.68799999999828	EXP	szo_kiir: autoDraw = true
200.4839999999986	DATA	Keydown: ArrowRight
200.49599999999919	EXP	szo_kiir: autoDraw = false
200.49599999999919	EXP	szo_kiir: color = {"_rgb":[1,1,1]}
200.49599999999919	EXP	szo_kiir: text = "optimális"
201.01599999999962	EXP	szo_kiir: autoDraw = true
201.86799999999857	DATA	Keydown: ArrowRight
201.8959999999988	EXP	szo_kiir: autoDraw = false
201.8959999999988	EXP	szo_kiir: color = {"_rgb":[1,1,1]}
201.8959999999988	EXP	szo_kiir: text = "kislány"
202.4179999999997	EXP	szo_kiir: autoDraw = true
203.10699999999997	DATA	Keydown: ArrowRight
203.1129999999994	EXP	szo_kiir: autoDraw = false
203.1129999999994	EXP	szo_kiir: color = {"_rgb":[1,1,1]}
203.1129999999994	EXP	szo_kiir: text = "karakter"
203.63400000000004	EXP	szo_kiir: autoDraw = true
204.69799999999853	DATA	Keydown: ArrowRight
204.74599999999919	EXP	szo_kiir: autoDraw = false
204.74599999999919	EXP	szo_kiir: color = {"_rgb":[1,1,1]}
204.74599999999919	EXP	szo_kiir: text = "jogosult"
205.26599999999962	EXP	szo_kiir: autoDraw = true
206.10199999999895	DATA	Keydown: ArrowRight
206.1129999999994	EXP	szo_kiir: autoDraw = false
206.1129999999994	EXP	szo_kiir: color = {"_rgb":[1,1,1]}
206.1129999999994	EXP	szo_kiir: text = "látvány"
206.63199999999964	EXP	szo_kiir: autoDraw = true
207.26699999999983	DATA	Keydown: ArrowRight
207.29899999999907	EXP	szo_kiir: autoDraw = false
207.29899999999907	EXP	szo_kiir: color = {"_rgb":[1,1,1]}
207.29899999999907	EXP	szo_kiir: text = "remény"
207.8169999999991	EXP	szo_kiir: autoDraw = true
208.38999999999942	DATA	Keydown: ArrowRight
208.3959999999988	EXP	szo_kiir: autoDraw = false
208.3959999999988	EXP	szo_kiir: color = {"_rgb":[1,1,1]}
208.3959999999988	EXP	szo_kiir: text = "nek"
208.91499999999903	EXP	szo_kiir: autoDraw = true
209.9409999999989	DATA	Keydown: ArrowLeft
209.94699999999827	EXP	szo_kiir: autoDraw = false
209.94699999999827	EXP	szo_kiir: color = {"_rgb":[1,1,1]}
209.94699999999827	EXP	szo_kiir: text = "csend"
210.46499999999835	EXP	szo_kiir: autoDraw = true
211.43499999999952	DATA	Keydown: ArrowRight
211.46099999999933	EXP	szo_kiir: autoDraw = false
211.46099999999933	EXP	szo_kiir: color = {"_rgb":[1,1,1]}
211.46099999999933	EXP	szo_kiir: text = "erejű"
211.98299999999833	EXP	szo_kiir: autoDraw = true
212.79699999999866	DATA	Keydown: ArrowRight
212.80999999999952	EXP	szo_kiir: autoDraw = false
212.80999999999952	EXP	szo_kiir: color = {"_rgb":[1,1,1]}
212.80999999999952	EXP	szo_kiir: text = "tanít"
213.3159999999989	EXP	szo_kiir: autoDraw = true
213.96699999999876	DATA	Keydown: ArrowRight
214	EXP	szo_kiir: autoDraw = false
214	EXP	szo_kiir: color = {"_rgb":[1,1,1]}
214	EXP	szo_kiir: text = "többszörös"
214.51599999999962	EXP	szo_kiir: autoDraw = true
215.46999999999932	DATA	Keydown: ArrowRight
215.47699999999895	EXP	szo_kiir: autoDraw = false
215.47699999999895	EXP	szo_kiir: color = {"_rgb":[1,1,1]}
215.47699999999895	EXP	szo_kiir: text = "kalcium"
215.9979999999996	EXP	szo_kiir: autoDraw = true
216.71499999999835	DATA	Keydown: ArrowRight
216.7469999999994	EXP	szo_kiir: autoDraw = false
216.7469999999994	EXP	szo_kiir: color = {"_rgb":[1,1,1]}
216.7469999999994	EXP	szo_kiir: text = "klassz"
217.26499999999942	EXP	szo_kiir: autoDraw = true
217.86399999999955	DATA	Keydown: ArrowRight
217.87699999999856	EXP	szo_kiir: autoDraw = false
217.87699999999856	EXP	szo_kiir: color = {"_rgb":[1,1,1]}
217.87699999999856	EXP	szo_kiir: text = "ékszer"
218.3979999999992	EXP	szo_kiir: autoDraw = true
219.4989999999998	DATA	Keydown: ArrowRight
219.52899999999863	EXP	szo_kiir: autoDraw = false
219.52899999999863	EXP	szo_kiir: color = {"_rgb":[1,1,1]}
219.52899999999863	EXP	szo_kiir: text = "kilogramm"
220.04799999999886	EXP	szo_kiir: autoDraw = true
221.56299999999828	DATA	Keydown: ArrowRight
221.57699999999934	EXP	szo_kiir: autoDraw = false
221.57699999999934	EXP	szo_kiir: color = {"_rgb":[1,1,1]}
221.57699999999934	EXP	szo_kiir: text = "késik"
222.09599999999958	EXP	szo_kiir: autoDraw = true
222.72199999999972	DATA	Keydown: ArrowRight
222.7479999999996	EXP	szo_kiir: autoDraw = false
222.7479999999996	EXP	szo_kiir: color = {"_rgb":[1,1,1]}
222.7479999999996	EXP	szo_kiir: text = "esztikussz"
223.2639999999992	EXP	szo_kiir: autoDraw = true
224.8629999999994	DATA	Keydown: ArrowLeft
224.87699999999856	EXP	szo_kiir: autoDraw = false
224.87699999999856	EXP	szo_kiir: color = {"_rgb":[1,1,1]}
224.87699999999856	EXP	szo_kiir: text = "kerem"
225.39699999999905	EXP	szo_kiir: autoDraw = true
226.46399999999994	DATA	Keydown: ArrowLeft
226.49299999999857	EXP	szo_kiir: autoDraw = false
226.49299999999857	EXP	szo_kiir: color = {"_rgb":[1,1,1]}
226.49299999999857	EXP	szo_kiir: text = "heveny"
227.01699999999983	EXP	szo_kiir: autoDraw = true
228.06299999999828	DATA	Keydown: ArrowRight
228.07599999999908	EXP	szo_kiir: autoDraw = false
228.07599999999908	EXP	szo_kiir: color = {"_rgb":[1,1,1]}
228.07599999999908	EXP	szo_kiir: text = "puharmes"
228.59699999999972	EXP	szo_kiir: autoDraw = true
229.94999999999894	DATA	Keydown: ArrowLeft
229.97499999999854	EXP	szo_kiir: autoDraw = false
229.97499999999854	EXP	szo_kiir: color = {"_rgb":[1,1,1]}
229.97499999999854	EXP	szo_kiir: text = "pók"
230.4969999999994	EXP	szo_kiir: autoDraw = true
231.1129999999994	DATA	Keydown: ArrowRight
231.125	EXP	szo_kiir: autoDraw = false
231.125	EXP	szo_kiir: color = {"_rgb":[1,1,1]}
231.125	EXP	szo_kiir: text = "hitódó"
231.6459999999988	EXP	szo_kiir: autoDraw = true
232.96199999999953	DATA	Keydown: ArrowLeft
232.9969999999994	EXP	szo_kiir: autoDraw = false
232.9969999999994	EXP	szo_kiir: color = {"_rgb":[1,1,1]}
232.9969999999994	EXP	szo_kiir: text = "horizont"
233.5119999999988	EXP	szo_kiir: autoDraw = true
234.8189999999995	DATA	Keydown: ArrowRight
234.82499999999894	EXP	szo_kiir: autoDraw = false
234.82499999999894	EXP	szo_kiir: color = {"_rgb":[1,1,1]}
234.82499999999894	EXP	szo_kiir: text = "napkollektor"
235.34499999999932	EXP	szo_kiir: autoDraw = true
236.59699999999972	DATA	Keydown: ArrowRight
236.64899999999946	EXP	szo_kiir: autoDraw = false
236.64899999999946	EXP	szo_kiir: color = {"_rgb":[1,1,1]}
236.64899999999946	EXP	szo_kiir: text = "taszt"
237.16199999999847	EXP	szo_kiir: autoDraw = true
238.0009999999984	DATA	Keydown: ArrowLeft
238.00799999999978	EXP	szo_kiir: autoDraw = false
238.00799999999978	EXP	szo_kiir: color = {"_rgb":[1,1,1]}
238.00799999999978	EXP	szo_kiir: text = "vízimény"
238.52899999999863	EXP	szo_kiir: autoDraw = true
240.11199999999914	DATA	Keydown: ArrowLeft
240.14199999999983	EXP	szo_kiir: autoDraw = false
240.14199999999983	EXP	szo_kiir: color = {"_rgb":[1,1,1]}
240.14199999999983	EXP	szo_kiir: text = "kontálás"
240.66199999999847	EXP	szo_kiir: autoDraw = true
241.96999999999932	DATA	Keydown: ArrowLeft
241.97499999999854	EXP	szo_kiir: autoDraw = false
241.97499999999854	EXP	szo_kiir: color = {"_rgb":[1,1,1]}
241.97499999999854	EXP	szo_kiir: text = "légijármű"
242.49499999999898	EXP	szo_kiir: autoDraw = true
243.39399999999839	DATA	Keydown: ArrowRight
243.42799999999988	EXP	szo_kiir: autoDraw = false
243.42799999999988	EXP	szo_kiir: color = {"_rgb":[1,1,1]}
243.42799999999988	EXP	szo_kiir: text = "holografikus"
243.9459999999999	EXP	szo_kiir: autoDraw = true
245.4449999999997	DATA	Keydown: ArrowRight
245.45699999999852	EXP	szo_kiir: autoDraw = false
245.45699999999852	EXP	szo_kiir: color = {"_rgb":[1,1,1]}
245.45699999999852	EXP	szo_kiir: text = "presbitérium"
245.97799999999916	EXP	szo_kiir: autoDraw = true
247.42699999999968	DATA	Keydown: ArrowRight
247.45699999999852	EXP	szo_kiir: autoDraw = false
247.45699999999852	EXP	szo_kiir: color = {"_rgb":[1,1,1]}
247.45699999999852	EXP	szo_kiir: text = "vitamindús"
247.97799999999916	EXP	szo_kiir: autoDraw = true
248.98299999999833	DATA	Keydown: ArrowRight
248.9899999999998	EXP	szo_kiir: autoDraw = false
248.9899999999998	EXP	szo_kiir: color = {"_rgb":[1,1,1]}
248.9899999999998	EXP	szo_kiir: text = "embertömeg"
249.5109999999986	EXP	szo_kiir: autoDraw = true
250.4179999999997	DATA	Keydown: ArrowRight
250.4429999999993	EXP	szo_kiir: autoDraw = false
250.4429999999993	EXP	szo_kiir: color = {"_rgb":[1,1,1]}
250.4429999999993	EXP	szo_kiir: text = "algoritmikus"
250.95999999999913	EXP	szo_kiir: autoDraw = true
251.80999999999952	DATA	Keydown: ArrowRight
251.82299999999853	EXP	szo_kiir: autoDraw = false
251.82299999999853	EXP	szo_kiir: color = {"_rgb":[1,1,1]}
251.82299999999853	EXP	szo_kiir: text = "tábornagy"
252.3429999999989	EXP	szo_kiir: autoDraw = true
253.40999999999985	DATA	Keydown: ArrowRight
253.4419999999991	EXP	szo_kiir: autoDraw = false
253.4419999999991	EXP	szo_kiir: color = {"_rgb":[1,1,1]}
253.4419999999991	EXP	szo_kiir: text = "ómagyar"
253.96099999999933	EXP	szo_kiir: autoDraw = true
254.84299999999894	DATA	Keydown: ArrowRight
254.85599999999977	EXP	szo_kiir: autoDraw = false
254.85599999999977	EXP	szo_kiir: color = {"_rgb":[1,1,1]}
254.85599999999977	EXP	szo_kiir: text = "deutérium"
255.36099999999897	EXP	szo_kiir: autoDraw = true
256.4929999999986	DATA	Keydown: ArrowRight
256.52499999999964	EXP	szo_kiir: autoDraw = false
256.52499999999964	EXP	szo_kiir: color = {"_rgb":[1,1,1]}
256.52499999999964	EXP	szo_kiir: text = "tanrend"
257.04299999999967	EXP	szo_kiir: autoDraw = true
257.86099999999897	DATA	Keydown: ArrowRight
257.8719999999994	EXP	szo_kiir: autoDraw = false
257.8719999999994	EXP	szo_kiir: color = {"_rgb":[1,1,1]}
257.8719999999994	EXP	szo_kiir: text = "kétágú"
258.39300000000003	EXP	szo_kiir: autoDraw = true
259.1279999999988	DATA	Keydown: ArrowRight
259.15399999999863	EXP	szo_kiir: autoDraw = false
259.15399999999863	EXP	szo_kiir: color = {"_rgb":[1,1,1]}
259.15399999999863	EXP	szo_kiir: text = "csengettyű"
259.66199999999844	EXP	szo_kiir: autoDraw = true
260.3809999999994	DATA	Keydown: ArrowRight
260.3889999999992	EXP	szo_kiir: autoDraw = false
260.3889999999992	EXP	szo_kiir: color = {"_rgb":[1,1,1]}
260.3889999999992	EXP	szo_kiir: text = "varieté"
260.8939999999984	EXP	szo_kiir: autoDraw = true
262.46899999999914	DATA	Keydown: ArrowLeft
262.4749999999985	EXP	szo_kiir: autoDraw = false
262.4749999999985	EXP	szo_kiir: color = {"_rgb":[1,1,1]}
262.4749999999985	EXP	szo_kiir: text = "aurult"
262.9919999999984	EXP	szo_kiir: autoDraw = true
263.78299999999945	DATA	Keydown: ArrowLeft
263.8079999999991	EXP	szo_kiir: autoDraw = false
263.8079999999991	EXP	szo_kiir: color = {"_rgb":[1,1,1]}
263.8079999999991	EXP	szo_kiir: text = "háborúzik"
264.3259999999991	EXP	szo_kiir: autoDraw = true
264.9089999999997	DATA	Keydown: ArrowRight
264.9219999999986	EXP	szo_kiir: autoDraw = false
264.9219999999986	EXP	szo_kiir: color = {"_rgb":[1,1,1]}
264.9219999999986	EXP	szo_kiir: text = "véresszájú"
265.4419999999991	EXP	szo_kiir: autoDraw = true
267.06799999999936	DATA	Keydown: ArrowRight
267.08799999999974	EXP	szo_kiir: autoDraw = false
267.08799999999974	EXP	szo_kiir: color = {"_rgb":[1,1,1]}
267.08799999999974	EXP	szo_kiir: text = "fegyvergyár"
267.6139999999996	EXP	szo_kiir: autoDraw = true
268.6439999999984	DATA	Keydown: ArrowRight
268.65399999999863	EXP	szo_kiir: autoDraw = false
268.65399999999863	EXP	szo_kiir: color = {"_rgb":[1,1,1]}
268.65399999999863	EXP	szo_kiir: text = "antyúzható"
269.1769999999997	EXP	szo_kiir: autoDraw = true
270.2249999999985	DATA	Keydown: ArrowLeft
270.253999999999	EXP	szo_kiir: autoDraw = false
270.253999999999	EXP	szo_kiir: color = {"_rgb":[1,1,1]}
270.253999999999	EXP	szo_kiir: text = "felharmonikus"
270.7799999999989	EXP	szo_kiir: autoDraw = true
273.35899999999856	DATA	Keydown: ArrowLeft
273.3719999999994	EXP	szo_kiir: autoDraw = false
273.3719999999994	EXP	szo_kiir: color = {"_rgb":[1,1,1]}
273.3719999999994	EXP	szo_kiir: text = "martalóc"
273.89199999999977	EXP	szo_kiir: autoDraw = true
275.2089999999989	DATA	Keydown: ArrowRight
275.21999999999935	EXP	szo_kiir: autoDraw = false
275.21999999999935	EXP	szo_kiir: color = {"_rgb":[1,1,1]}
275.21999999999935	EXP	szo_kiir: text = "gézengúz"
275.741	EXP	szo_kiir: autoDraw = true
276.62299999999954	DATA	Keydown: ArrowRight
276.66199999999844	EXP	szo_kiir: autoDraw = false
276.66199999999844	EXP	szo_kiir: color = {"_rgb":[1,1,1]}
276.66199999999844	EXP	szo_kiir: text = "irracionalizmus"
277.1759999999994	EXP	szo_kiir: autoDraw = true
279.0119999999988	DATA	Keydown: ArrowRight
279.0209999999988	EXP	szo_kiir: autoDraw = false
279.0209999999988	EXP	szo_kiir: color = {"_rgb":[1,1,1]}
279.0209999999988	EXP	szo_kiir: text = "növetlenső"
279.54299999999967	EXP	szo_kiir: autoDraw = true
281.3259999999991	DATA	Keydown: ArrowLeft
281.35999999999876	EXP	szo_kiir: autoDraw = false
281.35999999999876	EXP	szo_kiir: color = {"_rgb":[1,1,1]}
281.35999999999876	EXP	szo_kiir: text = "zomogyi"
281.8739999999998	EXP	szo_kiir: autoDraw = true
282.6959999999999	DATA	Keydown: ArrowLeft
282.7029999999995	EXP	szo_kiir: autoDraw = false
282.7029999999995	EXP	szo_kiir: color = {"_rgb":[1,1,1]}
282.7029999999995	EXP	szo_kiir: text = "fertilis"
283.22399999999834	EXP	szo_kiir: autoDraw = true
284.0609999999997	DATA	Keydown: ArrowRight
284.09199999999873	EXP	szo_kiir: autoDraw = false
284.09199999999873	EXP	szo_kiir: color = {"_rgb":[1,1,1]}
284.09199999999873	EXP	szo_kiir: text = "preklasszikus"
284.60799999999836	EXP	szo_kiir: autoDraw = true
286.8329999999988	DATA	Keydown: ArrowRight
286.8389999999999	EXP	szo_kiir: autoDraw = false
286.8389999999999	EXP	szo_kiir: color = {"_rgb":[1,1,1]}
286.8389999999999	EXP	szo_kiir: text = "lícium"
287.35799999999836	EXP	szo_kiir: autoDraw = true
289.52700000000004	DATA	Keydown: ArrowLeft
289.536	EXP	szo_kiir: autoDraw = false
289.536	EXP	szo_kiir: color = {"_rgb":[1,1,1]}
289.536	EXP	szo_kiir: text = "takácsmester"
290.0589999999993	EXP	szo_kiir: autoDraw = true
290.9299999999985	DATA	Keydown: ArrowRight
290.9529999999995	EXP	szo_kiir: autoDraw = false
290.9529999999995	EXP	szo_kiir: color = {"_rgb":[1,1,1]}
290.9529999999995	EXP	szo_kiir: text = "rantálható"
291.47299999999996	EXP	szo_kiir: autoDraw = true
292.77599999999984	DATA	Keydown: ArrowLeft
292.78499999999985	EXP	szo_kiir: autoDraw = false
292.78499999999985	EXP	szo_kiir: color = {"_rgb":[1,1,1]}
292.78499999999985	EXP	szo_kiir: text = "dádá"
293.3059999999987	EXP	szo_kiir: autoDraw = true
294.1279999999988	DATA	Keydown: ArrowLeft
294.1349999999984	EXP	szo_kiir: autoDraw = false
294.1349999999984	EXP	szo_kiir: color = {"_rgb":[1,1,1]}
294.1349999999984	EXP	szo_kiir: text = "vasáru"
294.6569999999992	EXP	szo_kiir: autoDraw = true
296.1589999999997	DATA	Keydown: ArrowRight
296.1829999999991	EXP	szo_kiir: autoDraw = false
296.1829999999991	EXP	szo_kiir: color = {"_rgb":[1,1,1]}
296.1829999999991	EXP	szo_kiir: text = "szélsőjáték"
296.69099999999884	EXP	szo_kiir: autoDraw = true
297.79199999999946	DATA	Keydown: ArrowRight
297.8019999999997	EXP	szo_kiir: autoDraw = false
297.8019999999997	EXP	szo_kiir: color = {"_rgb":[1,1,1]}
297.8019999999997	EXP	szo_kiir: text = "alexandrinus"
298.3239999999987	EXP	szo_kiir: autoDraw = true
300.3069999999989	DATA	Keydown: ArrowLeft
300.31799999999936	EXP	szo_kiir: autoDraw = false
300.31799999999936	EXP	szo_kiir: color = {"_rgb":[1,1,1]}
300.31799999999936	EXP	szo_kiir: text = "tröshet"
300.8399999999983	EXP	szo_kiir: autoDraw = true
301.6409999999996	DATA	Keydown: ArrowLeft
301.6700000000001	EXP	szo_kiir: autoDraw = false
301.6700000000001	EXP	szo_kiir: color = {"_rgb":[1,1,1]}
301.6700000000001	EXP	szo_kiir: text = "pentatonikus"
302.19099999999884	EXP	szo_kiir: autoDraw = true
304.47599999999875	DATA	Keydown: ArrowRight
304.48499999999876	EXP	szo_kiir: autoDraw = false
304.48499999999876	EXP	szo_kiir: color = {"_rgb":[1,1,1]}
304.48499999999876	EXP	szo_kiir: text = "tipizál"
305.0049999999992	EXP	szo_kiir: autoDraw = true
306.0749999999989	DATA	Keydown: ArrowRight
306.10299999999916	EXP	szo_kiir: autoDraw = false
306.10299999999916	EXP	szo_kiir: color = {"_rgb":[1,1,1]}
306.10299999999916	EXP	szo_kiir: text = "ostorán"
306.62099999999924	EXP	szo_kiir: autoDraw = true
308.2569999999996	DATA	Keydown: ArrowLeft
308.26699999999977	EXP	szo_kiir: autoDraw = false
308.26699999999977	EXP	szo_kiir: color = {"_rgb":[1,1,1]}
308.26699999999977	EXP	szo_kiir: text = "istenhozzád"
308.78799999999865	EXP	szo_kiir: autoDraw = true
311.2569999999996	DATA	Keydown: ArrowLeft
311.2689999999984	EXP	szo_kiir: autoDraw = false
311.2689999999984	EXP	szo_kiir: color = {"_rgb":[1,1,1]}
311.2689999999984	EXP	szo_kiir: text = "inhumánus"
311.78699999999844	EXP	szo_kiir: autoDraw = true
313.19299999999936	DATA	Keydown: ArrowLeft
313.2009999999991	EXP	szo_kiir: autoDraw = false
313.2009999999991	EXP	szo_kiir: color = {"_rgb":[1,1,1]}
313.2009999999991	EXP	szo_kiir: text = "tangózik"
313.72099999999955	EXP	szo_kiir: autoDraw = true
314.47399999999834	DATA	Keydown: ArrowRight
314.5029999999988	EXP	szo_kiir: autoDraw = false
314.5029999999988	EXP	szo_kiir: color = {"_rgb":[1,1,1]}
314.5029999999988	EXP	szo_kiir: text = "mérgesít"
315.0209999999988	EXP	szo_kiir: autoDraw = true
315.65599999999904	DATA	Keydown: ArrowRight
315.66699999999946	EXP	szo_kiir: autoDraw = false
315.66699999999946	EXP	szo_kiir: color = {"_rgb":[1,1,1]}
315.66699999999946	EXP	szo_kiir: text = "rücsök"
316.1869999999999	EXP	szo_kiir: autoDraw = true
318.15599999999904	DATA	Keydown: ArrowLeft
318.16699999999946	EXP	szo_kiir: autoDraw = false
318.16699999999946	EXP	szo_kiir: color = {"_rgb":[1,1,1]}
318.16699999999946	EXP	szo_kiir: text = "szemtükör"
318.6879999999983	EXP	szo_kiir: autoDraw = true
320.8109999999997	DATA	Keydown: ArrowLeft
320.8189999999995	EXP	szo_kiir: autoDraw = false
320.8189999999995	EXP	szo_kiir: color = {"_rgb":[1,1,1]}
320.8189999999995	EXP	szo_kiir: text = "gyakornokoskodik"
321.34399999999914	EXP	szo_kiir: autoDraw = true
323.22099999999955	DATA	Keydown: ArrowRight
323.2529999999988	EXP	szo_kiir: autoDraw = false
323.2529999999988	EXP	szo_kiir: color = {"_rgb":[1,1,1]}
323.2529999999988	EXP	szo_kiir: text = "öklendez"
323.7709999999988	EXP	szo_kiir: autoDraw = true
324.52599999999984	DATA	Keydown: ArrowRight
324.53299999999945	EXP	szo_kiir: autoDraw = false
324.53299999999945	EXP	szo_kiir: color = {"_rgb":[1,1,1]}
324.53299999999945	EXP	szo_kiir: text = "kajakusz"
325.05299999999994	EXP	szo_kiir: autoDraw = true
326.52599999999984	DATA	Keydown: ArrowLeft
326.5509999999994	EXP	szo_kiir: autoDraw = false
326.5509999999994	EXP	szo_kiir: color = {"_rgb":[1,1,1]}
326.5509999999994	EXP	szo_kiir: text = "buherál"
327.0709999999999	EXP	szo_kiir: autoDraw = true
329.33799999999974	DATA	Keydown: ArrowRight
329.34799999999996	EXP	szo_kiir: autoDraw = false
329.34799999999996	EXP	szo_kiir: color = {"_rgb":[1,1,1]}
329.34799999999996	EXP	szo_kiir: text = "portalanít"
329.8689999999987	EXP	szo_kiir: autoDraw = true
331.5769999999993	DATA	Keydown: ArrowRight
331.60099999999875	EXP	szo_kiir: autoDraw = false
331.60099999999875	EXP	szo_kiir: color = {"_rgb":[1,1,1]}
331.60099999999875	EXP	szo_kiir: text = "infimum"
332.1189999999987	EXP	szo_kiir: autoDraw = true
333.47399999999834	DATA	Keydown: ArrowLeft
333.48199999999997	EXP	szo_kiir: autoDraw = false
333.48199999999997	EXP	szo_kiir: color = {"_rgb":[1,1,1]}
333.48199999999997	EXP	szo_kiir: text = "pósfalmár"
334.0029999999988	EXP	szo_kiir: autoDraw = true
335.59399999999914	DATA	Keydown: ArrowLeft
335.5999999999985	EXP	szo_kiir: autoDraw = false
335.5999999999985	EXP	szo_kiir: color = {"_rgb":[1,1,1]}
335.5999999999985	EXP	szo_kiir: text = "estilágítő"
336.12099999999924	EXP	szo_kiir: autoDraw = true
337.7029999999995	DATA	Keydown: ArrowLeft
337.72999999999956	EXP	szo_kiir: autoDraw = false
337.72999999999956	EXP	szo_kiir: color = {"_rgb":[1,1,1]}
337.72999999999956	EXP	szo_kiir: text = "tokozódik"
338.23599999999897	EXP	szo_kiir: autoDraw = true
339.7019999999993	DATA	Keydown: ArrowRight
339.7139999999999	EXP	szo_kiir: autoDraw = false
339.7139999999999	EXP	szo_kiir: color = {"_rgb":[1,1,1]}
339.7139999999999	EXP	szo_kiir: text = "burukkol"
340.23599999999897	EXP	szo_kiir: autoDraw = true
341.77299999999923	DATA	Keydown: ArrowLeft
341.78099999999904	EXP	szo_kiir: autoDraw = false
341.78099999999904	EXP	szo_kiir: color = {"_rgb":[1,1,1]}
341.78099999999904	EXP	szo_kiir: text = "türemlik"
342.3019999999997	EXP	szo_kiir: autoDraw = true
344.8009999999994	DATA	Keydown: ArrowLeft
344.81599999999884	EXP	szo_kiir: autoDraw = false
344.81599999999884	EXP	szo_kiir: color = {"_rgb":[1,1,1]}
344.81599999999884	EXP	szo_kiir: text = "igásjószág"
345.33599999999933	EXP	szo_kiir: autoDraw = true
346.6859999999997	DATA	Keydown: ArrowRight
346.7139999999999	EXP	szo_kiir: autoDraw = false
346.7139999999999	EXP	szo_kiir: color = {"_rgb":[1,1,1]}
346.7139999999999	EXP	szo_kiir: text = "hecsedlilekvár"
347.23499999999876	EXP	szo_kiir: autoDraw = true
348.65299999999837	DATA	Keydown: ArrowLeft
348.66399999999885	EXP	szo_kiir: autoDraw = false
348.66399999999885	EXP	szo_kiir: color = {"_rgb":[1,1,1]}
348.66399999999885	EXP	szo_kiir: text = "orvatható"
349.1849999999995	EXP	szo_kiir: autoDraw = true
352.1839999999993	DATA	Keydown: ArrowLeft
352.1969999999983	EXP	szo_kiir: autoDraw = false
352.1969999999983	EXP	szo_kiir: color = {"_rgb":[1,1,1]}
352.1969999999983	EXP	szo_kiir: text = "nyersarany"
352.71799999999894	EXP	szo_kiir: autoDraw = true
354.9239999999991	DATA	Keydown: ArrowRight
354.9509999999991	EXP	szo_kiir: autoDraw = false
354.9509999999991	EXP	szo_kiir: color = {"_rgb":[1,1,1]}
354.9509999999991	EXP	szo_kiir: text = "mérsékelődik"
355.46699999999873	EXP	szo_kiir: autoDraw = true
356.5339999999997	DATA	Keydown: ArrowRight
356.5469999999986	EXP	szo_kiir: autoDraw = false
356.5469999999986	EXP	szo_kiir: color = {"_rgb":[1,1,1]}
356.5469999999986	EXP	szo_kiir: text = "lukaszt"
357.0669999999991	EXP	szo_kiir: autoDraw = true
357.9889999999996	DATA	Keydown: ArrowRight
358.0149999999995	EXP	szo_kiir: autoDraw = false
358.0149999999995	EXP	szo_kiir: color = {"_rgb":[1,1,1]}
358.0149999999995	EXP	szo_kiir: text = "döföl"
358.5339999999997	EXP	szo_kiir: autoDraw = true
359.66599999999926	DATA	Keydown: ArrowLeft
359.6799999999985	EXP	szo_kiir: autoDraw = false
359.6799999999985	EXP	szo_kiir: color = {"_rgb":[1,1,1]}
359.6799999999985	EXP	szo_kiir: text = "fogózkodik"
360.1999999999989	EXP	szo_kiir: autoDraw = true
362.47299999999996	DATA	Keydown: ArrowRight
362.48199999999997	EXP	szo_kiir: autoDraw = false
362.48199999999997	EXP	szo_kiir: color = {"_rgb":[1,1,1]}
362.48199999999997	EXP	szo_kiir: text = "lepadlózik"
363.0009999999984	EXP	szo_kiir: autoDraw = true
365.8319999999985	DATA	Keydown: ArrowRight
365.86199999999917	EXP	szo_kiir: autoDraw = false
365.86199999999917	EXP	szo_kiir: color = {"_rgb":[1,1,1]}
365.86199999999917	EXP	szo_kiir: text = "hérósz"
366.3829999999998	EXP	szo_kiir: autoDraw = true
367.19299999999936	DATA	Keydown: ArrowLeft
367.1989999999987	EXP	szo_kiir: autoDraw = false
367.1989999999987	EXP	szo_kiir: color = {"_rgb":[1,1,1]}
367.1989999999987	EXP	szo_kiir: text = "felcsavaroz"
367.71699999999873	EXP	szo_kiir: autoDraw = true
370.78899999999885	DATA	Keydown: ArrowLeft
370.7989999999991	EXP	szo_kiir: autoDraw = false
370.7989999999991	EXP	szo_kiir: color = {"_rgb":[1,1,1]}
370.7989999999991	EXP	szo_kiir: text = "korrektúrázik"
371.31799999999936	EXP	szo_kiir: autoDraw = true
373.15299999999837	DATA	Keydown: ArrowLeft
373.1849999999995	EXP	szo_kiir: autoDraw = false
373.1849999999995	EXP	szo_kiir: color = {"_rgb":[1,1,1]}
373.1849999999995	EXP	szo_kiir: text = "bajuszfű"
373.6999999999989	EXP	szo_kiir: autoDraw = true
375.14999999999964	DATA	Keydown: ArrowRight
375.161	EXP	szo_kiir: autoDraw = false
375.161	EXP	szo_kiir: color = {"_rgb":[1,1,1]}
375.161	EXP	szo_kiir: text = "hátall"
375.6819999999989	EXP	szo_kiir: autoDraw = true
377.1979999999985	DATA	Keydown: ArrowLeft
377.21099999999933	EXP	szo_kiir: autoDraw = false
377.21099999999933	EXP	szo_kiir: color = {"_rgb":[1,1,1]}
377.21099999999933	EXP	szo_kiir: text = "visszín"
377.73199999999997	EXP	szo_kiir: autoDraw = true
378.8329999999988	DATA	Keydown: ArrowLeft
378.86099999999897	EXP	szo_kiir: autoDraw = false
378.86099999999897	EXP	szo_kiir: color = {"_rgb":[1,1,1]}
378.86099999999897	EXP	szo_kiir: text = "pauzál"
379.3819999999996	EXP	szo_kiir: autoDraw = true
381.0999999999985	DATA	Keydown: ArrowRight
381.11199999999917	EXP	szo_kiir: autoDraw = false
381.11199999999917	EXP	szo_kiir: color = {"_rgb":[1,1,1]}
381.11199999999917	EXP	szo_kiir: text = "kunkorít"
381.6319999999996	EXP	szo_kiir: autoDraw = true
382.4309999999987	DATA	Keydown: ArrowLeft
382.44499999999965	EXP	szo_kiir: autoDraw = false
382.44499999999965	EXP	szo_kiir: color = {"_rgb":[1,1,1]}
382.44499999999965	EXP	szo_kiir: text = "templomoz"
382.5889999999999	DATA	Keydown: ArrowRight
382.9649999999983	EXP	szo_kiir: autoDraw = true
385.0489999999991	DATA	Keydown: ArrowRight
385.0779999999995	EXP	szo_kiir: autoDraw = false
385.0779999999995	EXP	szo_kiir: color = {"_rgb":[1,1,1]}
385.0779999999995	EXP	szo_kiir: text = "nyüzsgölődik"
385.59799999999996	EXP	szo_kiir: autoDraw = true
387.72099999999955	DATA	Keydown: ArrowRight
387.72799999999916	EXP	szo_kiir: autoDraw = false
387.72799999999916	EXP	szo_kiir: color = {"_rgb":[1,1,1]}
387.72799999999916	EXP	szo_kiir: text = "kalligrafál"
388.25000000000006	EXP	szo_kiir: autoDraw = true
389.9309999999987	DATA	Keydown: ArrowRight
389.9579999999988	EXP	szo_kiir: autoDraw = false
389.9579999999988	EXP	szo_kiir: color = {"_rgb":[1,1,1]}
389.9579999999988	EXP	szo_kiir: text = "utálkodik"
390.4639999999999	EXP	szo_kiir: autoDraw = true
393.94099999999884	DATA	Keydown: ArrowLeft
393.9469999999983	EXP	szo_kiir: autoDraw = false
393.9469999999983	EXP	szo_kiir: color = {"_rgb":[1,1,1]}
393.9469999999983	EXP	szo_kiir: text = "nyűvődik"
394.4649999999983	EXP	szo_kiir: autoDraw = true
395.4469999999983	DATA	Keydown: ArrowLeft
395.45999999999907	EXP	szo_kiir: autoDraw = false
395.45999999999907	EXP	szo_kiir: color = {"_rgb":[1,1,1]}
395.45999999999907	EXP	szo_kiir: text = "lublika"
395.97999999999956	EXP	szo_kiir: autoDraw = true
396.8809999999994	DATA	Keydown: ArrowLeft
396.89300000000003	EXP	szo_kiir: autoDraw = false
396.89300000000003	EXP	szo_kiir: color = {"_rgb":[1,1,1]}
396.89300000000003	EXP	szo_kiir: text = "antikommutatív"
397.41399999999885	EXP	szo_kiir: autoDraw = true
400.96599999999853	DATA	Keydown: ArrowLeft
400.9919999999984	EXP	szo_kiir: autoDraw = false
400.9919999999984	EXP	szo_kiir: color = {"_rgb":[1,1,1]}
400.9919999999984	EXP	szo_kiir: text = "kvártélyoz"
401.51299999999895	EXP	szo_kiir: autoDraw = true
402.5629999999983	DATA	Keydown: ArrowRight
402.5749999999989	EXP	szo_kiir: autoDraw = false
402.5749999999989	EXP	szo_kiir: color = {"_rgb":[1,1,1]}
402.5749999999989	EXP	szo_kiir: text = "inspekcióz"
403.09699999999975	EXP	szo_kiir: autoDraw = true
404.37099999999924	DATA	Keydown: ArrowLeft
404.3769999999986	EXP	szo_kiir: autoDraw = false
404.3769999999986	EXP	szo_kiir: color = {"_rgb":[1,1,1]}
404.3769999999986	EXP	szo_kiir: text = "oktalankodik"
404.896999999999	EXP	szo_kiir: autoDraw = true
405.91499999999905	DATA	Keydown: ArrowRight
405.9439999999995	EXP	szo_kiir: autoDraw = false
405.9439999999995	EXP	szo_kiir: color = {"_rgb":[1,1,1]}
405.9439999999995	EXP	szo_kiir: text = "extravert"
406.4619999999996	EXP	szo_kiir: autoDraw = true
408.994999999999	DATA	Keydown: ArrowRight
409.009	EXP	szo_kiir: autoDraw = false
409.009	EXP	szo_kiir: color = {"_rgb":[1,1,1]}
409.009	EXP	szo_kiir: text = "jelegező"
409.52899999999863	EXP	szo_kiir: autoDraw = true
412.0119999999988	DATA	Keydown: ArrowLeft
412.036	EXP	szo_kiir: autoDraw = false
412.036	EXP	koszi_szoveg: autoDraw = true
414.8779999999988	DATA	Keydown:  
