0.09006499999668449	EXP	Created Window = Window( name=Window, fullscr=true, color=#000000, units=norm, waitBlanking=true, autoLog=true, size=[1920,969] )
10.529855000087991	DATA	Keydown: 6
10.8032050000038	DATA	Keydown: 1
11.019785000011325	DATA	Keydown: 1
11.252704999991693	DATA	Keydown: 8
21.45126000000164	DATA	Keydown: undefined
25.203150000073947	DATA	Keydown: Backspace
25.7033400000073	DATA	Keydown: Backspace
25.736450000084005	DATA	Keydown: Backspace
25.769760000053793	DATA	Keydown: Backspace
25.802125000045635	DATA	Keydown: Backspace
25.83546000008937	DATA	Keydown: Backspace
25.868545000092126	DATA	Keydown: Backspace
25.901820000028238	DATA	Keydown: Backspace
25.934560000081547	DATA	Keydown: Backspace
25.967620000010356	DATA	Keydown: Backspace
26.00102500000503	DATA	Keydown: Backspace
26.034040000056848	DATA	Keydown: Backspace
26.067395000020042	DATA	Keydown: Backspace
26.100795000093058	DATA	Keydown: Backspace
26.133960000006482	DATA	Keydown: Backspace
26.166880000033416	DATA	Keydown: Backspace
26.200064999982715	DATA	Keydown: Backspace
26.233205000055023	DATA	Keydown: Backspace
26.266345000010915	DATA	Keydown: Backspace
26.300785000086762	DATA	Keydown: Backspace
27.918640000047162	DATA	Keydown: n
29.53121500008274	DATA	Keydown: ő
34.57889000000432	DATA	Keydown: Backspace
35.07854500005487	DATA	Keydown: Backspace
35.11192000005394	DATA	Keydown: Backspace
35.14480000000913	DATA	Keydown: Backspace
35.17765500000678	DATA	Keydown: Backspace
35.210399999981746	DATA	Keydown: Backspace
35.24394000007305	DATA	Keydown: Backspace
43.30725000007078	DATA	Keydown: n
45.47535000008065	DATA	Keydown: ő
50.37445000000298	DATA	Keydown: 2
50.442900000023656	DATA	Keydown: 3
50.776605000020936	DATA	Keydown: 0
51.09230500005651	DATA	Keydown: 0
53.683115000021644	DATA	Keydown: Backspace
53.91310500004329	DATA	Keydown: Backspace
54.38711000001058	DATA	Keydown: Backspace
56.18734000006225	DATA	Keydown: 0
56.96452000003774	DATA	Keydown: 0
57.45108500006609	DATA	Keydown: 9
60.08458000002429	DATA	Keydown: .
60.86828500009142	DATA	Keydown: 0
61.40319500002079	DATA	Keydown: 7
62.30497000005562	DATA	Keydown: .
63.106930000009015	DATA	Keydown: 1
63.410800000070594	DATA	Keydown: 7
67.56303000007756	DATA	Keydown: undefined
70.4537850000197	EXP	Created instruction_text1 = TextStim( name=instruction_text1, win=Window( name=Window, fullscr=true, color=#000000, ~), autoDraw=null, autoLog=true, units=norm, ori=null, opacity=1, pos=[0,0], size=undefined, text=Ön most szavakat fog látni.

Ezek között lesznek o~, font=Arial, color=#ffffff, contrast=1, height=0.05, bold=null, italic=null, alignHoriz=left, alignVert=center, wrapWidth=1, flipHoriz=null, flipVert=null )
70.45510500005912	EXP	Created instruction_text2 = TextStim( name=instruction_text2, win=Window( name=Window, fullscr=true, color=#000000, ~), autoDraw=null, autoLog=true, units=norm, ori=null, opacity=1, pos=[0,0], size=undefined, text=Először két egyszerű példát mutatunk Önnek.

Az el~, font=Arial, color=#FFFFFF, contrast=1, height=0.05, bold=null, italic=null, alignHoriz=left, alignVert=center, wrapWidth=1, flipHoriz=null, flipVert=null )
70.45595500001218	EXP	Created show_text = TextStim( name=show_text, win=Window( name=Window, fullscr=true, color=#000000, ~), autoDraw=null, autoLog=true, units=norm, ori=null, opacity=1, pos=[0,0], size=undefined, text=asztal, font=Arial, color=#FFFFFF, contrast=1, height=0.2, bold=null, italic=null, alignHoriz=left, alignVert=center, wrapWidth=1, flipHoriz=null, flipVert=null )
70.4573500000406	EXP	Created text = TextStim( name=text, win=Window( name=Window, fullscr=true, color=#000000, ~), autoDraw=null, autoLog=true, units=norm, ori=null, opacity=1, pos=[0,0], size=undefined, text=bzsmfsztal, font=Arial, color=#FFFFFF, contrast=1, height=0.2, bold=null, italic=null, alignHoriz=left, alignVert=center, wrapWidth=1, flipHoriz=null, flipVert=null )
70.45889500004705	EXP	Created instruction_text3 = TextStim( name=instruction_text3, win=Window( name=Window, fullscr=true, color=#000000, ~), autoDraw=null, autoLog=true, units=norm, ori=null, opacity=1, pos=[0,0], size=undefined, text=Pazar. Most kezdődik az igazi kísérlet. Néhány per~, font=Arial, color=#FFFFFF, contrast=1, height=0.1, bold=null, italic=null, alignHoriz=left, alignVert=center, wrapWidth=1, flipHoriz=null, flipVert=null )
70.46064499998465	EXP	Created szo_kiir = TextStim( name=szo_kiir, win=Window( name=Window, fullscr=true, color=#000000, ~), autoDraw=null, autoLog=true, units=norm, ori=null, opacity=1, pos=[0,0], size=undefined, text=default text, font=Arial, color=#FFFFFF, contrast=1, height=0.2, bold=null, italic=null, alignHoriz=left, alignVert=center, wrapWidth=1, flipHoriz=null, flipVert=null )
70.46195500006434	EXP	Created koszi_szoveg = TextStim( name=koszi_szoveg, win=Window( name=Window, fullscr=true, color=#000000, ~), autoDraw=null, autoLog=true, units=norm, ori=null, opacity=1, pos=[0,0], size=undefined, text=Vége a kísérletnek. Köszönjük a részvételt!, font=arial, color=#ffffff, contrast=1, height=0.1, bold=null, italic=null, alignHoriz=left, alignVert=center, wrapWidth=1, flipHoriz=null, flipVert=null )
70.51999499998055	EXP	instruction_text1: units = "norm"
70.51999499998055	EXP	instruction_text1: ori = 0
70.51999499998055	EXP	instruction_text1: opacity = 1
70.51999499998055	EXP	instruction_text1: pos = [0,0]
70.51999499998055	EXP	instruction_text1: size = undefined
70.51999499998055	EXP	instruction_text1: text = "Ön most szavakat fog látni.\n\nEzek között lesznek olyanok, amelyeket ismer, de előfordulhatnak olyanok is, amelyeket nem ismer, sőt, vannak köztük kitalált szavak is. \n\nKérjük, ha ismeri a képernyőn látható szót, nyomja meg a JOBB kurzorbillentyűt.\nKérjük, ha NEM ismeri a képernyőn látható szót, vagy azt gondolja, nincs ilyen szó a magyarban, nyomja meg a BAL kurzorbillentyűt.\n\nAz 'Ismerem a szót' döntés itt most ezt jelenti: találkoztam már vele, és van valami elképzelésem a jelentéséről is.  \n\nNyomjon meg bármilyen billentyűt a folytatáshoz."
70.51999499998055	EXP	instruction_text1: font = "Arial"
70.51999499998055	EXP	instruction_text1: color = {"_rgb":[1,1,1]}
70.51999499998055	EXP	instruction_text1: contrast = 1
70.51999499998055	EXP	instruction_text1: height = 0.05
70.51999499998055	EXP	instruction_text1: bold = false
70.51999499998055	EXP	instruction_text1: italic = false
70.51999499998055	EXP	instruction_text1: alignHoriz = "left"
70.51999499998055	EXP	instruction_text1: alignVert = "center"
70.51999499998055	EXP	instruction_text1: wrapWidth = 1
70.51999499998055	EXP	instruction_text1: flipHoriz = false
70.51999499998055	EXP	instruction_text1: flipVert = false
70.51999499998055	EXP	instruction_text2: units = "norm"
70.51999499998055	EXP	instruction_text2: ori = 0
70.51999499998055	EXP	instruction_text2: opacity = 1
70.51999499998055	EXP	instruction_text2: pos = [0,0]
70.51999499998055	EXP	instruction_text2: size = undefined
70.51999499998055	EXP	instruction_text2: text = "Először két egyszerű példát mutatunk Önnek.\n\nAz első szó létezik a magyarban, és valószínűleg Ön is ismeri. Itt nyomja majd meg a jobb kurzorbillentyűt.\nA második szó nem létezik a magyar nyelvben. Itt nyomja majd meg a bal kurzorbillentyűt.\n\nFontos, hogy a jobb gombot a jobb kezével, a bal gombot a bal kezével nyomja, ha tudja, és ne egy kezét használja a kísérletben.\n\nNyomjon meg bármilyen gombot a folytatáshoz."
70.51999499998055	EXP	instruction_text2: font = "Arial"
70.51999499998055	EXP	instruction_text2: color = {"_hex":"#FFFFFF","_rgb":[1,1,1]}
70.51999499998055	EXP	instruction_text2: contrast = 1
70.51999499998055	EXP	instruction_text2: height = 0.05
70.51999499998055	EXP	instruction_text2: bold = false
70.51999499998055	EXP	instruction_text2: italic = false
70.51999499998055	EXP	instruction_text2: alignHoriz = "left"
70.51999499998055	EXP	instruction_text2: alignVert = "center"
70.51999499998055	EXP	instruction_text2: wrapWidth = 1
70.51999499998055	EXP	instruction_text2: flipHoriz = false
70.51999499998055	EXP	instruction_text2: flipVert = false
70.51999499998055	EXP	show_text: units = "norm"
70.51999499998055	EXP	show_text: ori = 0
70.51999499998055	EXP	show_text: opacity = 1
70.51999499998055	EXP	show_text: pos = [0,0]
70.51999499998055	EXP	show_text: size = undefined
70.51999499998055	EXP	show_text: text = "asztal"
70.51999499998055	EXP	show_text: font = "Arial"
70.51999499998055	EXP	show_text: color = {"_hex":"#FFFFFF","_rgb":[1,1,1]}
70.51999499998055	EXP	show_text: contrast = 1
70.51999499998055	EXP	show_text: height = 0.2
70.51999499998055	EXP	show_text: bold = false
70.51999499998055	EXP	show_text: italic = false
70.51999499998055	EXP	show_text: alignHoriz = "left"
70.51999499998055	EXP	show_text: alignVert = "center"
70.51999499998055	EXP	show_text: wrapWidth = 1
70.51999499998055	EXP	show_text: flipHoriz = false
70.51999499998055	EXP	show_text: flipVert = false
70.51999499998055	EXP	text: units = "norm"
70.51999499998055	EXP	text: ori = 0
70.51999499998055	EXP	text: opacity = 1
70.51999499998055	EXP	text: pos = [0,0]
70.51999499998055	EXP	text: size = undefined
70.51999499998055	EXP	text: text = "bzsmfsztal"
70.51999499998055	EXP	text: font = "Arial"
70.51999499998055	EXP	text: color = {"_hex":"#FFFFFF","_rgb":[1,1,1]}
70.51999499998055	EXP	text: contrast = 1
70.51999499998055	EXP	text: height = 0.2
70.51999499998055	EXP	text: bold = false
70.51999499998055	EXP	text: italic = false
70.51999499998055	EXP	text: alignHoriz = "left"
70.51999499998055	EXP	text: alignVert = "center"
70.51999499998055	EXP	text: wrapWidth = 1
70.51999499998055	EXP	text: flipHoriz = false
70.51999499998055	EXP	text: flipVert = false
70.51999499998055	EXP	instruction_text3: units = "norm"
70.51999499998055	EXP	instruction_text3: ori = 0
70.51999499998055	EXP	instruction_text3: opacity = 1
70.51999499998055	EXP	instruction_text3: pos = [0,0]
70.51999499998055	EXP	instruction_text3: size = undefined
70.51999499998055	EXP	instruction_text3: text = "Pazar. Most kezdődik az igazi kísérlet. Néhány percig fog tartani. Nem kell nagyon sietnie, de igyekezzen gyorsan válaszolni.\n\nNe feledje, ha tudja, a jobb gombot a jobbkezével, a bal gombot a balkezével nyomja le.\n\nNyomjon meg bármilyen gombot a folytatáshoz."
70.51999499998055	EXP	instruction_text3: font = "Arial"
70.51999499998055	EXP	instruction_text3: color = {"_hex":"#FFFFFF","_rgb":[1,1,1]}
70.51999499998055	EXP	instruction_text3: contrast = 1
70.51999499998055	EXP	instruction_text3: height = 0.1
70.51999499998055	EXP	instruction_text3: bold = false
70.51999499998055	EXP	instruction_text3: italic = false
70.51999499998055	EXP	instruction_text3: alignHoriz = "left"
70.51999499998055	EXP	instruction_text3: alignVert = "center"
70.51999499998055	EXP	instruction_text3: wrapWidth = 1
70.51999499998055	EXP	instruction_text3: flipHoriz = false
70.51999499998055	EXP	instruction_text3: flipVert = false
70.51999499998055	EXP	szo_kiir: units = "norm"
70.51999499998055	EXP	szo_kiir: ori = 0
70.51999499998055	EXP	szo_kiir: opacity = 1
70.51999499998055	EXP	szo_kiir: pos = [0,0]
70.51999499998055	EXP	szo_kiir: size = undefined
70.51999499998055	EXP	szo_kiir: text = "default text"
70.51999499998055	EXP	szo_kiir: font = "Arial"
70.51999499998055	EXP	szo_kiir: color = {"_hex":"#FFFFFF","_rgb":[1,1,1]}
70.51999499998055	EXP	szo_kiir: contrast = 1
70.51999499998055	EXP	szo_kiir: height = 0.2
70.51999499998055	EXP	szo_kiir: bold = false
70.51999499998055	EXP	szo_kiir: italic = false
70.51999499998055	EXP	szo_kiir: alignHoriz = "left"
70.51999499998055	EXP	szo_kiir: alignVert = "center"
70.51999499998055	EXP	szo_kiir: wrapWidth = 1
70.51999499998055	EXP	szo_kiir: flipHoriz = false
70.51999499998055	EXP	szo_kiir: flipVert = false
70.51999499998055	EXP	koszi_szoveg: units = "norm"
70.51999499998055	EXP	koszi_szoveg: ori = 0
70.51999499998055	EXP	koszi_szoveg: opacity = 1
70.51999499998055	EXP	koszi_szoveg: pos = [0,0]
70.51999499998055	EXP	koszi_szoveg: size = undefined
70.51999499998055	EXP	koszi_szoveg: text = "Vége a kísérletnek. Köszönjük a részvételt!"
70.51999499998055	EXP	koszi_szoveg: font = "arial"
70.51999499998055	EXP	koszi_szoveg: color = {"_rgb":[1,1,1]}
70.51999499998055	EXP	koszi_szoveg: contrast = 1
70.51999499998055	EXP	koszi_szoveg: height = 0.1
70.51999499998055	EXP	koszi_szoveg: bold = false
70.51999499998055	EXP	koszi_szoveg: italic = false
70.51999499998055	EXP	koszi_szoveg: alignHoriz = "left"
70.51999499998055	EXP	koszi_szoveg: alignVert = "center"
70.51999499998055	EXP	koszi_szoveg: wrapWidth = 1
70.51999499998055	EXP	koszi_szoveg: flipHoriz = false
70.51999499998055	EXP	koszi_szoveg: flipVert = false
70.51999499998055	EXP	instruction_text1: autoDraw = true
107.52293000009377	DATA	Keydown: F5
107.53641000005882	EXP	instruction_text1: autoDraw = false
107.53641000005882	EXP	instruction_text2: autoDraw = true
113.15502000006381	DATA	Keydown: t
113.17046000005212	EXP	instruction_text2: autoDraw = false
113.70047000003979	EXP	show_text: autoDraw = true
116.99186000006739	DATA	Keydown: ArrowRight
117.007515000063	EXP	show_text: autoDraw = false
117.52795000001788	EXP	text: autoDraw = true
119.26690000004601	DATA	Keydown: ArrowLeft
119.28709500003606	EXP	text: autoDraw = false
119.28709500003606	EXP	instruction_text3: autoDraw = true
135.10882000008132	DATA	Keydown: ArrowRight
135.1538100000471	EXP	instruction_text3: autoDraw = false
135.1538100000471	EXP	szo_kiir: color = {"_rgb":[1,1,1]}
135.1538100000471	EXP	szo_kiir: text = "szigon"
135.6624399999855	EXP	szo_kiir: autoDraw = true
138.69959000009112	DATA	Keydown: ArrowLeft
138.71711500000674	EXP	szo_kiir: autoDraw = false
138.71711500000674	EXP	szo_kiir: color = {"_rgb":[1,1,1]}
138.71711500000674	EXP	szo_kiir: text = "nagy"
139.23146000003908	EXP	szo_kiir: autoDraw = true
140.2347300000256	DATA	Keydown: ArrowRight
140.25721499999054	EXP	szo_kiir: autoDraw = false
140.25721499999054	EXP	szo_kiir: color = {"_rgb":[1,1,1]}
140.25721499999054	EXP	szo_kiir: text = "rész"
140.76643000007607	EXP	szo_kiir: autoDraw = true
141.5482150000753	DATA	Keydown: ArrowRight
141.56567000003997	EXP	szo_kiir: autoDraw = false
141.56567000003997	EXP	szo_kiir: color = {"_rgb":[1,1,1]}
141.56567000003997	EXP	szo_kiir: text = "priváló"
142.0846550000133	EXP	szo_kiir: autoDraw = true
144.55502500000875	DATA	Keydown: ArrowLeft
144.5767900000792	EXP	szo_kiir: autoDraw = false
144.5767900000792	EXP	szo_kiir: color = {"_rgb":[1,1,1]}
144.5767900000792	EXP	szo_kiir: text = "kétikussi"
145.08746000006795	EXP	szo_kiir: autoDraw = true
148.2064600000158	DATA	Keydown: ArrowLeft
148.22223000007216	EXP	szo_kiir: autoDraw = false
148.22223000007216	EXP	szo_kiir: color = {"_rgb":[1,1,1]}
148.22223000007216	EXP	szo_kiir: text = "hatékony"
148.74111000006087	EXP	szo_kiir: autoDraw = true
149.62310500000603	DATA	Keydown: ArrowRight
149.65316500002518	EXP	szo_kiir: autoDraw = false
149.65316500002518	EXP	szo_kiir: color = {"_rgb":[1,1,1]}
149.65316500002518	EXP	szo_kiir: text = "évfolyam"
150.15863499999978	EXP	szo_kiir: autoDraw = true
151.2110550000798	DATA	Keydown: ArrowRight
151.22504000004847	EXP	szo_kiir: autoDraw = false
151.22504000004847	EXP	szo_kiir: color = {"_rgb":[1,1,1]}
151.22504000004847	EXP	szo_kiir: text = "szimboló"
151.74349500006065	EXP	szo_kiir: autoDraw = true
153.31469999998808	DATA	Keydown: ArrowLeft
153.3310150000034	EXP	szo_kiir: autoDraw = false
153.3310150000034	EXP	szo_kiir: color = {"_rgb":[1,1,1]}
153.3310150000034	EXP	szo_kiir: text = "szakáj"
153.84600000001956	EXP	szo_kiir: autoDraw = true
155.44598000007682	DATA	Keydown: ArrowLeft
155.46275499998592	EXP	szo_kiir: autoDraw = false
155.46275499998592	EXP	szo_kiir: color = {"_rgb":[1,1,1]}
155.46275499998592	EXP	szo_kiir: text = "hatalom"
155.98089000000618	EXP	szo_kiir: autoDraw = true
157.3972000000067	DATA	Keydown: ArrowRight
157.41786000004504	EXP	szo_kiir: autoDraw = false
157.41786000004504	EXP	szo_kiir: color = {"_rgb":[1,1,1]}
157.41786000004504	EXP	szo_kiir: text = "csomozdoni"
157.93372500000987	EXP	szo_kiir: autoDraw = true
160.6189599999925	DATA	Keydown: ArrowLeft
160.634635000024	EXP	szo_kiir: autoDraw = false
160.634635000024	EXP	szo_kiir: color = {"_rgb":[1,1,1]}
160.634635000024	EXP	szo_kiir: text = "bakú"
161.15320499998052	EXP	szo_kiir: autoDraw = true
163.14676500007045	DATA	Keydown: ArrowLeft
163.15659500006586	EXP	szo_kiir: autoDraw = false
163.15659500006586	EXP	szo_kiir: color = {"_rgb":[1,1,1]}
163.15659500006586	EXP	szo_kiir: text = "félelem"
163.67248000006657	EXP	szo_kiir: autoDraw = true
164.6908650000114	DATA	Keydown: ArrowRight
164.70535000006203	EXP	szo_kiir: autoDraw = false
164.70535000006203	EXP	szo_kiir: color = {"_rgb":[1,1,1]}
164.70535000006203	EXP	szo_kiir: text = "kedvezmény"
165.22362499998417	EXP	szo_kiir: autoDraw = true
166.72377000004053	DATA	Keydown: ArrowRight
166.74350500002038	EXP	szo_kiir: autoDraw = false
166.74350500002038	EXP	szo_kiir: color = {"_rgb":[1,1,1]}
166.74350500002038	EXP	szo_kiir: text = "eredményez"
167.25881500006653	EXP	szo_kiir: autoDraw = true
168.80299500003457	DATA	Keydown: ArrowRight
168.80943999998271	EXP	szo_kiir: autoDraw = false
168.80943999998271	EXP	szo_kiir: color = {"_rgb":[1,1,1]}
168.80943999998271	EXP	szo_kiir: text = "tartos"
169.32770000002347	EXP	szo_kiir: autoDraw = true
170.75491999997757	DATA	Keydown: ArrowLeft
170.76750499999616	EXP	szo_kiir: autoDraw = false
170.76750499999616	EXP	szo_kiir: color = {"_rgb":[1,1,1]}
170.76750499999616	EXP	szo_kiir: text = "reagál"
171.27979499998037	EXP	szo_kiir: autoDraw = true
172.4030100000091	DATA	Keydown: ArrowRight
172.41306000004988	EXP	szo_kiir: autoDraw = false
172.41306000004988	EXP	szo_kiir: color = {"_rgb":[1,1,1]}
172.41306000004988	EXP	szo_kiir: text = "csend"
172.93142000003718	EXP	szo_kiir: autoDraw = true
173.83499000000302	DATA	Keydown: ArrowRight
173.85088500007987	EXP	szo_kiir: autoDraw = false
173.85088500007987	EXP	szo_kiir: color = {"_rgb":[1,1,1]}
173.85088500007987	EXP	szo_kiir: text = "kötődik"
174.3666600000579	EXP	szo_kiir: autoDraw = true
175.06698000000324	DATA	Keydown: ArrowRight
175.08235500007868	EXP	szo_kiir: autoDraw = false
175.08235500007868	EXP	szo_kiir: color = {"_rgb":[1,1,1]}
175.08235500007868	EXP	szo_kiir: text = "sokoldalú"
175.60057500004768	EXP	szo_kiir: autoDraw = true
176.55473000009079	DATA	Keydown: ArrowRight
176.57004999998026	EXP	szo_kiir: autoDraw = false
176.57004999998026	EXP	szo_kiir: color = {"_rgb":[1,1,1]}
176.57004999998026	EXP	szo_kiir: text = "színpad"
177.08593499998096	EXP	szo_kiir: autoDraw = true
177.8679949999787	DATA	Keydown: ArrowRight
177.8850650000386	EXP	szo_kiir: autoDraw = false
177.8850650000386	EXP	szo_kiir: color = {"_rgb":[1,1,1]}
177.8850650000386	EXP	szo_kiir: text = "lánc"
178.40336500003468	EXP	szo_kiir: autoDraw = true
179.00374000007287	DATA	Keydown: ArrowRight
179.02295000001322	EXP	szo_kiir: autoDraw = false
179.02295000001322	EXP	szo_kiir: color = {"_rgb":[1,1,1]}
179.02295000001322	EXP	szo_kiir: text = "pogány"
179.53787500003818	EXP	szo_kiir: autoDraw = true
180.37897000007797	DATA	Keydown: ArrowRight
180.38767000008374	EXP	szo_kiir: autoDraw = false
180.38767000008374	EXP	szo_kiir: color = {"_rgb":[1,1,1]}
180.38767000008374	EXP	szo_kiir: text = "majozárói"
180.90603000007104	EXP	szo_kiir: autoDraw = true
182.85914000007324	DATA	Keydown: ArrowLeft
182.87600500008557	EXP	szo_kiir: autoDraw = false
182.87600500008557	EXP	szo_kiir: color = {"_rgb":[1,1,1]}
182.87600500008557	EXP	szo_kiir: text = "zord"
183.3915150000248	EXP	szo_kiir: autoDraw = true
184.8919450000394	DATA	Keydown: ArrowRight
184.90872000006493	EXP	szo_kiir: autoDraw = false
184.90872000006493	EXP	szo_kiir: color = {"_rgb":[1,1,1]}
184.90872000006493	EXP	szo_kiir: text = "utalvány"
185.42718500003684	EXP	szo_kiir: autoDraw = true
186.55469999997877	DATA	Keydown: ArrowRight
186.5629300000146	EXP	szo_kiir: autoDraw = false
186.5629300000146	EXP	szo_kiir: color = {"_rgb":[1,1,1]}
186.5629300000146	EXP	szo_kiir: text = "törődik"
187.0796150000533	EXP	szo_kiir: autoDraw = true
188.33894500008319	DATA	Keydown: ArrowRight
188.34566500002984	EXP	szo_kiir: autoDraw = false
188.34566500002984	EXP	szo_kiir: color = {"_rgb":[1,1,1]}
188.34566500002984	EXP	szo_kiir: text = "állvány"
188.86381000000983	EXP	szo_kiir: autoDraw = true
189.88297999999486	DATA	Keydown: ArrowRight
189.90085000009276	EXP	szo_kiir: autoDraw = false
189.90085000009276	EXP	szo_kiir: color = {"_rgb":[1,1,1]}
189.90085000009276	EXP	szo_kiir: text = "rak"
190.41546000004746	EXP	szo_kiir: autoDraw = true
191.0158850000007	DATA	Keydown: ArrowRight
191.03157500003	EXP	szo_kiir: autoDraw = false
191.03157500003	EXP	szo_kiir: color = {"_rgb":[1,1,1]}
191.03157500003	EXP	szo_kiir: text = "háziasszony"
191.54971500008833	EXP	szo_kiir: autoDraw = true
192.4109700000845	DATA	Keydown: ArrowRight
192.4194000000134	EXP	szo_kiir: autoDraw = false
192.4194000000134	EXP	szo_kiir: color = {"_rgb":[1,1,1]}
192.4194000000134	EXP	szo_kiir: text = "cukrász"
192.9344099999871	EXP	szo_kiir: autoDraw = true
194.33594999997877	DATA	Keydown: ArrowRight
194.35161500005051	EXP	szo_kiir: autoDraw = false
194.35161500005051	EXP	szo_kiir: color = {"_rgb":[1,1,1]}
194.35161500005051	EXP	szo_kiir: text = "ólom"
194.86969000007957	EXP	szo_kiir: autoDraw = true
196.06923999998253	DATA	Keydown: ArrowRight
196.0903849999886	EXP	szo_kiir: autoDraw = false
196.0903849999886	EXP	szo_kiir: color = {"_rgb":[1,1,1]}
196.0903849999886	EXP	szo_kiir: text = "értékesít"
196.60486500000115	EXP	szo_kiir: autoDraw = true
198.00474000000395	DATA	Keydown: ArrowRight
198.02205999998841	EXP	szo_kiir: autoDraw = false
198.02205999998841	EXP	szo_kiir: color = {"_rgb":[1,1,1]}
198.02205999998841	EXP	szo_kiir: text = "kiabál"
198.5402549999999	EXP	szo_kiir: autoDraw = true
199.41083499998786	DATA	Keydown: ArrowRight
199.43339999997988	EXP	szo_kiir: autoDraw = false
199.43339999997988	EXP	szo_kiir: color = {"_rgb":[1,1,1]}
199.43339999997988	EXP	szo_kiir: text = "megállóhely"
199.94174500007648	EXP	szo_kiir: autoDraw = true
200.8508950000396	DATA	Keydown: ArrowRight
200.85822000005282	EXP	szo_kiir: autoDraw = false
200.85822000005282	EXP	szo_kiir: color = {"_rgb":[1,1,1]}
200.85822000005282	EXP	szo_kiir: text = "parmezán"
201.37644000002183	EXP	szo_kiir: autoDraw = true
203.00265000003856	DATA	Keydown: ArrowRight
203.01325499999803	EXP	szo_kiir: autoDraw = false
203.01325499999803	EXP	szo_kiir: color = {"_rgb":[1,1,1]}
203.01325499999803	EXP	szo_kiir: text = "köztett"
203.52838000003248	EXP	szo_kiir: autoDraw = true
205.6511950000422	DATA	Keydown: ArrowRight
205.6629350000294	EXP	szo_kiir: autoDraw = false
205.6629350000294	EXP	szo_kiir: color = {"_rgb":[1,1,1]}
205.6629350000294	EXP	szo_kiir: text = "kontálás"
206.181110000005	EXP	szo_kiir: autoDraw = true
208.78336000000127	DATA	Keydown: ArrowRight
208.7993349999888	EXP	szo_kiir: autoDraw = false
208.7993349999888	EXP	szo_kiir: color = {"_rgb":[1,1,1]}
208.7993349999888	EXP	szo_kiir: text = "gráf"
209.31752000004053	EXP	szo_kiir: autoDraw = true
210.51715500000864	DATA	Keydown: ArrowLeft
210.5375050000148	EXP	szo_kiir: autoDraw = false
210.5375050000148	EXP	szo_kiir: color = {"_rgb":[1,1,1]}
210.5375050000148	EXP	szo_kiir: text = "holografikus"
211.0528199999826	EXP	szo_kiir: autoDraw = true
214.2556549999863	DATA	Keydown: ArrowLeft
214.27150000003166	EXP	szo_kiir: autoDraw = false
214.27150000003166	EXP	szo_kiir: color = {"_rgb":[1,1,1]}
214.27150000003166	EXP	szo_kiir: text = "sárgaréz"
214.7897000000812	EXP	szo_kiir: autoDraw = true
216.4989100000821	DATA	Keydown: ArrowRight
216.50701499998104	EXP	szo_kiir: autoDraw = false
216.50701499998104	EXP	szo_kiir: color = {"_rgb":[1,1,1]}
216.50701499998104	EXP	szo_kiir: text = "nyilváram"
217.02514000004157	EXP	szo_kiir: autoDraw = true
222.23464500007685	DATA	Keydown: ArrowLeft
222.25008500006516	EXP	szo_kiir: autoDraw = false
222.25008500006516	EXP	szo_kiir: color = {"_rgb":[1,1,1]}
222.25008500006516	EXP	szo_kiir: text = "fűtőanyag"
222.76501000009011	EXP	szo_kiir: autoDraw = true
224.00271500006784	DATA	Keydown: ArrowRight
224.01439500006381	EXP	szo_kiir: autoDraw = false
224.01439500006381	EXP	szo_kiir: color = {"_rgb":[1,1,1]}
224.01439500006381	EXP	szo_kiir: text = "leér"
224.53261500003282	EXP	szo_kiir: autoDraw = true
226.22698000003584	DATA	Keydown: ArrowRight
226.23606000002474	EXP	szo_kiir: autoDraw = false
226.23606000002474	EXP	szo_kiir: color = {"_rgb":[1,1,1]}
226.23606000002474	EXP	szo_kiir: text = "fekhely"
226.7517050000606	EXP	szo_kiir: autoDraw = true
227.93611000000965	DATA	Keydown: ArrowRight
227.95181500003673	EXP	szo_kiir: autoDraw = false
227.95181500003673	EXP	szo_kiir: color = {"_rgb":[1,1,1]}
227.95181500003673	EXP	szo_kiir: text = "lendít"
228.47004500008188	EXP	szo_kiir: autoDraw = true
229.26915000006557	DATA	Keydown: ArrowRight
229.28883500001393	EXP	szo_kiir: autoDraw = false
229.28883500001393	EXP	szo_kiir: color = {"_rgb":[1,1,1]}
229.28883500001393	EXP	szo_kiir: text = "tópart"
229.80457000003662	EXP	szo_kiir: autoDraw = true
230.53906500001904	DATA	Keydown: ArrowRight
230.55436499998905	EXP	szo_kiir: autoDraw = false
230.55436499998905	EXP	szo_kiir: color = {"_rgb":[1,1,1]}
230.55436499998905	EXP	szo_kiir: text = "téveszt"
231.0725800000364	EXP	szo_kiir: autoDraw = true
232.45063000009395	DATA	Keydown: ArrowRight
232.45907500002068	EXP	szo_kiir: autoDraw = false
232.45907500002068	EXP	szo_kiir: color = {"_rgb":[1,1,1]}
232.45907500002068	EXP	szo_kiir: text = "tropikus"
232.97470000002068	EXP	szo_kiir: autoDraw = true
234.59495499997865	DATA	Keydown: ArrowLeft
234.60842499998398	EXP	szo_kiir: autoDraw = false
234.60842499998398	EXP	szo_kiir: color = {"_rgb":[1,1,1]}
234.60842499998398	EXP	szo_kiir: text = "hidroxid"
235.1268150000833	EXP	szo_kiir: autoDraw = true
236.36271500005387	DATA	Keydown: ArrowLeft
236.3770450000884	EXP	szo_kiir: autoDraw = false
236.3770450000884	EXP	szo_kiir: color = {"_rgb":[1,1,1]}
236.3770450000884	EXP	szo_kiir: text = "kulcscsont"
236.8950650000479	EXP	szo_kiir: autoDraw = true
240.09107000008225	DATA	Keydown: ArrowRight
240.09703000006266	EXP	szo_kiir: autoDraw = false
240.09703000006266	EXP	szo_kiir: color = {"_rgb":[1,1,1]}
240.09703000006266	EXP	szo_kiir: text = "szennyeződik"
240.6157799999928	EXP	szo_kiir: autoDraw = true
242.1163350000279	DATA	Keydown: ArrowRight
242.1352500000503	EXP	szo_kiir: autoDraw = false
242.1352500000503	EXP	szo_kiir: color = {"_rgb":[1,1,1]}
242.1352500000503	EXP	szo_kiir: text = "lágyék"
242.65080499998294	EXP	szo_kiir: autoDraw = true
244.3023600000888	DATA	Keydown: ArrowLeft
244.31817500002217	EXP	szo_kiir: autoDraw = false
244.31817500002217	EXP	szo_kiir: color = {"_rgb":[1,1,1]}
244.31817500002217	EXP	szo_kiir: text = "szelégül"
244.83663500007242	EXP	szo_kiir: autoDraw = true
246.75497500004712	DATA	Keydown: ArrowLeft
246.77081000001635	EXP	szo_kiir: autoDraw = false
246.77081000001635	EXP	szo_kiir: color = {"_rgb":[1,1,1]}
246.77081000001635	EXP	szo_kiir: text = "tokmány"
247.28883500001393	EXP	szo_kiir: autoDraw = true
250.71514500002377	DATA	Keydown: ArrowLeft
250.72460000007413	EXP	szo_kiir: autoDraw = false
250.72460000007413	EXP	szo_kiir: color = {"_rgb":[1,1,1]}
250.72460000007413	EXP	szo_kiir: text = "tipográfus"
251.24279000004753	EXP	szo_kiir: autoDraw = true
252.64384500007145	DATA	Keydown: ArrowLeft
252.6629200000316	EXP	szo_kiir: autoDraw = false
252.6629200000316	EXP	szo_kiir: color = {"_rgb":[1,1,1]}
252.6629200000316	EXP	szo_kiir: text = "szalicil"
253.17809000005946	EXP	szo_kiir: autoDraw = true
254.11494500003755	DATA	Keydown: ArrowLeft
254.12797500006855	EXP	szo_kiir: autoDraw = false
254.12797500006855	EXP	szo_kiir: color = {"_rgb":[1,1,1]}
254.12797500006855	EXP	szo_kiir: text = "véresszájú"
254.64635500009172	EXP	szo_kiir: autoDraw = true
256.63029500003904	DATA	Keydown: ArrowRight
256.6472450000001	EXP	szo_kiir: autoDraw = false
256.6472450000001	EXP	szo_kiir: color = {"_rgb":[1,1,1]}
256.6472450000001	EXP	szo_kiir: text = "hidegtál"
257.16532000002917	EXP	szo_kiir: autoDraw = true
258.4667350000236	DATA	Keydown: ArrowRight
258.4858950000489	EXP	szo_kiir: autoDraw = false
258.4858950000489	EXP	szo_kiir: color = {"_rgb":[1,1,1]}
258.4858950000489	EXP	szo_kiir: text = "fegyvergyár"
259.0006950000534	EXP	szo_kiir: autoDraw = true
260.66792000003625	DATA	Keydown: ArrowRight
260.6844900000142	EXP	szo_kiir: autoDraw = false
260.6844900000142	EXP	szo_kiir: color = {"_rgb":[1,1,1]}
260.6844900000142	EXP	szo_kiir: text = "ügyenlősi"
261.2029999999795	EXP	szo_kiir: autoDraw = true
262.9630149999866	DATA	Keydown: ArrowLeft
262.9728950000135	EXP	szo_kiir: autoDraw = false
262.9728950000135	EXP	szo_kiir: color = {"_rgb":[1,1,1]}
262.9728950000135	EXP	szo_kiir: text = "szuperintelligens"
263.48833000008017	EXP	szo_kiir: autoDraw = true
267.2916550000664	DATA	Keydown: ArrowRight
267.30784000002313	EXP	szo_kiir: autoDraw = false
267.30784000002313	EXP	szo_kiir: color = {"_rgb":[1,1,1]}
267.30784000002313	EXP	szo_kiir: text = "avonaliba"
267.82600000000093	EXP	szo_kiir: autoDraw = true
268.83495500008576	DATA	Keydown: ArrowLeft
268.8477000000421	EXP	szo_kiir: autoDraw = false
268.8477000000421	EXP	szo_kiir: color = {"_rgb":[1,1,1]}
268.8477000000421	EXP	szo_kiir: text = "álomkór"
269.3607000000775	EXP	szo_kiir: autoDraw = true
270.81868500006385	DATA	Keydown: ArrowRight
270.82807500008494	EXP	szo_kiir: autoDraw = false
270.82807500008494	EXP	szo_kiir: color = {"_rgb":[1,1,1]}
270.82807500008494	EXP	szo_kiir: text = "hadijáték"
271.3461300000781	EXP	szo_kiir: autoDraw = true
272.5471400000388	DATA	Keydown: ArrowRight
272.5661700000055	EXP	szo_kiir: autoDraw = false
272.5661700000055	EXP	szo_kiir: color = {"_rgb":[1,1,1]}
272.5661700000055	EXP	szo_kiir: text = "vonzum"
273.08140500006266	EXP	szo_kiir: autoDraw = true
274.0279800000135	DATA	Keydown: ArrowLeft
274.0317550000036	EXP	szo_kiir: autoDraw = false
274.0317550000036	EXP	szo_kiir: color = {"_rgb":[1,1,1]}
274.0317550000036	EXP	szo_kiir: text = "nyelvcsap"
274.5492850000737	EXP	szo_kiir: autoDraw = true
275.8906450000359	DATA	Keydown: ArrowRight
275.9021800000919	EXP	szo_kiir: autoDraw = false
275.9021800000919	EXP	szo_kiir: color = {"_rgb":[1,1,1]}
275.9021800000919	EXP	szo_kiir: text = "egérlyuk"
276.41788500000257	EXP	szo_kiir: autoDraw = true
277.27494500007015	DATA	Keydown: ArrowRight
277.2844299999997	EXP	szo_kiir: autoDraw = false
277.2844299999997	EXP	szo_kiir: color = {"_rgb":[1,1,1]}
277.2844299999997	EXP	szo_kiir: text = "lícium"
277.80269000004046	EXP	szo_kiir: autoDraw = true
278.85866500006523	DATA	Keydown: ArrowLeft
278.8691899999976	EXP	szo_kiir: autoDraw = false
278.8691899999976	EXP	szo_kiir: color = {"_rgb":[1,1,1]}
278.8691899999976	EXP	szo_kiir: text = "oldolt"
279.3874300000025	EXP	szo_kiir: autoDraw = true
281.0586599999806	DATA	Keydown: ArrowLeft
281.0744100000011	EXP	szo_kiir: autoDraw = false
281.0744100000011	EXP	szo_kiir: color = {"_rgb":[1,1,1]}
281.0744100000011	EXP	szo_kiir: text = "vigyó"
281.58975000004284	EXP	szo_kiir: autoDraw = true
282.4237200000789	DATA	Keydown: ArrowLeft
282.4393150000833	EXP	szo_kiir: autoDraw = false
282.4393150000833	EXP	szo_kiir: color = {"_rgb":[1,1,1]}
282.4393150000833	EXP	szo_kiir: text = "csőszház"
282.9577650000574	EXP	szo_kiir: autoDraw = true
285.8988750000717	DATA	Keydown: ArrowLeft
285.9097499999916	EXP	szo_kiir: autoDraw = false
285.9097499999916	EXP	szo_kiir: color = {"_rgb":[1,1,1]}
285.9097499999916	EXP	szo_kiir: text = "barlódiurné"
286.4297850000439	EXP	szo_kiir: autoDraw = true
287.6666650000261	DATA	Keydown: ArrowLeft
287.68113000004087	EXP	szo_kiir: autoDraw = false
287.68113000004087	EXP	szo_kiir: color = {"_rgb":[1,1,1]}
287.68113000004087	EXP	szo_kiir: text = "szánkózik"
288.1963649999816	EXP	szo_kiir: autoDraw = true
289.0792900000233	DATA	Keydown: ArrowRight
289.0959649999859	EXP	szo_kiir: autoDraw = false
289.0959649999859	EXP	szo_kiir: color = {"_rgb":[1,1,1]}
289.0959649999859	EXP	szo_kiir: text = "vagdalthús"
289.61451500002295	EXP	szo_kiir: autoDraw = true
290.6909849999938	DATA	Keydown: ArrowLeft
290.69786499999464	EXP	szo_kiir: autoDraw = false
290.69786499999464	EXP	szo_kiir: color = {"_rgb":[1,1,1]}
290.69786499999464	EXP	szo_kiir: text = "homokzátony"
291.21593000006396	EXP	szo_kiir: autoDraw = true
293.28401000006124	DATA	Keydown: ArrowRight
293.3031099999789	EXP	szo_kiir: autoDraw = false
293.3031099999789	EXP	szo_kiir: color = {"_rgb":[1,1,1]}
293.3031099999789	EXP	szo_kiir: text = "paláver"
293.81856500008143	EXP	szo_kiir: autoDraw = true
295.60350000008475	DATA	Keydown: ArrowLeft
295.61943000007886	EXP	szo_kiir: autoDraw = false
295.61943000007886	EXP	szo_kiir: color = {"_rgb":[1,1,1]}
295.61943000007886	EXP	szo_kiir: text = "fókabőr"
296.1376000000164	EXP	szo_kiir: autoDraw = true
297.53896999999415	DATA	Keydown: ArrowRight
297.55469000001904	EXP	szo_kiir: autoDraw = false
297.55469000001904	EXP	szo_kiir: color = {"_rgb":[1,1,1]}
297.55469000001904	EXP	szo_kiir: text = "gyíkfű"
298.0728550000349	EXP	szo_kiir: autoDraw = true
299.8267850000411	DATA	Keydown: ArrowLeft
299.84016500005964	EXP	szo_kiir: autoDraw = false
299.84016500005964	EXP	szo_kiir: color = {"_rgb":[1,1,1]}
299.84016500005964	EXP	szo_kiir: text = "dögönyöz"
300.3585650000023	EXP	szo_kiir: autoDraw = true
301.86658999999054	DATA	Keydown: ArrowLeft
301.8780000000261	EXP	szo_kiir: autoDraw = false
301.8780000000261	EXP	szo_kiir: color = {"_rgb":[1,1,1]}
301.8780000000261	EXP	szo_kiir: text = "hengerszimmetrikus"
302.3940799999982	EXP	szo_kiir: autoDraw = true
307.55509999999776	DATA	Keydown: ArrowLeft
307.56469000002835	EXP	szo_kiir: autoDraw = false
307.56469000002835	EXP	szo_kiir: color = {"_rgb":[1,1,1]}
307.56469000002835	EXP	szo_kiir: text = "nyurcaret"
308.08299000002444	EXP	szo_kiir: autoDraw = true
309.0426650000736	DATA	Keydown: ArrowLeft
309.04920500004664	EXP	szo_kiir: autoDraw = false
309.04920500004664	EXP	szo_kiir: color = {"_rgb":[1,1,1]}
309.04920500004664	EXP	szo_kiir: text = "inhumánus"
309.5675550000742	EXP	szo_kiir: autoDraw = true
311.7195200000424	DATA	Keydown: ArrowLeft
311.73550499998964	EXP	szo_kiir: autoDraw = false
311.73550499998964	EXP	szo_kiir: color = {"_rgb":[1,1,1]}
311.73550499998964	EXP	szo_kiir: text = "rosszlelkű"
312.2538450000575	EXP	szo_kiir: autoDraw = true
314.3146549999947	DATA	Keydown: ArrowRight
314.32377000001725	EXP	szo_kiir: autoDraw = false
314.32377000001725	EXP	szo_kiir: color = {"_rgb":[1,1,1]}
314.32377000001725	EXP	szo_kiir: text = "ozonizátor"
314.8396349999821	EXP	szo_kiir: autoDraw = true
315.9786650000606	DATA	Keydown: ArrowLeft
315.98967999999877	EXP	szo_kiir: autoDraw = false
315.98967999999877	EXP	szo_kiir: color = {"_rgb":[1,1,1]}
315.98967999999877	EXP	szo_kiir: text = "gyakornokoskodik"
316.50866000005044	EXP	szo_kiir: autoDraw = true
321.1868099999847	DATA	Keydown: ArrowLeft
321.19513000000734	EXP	szo_kiir: autoDraw = false
321.19513000000734	EXP	szo_kiir: color = {"_rgb":[1,1,1]}
321.19513000000734	EXP	szo_kiir: text = "hegelianizmus"
321.7133300000569	EXP	szo_kiir: autoDraw = true
323.5546000000322	DATA	Keydown: ArrowLeft
323.5674900000449	EXP	szo_kiir: autoDraw = false
323.5674900000449	EXP	szo_kiir: color = {"_rgb":[1,1,1]}
323.5674900000449	EXP	szo_kiir: text = "téveszmerendszer"
324.0821800000267	EXP	szo_kiir: autoDraw = true
326.533000000054	DATA	Keydown: ArrowLeft
326.55015500006266	EXP	szo_kiir: autoDraw = false
326.55015500006266	EXP	szo_kiir: color = {"_rgb":[1,1,1]}
326.55015500006266	EXP	szo_kiir: text = "hangyabogáncs"
327.0690450000111	EXP	szo_kiir: autoDraw = true
330.25357000005897	DATA	Keydown: ArrowRight
330.27062500000466	EXP	szo_kiir: autoDraw = false
330.27062500000466	EXP	szo_kiir: color = {"_rgb":[1,1,1]}
330.27062500000466	EXP	szo_kiir: text = "urbanizálódik"
330.7889800000703	EXP	szo_kiir: autoDraw = true
332.9728200000245	DATA	Keydown: ArrowLeft
332.9900599999819	EXP	szo_kiir: autoDraw = false
332.9900599999819	EXP	szo_kiir: color = {"_rgb":[1,1,1]}
332.9900599999819	EXP	szo_kiir: text = "lejmol"
333.508685000008	EXP	szo_kiir: autoDraw = true
335.3599849999882	DATA	Keydown: ArrowRight
335.3795750000281	EXP	szo_kiir: autoDraw = false
335.3795750000281	EXP	szo_kiir: color = {"_rgb":[1,1,1]}
335.3795750000281	EXP	szo_kiir: text = "kuktáskodik"
335.89392000006046	EXP	szo_kiir: autoDraw = true
339.03491500008386	DATA	Keydown: ArrowRight
339.0461699999869	EXP	szo_kiir: autoDraw = false
339.0461699999869	EXP	szo_kiir: color = {"_rgb":[1,1,1]}
339.0461699999869	EXP	szo_kiir: text = "farkasbab"
339.56435000000056	EXP	szo_kiir: autoDraw = true
341.3811899999855	DATA	Keydown: ArrowLeft
341.3981250000652	EXP	szo_kiir: autoDraw = false
341.3981250000652	EXP	szo_kiir: color = {"_rgb":[1,1,1]}
341.3981250000652	EXP	szo_kiir: text = "ízesedik"
341.9165550000034	EXP	szo_kiir: autoDraw = true
344.23570499999914	DATA	Keydown: ArrowRight
344.2535299999872	EXP	szo_kiir: autoDraw = false
344.2535299999872	EXP	szo_kiir: color = {"_rgb":[1,1,1]}
344.2535299999872	EXP	szo_kiir: text = "zománcáru"
344.7697100000223	EXP	szo_kiir: autoDraw = true
345.762880000053	DATA	Keydown: ArrowLeft
345.7694350000238	EXP	szo_kiir: autoDraw = false
345.7694350000238	EXP	szo_kiir: color = {"_rgb":[1,1,1]}
345.7694350000238	EXP	szo_kiir: text = "kurtít"
346.28752500005066	EXP	szo_kiir: autoDraw = true
347.3878300000215	DATA	Keydown: ArrowRight
347.4043200000888	EXP	szo_kiir: autoDraw = false
347.4043200000888	EXP	szo_kiir: color = {"_rgb":[1,1,1]}
347.4043200000888	EXP	szo_kiir: text = "kihalász"
347.922600000049	EXP	szo_kiir: autoDraw = true
349.1069150000112	DATA	Keydown: ArrowRight
349.1259650000138	EXP	szo_kiir: autoDraw = false
349.1259650000138	EXP	szo_kiir: color = {"_rgb":[1,1,1]}
349.1259650000138	EXP	szo_kiir: text = "karnogó"
349.6410550000146	EXP	szo_kiir: autoDraw = true
351.22677499998827	DATA	Keydown: ArrowLeft
351.24166499997955	EXP	szo_kiir: autoDraw = false
351.24166499997955	EXP	szo_kiir: color = {"_rgb":[1,1,1]}
351.24166499997955	EXP	szo_kiir: text = "burukkol"
351.75985500006936	EXP	szo_kiir: autoDraw = true
353.51027000008617	DATA	Keydown: ArrowRight
353.53063000005204	EXP	szo_kiir: autoDraw = false
353.53063000005204	EXP	szo_kiir: color = {"_rgb":[1,1,1]}
353.53063000005204	EXP	szo_kiir: text = "prografej"
354.04555999999866	EXP	szo_kiir: autoDraw = true
355.4031350000296	DATA	Keydown: ArrowLeft
355.4124300000258	EXP	szo_kiir: autoDraw = false
355.4124300000258	EXP	szo_kiir: color = {"_rgb":[1,1,1]}
355.4124300000258	EXP	szo_kiir: text = "piszkosodik"
355.9306050000014	EXP	szo_kiir: autoDraw = true
358.57073000003584	DATA	Keydown: ArrowRight
358.5851750000147	EXP	szo_kiir: autoDraw = false
358.5851750000147	EXP	szo_kiir: color = {"_rgb":[1,1,1]}
358.5851750000147	EXP	szo_kiir: text = "suszi"
359.10047000006307	EXP	szo_kiir: autoDraw = true
360.0429000000004	DATA	Keydown: ArrowLeft
360.05040000006557	EXP	szo_kiir: autoDraw = false
360.05040000006557	EXP	szo_kiir: color = {"_rgb":[1,1,1]}
360.05040000006557	EXP	szo_kiir: text = "keserűgyökér"
360.5685100000119	EXP	szo_kiir: autoDraw = true
364.2720500000287	DATA	Keydown: ArrowRight
364.2906700000167	EXP	szo_kiir: autoDraw = false
364.2906700000167	EXP	szo_kiir: color = {"_rgb":[1,1,1]}
364.2906700000167	EXP	szo_kiir: text = "perifrázis"
364.8060950000072	EXP	szo_kiir: autoDraw = true
365.94708000007086	DATA	Keydown: ArrowLeft
365.9563100000378	EXP	szo_kiir: autoDraw = false
365.9563100000378	EXP	szo_kiir: color = {"_rgb":[1,1,1]}
365.9563100000378	EXP	szo_kiir: text = "kettősfém"
366.4745250000851	EXP	szo_kiir: autoDraw = true
368.4346150000347	DATA	Keydown: ArrowLeft
368.44199500000104	EXP	szo_kiir: autoDraw = false
368.44199500000104	EXP	szo_kiir: color = {"_rgb":[1,1,1]}
368.44199500000104	EXP	szo_kiir: text = "hendesen"
368.9601900000125	EXP	szo_kiir: autoDraw = true
372.33091500005685	DATA	Keydown: ArrowLeft
372.345900000073	EXP	szo_kiir: autoDraw = false
372.345900000073	EXP	szo_kiir: color = {"_rgb":[1,1,1]}
372.345900000073	EXP	szo_kiir: text = "koegzisztál"
372.86419500003103	EXP	szo_kiir: autoDraw = true
373.76466500002425	DATA	Keydown: ArrowLeft
373.78292999998666	EXP	szo_kiir: autoDraw = false
373.78292999998666	EXP	szo_kiir: color = {"_rgb":[1,1,1]}
373.78292999998666	EXP	szo_kiir: text = "horganyfehér"
374.2988900000928	EXP	szo_kiir: autoDraw = true
376.82678000000305	DATA	Keydown: ArrowLeft
376.8338450000156	EXP	szo_kiir: autoDraw = false
376.8338450000156	EXP	szo_kiir: color = {"_rgb":[1,1,1]}
376.8338450000156	EXP	szo_kiir: text = "felcsavaroz"
377.35214500001166	EXP	szo_kiir: autoDraw = true
379.15475500002503	DATA	Keydown: ArrowLeft
379.1693750000559	EXP	szo_kiir: autoDraw = false
379.1693750000559	EXP	szo_kiir: color = {"_rgb":[1,1,1]}
379.1693750000559	EXP	szo_kiir: text = "hivatalnokoskodik"
379.68784500006586	EXP	szo_kiir: autoDraw = true
384.15739499998745	DATA	Keydown: ArrowRight
384.17460500006564	EXP	szo_kiir: autoDraw = false
384.17460500006564	EXP	szo_kiir: color = {"_rgb":[1,1,1]}
384.17460500006564	EXP	szo_kiir: text = "elméskedik"
384.69276000000536	EXP	szo_kiir: autoDraw = true
386.69339000002947	DATA	Keydown: ArrowRight
386.7132700000657	EXP	szo_kiir: autoDraw = false
386.7132700000657	EXP	szo_kiir: color = {"_rgb":[1,1,1]}
386.7132700000657	EXP	szo_kiir: text = "gyant"
387.2285499999998	EXP	szo_kiir: autoDraw = true
388.3387750000693	DATA	Keydown: ArrowLeft
388.34528000000864	EXP	szo_kiir: autoDraw = false
388.34528000000864	EXP	szo_kiir: color = {"_rgb":[1,1,1]}
388.34528000000864	EXP	szo_kiir: text = "hátall"
388.86349999997765	EXP	szo_kiir: autoDraw = true
392.2831850000657	DATA	Keydown: ArrowLeft
392.2992400000803	EXP	szo_kiir: autoDraw = false
392.2992400000803	EXP	szo_kiir: color = {"_rgb":[1,1,1]}
392.2992400000803	EXP	szo_kiir: text = "szabadszirmú"
392.81742500001565	EXP	szo_kiir: autoDraw = true
395.3020850000903	DATA	Keydown: ArrowLeft
395.3189499999862	EXP	szo_kiir: autoDraw = false
395.3189499999862	EXP	szo_kiir: color = {"_rgb":[1,1,1]}
395.3189499999862	EXP	szo_kiir: text = "móringol"
395.83712500007823	EXP	szo_kiir: autoDraw = true
396.9879600000568	DATA	Keydown: ArrowLeft
397.0069800000638	EXP	szo_kiir: autoDraw = false
397.0069800000638	EXP	szo_kiir: color = {"_rgb":[1,1,1]}
397.0069800000638	EXP	szo_kiir: text = "dumcsoska"
397.5222350000404	EXP	szo_kiir: autoDraw = true
398.61081500002183	DATA	Keydown: ArrowLeft
398.62199500005227	EXP	szo_kiir: autoDraw = false
398.62199500005227	EXP	szo_kiir: color = {"_rgb":[1,1,1]}
398.62199500005227	EXP	szo_kiir: text = "szervusz"
399.1404450000264	EXP	szo_kiir: autoDraw = true
400.32360000000335	DATA	Keydown: ArrowRight
400.34367000008933	EXP	szo_kiir: autoDraw = false
400.34367000008933	EXP	szo_kiir: color = {"_rgb":[1,1,1]}
400.34367000008933	EXP	szo_kiir: text = "egyenetlenkedik"
400.8588849999942	EXP	szo_kiir: autoDraw = true
407.07489500008523	DATA	Keydown: ArrowLeft
407.0806950000115	EXP	szo_kiir: autoDraw = false
407.0806950000115	EXP	szo_kiir: color = {"_rgb":[1,1,1]}
407.0806950000115	EXP	szo_kiir: text = "rojtoz"
407.5989750000881	EXP	szo_kiir: autoDraw = true
409.40306000004057	DATA	Keydown: ArrowRight
409.41639999998733	EXP	szo_kiir: autoDraw = false
409.41639999998733	EXP	szo_kiir: color = {"_rgb":[1,1,1]}
409.41639999998733	EXP	szo_kiir: text = "hantáz"
409.9345200000098	EXP	szo_kiir: autoDraw = true
411.11777500004973	DATA	Keydown: ArrowLeft
411.13475000008475	EXP	szo_kiir: autoDraw = false
411.13475000008475	EXP	szo_kiir: color = {"_rgb":[1,1,1]}
411.13475000008475	EXP	szo_kiir: text = "csapdáz"
411.65282000007574	EXP	szo_kiir: autoDraw = true
413.0875900000101	DATA	Keydown: ArrowRight
413.10603500006255	EXP	szo_kiir: autoDraw = false
413.10603500006255	EXP	szo_kiir: color = {"_rgb":[1,1,1]}
413.10603500006255	EXP	szo_kiir: text = "antra"
413.62147500005085	EXP	szo_kiir: autoDraw = true
414.53057000006083	DATA	Keydown: ArrowLeft
414.5381350000389	EXP	szo_kiir: autoDraw = false
414.5381350000389	EXP	szo_kiir: color = {"_rgb":[1,1,1]}
414.5381350000389	EXP	szo_kiir: text = "tárcsöngy"
415.0563700000057	EXP	szo_kiir: autoDraw = true
419.16272500006016	DATA	Keydown: ArrowLeft
419.1784550000448	EXP	szo_kiir: autoDraw = false
419.1784550000448	EXP	szo_kiir: color = {"_rgb":[1,1,1]}
419.1784550000448	EXP	szo_kiir: text = "ruharongy"
419.694439999992	EXP	szo_kiir: autoDraw = true
422.6639500000747	DATA	Keydown: ArrowRight
422.6795100000454	EXP	szo_kiir: autoDraw = false
422.6795100000454	EXP	szo_kiir: color = {"_rgb":[1,1,1]}
422.6795100000454	EXP	szo_kiir: text = "rosítottsi"
423.1979050000664	EXP	szo_kiir: autoDraw = true
425.50660000008065	DATA	Keydown: ArrowLeft
425.518395000021	EXP	szo_kiir: autoDraw = false
425.518395000021	EXP	szo_kiir: color = {"_rgb":[1,1,1]}
425.518395000021	EXP	szo_kiir: text = "beszittyózik"
426.03400500002317	EXP	szo_kiir: autoDraw = true
428.37087500002235	DATA	Keydown: ArrowLeft
428.38527000008617	EXP	szo_kiir: autoDraw = false
428.38527000008617	EXP	szo_kiir: color = {"_rgb":[1,1,1]}
428.38527000008617	EXP	szo_kiir: text = "pólyáz"
428.90338500007056	EXP	szo_kiir: autoDraw = true
430.8588549999986	DATA	Keydown: ArrowRight
430.8711100000655	EXP	szo_kiir: autoDraw = false
430.8711100000655	EXP	szo_kiir: color = {"_rgb":[1,1,1]}
430.8711100000655	EXP	szo_kiir: text = "extravert"
431.38926500000525	EXP	szo_kiir: autoDraw = true
432.4506100000581	DATA	Keydown: ArrowLeft
432.4559550000122	EXP	szo_kiir: autoDraw = false
432.4559550000122	EXP	szo_kiir: color = {"_rgb":[1,1,1]}
432.4559550000122	EXP	szo_kiir: text = "svábtök"
432.9743149999995	EXP	szo_kiir: autoDraw = true
434.0188499999931	DATA	Keydown: ArrowLeft
434.0287950000493	EXP	szo_kiir: autoDraw = false
434.0287950000493	EXP	koszi_szoveg: autoDraw = true
