0.1088000000017928	EXP	Created Window = Window( name=Window, fullscr=true, color=#000000, units=norm, waitBlanking=true, autoLog=true, size=[1366,625] )
2.1899649999977555	DATA	Keydown: 1
2.4169499999989057	DATA	Keydown: 0
2.5664949999918463	DATA	Keydown: 0
3.015079999997397	DATA	Keydown: 1
3.832654999991064	DATA	Keydown: Tab
4.745629999990342	DATA	Keydown: Shift
4.93049999998766	DATA	Keydown: N
5.4575499999918975	DATA	Keydown: Backspace
8.659179999987828	DATA	Keydown: n
8.969694999992498	DATA	Keydown: ő
10.733824999988428	DATA	Keydown: 1
11.027539999995497	DATA	Keydown: 9
11.163584999987506	DATA	Keydown: 9
11.30899999999383	DATA	Keydown: 8
11.701984999992419	DATA	Keydown: .
11.84854500000074	DATA	Keydown: 0
12.02513499998895	DATA	Keydown: 9
12.318074999988312	DATA	Keydown: .
12.975909999993746	DATA	Keydown: 3
13.268029999991995	DATA	Keydown: 0
13.652909999989788	DATA	Keydown: .
16.489724999992177	DATA	Keydown: 1
16.974170000001322	DATA	Keydown: 5
28.169844999996712	EXP	Created instruction_text1 = TextStim( name=instruction_text1, win=Window( name=Window, fullscr=true, color=#000000, ~), autoDraw=null, autoLog=true, units=norm, ori=null, opacity=1, pos=[0,0], size=undefined, text=Ön most szavakat fog látni.

Ezek között lesznek o~, font=Arial, color=#ffffff, contrast=1, height=0.05, bold=null, italic=null, alignHoriz=left, alignVert=center, wrapWidth=1, flipHoriz=null, flipVert=null )
28.17153999999573	EXP	Created instruction_text2 = TextStim( name=instruction_text2, win=Window( name=Window, fullscr=true, color=#000000, ~), autoDraw=null, autoLog=true, units=norm, ori=null, opacity=1, pos=[0,0], size=undefined, text=Először két egyszerű példát mutatunk Önnek.

Az el~, font=Arial, color=#FFFFFF, contrast=1, height=0.05, bold=null, italic=null, alignHoriz=left, alignVert=center, wrapWidth=1, flipHoriz=null, flipVert=null )
28.172819999992498	EXP	Created show_text = TextStim( name=show_text, win=Window( name=Window, fullscr=true, color=#000000, ~), autoDraw=null, autoLog=true, units=norm, ori=null, opacity=1, pos=[0,0], size=undefined, text=asztal, font=Arial, color=#FFFFFF, contrast=1, height=0.2, bold=null, italic=null, alignHoriz=left, alignVert=center, wrapWidth=1, flipHoriz=null, flipVert=null )
28.17393999999331	EXP	Created text = TextStim( name=text, win=Window( name=Window, fullscr=true, color=#000000, ~), autoDraw=null, autoLog=true, units=norm, ori=null, opacity=1, pos=[0,0], size=undefined, text=bzsmfsztal, font=Arial, color=#FFFFFF, contrast=1, height=0.2, bold=null, italic=null, alignHoriz=left, alignVert=center, wrapWidth=1, flipHoriz=null, flipVert=null )
28.17737999999372	EXP	Created instruction_text3 = TextStim( name=instruction_text3, win=Window( name=Window, fullscr=true, color=#000000, ~), autoDraw=null, autoLog=true, units=norm, ori=null, opacity=1, pos=[0,0], size=undefined, text=Pazar. Most kezdődik az igazi kísérlet. Néhány per~, font=Arial, color=#FFFFFF, contrast=1, height=0.1, bold=null, italic=null, alignHoriz=left, alignVert=center, wrapWidth=1, flipHoriz=null, flipVert=null )
28.178744999997434	EXP	Created szo_kiir = TextStim( name=szo_kiir, win=Window( name=Window, fullscr=true, color=#000000, ~), autoDraw=null, autoLog=true, units=norm, ori=null, opacity=1, pos=[0,0], size=undefined, text=default text, font=Arial, color=#FFFFFF, contrast=1, height=0.2, bold=null, italic=null, alignHoriz=left, alignVert=center, wrapWidth=1, flipHoriz=null, flipVert=null )
28.18030500000168	EXP	Created koszi_szoveg = TextStim( name=koszi_szoveg, win=Window( name=Window, fullscr=true, color=#000000, ~), autoDraw=null, autoLog=true, units=norm, ori=null, opacity=1, pos=[0,0], size=undefined, text=Vége a kísérletnek. Köszönjük a részvételt!, font=arial, color=#ffffff, contrast=1, height=0.1, bold=null, italic=null, alignHoriz=left, alignVert=center, wrapWidth=1, flipHoriz=null, flipVert=null )
28.312679999988177	EXP	instruction_text1: units = "norm"
28.312679999988177	EXP	instruction_text1: ori = 0
28.312679999988177	EXP	instruction_text1: opacity = 1
28.312679999988177	EXP	instruction_text1: pos = [0,0]
28.312679999988177	EXP	instruction_text1: size = undefined
28.312679999988177	EXP	instruction_text1: text = "Ön most szavakat fog látni.\n\nEzek között lesznek olyanok, amelyeket ismer, de előfordulhatnak olyanok is, amelyeket nem ismer, sőt, vannak köztük kitalált szavak is. \n\nKérjük, ha ismeri a képernyőn látható szót, nyomja meg a JOBB kurzorbillentyűt.\nKérjük, ha NEM ismeri a képernyőn látható szót, vagy azt gondolja, nincs ilyen szó a magyarban, nyomja meg a BAL kurzorbillentyűt.\n\nAz 'Ismerem a szót' döntés itt most ezt jelenti: találkoztam már vele, és van valami elképzelésem a jelentéséről is.  \n\nNyomjon meg bármilyen billentyűt a folytatáshoz."
28.312679999988177	EXP	instruction_text1: font = "Arial"
28.312679999988177	EXP	instruction_text1: color = {"_rgb":[1,1,1]}
28.312679999988177	EXP	instruction_text1: contrast = 1
28.312679999988177	EXP	instruction_text1: height = 0.05
28.312679999988177	EXP	instruction_text1: bold = false
28.312679999988177	EXP	instruction_text1: italic = false
28.312679999988177	EXP	instruction_text1: alignHoriz = "left"
28.312679999988177	EXP	instruction_text1: alignVert = "center"
28.312679999988177	EXP	instruction_text1: wrapWidth = 1
28.312679999988177	EXP	instruction_text1: flipHoriz = false
28.312679999988177	EXP	instruction_text1: flipVert = false
28.312679999988177	EXP	instruction_text2: units = "norm"
28.312679999988177	EXP	instruction_text2: ori = 0
28.312679999988177	EXP	instruction_text2: opacity = 1
28.312679999988177	EXP	instruction_text2: pos = [0,0]
28.312679999988177	EXP	instruction_text2: size = undefined
28.312679999988177	EXP	instruction_text2: text = "Először két egyszerű példát mutatunk Önnek.\n\nAz első szó létezik a magyarban, és valószínűleg Ön is ismeri. Itt nyomja majd meg a jobb kurzorbillentyűt.\nA második szó nem létezik a magyar nyelvben. Itt nyomja majd meg a bal kurzorbillentyűt.\n\nFontos, hogy a jobb gombot a jobb kezével, a bal gombot a bal kezével nyomja, ha tudja, és ne egy kezét használja a kísérletben.\n\nNyomjon meg bármilyen gombot a folytatáshoz."
28.312679999988177	EXP	instruction_text2: font = "Arial"
28.312679999988177	EXP	instruction_text2: color = {"_hex":"#FFFFFF","_rgb":[1,1,1]}
28.312679999988177	EXP	instruction_text2: contrast = 1
28.312679999988177	EXP	instruction_text2: height = 0.05
28.312679999988177	EXP	instruction_text2: bold = false
28.312679999988177	EXP	instruction_text2: italic = false
28.312679999988177	EXP	instruction_text2: alignHoriz = "left"
28.312679999988177	EXP	instruction_text2: alignVert = "center"
28.312679999988177	EXP	instruction_text2: wrapWidth = 1
28.312679999988177	EXP	instruction_text2: flipHoriz = false
28.312679999988177	EXP	instruction_text2: flipVert = false
28.312679999988177	EXP	show_text: units = "norm"
28.312679999988177	EXP	show_text: ori = 0
28.312679999988177	EXP	show_text: opacity = 1
28.312679999988177	EXP	show_text: pos = [0,0]
28.312679999988177	EXP	show_text: size = undefined
28.312679999988177	EXP	show_text: text = "asztal"
28.312679999988177	EXP	show_text: font = "Arial"
28.312679999988177	EXP	show_text: color = {"_hex":"#FFFFFF","_rgb":[1,1,1]}
28.312679999988177	EXP	show_text: contrast = 1
28.312679999988177	EXP	show_text: height = 0.2
28.312679999988177	EXP	show_text: bold = false
28.312679999988177	EXP	show_text: italic = false
28.312679999988177	EXP	show_text: alignHoriz = "left"
28.312679999988177	EXP	show_text: alignVert = "center"
28.312679999988177	EXP	show_text: wrapWidth = 1
28.312679999988177	EXP	show_text: flipHoriz = false
28.312679999988177	EXP	show_text: flipVert = false
28.312679999988177	EXP	text: units = "norm"
28.312679999988177	EXP	text: ori = 0
28.312679999988177	EXP	text: opacity = 1
28.312679999988177	EXP	text: pos = [0,0]
28.312679999988177	EXP	text: size = undefined
28.312679999988177	EXP	text: text = "bzsmfsztal"
28.312679999988177	EXP	text: font = "Arial"
28.312679999988177	EXP	text: color = {"_hex":"#FFFFFF","_rgb":[1,1,1]}
28.312679999988177	EXP	text: contrast = 1
28.312679999988177	EXP	text: height = 0.2
28.312679999988177	EXP	text: bold = false
28.312679999988177	EXP	text: italic = false
28.312679999988177	EXP	text: alignHoriz = "left"
28.312679999988177	EXP	text: alignVert = "center"
28.312679999988177	EXP	text: wrapWidth = 1
28.312679999988177	EXP	text: flipHoriz = false
28.312679999988177	EXP	text: flipVert = false
28.312679999988177	EXP	instruction_text3: units = "norm"
28.312679999988177	EXP	instruction_text3: ori = 0
28.312679999988177	EXP	instruction_text3: opacity = 1
28.312679999988177	EXP	instruction_text3: pos = [0,0]
28.312679999988177	EXP	instruction_text3: size = undefined
28.312679999988177	EXP	instruction_text3: text = "Pazar. Most kezdődik az igazi kísérlet. Néhány percig fog tartani. Nem kell nagyon sietnie, de igyekezzen gyorsan válaszolni.\n\nNe feledje, ha tudja, a jobb gombot a jobbkezével, a bal gombot a balkezével nyomja le.\n\nNyomjon meg bármilyen gombot a folytatáshoz."
28.312679999988177	EXP	instruction_text3: font = "Arial"
28.312679999988177	EXP	instruction_text3: color = {"_hex":"#FFFFFF","_rgb":[1,1,1]}
28.312679999988177	EXP	instruction_text3: contrast = 1
28.312679999988177	EXP	instruction_text3: height = 0.1
28.312679999988177	EXP	instruction_text3: bold = false
28.312679999988177	EXP	instruction_text3: italic = false
28.312679999988177	EXP	instruction_text3: alignHoriz = "left"
28.312679999988177	EXP	instruction_text3: alignVert = "center"
28.312679999988177	EXP	instruction_text3: wrapWidth = 1
28.312679999988177	EXP	instruction_text3: flipHoriz = false
28.312679999988177	EXP	instruction_text3: flipVert = false
28.312679999988177	EXP	szo_kiir: units = "norm"
28.312679999988177	EXP	szo_kiir: ori = 0
28.312679999988177	EXP	szo_kiir: opacity = 1
28.312679999988177	EXP	szo_kiir: pos = [0,0]
28.312679999988177	EXP	szo_kiir: size = undefined
28.312679999988177	EXP	szo_kiir: text = "default text"
28.312679999988177	EXP	szo_kiir: font = "Arial"
28.312679999988177	EXP	szo_kiir: color = {"_hex":"#FFFFFF","_rgb":[1,1,1]}
28.312679999988177	EXP	szo_kiir: contrast = 1
28.312679999988177	EXP	szo_kiir: height = 0.2
28.312679999988177	EXP	szo_kiir: bold = false
28.312679999988177	EXP	szo_kiir: italic = false
28.312679999988177	EXP	szo_kiir: alignHoriz = "left"
28.312679999988177	EXP	szo_kiir: alignVert = "center"
28.312679999988177	EXP	szo_kiir: wrapWidth = 1
28.312679999988177	EXP	szo_kiir: flipHoriz = false
28.312679999988177	EXP	szo_kiir: flipVert = false
28.312679999988177	EXP	koszi_szoveg: units = "norm"
28.312679999988177	EXP	koszi_szoveg: ori = 0
28.312679999988177	EXP	koszi_szoveg: opacity = 1
28.312679999988177	EXP	koszi_szoveg: pos = [0,0]
28.312679999988177	EXP	koszi_szoveg: size = undefined
28.312679999988177	EXP	koszi_szoveg: text = "Vége a kísérletnek. Köszönjük a részvételt!"
28.312679999988177	EXP	koszi_szoveg: font = "arial"
28.312679999988177	EXP	koszi_szoveg: color = {"_rgb":[1,1,1]}
28.312679999988177	EXP	koszi_szoveg: contrast = 1
28.312679999988177	EXP	koszi_szoveg: height = 0.1
28.312679999988177	EXP	koszi_szoveg: bold = false
28.312679999988177	EXP	koszi_szoveg: italic = false
28.312679999988177	EXP	koszi_szoveg: alignHoriz = "left"
28.312679999988177	EXP	koszi_szoveg: alignVert = "center"
28.312679999988177	EXP	koszi_szoveg: wrapWidth = 1
28.312679999988177	EXP	koszi_szoveg: flipHoriz = false
28.312679999988177	EXP	koszi_szoveg: flipVert = false
28.312679999988177	EXP	instruction_text1: autoDraw = true
59.64201999999932	DATA	Mouse: 0 button down, pos=(901,465)
59.80610499999602	DATA	Mouse: 0 button down, pos=(901,465)
62.082394999990356	DATA	Keydown: ArrowLeft
62.117559999998775	EXP	instruction_text1: autoDraw = false
62.117559999998775	EXP	instruction_text2: autoDraw = true
79.46405499998946	DATA	Keydown: ArrowLeft
79.4768550000008	EXP	instruction_text2: autoDraw = false
80.02019999999902	EXP	show_text: autoDraw = true
81.11252999999851	DATA	Keydown: ArrowRight
81.12638999999035	EXP	show_text: autoDraw = false
81.65167500000098	EXP	text: autoDraw = true
82.63478999999643	DATA	Keydown: ArrowLeft
82.68024499999592	EXP	text: autoDraw = false
82.68024499999592	EXP	instruction_text3: autoDraw = true
91.89634500000102	DATA	Keydown: ArrowLeft
91.99386499999673	EXP	instruction_text3: autoDraw = false
91.99386499999673	EXP	szo_kiir: color = {"_rgb":[1,1,1]}
91.99386499999673	EXP	szo_kiir: text = "család"
92.51867499999935	EXP	szo_kiir: autoDraw = true
93.11838999998872	DATA	Keydown: ArrowRight
93.1256149999972	EXP	szo_kiir: autoDraw = false
93.1256149999972	EXP	szo_kiir: color = {"_rgb":[1,1,1]}
93.1256149999972	EXP	szo_kiir: text = "szeptember"
93.64711499999976	EXP	szo_kiir: autoDraw = true
94.19320499998867	DATA	Keydown: ArrowRight
94.2555699999939	EXP	szo_kiir: autoDraw = false
94.2555699999939	EXP	szo_kiir: color = {"_rgb":[1,1,1]}
94.2555699999939	EXP	szo_kiir: text = "speciális"
94.7777999999962	EXP	szo_kiir: autoDraw = true
95.29945999999472	DATA	Keydown: ArrowRight
95.306700000001	EXP	szo_kiir: autoDraw = false
95.306700000001	EXP	szo_kiir: color = {"_rgb":[1,1,1]}
95.306700000001	EXP	szo_kiir: text = "nyelv"
95.8278949999949	EXP	szo_kiir: autoDraw = true
96.29183999999077	DATA	Keydown: ArrowRight
96.33107000000018	EXP	szo_kiir: autoDraw = false
96.33107000000018	EXP	szo_kiir: color = {"_rgb":[1,1,1]}
96.33107000000018	EXP	szo_kiir: text = "anaszsében"
96.84403499998734	EXP	szo_kiir: autoDraw = true
97.30627000000095	DATA	Keydown: ArrowLeft
97.32366499998898	EXP	szo_kiir: autoDraw = false
97.32366499998898	EXP	szo_kiir: color = {"_rgb":[1,1,1]}
97.32366499998898	EXP	szo_kiir: text = "gép"
97.83985499999835	EXP	szo_kiir: autoDraw = true
98.25173999999242	DATA	Keydown: ArrowRight
98.29145499999868	EXP	szo_kiir: autoDraw = false
98.29145499999868	EXP	szo_kiir: color = {"_rgb":[1,1,1]}
98.29145499999868	EXP	szo_kiir: text = "kész"
98.80805500000133	EXP	szo_kiir: autoDraw = true
99.1831899999961	DATA	Keydown: ArrowRight
99.18798999999126	EXP	szo_kiir: autoDraw = false
99.18798999999126	EXP	szo_kiir: color = {"_rgb":[1,1,1]}
99.18798999999126	EXP	szo_kiir: text = "színű"
99.71123999998963	EXP	szo_kiir: autoDraw = true
100.0144650000002	DATA	Keydown: ArrowRight
100.04318499998772	EXP	szo_kiir: autoDraw = false
100.04318499998772	EXP	szo_kiir: color = {"_rgb":[1,1,1]}
100.04318499998772	EXP	szo_kiir: text = "lélek"
100.55907999999181	EXP	szo_kiir: autoDraw = true
100.83118999999715	DATA	Keydown: ArrowRight
100.83899499999825	EXP	szo_kiir: autoDraw = false
100.83899499999825	EXP	szo_kiir: color = {"_rgb":[1,1,1]}
100.83899499999825	EXP	szo_kiir: text = "szegény"
101.36048499999742	EXP	szo_kiir: autoDraw = true
101.5891399999964	DATA	Keydown: ArrowRight
101.6171800000011	EXP	szo_kiir: autoDraw = false
101.6171800000011	EXP	szo_kiir: color = {"_rgb":[1,1,1]}
101.6171800000011	EXP	szo_kiir: text = "ég"
102.12816499998735	EXP	szo_kiir: autoDraw = true
103.64615000000049	DATA	Keydown: ArrowRight
103.65446999999403	EXP	szo_kiir: autoDraw = false
103.65446999999403	EXP	szo_kiir: color = {"_rgb":[1,1,1]}
103.65446999999403	EXP	szo_kiir: text = "alkalom"
104.17457999999169	EXP	szo_kiir: autoDraw = true
104.57618499999808	DATA	Keydown: ArrowRight
104.59909999999218	EXP	szo_kiir: autoDraw = false
104.59909999999218	EXP	szo_kiir: color = {"_rgb":[1,1,1]}
104.59909999999218	EXP	szo_kiir: text = "karakter"
105.10708000000159	EXP	szo_kiir: autoDraw = true
105.37252499999886	DATA	Keydown: ArrowRight
105.38848499998858	EXP	szo_kiir: autoDraw = false
105.38848499998858	EXP	szo_kiir: color = {"_rgb":[1,1,1]}
105.38848499998858	EXP	szo_kiir: text = "kritikus"
105.90692999999737	EXP	szo_kiir: autoDraw = true
106.14448999999149	DATA	Keydown: ArrowRight
106.17263999998977	EXP	szo_kiir: autoDraw = false
106.17263999998977	EXP	szo_kiir: color = {"_rgb":[1,1,1]}
106.17263999998977	EXP	szo_kiir: text = "hagy"
106.69220999999379	EXP	szo_kiir: autoDraw = true
106.90003999999317	DATA	Keydown: ArrowRight
106.9050900000002	EXP	szo_kiir: autoDraw = false
106.9050900000002	EXP	szo_kiir: color = {"_rgb":[1,1,1]}
106.9050900000002	EXP	szo_kiir: text = "tartos"
107.42276000000129	EXP	szo_kiir: autoDraw = true
107.71142500000133	DATA	Keydown: ArrowRight
107.72063999999955	EXP	szo_kiir: autoDraw = false
107.72063999999955	EXP	szo_kiir: color = {"_rgb":[1,1,1]}
107.72063999999955	EXP	szo_kiir: text = "pohár"
108.24278999998933	EXP	szo_kiir: autoDraw = true
108.49071499999263	DATA	Keydown: ArrowRight
108.51278499999898	EXP	szo_kiir: autoDraw = false
108.51278499999898	EXP	szo_kiir: color = {"_rgb":[1,1,1]}
108.51278499999898	EXP	szo_kiir: text = "virág"
109.02542499999981	EXP	szo_kiir: autoDraw = true
109.42978500000027	DATA	Keydown: ArrowRight
109.43597500000033	EXP	szo_kiir: autoDraw = false
109.43597500000033	EXP	szo_kiir: color = {"_rgb":[1,1,1]}
109.43597500000033	EXP	szo_kiir: text = "iszlám"
109.96079499999178	EXP	szo_kiir: autoDraw = true
110.2572599999985	DATA	Keydown: ArrowRight
110.28462999999465	EXP	szo_kiir: autoDraw = false
110.28462999999465	EXP	szo_kiir: color = {"_rgb":[1,1,1]}
110.28462999999465	EXP	szo_kiir: text = "sokoldalú"
110.79011000000173	EXP	szo_kiir: autoDraw = true
111.2876499999984	DATA	Keydown: ArrowLeft
111.3032200000016	EXP	szo_kiir: autoDraw = false
111.3032200000016	EXP	szo_kiir: color = {"_rgb":[1,1,1]}
111.3032200000016	EXP	szo_kiir: text = "szalas"
111.82513499999186	EXP	szo_kiir: autoDraw = true
112.18649500000174	DATA	Keydown: ArrowRight
112.20192500000121	EXP	szo_kiir: autoDraw = false
112.20192500000121	EXP	szo_kiir: color = {"_rgb":[1,1,1]}
112.20192500000121	EXP	szo_kiir: text = "daragasi"
112.72307999999612	EXP	szo_kiir: autoDraw = true
113.62767000000167	DATA	Keydown: ArrowLeft
113.63575000000128	EXP	szo_kiir: autoDraw = false
113.63575000000128	EXP	szo_kiir: color = {"_rgb":[1,1,1]}
113.63575000000128	EXP	szo_kiir: text = "harmonikus"
114.1548449999973	EXP	szo_kiir: autoDraw = true
114.92456999998831	DATA	Keydown: ArrowRight
114.9462649999914	EXP	szo_kiir: autoDraw = false
114.9462649999914	EXP	szo_kiir: color = {"_rgb":[1,1,1]}
114.9462649999914	EXP	szo_kiir: text = "fényképezőgép"
115.461289999992	EXP	szo_kiir: autoDraw = true
116.10586999999941	DATA	Keydown: ArrowRight
116.1245149999886	EXP	szo_kiir: autoDraw = false
116.1245149999886	EXP	szo_kiir: color = {"_rgb":[1,1,1]}
116.1245149999886	EXP	szo_kiir: text = "jelez"
116.64059999999881	EXP	szo_kiir: autoDraw = true
117.20424500000081	DATA	Keydown: ArrowRight
117.2332849999948	EXP	szo_kiir: autoDraw = false
117.2332849999948	EXP	szo_kiir: color = {"_rgb":[1,1,1]}
117.2332849999948	EXP	szo_kiir: text = "maximax"
117.7373099999968	EXP	szo_kiir: autoDraw = true
118.72525499999756	DATA	Keydown: ArrowLeft
118.73612499999581	EXP	szo_kiir: autoDraw = false
118.73612499999581	EXP	szo_kiir: color = {"_rgb":[1,1,1]}
118.73612499999581	EXP	szo_kiir: text = "törékeny"
119.25738499998988	EXP	szo_kiir: autoDraw = true
120.10383999999613	DATA	Keydown: ArrowRight
120.13005999999586	EXP	szo_kiir: autoDraw = false
120.13005999999586	EXP	szo_kiir: color = {"_rgb":[1,1,1]}
120.13005999999586	EXP	szo_kiir: text = "lebeg"
120.63689499998873	EXP	szo_kiir: autoDraw = true
120.96061999999802	DATA	Keydown: ArrowRight
120.96833499999775	EXP	szo_kiir: autoDraw = false
120.96833499999775	EXP	szo_kiir: color = {"_rgb":[1,1,1]}
120.96833499999775	EXP	szo_kiir: text = "boldódi"
121.49129999999423	EXP	szo_kiir: autoDraw = true
122.30173500000092	DATA	Keydown: ArrowLeft
122.33545499999309	EXP	szo_kiir: autoDraw = false
122.33545499999309	EXP	szo_kiir: color = {"_rgb":[1,1,1]}
122.33545499999309	EXP	szo_kiir: text = "majom"
122.85528999999224	EXP	szo_kiir: autoDraw = true
123.46089499999653	DATA	Keydown: ArrowRight
123.46757499998785	EXP	szo_kiir: autoDraw = false
123.46757499998785	EXP	szo_kiir: color = {"_rgb":[1,1,1]}
123.46757499998785	EXP	szo_kiir: text = "cirkusz"
123.99131499999203	EXP	szo_kiir: autoDraw = true
124.39247500000056	DATA	Keydown: ArrowRight
124.40758999998798	EXP	szo_kiir: autoDraw = false
124.40758999998798	EXP	szo_kiir: color = {"_rgb":[1,1,1]}
124.40758999998798	EXP	szo_kiir: text = "szeudor"
124.9199549999903	EXP	szo_kiir: autoDraw = true
125.18100499999127	DATA	Keydown: ArrowRight
125.18435499999032	EXP	szo_kiir: autoDraw = false
125.18435499999032	EXP	szo_kiir: color = {"_rgb":[1,1,1]}
125.18435499999032	EXP	szo_kiir: text = "rak"
125.7019949999958	EXP	szo_kiir: autoDraw = true
126.32131999998819	DATA	Keydown: ArrowRight
126.3336249999993	EXP	szo_kiir: autoDraw = false
126.3336249999993	EXP	szo_kiir: color = {"_rgb":[1,1,1]}
126.3336249999993	EXP	szo_kiir: text = "orális"
126.85454000000027	EXP	szo_kiir: autoDraw = true
127.57758499999181	DATA	Keydown: ArrowRight
127.59985999998753	EXP	szo_kiir: autoDraw = false
127.59985999998753	EXP	szo_kiir: color = {"_rgb":[1,1,1]}
127.59985999998753	EXP	szo_kiir: text = "legiző"
128.11761999998998	EXP	szo_kiir: autoDraw = true
128.48326499998802	DATA	Keydown: ArrowRight
128.49921999999788	EXP	szo_kiir: autoDraw = false
128.49921999999788	EXP	szo_kiir: color = {"_rgb":[1,1,1]}
128.49921999999788	EXP	szo_kiir: text = "ólom"
129.01696999999695	EXP	szo_kiir: autoDraw = true
129.7031949999946	DATA	Keydown: ArrowRight
129.71577499998966	EXP	szo_kiir: autoDraw = false
129.71577499998966	EXP	szo_kiir: color = {"_rgb":[1,1,1]}
129.71577499998966	EXP	szo_kiir: text = "léptelegy"
130.23596499999985	EXP	szo_kiir: autoDraw = true
131.15153999999166	DATA	Keydown: ArrowLeft
131.19173999999475	EXP	szo_kiir: autoDraw = false
131.19173999999475	EXP	szo_kiir: color = {"_rgb":[1,1,1]}
131.19173999999475	EXP	szo_kiir: text = "homlok"
131.70370499999262	EXP	szo_kiir: autoDraw = true
132.2602799999877	DATA	Keydown: ArrowRight
132.2659399999975	EXP	szo_kiir: autoDraw = false
132.2659399999975	EXP	szo_kiir: color = {"_rgb":[1,1,1]}
132.2659399999975	EXP	szo_kiir: text = "pirigari"
132.78544500000135	EXP	szo_kiir: autoDraw = true
133.60781499999575	DATA	Keydown: ArrowLeft
133.6383050000004	EXP	szo_kiir: autoDraw = false
133.6383050000004	EXP	szo_kiir: color = {"_rgb":[1,1,1]}
133.6383050000004	EXP	szo_kiir: text = "lépték"
134.15361499998835	EXP	szo_kiir: autoDraw = true
134.60029499999655	DATA	Keydown: ArrowRight
134.61510499998985	EXP	szo_kiir: autoDraw = false
134.61510499998985	EXP	szo_kiir: color = {"_rgb":[1,1,1]}
134.61510499998985	EXP	szo_kiir: text = "parmezán"
135.1415449999913	EXP	szo_kiir: autoDraw = true
135.93195499999274	DATA	Keydown: ArrowRight
135.95214999999735	EXP	szo_kiir: autoDraw = false
135.95214999999735	EXP	szo_kiir: color = {"_rgb":[1,1,1]}
135.95214999999735	EXP	szo_kiir: text = "stasassző"
136.46743499999866	EXP	szo_kiir: autoDraw = true
137.1511349999928	DATA	Keydown: ArrowLeft
137.16632999999274	EXP	szo_kiir: autoDraw = false
137.16632999999274	EXP	szo_kiir: color = {"_rgb":[1,1,1]}
137.16632999999274	EXP	szo_kiir: text = "lomb"
137.6849349999975	EXP	szo_kiir: autoDraw = true
138.12848499999382	DATA	Keydown: ArrowRight
138.13876499999606	EXP	szo_kiir: autoDraw = false
138.13876499999606	EXP	szo_kiir: color = {"_rgb":[1,1,1]}
138.13876499999606	EXP	szo_kiir: text = "viszt"
138.64960999999312	EXP	szo_kiir: autoDraw = true
139.40435499999148	DATA	Keydown: ArrowLeft
139.4158199999947	EXP	szo_kiir: autoDraw = false
139.4158199999947	EXP	szo_kiir: color = {"_rgb":[1,1,1]}
139.4158199999947	EXP	szo_kiir: text = "sárgaréz"
139.93540999999095	EXP	szo_kiir: autoDraw = true
141.16547999999602	DATA	Keydown: ArrowRight
141.1906400000007	EXP	szo_kiir: autoDraw = false
141.1906400000007	EXP	szo_kiir: color = {"_rgb":[1,1,1]}
141.1906400000007	EXP	szo_kiir: text = "délceg"
141.70108499999333	EXP	szo_kiir: autoDraw = true
142.46609499999613	DATA	Keydown: ArrowRight
142.4847599999921	EXP	szo_kiir: autoDraw = false
142.4847599999921	EXP	szo_kiir: color = {"_rgb":[1,1,1]}
142.4847599999921	EXP	szo_kiir: text = "alárdonos"
143.00140999999712	EXP	szo_kiir: autoDraw = true
143.90482499999052	DATA	Keydown: ArrowLeft
143.92437999999675	EXP	szo_kiir: autoDraw = false
143.92437999999675	EXP	szo_kiir: color = {"_rgb":[1,1,1]}
143.92437999999675	EXP	szo_kiir: text = "piktogram"
144.43283999999403	EXP	szo_kiir: autoDraw = true
145.42485999999917	DATA	Keydown: ArrowRight
145.43047999999544	EXP	szo_kiir: autoDraw = false
145.43047999999544	EXP	szo_kiir: color = {"_rgb":[1,1,1]}
145.43047999999544	EXP	szo_kiir: text = "aprimitmus"
145.95107499998994	EXP	szo_kiir: autoDraw = true
148.4018700000015	DATA	Keydown: ArrowLeft
148.41982499998994	EXP	szo_kiir: autoDraw = false
148.41982499998994	EXP	szo_kiir: color = {"_rgb":[1,1,1]}
148.41982499998994	EXP	szo_kiir: text = "téveszt"
148.93222999999125	EXP	szo_kiir: autoDraw = true
149.96652499999618	DATA	Keydown: ArrowRight
149.97857999999542	EXP	szo_kiir: autoDraw = false
149.97857999999542	EXP	szo_kiir: color = {"_rgb":[1,1,1]}
149.97857999999542	EXP	szo_kiir: text = "árus"
150.49780499999179	EXP	szo_kiir: autoDraw = true
150.90667499999108	DATA	Keydown: ArrowRight
150.92237499999464	EXP	szo_kiir: autoDraw = false
150.92237499999464	EXP	szo_kiir: color = {"_rgb":[1,1,1]}
150.92237499999464	EXP	szo_kiir: text = "mihálóz"
151.43224999999802	EXP	szo_kiir: autoDraw = true
152.09686499999953	DATA	Keydown: ArrowLeft
152.11282499998924	EXP	szo_kiir: autoDraw = false
152.11282499998924	EXP	szo_kiir: color = {"_rgb":[1,1,1]}
152.11282499998924	EXP	szo_kiir: text = "hidroxid"
152.63325999998779	EXP	szo_kiir: autoDraw = true
153.38181999999506	DATA	Keydown: ArrowRight
153.4111949999933	EXP	szo_kiir: autoDraw = false
153.4111949999933	EXP	szo_kiir: color = {"_rgb":[1,1,1]}
153.4111949999933	EXP	szo_kiir: text = "fotoszintetikus"
153.93251499999315	EXP	szo_kiir: autoDraw = true
154.83405499999935	DATA	Keydown: ArrowRight
154.84407500000088	EXP	szo_kiir: autoDraw = false
154.84407500000088	EXP	szo_kiir: color = {"_rgb":[1,1,1]}
154.84407500000088	EXP	szo_kiir: text = "varieté"
155.36393500000122	EXP	szo_kiir: autoDraw = true
157.41044999999576	DATA	Keydown: ArrowLeft
157.4265599999926	EXP	szo_kiir: autoDraw = false
157.4265599999926	EXP	szo_kiir: color = {"_rgb":[1,1,1]}
157.4265599999926	EXP	szo_kiir: text = "tanácskozik"
157.9448199999897	EXP	szo_kiir: autoDraw = true
158.66545000000042	DATA	Keydown: ArrowRight
158.6848400000017	EXP	szo_kiir: autoDraw = false
158.6848400000017	EXP	szo_kiir: color = {"_rgb":[1,1,1]}
158.6848400000017	EXP	szo_kiir: text = "cirózó"
159.1954599999881	EXP	szo_kiir: autoDraw = true
160.34808499999053	DATA	Keydown: ArrowLeft
160.36102499999106	EXP	szo_kiir: autoDraw = false
160.36102499999106	EXP	szo_kiir: color = {"_rgb":[1,1,1]}
160.36102499999106	EXP	szo_kiir: text = "szalicil"
160.8808699999936	EXP	szo_kiir: autoDraw = true
161.8522399999929	DATA	Keydown: ArrowRight
161.86829499999294	EXP	szo_kiir: autoDraw = false
161.86829499999294	EXP	szo_kiir: color = {"_rgb":[1,1,1]}
161.86829499999294	EXP	szo_kiir: text = "balhézik"
162.38306999999622	EXP	szo_kiir: autoDraw = true
162.99855999999272	DATA	Keydown: ArrowRight
163.01003999999375	EXP	szo_kiir: autoDraw = false
163.01003999999375	EXP	szo_kiir: color = {"_rgb":[1,1,1]}
163.01003999999375	EXP	szo_kiir: text = "fegyvergyár"
163.53150499999174	EXP	szo_kiir: autoDraw = true
164.23319499999343	DATA	Keydown: ArrowRight
164.24904499998956	EXP	szo_kiir: autoDraw = false
164.24904499998956	EXP	szo_kiir: color = {"_rgb":[1,1,1]}
164.24904499998956	EXP	szo_kiir: text = "látolt"
164.7630449999997	EXP	szo_kiir: autoDraw = true
165.7602149999875	DATA	Keydown: ArrowLeft
165.77660499999183	EXP	szo_kiir: autoDraw = false
165.77660499999183	EXP	szo_kiir: color = {"_rgb":[1,1,1]}
165.77660499999183	EXP	szo_kiir: text = "orientál"
166.29701999999816	EXP	szo_kiir: autoDraw = true
167.02412000000186	DATA	Keydown: ArrowRight
167.0645499999955	EXP	szo_kiir: autoDraw = false
167.0645499999955	EXP	szo_kiir: color = {"_rgb":[1,1,1]}
167.0645499999955	EXP	szo_kiir: text = "megrohad"
167.5811049999902	EXP	szo_kiir: autoDraw = true
168.18346999998903	DATA	Keydown: ArrowRight
168.19217499998922	EXP	szo_kiir: autoDraw = false
168.19217499998922	EXP	szo_kiir: color = {"_rgb":[1,1,1]}
168.19217499998922	EXP	szo_kiir: text = "növetlenső"
168.71278000000166	EXP	szo_kiir: autoDraw = true
169.43571499999962	DATA	Keydown: ArrowLeft
169.44929999999295	EXP	szo_kiir: autoDraw = false
169.44929999999295	EXP	szo_kiir: color = {"_rgb":[1,1,1]}
169.44929999999295	EXP	szo_kiir: text = "szódabikarbonát"
169.96346999998786	EXP	szo_kiir: autoDraw = true
171.26578499999596	DATA	Keydown: ArrowRight
171.27447999999276	EXP	szo_kiir: autoDraw = false
171.27447999999276	EXP	szo_kiir: color = {"_rgb":[1,1,1]}
171.27447999999276	EXP	szo_kiir: text = "szidalom"
171.79420999999274	EXP	szo_kiir: autoDraw = true
172.70015999999305	DATA	Keydown: ArrowRight
172.722219999996	EXP	szo_kiir: autoDraw = false
172.722219999996	EXP	szo_kiir: color = {"_rgb":[1,1,1]}
172.722219999996	EXP	szo_kiir: text = "heltetett"
173.22760499999276	EXP	szo_kiir: autoDraw = true
173.9991399999999	DATA	Keydown: ArrowLeft
174.00918999999703	EXP	szo_kiir: autoDraw = false
174.00918999999703	EXP	szo_kiir: color = {"_rgb":[1,1,1]}
174.00918999999703	EXP	szo_kiir: text = "söröspohár"
174.5277700000006	EXP	szo_kiir: autoDraw = true
175.2268849999964	DATA	Keydown: ArrowRight
175.24520499999926	EXP	szo_kiir: autoDraw = false
175.24520499999926	EXP	szo_kiir: color = {"_rgb":[1,1,1]}
175.24520499999926	EXP	szo_kiir: text = "verizmus"
175.76492499999586	EXP	szo_kiir: autoDraw = true
176.76165000000037	DATA	Keydown: ArrowLeft
176.77345499998773	EXP	szo_kiir: autoDraw = false
176.77345499998773	EXP	szo_kiir: color = {"_rgb":[1,1,1]}
176.77345499998773	EXP	szo_kiir: text = "kocskesi"
177.29327499998908	EXP	szo_kiir: autoDraw = true
178.51537499998813	DATA	Keydown: ArrowLeft
178.5244449999882	EXP	szo_kiir: autoDraw = false
178.5244449999882	EXP	szo_kiir: color = {"_rgb":[1,1,1]}
178.5244449999882	EXP	szo_kiir: text = "selypít"
179.0437649999949	EXP	szo_kiir: autoDraw = true
179.79787999999826	DATA	Keydown: ArrowLeft
179.80774999999267	EXP	szo_kiir: autoDraw = false
179.80774999999267	EXP	szo_kiir: color = {"_rgb":[1,1,1]}
179.80774999999267	EXP	szo_kiir: text = "frontszakasz"
180.3270649999904	EXP	szo_kiir: autoDraw = true
181.66739999999118	DATA	Keydown: ArrowRight
181.68618999999308	EXP	szo_kiir: autoDraw = false
181.68618999999308	EXP	szo_kiir: color = {"_rgb":[1,1,1]}
181.68618999999308	EXP	szo_kiir: text = "gerencsér"
182.19232499999634	EXP	szo_kiir: autoDraw = true
183.356569999989	DATA	Keydown: ArrowRight
183.37314999999944	EXP	szo_kiir: autoDraw = false
183.37314999999944	EXP	szo_kiir: color = {"_rgb":[1,1,1]}
183.37314999999944	EXP	szo_kiir: text = "szélsőjáték"
183.89113499999803	EXP	szo_kiir: autoDraw = true
184.79044499999145	DATA	Keydown: ArrowRight
184.8159650000016	EXP	szo_kiir: autoDraw = false
184.8159650000016	EXP	szo_kiir: color = {"_rgb":[1,1,1]}
184.8159650000016	EXP	szo_kiir: text = "paláver"
185.32675999999628	EXP	szo_kiir: autoDraw = true
186.17585999998846	DATA	Keydown: ArrowLeft
186.19120000000112	EXP	szo_kiir: autoDraw = false
186.19120000000112	EXP	szo_kiir: color = {"_rgb":[1,1,1]}
186.19120000000112	EXP	szo_kiir: text = "egant"
186.70794999999634	EXP	szo_kiir: autoDraw = true
187.41987499999232	DATA	Keydown: ArrowLeft
187.42357499999343	EXP	szo_kiir: autoDraw = false
187.42357499999343	EXP	szo_kiir: color = {"_rgb":[1,1,1]}
187.42357499999343	EXP	szo_kiir: text = "tipizál"
187.93945499999973	EXP	szo_kiir: autoDraw = true
189.00916000000143	DATA	Keydown: ArrowRight
189.02777499999502	EXP	szo_kiir: autoDraw = false
189.02777499999502	EXP	szo_kiir: color = {"_rgb":[1,1,1]}
189.02777499999502	EXP	szo_kiir: text = "krákfai"
189.54341499999282	EXP	szo_kiir: autoDraw = true
190.35758999999962	DATA	Keydown: ArrowLeft
190.37207499999204	EXP	szo_kiir: autoDraw = false
190.37207499999204	EXP	szo_kiir: color = {"_rgb":[1,1,1]}
190.37207499999204	EXP	szo_kiir: text = "illikázó"
190.88959999999497	EXP	szo_kiir: autoDraw = true
192.6210349999892	DATA	Keydown: ArrowLeft
192.6472999999969	EXP	szo_kiir: autoDraw = false
192.6472999999969	EXP	szo_kiir: color = {"_rgb":[1,1,1]}
192.6472999999969	EXP	szo_kiir: text = "rekvizit"
193.15708999999333	EXP	szo_kiir: autoDraw = true
194.0616399999999	DATA	Keydown: ArrowLeft
194.07088499999372	EXP	szo_kiir: autoDraw = false
194.07088499999372	EXP	szo_kiir: color = {"_rgb":[1,1,1]}
194.07088499999372	EXP	szo_kiir: text = "merítőkanál"
194.59138499999244	EXP	szo_kiir: autoDraw = true
195.63969499999075	DATA	Keydown: ArrowRight
195.65532999999414	EXP	szo_kiir: autoDraw = false
195.65532999999414	EXP	szo_kiir: color = {"_rgb":[1,1,1]}
195.65532999999414	EXP	szo_kiir: text = "áruszállítmány"
196.17231999999785	EXP	szo_kiir: autoDraw = true
197.02319500000158	DATA	Keydown: ArrowRight
197.04565499999444	EXP	szo_kiir: autoDraw = false
197.04565499999444	EXP	szo_kiir: color = {"_rgb":[1,1,1]}
197.04565499999444	EXP	szo_kiir: text = "reztetély"
197.55778999999166	EXP	szo_kiir: autoDraw = true
199.14452499999607	DATA	Keydown: ArrowLeft
199.15678499999922	EXP	szo_kiir: autoDraw = false
199.15678499999922	EXP	szo_kiir: color = {"_rgb":[1,1,1]}
199.15678499999922	EXP	szo_kiir: text = "bennég"
199.67350999999326	EXP	szo_kiir: autoDraw = true
200.6219349999883	DATA	Keydown: ArrowRight
200.64844999999332	EXP	szo_kiir: autoDraw = false
200.64844999999332	EXP	szo_kiir: color = {"_rgb":[1,1,1]}
200.64844999999332	EXP	szo_kiir: text = "lovai"
201.15613499999745	EXP	szo_kiir: autoDraw = true
202.06586999999126	DATA	Keydown: ArrowRight
202.0701599999884	EXP	szo_kiir: autoDraw = false
202.0701599999884	EXP	szo_kiir: color = {"_rgb":[1,1,1]}
202.0701599999884	EXP	szo_kiir: text = "bűvkör"
202.5903599999874	EXP	szo_kiir: autoDraw = true
203.19659500000125	DATA	Keydown: ArrowRight
203.20369499998924	EXP	szo_kiir: autoDraw = false
203.20369499998924	EXP	szo_kiir: color = {"_rgb":[1,1,1]}
203.20369499998924	EXP	szo_kiir: text = "portalanít"
203.72362499999872	EXP	szo_kiir: autoDraw = true
204.7810499999905	DATA	Keydown: ArrowRight
204.80024499999126	EXP	szo_kiir: autoDraw = false
204.80024499999126	EXP	szo_kiir: color = {"_rgb":[1,1,1]}
204.80024499999126	EXP	szo_kiir: text = "rengeteg"
205.30571999998938	EXP	szo_kiir: autoDraw = true
206.43797499999346	DATA	Keydown: ArrowRight
206.45082499999262	EXP	szo_kiir: autoDraw = false
206.45082499999262	EXP	szo_kiir: color = {"_rgb":[1,1,1]}
206.45082499999262	EXP	szo_kiir: text = "leverzsköl"
206.97003499999119	EXP	szo_kiir: autoDraw = true
207.9607299999916	DATA	Keydown: ArrowLeft
207.97632000000158	EXP	szo_kiir: autoDraw = false
207.97632000000158	EXP	szo_kiir: color = {"_rgb":[1,1,1]}
207.97632000000158	EXP	szo_kiir: text = "tokosodik"
208.48715000000084	EXP	szo_kiir: autoDraw = true
209.8513449999882	DATA	Keydown: ArrowLeft
209.86706499999855	EXP	szo_kiir: autoDraw = false
209.86706499999855	EXP	szo_kiir: color = {"_rgb":[1,1,1]}
209.86706499999855	EXP	szo_kiir: text = "inta"
210.38934499998868	EXP	szo_kiir: autoDraw = true
211.18978999998944	DATA	Keydown: ArrowLeft
211.20204499999818	EXP	szo_kiir: autoDraw = false
211.20204499999818	EXP	szo_kiir: color = {"_rgb":[1,1,1]}
211.20204499999818	EXP	szo_kiir: text = "törzskönyvez"
211.71891499999037	EXP	szo_kiir: autoDraw = true
212.72410999999556	DATA	Keydown: ArrowRight
212.7587349999958	EXP	szo_kiir: autoDraw = false
212.7587349999958	EXP	szo_kiir: color = {"_rgb":[1,1,1]}
212.7587349999958	EXP	szo_kiir: text = "senyveszt"
213.2717549999943	EXP	szo_kiir: autoDraw = true
214.53469999998924	DATA	Keydown: ArrowRight
214.54994499999157	EXP	szo_kiir: autoDraw = false
214.54994499999157	EXP	szo_kiir: color = {"_rgb":[1,1,1]}
214.54994499999157	EXP	szo_kiir: text = "hidegház"
215.07014999999956	EXP	szo_kiir: autoDraw = true
215.94048499999917	DATA	Keydown: ArrowRight
215.9621799999877	EXP	szo_kiir: autoDraw = false
215.9621799999877	EXP	szo_kiir: color = {"_rgb":[1,1,1]}
215.9621799999877	EXP	szo_kiir: text = "magmatit"
216.46616499999072	EXP	szo_kiir: autoDraw = true
217.84488999999303	DATA	Keydown: ArrowLeft
217.84792499999458	EXP	szo_kiir: autoDraw = false
217.84792499999458	EXP	szo_kiir: color = {"_rgb":[1,1,1]}
217.84792499999458	EXP	szo_kiir: text = "talauzik"
218.36692999998922	EXP	szo_kiir: autoDraw = true
219.5358750000014	DATA	Keydown: ArrowLeft
219.55067499999132	EXP	szo_kiir: autoDraw = false
219.55067499999132	EXP	szo_kiir: color = {"_rgb":[1,1,1]}
219.55067499999132	EXP	szo_kiir: text = "expresszlevél"
220.07055999999284	EXP	szo_kiir: autoDraw = true
221.51064999999653	DATA	Keydown: ArrowRight
221.53022499999497	EXP	szo_kiir: autoDraw = false
221.53022499999497	EXP	szo_kiir: color = {"_rgb":[1,1,1]}
221.53022499999497	EXP	szo_kiir: text = "nyersmodorú"
222.03208499999892	EXP	szo_kiir: autoDraw = true
223.0333549999923	DATA	Keydown: ArrowRight
223.04876999999397	EXP	szo_kiir: autoDraw = false
223.04876999999397	EXP	szo_kiir: color = {"_rgb":[1,1,1]}
223.04876999999397	EXP	szo_kiir: text = "csácsog"
223.56882499999483	EXP	szo_kiir: autoDraw = true
224.73634499999753	DATA	Keydown: ArrowLeft
224.75125000000116	EXP	szo_kiir: autoDraw = false
224.75125000000116	EXP	szo_kiir: color = {"_rgb":[1,1,1]}
224.75125000000116	EXP	szo_kiir: text = "koegzisztál"
225.2691899999918	EXP	szo_kiir: autoDraw = true
227.48309499998868	DATA	Keydown: ArrowRight
227.51092000000062	EXP	szo_kiir: autoDraw = false
227.51092000000062	EXP	szo_kiir: color = {"_rgb":[1,1,1]}
227.51092000000062	EXP	szo_kiir: text = "eretnek"
228.01663499999268	EXP	szo_kiir: autoDraw = true
228.9658849999978	DATA	Keydown: ArrowRight
228.9808950000006	EXP	szo_kiir: autoDraw = false
228.9808950000006	EXP	szo_kiir: color = {"_rgb":[1,1,1]}
228.9808950000006	EXP	szo_kiir: text = "tángál"
229.49937999999383	EXP	szo_kiir: autoDraw = true
230.5143049999897	DATA	Keydown: ArrowLeft
230.5299449999875	EXP	szo_kiir: autoDraw = false
230.5299449999875	EXP	szo_kiir: color = {"_rgb":[1,1,1]}
230.5299449999875	EXP	szo_kiir: text = "extuál"
231.04913499999384	EXP	szo_kiir: autoDraw = true
232.34676000000036	DATA	Keydown: ArrowLeft
232.3742149999889	EXP	szo_kiir: autoDraw = false
232.3742149999889	EXP	szo_kiir: color = {"_rgb":[1,1,1]}
232.3742149999889	EXP	szo_kiir: text = "visszín"
232.88446499999554	EXP	szo_kiir: autoDraw = true
233.72091499999806	DATA	Keydown: ArrowLeft
233.72931499998958	EXP	szo_kiir: autoDraw = false
233.72931499998958	EXP	szo_kiir: color = {"_rgb":[1,1,1]}
233.72931499998958	EXP	szo_kiir: text = "móringol"
234.24992999999085	EXP	szo_kiir: autoDraw = true
235.19259999999485	DATA	Keydown: ArrowLeft
235.19543999999587	EXP	szo_kiir: autoDraw = false
235.19543999999587	EXP	szo_kiir: color = {"_rgb":[1,1,1]}
235.19543999999587	EXP	szo_kiir: text = "konverzál"
235.71866499999305	EXP	szo_kiir: autoDraw = true
236.92157999999472	DATA	Keydown: ArrowLeft
236.92847499999334	EXP	szo_kiir: autoDraw = false
236.92847499999334	EXP	szo_kiir: color = {"_rgb":[1,1,1]}
236.92847499999334	EXP	szo_kiir: text = "meleglaboratórium"
237.44765999999072	EXP	szo_kiir: autoDraw = true
238.9835149999999	DATA	Keydown: ArrowRight
239.00445999999647	EXP	szo_kiir: autoDraw = false
239.00445999999647	EXP	szo_kiir: color = {"_rgb":[1,1,1]}
239.00445999999647	EXP	szo_kiir: text = "alka"
239.5122449999908	EXP	szo_kiir: autoDraw = true
240.68307999998797	DATA	Keydown: ArrowLeft
240.69624499999918	EXP	szo_kiir: autoDraw = false
240.69624499999918	EXP	szo_kiir: color = {"_rgb":[1,1,1]}
240.69624499999918	EXP	szo_kiir: text = "ifjít"
241.21633499999007	EXP	szo_kiir: autoDraw = true
242.23570999999356	DATA	Keydown: ArrowLeft
242.2454299999954	EXP	szo_kiir: autoDraw = false
242.2454299999954	EXP	szo_kiir: color = {"_rgb":[1,1,1]}
242.2454299999954	EXP	szo_kiir: text = "elcsigázódik"
242.7630649999919	EXP	szo_kiir: autoDraw = true
244.01869499999157	DATA	Keydown: ArrowRight
244.03748999998788	EXP	szo_kiir: autoDraw = false
244.03748999998788	EXP	szo_kiir: color = {"_rgb":[1,1,1]}
244.03748999998788	EXP	szo_kiir: text = "lalláz"
244.54731999999785	EXP	szo_kiir: autoDraw = true
245.19143500000064	DATA	Keydown: ArrowLeft
245.19671499999822	EXP	szo_kiir: autoDraw = false
245.19671499999822	EXP	szo_kiir: color = {"_rgb":[1,1,1]}
245.19671499999822	EXP	szo_kiir: text = "csapdáz"
245.71602500000154	EXP	szo_kiir: autoDraw = true
247.2301199999929	DATA	Keydown: ArrowLeft
247.24398999998812	EXP	szo_kiir: autoDraw = false
247.24398999998812	EXP	szo_kiir: color = {"_rgb":[1,1,1]}
247.24398999998812	EXP	szo_kiir: text = "skubizik"
247.7616449999914	EXP	szo_kiir: autoDraw = true
249.69752000000153	DATA	Keydown: ArrowRight
249.71286499999405	EXP	szo_kiir: autoDraw = false
249.71286499999405	EXP	szo_kiir: color = {"_rgb":[1,1,1]}
249.71286499999405	EXP	szo_kiir: text = "pozákevegy"
250.22885999998834	EXP	szo_kiir: autoDraw = true
251.9470549999969	DATA	Keydown: ArrowLeft
251.97554499999387	EXP	szo_kiir: autoDraw = false
251.97554499999387	EXP	szo_kiir: color = {"_rgb":[1,1,1]}
251.97554499999387	EXP	szo_kiir: text = "különszakasz"
252.49598500000138	EXP	szo_kiir: autoDraw = true
253.84462999999232	DATA	Keydown: ArrowRight
253.86106499999005	EXP	szo_kiir: autoDraw = false
253.86106499999005	EXP	szo_kiir: color = {"_rgb":[1,1,1]}
253.86106499999005	EXP	szo_kiir: text = "rajcsúroz"
254.3831599999976	EXP	szo_kiir: autoDraw = true
255.39484999999695	DATA	Keydown: ArrowLeft
255.41262999999162	EXP	szo_kiir: autoDraw = false
255.41262999999162	EXP	szo_kiir: color = {"_rgb":[1,1,1]}
255.41262999999162	EXP	szo_kiir: text = "tartáló"
255.92772500000137	EXP	szo_kiir: autoDraw = true
257.0445150000014	DATA	Keydown: ArrowLeft
257.0709099999949	EXP	szo_kiir: autoDraw = false
257.0709099999949	EXP	szo_kiir: color = {"_rgb":[1,1,1]}
257.0709099999949	EXP	szo_kiir: text = "lecskediriz"
257.57742499999586	EXP	szo_kiir: autoDraw = true
259.29136999999173	DATA	Keydown: ArrowLeft
259.30748499999754	EXP	szo_kiir: autoDraw = false
259.30748499999754	EXP	szo_kiir: color = {"_rgb":[1,1,1]}
259.30748499999754	EXP	szo_kiir: text = "összám"
259.82689499999105	EXP	szo_kiir: autoDraw = true
260.8600599999918	DATA	Keydown: ArrowLeft
260.88650999999663	EXP	szo_kiir: autoDraw = false
260.88650999999663	EXP	szo_kiir: color = {"_rgb":[1,1,1]}
260.88650999999663	EXP	szo_kiir: text = "kontinuáns"
261.39285999999265	EXP	szo_kiir: autoDraw = true
263.00252999999793	DATA	Keydown: ArrowLeft
263.0064949999942	EXP	szo_kiir: autoDraw = false
263.0064949999942	EXP	szo_kiir: color = {"_rgb":[1,1,1]}
263.0064949999942	EXP	szo_kiir: text = "hermetizál"
263.52443499999936	EXP	szo_kiir: autoDraw = true
264.63537999999244	DATA	Keydown: ArrowRight
264.6408049999882	EXP	szo_kiir: autoDraw = false
264.6408049999882	EXP	szo_kiir: color = {"_rgb":[1,1,1]}
264.6408049999882	EXP	szo_kiir: text = "tőzsérkedik"
265.1606199999951	EXP	szo_kiir: autoDraw = true
267.2972199999931	DATA	Keydown: ArrowRight
267.31471500000043	EXP	szo_kiir: autoDraw = false
267.31471500000043	EXP	koszi_szoveg: autoDraw = true
269.4472049999895	DATA	Keydown: ArrowRight
