0.13200000000000012	EXP	Created Window = Window( name=Window, fullscr=true, color=#000000, units=norm, waitBlanking=true, autoLog=true, size=[1536,750] )
4.705	DATA	Keydown: 5
4.884	DATA	Keydown: 0
5.133	DATA	Keydown: 9
5.377	DATA	Keydown: 4
5.8	DATA	Keydown: Tab
6.898	DATA	Keydown: f
7.781	DATA	Keydown: é
8.193000000000001	DATA	Keydown: r
8.433	DATA	Keydown: f
8.578	DATA	Keydown: i
9.131	DATA	Keydown: Tab
9.963999999999999	DATA	Keydown: 1
10.195	DATA	Keydown: 9
10.305	DATA	Keydown: 9
11.161999999999999	DATA	Keydown: .
11.378	DATA	Keydown:  
11.96	DATA	Keydown: Backspace
12.079	DATA	Keydown: Backspace
12.824000000000002	DATA	Keydown: 6
13.459	DATA	Keydown: .
14.123999999999999	DATA	Keydown:  
14.273	DATA	Keydown: 0
14.440000000000001	DATA	Keydown: 1
15.023	DATA	Keydown: .
15.309000000000001	DATA	Keydown:  
15.473000000000003	DATA	Keydown: 2
15.689	DATA	Keydown: 8
17.022000000000002	DATA	Keydown: Backspace
17.189	DATA	Keydown: Backspace
17.339000000000002	DATA	Keydown: Backspace
17.484	DATA	Keydown: Backspace
17.625	DATA	Keydown: Backspace
17.771	DATA	Keydown: Backspace
17.922	DATA	Keydown: Backspace
18.306	DATA	Keydown: Backspace
19.53	DATA	Keydown: Tab
21.367	DATA	Keydown: 1
21.532	DATA	Keydown: 6
39.074	EXP	Created instruction_text1 = TextStim( name=instruction_text1, win=Window( name=Window, fullscr=true, color=#000000, ~), autoDraw=null, autoLog=true, units=norm, ori=null, opacity=1, pos=[0,0], size=undefined, text=Ön most szavakat fog látni.

Ezek között lesznek o~, font=Arial, color=#ffffff, contrast=1, height=0.05, bold=null, italic=null, alignHoriz=left, alignVert=center, wrapWidth=1, flipHoriz=null, flipVert=null )
39.074999999999996	EXP	Created instruction_text2 = TextStim( name=instruction_text2, win=Window( name=Window, fullscr=true, color=#000000, ~), autoDraw=null, autoLog=true, units=norm, ori=null, opacity=1, pos=[0,0], size=undefined, text=Először két egyszerű példát mutatunk Önnek.

Az el~, font=Arial, color=#FFFFFF, contrast=1, height=0.05, bold=null, italic=null, alignHoriz=left, alignVert=center, wrapWidth=1, flipHoriz=null, flipVert=null )
39.076	EXP	Created show_text = TextStim( name=show_text, win=Window( name=Window, fullscr=true, color=#000000, ~), autoDraw=null, autoLog=true, units=norm, ori=null, opacity=1, pos=[0,0], size=undefined, text=asztal, font=Arial, color=#FFFFFF, contrast=1, height=0.2, bold=null, italic=null, alignHoriz=left, alignVert=center, wrapWidth=1, flipHoriz=null, flipVert=null )
39.077	EXP	Created text = TextStim( name=text, win=Window( name=Window, fullscr=true, color=#000000, ~), autoDraw=null, autoLog=true, units=norm, ori=null, opacity=1, pos=[0,0], size=undefined, text=bzsmfsztal, font=Arial, color=#FFFFFF, contrast=1, height=0.2, bold=null, italic=null, alignHoriz=left, alignVert=center, wrapWidth=1, flipHoriz=null, flipVert=null )
39.077999999999996	EXP	Created instruction_text3 = TextStim( name=instruction_text3, win=Window( name=Window, fullscr=true, color=#000000, ~), autoDraw=null, autoLog=true, units=norm, ori=null, opacity=1, pos=[0,0], size=undefined, text=Pazar. Most kezdődik az igazi kísérlet. Néhány per~, font=Arial, color=#FFFFFF, contrast=1, height=0.1, bold=null, italic=null, alignHoriz=left, alignVert=center, wrapWidth=1, flipHoriz=null, flipVert=null )
39.079	EXP	Created szo_kiir = TextStim( name=szo_kiir, win=Window( name=Window, fullscr=true, color=#000000, ~), autoDraw=null, autoLog=true, units=norm, ori=null, opacity=1, pos=[0,0], size=undefined, text=default text, font=Arial, color=#FFFFFF, contrast=1, height=0.2, bold=null, italic=null, alignHoriz=left, alignVert=center, wrapWidth=1, flipHoriz=null, flipVert=null )
39.079	EXP	Created koszi_szoveg = TextStim( name=koszi_szoveg, win=Window( name=Window, fullscr=true, color=#000000, ~), autoDraw=null, autoLog=true, units=norm, ori=null, opacity=1, pos=[0,0], size=undefined, text=Vége a kísérletnek. Köszönjük a részvételt!, font=arial, color=#ffffff, contrast=1, height=0.1, bold=null, italic=null, alignHoriz=left, alignVert=center, wrapWidth=1, flipHoriz=null, flipVert=null )
39.105999999999995	EXP	instruction_text1: units = "norm"
39.105999999999995	EXP	instruction_text1: ori = 0
39.105999999999995	EXP	instruction_text1: opacity = 1
39.105999999999995	EXP	instruction_text1: pos = [0,0]
39.105999999999995	EXP	instruction_text1: size = undefined
39.105999999999995	EXP	instruction_text1: text = "Ön most szavakat fog látni.\n\nEzek között lesznek olyanok, amelyeket ismer, de előfordulhatnak olyanok is, amelyeket nem ismer, sőt, vannak köztük kitalált szavak is. \n\nKérjük, ha ismeri a képernyőn látható szót, nyomja meg a JOBB kurzorbillentyűt.\nKérjük, ha NEM ismeri a képernyőn látható szót, vagy azt gondolja, nincs ilyen szó a magyarban, nyomja meg a BAL kurzorbillentyűt.\n\nAz 'Ismerem a szót' döntés itt most ezt jelenti: találkoztam már vele, és van valami elképzelésem a jelentéséről is.  \n\nNyomjon meg bármilyen billentyűt a folytatáshoz."
39.105999999999995	EXP	instruction_text1: font = "Arial"
39.105999999999995	EXP	instruction_text1: color = {"_rgb":[1,1,1]}
39.105999999999995	EXP	instruction_text1: contrast = 1
39.105999999999995	EXP	instruction_text1: height = 0.05
39.105999999999995	EXP	instruction_text1: bold = false
39.105999999999995	EXP	instruction_text1: italic = false
39.105999999999995	EXP	instruction_text1: alignHoriz = "left"
39.105999999999995	EXP	instruction_text1: alignVert = "center"
39.105999999999995	EXP	instruction_text1: wrapWidth = 1
39.105999999999995	EXP	instruction_text1: flipHoriz = false
39.105999999999995	EXP	instruction_text1: flipVert = false
39.105999999999995	EXP	instruction_text2: units = "norm"
39.105999999999995	EXP	instruction_text2: ori = 0
39.105999999999995	EXP	instruction_text2: opacity = 1
39.105999999999995	EXP	instruction_text2: pos = [0,0]
39.105999999999995	EXP	instruction_text2: size = undefined
39.105999999999995	EXP	instruction_text2: text = "Először két egyszerű példát mutatunk Önnek.\n\nAz első szó létezik a magyarban, és valószínűleg Ön is ismeri. Itt nyomja majd meg a jobb kurzorbillentyűt.\nA második szó nem létezik a magyar nyelvben. Itt nyomja majd meg a bal kurzorbillentyűt.\n\nFontos, hogy a jobb gombot a jobb kezével, a bal gombot a bal kezével nyomja, ha tudja, és ne egy kezét használja a kísérletben.\n\nNyomjon meg bármilyen gombot a folytatáshoz."
39.105999999999995	EXP	instruction_text2: font = "Arial"
39.105999999999995	EXP	instruction_text2: color = {"_hex":"#FFFFFF","_rgb":[1,1,1]}
39.105999999999995	EXP	instruction_text2: contrast = 1
39.105999999999995	EXP	instruction_text2: height = 0.05
39.105999999999995	EXP	instruction_text2: bold = false
39.105999999999995	EXP	instruction_text2: italic = false
39.105999999999995	EXP	instruction_text2: alignHoriz = "left"
39.105999999999995	EXP	instruction_text2: alignVert = "center"
39.105999999999995	EXP	instruction_text2: wrapWidth = 1
39.105999999999995	EXP	instruction_text2: flipHoriz = false
39.105999999999995	EXP	instruction_text2: flipVert = false
39.105999999999995	EXP	show_text: units = "norm"
39.105999999999995	EXP	show_text: ori = 0
39.105999999999995	EXP	show_text: opacity = 1
39.105999999999995	EXP	show_text: pos = [0,0]
39.105999999999995	EXP	show_text: size = undefined
39.105999999999995	EXP	show_text: text = "asztal"
39.105999999999995	EXP	show_text: font = "Arial"
39.105999999999995	EXP	show_text: color = {"_hex":"#FFFFFF","_rgb":[1,1,1]}
39.105999999999995	EXP	show_text: contrast = 1
39.105999999999995	EXP	show_text: height = 0.2
39.105999999999995	EXP	show_text: bold = false
39.105999999999995	EXP	show_text: italic = false
39.105999999999995	EXP	show_text: alignHoriz = "left"
39.105999999999995	EXP	show_text: alignVert = "center"
39.105999999999995	EXP	show_text: wrapWidth = 1
39.105999999999995	EXP	show_text: flipHoriz = false
39.105999999999995	EXP	show_text: flipVert = false
39.105999999999995	EXP	text: units = "norm"
39.105999999999995	EXP	text: ori = 0
39.105999999999995	EXP	text: opacity = 1
39.105999999999995	EXP	text: pos = [0,0]
39.105999999999995	EXP	text: size = undefined
39.105999999999995	EXP	text: text = "bzsmfsztal"
39.105999999999995	EXP	text: font = "Arial"
39.105999999999995	EXP	text: color = {"_hex":"#FFFFFF","_rgb":[1,1,1]}
39.105999999999995	EXP	text: contrast = 1
39.105999999999995	EXP	text: height = 0.2
39.105999999999995	EXP	text: bold = false
39.105999999999995	EXP	text: italic = false
39.105999999999995	EXP	text: alignHoriz = "left"
39.105999999999995	EXP	text: alignVert = "center"
39.105999999999995	EXP	text: wrapWidth = 1
39.105999999999995	EXP	text: flipHoriz = false
39.105999999999995	EXP	text: flipVert = false
39.105999999999995	EXP	instruction_text3: units = "norm"
39.105999999999995	EXP	instruction_text3: ori = 0
39.105999999999995	EXP	instruction_text3: opacity = 1
39.105999999999995	EXP	instruction_text3: pos = [0,0]
39.105999999999995	EXP	instruction_text3: size = undefined
39.105999999999995	EXP	instruction_text3: text = "Pazar. Most kezdődik az igazi kísérlet. Néhány percig fog tartani. Nem kell nagyon sietnie, de igyekezzen gyorsan válaszolni.\n\nNe feledje, ha tudja, a jobb gombot a jobbkezével, a bal gombot a balkezével nyomja le.\n\nNyomjon meg bármilyen gombot a folytatáshoz."
39.105999999999995	EXP	instruction_text3: font = "Arial"
39.105999999999995	EXP	instruction_text3: color = {"_hex":"#FFFFFF","_rgb":[1,1,1]}
39.105999999999995	EXP	instruction_text3: contrast = 1
39.105999999999995	EXP	instruction_text3: height = 0.1
39.105999999999995	EXP	instruction_text3: bold = false
39.105999999999995	EXP	instruction_text3: italic = false
39.105999999999995	EXP	instruction_text3: alignHoriz = "left"
39.105999999999995	EXP	instruction_text3: alignVert = "center"
39.105999999999995	EXP	instruction_text3: wrapWidth = 1
39.105999999999995	EXP	instruction_text3: flipHoriz = false
39.105999999999995	EXP	instruction_text3: flipVert = false
39.105999999999995	EXP	szo_kiir: units = "norm"
39.105999999999995	EXP	szo_kiir: ori = 0
39.105999999999995	EXP	szo_kiir: opacity = 1
39.105999999999995	EXP	szo_kiir: pos = [0,0]
39.105999999999995	EXP	szo_kiir: size = undefined
39.105999999999995	EXP	szo_kiir: text = "default text"
39.105999999999995	EXP	szo_kiir: font = "Arial"
39.105999999999995	EXP	szo_kiir: color = {"_hex":"#FFFFFF","_rgb":[1,1,1]}
39.105999999999995	EXP	szo_kiir: contrast = 1
39.105999999999995	EXP	szo_kiir: height = 0.2
39.105999999999995	EXP	szo_kiir: bold = false
39.105999999999995	EXP	szo_kiir: italic = false
39.105999999999995	EXP	szo_kiir: alignHoriz = "left"
39.105999999999995	EXP	szo_kiir: alignVert = "center"
39.105999999999995	EXP	szo_kiir: wrapWidth = 1
39.105999999999995	EXP	szo_kiir: flipHoriz = false
39.105999999999995	EXP	szo_kiir: flipVert = false
39.105999999999995	EXP	koszi_szoveg: units = "norm"
39.105999999999995	EXP	koszi_szoveg: ori = 0
39.105999999999995	EXP	koszi_szoveg: opacity = 1
39.105999999999995	EXP	koszi_szoveg: pos = [0,0]
39.105999999999995	EXP	koszi_szoveg: size = undefined
39.105999999999995	EXP	koszi_szoveg: text = "Vége a kísérletnek. Köszönjük a részvételt!"
39.105999999999995	EXP	koszi_szoveg: font = "arial"
39.105999999999995	EXP	koszi_szoveg: color = {"_rgb":[1,1,1]}
39.105999999999995	EXP	koszi_szoveg: contrast = 1
39.105999999999995	EXP	koszi_szoveg: height = 0.1
39.105999999999995	EXP	koszi_szoveg: bold = false
39.105999999999995	EXP	koszi_szoveg: italic = false
39.105999999999995	EXP	koszi_szoveg: alignHoriz = "left"
39.105999999999995	EXP	koszi_szoveg: alignVert = "center"
39.105999999999995	EXP	koszi_szoveg: wrapWidth = 1
39.105999999999995	EXP	koszi_szoveg: flipHoriz = false
39.105999999999995	EXP	koszi_szoveg: flipVert = false
39.105999999999995	EXP	instruction_text1: autoDraw = true
76.176	DATA	Mouse: 2 button down, pos=(810,403)
76.294	DATA	Mouse: 2 button down, pos=(810,403)
77.324	DATA	Mouse: 0 button down, pos=(764,407)
77.37599999999999	DATA	Mouse: 0 button down, pos=(764,407)
78.869	DATA	Mouse: 0 button down, pos=(764,407)
79.00399999999999	DATA	Mouse: 0 button down, pos=(764,407)
79.439	DATA	Mouse: 2 button down, pos=(764,407)
79.604	DATA	Mouse: 2 button down, pos=(764,407)
80.222	DATA	Mouse: 0 button down, pos=(764,407)
80.28999999999999	DATA	Mouse: 0 button down, pos=(764,407)
81.024	DATA	Keydown:  
81.066	EXP	instruction_text1: autoDraw = false
81.066	EXP	instruction_text2: autoDraw = true
108.34	DATA	Keydown: ArrowRight
108.356	EXP	instruction_text2: autoDraw = false
108.91799999999999	EXP	show_text: autoDraw = true
109.354	DATA	Keydown: ArrowRight
109.369	EXP	show_text: autoDraw = false
109.874	EXP	text: autoDraw = true
110.175	DATA	Keydown: ArrowLeft
110.212	EXP	text: autoDraw = false
110.212	EXP	instruction_text3: autoDraw = true
120.71	DATA	Keydown: ArrowRight
120.76599999999999	EXP	instruction_text3: autoDraw = false
120.76599999999999	EXP	szo_kiir: color = {"_rgb":[1,1,1]}
120.76599999999999	EXP	szo_kiir: text = "igaz"
121.276	EXP	szo_kiir: autoDraw = true
121.824	DATA	Keydown: ArrowRight
121.84	EXP	szo_kiir: autoDraw = false
121.84	EXP	szo_kiir: color = {"_rgb":[1,1,1]}
121.84	EXP	szo_kiir: text = "nehéz"
122.357	EXP	szo_kiir: autoDraw = true
122.889	DATA	Keydown: ArrowRight
122.934	EXP	szo_kiir: autoDraw = false
122.934	EXP	szo_kiir: color = {"_rgb":[1,1,1]}
122.934	EXP	szo_kiir: text = "nyelv"
123.46	EXP	szo_kiir: autoDraw = true
123.972	DATA	Keydown: ArrowRight
123.987	EXP	szo_kiir: autoDraw = false
123.987	EXP	szo_kiir: color = {"_rgb":[1,1,1]}
123.987	EXP	szo_kiir: text = "speciális"
124.494	EXP	szo_kiir: autoDraw = true
125.05499999999999	DATA	Keydown: ArrowRight
125.076	EXP	szo_kiir: autoDraw = false
125.076	EXP	szo_kiir: color = {"_rgb":[1,1,1]}
125.076	EXP	szo_kiir: text = "százalék"
125.589	EXP	szo_kiir: autoDraw = true
126.155	DATA	Keydown: ArrowRight
126.17099999999999	EXP	szo_kiir: autoDraw = false
126.17099999999999	EXP	szo_kiir: color = {"_rgb":[1,1,1]}
126.17099999999999	EXP	szo_kiir: text = "bolyodás"
126.672	EXP	szo_kiir: autoDraw = true
127.675	DATA	Keydown: ArrowRight
127.68499999999999	EXP	szo_kiir: autoDraw = false
127.68499999999999	EXP	szo_kiir: color = {"_rgb":[1,1,1]}
127.68499999999999	EXP	szo_kiir: text = "ár"
128.203	EXP	szo_kiir: autoDraw = true
128.833	DATA	Keydown: ArrowRight
128.854	EXP	szo_kiir: autoDraw = false
128.854	EXP	szo_kiir: color = {"_rgb":[1,1,1]}
128.854	EXP	szo_kiir: text = "lényeg"
129.36800000000002	EXP	szo_kiir: autoDraw = true
129.917	DATA	Keydown: ArrowRight
129.93300000000002	EXP	szo_kiir: autoDraw = false
129.93300000000002	EXP	szo_kiir: color = {"_rgb":[1,1,1]}
129.93300000000002	EXP	szo_kiir: text = "fény"
130.45000000000002	EXP	szo_kiir: autoDraw = true
130.982	DATA	Keydown: ArrowRight
131.00300000000001	EXP	szo_kiir: autoDraw = false
131.00300000000001	EXP	szo_kiir: color = {"_rgb":[1,1,1]}
131.00300000000001	EXP	szo_kiir: text = "folyik"
131.51500000000001	EXP	szo_kiir: autoDraw = true
132.16500000000002	DATA	Keydown: ArrowRight
132.179	EXP	szo_kiir: autoDraw = false
132.179	EXP	szo_kiir: color = {"_rgb":[1,1,1]}
132.179	EXP	szo_kiir: text = "vörös"
132.70000000000002	EXP	szo_kiir: autoDraw = true
133.26500000000001	DATA	Keydown: ArrowRight
133.28300000000002	EXP	szo_kiir: autoDraw = false
133.28300000000002	EXP	szo_kiir: color = {"_rgb":[1,1,1]}
133.28300000000002	EXP	szo_kiir: text = "ég"
133.799	EXP	szo_kiir: autoDraw = true
134.38000000000002	DATA	Keydown: ArrowRight
134.393	EXP	szo_kiir: autoDraw = false
134.393	EXP	szo_kiir: color = {"_rgb":[1,1,1]}
134.393	EXP	szo_kiir: text = "református"
134.91500000000002	EXP	szo_kiir: autoDraw = true
135.644	DATA	Keydown: ArrowRight
135.66600000000003	EXP	szo_kiir: autoDraw = false
135.66600000000003	EXP	szo_kiir: color = {"_rgb":[1,1,1]}
135.66600000000003	EXP	szo_kiir: text = "félelem"
136.17700000000002	EXP	szo_kiir: autoDraw = true
136.776	DATA	Keydown: ArrowRight
136.792	EXP	szo_kiir: autoDraw = false
136.792	EXP	szo_kiir: color = {"_rgb":[1,1,1]}
136.792	EXP	szo_kiir: text = "kér"
137.311	EXP	szo_kiir: autoDraw = true
138.012	DATA	Keydown: ArrowRight
138.037	EXP	szo_kiir: autoDraw = false
138.037	EXP	szo_kiir: color = {"_rgb":[1,1,1]}
138.037	EXP	szo_kiir: text = "pohár"
138.54000000000002	EXP	szo_kiir: autoDraw = true
139.04000000000002	DATA	Keydown: ArrowRight
139.056	EXP	szo_kiir: autoDraw = false
139.056	EXP	szo_kiir: color = {"_rgb":[1,1,1]}
139.056	EXP	szo_kiir: text = "felsőfokú"
139.578	EXP	szo_kiir: autoDraw = true
140.14000000000001	DATA	Keydown: ArrowRight
140.16000000000003	EXP	szo_kiir: autoDraw = false
140.16000000000003	EXP	szo_kiir: color = {"_rgb":[1,1,1]}
140.16000000000003	EXP	szo_kiir: text = "lábtörög"
140.67200000000003	EXP	szo_kiir: autoDraw = true
141.687	DATA	Keydown: ArrowLeft
141.702	EXP	szo_kiir: autoDraw = false
141.702	EXP	szo_kiir: color = {"_rgb":[1,1,1]}
141.702	EXP	szo_kiir: text = "konfúzusza"
142.223	EXP	szo_kiir: autoDraw = true
143.806	DATA	Keydown: ArrowLeft
143.823	EXP	szo_kiir: autoDraw = false
143.823	EXP	szo_kiir: color = {"_rgb":[1,1,1]}
143.823	EXP	szo_kiir: text = "tanít"
144.341	EXP	szo_kiir: autoDraw = true
145.252	DATA	Keydown: ArrowRight
145.26700000000002	EXP	szo_kiir: autoDraw = false
145.26700000000002	EXP	szo_kiir: color = {"_rgb":[1,1,1]}
145.26700000000002	EXP	szo_kiir: text = "harmonikus"
145.786	EXP	szo_kiir: autoDraw = true
146.567	DATA	Keydown: ArrowRight
146.58800000000002	EXP	szo_kiir: autoDraw = false
146.58800000000002	EXP	szo_kiir: color = {"_rgb":[1,1,1]}
146.58800000000002	EXP	szo_kiir: text = "forog"
147.098	EXP	szo_kiir: autoDraw = true
147.619	DATA	Keydown: ArrowRight
147.62900000000002	EXP	szo_kiir: autoDraw = false
147.62900000000002	EXP	szo_kiir: color = {"_rgb":[1,1,1]}
147.62900000000002	EXP	szo_kiir: text = "jelez"
148.14700000000002	EXP	szo_kiir: autoDraw = true
148.61200000000002	DATA	Keydown: ArrowRight
148.632	EXP	szo_kiir: autoDraw = false
148.632	EXP	szo_kiir: color = {"_rgb":[1,1,1]}
148.632	EXP	szo_kiir: text = "örvend"
149.14600000000002	EXP	szo_kiir: autoDraw = true
149.727	DATA	Keydown: ArrowRight
149.744	EXP	szo_kiir: autoDraw = false
149.744	EXP	szo_kiir: color = {"_rgb":[1,1,1]}
149.744	EXP	szo_kiir: text = "nagyszámú"
150.26700000000002	EXP	szo_kiir: autoDraw = true
151.113	DATA	Keydown: ArrowRight
151.13400000000001	EXP	szo_kiir: autoDraw = false
151.13400000000001	EXP	szo_kiir: color = {"_rgb":[1,1,1]}
151.13400000000001	EXP	szo_kiir: text = "gyász"
151.643	EXP	szo_kiir: autoDraw = true
152.14200000000002	DATA	Keydown: ArrowRight
152.157	EXP	szo_kiir: autoDraw = false
152.157	EXP	szo_kiir: color = {"_rgb":[1,1,1]}
152.157	EXP	szo_kiir: text = "örmény"
152.67800000000003	EXP	szo_kiir: autoDraw = true
153.12900000000002	DATA	Keydown: ArrowRight
153.144	EXP	szo_kiir: autoDraw = false
153.144	EXP	szo_kiir: color = {"_rgb":[1,1,1]}
153.144	EXP	szo_kiir: text = "esztikussz"
153.66000000000003	EXP	szo_kiir: autoDraw = true
154.842	DATA	Keydown: ArrowLeft
154.85600000000002	EXP	szo_kiir: autoDraw = false
154.85600000000002	EXP	szo_kiir: color = {"_rgb":[1,1,1]}
154.85600000000002	EXP	szo_kiir: text = "ponyai"
155.375	EXP	szo_kiir: autoDraw = true
156.489	DATA	Keydown: ArrowLeft
156.50400000000002	EXP	szo_kiir: autoDraw = false
156.50400000000002	EXP	szo_kiir: color = {"_rgb":[1,1,1]}
156.50400000000002	EXP	szo_kiir: text = "orális"
157.02100000000002	EXP	szo_kiir: autoDraw = true
157.804	DATA	Keydown: ArrowRight
157.82000000000002	EXP	szo_kiir: autoDraw = false
157.82000000000002	EXP	szo_kiir: color = {"_rgb":[1,1,1]}
157.82000000000002	EXP	szo_kiir: text = "rak"
158.336	EXP	szo_kiir: autoDraw = true
158.74	DATA	Keydown: ArrowRight
158.75300000000001	EXP	szo_kiir: autoDraw = false
158.75300000000001	EXP	szo_kiir: color = {"_rgb":[1,1,1]}
158.75300000000001	EXP	szo_kiir: text = "rajzolódik"
159.27200000000002	EXP	szo_kiir: autoDraw = true
159.889	DATA	Keydown: ArrowRight
159.9	EXP	szo_kiir: autoDraw = false
159.9	EXP	szo_kiir: color = {"_rgb":[1,1,1]}
159.9	EXP	szo_kiir: text = "közhely"
160.42000000000002	EXP	szo_kiir: autoDraw = true
161.11800000000002	DATA	Keydown: ArrowRight
161.145	EXP	szo_kiir: autoDraw = false
161.145	EXP	szo_kiir: color = {"_rgb":[1,1,1]}
161.145	EXP	szo_kiir: text = "oldalmi"
161.65	EXP	szo_kiir: autoDraw = true
162.91600000000003	DATA	Keydown: ArrowLeft
162.929	EXP	szo_kiir: autoDraw = false
162.929	EXP	szo_kiir: color = {"_rgb":[1,1,1]}
162.929	EXP	szo_kiir: text = "salógázó"
163.452	EXP	szo_kiir: autoDraw = true
164.929	DATA	Keydown: ArrowLeft
164.95600000000002	EXP	szo_kiir: autoDraw = false
164.95600000000002	EXP	szo_kiir: color = {"_rgb":[1,1,1]}
164.95600000000002	EXP	szo_kiir: text = "parmezán"
165.46200000000002	EXP	szo_kiir: autoDraw = true
166.25900000000001	DATA	Keydown: ArrowRight
166.276	EXP	szo_kiir: autoDraw = false
166.276	EXP	szo_kiir: color = {"_rgb":[1,1,1]}
166.276	EXP	szo_kiir: text = "kóser"
166.78	EXP	szo_kiir: autoDraw = true
167.327	DATA	Keydown: ArrowRight
167.34900000000002	EXP	szo_kiir: autoDraw = false
167.34900000000002	EXP	szo_kiir: color = {"_rgb":[1,1,1]}
167.34900000000002	EXP	szo_kiir: text = "bőkezű"
167.86200000000002	EXP	szo_kiir: autoDraw = true
168.51000000000002	DATA	Keydown: ArrowRight
168.524	EXP	szo_kiir: autoDraw = false
168.524	EXP	szo_kiir: color = {"_rgb":[1,1,1]}
168.524	EXP	szo_kiir: text = "kontálás"
169.044	EXP	szo_kiir: autoDraw = true
170.107	DATA	Keydown: ArrowLeft
170.13400000000001	EXP	szo_kiir: autoDraw = false
170.13400000000001	EXP	szo_kiir: color = {"_rgb":[1,1,1]}
170.13400000000001	EXP	szo_kiir: text = "arisztokratikus"
170.644	EXP	szo_kiir: autoDraw = true
171.673	DATA	Keydown: ArrowRight
171.68900000000002	EXP	szo_kiir: autoDraw = false
171.68900000000002	EXP	szo_kiir: color = {"_rgb":[1,1,1]}
171.68900000000002	EXP	szo_kiir: text = "attyűködő"
172.191	EXP	szo_kiir: autoDraw = true
173.27300000000002	DATA	Keydown: ArrowLeft
173.29100000000003	EXP	szo_kiir: autoDraw = false
173.29100000000003	EXP	szo_kiir: color = {"_rgb":[1,1,1]}
173.29100000000003	EXP	szo_kiir: text = "feledékeny"
173.80800000000002	EXP	szo_kiir: autoDraw = true
174.489	DATA	Keydown: ArrowRight
174.501	EXP	szo_kiir: autoDraw = false
174.501	EXP	szo_kiir: color = {"_rgb":[1,1,1]}
174.501	EXP	szo_kiir: text = "nagydíj"
175.02	EXP	szo_kiir: autoDraw = true
175.554	DATA	Keydown: ArrowRight
175.57500000000002	EXP	szo_kiir: autoDraw = false
175.57500000000002	EXP	szo_kiir: color = {"_rgb":[1,1,1]}
175.57500000000002	EXP	szo_kiir: text = "forgórész"
176.08700000000002	EXP	szo_kiir: autoDraw = true
176.83700000000002	DATA	Keydown: ArrowRight
176.84900000000002	EXP	szo_kiir: autoDraw = false
176.84900000000002	EXP	szo_kiir: color = {"_rgb":[1,1,1]}
176.84900000000002	EXP	szo_kiir: text = "hasznosít"
177.36800000000002	EXP	szo_kiir: autoDraw = true
177.835	DATA	Keydown: ArrowRight
177.85000000000002	EXP	szo_kiir: autoDraw = false
177.85000000000002	EXP	szo_kiir: color = {"_rgb":[1,1,1]}
177.85000000000002	EXP	szo_kiir: text = "örög"
178.366	EXP	szo_kiir: autoDraw = true
178.881	DATA	Keydown: ArrowRight
178.89600000000002	EXP	szo_kiir: autoDraw = false
178.89600000000002	EXP	szo_kiir: color = {"_rgb":[1,1,1]}
178.89600000000002	EXP	szo_kiir: text = "biotermék"
179.417	EXP	szo_kiir: autoDraw = true
180.59900000000002	DATA	Keydown: ArrowRight
180.613	EXP	szo_kiir: autoDraw = false
180.613	EXP	szo_kiir: color = {"_rgb":[1,1,1]}
180.613	EXP	szo_kiir: text = "magánnyugdíj"
181.133	EXP	szo_kiir: autoDraw = true
181.87900000000002	DATA	Keydown: ArrowRight
181.894	EXP	szo_kiir: autoDraw = false
181.894	EXP	szo_kiir: color = {"_rgb":[1,1,1]}
181.894	EXP	szo_kiir: text = "törköly"
182.413	EXP	szo_kiir: autoDraw = true
183.143	DATA	Keydown: ArrowRight
183.15800000000002	EXP	szo_kiir: autoDraw = false
183.15800000000002	EXP	szo_kiir: color = {"_rgb":[1,1,1]}
183.15800000000002	EXP	szo_kiir: text = "mihálóz"
183.67600000000002	EXP	szo_kiir: autoDraw = true
184.80800000000002	DATA	Keydown: ArrowLeft
184.82600000000002	EXP	szo_kiir: autoDraw = false
184.82600000000002	EXP	szo_kiir: color = {"_rgb":[1,1,1]}
184.82600000000002	EXP	szo_kiir: text = "balassol"
185.345	EXP	szo_kiir: autoDraw = true
186.388	DATA	Keydown: ArrowLeft
186.405	EXP	szo_kiir: autoDraw = false
186.405	EXP	szo_kiir: color = {"_rgb":[1,1,1]}
186.405	EXP	szo_kiir: text = "csengettyű"
186.923	EXP	szo_kiir: autoDraw = true
187.58800000000002	DATA	Keydown: ArrowRight
187.60500000000002	EXP	szo_kiir: autoDraw = false
187.60500000000002	EXP	szo_kiir: color = {"_rgb":[1,1,1]}
187.60500000000002	EXP	szo_kiir: text = "konfirki"
188.12400000000002	EXP	szo_kiir: autoDraw = true
189.08700000000002	DATA	Keydown: ArrowLeft
189.103	EXP	szo_kiir: autoDraw = false
189.103	EXP	szo_kiir: color = {"_rgb":[1,1,1]}
189.103	EXP	szo_kiir: text = "ezredmásodperc"
189.621	EXP	szo_kiir: autoDraw = true
190.52200000000002	DATA	Keydown: ArrowRight
190.53500000000003	EXP	szo_kiir: autoDraw = false
190.53500000000003	EXP	szo_kiir: color = {"_rgb":[1,1,1]}
190.53500000000003	EXP	szo_kiir: text = "forróvérű"
191.05300000000003	EXP	szo_kiir: autoDraw = true
191.651	DATA	Keydown: ArrowRight
191.66600000000003	EXP	szo_kiir: autoDraw = false
191.66600000000003	EXP	szo_kiir: color = {"_rgb":[1,1,1]}
191.66600000000003	EXP	szo_kiir: text = "antyúzható"
192.187	EXP	szo_kiir: autoDraw = true
193.001	DATA	Keydown: ArrowLeft
193.019	EXP	szo_kiir: autoDraw = false
193.019	EXP	szo_kiir: color = {"_rgb":[1,1,1]}
193.019	EXP	szo_kiir: text = "avonaliba"
193.53400000000002	EXP	szo_kiir: autoDraw = true
194.818	DATA	Keydown: ArrowLeft
194.83200000000002	EXP	szo_kiir: autoDraw = false
194.83200000000002	EXP	szo_kiir: color = {"_rgb":[1,1,1]}
194.83200000000002	EXP	szo_kiir: text = "fehérít"
195.348	EXP	szo_kiir: autoDraw = true
195.982	DATA	Keydown: ArrowRight
196	EXP	szo_kiir: autoDraw = false
196	EXP	szo_kiir: color = {"_rgb":[1,1,1]}
196	EXP	szo_kiir: text = "tárgylemez"
196.51600000000002	EXP	szo_kiir: autoDraw = true
197.15	DATA	Keydown: ArrowRight
197.162	EXP	szo_kiir: autoDraw = false
197.162	EXP	szo_kiir: color = {"_rgb":[1,1,1]}
197.162	EXP	szo_kiir: text = "csontdarab"
197.679	EXP	szo_kiir: autoDraw = true
198.29700000000003	DATA	Keydown: ArrowRight
198.311	EXP	szo_kiir: autoDraw = false
198.311	EXP	szo_kiir: color = {"_rgb":[1,1,1]}
198.311	EXP	szo_kiir: text = "nyelvcsap"
198.827	EXP	szo_kiir: autoDraw = true
199.578	DATA	Keydown: ArrowRight
199.59300000000002	EXP	szo_kiir: autoDraw = false
199.59300000000002	EXP	szo_kiir: color = {"_rgb":[1,1,1]}
199.59300000000002	EXP	szo_kiir: text = "elegy"
200.11100000000002	EXP	szo_kiir: autoDraw = true
200.859	DATA	Keydown: ArrowRight
200.877	EXP	szo_kiir: autoDraw = false
200.877	EXP	szo_kiir: color = {"_rgb":[1,1,1]}
200.877	EXP	szo_kiir: text = "söröspohár"
201.394	EXP	szo_kiir: autoDraw = true
201.923	DATA	Keydown: ArrowRight
201.93800000000002	EXP	szo_kiir: autoDraw = false
201.93800000000002	EXP	szo_kiir: color = {"_rgb":[1,1,1]}
201.93800000000002	EXP	szo_kiir: text = "sövet"
202.46	EXP	szo_kiir: autoDraw = true
202.89000000000001	DATA	Keydown: ArrowRight
202.90400000000002	EXP	szo_kiir: autoDraw = false
202.90400000000002	EXP	szo_kiir: color = {"_rgb":[1,1,1]}
202.90400000000002	EXP	szo_kiir: text = "detonátor"
203.424	EXP	szo_kiir: autoDraw = true
204.02100000000002	DATA	Keydown: ArrowRight
204.038	EXP	szo_kiir: autoDraw = false
204.038	EXP	szo_kiir: color = {"_rgb":[1,1,1]}
204.038	EXP	szo_kiir: text = "stósz"
204.556	EXP	szo_kiir: autoDraw = true
205.40300000000002	DATA	Keydown: ArrowRight
205.42000000000002	EXP	szo_kiir: autoDraw = false
205.42000000000002	EXP	szo_kiir: color = {"_rgb":[1,1,1]}
205.42000000000002	EXP	szo_kiir: text = "kocskesi"
205.937	EXP	szo_kiir: autoDraw = true
206.87	DATA	Keydown: ArrowLeft
206.88600000000002	EXP	szo_kiir: autoDraw = false
206.88600000000002	EXP	szo_kiir: color = {"_rgb":[1,1,1]}
206.88600000000002	EXP	szo_kiir: text = "visong"
207.40400000000002	EXP	szo_kiir: autoDraw = true
208.138	DATA	Keydown: ArrowRight
208.15	EXP	szo_kiir: autoDraw = false
208.15	EXP	szo_kiir: color = {"_rgb":[1,1,1]}
208.15	EXP	szo_kiir: text = "hokizik"
208.669	EXP	szo_kiir: autoDraw = true
209.365	DATA	Keydown: ArrowRight
209.383	EXP	szo_kiir: autoDraw = false
209.383	EXP	szo_kiir: color = {"_rgb":[1,1,1]}
209.383	EXP	szo_kiir: text = "kvéker"
209.9	EXP	szo_kiir: autoDraw = true
210.66600000000003	DATA	Keydown: ArrowRight
210.681	EXP	szo_kiir: autoDraw = false
210.681	EXP	szo_kiir: color = {"_rgb":[1,1,1]}
210.681	EXP	szo_kiir: text = "tutamizál"
211.197	EXP	szo_kiir: autoDraw = true
212.12900000000002	DATA	Keydown: ArrowLeft
212.14700000000002	EXP	szo_kiir: autoDraw = false
212.14700000000002	EXP	szo_kiir: color = {"_rgb":[1,1,1]}
212.14700000000002	EXP	szo_kiir: text = "rosszlelkű"
212.663	EXP	szo_kiir: autoDraw = true
213.299	DATA	Keydown: ArrowRight
213.31300000000002	EXP	szo_kiir: autoDraw = false
213.31300000000002	EXP	szo_kiir: color = {"_rgb":[1,1,1]}
213.31300000000002	EXP	szo_kiir: text = "állótükör"
213.829	EXP	szo_kiir: autoDraw = true
214.66000000000003	DATA	Keydown: ArrowRight
214.68	EXP	szo_kiir: autoDraw = false
214.68	EXP	szo_kiir: color = {"_rgb":[1,1,1]}
214.68	EXP	szo_kiir: text = "mellényzseb"
215.196	EXP	szo_kiir: autoDraw = true
215.91000000000003	DATA	Keydown: ArrowRight
215.923	EXP	szo_kiir: autoDraw = false
215.923	EXP	szo_kiir: color = {"_rgb":[1,1,1]}
215.923	EXP	szo_kiir: text = "jegedény"
216.44500000000002	EXP	szo_kiir: autoDraw = true
217.179	DATA	Keydown: ArrowLeft
217.192	EXP	szo_kiir: autoDraw = false
217.192	EXP	szo_kiir: color = {"_rgb":[1,1,1]}
217.192	EXP	szo_kiir: text = "abeti"
217.708	EXP	szo_kiir: autoDraw = true
218.40900000000002	DATA	Keydown: ArrowLeft
218.423	EXP	szo_kiir: autoDraw = false
218.423	EXP	szo_kiir: color = {"_rgb":[1,1,1]}
218.423	EXP	szo_kiir: text = "zomás"
218.94	EXP	szo_kiir: autoDraw = true
219.988	DATA	Keydown: ArrowLeft
220.01600000000002	EXP	szo_kiir: autoDraw = false
220.01600000000002	EXP	szo_kiir: color = {"_rgb":[1,1,1]}
220.01600000000002	EXP	szo_kiir: text = "organizál"
220.538	EXP	szo_kiir: autoDraw = true
221.23600000000002	DATA	Keydown: ArrowRight
221.252	EXP	szo_kiir: autoDraw = false
221.252	EXP	szo_kiir: color = {"_rgb":[1,1,1]}
221.252	EXP	szo_kiir: text = "gyűrűz"
221.769	EXP	szo_kiir: autoDraw = true
222.286	DATA	Keydown: ArrowRight
222.305	EXP	szo_kiir: autoDraw = false
222.305	EXP	szo_kiir: color = {"_rgb":[1,1,1]}
222.305	EXP	szo_kiir: text = "rengeteg"
222.81900000000002	EXP	szo_kiir: autoDraw = true
223.36800000000002	DATA	Keydown: ArrowRight
223.383	EXP	szo_kiir: autoDraw = false
223.383	EXP	szo_kiir: color = {"_rgb":[1,1,1]}
223.383	EXP	szo_kiir: text = "estilágítő"
223.906	EXP	szo_kiir: autoDraw = true
225.184	DATA	Keydown: ArrowLeft
225.204	EXP	szo_kiir: autoDraw = false
225.204	EXP	szo_kiir: color = {"_rgb":[1,1,1]}
225.204	EXP	szo_kiir: text = "budavirág"
225.716	EXP	szo_kiir: autoDraw = true
226.36700000000002	DATA	Keydown: ArrowRight
226.381	EXP	szo_kiir: autoDraw = false
226.381	EXP	szo_kiir: color = {"_rgb":[1,1,1]}
226.381	EXP	szo_kiir: text = "lépdegél"
226.89700000000002	EXP	szo_kiir: autoDraw = true
227.95000000000002	DATA	Keydown: ArrowRight
227.96800000000002	EXP	szo_kiir: autoDraw = false
227.96800000000002	EXP	szo_kiir: color = {"_rgb":[1,1,1]}
227.96800000000002	EXP	szo_kiir: text = "zuboly"
228.48100000000002	EXP	szo_kiir: autoDraw = true
229.245	DATA	Keydown: ArrowRight
229.26500000000001	EXP	szo_kiir: autoDraw = false
229.26500000000001	EXP	szo_kiir: color = {"_rgb":[1,1,1]}
229.26500000000001	EXP	szo_kiir: text = "nyersarany"
229.782	EXP	szo_kiir: autoDraw = true
230.495	DATA	Keydown: ArrowRight
230.52	EXP	szo_kiir: autoDraw = false
230.52	EXP	szo_kiir: color = {"_rgb":[1,1,1]}
230.52	EXP	szo_kiir: text = "mérsékelődik"
231.02900000000002	EXP	szo_kiir: autoDraw = true
231.708	DATA	Keydown: ArrowRight
231.72400000000002	EXP	szo_kiir: autoDraw = false
231.72400000000002	EXP	szo_kiir: color = {"_rgb":[1,1,1]}
231.72400000000002	EXP	szo_kiir: text = "lukaszt"
232.24200000000002	EXP	szo_kiir: autoDraw = true
232.976	DATA	Keydown: ArrowRight
232.996	EXP	szo_kiir: autoDraw = false
232.996	EXP	szo_kiir: color = {"_rgb":[1,1,1]}
232.996	EXP	szo_kiir: text = "nyersmodorú"
233.50900000000001	EXP	szo_kiir: autoDraw = true
234.28900000000002	DATA	Keydown: ArrowRight
234.304	EXP	szo_kiir: autoDraw = false
234.304	EXP	szo_kiir: color = {"_rgb":[1,1,1]}
234.304	EXP	szo_kiir: text = "koegzisztál"
234.823	EXP	szo_kiir: autoDraw = true
235.54100000000003	DATA	Keydown: ArrowLeft
235.55300000000003	EXP	szo_kiir: autoDraw = false
235.55300000000003	EXP	szo_kiir: color = {"_rgb":[1,1,1]}
235.55300000000003	EXP	szo_kiir: text = "frakcionál"
236.071	EXP	szo_kiir: autoDraw = true
237.32000000000002	DATA	Keydown: ArrowRight
237.335	EXP	szo_kiir: autoDraw = false
237.335	EXP	szo_kiir: color = {"_rgb":[1,1,1]}
237.335	EXP	szo_kiir: text = "hivatalnokoskodik"
237.854	EXP	szo_kiir: autoDraw = true
238.65300000000002	DATA	Keydown: ArrowRight
238.669	EXP	szo_kiir: autoDraw = false
238.669	EXP	szo_kiir: color = {"_rgb":[1,1,1]}
238.669	EXP	szo_kiir: text = "eretnek"
239.187	EXP	szo_kiir: autoDraw = true
239.917	DATA	Keydown: ArrowRight
239.934	EXP	szo_kiir: autoDraw = false
239.934	EXP	szo_kiir: color = {"_rgb":[1,1,1]}
239.934	EXP	szo_kiir: text = "embertelenedik"
240.452	EXP	szo_kiir: autoDraw = true
241.23700000000002	DATA	Keydown: ArrowRight
241.24800000000002	EXP	szo_kiir: autoDraw = false
241.24800000000002	EXP	szo_kiir: color = {"_rgb":[1,1,1]}
241.24800000000002	EXP	szo_kiir: text = "konverzál"
241.769	EXP	szo_kiir: autoDraw = true
242.413	DATA	Keydown: ArrowRight
242.431	EXP	szo_kiir: autoDraw = false
242.431	EXP	szo_kiir: color = {"_rgb":[1,1,1]}
242.431	EXP	szo_kiir: text = "pauzál"
242.95100000000002	EXP	szo_kiir: autoDraw = true
243.966	DATA	Keydown: ArrowRight
243.978	EXP	szo_kiir: autoDraw = false
243.978	EXP	szo_kiir: color = {"_rgb":[1,1,1]}
243.978	EXP	szo_kiir: text = "kurzivál"
244.49800000000002	EXP	szo_kiir: autoDraw = true
246.17600000000002	DATA	Keydown: ArrowLeft
246.193	EXP	szo_kiir: autoDraw = false
246.193	EXP	szo_kiir: color = {"_rgb":[1,1,1]}
246.193	EXP	szo_kiir: text = "petél"
246.71	EXP	szo_kiir: autoDraw = true
247.358	DATA	Keydown: ArrowRight
247.375	EXP	szo_kiir: autoDraw = false
247.375	EXP	szo_kiir: color = {"_rgb":[1,1,1]}
247.375	EXP	szo_kiir: text = "lalláz"
247.894	EXP	szo_kiir: autoDraw = true
249.156	DATA	Keydown: ArrowLeft
249.17200000000003	EXP	szo_kiir: autoDraw = false
249.17200000000003	EXP	szo_kiir: color = {"_rgb":[1,1,1]}
249.17200000000003	EXP	szo_kiir: text = "spiritualizál"
249.693	EXP	szo_kiir: autoDraw = true
250.62300000000002	DATA	Keydown: ArrowRight
250.64000000000001	EXP	szo_kiir: autoDraw = false
250.64000000000001	EXP	szo_kiir: color = {"_rgb":[1,1,1]}
250.64000000000001	EXP	szo_kiir: text = "vároló"
251.157	EXP	szo_kiir: autoDraw = true
252.306	DATA	Keydown: ArrowLeft
252.323	EXP	szo_kiir: autoDraw = false
252.323	EXP	szo_kiir: color = {"_rgb":[1,1,1]}
252.323	EXP	szo_kiir: text = "antikommutatív"
252.83800000000002	EXP	szo_kiir: autoDraw = true
253.834	DATA	Keydown: ArrowRight
253.851	EXP	szo_kiir: autoDraw = false
253.851	EXP	szo_kiir: color = {"_rgb":[1,1,1]}
253.851	EXP	szo_kiir: text = "föllélegez"
254.369	EXP	szo_kiir: autoDraw = true
255.1	DATA	Keydown: ArrowRight
255.116	EXP	szo_kiir: autoDraw = false
255.116	EXP	szo_kiir: color = {"_rgb":[1,1,1]}
255.116	EXP	szo_kiir: text = "frizíroz"
255.634	EXP	szo_kiir: autoDraw = true
256.76599999999996	DATA	Keydown: ArrowLeft
256.779	EXP	szo_kiir: autoDraw = false
256.779	EXP	szo_kiir: color = {"_rgb":[1,1,1]}
256.779	EXP	szo_kiir: text = "ruharongy"
257.282	EXP	szo_kiir: autoDraw = true
258.881	DATA	Keydown: ArrowRight
258.89799999999997	EXP	szo_kiir: autoDraw = false
258.89799999999997	EXP	szo_kiir: color = {"_rgb":[1,1,1]}
258.89799999999997	EXP	szo_kiir: text = "ingyenbeteg"
259.41499999999996	EXP	szo_kiir: autoDraw = true
260.478	DATA	Keydown: ArrowRight
260.49399999999997	EXP	szo_kiir: autoDraw = false
260.49399999999997	EXP	szo_kiir: color = {"_rgb":[1,1,1]}
260.49399999999997	EXP	szo_kiir: text = "ködik"
261.01099999999997	EXP	szo_kiir: autoDraw = true
262.027	DATA	Keydown: ArrowLeft
262.043	EXP	szo_kiir: autoDraw = false
262.043	EXP	szo_kiir: color = {"_rgb":[1,1,1]}
262.043	EXP	szo_kiir: text = "cséltás"
262.561	EXP	szo_kiir: autoDraw = true
263.47499999999997	DATA	Keydown: ArrowLeft
263.49899999999997	EXP	szo_kiir: autoDraw = false
263.49899999999997	EXP	koszi_szoveg: autoDraw = true
