0.08873499999992873	EXP	Created Window = Window( name=Window, fullscr=true, color=#000000, units=norm, waitBlanking=true, autoLog=true, size=[1280,578] )
2.494374999999991	DATA	Keydown: 5
2.644429999999943	DATA	Keydown: 1
2.8069549999999026	DATA	Keydown: 0
3.4066499999998996	DATA	Keydown: 8
3.875409999999988	DATA	Keydown: Tab
6.638379999999984	DATA	Keydown: CapsLock
6.880014999999958	DATA	Keydown: F
6.9508899999999585	DATA	Keydown: CapsLock
7.631829999999923	DATA	Keydown: é
7.846324999999977	DATA	Keydown: r
8.08981499999993	DATA	Keydown: f
8.304779999999935	DATA	Keydown: i
8.56077499999992	DATA	Keydown: Tab
9.756264999999983	DATA	Keydown: 2
9.94443000000001	DATA	Keydown: 0
10.146610000000011	DATA	Keydown: 0
10.272804999999948	DATA	Keydown: 2
11.642664999999965	DATA	Keydown: Tab
14.537304999999947	DATA	Keydown: 1
14.650035000000003	DATA	Keydown: 2
16.822014999999965	DATA	Keydown: Backspace
16.937734999999975	DATA	Keydown: 1
18.32459499999993	EXP	Created instruction_text1 = TextStim( name=instruction_text1, win=Window( name=Window, fullscr=true, color=#000000, ~), autoDraw=null, autoLog=true, units=norm, ori=null, opacity=1, pos=[0,0], size=undefined, text=Ön most szavakat fog látni.

Ezek között lesznek o~, font=Arial, color=#ffffff, contrast=1, height=0.05, bold=null, italic=null, alignHoriz=left, alignVert=center, wrapWidth=1, flipHoriz=null, flipVert=null )
18.32823499999995	EXP	Created instruction_text2 = TextStim( name=instruction_text2, win=Window( name=Window, fullscr=true, color=#000000, ~), autoDraw=null, autoLog=true, units=norm, ori=null, opacity=1, pos=[0,0], size=undefined, text=Először két egyszerű példát mutatunk Önnek.

Az el~, font=Arial, color=#FFFFFF, contrast=1, height=0.05, bold=null, italic=null, alignHoriz=left, alignVert=center, wrapWidth=1, flipHoriz=null, flipVert=null )
18.33042499999999	EXP	Created show_text = TextStim( name=show_text, win=Window( name=Window, fullscr=true, color=#000000, ~), autoDraw=null, autoLog=true, units=norm, ori=null, opacity=1, pos=[0,0], size=undefined, text=asztal, font=Arial, color=#FFFFFF, contrast=1, height=0.2, bold=null, italic=null, alignHoriz=left, alignVert=center, wrapWidth=1, flipHoriz=null, flipVert=null )
18.34394999999995	EXP	Created text = TextStim( name=text, win=Window( name=Window, fullscr=true, color=#000000, ~), autoDraw=null, autoLog=true, units=norm, ori=null, opacity=1, pos=[0,0], size=undefined, text=bzsmfsztal, font=Arial, color=#FFFFFF, contrast=1, height=0.2, bold=null, italic=null, alignHoriz=left, alignVert=center, wrapWidth=1, flipHoriz=null, flipVert=null )
18.3451399999999	EXP	Created instruction_text3 = TextStim( name=instruction_text3, win=Window( name=Window, fullscr=true, color=#000000, ~), autoDraw=null, autoLog=true, units=norm, ori=null, opacity=1, pos=[0,0], size=undefined, text=Pazar. Most kezdődik az igazi kísérlet. Néhány per~, font=Arial, color=#FFFFFF, contrast=1, height=0.1, bold=null, italic=null, alignHoriz=left, alignVert=center, wrapWidth=1, flipHoriz=null, flipVert=null )
18.346199999999953	EXP	Created szo_kiir = TextStim( name=szo_kiir, win=Window( name=Window, fullscr=true, color=#000000, ~), autoDraw=null, autoLog=true, units=norm, ori=null, opacity=1, pos=[0,0], size=undefined, text=default text, font=Arial, color=#FFFFFF, contrast=1, height=0.2, bold=null, italic=null, alignHoriz=left, alignVert=center, wrapWidth=1, flipHoriz=null, flipVert=null )
18.3528399999999	EXP	Created koszi_szoveg = TextStim( name=koszi_szoveg, win=Window( name=Window, fullscr=true, color=#000000, ~), autoDraw=null, autoLog=true, units=norm, ori=null, opacity=1, pos=[0,0], size=undefined, text=Vége a kísérletnek. Köszönjük a részvételt!, font=arial, color=#ffffff, contrast=1, height=0.1, bold=null, italic=null, alignHoriz=left, alignVert=center, wrapWidth=1, flipHoriz=null, flipVert=null )
18.412539999999925	EXP	instruction_text1: units = "norm"
18.412539999999925	EXP	instruction_text1: ori = 0
18.412539999999925	EXP	instruction_text1: opacity = 1
18.412539999999925	EXP	instruction_text1: pos = [0,0]
18.412539999999925	EXP	instruction_text1: size = undefined
18.412539999999925	EXP	instruction_text1: text = "Ön most szavakat fog látni.\n\nEzek között lesznek olyanok, amelyeket ismer, de előfordulhatnak olyanok is, amelyeket nem ismer, sőt, vannak köztük kitalált szavak is. \n\nKérjük, ha ismeri a képernyőn látható szót, nyomja meg a JOBB kurzorbillentyűt.\nKérjük, ha NEM ismeri a képernyőn látható szót, vagy azt gondolja, nincs ilyen szó a magyarban, nyomja meg a BAL kurzorbillentyűt.\n\nAz 'Ismerem a szót' döntés itt most ezt jelenti: találkoztam már vele, és van valami elképzelésem a jelentéséről is.  \n\nNyomjon meg bármilyen billentyűt a folytatáshoz."
18.412539999999925	EXP	instruction_text1: font = "Arial"
18.412539999999925	EXP	instruction_text1: color = {"_rgb":[1,1,1]}
18.412539999999925	EXP	instruction_text1: contrast = 1
18.412539999999925	EXP	instruction_text1: height = 0.05
18.412539999999925	EXP	instruction_text1: bold = false
18.412539999999925	EXP	instruction_text1: italic = false
18.412539999999925	EXP	instruction_text1: alignHoriz = "left"
18.412539999999925	EXP	instruction_text1: alignVert = "center"
18.412539999999925	EXP	instruction_text1: wrapWidth = 1
18.412539999999925	EXP	instruction_text1: flipHoriz = false
18.412539999999925	EXP	instruction_text1: flipVert = false
18.412539999999925	EXP	instruction_text2: units = "norm"
18.412539999999925	EXP	instruction_text2: ori = 0
18.412539999999925	EXP	instruction_text2: opacity = 1
18.412539999999925	EXP	instruction_text2: pos = [0,0]
18.412539999999925	EXP	instruction_text2: size = undefined
18.412539999999925	EXP	instruction_text2: text = "Először két egyszerű példát mutatunk Önnek.\n\nAz első szó létezik a magyarban, és valószínűleg Ön is ismeri. Itt nyomja majd meg a jobb kurzorbillentyűt.\nA második szó nem létezik a magyar nyelvben. Itt nyomja majd meg a bal kurzorbillentyűt.\n\nFontos, hogy a jobb gombot a jobb kezével, a bal gombot a bal kezével nyomja, ha tudja, és ne egy kezét használja a kísérletben.\n\nNyomjon meg bármilyen gombot a folytatáshoz."
18.412539999999925	EXP	instruction_text2: font = "Arial"
18.412539999999925	EXP	instruction_text2: color = {"_hex":"#FFFFFF","_rgb":[1,1,1]}
18.412539999999925	EXP	instruction_text2: contrast = 1
18.412539999999925	EXP	instruction_text2: height = 0.05
18.412539999999925	EXP	instruction_text2: bold = false
18.412539999999925	EXP	instruction_text2: italic = false
18.412539999999925	EXP	instruction_text2: alignHoriz = "left"
18.412539999999925	EXP	instruction_text2: alignVert = "center"
18.412539999999925	EXP	instruction_text2: wrapWidth = 1
18.412539999999925	EXP	instruction_text2: flipHoriz = false
18.412539999999925	EXP	instruction_text2: flipVert = false
18.412539999999925	EXP	show_text: units = "norm"
18.412539999999925	EXP	show_text: ori = 0
18.412539999999925	EXP	show_text: opacity = 1
18.412539999999925	EXP	show_text: pos = [0,0]
18.412539999999925	EXP	show_text: size = undefined
18.412539999999925	EXP	show_text: text = "asztal"
18.412539999999925	EXP	show_text: font = "Arial"
18.412539999999925	EXP	show_text: color = {"_hex":"#FFFFFF","_rgb":[1,1,1]}
18.412539999999925	EXP	show_text: contrast = 1
18.412539999999925	EXP	show_text: height = 0.2
18.412539999999925	EXP	show_text: bold = false
18.412539999999925	EXP	show_text: italic = false
18.412539999999925	EXP	show_text: alignHoriz = "left"
18.412539999999925	EXP	show_text: alignVert = "center"
18.412539999999925	EXP	show_text: wrapWidth = 1
18.412539999999925	EXP	show_text: flipHoriz = false
18.412539999999925	EXP	show_text: flipVert = false
18.412539999999925	EXP	text: units = "norm"
18.412539999999925	EXP	text: ori = 0
18.412539999999925	EXP	text: opacity = 1
18.412539999999925	EXP	text: pos = [0,0]
18.412539999999925	EXP	text: size = undefined
18.412539999999925	EXP	text: text = "bzsmfsztal"
18.412539999999925	EXP	text: font = "Arial"
18.412539999999925	EXP	text: color = {"_hex":"#FFFFFF","_rgb":[1,1,1]}
18.412539999999925	EXP	text: contrast = 1
18.412539999999925	EXP	text: height = 0.2
18.412539999999925	EXP	text: bold = false
18.412539999999925	EXP	text: italic = false
18.412539999999925	EXP	text: alignHoriz = "left"
18.412539999999925	EXP	text: alignVert = "center"
18.412539999999925	EXP	text: wrapWidth = 1
18.412539999999925	EXP	text: flipHoriz = false
18.412539999999925	EXP	text: flipVert = false
18.412539999999925	EXP	instruction_text3: units = "norm"
18.412539999999925	EXP	instruction_text3: ori = 0
18.412539999999925	EXP	instruction_text3: opacity = 1
18.412539999999925	EXP	instruction_text3: pos = [0,0]
18.412539999999925	EXP	instruction_text3: size = undefined
18.412539999999925	EXP	instruction_text3: text = "Pazar. Most kezdődik az igazi kísérlet. Néhány percig fog tartani. Nem kell nagyon sietnie, de igyekezzen gyorsan válaszolni.\n\nNe feledje, ha tudja, a jobb gombot a jobbkezével, a bal gombot a balkezével nyomja le.\n\nNyomjon meg bármilyen gombot a folytatáshoz."
18.412539999999925	EXP	instruction_text3: font = "Arial"
18.412539999999925	EXP	instruction_text3: color = {"_hex":"#FFFFFF","_rgb":[1,1,1]}
18.412539999999925	EXP	instruction_text3: contrast = 1
18.412539999999925	EXP	instruction_text3: height = 0.1
18.412539999999925	EXP	instruction_text3: bold = false
18.412539999999925	EXP	instruction_text3: italic = false
18.412539999999925	EXP	instruction_text3: alignHoriz = "left"
18.412539999999925	EXP	instruction_text3: alignVert = "center"
18.412539999999925	EXP	instruction_text3: wrapWidth = 1
18.412539999999925	EXP	instruction_text3: flipHoriz = false
18.412539999999925	EXP	instruction_text3: flipVert = false
18.412539999999925	EXP	szo_kiir: units = "norm"
18.412539999999925	EXP	szo_kiir: ori = 0
18.412539999999925	EXP	szo_kiir: opacity = 1
18.412539999999925	EXP	szo_kiir: pos = [0,0]
18.412539999999925	EXP	szo_kiir: size = undefined
18.412539999999925	EXP	szo_kiir: text = "default text"
18.412539999999925	EXP	szo_kiir: font = "Arial"
18.412539999999925	EXP	szo_kiir: color = {"_hex":"#FFFFFF","_rgb":[1,1,1]}
18.412539999999925	EXP	szo_kiir: contrast = 1
18.412539999999925	EXP	szo_kiir: height = 0.2
18.412539999999925	EXP	szo_kiir: bold = false
18.412539999999925	EXP	szo_kiir: italic = false
18.412539999999925	EXP	szo_kiir: alignHoriz = "left"
18.412539999999925	EXP	szo_kiir: alignVert = "center"
18.412539999999925	EXP	szo_kiir: wrapWidth = 1
18.412539999999925	EXP	szo_kiir: flipHoriz = false
18.412539999999925	EXP	szo_kiir: flipVert = false
18.412539999999925	EXP	koszi_szoveg: units = "norm"
18.412539999999925	EXP	koszi_szoveg: ori = 0
18.412539999999925	EXP	koszi_szoveg: opacity = 1
18.412539999999925	EXP	koszi_szoveg: pos = [0,0]
18.412539999999925	EXP	koszi_szoveg: size = undefined
18.412539999999925	EXP	koszi_szoveg: text = "Vége a kísérletnek. Köszönjük a részvételt!"
18.412539999999925	EXP	koszi_szoveg: font = "arial"
18.412539999999925	EXP	koszi_szoveg: color = {"_rgb":[1,1,1]}
18.412539999999925	EXP	koszi_szoveg: contrast = 1
18.412539999999925	EXP	koszi_szoveg: height = 0.1
18.412539999999925	EXP	koszi_szoveg: bold = false
18.412539999999925	EXP	koszi_szoveg: italic = false
18.412539999999925	EXP	koszi_szoveg: alignHoriz = "left"
18.412539999999925	EXP	koszi_szoveg: alignVert = "center"
18.412539999999925	EXP	koszi_szoveg: wrapWidth = 1
18.412539999999925	EXP	koszi_szoveg: flipHoriz = false
18.412539999999925	EXP	koszi_szoveg: flipVert = false
18.412539999999925	EXP	instruction_text1: autoDraw = true
31.863335000000006	DATA	Keydown:  
31.884249999999952	EXP	instruction_text1: autoDraw = false
31.884249999999952	EXP	instruction_text2: autoDraw = true
44.7892149999999	DATA	Keydown:  
44.81519999999989	EXP	instruction_text2: autoDraw = false
45.34089000000006	EXP	show_text: autoDraw = true
46.210789999999974	DATA	Keydown: ArrowRight
46.23166499999991	EXP	show_text: autoDraw = false
46.74904000000003	EXP	text: autoDraw = true
48.61622	DATA	Keydown: Alt
57.26238499999988	DATA	Mouse: 0 button down, pos=(954.6666951179504,504.0000150203705)
57.47128499999997	DATA	Mouse: 0 button down, pos=(954.6666951179504,504.0000150203705)
58.299139999999966	DATA	Keydown: Alt
61.86459000000002	DATA	Keydown: ArrowLeft
61.91663000000006	EXP	text: autoDraw = false
61.91663000000006	EXP	instruction_text3: autoDraw = true
68.56552999999997	DATA	Keydown:  
68.62124499999993	EXP	instruction_text3: autoDraw = false
68.62124499999993	EXP	szo_kiir: color = {"_rgb":[1,1,1]}
68.62124499999993	EXP	szo_kiir: text = "rövid"
69.13458000000003	EXP	szo_kiir: autoDraw = true
70.16251999999997	DATA	Keydown: ArrowRight
70.18012499999998	EXP	szo_kiir: autoDraw = false
70.18012499999998	EXP	szo_kiir: color = {"_rgb":[1,1,1]}
70.18012499999998	EXP	szo_kiir: text = "kap"
70.69961999999998	EXP	szo_kiir: autoDraw = true
71.41927999999997	DATA	Keydown: ArrowRight
71.44693999999993	EXP	szo_kiir: autoDraw = false
71.44693999999993	EXP	szo_kiir: color = {"_rgb":[1,1,1]}
71.44693999999993	EXP	szo_kiir: text = "jog"
71.96712500000001	EXP	szo_kiir: autoDraw = true
72.63316499999985	DATA	Keydown: ArrowRight
72.6464749999999	EXP	szo_kiir: autoDraw = false
72.6464749999999	EXP	szo_kiir: color = {"_rgb":[1,1,1]}
72.6464749999999	EXP	szo_kiir: text = "nyelv"
73.1671949999999	EXP	szo_kiir: autoDraw = true
73.680475	DATA	Keydown: ArrowRight
73.70689000000004	EXP	szo_kiir: autoDraw = false
73.70689000000004	EXP	szo_kiir: color = {"_rgb":[1,1,1]}
73.70689000000004	EXP	szo_kiir: text = "ár"
74.21575999999993	EXP	szo_kiir: autoDraw = true
74.67847500000005	DATA	Keydown: ArrowRight
74.69652499999995	EXP	szo_kiir: autoDraw = false
74.69652499999995	EXP	szo_kiir: color = {"_rgb":[1,1,1]}
74.69652499999995	EXP	szo_kiir: text = "gazdag"
75.21575999999993	EXP	szo_kiir: autoDraw = true
75.72999500000003	DATA	Keydown: ArrowRight
75.76656999999989	EXP	szo_kiir: autoDraw = false
75.76656999999989	EXP	szo_kiir: color = {"_rgb":[1,1,1]}
75.76656999999989	EXP	szo_kiir: text = "módszer"
76.28167500000008	EXP	szo_kiir: autoDraw = true
76.8333449999999	DATA	Keydown: ArrowRight
76.84604999999998	EXP	szo_kiir: autoDraw = false
76.84604999999998	EXP	szo_kiir: color = {"_rgb":[1,1,1]}
76.84604999999998	EXP	szo_kiir: text = "boldog"
77.36457000000007	EXP	szo_kiir: autoDraw = true
77.80037000000004	DATA	Keydown: ArrowRight
77.81696499999988	EXP	szo_kiir: autoDraw = false
77.81696499999988	EXP	szo_kiir: color = {"_rgb":[1,1,1]}
77.81696499999988	EXP	szo_kiir: text = "skadai"
78.33138500000007	EXP	szo_kiir: autoDraw = true
79.53357999999992	DATA	Keydown: ArrowLeft
79.54556500000001	EXP	szo_kiir: autoDraw = false
79.54556500000001	EXP	szo_kiir: color = {"_rgb":[1,1,1]}
79.54556500000001	EXP	szo_kiir: text = "hatalom"
80.06486000000007	EXP	szo_kiir: autoDraw = true
80.84831500000007	DATA	Keydown: ArrowRight
80.86651500000005	EXP	szo_kiir: autoDraw = false
80.86651500000005	EXP	szo_kiir: color = {"_rgb":[1,1,1]}
80.86651500000005	EXP	szo_kiir: text = "optimális"
81.38009999999997	EXP	szo_kiir: autoDraw = true
81.97046499999999	DATA	Keydown: ArrowRight
81.97879	EXP	szo_kiir: autoDraw = false
81.97879	EXP	szo_kiir: color = {"_rgb":[1,1,1]}
81.97879	EXP	szo_kiir: text = "bolos"
82.49622499999998	EXP	szo_kiir: autoDraw = true
83.37377000000005	DATA	Keydown: ArrowLeft
83.38468999999998	EXP	szo_kiir: autoDraw = false
83.38468999999998	EXP	szo_kiir: color = {"_rgb":[1,1,1]}
83.38468999999998	EXP	szo_kiir: text = "kedvezmény"
83.89814999999987	EXP	szo_kiir: autoDraw = true
84.46295999999995	DATA	Keydown: ArrowRight
84.47866499999998	EXP	szo_kiir: autoDraw = false
84.47866499999998	EXP	szo_kiir: color = {"_rgb":[1,1,1]}
84.47866499999998	EXP	szo_kiir: text = "bajnok"
84.99689000000001	EXP	szo_kiir: autoDraw = true
85.489105	DATA	Keydown: ArrowRight
85.50269999999989	EXP	szo_kiir: autoDraw = false
85.50269999999989	EXP	szo_kiir: color = {"_rgb":[1,1,1]}
85.50269999999989	EXP	szo_kiir: text = "mozgalom"
86.01309499999991	EXP	szo_kiir: autoDraw = true
86.46030499999995	DATA	Keydown: ArrowRight
86.47811999999988	EXP	szo_kiir: autoDraw = false
86.47811999999988	EXP	szo_kiir: color = {"_rgb":[1,1,1]}
86.47811999999988	EXP	szo_kiir: text = "gondol"
86.99629500000003	EXP	szo_kiir: autoDraw = true
87.43484499999988	DATA	Keydown: ArrowRight
87.4487049999999	EXP	szo_kiir: autoDraw = false
87.4487049999999	EXP	szo_kiir: color = {"_rgb":[1,1,1]}
87.4487049999999	EXP	szo_kiir: text = "vízgyűlő"
87.96569499999998	EXP	szo_kiir: autoDraw = true
87.96701500000007	DATA	Mouse: 0 button down, pos=(1279.3333714604378,226.66667342185974)
88.18212000000005	DATA	Mouse: 0 button down, pos=(1279.3333714604378,226.66667342185974)
88.55245000000002	DATA	Keydown: ArrowRight
88.56105500000002	EXP	szo_kiir: autoDraw = false
88.56105500000002	EXP	szo_kiir: color = {"_rgb":[1,1,1]}
88.56105500000002	EXP	szo_kiir: text = "nek"
89.0797799999999	EXP	szo_kiir: autoDraw = true
90.35489999999993	DATA	Keydown: ArrowLeft
90.36092500000007	EXP	szo_kiir: autoDraw = false
90.36092500000007	EXP	szo_kiir: color = {"_rgb":[1,1,1]}
90.36092500000007	EXP	szo_kiir: text = "reagál"
90.87997000000007	EXP	szo_kiir: autoDraw = true
91.19584999999994	DATA	Mouse: 0 button down, pos=(1279.3333714604378,226.66667342185974)
91.41235999999992	DATA	Mouse: 0 button down, pos=(1279.3333714604378,226.66667342185974)
91.48505999999986	DATA	Keydown: ArrowRight
91.49423999999986	EXP	szo_kiir: autoDraw = false
91.49423999999986	EXP	szo_kiir: color = {"_rgb":[1,1,1]}
91.49423999999986	EXP	szo_kiir: text = "rock"
92.01299000000006	EXP	szo_kiir: autoDraw = true
92.67630999999994	DATA	Keydown: ArrowRight
92.69970999999998	EXP	szo_kiir: autoDraw = false
92.69970999999998	EXP	szo_kiir: color = {"_rgb":[1,1,1]}
92.69970999999998	EXP	szo_kiir: text = "daragasi"
93.2123499999999	EXP	szo_kiir: autoDraw = true
93.89518499999997	DATA	Keydown: ArrowLeft
93.91035999999997	EXP	szo_kiir: autoDraw = false
93.91035999999997	EXP	szo_kiir: color = {"_rgb":[1,1,1]}
93.91035999999997	EXP	szo_kiir: text = "repülőgép"
94.42924000000005	EXP	szo_kiir: autoDraw = true
94.97609499999989	DATA	Keydown: ArrowRight
94.99759499999993	EXP	szo_kiir: autoDraw = false
94.99759499999993	EXP	szo_kiir: color = {"_rgb":[1,1,1]}
94.99759499999993	EXP	szo_kiir: text = "szelíd"
95.51292000000001	EXP	szo_kiir: autoDraw = true
96.06168500000001	DATA	Keydown: ArrowRight
96.07703000000004	EXP	szo_kiir: autoDraw = false
96.07703000000004	EXP	szo_kiir: color = {"_rgb":[1,1,1]}
96.07703000000004	EXP	szo_kiir: text = "beton"
96.59519499999999	EXP	szo_kiir: autoDraw = true
97.1922249999999	DATA	Keydown: ArrowRight
97.21471499999997	EXP	szo_kiir: autoDraw = false
97.21471499999997	EXP	szo_kiir: color = {"_rgb":[1,1,1]}
97.21471499999997	EXP	szo_kiir: text = "örvend"
97.72809999999993	EXP	szo_kiir: autoDraw = true
98.32180499999993	DATA	Keydown: ArrowRight
98.32647499999996	EXP	szo_kiir: autoDraw = false
98.32647499999996	EXP	szo_kiir: color = {"_rgb":[1,1,1]}
98.32647499999996	EXP	szo_kiir: text = "profit"
98.84566000000007	EXP	szo_kiir: autoDraw = true
99.50480499999992	DATA	Keydown: ArrowRight
99.51380499999993	EXP	szo_kiir: autoDraw = false
99.51380499999993	EXP	szo_kiir: color = {"_rgb":[1,1,1]}
99.51380499999993	EXP	szo_kiir: text = "késik"
100.02797999999996	EXP	szo_kiir: autoDraw = true
100.63132000000007	DATA	Keydown: ArrowRight
100.64253500000007	EXP	szo_kiir: autoDraw = false
100.64253500000007	EXP	szo_kiir: color = {"_rgb":[1,1,1]}
100.64253500000007	EXP	szo_kiir: text = "fartózható"
101.1617	EXP	szo_kiir: autoDraw = true
104.691455	DATA	Keydown: ArrowLeft
104.71424999999988	EXP	szo_kiir: autoDraw = false
104.71424999999988	EXP	szo_kiir: color = {"_rgb":[1,1,1]}
104.71424999999988	EXP	szo_kiir: text = "un"
105.2282449999999	EXP	szo_kiir: autoDraw = true
106.03617500000007	DATA	Keydown: ArrowRight
106.04239999999993	EXP	szo_kiir: autoDraw = false
106.04239999999993	EXP	szo_kiir: color = {"_rgb":[1,1,1]}
106.04239999999993	EXP	szo_kiir: text = "cirkusz"
106.56077999999991	EXP	szo_kiir: autoDraw = true
107.20318499999996	DATA	Keydown: ArrowRight
107.2122149999999	EXP	szo_kiir: autoDraw = false
107.2122149999999	EXP	szo_kiir: color = {"_rgb":[1,1,1]}
107.2122149999999	EXP	szo_kiir: text = "szabotró"
107.72712999999987	EXP	szo_kiir: autoDraw = true
108.19112000000007	DATA	Keydown: ArrowRight
108.20822499999997	EXP	szo_kiir: autoDraw = false
108.20822499999997	EXP	szo_kiir: color = {"_rgb":[1,1,1]}
108.20822499999997	EXP	szo_kiir: text = "háziasszony"
108.72688499999991	EXP	szo_kiir: autoDraw = true
109.44066499999998	DATA	Keydown: ArrowRight
109.45878000000005	EXP	szo_kiir: autoDraw = false
109.45878000000005	EXP	szo_kiir: color = {"_rgb":[1,1,1]}
109.45878000000005	EXP	szo_kiir: text = "germán"
109.97663999999997	EXP	szo_kiir: autoDraw = true
110.89443500000006	DATA	Keydown: ArrowRight
110.91351500000006	EXP	szo_kiir: autoDraw = false
110.91351500000006	EXP	szo_kiir: color = {"_rgb":[1,1,1]}
110.91351500000006	EXP	szo_kiir: text = "sugár"
111.42642999999987	EXP	szo_kiir: autoDraw = true
112.31639499999994	DATA	Keydown: ArrowRight
112.32483999999988	EXP	szo_kiir: autoDraw = false
112.32483999999988	EXP	szo_kiir: color = {"_rgb":[1,1,1]}
112.32483999999988	EXP	szo_kiir: text = "határidejű"
112.84361000000001	EXP	szo_kiir: autoDraw = true
114.466225	DATA	Keydown: ArrowRight
114.47971500000006	EXP	szo_kiir: autoDraw = false
114.47971500000006	EXP	szo_kiir: color = {"_rgb":[1,1,1]}
114.47971500000006	EXP	szo_kiir: text = "engelétei"
114.99272000000009	EXP	szo_kiir: autoDraw = true
116.37968999999987	DATA	Keydown: ArrowLeft
116.39067499999999	EXP	szo_kiir: autoDraw = false
116.39067499999999	EXP	szo_kiir: color = {"_rgb":[1,1,1]}
116.39067499999999	EXP	szo_kiir: text = "példakép"
116.90960499999994	EXP	szo_kiir: autoDraw = true
117.89818000000001	DATA	Keydown: ArrowRight
117.9176349999999	EXP	szo_kiir: autoDraw = false
117.9176349999999	EXP	szo_kiir: color = {"_rgb":[1,1,1]}
117.9176349999999	EXP	szo_kiir: text = "parmezán"
118.42557499999987	EXP	szo_kiir: autoDraw = true
119.44790499999988	DATA	Keydown: ArrowRight
119.45687499999997	EXP	szo_kiir: autoDraw = false
119.45687499999997	EXP	szo_kiir: color = {"_rgb":[1,1,1]}
119.45687499999997	EXP	szo_kiir: text = "taszt"
119.97573000000001	EXP	szo_kiir: autoDraw = true
120.95586500000002	DATA	Keydown: ArrowLeft
120.97725000000003	EXP	szo_kiir: autoDraw = false
120.97725000000003	EXP	szo_kiir: color = {"_rgb":[1,1,1]}
120.97725000000003	EXP	szo_kiir: text = "rakódik"
121.49257	EXP	szo_kiir: autoDraw = true
122.21743499999991	DATA	Keydown: ArrowRight
122.22359999999992	EXP	szo_kiir: autoDraw = false
122.22359999999992	EXP	szo_kiir: color = {"_rgb":[1,1,1]}
122.22359999999992	EXP	szo_kiir: text = "hullámzik"
122.74180999999987	EXP	szo_kiir: autoDraw = true
123.52443000000005	DATA	Keydown: ArrowRight
123.54324499999996	EXP	szo_kiir: autoDraw = false
123.54324499999996	EXP	szo_kiir: color = {"_rgb":[1,1,1]}
123.54324499999996	EXP	szo_kiir: text = "katerült"
124.0584399999999	EXP	szo_kiir: autoDraw = true
125.02446999999995	DATA	Keydown: ArrowLeft
125.04001000000005	EXP	szo_kiir: autoDraw = false
125.04001000000005	EXP	szo_kiir: color = {"_rgb":[1,1,1]}
125.04001000000005	EXP	szo_kiir: text = "ideál"
125.55865000000006	EXP	szo_kiir: autoDraw = true
126.67410000000005	DATA	Keydown: ArrowRight
126.69401499999992	EXP	szo_kiir: autoDraw = false
126.69401499999992	EXP	szo_kiir: color = {"_rgb":[1,1,1]}
126.69401499999992	EXP	szo_kiir: text = "fanatizmus"
127.20851000000005	EXP	szo_kiir: autoDraw = true
128.26258500000006	DATA	Keydown: ArrowRight
128.27292	EXP	szo_kiir: autoDraw = false
128.27292	EXP	szo_kiir: color = {"_rgb":[1,1,1]}
128.27292	EXP	szo_kiir: text = "embertömeg"
128.791425	EXP	szo_kiir: autoDraw = true
129.44014499999992	DATA	Keydown: ArrowRight
129.46080500000005	EXP	szo_kiir: autoDraw = false
129.46080500000005	EXP	szo_kiir: color = {"_rgb":[1,1,1]}
129.46080500000005	EXP	szo_kiir: text = "nagybeteg"
129.97419000000002	EXP	szo_kiir: autoDraw = true
131.13223499999992	DATA	Keydown: ArrowRight
131.13898000000006	EXP	szo_kiir: autoDraw = false
131.13898000000006	EXP	szo_kiir: color = {"_rgb":[1,1,1]}
131.13898000000006	EXP	szo_kiir: text = "piktogram"
131.65794999999991	EXP	szo_kiir: autoDraw = true
132.56720000000007	DATA	Keydown: ArrowRight
132.57696499999986	EXP	szo_kiir: autoDraw = false
132.57696499999986	EXP	szo_kiir: color = {"_rgb":[1,1,1]}
132.57696499999986	EXP	szo_kiir: text = "deutérium"
133.09041999999988	EXP	szo_kiir: autoDraw = true
134.749365	DATA	Keydown: ArrowLeft
134.75516499999992	EXP	szo_kiir: autoDraw = false
134.75516499999992	EXP	szo_kiir: color = {"_rgb":[1,1,1]}
134.75516499999992	EXP	szo_kiir: text = "referál"
135.27352000000008	EXP	szo_kiir: autoDraw = true
136.530705	DATA	Keydown: ArrowRight
136.53829000000007	EXP	szo_kiir: autoDraw = false
136.53829000000007	EXP	szo_kiir: color = {"_rgb":[1,1,1]}
136.53829000000007	EXP	szo_kiir: text = "fjord"
137.05678	EXP	szo_kiir: autoDraw = true
137.86255999999992	DATA	Keydown: ArrowRight
137.8755	EXP	szo_kiir: autoDraw = false
137.8755	EXP	szo_kiir: color = {"_rgb":[1,1,1]}
137.8755	EXP	szo_kiir: text = "egzisztencializmus"
138.3903549999999	EXP	szo_kiir: autoDraw = true
139.12052000000006	DATA	Keydown: ArrowRight
139.13875500000006	EXP	szo_kiir: autoDraw = false
139.13875500000006	EXP	szo_kiir: color = {"_rgb":[1,1,1]}
139.13875500000006	EXP	szo_kiir: text = "kulcscsont"
139.65666	EXP	szo_kiir: autoDraw = true
140.37771499999997	DATA	Keydown: ArrowRight
140.39258000000007	EXP	szo_kiir: autoDraw = false
140.39258000000007	EXP	szo_kiir: color = {"_rgb":[1,1,1]}
140.39258000000007	EXP	szo_kiir: text = "szelégül"
140.9059799999999	EXP	szo_kiir: autoDraw = true
141.82625999999993	DATA	Keydown: ArrowLeft
141.83711000000005	EXP	szo_kiir: autoDraw = false
141.83711000000005	EXP	szo_kiir: color = {"_rgb":[1,1,1]}
141.83711000000005	EXP	szo_kiir: text = "tipográfus"
142.35664499999996	EXP	szo_kiir: autoDraw = true
143.01219000000003	DATA	Keydown: ArrowRight
143.02553	EXP	szo_kiir: autoDraw = false
143.02553	EXP	szo_kiir: color = {"_rgb":[1,1,1]}
143.02553	EXP	szo_kiir: text = "sziszeg"
143.53995500000008	EXP	szo_kiir: autoDraw = true
144.16978499999993	DATA	Keydown: ArrowRight
144.18783999999994	EXP	szo_kiir: autoDraw = false
144.18783999999994	EXP	szo_kiir: color = {"_rgb":[1,1,1]}
144.18783999999994	EXP	szo_kiir: text = "zajkottsi"
144.70608499999992	EXP	szo_kiir: autoDraw = true
145.64472999999987	DATA	Keydown: ArrowLeft
145.65827000000002	EXP	szo_kiir: autoDraw = false
145.65827000000002	EXP	szo_kiir: color = {"_rgb":[1,1,1]}
145.65827000000002	EXP	szo_kiir: text = "összalaj"
146.1718399999999	EXP	szo_kiir: autoDraw = true
147.43088499999988	DATA	Keydown: ArrowLeft
147.43673	EXP	szo_kiir: autoDraw = false
147.43673	EXP	szo_kiir: color = {"_rgb":[1,1,1]}
147.43673	EXP	szo_kiir: text = "renderzia"
147.95572499999992	EXP	szo_kiir: autoDraw = true
149.14190999999994	DATA	Keydown: ArrowLeft
149.15921500000002	EXP	szo_kiir: autoDraw = false
149.15921500000002	EXP	szo_kiir: color = {"_rgb":[1,1,1]}
149.15921500000002	EXP	szo_kiir: text = "nehézsúly"
149.6722799999999	EXP	szo_kiir: autoDraw = true
150.45615499999997	DATA	Keydown: ArrowRight
150.469565	EXP	szo_kiir: autoDraw = false
150.469565	EXP	szo_kiir: color = {"_rgb":[1,1,1]}
150.469565	EXP	szo_kiir: text = "szuperintelligens"
150.9890999999999	EXP	szo_kiir: autoDraw = true
152.31857999999997	DATA	Keydown: ArrowRight
152.34420999999986	EXP	szo_kiir: autoDraw = false
152.34420999999986	EXP	szo_kiir: color = {"_rgb":[1,1,1]}
152.34420999999986	EXP	szo_kiir: text = "hadijáték"
152.85462999999993	EXP	szo_kiir: autoDraw = true
153.70926500000007	DATA	Keydown: ArrowRight
153.71913000000006	EXP	szo_kiir: autoDraw = false
153.71913000000006	EXP	szo_kiir: color = {"_rgb":[1,1,1]}
153.71913000000006	EXP	szo_kiir: text = "egellendő"
154.23746500000004	EXP	szo_kiir: autoDraw = true
155.25689	DATA	Keydown: ArrowLeft
155.274495	EXP	szo_kiir: autoDraw = false
155.274495	EXP	szo_kiir: color = {"_rgb":[1,1,1]}
155.274495	EXP	szo_kiir: text = "deszkalap"
155.788185	EXP	szo_kiir: autoDraw = true
156.80336499999987	DATA	Keydown: ArrowRight
156.81885499999987	EXP	szo_kiir: autoDraw = false
156.81885499999987	EXP	szo_kiir: color = {"_rgb":[1,1,1]}
156.81885499999987	EXP	szo_kiir: text = "ingváll"
157.33750999999995	EXP	szo_kiir: autoDraw = true
158.30885499999988	DATA	Keydown: ArrowRight
158.32338500000003	EXP	szo_kiir: autoDraw = false
158.32338500000003	EXP	szo_kiir: color = {"_rgb":[1,1,1]}
158.32338500000003	EXP	szo_kiir: text = "mikrorendszer"
158.83776999999998	EXP	szo_kiir: autoDraw = true
159.57355500000006	DATA	Keydown: ArrowRight
159.58510999999987	EXP	szo_kiir: autoDraw = false
159.58510999999987	EXP	szo_kiir: color = {"_rgb":[1,1,1]}
159.58510999999987	EXP	szo_kiir: text = "pohárszék"
160.10406499999988	EXP	szo_kiir: autoDraw = true
160.73665999999992	DATA	Keydown: ArrowRight
160.7559	EXP	szo_kiir: autoDraw = false
160.7559	EXP	szo_kiir: color = {"_rgb":[1,1,1]}
160.7559	EXP	szo_kiir: text = "takaréktűzhely"
161.27172000000007	EXP	szo_kiir: autoDraw = true
162.26737500000002	DATA	Keydown: ArrowRight
162.28499999999997	EXP	szo_kiir: autoDraw = false
162.28499999999997	EXP	szo_kiir: color = {"_rgb":[1,1,1]}
162.28499999999997	EXP	szo_kiir: text = "vasáru"
162.80281000000002	EXP	szo_kiir: autoDraw = true
163.5744249999999	DATA	Keydown: ArrowRight
163.58892000000003	EXP	szo_kiir: autoDraw = false
163.58892000000003	EXP	szo_kiir: color = {"_rgb":[1,1,1]}
163.58892000000003	EXP	szo_kiir: text = "abszolútérték"
164.10419999999988	EXP	szo_kiir: autoDraw = true
164.87973999999997	DATA	Keydown: ArrowRight
164.88509499999998	EXP	szo_kiir: autoDraw = false
164.88509499999998	EXP	szo_kiir: color = {"_rgb":[1,1,1]}
164.88509499999998	EXP	szo_kiir: text = "homályosít"
165.40328999999986	EXP	szo_kiir: autoDraw = true
166.72348499999987	DATA	Keydown: ArrowRight
166.73871500000007	EXP	szo_kiir: autoDraw = false
166.73871500000007	EXP	szo_kiir: color = {"_rgb":[1,1,1]}
166.73871500000007	EXP	szo_kiir: text = "proszcénium"
167.25275499999987	EXP	szo_kiir: autoDraw = true
168.33604000000003	DATA	Keydown: ArrowLeft
168.35117000000002	EXP	szo_kiir: autoDraw = false
168.35117000000002	EXP	szo_kiir: color = {"_rgb":[1,1,1]}
168.35117000000002	EXP	szo_kiir: text = "asszonánc"
168.86902500000008	EXP	szo_kiir: autoDraw = true
169.95692999999994	DATA	Keydown: ArrowLeft
169.9676599999999	EXP	szo_kiir: autoDraw = false
169.9676599999999	EXP	szo_kiir: color = {"_rgb":[1,1,1]}
169.9676599999999	EXP	szo_kiir: text = "hazardírozik"
170.48607499999991	EXP	szo_kiir: autoDraw = true
171.21643000000006	DATA	Keydown: ArrowRight
171.23375499999986	EXP	szo_kiir: autoDraw = false
171.23375499999986	EXP	szo_kiir: color = {"_rgb":[1,1,1]}
171.23375499999986	EXP	szo_kiir: text = "heveredik"
171.75182000000007	EXP	szo_kiir: autoDraw = true
172.93342999999993	DATA	Keydown: ArrowLeft
172.955315	EXP	szo_kiir: autoDraw = false
172.955315	EXP	szo_kiir: color = {"_rgb":[1,1,1]}
172.955315	EXP	szo_kiir: text = "elszarusodik"
173.46916499999986	EXP	szo_kiir: autoDraw = true
174.40670999999986	DATA	Keydown: ArrowRight
174.41696999999988	EXP	szo_kiir: autoDraw = false
174.41696999999988	EXP	szo_kiir: color = {"_rgb":[1,1,1]}
174.41696999999988	EXP	szo_kiir: text = "krákfai"
174.93488999999988	EXP	szo_kiir: autoDraw = true
175.79054000000008	DATA	Keydown: ArrowLeft
175.80439999999987	EXP	szo_kiir: autoDraw = false
175.80439999999987	EXP	szo_kiir: color = {"_rgb":[1,1,1]}
175.80439999999987	EXP	szo_kiir: text = "kúpol"
176.31899499999997	EXP	szo_kiir: autoDraw = true
176.93242500000008	DATA	Keydown: ArrowRight
176.94999500000006	EXP	szo_kiir: autoDraw = false
176.94999500000006	EXP	szo_kiir: color = {"_rgb":[1,1,1]}
176.94999500000006	EXP	szo_kiir: text = "szemtükör"
177.46804499999996	EXP	szo_kiir: autoDraw = true
178.68212499999993	DATA	Keydown: ArrowRight
178.7043299999999	EXP	szo_kiir: autoDraw = false
178.7043299999999	EXP	szo_kiir: color = {"_rgb":[1,1,1]}
178.7043299999999	EXP	szo_kiir: text = "bouillon"
179.21762	EXP	szo_kiir: autoDraw = true
180.26608499999986	DATA	Keydown: ArrowLeft
180.28302999999994	EXP	szo_kiir: autoDraw = false
180.28302999999994	EXP	szo_kiir: color = {"_rgb":[1,1,1]}
180.28302999999994	EXP	szo_kiir: text = "komál"
180.800615	EXP	szo_kiir: autoDraw = true
181.63657999999998	DATA	Keydown: ArrowRight
181.64899000000003	EXP	szo_kiir: autoDraw = false
181.64899000000003	EXP	szo_kiir: color = {"_rgb":[1,1,1]}
181.64899000000003	EXP	szo_kiir: text = "norvend"
182.16880000000003	EXP	szo_kiir: autoDraw = true
183.3907599999999	DATA	Keydown: ArrowLeft
183.40377999999998	EXP	szo_kiir: autoDraw = false
183.40377999999998	EXP	szo_kiir: color = {"_rgb":[1,1,1]}
183.40377999999998	EXP	szo_kiir: text = "ízesedik"
183.91782	EXP	szo_kiir: autoDraw = true
184.55033500000002	DATA	Keydown: ArrowRight
184.56544500000007	EXP	szo_kiir: autoDraw = false
184.56544500000007	EXP	szo_kiir: color = {"_rgb":[1,1,1]}
184.56544500000007	EXP	szo_kiir: text = "organizál"
185.08419500000002	EXP	szo_kiir: autoDraw = true
185.71441500000003	DATA	Keydown: ArrowRight
185.73547500000006	EXP	szo_kiir: autoDraw = false
185.73547500000006	EXP	szo_kiir: color = {"_rgb":[1,1,1]}
185.73547500000006	EXP	szo_kiir: text = "nomináljövedelem"
186.2506199999999	EXP	szo_kiir: autoDraw = true
187.7048349999999	DATA	Keydown: ArrowRight
187.7149599999999	EXP	szo_kiir: autoDraw = false
187.7149599999999	EXP	szo_kiir: color = {"_rgb":[1,1,1]}
187.7149599999999	EXP	szo_kiir: text = "kurtít"
188.23302499999988	EXP	szo_kiir: autoDraw = true
189.95642499999997	DATA	Keydown: ArrowRight
189.96799	EXP	szo_kiir: autoDraw = false
189.96799	EXP	szo_kiir: color = {"_rgb":[1,1,1]}
189.96799	EXP	szo_kiir: text = "árstop"
190.48430999999994	EXP	szo_kiir: autoDraw = true
191.55530499999998	DATA	Keydown: ArrowRight
191.56516	EXP	szo_kiir: autoDraw = false
191.56516	EXP	szo_kiir: color = {"_rgb":[1,1,1]}
191.56516	EXP	szo_kiir: text = "zentiekert"
192.083035	EXP	szo_kiir: autoDraw = true
192.88170000000002	DATA	Keydown: ArrowLeft
192.90189500000008	EXP	szo_kiir: autoDraw = false
192.90189500000008	EXP	szo_kiir: color = {"_rgb":[1,1,1]}
192.90189500000008	EXP	szo_kiir: text = "kardorrú"
193.41685500000006	EXP	szo_kiir: autoDraw = true
194.42117999999994	DATA	Keydown: ArrowRight
194.43097499999988	EXP	szo_kiir: autoDraw = false
194.43097499999988	EXP	szo_kiir: color = {"_rgb":[1,1,1]}
194.43097499999988	EXP	szo_kiir: text = "homeomorfizmus"
194.94925999999998	EXP	szo_kiir: autoDraw = true
197.11475499999995	DATA	Keydown: ArrowRight
197.13942499999996	EXP	szo_kiir: autoDraw = false
197.13942499999996	EXP	szo_kiir: color = {"_rgb":[1,1,1]}
197.13942499999996	EXP	szo_kiir: text = "heliotropizmus"
197.649	EXP	szo_kiir: autoDraw = true
199.90195000000006	DATA	Keydown: ArrowLeft
199.9140799999999	EXP	szo_kiir: autoDraw = false
199.9140799999999	EXP	szo_kiir: color = {"_rgb":[1,1,1]}
199.9140799999999	EXP	szo_kiir: text = "hasonértékű"
200.4317749999999	EXP	szo_kiir: autoDraw = true
201.07203500000003	DATA	Keydown: ArrowRight
201.07984	EXP	szo_kiir: autoDraw = false
201.07984	EXP	szo_kiir: color = {"_rgb":[1,1,1]}
201.07984	EXP	szo_kiir: text = "truccol"
201.5987449999999	EXP	szo_kiir: autoDraw = true
202.57126499999993	DATA	Keydown: ArrowLeft
202.57977500000004	EXP	szo_kiir: autoDraw = false
202.57977500000004	EXP	szo_kiir: color = {"_rgb":[1,1,1]}
202.57977500000004	EXP	szo_kiir: text = "ellagcse"
203.09799499999997	EXP	szo_kiir: autoDraw = true
204.06868500000007	DATA	Keydown: ArrowLeft
204.08448499999997	EXP	szo_kiir: autoDraw = false
204.08448499999997	EXP	szo_kiir: color = {"_rgb":[1,1,1]}
204.08448499999997	EXP	szo_kiir: text = "fogózkodik"
204.59826499999997	EXP	szo_kiir: autoDraw = true
205.40533500000004	DATA	Keydown: ArrowRight
205.41269499999984	EXP	szo_kiir: autoDraw = false
205.41269499999984	EXP	szo_kiir: color = {"_rgb":[1,1,1]}
205.41269499999984	EXP	szo_kiir: text = "hendesen"
205.93106	EXP	szo_kiir: autoDraw = true
206.82000499999992	DATA	Keydown: ArrowLeft
206.83367499999997	EXP	szo_kiir: autoDraw = false
206.83367499999997	EXP	szo_kiir: color = {"_rgb":[1,1,1]}
206.83367499999997	EXP	szo_kiir: text = "cugehőr"
207.34731	EXP	szo_kiir: autoDraw = true
208.41748999999993	DATA	Keydown: ArrowLeft
208.42899999999997	EXP	szo_kiir: autoDraw = false
208.42899999999997	EXP	szo_kiir: color = {"_rgb":[1,1,1]}
208.42899999999997	EXP	szo_kiir: text = "takorák"
208.947225	EXP	szo_kiir: autoDraw = true
210.01905499999987	DATA	Keydown: ArrowLeft
210.02868499999988	EXP	szo_kiir: autoDraw = false
210.02868499999988	EXP	szo_kiir: color = {"_rgb":[1,1,1]}
210.02868499999988	EXP	szo_kiir: text = "tángál"
210.54697999999993	EXP	szo_kiir: autoDraw = true
211.52294500000005	DATA	Keydown: ArrowLeft
211.5285	EXP	szo_kiir: autoDraw = false
211.5285	EXP	szo_kiir: color = {"_rgb":[1,1,1]}
211.5285	EXP	szo_kiir: text = "dévánkozik"
212.04706499999986	EXP	szo_kiir: autoDraw = true
213.98021000000006	DATA	Keydown: ArrowLeft
213.99969499999986	EXP	szo_kiir: autoDraw = false
213.99969499999986	EXP	szo_kiir: color = {"_rgb":[1,1,1]}
213.99969499999986	EXP	szo_kiir: text = "meleglaboratórium"
214.51429999999993	EXP	szo_kiir: autoDraw = true
216.52690500000006	DATA	Keydown: ArrowLeft
216.54500500000006	EXP	szo_kiir: autoDraw = false
216.54500500000006	EXP	szo_kiir: color = {"_rgb":[1,1,1]}
216.54500500000006	EXP	szo_kiir: text = "lexikológus"
217.0630399999999	EXP	szo_kiir: autoDraw = true
218.07209	DATA	Keydown: ArrowRight
218.07782499999996	EXP	szo_kiir: autoDraw = false
218.07782499999996	EXP	szo_kiir: color = {"_rgb":[1,1,1]}
218.07782499999996	EXP	szo_kiir: text = "garn"
218.59580999999991	EXP	szo_kiir: autoDraw = true
219.40244500000006	DATA	Keydown: ArrowLeft
219.41602	EXP	szo_kiir: autoDraw = false
219.41602	EXP	szo_kiir: color = {"_rgb":[1,1,1]}
219.41602	EXP	szo_kiir: text = "elcsigázódik"
219.92962	EXP	szo_kiir: autoDraw = true
220.89546499999994	DATA	Keydown: ArrowRight
220.91161499999987	EXP	szo_kiir: autoDraw = false
220.91161499999987	EXP	szo_kiir: color = {"_rgb":[1,1,1]}
220.91161499999987	EXP	szo_kiir: text = "cirkalmaz"
221.42984999999987	EXP	szo_kiir: autoDraw = true
222.2699099999999	DATA	Keydown: ArrowLeft
222.27722000000006	EXP	szo_kiir: autoDraw = false
222.27722000000006	EXP	szo_kiir: color = {"_rgb":[1,1,1]}
222.27722000000006	EXP	szo_kiir: text = "alka"
222.79589500000012	EXP	szo_kiir: autoDraw = true
223.47598000000008	DATA	Keydown: ArrowLeft
223.49754999999993	EXP	szo_kiir: autoDraw = false
223.49754999999993	EXP	szo_kiir: color = {"_rgb":[1,1,1]}
223.49754999999993	EXP	szo_kiir: text = "nyüzsgölődik"
224.01208499999996	EXP	szo_kiir: autoDraw = true
225.21114499999987	DATA	Keydown: ArrowLeft
225.226855	EXP	szo_kiir: autoDraw = false
225.226855	EXP	szo_kiir: color = {"_rgb":[1,1,1]}
225.226855	EXP	szo_kiir: text = "kosi"
225.7453999999999	EXP	szo_kiir: autoDraw = true
226.53325499999994	DATA	Keydown: ArrowLeft
226.54318999999998	EXP	szo_kiir: autoDraw = false
226.54318999999998	EXP	szo_kiir: color = {"_rgb":[1,1,1]}
226.54318999999998	EXP	szo_kiir: text = "disszertál"
227.06153000000006	EXP	szo_kiir: autoDraw = true
227.82842500000004	DATA	Keydown: ArrowRight
227.84848	EXP	szo_kiir: autoDraw = false
227.84848	EXP	szo_kiir: color = {"_rgb":[1,1,1]}
227.84848	EXP	szo_kiir: text = "szélmalomszárny"
228.36334499999987	EXP	szo_kiir: autoDraw = true
230.71087	DATA	Keydown: ArrowRight
230.72604999999987	EXP	szo_kiir: autoDraw = false
230.72604999999987	EXP	szo_kiir: color = {"_rgb":[1,1,1]}
230.72604999999987	EXP	szo_kiir: text = "desszertestál"
231.24473	EXP	szo_kiir: autoDraw = true
233.25356499999984	DATA	Keydown: ArrowRight
233.26418499999988	EXP	szo_kiir: autoDraw = false
233.26418499999988	EXP	szo_kiir: color = {"_rgb":[1,1,1]}
233.26418499999988	EXP	szo_kiir: text = "diszkretizál"
233.77776000000006	EXP	szo_kiir: autoDraw = true
234.96197999999993	DATA	Keydown: ArrowRight
234.97564	EXP	szo_kiir: autoDraw = false
234.97564	EXP	szo_kiir: color = {"_rgb":[1,1,1]}
234.97564	EXP	szo_kiir: text = "lecskediriz"
235.49375500000008	EXP	szo_kiir: autoDraw = true
236.45834499999987	DATA	Keydown: ArrowLeft
236.47951999999998	EXP	szo_kiir: autoDraw = false
236.47951999999998	EXP	szo_kiir: color = {"_rgb":[1,1,1]}
236.47951999999998	EXP	szo_kiir: text = "vektorinvariáns"
236.9937349999999	EXP	szo_kiir: autoDraw = true
237.9420449999999	DATA	Keydown: ArrowLeft
237.958935	EXP	szo_kiir: autoDraw = false
237.958935	EXP	szo_kiir: color = {"_rgb":[1,1,1]}
237.958935	EXP	szo_kiir: text = "párnásszék"
238.47693500000003	EXP	szo_kiir: autoDraw = true
240.00812000000008	DATA	Keydown: ArrowRight
240.02509999999995	EXP	szo_kiir: autoDraw = false
240.02509999999995	EXP	szo_kiir: color = {"_rgb":[1,1,1]}
240.02509999999995	EXP	szo_kiir: text = "degusztál"
240.54381000000004	EXP	szo_kiir: autoDraw = true
241.36424499999987	DATA	Keydown: ArrowLeft
241.3749099999999	EXP	szo_kiir: autoDraw = false
241.3749099999999	EXP	szo_kiir: color = {"_rgb":[1,1,1]}
241.3749099999999	EXP	szo_kiir: text = "cigazodox"
241.893735	EXP	szo_kiir: autoDraw = true
242.9236749999999	DATA	Keydown: ArrowLeft
242.94601499999987	EXP	szo_kiir: autoDraw = false
242.94601499999987	EXP	koszi_szoveg: autoDraw = true
246.2411249999999	DATA	Keydown:  
