0.06621499988250434	EXP	Created Window = Window( name=Window, fullscr=true, color=#000000, units=norm, waitBlanking=true, autoLog=true, size=[1366,608] )
2.3655949998646975	DATA	Keydown: Control
2.6342599999625236	DATA	Keydown: v
4.798479999881238	DATA	Keydown: Shift
4.8988749999552965	DATA	Keydown: N
6.2976699999999255	DATA	Keydown: ő
9.70020499988459	DATA	Keydown: 2
9.96586999995634	DATA	Keydown: 0
10.129124999977648	DATA	Keydown: 0
10.733099999837577	DATA	Keydown: 1
11.562359999865294	DATA	Keydown: .
12.538229999830946	DATA	Keydown: 0
12.851104999892414	DATA	Keydown: 3
13.199279999826103	DATA	Keydown: .
15.014369999989867	DATA	Keydown: 1
15.165494999848306	DATA	Keydown: 8
16.79426999995485	DATA	Keydown: Backspace
16.948390000034124	DATA	Keydown: Backspace
17.57837999984622	DATA	Keydown: 2
17.697849999880418	DATA	Keydown: 8
18.67856499995105	DATA	Keydown: .
21.563635000027716	DATA	Keydown: 1
22.394619999919087	DATA	Keydown: 3
26.265374999959022	EXP	Created instruction_text1 = TextStim( name=instruction_text1, win=Window( name=Window, fullscr=true, color=#000000, ~), autoDraw=null, autoLog=true, units=norm, ori=null, opacity=1, pos=[0,0], size=undefined, text=Ön most szavakat fog látni.

Ezek között lesznek o~, font=Arial, color=#ffffff, contrast=1, height=0.05, bold=null, italic=null, alignHoriz=left, alignVert=center, wrapWidth=1, flipHoriz=null, flipVert=null )
26.26657500001602	EXP	Created instruction_text2 = TextStim( name=instruction_text2, win=Window( name=Window, fullscr=true, color=#000000, ~), autoDraw=null, autoLog=true, units=norm, ori=null, opacity=1, pos=[0,0], size=undefined, text=Először két egyszerű példát mutatunk Önnek.

Az el~, font=Arial, color=#FFFFFF, contrast=1, height=0.05, bold=null, italic=null, alignHoriz=left, alignVert=center, wrapWidth=1, flipHoriz=null, flipVert=null )
26.26728000002913	EXP	Created show_text = TextStim( name=show_text, win=Window( name=Window, fullscr=true, color=#000000, ~), autoDraw=null, autoLog=true, units=norm, ori=null, opacity=1, pos=[0,0], size=undefined, text=asztal, font=Arial, color=#FFFFFF, contrast=1, height=0.2, bold=null, italic=null, alignHoriz=left, alignVert=center, wrapWidth=1, flipHoriz=null, flipVert=null )
26.267794999992475	EXP	Created text = TextStim( name=text, win=Window( name=Window, fullscr=true, color=#000000, ~), autoDraw=null, autoLog=true, units=norm, ori=null, opacity=1, pos=[0,0], size=undefined, text=bzsmfsztal, font=Arial, color=#FFFFFF, contrast=1, height=0.2, bold=null, italic=null, alignHoriz=left, alignVert=center, wrapWidth=1, flipHoriz=null, flipVert=null )
26.26833499991335	EXP	Created instruction_text3 = TextStim( name=instruction_text3, win=Window( name=Window, fullscr=true, color=#000000, ~), autoDraw=null, autoLog=true, units=norm, ori=null, opacity=1, pos=[0,0], size=undefined, text=Pazar. Most kezdődik az igazi kísérlet. Néhány per~, font=Arial, color=#FFFFFF, contrast=1, height=0.1, bold=null, italic=null, alignHoriz=left, alignVert=center, wrapWidth=1, flipHoriz=null, flipVert=null )
26.269164999946952	EXP	Created szo_kiir = TextStim( name=szo_kiir, win=Window( name=Window, fullscr=true, color=#000000, ~), autoDraw=null, autoLog=true, units=norm, ori=null, opacity=1, pos=[0,0], size=undefined, text=default text, font=Arial, color=#FFFFFF, contrast=1, height=0.2, bold=null, italic=null, alignHoriz=left, alignVert=center, wrapWidth=1, flipHoriz=null, flipVert=null )
26.272584999911487	EXP	Created koszi_szoveg = TextStim( name=koszi_szoveg, win=Window( name=Window, fullscr=true, color=#000000, ~), autoDraw=null, autoLog=true, units=norm, ori=null, opacity=1, pos=[0,0], size=undefined, text=Vége a kísérletnek. Köszönjük a részvételt!, font=arial, color=#ffffff, contrast=1, height=0.1, bold=null, italic=null, alignHoriz=left, alignVert=center, wrapWidth=1, flipHoriz=null, flipVert=null )
26.337899999925867	EXP	instruction_text1: units = "norm"
26.337899999925867	EXP	instruction_text1: ori = 0
26.337899999925867	EXP	instruction_text1: opacity = 1
26.337899999925867	EXP	instruction_text1: pos = [0,0]
26.337899999925867	EXP	instruction_text1: size = undefined
26.337899999925867	EXP	instruction_text1: text = "Ön most szavakat fog látni.\n\nEzek között lesznek olyanok, amelyeket ismer, de előfordulhatnak olyanok is, amelyeket nem ismer, sőt, vannak köztük kitalált szavak is. \n\nKérjük, ha ismeri a képernyőn látható szót, nyomja meg a JOBB kurzorbillentyűt.\nKérjük, ha NEM ismeri a képernyőn látható szót, vagy azt gondolja, nincs ilyen szó a magyarban, nyomja meg a BAL kurzorbillentyűt.\n\nAz 'Ismerem a szót' döntés itt most ezt jelenti: találkoztam már vele, és van valami elképzelésem a jelentéséről is.  \n\nNyomjon meg bármilyen billentyűt a folytatáshoz."
26.337899999925867	EXP	instruction_text1: font = "Arial"
26.337899999925867	EXP	instruction_text1: color = {"_rgb":[1,1,1]}
26.337899999925867	EXP	instruction_text1: contrast = 1
26.337899999925867	EXP	instruction_text1: height = 0.05
26.337899999925867	EXP	instruction_text1: bold = false
26.337899999925867	EXP	instruction_text1: italic = false
26.337899999925867	EXP	instruction_text1: alignHoriz = "left"
26.337899999925867	EXP	instruction_text1: alignVert = "center"
26.337899999925867	EXP	instruction_text1: wrapWidth = 1
26.337899999925867	EXP	instruction_text1: flipHoriz = false
26.337899999925867	EXP	instruction_text1: flipVert = false
26.337899999925867	EXP	instruction_text2: units = "norm"
26.337899999925867	EXP	instruction_text2: ori = 0
26.337899999925867	EXP	instruction_text2: opacity = 1
26.337899999925867	EXP	instruction_text2: pos = [0,0]
26.337899999925867	EXP	instruction_text2: size = undefined
26.337899999925867	EXP	instruction_text2: text = "Először két egyszerű példát mutatunk Önnek.\n\nAz első szó létezik a magyarban, és valószínűleg Ön is ismeri. Itt nyomja majd meg a jobb kurzorbillentyűt.\nA második szó nem létezik a magyar nyelvben. Itt nyomja majd meg a bal kurzorbillentyűt.\n\nFontos, hogy a jobb gombot a jobb kezével, a bal gombot a bal kezével nyomja, ha tudja, és ne egy kezét használja a kísérletben.\n\nNyomjon meg bármilyen gombot a folytatáshoz."
26.337899999925867	EXP	instruction_text2: font = "Arial"
26.337899999925867	EXP	instruction_text2: color = {"_hex":"#FFFFFF","_rgb":[1,1,1]}
26.337899999925867	EXP	instruction_text2: contrast = 1
26.337899999925867	EXP	instruction_text2: height = 0.05
26.337899999925867	EXP	instruction_text2: bold = false
26.337899999925867	EXP	instruction_text2: italic = false
26.337899999925867	EXP	instruction_text2: alignHoriz = "left"
26.337899999925867	EXP	instruction_text2: alignVert = "center"
26.337899999925867	EXP	instruction_text2: wrapWidth = 1
26.337899999925867	EXP	instruction_text2: flipHoriz = false
26.337899999925867	EXP	instruction_text2: flipVert = false
26.337899999925867	EXP	show_text: units = "norm"
26.337899999925867	EXP	show_text: ori = 0
26.337899999925867	EXP	show_text: opacity = 1
26.337899999925867	EXP	show_text: pos = [0,0]
26.337899999925867	EXP	show_text: size = undefined
26.337899999925867	EXP	show_text: text = "asztal"
26.337899999925867	EXP	show_text: font = "Arial"
26.337899999925867	EXP	show_text: color = {"_hex":"#FFFFFF","_rgb":[1,1,1]}
26.337899999925867	EXP	show_text: contrast = 1
26.337899999925867	EXP	show_text: height = 0.2
26.337899999925867	EXP	show_text: bold = false
26.337899999925867	EXP	show_text: italic = false
26.337899999925867	EXP	show_text: alignHoriz = "left"
26.337899999925867	EXP	show_text: alignVert = "center"
26.337899999925867	EXP	show_text: wrapWidth = 1
26.337899999925867	EXP	show_text: flipHoriz = false
26.337899999925867	EXP	show_text: flipVert = false
26.337899999925867	EXP	text: units = "norm"
26.337899999925867	EXP	text: ori = 0
26.337899999925867	EXP	text: opacity = 1
26.337899999925867	EXP	text: pos = [0,0]
26.337899999925867	EXP	text: size = undefined
26.337899999925867	EXP	text: text = "bzsmfsztal"
26.337899999925867	EXP	text: font = "Arial"
26.337899999925867	EXP	text: color = {"_hex":"#FFFFFF","_rgb":[1,1,1]}
26.337899999925867	EXP	text: contrast = 1
26.337899999925867	EXP	text: height = 0.2
26.337899999925867	EXP	text: bold = false
26.337899999925867	EXP	text: italic = false
26.337899999925867	EXP	text: alignHoriz = "left"
26.337899999925867	EXP	text: alignVert = "center"
26.337899999925867	EXP	text: wrapWidth = 1
26.337899999925867	EXP	text: flipHoriz = false
26.337899999925867	EXP	text: flipVert = false
26.337899999925867	EXP	instruction_text3: units = "norm"
26.337899999925867	EXP	instruction_text3: ori = 0
26.337899999925867	EXP	instruction_text3: opacity = 1
26.337899999925867	EXP	instruction_text3: pos = [0,0]
26.337899999925867	EXP	instruction_text3: size = undefined
26.337899999925867	EXP	instruction_text3: text = "Pazar. Most kezdődik az igazi kísérlet. Néhány percig fog tartani. Nem kell nagyon sietnie, de igyekezzen gyorsan válaszolni.\n\nNe feledje, ha tudja, a jobb gombot a jobbkezével, a bal gombot a balkezével nyomja le.\n\nNyomjon meg bármilyen gombot a folytatáshoz."
26.337899999925867	EXP	instruction_text3: font = "Arial"
26.337899999925867	EXP	instruction_text3: color = {"_hex":"#FFFFFF","_rgb":[1,1,1]}
26.337899999925867	EXP	instruction_text3: contrast = 1
26.337899999925867	EXP	instruction_text3: height = 0.1
26.337899999925867	EXP	instruction_text3: bold = false
26.337899999925867	EXP	instruction_text3: italic = false
26.337899999925867	EXP	instruction_text3: alignHoriz = "left"
26.337899999925867	EXP	instruction_text3: alignVert = "center"
26.337899999925867	EXP	instruction_text3: wrapWidth = 1
26.337899999925867	EXP	instruction_text3: flipHoriz = false
26.337899999925867	EXP	instruction_text3: flipVert = false
26.337899999925867	EXP	szo_kiir: units = "norm"
26.337899999925867	EXP	szo_kiir: ori = 0
26.337899999925867	EXP	szo_kiir: opacity = 1
26.337899999925867	EXP	szo_kiir: pos = [0,0]
26.337899999925867	EXP	szo_kiir: size = undefined
26.337899999925867	EXP	szo_kiir: text = "default text"
26.337899999925867	EXP	szo_kiir: font = "Arial"
26.337899999925867	EXP	szo_kiir: color = {"_hex":"#FFFFFF","_rgb":[1,1,1]}
26.337899999925867	EXP	szo_kiir: contrast = 1
26.337899999925867	EXP	szo_kiir: height = 0.2
26.337899999925867	EXP	szo_kiir: bold = false
26.337899999925867	EXP	szo_kiir: italic = false
26.337899999925867	EXP	szo_kiir: alignHoriz = "left"
26.337899999925867	EXP	szo_kiir: alignVert = "center"
26.337899999925867	EXP	szo_kiir: wrapWidth = 1
26.337899999925867	EXP	szo_kiir: flipHoriz = false
26.337899999925867	EXP	szo_kiir: flipVert = false
26.337899999925867	EXP	koszi_szoveg: units = "norm"
26.337899999925867	EXP	koszi_szoveg: ori = 0
26.337899999925867	EXP	koszi_szoveg: opacity = 1
26.337899999925867	EXP	koszi_szoveg: pos = [0,0]
26.337899999925867	EXP	koszi_szoveg: size = undefined
26.337899999925867	EXP	koszi_szoveg: text = "Vége a kísérletnek. Köszönjük a részvételt!"
26.337899999925867	EXP	koszi_szoveg: font = "arial"
26.337899999925867	EXP	koszi_szoveg: color = {"_rgb":[1,1,1]}
26.337899999925867	EXP	koszi_szoveg: contrast = 1
26.337899999925867	EXP	koszi_szoveg: height = 0.1
26.337899999925867	EXP	koszi_szoveg: bold = false
26.337899999925867	EXP	koszi_szoveg: italic = false
26.337899999925867	EXP	koszi_szoveg: alignHoriz = "left"
26.337899999925867	EXP	koszi_szoveg: alignVert = "center"
26.337899999925867	EXP	koszi_szoveg: wrapWidth = 1
26.337899999925867	EXP	koszi_szoveg: flipHoriz = false
26.337899999925867	EXP	koszi_szoveg: flipVert = false
26.337899999925867	EXP	instruction_text1: autoDraw = true
54.87260499992408	DATA	Mouse: 2 button down, pos=(752,400)
54.94886999996379	DATA	Mouse: 2 button down, pos=(752,400)
55.84614000003785	DATA	Mouse: 0 button down, pos=(734,395)
55.948055000044405	DATA	Mouse: 0 button down, pos=(734,395)
61.70814500004053	DATA	Keydown:  
61.734934999840334	EXP	instruction_text1: autoDraw = false
61.734934999840334	EXP	instruction_text2: autoDraw = true
77.77022999990731	DATA	Keydown: ArrowRight
77.78416000003926	EXP	instruction_text2: autoDraw = false
78.32098999992013	EXP	show_text: autoDraw = true
78.92278999998234	DATA	Keydown: ArrowRight
78.93035000003874	EXP	show_text: autoDraw = false
79.44254499999806	EXP	text: autoDraw = true
80.06987000000663	DATA	Keydown: ArrowLeft
80.13335999986157	EXP	text: autoDraw = false
80.13335999986157	EXP	instruction_text3: autoDraw = true
91.78522499999963	DATA	Keydown: ArrowRight
91.8503699998837	EXP	instruction_text3: autoDraw = false
91.8503699998837	EXP	szo_kiir: color = {"_rgb":[1,1,1]}
91.8503699998837	EXP	szo_kiir: text = "megy"
92.3721699998714	EXP	szo_kiir: autoDraw = true
92.93843999993987	DATA	Keydown: ArrowRight
92.94805000000633	EXP	szo_kiir: autoDraw = false
92.94805000000633	EXP	szo_kiir: color = {"_rgb":[1,1,1]}
92.94805000000633	EXP	szo_kiir: text = "címelés"
93.47177499998361	EXP	szo_kiir: autoDraw = true
94.18913999991491	DATA	Keydown: ArrowRight
94.1990049998276	EXP	szo_kiir: autoDraw = false
94.1990049998276	EXP	szo_kiir: color = {"_rgb":[1,1,1]}
94.1990049998276	EXP	szo_kiir: text = "igaz"
94.71927500003949	EXP	szo_kiir: autoDraw = true
95.25219499995	DATA	Keydown: ArrowRight
95.29797499999404	EXP	szo_kiir: autoDraw = false
95.29797499999404	EXP	szo_kiir: color = {"_rgb":[1,1,1]}
95.29797499999404	EXP	szo_kiir: text = "tojászköl"
95.82310499995947	EXP	szo_kiir: autoDraw = true
96.78413000004366	DATA	Keydown: ArrowLeft
96.79862000001594	EXP	szo_kiir: autoDraw = false
96.79862000001594	EXP	szo_kiir: color = {"_rgb":[1,1,1]}
96.79862000001594	EXP	szo_kiir: text = "nyújt"
97.32010999997146	EXP	szo_kiir: autoDraw = true
98.03654999984428	DATA	Keydown: ArrowRight
98.05443999986164	EXP	szo_kiir: autoDraw = false
98.05443999986164	EXP	szo_kiir: color = {"_rgb":[1,1,1]}
98.05443999986164	EXP	szo_kiir: text = "esemény"
98.56924999994226	EXP	szo_kiir: autoDraw = true
99.3092099998612	DATA	Keydown: ArrowRight
99.315094999969	EXP	szo_kiir: autoDraw = false
99.315094999969	EXP	szo_kiir: color = {"_rgb":[1,1,1]}
99.315094999969	EXP	szo_kiir: text = "kétikussi"
99.83112500002608	EXP	szo_kiir: autoDraw = true
100.63705999986269	DATA	Keydown: ArrowLeft
100.69055499997921	EXP	szo_kiir: autoDraw = false
100.69055499997921	EXP	szo_kiir: color = {"_rgb":[1,1,1]}
100.69055499997921	EXP	szo_kiir: text = "keresztény"
101.20097999996506	EXP	szo_kiir: autoDraw = true
101.79615499987267	DATA	Keydown: ArrowRight
101.81165000004694	EXP	szo_kiir: autoDraw = false
101.81165000004694	EXP	szo_kiir: color = {"_rgb":[1,1,1]}
101.81165000004694	EXP	szo_kiir: text = "lokkolhat"
102.33415000000969	EXP	szo_kiir: autoDraw = true
103.4816250000149	DATA	Keydown: ArrowLeft
103.51111999992281	EXP	szo_kiir: autoDraw = false
103.51111999992281	EXP	szo_kiir: color = {"_rgb":[1,1,1]}
103.51111999992281	EXP	szo_kiir: text = "mond"
104.03148499992676	EXP	szo_kiir: autoDraw = true
104.61841499991715	DATA	Keydown: ArrowRight
104.6295449999161	EXP	szo_kiir: autoDraw = false
104.6295449999161	EXP	szo_kiir: color = {"_rgb":[1,1,1]}
104.6295449999161	EXP	szo_kiir: text = "vörös"
105.15108500001952	EXP	szo_kiir: autoDraw = true
105.69755499996245	DATA	Keydown: ArrowRight
105.72846999997273	EXP	szo_kiir: autoDraw = false
105.72846999997273	EXP	szo_kiir: color = {"_rgb":[1,1,1]}
105.72846999997273	EXP	szo_kiir: text = "csomozdoni"
106.24774000002071	EXP	szo_kiir: autoDraw = true
107.19775499985553	DATA	Keydown: ArrowLeft
107.21192999999039	EXP	szo_kiir: autoDraw = false
107.21192999999039	EXP	szo_kiir: color = {"_rgb":[1,1,1]}
107.21192999999039	EXP	szo_kiir: text = "mobil"
107.73231999995187	EXP	szo_kiir: autoDraw = true
108.33138499991037	DATA	Keydown: ArrowRight
108.35752499988303	EXP	szo_kiir: autoDraw = false
108.35752499988303	EXP	szo_kiir: color = {"_rgb":[1,1,1]}
108.35752499988303	EXP	szo_kiir: text = "kér"
108.86537500005215	EXP	szo_kiir: autoDraw = true
109.29080499988049	DATA	Keydown: ArrowRight
109.29624999989755	EXP	szo_kiir: autoDraw = false
109.29624999989755	EXP	szo_kiir: color = {"_rgb":[1,1,1]}
109.29624999989755	EXP	szo_kiir: text = "borhátsz"
109.81602499983273	EXP	szo_kiir: autoDraw = true
110.75161499995738	DATA	Keydown: ArrowLeft
110.77694999985397	EXP	szo_kiir: autoDraw = false
110.77694999985397	EXP	szo_kiir: color = {"_rgb":[1,1,1]}
110.77694999985397	EXP	szo_kiir: text = "jogosult"
111.2982099999208	EXP	szo_kiir: autoDraw = true
111.91445499984547	DATA	Keydown: ArrowRight
111.9278349999804	EXP	szo_kiir: autoDraw = false
111.9278349999804	EXP	szo_kiir: color = {"_rgb":[1,1,1]}
111.9278349999804	EXP	szo_kiir: text = "figyelem"
112.44734499999322	EXP	szo_kiir: autoDraw = true
112.9820550000295	DATA	Keydown: ArrowRight
113.02151999995112	EXP	szo_kiir: autoDraw = false
113.02151999995112	EXP	szo_kiir: color = {"_rgb":[1,1,1]}
113.02151999995112	EXP	szo_kiir: text = "különbözik"
113.53341999999247	EXP	szo_kiir: autoDraw = true
114.23323499993421	DATA	Keydown: ArrowRight
114.24519499996677	EXP	szo_kiir: autoDraw = false
114.24519499996677	EXP	szo_kiir: color = {"_rgb":[1,1,1]}
114.24519499996677	EXP	szo_kiir: text = "konfúzusza"
114.76418499997817	EXP	szo_kiir: autoDraw = true
115.56062999996357	DATA	Keydown: ArrowLeft
115.58030999987386	EXP	szo_kiir: autoDraw = false
115.58030999987386	EXP	szo_kiir: color = {"_rgb":[1,1,1]}
115.58030999987386	EXP	szo_kiir: text = "trend"
116.09290999989025	EXP	szo_kiir: autoDraw = true
116.74217500002123	DATA	Keydown: ArrowRight
116.75779499998316	EXP	szo_kiir: autoDraw = false
116.75779499998316	EXP	szo_kiir: color = {"_rgb":[1,1,1]}
116.75779499998316	EXP	szo_kiir: text = "citrom"
117.27682999987155	EXP	szo_kiir: autoDraw = true
117.89206999982707	DATA	Keydown: ArrowRight
117.9132699999027	EXP	szo_kiir: autoDraw = false
117.9132699999027	EXP	szo_kiir: color = {"_rgb":[1,1,1]}
117.9132699999027	EXP	szo_kiir: text = "multinacionális"
118.43255999987014	EXP	szo_kiir: autoDraw = true
119.29923000000417	DATA	Keydown: ArrowRight
119.3094549998641	EXP	szo_kiir: autoDraw = false
119.3094549998641	EXP	szo_kiir: color = {"_rgb":[1,1,1]}
119.3094549998641	EXP	szo_kiir: text = "lánc"
119.83055999991484	EXP	szo_kiir: autoDraw = true
120.33241000003181	DATA	Keydown: ArrowRight
120.36026500002481	EXP	szo_kiir: autoDraw = false
120.36026500002481	EXP	szo_kiir: color = {"_rgb":[1,1,1]}
120.36026500002481	EXP	szo_kiir: text = "alapszik"
120.8814049998764	EXP	szo_kiir: autoDraw = true
121.38528499985114	DATA	Keydown: ArrowRight
121.39317999989726	EXP	szo_kiir: autoDraw = false
121.39317999989726	EXP	szo_kiir: color = {"_rgb":[1,1,1]}
121.39317999989726	EXP	szo_kiir: text = "producer"
121.91319999983534	EXP	szo_kiir: autoDraw = true
122.41631000000052	DATA	Keydown: ArrowRight
122.43438999983482	EXP	szo_kiir: autoDraw = false
122.43438999983482	EXP	szo_kiir: color = {"_rgb":[1,1,1]}
122.43438999983482	EXP	szo_kiir: text = "időszerű"
122.94825999997556	EXP	szo_kiir: autoDraw = true
123.53490999992937	DATA	Keydown: ArrowRight
123.54298999998719	EXP	szo_kiir: autoDraw = false
123.54298999998719	EXP	szo_kiir: color = {"_rgb":[1,1,1]}
123.54298999998719	EXP	szo_kiir: text = "alapszabály"
124.06677499995567	EXP	szo_kiir: autoDraw = true
124.68022500001825	DATA	Keydown: ArrowRight
124.7175199999474	EXP	szo_kiir: autoDraw = false
124.7175199999474	EXP	szo_kiir: color = {"_rgb":[1,1,1]}
124.7175199999474	EXP	szo_kiir: text = "diktátor"
125.23190500005148	EXP	szo_kiir: autoDraw = true
125.78982499986887	DATA	Keydown: ArrowRight
125.79666999983601	EXP	szo_kiir: autoDraw = false
125.79666999983601	EXP	szo_kiir: color = {"_rgb":[1,1,1]}
125.79666999983601	EXP	szo_kiir: text = "tévhit"
126.3134850000497	EXP	szo_kiir: autoDraw = true
126.77861499995925	DATA	Keydown: ArrowRight
126.80902000004426	EXP	szo_kiir: autoDraw = false
126.80902000004426	EXP	szo_kiir: color = {"_rgb":[1,1,1]}
126.80902000004426	EXP	szo_kiir: text = "puharmes"
127.33002500003204	EXP	szo_kiir: autoDraw = true
127.98633500002325	DATA	Keydown: ArrowRight
127.99353499989957	EXP	szo_kiir: autoDraw = false
127.99353499989957	EXP	szo_kiir: color = {"_rgb":[1,1,1]}
127.99353499989957	EXP	szo_kiir: text = "hajlik"
128.5124899998773	EXP	szo_kiir: autoDraw = true
129.58050999999978	DATA	Keydown: ArrowRight
129.59216000000015	EXP	szo_kiir: autoDraw = false
129.59216000000015	EXP	szo_kiir: color = {"_rgb":[1,1,1]}
129.59216000000015	EXP	szo_kiir: text = "heveny"
130.11317499983124	EXP	szo_kiir: autoDraw = true
130.66887499997392	DATA	Keydown: ArrowRight
130.6880649998784	EXP	szo_kiir: autoDraw = false
130.6880649998784	EXP	szo_kiir: color = {"_rgb":[1,1,1]}
130.6880649998784	EXP	szo_kiir: text = "rajzolódik"
131.19684499991126	EXP	szo_kiir: autoDraw = true
131.89920499990694	DATA	Keydown: ArrowRight
131.90540000004694	EXP	szo_kiir: autoDraw = false
131.90540000004694	EXP	szo_kiir: color = {"_rgb":[1,1,1]}
131.90540000004694	EXP	szo_kiir: text = "legiző"
132.4231650000438	EXP	szo_kiir: autoDraw = true
133.29924999992363	DATA	Keydown: ArrowLeft
133.32474499987438	EXP	szo_kiir: autoDraw = false
133.32474499987438	EXP	szo_kiir: color = {"_rgb":[1,1,1]}
133.32474499987438	EXP	szo_kiir: text = "kiletette"
133.84161999984644	EXP	szo_kiir: autoDraw = true
135.7959049998317	DATA	Keydown: ArrowLeft
135.80890499986708	EXP	szo_kiir: autoDraw = false
135.80890499986708	EXP	szo_kiir: color = {"_rgb":[1,1,1]}
135.80890499986708	EXP	szo_kiir: text = "pénzösszeg"
136.32765999995172	EXP	szo_kiir: autoDraw = true
137.4258550000377	DATA	Keydown: ArrowRight
137.46119499998167	EXP	szo_kiir: autoDraw = false
137.46119499998167	EXP	szo_kiir: color = {"_rgb":[1,1,1]}
137.46119499998167	EXP	szo_kiir: text = "megállóhely"
137.9774749998469	EXP	szo_kiir: autoDraw = true
138.58802999998443	DATA	Keydown: ArrowRight
138.6040300000459	EXP	szo_kiir: autoDraw = false
138.6040300000459	EXP	szo_kiir: color = {"_rgb":[1,1,1]}
138.6040300000459	EXP	szo_kiir: text = "pikusz"
139.122405000031	EXP	szo_kiir: autoDraw = true
140.5307099998463	DATA	Keydown: ArrowLeft
140.5417750000488	EXP	szo_kiir: autoDraw = false
140.5417750000488	EXP	szo_kiir: color = {"_rgb":[1,1,1]}
140.5417750000488	EXP	szo_kiir: text = "genom"
141.0557699999772	EXP	szo_kiir: autoDraw = true
141.97380499984138	DATA	Keydown: ArrowRight
141.98900499986485	EXP	szo_kiir: autoDraw = false
141.98900499986485	EXP	szo_kiir: color = {"_rgb":[1,1,1]}
141.98900499986485	EXP	szo_kiir: text = "stasassző"
142.5098899998702	EXP	szo_kiir: autoDraw = true
143.65945499995723	DATA	Keydown: ArrowLeft
143.68534999992698	EXP	szo_kiir: autoDraw = false
143.68534999992698	EXP	szo_kiir: color = {"_rgb":[1,1,1]}
143.68534999992698	EXP	szo_kiir: text = "fon"
144.19163999985904	EXP	szo_kiir: autoDraw = true
144.85858000000007	DATA	Keydown: ArrowRight
144.87323999986984	EXP	szo_kiir: autoDraw = false
144.87323999986984	EXP	szo_kiir: color = {"_rgb":[1,1,1]}
144.87323999986984	EXP	szo_kiir: text = "holografikus"
145.39273500000127	EXP	szo_kiir: autoDraw = true
146.09683499997482	DATA	Keydown: ArrowRight
146.11776999989524	EXP	szo_kiir: autoDraw = false
146.11776999989524	EXP	szo_kiir: color = {"_rgb":[1,1,1]}
146.11776999989524	EXP	szo_kiir: text = "embertömeg"
146.62579499999993	EXP	szo_kiir: autoDraw = true
147.3784699998796	DATA	Keydown: ArrowRight
147.3888699999079	EXP	szo_kiir: autoDraw = false
147.3888699999079	EXP	szo_kiir: color = {"_rgb":[1,1,1]}
147.3888699999079	EXP	szo_kiir: text = "kántitált"
147.90882500004955	EXP	szo_kiir: autoDraw = true
149.09238000004552	DATA	Keydown: ArrowLeft
149.10687999986112	EXP	szo_kiir: autoDraw = false
149.10687999986112	EXP	szo_kiir: color = {"_rgb":[1,1,1]}
149.10687999986112	EXP	szo_kiir: text = "nagybeteg"
149.6263049999252	EXP	szo_kiir: autoDraw = true
150.36786499992013	DATA	Keydown: ArrowRight
150.37413499993272	EXP	szo_kiir: autoDraw = false
150.37413499993272	EXP	szo_kiir: color = {"_rgb":[1,1,1]}
150.37413499993272	EXP	szo_kiir: text = "kolosszális"
150.89307500002906	EXP	szo_kiir: autoDraw = true
151.67541999998502	DATA	Keydown: ArrowRight
151.69065500004217	EXP	szo_kiir: autoDraw = false
151.69065500004217	EXP	szo_kiir: color = {"_rgb":[1,1,1]}
151.69065500004217	EXP	szo_kiir: text = "tópart"
152.2088499998208	EXP	szo_kiir: autoDraw = true
152.84018999990076	DATA	Keydown: ArrowRight
152.85517499991693	EXP	szo_kiir: autoDraw = false
152.85517499991693	EXP	szo_kiir: color = {"_rgb":[1,1,1]}
152.85517499991693	EXP	szo_kiir: text = "sikációzan"
153.37730999989435	EXP	szo_kiir: autoDraw = true
155.27521499991417	DATA	Keydown: ArrowLeft
155.30173499998637	EXP	szo_kiir: autoDraw = false
155.30173499998637	EXP	szo_kiir: color = {"_rgb":[1,1,1]}
155.30173499998637	EXP	szo_kiir: text = "tévedzik"
155.80801000003703	EXP	szo_kiir: autoDraw = true
157.10754500003532	DATA	Keydown: ArrowLeft
157.12075999984518	EXP	szo_kiir: autoDraw = false
157.12075999984518	EXP	szo_kiir: color = {"_rgb":[1,1,1]}
157.12075999984518	EXP	szo_kiir: text = "cselens"
157.6406549999956	EXP	szo_kiir: autoDraw = true
158.42117500002496	DATA	Keydown: ArrowLeft
158.43762999982573	EXP	szo_kiir: autoDraw = false
158.43762999982573	EXP	szo_kiir: color = {"_rgb":[1,1,1]}
158.43762999982573	EXP	szo_kiir: text = "szarkaláb"
158.95827499986626	EXP	szo_kiir: autoDraw = true
159.73179999995045	DATA	Keydown: ArrowRight
159.7349099998828	EXP	szo_kiir: autoDraw = false
159.7349099998828	EXP	szo_kiir: color = {"_rgb":[1,1,1]}
159.7349099998828	EXP	szo_kiir: text = "csengettyű"
160.25908500002697	EXP	szo_kiir: autoDraw = true
161.52698499988765	DATA	Keydown: ArrowRight
161.54226000001654	EXP	szo_kiir: autoDraw = false
161.54226000001654	EXP	szo_kiir: color = {"_rgb":[1,1,1]}
161.54226000001654	EXP	szo_kiir: text = "táborozik"
162.05677499994636	EXP	szo_kiir: autoDraw = true
162.78827999997884	DATA	Keydown: ArrowRight
162.8033399998676	EXP	szo_kiir: autoDraw = false
162.8033399998676	EXP	szo_kiir: color = {"_rgb":[1,1,1]}
162.8033399998676	EXP	szo_kiir: text = "konfirki"
163.32301499997266	EXP	szo_kiir: autoDraw = true
164.22116499999538	DATA	Keydown: ArrowLeft
164.24970999988727	EXP	szo_kiir: autoDraw = false
164.24970999988727	EXP	szo_kiir: color = {"_rgb":[1,1,1]}
164.24970999988727	EXP	szo_kiir: text = "meztelenkedik"
164.75517999986187	EXP	szo_kiir: autoDraw = true
165.76208499982022	DATA	Keydown: ArrowRight
165.76721499999985	EXP	szo_kiir: autoDraw = false
165.76721499999985	EXP	szo_kiir: color = {"_rgb":[1,1,1]}
165.76721499999985	EXP	szo_kiir: text = "szállingózik"
166.28923999983817	EXP	szo_kiir: autoDraw = true
166.9546149999369	DATA	Keydown: ArrowRight
166.98556499998085	EXP	szo_kiir: autoDraw = false
166.98556499998085	EXP	szo_kiir: color = {"_rgb":[1,1,1]}
166.98556499998085	EXP	szo_kiir: text = "műt"
167.50523999985307	EXP	szo_kiir: autoDraw = true
167.95472000003792	DATA	Keydown: ArrowRight
167.96875999984331	EXP	szo_kiir: autoDraw = false
167.96875999984331	EXP	szo_kiir: color = {"_rgb":[1,1,1]}
167.96875999984331	EXP	szo_kiir: text = "fehérít"
168.48349500005133	EXP	szo_kiir: autoDraw = true
168.8835399998352	DATA	Keydown: ArrowRight
168.90330499992706	EXP	szo_kiir: autoDraw = false
168.90330499992706	EXP	szo_kiir: color = {"_rgb":[1,1,1]}
168.90330499992706	EXP	szo_kiir: text = "oszcillál"
169.42241499992087	EXP	szo_kiir: autoDraw = true
170.28735999995843	DATA	Keydown: ArrowLeft
170.29923000000417	EXP	szo_kiir: autoDraw = false
170.29923000000417	EXP	szo_kiir: color = {"_rgb":[1,1,1]}
170.29923000000417	EXP	szo_kiir: text = "tamia"
170.8051249999553	EXP	szo_kiir: autoDraw = true
172.0710099998396	DATA	Keydown: ArrowLeft
172.0850199998822	EXP	szo_kiir: autoDraw = false
172.0850199998822	EXP	szo_kiir: color = {"_rgb":[1,1,1]}
172.0850199998822	EXP	szo_kiir: text = "mimézis"
172.60443499987014	EXP	szo_kiir: autoDraw = true
173.75465499982238	DATA	Keydown: ArrowLeft
173.76819500001147	EXP	szo_kiir: autoDraw = false
173.76819500001147	EXP	szo_kiir: color = {"_rgb":[1,1,1]}
173.76819500001147	EXP	szo_kiir: text = "megrohad"
174.28815999999642	EXP	szo_kiir: autoDraw = true
175.3115449999459	DATA	Keydown: ArrowRight
175.3347950000316	EXP	szo_kiir: autoDraw = false
175.3347950000316	EXP	szo_kiir: color = {"_rgb":[1,1,1]}
175.3347950000316	EXP	szo_kiir: text = "deszkalap"
175.85470999986865	EXP	szo_kiir: autoDraw = true
176.9578549999278	DATA	Keydown: ArrowRight
176.96733999997377	EXP	szo_kiir: autoDraw = false
176.96733999997377	EXP	szo_kiir: color = {"_rgb":[1,1,1]}
176.96733999997377	EXP	szo_kiir: text = "bóbiskol"
177.4879049998708	EXP	szo_kiir: autoDraw = true
178.16325999982655	DATA	Keydown: ArrowRight
178.18601499986835	EXP	szo_kiir: autoDraw = false
178.18601499986835	EXP	szo_kiir: color = {"_rgb":[1,1,1]}
178.18601499986835	EXP	szo_kiir: text = "kanalaz"
178.7000049999915	EXP	szo_kiir: autoDraw = true
179.40404499997385	DATA	Keydown: ArrowRight
179.41399499983527	EXP	szo_kiir: autoDraw = false
179.41399499983527	EXP	szo_kiir: color = {"_rgb":[1,1,1]}
179.41399499983527	EXP	szo_kiir: text = "fényesít"
179.93212000001222	EXP	szo_kiir: autoDraw = true
180.52710999990813	DATA	Keydown: ArrowRight
180.5344449998811	EXP	szo_kiir: autoDraw = false
180.5344449998811	EXP	szo_kiir: color = {"_rgb":[1,1,1]}
180.5344449998811	EXP	szo_kiir: text = "stósz"
181.04877999983728	EXP	szo_kiir: autoDraw = true
182.79503499995917	DATA	Keydown: ArrowLeft
182.7992849999573	EXP	szo_kiir: autoDraw = false
182.7992849999573	EXP	szo_kiir: color = {"_rgb":[1,1,1]}
182.7992849999573	EXP	szo_kiir: text = "agráregyetem"
183.31523499987088	EXP	szo_kiir: autoDraw = true
185.68531999993138	DATA	Keydown: ArrowRight
185.70105499983765	EXP	szo_kiir: autoDraw = false
185.70105499983765	EXP	szo_kiir: color = {"_rgb":[1,1,1]}
185.70105499983765	EXP	szo_kiir: text = "kocskesi"
186.22044499986805	EXP	szo_kiir: autoDraw = true
187.47037999983877	DATA	Keydown: ArrowLeft
187.495804999955	EXP	szo_kiir: autoDraw = false
187.495804999955	EXP	szo_kiir: color = {"_rgb":[1,1,1]}
187.495804999955	EXP	szo_kiir: text = "alexandrinus"
188.00453499983996	EXP	szo_kiir: autoDraw = true
190.19293499994092	DATA	Keydown: ArrowRight
190.2013099999167	EXP	szo_kiir: autoDraw = false
190.2013099999167	EXP	szo_kiir: color = {"_rgb":[1,1,1]}
190.2013099999167	EXP	szo_kiir: text = "kárörvend"
190.7210999999661	EXP	szo_kiir: autoDraw = true
191.5355050000362	DATA	Keydown: ArrowRight
191.56143999984488	EXP	szo_kiir: autoDraw = false
191.56143999984488	EXP	szo_kiir: color = {"_rgb":[1,1,1]}
191.56143999984488	EXP	szo_kiir: text = "csüggeszt"
192.06455500004813	EXP	szo_kiir: autoDraw = true
192.55746999988332	DATA	Keydown: ArrowRight
192.56569999991916	EXP	szo_kiir: autoDraw = false
192.56569999991916	EXP	szo_kiir: color = {"_rgb":[1,1,1]}
192.56569999991916	EXP	szo_kiir: text = "hazardírozik"
193.08076999988407	EXP	szo_kiir: autoDraw = true
194.40795999998227	DATA	Keydown: ArrowRight
194.4244549998548	EXP	szo_kiir: autoDraw = false
194.4244549998548	EXP	szo_kiir: color = {"_rgb":[1,1,1]}
194.4244549998548	EXP	szo_kiir: text = "kultúrállam"
194.93498999997973	EXP	szo_kiir: autoDraw = true
196.11520999995992	DATA	Keydown: ArrowRight
196.13039999990724	EXP	szo_kiir: autoDraw = false
196.13039999990724	EXP	szo_kiir: color = {"_rgb":[1,1,1]}
196.13039999990724	EXP	szo_kiir: text = "inhumánus"
196.6468950000126	EXP	szo_kiir: autoDraw = true
197.8000250000041	DATA	Keydown: ArrowRight
197.82637999998406	EXP	szo_kiir: autoDraw = false
197.82637999998406	EXP	szo_kiir: color = {"_rgb":[1,1,1]}
197.82637999998406	EXP	szo_kiir: text = "hízelkedik"
198.33516499982215	EXP	szo_kiir: autoDraw = true
199.1488149999641	DATA	Keydown: ArrowRight
199.16396000003442	EXP	szo_kiir: autoDraw = false
199.16396000003442	EXP	szo_kiir: color = {"_rgb":[1,1,1]}
199.16396000003442	EXP	szo_kiir: text = "parkkói"
199.6839649998583	EXP	szo_kiir: autoDraw = true
201.34759499994107	DATA	Keydown: ArrowLeft
201.36730999988504	EXP	szo_kiir: autoDraw = false
201.36730999988504	EXP	szo_kiir: color = {"_rgb":[1,1,1]}
201.36730999988504	EXP	szo_kiir: text = "zomás"
201.87871999992058	EXP	szo_kiir: autoDraw = true
202.69081999990158	DATA	Keydown: ArrowLeft
202.6939949998632	EXP	szo_kiir: autoDraw = false
202.6939949998632	EXP	szo_kiir: color = {"_rgb":[1,1,1]}
202.6939949998632	EXP	szo_kiir: text = "dobbant"
203.21142499987036	EXP	szo_kiir: autoDraw = true
203.88679499994032	DATA	Keydown: ArrowRight
203.90711999987252	EXP	szo_kiir: autoDraw = false
203.90711999987252	EXP	szo_kiir: color = {"_rgb":[1,1,1]}
203.90711999987252	EXP	szo_kiir: text = "bűvkör"
204.416479999898	EXP	szo_kiir: autoDraw = true
205.09896999993362	DATA	Keydown: ArrowRight
205.11061499989592	EXP	szo_kiir: autoDraw = false
205.11061499989592	EXP	szo_kiir: color = {"_rgb":[1,1,1]}
205.11061499989592	EXP	szo_kiir: text = "istenkedik"
205.634029999841	EXP	szo_kiir: autoDraw = true
206.32044499996118	DATA	Keydown: ArrowRight
206.3464699999895	EXP	szo_kiir: autoDraw = false
206.3464699999895	EXP	szo_kiir: color = {"_rgb":[1,1,1]}
206.3464699999895	EXP	szo_kiir: text = "zománcáru"
206.8667649999261	EXP	szo_kiir: autoDraw = true
207.9039149999153	DATA	Keydown: ArrowRight
207.91115499986336	EXP	szo_kiir: autoDraw = false
207.91115499986336	EXP	szo_kiir: color = {"_rgb":[1,1,1]}
207.91115499986336	EXP	szo_kiir: text = "hazardíroz"
208.42860999982804	EXP	szo_kiir: autoDraw = true
209.33266499987803	DATA	Keydown: ArrowRight
209.36060499981977	EXP	szo_kiir: autoDraw = false
209.36060499981977	EXP	szo_kiir: color = {"_rgb":[1,1,1]}
209.36060499981977	EXP	szo_kiir: text = "törzskönyvez"
209.86892000003718	EXP	szo_kiir: autoDraw = true
210.73201499995776	DATA	Keydown: ArrowRight
210.7462799998466	EXP	szo_kiir: autoDraw = false
210.7462799998466	EXP	szo_kiir: color = {"_rgb":[1,1,1]}
210.7462799998466	EXP	szo_kiir: text = "inta"
211.26607999997213	EXP	szo_kiir: autoDraw = true
212.22130999993533	DATA	Keydown: ArrowLeft
212.24556499999017	EXP	szo_kiir: autoDraw = false
212.24556499999017	EXP	szo_kiir: color = {"_rgb":[1,1,1]}
212.24556499999017	EXP	szo_kiir: text = "homeomorfizmus"
212.76021999982186	EXP	szo_kiir: autoDraw = true
215.23456500004977	DATA	Keydown: ArrowRight
215.24467499996535	EXP	szo_kiir: autoDraw = false
215.24467499996535	EXP	szo_kiir: color = {"_rgb":[1,1,1]}
215.24467499996535	EXP	szo_kiir: text = "rezervál"
215.75942999986	EXP	szo_kiir: autoDraw = true
216.93015999998897	DATA	Keydown: ArrowRight
216.95878500002436	EXP	szo_kiir: autoDraw = false
216.95878500002436	EXP	szo_kiir: color = {"_rgb":[1,1,1]}
216.95878500002436	EXP	szo_kiir: text = "tejeslány"
217.48031000001356	EXP	szo_kiir: autoDraw = true
219.08297499991022	DATA	Keydown: ArrowRight
219.0942249998916	EXP	szo_kiir: autoDraw = false
219.0942249998916	EXP	szo_kiir: color = {"_rgb":[1,1,1]}
219.0942249998916	EXP	szo_kiir: text = "áradmány"
219.61374499998055	EXP	szo_kiir: autoDraw = true
220.39605999994092	DATA	Keydown: ArrowRight
220.42788999993354	EXP	szo_kiir: autoDraw = false
220.42788999993354	EXP	szo_kiir: color = {"_rgb":[1,1,1]}
220.42788999993354	EXP	szo_kiir: text = "frakcionál"
220.9469599998556	EXP	szo_kiir: autoDraw = true
222.21402499987744	DATA	Keydown: ArrowRight
222.2275349998381	EXP	szo_kiir: autoDraw = false
222.2275349998381	EXP	szo_kiir: color = {"_rgb":[1,1,1]}
222.2275349998381	EXP	szo_kiir: text = "döföl"
222.74664499983191	EXP	szo_kiir: autoDraw = true
223.28334499988705	DATA	Keydown: ArrowRight
223.3098249998875	EXP	szo_kiir: autoDraw = false
223.3098249998875	EXP	szo_kiir: color = {"_rgb":[1,1,1]}
223.3098249998875	EXP	szo_kiir: text = "extuál"
223.82965500000864	EXP	szo_kiir: autoDraw = true
224.64311999990605	DATA	Keydown: ArrowLeft
224.6571849999018	EXP	szo_kiir: autoDraw = false
224.6571849999018	EXP	szo_kiir: color = {"_rgb":[1,1,1]}
224.6571849999018	EXP	szo_kiir: text = "heherész"
225.17967999982648	EXP	szo_kiir: autoDraw = true
226.36436999985017	DATA	Keydown: ArrowLeft
226.3760899999179	EXP	szo_kiir: autoDraw = false
226.3760899999179	EXP	szo_kiir: color = {"_rgb":[1,1,1]}
226.3760899999179	EXP	szo_kiir: text = "dévánkozik"
226.89198499987833	EXP	szo_kiir: autoDraw = true
228.25066999997944	DATA	Keydown: ArrowLeft
228.25814999989234	EXP	szo_kiir: autoDraw = false
228.25814999989234	EXP	szo_kiir: color = {"_rgb":[1,1,1]}
228.25814999989234	EXP	szo_kiir: text = "hérósz"
228.77963500004262	EXP	szo_kiir: autoDraw = true
229.53147499985062	DATA	Keydown: ArrowLeft
229.55230499990284	EXP	szo_kiir: autoDraw = false
229.55230499990284	EXP	szo_kiir: color = {"_rgb":[1,1,1]}
229.55230499990284	EXP	szo_kiir: text = "feltupíroz"
230.0612399999518	EXP	szo_kiir: autoDraw = true
230.86128499987535	DATA	Keydown: ArrowRight
230.87573500000872	EXP	szo_kiir: autoDraw = false
230.87573500000872	EXP	szo_kiir: color = {"_rgb":[1,1,1]}
230.87573500000872	EXP	szo_kiir: text = "móringol"
231.3953849999234	EXP	szo_kiir: autoDraw = true
232.16155499988236	DATA	Keydown: ArrowLeft
232.17366499989294	EXP	szo_kiir: autoDraw = false
232.17366499989294	EXP	szo_kiir: color = {"_rgb":[1,1,1]}
232.17366499989294	EXP	szo_kiir: text = "garn"
232.69511500000954	EXP	szo_kiir: autoDraw = true
233.54692999995314	DATA	Keydown: ArrowLeft
233.57395499991253	EXP	szo_kiir: autoDraw = false
233.57395499991253	EXP	szo_kiir: color = {"_rgb":[1,1,1]}
233.57395499991253	EXP	szo_kiir: text = "jóltart"
234.0945299998857	EXP	szo_kiir: autoDraw = true
235.51322999992408	DATA	Keydown: ArrowRight
235.5251949999947	EXP	szo_kiir: autoDraw = false
235.5251949999947	EXP	szo_kiir: color = {"_rgb":[1,1,1]}
235.5251949999947	EXP	szo_kiir: text = "fekcionák"
236.04383499990217	EXP	szo_kiir: autoDraw = true
236.91439499985427	DATA	Keydown: ArrowLeft
236.94023999990895	EXP	szo_kiir: autoDraw = false
236.94023999990895	EXP	szo_kiir: color = {"_rgb":[1,1,1]}
236.94023999990895	EXP	szo_kiir: text = "periodogram"
237.44533000001684	EXP	szo_kiir: autoDraw = true
241.5450599999167	DATA	Keydown: ArrowLeft
241.55825999984518	EXP	szo_kiir: autoDraw = false
241.55825999984518	EXP	szo_kiir: color = {"_rgb":[1,1,1]}
241.55825999984518	EXP	szo_kiir: text = "spiritualizál"
242.07771499990486	EXP	szo_kiir: autoDraw = true
244.34050499997102	DATA	Keydown: ArrowRight
244.35443499987014	EXP	szo_kiir: autoDraw = false
244.35443499987014	EXP	szo_kiir: color = {"_rgb":[1,1,1]}
244.35443499987014	EXP	szo_kiir: text = "lalláz"
244.87608499987982	EXP	szo_kiir: autoDraw = true
245.73382500000298	DATA	Keydown: ArrowLeft
245.73946999991313	EXP	szo_kiir: autoDraw = false
245.73946999991313	EXP	szo_kiir: color = {"_rgb":[1,1,1]}
245.73946999991313	EXP	szo_kiir: text = "rámáz"
246.25811499985866	EXP	szo_kiir: autoDraw = true
247.42782499990426	DATA	Keydown: ArrowRight
247.44975499995053	EXP	szo_kiir: autoDraw = false
247.44975499995053	EXP	szo_kiir: color = {"_rgb":[1,1,1]}
247.44975499995053	EXP	szo_kiir: text = "antikommutatív"
247.9592499998398	EXP	szo_kiir: autoDraw = true
249.5659099998884	DATA	Keydown: ArrowRight
249.57268999982625	EXP	szo_kiir: autoDraw = false
249.57268999982625	EXP	szo_kiir: color = {"_rgb":[1,1,1]}
249.57268999982625	EXP	szo_kiir: text = "szélmalomszárny"
250.09328499995172	EXP	szo_kiir: autoDraw = true
253.22120999987237	DATA	Keydown: ArrowRight
253.25536499987356	EXP	szo_kiir: autoDraw = false
253.25536499987356	EXP	szo_kiir: color = {"_rgb":[1,1,1]}
253.25536499987356	EXP	szo_kiir: text = "villi"
253.775009999983	EXP	szo_kiir: autoDraw = true
254.6839649998583	DATA	Keydown: ArrowLeft
254.69008999993093	EXP	szo_kiir: autoDraw = false
254.69008999993093	EXP	szo_kiir: color = {"_rgb":[1,1,1]}
254.69008999993093	EXP	szo_kiir: text = "összám"
255.2076099999249	EXP	szo_kiir: autoDraw = true
257.6228799999226	DATA	Keydown: ArrowLeft
257.6541549998801	EXP	szo_kiir: autoDraw = false
257.6541549998801	EXP	szo_kiir: color = {"_rgb":[1,1,1]}
257.6541549998801	EXP	szo_kiir: text = "beszittyózik"
258.17464499990456	EXP	szo_kiir: autoDraw = true
260.02583499997854	DATA	Keydown: ArrowRight
260.0368099999614	EXP	szo_kiir: autoDraw = false
260.0368099999614	EXP	szo_kiir: color = {"_rgb":[1,1,1]}
260.0368099999614	EXP	szo_kiir: text = "gyámpont"
260.55828500003554	EXP	szo_kiir: autoDraw = true
261.8413549999241	DATA	Keydown: ArrowRight
261.8559599998407	EXP	szo_kiir: autoDraw = false
261.8559599998407	EXP	koszi_szoveg: autoDraw = true
263.59149499982595	DATA	Keydown: ArrowRight
