0.08070000004954636	EXP	Created Window = Window( name=Window, fullscr=true, color=#000000, units=norm, waitBlanking=true, autoLog=true, size=[1536,722] )
4.071540000033565	DATA	Keydown: 2
4.388374999980442	DATA	Keydown: 3
6.720280000008643	DATA	Keydown: undefined
9.672365000005811	DATA	Keydown:  
10.43434499995783	DATA	Keydown: n
10.736284999991767	DATA	Keydown: ő
13.516159999999218	DATA	Keydown: 1
13.791880000033416	DATA	Keydown: 9
14.002695000031963	DATA	Keydown: 9
14.43261999997776	DATA	Keydown: 9
15.082159999990836	DATA	Keydown: .
15.453579999972135	DATA	Keydown: 1
15.622815000009723	DATA	Keydown: 1
15.767119999974966	DATA	Keydown: .
15.975325000006706	DATA	Keydown: 0
16.200949999969453	DATA	Keydown: 1
16.66787000000477	DATA	Keydown: .
20.247764999978244	DATA	Keydown: 1
20.53269000002183	DATA	Keydown: 3
32.05079999996815	EXP	Created instruction_text1 = TextStim( name=instruction_text1, win=Window( name=Window, fullscr=true, color=#000000, ~), autoDraw=null, autoLog=true, units=norm, ori=null, opacity=1, pos=[0,0], size=undefined, text=Ön most szavakat fog látni.

Ezek között lesznek o~, font=Arial, color=#ffffff, contrast=1, height=0.05, bold=null, italic=null, alignHoriz=left, alignVert=center, wrapWidth=1, flipHoriz=null, flipVert=null )
32.06657000002451	EXP	Created instruction_text2 = TextStim( name=instruction_text2, win=Window( name=Window, fullscr=true, color=#000000, ~), autoDraw=null, autoLog=true, units=norm, ori=null, opacity=1, pos=[0,0], size=undefined, text=Először két egyszerű példát mutatunk Önnek.

Az el~, font=Arial, color=#FFFFFF, contrast=1, height=0.05, bold=null, italic=null, alignHoriz=left, alignVert=center, wrapWidth=1, flipHoriz=null, flipVert=null )
32.06984999997076	EXP	Created show_text = TextStim( name=show_text, win=Window( name=Window, fullscr=true, color=#000000, ~), autoDraw=null, autoLog=true, units=norm, ori=null, opacity=1, pos=[0,0], size=undefined, text=asztal, font=Arial, color=#FFFFFF, contrast=1, height=0.2, bold=null, italic=null, alignHoriz=left, alignVert=center, wrapWidth=1, flipHoriz=null, flipVert=null )
32.07227999996394	EXP	Created text = TextStim( name=text, win=Window( name=Window, fullscr=true, color=#000000, ~), autoDraw=null, autoLog=true, units=norm, ori=null, opacity=1, pos=[0,0], size=undefined, text=bzsmfsztal, font=Arial, color=#FFFFFF, contrast=1, height=0.2, bold=null, italic=null, alignHoriz=left, alignVert=center, wrapWidth=1, flipHoriz=null, flipVert=null )
32.07785999996122	EXP	Created instruction_text3 = TextStim( name=instruction_text3, win=Window( name=Window, fullscr=true, color=#000000, ~), autoDraw=null, autoLog=true, units=norm, ori=null, opacity=1, pos=[0,0], size=undefined, text=Pazar. Most kezdődik az igazi kísérlet. Néhány per~, font=Arial, color=#FFFFFF, contrast=1, height=0.1, bold=null, italic=null, alignHoriz=left, alignVert=center, wrapWidth=1, flipHoriz=null, flipVert=null )
32.07895999995526	EXP	Created szo_kiir = TextStim( name=szo_kiir, win=Window( name=Window, fullscr=true, color=#000000, ~), autoDraw=null, autoLog=true, units=norm, ori=null, opacity=1, pos=[0,0], size=undefined, text=default text, font=Arial, color=#FFFFFF, contrast=1, height=0.2, bold=null, italic=null, alignHoriz=left, alignVert=center, wrapWidth=1, flipHoriz=null, flipVert=null )
32.08031999995001	EXP	Created koszi_szoveg = TextStim( name=koszi_szoveg, win=Window( name=Window, fullscr=true, color=#000000, ~), autoDraw=null, autoLog=true, units=norm, ori=null, opacity=1, pos=[0,0], size=undefined, text=Vége a kísérletnek. Köszönjük a részvételt!, font=arial, color=#ffffff, contrast=1, height=0.1, bold=null, italic=null, alignHoriz=left, alignVert=center, wrapWidth=1, flipHoriz=null, flipVert=null )
32.14550500002224	EXP	instruction_text1: units = "norm"
32.14550500002224	EXP	instruction_text1: ori = 0
32.14550500002224	EXP	instruction_text1: opacity = 1
32.14550500002224	EXP	instruction_text1: pos = [0,0]
32.14550500002224	EXP	instruction_text1: size = undefined
32.14550500002224	EXP	instruction_text1: text = "Ön most szavakat fog látni.\n\nEzek között lesznek olyanok, amelyeket ismer, de előfordulhatnak olyanok is, amelyeket nem ismer, sőt, vannak köztük kitalált szavak is. \n\nKérjük, ha ismeri a képernyőn látható szót, nyomja meg a JOBB kurzorbillentyűt.\nKérjük, ha NEM ismeri a képernyőn látható szót, vagy azt gondolja, nincs ilyen szó a magyarban, nyomja meg a BAL kurzorbillentyűt.\n\nAz 'Ismerem a szót' döntés itt most ezt jelenti: találkoztam már vele, és van valami elképzelésem a jelentéséről is.  \n\nNyomjon meg bármilyen billentyűt a folytatáshoz."
32.14550500002224	EXP	instruction_text1: font = "Arial"
32.14550500002224	EXP	instruction_text1: color = {"_rgb":[1,1,1]}
32.14550500002224	EXP	instruction_text1: contrast = 1
32.14550500002224	EXP	instruction_text1: height = 0.05
32.14550500002224	EXP	instruction_text1: bold = false
32.14550500002224	EXP	instruction_text1: italic = false
32.14550500002224	EXP	instruction_text1: alignHoriz = "left"
32.14550500002224	EXP	instruction_text1: alignVert = "center"
32.14550500002224	EXP	instruction_text1: wrapWidth = 1
32.14550500002224	EXP	instruction_text1: flipHoriz = false
32.14550500002224	EXP	instruction_text1: flipVert = false
32.14550500002224	EXP	instruction_text2: units = "norm"
32.14550500002224	EXP	instruction_text2: ori = 0
32.14550500002224	EXP	instruction_text2: opacity = 1
32.14550500002224	EXP	instruction_text2: pos = [0,0]
32.14550500002224	EXP	instruction_text2: size = undefined
32.14550500002224	EXP	instruction_text2: text = "Először két egyszerű példát mutatunk Önnek.\n\nAz első szó létezik a magyarban, és valószínűleg Ön is ismeri. Itt nyomja majd meg a jobb kurzorbillentyűt.\nA második szó nem létezik a magyar nyelvben. Itt nyomja majd meg a bal kurzorbillentyűt.\n\nFontos, hogy a jobb gombot a jobb kezével, a bal gombot a bal kezével nyomja, ha tudja, és ne egy kezét használja a kísérletben.\n\nNyomjon meg bármilyen gombot a folytatáshoz."
32.14550500002224	EXP	instruction_text2: font = "Arial"
32.14550500002224	EXP	instruction_text2: color = {"_hex":"#FFFFFF","_rgb":[1,1,1]}
32.14550500002224	EXP	instruction_text2: contrast = 1
32.14550500002224	EXP	instruction_text2: height = 0.05
32.14550500002224	EXP	instruction_text2: bold = false
32.14550500002224	EXP	instruction_text2: italic = false
32.14550500002224	EXP	instruction_text2: alignHoriz = "left"
32.14550500002224	EXP	instruction_text2: alignVert = "center"
32.14550500002224	EXP	instruction_text2: wrapWidth = 1
32.14550500002224	EXP	instruction_text2: flipHoriz = false
32.14550500002224	EXP	instruction_text2: flipVert = false
32.14550500002224	EXP	show_text: units = "norm"
32.14550500002224	EXP	show_text: ori = 0
32.14550500002224	EXP	show_text: opacity = 1
32.14550500002224	EXP	show_text: pos = [0,0]
32.14550500002224	EXP	show_text: size = undefined
32.14550500002224	EXP	show_text: text = "asztal"
32.14550500002224	EXP	show_text: font = "Arial"
32.14550500002224	EXP	show_text: color = {"_hex":"#FFFFFF","_rgb":[1,1,1]}
32.14550500002224	EXP	show_text: contrast = 1
32.14550500002224	EXP	show_text: height = 0.2
32.14550500002224	EXP	show_text: bold = false
32.14550500002224	EXP	show_text: italic = false
32.14550500002224	EXP	show_text: alignHoriz = "left"
32.14550500002224	EXP	show_text: alignVert = "center"
32.14550500002224	EXP	show_text: wrapWidth = 1
32.14550500002224	EXP	show_text: flipHoriz = false
32.14550500002224	EXP	show_text: flipVert = false
32.14550500002224	EXP	text: units = "norm"
32.14550500002224	EXP	text: ori = 0
32.14550500002224	EXP	text: opacity = 1
32.14550500002224	EXP	text: pos = [0,0]
32.14550500002224	EXP	text: size = undefined
32.14550500002224	EXP	text: text = "bzsmfsztal"
32.14550500002224	EXP	text: font = "Arial"
32.14550500002224	EXP	text: color = {"_hex":"#FFFFFF","_rgb":[1,1,1]}
32.14550500002224	EXP	text: contrast = 1
32.14550500002224	EXP	text: height = 0.2
32.14550500002224	EXP	text: bold = false
32.14550500002224	EXP	text: italic = false
32.14550500002224	EXP	text: alignHoriz = "left"
32.14550500002224	EXP	text: alignVert = "center"
32.14550500002224	EXP	text: wrapWidth = 1
32.14550500002224	EXP	text: flipHoriz = false
32.14550500002224	EXP	text: flipVert = false
32.14550500002224	EXP	instruction_text3: units = "norm"
32.14550500002224	EXP	instruction_text3: ori = 0
32.14550500002224	EXP	instruction_text3: opacity = 1
32.14550500002224	EXP	instruction_text3: pos = [0,0]
32.14550500002224	EXP	instruction_text3: size = undefined
32.14550500002224	EXP	instruction_text3: text = "Pazar. Most kezdődik az igazi kísérlet. Néhány percig fog tartani. Nem kell nagyon sietnie, de igyekezzen gyorsan válaszolni.\n\nNe feledje, ha tudja, a jobb gombot a jobbkezével, a bal gombot a balkezével nyomja le.\n\nNyomjon meg bármilyen gombot a folytatáshoz."
32.14550500002224	EXP	instruction_text3: font = "Arial"
32.14550500002224	EXP	instruction_text3: color = {"_hex":"#FFFFFF","_rgb":[1,1,1]}
32.14550500002224	EXP	instruction_text3: contrast = 1
32.14550500002224	EXP	instruction_text3: height = 0.1
32.14550500002224	EXP	instruction_text3: bold = false
32.14550500002224	EXP	instruction_text3: italic = false
32.14550500002224	EXP	instruction_text3: alignHoriz = "left"
32.14550500002224	EXP	instruction_text3: alignVert = "center"
32.14550500002224	EXP	instruction_text3: wrapWidth = 1
32.14550500002224	EXP	instruction_text3: flipHoriz = false
32.14550500002224	EXP	instruction_text3: flipVert = false
32.14550500002224	EXP	szo_kiir: units = "norm"
32.14550500002224	EXP	szo_kiir: ori = 0
32.14550500002224	EXP	szo_kiir: opacity = 1
32.14550500002224	EXP	szo_kiir: pos = [0,0]
32.14550500002224	EXP	szo_kiir: size = undefined
32.14550500002224	EXP	szo_kiir: text = "default text"
32.14550500002224	EXP	szo_kiir: font = "Arial"
32.14550500002224	EXP	szo_kiir: color = {"_hex":"#FFFFFF","_rgb":[1,1,1]}
32.14550500002224	EXP	szo_kiir: contrast = 1
32.14550500002224	EXP	szo_kiir: height = 0.2
32.14550500002224	EXP	szo_kiir: bold = false
32.14550500002224	EXP	szo_kiir: italic = false
32.14550500002224	EXP	szo_kiir: alignHoriz = "left"
32.14550500002224	EXP	szo_kiir: alignVert = "center"
32.14550500002224	EXP	szo_kiir: wrapWidth = 1
32.14550500002224	EXP	szo_kiir: flipHoriz = false
32.14550500002224	EXP	szo_kiir: flipVert = false
32.14550500002224	EXP	koszi_szoveg: units = "norm"
32.14550500002224	EXP	koszi_szoveg: ori = 0
32.14550500002224	EXP	koszi_szoveg: opacity = 1
32.14550500002224	EXP	koszi_szoveg: pos = [0,0]
32.14550500002224	EXP	koszi_szoveg: size = undefined
32.14550500002224	EXP	koszi_szoveg: text = "Vége a kísérletnek. Köszönjük a részvételt!"
32.14550500002224	EXP	koszi_szoveg: font = "arial"
32.14550500002224	EXP	koszi_szoveg: color = {"_rgb":[1,1,1]}
32.14550500002224	EXP	koszi_szoveg: contrast = 1
32.14550500002224	EXP	koszi_szoveg: height = 0.1
32.14550500002224	EXP	koszi_szoveg: bold = false
32.14550500002224	EXP	koszi_szoveg: italic = false
32.14550500002224	EXP	koszi_szoveg: alignHoriz = "left"
32.14550500002224	EXP	koszi_szoveg: alignVert = "center"
32.14550500002224	EXP	koszi_szoveg: wrapWidth = 1
32.14550500002224	EXP	koszi_szoveg: flipHoriz = false
32.14550500002224	EXP	koszi_szoveg: flipVert = false
32.14550500002224	EXP	instruction_text1: autoDraw = true
95.67059500003234	DATA	Keydown:  
95.70790999999736	EXP	instruction_text1: autoDraw = false
95.70790999999736	EXP	instruction_text2: autoDraw = true
117.087835000013	DATA	Keydown:  
117.10083000001032	EXP	instruction_text2: autoDraw = false
117.64413499995135	EXP	show_text: autoDraw = true
118.41177000000607	DATA	Mouse: 0 button down, pos=(852.8000127077103,710.4000105857849)
118.58437000005506	DATA	Mouse: 2 button down, pos=(852.8000127077103,708.800010561943)
120.71871499996632	DATA	Mouse: 0 button down, pos=(834.4000124335289,536.0000079870224)
120.93246499996167	DATA	Mouse: 2 button down, pos=(836.0000124573708,535.2000079751015)
130.7040150000248	DATA	Mouse: 0 button down, pos=(760.0000113248825,460.8000068664551)
130.83418999996502	DATA	Mouse: 0 button down, pos=(760.0000113248825,461.600006878376)
131.29290000000037	DATA	Keydown: ArrowRight
131.29874500003643	EXP	show_text: autoDraw = false
131.82594000000972	EXP	text: autoDraw = true
133.7569750000257	DATA	Keydown: ArrowLeft
133.8697450000327	EXP	text: autoDraw = false
133.8697450000327	EXP	instruction_text3: autoDraw = true
147.04986000002827	DATA	Keydown: ArrowRight
147.18469499994535	EXP	instruction_text3: autoDraw = false
147.18469499994535	EXP	szo_kiir: color = {"_rgb":[1,1,1]}
147.18469499994535	EXP	szo_kiir: text = "nagy"
147.70702500001062	EXP	szo_kiir: autoDraw = true
148.70030499994755	DATA	Keydown: ArrowRight
148.71279500005767	EXP	szo_kiir: autoDraw = false
148.71279500005767	EXP	szo_kiir: color = {"_rgb":[1,1,1]}
148.71279500005767	EXP	szo_kiir: text = "hely"
149.22960500000045	EXP	szo_kiir: autoDraw = true
149.8599000000395	DATA	Keydown: ArrowRight
149.90044999995735	EXP	szo_kiir: autoDraw = false
149.90044999995735	EXP	szo_kiir: color = {"_rgb":[1,1,1]}
149.90044999995735	EXP	szo_kiir: text = "század"
150.41501500003505	EXP	szo_kiir: autoDraw = true
151.0843299999833	DATA	Keydown: ArrowRight
151.09504499996547	EXP	szo_kiir: autoDraw = false
151.09504499996547	EXP	szo_kiir: color = {"_rgb":[1,1,1]}
151.09504499996547	EXP	szo_kiir: text = "gyerek"
151.61956500005908	EXP	szo_kiir: autoDraw = true
152.16352499998175	DATA	Keydown: ArrowRight
152.20570000004955	EXP	szo_kiir: autoDraw = false
152.20570000004955	EXP	szo_kiir: color = {"_rgb":[1,1,1]}
152.20570000004955	EXP	szo_kiir: text = "időszak"
152.71395500004292	EXP	szo_kiir: autoDraw = true
153.2522599999793	DATA	Keydown: ArrowRight
153.26138999999966	EXP	szo_kiir: autoDraw = false
153.26138999999966	EXP	szo_kiir: color = {"_rgb":[1,1,1]}
153.26138999999966	EXP	szo_kiir: text = "gép"
153.7791900000302	EXP	szo_kiir: autoDraw = true
154.26306999998633	DATA	Keydown: ArrowRight
154.33404999994673	EXP	szo_kiir: autoDraw = false
154.33404999994673	EXP	szo_kiir: color = {"_rgb":[1,1,1]}
154.33404999994673	EXP	szo_kiir: text = "párt"
154.8516000000527	EXP	szo_kiir: autoDraw = true
155.3338999999687	DATA	Keydown: ArrowRight
155.34516499994788	EXP	szo_kiir: autoDraw = false
155.34516499994788	EXP	szo_kiir: color = {"_rgb":[1,1,1]}
155.34516499994788	EXP	szo_kiir: text = "néghajóti"
155.8697150000371	EXP	szo_kiir: autoDraw = true
157.15993500000332	DATA	Keydown: ArrowLeft
157.18621499999426	EXP	szo_kiir: autoDraw = false
157.18621499999426	EXP	szo_kiir: color = {"_rgb":[1,1,1]}
157.18621499999426	EXP	szo_kiir: text = "komplex"
157.70404500002041	EXP	szo_kiir: autoDraw = true
158.52901499997824	DATA	Keydown: ArrowRight
158.54402499995194	EXP	szo_kiir: autoDraw = false
158.54402499995194	EXP	szo_kiir: color = {"_rgb":[1,1,1]}
158.54402499995194	EXP	szo_kiir: text = "lélek"
159.0656949999975	EXP	szo_kiir: autoDraw = true
159.64536500000395	DATA	Keydown: ArrowRight
159.66731000004802	EXP	szo_kiir: autoDraw = false
159.66731000004802	EXP	szo_kiir: color = {"_rgb":[1,1,1]}
159.66731000004802	EXP	szo_kiir: text = "forgalom"
160.1845500000054	EXP	szo_kiir: autoDraw = true
160.83056000003126	DATA	Keydown: ArrowRight
160.8436099999817	EXP	szo_kiir: autoDraw = false
160.8436099999817	EXP	szo_kiir: color = {"_rgb":[1,1,1]}
160.8436099999817	EXP	szo_kiir: text = "olaj"
161.36522499995772	EXP	szo_kiir: autoDraw = true
161.9626649999991	DATA	Keydown: ArrowRight
161.99910000001546	EXP	szo_kiir: autoDraw = false
161.99910000001546	EXP	szo_kiir: color = {"_rgb":[1,1,1]}
161.99910000001546	EXP	szo_kiir: text = "vagyon"
162.5132300000405	EXP	szo_kiir: autoDraw = true
163.1787750000367	DATA	Keydown: ArrowRight
163.19409999996424	EXP	szo_kiir: autoDraw = false
163.19409999996424	EXP	szo_kiir: color = {"_rgb":[1,1,1]}
163.19409999996424	EXP	szo_kiir: text = "karakter"
163.71803999994881	EXP	szo_kiir: autoDraw = true
164.2198250000365	DATA	Keydown: ArrowRight
164.25409499998204	EXP	szo_kiir: autoDraw = false
164.25409499998204	EXP	szo_kiir: color = {"_rgb":[1,1,1]}
164.25409499998204	EXP	szo_kiir: text = "átütésetti"
164.76734000002034	EXP	szo_kiir: autoDraw = true
166.3961999999592	DATA	Keydown: ArrowLeft
166.4108750000596	EXP	szo_kiir: autoDraw = false
166.4108750000596	EXP	szo_kiir: color = {"_rgb":[1,1,1]}
166.4108750000596	EXP	szo_kiir: text = "figyelem"
166.93051500001457	EXP	szo_kiir: autoDraw = true
167.96875999995973	DATA	Keydown: ArrowRight
167.99534000002313	EXP	szo_kiir: autoDraw = false
167.99534000002313	EXP	szo_kiir: color = {"_rgb":[1,1,1]}
167.99534000002313	EXP	szo_kiir: text = "reagál"
168.51534499996342	EXP	szo_kiir: autoDraw = true
169.36184000002686	DATA	Keydown: ArrowRight
169.37441000004765	EXP	szo_kiir: autoDraw = false
169.37441000004765	EXP	szo_kiir: color = {"_rgb":[1,1,1]}
169.37441000004765	EXP	szo_kiir: text = "virág"
169.89697999996133	EXP	szo_kiir: autoDraw = true
170.33197000005748	DATA	Keydown: ArrowRight
170.36185500002466	EXP	szo_kiir: autoDraw = false
170.36185500002466	EXP	szo_kiir: color = {"_rgb":[1,1,1]}
170.36185500002466	EXP	szo_kiir: text = "reprezentatív"
170.89266500005033	EXP	szo_kiir: autoDraw = true
172.11071499995887	DATA	Keydown: ArrowRight
172.12595000001602	EXP	szo_kiir: autoDraw = false
172.12595000001602	EXP	szo_kiir: color = {"_rgb":[1,1,1]}
172.12595000001602	EXP	szo_kiir: text = "hozandzsa"
172.6501350000035	EXP	szo_kiir: autoDraw = true
173.77956499997526	DATA	Keydown: ArrowLeft
173.82694499997888	EXP	szo_kiir: autoDraw = false
173.82694499997888	EXP	szo_kiir: color = {"_rgb":[1,1,1]}
173.82694499997888	EXP	szo_kiir: text = "tánló"
174.3464399999939	EXP	szo_kiir: autoDraw = true
175.56978999997955	DATA	Keydown: ArrowLeft
175.57558499998413	EXP	szo_kiir: autoDraw = false
175.57558499998413	EXP	szo_kiir: color = {"_rgb":[1,1,1]}
175.57558499998413	EXP	szo_kiir: text = "kliens"
176.0940600000322	EXP	szo_kiir: autoDraw = true
177.0664650000399	DATA	Keydown: ArrowRight
177.0918750000419	EXP	szo_kiir: autoDraw = false
177.0918750000419	EXP	szo_kiir: color = {"_rgb":[1,1,1]}
177.0918750000419	EXP	szo_kiir: text = "naiv"
177.61352000001352	EXP	szo_kiir: autoDraw = true
178.3755250000395	DATA	Keydown: ArrowRight
178.39012500003446	EXP	szo_kiir: autoDraw = false
178.39012500003446	EXP	szo_kiir: color = {"_rgb":[1,1,1]}
178.39012500003446	EXP	szo_kiir: text = "kölcsönöz"
178.9106750000501	EXP	szo_kiir: autoDraw = true
179.5408199999947	DATA	Keydown: ArrowRight
179.56147499999497	EXP	szo_kiir: autoDraw = false
179.56147499999497	EXP	szo_kiir: color = {"_rgb":[1,1,1]}
179.56147499999497	EXP	szo_kiir: text = "késik"
180.07464500004426	EXP	szo_kiir: autoDraw = true
180.52312499994878	DATA	Keydown: ArrowRight
180.539684999967	EXP	szo_kiir: autoDraw = false
180.539684999967	EXP	szo_kiir: color = {"_rgb":[1,1,1]}
180.539684999967	EXP	szo_kiir: text = "lebeg"
181.06180000002496	EXP	szo_kiir: autoDraw = true
181.62666499998886	DATA	Keydown: ArrowRight
181.6577250000555	EXP	szo_kiir: autoDraw = false
181.6577250000555	EXP	szo_kiir: color = {"_rgb":[1,1,1]}
181.6577250000555	EXP	szo_kiir: text = "ponyai"
182.17716500000097	EXP	szo_kiir: autoDraw = true
183.0773549999576	DATA	Keydown: ArrowLeft
183.09023500001058	EXP	szo_kiir: autoDraw = false
183.09023500001058	EXP	szo_kiir: color = {"_rgb":[1,1,1]}
183.09023500001058	EXP	szo_kiir: text = "állvány"
183.61103999998886	EXP	szo_kiir: autoDraw = true
184.19138500001281	DATA	Keydown: ArrowRight
184.21903000003658	EXP	szo_kiir: autoDraw = false
184.21903000003658	EXP	szo_kiir: color = {"_rgb":[1,1,1]}
184.21903000003658	EXP	szo_kiir: text = "tajtásos"
184.72979999997187	EXP	szo_kiir: autoDraw = true
185.99453999998514	DATA	Keydown: ArrowLeft
186.00837000005413	EXP	szo_kiir: autoDraw = false
186.00837000005413	EXP	szo_kiir: color = {"_rgb":[1,1,1]}
186.00837000005413	EXP	szo_kiir: text = "hierarchikus"
186.5308949999744	EXP	szo_kiir: autoDraw = true
187.69204999995418	DATA	Keydown: ArrowRight
187.72176500002388	EXP	szo_kiir: autoDraw = false
187.72176500002388	EXP	szo_kiir: color = {"_rgb":[1,1,1]}
187.72176500002388	EXP	szo_kiir: text = "határidejű"
188.23324500001036	EXP	szo_kiir: autoDraw = true
189.04778999998234	DATA	Keydown: ArrowRight
189.0563700000057	EXP	szo_kiir: autoDraw = false
189.0563700000057	EXP	szo_kiir: color = {"_rgb":[1,1,1]}
189.0563700000057	EXP	szo_kiir: text = "rajzolódik"
189.57853000005707	EXP	szo_kiir: autoDraw = true
190.2317000000039	DATA	Keydown: ArrowRight
190.2595849999925	EXP	szo_kiir: autoDraw = false
190.2595849999925	EXP	szo_kiir: color = {"_rgb":[1,1,1]}
190.2595849999925	EXP	szo_kiir: text = "kiabál"
190.77780000003986	EXP	szo_kiir: autoDraw = true
191.54466000001412	DATA	Keydown: ArrowRight
191.56155500002205	EXP	szo_kiir: autoDraw = false
191.56155500002205	EXP	szo_kiir: color = {"_rgb":[1,1,1]}
191.56155500002205	EXP	szo_kiir: text = "oldalmi"
192.08079499995802	EXP	szo_kiir: autoDraw = true
193.22790000005625	DATA	Keydown: ArrowLeft
193.27884499996435	EXP	szo_kiir: autoDraw = false
193.27884499996435	EXP	szo_kiir: color = {"_rgb":[1,1,1]}
193.27884499996435	EXP	szo_kiir: text = "taszt"
193.79512499994598	EXP	szo_kiir: autoDraw = true
194.74748000002	DATA	Keydown: ArrowLeft
194.75647999998182	EXP	szo_kiir: autoDraw = false
194.75647999998182	EXP	szo_kiir: color = {"_rgb":[1,1,1]}
194.75647999998182	EXP	szo_kiir: text = "pikusz"
195.27754000003915	EXP	szo_kiir: autoDraw = true
195.97786500002258	DATA	Keydown: ArrowLeft
196.00701499998104	EXP	szo_kiir: autoDraw = false
196.00701499998104	EXP	szo_kiir: color = {"_rgb":[1,1,1]}
196.00701499998104	EXP	szo_kiir: text = "blúz"
196.52879999997094	EXP	szo_kiir: autoDraw = true
197.36167500005104	DATA	Keydown: ArrowRight
197.37277999997605	EXP	szo_kiir: autoDraw = false
197.37277999997605	EXP	szo_kiir: color = {"_rgb":[1,1,1]}
197.37277999997605	EXP	szo_kiir: text = "légijármű"
197.894895000034	EXP	szo_kiir: autoDraw = true
199.1649299999699	DATA	Keydown: ArrowRight
199.18876499996986	EXP	szo_kiir: autoDraw = false
199.18876499996986	EXP	szo_kiir: color = {"_rgb":[1,1,1]}
199.18876499996986	EXP	szo_kiir: text = "fon"
199.70897499995772	EXP	szo_kiir: autoDraw = true
200.31337999994867	DATA	Keydown: ArrowRight
200.32184500002768	EXP	szo_kiir: autoDraw = false
200.32184500002768	EXP	szo_kiir: color = {"_rgb":[1,1,1]}
200.32184500002768	EXP	szo_kiir: text = "arisztokratikus"
200.84341500001028	EXP	szo_kiir: autoDraw = true
202.1073800000595	DATA	Keydown: ArrowRight
202.14107999997213	EXP	szo_kiir: autoDraw = false
202.14107999997213	EXP	szo_kiir: color = {"_rgb":[1,1,1]}
202.14107999997213	EXP	szo_kiir: text = "feledékeny"
202.65985000005458	EXP	szo_kiir: autoDraw = true
203.4949750000378	DATA	Keydown: ArrowRight
203.50468999997247	EXP	szo_kiir: autoDraw = false
203.50468999997247	EXP	szo_kiir: color = {"_rgb":[1,1,1]}
203.50468999997247	EXP	szo_kiir: text = "kántitált"
204.02182000002358	EXP	szo_kiir: autoDraw = true
205.08827499998733	DATA	Keydown: ArrowLeft
205.10877000004984	EXP	szo_kiir: autoDraw = false
205.10877000004984	EXP	szo_kiir: color = {"_rgb":[1,1,1]}
205.10877000004984	EXP	szo_kiir: text = "lendít"
205.6262900000438	EXP	szo_kiir: autoDraw = true
206.57249000004958	DATA	Keydown: ArrowRight
206.58785999997053	EXP	szo_kiir: autoDraw = false
206.58785999997053	EXP	szo_kiir: color = {"_rgb":[1,1,1]}
206.58785999997053	EXP	szo_kiir: text = "kisujj"
207.10889000003226	EXP	szo_kiir: autoDraw = true
208.24077499995474	DATA	Keydown: ArrowRight
208.27295999997295	EXP	szo_kiir: autoDraw = false
208.27295999997295	EXP	szo_kiir: color = {"_rgb":[1,1,1]}
208.27295999997295	EXP	szo_kiir: text = "téesz"
208.78789499995764	EXP	szo_kiir: autoDraw = true
209.53075000003446	DATA	Keydown: ArrowLeft
209.53459499997552	EXP	szo_kiir: autoDraw = false
209.53459499997552	EXP	szo_kiir: color = {"_rgb":[1,1,1]}
209.53459499997552	EXP	szo_kiir: text = "holdvilág"
210.05439499998465	EXP	szo_kiir: autoDraw = true
210.76246500003617	DATA	Keydown: ArrowRight
210.76899500004947	EXP	szo_kiir: autoDraw = false
210.76899500004947	EXP	szo_kiir: color = {"_rgb":[1,1,1]}
210.76899500004947	EXP	szo_kiir: text = "sólyuk"
211.2904550000094	EXP	szo_kiir: autoDraw = true
212.18172999995295	DATA	Keydown: ArrowLeft
212.20742999995127	EXP	szo_kiir: autoDraw = false
212.20742999995127	EXP	szo_kiir: color = {"_rgb":[1,1,1]}
212.20742999995127	EXP	szo_kiir: text = "mihálóz"
212.7261100000469	EXP	szo_kiir: autoDraw = true
215.1787300000433	DATA	Keydown: ArrowLeft
215.18766499997582	EXP	szo_kiir: autoDraw = false
215.18766499997582	EXP	szo_kiir: color = {"_rgb":[1,1,1]}
215.18766499997582	EXP	szo_kiir: text = "össztűz"
215.70768999995198	EXP	szo_kiir: autoDraw = true
217.14640500000678	DATA	Keydown: ArrowLeft
217.15289000002667	EXP	szo_kiir: autoDraw = false
217.15289000002667	EXP	szo_kiir: color = {"_rgb":[1,1,1]}
217.15289000002667	EXP	szo_kiir: text = "grancs"
217.67444500001147	EXP	szo_kiir: autoDraw = true
218.66544000001159	DATA	Keydown: ArrowLeft
218.6877899999963	EXP	szo_kiir: autoDraw = false
218.6877899999963	EXP	szo_kiir: color = {"_rgb":[1,1,1]}
218.6877899999963	EXP	szo_kiir: text = "oldalszél"
219.20738999999594	EXP	szo_kiir: autoDraw = true
220.1549449999584	DATA	Keydown: ArrowRight
220.17053500004113	EXP	szo_kiir: autoDraw = false
220.17053500004113	EXP	szo_kiir: color = {"_rgb":[1,1,1]}
220.17053500004113	EXP	szo_kiir: text = "aurult"
220.6899249999551	EXP	szo_kiir: autoDraw = true
221.9383150000358	DATA	Keydown: ArrowLeft
221.97140000003856	EXP	szo_kiir: autoDraw = false
221.97140000003856	EXP	szo_kiir: color = {"_rgb":[1,1,1]}
221.97140000003856	EXP	szo_kiir: text = "zajkottsi"
222.4900899999775	EXP	szo_kiir: autoDraw = true
223.5544500000542	DATA	Keydown: ArrowLeft
223.56892999995034	EXP	szo_kiir: autoDraw = false
223.56892999995034	EXP	szo_kiir: color = {"_rgb":[1,1,1]}
223.56892999995034	EXP	szo_kiir: text = "dermeszt"
224.0866049999604	EXP	szo_kiir: autoDraw = true
225.07217499997932	DATA	Keydown: ArrowRight
225.1123249999946	EXP	szo_kiir: autoDraw = false
225.1123249999946	EXP	szo_kiir: color = {"_rgb":[1,1,1]}
225.1123249999946	EXP	szo_kiir: text = "balhézik"
225.6228950000368	EXP	szo_kiir: autoDraw = true
226.37375999998767	DATA	Keydown: ArrowRight
226.38558500004	EXP	szo_kiir: autoDraw = false
226.38558500004	EXP	szo_kiir: color = {"_rgb":[1,1,1]}
226.38558500004	EXP	szo_kiir: text = "meztelenkedik"
226.91119000001345	EXP	szo_kiir: autoDraw = true
227.95348999998532	DATA	Keydown: ArrowRight
227.98324500001036	EXP	szo_kiir: autoDraw = false
227.98324500001036	EXP	szo_kiir: color = {"_rgb":[1,1,1]}
227.98324500001036	EXP	szo_kiir: text = "trikarítés"
228.48643000004813	EXP	szo_kiir: autoDraw = true
230.62502499995753	DATA	Keydown: ArrowLeft
230.63584999996237	EXP	szo_kiir: autoDraw = false
230.63584999996237	EXP	szo_kiir: color = {"_rgb":[1,1,1]}
230.63584999996237	EXP	szo_kiir: text = "nyerít"
231.15545500000007	EXP	szo_kiir: autoDraw = true
231.94377999997232	DATA	Keydown: ArrowRight
231.96857499994803	EXP	szo_kiir: autoDraw = false
231.96857499994803	EXP	szo_kiir: color = {"_rgb":[1,1,1]}
231.96857499994803	EXP	szo_kiir: text = "peny"
232.48770000005607	EXP	szo_kiir: autoDraw = true
234.23927000002004	DATA	Keydown: ArrowLeft
234.25135999999475	EXP	szo_kiir: autoDraw = false
234.25135999999475	EXP	szo_kiir: color = {"_rgb":[1,1,1]}
234.25135999999475	EXP	szo_kiir: text = "növetlenső"
234.7724300000118	EXP	szo_kiir: autoDraw = true
236.70854000002146	DATA	Keydown: ArrowLeft
236.73120000003837	EXP	szo_kiir: autoDraw = false
236.73120000003837	EXP	szo_kiir: color = {"_rgb":[1,1,1]}
236.73120000003837	EXP	szo_kiir: text = "szidalom"
237.23815999994986	EXP	szo_kiir: autoDraw = true
238.0428799999645	DATA	Keydown: ArrowRight
238.0505500000436	EXP	szo_kiir: autoDraw = false
238.0505500000436	EXP	szo_kiir: color = {"_rgb":[1,1,1]}
238.0505500000436	EXP	szo_kiir: text = "vonzum"
238.56634999997914	EXP	szo_kiir: autoDraw = true
239.49956499994732	DATA	Keydown: ArrowLeft
239.52015500003472	EXP	szo_kiir: autoDraw = false
239.52015500003472	EXP	szo_kiir: color = {"_rgb":[1,1,1]}
239.52015500003472	EXP	szo_kiir: text = "konföderatív"
240.0337249999866	EXP	szo_kiir: autoDraw = true
242.0337399999844	DATA	Keydown: ArrowRight
242.04932500002906	EXP	szo_kiir: autoDraw = false
242.04932500002906	EXP	szo_kiir: color = {"_rgb":[1,1,1]}
242.04932500002906	EXP	szo_kiir: text = "fényesít"
242.56931000004988	EXP	szo_kiir: autoDraw = true
243.37864500004798	DATA	Keydown: ArrowRight
243.3960799999768	EXP	szo_kiir: autoDraw = false
243.3960799999768	EXP	szo_kiir: color = {"_rgb":[1,1,1]}
243.3960799999768	EXP	szo_kiir: text = "kocskesi"
243.91148500004783	EXP	szo_kiir: autoDraw = true
245.10834000003524	DATA	Keydown: ArrowLeft
245.11715499998536	EXP	szo_kiir: autoDraw = false
245.11715499998536	EXP	szo_kiir: color = {"_rgb":[1,1,1]}
245.11715499998536	EXP	szo_kiir: text = "rantálható"
245.63723999995273	EXP	szo_kiir: autoDraw = true
249.51734999998007	DATA	Keydown: ArrowLeft
249.55808500002604	EXP	szo_kiir: autoDraw = false
249.55808500002604	EXP	szo_kiir: color = {"_rgb":[1,1,1]}
249.55808500002604	EXP	szo_kiir: text = "abszolútérték"
250.06915999995545	EXP	szo_kiir: autoDraw = true
251.21786500001326	DATA	Keydown: ArrowRight
251.23216000001412	EXP	szo_kiir: autoDraw = false
251.23216000001412	EXP	szo_kiir: color = {"_rgb":[1,1,1]}
251.23216000001412	EXP	szo_kiir: text = "finomszesz"
251.75606000004336	EXP	szo_kiir: autoDraw = true
253.3351950000506	DATA	Keydown: ArrowRight
253.36523500003386	EXP	szo_kiir: autoDraw = false
253.36523500003386	EXP	szo_kiir: color = {"_rgb":[1,1,1]}
253.36523500003386	EXP	szo_kiir: text = "repedtfazék"
253.88580499996897	EXP	szo_kiir: autoDraw = true
254.97641999996267	DATA	Keydown: ArrowRight
254.9821950000478	EXP	szo_kiir: autoDraw = false
254.9821950000478	EXP	szo_kiir: color = {"_rgb":[1,1,1]}
254.9821950000478	EXP	szo_kiir: text = "szemestakarmány"
255.50275500002317	EXP	szo_kiir: autoDraw = true
258.3496199999936	DATA	Keydown: ArrowRight
258.3767849999713	EXP	szo_kiir: autoDraw = false
258.3767849999713	EXP	szo_kiir: color = {"_rgb":[1,1,1]}
258.3767849999713	EXP	szo_kiir: text = "lumpenproletariátus"
258.88723500003107	EXP	szo_kiir: autoDraw = true
262.99967000004835	DATA	Keydown: ArrowLeft
263.01315999997314	EXP	szo_kiir: autoDraw = false
263.01315999997314	EXP	szo_kiir: color = {"_rgb":[1,1,1]}
263.01315999997314	EXP	szo_kiir: text = "sárfolt"
263.53475999995135	EXP	szo_kiir: autoDraw = true
264.6825549999485	DATA	Keydown: ArrowRight
264.69706499995664	EXP	szo_kiir: autoDraw = false
264.69706499995664	EXP	szo_kiir: color = {"_rgb":[1,1,1]}
264.69706499995664	EXP	szo_kiir: text = "fonógép"
265.2146149999462	EXP	szo_kiir: autoDraw = true
265.98288000002503	DATA	Keydown: ArrowRight
266.0133950000163	EXP	szo_kiir: autoDraw = false
266.0133950000163	EXP	szo_kiir: color = {"_rgb":[1,1,1]}
266.0133950000163	EXP	szo_kiir: text = "mellényzseb"
266.5344000000041	EXP	szo_kiir: autoDraw = true
267.5057800000068	DATA	Keydown: ArrowRight
267.51080499996897	EXP	szo_kiir: autoDraw = false
267.51080499996897	EXP	szo_kiir: color = {"_rgb":[1,1,1]}
267.51080499996897	EXP	szo_kiir: text = "parkkói"
268.0355650000274	EXP	szo_kiir: autoDraw = true
268.198454999947	DATA	Keydown: ArrowRight
268.21178000001237	EXP	szo_kiir: autoDraw = false
268.21178000001237	EXP	szo_kiir: color = {"_rgb":[1,1,1]}
268.21178000001237	EXP	szo_kiir: text = "áruszállítmány"
268.73117000004277	EXP	szo_kiir: autoDraw = true
270.5808899999829	DATA	Keydown: ArrowRight
270.6046449999558	EXP	szo_kiir: autoDraw = false
270.6046449999558	EXP	szo_kiir: color = {"_rgb":[1,1,1]}
270.6046449999558	EXP	szo_kiir: text = "bennég"
271.11647999996785	EXP	szo_kiir: autoDraw = true
272.4529049999546	DATA	Keydown: ArrowRight
272.4621549999574	EXP	szo_kiir: autoDraw = false
272.4621549999574	EXP	szo_kiir: color = {"_rgb":[1,1,1]}
272.4621549999574	EXP	szo_kiir: text = "süteményestál"
272.98265000001993	EXP	szo_kiir: autoDraw = true
273.9951150000561	DATA	Keydown: ArrowRight
274.0175299999537	EXP	szo_kiir: autoDraw = false
274.0175299999537	EXP	szo_kiir: color = {"_rgb":[1,1,1]}
274.0175299999537	EXP	szo_kiir: text = "gubóvirág"
274.53310500003863	EXP	szo_kiir: autoDraw = true
275.77283499995247	DATA	Keydown: ArrowRight
275.7794650000287	EXP	szo_kiir: autoDraw = false
275.7794650000287	EXP	szo_kiir: color = {"_rgb":[1,1,1]}
275.7794650000287	EXP	szo_kiir: text = "zenő"
276.2987499999581	EXP	szo_kiir: autoDraw = true
277.57430500001647	DATA	Keydown: ArrowLeft
277.5950400000438	EXP	szo_kiir: autoDraw = false
277.5950400000438	EXP	szo_kiir: color = {"_rgb":[1,1,1]}
277.5950400000438	EXP	szo_kiir: text = "retta"
278.11549500003457	EXP	szo_kiir: autoDraw = true
278.72080500004813	DATA	Keydown: ArrowLeft
278.7284800000489	EXP	szo_kiir: autoDraw = false
278.7284800000489	EXP	szo_kiir: color = {"_rgb":[1,1,1]}
278.7284800000489	EXP	szo_kiir: text = "szeizmogram"
279.24915000004694	EXP	szo_kiir: autoDraw = true
282.1477200000081	DATA	Keydown: ArrowRight
282.17902999999933	EXP	szo_kiir: autoDraw = false
282.17902999999933	EXP	szo_kiir: color = {"_rgb":[1,1,1]}
282.17902999999933	EXP	szo_kiir: text = "budavirág"
282.6995599999791	EXP	szo_kiir: autoDraw = true
284.0874250000343	DATA	Keydown: ArrowRight
284.0945300000021	EXP	szo_kiir: autoDraw = false
284.0945300000021	EXP	szo_kiir: color = {"_rgb":[1,1,1]}
284.0945300000021	EXP	szo_kiir: text = "árstop"
284.6159650000045	EXP	szo_kiir: autoDraw = true
287.07999500003643	DATA	Keydown: ArrowRight
287.1093450000044	EXP	szo_kiir: autoDraw = false
287.1093450000044	EXP	szo_kiir: color = {"_rgb":[1,1,1]}
287.1093450000044	EXP	szo_kiir: text = "szíjaz"
287.6313800000353	EXP	szo_kiir: autoDraw = true
288.6823200000217	DATA	Keydown: ArrowRight
288.69391499995254	EXP	szo_kiir: autoDraw = false
288.69391499995254	EXP	szo_kiir: color = {"_rgb":[1,1,1]}
288.69391499995254	EXP	szo_kiir: text = "kardorrú"
289.2152599999681	EXP	szo_kiir: autoDraw = true
293.86887999996543	DATA	Keydown: ArrowRight
293.89442999998573	EXP	szo_kiir: autoDraw = false
293.89442999998573	EXP	szo_kiir: color = {"_rgb":[1,1,1]}
293.89442999998573	EXP	szo_kiir: text = "heliotropizmus"
294.41443000000436	EXP	szo_kiir: autoDraw = true
296.3882750000339	DATA	Keydown: ArrowRight
296.3937099999748	EXP	szo_kiir: autoDraw = false
296.3937099999748	EXP	szo_kiir: color = {"_rgb":[1,1,1]}
296.3937099999748	EXP	szo_kiir: text = "kékít"
296.9140399999451	EXP	szo_kiir: autoDraw = true
297.74416999996174	DATA	Keydown: ArrowRight
297.77586499997415	EXP	szo_kiir: autoDraw = false
297.77586499997415	EXP	szo_kiir: color = {"_rgb":[1,1,1]}
297.77586499997415	EXP	szo_kiir: text = "hejehujázik"
298.29758999997284	EXP	szo_kiir: autoDraw = true
299.6920949999476	DATA	Keydown: ArrowRight
299.706594999996	EXP	szo_kiir: autoDraw = false
299.706594999996	EXP	szo_kiir: color = {"_rgb":[1,1,1]}
299.706594999996	EXP	szo_kiir: text = "gramoszi"
300.2244349999819	EXP	szo_kiir: autoDraw = true
301.25106999999844	DATA	Keydown: ArrowLeft
301.2760550000239	EXP	szo_kiir: autoDraw = false
301.2760550000239	EXP	szo_kiir: color = {"_rgb":[1,1,1]}
301.2760550000239	EXP	szo_kiir: text = "hivatalnokoskodik"
301.79636000003666	EXP	szo_kiir: autoDraw = true
303.085715000052	DATA	Keydown: ArrowRight
303.09114499995485	EXP	szo_kiir: autoDraw = false
303.09114499995485	EXP	szo_kiir: color = {"_rgb":[1,1,1]}
303.09114499995485	EXP	szo_kiir: text = "ultatlados"
303.61216500005685	EXP	szo_kiir: autoDraw = true
305.4099799999967	DATA	Keydown: ArrowLeft
305.4383099999977	EXP	szo_kiir: autoDraw = false
305.4383099999977	EXP	szo_kiir: color = {"_rgb":[1,1,1]}
305.4383099999977	EXP	szo_kiir: text = "konverzál"
305.94862999999896	EXP	szo_kiir: autoDraw = true
308.5353200000245	DATA	Keydown: ArrowLeft
308.54364000004716	EXP	szo_kiir: autoDraw = false
308.54364000004716	EXP	szo_kiir: color = {"_rgb":[1,1,1]}
308.54364000004716	EXP	szo_kiir: text = "embertelenedik"
309.0643749999581	EXP	szo_kiir: autoDraw = true
310.2961699999869	DATA	Keydown: ArrowRight
310.3079950000392	EXP	szo_kiir: autoDraw = false
310.3079950000392	EXP	szo_kiir: color = {"_rgb":[1,1,1]}
310.3079950000392	EXP	szo_kiir: text = "feltupíroz"
310.82931499998085	EXP	szo_kiir: autoDraw = true
312.2282399999676	DATA	Keydown: ArrowRight
312.2537650000304	EXP	szo_kiir: autoDraw = false
312.2537650000304	EXP	szo_kiir: color = {"_rgb":[1,1,1]}
312.2537650000304	EXP	szo_kiir: text = "kurzivál"
312.7622549999505	EXP	szo_kiir: autoDraw = true
314.8758300000336	DATA	Keydown: ArrowLeft
314.89221499999985	EXP	szo_kiir: autoDraw = false
314.89221499999985	EXP	szo_kiir: color = {"_rgb":[1,1,1]}
314.89221499999985	EXP	szo_kiir: text = "sallárium"
315.4116749999812	EXP	szo_kiir: autoDraw = true
317.0082949999487	DATA	Keydown: ArrowLeft
317.02345500001684	EXP	szo_kiir: autoDraw = false
317.02345500001684	EXP	szo_kiir: color = {"_rgb":[1,1,1]}
317.02345500001684	EXP	szo_kiir: text = "sápít"
317.5430949999718	EXP	szo_kiir: autoDraw = true
318.4807649999857	DATA	Keydown: ArrowRight
318.4900249999482	EXP	szo_kiir: autoDraw = false
318.4900249999482	EXP	szo_kiir: color = {"_rgb":[1,1,1]}
318.4900249999482	EXP	szo_kiir: text = "templomoz"
319.01092999998946	EXP	szo_kiir: autoDraw = true
320.465979999979	DATA	Keydown: ArrowLeft
320.4891099999659	EXP	szo_kiir: autoDraw = false
320.4891099999659	EXP	szo_kiir: color = {"_rgb":[1,1,1]}
320.4891099999659	EXP	szo_kiir: text = "hantáz"
321.0102650000481	EXP	szo_kiir: autoDraw = true
322.2082449999871	DATA	Keydown: ArrowRight
322.22302499995567	EXP	szo_kiir: autoDraw = false
322.22302499995567	EXP	szo_kiir: color = {"_rgb":[1,1,1]}
322.22302499995567	EXP	szo_kiir: text = "spiritualizál"
322.74410999997053	EXP	szo_kiir: autoDraw = true
324.0466099999612	DATA	Keydown: ArrowRight
324.0772949999664	EXP	szo_kiir: autoDraw = false
324.0772949999664	EXP	szo_kiir: color = {"_rgb":[1,1,1]}
324.0772949999664	EXP	szo_kiir: text = "filologizál"
324.5944250000175	EXP	szo_kiir: autoDraw = true
326.4914250000147	DATA	Keydown: ArrowRight
326.50626000005286	EXP	szo_kiir: autoDraw = false
326.50626000005286	EXP	szo_kiir: color = {"_rgb":[1,1,1]}
326.50626000005286	EXP	szo_kiir: text = "lublika"
327.02604499994777	EXP	szo_kiir: autoDraw = true
328.3346600000514	DATA	Keydown: ArrowLeft
328.35303500003647	EXP	szo_kiir: autoDraw = false
328.35303500003647	EXP	szo_kiir: color = {"_rgb":[1,1,1]}
328.35303500003647	EXP	szo_kiir: text = "diszkretizál"
328.8554099999601	EXP	szo_kiir: autoDraw = true
333.54451499995776	DATA	Keydown: ArrowRight
333.5564000000013	EXP	szo_kiir: autoDraw = false
333.5564000000013	EXP	szo_kiir: color = {"_rgb":[1,1,1]}
333.5564000000013	EXP	szo_kiir: text = "ruharongy"
334.0715049999999	EXP	szo_kiir: autoDraw = true
335.80562500003725	DATA	Keydown: ArrowRight
335.8361149999546	EXP	szo_kiir: autoDraw = false
335.8361149999546	EXP	szo_kiir: color = {"_rgb":[1,1,1]}
335.8361149999546	EXP	szo_kiir: text = "halmajonéz"
336.3590250000125	EXP	szo_kiir: autoDraw = true
339.3613249999471	DATA	Keydown: ArrowLeft
339.3708399999887	EXP	szo_kiir: autoDraw = false
339.3708399999887	EXP	szo_kiir: color = {"_rgb":[1,1,1]}
339.3708399999887	EXP	szo_kiir: text = "kilukát"
339.89173499995377	EXP	szo_kiir: autoDraw = true
341.5954099999508	DATA	Keydown: ArrowLeft
341.6048550000414	EXP	szo_kiir: autoDraw = false
341.6048550000414	EXP	szo_kiir: color = {"_rgb":[1,1,1]}
341.6048550000414	EXP	szo_kiir: text = "pólyáz"
342.1244350000052	EXP	szo_kiir: autoDraw = true
343.11560500005726	DATA	Keydown: ArrowRight
343.1354300000239	EXP	szo_kiir: autoDraw = false
343.1354300000239	EXP	koszi_szoveg: autoDraw = true
