0.07532999999966705	EXP	Created Window = Window( name=Window, fullscr=true, color=#000000, units=norm, waitBlanking=true, autoLog=true, size=[1366,625] )
3.2111650000006193	DATA	Keydown: undefined
7.209790000000794	DATA	Keydown: undefined
8.582585000000108	DATA	Keydown: undefined
9.873755000000529	DATA	Keydown: undefined
11.514380000000529	EXP	Created instruction_text1 = TextStim( name=instruction_text1, win=Window( name=Window, fullscr=true, color=#000000, ~), autoDraw=null, autoLog=true, units=norm, ori=null, opacity=1, pos=[0,0], size=undefined, text=Ön most szavakat fog látni.

Ezek között lesznek o~, font=Arial, color=#ffffff, contrast=1, height=0.05, bold=null, italic=null, alignHoriz=left, alignVert=center, wrapWidth=1, flipHoriz=null, flipVert=null )
11.517900000000736	EXP	Created instruction_text2 = TextStim( name=instruction_text2, win=Window( name=Window, fullscr=true, color=#000000, ~), autoDraw=null, autoLog=true, units=norm, ori=null, opacity=1, pos=[0,0], size=undefined, text=Először két egyszerű példát mutatunk Önnek.

Az el~, font=Arial, color=#FFFFFF, contrast=1, height=0.05, bold=null, italic=null, alignHoriz=left, alignVert=center, wrapWidth=1, flipHoriz=null, flipVert=null )
11.52750500000002	EXP	Created show_text = TextStim( name=show_text, win=Window( name=Window, fullscr=true, color=#000000, ~), autoDraw=null, autoLog=true, units=norm, ori=null, opacity=1, pos=[0,0], size=undefined, text=asztal, font=Arial, color=#FFFFFF, contrast=1, height=0.2, bold=null, italic=null, alignHoriz=left, alignVert=center, wrapWidth=1, flipHoriz=null, flipVert=null )
11.530305000000226	EXP	Created text = TextStim( name=text, win=Window( name=Window, fullscr=true, color=#000000, ~), autoDraw=null, autoLog=true, units=norm, ori=null, opacity=1, pos=[0,0], size=undefined, text=bzsmfsztal, font=Arial, color=#FFFFFF, contrast=1, height=0.2, bold=null, italic=null, alignHoriz=left, alignVert=center, wrapWidth=1, flipHoriz=null, flipVert=null )
11.532545000000027	EXP	Created instruction_text3 = TextStim( name=instruction_text3, win=Window( name=Window, fullscr=true, color=#000000, ~), autoDraw=null, autoLog=true, units=norm, ori=null, opacity=1, pos=[0,0], size=undefined, text=Pazar. Most kezdődik az igazi kísérlet. Néhány per~, font=Arial, color=#FFFFFF, contrast=1, height=0.1, bold=null, italic=null, alignHoriz=left, alignVert=center, wrapWidth=1, flipHoriz=null, flipVert=null )
11.534740000000966	EXP	Created szo_kiir = TextStim( name=szo_kiir, win=Window( name=Window, fullscr=true, color=#000000, ~), autoDraw=null, autoLog=true, units=norm, ori=null, opacity=1, pos=[0,0], size=undefined, text=default text, font=Arial, color=#FFFFFF, contrast=1, height=0.2, bold=null, italic=null, alignHoriz=left, alignVert=center, wrapWidth=1, flipHoriz=null, flipVert=null )
11.537190000000919	EXP	Created koszi_szoveg = TextStim( name=koszi_szoveg, win=Window( name=Window, fullscr=true, color=#000000, ~), autoDraw=null, autoLog=true, units=norm, ori=null, opacity=1, pos=[0,0], size=undefined, text=Vége a kísérletnek. Köszönjük a részvételt!, font=arial, color=#ffffff, contrast=1, height=0.1, bold=null, italic=null, alignHoriz=left, alignVert=center, wrapWidth=1, flipHoriz=null, flipVert=null )
11.730854999999792	EXP	instruction_text1: units = "norm"
11.730854999999792	EXP	instruction_text1: ori = 0
11.730854999999792	EXP	instruction_text1: opacity = 1
11.730854999999792	EXP	instruction_text1: pos = [0,0]
11.730854999999792	EXP	instruction_text1: size = undefined
11.730854999999792	EXP	instruction_text1: text = "Ön most szavakat fog látni.\n\nEzek között lesznek olyanok, amelyeket ismer, de előfordulhatnak olyanok is, amelyeket nem ismer, sőt, vannak köztük kitalált szavak is. \n\nKérjük, ha ismeri a képernyőn látható szót, nyomja meg a JOBB kurzorbillentyűt.\nKérjük, ha NEM ismeri a képernyőn látható szót, vagy azt gondolja, nincs ilyen szó a magyarban, nyomja meg a BAL kurzorbillentyűt.\n\nAz 'Ismerem a szót' döntés itt most ezt jelenti: találkoztam már vele, és van valami elképzelésem a jelentéséről is.  \n\nNyomjon meg bármilyen billentyűt a folytatáshoz."
11.730854999999792	EXP	instruction_text1: font = "Arial"
11.730854999999792	EXP	instruction_text1: color = {"_rgb":[1,1,1]}
11.730854999999792	EXP	instruction_text1: contrast = 1
11.730854999999792	EXP	instruction_text1: height = 0.05
11.730854999999792	EXP	instruction_text1: bold = false
11.730854999999792	EXP	instruction_text1: italic = false
11.730854999999792	EXP	instruction_text1: alignHoriz = "left"
11.730854999999792	EXP	instruction_text1: alignVert = "center"
11.730854999999792	EXP	instruction_text1: wrapWidth = 1
11.730854999999792	EXP	instruction_text1: flipHoriz = false
11.730854999999792	EXP	instruction_text1: flipVert = false
11.730854999999792	EXP	instruction_text2: units = "norm"
11.730854999999792	EXP	instruction_text2: ori = 0
11.730854999999792	EXP	instruction_text2: opacity = 1
11.730854999999792	EXP	instruction_text2: pos = [0,0]
11.730854999999792	EXP	instruction_text2: size = undefined
11.730854999999792	EXP	instruction_text2: text = "Először két egyszerű példát mutatunk Önnek.\n\nAz első szó létezik a magyarban, és valószínűleg Ön is ismeri. Itt nyomja majd meg a jobb kurzorbillentyűt.\nA második szó nem létezik a magyar nyelvben. Itt nyomja majd meg a bal kurzorbillentyűt.\n\nFontos, hogy a jobb gombot a jobb kezével, a bal gombot a bal kezével nyomja, ha tudja, és ne egy kezét használja a kísérletben.\n\nNyomjon meg bármilyen gombot a folytatáshoz."
11.730854999999792	EXP	instruction_text2: font = "Arial"
11.730854999999792	EXP	instruction_text2: color = {"_hex":"#FFFFFF","_rgb":[1,1,1]}
11.730854999999792	EXP	instruction_text2: contrast = 1
11.730854999999792	EXP	instruction_text2: height = 0.05
11.730854999999792	EXP	instruction_text2: bold = false
11.730854999999792	EXP	instruction_text2: italic = false
11.730854999999792	EXP	instruction_text2: alignHoriz = "left"
11.730854999999792	EXP	instruction_text2: alignVert = "center"
11.730854999999792	EXP	instruction_text2: wrapWidth = 1
11.730854999999792	EXP	instruction_text2: flipHoriz = false
11.730854999999792	EXP	instruction_text2: flipVert = false
11.730854999999792	EXP	show_text: units = "norm"
11.730854999999792	EXP	show_text: ori = 0
11.730854999999792	EXP	show_text: opacity = 1
11.730854999999792	EXP	show_text: pos = [0,0]
11.730854999999792	EXP	show_text: size = undefined
11.730854999999792	EXP	show_text: text = "asztal"
11.730854999999792	EXP	show_text: font = "Arial"
11.730854999999792	EXP	show_text: color = {"_hex":"#FFFFFF","_rgb":[1,1,1]}
11.730854999999792	EXP	show_text: contrast = 1
11.730854999999792	EXP	show_text: height = 0.2
11.730854999999792	EXP	show_text: bold = false
11.730854999999792	EXP	show_text: italic = false
11.730854999999792	EXP	show_text: alignHoriz = "left"
11.730854999999792	EXP	show_text: alignVert = "center"
11.730854999999792	EXP	show_text: wrapWidth = 1
11.730854999999792	EXP	show_text: flipHoriz = false
11.730854999999792	EXP	show_text: flipVert = false
11.730854999999792	EXP	text: units = "norm"
11.730854999999792	EXP	text: ori = 0
11.730854999999792	EXP	text: opacity = 1
11.730854999999792	EXP	text: pos = [0,0]
11.730854999999792	EXP	text: size = undefined
11.730854999999792	EXP	text: text = "bzsmfsztal"
11.730854999999792	EXP	text: font = "Arial"
11.730854999999792	EXP	text: color = {"_hex":"#FFFFFF","_rgb":[1,1,1]}
11.730854999999792	EXP	text: contrast = 1
11.730854999999792	EXP	text: height = 0.2
11.730854999999792	EXP	text: bold = false
11.730854999999792	EXP	text: italic = false
11.730854999999792	EXP	text: alignHoriz = "left"
11.730854999999792	EXP	text: alignVert = "center"
11.730854999999792	EXP	text: wrapWidth = 1
11.730854999999792	EXP	text: flipHoriz = false
11.730854999999792	EXP	text: flipVert = false
11.730854999999792	EXP	instruction_text3: units = "norm"
11.730854999999792	EXP	instruction_text3: ori = 0
11.730854999999792	EXP	instruction_text3: opacity = 1
11.730854999999792	EXP	instruction_text3: pos = [0,0]
11.730854999999792	EXP	instruction_text3: size = undefined
11.730854999999792	EXP	instruction_text3: text = "Pazar. Most kezdődik az igazi kísérlet. Néhány percig fog tartani. Nem kell nagyon sietnie, de igyekezzen gyorsan válaszolni.\n\nNe feledje, ha tudja, a jobb gombot a jobbkezével, a bal gombot a balkezével nyomja le.\n\nNyomjon meg bármilyen gombot a folytatáshoz."
11.730854999999792	EXP	instruction_text3: font = "Arial"
11.730854999999792	EXP	instruction_text3: color = {"_hex":"#FFFFFF","_rgb":[1,1,1]}
11.730854999999792	EXP	instruction_text3: contrast = 1
11.730854999999792	EXP	instruction_text3: height = 0.1
11.730854999999792	EXP	instruction_text3: bold = false
11.730854999999792	EXP	instruction_text3: italic = false
11.730854999999792	EXP	instruction_text3: alignHoriz = "left"
11.730854999999792	EXP	instruction_text3: alignVert = "center"
11.730854999999792	EXP	instruction_text3: wrapWidth = 1
11.730854999999792	EXP	instruction_text3: flipHoriz = false
11.730854999999792	EXP	instruction_text3: flipVert = false
11.730854999999792	EXP	szo_kiir: units = "norm"
11.730854999999792	EXP	szo_kiir: ori = 0
11.730854999999792	EXP	szo_kiir: opacity = 1
11.730854999999792	EXP	szo_kiir: pos = [0,0]
11.730854999999792	EXP	szo_kiir: size = undefined
11.730854999999792	EXP	szo_kiir: text = "default text"
11.730854999999792	EXP	szo_kiir: font = "Arial"
11.730854999999792	EXP	szo_kiir: color = {"_hex":"#FFFFFF","_rgb":[1,1,1]}
11.730854999999792	EXP	szo_kiir: contrast = 1
11.730854999999792	EXP	szo_kiir: height = 0.2
11.730854999999792	EXP	szo_kiir: bold = false
11.730854999999792	EXP	szo_kiir: italic = false
11.730854999999792	EXP	szo_kiir: alignHoriz = "left"
11.730854999999792	EXP	szo_kiir: alignVert = "center"
11.730854999999792	EXP	szo_kiir: wrapWidth = 1
11.730854999999792	EXP	szo_kiir: flipHoriz = false
11.730854999999792	EXP	szo_kiir: flipVert = false
11.730854999999792	EXP	koszi_szoveg: units = "norm"
11.730854999999792	EXP	koszi_szoveg: ori = 0
11.730854999999792	EXP	koszi_szoveg: opacity = 1
11.730854999999792	EXP	koszi_szoveg: pos = [0,0]
11.730854999999792	EXP	koszi_szoveg: size = undefined
11.730854999999792	EXP	koszi_szoveg: text = "Vége a kísérletnek. Köszönjük a részvételt!"
11.730854999999792	EXP	koszi_szoveg: font = "arial"
11.730854999999792	EXP	koszi_szoveg: color = {"_rgb":[1,1,1]}
11.730854999999792	EXP	koszi_szoveg: contrast = 1
11.730854999999792	EXP	koszi_szoveg: height = 0.1
11.730854999999792	EXP	koszi_szoveg: bold = false
11.730854999999792	EXP	koszi_szoveg: italic = false
11.730854999999792	EXP	koszi_szoveg: alignHoriz = "left"
11.730854999999792	EXP	koszi_szoveg: alignVert = "center"
11.730854999999792	EXP	koszi_szoveg: wrapWidth = 1
11.730854999999792	EXP	koszi_szoveg: flipHoriz = false
11.730854999999792	EXP	koszi_szoveg: flipVert = false
11.730854999999792	EXP	instruction_text1: autoDraw = true
27.77368000000024	DATA	Keydown: d
27.819934999999532	EXP	instruction_text1: autoDraw = false
27.819934999999532	EXP	instruction_text2: autoDraw = true
28.86773499999981	DATA	Keydown: g
28.908540000000357	EXP	instruction_text2: autoDraw = false
29.47105499999998	EXP	show_text: autoDraw = true
30.25601000000097	DATA	Keydown: ArrowRight
30.29505000000063	EXP	show_text: autoDraw = false
30.80729000000065	EXP	text: autoDraw = true
33.09901499999978	DATA	Keydown: ArrowLeft
33.168470000000525	EXP	text: autoDraw = false
33.168470000000525	EXP	instruction_text3: autoDraw = true
45.037609999999404	DATA	Keydown: f
45.130520000000615	EXP	instruction_text3: autoDraw = false
45.130520000000615	EXP	szo_kiir: color = {"_rgb":[1,1,1]}
45.130520000000615	EXP	szo_kiir: text = "posdótelő"
45.66762000000017	EXP	szo_kiir: autoDraw = true
47.3632749999997	DATA	Keydown: ArrowLeft
47.4050900000002	EXP	szo_kiir: autoDraw = false
47.4050900000002	EXP	szo_kiir: color = {"_rgb":[1,1,1]}
47.4050900000002	EXP	szo_kiir: text = "pirodáló"
47.93211499999961	EXP	szo_kiir: autoDraw = true
49.39831000000049	DATA	Keydown: ArrowLeft
49.45786000000044	EXP	szo_kiir: autoDraw = false
49.45786000000044	EXP	szo_kiir: color = {"_rgb":[1,1,1]}
49.45786000000044	EXP	szo_kiir: text = "rozintem"
49.99147500000072	EXP	szo_kiir: autoDraw = true
50.77298499999961	DATA	Keydown: ArrowLeft
50.81177000000025	EXP	szo_kiir: autoDraw = false
50.81177000000025	EXP	szo_kiir: color = {"_rgb":[1,1,1]}
50.81177000000025	EXP	szo_kiir: text = "felján"
51.333300000000236	EXP	szo_kiir: autoDraw = true
52.910845000000336	DATA	Keydown: ArrowLeft
52.96219000000019	EXP	szo_kiir: autoDraw = false
52.96219000000019	EXP	szo_kiir: color = {"_rgb":[1,1,1]}
52.96219000000019	EXP	szo_kiir: text = "király"
53.501249999999345	EXP	szo_kiir: autoDraw = true
54.207384999999704	DATA	Keydown: ArrowRight
54.24915499999952	EXP	szo_kiir: autoDraw = false
54.24915499999952	EXP	szo_kiir: color = {"_rgb":[1,1,1]}
54.24915499999952	EXP	szo_kiir: text = "anaszsében"
54.78245000000061	EXP	szo_kiir: autoDraw = true
55.86698500000057	DATA	Keydown: ArrowLeft
55.92798500000026	EXP	szo_kiir: autoDraw = false
55.92798500000026	EXP	szo_kiir: color = {"_rgb":[1,1,1]}
55.92798500000026	EXP	szo_kiir: text = "színű"
56.43531500000063	EXP	szo_kiir: autoDraw = true
57.55075500000021	DATA	Keydown: ArrowRight
57.588589999999385	EXP	szo_kiir: autoDraw = false
57.588589999999385	EXP	szo_kiir: color = {"_rgb":[1,1,1]}
57.588589999999385	EXP	szo_kiir: text = "recialice"
58.12591500000053	EXP	szo_kiir: autoDraw = true
59.07279000000017	DATA	Keydown: ArrowLeft
59.11791500000072	EXP	szo_kiir: autoDraw = false
59.11791500000072	EXP	szo_kiir: color = {"_rgb":[1,1,1]}
59.11791500000072	EXP	szo_kiir: text = "szint"
59.643575000000055	EXP	szo_kiir: autoDraw = true
60.280140000000756	DATA	Keydown: ArrowRight
60.31798499999968	EXP	szo_kiir: autoDraw = false
60.31798499999968	EXP	szo_kiir: color = {"_rgb":[1,1,1]}
60.31798499999968	EXP	szo_kiir: text = "siker"
60.863830000000235	EXP	szo_kiir: autoDraw = true
61.51283499999954	DATA	Keydown: ArrowRight
61.556940000000395	EXP	szo_kiir: autoDraw = false
61.556940000000395	EXP	szo_kiir: color = {"_rgb":[1,1,1]}
61.556940000000395	EXP	szo_kiir: text = "alkalom"
62.086870000001	EXP	szo_kiir: autoDraw = true
62.95371499999965	DATA	Keydown: ArrowRight
62.993954999999914	EXP	szo_kiir: autoDraw = false
62.993954999999914	EXP	szo_kiir: color = {"_rgb":[1,1,1]}
62.993954999999914	EXP	szo_kiir: text = "bír"
63.52397000000019	EXP	szo_kiir: autoDraw = true
64.14359499999955	DATA	Keydown: ArrowRight
64.18884000000071	EXP	szo_kiir: autoDraw = false
64.18884000000071	EXP	szo_kiir: color = {"_rgb":[1,1,1]}
64.18884000000071	EXP	szo_kiir: text = "rohangsári"
64.71718999999939	EXP	szo_kiir: autoDraw = true
65.69556999999986	DATA	Keydown: ArrowLeft
65.73555500000111	EXP	szo_kiir: autoDraw = false
65.73555500000111	EXP	szo_kiir: color = {"_rgb":[1,1,1]}
65.73555500000111	EXP	szo_kiir: text = "karakter"
66.27207500000077	EXP	szo_kiir: autoDraw = true
66.97870999999941	DATA	Keydown: ArrowRight
67.02700999999979	EXP	szo_kiir: autoDraw = false
67.02700999999979	EXP	szo_kiir: color = {"_rgb":[1,1,1]}
67.02700999999979	EXP	szo_kiir: text = "hagy"
67.55351999999948	EXP	szo_kiir: autoDraw = true
68.16673000000083	DATA	Keydown: ArrowRight
68.20504500000061	EXP	szo_kiir: autoDraw = false
68.20504500000061	EXP	szo_kiir: color = {"_rgb":[1,1,1]}
68.20504500000061	EXP	szo_kiir: text = "kollektív"
68.74706499999957	EXP	szo_kiir: autoDraw = true
69.36629999999968	DATA	Keydown: ArrowRight
69.41708500000095	EXP	szo_kiir: autoDraw = false
69.41708500000095	EXP	szo_kiir: color = {"_rgb":[1,1,1]}
69.41708500000095	EXP	szo_kiir: text = "nagyméretű"
69.94403000000057	EXP	szo_kiir: autoDraw = true
70.56837000000087	DATA	Keydown: ArrowRight
70.6096749999997	EXP	szo_kiir: autoDraw = false
70.6096749999997	EXP	szo_kiir: color = {"_rgb":[1,1,1]}
70.6096749999997	EXP	szo_kiir: text = "rock"
71.14782999999989	EXP	szo_kiir: autoDraw = true
71.6751949999998	DATA	Keydown: ArrowRight
71.71849000000111	EXP	szo_kiir: autoDraw = false
71.71849000000111	EXP	szo_kiir: color = {"_rgb":[1,1,1]}
71.71849000000111	EXP	szo_kiir: text = "daragasi"
72.25646500000039	EXP	szo_kiir: autoDraw = true
72.91281499999968	DATA	Keydown: ArrowLeft
72.95196000000033	EXP	szo_kiir: autoDraw = false
72.95196000000033	EXP	szo_kiir: color = {"_rgb":[1,1,1]}
72.95196000000033	EXP	szo_kiir: text = "gyűjtemény"
73.4969799999999	EXP	szo_kiir: autoDraw = true
74.1846800000003	DATA	Keydown: ArrowRight
74.22819999999956	EXP	szo_kiir: autoDraw = false
74.22819999999956	EXP	szo_kiir: color = {"_rgb":[1,1,1]}
74.22819999999956	EXP	szo_kiir: text = "gyóka"
74.7607050000006	EXP	szo_kiir: autoDraw = true
75.45971500000087	DATA	Keydown: ArrowLeft
75.49749999999949	EXP	szo_kiir: autoDraw = false
75.49749999999949	EXP	szo_kiir: color = {"_rgb":[1,1,1]}
75.49749999999949	EXP	szo_kiir: text = "űrlap"
76.03362500000003	EXP	szo_kiir: autoDraw = true
76.65491500000098	DATA	Keydown: ArrowRight
76.70236500000101	EXP	szo_kiir: autoDraw = false
76.70236500000101	EXP	szo_kiir: color = {"_rgb":[1,1,1]}
76.70236500000101	EXP	szo_kiir: text = "gyűjt"
77.24055500000031	EXP	szo_kiir: autoDraw = true
77.82905000000028	DATA	Keydown: ArrowRight
77.86769500000082	EXP	szo_kiir: autoDraw = false
77.86769500000082	EXP	szo_kiir: color = {"_rgb":[1,1,1]}
77.86769500000082	EXP	szo_kiir: text = "ékszer"
78.41260499999953	EXP	szo_kiir: autoDraw = true
78.88720000000103	DATA	Keydown: ArrowRight
78.93000500000016	EXP	szo_kiir: autoDraw = false
78.93000500000016	EXP	szo_kiir: color = {"_rgb":[1,1,1]}
78.93000500000016	EXP	szo_kiir: text = "hossz"
79.4652700000006	EXP	szo_kiir: autoDraw = true
79.98298000000068	DATA	Keydown: ArrowRight
80.02114000000074	EXP	szo_kiir: autoDraw = false
80.02114000000074	EXP	szo_kiir: color = {"_rgb":[1,1,1]}
80.02114000000074	EXP	szo_kiir: text = "villany"
80.56694500000049	EXP	szo_kiir: autoDraw = true
81.07189000000108	DATA	Keydown: ArrowRight
81.12259000000086	EXP	szo_kiir: autoDraw = false
81.12259000000086	EXP	szo_kiir: color = {"_rgb":[1,1,1]}
81.12259000000086	EXP	szo_kiir: text = "sötét"
81.65171499999997	EXP	szo_kiir: autoDraw = true
82.14363500000036	DATA	Keydown: ArrowRight
82.1821600000003	EXP	szo_kiir: autoDraw = false
82.1821600000003	EXP	szo_kiir: color = {"_rgb":[1,1,1]}
82.1821600000003	EXP	szo_kiir: text = "ponyai"
82.69261499999993	EXP	szo_kiir: autoDraw = true
83.45722500000011	DATA	Keydown: ArrowLeft
83.50778499999979	EXP	szo_kiir: autoDraw = false
83.50778499999979	EXP	szo_kiir: color = {"_rgb":[1,1,1]}
83.50778499999979	EXP	szo_kiir: text = "imád"
84.04418000000078	EXP	szo_kiir: autoDraw = true
84.59184000000096	DATA	Keydown: ArrowRight
84.63421500000004	EXP	szo_kiir: autoDraw = false
84.63421500000004	EXP	szo_kiir: color = {"_rgb":[1,1,1]}
84.63421500000004	EXP	szo_kiir: text = "háziasszony"
85.1703350000007	EXP	szo_kiir: autoDraw = true
85.70989999999983	DATA	Keydown: ArrowRight
85.75755500000014	EXP	szo_kiir: autoDraw = false
85.75755500000014	EXP	szo_kiir: color = {"_rgb":[1,1,1]}
85.75755500000014	EXP	szo_kiir: text = "vilálható"
86.28251000000091	EXP	szo_kiir: autoDraw = true
87.45369500000015	DATA	Keydown: ArrowLeft
87.49191500000052	EXP	szo_kiir: autoDraw = false
87.49191500000052	EXP	szo_kiir: color = {"_rgb":[1,1,1]}
87.49191500000052	EXP	szo_kiir: text = "kabin"
88.02303000000029	EXP	szo_kiir: autoDraw = true
88.84679999999935	DATA	Keydown: ArrowRight
88.89225500000066	EXP	szo_kiir: autoDraw = false
88.89225500000066	EXP	szo_kiir: color = {"_rgb":[1,1,1]}
88.89225500000066	EXP	szo_kiir: text = "kiletette"
89.43115000000034	EXP	szo_kiir: autoDraw = true
91.92349000000104	DATA	Keydown: ArrowLeft
91.96440500000062	EXP	szo_kiir: autoDraw = false
91.96440500000062	EXP	szo_kiir: color = {"_rgb":[1,1,1]}
91.96440500000062	EXP	szo_kiir: text = "napkollektor"
92.48985999999968	EXP	szo_kiir: autoDraw = true
93.06977000000006	DATA	Keydown: ArrowRight
93.11908500000027	EXP	szo_kiir: autoDraw = false
93.11908500000027	EXP	szo_kiir: color = {"_rgb":[1,1,1]}
93.11908500000027	EXP	szo_kiir: text = "bacon"
93.62575000000106	EXP	szo_kiir: autoDraw = true
94.40628500000093	DATA	Keydown: ArrowRight
94.44455000000016	EXP	szo_kiir: autoDraw = false
94.44455000000016	EXP	szo_kiir: color = {"_rgb":[1,1,1]}
94.44455000000016	EXP	szo_kiir: text = "szivalka"
94.98110000000088	EXP	szo_kiir: autoDraw = true
95.76360000000022	DATA	Keydown: ArrowLeft
95.81333000000086	EXP	szo_kiir: autoDraw = false
95.81333000000086	EXP	szo_kiir: color = {"_rgb":[1,1,1]}
95.81333000000086	EXP	szo_kiir: text = "virágpor"
96.35084500000085	EXP	szo_kiir: autoDraw = true
97.00647000000026	DATA	Keydown: ArrowRight
97.04835500000081	EXP	szo_kiir: autoDraw = false
97.04835500000081	EXP	szo_kiir: color = {"_rgb":[1,1,1]}
97.04835500000081	EXP	szo_kiir: text = "genom"
97.5882500000007	EXP	szo_kiir: autoDraw = true
98.54401999999936	DATA	Keydown: ArrowRight
98.58820000000014	EXP	szo_kiir: autoDraw = false
98.58820000000014	EXP	szo_kiir: color = {"_rgb":[1,1,1]}
98.58820000000014	EXP	szo_kiir: text = "pitiáner"
99.1227400000007	EXP	szo_kiir: autoDraw = true
100.28668500000094	DATA	Keydown: ArrowRight
100.32497499999954	EXP	szo_kiir: autoDraw = false
100.32497499999954	EXP	szo_kiir: color = {"_rgb":[1,1,1]}
100.32497499999954	EXP	szo_kiir: text = "sóhajt"
100.85799000000043	EXP	szo_kiir: autoDraw = true
101.48113999999987	DATA	Keydown: ArrowRight
101.52562000000034	EXP	szo_kiir: autoDraw = false
101.52562000000034	EXP	szo_kiir: color = {"_rgb":[1,1,1]}
101.52562000000034	EXP	szo_kiir: text = "délceg"
102.0552000000007	EXP	szo_kiir: autoDraw = true
102.93495000000075	DATA	Keydown: ArrowRight
102.97404000000097	EXP	szo_kiir: autoDraw = false
102.97404000000097	EXP	szo_kiir: color = {"_rgb":[1,1,1]}
102.97404000000097	EXP	szo_kiir: text = "kántitált"
103.50418499999978	EXP	szo_kiir: autoDraw = true
104.737975	DATA	Keydown: ArrowLeft
104.78395500000079	EXP	szo_kiir: autoDraw = false
104.78395500000079	EXP	szo_kiir: color = {"_rgb":[1,1,1]}
104.78395500000079	EXP	szo_kiir: text = "kisujj"
105.32391500000085	EXP	szo_kiir: autoDraw = true
105.94030500000008	DATA	Keydown: ArrowRight
105.97783999999956	EXP	szo_kiir: autoDraw = false
105.97783999999956	EXP	szo_kiir: color = {"_rgb":[1,1,1]}
105.97783999999956	EXP	szo_kiir: text = "szobanövény"
106.51598000000013	EXP	szo_kiir: autoDraw = true
107.13236499999948	DATA	Keydown: ArrowRight
107.1757749999997	EXP	szo_kiir: autoDraw = false
107.1757749999997	EXP	szo_kiir: color = {"_rgb":[1,1,1]}
107.1757749999997	EXP	szo_kiir: text = "nagyfejedelem"
107.71287500000108	EXP	szo_kiir: autoDraw = true
108.33197000000109	DATA	Keydown: ArrowRight
108.36990999999944	EXP	szo_kiir: autoDraw = false
108.36990999999944	EXP	szo_kiir: color = {"_rgb":[1,1,1]}
108.36990999999944	EXP	szo_kiir: text = "kopp"
108.899010000001	EXP	szo_kiir: autoDraw = true
109.50446000000011	DATA	Keydown: ArrowRight
109.54977999999937	EXP	szo_kiir: autoDraw = false
109.54977999999937	EXP	szo_kiir: color = {"_rgb":[1,1,1]}
109.54977999999937	EXP	szo_kiir: text = "kétágú"
110.05901500000073	EXP	szo_kiir: autoDraw = true
110.62150500000098	DATA	Keydown: ArrowRight
110.66091500000039	EXP	szo_kiir: autoDraw = false
110.66091500000039	EXP	szo_kiir: color = {"_rgb":[1,1,1]}
110.66091500000039	EXP	szo_kiir: text = "kulcscsont"
111.19801000000007	EXP	szo_kiir: autoDraw = true
112.37354500000038	DATA	Keydown: ArrowRight
112.4168150000005	EXP	szo_kiir: autoDraw = false
112.4168150000005	EXP	szo_kiir: color = {"_rgb":[1,1,1]}
112.4168150000005	EXP	szo_kiir: text = "csengettyű"
112.9489050000011	EXP	szo_kiir: autoDraw = true
113.72570500000074	DATA	Keydown: ArrowRight
113.76495500000055	EXP	szo_kiir: autoDraw = false
113.76495500000055	EXP	szo_kiir: color = {"_rgb":[1,1,1]}
113.76495500000055	EXP	szo_kiir: text = "komolyodik"
114.2726500000008	EXP	szo_kiir: autoDraw = true
114.86072500000046	DATA	Keydown: ArrowRight
114.90347500000098	EXP	szo_kiir: autoDraw = false
114.90347500000098	EXP	szo_kiir: color = {"_rgb":[1,1,1]}
114.90347500000098	EXP	szo_kiir: text = "véresszájú"
115.43884000000071	EXP	szo_kiir: autoDraw = true
116.3006949999999	DATA	Keydown: ArrowRight
116.33906000000025	EXP	szo_kiir: autoDraw = false
116.33906000000025	EXP	szo_kiir: color = {"_rgb":[1,1,1]}
116.33906000000025	EXP	szo_kiir: text = "kormányrúd"
116.85969500000101	EXP	szo_kiir: autoDraw = true
117.60991500000091	DATA	Keydown: ArrowRight
117.65315499999997	EXP	szo_kiir: autoDraw = false
117.65315499999997	EXP	szo_kiir: color = {"_rgb":[1,1,1]}
117.65315499999997	EXP	szo_kiir: text = "renderzia"
118.17878500000006	EXP	szo_kiir: autoDraw = true
120.106495	DATA	Keydown: ArrowLeft
120.14480999999978	EXP	szo_kiir: autoDraw = false
120.14480999999978	EXP	szo_kiir: color = {"_rgb":[1,1,1]}
120.14480999999978	EXP	szo_kiir: text = "háznép"
120.6764400000011	EXP	szo_kiir: autoDraw = true
121.62873000000036	DATA	Keydown: ArrowRight
121.67495000000054	EXP	szo_kiir: autoDraw = false
121.67495000000054	EXP	szo_kiir: color = {"_rgb":[1,1,1]}
121.67495000000054	EXP	szo_kiir: text = "zökkévei"
122.21496500000103	EXP	szo_kiir: autoDraw = true
123.17480000000069	DATA	Keydown: ArrowLeft
123.21523999999954	EXP	szo_kiir: autoDraw = false
123.21523999999954	EXP	szo_kiir: color = {"_rgb":[1,1,1]}
123.21523999999954	EXP	szo_kiir: text = "avonaliba"
123.75437500000044	EXP	szo_kiir: autoDraw = true
125.02481500000067	DATA	Keydown: ArrowLeft
125.07067000000097	EXP	szo_kiir: autoDraw = false
125.07067000000097	EXP	szo_kiir: color = {"_rgb":[1,1,1]}
125.07067000000097	EXP	szo_kiir: text = "mimézis"
125.59941000000072	EXP	szo_kiir: autoDraw = true
126.43085000000065	DATA	Keydown: ArrowLeft
126.47027999999955	EXP	szo_kiir: autoDraw = false
126.47027999999955	EXP	szo_kiir: color = {"_rgb":[1,1,1]}
126.47027999999955	EXP	szo_kiir: text = "irracionalizmus"
127.01626000000033	EXP	szo_kiir: autoDraw = true
127.8059200000007	DATA	Keydown: ArrowRight
127.84567500000048	EXP	szo_kiir: autoDraw = false
127.84567500000048	EXP	szo_kiir: color = {"_rgb":[1,1,1]}
127.84567500000048	EXP	szo_kiir: text = "növetlenső"
128.37333000000035	EXP	szo_kiir: autoDraw = true
129.20275000000038	DATA	Keydown: ArrowLeft
129.25075500000094	EXP	szo_kiir: autoDraw = false
129.25075500000094	EXP	szo_kiir: color = {"_rgb":[1,1,1]}
129.25075500000094	EXP	szo_kiir: text = "sifon"
129.7952949999999	EXP	szo_kiir: autoDraw = true
130.67736999999946	DATA	Keydown: ArrowRight
130.71769499999937	EXP	szo_kiir: autoDraw = false
130.71769499999937	EXP	szo_kiir: color = {"_rgb":[1,1,1]}
130.71769499999937	EXP	szo_kiir: text = "elegy"
131.25527999999943	EXP	szo_kiir: autoDraw = true
132.00693499999946	DATA	Keydown: ArrowRight
132.05420500000037	EXP	szo_kiir: autoDraw = false
132.05420500000037	EXP	szo_kiir: color = {"_rgb":[1,1,1]}
132.05420500000037	EXP	szo_kiir: text = "vízilabdázik"
132.59324999999993	EXP	szo_kiir: autoDraw = true
133.29163999999946	DATA	Keydown: ArrowRight
133.32954000000066	EXP	szo_kiir: autoDraw = false
133.32954000000066	EXP	szo_kiir: color = {"_rgb":[1,1,1]}
133.32954000000066	EXP	szo_kiir: text = "detonátor"
133.87846499999975	EXP	szo_kiir: autoDraw = true
134.54061000000002	DATA	Keydown: ArrowRight
134.58856500000005	EXP	szo_kiir: autoDraw = false
134.58856500000005	EXP	szo_kiir: color = {"_rgb":[1,1,1]}
134.58856500000005	EXP	szo_kiir: text = "bajadér"
135.12202000000067	EXP	szo_kiir: autoDraw = true
135.8775999999998	DATA	Keydown: ArrowLeft
135.91647999999986	EXP	szo_kiir: autoDraw = false
135.91647999999986	EXP	szo_kiir: color = {"_rgb":[1,1,1]}
135.91647999999986	EXP	szo_kiir: text = "verizmus"
136.4489050000011	EXP	szo_kiir: autoDraw = true
137.19503000000074	DATA	Keydown: ArrowLeft
137.23320500000045	EXP	szo_kiir: autoDraw = false
137.23320500000045	EXP	szo_kiir: color = {"_rgb":[1,1,1]}
137.23320500000045	EXP	szo_kiir: text = "kocskesi"
137.73849999999948	EXP	szo_kiir: autoDraw = true
138.92584499999978	DATA	Keydown: ArrowLeft
138.96433500000057	EXP	szo_kiir: autoDraw = false
138.96433500000057	EXP	szo_kiir: color = {"_rgb":[1,1,1]}
138.96433500000057	EXP	szo_kiir: text = "frontszakasz"
139.48926000000026	EXP	szo_kiir: autoDraw = true
140.34611000000044	DATA	Keydown: ArrowRight
140.3913599999996	EXP	szo_kiir: autoDraw = false
140.3913599999996	EXP	szo_kiir: color = {"_rgb":[1,1,1]}
140.3913599999996	EXP	szo_kiir: text = "spratika"
140.91937499999952	EXP	szo_kiir: autoDraw = true
141.74392500000064	DATA	Keydown: ArrowLeft
141.78248499999972	EXP	szo_kiir: autoDraw = false
141.78248499999972	EXP	szo_kiir: color = {"_rgb":[1,1,1]}
141.78248499999972	EXP	szo_kiir: text = "antgathat"
142.30962	EXP	szo_kiir: autoDraw = true
143.01764999999975	DATA	Keydown: ArrowLeft
143.06308499999975	EXP	szo_kiir: autoDraw = false
143.06308499999975	EXP	szo_kiir: color = {"_rgb":[1,1,1]}
143.06308499999975	EXP	szo_kiir: text = "kontlás"
143.56847500000003	EXP	szo_kiir: autoDraw = true
144.24116499999946	DATA	Keydown: ArrowLeft
144.28117000000017	EXP	szo_kiir: autoDraw = false
144.28117000000017	EXP	szo_kiir: color = {"_rgb":[1,1,1]}
144.28117000000017	EXP	szo_kiir: text = "retálhit"
144.78308000000106	EXP	szo_kiir: autoDraw = true
145.53812000000107	DATA	Keydown: ArrowLeft
145.58250500000034	EXP	szo_kiir: autoDraw = false
145.58250500000034	EXP	szo_kiir: color = {"_rgb":[1,1,1]}
145.58250500000034	EXP	szo_kiir: text = "monogenetikus"
146.12193000000116	EXP	szo_kiir: autoDraw = true
147.3354799999997	DATA	Keydown: ArrowRight
147.37607000000028	EXP	szo_kiir: autoDraw = false
147.37607000000028	EXP	szo_kiir: color = {"_rgb":[1,1,1]}
147.37607000000028	EXP	szo_kiir: text = "sárfolt"
147.92137999999977	EXP	szo_kiir: autoDraw = true
148.81694500000052	DATA	Keydown: ArrowRight
148.86049000000096	EXP	szo_kiir: autoDraw = false
148.86049000000096	EXP	szo_kiir: color = {"_rgb":[1,1,1]}
148.86049000000096	EXP	szo_kiir: text = "mérgesít"
149.40367499999954	EXP	szo_kiir: autoDraw = true
150.0134500000004	DATA	Keydown: ArrowRight
150.0550199999998	EXP	szo_kiir: autoDraw = false
150.0550199999998	EXP	szo_kiir: color = {"_rgb":[1,1,1]}
150.0550199999998	EXP	szo_kiir: text = "hízelkedik"
150.58150999999998	EXP	szo_kiir: autoDraw = true
151.1589500000009	DATA	Keydown: ArrowRight
151.203845	EXP	szo_kiir: autoDraw = false
151.203845	EXP	szo_kiir: color = {"_rgb":[1,1,1]}
151.203845	EXP	szo_kiir: text = "zomás"
151.7437950000003	EXP	szo_kiir: autoDraw = true
152.50835000000006	DATA	Keydown: ArrowLeft
152.55070499999962	EXP	szo_kiir: autoDraw = false
152.55070499999962	EXP	szo_kiir: color = {"_rgb":[1,1,1]}
152.55070499999962	EXP	szo_kiir: text = "bágyaszt"
153.079525000001	EXP	szo_kiir: autoDraw = true
154.17332499999975	DATA	Keydown: ArrowRight
154.22057499999937	EXP	szo_kiir: autoDraw = false
154.22057499999937	EXP	szo_kiir: color = {"_rgb":[1,1,1]}
154.22057499999937	EXP	szo_kiir: text = "tapétáz"
154.7615850000002	EXP	szo_kiir: autoDraw = true
156.001330000001	DATA	Keydown: ArrowRight
156.04100500000098	EXP	szo_kiir: autoDraw = false
156.04100500000098	EXP	szo_kiir: color = {"_rgb":[1,1,1]}
156.04100500000098	EXP	szo_kiir: text = "portalanít"
156.580605000001	EXP	szo_kiir: autoDraw = true
157.39156000000003	DATA	Keydown: ArrowRight
157.44015500000023	EXP	szo_kiir: autoDraw = false
157.44015500000023	EXP	szo_kiir: color = {"_rgb":[1,1,1]}
157.44015500000023	EXP	szo_kiir: text = "nomináljövedelem"
157.9737700000005	EXP	szo_kiir: autoDraw = true
159.48871999999935	DATA	Keydown: ArrowLeft
159.5305150000004	EXP	szo_kiir: autoDraw = false
159.5305150000004	EXP	szo_kiir: color = {"_rgb":[1,1,1]}
159.5305150000004	EXP	szo_kiir: text = "infimum"
160.0417900000011	EXP	szo_kiir: autoDraw = true
160.9298450000006	DATA	Keydown: ArrowLeft
160.97113499999978	EXP	szo_kiir: autoDraw = false
160.97113499999978	EXP	szo_kiir: color = {"_rgb":[1,1,1]}
160.97113499999978	EXP	szo_kiir: text = "szeizmogram"
161.50544000000082	EXP	szo_kiir: autoDraw = true
163.23790999999983	DATA	Keydown: ArrowRight
163.27861500000105	EXP	szo_kiir: autoDraw = false
163.27861500000105	EXP	szo_kiir: color = {"_rgb":[1,1,1]}
163.27861500000105	EXP	szo_kiir: text = "leverzsköl"
163.8097550000002	EXP	szo_kiir: autoDraw = true
164.88855499999957	DATA	Keydown: ArrowLeft
164.93050000000036	EXP	szo_kiir: autoDraw = false
164.93050000000036	EXP	szo_kiir: color = {"_rgb":[1,1,1]}
164.93050000000036	EXP	szo_kiir: text = "árstop"
165.46118999999996	EXP	szo_kiir: autoDraw = true
166.1314849999999	DATA	Keydown: ArrowLeft
166.17306500000083	EXP	szo_kiir: autoDraw = false
166.17306500000083	EXP	szo_kiir: color = {"_rgb":[1,1,1]}
166.17306500000083	EXP	szo_kiir: text = "szolmizál"
166.6743200000001	EXP	szo_kiir: autoDraw = true
167.4176449999995	DATA	Keydown: ArrowLeft
167.45566499999947	EXP	szo_kiir: autoDraw = false
167.45566499999947	EXP	szo_kiir: color = {"_rgb":[1,1,1]}
167.45566499999947	EXP	szo_kiir: text = "többhagyos"
168.00180499999988	EXP	szo_kiir: autoDraw = true
169.2391550000011	DATA	Keydown: ArrowLeft
169.27912500000093	EXP	szo_kiir: autoDraw = false
169.27912500000093	EXP	szo_kiir: color = {"_rgb":[1,1,1]}
169.27912500000093	EXP	szo_kiir: text = "védővámrendszer"
169.80969000000002	EXP	szo_kiir: autoDraw = true
171.14055499999998	DATA	Keydown: ArrowRight
171.18499499999962	EXP	szo_kiir: autoDraw = false
171.18499499999962	EXP	szo_kiir: color = {"_rgb":[1,1,1]}
171.18499499999962	EXP	szo_kiir: text = "isminchegy"
171.72130000000107	EXP	szo_kiir: autoDraw = true
172.53078000000096	DATA	Keydown: ArrowLeft
172.5708599999998	EXP	szo_kiir: autoDraw = false
172.5708599999998	EXP	szo_kiir: color = {"_rgb":[1,1,1]}
172.5708599999998	EXP	szo_kiir: text = "diviz"
173.09975500000107	EXP	szo_kiir: autoDraw = true
173.81472000000028	DATA	Keydown: ArrowLeft
173.85267999999996	EXP	szo_kiir: autoDraw = false
173.85267999999996	EXP	szo_kiir: color = {"_rgb":[1,1,1]}
173.85267999999996	EXP	szo_kiir: text = "rezervál"
174.39933500000004	EXP	szo_kiir: autoDraw = true
175.30432500000097	DATA	Keydown: ArrowRight
175.35163000000102	EXP	szo_kiir: autoDraw = false
175.35163000000102	EXP	szo_kiir: color = {"_rgb":[1,1,1]}
175.35163000000102	EXP	szo_kiir: text = "talauzik"
175.86340999999996	EXP	szo_kiir: autoDraw = true
176.48228999999992	DATA	Keydown: ArrowLeft
176.52062000000112	EXP	szo_kiir: autoDraw = false
176.52062000000112	EXP	szo_kiir: color = {"_rgb":[1,1,1]}
176.52062000000112	EXP	szo_kiir: text = "keserűgyökér"
177.05651000000032	EXP	szo_kiir: autoDraw = true
177.93582000000063	DATA	Keydown: ArrowRight
177.9811750000008	EXP	szo_kiir: autoDraw = false
177.9811750000008	EXP	szo_kiir: color = {"_rgb":[1,1,1]}
177.9811750000008	EXP	szo_kiir: text = "döföl"
178.5125700000008	EXP	szo_kiir: autoDraw = true
179.13155999999978	DATA	Keydown: ArrowLeft
179.1697450000011	EXP	szo_kiir: autoDraw = false
179.1697450000011	EXP	szo_kiir: color = {"_rgb":[1,1,1]}
179.1697450000011	EXP	szo_kiir: text = "kongóvörös"
179.7125350000006	EXP	szo_kiir: autoDraw = true
180.64980500000092	DATA	Keydown: ArrowLeft
180.69096499999975	EXP	szo_kiir: autoDraw = false
180.69096499999975	EXP	szo_kiir: color = {"_rgb":[1,1,1]}
180.69096499999975	EXP	szo_kiir: text = "fogózkodik"
181.2194350000009	EXP	szo_kiir: autoDraw = true
182.1202150000008	DATA	Keydown: ArrowRight
182.15845500000069	EXP	szo_kiir: autoDraw = false
182.15845500000069	EXP	szo_kiir: color = {"_rgb":[1,1,1]}
182.15845500000069	EXP	szo_kiir: text = "kettősfém"
182.6986400000005	EXP	szo_kiir: autoDraw = true
183.5554250000005	DATA	Keydown: ArrowRight
183.60107500000052	EXP	szo_kiir: autoDraw = false
183.60107500000052	EXP	szo_kiir: color = {"_rgb":[1,1,1]}
183.60107500000052	EXP	szo_kiir: text = "extuál"
184.13316500000113	EXP	szo_kiir: autoDraw = true
184.89438999999945	DATA	Keydown: ArrowLeft
184.93569500000012	EXP	szo_kiir: autoDraw = false
184.93569500000012	EXP	szo_kiir: color = {"_rgb":[1,1,1]}
184.93569500000012	EXP	szo_kiir: text = "korrektúrázik"
185.47201499999937	EXP	szo_kiir: autoDraw = true
186.8017949999994	DATA	Keydown: ArrowRight
186.8442049999994	EXP	szo_kiir: autoDraw = false
186.8442049999994	EXP	szo_kiir: color = {"_rgb":[1,1,1]}
186.8442049999994	EXP	szo_kiir: text = "feltupíroz"
187.3767650000009	EXP	szo_kiir: autoDraw = true
188.37490000000068	DATA	Keydown: ArrowRight
188.41337000000019	EXP	szo_kiir: autoDraw = false
188.41337000000019	EXP	szo_kiir: color = {"_rgb":[1,1,1]}
188.41337000000019	EXP	szo_kiir: text = "meleglaboratórium"
188.95162499999967	EXP	szo_kiir: autoDraw = true
190.55141999999978	DATA	Keydown: ArrowRight
190.5985249999994	EXP	szo_kiir: autoDraw = false
190.5985249999994	EXP	szo_kiir: color = {"_rgb":[1,1,1]}
190.5985249999994	EXP	szo_kiir: text = "elcsigázódik"
191.1233800000009	EXP	szo_kiir: autoDraw = true
192.20478499999987	DATA	Keydown: ArrowLeft
192.245535	EXP	szo_kiir: autoDraw = false
192.245535	EXP	szo_kiir: color = {"_rgb":[1,1,1]}
192.245535	EXP	szo_kiir: text = "petél"
192.77867999999944	EXP	szo_kiir: autoDraw = true
193.68159000000014	DATA	Keydown: ArrowRight
193.7229050000005	EXP	szo_kiir: autoDraw = false
193.7229050000005	EXP	szo_kiir: color = {"_rgb":[1,1,1]}
193.7229050000005	EXP	szo_kiir: text = "erődéki"
194.2479800000001	EXP	szo_kiir: autoDraw = true
195.02495500000077	DATA	Keydown: ArrowLeft
195.07179999999974	EXP	szo_kiir: autoDraw = false
195.07179999999974	EXP	szo_kiir: color = {"_rgb":[1,1,1]}
195.07179999999974	EXP	szo_kiir: text = "vároló"
195.60352000000057	EXP	szo_kiir: autoDraw = true
196.37670500000056	DATA	Keydown: ArrowLeft
196.41800499999954	EXP	szo_kiir: autoDraw = false
196.41800499999954	EXP	szo_kiir: color = {"_rgb":[1,1,1]}
196.41800499999954	EXP	szo_kiir: text = "okoztatozó"
196.92205000000104	EXP	szo_kiir: autoDraw = true
197.86322000000112	DATA	Keydown: ArrowLeft
197.90675999999988	EXP	szo_kiir: autoDraw = false
197.90675999999988	EXP	szo_kiir: color = {"_rgb":[1,1,1]}
197.90675999999988	EXP	szo_kiir: text = "nemesbít"
198.45050000000086	EXP	szo_kiir: autoDraw = true
199.1144600000007	DATA	Keydown: ArrowLeft
199.15572000000063	EXP	szo_kiir: autoDraw = false
199.15572000000063	EXP	szo_kiir: color = {"_rgb":[1,1,1]}
199.15572000000063	EXP	szo_kiir: text = "szélmalomszárny"
199.68983500000104	EXP	szo_kiir: autoDraw = true
200.6585950000008	DATA	Keydown: ArrowLeft
200.70060000000012	EXP	szo_kiir: autoDraw = false
200.70060000000012	EXP	szo_kiir: color = {"_rgb":[1,1,1]}
200.70060000000012	EXP	szo_kiir: text = "desszertestál"
201.2374350000009	EXP	szo_kiir: autoDraw = true
202.48617999999988	DATA	Keydown: ArrowLeft
202.53175000000007	EXP	szo_kiir: autoDraw = false
202.53175000000007	EXP	szo_kiir: color = {"_rgb":[1,1,1]}
202.53175000000007	EXP	szo_kiir: text = "glosszáz"
203.0597450000005	EXP	szo_kiir: autoDraw = true
203.8158149999999	DATA	Keydown: ArrowLeft
203.85446000000044	EXP	szo_kiir: autoDraw = false
203.85446000000044	EXP	szo_kiir: color = {"_rgb":[1,1,1]}
203.85446000000044	EXP	szo_kiir: text = "viaszoz"
204.39291500000036	EXP	szo_kiir: autoDraw = true
205.0674250000011	DATA	Keydown: ArrowLeft
205.10610000000088	EXP	szo_kiir: autoDraw = false
205.10610000000088	EXP	szo_kiir: color = {"_rgb":[1,1,1]}
205.10610000000088	EXP	szo_kiir: text = "díjnokoskodik"
205.6433849999994	EXP	szo_kiir: autoDraw = true
206.2758950000007	DATA	Keydown: ArrowLeft
206.32379000000034	EXP	szo_kiir: autoDraw = false
206.32379000000034	EXP	koszi_szoveg: autoDraw = true
207.817860000001	DATA	Keydown:  
208.4730899999995	DATA	Keydown: ArrowRight
