0.19857499999852735	EXP	Created Window = Window( name=Window, fullscr=true, color=#000000, units=norm, waitBlanking=true, autoLog=true, size=[1366,576] )
2.4598599999990256	DATA	Keydown: 2
2.680849999997008	DATA	Keydown: 3
4.45712999999887	DATA	Keydown: undefined
7.590784999996686	DATA	Keydown: n
8.60815999999977	DATA	Keydown: ő
10.97052999999869	DATA	Keydown: 2
11.541975000000093	DATA	Keydown: 0
11.821759999998903	DATA	Keydown: 0
12.150604999998905	DATA	Keydown: 0
12.89975499999855	DATA	Keydown: .
13.115989999998419	DATA	Keydown: 0
13.899164999998902	DATA	Keydown: 8
14.205500000000029	DATA	Keydown: .
15.000709999996616	DATA	Keydown: 1
15.192839999999705	DATA	Keydown: 0
15.524994999999763	DATA	Keydown: .
16.755699999997887	DATA	Keydown: Backspace
16.928509999997914	DATA	Keydown: Backspace
17.095079999999143	DATA	Keydown: Backspace
17.27891499999896	DATA	Keydown: Backspace
17.44363499999963	DATA	Keydown: Backspace
17.635104999997566	DATA	Keydown: Backspace
17.871174999996583	DATA	Keydown: Backspace
24.869259999999485	DATA	Keydown: 1
26.228869999999006	DATA	Keydown: 3
35.78147999999783	EXP	Created instruction_text1 = TextStim( name=instruction_text1, win=Window( name=Window, fullscr=true, color=#000000, ~), autoDraw=null, autoLog=true, units=norm, ori=null, opacity=1, pos=[0,0], size=undefined, text=Ön most szavakat fog látni.

Ezek között lesznek o~, font=Arial, color=#ffffff, contrast=1, height=0.05, bold=null, italic=null, alignHoriz=left, alignVert=center, wrapWidth=1, flipHoriz=null, flipVert=null )
35.789929999999	EXP	Created instruction_text2 = TextStim( name=instruction_text2, win=Window( name=Window, fullscr=true, color=#000000, ~), autoDraw=null, autoLog=true, units=norm, ori=null, opacity=1, pos=[0,0], size=undefined, text=Először két egyszerű példát mutatunk Önnek.

Az el~, font=Arial, color=#FFFFFF, contrast=1, height=0.05, bold=null, italic=null, alignHoriz=left, alignVert=center, wrapWidth=1, flipHoriz=null, flipVert=null )
35.79840999999942	EXP	Created show_text = TextStim( name=show_text, win=Window( name=Window, fullscr=true, color=#000000, ~), autoDraw=null, autoLog=true, units=norm, ori=null, opacity=1, pos=[0,0], size=undefined, text=asztal, font=Arial, color=#FFFFFF, contrast=1, height=0.2, bold=null, italic=null, alignHoriz=left, alignVert=center, wrapWidth=1, flipHoriz=null, flipVert=null )
35.80235499999981	EXP	Created text = TextStim( name=text, win=Window( name=Window, fullscr=true, color=#000000, ~), autoDraw=null, autoLog=true, units=norm, ori=null, opacity=1, pos=[0,0], size=undefined, text=bzsmfsztal, font=Arial, color=#FFFFFF, contrast=1, height=0.2, bold=null, italic=null, alignHoriz=left, alignVert=center, wrapWidth=1, flipHoriz=null, flipVert=null )
35.80566999999792	EXP	Created instruction_text3 = TextStim( name=instruction_text3, win=Window( name=Window, fullscr=true, color=#000000, ~), autoDraw=null, autoLog=true, units=norm, ori=null, opacity=1, pos=[0,0], size=undefined, text=Pazar. Most kezdődik az igazi kísérlet. Néhány per~, font=Arial, color=#FFFFFF, contrast=1, height=0.1, bold=null, italic=null, alignHoriz=left, alignVert=center, wrapWidth=1, flipHoriz=null, flipVert=null )
35.814784999998665	EXP	Created szo_kiir = TextStim( name=szo_kiir, win=Window( name=Window, fullscr=true, color=#000000, ~), autoDraw=null, autoLog=true, units=norm, ori=null, opacity=1, pos=[0,0], size=undefined, text=default text, font=Arial, color=#FFFFFF, contrast=1, height=0.2, bold=null, italic=null, alignHoriz=left, alignVert=center, wrapWidth=1, flipHoriz=null, flipVert=null )
35.81741499999771	EXP	Created koszi_szoveg = TextStim( name=koszi_szoveg, win=Window( name=Window, fullscr=true, color=#000000, ~), autoDraw=null, autoLog=true, units=norm, ori=null, opacity=1, pos=[0,0], size=undefined, text=Vége a kísérletnek. Köszönjük a részvételt!, font=arial, color=#ffffff, contrast=1, height=0.1, bold=null, italic=null, alignHoriz=left, alignVert=center, wrapWidth=1, flipHoriz=null, flipVert=null )
35.94509999999718	EXP	instruction_text1: units = "norm"
35.94509999999718	EXP	instruction_text1: ori = 0
35.94509999999718	EXP	instruction_text1: opacity = 1
35.94509999999718	EXP	instruction_text1: pos = [0,0]
35.94509999999718	EXP	instruction_text1: size = undefined
35.94509999999718	EXP	instruction_text1: text = "Ön most szavakat fog látni.\n\nEzek között lesznek olyanok, amelyeket ismer, de előfordulhatnak olyanok is, amelyeket nem ismer, sőt, vannak köztük kitalált szavak is. \n\nKérjük, ha ismeri a képernyőn látható szót, nyomja meg a JOBB kurzorbillentyűt.\nKérjük, ha NEM ismeri a képernyőn látható szót, vagy azt gondolja, nincs ilyen szó a magyarban, nyomja meg a BAL kurzorbillentyűt.\n\nAz 'Ismerem a szót' döntés itt most ezt jelenti: találkoztam már vele, és van valami elképzelésem a jelentéséről is.  \n\nNyomjon meg bármilyen billentyűt a folytatáshoz."
35.94509999999718	EXP	instruction_text1: font = "Arial"
35.94509999999718	EXP	instruction_text1: color = {"_rgb":[1,1,1]}
35.94509999999718	EXP	instruction_text1: contrast = 1
35.94509999999718	EXP	instruction_text1: height = 0.05
35.94509999999718	EXP	instruction_text1: bold = false
35.94509999999718	EXP	instruction_text1: italic = false
35.94509999999718	EXP	instruction_text1: alignHoriz = "left"
35.94509999999718	EXP	instruction_text1: alignVert = "center"
35.94509999999718	EXP	instruction_text1: wrapWidth = 1
35.94509999999718	EXP	instruction_text1: flipHoriz = false
35.94509999999718	EXP	instruction_text1: flipVert = false
35.94509999999718	EXP	instruction_text2: units = "norm"
35.94509999999718	EXP	instruction_text2: ori = 0
35.94509999999718	EXP	instruction_text2: opacity = 1
35.94509999999718	EXP	instruction_text2: pos = [0,0]
35.94509999999718	EXP	instruction_text2: size = undefined
35.94509999999718	EXP	instruction_text2: text = "Először két egyszerű példát mutatunk Önnek.\n\nAz első szó létezik a magyarban, és valószínűleg Ön is ismeri. Itt nyomja majd meg a jobb kurzorbillentyűt.\nA második szó nem létezik a magyar nyelvben. Itt nyomja majd meg a bal kurzorbillentyűt.\n\nFontos, hogy a jobb gombot a jobb kezével, a bal gombot a bal kezével nyomja, ha tudja, és ne egy kezét használja a kísérletben.\n\nNyomjon meg bármilyen gombot a folytatáshoz."
35.94509999999718	EXP	instruction_text2: font = "Arial"
35.94509999999718	EXP	instruction_text2: color = {"_hex":"#FFFFFF","_rgb":[1,1,1]}
35.94509999999718	EXP	instruction_text2: contrast = 1
35.94509999999718	EXP	instruction_text2: height = 0.05
35.94509999999718	EXP	instruction_text2: bold = false
35.94509999999718	EXP	instruction_text2: italic = false
35.94509999999718	EXP	instruction_text2: alignHoriz = "left"
35.94509999999718	EXP	instruction_text2: alignVert = "center"
35.94509999999718	EXP	instruction_text2: wrapWidth = 1
35.94509999999718	EXP	instruction_text2: flipHoriz = false
35.94509999999718	EXP	instruction_text2: flipVert = false
35.94509999999718	EXP	show_text: units = "norm"
35.94509999999718	EXP	show_text: ori = 0
35.94509999999718	EXP	show_text: opacity = 1
35.94509999999718	EXP	show_text: pos = [0,0]
35.94509999999718	EXP	show_text: size = undefined
35.94509999999718	EXP	show_text: text = "asztal"
35.94509999999718	EXP	show_text: font = "Arial"
35.94509999999718	EXP	show_text: color = {"_hex":"#FFFFFF","_rgb":[1,1,1]}
35.94509999999718	EXP	show_text: contrast = 1
35.94509999999718	EXP	show_text: height = 0.2
35.94509999999718	EXP	show_text: bold = false
35.94509999999718	EXP	show_text: italic = false
35.94509999999718	EXP	show_text: alignHoriz = "left"
35.94509999999718	EXP	show_text: alignVert = "center"
35.94509999999718	EXP	show_text: wrapWidth = 1
35.94509999999718	EXP	show_text: flipHoriz = false
35.94509999999718	EXP	show_text: flipVert = false
35.94509999999718	EXP	text: units = "norm"
35.94509999999718	EXP	text: ori = 0
35.94509999999718	EXP	text: opacity = 1
35.94509999999718	EXP	text: pos = [0,0]
35.94509999999718	EXP	text: size = undefined
35.94509999999718	EXP	text: text = "bzsmfsztal"
35.94509999999718	EXP	text: font = "Arial"
35.94509999999718	EXP	text: color = {"_hex":"#FFFFFF","_rgb":[1,1,1]}
35.94509999999718	EXP	text: contrast = 1
35.94509999999718	EXP	text: height = 0.2
35.94509999999718	EXP	text: bold = false
35.94509999999718	EXP	text: italic = false
35.94509999999718	EXP	text: alignHoriz = "left"
35.94509999999718	EXP	text: alignVert = "center"
35.94509999999718	EXP	text: wrapWidth = 1
35.94509999999718	EXP	text: flipHoriz = false
35.94509999999718	EXP	text: flipVert = false
35.94509999999718	EXP	instruction_text3: units = "norm"
35.94509999999718	EXP	instruction_text3: ori = 0
35.94509999999718	EXP	instruction_text3: opacity = 1
35.94509999999718	EXP	instruction_text3: pos = [0,0]
35.94509999999718	EXP	instruction_text3: size = undefined
35.94509999999718	EXP	instruction_text3: text = "Pazar. Most kezdődik az igazi kísérlet. Néhány percig fog tartani. Nem kell nagyon sietnie, de igyekezzen gyorsan válaszolni.\n\nNe feledje, ha tudja, a jobb gombot a jobbkezével, a bal gombot a balkezével nyomja le.\n\nNyomjon meg bármilyen gombot a folytatáshoz."
35.94509999999718	EXP	instruction_text3: font = "Arial"
35.94509999999718	EXP	instruction_text3: color = {"_hex":"#FFFFFF","_rgb":[1,1,1]}
35.94509999999718	EXP	instruction_text3: contrast = 1
35.94509999999718	EXP	instruction_text3: height = 0.1
35.94509999999718	EXP	instruction_text3: bold = false
35.94509999999718	EXP	instruction_text3: italic = false
35.94509999999718	EXP	instruction_text3: alignHoriz = "left"
35.94509999999718	EXP	instruction_text3: alignVert = "center"
35.94509999999718	EXP	instruction_text3: wrapWidth = 1
35.94509999999718	EXP	instruction_text3: flipHoriz = false
35.94509999999718	EXP	instruction_text3: flipVert = false
35.94509999999718	EXP	szo_kiir: units = "norm"
35.94509999999718	EXP	szo_kiir: ori = 0
35.94509999999718	EXP	szo_kiir: opacity = 1
35.94509999999718	EXP	szo_kiir: pos = [0,0]
35.94509999999718	EXP	szo_kiir: size = undefined
35.94509999999718	EXP	szo_kiir: text = "default text"
35.94509999999718	EXP	szo_kiir: font = "Arial"
35.94509999999718	EXP	szo_kiir: color = {"_hex":"#FFFFFF","_rgb":[1,1,1]}
35.94509999999718	EXP	szo_kiir: contrast = 1
35.94509999999718	EXP	szo_kiir: height = 0.2
35.94509999999718	EXP	szo_kiir: bold = false
35.94509999999718	EXP	szo_kiir: italic = false
35.94509999999718	EXP	szo_kiir: alignHoriz = "left"
35.94509999999718	EXP	szo_kiir: alignVert = "center"
35.94509999999718	EXP	szo_kiir: wrapWidth = 1
35.94509999999718	EXP	szo_kiir: flipHoriz = false
35.94509999999718	EXP	szo_kiir: flipVert = false
35.94509999999718	EXP	koszi_szoveg: units = "norm"
35.94509999999718	EXP	koszi_szoveg: ori = 0
35.94509999999718	EXP	koszi_szoveg: opacity = 1
35.94509999999718	EXP	koszi_szoveg: pos = [0,0]
35.94509999999718	EXP	koszi_szoveg: size = undefined
35.94509999999718	EXP	koszi_szoveg: text = "Vége a kísérletnek. Köszönjük a részvételt!"
35.94509999999718	EXP	koszi_szoveg: font = "arial"
35.94509999999718	EXP	koszi_szoveg: color = {"_rgb":[1,1,1]}
35.94509999999718	EXP	koszi_szoveg: contrast = 1
35.94509999999718	EXP	koszi_szoveg: height = 0.1
35.94509999999718	EXP	koszi_szoveg: bold = false
35.94509999999718	EXP	koszi_szoveg: italic = false
35.94509999999718	EXP	koszi_szoveg: alignHoriz = "left"
35.94509999999718	EXP	koszi_szoveg: alignVert = "center"
35.94509999999718	EXP	koszi_szoveg: wrapWidth = 1
35.94509999999718	EXP	koszi_szoveg: flipHoriz = false
35.94509999999718	EXP	koszi_szoveg: flipVert = false
35.94509999999718	EXP	instruction_text1: autoDraw = true
80.74168999999893	DATA	Mouse: 0 button down, pos=(793,613)
80.84422999999879	DATA	Mouse: 0 button down, pos=(793,613)
82.66799499999979	DATA	Mouse: 0 button down, pos=(793,613)
82.78346999999849	DATA	Mouse: 0 button down, pos=(793,613)
84.12695999999778	DATA	Keydown:  
84.16071499999816	EXP	instruction_text1: autoDraw = false
84.16071499999816	EXP	instruction_text2: autoDraw = true
117.15674999999828	DATA	Mouse: 2 button down, pos=(793,613)
117.28541499999847	DATA	Mouse: 2 button down, pos=(793,613)
119.05717000000004	DATA	Mouse: 0 button down, pos=(737,551)
119.18659999999727	DATA	Mouse: 0 button down, pos=(737,551)
121.62674999999945	DATA	Keydown:  
121.63602499999979	EXP	instruction_text2: autoDraw = false
122.17252000000008	EXP	show_text: autoDraw = true
123.3898999999983	DATA	Mouse: 2 button down, pos=(737,551)
123.50138499999957	DATA	Mouse: 2 button down, pos=(737,551)
126.24563499999931	DATA	Mouse: 0 button down, pos=(732,501)
126.37050999999701	DATA	Mouse: 0 button down, pos=(732,501)
126.88193499999761	DATA	Mouse: 0 button down, pos=(732,501)
127.00821999999971	DATA	Mouse: 0 button down, pos=(732,501)
127.34187499999825	DATA	Mouse: 0 button down, pos=(732,501)
127.45711999999912	DATA	Mouse: 0 button down, pos=(732,501)
127.51614999999947	DATA	Mouse: 0 button down, pos=(732,501)
127.58338499999809	DATA	Mouse: 0 button down, pos=(732,501)
127.70489499999894	DATA	Mouse: 0 button down, pos=(732,501)
127.8296199999968	DATA	Mouse: 0 button down, pos=(732,501)
127.88743499999691	DATA	Mouse: 0 button down, pos=(732,501)
128.01178999999684	DATA	Mouse: 0 button down, pos=(732,501)
128.63844999999856	DATA	Mouse: 2 button down, pos=(732,501)
128.73344999999972	DATA	Mouse: 2 button down, pos=(732,501)
134.15271499999653	DATA	Mouse: 2 button down, pos=(732,501)
134.24684499999785	DATA	Mouse: 2 button down, pos=(732,501)
134.97648499999923	DATA	Mouse: 0 button down, pos=(732,501)
135.10060499999963	DATA	Mouse: 0 button down, pos=(732,501)
232.95507999999973	DATA	Mouse: 2 button down, pos=(796,490)
233.11434999999983	DATA	Mouse: 2 button down, pos=(795,490)
234.3810999999987	DATA	Mouse: 0 button down, pos=(767,497)
234.53053	DATA	Mouse: 0 button down, pos=(767,497)
235.01807499999995	DATA	Mouse: 2 button down, pos=(767,497)
235.15356999999858	DATA	Mouse: 2 button down, pos=(767,497)
236.37188999999853	DATA	Mouse: 0 button down, pos=(653,507)
236.50585999999748	DATA	Mouse: 0 button down, pos=(653,507)
237.43993999999657	DATA	Keydown: ArrowDown
238.03461999999854	DATA	Keydown:  
238.7659649999987	DATA	Mouse: 2 button down, pos=(654,509)
238.94888499999797	DATA	Mouse: 2 button down, pos=(654,509)
239.14511499999935	DATA	Mouse: 0 button down, pos=(655,511)
239.2977749999991	DATA	Mouse: 0 button down, pos=(655,511)
241.83490999999776	DATA	Mouse: 2 button down, pos=(679,487)
241.9330149999987	DATA	Mouse: 2 button down, pos=(679,487)
242.9739649999974	DATA	Mouse: 2 button down, pos=(689,467)
243.13401499999964	DATA	Mouse: 2 button down, pos=(689,467)
246.5085199999994	DATA	Mouse: 0 button down, pos=(778,404)
246.61045000000013	DATA	Mouse: 0 button down, pos=(779,403)
247.46682999999757	DATA	Keydown: ArrowRight
247.4839549999997	EXP	show_text: autoDraw = false
248.01296999999977	EXP	text: autoDraw = true
254.19568999999683	DATA	Keydown: ArrowLeft
254.24592999999732	EXP	text: autoDraw = false
254.24592999999732	EXP	instruction_text3: autoDraw = true
268.8743749999995	DATA	Keydown:  
269.0256249999984	EXP	instruction_text3: autoDraw = false
269.0256249999984	EXP	szo_kiir: color = {"_rgb":[1,1,1]}
269.0256249999984	EXP	szo_kiir: text = "likálható"
269.55493999999817	EXP	szo_kiir: autoDraw = true
271.51123000000007	DATA	Keydown: ArrowLeft
271.5244849999981	EXP	szo_kiir: autoDraw = false
271.5244849999981	EXP	szo_kiir: color = {"_rgb":[1,1,1]}
271.5244849999981	EXP	szo_kiir: text = "komoly"
272.04289999999673	EXP	szo_kiir: autoDraw = true
272.70603999999724	DATA	Keydown: ArrowRight
272.7664349999978	EXP	szo_kiir: autoDraw = false
272.7664349999978	EXP	szo_kiir: color = {"_rgb":[1,1,1]}
272.7664349999978	EXP	szo_kiir: text = "látszik"
273.2793949999977	EXP	szo_kiir: autoDraw = true
273.9072699999997	DATA	Keydown: ArrowRight
273.92358999999846	EXP	szo_kiir: autoDraw = false
273.92358999999846	EXP	szo_kiir: color = {"_rgb":[1,1,1]}
273.92358999999846	EXP	szo_kiir: text = "típusú"
274.44644999999946	EXP	szo_kiir: autoDraw = true
275.02492499999784	DATA	Keydown: ArrowRight
275.0850199999987	EXP	szo_kiir: autoDraw = false
275.0850199999987	EXP	szo_kiir: color = {"_rgb":[1,1,1]}
275.0850199999987	EXP	szo_kiir: text = "gond"
275.5942399999985	EXP	szo_kiir: autoDraw = true
276.1613049999978	DATA	Keydown: ArrowRight
276.1732749999974	EXP	szo_kiir: autoDraw = false
276.1732749999974	EXP	szo_kiir: color = {"_rgb":[1,1,1]}
276.1732749999974	EXP	szo_kiir: text = "dolgozik"
276.6943949999987	EXP	szo_kiir: autoDraw = true
277.31458500000014	DATA	Keydown: ArrowRight
277.3824949999981	EXP	szo_kiir: autoDraw = false
277.3824949999981	EXP	szo_kiir: color = {"_rgb":[1,1,1]}
277.3824949999981	EXP	szo_kiir: text = "rendezvény"
277.8965349999998	EXP	szo_kiir: autoDraw = true
278.99352	DATA	Keydown: ArrowRight
279.00694999999905	EXP	szo_kiir: autoDraw = false
279.00694999999905	EXP	szo_kiir: color = {"_rgb":[1,1,1]}
279.00694999999905	EXP	szo_kiir: text = "fény"
279.5272699999986	EXP	szo_kiir: autoDraw = true
280.027865	DATA	Keydown: ArrowRight
280.0624049999969	EXP	szo_kiir: autoDraw = false
280.0624049999969	EXP	szo_kiir: color = {"_rgb":[1,1,1]}
280.0624049999969	EXP	szo_kiir: text = "szegény"
280.5779099999999	EXP	szo_kiir: autoDraw = true
281.19992499999717	DATA	Keydown: ArrowRight
281.20780499999825	EXP	szo_kiir: autoDraw = false
281.20780499999825	EXP	szo_kiir: color = {"_rgb":[1,1,1]}
281.20780499999825	EXP	szo_kiir: text = "komplex"
281.7125949999972	EXP	szo_kiir: autoDraw = true
282.33363499999905	DATA	Keydown: ArrowRight
282.3785949999983	EXP	szo_kiir: autoDraw = false
282.3785949999983	EXP	szo_kiir: color = {"_rgb":[1,1,1]}
282.3785949999983	EXP	szo_kiir: text = "gondoskodik"
282.9139649999998	EXP	szo_kiir: autoDraw = true
283.5601399999978	DATA	Keydown: ArrowRight
283.57605999999936	EXP	szo_kiir: autoDraw = false
283.57605999999936	EXP	szo_kiir: color = {"_rgb":[1,1,1]}
283.57605999999936	EXP	szo_kiir: text = "forgalom"
284.0948699999972	EXP	szo_kiir: autoDraw = true
284.6893599999966	DATA	Keydown: ArrowRight
284.72738499999826	EXP	szo_kiir: autoDraw = false
284.72738499999826	EXP	szo_kiir: color = {"_rgb":[1,1,1]}
284.72738499999826	EXP	szo_kiir: text = "illegális"
285.2445950000001	EXP	szo_kiir: autoDraw = true
285.8908149999988	DATA	Keydown: ArrowRight
285.9024449999998	EXP	szo_kiir: autoDraw = false
285.9024449999998	EXP	szo_kiir: color = {"_rgb":[1,1,1]}
285.9024449999998	EXP	szo_kiir: text = "rohangsári"
286.4137049999991	EXP	szo_kiir: autoDraw = true
287.60357499999736	DATA	Keydown: ArrowLeft
287.62500000000006	EXP	szo_kiir: autoDraw = false
287.62500000000006	EXP	szo_kiir: color = {"_rgb":[1,1,1]}
287.62500000000006	EXP	szo_kiir: text = "figyelem"
288.13018000000005	EXP	szo_kiir: autoDraw = true
288.71380499999935	DATA	Keydown: ArrowRight
288.72776499999964	EXP	szo_kiir: autoDraw = false
288.72776499999964	EXP	szo_kiir: color = {"_rgb":[1,1,1]}
288.72776499999964	EXP	szo_kiir: text = "érzéketít"
289.2466799999966	EXP	szo_kiir: autoDraw = true
290.9153449999976	DATA	Keydown: ArrowLeft
290.9498449999992	EXP	szo_kiir: autoDraw = false
290.9498449999992	EXP	szo_kiir: color = {"_rgb":[1,1,1]}
290.9498449999992	EXP	szo_kiir: text = "pár"
291.4628449999982	EXP	szo_kiir: autoDraw = true
292.0479049999995	DATA	Keydown: ArrowRight
292.0606149999985	EXP	szo_kiir: autoDraw = false
292.0606149999985	EXP	szo_kiir: color = {"_rgb":[1,1,1]}
292.0606149999985	EXP	szo_kiir: text = "reagál"
292.5788399999983	EXP	szo_kiir: autoDraw = true
294.10740499999883	DATA	Keydown: ArrowRight
294.13343999999773	EXP	szo_kiir: autoDraw = false
294.13343999999773	EXP	szo_kiir: color = {"_rgb":[1,1,1]}
294.13343999999773	EXP	szo_kiir: text = "melő"
294.64812999999776	EXP	szo_kiir: autoDraw = true
295.8288799999973	DATA	Keydown: ArrowLeft
295.84402999999656	EXP	szo_kiir: autoDraw = false
295.84402999999656	EXP	szo_kiir: color = {"_rgb":[1,1,1]}
295.84402999999656	EXP	szo_kiir: text = "daragasi"
296.349725	EXP	szo_kiir: autoDraw = true
297.7336699999978	DATA	Keydown: ArrowLeft
297.76483000000013	EXP	szo_kiir: autoDraw = false
297.76483000000013	EXP	szo_kiir: color = {"_rgb":[1,1,1]}
297.76483000000013	EXP	szo_kiir: text = "fényképezőgép"
298.2804749999995	EXP	szo_kiir: autoDraw = true
299.35455	DATA	Keydown: ArrowRight
299.3621899999999	EXP	szo_kiir: autoDraw = false
299.3621899999999	EXP	szo_kiir: color = {"_rgb":[1,1,1]}
299.3621899999999	EXP	szo_kiir: text = "vád"
299.8827149999998	EXP	szo_kiir: autoDraw = true
300.446824999999	DATA	Keydown: ArrowRight
300.4976299999981	EXP	szo_kiir: autoDraw = false
300.4976299999981	EXP	szo_kiir: color = {"_rgb":[1,1,1]}
300.4976299999981	EXP	szo_kiir: text = "gyűjt"
301.01765499999965	EXP	szo_kiir: autoDraw = true
301.54652999999956	DATA	Keydown: ArrowRight
301.56220499999836	EXP	szo_kiir: autoDraw = false
301.56220499999836	EXP	szo_kiir: color = {"_rgb":[1,1,1]}
301.56220499999836	EXP	szo_kiir: text = "alapszik"
302.0819949999968	EXP	szo_kiir: autoDraw = true
302.71659	DATA	Keydown: ArrowRight
302.74329999999827	EXP	szo_kiir: autoDraw = false
302.74329999999827	EXP	szo_kiir: color = {"_rgb":[1,1,1]}
302.74329999999827	EXP	szo_kiir: text = "búcsú"
303.2539099999995	EXP	szo_kiir: autoDraw = true
303.8371799999986	DATA	Keydown: ArrowRight
303.84700999999774	EXP	szo_kiir: autoDraw = false
303.84700999999774	EXP	szo_kiir: color = {"_rgb":[1,1,1]}
303.84700999999774	EXP	szo_kiir: text = "kilogramm"
304.36608999999953	EXP	szo_kiir: autoDraw = true
305.4185399999988	DATA	Keydown: ArrowRight
305.4464149999986	EXP	szo_kiir: autoDraw = false
305.4464149999986	EXP	szo_kiir: color = {"_rgb":[1,1,1]}
305.4464149999986	EXP	szo_kiir: text = "gyógyszerész"
305.9670899999982	EXP	szo_kiir: autoDraw = true
306.7244149999969	DATA	Keydown: ArrowRight
306.7328299999972	EXP	szo_kiir: autoDraw = false
306.7328299999972	EXP	szo_kiir: color = {"_rgb":[1,1,1]}
306.7328299999972	EXP	szo_kiir: text = "mér"
307.2504999999983	EXP	szo_kiir: autoDraw = true
307.70431999999704	DATA	Keydown: ArrowRight
307.72749999999724	EXP	szo_kiir: autoDraw = false
307.72749999999724	EXP	szo_kiir: color = {"_rgb":[1,1,1]}
307.72749999999724	EXP	szo_kiir: text = "agyag"
308.23412499999904	EXP	szo_kiir: autoDraw = true
309.88573999999795	DATA	Keydown: ArrowRight
309.8982199999991	EXP	szo_kiir: autoDraw = false
309.8982199999991	EXP	szo_kiir: color = {"_rgb":[1,1,1]}
309.8982199999991	EXP	szo_kiir: text = "unitáns"
310.4556400000002	EXP	szo_kiir: autoDraw = true
311.30437499999965	DATA	Keydown: ArrowLeft
311.32785999999754	EXP	szo_kiir: autoDraw = false
311.32785999999754	EXP	szo_kiir: color = {"_rgb":[1,1,1]}
311.32785999999754	EXP	szo_kiir: text = "rajzolódik"
311.8347049999975	EXP	szo_kiir: autoDraw = true
312.5371549999982	DATA	Keydown: ArrowRight
312.54973999999856	EXP	szo_kiir: autoDraw = false
312.54973999999856	EXP	szo_kiir: color = {"_rgb":[1,1,1]}
312.54973999999856	EXP	szo_kiir: text = "sugár"
313.0685099999974	EXP	szo_kiir: autoDraw = true
314.0346099999988	DATA	Keydown: ArrowRight
314.0759249999974	EXP	szo_kiir: autoDraw = false
314.0759249999974	EXP	szo_kiir: color = {"_rgb":[1,1,1]}
314.0759249999974	EXP	szo_kiir: text = "példakép"
314.585834999998	EXP	szo_kiir: autoDraw = true
315.22973999999886	DATA	Keydown: ArrowRight
315.2333149999976	EXP	szo_kiir: autoDraw = false
315.2333149999976	EXP	szo_kiir: color = {"_rgb":[1,1,1]}
315.2333149999976	EXP	szo_kiir: text = "napkollektor"
315.75429499999876	EXP	szo_kiir: autoDraw = true
316.7599899999986	DATA	Keydown: ArrowRight
316.79691499999905	EXP	szo_kiir: autoDraw = false
316.79691499999905	EXP	szo_kiir: color = {"_rgb":[1,1,1]}
316.79691499999905	EXP	szo_kiir: text = "taszt"
317.3017199999995	EXP	szo_kiir: autoDraw = true
318.2395199999992	DATA	Keydown: ArrowLeft
318.25054499999897	EXP	szo_kiir: autoDraw = false
318.25054499999897	EXP	szo_kiir: color = {"_rgb":[1,1,1]}
318.25054499999897	EXP	szo_kiir: text = "körvonalazódik"
318.77112499999936	EXP	szo_kiir: autoDraw = true
319.71964499999734	DATA	Keydown: ArrowRight
319.7536	EXP	szo_kiir: autoDraw = false
319.7536	EXP	szo_kiir: color = {"_rgb":[1,1,1]}
319.7536	EXP	szo_kiir: text = "stasassző"
320.2710599999992	EXP	szo_kiir: autoDraw = true
321.1873199999973	DATA	Keydown: ArrowLeft
321.2018049999969	EXP	szo_kiir: autoDraw = false
321.2018049999969	EXP	szo_kiir: color = {"_rgb":[1,1,1]}
321.2018049999969	EXP	szo_kiir: text = "szorong"
321.72016999999687	EXP	szo_kiir: autoDraw = true
322.2188249999999	DATA	Keydown: ArrowRight
322.2521399999969	EXP	szo_kiir: autoDraw = false
322.2521399999969	EXP	szo_kiir: color = {"_rgb":[1,1,1]}
322.2521399999969	EXP	szo_kiir: text = "arisztokratikus"
322.77111499999955	EXP	szo_kiir: autoDraw = true
323.66952499999746	DATA	Keydown: ArrowRight
323.6850599999998	EXP	szo_kiir: autoDraw = false
323.6850599999998	EXP	szo_kiir: color = {"_rgb":[1,1,1]}
323.6850599999998	EXP	szo_kiir: text = "lazarjadó"
324.2050199999976	EXP	szo_kiir: autoDraw = true
325.2903149999983	DATA	Keydown: ArrowLeft
325.31456499999695	EXP	szo_kiir: autoDraw = false
325.31456499999695	EXP	szo_kiir: color = {"_rgb":[1,1,1]}
325.31456499999695	EXP	szo_kiir: text = "bódé"
325.8219899999968	EXP	szo_kiir: autoDraw = true
326.55356499999834	DATA	Keydown: ArrowRight
326.5687499999985	EXP	szo_kiir: autoDraw = false
326.5687499999985	EXP	szo_kiir: color = {"_rgb":[1,1,1]}
326.5687499999985	EXP	szo_kiir: text = "feledékeny"
327.08799499999805	EXP	szo_kiir: autoDraw = true
327.7209949999997	DATA	Keydown: ArrowRight
327.7532649999993	EXP	szo_kiir: autoDraw = false
327.7532649999993	EXP	szo_kiir: color = {"_rgb":[1,1,1]}
327.7532649999993	EXP	szo_kiir: text = "vetézmés"
328.27258499999886	EXP	szo_kiir: autoDraw = true
329.401285	DATA	Keydown: ArrowLeft
329.4064699999981	EXP	szo_kiir: autoDraw = false
329.4064699999981	EXP	szo_kiir: color = {"_rgb":[1,1,1]}
329.4064699999981	EXP	szo_kiir: text = "aprimitmus"
329.92329999999856	EXP	szo_kiir: autoDraw = true
332.0171999999984	DATA	Keydown: ArrowLeft
332.03730499999796	EXP	szo_kiir: autoDraw = false
332.03730499999796	EXP	szo_kiir: color = {"_rgb":[1,1,1]}
332.03730499999796	EXP	szo_kiir: text = "ómagyar"
332.55612499999916	EXP	szo_kiir: autoDraw = true
333.2738299999982	DATA	Keydown: ArrowRight
333.2871899999991	EXP	szo_kiir: autoDraw = false
333.2871899999991	EXP	szo_kiir: color = {"_rgb":[1,1,1]}
333.2871899999991	EXP	szo_kiir: text = "magánnyugdíj"
333.7915399999983	EXP	szo_kiir: autoDraw = true
335.8004299999993	DATA	Keydown: ArrowRight
335.8218549999983	EXP	szo_kiir: autoDraw = false
335.8218549999983	EXP	szo_kiir: color = {"_rgb":[1,1,1]}
335.8218549999983	EXP	szo_kiir: text = "ború"
336.34008999999793	EXP	szo_kiir: autoDraw = true
337.74685999999934	DATA	Keydown: ArrowRight
337.755409999998	EXP	szo_kiir: autoDraw = false
337.755409999998	EXP	szo_kiir: color = {"_rgb":[1,1,1]}
337.755409999998	EXP	szo_kiir: text = "hidroxid"
338.274989999998	EXP	szo_kiir: autoDraw = true
339.24474499999997	DATA	Keydown: ArrowRight
339.2712699999975	EXP	szo_kiir: autoDraw = false
339.2712699999975	EXP	szo_kiir: color = {"_rgb":[1,1,1]}
339.2712699999975	EXP	szo_kiir: text = "felezéri"
339.7914700000001	EXP	szo_kiir: autoDraw = true
340.7930399999968	DATA	Keydown: ArrowLeft
340.80614999999665	EXP	szo_kiir: autoDraw = false
340.80614999999665	EXP	szo_kiir: color = {"_rgb":[1,1,1]}
340.80614999999665	EXP	szo_kiir: text = "korog"
341.3247999999985	EXP	szo_kiir: autoDraw = true
341.86458499999935	DATA	Keydown: ArrowRight
341.8890749999992	EXP	szo_kiir: autoDraw = false
341.8890749999992	EXP	szo_kiir: color = {"_rgb":[1,1,1]}
341.8890749999992	EXP	szo_kiir: text = "ezredmásodperc"
342.4127899999985	EXP	szo_kiir: autoDraw = true
343.34233499999755	DATA	Keydown: ArrowRight
343.3569549999993	EXP	szo_kiir: autoDraw = false
343.3569549999993	EXP	szo_kiir: color = {"_rgb":[1,1,1]}
343.3569549999993	EXP	szo_kiir: text = "cirózó"
343.87672999999995	EXP	szo_kiir: autoDraw = true
344.8525699999991	DATA	Keydown: ArrowLeft
344.87296999999677	EXP	szo_kiir: autoDraw = false
344.87296999999677	EXP	szo_kiir: color = {"_rgb":[1,1,1]}
344.87296999999677	EXP	szo_kiir: text = "lemesség"
345.39666999999827	EXP	szo_kiir: autoDraw = true
347.0748049999966	DATA	Keydown: ArrowLeft
347.09205499999734	EXP	szo_kiir: autoDraw = false
347.09205499999734	EXP	szo_kiir: color = {"_rgb":[1,1,1]}
347.09205499999734	EXP	szo_kiir: text = "renderzia"
347.61021499999697	EXP	szo_kiir: autoDraw = true
349.0597199999974	DATA	Keydown: ArrowLeft
349.09033499999714	EXP	szo_kiir: autoDraw = false
349.09033499999714	EXP	szo_kiir: color = {"_rgb":[1,1,1]}
349.09033499999714	EXP	szo_kiir: text = "kistányér"
349.59430999999677	EXP	szo_kiir: autoDraw = true
350.3765649999987	DATA	Keydown: ArrowRight
350.39213499999823	EXP	szo_kiir: autoDraw = false
350.39213499999823	EXP	szo_kiir: color = {"_rgb":[1,1,1]}
350.39213499999823	EXP	szo_kiir: text = "avonaliba"
350.9118649999982	EXP	szo_kiir: autoDraw = true
352.41031999999905	DATA	Keydown: ArrowLeft
352.4541199999985	EXP	szo_kiir: autoDraw = false
352.4541199999985	EXP	szo_kiir: color = {"_rgb":[1,1,1]}
352.4541199999985	EXP	szo_kiir: text = "totemoszlop"
352.961084999999	EXP	szo_kiir: autoDraw = true
354.35220999999734	DATA	Keydown: ArrowRight
354.35970999999694	EXP	szo_kiir: autoDraw = false
354.35970999999694	EXP	szo_kiir: color = {"_rgb":[1,1,1]}
354.35970999999694	EXP	szo_kiir: text = "mimézis"
354.87961499999807	EXP	szo_kiir: autoDraw = true
356.0724149999987	DATA	Keydown: ArrowLeft
356.0765699999974	EXP	szo_kiir: autoDraw = false
356.0765699999974	EXP	szo_kiir: color = {"_rgb":[1,1,1]}
356.0765699999974	EXP	szo_kiir: text = "kvacsvagos"
356.59573999999697	EXP	szo_kiir: autoDraw = true
359.54164499999746	DATA	Keydown: ArrowLeft
359.56398499999705	EXP	szo_kiir: autoDraw = false
359.56398499999705	EXP	szo_kiir: color = {"_rgb":[1,1,1]}
359.56398499999705	EXP	szo_kiir: text = "elegy"
360.07959999999736	EXP	szo_kiir: autoDraw = true
360.94480999999723	DATA	Keydown: ArrowRight
360.9610349999966	EXP	szo_kiir: autoDraw = false
360.9610349999966	EXP	szo_kiir: color = {"_rgb":[1,1,1]}
360.9610349999966	EXP	szo_kiir: text = "szidalom"
361.4811349999982	EXP	szo_kiir: autoDraw = true
362.191214999999	DATA	Keydown: ArrowRight
362.2120349999968	EXP	szo_kiir: autoDraw = false
362.2120349999968	EXP	szo_kiir: color = {"_rgb":[1,1,1]}
362.2120349999968	EXP	szo_kiir: text = "söröspohár"
362.7310049999978	EXP	szo_kiir: autoDraw = true
363.3956549999966	DATA	Keydown: ArrowRight
363.4121599999998	EXP	szo_kiir: autoDraw = false
363.4121599999998	EXP	szo_kiir: color = {"_rgb":[1,1,1]}
363.4121599999998	EXP	szo_kiir: text = "mikrorendszer"
363.93145499999815	EXP	szo_kiir: autoDraw = true
364.8126449999982	DATA	Keydown: ArrowRight
364.84375999999975	EXP	szo_kiir: autoDraw = false
364.84375999999975	EXP	szo_kiir: color = {"_rgb":[1,1,1]}
364.84375999999975	EXP	szo_kiir: text = "ötletdús"
365.34868499999715	EXP	szo_kiir: autoDraw = true
366.23547999999937	DATA	Keydown: ArrowRight
366.2458849999967	EXP	szo_kiir: autoDraw = false
366.2458849999967	EXP	szo_kiir: color = {"_rgb":[1,1,1]}
366.2458849999967	EXP	szo_kiir: text = "verizmus"
366.7646749999986	EXP	szo_kiir: autoDraw = true
367.6534699999974	DATA	Keydown: ArrowLeft
367.6633349999974	EXP	szo_kiir: autoDraw = false
367.6633349999974	EXP	szo_kiir: color = {"_rgb":[1,1,1]}
367.6633349999974	EXP	szo_kiir: text = "bajadér"
368.18246	EXP	szo_kiir: autoDraw = true
369.1100349999978	DATA	Keydown: ArrowLeft
369.11373999999705	EXP	szo_kiir: autoDraw = false
369.11373999999705	EXP	szo_kiir: color = {"_rgb":[1,1,1]}
369.11373999999705	EXP	szo_kiir: text = "rantálható"
369.63230999999723	EXP	szo_kiir: autoDraw = true
370.95458999999755	DATA	Keydown: ArrowLeft
370.9770299999982	EXP	szo_kiir: autoDraw = false
370.9770299999982	EXP	szo_kiir: color = {"_rgb":[1,1,1]}
370.9770299999982	EXP	szo_kiir: text = "vagdalthús"
371.4848149999998	EXP	szo_kiir: autoDraw = true
372.2146199999989	DATA	Keydown: ArrowRight
372.2310499999985	EXP	szo_kiir: autoDraw = false
372.2310499999985	EXP	szo_kiir: color = {"_rgb":[1,1,1]}
372.2310499999985	EXP	szo_kiir: text = "kijjongó"
372.75150499999654	EXP	szo_kiir: autoDraw = true
373.80908499999714	DATA	Keydown: ArrowLeft
373.83271999999846	EXP	szo_kiir: autoDraw = false
373.83271999999846	EXP	szo_kiir: color = {"_rgb":[1,1,1]}
373.83271999999846	EXP	szo_kiir: text = "retálhit"
374.3500199999981	EXP	szo_kiir: autoDraw = true
375.5445049999981	DATA	Keydown: ArrowLeft
375.5481199999994	EXP	szo_kiir: autoDraw = false
375.5481199999994	EXP	szo_kiir: color = {"_rgb":[1,1,1]}
375.5481199999994	EXP	szo_kiir: text = "tipizál"
376.06714499999725	EXP	szo_kiir: autoDraw = true
376.66555999999764	DATA	Keydown: ArrowRight
376.69880499999994	EXP	szo_kiir: autoDraw = false
376.69880499999994	EXP	szo_kiir: color = {"_rgb":[1,1,1]}
376.69880499999994	EXP	szo_kiir: text = "ostorán"
377.2183499999992	EXP	szo_kiir: autoDraw = true
378.0574799999995	DATA	Keydown: ArrowLeft
378.06544499999654	EXP	szo_kiir: autoDraw = false
378.06544499999654	EXP	szo_kiir: color = {"_rgb":[1,1,1]}
378.06544499999654	EXP	szo_kiir: text = "vizesvödör"
378.58538999999655	EXP	szo_kiir: autoDraw = true
379.2013099999967	DATA	Keydown: ArrowRight
379.2322099999983	EXP	szo_kiir: autoDraw = false
379.2322099999983	EXP	szo_kiir: color = {"_rgb":[1,1,1]}
379.2322099999983	EXP	szo_kiir: text = "rekvizit"
379.752494999997	EXP	szo_kiir: autoDraw = true
380.639984999998	DATA	Keydown: ArrowLeft
380.6491699999969	EXP	szo_kiir: autoDraw = false
380.6491699999969	EXP	szo_kiir: color = {"_rgb":[1,1,1]}
380.6491699999969	EXP	szo_kiir: text = "mérgesít"
381.1694349999998	EXP	szo_kiir: autoDraw = true
381.7422799999985	DATA	Keydown: ArrowRight
381.74928	EXP	szo_kiir: autoDraw = false
381.74928	EXP	szo_kiir: color = {"_rgb":[1,1,1]}
381.74928	EXP	szo_kiir: text = "csöpörög"
382.26972499999823	EXP	szo_kiir: autoDraw = true
382.9234449999967	DATA	Keydown: ArrowRight
382.94817999999935	EXP	szo_kiir: autoDraw = false
382.94817999999935	EXP	szo_kiir: color = {"_rgb":[1,1,1]}
382.94817999999935	EXP	szo_kiir: text = "hangyabogáncs"
383.45369499999646	EXP	szo_kiir: autoDraw = true
385.402865	DATA	Keydown: ArrowLeft
385.41783999999825	EXP	szo_kiir: autoDraw = false
385.41783999999825	EXP	szo_kiir: color = {"_rgb":[1,1,1]}
385.41783999999825	EXP	szo_kiir: text = "nyálasszájú"
385.9370999999992	EXP	szo_kiir: autoDraw = true
387.5213349999977	DATA	Keydown: ArrowRight
387.53506500000003	EXP	szo_kiir: autoDraw = false
387.53506500000003	EXP	szo_kiir: color = {"_rgb":[1,1,1]}
387.53506500000003	EXP	szo_kiir: text = "reztetély"
388.05616499999815	EXP	szo_kiir: autoDraw = true
389.2105449999981	DATA	Keydown: ArrowLeft
389.2328749999979	EXP	szo_kiir: autoDraw = false
389.2328749999979	EXP	szo_kiir: color = {"_rgb":[1,1,1]}
389.2328749999979	EXP	szo_kiir: text = "tapétáz"
389.73790499999814	EXP	szo_kiir: autoDraw = true
390.4242699999995	DATA	Keydown: ArrowRight
390.4350649999979	EXP	szo_kiir: autoDraw = false
390.4350649999979	EXP	szo_kiir: color = {"_rgb":[1,1,1]}
390.4350649999979	EXP	szo_kiir: text = "farkasbab"
390.9551199999988	EXP	szo_kiir: autoDraw = true
392.82895499999717	DATA	Keydown: ArrowLeft
392.83652499999874	EXP	szo_kiir: autoDraw = false
392.83652499999874	EXP	szo_kiir: color = {"_rgb":[1,1,1]}
392.83652499999874	EXP	szo_kiir: text = "organizál"
393.35477499999985	EXP	szo_kiir: autoDraw = true
394.28734499999695	DATA	Keydown: ArrowRight
394.3155799999986	EXP	szo_kiir: autoDraw = false
394.3155799999986	EXP	szo_kiir: color = {"_rgb":[1,1,1]}
394.3155799999986	EXP	szo_kiir: text = "bőujjú"
394.82208999999784	EXP	szo_kiir: autoDraw = true
396.1410799999976	DATA	Keydown: ArrowRight
396.1538549999969	EXP	szo_kiir: autoDraw = false
396.1538549999969	EXP	szo_kiir: color = {"_rgb":[1,1,1]}
396.1538549999969	EXP	szo_kiir: text = "büntetéspénz"
396.6739899999993	EXP	szo_kiir: autoDraw = true
397.85499499999787	DATA	Keydown: ArrowRight
397.88514999999825	EXP	szo_kiir: autoDraw = false
397.88514999999825	EXP	szo_kiir: color = {"_rgb":[1,1,1]}
397.88514999999825	EXP	szo_kiir: text = "budavirág"
398.39008499999903	EXP	szo_kiir: autoDraw = true
399.59463999999934	DATA	Keydown: ArrowLeft
399.60503999999855	EXP	szo_kiir: autoDraw = false
399.60503999999855	EXP	szo_kiir: color = {"_rgb":[1,1,1]}
399.60503999999855	EXP	szo_kiir: text = "törzskönyvez"
400.1234049999984	EXP	szo_kiir: autoDraw = true
401.0392699999975	DATA	Keydown: ArrowRight
401.05408999999776	EXP	szo_kiir: autoDraw = false
401.05408999999776	EXP	szo_kiir: color = {"_rgb":[1,1,1]}
401.05408999999776	EXP	szo_kiir: text = "karnogó"
401.55907499999745	EXP	szo_kiir: autoDraw = true
402.52229499999885	DATA	Keydown: ArrowLeft
402.5588449999995	EXP	szo_kiir: autoDraw = false
402.5588449999995	EXP	szo_kiir: color = {"_rgb":[1,1,1]}
402.5588449999995	EXP	szo_kiir: text = "zuboly"
403.07320999999865	EXP	szo_kiir: autoDraw = true
404.035434999998	DATA	Keydown: ArrowLeft
404.0390199999966	EXP	szo_kiir: autoDraw = false
404.0390199999966	EXP	szo_kiir: color = {"_rgb":[1,1,1]}
404.0390199999966	EXP	szo_kiir: text = "diviz"
404.5577599999997	EXP	szo_kiir: autoDraw = true
405.42442499999737	DATA	Keydown: ArrowLeft
405.4390949999979	EXP	szo_kiir: autoDraw = false
405.4390949999979	EXP	szo_kiir: color = {"_rgb":[1,1,1]}
405.4390949999979	EXP	szo_kiir: text = "vulkanizál"
405.95888999999806	EXP	szo_kiir: autoDraw = true
406.5903949999992	DATA	Keydown: ArrowRight
406.6057699999983	EXP	szo_kiir: autoDraw = false
406.6057699999983	EXP	szo_kiir: color = {"_rgb":[1,1,1]}
406.6057699999983	EXP	szo_kiir: text = "hecsedlilekvár"
407.12759499999817	EXP	szo_kiir: autoDraw = true
409.0407099999975	DATA	Keydown: ArrowLeft
409.07385499999873	EXP	szo_kiir: autoDraw = false
409.07385499999873	EXP	szo_kiir: color = {"_rgb":[1,1,1]}
409.07385499999873	EXP	szo_kiir: text = "talauzik"
409.5927599999996	EXP	szo_kiir: autoDraw = true
410.6309499999988	DATA	Keydown: ArrowLeft
410.6398899999985	EXP	szo_kiir: autoDraw = false
410.6398899999985	EXP	szo_kiir: color = {"_rgb":[1,1,1]}
410.6398899999985	EXP	szo_kiir: text = "suszi"
411.16032999999885	EXP	szo_kiir: autoDraw = true
411.9323899999981	DATA	Keydown: ArrowLeft
411.95400499999954	EXP	szo_kiir: autoDraw = false
411.95400499999954	EXP	szo_kiir: color = {"_rgb":[1,1,1]}
411.95400499999954	EXP	szo_kiir: text = "perifrázis"
412.462524999999	EXP	szo_kiir: autoDraw = true
413.2681699999994	DATA	Keydown: ArrowRight
413.2738949999984	EXP	szo_kiir: autoDraw = false
413.2738949999984	EXP	szo_kiir: color = {"_rgb":[1,1,1]}
413.2738949999984	EXP	szo_kiir: text = "nimbus"
413.7930149999993	EXP	szo_kiir: autoDraw = true
415.5101849999991	DATA	Keydown: ArrowRight
415.54251499999737	EXP	szo_kiir: autoDraw = false
415.54251499999737	EXP	szo_kiir: color = {"_rgb":[1,1,1]}
415.54251499999737	EXP	szo_kiir: text = "öklelődzik"
416.0611399999979	EXP	szo_kiir: autoDraw = true
418.4828099999977	DATA	Keydown: ArrowRight
418.4923149999995	EXP	szo_kiir: autoDraw = false
418.4923149999995	EXP	szo_kiir: color = {"_rgb":[1,1,1]}
418.4923149999995	EXP	szo_kiir: text = "ultatlados"
419.012104999998	EXP	szo_kiir: autoDraw = true
420.032304999997	DATA	Keydown: ArrowLeft
420.05560999999943	EXP	szo_kiir: autoDraw = false
420.05560999999943	EXP	szo_kiir: color = {"_rgb":[1,1,1]}
420.05560999999943	EXP	szo_kiir: text = "skrupulizál"
420.5623799999994	EXP	szo_kiir: autoDraw = true
421.8296749999972	DATA	Keydown: ArrowLeft
421.84289499999795	EXP	szo_kiir: autoDraw = false
421.84289499999795	EXP	szo_kiir: color = {"_rgb":[1,1,1]}
421.84289499999795	EXP	szo_kiir: text = "balhitű"
422.36222499999707	EXP	szo_kiir: autoDraw = true
422.9781599999988	DATA	Keydown: ArrowLeft
422.99282499999754	EXP	szo_kiir: autoDraw = false
422.99282499999754	EXP	szo_kiir: color = {"_rgb":[1,1,1]}
422.99282499999754	EXP	szo_kiir: text = "szabadszirmú"
423.5122499999998	EXP	szo_kiir: autoDraw = true
425.3367149999977	DATA	Keydown: ArrowLeft
425.3595999999998	EXP	szo_kiir: autoDraw = false
425.3595999999998	EXP	szo_kiir: color = {"_rgb":[1,1,1]}
425.3595999999998	EXP	szo_kiir: text = "erődéki"
425.86372999999736	EXP	szo_kiir: autoDraw = true
427.22891999999774	DATA	Keydown: ArrowLeft
427.24396999999954	EXP	szo_kiir: autoDraw = false
427.24396999999954	EXP	szo_kiir: color = {"_rgb":[1,1,1]}
427.24396999999954	EXP	szo_kiir: text = "szervusz"
427.7631949999995	EXP	szo_kiir: autoDraw = true
428.41172999999975	DATA	Keydown: ArrowRight
428.4437249999973	EXP	szo_kiir: autoDraw = false
428.4437249999973	EXP	szo_kiir: color = {"_rgb":[1,1,1]}
428.4437249999973	EXP	szo_kiir: text = "lalláz"
428.96388999999914	EXP	szo_kiir: autoDraw = true
429.7128499999999	DATA	Keydown: ArrowLeft
429.7276549999988	EXP	szo_kiir: autoDraw = false
429.7276549999988	EXP	szo_kiir: color = {"_rgb":[1,1,1]}
429.7276549999988	EXP	szo_kiir: text = "pozákevegy"
430.24823499999906	EXP	szo_kiir: autoDraw = true
431.28269999999975	DATA	Keydown: ArrowLeft
431.29547999999704	EXP	szo_kiir: autoDraw = false
431.29547999999704	EXP	szo_kiir: color = {"_rgb":[1,1,1]}
431.29547999999704	EXP	szo_kiir: text = "nyüzsgölődik"
431.81534999999707	EXP	szo_kiir: autoDraw = true
432.46564999999833	DATA	Keydown: ArrowRight
432.4897999999994	EXP	szo_kiir: autoDraw = false
432.4897999999994	EXP	szo_kiir: color = {"_rgb":[1,1,1]}
432.4897999999994	EXP	szo_kiir: text = "karamboloz"
432.99860999999873	EXP	szo_kiir: autoDraw = true
434.10329499999716	DATA	Keydown: ArrowRight
434.1141899999966	EXP	szo_kiir: autoDraw = false
434.1141899999966	EXP	szo_kiir: color = {"_rgb":[1,1,1]}
434.1141899999966	EXP	szo_kiir: text = "anzágol"
434.63316999999734	EXP	szo_kiir: autoDraw = true
435.44358499999726	DATA	Keydown: ArrowLeft
435.46302999999904	EXP	szo_kiir: autoDraw = false
435.46302999999904	EXP	szo_kiir: color = {"_rgb":[1,1,1]}
435.46302999999904	EXP	szo_kiir: text = "utálkodik"
435.98183999999674	EXP	szo_kiir: autoDraw = true
438.4707599999966	DATA	Keydown: ArrowLeft
438.4802199999977	EXP	szo_kiir: autoDraw = false
438.4802199999977	EXP	szo_kiir: color = {"_rgb":[1,1,1]}
438.4802199999977	EXP	szo_kiir: text = "megfogózik"
439.00033999999874	EXP	szo_kiir: autoDraw = true
443.5504499999988	DATA	Keydown: ArrowLeft
443.58184999999867	EXP	szo_kiir: autoDraw = false
443.58184999999867	EXP	szo_kiir: color = {"_rgb":[1,1,1]}
443.58184999999867	EXP	szo_kiir: text = "nyüvök"
444.1017949999987	EXP	szo_kiir: autoDraw = true
445.3759699999973	DATA	Keydown: ArrowLeft
445.38263	EXP	szo_kiir: autoDraw = false
445.38263	EXP	szo_kiir: color = {"_rgb":[1,1,1]}
445.38263	EXP	szo_kiir: text = "inspekcióz"
445.901794999998	EXP	szo_kiir: autoDraw = true
447.93466999999873	DATA	Keydown: ArrowLeft
447.9506750000001	EXP	szo_kiir: autoDraw = false
447.9506750000001	EXP	szo_kiir: color = {"_rgb":[1,1,1]}
447.9506750000001	EXP	szo_kiir: text = "kencéz"
448.4700749999974	EXP	szo_kiir: autoDraw = true
449.43379999999894	DATA	Keydown: ArrowRight
449.45024999999805	EXP	szo_kiir: autoDraw = false
449.45024999999805	EXP	szo_kiir: color = {"_rgb":[1,1,1]}
449.45024999999805	EXP	szo_kiir: text = "glosszáz"
449.9700249999987	EXP	szo_kiir: autoDraw = true
450.90218999999706	DATA	Keydown: ArrowRight
450.93398499999967	EXP	szo_kiir: autoDraw = false
450.93398499999967	EXP	szo_kiir: color = {"_rgb":[1,1,1]}
450.93398499999967	EXP	szo_kiir: text = "tőzsérkedik"
451.45317499999874	EXP	szo_kiir: autoDraw = true
454.17884499999855	DATA	Keydown: ArrowRight
454.1841999999997	EXP	szo_kiir: autoDraw = false
454.1841999999997	EXP	szo_kiir: color = {"_rgb":[1,1,1]}
454.1841999999997	EXP	szo_kiir: text = "extravert"
454.7038699999976	EXP	szo_kiir: autoDraw = true
456.9186349999982	DATA	Keydown: ArrowLeft
456.93484499999977	EXP	szo_kiir: autoDraw = false
456.93484499999977	EXP	szo_kiir: color = {"_rgb":[1,1,1]}
456.93484499999977	EXP	szo_kiir: text = "díszletez"
457.4532749999998	EXP	szo_kiir: autoDraw = true
458.26066999999966	DATA	Keydown: ArrowRight
458.2771450000001	EXP	szo_kiir: autoDraw = false
458.2771450000001	EXP	koszi_szoveg: autoDraw = true
460.3936399999984	DATA	Keydown:  
