0.05455499999516178	EXP	Created Window = Window( name=Window, fullscr=true, color=#000000, units=norm, waitBlanking=true, autoLog=true, size=[2048,963] )
429.27308499999344	DATA	Keydown: Shift
429.60640999999305	DATA	Keydown: D
430.10975000000326	DATA	Keydown: A
430.1875549999968	DATA	Keydown: M
430.33138000000326	DATA	Keydown: I
430.8680699999968	DATA	Keydown: 9
434.8162949999969	DATA	Keydown: f
434.93455999999424	DATA	Keydown: é
435.3828249999933	DATA	Keydown: r
435.6317549999949	DATA	Keydown: f
435.8551049999951	DATA	Keydown: i
440.55886000000464	DATA	Keydown: 2
441.1152000000002	DATA	Keydown: 0
441.2852899999998	DATA	Keydown: 0
441.37136499999906	DATA	Keydown: 9
449.6470649999974	DATA	Keydown: 4
452.30167499999516	EXP	Created instruction_text1 = TextStim( name=instruction_text1, win=Window( name=Window, fullscr=true, color=#000000, ~), autoDraw=null, autoLog=true, units=norm, ori=null, opacity=1, pos=[0,0], size=undefined, text=Ön most szavakat fog látni.

Ezek között lesznek o~, font=Arial, color=#ffffff, contrast=1, height=0.05, bold=null, italic=null, alignHoriz=left, alignVert=center, wrapWidth=1, flipHoriz=null, flipVert=null )
452.3024699999951	EXP	Created instruction_text2 = TextStim( name=instruction_text2, win=Window( name=Window, fullscr=true, color=#000000, ~), autoDraw=null, autoLog=true, units=norm, ori=null, opacity=1, pos=[0,0], size=undefined, text=Először két egyszerű példát mutatunk Önnek.

Az el~, font=Arial, color=#FFFFFF, contrast=1, height=0.05, bold=null, italic=null, alignHoriz=left, alignVert=center, wrapWidth=1, flipHoriz=null, flipVert=null )
452.3029600000009	EXP	Created show_text = TextStim( name=show_text, win=Window( name=Window, fullscr=true, color=#000000, ~), autoDraw=null, autoLog=true, units=norm, ori=null, opacity=1, pos=[0,0], size=undefined, text=asztal, font=Arial, color=#FFFFFF, contrast=1, height=0.2, bold=null, italic=null, alignHoriz=left, alignVert=center, wrapWidth=1, flipHoriz=null, flipVert=null )
452.30335000000196	EXP	Created text = TextStim( name=text, win=Window( name=Window, fullscr=true, color=#000000, ~), autoDraw=null, autoLog=true, units=norm, ori=null, opacity=1, pos=[0,0], size=undefined, text=bzsmfsztal, font=Arial, color=#FFFFFF, contrast=1, height=0.2, bold=null, italic=null, alignHoriz=left, alignVert=center, wrapWidth=1, flipHoriz=null, flipVert=null )
452.30371999999625	EXP	Created instruction_text3 = TextStim( name=instruction_text3, win=Window( name=Window, fullscr=true, color=#000000, ~), autoDraw=null, autoLog=true, units=norm, ori=null, opacity=1, pos=[0,0], size=undefined, text=Pazar. Most kezdődik az igazi kísérlet. Néhány per~, font=Arial, color=#FFFFFF, contrast=1, height=0.1, bold=null, italic=null, alignHoriz=left, alignVert=center, wrapWidth=1, flipHoriz=null, flipVert=null )
452.3040949999995	EXP	Created szo_kiir = TextStim( name=szo_kiir, win=Window( name=Window, fullscr=true, color=#000000, ~), autoDraw=null, autoLog=true, units=norm, ori=null, opacity=1, pos=[0,0], size=undefined, text=default text, font=Arial, color=#FFFFFF, contrast=1, height=0.2, bold=null, italic=null, alignHoriz=left, alignVert=center, wrapWidth=1, flipHoriz=null, flipVert=null )
452.304489999995	EXP	Created koszi_szoveg = TextStim( name=koszi_szoveg, win=Window( name=Window, fullscr=true, color=#000000, ~), autoDraw=null, autoLog=true, units=norm, ori=null, opacity=1, pos=[0,0], size=undefined, text=Vége a kísérletnek. Köszönjük a részvételt!, font=arial, color=#ffffff, contrast=1, height=0.1, bold=null, italic=null, alignHoriz=left, alignVert=center, wrapWidth=1, flipHoriz=null, flipVert=null )
452.3532100000011	EXP	instruction_text1: units = "norm"
452.3532100000011	EXP	instruction_text1: ori = 0
452.3532100000011	EXP	instruction_text1: opacity = 1
452.3532100000011	EXP	instruction_text1: pos = [0,0]
452.3532100000011	EXP	instruction_text1: size = undefined
452.3532100000011	EXP	instruction_text1: text = "Ön most szavakat fog látni.\n\nEzek között lesznek olyanok, amelyeket ismer, de előfordulhatnak olyanok is, amelyeket nem ismer, sőt, vannak köztük kitalált szavak is. \n\nKérjük, ha ismeri a képernyőn látható szót, nyomja meg a JOBB kurzorbillentyűt.\nKérjük, ha NEM ismeri a képernyőn látható szót, vagy azt gondolja, nincs ilyen szó a magyarban, nyomja meg a BAL kurzorbillentyűt.\n\nAz 'Ismerem a szót' döntés itt most ezt jelenti: találkoztam már vele, és van valami elképzelésem a jelentéséről is.  \n\nNyomjon meg bármilyen billentyűt a folytatáshoz."
452.3532100000011	EXP	instruction_text1: font = "Arial"
452.3532100000011	EXP	instruction_text1: color = {"_rgb":[1,1,1]}
452.3532100000011	EXP	instruction_text1: contrast = 1
452.3532100000011	EXP	instruction_text1: height = 0.05
452.3532100000011	EXP	instruction_text1: bold = false
452.3532100000011	EXP	instruction_text1: italic = false
452.3532100000011	EXP	instruction_text1: alignHoriz = "left"
452.3532100000011	EXP	instruction_text1: alignVert = "center"
452.3532100000011	EXP	instruction_text1: wrapWidth = 1
452.3532100000011	EXP	instruction_text1: flipHoriz = false
452.3532100000011	EXP	instruction_text1: flipVert = false
452.3532100000011	EXP	instruction_text2: units = "norm"
452.3532100000011	EXP	instruction_text2: ori = 0
452.3532100000011	EXP	instruction_text2: opacity = 1
452.3532100000011	EXP	instruction_text2: pos = [0,0]
452.3532100000011	EXP	instruction_text2: size = undefined
452.3532100000011	EXP	instruction_text2: text = "Először két egyszerű példát mutatunk Önnek.\n\nAz első szó létezik a magyarban, és valószínűleg Ön is ismeri. Itt nyomja majd meg a jobb kurzorbillentyűt.\nA második szó nem létezik a magyar nyelvben. Itt nyomja majd meg a bal kurzorbillentyűt.\n\nFontos, hogy a jobb gombot a jobb kezével, a bal gombot a bal kezével nyomja, ha tudja, és ne egy kezét használja a kísérletben.\n\nNyomjon meg bármilyen gombot a folytatáshoz."
452.3532100000011	EXP	instruction_text2: font = "Arial"
452.3532100000011	EXP	instruction_text2: color = {"_hex":"#FFFFFF","_rgb":[1,1,1]}
452.3532100000011	EXP	instruction_text2: contrast = 1
452.3532100000011	EXP	instruction_text2: height = 0.05
452.3532100000011	EXP	instruction_text2: bold = false
452.3532100000011	EXP	instruction_text2: italic = false
452.3532100000011	EXP	instruction_text2: alignHoriz = "left"
452.3532100000011	EXP	instruction_text2: alignVert = "center"
452.3532100000011	EXP	instruction_text2: wrapWidth = 1
452.3532100000011	EXP	instruction_text2: flipHoriz = false
452.3532100000011	EXP	instruction_text2: flipVert = false
452.3532100000011	EXP	show_text: units = "norm"
452.3532100000011	EXP	show_text: ori = 0
452.3532100000011	EXP	show_text: opacity = 1
452.3532100000011	EXP	show_text: pos = [0,0]
452.3532100000011	EXP	show_text: size = undefined
452.3532100000011	EXP	show_text: text = "asztal"
452.3532100000011	EXP	show_text: font = "Arial"
452.3532100000011	EXP	show_text: color = {"_hex":"#FFFFFF","_rgb":[1,1,1]}
452.3532100000011	EXP	show_text: contrast = 1
452.3532100000011	EXP	show_text: height = 0.2
452.3532100000011	EXP	show_text: bold = false
452.3532100000011	EXP	show_text: italic = false
452.3532100000011	EXP	show_text: alignHoriz = "left"
452.3532100000011	EXP	show_text: alignVert = "center"
452.3532100000011	EXP	show_text: wrapWidth = 1
452.3532100000011	EXP	show_text: flipHoriz = false
452.3532100000011	EXP	show_text: flipVert = false
452.3532100000011	EXP	text: units = "norm"
452.3532100000011	EXP	text: ori = 0
452.3532100000011	EXP	text: opacity = 1
452.3532100000011	EXP	text: pos = [0,0]
452.3532100000011	EXP	text: size = undefined
452.3532100000011	EXP	text: text = "bzsmfsztal"
452.3532100000011	EXP	text: font = "Arial"
452.3532100000011	EXP	text: color = {"_hex":"#FFFFFF","_rgb":[1,1,1]}
452.3532100000011	EXP	text: contrast = 1
452.3532100000011	EXP	text: height = 0.2
452.3532100000011	EXP	text: bold = false
452.3532100000011	EXP	text: italic = false
452.3532100000011	EXP	text: alignHoriz = "left"
452.3532100000011	EXP	text: alignVert = "center"
452.3532100000011	EXP	text: wrapWidth = 1
452.3532100000011	EXP	text: flipHoriz = false
452.3532100000011	EXP	text: flipVert = false
452.3532100000011	EXP	instruction_text3: units = "norm"
452.3532100000011	EXP	instruction_text3: ori = 0
452.3532100000011	EXP	instruction_text3: opacity = 1
452.3532100000011	EXP	instruction_text3: pos = [0,0]
452.3532100000011	EXP	instruction_text3: size = undefined
452.3532100000011	EXP	instruction_text3: text = "Pazar. Most kezdődik az igazi kísérlet. Néhány percig fog tartani. Nem kell nagyon sietnie, de igyekezzen gyorsan válaszolni.\n\nNe feledje, ha tudja, a jobb gombot a jobbkezével, a bal gombot a balkezével nyomja le.\n\nNyomjon meg bármilyen gombot a folytatáshoz."
452.3532100000011	EXP	instruction_text3: font = "Arial"
452.3532100000011	EXP	instruction_text3: color = {"_hex":"#FFFFFF","_rgb":[1,1,1]}
452.3532100000011	EXP	instruction_text3: contrast = 1
452.3532100000011	EXP	instruction_text3: height = 0.1
452.3532100000011	EXP	instruction_text3: bold = false
452.3532100000011	EXP	instruction_text3: italic = false
452.3532100000011	EXP	instruction_text3: alignHoriz = "left"
452.3532100000011	EXP	instruction_text3: alignVert = "center"
452.3532100000011	EXP	instruction_text3: wrapWidth = 1
452.3532100000011	EXP	instruction_text3: flipHoriz = false
452.3532100000011	EXP	instruction_text3: flipVert = false
452.3532100000011	EXP	szo_kiir: units = "norm"
452.3532100000011	EXP	szo_kiir: ori = 0
452.3532100000011	EXP	szo_kiir: opacity = 1
452.3532100000011	EXP	szo_kiir: pos = [0,0]
452.3532100000011	EXP	szo_kiir: size = undefined
452.3532100000011	EXP	szo_kiir: text = "default text"
452.3532100000011	EXP	szo_kiir: font = "Arial"
452.3532100000011	EXP	szo_kiir: color = {"_hex":"#FFFFFF","_rgb":[1,1,1]}
452.3532100000011	EXP	szo_kiir: contrast = 1
452.3532100000011	EXP	szo_kiir: height = 0.2
452.3532100000011	EXP	szo_kiir: bold = false
452.3532100000011	EXP	szo_kiir: italic = false
452.3532100000011	EXP	szo_kiir: alignHoriz = "left"
452.3532100000011	EXP	szo_kiir: alignVert = "center"
452.3532100000011	EXP	szo_kiir: wrapWidth = 1
452.3532100000011	EXP	szo_kiir: flipHoriz = false
452.3532100000011	EXP	szo_kiir: flipVert = false
452.3532100000011	EXP	koszi_szoveg: units = "norm"
452.3532100000011	EXP	koszi_szoveg: ori = 0
452.3532100000011	EXP	koszi_szoveg: opacity = 1
452.3532100000011	EXP	koszi_szoveg: pos = [0,0]
452.3532100000011	EXP	koszi_szoveg: size = undefined
452.3532100000011	EXP	koszi_szoveg: text = "Vége a kísérletnek. Köszönjük a részvételt!"
452.3532100000011	EXP	koszi_szoveg: font = "arial"
452.3532100000011	EXP	koszi_szoveg: color = {"_rgb":[1,1,1]}
452.3532100000011	EXP	koszi_szoveg: contrast = 1
452.3532100000011	EXP	koszi_szoveg: height = 0.1
452.3532100000011	EXP	koszi_szoveg: bold = false
452.3532100000011	EXP	koszi_szoveg: italic = false
452.3532100000011	EXP	koszi_szoveg: alignHoriz = "left"
452.3532100000011	EXP	koszi_szoveg: alignVert = "center"
452.3532100000011	EXP	koszi_szoveg: wrapWidth = 1
452.3532100000011	EXP	koszi_szoveg: flipHoriz = false
452.3532100000011	EXP	koszi_szoveg: flipVert = false
452.3532100000011	EXP	instruction_text1: autoDraw = true
479.9091349999944	DATA	Keydown:  
479.93279999999504	EXP	instruction_text1: autoDraw = false
479.93279999999504	EXP	instruction_text2: autoDraw = true
481.14482499999576	DATA	Keydown:  
481.1606400000019	EXP	instruction_text2: autoDraw = false
481.7022100000031	EXP	show_text: autoDraw = true
483.92660000000615	DATA	Keydown: ArrowRight
483.9409650000016	EXP	show_text: autoDraw = false
484.46394000000146	EXP	text: autoDraw = true
487.22758999999496	DATA	Keydown: ArrowLeft
487.2702949999948	EXP	text: autoDraw = false
487.2702949999948	EXP	instruction_text3: autoDraw = true
488.97791499999585	DATA	Keydown:  
489.0154749999929	EXP	instruction_text3: autoDraw = false
489.0154749999929	EXP	szo_kiir: color = {"_rgb":[1,1,1]}
489.0154749999929	EXP	szo_kiir: text = "nagy"
489.53552999999374	EXP	szo_kiir: autoDraw = true
490.8594449999946	DATA	Keydown: ArrowRight
490.8765399999975	EXP	szo_kiir: autoDraw = false
490.8765399999975	EXP	szo_kiir: color = {"_rgb":[1,1,1]}
490.8765399999975	EXP	szo_kiir: text = "hely"
491.3945999999996	EXP	szo_kiir: autoDraw = true
491.9927150000003	DATA	Keydown: ArrowRight
492.026515000005	EXP	szo_kiir: autoDraw = false
492.026515000005	EXP	szo_kiir: color = {"_rgb":[1,1,1]}
492.026515000005	EXP	szo_kiir: text = "speciális"
492.5500100000063	EXP	szo_kiir: autoDraw = true
493.5667450000037	DATA	Keydown: ArrowRight
493.5755599999975	EXP	szo_kiir: autoDraw = false
493.5755599999975	EXP	szo_kiir: color = {"_rgb":[1,1,1]}
493.5755599999975	EXP	szo_kiir: text = "nyújt"
494.0919500000018	EXP	szo_kiir: autoDraw = true
495.4603050000005	DATA	Keydown: ArrowRight
495.49115000000165	EXP	szo_kiir: autoDraw = false
495.49115000000165	EXP	szo_kiir: color = {"_rgb":[1,1,1]}
495.49115000000165	EXP	szo_kiir: text = "király"
496.00947999999335	EXP	szo_kiir: autoDraw = true
496.64217000000644	DATA	Keydown: ArrowRight
496.65778500000306	EXP	szo_kiir: autoDraw = false
496.65778500000306	EXP	szo_kiir: color = {"_rgb":[1,1,1]}
496.65778500000306	EXP	szo_kiir: text = "érkezik"
497.17589499999303	EXP	szo_kiir: autoDraw = true
498.10955500000273	DATA	Keydown: ArrowRight
498.1351200000063	EXP	szo_kiir: autoDraw = false
498.1351200000063	EXP	szo_kiir: color = {"_rgb":[1,1,1]}
498.1351200000063	EXP	szo_kiir: text = "párt"
498.6458149999962	EXP	szo_kiir: autoDraw = true
500.41152500000317	DATA	Keydown: ArrowLeft
500.4241449999972	EXP	szo_kiir: autoDraw = false
500.4241449999972	EXP	szo_kiir: color = {"_rgb":[1,1,1]}
500.4241449999972	EXP	szo_kiir: text = "föld"
500.94435499999963	EXP	szo_kiir: autoDraw = true
501.71431999999913	DATA	Keydown: ArrowRight
501.72409499999776	EXP	szo_kiir: autoDraw = false
501.72409499999776	EXP	szo_kiir: color = {"_rgb":[1,1,1]}
501.72409499999776	EXP	szo_kiir: text = "színű"
502.24136	EXP	szo_kiir: autoDraw = true
503.1235100000049	DATA	Keydown: ArrowRight
503.14195999999356	EXP	szo_kiir: autoDraw = false
503.14195999999356	EXP	szo_kiir: color = {"_rgb":[1,1,1]}
503.14195999999356	EXP	szo_kiir: text = "csomag"
503.6577399999951	EXP	szo_kiir: autoDraw = true
504.68385000000126	DATA	Keydown: ArrowRight
504.6927299999952	EXP	szo_kiir: autoDraw = false
504.6927299999952	EXP	szo_kiir: color = {"_rgb":[1,1,1]}
504.6927299999952	EXP	szo_kiir: text = "szakáj"
505.20672000000195	EXP	szo_kiir: autoDraw = true
508.55081499999505	DATA	Keydown: ArrowLeft
508.5689149999962	EXP	szo_kiir: autoDraw = false
508.5689149999962	EXP	szo_kiir: color = {"_rgb":[1,1,1]}
508.5689149999962	EXP	szo_kiir: text = "vendég"
509.0762950000062	EXP	szo_kiir: autoDraw = true
511.15699499999755	DATA	Keydown: ArrowRight
511.1724850000028	EXP	szo_kiir: autoDraw = false
511.1724850000028	EXP	szo_kiir: color = {"_rgb":[1,1,1]}
511.1724850000028	EXP	szo_kiir: text = "református"
511.69577999999456	EXP	szo_kiir: autoDraw = true
514.1228499999997	DATA	Keydown: ArrowRight
514.1437900000019	EXP	szo_kiir: autoDraw = false
514.1437900000019	EXP	szo_kiir: color = {"_rgb":[1,1,1]}
514.1437900000019	EXP	szo_kiir: text = "félelem"
514.6558700000023	EXP	szo_kiir: autoDraw = true
516.4579050000029	DATA	Keydown: ArrowRight
516.4717950000049	EXP	szo_kiir: autoDraw = false
516.4717950000049	EXP	szo_kiir: color = {"_rgb":[1,1,1]}
516.4717950000049	EXP	szo_kiir: text = "híd"
516.9912449999974	EXP	szo_kiir: autoDraw = true
517.7549600000057	DATA	Keydown: ArrowRight
517.776635000002	EXP	szo_kiir: autoDraw = false
517.776635000002	EXP	szo_kiir: color = {"_rgb":[1,1,1]}
517.776635000002	EXP	szo_kiir: text = "kapu"
518.2881800000032	EXP	szo_kiir: autoDraw = true
519.1247750000039	DATA	Keydown: ArrowRight
519.1383449999994	EXP	szo_kiir: autoDraw = false
519.1383449999994	EXP	szo_kiir: color = {"_rgb":[1,1,1]}
519.1383449999994	EXP	szo_kiir: text = "kéz"
519.6606500000053	EXP	szo_kiir: autoDraw = true
520.227945000006	DATA	Keydown: ArrowRight
520.2514200000005	EXP	szo_kiir: autoDraw = false
520.2514200000005	EXP	szo_kiir: color = {"_rgb":[1,1,1]}
520.2514200000005	EXP	szo_kiir: text = "virág"
520.7574650000024	EXP	szo_kiir: autoDraw = true
521.0978199999954	DATA	Keydown: ArrowRight
521.1045299999969	EXP	szo_kiir: autoDraw = false
521.1045299999969	EXP	szo_kiir: color = {"_rgb":[1,1,1]}
521.1045299999969	EXP	szo_kiir: text = "ausztrál"
521.6253900000011	EXP	szo_kiir: autoDraw = true
521.9059750000015	DATA	Keydown: ArrowRight
521.9341699999932	EXP	szo_kiir: autoDraw = false
521.9341699999932	EXP	szo_kiir: color = {"_rgb":[1,1,1]}
521.9341699999932	EXP	szo_kiir: text = "vicc"
522.4369549999974	EXP	szo_kiir: autoDraw = true
523.3445050000009	DATA	Keydown: ArrowRight
523.3542199999938	EXP	szo_kiir: autoDraw = false
523.3542199999938	EXP	szo_kiir: color = {"_rgb":[1,1,1]}
523.3542199999938	EXP	szo_kiir: text = "cselekmény"
523.8760900000052	EXP	szo_kiir: autoDraw = true
524.5292699999991	DATA	Keydown: ArrowRight
524.5507199999993	EXP	szo_kiir: autoDraw = false
524.5507199999993	EXP	szo_kiir: color = {"_rgb":[1,1,1]}
524.5507199999993	EXP	szo_kiir: text = "bolgár"
525.0554850000044	EXP	szo_kiir: autoDraw = true
528.3056300000026	DATA	Keydown: ArrowLeft
528.3216350000002	EXP	szo_kiir: autoDraw = false
528.3216350000002	EXP	szo_kiir: color = {"_rgb":[1,1,1]}
528.3216350000002	EXP	szo_kiir: text = "cucc"
528.8400200000033	EXP	szo_kiir: autoDraw = true
530.6136799999949	DATA	Keydown: ArrowLeft
530.6201250000013	EXP	szo_kiir: autoDraw = false
530.6201250000013	EXP	szo_kiir: color = {"_rgb":[1,1,1]}
530.6201250000013	EXP	szo_kiir: text = "amoz"
530.6222699999926	DATA	Keydown: ArrowRight
531.139909999998	EXP	szo_kiir: autoDraw = true
533.2615099999966	DATA	Keydown: ArrowLeft
533.2673800000048	EXP	szo_kiir: autoDraw = false
533.2673800000048	EXP	szo_kiir: color = {"_rgb":[1,1,1]}
533.2673800000048	EXP	szo_kiir: text = "fényképezőgép"
533.7764449999959	EXP	szo_kiir: autoDraw = true
535.838659999994	DATA	Keydown: ArrowRight
535.8658600000053	EXP	szo_kiir: autoDraw = false
535.8658600000053	EXP	szo_kiir: color = {"_rgb":[1,1,1]}
535.8658600000053	EXP	szo_kiir: text = "ékszer"
536.3706450000027	EXP	szo_kiir: autoDraw = true
537.6200649999955	DATA	Keydown: ArrowRight
537.6358599999949	EXP	szo_kiir: autoDraw = false
537.6358599999949	EXP	szo_kiir: color = {"_rgb":[1,1,1]}
537.6358599999949	EXP	szo_kiir: text = "naptár"
538.15582	EXP	szo_kiir: autoDraw = true
538.9034200000024	DATA	Keydown: ArrowRight
538.9314650000015	EXP	szo_kiir: autoDraw = false
538.9314650000015	EXP	szo_kiir: color = {"_rgb":[1,1,1]}
538.9314650000015	EXP	szo_kiir: text = "rom"
539.4350600000034	EXP	szo_kiir: autoDraw = true
540.9863299999997	DATA	Keydown: ArrowLeft
541.0025199999945	EXP	szo_kiir: autoDraw = false
541.0025199999945	EXP	szo_kiir: color = {"_rgb":[1,1,1]}
541.0025199999945	EXP	szo_kiir: text = "szichosol"
541.5183950000064	EXP	szo_kiir: autoDraw = true
544.9212949999928	DATA	Keydown: ArrowLeft
544.9361849999987	EXP	szo_kiir: autoDraw = false
544.9361849999987	EXP	szo_kiir: color = {"_rgb":[1,1,1]}
544.9361849999987	EXP	szo_kiir: text = "tömzsa"
545.4510750000045	EXP	szo_kiir: autoDraw = true
551.0357599999988	DATA	Keydown: ArrowLeft
551.0633249999955	EXP	szo_kiir: autoDraw = false
551.0633249999955	EXP	szo_kiir: color = {"_rgb":[1,1,1]}
551.0633249999955	EXP	szo_kiir: text = "kulináris"
551.5672699999996	EXP	szo_kiir: autoDraw = true
553.651039999997	DATA	Keydown: ArrowLeft
553.6649599999946	EXP	szo_kiir: autoDraw = false
553.6649599999946	EXP	szo_kiir: color = {"_rgb":[1,1,1]}
553.6649599999946	EXP	szo_kiir: text = "esztikussz"
554.1847149999958	EXP	szo_kiir: autoDraw = true
555.9413950000016	DATA	Keydown: ArrowRight
555.950165000002	EXP	szo_kiir: autoDraw = false
555.950165000002	EXP	szo_kiir: color = {"_rgb":[1,1,1]}
555.950165000002	EXP	szo_kiir: text = "rejtőzik"
556.4676000000036	EXP	szo_kiir: autoDraw = true
557.9724600000045	DATA	Keydown: ArrowRight
557.9837350000016	EXP	szo_kiir: autoDraw = false
557.9837350000016	EXP	szo_kiir: color = {"_rgb":[1,1,1]}
557.9837350000016	EXP	szo_kiir: text = "sötét"
558.4996549999923	EXP	szo_kiir: autoDraw = true
559.1319300000032	DATA	Keydown: ArrowRight
559.1582000000053	EXP	szo_kiir: autoDraw = false
559.1582000000053	EXP	szo_kiir: color = {"_rgb":[1,1,1]}
559.1582000000053	EXP	szo_kiir: text = "vélekedik"
559.6668999999965	EXP	szo_kiir: autoDraw = true
560.193849999996	DATA	Keydown: ArrowRight
560.1976049999939	EXP	szo_kiir: autoDraw = false
560.1976049999939	EXP	szo_kiir: color = {"_rgb":[1,1,1]}
560.1976049999939	EXP	szo_kiir: text = "orális"
560.7157299999963	EXP	szo_kiir: autoDraw = true
561.2746049999987	DATA	Keydown: ArrowRight
561.2940300000046	EXP	szo_kiir: autoDraw = false
561.2940300000046	EXP	szo_kiir: color = {"_rgb":[1,1,1]}
561.2940300000046	EXP	szo_kiir: text = "pók"
561.8057899999985	EXP	szo_kiir: autoDraw = true
563.6411999999982	DATA	Keydown: ArrowRight
563.6487800000032	EXP	szo_kiir: autoDraw = false
563.6487800000032	EXP	szo_kiir: color = {"_rgb":[1,1,1]}
563.6487800000032	EXP	szo_kiir: text = "kiskanál"
564.1649949999992	EXP	szo_kiir: autoDraw = true
565.7775899999979	DATA	Keydown: ArrowRight
565.785315000001	EXP	szo_kiir: autoDraw = false
565.785315000001	EXP	szo_kiir: color = {"_rgb":[1,1,1]}
565.785315000001	EXP	szo_kiir: text = "kiabál"
566.3024699999951	EXP	szo_kiir: autoDraw = true
567.7992150000064	DATA	Keydown: ArrowRight
567.8132349999942	EXP	szo_kiir: autoDraw = false
567.8132349999942	EXP	szo_kiir: color = {"_rgb":[1,1,1]}
567.8132349999942	EXP	szo_kiir: text = "kiletette"
568.3355650000012	EXP	szo_kiir: autoDraw = true
572.4030599999969	DATA	Keydown: ArrowRight
572.4135850000021	EXP	szo_kiir: autoDraw = false
572.4135850000021	EXP	szo_kiir: color = {"_rgb":[1,1,1]}
572.4135850000021	EXP	szo_kiir: text = "bámérő"
572.9348100000061	EXP	szo_kiir: autoDraw = true
577.580019999994	DATA	Keydown: ArrowLeft
577.6100149999984	EXP	szo_kiir: autoDraw = false
577.6100149999984	EXP	szo_kiir: color = {"_rgb":[1,1,1]}
577.6100149999984	EXP	szo_kiir: text = "fázik"
578.1173500000004	EXP	szo_kiir: autoDraw = true
582.6660050000064	DATA	Keydown: ArrowRight
582.6815199999983	EXP	szo_kiir: autoDraw = false
582.6815199999983	EXP	szo_kiir: color = {"_rgb":[1,1,1]}
582.6815199999983	EXP	szo_kiir: text = "misztérium"
583.1963749999995	EXP	szo_kiir: autoDraw = true
585.322920000006	DATA	Keydown: ArrowRight
585.3410849999927	EXP	szo_kiir: autoDraw = false
585.3410849999927	EXP	szo_kiir: color = {"_rgb":[1,1,1]}
585.3410849999927	EXP	szo_kiir: text = "fennsík"
585.8499849999935	EXP	szo_kiir: autoDraw = true
587.2612950000039	DATA	Keydown: ArrowRight
587.277344999995	EXP	szo_kiir: autoDraw = false
587.277344999995	EXP	szo_kiir: color = {"_rgb":[1,1,1]}
587.277344999995	EXP	szo_kiir: text = "zörög"
587.7826099999947	EXP	szo_kiir: autoDraw = true
588.7644750000036	DATA	Keydown: ArrowRight
588.7895750000025	EXP	szo_kiir: autoDraw = false
588.7895750000025	EXP	szo_kiir: color = {"_rgb":[1,1,1]}
588.7895750000025	EXP	szo_kiir: text = "koenzim"
589.2987649999995	EXP	szo_kiir: autoDraw = true
590.9464149999985	DATA	Keydown: ArrowRight
590.960665000006	EXP	szo_kiir: autoDraw = false
590.960665000006	EXP	szo_kiir: color = {"_rgb":[1,1,1]}
590.960665000006	EXP	szo_kiir: text = "hálózsák"
591.4831049999921	EXP	szo_kiir: autoDraw = true
594.9738249999937	DATA	Keydown: ArrowRight
594.9829800000007	EXP	szo_kiir: autoDraw = false
594.9829800000007	EXP	szo_kiir: color = {"_rgb":[1,1,1]}
594.9829800000007	EXP	szo_kiir: text = "feledékeny"
595.4997650000005	EXP	szo_kiir: autoDraw = true
597.7178299999941	DATA	Keydown: ArrowRight
597.728734999997	EXP	szo_kiir: autoDraw = false
597.728734999997	EXP	szo_kiir: color = {"_rgb":[1,1,1]}
597.728734999997	EXP	szo_kiir: text = "alárdonos"
598.243644999995	EXP	szo_kiir: autoDraw = true
602.0816849999974	DATA	Keydown: ArrowRight
602.0927850000007	EXP	szo_kiir: autoDraw = false
602.0927850000007	EXP	szo_kiir: color = {"_rgb":[1,1,1]}
602.0927850000007	EXP	szo_kiir: text = "gyapot"
602.6097500000033	EXP	szo_kiir: autoDraw = true
605.5558049999963	DATA	Keydown: ArrowLeft
605.5588299999945	EXP	szo_kiir: autoDraw = false
605.5588299999945	EXP	szo_kiir: color = {"_rgb":[1,1,1]}
605.5588299999945	EXP	szo_kiir: text = "nagydíj"
606.0772049999941	EXP	szo_kiir: autoDraw = true
608.4275300000008	DATA	Keydown: ArrowRight
608.4569800000027	EXP	szo_kiir: autoDraw = false
608.4569800000027	EXP	szo_kiir: color = {"_rgb":[1,1,1]}
608.4569800000027	EXP	szo_kiir: text = "szélvész"
608.9626100000023	EXP	szo_kiir: autoDraw = true
612.0525250000064	DATA	Keydown: ArrowRight
612.0603700000065	EXP	szo_kiir: autoDraw = false
612.0603700000065	EXP	szo_kiir: color = {"_rgb":[1,1,1]}
612.0603700000065	EXP	szo_kiir: text = "szobanövény"
612.580415000004	EXP	szo_kiir: autoDraw = true
613.9480550000007	DATA	Keydown: ArrowRight
613.9601549999934	EXP	szo_kiir: autoDraw = false
613.9601549999934	EXP	szo_kiir: color = {"_rgb":[1,1,1]}
613.9601549999934	EXP	szo_kiir: text = "csattog"
614.4786999999924	EXP	szo_kiir: autoDraw = true
615.7695550000062	DATA	Keydown: ArrowRight
615.7757649999985	EXP	szo_kiir: autoDraw = false
615.7757649999985	EXP	szo_kiir: color = {"_rgb":[1,1,1]}
615.7757649999985	EXP	szo_kiir: text = "szilikát"
616.2914400000009	EXP	szo_kiir: autoDraw = true
618.8758399999933	DATA	Keydown: ArrowLeft
618.8917550000042	EXP	szo_kiir: autoDraw = false
618.8917550000042	EXP	szo_kiir: color = {"_rgb":[1,1,1]}
618.8917550000042	EXP	szo_kiir: text = "fjord"
619.410785	EXP	szo_kiir: autoDraw = true
620.7632000000012	DATA	Keydown: ArrowLeft
620.7753150000062	EXP	szo_kiir: autoDraw = false
620.7753150000062	EXP	szo_kiir: color = {"_rgb":[1,1,1]}
620.7753150000062	EXP	szo_kiir: text = "biotermék"
621.2908800000005	EXP	szo_kiir: autoDraw = true
623.242419999995	DATA	Keydown: ArrowRight
623.2622799999954	EXP	szo_kiir: autoDraw = false
623.2622799999954	EXP	szo_kiir: color = {"_rgb":[1,1,1]}
623.2622799999954	EXP	szo_kiir: text = "egzisztencializmus"
623.7796149999922	EXP	szo_kiir: autoDraw = true
627.6199349999952	DATA	Keydown: ArrowLeft
627.6247449999937	EXP	szo_kiir: autoDraw = false
627.6247449999937	EXP	szo_kiir: color = {"_rgb":[1,1,1]}
627.6247449999937	EXP	szo_kiir: text = "üzemanyagár"
628.1466450000007	EXP	szo_kiir: autoDraw = true
631.718909999996	DATA	Keydown: ArrowRight
631.7216250000056	EXP	szo_kiir: autoDraw = false
631.7216250000056	EXP	szo_kiir: color = {"_rgb":[1,1,1]}
631.7216250000056	EXP	szo_kiir: text = "kulcscsont"
632.2440550000028	EXP	szo_kiir: autoDraw = true
634.3909600000043	DATA	Keydown: ArrowRight
634.4085300000006	EXP	szo_kiir: autoDraw = false
634.4085300000006	EXP	szo_kiir: color = {"_rgb":[1,1,1]}
634.4085300000006	EXP	szo_kiir: text = "hunfai"
634.9270499999984	EXP	szo_kiir: autoDraw = true
636.3599749999994	DATA	Keydown: ArrowRight
636.3708650000044	EXP	szo_kiir: autoDraw = false
636.3708650000044	EXP	szo_kiir: color = {"_rgb":[1,1,1]}
636.3708650000044	EXP	szo_kiir: text = "csengettyű"
636.8891849999927	EXP	szo_kiir: autoDraw = true
637.5258500000054	DATA	Keydown: ArrowRight
637.5383049999946	EXP	szo_kiir: autoDraw = false
637.5383049999946	EXP	szo_kiir: color = {"_rgb":[1,1,1]}
637.5383049999946	EXP	szo_kiir: text = "fotoszintetikus"
638.0602400000062	EXP	szo_kiir: autoDraw = true
639.4448549999943	DATA	Keydown: ArrowRight
639.4603999999963	EXP	szo_kiir: autoDraw = false
639.4603999999963	EXP	szo_kiir: color = {"_rgb":[1,1,1]}
639.4603999999963	EXP	szo_kiir: text = "onogur"
639.9763050000038	EXP	szo_kiir: autoDraw = true
641.0375400000048	DATA	Keydown: ArrowLeft
641.0536049999937	EXP	szo_kiir: autoDraw = false
641.0536049999937	EXP	szo_kiir: color = {"_rgb":[1,1,1]}
641.0536049999937	EXP	szo_kiir: text = "kormányrúd"
641.575800000006	EXP	szo_kiir: autoDraw = true
642.9124350000056	DATA	Keydown: ArrowRight
642.9216599999927	EXP	szo_kiir: autoDraw = false
642.9216599999927	EXP	szo_kiir: color = {"_rgb":[1,1,1]}
642.9216599999927	EXP	szo_kiir: text = "slendrián"
643.4395599999989	EXP	szo_kiir: autoDraw = true
644.7732200000028	DATA	Keydown: ArrowLeft
644.7886900000012	EXP	szo_kiir: autoDraw = false
644.7886900000012	EXP	szo_kiir: color = {"_rgb":[1,1,1]}
644.7886900000012	EXP	szo_kiir: text = "cianid"
645.305435000002	EXP	szo_kiir: autoDraw = true
647.3983650000009	DATA	Keydown: ArrowLeft
647.4066949999979	EXP	szo_kiir: autoDraw = false
647.4066949999979	EXP	szo_kiir: color = {"_rgb":[1,1,1]}
647.4066949999979	EXP	szo_kiir: text = "fajansz"
647.9251700000023	EXP	szo_kiir: autoDraw = true
649.4225199999928	DATA	Keydown: ArrowRight
649.4372449999937	EXP	szo_kiir: autoDraw = false
649.4372449999937	EXP	szo_kiir: color = {"_rgb":[1,1,1]}
649.4372449999937	EXP	szo_kiir: text = "összalaj"
649.9539099999965	EXP	szo_kiir: autoDraw = true
654.8391850000044	DATA	Keydown: ArrowLeft
654.863434999992	EXP	szo_kiir: autoDraw = false
654.863434999992	EXP	szo_kiir: color = {"_rgb":[1,1,1]}
654.863434999992	EXP	szo_kiir: text = "orientál"
655.3711000000039	EXP	szo_kiir: autoDraw = true
657.954700000002	DATA	Keydown: ArrowLeft
657.9689150000049	EXP	szo_kiir: autoDraw = false
657.9689150000049	EXP	szo_kiir: color = {"_rgb":[1,1,1]}
657.9689150000049	EXP	szo_kiir: text = "kondenzcsík"
658.4909950000001	EXP	szo_kiir: autoDraw = true
662.5870250000007	DATA	Keydown: ArrowRight
662.6015299999999	EXP	szo_kiir: autoDraw = false
662.6015299999999	EXP	szo_kiir: color = {"_rgb":[1,1,1]}
662.6015299999999	EXP	szo_kiir: text = "végregura"
663.1232799999998	EXP	szo_kiir: autoDraw = true
668.0708000000013	DATA	Keydown: ArrowLeft
668.101444999993	EXP	szo_kiir: autoDraw = false
668.101444999993	EXP	szo_kiir: color = {"_rgb":[1,1,1]}
668.101444999993	EXP	szo_kiir: text = "kollapszus"
668.61924	EXP	szo_kiir: autoDraw = true
672.12543	DATA	Keydown: ArrowRight
672.1363350000029	EXP	szo_kiir: autoDraw = false
672.1363350000029	EXP	szo_kiir: color = {"_rgb":[1,1,1]}
672.1363350000029	EXP	szo_kiir: text = "tamia"
672.6553149999963	EXP	szo_kiir: autoDraw = true
674.5796899999987	DATA	Keydown: ArrowLeft
674.5946200000035	EXP	szo_kiir: autoDraw = false
674.5946200000035	EXP	szo_kiir: color = {"_rgb":[1,1,1]}
674.5946200000035	EXP	szo_kiir: text = "anyajogú"
675.1041499999992	EXP	szo_kiir: autoDraw = true
677.202179999993	DATA	Keydown: ArrowRight
677.2181350000028	EXP	szo_kiir: autoDraw = false
677.2181350000028	EXP	szo_kiir: color = {"_rgb":[1,1,1]}
677.2181350000028	EXP	szo_kiir: text = "keszködmön"
677.7377049999923	EXP	szo_kiir: autoDraw = true
679.1690600000002	DATA	Keydown: ArrowRight
679.1850100000011	EXP	szo_kiir: autoDraw = false
679.1850100000011	EXP	szo_kiir: color = {"_rgb":[1,1,1]}
679.1850100000011	EXP	szo_kiir: text = "madársisak"
679.7053250000026	EXP	szo_kiir: autoDraw = true
681.1605600000039	DATA	Keydown: ArrowRight
681.1788899999956	EXP	szo_kiir: autoDraw = false
681.1788899999956	EXP	szo_kiir: color = {"_rgb":[1,1,1]}
681.1788899999956	EXP	szo_kiir: text = "oldolt"
681.689784999995	EXP	szo_kiir: autoDraw = true
684.348840000006	DATA	Keydown: ArrowLeft
684.3679149999953	EXP	szo_kiir: autoDraw = false
684.3679149999953	EXP	szo_kiir: color = {"_rgb":[1,1,1]}
684.3679149999953	EXP	szo_kiir: text = "mikrorendszer"
684.8830750000052	EXP	szo_kiir: autoDraw = true
690.9667650000047	DATA	Keydown: ArrowRight
690.9932249999983	EXP	szo_kiir: autoDraw = false
690.9932249999983	EXP	szo_kiir: color = {"_rgb":[1,1,1]}
690.9932249999983	EXP	szo_kiir: text = "takaréktűzhely"
691.4987899999978	EXP	szo_kiir: autoDraw = true
692.3916750000062	DATA	Keydown: ArrowRight
692.3989849999925	EXP	szo_kiir: autoDraw = false
692.3989849999925	EXP	szo_kiir: color = {"_rgb":[1,1,1]}
692.3989849999925	EXP	szo_kiir: text = "rantálható"
692.9155449999962	EXP	szo_kiir: autoDraw = true
693.5937750000012	DATA	Keydown: ArrowRight
693.5989100000006	EXP	szo_kiir: autoDraw = false
693.5989100000006	EXP	szo_kiir: color = {"_rgb":[1,1,1]}
693.5989100000006	EXP	szo_kiir: text = "kocskesi"
694.1192299999966	EXP	szo_kiir: autoDraw = true
694.9481799999921	DATA	Keydown: ArrowRight
694.9649749999953	EXP	szo_kiir: autoDraw = false
694.9649749999953	EXP	szo_kiir: color = {"_rgb":[1,1,1]}
694.9649749999953	EXP	szo_kiir: text = "bajadér"
695.4816699999938	EXP	szo_kiir: autoDraw = true
696.1914600000018	DATA	Keydown: ArrowRight
696.2094649999926	EXP	szo_kiir: autoDraw = false
696.2094649999926	EXP	szo_kiir: color = {"_rgb":[1,1,1]}
696.2094649999926	EXP	szo_kiir: text = "rendő"
696.7184500000003	EXP	szo_kiir: autoDraw = true
697.794114999997	DATA	Keydown: ArrowRight
697.7985449999978	EXP	szo_kiir: autoDraw = false
697.7985449999978	EXP	szo_kiir: color = {"_rgb":[1,1,1]}
697.7985449999978	EXP	szo_kiir: text = "majánosol"
698.3190549999999	EXP	szo_kiir: autoDraw = true
699.3254299999971	DATA	Keydown: ArrowRight
699.3311450000037	EXP	szo_kiir: autoDraw = false
699.3311450000037	EXP	szo_kiir: color = {"_rgb":[1,1,1]}
699.3311450000037	EXP	szo_kiir: text = "homályosít"
699.8481849999953	EXP	szo_kiir: autoDraw = true
701.1578149999987	DATA	Keydown: ArrowLeft
701.1741949999996	EXP	szo_kiir: autoDraw = false
701.1741949999996	EXP	szo_kiir: color = {"_rgb":[1,1,1]}
701.1741949999996	EXP	szo_kiir: text = "heveredik"
701.6854800000001	EXP	szo_kiir: autoDraw = true
702.5919049999939	DATA	Keydown: ArrowRight
702.5972150000016	EXP	szo_kiir: autoDraw = false
702.5972150000016	EXP	szo_kiir: color = {"_rgb":[1,1,1]}
702.5972150000016	EXP	szo_kiir: text = "kvéker"
703.1138550000032	EXP	szo_kiir: autoDraw = true
704.3993099999934	DATA	Keydown: ArrowLeft
704.415009999997	EXP	szo_kiir: autoDraw = false
704.415009999997	EXP	szo_kiir: color = {"_rgb":[1,1,1]}
704.415009999997	EXP	szo_kiir: text = "repedtfazék"
704.9313600000023	EXP	szo_kiir: autoDraw = true
705.9920350000029	DATA	Keydown: ArrowLeft
705.9955599999957	EXP	szo_kiir: autoDraw = false
705.9955599999957	EXP	szo_kiir: color = {"_rgb":[1,1,1]}
705.9955599999957	EXP	szo_kiir: text = "levélnehezék"
706.514280000003	EXP	szo_kiir: autoDraw = true
707.3147150000004	DATA	Keydown: ArrowLeft
707.3354450000043	EXP	szo_kiir: autoDraw = false
707.3354450000043	EXP	koszi_szoveg: autoDraw = true
