0.14716999977827072	EXP	Created Window = Window( name=Window, fullscr=true, color=#000000, units=norm, waitBlanking=true, autoLog=true, size=[1920,969] )
3.6756849999073893	DATA	Keydown: 6
4.311599999899045	DATA	Keydown: 1
5.196269999956712	DATA	Keydown: 3
5.838249999796972	DATA	Keydown: 5
8.580779999960214	DATA	Keydown: undefined
12.081059999996796	DATA	Keydown: undefined
15.268639999907464	DATA	Keydown:  
16.293219999875873	DATA	Keydown:  
20.772374999942258	DATA	Keydown: undefined
22.247489999979734	EXP	Created instruction_text1 = TextStim( name=instruction_text1, win=Window( name=Window, fullscr=true, color=#000000, ~), autoDraw=null, autoLog=true, units=norm, ori=null, opacity=1, pos=[0,0], size=undefined, text=Ön most szavakat fog látni.

Ezek között lesznek o~, font=Arial, color=#ffffff, contrast=1, height=0.05, bold=null, italic=null, alignHoriz=left, alignVert=center, wrapWidth=1, flipHoriz=null, flipVert=null )
22.24879499990493	EXP	Created instruction_text2 = TextStim( name=instruction_text2, win=Window( name=Window, fullscr=true, color=#000000, ~), autoDraw=null, autoLog=true, units=norm, ori=null, opacity=1, pos=[0,0], size=undefined, text=Először két egyszerű példát mutatunk Önnek.

Az el~, font=Arial, color=#FFFFFF, contrast=1, height=0.05, bold=null, italic=null, alignHoriz=left, alignVert=center, wrapWidth=1, flipHoriz=null, flipVert=null )
22.250609999988228	EXP	Created show_text = TextStim( name=show_text, win=Window( name=Window, fullscr=true, color=#000000, ~), autoDraw=null, autoLog=true, units=norm, ori=null, opacity=1, pos=[0,0], size=undefined, text=asztal, font=Arial, color=#FFFFFF, contrast=1, height=0.2, bold=null, italic=null, alignHoriz=left, alignVert=center, wrapWidth=1, flipHoriz=null, flipVert=null )
22.25194499990903	EXP	Created text = TextStim( name=text, win=Window( name=Window, fullscr=true, color=#000000, ~), autoDraw=null, autoLog=true, units=norm, ori=null, opacity=1, pos=[0,0], size=undefined, text=bzsmfsztal, font=Arial, color=#FFFFFF, contrast=1, height=0.2, bold=null, italic=null, alignHoriz=left, alignVert=center, wrapWidth=1, flipHoriz=null, flipVert=null )
22.25690499995835	EXP	Created instruction_text3 = TextStim( name=instruction_text3, win=Window( name=Window, fullscr=true, color=#000000, ~), autoDraw=null, autoLog=true, units=norm, ori=null, opacity=1, pos=[0,0], size=undefined, text=Pazar. Most kezdődik az igazi kísérlet. Néhány per~, font=Arial, color=#FFFFFF, contrast=1, height=0.1, bold=null, italic=null, alignHoriz=left, alignVert=center, wrapWidth=1, flipHoriz=null, flipVert=null )
22.25779499998316	EXP	Created szo_kiir = TextStim( name=szo_kiir, win=Window( name=Window, fullscr=true, color=#000000, ~), autoDraw=null, autoLog=true, units=norm, ori=null, opacity=1, pos=[0,0], size=undefined, text=default text, font=Arial, color=#FFFFFF, contrast=1, height=0.2, bold=null, italic=null, alignHoriz=left, alignVert=center, wrapWidth=1, flipHoriz=null, flipVert=null )
22.258414999814704	EXP	Created koszi_szoveg = TextStim( name=koszi_szoveg, win=Window( name=Window, fullscr=true, color=#000000, ~), autoDraw=null, autoLog=true, units=norm, ori=null, opacity=1, pos=[0,0], size=undefined, text=Vége a kísérletnek. Köszönjük a részvételt!, font=arial, color=#ffffff, contrast=1, height=0.1, bold=null, italic=null, alignHoriz=left, alignVert=center, wrapWidth=1, flipHoriz=null, flipVert=null )
22.367789999814704	EXP	instruction_text1: units = "norm"
22.367789999814704	EXP	instruction_text1: ori = 0
22.367789999814704	EXP	instruction_text1: opacity = 1
22.367789999814704	EXP	instruction_text1: pos = [0,0]
22.367789999814704	EXP	instruction_text1: size = undefined
22.367789999814704	EXP	instruction_text1: text = "Ön most szavakat fog látni.\n\nEzek között lesznek olyanok, amelyeket ismer, de előfordulhatnak olyanok is, amelyeket nem ismer, sőt, vannak köztük kitalált szavak is. \n\nKérjük, ha ismeri a képernyőn látható szót, nyomja meg a JOBB kurzorbillentyűt.\nKérjük, ha NEM ismeri a képernyőn látható szót, vagy azt gondolja, nincs ilyen szó a magyarban, nyomja meg a BAL kurzorbillentyűt.\n\nAz 'Ismerem a szót' döntés itt most ezt jelenti: találkoztam már vele, és van valami elképzelésem a jelentéséről is.  \n\nNyomjon meg bármilyen billentyűt a folytatáshoz."
22.367789999814704	EXP	instruction_text1: font = "Arial"
22.367789999814704	EXP	instruction_text1: color = {"_rgb":[1,1,1]}
22.367789999814704	EXP	instruction_text1: contrast = 1
22.367789999814704	EXP	instruction_text1: height = 0.05
22.367789999814704	EXP	instruction_text1: bold = false
22.367789999814704	EXP	instruction_text1: italic = false
22.367789999814704	EXP	instruction_text1: alignHoriz = "left"
22.367789999814704	EXP	instruction_text1: alignVert = "center"
22.367789999814704	EXP	instruction_text1: wrapWidth = 1
22.367789999814704	EXP	instruction_text1: flipHoriz = false
22.367789999814704	EXP	instruction_text1: flipVert = false
22.367789999814704	EXP	instruction_text2: units = "norm"
22.367789999814704	EXP	instruction_text2: ori = 0
22.367789999814704	EXP	instruction_text2: opacity = 1
22.367789999814704	EXP	instruction_text2: pos = [0,0]
22.367789999814704	EXP	instruction_text2: size = undefined
22.367789999814704	EXP	instruction_text2: text = "Először két egyszerű példát mutatunk Önnek.\n\nAz első szó létezik a magyarban, és valószínűleg Ön is ismeri. Itt nyomja majd meg a jobb kurzorbillentyűt.\nA második szó nem létezik a magyar nyelvben. Itt nyomja majd meg a bal kurzorbillentyűt.\n\nFontos, hogy a jobb gombot a jobb kezével, a bal gombot a bal kezével nyomja, ha tudja, és ne egy kezét használja a kísérletben.\n\nNyomjon meg bármilyen gombot a folytatáshoz."
22.367789999814704	EXP	instruction_text2: font = "Arial"
22.367789999814704	EXP	instruction_text2: color = {"_hex":"#FFFFFF","_rgb":[1,1,1]}
22.367789999814704	EXP	instruction_text2: contrast = 1
22.367789999814704	EXP	instruction_text2: height = 0.05
22.367789999814704	EXP	instruction_text2: bold = false
22.367789999814704	EXP	instruction_text2: italic = false
22.367789999814704	EXP	instruction_text2: alignHoriz = "left"
22.367789999814704	EXP	instruction_text2: alignVert = "center"
22.367789999814704	EXP	instruction_text2: wrapWidth = 1
22.367789999814704	EXP	instruction_text2: flipHoriz = false
22.367789999814704	EXP	instruction_text2: flipVert = false
22.367789999814704	EXP	show_text: units = "norm"
22.367789999814704	EXP	show_text: ori = 0
22.367789999814704	EXP	show_text: opacity = 1
22.367789999814704	EXP	show_text: pos = [0,0]
22.367789999814704	EXP	show_text: size = undefined
22.367789999814704	EXP	show_text: text = "asztal"
22.367789999814704	EXP	show_text: font = "Arial"
22.367789999814704	EXP	show_text: color = {"_hex":"#FFFFFF","_rgb":[1,1,1]}
22.367789999814704	EXP	show_text: contrast = 1
22.367789999814704	EXP	show_text: height = 0.2
22.367789999814704	EXP	show_text: bold = false
22.367789999814704	EXP	show_text: italic = false
22.367789999814704	EXP	show_text: alignHoriz = "left"
22.367789999814704	EXP	show_text: alignVert = "center"
22.367789999814704	EXP	show_text: wrapWidth = 1
22.367789999814704	EXP	show_text: flipHoriz = false
22.367789999814704	EXP	show_text: flipVert = false
22.367789999814704	EXP	text: units = "norm"
22.367789999814704	EXP	text: ori = 0
22.367789999814704	EXP	text: opacity = 1
22.367789999814704	EXP	text: pos = [0,0]
22.367789999814704	EXP	text: size = undefined
22.367789999814704	EXP	text: text = "bzsmfsztal"
22.367789999814704	EXP	text: font = "Arial"
22.367789999814704	EXP	text: color = {"_hex":"#FFFFFF","_rgb":[1,1,1]}
22.367789999814704	EXP	text: contrast = 1
22.367789999814704	EXP	text: height = 0.2
22.367789999814704	EXP	text: bold = false
22.367789999814704	EXP	text: italic = false
22.367789999814704	EXP	text: alignHoriz = "left"
22.367789999814704	EXP	text: alignVert = "center"
22.367789999814704	EXP	text: wrapWidth = 1
22.367789999814704	EXP	text: flipHoriz = false
22.367789999814704	EXP	text: flipVert = false
22.367789999814704	EXP	instruction_text3: units = "norm"
22.367789999814704	EXP	instruction_text3: ori = 0
22.367789999814704	EXP	instruction_text3: opacity = 1
22.367789999814704	EXP	instruction_text3: pos = [0,0]
22.367789999814704	EXP	instruction_text3: size = undefined
22.367789999814704	EXP	instruction_text3: text = "Pazar. Most kezdődik az igazi kísérlet. Néhány percig fog tartani. Nem kell nagyon sietnie, de igyekezzen gyorsan válaszolni.\n\nNe feledje, ha tudja, a jobb gombot a jobbkezével, a bal gombot a balkezével nyomja le.\n\nNyomjon meg bármilyen gombot a folytatáshoz."
22.367789999814704	EXP	instruction_text3: font = "Arial"
22.367789999814704	EXP	instruction_text3: color = {"_hex":"#FFFFFF","_rgb":[1,1,1]}
22.367789999814704	EXP	instruction_text3: contrast = 1
22.367789999814704	EXP	instruction_text3: height = 0.1
22.367789999814704	EXP	instruction_text3: bold = false
22.367789999814704	EXP	instruction_text3: italic = false
22.367789999814704	EXP	instruction_text3: alignHoriz = "left"
22.367789999814704	EXP	instruction_text3: alignVert = "center"
22.367789999814704	EXP	instruction_text3: wrapWidth = 1
22.367789999814704	EXP	instruction_text3: flipHoriz = false
22.367789999814704	EXP	instruction_text3: flipVert = false
22.367789999814704	EXP	szo_kiir: units = "norm"
22.367789999814704	EXP	szo_kiir: ori = 0
22.367789999814704	EXP	szo_kiir: opacity = 1
22.367789999814704	EXP	szo_kiir: pos = [0,0]
22.367789999814704	EXP	szo_kiir: size = undefined
22.367789999814704	EXP	szo_kiir: text = "default text"
22.367789999814704	EXP	szo_kiir: font = "Arial"
22.367789999814704	EXP	szo_kiir: color = {"_hex":"#FFFFFF","_rgb":[1,1,1]}
22.367789999814704	EXP	szo_kiir: contrast = 1
22.367789999814704	EXP	szo_kiir: height = 0.2
22.367789999814704	EXP	szo_kiir: bold = false
22.367789999814704	EXP	szo_kiir: italic = false
22.367789999814704	EXP	szo_kiir: alignHoriz = "left"
22.367789999814704	EXP	szo_kiir: alignVert = "center"
22.367789999814704	EXP	szo_kiir: wrapWidth = 1
22.367789999814704	EXP	szo_kiir: flipHoriz = false
22.367789999814704	EXP	szo_kiir: flipVert = false
22.367789999814704	EXP	koszi_szoveg: units = "norm"
22.367789999814704	EXP	koszi_szoveg: ori = 0
22.367789999814704	EXP	koszi_szoveg: opacity = 1
22.367789999814704	EXP	koszi_szoveg: pos = [0,0]
22.367789999814704	EXP	koszi_szoveg: size = undefined
22.367789999814704	EXP	koszi_szoveg: text = "Vége a kísérletnek. Köszönjük a részvételt!"
22.367789999814704	EXP	koszi_szoveg: font = "arial"
22.367789999814704	EXP	koszi_szoveg: color = {"_rgb":[1,1,1]}
22.367789999814704	EXP	koszi_szoveg: contrast = 1
22.367789999814704	EXP	koszi_szoveg: height = 0.1
22.367789999814704	EXP	koszi_szoveg: bold = false
22.367789999814704	EXP	koszi_szoveg: italic = false
22.367789999814704	EXP	koszi_szoveg: alignHoriz = "left"
22.367789999814704	EXP	koszi_szoveg: alignVert = "center"
22.367789999814704	EXP	koszi_szoveg: wrapWidth = 1
22.367789999814704	EXP	koszi_szoveg: flipHoriz = false
22.367789999814704	EXP	koszi_szoveg: flipVert = false
22.367789999814704	EXP	instruction_text1: autoDraw = true
58.34075999981724	DATA	Keydown: x
58.35978499986231	EXP	instruction_text1: autoDraw = false
58.35978499986231	EXP	instruction_text2: autoDraw = true
88.17052499996498	DATA	Keydown: y
88.18557999981567	EXP	instruction_text2: autoDraw = false
88.721744999988	EXP	show_text: autoDraw = true
92.42773999995552	DATA	Mouse: 2 button down, pos=(473,440)
92.55847999989055	DATA	Mouse: 2 button down, pos=(473,440)
94.87805999978445	DATA	Mouse: 0 button down, pos=(1029,370)
94.99764999980107	DATA	Mouse: 0 button down, pos=(1034,374)
98.28598999977112	DATA	Keydown: ArrowRight
98.31242499989457	EXP	show_text: autoDraw = false
98.83021499984898	EXP	text: autoDraw = true
100.19923999998719	DATA	Keydown: ArrowLeft
100.24476999999024	EXP	text: autoDraw = false
100.24476999999024	EXP	instruction_text3: autoDraw = true
114.3899799999781	DATA	Keydown: n
114.46289999992587	EXP	instruction_text3: autoDraw = false
114.46289999992587	EXP	szo_kiir: color = {"_rgb":[1,1,1]}
114.46289999992587	EXP	szo_kiir: text = "szigon"
114.98856999981217	EXP	szo_kiir: autoDraw = true
116.61707999999635	DATA	Keydown: ArrowLeft
116.63506499980576	EXP	szo_kiir: autoDraw = false
116.63506499980576	EXP	szo_kiir: color = {"_rgb":[1,1,1]}
116.63506499980576	EXP	szo_kiir: text = "sételi"
117.15652499999851	EXP	szo_kiir: autoDraw = true
118.35195999988355	DATA	Keydown: ArrowRight
118.36906999978237	EXP	szo_kiir: autoDraw = false
118.36906999978237	EXP	szo_kiir: color = {"_rgb":[1,1,1]}
118.36906999978237	EXP	szo_kiir: text = "szeptember"
118.89271999988705	EXP	szo_kiir: autoDraw = true
119.87730999989435	DATA	Keydown: ArrowRight
119.90230999980122	EXP	szo_kiir: autoDraw = false
119.90230999980122	EXP	szo_kiir: color = {"_rgb":[1,1,1]}
119.90230999980122	EXP	szo_kiir: text = "jákfű"
120.42788999993354	EXP	szo_kiir: autoDraw = true
121.7091899998486	DATA	Keydown: ArrowLeft
121.72200999991037	EXP	szo_kiir: autoDraw = false
121.72200999991037	EXP	szo_kiir: color = {"_rgb":[1,1,1]}
121.72200999991037	EXP	szo_kiir: text = "rozintem"
122.24205499980599	EXP	szo_kiir: autoDraw = true
123.54930999991484	DATA	Keydown: ArrowLeft
123.58547999989241	EXP	szo_kiir: autoDraw = false
123.58547999989241	EXP	szo_kiir: color = {"_rgb":[1,1,1]}
123.58547999989241	EXP	szo_kiir: text = "hatékony"
124.09720499999821	EXP	szo_kiir: autoDraw = true
124.79797499999404	DATA	Keydown: ArrowRight
124.8084099998232	EXP	szo_kiir: autoDraw = false
124.8084099998232	EXP	szo_kiir: color = {"_rgb":[1,1,1]}
124.8084099998232	EXP	szo_kiir: text = "szem"
125.3282299998682	EXP	szo_kiir: autoDraw = true
125.91028499999084	DATA	Keydown: ArrowRight
125.97467499994673	EXP	szo_kiir: autoDraw = false
125.97467499994673	EXP	szo_kiir: color = {"_rgb":[1,1,1]}
125.97467499994673	EXP	szo_kiir: text = "párt"
126.49595499993302	EXP	szo_kiir: autoDraw = true
127.37803499982692	DATA	Keydown: ArrowRight
127.39467499987222	EXP	szo_kiir: autoDraw = false
127.39467499987222	EXP	szo_kiir: color = {"_rgb":[1,1,1]}
127.39467499987222	EXP	szo_kiir: text = "fény"
127.9142349998001	EXP	szo_kiir: autoDraw = true
128.45320499991067	DATA	Keydown: ArrowRight
128.47827999992296	EXP	szo_kiir: autoDraw = false
128.47827999992296	EXP	szo_kiir: color = {"_rgb":[1,1,1]}
128.47827999992296	EXP	szo_kiir: text = "lélek"
128.99688999983482	EXP	szo_kiir: autoDraw = true
129.7012799999211	DATA	Keydown: ArrowRight
129.71333499997854	EXP	szo_kiir: autoDraw = false
129.71333499997854	EXP	szo_kiir: color = {"_rgb":[1,1,1]}
129.71333499997854	EXP	szo_kiir: text = "szakáj"
130.23322999989614	EXP	szo_kiir: autoDraw = true
131.78895499999635	DATA	Keydown: ArrowLeft
131.80955499992706	EXP	szo_kiir: autoDraw = false
131.80955499992706	EXP	szo_kiir: color = {"_rgb":[1,1,1]}
131.80955499992706	EXP	szo_kiir: text = "református"
132.31934999977238	EXP	szo_kiir: autoDraw = true
133.33463499997742	DATA	Keydown: ArrowRight
133.35029999981634	EXP	szo_kiir: autoDraw = false
133.35029999981634	EXP	szo_kiir: color = {"_rgb":[1,1,1]}
133.35029999981634	EXP	szo_kiir: text = "bír"
133.86990499985404	EXP	szo_kiir: autoDraw = true
134.70916999992914	DATA	Keydown: ArrowRight
134.73402499989606	EXP	szo_kiir: autoDraw = false
134.73402499989606	EXP	szo_kiir: color = {"_rgb":[1,1,1]}
134.73402499989606	EXP	szo_kiir: text = "kampány"
135.25455499999225	EXP	szo_kiir: autoDraw = true
136.15314999991097	DATA	Keydown: ArrowRight
136.1698449999094	EXP	szo_kiir: autoDraw = false
136.1698449999094	EXP	szo_kiir: color = {"_rgb":[1,1,1]}
136.1698449999094	EXP	szo_kiir: text = "tenger"
136.68980999989435	EXP	szo_kiir: autoDraw = true
137.23835999984294	DATA	Keydown: ArrowRight
137.27786999987438	EXP	szo_kiir: autoDraw = false
137.27786999987438	EXP	szo_kiir: color = {"_rgb":[1,1,1]}
137.27786999987438	EXP	szo_kiir: text = "jogosult"
137.80247499980032	EXP	szo_kiir: autoDraw = true
138.56531999981962	DATA	Keydown: ArrowRight
138.58613499999046	EXP	szo_kiir: autoDraw = false
138.58613499999046	EXP	szo_kiir: color = {"_rgb":[1,1,1]}
138.58613499999046	EXP	szo_kiir: text = "hagy"
139.10366999986582	EXP	szo_kiir: autoDraw = true
139.73329499992542	DATA	Keydown: ArrowRight
139.75663999980316	EXP	szo_kiir: autoDraw = false
139.75663999980316	EXP	szo_kiir: color = {"_rgb":[1,1,1]}
139.75663999980316	EXP	szo_kiir: text = "nagyméretű"
140.28842999995686	EXP	szo_kiir: autoDraw = true
141.06130499998108	DATA	Keydown: ArrowRight
141.0883699997794	EXP	szo_kiir: autoDraw = false
141.0883699997794	EXP	szo_kiir: color = {"_rgb":[1,1,1]}
141.0883699997794	EXP	szo_kiir: text = "csend"
141.60629499983042	EXP	szo_kiir: autoDraw = true
142.22500999993645	DATA	Keydown: ArrowRight
142.24561499990523	EXP	szo_kiir: autoDraw = false
142.24561499990523	EXP	szo_kiir: color = {"_rgb":[1,1,1]}
142.24561499990523	EXP	szo_kiir: text = "szalas"
142.77401499985717	EXP	szo_kiir: autoDraw = true
143.8123899998609	DATA	Keydown: ArrowLeft
143.8406449998729	EXP	szo_kiir: autoDraw = false
143.8406449998729	EXP	szo_kiir: color = {"_rgb":[1,1,1]}
143.8406449998729	EXP	szo_kiir: text = "daragasi"
144.3589249998331	EXP	szo_kiir: autoDraw = true
145.61324999993667	DATA	Keydown: ArrowLeft
145.64596499991603	EXP	szo_kiir: autoDraw = false
145.64596499991603	EXP	szo_kiir: color = {"_rgb":[1,1,1]}
145.64596499991603	EXP	szo_kiir: text = "kalcium"
146.17754499986768	EXP	szo_kiir: autoDraw = true
147.86971999984235	DATA	Keydown: ArrowLeft
147.89527999982238	EXP	szo_kiir: autoDraw = false
147.89527999982238	EXP	szo_kiir: color = {"_rgb":[1,1,1]}
147.89527999982238	EXP	szo_kiir: text = "cucc"
148.41305999993347	EXP	szo_kiir: autoDraw = true
149.28526499983855	DATA	Keydown: ArrowRight
149.31344499997795	EXP	szo_kiir: autoDraw = false
149.31344499997795	EXP	szo_kiir: color = {"_rgb":[1,1,1]}
149.31344499997795	EXP	szo_kiir: text = "kilolvai"
149.83116999990307	EXP	szo_kiir: autoDraw = true
150.95188499987125	DATA	Keydown: ArrowLeft
150.98175499984063	EXP	szo_kiir: autoDraw = false
150.98175499984063	EXP	szo_kiir: color = {"_rgb":[1,1,1]}
150.98175499984063	EXP	szo_kiir: text = "gyárt"
151.49934499990195	EXP	szo_kiir: autoDraw = true
152.2179799999576	DATA	Keydown: ArrowRight
152.2330499999225	EXP	szo_kiir: autoDraw = false
152.2330499999225	EXP	szo_kiir: color = {"_rgb":[1,1,1]}
152.2330499999225	EXP	szo_kiir: text = "naptár"
152.75077499984764	EXP	szo_kiir: autoDraw = true
153.5093099998776	DATA	Keydown: ArrowLeft
153.53424999979325	EXP	szo_kiir: autoDraw = false
153.53424999979325	EXP	szo_kiir: color = {"_rgb":[1,1,1]}
153.53424999979325	EXP	szo_kiir: text = "gyűjt"
154.05205499986187	EXP	szo_kiir: autoDraw = true
154.766219999874	DATA	Keydown: ArrowRight
154.785489999922	EXP	szo_kiir: autoDraw = false
154.785489999922	EXP	szo_kiir: color = {"_rgb":[1,1,1]}
154.785489999922	EXP	szo_kiir: text = "villany"
155.30322999996133	EXP	szo_kiir: autoDraw = true
155.92301499983296	DATA	Keydown: ArrowRight
155.95340999984182	EXP	szo_kiir: autoDraw = false
155.95340999984182	EXP	szo_kiir: color = {"_rgb":[1,1,1]}
155.95340999984182	EXP	szo_kiir: text = "búcsú"
156.47116999980062	EXP	szo_kiir: autoDraw = true
157.56529999990016	DATA	Keydown: ArrowRight
157.5883699997794	EXP	szo_kiir: autoDraw = false
157.5883699997794	EXP	szo_kiir: color = {"_rgb":[1,1,1]}
157.5883699997794	EXP	szo_kiir: text = "un"
158.10600499995053	EXP	szo_kiir: autoDraw = true
158.98183999978937	DATA	Keydown: ArrowLeft
159.00645499979146	EXP	szo_kiir: autoDraw = false
159.00645499979146	EXP	szo_kiir: color = {"_rgb":[1,1,1]}
159.00645499979146	EXP	szo_kiir: text = "esztikussz"
159.52419999986887	EXP	szo_kiir: autoDraw = true
161.26917499979027	DATA	Keydown: ArrowLeft
161.29207999981008	EXP	szo_kiir: autoDraw = false
161.29207999981008	EXP	szo_kiir: color = {"_rgb":[1,1,1]}
161.29207999981008	EXP	szo_kiir: text = "sötét"
161.80978999985382	EXP	szo_kiir: autoDraw = true
162.50136999995448	DATA	Keydown: ArrowRight
162.5266699998174	EXP	szo_kiir: autoDraw = false
162.5266699998174	EXP	szo_kiir: color = {"_rgb":[1,1,1]}
162.5266699998174	EXP	szo_kiir: text = "vélekedik"
163.0442599998787	EXP	szo_kiir: autoDraw = true
164.06938499980606	DATA	Keydown: ArrowRight
164.09500999981537	EXP	szo_kiir: autoDraw = false
164.09500999981537	EXP	szo_kiir: color = {"_rgb":[1,1,1]}
164.09500999981537	EXP	szo_kiir: text = "régész"
164.61260999995284	EXP	szo_kiir: autoDraw = true
165.41634999983944	DATA	Keydown: ArrowRight
165.44764999998733	EXP	szo_kiir: autoDraw = false
165.44764999998733	EXP	szo_kiir: color = {"_rgb":[1,1,1]}
165.44764999998733	EXP	szo_kiir: text = "égitest"
165.98063499992713	EXP	szo_kiir: autoDraw = true
166.86915499996394	DATA	Keydown: ArrowRight
166.89772499981336	EXP	szo_kiir: autoDraw = false
166.89772499981336	EXP	szo_kiir: color = {"_rgb":[1,1,1]}
166.89772499981336	EXP	szo_kiir: text = "extravagáns"
167.41548999981023	EXP	szo_kiir: autoDraw = true
169.37384499982	DATA	Keydown: ArrowRight
169.4025799999945	EXP	szo_kiir: autoDraw = false
169.4025799999945	EXP	szo_kiir: color = {"_rgb":[1,1,1]}
169.4025799999945	EXP	szo_kiir: text = "végbél"
169.9345149998553	EXP	szo_kiir: autoDraw = true
170.87736999988556	DATA	Keydown: ArrowRight
170.90168999996968	EXP	szo_kiir: autoDraw = false
170.90168999996968	EXP	szo_kiir: color = {"_rgb":[1,1,1]}
170.90168999996968	EXP	szo_kiir: text = "bámérő"
171.41940499981865	EXP	szo_kiir: autoDraw = true
173.4723749998957	DATA	Keydown: ArrowLeft
173.51327499980107	EXP	szo_kiir: autoDraw = false
173.51327499980107	EXP	szo_kiir: color = {"_rgb":[1,1,1]}
173.51327499980107	EXP	szo_kiir: text = "megállóhely"
174.03888999996707	EXP	szo_kiir: autoDraw = true
175.82673499989323	DATA	Keydown: ArrowRight
175.85665499977767	EXP	szo_kiir: autoDraw = false
175.85665499977767	EXP	szo_kiir: color = {"_rgb":[1,1,1]}
175.85665499977767	EXP	szo_kiir: text = "kóser"
176.3743049998302	EXP	szo_kiir: autoDraw = true
177.22940499987453	DATA	Keydown: ArrowLeft
177.25808999990113	EXP	szo_kiir: autoDraw = false
177.25808999990113	EXP	szo_kiir: color = {"_rgb":[1,1,1]}
177.25808999990113	EXP	szo_kiir: text = "vízimény"
177.7757949999068	EXP	szo_kiir: autoDraw = true
178.9497399998363	DATA	Keydown: ArrowRight
178.976429999806	EXP	szo_kiir: autoDraw = false
178.976429999806	EXP	szo_kiir: color = {"_rgb":[1,1,1]}
178.976429999806	EXP	szo_kiir: text = "közöny"
179.49416999984533	EXP	szo_kiir: autoDraw = true
180.85392499994487	DATA	Keydown: ArrowLeft
180.87828999990597	EXP	szo_kiir: autoDraw = false
180.87828999990597	EXP	szo_kiir: color = {"_rgb":[1,1,1]}
180.87828999990597	EXP	szo_kiir: text = "gráf"
181.3959099999629	EXP	szo_kiir: autoDraw = true
182.26444999990053	DATA	Keydown: ArrowLeft
182.27982499985956	EXP	szo_kiir: autoDraw = false
182.27982499985956	EXP	szo_kiir: color = {"_rgb":[1,1,1]}
182.27982499985956	EXP	szo_kiir: text = "mokkáskanál"
182.79754999978468	EXP	szo_kiir: autoDraw = true
184.38512499979697	DATA	Keydown: ArrowLeft
184.41520999977365	EXP	szo_kiir: autoDraw = false
184.41520999977365	EXP	szo_kiir: color = {"_rgb":[1,1,1]}
184.41520999977365	EXP	szo_kiir: text = "pereg"
184.93292999989353	EXP	szo_kiir: autoDraw = true
186.02928499993868	DATA	Keydown: ArrowRight
186.05018499982543	EXP	szo_kiir: autoDraw = false
186.05018499982543	EXP	szo_kiir: color = {"_rgb":[1,1,1]}
186.05018499982543	EXP	szo_kiir: text = "genom"
186.56791499978863	EXP	szo_kiir: autoDraw = true
187.38231999985874	DATA	Keydown: ArrowLeft
187.40220499993302	EXP	szo_kiir: autoDraw = false
187.40220499993302	EXP	koszi_szoveg: autoDraw = true
