0.2454199999338016	EXP	Created Window = Window( name=Window, fullscr=true, color=#000000, units=norm, waitBlanking=true, autoLog=true, size=[1366,657] )
3.360594999976456	DATA	Keydown: 1
3.5849750000052154	DATA	Keydown: 3
3.7307899999432266	DATA	Keydown: 3
3.935439999913797	DATA	Keydown: 2
8.357139999978244	DATA	Keydown: n
8.740889999899082	DATA	Keydown: ő
10.911804999923334	DATA	Keydown: 2
11.267479999922216	DATA	Keydown: 0
11.457070000004023	DATA	Keydown: 0
12.056585000013001	DATA	Keydown: 0
12.768594999914058	DATA	Keydown: .
13.380849999957718	DATA	Keydown: 0
13.885684999986552	DATA	Keydown: 6
15.286644999985583	DATA	Keydown: .
15.712394999922253	DATA	Keydown: 0
16.109964999952354	DATA	Keydown: 4
17.01459999999497	DATA	Keydown: .
22.048710000002757	DATA	Keydown: 1
22.346629999927245	DATA	Keydown: 3
25.201529999962077	EXP	Created instruction_text1 = TextStim( name=instruction_text1, win=Window( name=Window, fullscr=true, color=#000000, ~), autoDraw=null, autoLog=true, units=norm, ori=null, opacity=1, pos=[0,0], size=undefined, text=Ön most szavakat fog látni.

Ezek között lesznek o~, font=Arial, color=#ffffff, contrast=1, height=0.05, bold=null, italic=null, alignHoriz=left, alignVert=center, wrapWidth=1, flipHoriz=null, flipVert=null )
25.206604999955744	EXP	Created instruction_text2 = TextStim( name=instruction_text2, win=Window( name=Window, fullscr=true, color=#000000, ~), autoDraw=null, autoLog=true, units=norm, ori=null, opacity=1, pos=[0,0], size=undefined, text=Először két egyszerű példát mutatunk Önnek.

Az el~, font=Arial, color=#FFFFFF, contrast=1, height=0.05, bold=null, italic=null, alignHoriz=left, alignVert=center, wrapWidth=1, flipHoriz=null, flipVert=null )
25.21083999995608	EXP	Created show_text = TextStim( name=show_text, win=Window( name=Window, fullscr=true, color=#000000, ~), autoDraw=null, autoLog=true, units=norm, ori=null, opacity=1, pos=[0,0], size=undefined, text=asztal, font=Arial, color=#FFFFFF, contrast=1, height=0.2, bold=null, italic=null, alignHoriz=left, alignVert=center, wrapWidth=1, flipHoriz=null, flipVert=null )
25.214274999918416	EXP	Created text = TextStim( name=text, win=Window( name=Window, fullscr=true, color=#000000, ~), autoDraw=null, autoLog=true, units=norm, ori=null, opacity=1, pos=[0,0], size=undefined, text=bzsmfsztal, font=Arial, color=#FFFFFF, contrast=1, height=0.2, bold=null, italic=null, alignHoriz=left, alignVert=center, wrapWidth=1, flipHoriz=null, flipVert=null )
25.215164999943227	EXP	Created instruction_text3 = TextStim( name=instruction_text3, win=Window( name=Window, fullscr=true, color=#000000, ~), autoDraw=null, autoLog=true, units=norm, ori=null, opacity=1, pos=[0,0], size=undefined, text=Pazar. Most kezdődik az igazi kísérlet. Néhány per~, font=Arial, color=#FFFFFF, contrast=1, height=0.1, bold=null, italic=null, alignHoriz=left, alignVert=center, wrapWidth=1, flipHoriz=null, flipVert=null )
25.215924999909475	EXP	Created szo_kiir = TextStim( name=szo_kiir, win=Window( name=Window, fullscr=true, color=#000000, ~), autoDraw=null, autoLog=true, units=norm, ori=null, opacity=1, pos=[0,0], size=undefined, text=default text, font=Arial, color=#FFFFFF, contrast=1, height=0.2, bold=null, italic=null, alignHoriz=left, alignVert=center, wrapWidth=1, flipHoriz=null, flipVert=null )
25.216674999915995	EXP	Created koszi_szoveg = TextStim( name=koszi_szoveg, win=Window( name=Window, fullscr=true, color=#000000, ~), autoDraw=null, autoLog=true, units=norm, ori=null, opacity=1, pos=[0,0], size=undefined, text=Vége a kísérletnek. Köszönjük a részvételt!, font=arial, color=#ffffff, contrast=1, height=0.1, bold=null, italic=null, alignHoriz=left, alignVert=center, wrapWidth=1, flipHoriz=null, flipVert=null )
25.257400000002235	EXP	instruction_text1: units = "norm"
25.257400000002235	EXP	instruction_text1: ori = 0
25.257400000002235	EXP	instruction_text1: opacity = 1
25.257400000002235	EXP	instruction_text1: pos = [0,0]
25.257400000002235	EXP	instruction_text1: size = undefined
25.257400000002235	EXP	instruction_text1: text = "Ön most szavakat fog látni.\n\nEzek között lesznek olyanok, amelyeket ismer, de előfordulhatnak olyanok is, amelyeket nem ismer, sőt, vannak köztük kitalált szavak is. \n\nKérjük, ha ismeri a képernyőn látható szót, nyomja meg a JOBB kurzorbillentyűt.\nKérjük, ha NEM ismeri a képernyőn látható szót, vagy azt gondolja, nincs ilyen szó a magyarban, nyomja meg a BAL kurzorbillentyűt.\n\nAz 'Ismerem a szót' döntés itt most ezt jelenti: találkoztam már vele, és van valami elképzelésem a jelentéséről is.  \n\nNyomjon meg bármilyen billentyűt a folytatáshoz."
25.257400000002235	EXP	instruction_text1: font = "Arial"
25.257400000002235	EXP	instruction_text1: color = {"_rgb":[1,1,1]}
25.257400000002235	EXP	instruction_text1: contrast = 1
25.257400000002235	EXP	instruction_text1: height = 0.05
25.257400000002235	EXP	instruction_text1: bold = false
25.257400000002235	EXP	instruction_text1: italic = false
25.257400000002235	EXP	instruction_text1: alignHoriz = "left"
25.257400000002235	EXP	instruction_text1: alignVert = "center"
25.257400000002235	EXP	instruction_text1: wrapWidth = 1
25.257400000002235	EXP	instruction_text1: flipHoriz = false
25.257400000002235	EXP	instruction_text1: flipVert = false
25.257400000002235	EXP	instruction_text2: units = "norm"
25.257400000002235	EXP	instruction_text2: ori = 0
25.257400000002235	EXP	instruction_text2: opacity = 1
25.257400000002235	EXP	instruction_text2: pos = [0,0]
25.257400000002235	EXP	instruction_text2: size = undefined
25.257400000002235	EXP	instruction_text2: text = "Először két egyszerű példát mutatunk Önnek.\n\nAz első szó létezik a magyarban, és valószínűleg Ön is ismeri. Itt nyomja majd meg a jobb kurzorbillentyűt.\nA második szó nem létezik a magyar nyelvben. Itt nyomja majd meg a bal kurzorbillentyűt.\n\nFontos, hogy a jobb gombot a jobb kezével, a bal gombot a bal kezével nyomja, ha tudja, és ne egy kezét használja a kísérletben.\n\nNyomjon meg bármilyen gombot a folytatáshoz."
25.257400000002235	EXP	instruction_text2: font = "Arial"
25.257400000002235	EXP	instruction_text2: color = {"_hex":"#FFFFFF","_rgb":[1,1,1]}
25.257400000002235	EXP	instruction_text2: contrast = 1
25.257400000002235	EXP	instruction_text2: height = 0.05
25.257400000002235	EXP	instruction_text2: bold = false
25.257400000002235	EXP	instruction_text2: italic = false
25.257400000002235	EXP	instruction_text2: alignHoriz = "left"
25.257400000002235	EXP	instruction_text2: alignVert = "center"
25.257400000002235	EXP	instruction_text2: wrapWidth = 1
25.257400000002235	EXP	instruction_text2: flipHoriz = false
25.257400000002235	EXP	instruction_text2: flipVert = false
25.257400000002235	EXP	show_text: units = "norm"
25.257400000002235	EXP	show_text: ori = 0
25.257400000002235	EXP	show_text: opacity = 1
25.257400000002235	EXP	show_text: pos = [0,0]
25.257400000002235	EXP	show_text: size = undefined
25.257400000002235	EXP	show_text: text = "asztal"
25.257400000002235	EXP	show_text: font = "Arial"
25.257400000002235	EXP	show_text: color = {"_hex":"#FFFFFF","_rgb":[1,1,1]}
25.257400000002235	EXP	show_text: contrast = 1
25.257400000002235	EXP	show_text: height = 0.2
25.257400000002235	EXP	show_text: bold = false
25.257400000002235	EXP	show_text: italic = false
25.257400000002235	EXP	show_text: alignHoriz = "left"
25.257400000002235	EXP	show_text: alignVert = "center"
25.257400000002235	EXP	show_text: wrapWidth = 1
25.257400000002235	EXP	show_text: flipHoriz = false
25.257400000002235	EXP	show_text: flipVert = false
25.257400000002235	EXP	text: units = "norm"
25.257400000002235	EXP	text: ori = 0
25.257400000002235	EXP	text: opacity = 1
25.257400000002235	EXP	text: pos = [0,0]
25.257400000002235	EXP	text: size = undefined
25.257400000002235	EXP	text: text = "bzsmfsztal"
25.257400000002235	EXP	text: font = "Arial"
25.257400000002235	EXP	text: color = {"_hex":"#FFFFFF","_rgb":[1,1,1]}
25.257400000002235	EXP	text: contrast = 1
25.257400000002235	EXP	text: height = 0.2
25.257400000002235	EXP	text: bold = false
25.257400000002235	EXP	text: italic = false
25.257400000002235	EXP	text: alignHoriz = "left"
25.257400000002235	EXP	text: alignVert = "center"
25.257400000002235	EXP	text: wrapWidth = 1
25.257400000002235	EXP	text: flipHoriz = false
25.257400000002235	EXP	text: flipVert = false
25.257400000002235	EXP	instruction_text3: units = "norm"
25.257400000002235	EXP	instruction_text3: ori = 0
25.257400000002235	EXP	instruction_text3: opacity = 1
25.257400000002235	EXP	instruction_text3: pos = [0,0]
25.257400000002235	EXP	instruction_text3: size = undefined
25.257400000002235	EXP	instruction_text3: text = "Pazar. Most kezdődik az igazi kísérlet. Néhány percig fog tartani. Nem kell nagyon sietnie, de igyekezzen gyorsan válaszolni.\n\nNe feledje, ha tudja, a jobb gombot a jobbkezével, a bal gombot a balkezével nyomja le.\n\nNyomjon meg bármilyen gombot a folytatáshoz."
25.257400000002235	EXP	instruction_text3: font = "Arial"
25.257400000002235	EXP	instruction_text3: color = {"_hex":"#FFFFFF","_rgb":[1,1,1]}
25.257400000002235	EXP	instruction_text3: contrast = 1
25.257400000002235	EXP	instruction_text3: height = 0.1
25.257400000002235	EXP	instruction_text3: bold = false
25.257400000002235	EXP	instruction_text3: italic = false
25.257400000002235	EXP	instruction_text3: alignHoriz = "left"
25.257400000002235	EXP	instruction_text3: alignVert = "center"
25.257400000002235	EXP	instruction_text3: wrapWidth = 1
25.257400000002235	EXP	instruction_text3: flipHoriz = false
25.257400000002235	EXP	instruction_text3: flipVert = false
25.257400000002235	EXP	szo_kiir: units = "norm"
25.257400000002235	EXP	szo_kiir: ori = 0
25.257400000002235	EXP	szo_kiir: opacity = 1
25.257400000002235	EXP	szo_kiir: pos = [0,0]
25.257400000002235	EXP	szo_kiir: size = undefined
25.257400000002235	EXP	szo_kiir: text = "default text"
25.257400000002235	EXP	szo_kiir: font = "Arial"
25.257400000002235	EXP	szo_kiir: color = {"_hex":"#FFFFFF","_rgb":[1,1,1]}
25.257400000002235	EXP	szo_kiir: contrast = 1
25.257400000002235	EXP	szo_kiir: height = 0.2
25.257400000002235	EXP	szo_kiir: bold = false
25.257400000002235	EXP	szo_kiir: italic = false
25.257400000002235	EXP	szo_kiir: alignHoriz = "left"
25.257400000002235	EXP	szo_kiir: alignVert = "center"
25.257400000002235	EXP	szo_kiir: wrapWidth = 1
25.257400000002235	EXP	szo_kiir: flipHoriz = false
25.257400000002235	EXP	szo_kiir: flipVert = false
25.257400000002235	EXP	koszi_szoveg: units = "norm"
25.257400000002235	EXP	koszi_szoveg: ori = 0
25.257400000002235	EXP	koszi_szoveg: opacity = 1
25.257400000002235	EXP	koszi_szoveg: pos = [0,0]
25.257400000002235	EXP	koszi_szoveg: size = undefined
25.257400000002235	EXP	koszi_szoveg: text = "Vége a kísérletnek. Köszönjük a részvételt!"
25.257400000002235	EXP	koszi_szoveg: font = "arial"
25.257400000002235	EXP	koszi_szoveg: color = {"_rgb":[1,1,1]}
25.257400000002235	EXP	koszi_szoveg: contrast = 1
25.257400000002235	EXP	koszi_szoveg: height = 0.1
25.257400000002235	EXP	koszi_szoveg: bold = false
25.257400000002235	EXP	koszi_szoveg: italic = false
25.257400000002235	EXP	koszi_szoveg: alignHoriz = "left"
25.257400000002235	EXP	koszi_szoveg: alignVert = "center"
25.257400000002235	EXP	koszi_szoveg: wrapWidth = 1
25.257400000002235	EXP	koszi_szoveg: flipHoriz = false
25.257400000002235	EXP	koszi_szoveg: flipVert = false
25.257400000002235	EXP	instruction_text1: autoDraw = true
61.85063000000082	DATA	Mouse: 2 button down, pos=(305,632)
62.054359999950975	DATA	Mouse: 2 button down, pos=(305,632)
63.163469999912195	DATA	Mouse: 0 button down, pos=(297,628)
63.32968500000425	DATA	Mouse: 0 button down, pos=(297,628)
65.79351499991026	DATA	Mouse: 2 button down, pos=(297,628)
65.99910999997519	DATA	Mouse: 2 button down, pos=(297,628)
66.92972999997437	DATA	Mouse: 0 button down, pos=(297,628)
67.12757000001147	DATA	Mouse: 0 button down, pos=(297,628)
68.00368999992497	DATA	Keydown: ArrowRight
68.02455999993253	EXP	instruction_text1: autoDraw = false
68.02455999993253	EXP	instruction_text2: autoDraw = true
86.06273999996483	DATA	Mouse: 0 button down, pos=(297,628)
86.24445999995805	DATA	Mouse: 0 button down, pos=(297,628)
86.79272999998648	DATA	Mouse: 0 button down, pos=(297,628)
86.99236499995459	DATA	Mouse: 0 button down, pos=(297,628)
87.6421299999347	DATA	Keydown: ArrowRight
87.65792999998666	EXP	instruction_text2: autoDraw = false
88.19518499996047	EXP	show_text: autoDraw = true
88.90991499996744	DATA	Mouse: 0 button down, pos=(297,628)
92.03195999993477	DATA	Keydown: ArrowRight
92.04059999994934	EXP	show_text: autoDraw = false
92.32442999992054	DATA	Mouse: 0 button down, pos=(297,628)
92.56394499994349	EXP	text: autoDraw = true
93.63115499995183	DATA	Keydown: ArrowLeft
93.68426499993075	EXP	text: autoDraw = false
93.68426499993075	EXP	instruction_text3: autoDraw = true
103.72411499998998	DATA	Keydown: ArrowRight
103.8397249999689	EXP	instruction_text3: autoDraw = false
103.8397249999689	EXP	szo_kiir: color = {"_rgb":[1,1,1]}
103.8397249999689	EXP	szo_kiir: text = "hely"
104.36218499997631	EXP	szo_kiir: autoDraw = true
105.56471999990754	DATA	Keydown: ArrowRight
105.57413999992423	EXP	szo_kiir: autoDraw = false
105.57413999992423	EXP	szo_kiir: color = {"_rgb":[1,1,1]}
105.57413999992423	EXP	szo_kiir: text = "augusztus"
106.09493999998085	EXP	szo_kiir: autoDraw = true
106.77426999993622	DATA	Keydown: ArrowRight
106.8273549999576	EXP	szo_kiir: autoDraw = false
106.8273549999576	EXP	szo_kiir: color = {"_rgb":[1,1,1]}
106.8273549999576	EXP	szo_kiir: text = "cikk"
107.34434499999043	EXP	szo_kiir: autoDraw = true
107.9105349999154	DATA	Keydown: ArrowRight
107.923594999942	EXP	szo_kiir: autoDraw = false
107.923594999942	EXP	szo_kiir: color = {"_rgb":[1,1,1]}
107.923594999942	EXP	szo_kiir: text = "rész"
108.44427499989979	EXP	szo_kiir: autoDraw = true
109.10790999990422	DATA	Keydown: ArrowRight
109.15163499990012	EXP	szo_kiir: autoDraw = false
109.15163499990012	EXP	szo_kiir: color = {"_rgb":[1,1,1]}
109.15163499990012	EXP	szo_kiir: text = "perilita"
109.65975999995135	EXP	szo_kiir: autoDraw = true
110.57910500001162	DATA	Keydown: ArrowLeft
110.58947999996599	EXP	szo_kiir: autoDraw = false
110.58947999996599	EXP	szo_kiir: color = {"_rgb":[1,1,1]}
110.58947999996599	EXP	szo_kiir: text = "eszköz"
111.11345499998424	EXP	szo_kiir: autoDraw = true
111.62663999991491	DATA	Keydown: ArrowRight
111.68679999990854	EXP	szo_kiir: autoDraw = false
111.68679999990854	EXP	szo_kiir: color = {"_rgb":[1,1,1]}
111.68679999990854	EXP	szo_kiir: text = "lokkolhat"
112.19308999995701	EXP	szo_kiir: autoDraw = true
113.71109499991871	DATA	Keydown: ArrowLeft
113.72172499995213	EXP	szo_kiir: autoDraw = false
113.72172499995213	EXP	szo_kiir: color = {"_rgb":[1,1,1]}
113.72172499995213	EXP	szo_kiir: text = "kész"
114.24163499998394	EXP	szo_kiir: autoDraw = true
114.81276000000071	DATA	Keydown: ArrowRight
114.83608999999706	EXP	szo_kiir: autoDraw = false
114.83608999999706	EXP	szo_kiir: color = {"_rgb":[1,1,1]}
114.83608999999706	EXP	szo_kiir: text = "késetetély"
115.3418749999255	EXP	szo_kiir: autoDraw = true
117.42411499994341	DATA	Keydown: ArrowLeft
117.43826999992598	EXP	szo_kiir: autoDraw = false
117.43826999992598	EXP	szo_kiir: color = {"_rgb":[1,1,1]}
117.43826999992598	EXP	szo_kiir: text = "hiányzik"
117.96033999999054	EXP	szo_kiir: autoDraw = true
118.5395149999531	DATA	Keydown: ArrowRight
118.56970999995247	EXP	szo_kiir: autoDraw = false
118.56970999995247	EXP	szo_kiir: color = {"_rgb":[1,1,1]}
118.56970999995247	EXP	szo_kiir: text = "üveg"
119.07661499991082	EXP	szo_kiir: autoDraw = true
119.55617499991786	DATA	Keydown: ArrowRight
119.57120000000577	EXP	szo_kiir: autoDraw = false
119.57120000000577	EXP	szo_kiir: color = {"_rgb":[1,1,1]}
119.57120000000577	EXP	szo_kiir: text = "terjed"
120.09318500000518	EXP	szo_kiir: autoDraw = true
120.65655999991577	DATA	Keydown: ArrowRight
120.68953999993391	EXP	szo_kiir: autoDraw = false
120.68953999993391	EXP	szo_kiir: color = {"_rgb":[1,1,1]}
120.68953999993391	EXP	szo_kiir: text = "holland"
121.2082099999534	EXP	szo_kiir: autoDraw = true
121.92570499994326	DATA	Keydown: ArrowRight
121.93773999996483	EXP	szo_kiir: autoDraw = false
121.93773999996483	EXP	szo_kiir: color = {"_rgb":[1,1,1]}
121.93773999996483	EXP	szo_kiir: text = "vagyon"
122.45773999998346	EXP	szo_kiir: autoDraw = true
122.9051899999613	DATA	Keydown: ArrowRight
122.93945999990683	EXP	szo_kiir: autoDraw = false
122.93945999990683	EXP	szo_kiir: color = {"_rgb":[1,1,1]}
122.93945999990683	EXP	szo_kiir: text = "kollektív"
123.45879999990575	EXP	szo_kiir: autoDraw = true
123.96106000000145	DATA	Keydown: ArrowRight
123.9713299999712	EXP	szo_kiir: autoDraw = false
123.9713299999712	EXP	szo_kiir: color = {"_rgb":[1,1,1]}
123.9713299999712	EXP	szo_kiir: text = "figyelem"
124.49125999992248	EXP	szo_kiir: autoDraw = true
124.91594499989878	DATA	Keydown: ArrowRight
124.94728500000201	EXP	szo_kiir: autoDraw = false
124.94728500000201	EXP	szo_kiir: color = {"_rgb":[1,1,1]}
124.94728500000201	EXP	szo_kiir: text = "vízgyűlő"
125.45995499996934	EXP	szo_kiir: autoDraw = true
125.95658499991987	DATA	Keydown: ArrowRight
125.97186499997042	EXP	szo_kiir: autoDraw = false
125.97186499997042	EXP	szo_kiir: color = {"_rgb":[1,1,1]}
125.97186499997042	EXP	szo_kiir: text = "különbözik"
126.49229500000365	EXP	szo_kiir: autoDraw = true
127.2010799999116	DATA	Keydown: ArrowRight
127.20609999995213	EXP	szo_kiir: autoDraw = false
127.20609999995213	EXP	szo_kiir: color = {"_rgb":[1,1,1]}
127.20609999995213	EXP	szo_kiir: text = "nagyméretű"
127.725540000014	EXP	szo_kiir: autoDraw = true
128.35945499991067	DATA	Keydown: ArrowRight
128.3857699999353	EXP	szo_kiir: autoDraw = false
128.3857699999353	EXP	szo_kiir: color = {"_rgb":[1,1,1]}
128.3857699999353	EXP	szo_kiir: text = "sokoldalú"
128.89186500001233	EXP	szo_kiir: autoDraw = true
129.45504999998957	DATA	Keydown: ArrowRight
129.47063499991782	EXP	szo_kiir: autoDraw = false
129.47063499991782	EXP	szo_kiir: color = {"_rgb":[1,1,1]}
129.47063499991782	EXP	szo_kiir: text = "minimálbér"
129.9916549999034	EXP	szo_kiir: autoDraw = true
131.32236999995075	DATA	Keydown: ArrowRight
131.35222000000067	EXP	szo_kiir: autoDraw = false
131.35222000000067	EXP	szo_kiir: color = {"_rgb":[1,1,1]}
131.35222000000067	EXP	szo_kiir: text = "fényképezőgép"
131.85867999994662	EXP	szo_kiir: autoDraw = true
132.62643999990541	DATA	Keydown: ArrowRight
132.63780999998562	EXP	szo_kiir: autoDraw = false
132.63780999998562	EXP	szo_kiir: color = {"_rgb":[1,1,1]}
132.63780999998562	EXP	szo_kiir: text = "bolgár"
133.15748499997426	EXP	szo_kiir: autoDraw = true
134.27265499997884	DATA	Keydown: ArrowLeft
134.28729999996722	EXP	szo_kiir: autoDraw = false
134.28729999996722	EXP	szo_kiir: color = {"_rgb":[1,1,1]}
134.28729999996722	EXP	szo_kiir: text = "kalcium"
134.80747999995947	EXP	szo_kiir: autoDraw = true
136.70864500000607	DATA	Keydown: ArrowLeft
136.72058500000276	EXP	szo_kiir: autoDraw = false
136.72058500000276	EXP	szo_kiir: color = {"_rgb":[1,1,1]}
136.72058500000276	EXP	szo_kiir: text = "szelíd"
137.24060499994084	EXP	szo_kiir: autoDraw = true
138.29273499990813	DATA	Keydown: ArrowRight
138.31920499994885	EXP	szo_kiir: autoDraw = false
138.31920499994885	EXP	szo_kiir: color = {"_rgb":[1,1,1]}
138.31920499994885	EXP	szo_kiir: text = "homok"
138.83997999993153	EXP	szo_kiir: autoDraw = true
139.30525500001386	DATA	Keydown: ArrowRight
139.32057499990333	EXP	szo_kiir: autoDraw = false
139.32057499990333	EXP	szo_kiir: color = {"_rgb":[1,1,1]}
139.32057499990333	EXP	szo_kiir: text = "klassz"
139.840029999963	EXP	szo_kiir: autoDraw = true
140.3966650000075	DATA	Keydown: ArrowRight
140.41932999994606	EXP	szo_kiir: autoDraw = false
140.41932999994606	EXP	szo_kiir: color = {"_rgb":[1,1,1]}
140.41932999994606	EXP	szo_kiir: text = "búcsú"
140.94057499989867	EXP	szo_kiir: autoDraw = true
141.40896499995142	DATA	Keydown: ArrowRight
141.42061999998987	EXP	szo_kiir: autoDraw = false
141.42061999998987	EXP	szo_kiir: color = {"_rgb":[1,1,1]}
141.42061999998987	EXP	szo_kiir: text = "turné"
141.93996999994852	EXP	szo_kiir: autoDraw = true
142.59220499999356	DATA	Keydown: ArrowRight
142.62205999996513	EXP	szo_kiir: autoDraw = false
142.62205999996513	EXP	szo_kiir: color = {"_rgb":[1,1,1]}
142.62205999996513	EXP	szo_kiir: text = "gyógyszerész"
143.1413300000131	EXP	szo_kiir: autoDraw = true
143.85599999991246	DATA	Keydown: ArrowRight
143.8703749999404	EXP	szo_kiir: autoDraw = false
143.8703749999404	EXP	szo_kiir: color = {"_rgb":[1,1,1]}
143.8703749999404	EXP	szo_kiir: text = "majom"
144.38837499998044	EXP	szo_kiir: autoDraw = true
144.93813499994576	DATA	Keydown: ArrowRight
144.9707149999449	EXP	szo_kiir: autoDraw = false
144.9707149999449	EXP	szo_kiir: color = {"_rgb":[1,1,1]}
144.9707149999449	EXP	szo_kiir: text = "pálódás"
145.49049999995623	EXP	szo_kiir: autoDraw = true
146.65973499999382	DATA	Keydown: ArrowLeft
146.6701699999394	EXP	szo_kiir: autoDraw = false
146.6701699999394	EXP	szo_kiir: color = {"_rgb":[1,1,1]}
146.6701699999394	EXP	szo_kiir: text = "tajtásos"
147.18999499990605	EXP	szo_kiir: autoDraw = true
148.5983399999095	DATA	Keydown: ArrowLeft
148.61919499991927	EXP	szo_kiir: autoDraw = false
148.61919499991927	EXP	szo_kiir: color = {"_rgb":[1,1,1]}
148.61919499991927	EXP	szo_kiir: text = "munkálkodik"
149.14017499994952	EXP	szo_kiir: autoDraw = true
149.8806399999885	DATA	Keydown: ArrowRight
149.88626499997918	EXP	szo_kiir: autoDraw = false
149.88626499997918	EXP	szo_kiir: color = {"_rgb":[1,1,1]}
149.88626499997918	EXP	szo_kiir: text = "pók"
150.40636999998242	EXP	szo_kiir: autoDraw = true
150.89740499993786	DATA	Keydown: ArrowRight
150.9237199999625	EXP	szo_kiir: autoDraw = false
150.9237199999625	EXP	szo_kiir: color = {"_rgb":[1,1,1]}
150.9237199999625	EXP	szo_kiir: text = "horizont"
151.43951999989804	EXP	szo_kiir: autoDraw = true
152.13971499993932	DATA	Keydown: ArrowRight
152.1527599999681	EXP	szo_kiir: autoDraw = false
152.1527599999681	EXP	szo_kiir: color = {"_rgb":[1,1,1]}
152.1527599999681	EXP	szo_kiir: text = "kán"
152.67313000001013	EXP	szo_kiir: autoDraw = true
153.13809999998193	DATA	Keydown: ArrowRight
153.18678499991074	EXP	szo_kiir: autoDraw = false
153.18678499991074	EXP	szo_kiir: color = {"_rgb":[1,1,1]}
153.18678499991074	EXP	szo_kiir: text = "bacon"
153.705719999969	EXP	szo_kiir: autoDraw = true
155.1217750000069	DATA	Keydown: ArrowRight
155.1361349999206	EXP	szo_kiir: autoDraw = false
155.1361349999206	EXP	szo_kiir: color = {"_rgb":[1,1,1]}
155.1361349999206	EXP	szo_kiir: text = "szivalka"
155.65609999990556	EXP	szo_kiir: autoDraw = true
156.6484149999451	DATA	Keydown: ArrowLeft
156.66534999990836	EXP	szo_kiir: autoDraw = false
156.66534999990836	EXP	szo_kiir: color = {"_rgb":[1,1,1]}
156.66534999990836	EXP	szo_kiir: text = "köztett"
157.17552499996964	EXP	szo_kiir: autoDraw = true
158.337835000013	DATA	Keydown: ArrowLeft
158.35376500000712	EXP	szo_kiir: autoDraw = false
158.35376500000712	EXP	szo_kiir: color = {"_rgb":[1,1,1]}
158.35376500000712	EXP	szo_kiir: text = "fennsík"
158.8734299999196	EXP	szo_kiir: autoDraw = true
159.5656350000063	DATA	Keydown: ArrowRight
159.58324499998707	EXP	szo_kiir: autoDraw = false
159.58324499998707	EXP	szo_kiir: color = {"_rgb":[1,1,1]}
159.58324499998707	EXP	szo_kiir: text = "stádium"
160.08914499997627	EXP	szo_kiir: autoDraw = true
160.87076499999966	DATA	Keydown: ArrowRight
160.8857549999375	EXP	szo_kiir: autoDraw = false
160.8857549999375	EXP	szo_kiir: color = {"_rgb":[1,1,1]}
160.8857549999375	EXP	szo_kiir: text = "ötvöződik"
161.40639499993995	EXP	szo_kiir: autoDraw = true
162.5710699999472	DATA	Keydown: ArrowRight
162.5975599999074	EXP	szo_kiir: autoDraw = false
162.5975599999074	EXP	szo_kiir: color = {"_rgb":[1,1,1]}
162.5975599999074	EXP	szo_kiir: text = "alárdonos"
163.10583499993663	EXP	szo_kiir: autoDraw = true
164.20977999991737	DATA	Keydown: ArrowLeft
164.2192550000036	EXP	szo_kiir: autoDraw = false
164.2192550000036	EXP	szo_kiir: color = {"_rgb":[1,1,1]}
164.2192550000036	EXP	szo_kiir: text = "embertömeg"
164.73936000000685	EXP	szo_kiir: autoDraw = true
165.78059499990195	DATA	Keydown: ArrowRight
165.79723999998532	EXP	szo_kiir: autoDraw = false
165.79723999998532	EXP	szo_kiir: color = {"_rgb":[1,1,1]}
165.79723999998532	EXP	szo_kiir: text = "piktogram"
166.30571999994572	EXP	szo_kiir: autoDraw = true
166.9975250000134	DATA	Keydown: ArrowRight
167.0026599999983	EXP	szo_kiir: autoDraw = false
167.0026599999983	EXP	szo_kiir: color = {"_rgb":[1,1,1]}
167.0026599999983	EXP	szo_kiir: text = "vetézmés"
167.52236999990419	EXP	szo_kiir: autoDraw = true
168.77090000000317	DATA	Keydown: ArrowLeft
168.7969199999934	EXP	szo_kiir: autoDraw = false
168.7969199999934	EXP	szo_kiir: color = {"_rgb":[1,1,1]}
168.7969199999934	EXP	szo_kiir: text = "nagyfejedelem"
169.30579000001308	EXP	szo_kiir: autoDraw = true
170.15691499994136	DATA	Keydown: ArrowRight
170.16911499993876	EXP	szo_kiir: autoDraw = false
170.16911499993876	EXP	szo_kiir: color = {"_rgb":[1,1,1]}
170.16911499993876	EXP	szo_kiir: text = "kopp"
170.6889449999435	EXP	szo_kiir: autoDraw = true
171.64549999998417	DATA	Keydown: ArrowRight
171.66448999999557	EXP	szo_kiir: autoDraw = false
171.66448999999557	EXP	szo_kiir: color = {"_rgb":[1,1,1]}
171.66448999999557	EXP	szo_kiir: text = "grancs"
172.1717499999795	EXP	szo_kiir: autoDraw = true
173.13674499990884	DATA	Keydown: ArrowLeft
173.1523149999557	EXP	szo_kiir: autoDraw = false
173.1523149999557	EXP	szo_kiir: color = {"_rgb":[1,1,1]}
173.1523149999557	EXP	szo_kiir: text = "szennyeződik"
173.67206999997143	EXP	szo_kiir: autoDraw = true
174.37033999990672	DATA	Keydown: ArrowRight
174.40050999994855	EXP	szo_kiir: autoDraw = false
174.40050999994855	EXP	szo_kiir: color = {"_rgb":[1,1,1]}
174.40050999994855	EXP	szo_kiir: text = "komolyodik"
174.90562500001397	EXP	szo_kiir: autoDraw = true
175.6436499999836	DATA	Keydown: ArrowRight
175.65176999999676	EXP	szo_kiir: autoDraw = false
175.65176999999676	EXP	szo_kiir: color = {"_rgb":[1,1,1]}
175.65176999999676	EXP	szo_kiir: text = "megalitikus"
176.17196999990847	EXP	szo_kiir: autoDraw = true
177.05650999990758	DATA	Keydown: ArrowLeft
177.06874999997672	EXP	szo_kiir: autoDraw = false
177.06874999997672	EXP	szo_kiir: color = {"_rgb":[1,1,1]}
177.06874999997672	EXP	szo_kiir: text = "tokmány"
177.58825999998953	EXP	szo_kiir: autoDraw = true
178.5396699999692	DATA	Keydown: ArrowLeft
178.55209000001196	EXP	szo_kiir: autoDraw = false
178.55209000001196	EXP	szo_kiir: color = {"_rgb":[1,1,1]}
178.55209000001196	EXP	szo_kiir: text = "hunfai"
179.0716249999823	EXP	szo_kiir: autoDraw = true
179.7279349999735	DATA	Keydown: ArrowLeft
179.74668499990366	EXP	szo_kiir: autoDraw = false
179.74668499990366	EXP	szo_kiir: color = {"_rgb":[1,1,1]}
179.74668499990366	EXP	szo_kiir: text = "konfirki"
180.25540999998339	EXP	szo_kiir: autoDraw = true
181.22148999990895	DATA	Keydown: ArrowLeft
181.2358349999413	EXP	szo_kiir: autoDraw = false
181.2358349999413	EXP	szo_kiir: color = {"_rgb":[1,1,1]}
181.2358349999413	EXP	szo_kiir: text = "dermeszt"
181.75503999996	EXP	szo_kiir: autoDraw = true
182.90416999999434	DATA	Keydown: ArrowRight
182.93808499991428	EXP	szo_kiir: autoDraw = false
182.93808499991428	EXP	szo_kiir: color = {"_rgb":[1,1,1]}
182.93808499991428	EXP	szo_kiir: text = "lemesség"
183.45542000001296	EXP	szo_kiir: autoDraw = true
184.47597499995027	DATA	Keydown: ArrowLeft
184.48425999993924	EXP	szo_kiir: autoDraw = false
184.48425999993924	EXP	szo_kiir: color = {"_rgb":[1,1,1]}
184.48425999993924	EXP	szo_kiir: text = "fegyvergyár"
185.00477999995928	EXP	szo_kiir: autoDraw = true
185.85264999989886	DATA	Keydown: ArrowRight
185.88006499991752	EXP	szo_kiir: autoDraw = false
185.88006499991752	EXP	szo_kiir: color = {"_rgb":[1,1,1]}
185.88006499991752	EXP	szo_kiir: text = "kistányér"
186.38768499996513	EXP	szo_kiir: autoDraw = true
187.22138499992434	DATA	Keydown: ArrowRight
187.23515500000212	EXP	szo_kiir: autoDraw = false
187.23515500000212	EXP	szo_kiir: color = {"_rgb":[1,1,1]}
187.23515500000212	EXP	szo_kiir: text = "felharmonikus"
187.75492499989923	EXP	szo_kiir: autoDraw = true
189.2531350000063	DATA	Keydown: ArrowLeft
189.2682349999668	EXP	szo_kiir: autoDraw = false
189.2682349999668	EXP	szo_kiir: color = {"_rgb":[1,1,1]}
189.2682349999668	EXP	szo_kiir: text = "martalóc"
189.7878250000067	EXP	szo_kiir: autoDraw = true
191.00263499992434	DATA	Keydown: ArrowRight
191.0428649999667	EXP	szo_kiir: autoDraw = false
191.0428649999667	EXP	szo_kiir: color = {"_rgb":[1,1,1]}
191.0428649999667	EXP	szo_kiir: text = "illatlansz"
191.5549699999392	EXP	szo_kiir: autoDraw = true
192.59429499995895	DATA	Keydown: ArrowLeft
192.60188500001095	EXP	szo_kiir: autoDraw = false
192.60188500001095	EXP	szo_kiir: color = {"_rgb":[1,1,1]}
192.60188500001095	EXP	szo_kiir: text = "tárgylemez"
193.12191999994684	EXP	szo_kiir: autoDraw = true
193.77547999995295	DATA	Keydown: ArrowRight
193.80127499997616	EXP	szo_kiir: autoDraw = false
193.80127499997616	EXP	szo_kiir: color = {"_rgb":[1,1,1]}
193.80127499997616	EXP	szo_kiir: text = "pallérozódik"
194.3209199999692	EXP	szo_kiir: autoDraw = true
195.33613499999046	DATA	Keydown: ArrowLeft
195.3512749999063	EXP	szo_kiir: autoDraw = false
195.3512749999063	EXP	szo_kiir: color = {"_rgb":[1,1,1]}
195.3512749999063	EXP	szo_kiir: text = "szidalom"
195.8715450000018	EXP	szo_kiir: autoDraw = true
196.97009499999695	DATA	Keydown: ArrowRight
196.98499499994796	EXP	szo_kiir: autoDraw = false
196.98499499994796	EXP	szo_kiir: color = {"_rgb":[1,1,1]}
196.98499499994796	EXP	szo_kiir: text = "bóbiskol"
197.50516999990214	EXP	szo_kiir: autoDraw = true
198.20444000000134	DATA	Keydown: ArrowRight
198.23157999990508	EXP	szo_kiir: autoDraw = false
198.23157999990508	EXP	szo_kiir: color = {"_rgb":[1,1,1]}
198.23157999990508	EXP	szo_kiir: text = "kanalaz"
198.7374800000107	EXP	szo_kiir: autoDraw = true
199.70213499991223	DATA	Keydown: ArrowRight
199.71752999990713	EXP	szo_kiir: autoDraw = false
199.71752999990713	EXP	szo_kiir: color = {"_rgb":[1,1,1]}
199.71752999990713	EXP	szo_kiir: text = "adszorbens"
200.23709999991115	EXP	szo_kiir: autoDraw = true
201.0625	DATA	Keydown: ArrowLeft
201.06763999990653	EXP	szo_kiir: autoDraw = false
201.06763999990653	EXP	szo_kiir: color = {"_rgb":[1,1,1]}
201.06763999990653	EXP	szo_kiir: text = "söröspohár"
201.58748499990907	EXP	szo_kiir: autoDraw = true
202.40629999991506	DATA	Keydown: ArrowRight
202.42855499999132	EXP	szo_kiir: autoDraw = false
202.42855499999132	EXP	szo_kiir: color = {"_rgb":[1,1,1]}
202.42855499999132	EXP	szo_kiir: text = "szulfit"
202.93719999992754	EXP	szo_kiir: autoDraw = true
203.8524749999633	DATA	Keydown: ArrowRight
203.86746499990113	EXP	szo_kiir: autoDraw = false
203.86746499990113	EXP	szo_kiir: color = {"_rgb":[1,1,1]}
203.86746499990113	EXP	szo_kiir: text = "szupraindividuális"
204.38743499992415	EXP	szo_kiir: autoDraw = true
205.77325500000734	DATA	Keydown: ArrowLeft
205.78414499992505	EXP	szo_kiir: autoDraw = false
205.78414499992505	EXP	szo_kiir: color = {"_rgb":[1,1,1]}
205.78414499992505	EXP	szo_kiir: text = "takaréktűzhely"
206.30353999999352	EXP	szo_kiir: autoDraw = true
207.24581499991473	DATA	Keydown: ArrowRight
207.26859499991406	EXP	szo_kiir: autoDraw = false
207.26859499991406	EXP	szo_kiir: color = {"_rgb":[1,1,1]}
207.26859499991406	EXP	szo_kiir: text = "lapockacsont"
207.78652999992482	EXP	szo_kiir: autoDraw = true
208.7279199999757	DATA	Keydown: ArrowRight
208.73382500000298	EXP	szo_kiir: autoDraw = false
208.73382500000298	EXP	szo_kiir: color = {"_rgb":[1,1,1]}
208.73382500000298	EXP	szo_kiir: text = "gerencsér"
209.25353499990888	EXP	szo_kiir: autoDraw = true
210.55670499999542	DATA	Keydown: ArrowRight
210.5810899999924	EXP	szo_kiir: autoDraw = false
210.5810899999924	EXP	szo_kiir: color = {"_rgb":[1,1,1]}
210.5810899999924	EXP	szo_kiir: text = "asszonánc"
211.08689999999478	EXP	szo_kiir: autoDraw = true
212.45136499998625	DATA	Keydown: ArrowRight
212.4671649999218	EXP	szo_kiir: autoDraw = false
212.4671649999218	EXP	szo_kiir: color = {"_rgb":[1,1,1]}
212.4671649999218	EXP	szo_kiir: text = "gyíkfű"
212.98668999993242	EXP	szo_kiir: autoDraw = true
213.6516999999294	DATA	Keydown: ArrowRight
213.68102499993984	EXP	szo_kiir: autoDraw = false
213.68102499993984	EXP	szo_kiir: color = {"_rgb":[1,1,1]}
213.68102499993984	EXP	szo_kiir: text = "kultúrállam"
214.1869749999605	EXP	szo_kiir: autoDraw = true
214.88592499995138	DATA	Keydown: ArrowRight
214.89987999992445	EXP	szo_kiir: autoDraw = false
214.89987999992445	EXP	szo_kiir: color = {"_rgb":[1,1,1]}
214.89987999992445	EXP	szo_kiir: text = "krákfai"
215.4191249998985	EXP	szo_kiir: autoDraw = true
216.85570999991614	DATA	Keydown: ArrowLeft
216.8825249999063	EXP	szo_kiir: autoDraw = false
216.8825249999063	EXP	szo_kiir: color = {"_rgb":[1,1,1]}
216.8825249999063	EXP	szo_kiir: text = "gyakornokoskodik"
217.40658499998972	EXP	szo_kiir: autoDraw = true
218.30183000001125	DATA	Keydown: ArrowRight
218.31780499999877	EXP	szo_kiir: autoDraw = false
218.31780499999877	EXP	szo_kiir: color = {"_rgb":[1,1,1]}
218.31780499999877	EXP	szo_kiir: text = "terpad"
218.83719499991275	EXP	szo_kiir: autoDraw = true
220.35145499999635	DATA	Keydown: ArrowLeft
220.37911999993958	EXP	szo_kiir: autoDraw = false
220.37911999993958	EXP	szo_kiir: color = {"_rgb":[1,1,1]}
220.37911999993958	EXP	szo_kiir: text = "dokozotty"
220.8861549999565	EXP	szo_kiir: autoDraw = true
222.00832999998238	DATA	Keydown: ArrowLeft
222.01627999998163	EXP	szo_kiir: autoDraw = false
222.01627999998163	EXP	szo_kiir: color = {"_rgb":[1,1,1]}
222.01627999998163	EXP	szo_kiir: text = "bouillon"
222.53622000000905	EXP	szo_kiir: autoDraw = true
223.23826499993447	DATA	Keydown: ArrowLeft
223.24966500001028	EXP	szo_kiir: autoDraw = false
223.24966500001028	EXP	szo_kiir: color = {"_rgb":[1,1,1]}
223.24966500001028	EXP	szo_kiir: text = "abeti"
223.7690350000048	EXP	szo_kiir: autoDraw = true
224.5111549999565	DATA	Keydown: ArrowLeft
224.53545500000473	EXP	szo_kiir: autoDraw = false
224.53545500000473	EXP	szo_kiir: color = {"_rgb":[1,1,1]}
224.53545500000473	EXP	szo_kiir: text = "kelől"
225.0530349999899	EXP	szo_kiir: autoDraw = true
226.33463999989908	DATA	Keydown: ArrowLeft
226.34942999994382	EXP	szo_kiir: autoDraw = false
226.34942999994382	EXP	szo_kiir: color = {"_rgb":[1,1,1]}
226.34942999994382	EXP	szo_kiir: text = "buherál"
226.86906499997713	EXP	szo_kiir: autoDraw = true
227.88477499992587	DATA	Keydown: ArrowRight
227.91641499998514	EXP	szo_kiir: autoDraw = false
227.91641499998514	EXP	szo_kiir: color = {"_rgb":[1,1,1]}
227.91641499998514	EXP	szo_kiir: text = "pósfalmár"
228.43544999998994	EXP	szo_kiir: autoDraw = true
229.75367499992717	DATA	Keydown: ArrowLeft
229.7662549999077	EXP	szo_kiir: autoDraw = false
229.7662549999077	EXP	szo_kiir: color = {"_rgb":[1,1,1]}
229.7662549999077	EXP	szo_kiir: text = "bőujjú"
230.2854599999264	EXP	szo_kiir: autoDraw = true
231.1388699999079	DATA	Keydown: ArrowRight
231.163559999899	EXP	szo_kiir: autoDraw = false
231.163559999899	EXP	szo_kiir: color = {"_rgb":[1,1,1]}
231.163559999899	EXP	szo_kiir: text = "inta"
231.6685249999864	EXP	szo_kiir: autoDraw = true
232.61108999990392	DATA	Keydown: ArrowLeft
232.61629999999423	EXP	szo_kiir: autoDraw = false
232.61629999999423	EXP	szo_kiir: color = {"_rgb":[1,1,1]}
232.61629999999423	EXP	szo_kiir: text = "fenőszíj"
233.13594499998726	EXP	szo_kiir: autoDraw = true
234.40108999994118	DATA	Keydown: ArrowRight
234.42975000001024	EXP	szo_kiir: autoDraw = false
234.42975000001024	EXP	szo_kiir: color = {"_rgb":[1,1,1]}
234.42975000001024	EXP	szo_kiir: text = "hidegház"
234.93551999994088	EXP	szo_kiir: autoDraw = true
235.6753000000026	DATA	Keydown: ArrowRight
235.68223499995656	EXP	szo_kiir: autoDraw = false
235.68223499995656	EXP	szo_kiir: color = {"_rgb":[1,1,1]}
235.68223499995656	EXP	szo_kiir: text = "piszkosodik"
236.20202999992762	EXP	szo_kiir: autoDraw = true
237.83389000000898	DATA	Keydown: ArrowRight
237.8646449999651	EXP	szo_kiir: autoDraw = false
237.8646449999651	EXP	szo_kiir: color = {"_rgb":[1,1,1]}
237.8646449999651	EXP	szo_kiir: text = "keserűgyökér"
238.38563999999315	EXP	szo_kiir: autoDraw = true
239.36845999991056	DATA	Keydown: ArrowRight
239.3820049999049	EXP	szo_kiir: autoDraw = false
239.3820049999049	EXP	szo_kiir: color = {"_rgb":[1,1,1]}
239.3820049999049	EXP	szo_kiir: text = "heliotropizmus"
239.90293999994174	EXP	szo_kiir: autoDraw = true
242.28953499998897	DATA	Keydown: ArrowLeft
242.30006499995943	EXP	szo_kiir: autoDraw = false
242.30006499995943	EXP	szo_kiir: color = {"_rgb":[1,1,1]}
242.30006499995943	EXP	szo_kiir: text = "sűrítható"
242.81851499993354	EXP	szo_kiir: autoDraw = true
244.471344999969	DATA	Keydown: ArrowLeft
244.49378499994054	EXP	szo_kiir: autoDraw = false
244.49378499994054	EXP	szo_kiir: color = {"_rgb":[1,1,1]}
244.49378499994054	EXP	szo_kiir: text = "homoktölcsér"
245.00189499999397	EXP	szo_kiir: autoDraw = true
245.91950999991968	DATA	Keydown: ArrowRight
245.93200999998953	EXP	szo_kiir: autoDraw = false
245.93200999998953	EXP	szo_kiir: color = {"_rgb":[1,1,1]}
245.93200999998953	EXP	szo_kiir: text = "frakcionál"
246.4520649999613	EXP	szo_kiir: autoDraw = true
248.45010999997612	DATA	Keydown: ArrowRight
248.47902500000782	EXP	szo_kiir: autoDraw = false
248.47902500000782	EXP	szo_kiir: color = {"_rgb":[1,1,1]}
248.47902500000782	EXP	szo_kiir: text = "cugehőr"
248.98519999999553	EXP	szo_kiir: autoDraw = true
249.82325999997556	DATA	Keydown: ArrowLeft
249.83153999992646	EXP	szo_kiir: autoDraw = false
249.83153999992646	EXP	szo_kiir: color = {"_rgb":[1,1,1]}
249.83153999992646	EXP	szo_kiir: text = "hajcsárkodik"
250.35306499991566	EXP	szo_kiir: autoDraw = true
251.22216999996454	DATA	Keydown: ArrowRight
251.23193000000902	EXP	szo_kiir: autoDraw = false
251.23193000000902	EXP	szo_kiir: color = {"_rgb":[1,1,1]}
251.23193000000902	EXP	szo_kiir: text = "eretnek"
251.7509499998996	EXP	szo_kiir: autoDraw = true
252.45357499993406	DATA	Keydown: ArrowRight
252.4792249999009	EXP	szo_kiir: autoDraw = false
252.4792249999009	EXP	szo_kiir: color = {"_rgb":[1,1,1]}
252.4792249999009	EXP	szo_kiir: text = "embertelenedik"
252.98511000000872	EXP	szo_kiir: autoDraw = true
253.75027999992017	DATA	Keydown: ArrowRight
253.76525999989826	EXP	szo_kiir: autoDraw = false
253.76525999989826	EXP	szo_kiir: color = {"_rgb":[1,1,1]}
253.76525999989826	EXP	szo_kiir: text = "garn"
254.28461999993306	EXP	szo_kiir: autoDraw = true
255.04931999999098	DATA	Keydown: ArrowLeft
255.079919999931	EXP	szo_kiir: autoDraw = false
255.079919999931	EXP	szo_kiir: color = {"_rgb":[1,1,1]}
255.079919999931	EXP	szo_kiir: text = "pauzál"
255.58404999994673	EXP	szo_kiir: autoDraw = true
256.6662350000115	DATA	Keydown: ArrowLeft
256.68140999996103	EXP	szo_kiir: autoDraw = false
256.68140999996103	EXP	szo_kiir: color = {"_rgb":[1,1,1]}
256.68140999996103	EXP	szo_kiir: text = "szervusz"
257.20100000000093	EXP	szo_kiir: autoDraw = true
257.83687499992084	DATA	Keydown: ArrowRight
257.84930499992333	EXP	szo_kiir: autoDraw = false
257.84930499992333	EXP	szo_kiir: color = {"_rgb":[1,1,1]}
257.84930499992333	EXP	szo_kiir: text = "elcsigázódik"
258.368610000005	EXP	szo_kiir: autoDraw = true
259.1676199999638	DATA	Keydown: ArrowRight
259.19351499993354	EXP	szo_kiir: autoDraw = false
259.19351499993354	EXP	szo_kiir: color = {"_rgb":[1,1,1]}
259.19351499993354	EXP	szo_kiir: text = "hantáz"
259.70418000000063	EXP	szo_kiir: autoDraw = true
260.59164999995846	DATA	Keydown: ArrowLeft
260.59859499998856	EXP	szo_kiir: autoDraw = false
260.59859499998856	EXP	szo_kiir: color = {"_rgb":[1,1,1]}
260.59859499998856	EXP	szo_kiir: text = "spiritualizál"
261.118284999975	EXP	szo_kiir: autoDraw = true
261.93570999999065	DATA	Keydown: ArrowRight
261.94906000001356	EXP	szo_kiir: autoDraw = false
261.94906000001356	EXP	szo_kiir: color = {"_rgb":[1,1,1]}
261.94906000001356	EXP	szo_kiir: text = "disszertál"
262.46815999993123	EXP	szo_kiir: autoDraw = true
263.53552999999374	DATA	Keydown: ArrowRight
263.5638999999501	EXP	szo_kiir: autoDraw = false
263.5638999999501	EXP	szo_kiir: color = {"_rgb":[1,1,1]}
263.5638999999501	EXP	szo_kiir: text = "antra"
264.0837599999504	EXP	szo_kiir: autoDraw = true
264.88280999998096	DATA	Keydown: ArrowLeft
264.89778999995906	EXP	szo_kiir: autoDraw = false
264.89778999995906	EXP	szo_kiir: color = {"_rgb":[1,1,1]}
264.89778999995906	EXP	szo_kiir: text = "szélmalomszárny"
265.4175899999682	EXP	szo_kiir: autoDraw = true
266.8705099999206	DATA	Keydown: ArrowRight
266.8948499999242	EXP	szo_kiir: autoDraw = false
266.8948499999242	EXP	szo_kiir: color = {"_rgb":[1,1,1]}
266.8948499999242	EXP	szo_kiir: text = "inspekcióz"
267.40088500001	EXP	szo_kiir: autoDraw = true
268.517094999901	DATA	Keydown: ArrowLeft
268.53073499992024	EXP	szo_kiir: autoDraw = false
268.53073499992024	EXP	szo_kiir: color = {"_rgb":[1,1,1]}
268.53073499992024	EXP	szo_kiir: text = "köszörűsműhely"
269.05067499994766	EXP	szo_kiir: autoDraw = true
271.11560499994084	DATA	Keydown: ArrowRight
271.1304349999409	EXP	szo_kiir: autoDraw = false
271.1304349999409	EXP	szo_kiir: color = {"_rgb":[1,1,1]}
271.1304349999409	EXP	szo_kiir: text = "nyüvök"
271.65081999998074	EXP	szo_kiir: autoDraw = true
272.6320699999342	DATA	Keydown: ArrowLeft
272.6474450000096	EXP	szo_kiir: autoDraw = false
272.6474450000096	EXP	szo_kiir: color = {"_rgb":[1,1,1]}
272.6474450000096	EXP	szo_kiir: text = "tetvetlenít"
273.16732000000775	EXP	szo_kiir: autoDraw = true
274.68200999998953	DATA	Keydown: ArrowRight
274.71271499991417	EXP	szo_kiir: autoDraw = false
274.71271499991417	EXP	szo_kiir: color = {"_rgb":[1,1,1]}
274.71271499991417	EXP	szo_kiir: text = "tőzsérkedik"
275.23382999992464	EXP	szo_kiir: autoDraw = true
276.87431499990635	DATA	Keydown: ArrowRight
276.8798099999549	EXP	szo_kiir: autoDraw = false
276.8798099999549	EXP	szo_kiir: color = {"_rgb":[1,1,1]}
276.8798099999549	EXP	szo_kiir: text = "díszletez"
277.40000499994494	EXP	szo_kiir: autoDraw = true
278.0755449999124	DATA	Keydown: ArrowRight
278.090354999993	EXP	szo_kiir: autoDraw = false
278.090354999993	EXP	koszi_szoveg: autoDraw = true
279.75620999990497	DATA	Keydown: ArrowRight
