0.9159999999999999	EXP	Created Window = Window( name=Window, fullscr=true, color=#000000, units=norm, waitBlanking=true, autoLog=true, size=[1366,626] )
3.801	DATA	Keydown: 3
3.902	DATA	Keydown: 3
4.09	DATA	Keydown: 1
4.774	DATA	Keydown: 8
9.549	DATA	Keydown: n
9.765	DATA	Keydown: ő
13.543	DATA	Keydown: 2
13.604999999999999	DATA	Keydown: 0
13.865	DATA	Keydown: 0
14.353	DATA	Keydown: 0
15.319999999999999	DATA	Keydown: .
15.533	DATA	Keydown: 1
15.712000000000002	DATA	Keydown: 1
16.732999999999997	DATA	Keydown: .
17.005000000000003	DATA	Keydown: 2
17.186	DATA	Keydown: 2
21.543	DATA	Keydown: 1
21.845999999999997	DATA	Keydown: 3
30.208	EXP	Created instruction_text1 = TextStim( name=instruction_text1, win=Window( name=Window, fullscr=true, color=#000000, ~), autoDraw=null, autoLog=true, units=norm, ori=null, opacity=1, pos=[0,0], size=undefined, text=Ön most szavakat fog látni.

Ezek között lesznek o~, font=Arial, color=#ffffff, contrast=1, height=0.05, bold=null, italic=null, alignHoriz=left, alignVert=center, wrapWidth=1, flipHoriz=null, flipVert=null )
30.21	EXP	Created instruction_text2 = TextStim( name=instruction_text2, win=Window( name=Window, fullscr=true, color=#000000, ~), autoDraw=null, autoLog=true, units=norm, ori=null, opacity=1, pos=[0,0], size=undefined, text=Először két egyszerű példát mutatunk Önnek.

Az el~, font=Arial, color=#FFFFFF, contrast=1, height=0.05, bold=null, italic=null, alignHoriz=left, alignVert=center, wrapWidth=1, flipHoriz=null, flipVert=null )
30.211999999999996	EXP	Created show_text = TextStim( name=show_text, win=Window( name=Window, fullscr=true, color=#000000, ~), autoDraw=null, autoLog=true, units=norm, ori=null, opacity=1, pos=[0,0], size=undefined, text=asztal, font=Arial, color=#FFFFFF, contrast=1, height=0.2, bold=null, italic=null, alignHoriz=left, alignVert=center, wrapWidth=1, flipHoriz=null, flipVert=null )
30.213	EXP	Created text = TextStim( name=text, win=Window( name=Window, fullscr=true, color=#000000, ~), autoDraw=null, autoLog=true, units=norm, ori=null, opacity=1, pos=[0,0], size=undefined, text=bzsmfsztal, font=Arial, color=#FFFFFF, contrast=1, height=0.2, bold=null, italic=null, alignHoriz=left, alignVert=center, wrapWidth=1, flipHoriz=null, flipVert=null )
30.214999999999996	EXP	Created instruction_text3 = TextStim( name=instruction_text3, win=Window( name=Window, fullscr=true, color=#000000, ~), autoDraw=null, autoLog=true, units=norm, ori=null, opacity=1, pos=[0,0], size=undefined, text=Pazar. Most kezdődik az igazi kísérlet. Néhány per~, font=Arial, color=#FFFFFF, contrast=1, height=0.1, bold=null, italic=null, alignHoriz=left, alignVert=center, wrapWidth=1, flipHoriz=null, flipVert=null )
30.217	EXP	Created szo_kiir = TextStim( name=szo_kiir, win=Window( name=Window, fullscr=true, color=#000000, ~), autoDraw=null, autoLog=true, units=norm, ori=null, opacity=1, pos=[0,0], size=undefined, text=default text, font=Arial, color=#FFFFFF, contrast=1, height=0.2, bold=null, italic=null, alignHoriz=left, alignVert=center, wrapWidth=1, flipHoriz=null, flipVert=null )
30.22	EXP	Created koszi_szoveg = TextStim( name=koszi_szoveg, win=Window( name=Window, fullscr=true, color=#000000, ~), autoDraw=null, autoLog=true, units=norm, ori=null, opacity=1, pos=[0,0], size=undefined, text=Vége a kísérletnek. Köszönjük a részvételt!, font=arial, color=#ffffff, contrast=1, height=0.1, bold=null, italic=null, alignHoriz=left, alignVert=center, wrapWidth=1, flipHoriz=null, flipVert=null )
30.555	EXP	instruction_text1: units = "norm"
30.555	EXP	instruction_text1: ori = 0
30.555	EXP	instruction_text1: opacity = 1
30.555	EXP	instruction_text1: pos = [0,0]
30.555	EXP	instruction_text1: size = undefined
30.555	EXP	instruction_text1: text = "Ön most szavakat fog látni.\n\nEzek között lesznek olyanok, amelyeket ismer, de előfordulhatnak olyanok is, amelyeket nem ismer, sőt, vannak köztük kitalált szavak is. \n\nKérjük, ha ismeri a képernyőn látható szót, nyomja meg a JOBB kurzorbillentyűt.\nKérjük, ha NEM ismeri a képernyőn látható szót, vagy azt gondolja, nincs ilyen szó a magyarban, nyomja meg a BAL kurzorbillentyűt.\n\nAz 'Ismerem a szót' döntés itt most ezt jelenti: találkoztam már vele, és van valami elképzelésem a jelentéséről is.  \n\nNyomjon meg bármilyen billentyűt a folytatáshoz."
30.555	EXP	instruction_text1: font = "Arial"
30.555	EXP	instruction_text1: color = {"_rgb":[1,1,1]}
30.555	EXP	instruction_text1: contrast = 1
30.555	EXP	instruction_text1: height = 0.05
30.555	EXP	instruction_text1: bold = false
30.555	EXP	instruction_text1: italic = false
30.555	EXP	instruction_text1: alignHoriz = "left"
30.555	EXP	instruction_text1: alignVert = "center"
30.555	EXP	instruction_text1: wrapWidth = 1
30.555	EXP	instruction_text1: flipHoriz = false
30.555	EXP	instruction_text1: flipVert = false
30.555	EXP	instruction_text2: units = "norm"
30.555	EXP	instruction_text2: ori = 0
30.555	EXP	instruction_text2: opacity = 1
30.555	EXP	instruction_text2: pos = [0,0]
30.555	EXP	instruction_text2: size = undefined
30.555	EXP	instruction_text2: text = "Először két egyszerű példát mutatunk Önnek.\n\nAz első szó létezik a magyarban, és valószínűleg Ön is ismeri. Itt nyomja majd meg a jobb kurzorbillentyűt.\nA második szó nem létezik a magyar nyelvben. Itt nyomja majd meg a bal kurzorbillentyűt.\n\nFontos, hogy a jobb gombot a jobb kezével, a bal gombot a bal kezével nyomja, ha tudja, és ne egy kezét használja a kísérletben.\n\nNyomjon meg bármilyen gombot a folytatáshoz."
30.555	EXP	instruction_text2: font = "Arial"
30.555	EXP	instruction_text2: color = {"_hex":"#FFFFFF","_rgb":[1,1,1]}
30.555	EXP	instruction_text2: contrast = 1
30.555	EXP	instruction_text2: height = 0.05
30.555	EXP	instruction_text2: bold = false
30.555	EXP	instruction_text2: italic = false
30.555	EXP	instruction_text2: alignHoriz = "left"
30.555	EXP	instruction_text2: alignVert = "center"
30.555	EXP	instruction_text2: wrapWidth = 1
30.555	EXP	instruction_text2: flipHoriz = false
30.555	EXP	instruction_text2: flipVert = false
30.555	EXP	show_text: units = "norm"
30.555	EXP	show_text: ori = 0
30.555	EXP	show_text: opacity = 1
30.555	EXP	show_text: pos = [0,0]
30.555	EXP	show_text: size = undefined
30.555	EXP	show_text: text = "asztal"
30.555	EXP	show_text: font = "Arial"
30.555	EXP	show_text: color = {"_hex":"#FFFFFF","_rgb":[1,1,1]}
30.555	EXP	show_text: contrast = 1
30.555	EXP	show_text: height = 0.2
30.555	EXP	show_text: bold = false
30.555	EXP	show_text: italic = false
30.555	EXP	show_text: alignHoriz = "left"
30.555	EXP	show_text: alignVert = "center"
30.555	EXP	show_text: wrapWidth = 1
30.555	EXP	show_text: flipHoriz = false
30.555	EXP	show_text: flipVert = false
30.555	EXP	text: units = "norm"
30.555	EXP	text: ori = 0
30.555	EXP	text: opacity = 1
30.555	EXP	text: pos = [0,0]
30.555	EXP	text: size = undefined
30.555	EXP	text: text = "bzsmfsztal"
30.555	EXP	text: font = "Arial"
30.555	EXP	text: color = {"_hex":"#FFFFFF","_rgb":[1,1,1]}
30.555	EXP	text: contrast = 1
30.555	EXP	text: height = 0.2
30.555	EXP	text: bold = false
30.555	EXP	text: italic = false
30.555	EXP	text: alignHoriz = "left"
30.555	EXP	text: alignVert = "center"
30.555	EXP	text: wrapWidth = 1
30.555	EXP	text: flipHoriz = false
30.555	EXP	text: flipVert = false
30.555	EXP	instruction_text3: units = "norm"
30.555	EXP	instruction_text3: ori = 0
30.555	EXP	instruction_text3: opacity = 1
30.555	EXP	instruction_text3: pos = [0,0]
30.555	EXP	instruction_text3: size = undefined
30.555	EXP	instruction_text3: text = "Pazar. Most kezdődik az igazi kísérlet. Néhány percig fog tartani. Nem kell nagyon sietnie, de igyekezzen gyorsan válaszolni.\n\nNe feledje, ha tudja, a jobb gombot a jobbkezével, a bal gombot a balkezével nyomja le.\n\nNyomjon meg bármilyen gombot a folytatáshoz."
30.555	EXP	instruction_text3: font = "Arial"
30.555	EXP	instruction_text3: color = {"_hex":"#FFFFFF","_rgb":[1,1,1]}
30.555	EXP	instruction_text3: contrast = 1
30.555	EXP	instruction_text3: height = 0.1
30.555	EXP	instruction_text3: bold = false
30.555	EXP	instruction_text3: italic = false
30.555	EXP	instruction_text3: alignHoriz = "left"
30.555	EXP	instruction_text3: alignVert = "center"
30.555	EXP	instruction_text3: wrapWidth = 1
30.555	EXP	instruction_text3: flipHoriz = false
30.555	EXP	instruction_text3: flipVert = false
30.555	EXP	szo_kiir: units = "norm"
30.555	EXP	szo_kiir: ori = 0
30.555	EXP	szo_kiir: opacity = 1
30.555	EXP	szo_kiir: pos = [0,0]
30.555	EXP	szo_kiir: size = undefined
30.555	EXP	szo_kiir: text = "default text"
30.555	EXP	szo_kiir: font = "Arial"
30.555	EXP	szo_kiir: color = {"_hex":"#FFFFFF","_rgb":[1,1,1]}
30.555	EXP	szo_kiir: contrast = 1
30.555	EXP	szo_kiir: height = 0.2
30.555	EXP	szo_kiir: bold = false
30.555	EXP	szo_kiir: italic = false
30.555	EXP	szo_kiir: alignHoriz = "left"
30.555	EXP	szo_kiir: alignVert = "center"
30.555	EXP	szo_kiir: wrapWidth = 1
30.555	EXP	szo_kiir: flipHoriz = false
30.555	EXP	szo_kiir: flipVert = false
30.555	EXP	koszi_szoveg: units = "norm"
30.555	EXP	koszi_szoveg: ori = 0
30.555	EXP	koszi_szoveg: opacity = 1
30.555	EXP	koszi_szoveg: pos = [0,0]
30.555	EXP	koszi_szoveg: size = undefined
30.555	EXP	koszi_szoveg: text = "Vége a kísérletnek. Köszönjük a részvételt!"
30.555	EXP	koszi_szoveg: font = "arial"
30.555	EXP	koszi_szoveg: color = {"_rgb":[1,1,1]}
30.555	EXP	koszi_szoveg: contrast = 1
30.555	EXP	koszi_szoveg: height = 0.1
30.555	EXP	koszi_szoveg: bold = false
30.555	EXP	koszi_szoveg: italic = false
30.555	EXP	koszi_szoveg: alignHoriz = "left"
30.555	EXP	koszi_szoveg: alignVert = "center"
30.555	EXP	koszi_szoveg: wrapWidth = 1
30.555	EXP	koszi_szoveg: flipHoriz = false
30.555	EXP	koszi_szoveg: flipVert = false
30.555	EXP	instruction_text1: autoDraw = true
78.97	DATA	Keydown: f
78.998	EXP	instruction_text1: autoDraw = false
78.998	EXP	instruction_text2: autoDraw = true
96.17	DATA	Keydown: f
96.182	EXP	instruction_text2: autoDraw = false
96.709	EXP	show_text: autoDraw = true
98.04899999999999	DATA	Keydown: ArrowRight
98.069	EXP	show_text: autoDraw = false
98.599	EXP	text: autoDraw = true
100.393	DATA	Keydown: ArrowLeft
100.444	EXP	text: autoDraw = false
100.444	EXP	instruction_text3: autoDraw = true
112.142	DATA	Keydown: l
112.786	EXP	instruction_text3: autoDraw = false
112.786	EXP	szo_kiir: color = {"_rgb":[1,1,1]}
112.786	EXP	szo_kiir: text = "pirodáló"
113.035	EXP	szo_kiir: autoDraw = true
114.8	DATA	Keydown: ArrowLeft
114.815	EXP	szo_kiir: autoDraw = false
114.815	EXP	szo_kiir: color = {"_rgb":[1,1,1]}
114.815	EXP	szo_kiir: text = "kép"
115.333	EXP	szo_kiir: autoDraw = true
116.119	DATA	Keydown: ArrowRight
116.203	EXP	szo_kiir: autoDraw = false
116.203	EXP	szo_kiir: color = {"_rgb":[1,1,1]}
116.203	EXP	szo_kiir: text = "tér"
116.705	EXP	szo_kiir: autoDraw = true
117.366	DATA	Keydown: ArrowRight
117.386	EXP	szo_kiir: autoDraw = false
117.386	EXP	szo_kiir: color = {"_rgb":[1,1,1]}
117.386	EXP	szo_kiir: text = "típusú"
117.90899999999999	EXP	szo_kiir: autoDraw = true
118.804	DATA	Keydown: ArrowRight
118.837	EXP	szo_kiir: autoDraw = false
118.837	EXP	szo_kiir: color = {"_rgb":[1,1,1]}
118.837	EXP	szo_kiir: text = "függ"
119.348	EXP	szo_kiir: autoDraw = true
120.017	DATA	Keydown: ArrowRight
120.03	EXP	szo_kiir: autoDraw = false
120.03	EXP	szo_kiir: color = {"_rgb":[1,1,1]}
120.03	EXP	szo_kiir: text = "dolgozik"
120.538	EXP	szo_kiir: autoDraw = true
121.28099999999999	DATA	Keydown: ArrowRight
121.325	EXP	szo_kiir: autoDraw = false
121.325	EXP	szo_kiir: color = {"_rgb":[1,1,1]}
121.325	EXP	szo_kiir: text = "rendezvény"
121.832	EXP	szo_kiir: autoDraw = true
122.509	DATA	Keydown: ArrowRight
122.516	EXP	szo_kiir: autoDraw = false
122.516	EXP	szo_kiir: color = {"_rgb":[1,1,1]}
122.516	EXP	szo_kiir: text = "üvesi"
123.038	EXP	szo_kiir: autoDraw = true
123.922	DATA	Keydown: ArrowLeft
123.944	EXP	szo_kiir: autoDraw = false
123.944	EXP	szo_kiir: color = {"_rgb":[1,1,1]}
123.944	EXP	szo_kiir: text = "méresedik"
124.455	EXP	szo_kiir: autoDraw = true
125.653	DATA	Keydown: ArrowLeft
125.66699999999999	EXP	szo_kiir: autoDraw = false
125.66699999999999	EXP	szo_kiir: color = {"_rgb":[1,1,1]}
125.66699999999999	EXP	szo_kiir: text = "tartalom"
126.18400000000001	EXP	szo_kiir: autoDraw = true
126.90599999999999	DATA	Keydown: ArrowRight
126.92899999999999	EXP	szo_kiir: autoDraw = false
126.92899999999999	EXP	szo_kiir: color = {"_rgb":[1,1,1]}
126.92899999999999	EXP	szo_kiir: text = "gondoskodik"
127.437	EXP	szo_kiir: autoDraw = true
128.21900000000002	DATA	Keydown: ArrowRight
128.23100000000002	EXP	szo_kiir: autoDraw = false
128.23100000000002	EXP	szo_kiir: color = {"_rgb":[1,1,1]}
128.23100000000002	EXP	szo_kiir: text = "ég"
128.751	EXP	szo_kiir: autoDraw = true
129.371	DATA	Keydown: ArrowRight
129.45200000000003	EXP	szo_kiir: autoDraw = false
129.45200000000003	EXP	szo_kiir: color = {"_rgb":[1,1,1]}
129.45200000000003	EXP	szo_kiir: text = "tenger"
129.97	EXP	szo_kiir: autoDraw = true
130.482	DATA	Keydown: ArrowRight
130.5	EXP	szo_kiir: autoDraw = false
130.5	EXP	szo_kiir: color = {"_rgb":[1,1,1]}
130.5	EXP	szo_kiir: text = "réteg"
131.01600000000002	EXP	szo_kiir: autoDraw = true
131.508	DATA	Keydown: ArrowRight
131.53	EXP	szo_kiir: autoDraw = false
131.53	EXP	szo_kiir: color = {"_rgb":[1,1,1]}
131.53	EXP	szo_kiir: text = "extrém"
132.048	EXP	szo_kiir: autoDraw = true
132.58800000000002	DATA	Keydown: ArrowRight
132.598	EXP	szo_kiir: autoDraw = false
132.598	EXP	szo_kiir: color = {"_rgb":[1,1,1]}
132.598	EXP	szo_kiir: text = "alukandós"
133.122	EXP	szo_kiir: autoDraw = true
134.805	DATA	Keydown: ArrowLeft
134.833	EXP	szo_kiir: autoDraw = false
134.833	EXP	szo_kiir: color = {"_rgb":[1,1,1]}
134.833	EXP	szo_kiir: text = "barát"
135.354	EXP	szo_kiir: autoDraw = true
136.549	DATA	Keydown: ArrowRight
136.56400000000002	EXP	szo_kiir: autoDraw = false
136.56400000000002	EXP	szo_kiir: color = {"_rgb":[1,1,1]}
136.56400000000002	EXP	szo_kiir: text = "nagyméretű"
137.083	EXP	szo_kiir: autoDraw = true
137.881	DATA	Keydown: ArrowRight
137.912	EXP	szo_kiir: autoDraw = false
137.912	EXP	szo_kiir: color = {"_rgb":[1,1,1]}
137.912	EXP	szo_kiir: text = "harmonikus"
138.417	EXP	szo_kiir: autoDraw = true
139.07500000000002	DATA	Keydown: ArrowRight
139.08100000000002	EXP	szo_kiir: autoDraw = false
139.08100000000002	EXP	szo_kiir: color = {"_rgb":[1,1,1]}
139.08100000000002	EXP	szo_kiir: text = "hozandzsa"
139.60000000000002	EXP	szo_kiir: autoDraw = true
141.631	DATA	Keydown: ArrowLeft
141.656	EXP	szo_kiir: autoDraw = false
141.656	EXP	szo_kiir: color = {"_rgb":[1,1,1]}
141.656	EXP	szo_kiir: text = "multinacionális"
142.168	EXP	szo_kiir: autoDraw = true
143.07100000000003	DATA	Keydown: ArrowRight
143.08	EXP	szo_kiir: autoDraw = false
143.08	EXP	szo_kiir: color = {"_rgb":[1,1,1]}
143.08	EXP	szo_kiir: text = "gyóka"
143.59900000000002	EXP	szo_kiir: autoDraw = true
144.615	DATA	Keydown: ArrowLeft
144.637	EXP	szo_kiir: autoDraw = false
144.637	EXP	szo_kiir: color = {"_rgb":[1,1,1]}
144.637	EXP	szo_kiir: text = "reform"
145.149	EXP	szo_kiir: autoDraw = true
145.929	DATA	Keydown: ArrowRight
145.947	EXP	szo_kiir: autoDraw = false
145.947	EXP	szo_kiir: color = {"_rgb":[1,1,1]}
145.947	EXP	szo_kiir: text = "majozárói"
146.466	EXP	szo_kiir: autoDraw = true
147.73600000000002	DATA	Keydown: ArrowLeft
147.75400000000002	EXP	szo_kiir: autoDraw = false
147.75400000000002	EXP	szo_kiir: color = {"_rgb":[1,1,1]}
147.75400000000002	EXP	szo_kiir: text = "tömzsa"
148.26600000000002	EXP	szo_kiir: autoDraw = true
149.3	DATA	Keydown: ArrowLeft
149.31300000000002	EXP	szo_kiir: autoDraw = false
149.31300000000002	EXP	szo_kiir: color = {"_rgb":[1,1,1]}
149.31300000000002	EXP	szo_kiir: text = "gyász"
149.88400000000001	EXP	szo_kiir: autoDraw = true
150.513	DATA	Keydown: ArrowRight
150.536	EXP	szo_kiir: autoDraw = false
150.536	EXP	szo_kiir: color = {"_rgb":[1,1,1]}
150.536	EXP	szo_kiir: text = "hullik"
151.049	EXP	szo_kiir: autoDraw = true
151.829	DATA	Keydown: ArrowRight
151.847	EXP	szo_kiir: autoDraw = false
151.847	EXP	szo_kiir: color = {"_rgb":[1,1,1]}
151.847	EXP	szo_kiir: text = "halom"
152.366	EXP	szo_kiir: autoDraw = true
152.954	DATA	Keydown: ArrowRight
152.96900000000002	EXP	szo_kiir: autoDraw = false
152.96900000000002	EXP	szo_kiir: color = {"_rgb":[1,1,1]}
152.96900000000002	EXP	szo_kiir: text = "zártkörű"
153.48600000000002	EXP	szo_kiir: autoDraw = true
155.55900000000003	DATA	Keydown: ArrowRight
155.56400000000002	EXP	szo_kiir: autoDraw = false
155.56400000000002	EXP	szo_kiir: color = {"_rgb":[1,1,1]}
155.56400000000002	EXP	szo_kiir: text = "vélekedik"
156.083	EXP	szo_kiir: autoDraw = true
156.681	DATA	Keydown: ArrowRight
156.70200000000003	EXP	szo_kiir: autoDraw = false
156.70200000000003	EXP	szo_kiir: color = {"_rgb":[1,1,1]}
156.70200000000003	EXP	szo_kiir: text = "léptelegy"
157.216	EXP	szo_kiir: autoDraw = true
158.798	DATA	Keydown: ArrowLeft
158.81400000000002	EXP	szo_kiir: autoDraw = false
158.81400000000002	EXP	szo_kiir: color = {"_rgb":[1,1,1]}
158.81400000000002	EXP	szo_kiir: text = "ólom"
159.33200000000002	EXP	szo_kiir: autoDraw = true
159.95700000000002	DATA	Keydown: ArrowLeft
160.001	EXP	szo_kiir: autoDraw = false
160.001	EXP	szo_kiir: color = {"_rgb":[1,1,1]}
160.001	EXP	szo_kiir: text = "kiskanál"
160.519	EXP	szo_kiir: autoDraw = true
161.604	DATA	Keydown: ArrowRight
161.625	EXP	szo_kiir: autoDraw = false
161.625	EXP	szo_kiir: color = {"_rgb":[1,1,1]}
161.625	EXP	szo_kiir: text = "kán"
162.139	EXP	szo_kiir: autoDraw = true
162.768	DATA	Keydown: ArrowRight
162.786	EXP	szo_kiir: autoDraw = false
162.786	EXP	szo_kiir: color = {"_rgb":[1,1,1]}
162.786	EXP	szo_kiir: text = "bélyeg"
163.305	EXP	szo_kiir: autoDraw = true
164.543	DATA	Keydown: ArrowRight
164.573	EXP	szo_kiir: autoDraw = false
164.573	EXP	szo_kiir: color = {"_rgb":[1,1,1]}
164.573	EXP	szo_kiir: text = "bacon"
165.09	EXP	szo_kiir: autoDraw = true
165.805	DATA	Keydown: ArrowRight
165.81500000000003	EXP	szo_kiir: autoDraw = false
165.81500000000003	EXP	szo_kiir: color = {"_rgb":[1,1,1]}
165.81500000000003	EXP	szo_kiir: text = "fázik"
166.33800000000002	EXP	szo_kiir: autoDraw = true
166.85600000000002	DATA	Keydown: ArrowRight
166.87900000000002	EXP	szo_kiir: autoDraw = false
166.87900000000002	EXP	szo_kiir: color = {"_rgb":[1,1,1]}
166.87900000000002	EXP	szo_kiir: text = "virágpor"
167.39100000000002	EXP	szo_kiir: autoDraw = true
167.988	DATA	Keydown: ArrowRight
167.99800000000002	EXP	szo_kiir: autoDraw = false
167.99800000000002	EXP	szo_kiir: color = {"_rgb":[1,1,1]}
167.99800000000002	EXP	szo_kiir: text = "bőkezű"
168.519	EXP	szo_kiir: autoDraw = true
169.173	DATA	Keydown: ArrowRight
169.20100000000002	EXP	szo_kiir: autoDraw = false
169.20100000000002	EXP	szo_kiir: color = {"_rgb":[1,1,1]}
169.20100000000002	EXP	szo_kiir: text = "neoprén"
169.722	EXP	szo_kiir: autoDraw = true
170.537	DATA	Keydown: ArrowRight
170.548	EXP	szo_kiir: autoDraw = false
170.548	EXP	szo_kiir: color = {"_rgb":[1,1,1]}
170.548	EXP	szo_kiir: text = "koenzim"
171.07000000000002	EXP	szo_kiir: autoDraw = true
172.417	DATA	Keydown: ArrowRight
172.455	EXP	szo_kiir: autoDraw = false
172.455	EXP	szo_kiir: color = {"_rgb":[1,1,1]}
172.455	EXP	szo_kiir: text = "temperamentum"
172.973	EXP	szo_kiir: autoDraw = true
173.751	DATA	Keydown: ArrowRight
173.76500000000001	EXP	szo_kiir: autoDraw = false
173.76500000000001	EXP	szo_kiir: color = {"_rgb":[1,1,1]}
173.76500000000001	EXP	szo_kiir: text = "törvosítoz"
174.27100000000002	EXP	szo_kiir: autoDraw = true
176.52100000000002	DATA	Keydown: ArrowLeft
176.54100000000003	EXP	szo_kiir: autoDraw = false
176.54100000000003	EXP	szo_kiir: color = {"_rgb":[1,1,1]}
176.54100000000003	EXP	szo_kiir: text = "érkésztás"
177.08800000000002	EXP	szo_kiir: autoDraw = true
179.16600000000003	DATA	Keydown: ArrowLeft
179.185	EXP	szo_kiir: autoDraw = false
179.185	EXP	szo_kiir: color = {"_rgb":[1,1,1]}
179.185	EXP	szo_kiir: text = "remész"
179.703	EXP	szo_kiir: autoDraw = true
180.86800000000002	DATA	Keydown: ArrowLeft
180.901	EXP	szo_kiir: autoDraw = false
180.901	EXP	szo_kiir: color = {"_rgb":[1,1,1]}
180.901	EXP	szo_kiir: text = "téesz"
181.417	EXP	szo_kiir: autoDraw = true
182.983	DATA	Keydown: ArrowRight
182.99900000000002	EXP	szo_kiir: autoDraw = false
182.99900000000002	EXP	szo_kiir: color = {"_rgb":[1,1,1]}
182.99900000000002	EXP	szo_kiir: text = "tópart"
183.52200000000002	EXP	szo_kiir: autoDraw = true
184.81	DATA	Keydown: ArrowRight
184.83	EXP	szo_kiir: autoDraw = false
184.83	EXP	szo_kiir: color = {"_rgb":[1,1,1]}
184.83	EXP	szo_kiir: text = "grancs"
185.33800000000002	EXP	szo_kiir: autoDraw = true
186.601	DATA	Keydown: ArrowLeft
186.614	EXP	szo_kiir: autoDraw = false
186.614	EXP	szo_kiir: color = {"_rgb":[1,1,1]}
186.614	EXP	szo_kiir: text = "tincs"
187.13500000000002	EXP	szo_kiir: autoDraw = true
188.03500000000003	DATA	Keydown: ArrowRight
188.061	EXP	szo_kiir: autoDraw = false
188.061	EXP	szo_kiir: color = {"_rgb":[1,1,1]}
188.061	EXP	szo_kiir: text = "komolyodik"
188.57100000000003	EXP	szo_kiir: autoDraw = true
189.122	DATA	Keydown: ArrowRight
189.133	EXP	szo_kiir: autoDraw = false
189.133	EXP	szo_kiir: color = {"_rgb":[1,1,1]}
189.133	EXP	szo_kiir: text = "szarkaláb"
189.655	EXP	szo_kiir: autoDraw = true
190.30200000000002	DATA	Keydown: ArrowRight
190.33800000000002	EXP	szo_kiir: autoDraw = false
190.33800000000002	EXP	szo_kiir: color = {"_rgb":[1,1,1]}
190.33800000000002	EXP	szo_kiir: text = "ivarsejt"
190.85000000000002	EXP	szo_kiir: autoDraw = true
191.458	DATA	Keydown: ArrowRight
191.464	EXP	szo_kiir: autoDraw = false
191.464	EXP	szo_kiir: color = {"_rgb":[1,1,1]}
191.464	EXP	szo_kiir: text = "cianid"
191.984	EXP	szo_kiir: autoDraw = true
192.89700000000002	DATA	Keydown: ArrowRight
192.92000000000002	EXP	szo_kiir: autoDraw = false
192.92000000000002	EXP	szo_kiir: color = {"_rgb":[1,1,1]}
192.92000000000002	EXP	szo_kiir: text = "szállingózik"
193.43300000000002	EXP	szo_kiir: autoDraw = true
194.15800000000002	DATA	Keydown: ArrowRight
194.16500000000002	EXP	szo_kiir: autoDraw = false
194.16500000000002	EXP	szo_kiir: color = {"_rgb":[1,1,1]}
194.16500000000002	EXP	szo_kiir: text = "rubinvörös"
194.68400000000003	EXP	szo_kiir: autoDraw = true
195.30200000000002	DATA	Keydown: ArrowRight
195.32000000000002	EXP	szo_kiir: autoDraw = false
195.32000000000002	EXP	szo_kiir: color = {"_rgb":[1,1,1]}
195.32000000000002	EXP	szo_kiir: text = "bizmut"
195.833	EXP	szo_kiir: autoDraw = true
196.53500000000003	DATA	Keydown: ArrowRight
196.54700000000003	EXP	szo_kiir: autoDraw = false
196.54700000000003	EXP	szo_kiir: color = {"_rgb":[1,1,1]}
196.54700000000003	EXP	szo_kiir: text = "kistányér"
197.067	EXP	szo_kiir: autoDraw = true
197.69600000000003	DATA	Keydown: ArrowRight
197.84900000000002	EXP	szo_kiir: autoDraw = false
197.84900000000002	EXP	szo_kiir: color = {"_rgb":[1,1,1]}
197.84900000000002	EXP	szo_kiir: text = "rucaöröm"
198.372	EXP	szo_kiir: autoDraw = true
199.65300000000002	DATA	Keydown: ArrowRight
199.66600000000003	EXP	szo_kiir: autoDraw = false
199.66600000000003	EXP	szo_kiir: color = {"_rgb":[1,1,1]}
199.66600000000003	EXP	szo_kiir: text = "növetlenső"
200.186	EXP	szo_kiir: autoDraw = true
201.304	DATA	Keydown: ArrowRight
201.31500000000003	EXP	szo_kiir: autoDraw = false
201.31500000000003	EXP	szo_kiir: color = {"_rgb":[1,1,1]}
201.31500000000003	EXP	szo_kiir: text = "irracionalizmus"
201.841	EXP	szo_kiir: autoDraw = true
202.756	DATA	Keydown: ArrowRight
202.77200000000002	EXP	szo_kiir: autoDraw = false
202.77200000000002	EXP	szo_kiir: color = {"_rgb":[1,1,1]}
202.77200000000002	EXP	szo_kiir: text = "ingváll"
203.287	EXP	szo_kiir: autoDraw = true
204.488	DATA	Keydown: ArrowRight
204.49900000000002	EXP	szo_kiir: autoDraw = false
204.49900000000002	EXP	szo_kiir: color = {"_rgb":[1,1,1]}
204.49900000000002	EXP	szo_kiir: text = "gádosíthat"
205.02100000000002	EXP	szo_kiir: autoDraw = true
206.24	DATA	Keydown: ArrowLeft
206.257	EXP	szo_kiir: autoDraw = false
206.257	EXP	szo_kiir: color = {"_rgb":[1,1,1]}
206.257	EXP	szo_kiir: text = "mikrorendszer"
206.794	EXP	szo_kiir: autoDraw = true
207.67200000000003	DATA	Keydown: ArrowRight
207.68300000000002	EXP	szo_kiir: autoDraw = false
207.68300000000002	EXP	szo_kiir: color = {"_rgb":[1,1,1]}
207.68300000000002	EXP	szo_kiir: text = "lícium"
208.205	EXP	szo_kiir: autoDraw = true
209.05100000000002	DATA	Keydown: ArrowRight
209.06900000000002	EXP	szo_kiir: autoDraw = false
209.06900000000002	EXP	szo_kiir: color = {"_rgb":[1,1,1]}
209.06900000000002	EXP	szo_kiir: text = "csőszház"
209.58700000000002	EXP	szo_kiir: autoDraw = true
210.83800000000002	DATA	Keydown: ArrowRight
210.85000000000002	EXP	szo_kiir: autoDraw = false
210.85000000000002	EXP	szo_kiir: color = {"_rgb":[1,1,1]}
210.85000000000002	EXP	szo_kiir: text = "barlódiurné"
211.371	EXP	szo_kiir: autoDraw = true
212.905	DATA	Keydown: ArrowLeft
212.936	EXP	szo_kiir: autoDraw = false
212.936	EXP	szo_kiir: color = {"_rgb":[1,1,1]}
212.936	EXP	szo_kiir: text = "spratika"
213.45100000000002	EXP	szo_kiir: autoDraw = true
215.40200000000002	DATA	Keydown: ArrowLeft
215.413	EXP	szo_kiir: autoDraw = false
215.413	EXP	szo_kiir: color = {"_rgb":[1,1,1]}
215.413	EXP	szo_kiir: text = "homályosít"
215.919	EXP	szo_kiir: autoDraw = true
216.79100000000003	DATA	Keydown: ArrowRight
216.81900000000002	EXP	szo_kiir: autoDraw = false
216.81900000000002	EXP	szo_kiir: color = {"_rgb":[1,1,1]}
216.81900000000002	EXP	szo_kiir: text = "hazardírozik"
217.339	EXP	szo_kiir: autoDraw = true
218.638	DATA	Keydown: ArrowLeft
218.64700000000002	EXP	szo_kiir: autoDraw = false
218.64700000000002	EXP	szo_kiir: color = {"_rgb":[1,1,1]}
218.64700000000002	EXP	szo_kiir: text = "szemestakarmány"
219.169	EXP	szo_kiir: autoDraw = true
221.57100000000003	DATA	Keydown: ArrowRight
221.58200000000002	EXP	szo_kiir: autoDraw = false
221.58200000000002	EXP	szo_kiir: color = {"_rgb":[1,1,1]}
221.58200000000002	EXP	szo_kiir: text = "kontrapunkt"
222.101	EXP	szo_kiir: autoDraw = true
223.108	DATA	Keydown: ArrowRight
223.12400000000002	EXP	szo_kiir: autoDraw = false
223.12400000000002	EXP	szo_kiir: color = {"_rgb":[1,1,1]}
223.12400000000002	EXP	szo_kiir: text = "ostorán"
223.64000000000001	EXP	szo_kiir: autoDraw = true
226.353	DATA	Keydown: ArrowRight
226.366	EXP	szo_kiir: autoDraw = false
226.366	EXP	szo_kiir: color = {"_rgb":[1,1,1]}
226.366	EXP	szo_kiir: text = "sárfolt"
226.89000000000001	EXP	szo_kiir: autoDraw = true
227.65300000000002	DATA	Keydown: ArrowRight
227.668	EXP	szo_kiir: autoDraw = false
227.668	EXP	szo_kiir: color = {"_rgb":[1,1,1]}
227.668	EXP	szo_kiir: text = "hengerszimmetrikus"
228.18800000000002	EXP	szo_kiir: autoDraw = true
229.185	DATA	Keydown: ArrowRight
229.217	EXP	szo_kiir: autoDraw = false
229.217	EXP	szo_kiir: color = {"_rgb":[1,1,1]}
229.217	EXP	szo_kiir: text = "hízelkedik"
229.741	EXP	szo_kiir: autoDraw = true
230.489	DATA	Keydown: ArrowRight
230.501	EXP	szo_kiir: autoDraw = false
230.501	EXP	szo_kiir: color = {"_rgb":[1,1,1]}
230.501	EXP	szo_kiir: text = "jegedény"
231.072	EXP	szo_kiir: autoDraw = true
231.615	DATA	Keydown: ArrowRight
231.631	EXP	szo_kiir: autoDraw = false
231.631	EXP	szo_kiir: color = {"_rgb":[1,1,1]}
231.631	EXP	szo_kiir: text = "mérgesít"
232.139	EXP	szo_kiir: autoDraw = true
233.00400000000002	DATA	Keydown: ArrowRight
233.02	EXP	szo_kiir: autoDraw = false
233.02	EXP	szo_kiir: color = {"_rgb":[1,1,1]}
233.02	EXP	szo_kiir: text = "süteményestál"
233.54100000000003	EXP	szo_kiir: autoDraw = true
234.58700000000002	DATA	Keydown: ArrowRight
234.598	EXP	szo_kiir: autoDraw = false
234.598	EXP	szo_kiir: color = {"_rgb":[1,1,1]}
234.598	EXP	szo_kiir: text = "köpdös"
235.121	EXP	szo_kiir: autoDraw = true
236.735	DATA	Keydown: ArrowRight
236.762	EXP	szo_kiir: autoDraw = false
236.762	EXP	szo_kiir: color = {"_rgb":[1,1,1]}
236.762	EXP	szo_kiir: text = "kelől"
237.27100000000002	EXP	szo_kiir: autoDraw = true
238.169	DATA	Keydown: ArrowLeft
238.18300000000002	EXP	szo_kiir: autoDraw = false
238.18300000000002	EXP	szo_kiir: color = {"_rgb":[1,1,1]}
238.18300000000002	EXP	szo_kiir: text = "gubóvirág"
238.705	EXP	szo_kiir: autoDraw = true
239.669	DATA	Keydown: ArrowRight
239.691	EXP	szo_kiir: autoDraw = false
239.691	EXP	szo_kiir: color = {"_rgb":[1,1,1]}
239.691	EXP	szo_kiir: text = "silabizál"
240.20100000000002	EXP	szo_kiir: autoDraw = true
241.388	DATA	Keydown: ArrowRight
241.399	EXP	szo_kiir: autoDraw = false
241.399	EXP	szo_kiir: color = {"_rgb":[1,1,1]}
241.399	EXP	szo_kiir: text = "bolondoz"
241.92200000000003	EXP	szo_kiir: autoDraw = true
242.55900000000003	DATA	Keydown: ArrowRight
242.57100000000003	EXP	szo_kiir: autoDraw = false
242.57100000000003	EXP	szo_kiir: color = {"_rgb":[1,1,1]}
242.57100000000003	EXP	szo_kiir: text = "nagyoll"
243.083	EXP	szo_kiir: autoDraw = true
245.45600000000002	DATA	Keydown: ArrowRight
245.46300000000002	EXP	szo_kiir: autoDraw = false
245.46300000000002	EXP	szo_kiir: color = {"_rgb":[1,1,1]}
245.46300000000002	EXP	szo_kiir: text = "igásjószág"
245.984	EXP	szo_kiir: autoDraw = true
247.705	DATA	Keydown: ArrowRight
247.722	EXP	szo_kiir: autoDraw = false
247.722	EXP	szo_kiir: color = {"_rgb":[1,1,1]}
247.722	EXP	szo_kiir: text = "senyveszt"
248.235	EXP	szo_kiir: autoDraw = true
249.25	DATA	Keydown: ArrowRight
249.26500000000001	EXP	szo_kiir: autoDraw = false
249.26500000000001	EXP	szo_kiir: color = {"_rgb":[1,1,1]}
249.26500000000001	EXP	szo_kiir: text = "stalp"
249.78300000000002	EXP	szo_kiir: autoDraw = true
250.847	DATA	Keydown: ArrowLeft
250.87	EXP	szo_kiir: autoDraw = false
250.87	EXP	szo_kiir: color = {"_rgb":[1,1,1]}
250.87	EXP	szo_kiir: text = "standardizál"
251.383	EXP	szo_kiir: autoDraw = true
252.482	DATA	Keydown: ArrowRight
252.497	EXP	szo_kiir: autoDraw = false
252.497	EXP	szo_kiir: color = {"_rgb":[1,1,1]}
252.497	EXP	szo_kiir: text = "tejeslány"
253.01600000000002	EXP	szo_kiir: autoDraw = true
254.763	DATA	Keydown: ArrowRight
254.78900000000002	EXP	szo_kiir: autoDraw = false
254.78900000000002	EXP	szo_kiir: color = {"_rgb":[1,1,1]}
254.78900000000002	EXP	szo_kiir: text = "buktázik"
255.299	EXP	szo_kiir: autoDraw = true
256.31399999999996	DATA	Keydown: ArrowRight
256.33099999999996	EXP	szo_kiir: autoDraw = false
256.33099999999996	EXP	szo_kiir: color = {"_rgb":[1,1,1]}
256.33099999999996	EXP	szo_kiir: text = "csácsog"
256.849	EXP	szo_kiir: autoDraw = true
258.00399999999996	DATA	Keydown: ArrowRight
258.03299999999996	EXP	szo_kiir: autoDraw = false
258.03299999999996	EXP	szo_kiir: color = {"_rgb":[1,1,1]}
258.03299999999996	EXP	szo_kiir: text = "felcsavaroz"
258.555	EXP	szo_kiir: autoDraw = true
259.476	DATA	Keydown: ArrowRight
259.484	EXP	szo_kiir: autoDraw = false
259.484	EXP	szo_kiir: color = {"_rgb":[1,1,1]}
259.484	EXP	szo_kiir: text = "takorák"
260.003	EXP	szo_kiir: autoDraw = true
261.215	DATA	Keydown: ArrowLeft
261.23499999999996	EXP	szo_kiir: autoDraw = false
261.23499999999996	EXP	szo_kiir: color = {"_rgb":[1,1,1]}
261.23499999999996	EXP	szo_kiir: text = "istác"
261.75	EXP	szo_kiir: autoDraw = true
263.188	DATA	Keydown: ArrowLeft
263.197	EXP	szo_kiir: autoDraw = false
263.197	EXP	szo_kiir: color = {"_rgb":[1,1,1]}
263.197	EXP	szo_kiir: text = "meleglaboratórium"
263.717	EXP	szo_kiir: autoDraw = true
266.316	DATA	Keydown: ArrowRight
266.33099999999996	EXP	szo_kiir: autoDraw = false
266.33099999999996	EXP	szo_kiir: color = {"_rgb":[1,1,1]}
266.33099999999996	EXP	szo_kiir: text = "embertelenedik"
266.851	EXP	szo_kiir: autoDraw = true
267.73699999999997	DATA	Keydown: ArrowRight
267.753	EXP	szo_kiir: autoDraw = false
267.753	EXP	szo_kiir: color = {"_rgb":[1,1,1]}
267.753	EXP	szo_kiir: text = "elcsigázódik"
268.267	EXP	szo_kiir: autoDraw = true
268.967	DATA	Keydown: ArrowRight
268.981	EXP	szo_kiir: autoDraw = false
268.981	EXP	szo_kiir: color = {"_rgb":[1,1,1]}
268.981	EXP	szo_kiir: text = "kunkorít"
269.50399999999996	EXP	szo_kiir: autoDraw = true
270.95599999999996	DATA	Keydown: ArrowRight
270.96999999999997	EXP	szo_kiir: autoDraw = false
270.96999999999997	EXP	szo_kiir: color = {"_rgb":[1,1,1]}
270.96999999999997	EXP	szo_kiir: text = "kosi"
271.53299999999996	EXP	szo_kiir: autoDraw = true
272.28	DATA	Keydown: ArrowLeft
272.3	EXP	szo_kiir: autoDraw = false
272.3	EXP	szo_kiir: color = {"_rgb":[1,1,1]}
272.3	EXP	szo_kiir: text = "vászonbetét"
272.817	EXP	szo_kiir: autoDraw = true
273.686	DATA	Keydown: ArrowRight
273.716	EXP	szo_kiir: autoDraw = false
273.716	EXP	szo_kiir: color = {"_rgb":[1,1,1]}
273.716	EXP	szo_kiir: text = "hegyipáfrány"
274.236	EXP	szo_kiir: autoDraw = true
275.311	DATA	Keydown: ArrowRight
275.33099999999996	EXP	szo_kiir: autoDraw = false
275.33099999999996	EXP	szo_kiir: color = {"_rgb":[1,1,1]}
275.33099999999996	EXP	szo_kiir: text = "lublika"
275.84999999999997	EXP	szo_kiir: autoDraw = true
276.832	DATA	Keydown: ArrowLeft
276.853	EXP	szo_kiir: autoDraw = false
276.853	EXP	szo_kiir: color = {"_rgb":[1,1,1]}
276.853	EXP	szo_kiir: text = "ószeven"
277.36699999999996	EXP	szo_kiir: autoDraw = true
278.36899999999997	DATA	Keydown: ArrowLeft
278.382	EXP	szo_kiir: autoDraw = false
278.382	EXP	szo_kiir: color = {"_rgb":[1,1,1]}
278.382	EXP	szo_kiir: text = "összám"
278.89	EXP	szo_kiir: autoDraw = true
282.787	DATA	Keydown: ArrowRight
282.798	EXP	szo_kiir: autoDraw = false
282.798	EXP	szo_kiir: color = {"_rgb":[1,1,1]}
282.798	EXP	szo_kiir: text = "lazúroz"
283.383	EXP	szo_kiir: autoDraw = true
285.017	DATA	Keydown: ArrowRight
285.036	EXP	szo_kiir: autoDraw = false
285.036	EXP	szo_kiir: color = {"_rgb":[1,1,1]}
285.036	EXP	szo_kiir: text = "hermetizál"
285.551	EXP	szo_kiir: autoDraw = true
288.167	DATA	Keydown: ArrowRight
288.181	EXP	szo_kiir: autoDraw = false
288.181	EXP	szo_kiir: color = {"_rgb":[1,1,1]}
288.181	EXP	szo_kiir: text = "rajzolótű"
288.7	EXP	szo_kiir: autoDraw = true
289.983	DATA	Keydown: ArrowRight
290.15799999999996	EXP	szo_kiir: autoDraw = false
290.15799999999996	EXP	koszi_szoveg: autoDraw = true
291.666	DATA	Keydown: ArrowRight
292.084	DATA	Keydown: l
295.498	DATA	Keydown: k
