0.09722499991767108	EXP	Created Window = Window( name=Window, fullscr=true, color=#000000, units=norm, waitBlanking=true, autoLog=true, size=[1920,937] )
2.315070000011474	DATA	Keydown: 2
2.5107899999711663	DATA	Keydown: 3
2.7357600000686944	DATA	Keydown: 4
2.8795149999205023	DATA	Keydown: 4
7.071029999991879	DATA	Keydown: Shift
7.303940000012517	DATA	Keydown: N
9.551884999964386	DATA	Keydown: ő
12.88755499990657	DATA	Keydown: 1
13.159715000074357	DATA	Keydown: 9
13.372029999969527	DATA	Keydown: 6
13.586244999896735	DATA	Keydown: 7
14.263474999926984	DATA	Keydown: .
14.672335000010207	DATA	Keydown: 1
14.8786849998869	DATA	Keydown: 0
15.287849999964237	DATA	Keydown: .
15.639614999992773	DATA	Keydown: 1
15.839470000006258	DATA	Keydown: 2
26.543610000051558	DATA	Keydown: 2
26.770694999955595	DATA	Keydown: 0
54.89229499991052	EXP	Created instruction_text1 = TextStim( name=instruction_text1, win=Window( name=Window, fullscr=true, color=#000000, ~), autoDraw=null, autoLog=true, units=norm, ori=null, opacity=1, pos=[0,0], size=undefined, text=Ön most szavakat fog látni.

Ezek között lesznek o~, font=Arial, color=#ffffff, contrast=1, height=0.05, bold=null, italic=null, alignHoriz=left, alignVert=center, wrapWidth=1, flipHoriz=null, flipVert=null )
54.89666000008583	EXP	Created instruction_text2 = TextStim( name=instruction_text2, win=Window( name=Window, fullscr=true, color=#000000, ~), autoDraw=null, autoLog=true, units=norm, ori=null, opacity=1, pos=[0,0], size=undefined, text=Először két egyszerű példát mutatunk Önnek.

Az el~, font=Arial, color=#FFFFFF, contrast=1, height=0.05, bold=null, italic=null, alignHoriz=left, alignVert=center, wrapWidth=1, flipHoriz=null, flipVert=null )
54.90326500008814	EXP	Created show_text = TextStim( name=show_text, win=Window( name=Window, fullscr=true, color=#000000, ~), autoDraw=null, autoLog=true, units=norm, ori=null, opacity=1, pos=[0,0], size=undefined, text=asztal, font=Arial, color=#FFFFFF, contrast=1, height=0.2, bold=null, italic=null, alignHoriz=left, alignVert=center, wrapWidth=1, flipHoriz=null, flipVert=null )
54.90661499998532	EXP	Created text = TextStim( name=text, win=Window( name=Window, fullscr=true, color=#000000, ~), autoDraw=null, autoLog=true, units=norm, ori=null, opacity=1, pos=[0,0], size=undefined, text=bzsmfsztal, font=Arial, color=#FFFFFF, contrast=1, height=0.2, bold=null, italic=null, alignHoriz=left, alignVert=center, wrapWidth=1, flipHoriz=null, flipVert=null )
54.9076950000599	EXP	Created instruction_text3 = TextStim( name=instruction_text3, win=Window( name=Window, fullscr=true, color=#000000, ~), autoDraw=null, autoLog=true, units=norm, ori=null, opacity=1, pos=[0,0], size=undefined, text=Pazar. Most kezdődik az igazi kísérlet. Néhány per~, font=Arial, color=#FFFFFF, contrast=1, height=0.1, bold=null, italic=null, alignHoriz=left, alignVert=center, wrapWidth=1, flipHoriz=null, flipVert=null )
54.90861999988556	EXP	Created szo_kiir = TextStim( name=szo_kiir, win=Window( name=Window, fullscr=true, color=#000000, ~), autoDraw=null, autoLog=true, units=norm, ori=null, opacity=1, pos=[0,0], size=undefined, text=default text, font=Arial, color=#FFFFFF, contrast=1, height=0.2, bold=null, italic=null, alignHoriz=left, alignVert=center, wrapWidth=1, flipHoriz=null, flipVert=null )
54.90951499994844	EXP	Created koszi_szoveg = TextStim( name=koszi_szoveg, win=Window( name=Window, fullscr=true, color=#000000, ~), autoDraw=null, autoLog=true, units=norm, ori=null, opacity=1, pos=[0,0], size=undefined, text=Vége a kísérletnek. Köszönjük a részvételt!, font=arial, color=#ffffff, contrast=1, height=0.1, bold=null, italic=null, alignHoriz=left, alignVert=center, wrapWidth=1, flipHoriz=null, flipVert=null )
54.95431499998085	EXP	instruction_text1: units = "norm"
54.95431499998085	EXP	instruction_text1: ori = 0
54.95431499998085	EXP	instruction_text1: opacity = 1
54.95431499998085	EXP	instruction_text1: pos = [0,0]
54.95431499998085	EXP	instruction_text1: size = undefined
54.95431499998085	EXP	instruction_text1: text = "Ön most szavakat fog látni.\n\nEzek között lesznek olyanok, amelyeket ismer, de előfordulhatnak olyanok is, amelyeket nem ismer, sőt, vannak köztük kitalált szavak is. \n\nKérjük, ha ismeri a képernyőn látható szót, nyomja meg a JOBB kurzorbillentyűt.\nKérjük, ha NEM ismeri a képernyőn látható szót, vagy azt gondolja, nincs ilyen szó a magyarban, nyomja meg a BAL kurzorbillentyűt.\n\nAz 'Ismerem a szót' döntés itt most ezt jelenti: találkoztam már vele, és van valami elképzelésem a jelentéséről is.  \n\nNyomjon meg bármilyen billentyűt a folytatáshoz."
54.95431499998085	EXP	instruction_text1: font = "Arial"
54.95431499998085	EXP	instruction_text1: color = {"_rgb":[1,1,1]}
54.95431499998085	EXP	instruction_text1: contrast = 1
54.95431499998085	EXP	instruction_text1: height = 0.05
54.95431499998085	EXP	instruction_text1: bold = false
54.95431499998085	EXP	instruction_text1: italic = false
54.95431499998085	EXP	instruction_text1: alignHoriz = "left"
54.95431499998085	EXP	instruction_text1: alignVert = "center"
54.95431499998085	EXP	instruction_text1: wrapWidth = 1
54.95431499998085	EXP	instruction_text1: flipHoriz = false
54.95431499998085	EXP	instruction_text1: flipVert = false
54.95431499998085	EXP	instruction_text2: units = "norm"
54.95431499998085	EXP	instruction_text2: ori = 0
54.95431499998085	EXP	instruction_text2: opacity = 1
54.95431499998085	EXP	instruction_text2: pos = [0,0]
54.95431499998085	EXP	instruction_text2: size = undefined
54.95431499998085	EXP	instruction_text2: text = "Először két egyszerű példát mutatunk Önnek.\n\nAz első szó létezik a magyarban, és valószínűleg Ön is ismeri. Itt nyomja majd meg a jobb kurzorbillentyűt.\nA második szó nem létezik a magyar nyelvben. Itt nyomja majd meg a bal kurzorbillentyűt.\n\nFontos, hogy a jobb gombot a jobb kezével, a bal gombot a bal kezével nyomja, ha tudja, és ne egy kezét használja a kísérletben.\n\nNyomjon meg bármilyen gombot a folytatáshoz."
54.95431499998085	EXP	instruction_text2: font = "Arial"
54.95431499998085	EXP	instruction_text2: color = {"_hex":"#FFFFFF","_rgb":[1,1,1]}
54.95431499998085	EXP	instruction_text2: contrast = 1
54.95431499998085	EXP	instruction_text2: height = 0.05
54.95431499998085	EXP	instruction_text2: bold = false
54.95431499998085	EXP	instruction_text2: italic = false
54.95431499998085	EXP	instruction_text2: alignHoriz = "left"
54.95431499998085	EXP	instruction_text2: alignVert = "center"
54.95431499998085	EXP	instruction_text2: wrapWidth = 1
54.95431499998085	EXP	instruction_text2: flipHoriz = false
54.95431499998085	EXP	instruction_text2: flipVert = false
54.95431499998085	EXP	show_text: units = "norm"
54.95431499998085	EXP	show_text: ori = 0
54.95431499998085	EXP	show_text: opacity = 1
54.95431499998085	EXP	show_text: pos = [0,0]
54.95431499998085	EXP	show_text: size = undefined
54.95431499998085	EXP	show_text: text = "asztal"
54.95431499998085	EXP	show_text: font = "Arial"
54.95431499998085	EXP	show_text: color = {"_hex":"#FFFFFF","_rgb":[1,1,1]}
54.95431499998085	EXP	show_text: contrast = 1
54.95431499998085	EXP	show_text: height = 0.2
54.95431499998085	EXP	show_text: bold = false
54.95431499998085	EXP	show_text: italic = false
54.95431499998085	EXP	show_text: alignHoriz = "left"
54.95431499998085	EXP	show_text: alignVert = "center"
54.95431499998085	EXP	show_text: wrapWidth = 1
54.95431499998085	EXP	show_text: flipHoriz = false
54.95431499998085	EXP	show_text: flipVert = false
54.95431499998085	EXP	text: units = "norm"
54.95431499998085	EXP	text: ori = 0
54.95431499998085	EXP	text: opacity = 1
54.95431499998085	EXP	text: pos = [0,0]
54.95431499998085	EXP	text: size = undefined
54.95431499998085	EXP	text: text = "bzsmfsztal"
54.95431499998085	EXP	text: font = "Arial"
54.95431499998085	EXP	text: color = {"_hex":"#FFFFFF","_rgb":[1,1,1]}
54.95431499998085	EXP	text: contrast = 1
54.95431499998085	EXP	text: height = 0.2
54.95431499998085	EXP	text: bold = false
54.95431499998085	EXP	text: italic = false
54.95431499998085	EXP	text: alignHoriz = "left"
54.95431499998085	EXP	text: alignVert = "center"
54.95431499998085	EXP	text: wrapWidth = 1
54.95431499998085	EXP	text: flipHoriz = false
54.95431499998085	EXP	text: flipVert = false
54.95431499998085	EXP	instruction_text3: units = "norm"
54.95431499998085	EXP	instruction_text3: ori = 0
54.95431499998085	EXP	instruction_text3: opacity = 1
54.95431499998085	EXP	instruction_text3: pos = [0,0]
54.95431499998085	EXP	instruction_text3: size = undefined
54.95431499998085	EXP	instruction_text3: text = "Pazar. Most kezdődik az igazi kísérlet. Néhány percig fog tartani. Nem kell nagyon sietnie, de igyekezzen gyorsan válaszolni.\n\nNe feledje, ha tudja, a jobb gombot a jobbkezével, a bal gombot a balkezével nyomja le.\n\nNyomjon meg bármilyen gombot a folytatáshoz."
54.95431499998085	EXP	instruction_text3: font = "Arial"
54.95431499998085	EXP	instruction_text3: color = {"_hex":"#FFFFFF","_rgb":[1,1,1]}
54.95431499998085	EXP	instruction_text3: contrast = 1
54.95431499998085	EXP	instruction_text3: height = 0.1
54.95431499998085	EXP	instruction_text3: bold = false
54.95431499998085	EXP	instruction_text3: italic = false
54.95431499998085	EXP	instruction_text3: alignHoriz = "left"
54.95431499998085	EXP	instruction_text3: alignVert = "center"
54.95431499998085	EXP	instruction_text3: wrapWidth = 1
54.95431499998085	EXP	instruction_text3: flipHoriz = false
54.95431499998085	EXP	instruction_text3: flipVert = false
54.95431499998085	EXP	szo_kiir: units = "norm"
54.95431499998085	EXP	szo_kiir: ori = 0
54.95431499998085	EXP	szo_kiir: opacity = 1
54.95431499998085	EXP	szo_kiir: pos = [0,0]
54.95431499998085	EXP	szo_kiir: size = undefined
54.95431499998085	EXP	szo_kiir: text = "default text"
54.95431499998085	EXP	szo_kiir: font = "Arial"
54.95431499998085	EXP	szo_kiir: color = {"_hex":"#FFFFFF","_rgb":[1,1,1]}
54.95431499998085	EXP	szo_kiir: contrast = 1
54.95431499998085	EXP	szo_kiir: height = 0.2
54.95431499998085	EXP	szo_kiir: bold = false
54.95431499998085	EXP	szo_kiir: italic = false
54.95431499998085	EXP	szo_kiir: alignHoriz = "left"
54.95431499998085	EXP	szo_kiir: alignVert = "center"
54.95431499998085	EXP	szo_kiir: wrapWidth = 1
54.95431499998085	EXP	szo_kiir: flipHoriz = false
54.95431499998085	EXP	szo_kiir: flipVert = false
54.95431499998085	EXP	koszi_szoveg: units = "norm"
54.95431499998085	EXP	koszi_szoveg: ori = 0
54.95431499998085	EXP	koszi_szoveg: opacity = 1
54.95431499998085	EXP	koszi_szoveg: pos = [0,0]
54.95431499998085	EXP	koszi_szoveg: size = undefined
54.95431499998085	EXP	koszi_szoveg: text = "Vége a kísérletnek. Köszönjük a részvételt!"
54.95431499998085	EXP	koszi_szoveg: font = "arial"
54.95431499998085	EXP	koszi_szoveg: color = {"_rgb":[1,1,1]}
54.95431499998085	EXP	koszi_szoveg: contrast = 1
54.95431499998085	EXP	koszi_szoveg: height = 0.1
54.95431499998085	EXP	koszi_szoveg: bold = false
54.95431499998085	EXP	koszi_szoveg: italic = false
54.95431499998085	EXP	koszi_szoveg: alignHoriz = "left"
54.95431499998085	EXP	koszi_szoveg: alignVert = "center"
54.95431499998085	EXP	koszi_szoveg: wrapWidth = 1
54.95431499998085	EXP	koszi_szoveg: flipHoriz = false
54.95431499998085	EXP	koszi_szoveg: flipVert = false
54.95431499998085	EXP	instruction_text1: autoDraw = true
78.1259349999018	DATA	Keydown: ArrowRight
78.16108500002883	EXP	instruction_text1: autoDraw = false
78.16108500002883	EXP	instruction_text2: autoDraw = true
93.75238499999978	DATA	Keydown:  
93.75847000000067	EXP	instruction_text2: autoDraw = false
94.29471500008367	EXP	show_text: autoDraw = true
95.75988999987021	DATA	Keydown: ArrowRight
95.77502000005916	EXP	show_text: autoDraw = false
96.3017299999483	EXP	text: autoDraw = true
97.48805000004359	DATA	Keydown: ArrowLeft
97.5295150000602	EXP	text: autoDraw = false
97.5295150000602	EXP	instruction_text3: autoDraw = true
105.77699499996379	DATA	Keydown: ,
105.86294499994256	EXP	instruction_text3: autoDraw = false
105.86294499994256	EXP	szo_kiir: color = {"_rgb":[1,1,1]}
105.86294499994256	EXP	szo_kiir: text = "hely"
106.3811149999965	EXP	szo_kiir: autoDraw = true
107.33526499988511	DATA	Keydown: ArrowRight
107.34368499997072	EXP	szo_kiir: autoDraw = false
107.34368499997072	EXP	szo_kiir: color = {"_rgb":[1,1,1]}
107.34368499997072	EXP	szo_kiir: text = "szigon"
107.86207500007004	EXP	szo_kiir: autoDraw = true
109.86828500009142	DATA	Keydown: ArrowLeft
109.91054000006989	EXP	szo_kiir: autoDraw = false
109.91054000006989	EXP	szo_kiir: color = {"_rgb":[1,1,1]}
109.91054000006989	EXP	szo_kiir: text = "gyerek"
110.43289000005461	EXP	szo_kiir: autoDraw = true
110.98329499992542	DATA	Keydown: ArrowRight
110.9925500000827	EXP	szo_kiir: autoDraw = false
110.9925500000827	EXP	szo_kiir: color = {"_rgb":[1,1,1]}
110.9925500000827	EXP	szo_kiir: text = "cím"
111.51358500006609	EXP	szo_kiir: autoDraw = true
112.4952199999243	DATA	Keydown: ArrowRight
112.53745499998331	EXP	szo_kiir: autoDraw = false
112.53745499998331	EXP	szo_kiir: color = {"_rgb":[1,1,1]}
112.53745499998331	EXP	szo_kiir: text = "tetszik"
113.04863000009209	EXP	szo_kiir: autoDraw = true
113.61548499995843	DATA	Keydown: ArrowRight
113.6259649998974	EXP	szo_kiir: autoDraw = false
113.6259649998974	EXP	szo_kiir: color = {"_rgb":[1,1,1]}
113.6259649998974	EXP	szo_kiir: text = "gép"
114.14779499988072	EXP	szo_kiir: autoDraw = true
114.5513299999293	DATA	Keydown: ArrowRight
114.59908499987796	EXP	szo_kiir: autoDraw = false
114.59908499987796	EXP	szo_kiir: color = {"_rgb":[1,1,1]}
114.59908499987796	EXP	szo_kiir: text = "zenekar"
115.11369500006549	EXP	szo_kiir: autoDraw = true
115.5826699999161	DATA	Keydown: ArrowRight
115.59180999989621	EXP	szo_kiir: autoDraw = false
115.59180999989621	EXP	szo_kiir: color = {"_rgb":[1,1,1]}
115.59180999989621	EXP	szo_kiir: text = "kész"
116.11272999993525	EXP	szo_kiir: autoDraw = true
116.47207499993965	DATA	Keydown: ArrowRight
116.4958649999462	EXP	szo_kiir: autoDraw = false
116.4958649999462	EXP	szo_kiir: color = {"_rgb":[1,1,1]}
116.4958649999462	EXP	szo_kiir: text = "hiányzik"
117.0109250000678	EXP	szo_kiir: autoDraw = true
117.3918550000526	DATA	Keydown: ArrowRight
117.40808500000276	EXP	szo_kiir: autoDraw = false
117.40808500000276	EXP	szo_kiir: color = {"_rgb":[1,1,1]}
117.40808500000276	EXP	szo_kiir: text = "csomag"
117.91351999994367	EXP	szo_kiir: autoDraw = true
118.29511499986984	DATA	Keydown: ArrowRight
118.32691999990493	EXP	szo_kiir: autoDraw = false
118.32691999990493	EXP	szo_kiir: color = {"_rgb":[1,1,1]}
118.32691999990493	EXP	szo_kiir: text = "hézhet"
118.84272499987856	EXP	szo_kiir: autoDraw = true
119.24723000009544	DATA	Keydown: ArrowRight
119.25971499993466	EXP	szo_kiir: autoDraw = false
119.25971499993466	EXP	szo_kiir: color = {"_rgb":[1,1,1]}
119.25971499993466	EXP	szo_kiir: text = "olaj"
119.76454499992542	EXP	szo_kiir: autoDraw = true
120.27151999995112	DATA	Keydown: ArrowRight
120.2783899998758	EXP	szo_kiir: autoDraw = false
120.2783899998758	EXP	szo_kiir: color = {"_rgb":[1,1,1]}
120.2783899998758	EXP	szo_kiir: text = "üveg"
120.79734500008635	EXP	szo_kiir: autoDraw = true
121.26376500003971	DATA	Keydown: ArrowRight
121.294874999905	EXP	szo_kiir: autoDraw = false
121.294874999905	EXP	szo_kiir: color = {"_rgb":[1,1,1]}
121.294874999905	EXP	szo_kiir: text = "borhátsz"
121.81241500005126	EXP	szo_kiir: autoDraw = true
123.04722000006586	DATA	Keydown: ArrowLeft
123.06002500001341	EXP	szo_kiir: autoDraw = false
123.06002500001341	EXP	szo_kiir: color = {"_rgb":[1,1,1]}
123.06002500001341	EXP	szo_kiir: text = "sulás"
123.5775399999693	EXP	szo_kiir: autoDraw = true
124.81522500002757	DATA	Keydown: ArrowRight
124.82746500009671	EXP	szo_kiir: autoDraw = false
124.82746500009671	EXP	szo_kiir: color = {"_rgb":[1,1,1]}
124.82746500009671	EXP	szo_kiir: text = "kedvezmény"
125.34428999992087	EXP	szo_kiir: autoDraw = true
126.04716999991797	DATA	Keydown: ArrowRight
126.07749500009231	EXP	szo_kiir: autoDraw = false
126.07749500009231	EXP	szo_kiir: color = {"_rgb":[1,1,1]}
126.07749500009231	EXP	szo_kiir: text = "krém"
126.59648000006564	EXP	szo_kiir: autoDraw = true
127.2096400000155	DATA	Keydown: ArrowRight
127.22491499991156	EXP	szo_kiir: autoDraw = false
127.22491499991156	EXP	szo_kiir: color = {"_rgb":[1,1,1]}
127.22491499991156	EXP	szo_kiir: text = "hagy"
127.73017499991693	EXP	szo_kiir: autoDraw = true
128.13546000001952	DATA	Keydown: ArrowRight
128.16072500008158	EXP	szo_kiir: autoDraw = false
128.16072500008158	EXP	szo_kiir: color = {"_rgb":[1,1,1]}
128.16072500008158	EXP	szo_kiir: text = "barát"
128.6793100000359	EXP	szo_kiir: autoDraw = true
129.07137500005774	DATA	Keydown: ArrowRight
129.07703999988735	EXP	szo_kiir: autoDraw = false
129.07703999988735	EXP	szo_kiir: color = {"_rgb":[1,1,1]}
129.07703999988735	EXP	szo_kiir: text = "lábtörög"
129.5996499999892	EXP	szo_kiir: autoDraw = true
130.94491000007838	DATA	Keydown: ArrowLeft
130.97552999993786	EXP	szo_kiir: autoDraw = false
130.97552999993786	EXP	szo_kiir: color = {"_rgb":[1,1,1]}
130.97552999993786	EXP	szo_kiir: text = "rák"
131.47999999998137	EXP	szo_kiir: autoDraw = true
132.04710999992676	DATA	Keydown: ArrowRight
132.06110000004992	EXP	szo_kiir: autoDraw = false
132.06110000004992	EXP	szo_kiir: color = {"_rgb":[1,1,1]}
132.06110000004992	EXP	szo_kiir: text = "környezetvédelem"
132.58367499988526	EXP	szo_kiir: autoDraw = true
133.47966499999166	DATA	Keydown: ArrowRight
133.52006000000983	EXP	szo_kiir: autoDraw = false
133.52006000000983	EXP	szo_kiir: color = {"_rgb":[1,1,1]}
133.52006000000983	EXP	szo_kiir: text = "beton"
134.03043000004254	EXP	szo_kiir: autoDraw = true
134.47117500007153	DATA	Keydown: ArrowRight
134.4778599999845	EXP	szo_kiir: autoDraw = false
134.4778599999845	EXP	szo_kiir: color = {"_rgb":[1,1,1]}
134.4778599999845	EXP	szo_kiir: text = "lánc"
134.99698999989778	EXP	szo_kiir: autoDraw = true
135.3638899999205	DATA	Keydown: ArrowRight
135.38901999988593	EXP	szo_kiir: autoDraw = false
135.38901999988593	EXP	szo_kiir: color = {"_rgb":[1,1,1]}
135.38901999988593	EXP	szo_kiir: text = "törékeny"
135.8955399999395	EXP	szo_kiir: autoDraw = true
136.2240049999673	DATA	Keydown: ArrowRight
136.2286399998702	EXP	szo_kiir: autoDraw = false
136.2286399998702	EXP	szo_kiir: color = {"_rgb":[1,1,1]}
136.2286399998702	EXP	szo_kiir: text = "kölcsönöz"
136.74875000002794	EXP	szo_kiir: autoDraw = true
137.10339500010014	DATA	Keydown: ArrowRight
137.12245499994606	EXP	szo_kiir: autoDraw = false
137.12245499994606	EXP	szo_kiir: color = {"_rgb":[1,1,1]}
137.12245499994606	EXP	szo_kiir: text = "hossz"
137.63100500009023	EXP	szo_kiir: autoDraw = true
138.19646000000648	DATA	Keydown: ArrowRight
138.21068000001833	EXP	szo_kiir: autoDraw = false
138.21068000001833	EXP	szo_kiir: color = {"_rgb":[1,1,1]}
138.21068000001833	EXP	szo_kiir: text = "alapszabály"
138.73105000006035	EXP	szo_kiir: autoDraw = true
139.41549999988638	DATA	Keydown: ArrowRight
139.442495000083	EXP	szo_kiir: autoDraw = false
139.442495000083	EXP	szo_kiir: color = {"_rgb":[1,1,1]}
139.442495000083	EXP	szo_kiir: text = "sötét"
139.94718999997713	EXP	szo_kiir: autoDraw = true
140.3033300000243	DATA	Keydown: ArrowRight
140.31230499991216	EXP	szo_kiir: autoDraw = false
140.31230499991216	EXP	szo_kiir: color = {"_rgb":[1,1,1]}
140.31230499991216	EXP	szo_kiir: text = "ponyai"
140.83200499997474	EXP	szo_kiir: autoDraw = true
141.18350000004284	DATA	Keydown: ArrowRight
141.19424499990419	EXP	szo_kiir: autoDraw = false
141.19424499990419	EXP	szo_kiir: color = {"_rgb":[1,1,1]}
141.19424499990419	EXP	szo_kiir: text = "torz"
141.71411500009708	EXP	szo_kiir: autoDraw = true
142.22359499987215	DATA	Keydown: ArrowRight
142.24389500007965	EXP	szo_kiir: autoDraw = false
142.24389500007965	EXP	szo_kiir: color = {"_rgb":[1,1,1]}
142.24389500007965	EXP	szo_kiir: text = "aszimmetrikus"
142.74945500004105	EXP	szo_kiir: autoDraw = true
144.83923000004143	DATA	Keydown: ArrowRight
144.84559999988414	EXP	szo_kiir: autoDraw = false
144.84559999988414	EXP	szo_kiir: color = {"_rgb":[1,1,1]}
144.84559999988414	EXP	szo_kiir: text = "puharmes"
145.36415000003763	EXP	szo_kiir: autoDraw = true
146.24777000001632	DATA	Keydown: ArrowLeft
146.27569500007667	EXP	szo_kiir: autoDraw = false
146.27569500007667	EXP	szo_kiir: color = {"_rgb":[1,1,1]}
146.27569500007667	EXP	szo_kiir: text = "kabin"
146.7815249999985	EXP	szo_kiir: autoDraw = true
147.27126999991015	DATA	Keydown: ArrowRight
147.27848499990068	EXP	szo_kiir: autoDraw = false
147.27848499990068	EXP	szo_kiir: color = {"_rgb":[1,1,1]}
147.27848499990068	EXP	szo_kiir: text = "égitest"
147.79921499988995	EXP	szo_kiir: autoDraw = true
148.38057999988087	DATA	Keydown: ArrowRight
148.41409499989823	EXP	szo_kiir: autoDraw = false
148.41409499989823	EXP	szo_kiir: color = {"_rgb":[1,1,1]}
148.41409499989823	EXP	szo_kiir: text = "belgyógyász"
148.93261000001803	EXP	szo_kiir: autoDraw = true
149.51289499993436	DATA	Keydown: ArrowRight
149.52839999995194	EXP	szo_kiir: autoDraw = false
149.52839999995194	EXP	szo_kiir: color = {"_rgb":[1,1,1]}
149.52839999995194	EXP	szo_kiir: text = "ezüstös"
150.04639500007033	EXP	szo_kiir: autoDraw = true
150.44742000009865	DATA	Keydown: ArrowRight
150.49286499992013	EXP	szo_kiir: autoDraw = false
150.49286499992013	EXP	szo_kiir: color = {"_rgb":[1,1,1]}
150.49286499992013	EXP	szo_kiir: text = "foglaltatik"
150.99921000003815	EXP	szo_kiir: autoDraw = true
151.53523999988101	DATA	Keydown: ArrowRight
151.5458299999591	EXP	szo_kiir: autoDraw = false
151.5458299999591	EXP	szo_kiir: color = {"_rgb":[1,1,1]}
151.5458299999591	EXP	szo_kiir: text = "pikusz"
152.06628999998793	EXP	szo_kiir: autoDraw = true
152.46384000009857	DATA	Keydown: ArrowRight
152.47958000004292	EXP	szo_kiir: autoDraw = false
152.47958000004292	EXP	szo_kiir: color = {"_rgb":[1,1,1]}
152.47958000004292	EXP	szo_kiir: text = "megállóhely"
152.99716500006616	EXP	szo_kiir: autoDraw = true
153.76742499996908	DATA	Keydown: ArrowRight
153.7916049999185	EXP	szo_kiir: autoDraw = false
153.7916049999185	EXP	szo_kiir: color = {"_rgb":[1,1,1]}
153.7916049999185	EXP	szo_kiir: text = "blúz"
154.2994999999646	EXP	szo_kiir: autoDraw = true
154.7917150000576	DATA	Keydown: ArrowRight
154.79589499998838	EXP	szo_kiir: autoDraw = false
154.79589499998838	EXP	szo_kiir: color = {"_rgb":[1,1,1]}
154.79589499998838	EXP	szo_kiir: text = "gráf"
155.31673000007868	EXP	szo_kiir: autoDraw = true
155.9148699999787	DATA	Keydown: ArrowRight
155.9429550000932	EXP	szo_kiir: autoDraw = false
155.9429550000932	EXP	szo_kiir: color = {"_rgb":[1,1,1]}
155.9429550000932	EXP	szo_kiir: text = "neoprén"
156.449285000097	EXP	szo_kiir: autoDraw = true
158.78043000004254	DATA	Keydown: ArrowLeft
158.79689499991946	EXP	szo_kiir: autoDraw = false
158.79689499991946	EXP	szo_kiir: color = {"_rgb":[1,1,1]}
158.79689499991946	EXP	szo_kiir: text = "katerült"
159.31523499987088	EXP	szo_kiir: autoDraw = true
160.2152950000018	DATA	Keydown: ArrowLeft
160.2291049999185	EXP	szo_kiir: autoDraw = false
160.2291049999185	EXP	szo_kiir: color = {"_rgb":[1,1,1]}
160.2291049999185	EXP	szo_kiir: text = "sárgaréz"
160.74958500009961	EXP	szo_kiir: autoDraw = true
161.33155500004068	DATA	Keydown: ArrowRight
161.36317500006407	EXP	szo_kiir: autoDraw = false
161.36317500006407	EXP	szo_kiir: color = {"_rgb":[1,1,1]}
161.36317500006407	EXP	szo_kiir: text = "leér"
161.88216999988072	EXP	szo_kiir: autoDraw = true
162.5192950000055	DATA	Keydown: ArrowRight
162.52931999997236	EXP	szo_kiir: autoDraw = false
162.52931999997236	EXP	szo_kiir: color = {"_rgb":[1,1,1]}
162.52931999997236	EXP	szo_kiir: text = "érlelődik"
163.0506199998781	EXP	szo_kiir: autoDraw = true
163.9193100000266	DATA	Keydown: ArrowRight
163.94334500003606	EXP	szo_kiir: autoDraw = false
163.94334500003606	EXP	szo_kiir: color = {"_rgb":[1,1,1]}
163.94334500003606	EXP	szo_kiir: text = "indulatú"
164.45035000005737	EXP	szo_kiir: autoDraw = true
164.81556500005536	DATA	Keydown: ArrowRight
164.8305999999866	EXP	szo_kiir: autoDraw = false
164.8305999999866	EXP	szo_kiir: color = {"_rgb":[1,1,1]}
164.8305999999866	EXP	szo_kiir: text = "aprimitmus"
165.34698499995284	EXP	szo_kiir: autoDraw = true
165.7158899998758	DATA	Keydown: ArrowRight
165.72939500003122	EXP	szo_kiir: autoDraw = false
165.72939500003122	EXP	szo_kiir: color = {"_rgb":[1,1,1]}
165.72939500003122	EXP	szo_kiir: text = "érkésztás"
166.24640000006184	EXP	szo_kiir: autoDraw = true
166.83251000009477	DATA	Keydown: ArrowRight
166.8473900000099	EXP	szo_kiir: autoDraw = false
166.8473900000099	EXP	szo_kiir: color = {"_rgb":[1,1,1]}
166.8473900000099	EXP	szo_kiir: text = "forgórész"
167.3661050000228	EXP	szo_kiir: autoDraw = true
168.44776999996975	DATA	Keydown: ArrowRight
168.47325000003912	EXP	szo_kiir: autoDraw = false
168.47325000003912	EXP	szo_kiir: color = {"_rgb":[1,1,1]}
168.47325000003912	EXP	szo_kiir: text = "sólyuk"
168.98276000004262	EXP	szo_kiir: autoDraw = true
170.35231500002556	DATA	Keydown: ArrowRight
170.36428499990143	EXP	szo_kiir: autoDraw = false
170.36428499990143	EXP	szo_kiir: color = {"_rgb":[1,1,1]}
170.36428499990143	EXP	szo_kiir: text = "sikációzan"
170.8820350000169	EXP	szo_kiir: autoDraw = true
172.0714549999684	DATA	Keydown: ArrowLeft
172.07983499998227	EXP	szo_kiir: autoDraw = false
172.07983499998227	EXP	szo_kiir: color = {"_rgb":[1,1,1]}
172.07983499998227	EXP	szo_kiir: text = "ómagyar"
172.60111499996856	EXP	szo_kiir: autoDraw = true
173.6706950000953	DATA	Keydown: ArrowLeft
173.68004500004463	EXP	szo_kiir: autoDraw = false
173.68004500004463	EXP	szo_kiir: color = {"_rgb":[1,1,1]}
173.68004500004463	EXP	szo_kiir: text = "camembert"
174.18423000001349	EXP	szo_kiir: autoDraw = true
174.98323999997228	DATA	Keydown: ArrowRight
175.01317499997094	EXP	szo_kiir: autoDraw = false
175.01317499997094	EXP	szo_kiir: color = {"_rgb":[1,1,1]}
175.01317499997094	EXP	szo_kiir: text = "tévedzik"
175.51681499998085	EXP	szo_kiir: autoDraw = true
176.75141999986954	DATA	Keydown: ArrowLeft
176.76415499998257	EXP	szo_kiir: autoDraw = false
176.76415499998257	EXP	szo_kiir: color = {"_rgb":[1,1,1]}
176.76415499998257	EXP	szo_kiir: text = "egzisztencializmus"
177.26836999994703	EXP	szo_kiir: autoDraw = true
178.07159000006504	DATA	Keydown: ArrowRight
178.09635500004515	EXP	szo_kiir: autoDraw = false
178.09635500004515	EXP	szo_kiir: color = {"_rgb":[1,1,1]}
178.09635500004515	EXP	szo_kiir: text = "komolyodik"
178.60108499997295	EXP	szo_kiir: autoDraw = true
179.33529499988072	DATA	Keydown: ArrowRight
179.34830499999225	EXP	szo_kiir: autoDraw = false
179.34830499999225	EXP	szo_kiir: color = {"_rgb":[1,1,1]}
179.34830499999225	EXP	szo_kiir: text = "fotoszintetikus"
179.86705500003882	EXP	szo_kiir: autoDraw = true
180.97645499999635	DATA	Keydown: ArrowRight
180.99301499989815	EXP	szo_kiir: autoDraw = false
180.99301499989815	EXP	szo_kiir: color = {"_rgb":[1,1,1]}
180.99301499989815	EXP	szo_kiir: text = "dermeszt"
181.49857000005431	EXP	szo_kiir: autoDraw = true
182.1435000000056	DATA	Keydown: ArrowRight
182.14872499997728	EXP	szo_kiir: autoDraw = false
182.14872499997728	EXP	szo_kiir: color = {"_rgb":[1,1,1]}
182.14872499997728	EXP	szo_kiir: text = "sziszeg"
182.66741500003263	EXP	szo_kiir: autoDraw = true
183.3673799999524	DATA	Keydown: ArrowRight
183.39943500002846	EXP	szo_kiir: autoDraw = false
183.39943500002846	EXP	szo_kiir: color = {"_rgb":[1,1,1]}
183.39943500002846	EXP	szo_kiir: text = "meztelenkedik"
183.91806999989785	EXP	szo_kiir: autoDraw = true
185.2488800000865	DATA	Keydown: ArrowRight
185.26432999991812	EXP	szo_kiir: autoDraw = false
185.26432999991812	EXP	szo_kiir: color = {"_rgb":[1,1,1]}
185.26432999991812	EXP	szo_kiir: text = "balhézik"
185.78439499996603	EXP	szo_kiir: autoDraw = true
186.30330500006676	DATA	Keydown: ArrowRight
186.33027500007302	EXP	szo_kiir: autoDraw = false
186.33027500007302	EXP	szo_kiir: color = {"_rgb":[1,1,1]}
186.33027500007302	EXP	szo_kiir: text = "bizmut"
186.83449500007555	EXP	szo_kiir: autoDraw = true
187.51982999988832	DATA	Keydown: ArrowLeft
187.53110000002198	EXP	szo_kiir: autoDraw = false
187.53110000002198	EXP	szo_kiir: color = {"_rgb":[1,1,1]}
187.53110000002198	EXP	szo_kiir: text = "műt"
188.05405999999493	EXP	szo_kiir: autoDraw = true
188.53579999995418	DATA	Keydown: ArrowRight
188.54838500008918	EXP	szo_kiir: autoDraw = false
188.54838500008918	EXP	szo_kiir: color = {"_rgb":[1,1,1]}
188.54838500008918	EXP	szo_kiir: text = "kistányér"
189.05257000005804	EXP	szo_kiir: autoDraw = true
189.6706449999474	DATA	Keydown: ArrowRight
189.6890799999237	EXP	szo_kiir: autoDraw = false
189.6890799999237	EXP	szo_kiir: color = {"_rgb":[1,1,1]}
189.6890799999237	EXP	szo_kiir: text = "tamia"
190.19818499987014	EXP	szo_kiir: autoDraw = true
190.63855999987572	DATA	Keydown: ArrowRight
190.6472300000023	EXP	szo_kiir: autoDraw = false
190.6472300000023	EXP	szo_kiir: color = {"_rgb":[1,1,1]}
190.6472300000023	EXP	szo_kiir: text = "tárgylemez"
190.83052999991924	DATA	Keydown: ArrowRight
191.16907000006177	EXP	szo_kiir: autoDraw = true
192.00106499996036	DATA	Keydown: ArrowRight
192.01548000006005	EXP	szo_kiir: autoDraw = false
192.01548000006005	EXP	szo_kiir: color = {"_rgb":[1,1,1]}
192.01548000006005	EXP	szo_kiir: text = "diáknyelv"
192.53254500008188	EXP	szo_kiir: autoDraw = true
193.02339500002563	DATA	Keydown: ArrowRight
193.04695499991067	EXP	szo_kiir: autoDraw = false
193.04695499991067	EXP	szo_kiir: color = {"_rgb":[1,1,1]}
193.04695499991067	EXP	szo_kiir: text = "nyelvcsap"
193.55165999988094	EXP	szo_kiir: autoDraw = true
194.12680500000715	DATA	Keydown: ArrowRight
194.13016499998048	EXP	szo_kiir: autoDraw = false
194.13016499998048	EXP	szo_kiir: color = {"_rgb":[1,1,1]}
194.13016499998048	EXP	szo_kiir: text = "tömődik"
194.63544999994338	EXP	szo_kiir: autoDraw = true
195.0661249998957	DATA	Keydown: ArrowRight
195.0935949999839	EXP	szo_kiir: autoDraw = false
195.0935949999839	EXP	szo_kiir: color = {"_rgb":[1,1,1]}
195.0935949999839	EXP	szo_kiir: text = "vízilabdázik"
195.60146999987774	EXP	szo_kiir: autoDraw = true
196.25539999990724	DATA	Keydown: ArrowRight
196.26603500009514	EXP	szo_kiir: autoDraw = false
196.26603500009514	EXP	szo_kiir: color = {"_rgb":[1,1,1]}
196.26603500009514	EXP	szo_kiir: text = "detonátor"
196.7852749999147	EXP	szo_kiir: autoDraw = true
197.47133499989286	DATA	Keydown: ArrowRight
197.4945300000254	EXP	szo_kiir: autoDraw = false
197.4945300000254	EXP	szo_kiir: color = {"_rgb":[1,1,1]}
197.4945300000254	EXP	szo_kiir: text = "konyosbetű"
198.00285500008613	EXP	szo_kiir: autoDraw = true
198.51955000008456	DATA	Keydown: ArrowRight
198.53268499998376	EXP	szo_kiir: autoDraw = false
198.53268499998376	EXP	szo_kiir: color = {"_rgb":[1,1,1]}
198.53268499998376	EXP	szo_kiir: text = "selypít"
199.0516850000713	EXP	szo_kiir: autoDraw = true
199.78465500008315	DATA	Keydown: ArrowRight
199.79875999991782	EXP	szo_kiir: autoDraw = false
199.79875999991782	EXP	szo_kiir: color = {"_rgb":[1,1,1]}
199.79875999991782	EXP	szo_kiir: text = "krakéler"
200.3181549999863	EXP	szo_kiir: autoDraw = true
200.8183999999892	DATA	Keydown: ArrowRight
200.84392499993555	EXP	szo_kiir: autoDraw = false
200.84392499993555	EXP	szo_kiir: color = {"_rgb":[1,1,1]}
200.84392499993555	EXP	szo_kiir: text = "szánkózik"
201.3494049999863	EXP	szo_kiir: autoDraw = true
201.79172000009567	DATA	Keydown: ArrowRight
201.79952499992214	EXP	szo_kiir: autoDraw = false
201.79952499992214	EXP	szo_kiir: color = {"_rgb":[1,1,1]}
201.79952499992214	EXP	szo_kiir: text = "majánosol"
202.31606999994256	EXP	szo_kiir: autoDraw = true
202.9130100000184	DATA	Keydown: ArrowRight
202.9179249999579	EXP	szo_kiir: autoDraw = false
202.9179249999579	EXP	szo_kiir: color = {"_rgb":[1,1,1]}
202.9179249999579	EXP	szo_kiir: text = "hokizik"
203.43522000010125	EXP	szo_kiir: autoDraw = true
204.07144499989226	DATA	Keydown: ArrowRight
204.09901000000536	EXP	szo_kiir: autoDraw = false
204.09901000000536	EXP	szo_kiir: color = {"_rgb":[1,1,1]}
204.09901000000536	EXP	szo_kiir: text = "szemestakarmány"
204.60321499989368	EXP	szo_kiir: autoDraw = true
205.40731999999844	DATA	Keydown: ArrowRight
205.41678499989212	EXP	szo_kiir: autoDraw = false
205.41678499989212	EXP	szo_kiir: color = {"_rgb":[1,1,1]}
205.41678499989212	EXP	szo_kiir: text = "zúzanó"
205.93574999994598	EXP	szo_kiir: autoDraw = true
206.471344999969	DATA	Keydown: ArrowRight
206.4846499999985	EXP	szo_kiir: autoDraw = false
206.4846499999985	EXP	szo_kiir: color = {"_rgb":[1,1,1]}
206.4846499999985	EXP	szo_kiir: text = "repedtfazék"
207.00060999998823	EXP	szo_kiir: autoDraw = true
207.83938000001945	DATA	Keydown: ArrowRight
207.8663800000213	EXP	szo_kiir: autoDraw = false
207.8663800000213	EXP	szo_kiir: color = {"_rgb":[1,1,1]}
207.8663800000213	EXP	szo_kiir: text = "istenhozzád"
208.38351499987766	EXP	szo_kiir: autoDraw = true
209.43928999989294	DATA	Keydown: ArrowRight
209.45023999991827	EXP	szo_kiir: autoDraw = false
209.45023999991827	EXP	szo_kiir: color = {"_rgb":[1,1,1]}
209.45023999991827	EXP	szo_kiir: text = "elszarusodik"
209.96760499989614	EXP	szo_kiir: autoDraw = true
210.67992000002414	DATA	Keydown: ArrowRight
210.69620499992743	EXP	szo_kiir: autoDraw = false
210.69620499992743	EXP	szo_kiir: color = {"_rgb":[1,1,1]}
210.69620499992743	EXP	szo_kiir: text = "terpad"
211.20302499993704	EXP	szo_kiir: autoDraw = true
212.0188499998767	DATA	Keydown: ArrowLeft
212.033044999931	EXP	szo_kiir: autoDraw = false
212.033044999931	EXP	szo_kiir: color = {"_rgb":[1,1,1]}
212.033044999931	EXP	szo_kiir: text = "multiregionális"
212.55327500007115	EXP	szo_kiir: autoDraw = true
213.70478999987245	DATA	Keydown: ArrowRight
213.72880499996245	EXP	szo_kiir: autoDraw = false
213.72880499996245	EXP	szo_kiir: color = {"_rgb":[1,1,1]}
213.72880499996245	EXP	szo_kiir: text = "zomás"
214.23575500003062	EXP	szo_kiir: autoDraw = true
215.054865000071	DATA	Keydown: ArrowLeft
215.06618000008166	EXP	szo_kiir: autoDraw = false
215.06618000008166	EXP	szo_kiir: color = {"_rgb":[1,1,1]}
215.06618000008166	EXP	szo_kiir: text = "abeti"
215.58668499998748	EXP	szo_kiir: autoDraw = true
216.26385500002652	DATA	Keydown: ArrowLeft
216.28151999996044	EXP	szo_kiir: autoDraw = false
216.28151999996044	EXP	szo_kiir: color = {"_rgb":[1,1,1]}
216.28151999996044	EXP	szo_kiir: text = "megpadék"
216.78729499992914	EXP	szo_kiir: autoDraw = true
217.89538999996148	DATA	Keydown: ArrowLeft
217.90002999990247	EXP	szo_kiir: autoDraw = false
217.90002999990247	EXP	szo_kiir: color = {"_rgb":[1,1,1]}
217.90002999990247	EXP	szo_kiir: text = "ízesedik"
218.419474999886	EXP	szo_kiir: autoDraw = true
219.06342000002041	DATA	Keydown: ArrowRight
219.0819349999074	EXP	szo_kiir: autoDraw = false
219.0819349999074	EXP	szo_kiir: color = {"_rgb":[1,1,1]}
219.0819349999074	EXP	szo_kiir: text = "silabizál"
219.5875450000167	EXP	szo_kiir: autoDraw = true
220.51860000006855	DATA	Keydown: ArrowRight
220.53233499987982	EXP	szo_kiir: autoDraw = false
220.53233499987982	EXP	szo_kiir: color = {"_rgb":[1,1,1]}
220.53233499987982	EXP	szo_kiir: text = "amodális"
221.03787499992177	EXP	szo_kiir: autoDraw = true
221.78582999994978	DATA	Keydown: ArrowLeft
221.80162000004202	EXP	szo_kiir: autoDraw = false
221.80162000004202	EXP	szo_kiir: color = {"_rgb":[1,1,1]}
221.80162000004202	EXP	szo_kiir: text = "infimum"
222.32110000005923	EXP	szo_kiir: autoDraw = true
223.23557000001892	DATA	Keydown: ArrowRight
223.26805999991484	EXP	szo_kiir: autoDraw = false
223.26805999991484	EXP	szo_kiir: color = {"_rgb":[1,1,1]}
223.26805999991484	EXP	szo_kiir: text = "füvesít"
223.78408499993384	EXP	szo_kiir: autoDraw = true
224.3048449999187	DATA	Keydown: ArrowRight
224.31840500002727	EXP	szo_kiir: autoDraw = false
224.31840500002727	EXP	szo_kiir: color = {"_rgb":[1,1,1]}
224.31840500002727	EXP	szo_kiir: text = "alfél"
224.8368649999611	EXP	szo_kiir: autoDraw = true
225.27937999996357	DATA	Keydown: ArrowRight
225.30012000002898	EXP	szo_kiir: autoDraw = false
225.30012000002898	EXP	szo_kiir: color = {"_rgb":[1,1,1]}
225.30012000002898	EXP	szo_kiir: text = "klozettpapír"
225.8039450000506	EXP	szo_kiir: autoDraw = true
226.6798149999231	DATA	Keydown: ArrowRight
226.68432500003837	EXP	szo_kiir: autoDraw = false
226.68432500003837	EXP	szo_kiir: color = {"_rgb":[1,1,1]}
226.68432500003837	EXP	szo_kiir: text = "donhuán"
227.2065799999982	EXP	szo_kiir: autoDraw = true
228.15925000002608	DATA	Keydown: ArrowRight
228.18355499999598	EXP	szo_kiir: autoDraw = false
228.18355499999598	EXP	szo_kiir: color = {"_rgb":[1,1,1]}
228.18355499999598	EXP	szo_kiir: text = "truccol"
228.68569499999285	EXP	szo_kiir: autoDraw = true
229.90395499998704	DATA	Keydown: ArrowRight
229.91920999996364	EXP	szo_kiir: autoDraw = false
229.91920999996364	EXP	szo_kiir: color = {"_rgb":[1,1,1]}
229.91920999996364	EXP	szo_kiir: text = "tejeslány"
230.43779999995604	EXP	szo_kiir: autoDraw = true
230.98655500006862	DATA	Keydown: ArrowRight
231.01384499995038	EXP	szo_kiir: autoDraw = false
231.01384499995038	EXP	szo_kiir: color = {"_rgb":[1,1,1]}
231.01384499995038	EXP	szo_kiir: text = "hendesen"
231.5210949999746	EXP	szo_kiir: autoDraw = true
232.03197499993257	DATA	Keydown: ArrowRight
232.03632499999367	EXP	szo_kiir: autoDraw = false
232.03632499999367	EXP	szo_kiir: color = {"_rgb":[1,1,1]}
232.03632499999367	EXP	szo_kiir: text = "őrint"
232.55461500003003	EXP	szo_kiir: autoDraw = true
233.10420499998145	DATA	Keydown: ArrowRight
233.1188550000079	EXP	szo_kiir: autoDraw = false
233.1188550000079	EXP	szo_kiir: color = {"_rgb":[1,1,1]}
233.1188550000079	EXP	szo_kiir: text = "kongóvörös"
233.63762499997392	EXP	szo_kiir: autoDraw = true
234.43921500002034	DATA	Keydown: ArrowRight
234.45051999995485	EXP	szo_kiir: autoDraw = false
234.45051999995485	EXP	szo_kiir: color = {"_rgb":[1,1,1]}
234.45051999995485	EXP	szo_kiir: text = "hejehujázik"
234.96975499996915	EXP	szo_kiir: autoDraw = true
235.77525499998592	DATA	Keydown: ArrowRight
235.79912499990314	EXP	szo_kiir: autoDraw = false
235.79912499990314	EXP	szo_kiir: color = {"_rgb":[1,1,1]}
235.79912499990314	EXP	szo_kiir: text = "heherész"
236.30245499988087	EXP	szo_kiir: autoDraw = true
236.97013000003062	DATA	Keydown: ArrowRight
236.9853900000453	EXP	szo_kiir: autoDraw = false
236.9853900000453	EXP	szo_kiir: color = {"_rgb":[1,1,1]}
236.9853900000453	EXP	szo_kiir: text = "elméskedik"
237.50459000002593	EXP	szo_kiir: autoDraw = true
238.0950700000394	DATA	Keydown: ArrowRight
238.11622500000522	EXP	szo_kiir: autoDraw = false
238.11622500000522	EXP	szo_kiir: color = {"_rgb":[1,1,1]}
238.11622500000522	EXP	szo_kiir: text = "kendőr"
238.6195149999112	EXP	szo_kiir: autoDraw = true
239.0874649998732	DATA	Keydown: ArrowRight
239.10309499991126	EXP	szo_kiir: autoDraw = false
239.10309499991126	EXP	szo_kiir: color = {"_rgb":[1,1,1]}
239.10309499991126	EXP	szo_kiir: text = "embertelenedik"
239.62242999998853	EXP	szo_kiir: autoDraw = true
240.44761499995366	DATA	Keydown: ArrowRight
240.45350999990478	EXP	szo_kiir: autoDraw = false
240.45350999990478	EXP	szo_kiir: color = {"_rgb":[1,1,1]}
240.45350999990478	EXP	szo_kiir: text = "öklelőzik"
240.97288000001572	EXP	szo_kiir: autoDraw = true
242.2556700001005	DATA	Keydown: ArrowLeft
242.2686799999792	EXP	szo_kiir: autoDraw = false
242.2686799999792	EXP	szo_kiir: color = {"_rgb":[1,1,1]}
242.2686799999792	EXP	szo_kiir: text = "meleglaboratórium"
242.79028000007384	EXP	szo_kiir: autoDraw = true
244.0154549998697	DATA	Keydown: ArrowRight
244.03761500003748	EXP	szo_kiir: autoDraw = false
244.03761500003748	EXP	szo_kiir: color = {"_rgb":[1,1,1]}
244.03761500003748	EXP	szo_kiir: text = "alka"
244.55584000004455	EXP	szo_kiir: autoDraw = true
245.03281000000425	DATA	Keydown: ArrowRight
245.03694000001997	EXP	szo_kiir: autoDraw = false
245.03694000001997	EXP	szo_kiir: color = {"_rgb":[1,1,1]}
245.03694000001997	EXP	szo_kiir: text = "klímatérkép"
245.55519500002265	EXP	szo_kiir: autoDraw = true
246.2236850000918	DATA	Keydown: ArrowRight
246.23582999990322	EXP	szo_kiir: autoDraw = false
246.23582999990322	EXP	szo_kiir: color = {"_rgb":[1,1,1]}
246.23582999990322	EXP	szo_kiir: text = "sápít"
246.75499999988824	EXP	szo_kiir: autoDraw = true
247.19112999993376	DATA	Keydown: ArrowRight
247.21883499994874	EXP	szo_kiir: autoDraw = false
247.21883499994874	EXP	szo_kiir: color = {"_rgb":[1,1,1]}
247.21883499994874	EXP	szo_kiir: text = "rámáz"
247.72234999993816	EXP	szo_kiir: autoDraw = true
248.1594749998767	DATA	Keydown: ArrowRight
248.1707250000909	EXP	szo_kiir: autoDraw = false
248.1707250000909	EXP	szo_kiir: color = {"_rgb":[1,1,1]}
248.1707250000909	EXP	szo_kiir: text = "nyüzsgölődik"
248.68991499999538	EXP	szo_kiir: autoDraw = true
249.3909449998755	DATA	Keydown: ArrowRight
249.4089699999895	EXP	szo_kiir: autoDraw = false
249.4089699999895	EXP	szo_kiir: color = {"_rgb":[1,1,1]}
249.4089699999895	EXP	szo_kiir: text = "hegyipáfrány"
249.92311000009067	EXP	szo_kiir: autoDraw = true
250.52120999991894	DATA	Keydown: ArrowRight
250.5358750000596	EXP	szo_kiir: autoDraw = false
250.5358750000596	EXP	szo_kiir: color = {"_rgb":[1,1,1]}
250.5358750000596	EXP	szo_kiir: text = "különszakasz"
251.05710000009276	EXP	szo_kiir: autoDraw = true
251.6716299999971	DATA	Keydown: ArrowRight
251.69755499996245	EXP	szo_kiir: autoDraw = false
251.69755499996245	EXP	szo_kiir: color = {"_rgb":[1,1,1]}
251.69755499996245	EXP	szo_kiir: text = "széledez"
252.20672499993816	EXP	szo_kiir: autoDraw = true
253.32737499987707	DATA	Keydown: ArrowLeft
253.336159999948	EXP	szo_kiir: autoDraw = false
253.336159999948	EXP	szo_kiir: color = {"_rgb":[1,1,1]}
253.336159999948	EXP	szo_kiir: text = "köszörűsműhely"
253.8573449999094	EXP	szo_kiir: autoDraw = true
254.47954500000924	DATA	Keydown: ArrowRight
254.48772999993525	EXP	szo_kiir: autoDraw = false
254.48772999993525	EXP	szo_kiir: color = {"_rgb":[1,1,1]}
254.48772999993525	EXP	szo_kiir: text = "tetvetlenít"
255.0067300000228	EXP	szo_kiir: autoDraw = true
255.95711000007577	DATA	Keydown: ArrowRight
255.98050999990664	EXP	szo_kiir: autoDraw = false
255.98050999990664	EXP	szo_kiir: color = {"_rgb":[1,1,1]}
255.98050999990664	EXP	szo_kiir: text = "jelegező"
256.48973000003025	EXP	szo_kiir: autoDraw = true
256.95949500007555	DATA	Keydown: ArrowRight
256.9709199999925	EXP	szo_kiir: autoDraw = false
256.9709199999925	EXP	szo_kiir: color = {"_rgb":[1,1,1]}
256.9709199999925	EXP	szo_kiir: text = "kontinuáns"
257.48992499988526	EXP	szo_kiir: autoDraw = true
258.1433900000993	DATA	Keydown: ArrowRight
258.1542199999094	EXP	szo_kiir: autoDraw = false
258.1542199999094	EXP	szo_kiir: color = {"_rgb":[1,1,1]}
258.1542199999094	EXP	szo_kiir: text = "rajzolótű"
258.673919999972	EXP	szo_kiir: autoDraw = true
259.37421000003815	DATA	Keydown: ArrowRight
259.3971700000111	EXP	szo_kiir: autoDraw = false
259.3971700000111	EXP	koszi_szoveg: autoDraw = true
