0.24859500001184642	EXP	Created Window = Window( name=Window, fullscr=true, color=#000000, units=norm, waitBlanking=true, autoLog=true, size=[1366,625] )
4.519980000011856	DATA	Keydown: undefined
9.422080000018468	DATA	Keydown: n
9.91484500002116	DATA	Keydown: ő
12.795335000002524	DATA	Keydown: 1
13.07087500000489	DATA	Keydown: 9
13.273555000021588	DATA	Keydown: 9
13.817385000002105	DATA	Keydown: 9
15.285990000003949	DATA	Keydown: .
15.648685000021942	DATA	Keydown: 1
16.247575000015786	DATA	Keydown: 0
16.630540000012843	DATA	Keydown: .
16.87774000002537	DATA	Keydown: 0
17.260960000014165	DATA	Keydown: 3
21.817245000012917	DATA	Keydown: 1
22.297405000019353	DATA	Keydown: 4
36.80415000001085	EXP	Created instruction_text1 = TextStim( name=instruction_text1, win=Window( name=Window, fullscr=true, color=#000000, ~), autoDraw=null, autoLog=true, units=norm, ori=null, opacity=1, pos=[0,0], size=undefined, text=Ön most szavakat fog látni.

Ezek között lesznek o~, font=Arial, color=#ffffff, contrast=1, height=0.05, bold=null, italic=null, alignHoriz=left, alignVert=center, wrapWidth=1, flipHoriz=null, flipVert=null )
36.81268000000273	EXP	Created instruction_text2 = TextStim( name=instruction_text2, win=Window( name=Window, fullscr=true, color=#000000, ~), autoDraw=null, autoLog=true, units=norm, ori=null, opacity=1, pos=[0,0], size=undefined, text=Először két egyszerű példát mutatunk Önnek.

Az el~, font=Arial, color=#FFFFFF, contrast=1, height=0.05, bold=null, italic=null, alignHoriz=left, alignVert=center, wrapWidth=1, flipHoriz=null, flipVert=null )
36.8145900000236	EXP	Created show_text = TextStim( name=show_text, win=Window( name=Window, fullscr=true, color=#000000, ~), autoDraw=null, autoLog=true, units=norm, ori=null, opacity=1, pos=[0,0], size=undefined, text=asztal, font=Arial, color=#FFFFFF, contrast=1, height=0.2, bold=null, italic=null, alignHoriz=left, alignVert=center, wrapWidth=1, flipHoriz=null, flipVert=null )
36.81626000002143	EXP	Created text = TextStim( name=text, win=Window( name=Window, fullscr=true, color=#000000, ~), autoDraw=null, autoLog=true, units=norm, ori=null, opacity=1, pos=[0,0], size=undefined, text=bzsmfsztal, font=Arial, color=#FFFFFF, contrast=1, height=0.2, bold=null, italic=null, alignHoriz=left, alignVert=center, wrapWidth=1, flipHoriz=null, flipVert=null )
36.82889000000432	EXP	Created instruction_text3 = TextStim( name=instruction_text3, win=Window( name=Window, fullscr=true, color=#000000, ~), autoDraw=null, autoLog=true, units=norm, ori=null, opacity=1, pos=[0,0], size=undefined, text=Pazar. Most kezdődik az igazi kísérlet. Néhány per~, font=Arial, color=#FFFFFF, contrast=1, height=0.1, bold=null, italic=null, alignHoriz=left, alignVert=center, wrapWidth=1, flipHoriz=null, flipVert=null )
36.84629500002484	EXP	Created szo_kiir = TextStim( name=szo_kiir, win=Window( name=Window, fullscr=true, color=#000000, ~), autoDraw=null, autoLog=true, units=norm, ori=null, opacity=1, pos=[0,0], size=undefined, text=default text, font=Arial, color=#FFFFFF, contrast=1, height=0.2, bold=null, italic=null, alignHoriz=left, alignVert=center, wrapWidth=1, flipHoriz=null, flipVert=null )
36.84878500000923	EXP	Created koszi_szoveg = TextStim( name=koszi_szoveg, win=Window( name=Window, fullscr=true, color=#000000, ~), autoDraw=null, autoLog=true, units=norm, ori=null, opacity=1, pos=[0,0], size=undefined, text=Vége a kísérletnek. Köszönjük a részvételt!, font=arial, color=#ffffff, contrast=1, height=0.1, bold=null, italic=null, alignHoriz=left, alignVert=center, wrapWidth=1, flipHoriz=null, flipVert=null )
36.97945000001346	EXP	instruction_text1: units = "norm"
36.97945000001346	EXP	instruction_text1: ori = 0
36.97945000001346	EXP	instruction_text1: opacity = 1
36.97945000001346	EXP	instruction_text1: pos = [0,0]
36.97945000001346	EXP	instruction_text1: size = undefined
36.97945000001346	EXP	instruction_text1: text = "Ön most szavakat fog látni.\n\nEzek között lesznek olyanok, amelyeket ismer, de előfordulhatnak olyanok is, amelyeket nem ismer, sőt, vannak köztük kitalált szavak is. \n\nKérjük, ha ismeri a képernyőn látható szót, nyomja meg a JOBB kurzorbillentyűt.\nKérjük, ha NEM ismeri a képernyőn látható szót, vagy azt gondolja, nincs ilyen szó a magyarban, nyomja meg a BAL kurzorbillentyűt.\n\nAz 'Ismerem a szót' döntés itt most ezt jelenti: találkoztam már vele, és van valami elképzelésem a jelentéséről is.  \n\nNyomjon meg bármilyen billentyűt a folytatáshoz."
36.97945000001346	EXP	instruction_text1: font = "Arial"
36.97945000001346	EXP	instruction_text1: color = {"_rgb":[1,1,1]}
36.97945000001346	EXP	instruction_text1: contrast = 1
36.97945000001346	EXP	instruction_text1: height = 0.05
36.97945000001346	EXP	instruction_text1: bold = false
36.97945000001346	EXP	instruction_text1: italic = false
36.97945000001346	EXP	instruction_text1: alignHoriz = "left"
36.97945000001346	EXP	instruction_text1: alignVert = "center"
36.97945000001346	EXP	instruction_text1: wrapWidth = 1
36.97945000001346	EXP	instruction_text1: flipHoriz = false
36.97945000001346	EXP	instruction_text1: flipVert = false
36.97945000001346	EXP	instruction_text2: units = "norm"
36.97945000001346	EXP	instruction_text2: ori = 0
36.97945000001346	EXP	instruction_text2: opacity = 1
36.97945000001346	EXP	instruction_text2: pos = [0,0]
36.97945000001346	EXP	instruction_text2: size = undefined
36.97945000001346	EXP	instruction_text2: text = "Először két egyszerű példát mutatunk Önnek.\n\nAz első szó létezik a magyarban, és valószínűleg Ön is ismeri. Itt nyomja majd meg a jobb kurzorbillentyűt.\nA második szó nem létezik a magyar nyelvben. Itt nyomja majd meg a bal kurzorbillentyűt.\n\nFontos, hogy a jobb gombot a jobb kezével, a bal gombot a bal kezével nyomja, ha tudja, és ne egy kezét használja a kísérletben.\n\nNyomjon meg bármilyen gombot a folytatáshoz."
36.97945000001346	EXP	instruction_text2: font = "Arial"
36.97945000001346	EXP	instruction_text2: color = {"_hex":"#FFFFFF","_rgb":[1,1,1]}
36.97945000001346	EXP	instruction_text2: contrast = 1
36.97945000001346	EXP	instruction_text2: height = 0.05
36.97945000001346	EXP	instruction_text2: bold = false
36.97945000001346	EXP	instruction_text2: italic = false
36.97945000001346	EXP	instruction_text2: alignHoriz = "left"
36.97945000001346	EXP	instruction_text2: alignVert = "center"
36.97945000001346	EXP	instruction_text2: wrapWidth = 1
36.97945000001346	EXP	instruction_text2: flipHoriz = false
36.97945000001346	EXP	instruction_text2: flipVert = false
36.97945000001346	EXP	show_text: units = "norm"
36.97945000001346	EXP	show_text: ori = 0
36.97945000001346	EXP	show_text: opacity = 1
36.97945000001346	EXP	show_text: pos = [0,0]
36.97945000001346	EXP	show_text: size = undefined
36.97945000001346	EXP	show_text: text = "asztal"
36.97945000001346	EXP	show_text: font = "Arial"
36.97945000001346	EXP	show_text: color = {"_hex":"#FFFFFF","_rgb":[1,1,1]}
36.97945000001346	EXP	show_text: contrast = 1
36.97945000001346	EXP	show_text: height = 0.2
36.97945000001346	EXP	show_text: bold = false
36.97945000001346	EXP	show_text: italic = false
36.97945000001346	EXP	show_text: alignHoriz = "left"
36.97945000001346	EXP	show_text: alignVert = "center"
36.97945000001346	EXP	show_text: wrapWidth = 1
36.97945000001346	EXP	show_text: flipHoriz = false
36.97945000001346	EXP	show_text: flipVert = false
36.97945000001346	EXP	text: units = "norm"
36.97945000001346	EXP	text: ori = 0
36.97945000001346	EXP	text: opacity = 1
36.97945000001346	EXP	text: pos = [0,0]
36.97945000001346	EXP	text: size = undefined
36.97945000001346	EXP	text: text = "bzsmfsztal"
36.97945000001346	EXP	text: font = "Arial"
36.97945000001346	EXP	text: color = {"_hex":"#FFFFFF","_rgb":[1,1,1]}
36.97945000001346	EXP	text: contrast = 1
36.97945000001346	EXP	text: height = 0.2
36.97945000001346	EXP	text: bold = false
36.97945000001346	EXP	text: italic = false
36.97945000001346	EXP	text: alignHoriz = "left"
36.97945000001346	EXP	text: alignVert = "center"
36.97945000001346	EXP	text: wrapWidth = 1
36.97945000001346	EXP	text: flipHoriz = false
36.97945000001346	EXP	text: flipVert = false
36.97945000001346	EXP	instruction_text3: units = "norm"
36.97945000001346	EXP	instruction_text3: ori = 0
36.97945000001346	EXP	instruction_text3: opacity = 1
36.97945000001346	EXP	instruction_text3: pos = [0,0]
36.97945000001346	EXP	instruction_text3: size = undefined
36.97945000001346	EXP	instruction_text3: text = "Pazar. Most kezdődik az igazi kísérlet. Néhány percig fog tartani. Nem kell nagyon sietnie, de igyekezzen gyorsan válaszolni.\n\nNe feledje, ha tudja, a jobb gombot a jobbkezével, a bal gombot a balkezével nyomja le.\n\nNyomjon meg bármilyen gombot a folytatáshoz."
36.97945000001346	EXP	instruction_text3: font = "Arial"
36.97945000001346	EXP	instruction_text3: color = {"_hex":"#FFFFFF","_rgb":[1,1,1]}
36.97945000001346	EXP	instruction_text3: contrast = 1
36.97945000001346	EXP	instruction_text3: height = 0.1
36.97945000001346	EXP	instruction_text3: bold = false
36.97945000001346	EXP	instruction_text3: italic = false
36.97945000001346	EXP	instruction_text3: alignHoriz = "left"
36.97945000001346	EXP	instruction_text3: alignVert = "center"
36.97945000001346	EXP	instruction_text3: wrapWidth = 1
36.97945000001346	EXP	instruction_text3: flipHoriz = false
36.97945000001346	EXP	instruction_text3: flipVert = false
36.97945000001346	EXP	szo_kiir: units = "norm"
36.97945000001346	EXP	szo_kiir: ori = 0
36.97945000001346	EXP	szo_kiir: opacity = 1
36.97945000001346	EXP	szo_kiir: pos = [0,0]
36.97945000001346	EXP	szo_kiir: size = undefined
36.97945000001346	EXP	szo_kiir: text = "default text"
36.97945000001346	EXP	szo_kiir: font = "Arial"
36.97945000001346	EXP	szo_kiir: color = {"_hex":"#FFFFFF","_rgb":[1,1,1]}
36.97945000001346	EXP	szo_kiir: contrast = 1
36.97945000001346	EXP	szo_kiir: height = 0.2
36.97945000001346	EXP	szo_kiir: bold = false
36.97945000001346	EXP	szo_kiir: italic = false
36.97945000001346	EXP	szo_kiir: alignHoriz = "left"
36.97945000001346	EXP	szo_kiir: alignVert = "center"
36.97945000001346	EXP	szo_kiir: wrapWidth = 1
36.97945000001346	EXP	szo_kiir: flipHoriz = false
36.97945000001346	EXP	szo_kiir: flipVert = false
36.97945000001346	EXP	koszi_szoveg: units = "norm"
36.97945000001346	EXP	koszi_szoveg: ori = 0
36.97945000001346	EXP	koszi_szoveg: opacity = 1
36.97945000001346	EXP	koszi_szoveg: pos = [0,0]
36.97945000001346	EXP	koszi_szoveg: size = undefined
36.97945000001346	EXP	koszi_szoveg: text = "Vége a kísérletnek. Köszönjük a részvételt!"
36.97945000001346	EXP	koszi_szoveg: font = "arial"
36.97945000001346	EXP	koszi_szoveg: color = {"_rgb":[1,1,1]}
36.97945000001346	EXP	koszi_szoveg: contrast = 1
36.97945000001346	EXP	koszi_szoveg: height = 0.1
36.97945000001346	EXP	koszi_szoveg: bold = false
36.97945000001346	EXP	koszi_szoveg: italic = false
36.97945000001346	EXP	koszi_szoveg: alignHoriz = "left"
36.97945000001346	EXP	koszi_szoveg: alignVert = "center"
36.97945000001346	EXP	koszi_szoveg: wrapWidth = 1
36.97945000001346	EXP	koszi_szoveg: flipHoriz = false
36.97945000001346	EXP	koszi_szoveg: flipVert = false
36.97945000001346	EXP	instruction_text1: autoDraw = true
63.27849500000593	DATA	Mouse: 2 button down, pos=(867,586)
63.42350500001339	DATA	Mouse: 2 button down, pos=(867,586)
64.20284000001266	DATA	Mouse: 0 button down, pos=(867,586)
64.27838000000338	DATA	Mouse: 0 button down, pos=(867,586)
64.56965000001946	DATA	Mouse: 0 button down, pos=(867,586)
64.63155499999993	DATA	Mouse: 0 button down, pos=(867,586)
65.56474500001059	DATA	Keydown:  
65.60266500001308	EXP	instruction_text1: autoDraw = false
65.60266500001308	EXP	instruction_text2: autoDraw = true
91.30666000000201	DATA	Keydown:  
91.31091000000015	EXP	instruction_text2: autoDraw = false
91.8663650000235	EXP	show_text: autoDraw = true
92.67180000001099	DATA	Mouse: 2 button down, pos=(993,491)
92.81536500001675	DATA	Mouse: 2 button down, pos=(993,491)
95.60682000001543	DATA	Mouse: 0 button down, pos=(966,292)
95.71944000001531	DATA	Mouse: 0 button down, pos=(966,292)
96.20966000002227	DATA	Mouse: 2 button down, pos=(961,362)
96.31217499999912	DATA	Mouse: 2 button down, pos=(961,362)
97.06053499999689	DATA	Mouse: 0 button down, pos=(932,433)
97.16734500002349	DATA	Mouse: 0 button down, pos=(932,433)
97.81605500000296	DATA	Keydown: ArrowRight
97.82814500000677	EXP	show_text: autoDraw = false
98.34902500000317	EXP	text: autoDraw = true
99.65210500001558	DATA	Keydown: ArrowLeft
99.7090250000183	EXP	text: autoDraw = false
99.7090250000183	EXP	instruction_text3: autoDraw = true
113.83921500001452	DATA	Keydown:  
113.92978500001482	EXP	instruction_text3: autoDraw = false
113.92978500001482	EXP	szo_kiir: color = {"_rgb":[1,1,1]}
113.92978500001482	EXP	szo_kiir: text = "igaz"
114.44726500002434	EXP	szo_kiir: autoDraw = true
115.13027500000317	DATA	Keydown: ArrowRight
115.14747000002535	EXP	szo_kiir: autoDraw = false
115.14747000002535	EXP	szo_kiir: color = {"_rgb":[1,1,1]}
115.14747000002535	EXP	szo_kiir: text = "komoly"
115.67036000001826	EXP	szo_kiir: autoDraw = true
116.196179999999	DATA	Keydown: ArrowRight
116.2482799999998	EXP	szo_kiir: autoDraw = false
116.2482799999998	EXP	szo_kiir: color = {"_rgb":[1,1,1]}
116.2482799999998	EXP	szo_kiir: text = "darab"
116.76355500001227	EXP	szo_kiir: autoDraw = true
117.37128000002122	DATA	Keydown: ArrowRight
117.37744000001112	EXP	szo_kiir: autoDraw = false
117.37744000001112	EXP	szo_kiir: color = {"_rgb":[1,1,1]}
117.37744000001112	EXP	szo_kiir: text = "jákfű"
117.90311500002281	EXP	szo_kiir: autoDraw = true
118.99035500001628	DATA	Keydown: ArrowRight
118.99705500001437	EXP	szo_kiir: autoDraw = false
118.99705500001437	EXP	szo_kiir: color = {"_rgb":[1,1,1]}
118.99705500001437	EXP	szo_kiir: text = "nyelv"
119.52060499999789	EXP	szo_kiir: autoDraw = true
120.13129000001936	DATA	Keydown: ArrowRight
120.20157000000472	EXP	szo_kiir: autoDraw = false
120.20157000000472	EXP	szo_kiir: color = {"_rgb":[1,1,1]}
120.20157000000472	EXP	szo_kiir: text = "bolyodás"
120.71514500002377	EXP	szo_kiir: autoDraw = true
121.83353000000352	DATA	Keydown: ArrowLeft
121.84528000000864	EXP	szo_kiir: autoDraw = false
121.84528000000864	EXP	szo_kiir: color = {"_rgb":[1,1,1]}
121.84528000000864	EXP	szo_kiir: text = "méhezter"
122.36533500000951	EXP	szo_kiir: autoDraw = true
123.94579500000691	DATA	Keydown: ArrowLeft
124.0018900000141	EXP	szo_kiir: autoDraw = false
124.0018900000141	EXP	szo_kiir: color = {"_rgb":[1,1,1]}
124.0018900000141	EXP	szo_kiir: text = "színű"
124.51286499999696	EXP	szo_kiir: autoDraw = true
125.0285150000127	DATA	Keydown: ArrowRight
125.04443500001798	EXP	szo_kiir: autoDraw = false
125.04443500001798	EXP	szo_kiir: color = {"_rgb":[1,1,1]}
125.04443500001798	EXP	szo_kiir: text = "fény"
125.564635000017	EXP	szo_kiir: autoDraw = true
126.01828499999829	DATA	Keydown: ArrowRight
126.04255000001285	EXP	szo_kiir: autoDraw = false
126.04255000001285	EXP	szo_kiir: color = {"_rgb":[1,1,1]}
126.04255000001285	EXP	szo_kiir: text = "storka"
126.5641450000112	EXP	szo_kiir: autoDraw = true
128.14515000002575	DATA	Keydown: ArrowLeft
128.1604600000137	EXP	szo_kiir: autoDraw = false
128.1604600000137	EXP	szo_kiir: color = {"_rgb":[1,1,1]}
128.1604600000137	EXP	szo_kiir: text = "mód"
128.68100500002038	EXP	szo_kiir: autoDraw = true
129.4214300000167	DATA	Keydown: ArrowRight
129.44171500002267	EXP	szo_kiir: autoDraw = false
129.44171500002267	EXP	szo_kiir: color = {"_rgb":[1,1,1]}
129.44171500002267	EXP	szo_kiir: text = "könyvtár"
129.94801500000176	EXP	szo_kiir: autoDraw = true
130.495190000016	DATA	Keydown: ArrowRight
130.51096500002313	EXP	szo_kiir: autoDraw = false
130.51096500002313	EXP	szo_kiir: color = {"_rgb":[1,1,1]}
130.51096500002313	EXP	szo_kiir: text = "alkalom"
131.03418000001693	EXP	szo_kiir: autoDraw = true
131.60116500000004	DATA	Keydown: ArrowRight
131.6336200000078	EXP	szo_kiir: autoDraw = false
131.6336200000078	EXP	szo_kiir: color = {"_rgb":[1,1,1]}
131.6336200000078	EXP	szo_kiir: text = "szökkeny"
132.15243000001647	EXP	szo_kiir: autoDraw = true
132.78663500002585	DATA	Keydown: ArrowRight
132.79399000000558	EXP	szo_kiir: autoDraw = false
132.79399000000558	EXP	szo_kiir: color = {"_rgb":[1,1,1]}
132.79399000000558	EXP	szo_kiir: text = "kampány"
133.31820500001777	EXP	szo_kiir: autoDraw = true
134.09185500000603	DATA	Keydown: ArrowRight
134.09660000001895	EXP	szo_kiir: autoDraw = false
134.09660000001895	EXP	szo_kiir: color = {"_rgb":[1,1,1]}
134.09660000001895	EXP	szo_kiir: text = "nőttetett"
134.6192549999978	EXP	szo_kiir: autoDraw = true
140.4495150000148	DATA	Keydown: ArrowRight
140.46150500001386	EXP	szo_kiir: autoDraw = false
140.46150500001386	EXP	szo_kiir: color = {"_rgb":[1,1,1]}
140.46150500001386	EXP	szo_kiir: text = "réteg"
140.97959000000264	EXP	szo_kiir: autoDraw = true
141.5474450000038	DATA	Keydown: ArrowRight
141.5870050000085	EXP	szo_kiir: autoDraw = false
141.5870050000085	EXP	szo_kiir: color = {"_rgb":[1,1,1]}
141.5870050000085	EXP	szo_kiir: text = "tartos"
142.09929000001284	EXP	szo_kiir: autoDraw = true
142.90014000001247	DATA	Keydown: ArrowRight
142.91232500001206	EXP	szo_kiir: autoDraw = false
142.91232500001206	EXP	szo_kiir: color = {"_rgb":[1,1,1]}
142.91232500001206	EXP	szo_kiir: text = "gondol"
143.43366999999853	EXP	szo_kiir: autoDraw = true
144.0306649999984	DATA	Keydown: ArrowRight
144.04614500000025	EXP	szo_kiir: autoDraw = false
144.04614500000025	EXP	szo_kiir: color = {"_rgb":[1,1,1]}
144.04614500000025	EXP	szo_kiir: text = "látvány"
144.56313500000397	EXP	szo_kiir: autoDraw = true
145.33053000000655	DATA	Keydown: ArrowRight
145.3690400000196	EXP	szo_kiir: autoDraw = false
145.3690400000196	EXP	szo_kiir: color = {"_rgb":[1,1,1]}
145.3690400000196	EXP	szo_kiir: text = "indezget"
145.88324500000454	EXP	szo_kiir: autoDraw = true
149.36222500001895	DATA	Keydown: ArrowLeft
149.3785199999984	EXP	szo_kiir: autoDraw = false
149.3785199999984	EXP	szo_kiir: color = {"_rgb":[1,1,1]}
149.3785199999984	EXP	szo_kiir: text = "ausztrál"
149.896940000006	EXP	szo_kiir: autoDraw = true
150.9455050000106	DATA	Keydown: ArrowRight
150.98183500001323	EXP	szo_kiir: autoDraw = false
150.98183500001323	EXP	szo_kiir: color = {"_rgb":[1,1,1]}
150.98183500001323	EXP	szo_kiir: text = "hozandzsa"
151.50132500001928	EXP	szo_kiir: autoDraw = true
152.8544300000067	DATA	Keydown: ArrowRight
152.86285500001395	EXP	szo_kiir: autoDraw = false
152.86285500001395	EXP	szo_kiir: color = {"_rgb":[1,1,1]}
152.86285500001395	EXP	szo_kiir: text = "repülőgép"
153.38530000002356	EXP	szo_kiir: autoDraw = true
153.95583500000066	DATA	Keydown: ArrowRight
153.96055000001797	EXP	szo_kiir: autoDraw = false
153.96055000001797	EXP	szo_kiir: color = {"_rgb":[1,1,1]}
153.96055000001797	EXP	szo_kiir: text = "rák"
154.4819150000112	EXP	szo_kiir: autoDraw = true
154.94011500000488	DATA	Keydown: ArrowRight
154.9573950000049	EXP	szo_kiir: autoDraw = false
154.9573950000049	EXP	szo_kiir: color = {"_rgb":[1,1,1]}
154.9573950000049	EXP	szo_kiir: text = "nagyarnák"
155.46675000002142	EXP	szo_kiir: autoDraw = true
157.3058650000021	DATA	Keydown: ArrowLeft
157.31282000002102	EXP	szo_kiir: autoDraw = false
157.31282000002102	EXP	szo_kiir: color = {"_rgb":[1,1,1]}
157.31282000002102	EXP	szo_kiir: text = "vád"
157.83014500001445	EXP	szo_kiir: autoDraw = true
158.34236000000965	DATA	Keydown: ArrowRight
158.36581499999738	EXP	szo_kiir: autoDraw = false
158.36581499999738	EXP	szo_kiir: color = {"_rgb":[1,1,1]}
158.36581499999738	EXP	szo_kiir: text = "producer"
158.88206000000355	EXP	szo_kiir: autoDraw = true
159.65558000002056	DATA	Keydown: ArrowRight
159.66115500000888	EXP	szo_kiir: autoDraw = false
159.66115500000888	EXP	szo_kiir: color = {"_rgb":[1,1,1]}
159.66115500000888	EXP	szo_kiir: text = "törékeny"
160.18300499999896	EXP	szo_kiir: autoDraw = true
160.71125000002212	DATA	Keydown: ArrowRight
160.74495500000194	EXP	szo_kiir: autoDraw = false
160.74495500000194	EXP	szo_kiir: color = {"_rgb":[1,1,1]}
160.74495500000194	EXP	szo_kiir: text = "lebeg"
161.26730500001577	EXP	szo_kiir: autoDraw = true
161.81156000000192	DATA	Keydown: ArrowRight
161.82724000001326	EXP	szo_kiir: autoDraw = false
161.82724000001326	EXP	szo_kiir: color = {"_rgb":[1,1,1]}
161.82724000001326	EXP	szo_kiir: text = "rom"
162.3473000000231	EXP	szo_kiir: autoDraw = true
162.896940000006	DATA	Keydown: ArrowRight
162.92708000002312	EXP	szo_kiir: autoDraw = false
162.92708000002312	EXP	szo_kiir: color = {"_rgb":[1,1,1]}
162.92708000002312	EXP	szo_kiir: text = "majom"
163.43366999999853	EXP	szo_kiir: autoDraw = true
163.91755500002182	DATA	Keydown: ArrowRight
163.92947000000277	EXP	szo_kiir: autoDraw = false
163.92947000000277	EXP	szo_kiir: color = {"_rgb":[1,1,1]}
163.92947000000277	EXP	szo_kiir: text = "mér"
164.44913500000257	EXP	szo_kiir: autoDraw = true
165.1842600000091	DATA	Keydown: ArrowRight
165.21427000002586	EXP	szo_kiir: autoDraw = false
165.21427000002586	EXP	szo_kiir: color = {"_rgb":[1,1,1]}
165.21427000002586	EXP	szo_kiir: text = "háziasszony"
165.73126000000047	EXP	szo_kiir: autoDraw = true
166.31679500002065	DATA	Keydown: ArrowRight
166.32799499999965	EXP	szo_kiir: autoDraw = false
166.32799499999965	EXP	szo_kiir: color = {"_rgb":[1,1,1]}
166.32799499999965	EXP	szo_kiir: text = "olvad"
166.8492050000059	EXP	szo_kiir: autoDraw = true
167.45920500002103	DATA	Keydown: ArrowRight
167.48255500002415	EXP	szo_kiir: autoDraw = false
167.48255500002415	EXP	szo_kiir: color = {"_rgb":[1,1,1]}
167.48255500002415	EXP	szo_kiir: text = "bús"
167.99733000001288	EXP	szo_kiir: autoDraw = true
168.7343150000088	DATA	Keydown: ArrowRight
168.74634000001242	EXP	szo_kiir: autoDraw = false
168.74634000001242	EXP	szo_kiir: color = {"_rgb":[1,1,1]}
168.74634000001242	EXP	szo_kiir: text = "közhely"
169.26860000001034	EXP	szo_kiir: autoDraw = true
169.90887000001385	DATA	Keydown: ArrowRight
169.9436450000212	EXP	szo_kiir: autoDraw = false
169.9436450000212	EXP	szo_kiir: color = {"_rgb":[1,1,1]}
169.9436450000212	EXP	szo_kiir: text = "holttest"
170.46332000000984	EXP	szo_kiir: autoDraw = true
171.03137000001152	DATA	Keydown: ArrowRight
171.04617500002496	EXP	szo_kiir: autoDraw = false
171.04617500002496	EXP	szo_kiir: color = {"_rgb":[1,1,1]}
171.04617500002496	EXP	szo_kiir: text = "pénzösszeg"
171.62535000001662	EXP	szo_kiir: autoDraw = true
172.273675000004	DATA	Keydown: ArrowRight
172.31943500001216	EXP	szo_kiir: autoDraw = false
172.31943500001216	EXP	szo_kiir: color = {"_rgb":[1,1,1]}
172.31943500001216	EXP	szo_kiir: text = "neon"
172.83079000000726	EXP	szo_kiir: autoDraw = true
173.55013499999768	DATA	Keydown: ArrowRight
173.56303000001935	EXP	szo_kiir: autoDraw = false
173.56303000001935	EXP	szo_kiir: color = {"_rgb":[1,1,1]}
173.56303000001935	EXP	szo_kiir: text = "taszt"
174.08397000000696	EXP	szo_kiir: autoDraw = true
174.56707000001916	DATA	Keydown: ArrowRight
174.5796450000198	EXP	szo_kiir: autoDraw = false
174.5796450000198	EXP	szo_kiir: color = {"_rgb":[1,1,1]}
174.5796450000198	EXP	szo_kiir: text = "lépték"
175.10090499999933	EXP	szo_kiir: autoDraw = true
175.8240850000002	DATA	Keydown: ArrowRight
175.83447500001057	EXP	szo_kiir: autoDraw = false
175.83447500001057	EXP	szo_kiir: color = {"_rgb":[1,1,1]}
175.83447500001057	EXP	szo_kiir: text = "légijármű"
176.34706000000006	EXP	szo_kiir: autoDraw = true
177.1885000000184	DATA	Keydown: ArrowRight
177.19393000000855	EXP	szo_kiir: autoDraw = false
177.19393000000855	EXP	szo_kiir: color = {"_rgb":[1,1,1]}
177.19393000000855	EXP	szo_kiir: text = "zörög"
177.71602000002167	EXP	szo_kiir: autoDraw = true
178.4473799999978	DATA	Keydown: ArrowRight
178.47840500000166	EXP	szo_kiir: autoDraw = false
178.47840500000166	EXP	szo_kiir: color = {"_rgb":[1,1,1]}
178.47840500000166	EXP	szo_kiir: text = "szótag"
178.99615000002086	EXP	szo_kiir: autoDraw = true
179.71299	DATA	Keydown: ArrowRight
179.7282150000101	EXP	szo_kiir: autoDraw = false
179.7282150000101	EXP	szo_kiir: color = {"_rgb":[1,1,1]}
179.7282150000101	EXP	szo_kiir: text = "sárgaréz"
180.25231500001973	EXP	szo_kiir: autoDraw = true
181.35119500002475	DATA	Keydown: ArrowRight
181.37052500000573	EXP	szo_kiir: autoDraw = false
181.37052500000573	EXP	szo_kiir: color = {"_rgb":[1,1,1]}
181.37052500000573	EXP	szo_kiir: text = "feledékeny"
181.88554499999736	EXP	szo_kiir: autoDraw = true
182.58181500001228	DATA	Keydown: ArrowRight
182.59431000001496	EXP	szo_kiir: autoDraw = false
182.59431000001496	EXP	szo_kiir: color = {"_rgb":[1,1,1]}
182.59431000001496	EXP	szo_kiir: text = "teríték"
183.11286000002292	EXP	szo_kiir: autoDraw = true
183.9970949999988	DATA	Keydown: ArrowRight
184.03118000001996	EXP	szo_kiir: autoDraw = false
184.03118000001996	EXP	szo_kiir: color = {"_rgb":[1,1,1]}
184.03118000001996	EXP	szo_kiir: text = "algoritmikus"
184.5512549999985	EXP	szo_kiir: autoDraw = true
186.06726000001072	DATA	Keydown: ArrowRight
186.0776950000145	EXP	szo_kiir: autoDraw = false
186.0776950000145	EXP	szo_kiir: color = {"_rgb":[1,1,1]}
186.0776950000145	EXP	szo_kiir: text = "vértanú"
186.59722000002512	EXP	szo_kiir: autoDraw = true
187.39705500000855	DATA	Keydown: ArrowRight
187.43082000000868	EXP	szo_kiir: autoDraw = false
187.43082000000868	EXP	szo_kiir: color = {"_rgb":[1,1,1]}
187.43082000000868	EXP	szo_kiir: text = "csattog"
187.9463050000195	EXP	szo_kiir: autoDraw = true
189.0863150000223	DATA	Keydown: ArrowRight
189.09409500000766	EXP	szo_kiir: autoDraw = false
189.09409500000766	EXP	szo_kiir: color = {"_rgb":[1,1,1]}
189.09409500000766	EXP	szo_kiir: text = "téesz"
189.61222999999882	EXP	szo_kiir: autoDraw = true
190.45625499999733	DATA	Keydown: ArrowLeft
190.4614850000071	EXP	szo_kiir: autoDraw = false
190.4614850000071	EXP	szo_kiir: color = {"_rgb":[1,1,1]}
190.4614850000071	EXP	szo_kiir: text = "kopp"
190.98375000001397	EXP	szo_kiir: autoDraw = true
193.31678000002285	DATA	Keydown: ArrowRight
193.3467600000149	EXP	szo_kiir: autoDraw = false
193.3467600000149	EXP	szo_kiir: color = {"_rgb":[1,1,1]}
193.3467600000149	EXP	szo_kiir: text = "mihálóz"
193.8668400000024	EXP	szo_kiir: autoDraw = true
195.4732650000078	DATA	Keydown: ArrowLeft
195.4793950000021	EXP	szo_kiir: autoDraw = false
195.4793950000021	EXP	szo_kiir: color = {"_rgb":[1,1,1]}
195.4793950000021	EXP	szo_kiir: text = "tropikus"
196.00000500000897	EXP	szo_kiir: autoDraw = true
197.009080000018	DATA	Keydown: ArrowRight
197.03155000001425	EXP	szo_kiir: autoDraw = false
197.03155000001425	EXP	szo_kiir: color = {"_rgb":[1,1,1]}
197.03155000001425	EXP	szo_kiir: text = "varieté"
197.5498850000149	EXP	szo_kiir: autoDraw = true
199.3566700000083	DATA	Keydown: ArrowRight
199.36263000001782	EXP	szo_kiir: autoDraw = false
199.36263000001782	EXP	szo_kiir: color = {"_rgb":[1,1,1]}
199.36263000001782	EXP	szo_kiir: text = "szarkaláb"
199.88346000001184	EXP	szo_kiir: autoDraw = true
200.8475600000238	DATA	Keydown: ArrowRight
200.88062000001082	EXP	szo_kiir: autoDraw = false
200.88062000001082	EXP	szo_kiir: color = {"_rgb":[1,1,1]}
200.88062000001082	EXP	szo_kiir: text = "pártol"
201.39685000001919	EXP	szo_kiir: autoDraw = true
202.29711000001407	DATA	Keydown: ArrowRight
202.31273500001407	EXP	szo_kiir: autoDraw = false
202.31273500001407	EXP	szo_kiir: color = {"_rgb":[1,1,1]}
202.31273500001407	EXP	szo_kiir: text = "cianid"
202.83375499999966	EXP	szo_kiir: autoDraw = true
204.26424000001862	DATA	Keydown: ArrowLeft
204.27998000002117	EXP	szo_kiir: autoDraw = false
204.27998000002117	EXP	szo_kiir: color = {"_rgb":[1,1,1]}
204.27998000002117	EXP	szo_kiir: text = "dermeszt"
204.7975800000131	EXP	szo_kiir: autoDraw = true
205.763735000015	DATA	Keydown: ArrowRight
205.79864000002271	EXP	szo_kiir: autoDraw = false
205.79864000002271	EXP	szo_kiir: color = {"_rgb":[1,1,1]}
205.79864000002271	EXP	szo_kiir: text = "meztelenkedik"
206.31764000002295	EXP	szo_kiir: autoDraw = true
207.30541500000982	DATA	Keydown: ArrowRight
207.31283000000985	EXP	szo_kiir: autoDraw = false
207.31283000000985	EXP	szo_kiir: color = {"_rgb":[1,1,1]}
207.31283000000985	EXP	szo_kiir: text = "összalaj"
207.83234000002267	EXP	szo_kiir: autoDraw = true
211.5568750000093	DATA	Keydown: ArrowLeft
211.579630000022	EXP	szo_kiir: autoDraw = false
211.579630000022	EXP	szo_kiir: color = {"_rgb":[1,1,1]}
211.579630000022	EXP	szo_kiir: text = "kondenzcsík"
212.10052000000724	EXP	szo_kiir: autoDraw = true
214.20047500001965	DATA	Keydown: ArrowRight
214.21355000001495	EXP	szo_kiir: autoDraw = false
214.21355000001495	EXP	szo_kiir: color = {"_rgb":[1,1,1]}
214.21355000001495	EXP	szo_kiir: text = "fehérít"
214.73305000000983	EXP	szo_kiir: autoDraw = true
215.50513500001398	DATA	Keydown: ArrowRight
215.527700000006	EXP	szo_kiir: autoDraw = false
215.527700000006	EXP	szo_kiir: color = {"_rgb":[1,1,1]}
215.527700000006	EXP	szo_kiir: text = "mimézis"
216.0467850000132	EXP	szo_kiir: autoDraw = true
217.14732000001823	DATA	Keydown: ArrowRight
217.1630100000184	EXP	szo_kiir: autoDraw = false
217.1630100000184	EXP	szo_kiir: color = {"_rgb":[1,1,1]}
217.1630100000184	EXP	szo_kiir: text = "növetlenső"
217.68417000002228	EXP	szo_kiir: autoDraw = true
219.76378999999724	DATA	Keydown: ArrowLeft
219.79602000000887	EXP	szo_kiir: autoDraw = false
219.79602000000887	EXP	szo_kiir: color = {"_rgb":[1,1,1]}
219.79602000000887	EXP	szo_kiir: text = "tömődik"
220.31608499999857	EXP	szo_kiir: autoDraw = true
221.32250500001828	DATA	Keydown: ArrowRight
221.32960500000627	EXP	szo_kiir: autoDraw = false
221.32960500000627	EXP	szo_kiir: color = {"_rgb":[1,1,1]}
221.32960500000627	EXP	szo_kiir: text = "sürög"
221.84995500001241	EXP	szo_kiir: autoDraw = true
222.45006500001182	DATA	Keydown: ArrowRight
222.47070500001428	EXP	szo_kiir: autoDraw = false
222.47070500001428	EXP	szo_kiir: color = {"_rgb":[1,1,1]}
222.47070500001428	EXP	szo_kiir: text = "vicsadomás"
222.98263000001316	EXP	szo_kiir: autoDraw = true
224.97213500001817	DATA	Keydown: ArrowLeft
224.98146000000997	EXP	szo_kiir: autoDraw = false
224.98146000000997	EXP	szo_kiir: color = {"_rgb":[1,1,1]}
224.98146000000997	EXP	szo_kiir: text = "mikrorendszer"
225.5012900000147	EXP	szo_kiir: autoDraw = true
226.8716800000111	DATA	Keydown: ArrowRight
226.89824000000954	EXP	szo_kiir: autoDraw = false
226.89824000000954	EXP	szo_kiir: color = {"_rgb":[1,1,1]}
226.89824000000954	EXP	szo_kiir: text = "verizmus"
227.4166050000058	EXP	szo_kiir: autoDraw = true
228.37038500001654	DATA	Keydown: ArrowLeft
228.37941500000306	EXP	szo_kiir: autoDraw = false
228.37941500000306	EXP	szo_kiir: color = {"_rgb":[1,1,1]}
228.37941500000306	EXP	szo_kiir: text = "selypít"
228.90005000002566	EXP	szo_kiir: autoDraw = true
230.00893500001985	DATA	Keydown: ArrowRight
230.01363000000129	EXP	szo_kiir: autoDraw = false
230.01363000000129	EXP	szo_kiir: color = {"_rgb":[1,1,1]}
230.01363000000129	EXP	szo_kiir: text = "dipeptid"
230.53307000000495	EXP	szo_kiir: autoDraw = true
232.22547500001383	DATA	Keydown: ArrowRight
232.25067999999737	EXP	szo_kiir: autoDraw = false
232.25067999999737	EXP	szo_kiir: color = {"_rgb":[1,1,1]}
232.25067999999737	EXP	szo_kiir: text = "kijjongó"
232.766655000014	EXP	szo_kiir: autoDraw = true
233.93179500001133	DATA	Keydown: ArrowLeft
233.94668000002275	EXP	szo_kiir: autoDraw = false
233.94668000002275	EXP	szo_kiir: color = {"_rgb":[1,1,1]}
233.94668000002275	EXP	szo_kiir: text = "allodiális"
234.4663700000092	EXP	szo_kiir: autoDraw = true
236.10750500002177	DATA	Keydown: ArrowLeft
236.1125250000041	EXP	szo_kiir: autoDraw = false
236.1125250000041	EXP	szo_kiir: color = {"_rgb":[1,1,1]}
236.1125250000041	EXP	szo_kiir: text = "keszon"
236.6327300000121	EXP	szo_kiir: autoDraw = true
237.4471800000174	DATA	Keydown: ArrowLeft
237.46269000001485	EXP	szo_kiir: autoDraw = false
237.46269000001485	EXP	szo_kiir: color = {"_rgb":[1,1,1]}
237.46269000001485	EXP	szo_kiir: text = "alexandrinus"
237.98487000001478	EXP	szo_kiir: autoDraw = true
239.71955500001786	DATA	Keydown: ArrowRight
239.7377550000092	EXP	szo_kiir: autoDraw = false
239.7377550000092	EXP	szo_kiir: color = {"_rgb":[1,1,1]}
239.7377550000092	EXP	szo_kiir: text = "fókabőr"
240.2479250000033	EXP	szo_kiir: autoDraw = true
241.34709000002476	DATA	Keydown: ArrowRight
241.3633550000086	EXP	szo_kiir: autoDraw = false
241.3633550000086	EXP	szo_kiir: color = {"_rgb":[1,1,1]}
241.3633550000086	EXP	szo_kiir: text = "írótoll"
241.88298500000383	EXP	szo_kiir: autoDraw = true
242.64526000001933	DATA	Keydown: ArrowRight
242.68160999999964	EXP	szo_kiir: autoDraw = false
242.68160999999964	EXP	szo_kiir: color = {"_rgb":[1,1,1]}
242.68160999999964	EXP	szo_kiir: text = "nyolcsolat"
243.19757499999832	EXP	szo_kiir: autoDraw = true
245.18119000000297	DATA	Keydown: ArrowLeft
245.19563500001095	EXP	szo_kiir: autoDraw = false
245.19563500001095	EXP	szo_kiir: color = {"_rgb":[1,1,1]}
245.19563500001095	EXP	szo_kiir: text = "gór"
245.7137400000065	EXP	szo_kiir: autoDraw = true
246.65593000000808	DATA	Keydown: ArrowLeft
246.66299000001163	EXP	szo_kiir: autoDraw = false
246.66299000001163	EXP	szo_kiir: color = {"_rgb":[1,1,1]}
246.66299000001163	EXP	szo_kiir: text = "istenhozzád"
247.18154499999946	EXP	szo_kiir: autoDraw = true
248.16189499999746	DATA	Keydown: ArrowRight
248.18778000000748	EXP	szo_kiir: autoDraw = false
248.18778000000748	EXP	szo_kiir: color = {"_rgb":[1,1,1]}
248.18778000000748	EXP	szo_kiir: text = "gyenkedéri"
248.69688000000315	EXP	szo_kiir: autoDraw = true
250.67577500001062	DATA	Keydown: ArrowLeft
250.6814450000238	EXP	szo_kiir: autoDraw = false
250.6814450000238	EXP	szo_kiir: color = {"_rgb":[1,1,1]}
250.6814450000238	EXP	szo_kiir: text = "libling"
251.2101600000169	EXP	szo_kiir: autoDraw = true
252.68942999999854	DATA	Keydown: ArrowRight
252.70382000002428	EXP	szo_kiir: autoDraw = false
252.70382000002428	EXP	szo_kiir: color = {"_rgb":[1,1,1]}
252.70382000002428	EXP	szo_kiir: text = "bennég"
253.21620500000427	EXP	szo_kiir: autoDraw = true
255.09467500000028	DATA	Keydown: ArrowLeft
255.1106350000191	EXP	szo_kiir: autoDraw = false
255.1106350000191	EXP	szo_kiir: color = {"_rgb":[1,1,1]}
255.1106350000191	EXP	szo_kiir: text = "abeti"
255.6358300000138	EXP	szo_kiir: autoDraw = true
256.68373000001884	DATA	Keydown: ArrowLeft
256.6966100000136	EXP	szo_kiir: autoDraw = false
256.6966100000136	EXP	szo_kiir: color = {"_rgb":[1,1,1]}
256.6966100000136	EXP	szo_kiir: text = "kékellik"
257.213545000006	EXP	szo_kiir: autoDraw = true
258.347225000005	DATA	Keydown: ArrowRight
258.37997000000905	EXP	szo_kiir: autoDraw = false
258.37997000000905	EXP	szo_kiir: color = {"_rgb":[1,1,1]}
258.37997000000905	EXP	szo_kiir: text = "megpadék"
258.9029000000155	EXP	szo_kiir: autoDraw = true
260.0406550000189	DATA	Keydown: ArrowLeft
260.0467500000086	EXP	szo_kiir: autoDraw = false
260.0467500000086	EXP	szo_kiir: color = {"_rgb":[1,1,1]}
260.0467500000086	EXP	szo_kiir: text = "organizál"
260.56645500002196	EXP	szo_kiir: autoDraw = true
261.3735100000049	DATA	Keydown: ArrowRight
261.4001950000238	EXP	szo_kiir: autoDraw = false
261.4001950000238	EXP	szo_kiir: color = {"_rgb":[1,1,1]}
261.4001950000238	EXP	szo_kiir: text = "silabizál"
261.9126150000084	EXP	szo_kiir: autoDraw = true
263.14529000001494	DATA	Keydown: ArrowRight
263.16123500000685	EXP	szo_kiir: autoDraw = false
263.16123500000685	EXP	szo_kiir: color = {"_rgb":[1,1,1]}
263.16123500000685	EXP	szo_kiir: text = "bőujjú"
263.6829950000101	EXP	szo_kiir: autoDraw = true
264.6535000000149	DATA	Keydown: ArrowRight
264.6808149999997	EXP	szo_kiir: autoDraw = false
264.6808149999997	EXP	szo_kiir: color = {"_rgb":[1,1,1]}
264.6808149999997	EXP	szo_kiir: text = "tokosodik"
265.2003400000103	EXP	szo_kiir: autoDraw = true
266.1833100000222	DATA	Keydown: ArrowRight
266.1968900000211	EXP	szo_kiir: autoDraw = false
266.1968900000211	EXP	szo_kiir: color = {"_rgb":[1,1,1]}
266.1968900000211	EXP	szo_kiir: text = "karnogó"
266.71344500000123	EXP	szo_kiir: autoDraw = true
267.97273500001756	DATA	Keydown: ArrowLeft
267.98350500001106	EXP	szo_kiir: autoDraw = false
267.98350500001106	EXP	szo_kiir: color = {"_rgb":[1,1,1]}
267.98350500001106	EXP	szo_kiir: text = "házorom"
268.49892000001273	EXP	szo_kiir: autoDraw = true
269.8530299999984	DATA	Keydown: ArrowRight
269.8607250000059	EXP	szo_kiir: autoDraw = false
269.8607250000059	EXP	szo_kiir: color = {"_rgb":[1,1,1]}
269.8607250000059	EXP	szo_kiir: text = "homeomorfizmus"
270.38290500000585	EXP	szo_kiir: autoDraw = true
272.1138150000188	DATA	Keydown: ArrowRight
272.1510300000082	EXP	szo_kiir: autoDraw = false
272.1510300000082	EXP	szo_kiir: color = {"_rgb":[1,1,1]}
272.1510300000082	EXP	szo_kiir: text = "fókázik"
272.6625200000126	EXP	szo_kiir: autoDraw = true
273.30340000000433	DATA	Keydown: ArrowRight
273.3134399999981	EXP	szo_kiir: autoDraw = false
273.3134399999981	EXP	szo_kiir: color = {"_rgb":[1,1,1]}
273.3134399999981	EXP	szo_kiir: text = "mérsékelődik"
273.83583000002545	EXP	szo_kiir: autoDraw = true
275.18758500000695	DATA	Keydown: ArrowRight
275.2107000000251	EXP	szo_kiir: autoDraw = false
275.2107000000251	EXP	szo_kiir: color = {"_rgb":[1,1,1]}
275.2107000000251	EXP	szo_kiir: text = "jégkárosult"
275.7317050000129	EXP	szo_kiir: autoDraw = true
278.4641100000008	DATA	Keydown: ArrowLeft
278.47976000001654	EXP	szo_kiir: autoDraw = false
278.47976000001654	EXP	szo_kiir: color = {"_rgb":[1,1,1]}
278.47976000001654	EXP	szo_kiir: text = "aragas"
278.9997549999971	EXP	szo_kiir: autoDraw = true
280.4860150000022	DATA	Keydown: ArrowLeft
280.4942549999978	EXP	szo_kiir: autoDraw = false
280.4942549999978	EXP	szo_kiir: color = {"_rgb":[1,1,1]}
280.4942549999978	EXP	szo_kiir: text = "hejehujázik"
281.0167000000074	EXP	szo_kiir: autoDraw = true
282.15114500001073	DATA	Keydown: ArrowRight
282.17581500002416	EXP	szo_kiir: autoDraw = false
282.17581500002416	EXP	szo_kiir: color = {"_rgb":[1,1,1]}
282.17581500002416	EXP	szo_kiir: text = "elméskedik"
282.68451500000083	EXP	szo_kiir: autoDraw = true
284.06523000000743	DATA	Keydown: ArrowRight
284.0797700000112	EXP	szo_kiir: autoDraw = false
284.0797700000112	EXP	szo_kiir: color = {"_rgb":[1,1,1]}
284.0797700000112	EXP	szo_kiir: text = "szemfa"
284.600145000004	EXP	szo_kiir: autoDraw = true
286.2980900000257	DATA	Keydown: ArrowRight
286.311320000008	EXP	szo_kiir: autoDraw = false
286.311320000008	EXP	szo_kiir: color = {"_rgb":[1,1,1]}
286.311320000008	EXP	szo_kiir: text = "szagosít"
286.8306300000113	EXP	szo_kiir: autoDraw = true
287.6784700000135	DATA	Keydown: ArrowRight
287.7019600000058	EXP	szo_kiir: autoDraw = false
287.7019600000058	EXP	szo_kiir: color = {"_rgb":[1,1,1]}
287.7019600000058	EXP	szo_kiir: text = "balhitű"
288.21702000001096	EXP	szo_kiir: autoDraw = true
290.6976750000031	DATA	Keydown: ArrowRight
290.7147850000183	EXP	szo_kiir: autoDraw = false
290.7147850000183	EXP	szo_kiir: color = {"_rgb":[1,1,1]}
290.7147850000183	EXP	szo_kiir: text = "makranc"
291.23360000000685	EXP	szo_kiir: autoDraw = true
292.33495499999844	DATA	Keydown: ArrowRight
292.36213000002317	EXP	szo_kiir: autoDraw = false
292.36213000002317	EXP	szo_kiir: color = {"_rgb":[1,1,1]}
292.36213000002317	EXP	szo_kiir: text = "klímatérkép"
292.8842050000094	EXP	szo_kiir: autoDraw = true
293.78033500001766	DATA	Keydown: ArrowRight
293.79514500001096	EXP	szo_kiir: autoDraw = false
293.79514500001096	EXP	szo_kiir: color = {"_rgb":[1,1,1]}
293.79514500001096	EXP	szo_kiir: text = "ifjít"
294.3156799999997	EXP	szo_kiir: autoDraw = true
295.707150000002	DATA	Keydown: ArrowRight
295.72963500002516	EXP	szo_kiir: autoDraw = false
295.72963500002516	EXP	szo_kiir: color = {"_rgb":[1,1,1]}
295.72963500002516	EXP	szo_kiir: text = "vároló"
296.24676500001806	EXP	szo_kiir: autoDraw = true
297.3032349999994	DATA	Keydown: ArrowLeft
297.31120000002556	EXP	szo_kiir: autoDraw = false
297.31120000002556	EXP	szo_kiir: color = {"_rgb":[1,1,1]}
297.31120000002556	EXP	szo_kiir: text = "okoztatozó"
297.8298500000092	EXP	szo_kiir: autoDraw = true
299.04831000001286	DATA	Keydown: ArrowRight
299.06322999999975	EXP	szo_kiir: autoDraw = false
299.06322999999975	EXP	szo_kiir: color = {"_rgb":[1,1,1]}
299.06322999999975	EXP	szo_kiir: text = "kosi"
299.58268000002136	EXP	szo_kiir: autoDraw = true
301.0093100000231	DATA	Keydown: ArrowLeft
301.0233100000187	EXP	szo_kiir: autoDraw = false
301.0233100000187	EXP	szo_kiir: color = {"_rgb":[1,1,1]}
301.0233100000187	EXP	szo_kiir: text = "nyűvődik"
301.534015000012	EXP	szo_kiir: autoDraw = true
302.31831500001135	DATA	Keydown: ArrowRight
302.3307100000093	EXP	szo_kiir: autoDraw = false
302.3307100000093	EXP	szo_kiir: color = {"_rgb":[1,1,1]}
302.3307100000093	EXP	szo_kiir: text = "szélmalomszárny"
302.84899500000756	EXP	szo_kiir: autoDraw = true
304.46233500001836	DATA	Keydown: ArrowRight
304.48652000000584	EXP	szo_kiir: autoDraw = false
304.48652000000584	EXP	szo_kiir: color = {"_rgb":[1,1,1]}
304.48652000000584	EXP	szo_kiir: text = "összám"
305.0005800000217	EXP	szo_kiir: autoDraw = true
306.987140000012	DATA	Keydown: ArrowRight
306.9991700000246	EXP	szo_kiir: autoDraw = false
306.9991700000246	EXP	szo_kiir: color = {"_rgb":[1,1,1]}
306.9991700000246	EXP	szo_kiir: text = "aximai"
307.5143500000122	EXP	szo_kiir: autoDraw = true
308.66524500001105	DATA	Keydown: ArrowLeft
308.6811400000006	EXP	szo_kiir: autoDraw = false
308.6811400000006	EXP	szo_kiir: color = {"_rgb":[1,1,1]}
308.6811400000006	EXP	szo_kiir: text = "nyeregheveder"
309.20121500000823	EXP	szo_kiir: autoDraw = true
310.5127650000213	DATA	Keydown: ArrowRight
310.535904999997	EXP	szo_kiir: autoDraw = false
310.535904999997	EXP	szo_kiir: color = {"_rgb":[1,1,1]}
310.535904999997	EXP	szo_kiir: text = "kontinuáns"
311.04739000002155	EXP	szo_kiir: autoDraw = true
313.14843500001007	DATA	Keydown: ArrowRight
313.16618500000914	EXP	szo_kiir: autoDraw = false
313.16618500000914	EXP	szo_kiir: color = {"_rgb":[1,1,1]}
313.16618500000914	EXP	szo_kiir: text = "prémez"
313.68414500000654	EXP	szo_kiir: autoDraw = true
314.607485000015	DATA	Keydown: ArrowRight
314.62032000001636	EXP	szo_kiir: autoDraw = false
314.62032000001636	EXP	koszi_szoveg: autoDraw = true
317.76145499999984	DATA	Keydown: ArrowRight
