0.06906999999955588	EXP	Created Window = Window( name=Window, fullscr=true, color=#000000, units=norm, waitBlanking=true, autoLog=true, size=[1229,578] )
3.2296750000004977	DATA	Keydown: 2
3.4580599999990227	DATA	Keydown: 3
3.6559199999992416	DATA	Keydown: 4
4.240120000000388	DATA	Keydown: 8
8.529015000000072	DATA	Keydown: n
9.163355000000593	DATA	Keydown: ő
11.91371000000072	DATA	Keydown: 1
12.682559999999285	DATA	Keydown: 9
13.104325000000244	DATA	Keydown: 7
13.56798499999968	DATA	Keydown: 9
17.637360000000626	DATA	Keydown: 1
18.007485000000088	DATA	Keydown: 3
19.96699500000068	EXP	Created instruction_text1 = TextStim( name=instruction_text1, win=Window( name=Window, fullscr=true, color=#000000, ~), autoDraw=null, autoLog=true, units=norm, ori=null, opacity=1, pos=[0,0], size=undefined, text=Ön most szavakat fog látni.

Ezek között lesznek o~, font=Arial, color=#ffffff, contrast=1, height=0.05, bold=null, italic=null, alignHoriz=left, alignVert=center, wrapWidth=1, flipHoriz=null, flipVert=null )
19.987769999999728	EXP	Created instruction_text2 = TextStim( name=instruction_text2, win=Window( name=Window, fullscr=true, color=#000000, ~), autoDraw=null, autoLog=true, units=norm, ori=null, opacity=1, pos=[0,0], size=undefined, text=Először két egyszerű példát mutatunk Önnek.

Az el~, font=Arial, color=#FFFFFF, contrast=1, height=0.05, bold=null, italic=null, alignHoriz=left, alignVert=center, wrapWidth=1, flipHoriz=null, flipVert=null )
19.992089999999735	EXP	Created show_text = TextStim( name=show_text, win=Window( name=Window, fullscr=true, color=#000000, ~), autoDraw=null, autoLog=true, units=norm, ori=null, opacity=1, pos=[0,0], size=undefined, text=asztal, font=Arial, color=#FFFFFF, contrast=1, height=0.2, bold=null, italic=null, alignHoriz=left, alignVert=center, wrapWidth=1, flipHoriz=null, flipVert=null )
19.996769999999742	EXP	Created text = TextStim( name=text, win=Window( name=Window, fullscr=true, color=#000000, ~), autoDraw=null, autoLog=true, units=norm, ori=null, opacity=1, pos=[0,0], size=undefined, text=bzsmfsztal, font=Arial, color=#FFFFFF, contrast=1, height=0.2, bold=null, italic=null, alignHoriz=left, alignVert=center, wrapWidth=1, flipHoriz=null, flipVert=null )
19.9984000000004	EXP	Created instruction_text3 = TextStim( name=instruction_text3, win=Window( name=Window, fullscr=true, color=#000000, ~), autoDraw=null, autoLog=true, units=norm, ori=null, opacity=1, pos=[0,0], size=undefined, text=Pazar. Most kezdődik az igazi kísérlet. Néhány per~, font=Arial, color=#FFFFFF, contrast=1, height=0.1, bold=null, italic=null, alignHoriz=left, alignVert=center, wrapWidth=1, flipHoriz=null, flipVert=null )
19.99966999999924	EXP	Created szo_kiir = TextStim( name=szo_kiir, win=Window( name=Window, fullscr=true, color=#000000, ~), autoDraw=null, autoLog=true, units=norm, ori=null, opacity=1, pos=[0,0], size=undefined, text=default text, font=Arial, color=#FFFFFF, contrast=1, height=0.2, bold=null, italic=null, alignHoriz=left, alignVert=center, wrapWidth=1, flipHoriz=null, flipVert=null )
20.001234999999724	EXP	Created koszi_szoveg = TextStim( name=koszi_szoveg, win=Window( name=Window, fullscr=true, color=#000000, ~), autoDraw=null, autoLog=true, units=norm, ori=null, opacity=1, pos=[0,0], size=undefined, text=Vége a kísérletnek. Köszönjük a részvételt!, font=arial, color=#ffffff, contrast=1, height=0.1, bold=null, italic=null, alignHoriz=left, alignVert=center, wrapWidth=1, flipHoriz=null, flipVert=null )
20.052920000000086	EXP	instruction_text1: units = "norm"
20.052920000000086	EXP	instruction_text1: ori = 0
20.052920000000086	EXP	instruction_text1: opacity = 1
20.052920000000086	EXP	instruction_text1: pos = [0,0]
20.052920000000086	EXP	instruction_text1: size = undefined
20.052920000000086	EXP	instruction_text1: text = "Ön most szavakat fog látni.\n\nEzek között lesznek olyanok, amelyeket ismer, de előfordulhatnak olyanok is, amelyeket nem ismer, sőt, vannak köztük kitalált szavak is. \n\nKérjük, ha ismeri a képernyőn látható szót, nyomja meg a JOBB kurzorbillentyűt.\nKérjük, ha NEM ismeri a képernyőn látható szót, vagy azt gondolja, nincs ilyen szó a magyarban, nyomja meg a BAL kurzorbillentyűt.\n\nAz 'Ismerem a szót' döntés itt most ezt jelenti: találkoztam már vele, és van valami elképzelésem a jelentéséről is.  \n\nNyomjon meg bármilyen billentyűt a folytatáshoz."
20.052920000000086	EXP	instruction_text1: font = "Arial"
20.052920000000086	EXP	instruction_text1: color = {"_rgb":[1,1,1]}
20.052920000000086	EXP	instruction_text1: contrast = 1
20.052920000000086	EXP	instruction_text1: height = 0.05
20.052920000000086	EXP	instruction_text1: bold = false
20.052920000000086	EXP	instruction_text1: italic = false
20.052920000000086	EXP	instruction_text1: alignHoriz = "left"
20.052920000000086	EXP	instruction_text1: alignVert = "center"
20.052920000000086	EXP	instruction_text1: wrapWidth = 1
20.052920000000086	EXP	instruction_text1: flipHoriz = false
20.052920000000086	EXP	instruction_text1: flipVert = false
20.052920000000086	EXP	instruction_text2: units = "norm"
20.052920000000086	EXP	instruction_text2: ori = 0
20.052920000000086	EXP	instruction_text2: opacity = 1
20.052920000000086	EXP	instruction_text2: pos = [0,0]
20.052920000000086	EXP	instruction_text2: size = undefined
20.052920000000086	EXP	instruction_text2: text = "Először két egyszerű példát mutatunk Önnek.\n\nAz első szó létezik a magyarban, és valószínűleg Ön is ismeri. Itt nyomja majd meg a jobb kurzorbillentyűt.\nA második szó nem létezik a magyar nyelvben. Itt nyomja majd meg a bal kurzorbillentyűt.\n\nFontos, hogy a jobb gombot a jobb kezével, a bal gombot a bal kezével nyomja, ha tudja, és ne egy kezét használja a kísérletben.\n\nNyomjon meg bármilyen gombot a folytatáshoz."
20.052920000000086	EXP	instruction_text2: font = "Arial"
20.052920000000086	EXP	instruction_text2: color = {"_hex":"#FFFFFF","_rgb":[1,1,1]}
20.052920000000086	EXP	instruction_text2: contrast = 1
20.052920000000086	EXP	instruction_text2: height = 0.05
20.052920000000086	EXP	instruction_text2: bold = false
20.052920000000086	EXP	instruction_text2: italic = false
20.052920000000086	EXP	instruction_text2: alignHoriz = "left"
20.052920000000086	EXP	instruction_text2: alignVert = "center"
20.052920000000086	EXP	instruction_text2: wrapWidth = 1
20.052920000000086	EXP	instruction_text2: flipHoriz = false
20.052920000000086	EXP	instruction_text2: flipVert = false
20.052920000000086	EXP	show_text: units = "norm"
20.052920000000086	EXP	show_text: ori = 0
20.052920000000086	EXP	show_text: opacity = 1
20.052920000000086	EXP	show_text: pos = [0,0]
20.052920000000086	EXP	show_text: size = undefined
20.052920000000086	EXP	show_text: text = "asztal"
20.052920000000086	EXP	show_text: font = "Arial"
20.052920000000086	EXP	show_text: color = {"_hex":"#FFFFFF","_rgb":[1,1,1]}
20.052920000000086	EXP	show_text: contrast = 1
20.052920000000086	EXP	show_text: height = 0.2
20.052920000000086	EXP	show_text: bold = false
20.052920000000086	EXP	show_text: italic = false
20.052920000000086	EXP	show_text: alignHoriz = "left"
20.052920000000086	EXP	show_text: alignVert = "center"
20.052920000000086	EXP	show_text: wrapWidth = 1
20.052920000000086	EXP	show_text: flipHoriz = false
20.052920000000086	EXP	show_text: flipVert = false
20.052920000000086	EXP	text: units = "norm"
20.052920000000086	EXP	text: ori = 0
20.052920000000086	EXP	text: opacity = 1
20.052920000000086	EXP	text: pos = [0,0]
20.052920000000086	EXP	text: size = undefined
20.052920000000086	EXP	text: text = "bzsmfsztal"
20.052920000000086	EXP	text: font = "Arial"
20.052920000000086	EXP	text: color = {"_hex":"#FFFFFF","_rgb":[1,1,1]}
20.052920000000086	EXP	text: contrast = 1
20.052920000000086	EXP	text: height = 0.2
20.052920000000086	EXP	text: bold = false
20.052920000000086	EXP	text: italic = false
20.052920000000086	EXP	text: alignHoriz = "left"
20.052920000000086	EXP	text: alignVert = "center"
20.052920000000086	EXP	text: wrapWidth = 1
20.052920000000086	EXP	text: flipHoriz = false
20.052920000000086	EXP	text: flipVert = false
20.052920000000086	EXP	instruction_text3: units = "norm"
20.052920000000086	EXP	instruction_text3: ori = 0
20.052920000000086	EXP	instruction_text3: opacity = 1
20.052920000000086	EXP	instruction_text3: pos = [0,0]
20.052920000000086	EXP	instruction_text3: size = undefined
20.052920000000086	EXP	instruction_text3: text = "Pazar. Most kezdődik az igazi kísérlet. Néhány percig fog tartani. Nem kell nagyon sietnie, de igyekezzen gyorsan válaszolni.\n\nNe feledje, ha tudja, a jobb gombot a jobbkezével, a bal gombot a balkezével nyomja le.\n\nNyomjon meg bármilyen gombot a folytatáshoz."
20.052920000000086	EXP	instruction_text3: font = "Arial"
20.052920000000086	EXP	instruction_text3: color = {"_hex":"#FFFFFF","_rgb":[1,1,1]}
20.052920000000086	EXP	instruction_text3: contrast = 1
20.052920000000086	EXP	instruction_text3: height = 0.1
20.052920000000086	EXP	instruction_text3: bold = false
20.052920000000086	EXP	instruction_text3: italic = false
20.052920000000086	EXP	instruction_text3: alignHoriz = "left"
20.052920000000086	EXP	instruction_text3: alignVert = "center"
20.052920000000086	EXP	instruction_text3: wrapWidth = 1
20.052920000000086	EXP	instruction_text3: flipHoriz = false
20.052920000000086	EXP	instruction_text3: flipVert = false
20.052920000000086	EXP	szo_kiir: units = "norm"
20.052920000000086	EXP	szo_kiir: ori = 0
20.052920000000086	EXP	szo_kiir: opacity = 1
20.052920000000086	EXP	szo_kiir: pos = [0,0]
20.052920000000086	EXP	szo_kiir: size = undefined
20.052920000000086	EXP	szo_kiir: text = "default text"
20.052920000000086	EXP	szo_kiir: font = "Arial"
20.052920000000086	EXP	szo_kiir: color = {"_hex":"#FFFFFF","_rgb":[1,1,1]}
20.052920000000086	EXP	szo_kiir: contrast = 1
20.052920000000086	EXP	szo_kiir: height = 0.2
20.052920000000086	EXP	szo_kiir: bold = false
20.052920000000086	EXP	szo_kiir: italic = false
20.052920000000086	EXP	szo_kiir: alignHoriz = "left"
20.052920000000086	EXP	szo_kiir: alignVert = "center"
20.052920000000086	EXP	szo_kiir: wrapWidth = 1
20.052920000000086	EXP	szo_kiir: flipHoriz = false
20.052920000000086	EXP	szo_kiir: flipVert = false
20.052920000000086	EXP	koszi_szoveg: units = "norm"
20.052920000000086	EXP	koszi_szoveg: ori = 0
20.052920000000086	EXP	koszi_szoveg: opacity = 1
20.052920000000086	EXP	koszi_szoveg: pos = [0,0]
20.052920000000086	EXP	koszi_szoveg: size = undefined
20.052920000000086	EXP	koszi_szoveg: text = "Vége a kísérletnek. Köszönjük a részvételt!"
20.052920000000086	EXP	koszi_szoveg: font = "arial"
20.052920000000086	EXP	koszi_szoveg: color = {"_rgb":[1,1,1]}
20.052920000000086	EXP	koszi_szoveg: contrast = 1
20.052920000000086	EXP	koszi_szoveg: height = 0.1
20.052920000000086	EXP	koszi_szoveg: bold = false
20.052920000000086	EXP	koszi_szoveg: italic = false
20.052920000000086	EXP	koszi_szoveg: alignHoriz = "left"
20.052920000000086	EXP	koszi_szoveg: alignVert = "center"
20.052920000000086	EXP	koszi_szoveg: wrapWidth = 1
20.052920000000086	EXP	koszi_szoveg: flipHoriz = false
20.052920000000086	EXP	koszi_szoveg: flipVert = false
20.052920000000086	EXP	instruction_text1: autoDraw = true
44.92559500000061	DATA	Keydown: h
44.95442000000003	EXP	instruction_text1: autoDraw = false
44.95442000000003	EXP	instruction_text2: autoDraw = true
57.67150500000025	DATA	Keydown: h
57.6862600000004	EXP	instruction_text2: autoDraw = false
58.20610999999917	EXP	show_text: autoDraw = true
59.73747000000003	DATA	Keydown: ArrowRight
59.75295499999993	EXP	show_text: autoDraw = false
60.261225000000195	EXP	text: autoDraw = true
61.52448000000004	DATA	Keydown: ArrowLeft
61.56816000000072	EXP	text: autoDraw = false
61.56816000000072	EXP	instruction_text3: autoDraw = true
68.80804499999977	DATA	Keydown: é
68.84555999999975	EXP	instruction_text3: autoDraw = false
68.84555999999975	EXP	szo_kiir: color = {"_rgb":[1,1,1]}
68.84555999999975	EXP	szo_kiir: text = "szeptember"
69.36463499999991	EXP	szo_kiir: autoDraw = true
70.03995000000032	DATA	Keydown: ArrowRight
70.04654499999924	EXP	szo_kiir: autoDraw = false
70.04654499999924	EXP	szo_kiir: color = {"_rgb":[1,1,1]}
70.04654499999924	EXP	szo_kiir: text = "nehéz"
70.56564500000059	EXP	szo_kiir: autoDraw = true
71.2320550000004	DATA	Keydown: ArrowRight
71.26167999999961	EXP	szo_kiir: autoDraw = false
71.26167999999961	EXP	szo_kiir: color = {"_rgb":[1,1,1]}
71.26167999999961	EXP	szo_kiir: text = "gyerek"
71.76708999999937	EXP	szo_kiir: autoDraw = true
72.35194500000034	DATA	Keydown: ArrowRight
72.36516999999913	EXP	szo_kiir: autoDraw = false
72.36516999999913	EXP	szo_kiir: color = {"_rgb":[1,1,1]}
72.36516999999913	EXP	szo_kiir: text = "rozintem"
72.88521500000024	EXP	szo_kiir: autoDraw = true
73.68036000000029	DATA	Keydown: ArrowLeft
73.70757500000036	EXP	szo_kiir: autoDraw = false
73.70757500000036	EXP	szo_kiir: color = {"_rgb":[1,1,1]}
73.70757500000036	EXP	szo_kiir: text = "érkezik"
74.22139000000061	EXP	szo_kiir: autoDraw = true
75.0080999999991	DATA	Keydown: ArrowRight
75.01989999999932	EXP	szo_kiir: autoDraw = false
75.01989999999932	EXP	szo_kiir: color = {"_rgb":[1,1,1]}
75.01989999999932	EXP	szo_kiir: text = "név"
75.53759999999966	EXP	szo_kiir: autoDraw = true
76.2644049999999	DATA	Keydown: ArrowRight
76.29474499999924	EXP	szo_kiir: autoDraw = false
76.29474499999924	EXP	szo_kiir: color = {"_rgb":[1,1,1]}
76.29474499999924	EXP	szo_kiir: text = "zenekar"
76.8078000000005	EXP	szo_kiir: autoDraw = true
77.4736099999991	DATA	Keydown: ArrowRight
77.48893999999927	EXP	szo_kiir: autoDraw = false
77.48893999999927	EXP	szo_kiir: color = {"_rgb":[1,1,1]}
77.48893999999927	EXP	szo_kiir: text = "fél"
78.00658999999905	EXP	szo_kiir: autoDraw = true
78.6319399999993	DATA	Keydown: ArrowRight
78.64362000000074	EXP	szo_kiir: autoDraw = false
78.64362000000074	EXP	szo_kiir: color = {"_rgb":[1,1,1]}
78.64362000000074	EXP	szo_kiir: text = "lélek"
79.15932500000054	EXP	szo_kiir: autoDraw = true
79.78574499999922	DATA	Keydown: ArrowRight
79.79275000000052	EXP	szo_kiir: autoDraw = false
79.79275000000052	EXP	szo_kiir: color = {"_rgb":[1,1,1]}
79.79275000000052	EXP	szo_kiir: text = "dokumentum"
80.31351499999982	EXP	szo_kiir: autoDraw = true
81.21174000000065	DATA	Keydown: ArrowRight
81.24799499999972	EXP	szo_kiir: autoDraw = false
81.24799499999972	EXP	szo_kiir: color = {"_rgb":[1,1,1]}
81.24799499999972	EXP	szo_kiir: text = "helyezkedik"
81.7615050000004	EXP	szo_kiir: autoDraw = true
82.72885499999938	DATA	Keydown: ArrowRight
82.74435500000072	EXP	szo_kiir: autoDraw = false
82.74435500000072	EXP	szo_kiir: color = {"_rgb":[1,1,1]}
82.74435500000072	EXP	szo_kiir: text = "könyvtár"
83.26342499999919	EXP	szo_kiir: autoDraw = true
83.87190499999997	DATA	Keydown: ArrowRight
83.8852850000003	EXP	szo_kiir: autoDraw = false
83.8852850000003	EXP	szo_kiir: color = {"_rgb":[1,1,1]}
83.8852850000003	EXP	szo_kiir: text = "félelem"
84.39675999999963	EXP	szo_kiir: autoDraw = true
84.99979499999972	DATA	Keydown: ArrowRight
85.01304999999957	EXP	szo_kiir: autoDraw = false
85.01304999999957	EXP	szo_kiir: color = {"_rgb":[1,1,1]}
85.01304999999957	EXP	szo_kiir: text = "híd"
85.5141050000002	EXP	szo_kiir: autoDraw = true
86.24116999999933	DATA	Keydown: ArrowRight
86.28583000000071	EXP	szo_kiir: autoDraw = false
86.28583000000071	EXP	szo_kiir: color = {"_rgb":[1,1,1]}
86.28583000000071	EXP	szo_kiir: text = "kapu"
86.79984499999955	EXP	szo_kiir: autoDraw = true
87.35321999999906	DATA	Keydown: ArrowRight
87.3652949999996	EXP	szo_kiir: autoDraw = false
87.3652949999996	EXP	szo_kiir: color = {"_rgb":[1,1,1]}
87.3652949999996	EXP	szo_kiir: text = "gondol"
87.88751000000047	EXP	szo_kiir: autoDraw = true
88.65599999999904	DATA	Keydown: ArrowRight
88.67144000000008	EXP	szo_kiir: autoDraw = false
88.67144000000008	EXP	szo_kiir: color = {"_rgb":[1,1,1]}
88.67144000000008	EXP	szo_kiir: text = "vízgyűlő"
89.19046999999955	EXP	szo_kiir: autoDraw = true
90.4084700000003	DATA	Keydown: ArrowLeft
90.41868000000068	EXP	szo_kiir: autoDraw = false
90.41868000000068	EXP	szo_kiir: color = {"_rgb":[1,1,1]}
90.41868000000068	EXP	szo_kiir: text = "pár"
90.9201350000003	EXP	szo_kiir: autoDraw = true
91.70474999999897	DATA	Keydown: ArrowRight
91.72438499999953	EXP	szo_kiir: autoDraw = false
91.72438499999953	EXP	szo_kiir: color = {"_rgb":[1,1,1]}
91.72438499999953	EXP	szo_kiir: text = "kötődik"
92.23831500000051	EXP	szo_kiir: autoDraw = true
93.12294499999916	DATA	Keydown: ArrowRight
93.13806999999906	EXP	szo_kiir: autoDraw = false
93.13806999999906	EXP	szo_kiir: color = {"_rgb":[1,1,1]}
93.13806999999906	EXP	szo_kiir: text = "tanít"
93.65563499999917	EXP	szo_kiir: autoDraw = true
94.60777000000053	DATA	Keydown: ArrowRight
94.62599500000033	EXP	szo_kiir: autoDraw = false
94.62599500000033	EXP	szo_kiir: color = {"_rgb":[1,1,1]}
94.62599500000033	EXP	szo_kiir: text = "meggyabb"
95.14393000000018	EXP	szo_kiir: autoDraw = true
96.3761599999998	DATA	Keydown: ArrowLeft
96.39102499999899	EXP	szo_kiir: autoDraw = false
96.39102499999899	EXP	szo_kiir: color = {"_rgb":[1,1,1]}
96.39102499999899	EXP	szo_kiir: text = "tánló"
96.91042500000003	EXP	szo_kiir: autoDraw = true
98.06105500000012	DATA	Keydown: ArrowLeft
98.08128000000033	EXP	szo_kiir: autoDraw = false
98.08128000000033	EXP	szo_kiir: color = {"_rgb":[1,1,1]}
98.08128000000033	EXP	szo_kiir: text = "maximax"
98.59657499999958	EXP	szo_kiir: autoDraw = true
99.86512500000026	DATA	Keydown: ArrowLeft
99.87848499999927	EXP	szo_kiir: autoDraw = false
99.87848499999927	EXP	szo_kiir: color = {"_rgb":[1,1,1]}
99.87848499999927	EXP	szo_kiir: text = "törékeny"
100.39971999999943	EXP	szo_kiir: autoDraw = true
101.25648999999976	DATA	Keydown: ArrowRight
101.26551999999901	EXP	szo_kiir: autoDraw = false
101.26551999999901	EXP	szo_kiir: color = {"_rgb":[1,1,1]}
101.26551999999901	EXP	szo_kiir: text = "boldódi"
101.78340000000026	EXP	szo_kiir: autoDraw = true
102.62365499999942	DATA	Keydown: ArrowLeft
102.63040000000001	EXP	szo_kiir: autoDraw = false
102.63040000000001	EXP	szo_kiir: color = {"_rgb":[1,1,1]}
102.63040000000001	EXP	szo_kiir: text = "alapszabály"
103.13349000000017	EXP	szo_kiir: autoDraw = true
104.04041499999948	DATA	Keydown: ArrowRight
104.05697999999938	EXP	szo_kiir: autoDraw = false
104.05697999999938	EXP	szo_kiir: color = {"_rgb":[1,1,1]}
104.05697999999938	EXP	szo_kiir: text = "rejtőzik"
104.56683499999963	EXP	szo_kiir: autoDraw = true
105.28473499999927	DATA	Keydown: ArrowRight
105.300154999999	EXP	szo_kiir: autoDraw = false
105.300154999999	EXP	szo_kiir: color = {"_rgb":[1,1,1]}
105.300154999999	EXP	szo_kiir: text = "szobrász"
105.81787000000077	EXP	szo_kiir: autoDraw = true
106.7359949999991	DATA	Keydown: ArrowRight
106.75943999999981	EXP	szo_kiir: autoDraw = false
106.75943999999981	EXP	szo_kiir: color = {"_rgb":[1,1,1]}
106.75943999999981	EXP	szo_kiir: text = "szabotró"
107.27035000000069	EXP	szo_kiir: autoDraw = true
108.2959350000001	DATA	Keydown: ArrowLeft
108.30297500000052	EXP	szo_kiir: autoDraw = false
108.30297500000052	EXP	szo_kiir: color = {"_rgb":[1,1,1]}
108.30297500000052	EXP	szo_kiir: text = "régész"
108.82115499999964	EXP	szo_kiir: autoDraw = true
109.48912500000006	DATA	Keydown: ArrowRight
109.51268499999969	EXP	szo_kiir: autoDraw = false
109.51268499999969	EXP	szo_kiir: color = {"_rgb":[1,1,1]}
109.51268499999969	EXP	szo_kiir: text = "munkálkodik"
110.02504000000044	EXP	szo_kiir: autoDraw = true
110.82402999999977	DATA	Keydown: ArrowRight
110.83908999999949	EXP	szo_kiir: autoDraw = false
110.83908999999949	EXP	szo_kiir: color = {"_rgb":[1,1,1]}
110.83908999999949	EXP	szo_kiir: text = "cukrász"
111.35962499999914	EXP	szo_kiir: autoDraw = true
112.07559500000025	DATA	Keydown: ArrowRight
112.10525000000052	EXP	szo_kiir: autoDraw = false
112.10525000000052	EXP	szo_kiir: color = {"_rgb":[1,1,1]}
112.10525000000052	EXP	szo_kiir: text = "salógázó"
112.61030500000015	EXP	szo_kiir: autoDraw = true
113.9837349999998	DATA	Keydown: ArrowLeft
113.98978999999963	EXP	szo_kiir: autoDraw = false
113.98978999999963	EXP	szo_kiir: color = {"_rgb":[1,1,1]}
113.98978999999963	EXP	szo_kiir: text = "kán"
114.49171000000024	EXP	szo_kiir: autoDraw = true
115.52850500000022	DATA	Keydown: ArrowRight
115.56986499999948	EXP	szo_kiir: autoDraw = false
115.56986499999948	EXP	szo_kiir: color = {"_rgb":[1,1,1]}
115.56986499999948	EXP	szo_kiir: text = "vízimény"
116.07817000000068	EXP	szo_kiir: autoDraw = true
117.04047999999966	DATA	Keydown: ArrowLeft
117.04509999999937	EXP	szo_kiir: autoDraw = false
117.04509999999937	EXP	szo_kiir: color = {"_rgb":[1,1,1]}
117.04509999999937	EXP	szo_kiir: text = "bacon"
117.56312500000058	EXP	szo_kiir: autoDraw = true
118.78156999999919	DATA	Keydown: ArrowRight
118.80217500000072	EXP	szo_kiir: autoDraw = false
118.80217500000072	EXP	szo_kiir: color = {"_rgb":[1,1,1]}
118.80217500000072	EXP	szo_kiir: text = "derít"
119.31478500000048	EXP	szo_kiir: autoDraw = true
120.02457499999946	DATA	Keydown: ArrowRight
120.03185499999927	EXP	szo_kiir: autoDraw = false
120.03185499999927	EXP	szo_kiir: color = {"_rgb":[1,1,1]}
120.03185499999927	EXP	szo_kiir: text = "fennsík"
120.55092499999955	EXP	szo_kiir: autoDraw = true
121.80098499999986	DATA	Keydown: ArrowRight
121.81912999999986	EXP	szo_kiir: autoDraw = false
121.81912999999986	EXP	szo_kiir: color = {"_rgb":[1,1,1]}
121.81912999999986	EXP	szo_kiir: text = "fon"
122.33658999999898	EXP	szo_kiir: autoDraw = true
122.96994500000073	DATA	Keydown: ArrowRight
122.98456500000066	EXP	szo_kiir: autoDraw = false
122.98456500000066	EXP	szo_kiir: color = {"_rgb":[1,1,1]}
122.98456500000066	EXP	szo_kiir: text = "holografikus"
123.50244500000008	EXP	szo_kiir: autoDraw = true
124.40375999999924	DATA	Keydown: ArrowRight
124.4217349999999	EXP	szo_kiir: autoDraw = false
124.4217349999999	EXP	szo_kiir: color = {"_rgb":[1,1,1]}
124.4217349999999	EXP	szo_kiir: text = "cáfol"
124.93987000000016	EXP	szo_kiir: autoDraw = true
125.53973000000042	DATA	Keydown: ArrowRight
125.55417999999918	EXP	szo_kiir: autoDraw = false
125.55417999999918	EXP	szo_kiir: color = {"_rgb":[1,1,1]}
125.55417999999918	EXP	szo_kiir: text = "gerifikált"
126.07135500000004	EXP	szo_kiir: autoDraw = true
127.24129499999981	DATA	Keydown: ArrowLeft
127.26471499999934	EXP	szo_kiir: autoDraw = false
127.26471499999934	EXP	szo_kiir: color = {"_rgb":[1,1,1]}
127.26471499999934	EXP	szo_kiir: text = "altet"
127.77516999999898	EXP	szo_kiir: autoDraw = true
128.6423649999997	DATA	Keydown: ArrowLeft
128.6568299999999	EXP	szo_kiir: autoDraw = false
128.6568299999999	EXP	szo_kiir: color = {"_rgb":[1,1,1]}
128.6568299999999	EXP	szo_kiir: text = "fekhely"
129.17457499999912	EXP	szo_kiir: autoDraw = true
129.81581000000006	DATA	Keydown: ArrowRight
129.82616000000053	EXP	szo_kiir: autoDraw = false
129.82616000000053	EXP	szo_kiir: color = {"_rgb":[1,1,1]}
129.82616000000053	EXP	szo_kiir: text = "tópart"
130.34366000000048	EXP	szo_kiir: autoDraw = true
130.95247000000018	DATA	Keydown: ArrowRight
130.95923500000023	EXP	szo_kiir: autoDraw = false
130.95923500000023	EXP	szo_kiir: color = {"_rgb":[1,1,1]}
130.95923500000023	EXP	szo_kiir: text = "csattog"
131.47679000000062	EXP	szo_kiir: autoDraw = true
132.0962149999996	DATA	Keydown: ArrowRight
132.1161749999992	EXP	szo_kiir: autoDraw = false
132.1161749999992	EXP	szo_kiir: color = {"_rgb":[1,1,1]}
132.1161749999992	EXP	szo_kiir: text = "grancs"
132.6295100000007	EXP	szo_kiir: autoDraw = true
133.42957500000009	DATA	Keydown: ArrowLeft
133.44491500000004	EXP	szo_kiir: autoDraw = false
133.44491500000004	EXP	szo_kiir: color = {"_rgb":[1,1,1]}
133.44491500000004	EXP	szo_kiir: text = "tincs"
133.9623449999999	EXP	szo_kiir: autoDraw = true
134.6314949999996	DATA	Keydown: ArrowRight
134.6481700000004	EXP	szo_kiir: autoDraw = false
134.6481700000004	EXP	szo_kiir: color = {"_rgb":[1,1,1]}
134.6481700000004	EXP	szo_kiir: text = "konzílium"
135.1644949999991	EXP	szo_kiir: autoDraw = true
135.99202499999956	DATA	Keydown: ArrowRight
135.9972799999996	EXP	szo_kiir: autoDraw = false
135.9972799999996	EXP	szo_kiir: color = {"_rgb":[1,1,1]}
135.9972799999996	EXP	szo_kiir: text = "tanácskozik"
136.50122000000013	EXP	szo_kiir: autoDraw = true
137.13694500000022	DATA	Keydown: ArrowRight
137.15910500000066	EXP	szo_kiir: autoDraw = false
137.15910500000066	EXP	szo_kiir: color = {"_rgb":[1,1,1]}
137.15910500000066	EXP	szo_kiir: text = "kormányrúd"
137.67067999999927	EXP	szo_kiir: autoDraw = true
138.63503499999933	DATA	Keydown: ArrowRight
138.6499999999996	EXP	szo_kiir: autoDraw = false
138.6499999999996	EXP	szo_kiir: color = {"_rgb":[1,1,1]}
138.6499999999996	EXP	szo_kiir: text = "konfirki"
139.1688049999993	EXP	szo_kiir: autoDraw = true
140.2241350000004	DATA	Keydown: ArrowLeft
140.23923999999897	EXP	szo_kiir: autoDraw = false
140.23923999999897	EXP	szo_kiir: color = {"_rgb":[1,1,1]}
140.23923999999897	EXP	szo_kiir: text = "szállingózik"
140.75307500000054	EXP	szo_kiir: autoDraw = true
141.504175	DATA	Keydown: ArrowRight
141.5195199999998	EXP	szo_kiir: autoDraw = false
141.5195199999998	EXP	szo_kiir: color = {"_rgb":[1,1,1]}
141.5195199999998	EXP	szo_kiir: text = "szitok"
142.0215649999991	EXP	szo_kiir: autoDraw = true
142.80824500000017	DATA	Keydown: ArrowRight
142.82892999999967	EXP	szo_kiir: autoDraw = false
142.82892999999967	EXP	szo_kiir: color = {"_rgb":[1,1,1]}
142.82892999999967	EXP	szo_kiir: text = "gézengúz"
143.33876500000042	EXP	szo_kiir: autoDraw = true
144.01651999999925	DATA	Keydown: ArrowRight
144.0221000000001	EXP	szo_kiir: autoDraw = false
144.0221000000001	EXP	szo_kiir: color = {"_rgb":[1,1,1]}
144.0221000000001	EXP	szo_kiir: text = "műt"
144.52316000000064	EXP	szo_kiir: autoDraw = true
145.12811499999953	DATA	Keydown: ArrowRight
145.14644000000044	EXP	szo_kiir: autoDraw = false
145.14644000000044	EXP	szo_kiir: color = {"_rgb":[1,1,1]}
145.14644000000044	EXP	szo_kiir: text = "totemoszlop"
145.65805999999972	EXP	szo_kiir: autoDraw = true
146.90967499999897	DATA	Keydown: ArrowLeft
146.92500499999917	EXP	szo_kiir: autoDraw = false
146.92500499999917	EXP	szo_kiir: color = {"_rgb":[1,1,1]}
146.92500499999917	EXP	szo_kiir: text = "tamia"
147.44277999999943	EXP	szo_kiir: autoDraw = true
148.53614500000006	DATA	Keydown: ArrowLeft
148.5432700000001	EXP	szo_kiir: autoDraw = false
148.5432700000001	EXP	szo_kiir: color = {"_rgb":[1,1,1]}
148.5432700000001	EXP	szo_kiir: text = "marcangol"
149.06132500000055	EXP	szo_kiir: autoDraw = true
149.99575999999982	DATA	Keydown: ArrowRight
150.01330000000056	EXP	szo_kiir: autoDraw = false
150.01330000000056	EXP	szo_kiir: color = {"_rgb":[1,1,1]}
150.01330000000056	EXP	szo_kiir: text = "lező"
150.53220499999952	EXP	szo_kiir: autoDraw = true
151.46556000000055	DATA	Keydown: ArrowLeft
151.48004000000034	EXP	szo_kiir: autoDraw = false
151.48004000000034	EXP	szo_kiir: color = {"_rgb":[1,1,1]}
151.48004000000034	EXP	szo_kiir: text = "keszködmön"
151.99807999999942	EXP	szo_kiir: autoDraw = true
153.3609400000005	DATA	Keydown: ArrowLeft
153.3924999999999	EXP	szo_kiir: autoDraw = false
153.3924999999999	EXP	szo_kiir: color = {"_rgb":[1,1,1]}
153.3924999999999	EXP	szo_kiir: text = "anorák"
153.88313999999994	EXP	szo_kiir: autoDraw = true
154.7159900000006	DATA	Keydown: ArrowRight
154.73145999999906	EXP	szo_kiir: autoDraw = false
154.73145999999906	EXP	szo_kiir: color = {"_rgb":[1,1,1]}
154.73145999999906	EXP	szo_kiir: text = "lícium"
155.25318499999955	EXP	szo_kiir: autoDraw = true
155.96797999999941	DATA	Keydown: ArrowRight
155.98804999999993	EXP	szo_kiir: autoDraw = false
155.98804999999993	EXP	szo_kiir: color = {"_rgb":[1,1,1]}
155.98804999999993	EXP	szo_kiir: text = "ötletdús"
156.50143500000016	EXP	szo_kiir: autoDraw = true
157.5121849999996	DATA	Keydown: ArrowRight
157.51716999999917	EXP	szo_kiir: autoDraw = false
157.51716999999917	EXP	szo_kiir: color = {"_rgb":[1,1,1]}
157.51716999999917	EXP	szo_kiir: text = "krakéler"
158.03676500000074	EXP	szo_kiir: autoDraw = true
159.320205	DATA	Keydown: ArrowLeft
159.33547499999986	EXP	szo_kiir: autoDraw = false
159.33547499999986	EXP	szo_kiir: color = {"_rgb":[1,1,1]}
159.33547499999986	EXP	szo_kiir: text = "frontszakasz"
159.85563000000005	EXP	szo_kiir: autoDraw = true
161.62436999999957	DATA	Keydown: ArrowRight
161.64595499999996	EXP	szo_kiir: autoDraw = false
161.64595499999996	EXP	szo_kiir: color = {"_rgb":[1,1,1]}
161.64595499999996	EXP	szo_kiir: text = "finomszesz"
162.15982000000076	EXP	szo_kiir: autoDraw = true
163.20060500000002	DATA	Keydown: ArrowRight
163.20822000000044	EXP	szo_kiir: autoDraw = false
163.20822000000044	EXP	szo_kiir: color = {"_rgb":[1,1,1]}
163.20822000000044	EXP	szo_kiir: text = "aszinkronmotor"
163.72722500000052	EXP	szo_kiir: autoDraw = true
165.4781800000001	DATA	Keydown: ArrowLeft
165.49356500000067	EXP	szo_kiir: autoDraw = false
165.49356500000067	EXP	szo_kiir: color = {"_rgb":[1,1,1]}
165.49356500000067	EXP	szo_kiir: text = "homályosít"
165.9949149999993	EXP	szo_kiir: autoDraw = true
167.59774999999897	DATA	Keydown: ArrowRight
167.62750500000038	EXP	szo_kiir: autoDraw = false
167.62750500000038	EXP	szo_kiir: color = {"_rgb":[1,1,1]}
167.62750500000038	EXP	szo_kiir: text = "asszonánc"
168.14665000000056	EXP	szo_kiir: autoDraw = true
169.18267999999992	DATA	Keydown: ArrowLeft
169.1972000000005	EXP	szo_kiir: autoDraw = false
169.1972000000005	EXP	szo_kiir: color = {"_rgb":[1,1,1]}
169.1972000000005	EXP	szo_kiir: text = "szemestakarmány"
169.71638499999972	EXP	szo_kiir: autoDraw = true
171.14459999999963	DATA	Keydown: ArrowRight
171.14832000000024	EXP	szo_kiir: autoDraw = false
171.14832000000024	EXP	szo_kiir: color = {"_rgb":[1,1,1]}
171.14832000000024	EXP	szo_kiir: text = "tutamizál"
171.6667949999992	EXP	szo_kiir: autoDraw = true
172.7913750000007	DATA	Keydown: ArrowLeft
172.803355	EXP	szo_kiir: autoDraw = false
172.803355	EXP	szo_kiir: color = {"_rgb":[1,1,1]}
172.803355	EXP	szo_kiir: text = "fegyverterem"
173.31774000000044	EXP	szo_kiir: autoDraw = true
174.35180000000037	DATA	Keydown: ArrowRight
174.36638999999923	EXP	szo_kiir: autoDraw = false
174.36638999999923	EXP	szo_kiir: color = {"_rgb":[1,1,1]}
174.36638999999923	EXP	szo_kiir: text = "gór"
174.8693650000005	EXP	szo_kiir: autoDraw = true
175.73643500000074	DATA	Keydown: ArrowRight
175.7557799999995	EXP	szo_kiir: autoDraw = false
175.7557799999995	EXP	szo_kiir: color = {"_rgb":[1,1,1]}
175.7557799999995	EXP	szo_kiir: text = "rücsök"
176.27023000000005	EXP	szo_kiir: autoDraw = true
177.6876350000002	DATA	Keydown: ArrowRight
177.70299499999965	EXP	szo_kiir: autoDraw = false
177.70299499999965	EXP	szo_kiir: color = {"_rgb":[1,1,1]}
177.70299499999965	EXP	szo_kiir: text = "hízelkedik"
178.20571500000005	EXP	szo_kiir: autoDraw = true
179.07990000000063	DATA	Keydown: ArrowRight
179.09092000000052	EXP	szo_kiir: autoDraw = false
179.09092000000052	EXP	szo_kiir: color = {"_rgb":[1,1,1]}
179.09092000000052	EXP	szo_kiir: text = "orront"
179.60976499999921	EXP	szo_kiir: autoDraw = true
180.67425999999978	DATA	Keydown: ArrowLeft
180.69010999999955	EXP	szo_kiir: autoDraw = false
180.69010999999955	EXP	szo_kiir: color = {"_rgb":[1,1,1]}
180.69010999999955	EXP	szo_kiir: text = "zomás"
181.19347500000003	EXP	szo_kiir: autoDraw = true
182.1037350000006	DATA	Keydown: ArrowLeft
182.10782999999898	EXP	szo_kiir: autoDraw = false
182.10782999999898	EXP	szo_kiir: color = {"_rgb":[1,1,1]}
182.10782999999898	EXP	szo_kiir: text = "bennég"
182.61173500000044	EXP	szo_kiir: autoDraw = true
183.55194499999925	DATA	Keydown: ArrowRight
183.56403499999942	EXP	szo_kiir: autoDraw = false
183.56403499999942	EXP	szo_kiir: color = {"_rgb":[1,1,1]}
183.56403499999942	EXP	szo_kiir: text = "bűvkör"
184.08201499999996	EXP	szo_kiir: autoDraw = true
184.9970749999993	DATA	Keydown: ArrowRight
185.01242499999896	EXP	szo_kiir: autoDraw = false
185.01242499999896	EXP	szo_kiir: color = {"_rgb":[1,1,1]}
185.01242499999896	EXP	szo_kiir: text = "lovai"
185.53293499999927	EXP	szo_kiir: autoDraw = true
186.4886000000006	DATA	Keydown: ArrowRight
186.4961199999998	EXP	szo_kiir: autoDraw = false
186.4961199999998	EXP	szo_kiir: color = {"_rgb":[1,1,1]}
186.4961199999998	EXP	szo_kiir: text = "illetődik"
187.01561500000025	EXP	szo_kiir: autoDraw = true
187.93259500000025	DATA	Keydown: ArrowRight
187.96381999999906	EXP	szo_kiir: autoDraw = false
187.96381999999906	EXP	szo_kiir: color = {"_rgb":[1,1,1]}
187.96381999999906	EXP	szo_kiir: text = "hazardíroz"
188.4729349999998	EXP	szo_kiir: autoDraw = true
189.7933699999994	DATA	Keydown: ArrowRight
189.80182500000043	EXP	szo_kiir: autoDraw = false
189.80182500000043	EXP	szo_kiir: color = {"_rgb":[1,1,1]}
189.80182500000043	EXP	szo_kiir: text = "leverzsköl"
190.321034999999	EXP	szo_kiir: autoDraw = true
191.65618499999982	DATA	Keydown: ArrowLeft
191.67526999999973	EXP	szo_kiir: autoDraw = false
191.67526999999973	EXP	szo_kiir: color = {"_rgb":[1,1,1]}
191.67526999999973	EXP	szo_kiir: text = "alfél"
192.18742000000017	EXP	szo_kiir: autoDraw = true
193.21658000000025	DATA	Keydown: ArrowRight
193.2213300000003	EXP	szo_kiir: autoDraw = false
193.2213300000003	EXP	szo_kiir: color = {"_rgb":[1,1,1]}
193.2213300000003	EXP	szo_kiir: text = "zentiekert"
193.73994999999923	EXP	szo_kiir: autoDraw = true
194.8739549999991	DATA	Keydown: ArrowLeft
194.8916499999996	EXP	szo_kiir: autoDraw = false
194.8916499999996	EXP	szo_kiir: color = {"_rgb":[1,1,1]}
194.8916499999996	EXP	szo_kiir: text = "szíjaz"
195.40777999999952	EXP	szo_kiir: autoDraw = true
196.4810049999996	DATA	Keydown: ArrowRight
196.4917100000002	EXP	szo_kiir: autoDraw = false
196.4917100000002	EXP	szo_kiir: color = {"_rgb":[1,1,1]}
196.4917100000002	EXP	szo_kiir: text = "pamacsol"
197.01593999999935	EXP	szo_kiir: autoDraw = true
197.76115500000014	DATA	Keydown: ArrowRight
197.7814249999992	EXP	szo_kiir: autoDraw = false
197.7814249999992	EXP	szo_kiir: color = {"_rgb":[1,1,1]}
197.7814249999992	EXP	szo_kiir: text = "tejeslány"
198.29535500000017	EXP	szo_kiir: autoDraw = true
199.28072500000053	DATA	Keydown: ArrowRight
199.294249999999	EXP	szo_kiir: autoDraw = false
199.294249999999	EXP	szo_kiir: color = {"_rgb":[1,1,1]}
199.294249999999	EXP	szo_kiir: text = "dölyfösködik"
199.8169999999991	EXP	szo_kiir: autoDraw = true
200.73007999999933	DATA	Keydown: ArrowRight
200.74853500000066	EXP	szo_kiir: autoDraw = false
200.74853500000066	EXP	szo_kiir: color = {"_rgb":[1,1,1]}
200.74853500000066	EXP	szo_kiir: text = "fogózkodik"
201.26405499999964	EXP	szo_kiir: autoDraw = true
202.16570499999943	DATA	Keydown: ArrowRight
202.1806749999996	EXP	szo_kiir: autoDraw = false
202.1806749999996	EXP	szo_kiir: color = {"_rgb":[1,1,1]}
202.1806749999996	EXP	szo_kiir: text = "hejehujázik"
202.69791000000075	EXP	szo_kiir: autoDraw = true
203.66644500000072	DATA	Keydown: ArrowRight
203.68713500000013	EXP	szo_kiir: autoDraw = false
203.68713500000013	EXP	szo_kiir: color = {"_rgb":[1,1,1]}
203.68713500000013	EXP	szo_kiir: text = "elméskedik"
204.203019999999	EXP	szo_kiir: autoDraw = true
205.0238499999996	DATA	Keydown: ArrowRight
205.03305000000003	EXP	szo_kiir: autoDraw = false
205.03305000000003	EXP	szo_kiir: color = {"_rgb":[1,1,1]}
205.03305000000003	EXP	szo_kiir: text = "kollektivizál"
205.53441999999995	EXP	szo_kiir: autoDraw = true
206.5446900000006	DATA	Keydown: ArrowRight
206.55845500000035	EXP	szo_kiir: autoDraw = false
206.55845500000035	EXP	szo_kiir: color = {"_rgb":[1,1,1]}
206.55845500000035	EXP	szo_kiir: text = "öklelőzik"
207.07197500000078	EXP	szo_kiir: autoDraw = true
208.6560900000004	DATA	Keydown: ArrowRight
208.6703099999995	EXP	szo_kiir: autoDraw = false
208.6703099999995	EXP	szo_kiir: color = {"_rgb":[1,1,1]}
208.6703099999995	EXP	szo_kiir: text = "tortya"
209.190274999999	EXP	szo_kiir: autoDraw = true
210.0400649999992	DATA	Keydown: ArrowLeft
210.05918999999994	EXP	szo_kiir: autoDraw = false
210.05918999999994	EXP	szo_kiir: color = {"_rgb":[1,1,1]}
210.05918999999994	EXP	szo_kiir: text = "petél"
210.5725299999995	EXP	szo_kiir: autoDraw = true
211.63246500000056	DATA	Keydown: ArrowLeft
211.6399199999996	EXP	szo_kiir: autoDraw = false
211.6399199999996	EXP	szo_kiir: color = {"_rgb":[1,1,1]}
211.6399199999996	EXP	szo_kiir: text = "templomoz"
212.1584449999991	EXP	szo_kiir: autoDraw = true
213.47619999999918	DATA	Keydown: ArrowRight
213.4914850000005	EXP	szo_kiir: autoDraw = false
213.4914850000005	EXP	szo_kiir: color = {"_rgb":[1,1,1]}
213.4914850000005	EXP	szo_kiir: text = "szervusz"
214.00950499999996	EXP	szo_kiir: autoDraw = true
214.80004499999995	DATA	Keydown: ArrowRight
214.81394999999975	EXP	szo_kiir: autoDraw = false
214.81394999999975	EXP	szo_kiir: color = {"_rgb":[1,1,1]}
214.81394999999975	EXP	szo_kiir: text = "nyüzsgölődik"
215.33209999999963	EXP	szo_kiir: autoDraw = true
216.50412999999932	DATA	Keydown: ArrowRight
216.511305	EXP	szo_kiir: autoDraw = false
216.511305	EXP	szo_kiir: color = {"_rgb":[1,1,1]}
216.511305	EXP	szo_kiir: text = "elnyűvődik"
217.01403500000015	EXP	szo_kiir: autoDraw = true
218.25620999999956	DATA	Keydown: ArrowRight
218.26929999999993	EXP	szo_kiir: autoDraw = false
218.26929999999993	EXP	szo_kiir: color = {"_rgb":[1,1,1]}
218.26929999999993	EXP	szo_kiir: text = "megfogózik"
218.7834349999994	EXP	szo_kiir: autoDraw = true
219.9499450000003	DATA	Keydown: ArrowRight
219.96503999999914	EXP	szo_kiir: autoDraw = false
219.96503999999914	EXP	szo_kiir: color = {"_rgb":[1,1,1]}
219.96503999999914	EXP	szo_kiir: text = "modukció"
220.48877999999968	EXP	szo_kiir: autoDraw = true
221.53535499999998	DATA	Keydown: ArrowLeft
221.56798499999965	EXP	szo_kiir: autoDraw = false
221.56798499999965	EXP	szo_kiir: color = {"_rgb":[1,1,1]}
221.56798499999965	EXP	szo_kiir: text = "széledez"
222.08528499999917	EXP	szo_kiir: autoDraw = true
223.1129700000001	DATA	Keydown: ArrowRight
223.11664999999994	EXP	szo_kiir: autoDraw = false
223.11664999999994	EXP	szo_kiir: color = {"_rgb":[1,1,1]}
223.11664999999994	EXP	szo_kiir: text = "ingyenbeteg"
223.63462000000072	EXP	szo_kiir: autoDraw = true
225.49654499999994	DATA	Keydown: ArrowLeft
225.50208999999992	EXP	szo_kiir: autoDraw = false
225.50208999999992	EXP	szo_kiir: color = {"_rgb":[1,1,1]}
225.50208999999992	EXP	szo_kiir: text = "ószeven"
226.02306499999938	EXP	szo_kiir: autoDraw = true
227.2568300000003	DATA	Keydown: ArrowLeft
227.280784999999	EXP	szo_kiir: autoDraw = false
227.280784999999	EXP	szo_kiir: color = {"_rgb":[1,1,1]}
227.280784999999	EXP	szo_kiir: text = "kíványozhat"
227.7900900000004	EXP	szo_kiir: autoDraw = true
229.36046499999978	DATA	Keydown: ArrowLeft
229.37450499999977	EXP	szo_kiir: autoDraw = false
229.37450499999977	EXP	szo_kiir: color = {"_rgb":[1,1,1]}
229.37450499999977	EXP	szo_kiir: text = "kontinuáns"
229.89285000000018	EXP	szo_kiir: autoDraw = true
231.94468000000052	DATA	Keydown: ArrowLeft
231.95998999999938	EXP	szo_kiir: autoDraw = false
231.95998999999938	EXP	szo_kiir: color = {"_rgb":[1,1,1]}
231.95998999999938	EXP	szo_kiir: text = "vektorinvariáns"
232.462845	EXP	szo_kiir: autoDraw = true
234.60025999999925	DATA	Keydown: ArrowRight
234.61739999999918	EXP	szo_kiir: autoDraw = false
234.61739999999918	EXP	koszi_szoveg: autoDraw = true
