0.11463999998522922	EXP	Created Window = Window( name=Window, fullscr=true, color=#000000, units=norm, waitBlanking=true, autoLog=true, size=[1366,657] )
2.8964900000137277	DATA	Keydown: 3
3.0464950000168756	DATA	Keydown: 3
3.1746999999741092	DATA	Keydown: 3
3.315684999979567	DATA	Keydown: 7
5.951494999986608	DATA	Keydown: n
6.397279999975581	DATA	Keydown: ő
8.361574999988079	DATA	Keydown: 2
8.669954999990296	DATA	Keydown: 0
8.84647499996936	DATA	Keydown: 0
9.38481999997748	DATA	Keydown: 0
9.554639999987558	DATA	Keydown: .
9.730440000013914	DATA	Keydown:  
10.0399299999699	DATA	Keydown: 1
10.125119999982417	DATA	Keydown: 0
10.305489999998827	DATA	Keydown: .
10.466229999961797	DATA	Keydown:  
10.723360000003595	DATA	Keydown: 3
10.99753499997314	DATA	Keydown: 1
11.072174999979325	DATA	Keydown: .
11.229225000017323	DATA	Keydown:  
13.98898999998346	DATA	Keydown: 1
14.137999999977183	DATA	Keydown: 3
15.90246000001207	EXP	Created instruction_text1 = TextStim( name=instruction_text1, win=Window( name=Window, fullscr=true, color=#000000, ~), autoDraw=null, autoLog=true, units=norm, ori=null, opacity=1, pos=[0,0], size=undefined, text=Ön most szavakat fog látni.

Ezek között lesznek o~, font=Arial, color=#ffffff, contrast=1, height=0.05, bold=null, italic=null, alignHoriz=left, alignVert=center, wrapWidth=1, flipHoriz=null, flipVert=null )
15.904504999984056	EXP	Created instruction_text2 = TextStim( name=instruction_text2, win=Window( name=Window, fullscr=true, color=#000000, ~), autoDraw=null, autoLog=true, units=norm, ori=null, opacity=1, pos=[0,0], size=undefined, text=Először két egyszerű példát mutatunk Önnek.

Az el~, font=Arial, color=#FFFFFF, contrast=1, height=0.05, bold=null, italic=null, alignHoriz=left, alignVert=center, wrapWidth=1, flipHoriz=null, flipVert=null )
15.90590000001248	EXP	Created show_text = TextStim( name=show_text, win=Window( name=Window, fullscr=true, color=#000000, ~), autoDraw=null, autoLog=true, units=norm, ori=null, opacity=1, pos=[0,0], size=undefined, text=asztal, font=Arial, color=#FFFFFF, contrast=1, height=0.2, bold=null, italic=null, alignHoriz=left, alignVert=center, wrapWidth=1, flipHoriz=null, flipVert=null )
15.908679999993183	EXP	Created text = TextStim( name=text, win=Window( name=Window, fullscr=true, color=#000000, ~), autoDraw=null, autoLog=true, units=norm, ori=null, opacity=1, pos=[0,0], size=undefined, text=bzsmfsztal, font=Arial, color=#FFFFFF, contrast=1, height=0.2, bold=null, italic=null, alignHoriz=left, alignVert=center, wrapWidth=1, flipHoriz=null, flipVert=null )
15.910284999990836	EXP	Created instruction_text3 = TextStim( name=instruction_text3, win=Window( name=Window, fullscr=true, color=#000000, ~), autoDraw=null, autoLog=true, units=norm, ori=null, opacity=1, pos=[0,0], size=undefined, text=Pazar. Most kezdődik az igazi kísérlet. Néhány per~, font=Arial, color=#FFFFFF, contrast=1, height=0.1, bold=null, italic=null, alignHoriz=left, alignVert=center, wrapWidth=1, flipHoriz=null, flipVert=null )
15.911944999999832	EXP	Created szo_kiir = TextStim( name=szo_kiir, win=Window( name=Window, fullscr=true, color=#000000, ~), autoDraw=null, autoLog=true, units=norm, ori=null, opacity=1, pos=[0,0], size=undefined, text=default text, font=Arial, color=#FFFFFF, contrast=1, height=0.2, bold=null, italic=null, alignHoriz=left, alignVert=center, wrapWidth=1, flipHoriz=null, flipVert=null )
15.913224999967497	EXP	Created koszi_szoveg = TextStim( name=koszi_szoveg, win=Window( name=Window, fullscr=true, color=#000000, ~), autoDraw=null, autoLog=true, units=norm, ori=null, opacity=1, pos=[0,0], size=undefined, text=Vége a kísérletnek. Köszönjük a részvételt!, font=arial, color=#ffffff, contrast=1, height=0.1, bold=null, italic=null, alignHoriz=left, alignVert=center, wrapWidth=1, flipHoriz=null, flipVert=null )
15.953319999971427	EXP	instruction_text1: units = "norm"
15.953319999971427	EXP	instruction_text1: ori = 0
15.953319999971427	EXP	instruction_text1: opacity = 1
15.953319999971427	EXP	instruction_text1: pos = [0,0]
15.953319999971427	EXP	instruction_text1: size = undefined
15.953319999971427	EXP	instruction_text1: text = "Ön most szavakat fog látni.\n\nEzek között lesznek olyanok, amelyeket ismer, de előfordulhatnak olyanok is, amelyeket nem ismer, sőt, vannak köztük kitalált szavak is. \n\nKérjük, ha ismeri a képernyőn látható szót, nyomja meg a JOBB kurzorbillentyűt.\nKérjük, ha NEM ismeri a képernyőn látható szót, vagy azt gondolja, nincs ilyen szó a magyarban, nyomja meg a BAL kurzorbillentyűt.\n\nAz 'Ismerem a szót' döntés itt most ezt jelenti: találkoztam már vele, és van valami elképzelésem a jelentéséről is.  \n\nNyomjon meg bármilyen billentyűt a folytatáshoz."
15.953319999971427	EXP	instruction_text1: font = "Arial"
15.953319999971427	EXP	instruction_text1: color = {"_rgb":[1,1,1]}
15.953319999971427	EXP	instruction_text1: contrast = 1
15.953319999971427	EXP	instruction_text1: height = 0.05
15.953319999971427	EXP	instruction_text1: bold = false
15.953319999971427	EXP	instruction_text1: italic = false
15.953319999971427	EXP	instruction_text1: alignHoriz = "left"
15.953319999971427	EXP	instruction_text1: alignVert = "center"
15.953319999971427	EXP	instruction_text1: wrapWidth = 1
15.953319999971427	EXP	instruction_text1: flipHoriz = false
15.953319999971427	EXP	instruction_text1: flipVert = false
15.953319999971427	EXP	instruction_text2: units = "norm"
15.953319999971427	EXP	instruction_text2: ori = 0
15.953319999971427	EXP	instruction_text2: opacity = 1
15.953319999971427	EXP	instruction_text2: pos = [0,0]
15.953319999971427	EXP	instruction_text2: size = undefined
15.953319999971427	EXP	instruction_text2: text = "Először két egyszerű példát mutatunk Önnek.\n\nAz első szó létezik a magyarban, és valószínűleg Ön is ismeri. Itt nyomja majd meg a jobb kurzorbillentyűt.\nA második szó nem létezik a magyar nyelvben. Itt nyomja majd meg a bal kurzorbillentyűt.\n\nFontos, hogy a jobb gombot a jobb kezével, a bal gombot a bal kezével nyomja, ha tudja, és ne egy kezét használja a kísérletben.\n\nNyomjon meg bármilyen gombot a folytatáshoz."
15.953319999971427	EXP	instruction_text2: font = "Arial"
15.953319999971427	EXP	instruction_text2: color = {"_hex":"#FFFFFF","_rgb":[1,1,1]}
15.953319999971427	EXP	instruction_text2: contrast = 1
15.953319999971427	EXP	instruction_text2: height = 0.05
15.953319999971427	EXP	instruction_text2: bold = false
15.953319999971427	EXP	instruction_text2: italic = false
15.953319999971427	EXP	instruction_text2: alignHoriz = "left"
15.953319999971427	EXP	instruction_text2: alignVert = "center"
15.953319999971427	EXP	instruction_text2: wrapWidth = 1
15.953319999971427	EXP	instruction_text2: flipHoriz = false
15.953319999971427	EXP	instruction_text2: flipVert = false
15.953319999971427	EXP	show_text: units = "norm"
15.953319999971427	EXP	show_text: ori = 0
15.953319999971427	EXP	show_text: opacity = 1
15.953319999971427	EXP	show_text: pos = [0,0]
15.953319999971427	EXP	show_text: size = undefined
15.953319999971427	EXP	show_text: text = "asztal"
15.953319999971427	EXP	show_text: font = "Arial"
15.953319999971427	EXP	show_text: color = {"_hex":"#FFFFFF","_rgb":[1,1,1]}
15.953319999971427	EXP	show_text: contrast = 1
15.953319999971427	EXP	show_text: height = 0.2
15.953319999971427	EXP	show_text: bold = false
15.953319999971427	EXP	show_text: italic = false
15.953319999971427	EXP	show_text: alignHoriz = "left"
15.953319999971427	EXP	show_text: alignVert = "center"
15.953319999971427	EXP	show_text: wrapWidth = 1
15.953319999971427	EXP	show_text: flipHoriz = false
15.953319999971427	EXP	show_text: flipVert = false
15.953319999971427	EXP	text: units = "norm"
15.953319999971427	EXP	text: ori = 0
15.953319999971427	EXP	text: opacity = 1
15.953319999971427	EXP	text: pos = [0,0]
15.953319999971427	EXP	text: size = undefined
15.953319999971427	EXP	text: text = "bzsmfsztal"
15.953319999971427	EXP	text: font = "Arial"
15.953319999971427	EXP	text: color = {"_hex":"#FFFFFF","_rgb":[1,1,1]}
15.953319999971427	EXP	text: contrast = 1
15.953319999971427	EXP	text: height = 0.2
15.953319999971427	EXP	text: bold = false
15.953319999971427	EXP	text: italic = false
15.953319999971427	EXP	text: alignHoriz = "left"
15.953319999971427	EXP	text: alignVert = "center"
15.953319999971427	EXP	text: wrapWidth = 1
15.953319999971427	EXP	text: flipHoriz = false
15.953319999971427	EXP	text: flipVert = false
15.953319999971427	EXP	instruction_text3: units = "norm"
15.953319999971427	EXP	instruction_text3: ori = 0
15.953319999971427	EXP	instruction_text3: opacity = 1
15.953319999971427	EXP	instruction_text3: pos = [0,0]
15.953319999971427	EXP	instruction_text3: size = undefined
15.953319999971427	EXP	instruction_text3: text = "Pazar. Most kezdődik az igazi kísérlet. Néhány percig fog tartani. Nem kell nagyon sietnie, de igyekezzen gyorsan válaszolni.\n\nNe feledje, ha tudja, a jobb gombot a jobbkezével, a bal gombot a balkezével nyomja le.\n\nNyomjon meg bármilyen gombot a folytatáshoz."
15.953319999971427	EXP	instruction_text3: font = "Arial"
15.953319999971427	EXP	instruction_text3: color = {"_hex":"#FFFFFF","_rgb":[1,1,1]}
15.953319999971427	EXP	instruction_text3: contrast = 1
15.953319999971427	EXP	instruction_text3: height = 0.1
15.953319999971427	EXP	instruction_text3: bold = false
15.953319999971427	EXP	instruction_text3: italic = false
15.953319999971427	EXP	instruction_text3: alignHoriz = "left"
15.953319999971427	EXP	instruction_text3: alignVert = "center"
15.953319999971427	EXP	instruction_text3: wrapWidth = 1
15.953319999971427	EXP	instruction_text3: flipHoriz = false
15.953319999971427	EXP	instruction_text3: flipVert = false
15.953319999971427	EXP	szo_kiir: units = "norm"
15.953319999971427	EXP	szo_kiir: ori = 0
15.953319999971427	EXP	szo_kiir: opacity = 1
15.953319999971427	EXP	szo_kiir: pos = [0,0]
15.953319999971427	EXP	szo_kiir: size = undefined
15.953319999971427	EXP	szo_kiir: text = "default text"
15.953319999971427	EXP	szo_kiir: font = "Arial"
15.953319999971427	EXP	szo_kiir: color = {"_hex":"#FFFFFF","_rgb":[1,1,1]}
15.953319999971427	EXP	szo_kiir: contrast = 1
15.953319999971427	EXP	szo_kiir: height = 0.2
15.953319999971427	EXP	szo_kiir: bold = false
15.953319999971427	EXP	szo_kiir: italic = false
15.953319999971427	EXP	szo_kiir: alignHoriz = "left"
15.953319999971427	EXP	szo_kiir: alignVert = "center"
15.953319999971427	EXP	szo_kiir: wrapWidth = 1
15.953319999971427	EXP	szo_kiir: flipHoriz = false
15.953319999971427	EXP	szo_kiir: flipVert = false
15.953319999971427	EXP	koszi_szoveg: units = "norm"
15.953319999971427	EXP	koszi_szoveg: ori = 0
15.953319999971427	EXP	koszi_szoveg: opacity = 1
15.953319999971427	EXP	koszi_szoveg: pos = [0,0]
15.953319999971427	EXP	koszi_szoveg: size = undefined
15.953319999971427	EXP	koszi_szoveg: text = "Vége a kísérletnek. Köszönjük a részvételt!"
15.953319999971427	EXP	koszi_szoveg: font = "arial"
15.953319999971427	EXP	koszi_szoveg: color = {"_rgb":[1,1,1]}
15.953319999971427	EXP	koszi_szoveg: contrast = 1
15.953319999971427	EXP	koszi_szoveg: height = 0.1
15.953319999971427	EXP	koszi_szoveg: bold = false
15.953319999971427	EXP	koszi_szoveg: italic = false
15.953319999971427	EXP	koszi_szoveg: alignHoriz = "left"
15.953319999971427	EXP	koszi_szoveg: alignVert = "center"
15.953319999971427	EXP	koszi_szoveg: wrapWidth = 1
15.953319999971427	EXP	koszi_szoveg: flipHoriz = false
15.953319999971427	EXP	koszi_szoveg: flipVert = false
15.953319999971427	EXP	instruction_text1: autoDraw = true
37.50534999999218	DATA	Keydown:  
37.51655000000028	EXP	instruction_text1: autoDraw = false
37.51655000000028	EXP	instruction_text2: autoDraw = true
48.54652500001248	DATA	Keydown:  
48.558239999983925	EXP	instruction_text2: autoDraw = false
49.08267500001239	EXP	show_text: autoDraw = true
50.58715999999549	DATA	Keydown: ArrowRight
50.59166500001447	EXP	show_text: autoDraw = false
51.09996500000125	EXP	text: autoDraw = true
52.06182499998249	DATA	Keydown: ArrowLeft
52.10942499997327	EXP	text: autoDraw = false
52.10942499997327	EXP	instruction_text3: autoDraw = true
61.24953999998979	DATA	Keydown:  
61.30319499998586	EXP	instruction_text3: autoDraw = false
61.30319499998586	EXP	szo_kiir: color = {"_rgb":[1,1,1]}
61.30319499998586	EXP	szo_kiir: text = "kép"
61.81372999999439	EXP	szo_kiir: autoDraw = true
62.86511499999324	DATA	Keydown: ArrowRight
62.87411999999313	EXP	szo_kiir: autoDraw = false
62.87411999999313	EXP	szo_kiir: color = {"_rgb":[1,1,1]}
62.87411999999313	EXP	szo_kiir: text = "posdótelő"
63.39849499997217	EXP	szo_kiir: autoDraw = true
64.57461499999044	DATA	Keydown: ArrowLeft
64.62023999996018	EXP	szo_kiir: autoDraw = false
64.62023999996018	EXP	szo_kiir: color = {"_rgb":[1,1,1]}
64.62023999996018	EXP	szo_kiir: text = "század"
65.12897499999963	EXP	szo_kiir: autoDraw = true
65.93776499998057	DATA	Keydown: ArrowRight
65.94331999996211	EXP	szo_kiir: autoDraw = false
65.94331999996211	EXP	szo_kiir: color = {"_rgb":[1,1,1]}
65.94331999996211	EXP	szo_kiir: text = "nyelv"
66.46171000000322	EXP	szo_kiir: autoDraw = true
67.07659999997122	DATA	Keydown: ArrowRight
67.09856499999296	EXP	szo_kiir: autoDraw = false
67.09856499999296	EXP	szo_kiir: color = {"_rgb":[1,1,1]}
67.09856499999296	EXP	szo_kiir: text = "igény"
67.6125549999997	EXP	szo_kiir: autoDraw = true
68.19587499997579	DATA	Keydown: ArrowRight
68.20668499998283	EXP	szo_kiir: autoDraw = false
68.20668499998283	EXP	szo_kiir: color = {"_rgb":[1,1,1]}
68.20668499998283	EXP	szo_kiir: text = "bolyodás"
68.72801999998046	EXP	szo_kiir: autoDraw = true
70.56270499998936	DATA	Keydown: ArrowLeft
70.59244999999646	EXP	szo_kiir: autoDraw = false
70.59244999999646	EXP	szo_kiir: color = {"_rgb":[1,1,1]}
70.59244999999646	EXP	szo_kiir: text = "módszer"
71.1112500000163	EXP	szo_kiir: autoDraw = true
71.89749999996275	DATA	Keydown: ArrowRight
71.9064350000117	EXP	szo_kiir: autoDraw = false
71.9064350000117	EXP	szo_kiir: color = {"_rgb":[1,1,1]}
71.9064350000117	EXP	szo_kiir: text = "üvesi"
72.42611999996006	EXP	szo_kiir: autoDraw = true
73.57902000000468	DATA	Keydown: ArrowLeft
73.59550499997567	EXP	szo_kiir: autoDraw = false
73.59550499997567	EXP	szo_kiir: color = {"_rgb":[1,1,1]}
73.59550499997567	EXP	szo_kiir: text = "változik"
74.11089000001084	EXP	szo_kiir: autoDraw = true
74.84074499999406	DATA	Keydown: ArrowRight
74.85674499999732	EXP	szo_kiir: autoDraw = false
74.85674499999732	EXP	szo_kiir: color = {"_rgb":[1,1,1]}
74.85674499999732	EXP	szo_kiir: text = "késetetély"
75.37912499997765	EXP	szo_kiir: autoDraw = true
76.84058999997796	DATA	Keydown: ArrowLeft
76.86147499998333	EXP	szo_kiir: autoDraw = false
76.86147499998333	EXP	szo_kiir: color = {"_rgb":[1,1,1]}
76.86147499998333	EXP	szo_kiir: text = "hézhet"
77.3792099999846	EXP	szo_kiir: autoDraw = true
78.94104499998502	DATA	Keydown: ArrowLeft
78.95683499996085	EXP	szo_kiir: autoDraw = false
78.95683499996085	EXP	szo_kiir: color = {"_rgb":[1,1,1]}
78.95683499996085	EXP	szo_kiir: text = "optimális"
79.47985000000335	EXP	szo_kiir: autoDraw = true
80.21525999996811	DATA	Keydown: ArrowRight
80.24249999999302	EXP	szo_kiir: autoDraw = false
80.24249999999302	EXP	szo_kiir: color = {"_rgb":[1,1,1]}
80.24249999999302	EXP	szo_kiir: text = "kritikus"
80.76291499997023	EXP	szo_kiir: autoDraw = true
81.39343499997631	DATA	Keydown: ArrowRight
81.40866999997525	EXP	szo_kiir: autoDraw = false
81.40866999997525	EXP	szo_kiir: color = {"_rgb":[1,1,1]}
81.40866999997525	EXP	szo_kiir: text = "vagyon"
81.92893499997444	EXP	szo_kiir: autoDraw = true
82.61519499996211	DATA	Keydown: ArrowRight
82.6412849999615	EXP	szo_kiir: autoDraw = false
82.6412849999615	EXP	szo_kiir: color = {"_rgb":[1,1,1]}
82.6412849999615	EXP	szo_kiir: text = "küld"
83.15809499996249	EXP	szo_kiir: autoDraw = true
83.74777999997605	DATA	Keydown: ArrowRight
83.75859499996295	EXP	szo_kiir: autoDraw = false
83.75859499996295	EXP	szo_kiir: color = {"_rgb":[1,1,1]}
83.75859499996295	EXP	szo_kiir: text = "érzéketít"
84.27482499997132	EXP	szo_kiir: autoDraw = true
85.52413999999408	DATA	Keydown: ArrowLeft
85.54611499997554	EXP	szo_kiir: autoDraw = false
85.54611499997554	EXP	szo_kiir: color = {"_rgb":[1,1,1]}
85.54611499997554	EXP	szo_kiir: text = "nagyméretű"
86.06125999998767	EXP	szo_kiir: autoDraw = true
87.4274049999658	DATA	Keydown: ArrowRight
87.43969999998808	EXP	szo_kiir: autoDraw = false
87.43969999998808	EXP	szo_kiir: color = {"_rgb":[1,1,1]}
87.43969999998808	EXP	szo_kiir: text = "csend"
87.96050499996636	EXP	szo_kiir: autoDraw = true
88.5483349999995	DATA	Keydown: ArrowRight
88.57548499997938	EXP	szo_kiir: autoDraw = false
88.57548499997938	EXP	szo_kiir: color = {"_rgb":[1,1,1]}
88.57548499997938	EXP	szo_kiir: text = "szalas"
89.09106999996584	EXP	szo_kiir: autoDraw = true
89.5773099999642	DATA	Keydown: ArrowRight
89.59181000001263	EXP	szo_kiir: autoDraw = false
89.59181000001263	EXP	szo_kiir: color = {"_rgb":[1,1,1]}
89.59181000001263	EXP	szo_kiir: text = "reprezentatív"
90.11030499998014	EXP	szo_kiir: autoDraw = true
91.22485499997856	DATA	Keydown: ArrowRight
91.23931999999331	EXP	szo_kiir: autoDraw = false
91.23931999999331	EXP	szo_kiir: color = {"_rgb":[1,1,1]}
91.23931999999331	EXP	szo_kiir: text = "daragasi"
91.76218499999959	EXP	szo_kiir: autoDraw = true
93.55099499999778	DATA	Keydown: ArrowLeft
93.56250999995973	EXP	szo_kiir: autoDraw = false
93.56250999995973	EXP	szo_kiir: color = {"_rgb":[1,1,1]}
93.56250999995973	EXP	szo_kiir: text = "szelíd"
94.0741449999623	EXP	szo_kiir: autoDraw = true
94.88478500000201	DATA	Keydown: ArrowRight
94.89001500001177	EXP	szo_kiir: autoDraw = false
94.89001500001177	EXP	szo_kiir: color = {"_rgb":[1,1,1]}
94.89001500001177	EXP	szo_kiir: text = "amoz"
95.40694999997504	EXP	szo_kiir: autoDraw = true
96.21859000000404	DATA	Keydown: ArrowLeft
96.2280000000028	EXP	szo_kiir: autoDraw = false
96.2280000000028	EXP	szo_kiir: color = {"_rgb":[1,1,1]}
96.2280000000028	EXP	szo_kiir: text = "ponálgai"
96.74378499999875	EXP	szo_kiir: autoDraw = true
98.13003000000026	DATA	Keydown: ArrowLeft
98.13987499999348	EXP	szo_kiir: autoDraw = false
98.13987499999348	EXP	szo_kiir: color = {"_rgb":[1,1,1]}
98.13987499999348	EXP	szo_kiir: text = "gyűjt"
98.65761499997461	EXP	szo_kiir: autoDraw = true
100.8634149999707	DATA	Keydown: ArrowRight
100.87958999996772	EXP	szo_kiir: autoDraw = false
100.87958999996772	EXP	szo_kiir: color = {"_rgb":[1,1,1]}
100.87958999996772	EXP	szo_kiir: text = "villany"
101.39645499998005	EXP	szo_kiir: autoDraw = true
101.97372000000905	DATA	Keydown: ArrowRight
101.98853999999119	EXP	szo_kiir: autoDraw = false
101.98853999999119	EXP	szo_kiir: color = {"_rgb":[1,1,1]}
101.98853999999119	EXP	szo_kiir: text = "gyász"
102.50681499997154	EXP	szo_kiir: autoDraw = true
103.19128500000807	DATA	Keydown: ArrowRight
103.21958999999333	EXP	szo_kiir: autoDraw = false
103.21958999999333	EXP	szo_kiir: color = {"_rgb":[1,1,1]}
103.21958999999333	EXP	szo_kiir: text = "állvány"
103.72580499999458	EXP	szo_kiir: autoDraw = true
104.40570999996271	DATA	Keydown: ArrowRight
104.42200999998022	EXP	szo_kiir: autoDraw = false
104.42200999998022	EXP	szo_kiir: color = {"_rgb":[1,1,1]}
104.42200999998022	EXP	szo_kiir: text = "had"
104.93962499999907	EXP	szo_kiir: autoDraw = true
105.67793499998515	DATA	Keydown: ArrowRight
105.70006000000285	EXP	szo_kiir: autoDraw = false
105.70006000000285	EXP	szo_kiir: color = {"_rgb":[1,1,1]}
105.70006000000285	EXP	szo_kiir: text = "heveny"
106.21144499996444	EXP	szo_kiir: autoDraw = true
108.00965500000166	DATA	Keydown: ArrowRight
108.02376000001095	EXP	szo_kiir: autoDraw = false
108.02376000001095	EXP	szo_kiir: color = {"_rgb":[1,1,1]}
108.02376000001095	EXP	szo_kiir: text = "régész"
108.54281499999342	EXP	szo_kiir: autoDraw = true
109.56200999999419	DATA	Keydown: ArrowRight
109.5857299999916	EXP	szo_kiir: autoDraw = false
109.5857299999916	EXP	szo_kiir: color = {"_rgb":[1,1,1]}
109.5857299999916	EXP	szo_kiir: text = "munkálkodik"
110.0931349999737	EXP	szo_kiir: autoDraw = true
111.7060899999924	DATA	Keydown: ArrowRight
111.72153499996057	EXP	szo_kiir: autoDraw = false
111.72153499996057	EXP	szo_kiir: color = {"_rgb":[1,1,1]}
111.72153499996057	EXP	szo_kiir: text = "rajzolódik"
112.24213999998756	EXP	szo_kiir: autoDraw = true
113.2726149999653	DATA	Keydown: ArrowRight
113.29897000000346	EXP	szo_kiir: autoDraw = false
113.29897000000346	EXP	szo_kiir: color = {"_rgb":[1,1,1]}
113.29897000000346	EXP	szo_kiir: text = "pirigari"
113.8072599999723	EXP	szo_kiir: autoDraw = true
114.64181999996072	DATA	Keydown: ArrowLeft
114.65801000001375	EXP	szo_kiir: autoDraw = false
114.65801000001375	EXP	szo_kiir: color = {"_rgb":[1,1,1]}
114.65801000001375	EXP	szo_kiir: text = "holttest"
115.177789999987	EXP	szo_kiir: autoDraw = true
116.2810199999949	DATA	Keydown: ArrowRight
116.3141450000112	EXP	szo_kiir: autoDraw = false
116.3141450000112	EXP	szo_kiir: color = {"_rgb":[1,1,1]}
116.3141450000112	EXP	szo_kiir: text = "misztérium"
116.82719999999972	EXP	szo_kiir: autoDraw = true
118.49887999997009	DATA	Keydown: ArrowRight
118.50621500000125	EXP	szo_kiir: autoDraw = false
118.50621500000125	EXP	szo_kiir: color = {"_rgb":[1,1,1]}
118.50621500000125	EXP	szo_kiir: text = "lépték"
119.02675999997882	EXP	szo_kiir: autoDraw = true
120.2016650000005	DATA	Keydown: ArrowRight
120.2101149999653	EXP	szo_kiir: autoDraw = false
120.2101149999653	EXP	szo_kiir: color = {"_rgb":[1,1,1]}
120.2101149999653	EXP	szo_kiir: text = "frisáles"
120.72749999997905	EXP	szo_kiir: autoDraw = true
121.86444999999367	DATA	Keydown: ArrowLeft
121.87358000001404	EXP	szo_kiir: autoDraw = false
121.87358000001404	EXP	szo_kiir: color = {"_rgb":[1,1,1]}
121.87358000001404	EXP	szo_kiir: text = "köztett"
122.39040500001283	EXP	szo_kiir: autoDraw = true
125.24046999996062	DATA	Keydown: ArrowRight
125.25600499997381	EXP	szo_kiir: autoDraw = false
125.25600499997381	EXP	szo_kiir: color = {"_rgb":[1,1,1]}
125.25600499997381	EXP	szo_kiir: text = "balji"
125.77295000001322	EXP	szo_kiir: autoDraw = true
126.76021999999648	DATA	Keydown: ArrowLeft
126.77649499999825	EXP	szo_kiir: autoDraw = false
126.77649499999825	EXP	szo_kiir: color = {"_rgb":[1,1,1]}
126.77649499999825	EXP	szo_kiir: text = "presbitérium"
127.32442999997875	EXP	szo_kiir: autoDraw = true
128.74137000000337	DATA	Keydown: ArrowRight
128.7563749999972	EXP	szo_kiir: autoDraw = false
128.7563749999972	EXP	szo_kiir: color = {"_rgb":[1,1,1]}
128.7563749999972	EXP	szo_kiir: text = "hálózsák"
129.27432500000577	EXP	szo_kiir: autoDraw = true
130.23286499996902	DATA	Keydown: ArrowRight
130.24293000000762	EXP	szo_kiir: autoDraw = false
130.24293000000762	EXP	szo_kiir: color = {"_rgb":[1,1,1]}
130.24293000000762	EXP	szo_kiir: text = "tanácsol"
130.7587399999611	EXP	szo_kiir: autoDraw = true
131.52987500000745	DATA	Keydown: ArrowRight
131.537089999998	EXP	szo_kiir: autoDraw = false
131.537089999998	EXP	szo_kiir: color = {"_rgb":[1,1,1]}
131.537089999998	EXP	szo_kiir: text = "temperamentum"
132.05765500001144	EXP	szo_kiir: autoDraw = true
133.4382699999842	DATA	Keydown: ArrowRight
133.46395999996457	EXP	szo_kiir: autoDraw = false
133.46395999996457	EXP	szo_kiir: color = {"_rgb":[1,1,1]}
133.46395999996457	EXP	szo_kiir: text = "újgazdag"
133.97489999997197	EXP	szo_kiir: autoDraw = true
134.67222000000766	DATA	Keydown: ArrowRight
134.6879300000146	EXP	szo_kiir: autoDraw = false
134.6879300000146	EXP	szo_kiir: color = {"_rgb":[1,1,1]}
134.6879300000146	EXP	szo_kiir: text = "attasé"
135.2081499999622	EXP	szo_kiir: autoDraw = true
135.97519999998622	DATA	Keydown: ArrowLeft
135.99088499997742	EXP	szo_kiir: autoDraw = false
135.99088499997742	EXP	szo_kiir: color = {"_rgb":[1,1,1]}
135.99088499997742	EXP	szo_kiir: text = "nárcisz"
136.5083899999736	EXP	szo_kiir: autoDraw = true
137.92277499998454	DATA	Keydown: ArrowLeft
137.9377899999963	EXP	szo_kiir: autoDraw = false
137.9377899999963	EXP	szo_kiir: color = {"_rgb":[1,1,1]}
137.9377899999963	EXP	szo_kiir: text = "vértanú"
138.45906500000274	EXP	szo_kiir: autoDraw = true
139.6075149999815	DATA	Keydown: ArrowRight
139.63680500001647	EXP	szo_kiir: autoDraw = false
139.63680500001647	EXP	szo_kiir: color = {"_rgb":[1,1,1]}
139.63680500001647	EXP	szo_kiir: text = "deutérium"
140.14281499997014	EXP	szo_kiir: autoDraw = true
141.20829499996034	DATA	Keydown: ArrowRight
141.2197649999871	EXP	szo_kiir: autoDraw = false
141.2197649999871	EXP	szo_kiir: color = {"_rgb":[1,1,1]}
141.2197649999871	EXP	szo_kiir: text = "biotermék"
141.74097499996424	EXP	szo_kiir: autoDraw = true
142.54494499997236	DATA	Keydown: ArrowRight
142.55859999998938	EXP	szo_kiir: autoDraw = false
142.55859999998938	EXP	szo_kiir: color = {"_rgb":[1,1,1]}
142.55859999998938	EXP	szo_kiir: text = "khiba"
143.0721649999614	EXP	szo_kiir: autoDraw = true
143.94690999999875	DATA	Keydown: ArrowLeft
143.9542299999739	EXP	szo_kiir: autoDraw = false
143.9542299999739	EXP	szo_kiir: color = {"_rgb":[1,1,1]}
143.9542299999739	EXP	szo_kiir: text = "cselens"
144.47493500000564	EXP	szo_kiir: autoDraw = true
146.34006000001682	DATA	Keydown: ArrowLeft
146.35858000000007	EXP	szo_kiir: autoDraw = false
146.35858000000007	EXP	szo_kiir: color = {"_rgb":[1,1,1]}
146.35858000000007	EXP	szo_kiir: text = "szarkaláb"
146.87423999997554	EXP	szo_kiir: autoDraw = true
147.77347000001464	DATA	Keydown: ArrowRight
147.7882699999609	EXP	szo_kiir: autoDraw = false
147.7882699999609	EXP	szo_kiir: color = {"_rgb":[1,1,1]}
147.7882699999609	EXP	szo_kiir: text = "oldalszél"
148.30904999998165	EXP	szo_kiir: autoDraw = true
149.27353999996558	DATA	Keydown: ArrowRight
149.2920649999869	EXP	szo_kiir: autoDraw = false
149.2920649999869	EXP	szo_kiir: color = {"_rgb":[1,1,1]}
149.2920649999869	EXP	szo_kiir: text = "multiplikatív"
149.80835499998648	EXP	szo_kiir: autoDraw = true
152.22444499999983	DATA	Keydown: ArrowRight
152.2383399999817	EXP	szo_kiir: autoDraw = false
152.2383399999817	EXP	szo_kiir: color = {"_rgb":[1,1,1]}
152.2383399999817	EXP	szo_kiir: text = "pártol"
152.75664999999572	EXP	szo_kiir: autoDraw = true
153.48871999996481	DATA	Keydown: ArrowRight
153.51003999996465	EXP	szo_kiir: autoDraw = false
153.51003999996465	EXP	szo_kiir: color = {"_rgb":[1,1,1]}
153.51003999996465	EXP	szo_kiir: text = "rubinvörös"
154.02167499996722	EXP	szo_kiir: autoDraw = true
154.97190499998396	DATA	Keydown: ArrowRight
154.98732999997446	EXP	szo_kiir: autoDraw = false
154.98732999997446	EXP	szo_kiir: color = {"_rgb":[1,1,1]}
154.98732999997446	EXP	szo_kiir: text = "szitok"
155.50448999996297	EXP	szo_kiir: autoDraw = true
156.16513500001747	DATA	Keydown: ArrowRight
156.17437500000233	EXP	szo_kiir: autoDraw = false
156.17437500000233	EXP	szo_kiir: color = {"_rgb":[1,1,1]}
156.17437500000233	EXP	szo_kiir: text = "testnedv"
156.68974499998149	EXP	szo_kiir: autoDraw = true
157.32052499998827	DATA	Keydown: ArrowRight
157.33626999997068	EXP	szo_kiir: autoDraw = false
157.33626999997068	EXP	szo_kiir: color = {"_rgb":[1,1,1]}
157.33626999997068	EXP	szo_kiir: text = "hormati"
157.85638499999186	EXP	szo_kiir: autoDraw = true
158.7892550000106	DATA	Keydown: ArrowLeft
158.81080500001553	EXP	szo_kiir: autoDraw = false
158.81080500001553	EXP	szo_kiir: color = {"_rgb":[1,1,1]}
158.81080500001553	EXP	szo_kiir: text = "álomkór"
159.3262049999903	EXP	szo_kiir: autoDraw = true
160.1546499999822	DATA	Keydown: ArrowRight
160.1703400000115	EXP	szo_kiir: autoDraw = false
160.1703400000115	EXP	szo_kiir: color = {"_rgb":[1,1,1]}
160.1703400000115	EXP	szo_kiir: text = "mimézis"
160.68773499998497	EXP	szo_kiir: autoDraw = true
161.95686500001466	DATA	Keydown: ArrowLeft
161.96903500001645	EXP	szo_kiir: autoDraw = false
161.96903500001645	EXP	szo_kiir: color = {"_rgb":[1,1,1]}
161.96903500001645	EXP	szo_kiir: text = "illatlansz"
162.48752999998396	EXP	szo_kiir: autoDraw = true
163.73948499996914	DATA	Keydown: ArrowLeft
163.75791499996558	EXP	szo_kiir: autoDraw = false
163.75791499996558	EXP	szo_kiir: color = {"_rgb":[1,1,1]}
163.75791499996558	EXP	szo_kiir: text = "keszködmön"
164.2733700000099	EXP	szo_kiir: autoDraw = true
165.69452999997884	DATA	Keydown: ArrowLeft
165.70215500000631	EXP	szo_kiir: autoDraw = false
165.70215500000631	EXP	szo_kiir: color = {"_rgb":[1,1,1]}
165.70215500000631	EXP	szo_kiir: text = "madársisak"
166.22253500000807	EXP	szo_kiir: autoDraw = true
167.99367499997607	DATA	Keydown: ArrowRight
168.0169899999746	EXP	szo_kiir: autoDraw = false
168.0169899999746	EXP	szo_kiir: color = {"_rgb":[1,1,1]}
168.0169899999746	EXP	szo_kiir: text = "detonátor"
168.5232899999828	EXP	szo_kiir: autoDraw = true
169.58053500001552	DATA	Keydown: ArrowRight
169.58549500000663	EXP	szo_kiir: autoDraw = false
169.58549500000663	EXP	szo_kiir: color = {"_rgb":[1,1,1]}
169.58549500000663	EXP	szo_kiir: text = "mikrorendszer"
170.10573999996996	EXP	szo_kiir: autoDraw = true
170.8769200000097	DATA	Keydown: ArrowRight
170.89162000000942	EXP	szo_kiir: autoDraw = false
170.89162000000942	EXP	szo_kiir: color = {"_rgb":[1,1,1]}
170.89162000000942	EXP	szo_kiir: text = "stósz"
171.40341500000795	EXP	szo_kiir: autoDraw = true
172.8405550000025	DATA	Keydown: ArrowRight
172.85317499999655	EXP	szo_kiir: autoDraw = false
172.85317499999655	EXP	szo_kiir: color = {"_rgb":[1,1,1]}
172.85317499999655	EXP	szo_kiir: text = "vigyó"
173.37257999996655	EXP	szo_kiir: autoDraw = true
175.62462499999674	DATA	Keydown: ArrowRight
175.63626499997918	EXP	szo_kiir: autoDraw = false
175.63626499997918	EXP	szo_kiir: color = {"_rgb":[1,1,1]}
175.63626499997918	EXP	szo_kiir: text = "szulfit"
176.15657499997178	EXP	szo_kiir: autoDraw = true
177.72750999999698	DATA	Keydown: ArrowRight
177.74595499999123	EXP	szo_kiir: autoDraw = false
177.74595499999123	EXP	szo_kiir: color = {"_rgb":[1,1,1]}
177.74595499999123	EXP	szo_kiir: text = "szélsőjáték"
178.25820999999996	EXP	szo_kiir: autoDraw = true
178.9981099999859	DATA	Keydown: ArrowRight
179.00242999999318	EXP	szo_kiir: autoDraw = false
179.00242999999318	EXP	szo_kiir: color = {"_rgb":[1,1,1]}
179.00242999999318	EXP	szo_kiir: text = "allodiális"
179.5231550000026	EXP	szo_kiir: autoDraw = true
182.18929499998922	DATA	Keydown: ArrowLeft
182.20262499997625	EXP	szo_kiir: autoDraw = false
182.20262499997625	EXP	szo_kiir: color = {"_rgb":[1,1,1]}
182.20262499997625	EXP	szo_kiir: text = "aszinkronmotor"
182.72492999996757	EXP	szo_kiir: autoDraw = true
185.9373749999795	DATA	Keydown: ArrowLeft
185.9527099999832	EXP	szo_kiir: autoDraw = false
185.9527099999832	EXP	szo_kiir: color = {"_rgb":[1,1,1]}
185.9527099999832	EXP	szo_kiir: text = "majánosol"
186.47364499996183	EXP	szo_kiir: autoDraw = true
187.94909000000916	DATA	Keydown: ArrowLeft
187.9575049999985	EXP	szo_kiir: autoDraw = false
187.9575049999985	EXP	szo_kiir: color = {"_rgb":[1,1,1]}
187.9575049999985	EXP	szo_kiir: text = "tipizál"
188.4740800000145	EXP	szo_kiir: autoDraw = true
189.34483000001637	DATA	Keydown: ArrowRight
189.35127499996452	EXP	szo_kiir: autoDraw = false
189.35127499996452	EXP	szo_kiir: color = {"_rgb":[1,1,1]}
189.35127499996452	EXP	szo_kiir: text = "egant"
189.87056499999017	EXP	szo_kiir: autoDraw = true
191.49072999996133	DATA	Keydown: ArrowLeft
191.51406999997562	EXP	szo_kiir: autoDraw = false
191.51406999997562	EXP	szo_kiir: color = {"_rgb":[1,1,1]}
191.51406999997562	EXP	szo_kiir: text = "állótükör"
192.01942999998573	EXP	szo_kiir: autoDraw = true
192.77423999999883	DATA	Keydown: ArrowRight
192.78406500001438	EXP	szo_kiir: autoDraw = false
192.78406500001438	EXP	szo_kiir: color = {"_rgb":[1,1,1]}
192.78406500001438	EXP	szo_kiir: text = "vizesvödör"
193.30452000000514	EXP	szo_kiir: autoDraw = true
194.02434000000358	DATA	Keydown: ArrowRight
194.04587999999058	EXP	szo_kiir: autoDraw = false
194.04587999999058	EXP	szo_kiir: color = {"_rgb":[1,1,1]}
194.04587999999058	EXP	szo_kiir: text = "ráncosít"
194.55331499996828	EXP	szo_kiir: autoDraw = true
195.19659999996657	DATA	Keydown: ArrowRight
195.20383499999298	EXP	szo_kiir: autoDraw = false
195.20383499999298	EXP	szo_kiir: color = {"_rgb":[1,1,1]}
195.20383499999298	EXP	szo_kiir: text = "kúpol"
195.72252000001026	EXP	szo_kiir: autoDraw = true
196.60474499996053	DATA	Keydown: ArrowRight
196.62333500001114	EXP	szo_kiir: autoDraw = false
196.62333500001114	EXP	szo_kiir: color = {"_rgb":[1,1,1]}
196.62333500001114	EXP	szo_kiir: text = "zomás"
197.1387799999793	EXP	szo_kiir: autoDraw = true
198.23750499996822	DATA	Keydown: ArrowLeft
198.25281500001438	EXP	szo_kiir: autoDraw = false
198.25281500001438	EXP	szo_kiir: color = {"_rgb":[1,1,1]}
198.25281500001438	EXP	szo_kiir: text = "komál"
198.7696499999729	EXP	szo_kiir: autoDraw = true
200.33806999999797	DATA	Keydown: ArrowRight
200.36907999997493	EXP	szo_kiir: autoDraw = false
200.36907999997493	EXP	szo_kiir: color = {"_rgb":[1,1,1]}
200.36907999997493	EXP	szo_kiir: text = "gyűrűz"
200.88649999996414	EXP	szo_kiir: autoDraw = true
202.0707650000113	DATA	Keydown: ArrowRight
202.08419999998296	EXP	szo_kiir: autoDraw = false
202.08419999998296	EXP	szo_kiir: color = {"_rgb":[1,1,1]}
202.08419999998296	EXP	szo_kiir: text = "csenyei"
202.60592499998165	EXP	szo_kiir: autoDraw = true
203.70789499999955	DATA	Keydown: ArrowLeft
203.7366649999749	EXP	szo_kiir: autoDraw = false
203.7366649999749	EXP	szo_kiir: color = {"_rgb":[1,1,1]}
203.7366649999749	EXP	szo_kiir: text = "estilágítő"
204.2562550000148	EXP	szo_kiir: autoDraw = true
205.64444499998353	DATA	Keydown: ArrowLeft
205.64998499996727	EXP	szo_kiir: autoDraw = false
205.64998499996727	EXP	szo_kiir: color = {"_rgb":[1,1,1]}
205.64998499996727	EXP	szo_kiir: text = "tiszogó"
206.168554999982	EXP	szo_kiir: autoDraw = true
207.65928500000155	DATA	Keydown: ArrowLeft
207.67169499996817	EXP	szo_kiir: autoDraw = false
207.67169499996817	EXP	szo_kiir: color = {"_rgb":[1,1,1]}
207.67169499996817	EXP	szo_kiir: text = "fenőszíj"
208.18955000001006	EXP	szo_kiir: autoDraw = true
209.5438950000098	DATA	Keydown: ArrowRight
209.55014000000665	EXP	szo_kiir: autoDraw = false
209.55014000000665	EXP	szo_kiir: color = {"_rgb":[1,1,1]}
209.55014000000665	EXP	szo_kiir: text = "túlium"
210.07044499996118	EXP	szo_kiir: autoDraw = true
214.0508699999773	DATA	Keydown: ArrowLeft
214.0669999999809	EXP	szo_kiir: autoDraw = false
214.0669999999809	EXP	szo_kiir: color = {"_rgb":[1,1,1]}
214.0669999999809	EXP	szo_kiir: text = "védővámrendszer"
214.5932099999627	EXP	szo_kiir: autoDraw = true
217.63832999998704	DATA	Keydown: ArrowRight
217.66820999997435	EXP	szo_kiir: autoDraw = false
217.66820999997435	EXP	szo_kiir: color = {"_rgb":[1,1,1]}
217.66820999997435	EXP	szo_kiir: text = "stalp"
218.18485999997938	EXP	szo_kiir: autoDraw = true
219.50820999999996	DATA	Keydown: ArrowRight
219.51630999997724	EXP	szo_kiir: autoDraw = false
219.51630999997724	EXP	szo_kiir: color = {"_rgb":[1,1,1]}
219.51630999997724	EXP	szo_kiir: text = "hidegház"
220.03664999996545	EXP	szo_kiir: autoDraw = true
220.98396499996306	DATA	Keydown: ArrowRight
220.9997849999927	EXP	szo_kiir: autoDraw = false
220.9997849999927	EXP	szo_kiir: color = {"_rgb":[1,1,1]}
220.9997849999927	EXP	szo_kiir: text = "prografej"
221.51814999995986	EXP	szo_kiir: autoDraw = true
222.55044999998063	DATA	Keydown: ArrowLeft
222.57224499998847	EXP	szo_kiir: autoDraw = false
222.57224499998847	EXP	szo_kiir: color = {"_rgb":[1,1,1]}
222.57224499998847	EXP	szo_kiir: text = "főcsemő"
223.0868049999699	EXP	szo_kiir: autoDraw = true
224.26699999999255	DATA	Keydown: ArrowLeft
224.28310499998042	EXP	szo_kiir: autoDraw = false
224.28310499998042	EXP	szo_kiir: color = {"_rgb":[1,1,1]}
224.28310499998042	EXP	szo_kiir: text = "dölyfösködik"
224.80191999999806	EXP	szo_kiir: autoDraw = true
225.8105799999903	DATA	Keydown: ArrowRight
225.82075499999337	EXP	szo_kiir: autoDraw = false
225.82075499999337	EXP	szo_kiir: color = {"_rgb":[1,1,1]}
225.82075499999337	EXP	szo_kiir: text = "háromfedélzetű"
226.3387399999774	EXP	szo_kiir: autoDraw = true
229.45491999998922	DATA	Keydown: ArrowLeft
229.46620500000427	EXP	szo_kiir: autoDraw = false
229.46620500000427	EXP	szo_kiir: color = {"_rgb":[1,1,1]}
229.46620500000427	EXP	szo_kiir: text = "nimbus"
229.98783499997808	EXP	szo_kiir: autoDraw = true
234.94277999998303	DATA	Keydown: ArrowRight
234.949329999974	EXP	szo_kiir: autoDraw = false
234.949329999974	EXP	szo_kiir: color = {"_rgb":[1,1,1]}
234.949329999974	EXP	szo_kiir: text = "döföl"
235.47034499997972	EXP	szo_kiir: autoDraw = true
236.4180499999784	DATA	Keydown: ArrowLeft
236.43332999997074	EXP	szo_kiir: autoDraw = false
236.43332999997074	EXP	szo_kiir: color = {"_rgb":[1,1,1]}
236.43332999997074	EXP	szo_kiir: text = "buktázik"
236.95332999998936	EXP	szo_kiir: autoDraw = true
237.89011500001652	DATA	Keydown: ArrowRight
237.90272000001278	EXP	szo_kiir: autoDraw = false
237.90272000001278	EXP	szo_kiir: color = {"_rgb":[1,1,1]}
237.90272000001278	EXP	szo_kiir: text = "fotoszenzibilis"
238.4203400000115	EXP	szo_kiir: autoDraw = true
239.774059999967	DATA	Keydown: ArrowRight
239.78395000001183	EXP	szo_kiir: autoDraw = false
239.78395000001183	EXP	szo_kiir: color = {"_rgb":[1,1,1]}
239.78395000001183	EXP	szo_kiir: text = "legyszekli"
240.30566999997245	EXP	szo_kiir: autoDraw = true
241.2743199999677	DATA	Keydown: ArrowLeft
241.29657999996562	EXP	szo_kiir: autoDraw = false
241.29657999996562	EXP	szo_kiir: color = {"_rgb":[1,1,1]}
241.29657999996562	EXP	szo_kiir: text = "balhitű"
241.8050799999619	EXP	szo_kiir: autoDraw = true
243.49125500000082	DATA	Keydown: ArrowLeft
243.50218499999028	EXP	szo_kiir: autoDraw = false
243.50218499999028	EXP	szo_kiir: color = {"_rgb":[1,1,1]}
243.50218499999028	EXP	szo_kiir: text = "hátall"
244.01735499995993	EXP	szo_kiir: autoDraw = true
245.4401099999668	DATA	Keydown: ArrowLeft
245.44809499999974	EXP	szo_kiir: autoDraw = false
245.44809499999974	EXP	szo_kiir: color = {"_rgb":[1,1,1]}
245.44809499999974	EXP	szo_kiir: text = "kétvonalú"
245.95405999996	EXP	szo_kiir: autoDraw = true
248.45341999997618	DATA	Keydown: ArrowRight
248.46489999996265	EXP	szo_kiir: autoDraw = false
248.46489999996265	EXP	szo_kiir: color = {"_rgb":[1,1,1]}
248.46489999996265	EXP	szo_kiir: text = "visszín"
248.98764499998651	EXP	szo_kiir: autoDraw = true
251.92597999999998	DATA	Keydown: ArrowLeft
251.952324999962	EXP	szo_kiir: autoDraw = false
251.952324999962	EXP	szo_kiir: color = {"_rgb":[1,1,1]}
251.952324999962	EXP	szo_kiir: text = "léghajózik"
252.47116499999538	EXP	szo_kiir: autoDraw = true
254.5173150000046	DATA	Keydown: ArrowRight
254.53129999997327	EXP	szo_kiir: autoDraw = false
254.53129999997327	EXP	szo_kiir: color = {"_rgb":[1,1,1]}
254.53129999997327	EXP	szo_kiir: text = "templomoz"
255.0498249999946	EXP	szo_kiir: autoDraw = true
256.05397999996785	DATA	Keydown: ArrowLeft
256.0645899999654	EXP	szo_kiir: autoDraw = false
256.0645899999654	EXP	szo_kiir: color = {"_rgb":[1,1,1]}
256.0645899999654	EXP	szo_kiir: text = "erődéki"
256.5822249999619	EXP	szo_kiir: autoDraw = true
258.59901000000536	DATA	Keydown: ArrowLeft
258.6266750000068	EXP	szo_kiir: autoDraw = false
258.6266750000068	EXP	szo_kiir: color = {"_rgb":[1,1,1]}
258.6266750000068	EXP	szo_kiir: text = "kandíroz"
259.13659499998903	EXP	szo_kiir: autoDraw = true
263.33401499997126	DATA	Keydown: ArrowRight
263.3482850000146	EXP	szo_kiir: autoDraw = false
263.3482850000146	EXP	szo_kiir: color = {"_rgb":[1,1,1]}
263.3482850000146	EXP	szo_kiir: text = "rámáz"
263.8672099999967	EXP	szo_kiir: autoDraw = true
265.72636500000954	DATA	Keydown: ArrowRight
265.74494000000414	EXP	szo_kiir: autoDraw = false
265.74494000000414	EXP	szo_kiir: color = {"_rgb":[1,1,1]}
265.74494000000414	EXP	szo_kiir: text = "pilinckézik"
266.2530849999748	EXP	szo_kiir: autoDraw = true
268.7705749999732	DATA	Keydown: ArrowLeft
268.78285499999765	EXP	szo_kiir: autoDraw = false
268.78285499999765	EXP	szo_kiir: color = {"_rgb":[1,1,1]}
268.78285499999765	EXP	szo_kiir: text = "különszakasz"
269.3016700000153	EXP	szo_kiir: autoDraw = true
271.54813499999	DATA	Keydown: ArrowLeft
271.5648499999661	EXP	szo_kiir: autoDraw = false
271.5648499999661	EXP	szo_kiir: color = {"_rgb":[1,1,1]}
271.5648499999661	EXP	szo_kiir: text = "utálkodik"
272.0826450000168	EXP	szo_kiir: autoDraw = true
273.24826999998186	DATA	Keydown: ArrowRight
273.26565999997547	EXP	szo_kiir: autoDraw = false
273.26565999997547	EXP	szo_kiir: color = {"_rgb":[1,1,1]}
273.26565999997547	EXP	szo_kiir: text = "szélmalomszárny"
273.78220999997575	EXP	szo_kiir: autoDraw = true
276.73148000001675	DATA	Keydown: ArrowRight
276.75273999996716	EXP	szo_kiir: autoDraw = false
276.75273999996716	EXP	szo_kiir: color = {"_rgb":[1,1,1]}
276.75273999996716	EXP	szo_kiir: text = "oktalankodik"
277.26799999998184	EXP	szo_kiir: autoDraw = true
279.1151049999753	DATA	Keydown: ArrowRight
279.1300049999845	EXP	szo_kiir: autoDraw = false
279.1300049999845	EXP	szo_kiir: color = {"_rgb":[1,1,1]}
279.1300049999845	EXP	szo_kiir: text = "nyeregheveder"
279.6524399999762	EXP	szo_kiir: autoDraw = true
281.6920599999721	DATA	Keydown: ArrowLeft
281.69703499996103	EXP	szo_kiir: autoDraw = false
281.69703499996103	EXP	szo_kiir: color = {"_rgb":[1,1,1]}
281.69703499996103	EXP	szo_kiir: text = "inspekcióz"
282.21987999998964	EXP	szo_kiir: autoDraw = true
283.3666749999975	DATA	Keydown: ArrowLeft
283.38096999999834	EXP	szo_kiir: autoDraw = false
283.38096999999834	EXP	szo_kiir: color = {"_rgb":[1,1,1]}
283.38096999999834	EXP	szo_kiir: text = "összám"
283.89827999996487	EXP	szo_kiir: autoDraw = true
290.6921849999926	DATA	Keydown: ArrowLeft
290.7141100000008	EXP	szo_kiir: autoDraw = false
290.7141100000008	EXP	szo_kiir: color = {"_rgb":[1,1,1]}
290.7141100000008	EXP	szo_kiir: text = "beszittyózik"
291.23387499997625	EXP	szo_kiir: autoDraw = true
293.46009499998763	DATA	Keydown: ArrowLeft
293.4639999999781	EXP	szo_kiir: autoDraw = false
293.4639999999781	EXP	szo_kiir: color = {"_rgb":[1,1,1]}
293.4639999999781	EXP	szo_kiir: text = "halmajonéz"
293.98522999999113	EXP	szo_kiir: autoDraw = true
295.86362499999814	DATA	Keydown: ArrowLeft
295.8793949999963	EXP	szo_kiir: autoDraw = false
295.8793949999963	EXP	szo_kiir: color = {"_rgb":[1,1,1]}
295.8793949999963	EXP	szo_kiir: text = "jelegező"
296.39819500001613	EXP	szo_kiir: autoDraw = true
297.5367850000039	DATA	Keydown: ArrowLeft
297.5473350000102	EXP	szo_kiir: autoDraw = false
297.5473350000102	EXP	szo_kiir: color = {"_rgb":[1,1,1]}
297.5473350000102	EXP	szo_kiir: text = "cséltás"
298.06631999998353	EXP	szo_kiir: autoDraw = true
299.2046449999907	DATA	Keydown: ArrowLeft
299.2463899999857	EXP	szo_kiir: autoDraw = false
299.2463899999857	EXP	koszi_szoveg: autoDraw = true
300.2323749999632	DATA	Keydown: ArrowLeft
301.21966499998234	DATA	Keydown:  
