0.01724500022828579	EXP	Created Window = Window( name=Window, fullscr=true, color=#000000, units=norm, waitBlanking=true, autoLog=true, size=[1536,754] )
1.8507250002585351	DATA	Keydown: 3
1.9757650000974536	DATA	Keydown: 3
2.181845000013709	DATA	Keydown: 4
2.3733000000938773	DATA	Keydown: 9
2.472099999897182	DATA	Keydown: 9
3.1481850002892315	DATA	Keydown: Backspace
4.4212150000967085	DATA	Keydown: Shift
4.684900000225753	DATA	Keydown: Shift
4.701584999915212	DATA	Keydown: N
4.980930000077933	DATA	Keydown: ő
5.1409350000321865	DATA	Keydown: Tab
5.816285000182688	DATA	Keydown: 2
6.021805000025779	DATA	Keydown: 0
6.175210000015795	DATA	Keydown: 0
6.348164999857545	DATA	Keydown: 0
7.231680000200868	DATA	Keydown: Tab
7.729879999998957	DATA	Keydown: 1
7.897470000199974	DATA	Keydown: 4
10.131810000166297	EXP	Created instruction_text1 = TextStim( name=instruction_text1, win=Window( name=Window, fullscr=true, color=#000000, ~), autoDraw=null, autoLog=true, units=norm, ori=null, opacity=1, pos=[0,0], size=undefined, text=Ön most szavakat fog látni.

Ezek között lesznek o~, font=Arial, color=#ffffff, contrast=1, height=0.05, bold=null, italic=null, alignHoriz=left, alignVert=center, wrapWidth=1, flipHoriz=null, flipVert=null )
10.1329600000754	EXP	Created instruction_text2 = TextStim( name=instruction_text2, win=Window( name=Window, fullscr=true, color=#000000, ~), autoDraw=null, autoLog=true, units=norm, ori=null, opacity=1, pos=[0,0], size=undefined, text=Először két egyszerű példát mutatunk Önnek.

Az el~, font=Arial, color=#FFFFFF, contrast=1, height=0.05, bold=null, italic=null, alignHoriz=left, alignVert=center, wrapWidth=1, flipHoriz=null, flipVert=null )
10.134010000154376	EXP	Created show_text = TextStim( name=show_text, win=Window( name=Window, fullscr=true, color=#000000, ~), autoDraw=null, autoLog=true, units=norm, ori=null, opacity=1, pos=[0,0], size=undefined, text=asztal, font=Arial, color=#FFFFFF, contrast=1, height=0.2, bold=null, italic=null, alignHoriz=left, alignVert=center, wrapWidth=1, flipHoriz=null, flipVert=null )
10.135000000242144	EXP	Created text = TextStim( name=text, win=Window( name=Window, fullscr=true, color=#000000, ~), autoDraw=null, autoLog=true, units=norm, ori=null, opacity=1, pos=[0,0], size=undefined, text=bzsmfsztal, font=Arial, color=#FFFFFF, contrast=1, height=0.2, bold=null, italic=null, alignHoriz=left, alignVert=center, wrapWidth=1, flipHoriz=null, flipVert=null )
10.136024999897927	EXP	Created instruction_text3 = TextStim( name=instruction_text3, win=Window( name=Window, fullscr=true, color=#000000, ~), autoDraw=null, autoLog=true, units=norm, ori=null, opacity=1, pos=[0,0], size=undefined, text=Pazar. Most kezdődik az igazi kísérlet. Néhány per~, font=Arial, color=#FFFFFF, contrast=1, height=0.1, bold=null, italic=null, alignHoriz=left, alignVert=center, wrapWidth=1, flipHoriz=null, flipVert=null )
10.137229999992996	EXP	Created szo_kiir = TextStim( name=szo_kiir, win=Window( name=Window, fullscr=true, color=#000000, ~), autoDraw=null, autoLog=true, units=norm, ori=null, opacity=1, pos=[0,0], size=undefined, text=default text, font=Arial, color=#FFFFFF, contrast=1, height=0.2, bold=null, italic=null, alignHoriz=left, alignVert=center, wrapWidth=1, flipHoriz=null, flipVert=null )
10.138284999877214	EXP	Created koszi_szoveg = TextStim( name=koszi_szoveg, win=Window( name=Window, fullscr=true, color=#000000, ~), autoDraw=null, autoLog=true, units=norm, ori=null, opacity=1, pos=[0,0], size=undefined, text=Vége a kísérletnek. Köszönjük a részvételt!, font=arial, color=#ffffff, contrast=1, height=0.1, bold=null, italic=null, alignHoriz=left, alignVert=center, wrapWidth=1, flipHoriz=null, flipVert=null )
10.17062500026077	EXP	instruction_text1: units = "norm"
10.17062500026077	EXP	instruction_text1: ori = 0
10.17062500026077	EXP	instruction_text1: opacity = 1
10.17062500026077	EXP	instruction_text1: pos = [0,0]
10.17062500026077	EXP	instruction_text1: size = undefined
10.17062500026077	EXP	instruction_text1: text = "Ön most szavakat fog látni.\n\nEzek között lesznek olyanok, amelyeket ismer, de előfordulhatnak olyanok is, amelyeket nem ismer, sőt, vannak köztük kitalált szavak is. \n\nKérjük, ha ismeri a képernyőn látható szót, nyomja meg a JOBB kurzorbillentyűt.\nKérjük, ha NEM ismeri a képernyőn látható szót, vagy azt gondolja, nincs ilyen szó a magyarban, nyomja meg a BAL kurzorbillentyűt.\n\nAz 'Ismerem a szót' döntés itt most ezt jelenti: találkoztam már vele, és van valami elképzelésem a jelentéséről is.  \n\nNyomjon meg bármilyen billentyűt a folytatáshoz."
10.17062500026077	EXP	instruction_text1: font = "Arial"
10.17062500026077	EXP	instruction_text1: color = {"_rgb":[1,1,1]}
10.17062500026077	EXP	instruction_text1: contrast = 1
10.17062500026077	EXP	instruction_text1: height = 0.05
10.17062500026077	EXP	instruction_text1: bold = false
10.17062500026077	EXP	instruction_text1: italic = false
10.17062500026077	EXP	instruction_text1: alignHoriz = "left"
10.17062500026077	EXP	instruction_text1: alignVert = "center"
10.17062500026077	EXP	instruction_text1: wrapWidth = 1
10.17062500026077	EXP	instruction_text1: flipHoriz = false
10.17062500026077	EXP	instruction_text1: flipVert = false
10.17062500026077	EXP	instruction_text2: units = "norm"
10.17062500026077	EXP	instruction_text2: ori = 0
10.17062500026077	EXP	instruction_text2: opacity = 1
10.17062500026077	EXP	instruction_text2: pos = [0,0]
10.17062500026077	EXP	instruction_text2: size = undefined
10.17062500026077	EXP	instruction_text2: text = "Először két egyszerű példát mutatunk Önnek.\n\nAz első szó létezik a magyarban, és valószínűleg Ön is ismeri. Itt nyomja majd meg a jobb kurzorbillentyűt.\nA második szó nem létezik a magyar nyelvben. Itt nyomja majd meg a bal kurzorbillentyűt.\n\nFontos, hogy a jobb gombot a jobb kezével, a bal gombot a bal kezével nyomja, ha tudja, és ne egy kezét használja a kísérletben.\n\nNyomjon meg bármilyen gombot a folytatáshoz."
10.17062500026077	EXP	instruction_text2: font = "Arial"
10.17062500026077	EXP	instruction_text2: color = {"_hex":"#FFFFFF","_rgb":[1,1,1]}
10.17062500026077	EXP	instruction_text2: contrast = 1
10.17062500026077	EXP	instruction_text2: height = 0.05
10.17062500026077	EXP	instruction_text2: bold = false
10.17062500026077	EXP	instruction_text2: italic = false
10.17062500026077	EXP	instruction_text2: alignHoriz = "left"
10.17062500026077	EXP	instruction_text2: alignVert = "center"
10.17062500026077	EXP	instruction_text2: wrapWidth = 1
10.17062500026077	EXP	instruction_text2: flipHoriz = false
10.17062500026077	EXP	instruction_text2: flipVert = false
10.17062500026077	EXP	show_text: units = "norm"
10.17062500026077	EXP	show_text: ori = 0
10.17062500026077	EXP	show_text: opacity = 1
10.17062500026077	EXP	show_text: pos = [0,0]
10.17062500026077	EXP	show_text: size = undefined
10.17062500026077	EXP	show_text: text = "asztal"
10.17062500026077	EXP	show_text: font = "Arial"
10.17062500026077	EXP	show_text: color = {"_hex":"#FFFFFF","_rgb":[1,1,1]}
10.17062500026077	EXP	show_text: contrast = 1
10.17062500026077	EXP	show_text: height = 0.2
10.17062500026077	EXP	show_text: bold = false
10.17062500026077	EXP	show_text: italic = false
10.17062500026077	EXP	show_text: alignHoriz = "left"
10.17062500026077	EXP	show_text: alignVert = "center"
10.17062500026077	EXP	show_text: wrapWidth = 1
10.17062500026077	EXP	show_text: flipHoriz = false
10.17062500026077	EXP	show_text: flipVert = false
10.17062500026077	EXP	text: units = "norm"
10.17062500026077	EXP	text: ori = 0
10.17062500026077	EXP	text: opacity = 1
10.17062500026077	EXP	text: pos = [0,0]
10.17062500026077	EXP	text: size = undefined
10.17062500026077	EXP	text: text = "bzsmfsztal"
10.17062500026077	EXP	text: font = "Arial"
10.17062500026077	EXP	text: color = {"_hex":"#FFFFFF","_rgb":[1,1,1]}
10.17062500026077	EXP	text: contrast = 1
10.17062500026077	EXP	text: height = 0.2
10.17062500026077	EXP	text: bold = false
10.17062500026077	EXP	text: italic = false
10.17062500026077	EXP	text: alignHoriz = "left"
10.17062500026077	EXP	text: alignVert = "center"
10.17062500026077	EXP	text: wrapWidth = 1
10.17062500026077	EXP	text: flipHoriz = false
10.17062500026077	EXP	text: flipVert = false
10.17062500026077	EXP	instruction_text3: units = "norm"
10.17062500026077	EXP	instruction_text3: ori = 0
10.17062500026077	EXP	instruction_text3: opacity = 1
10.17062500026077	EXP	instruction_text3: pos = [0,0]
10.17062500026077	EXP	instruction_text3: size = undefined
10.17062500026077	EXP	instruction_text3: text = "Pazar. Most kezdődik az igazi kísérlet. Néhány percig fog tartani. Nem kell nagyon sietnie, de igyekezzen gyorsan válaszolni.\n\nNe feledje, ha tudja, a jobb gombot a jobbkezével, a bal gombot a balkezével nyomja le.\n\nNyomjon meg bármilyen gombot a folytatáshoz."
10.17062500026077	EXP	instruction_text3: font = "Arial"
10.17062500026077	EXP	instruction_text3: color = {"_hex":"#FFFFFF","_rgb":[1,1,1]}
10.17062500026077	EXP	instruction_text3: contrast = 1
10.17062500026077	EXP	instruction_text3: height = 0.1
10.17062500026077	EXP	instruction_text3: bold = false
10.17062500026077	EXP	instruction_text3: italic = false
10.17062500026077	EXP	instruction_text3: alignHoriz = "left"
10.17062500026077	EXP	instruction_text3: alignVert = "center"
10.17062500026077	EXP	instruction_text3: wrapWidth = 1
10.17062500026077	EXP	instruction_text3: flipHoriz = false
10.17062500026077	EXP	instruction_text3: flipVert = false
10.17062500026077	EXP	szo_kiir: units = "norm"
10.17062500026077	EXP	szo_kiir: ori = 0
10.17062500026077	EXP	szo_kiir: opacity = 1
10.17062500026077	EXP	szo_kiir: pos = [0,0]
10.17062500026077	EXP	szo_kiir: size = undefined
10.17062500026077	EXP	szo_kiir: text = "default text"
10.17062500026077	EXP	szo_kiir: font = "Arial"
10.17062500026077	EXP	szo_kiir: color = {"_hex":"#FFFFFF","_rgb":[1,1,1]}
10.17062500026077	EXP	szo_kiir: contrast = 1
10.17062500026077	EXP	szo_kiir: height = 0.2
10.17062500026077	EXP	szo_kiir: bold = false
10.17062500026077	EXP	szo_kiir: italic = false
10.17062500026077	EXP	szo_kiir: alignHoriz = "left"
10.17062500026077	EXP	szo_kiir: alignVert = "center"
10.17062500026077	EXP	szo_kiir: wrapWidth = 1
10.17062500026077	EXP	szo_kiir: flipHoriz = false
10.17062500026077	EXP	szo_kiir: flipVert = false
10.17062500026077	EXP	koszi_szoveg: units = "norm"
10.17062500026077	EXP	koszi_szoveg: ori = 0
10.17062500026077	EXP	koszi_szoveg: opacity = 1
10.17062500026077	EXP	koszi_szoveg: pos = [0,0]
10.17062500026077	EXP	koszi_szoveg: size = undefined
10.17062500026077	EXP	koszi_szoveg: text = "Vége a kísérletnek. Köszönjük a részvételt!"
10.17062500026077	EXP	koszi_szoveg: font = "arial"
10.17062500026077	EXP	koszi_szoveg: color = {"_rgb":[1,1,1]}
10.17062500026077	EXP	koszi_szoveg: contrast = 1
10.17062500026077	EXP	koszi_szoveg: height = 0.1
10.17062500026077	EXP	koszi_szoveg: bold = false
10.17062500026077	EXP	koszi_szoveg: italic = false
10.17062500026077	EXP	koszi_szoveg: alignHoriz = "left"
10.17062500026077	EXP	koszi_szoveg: alignVert = "center"
10.17062500026077	EXP	koszi_szoveg: wrapWidth = 1
10.17062500026077	EXP	koszi_szoveg: flipHoriz = false
10.17062500026077	EXP	koszi_szoveg: flipVert = false
10.17062500026077	EXP	instruction_text1: autoDraw = true
21.651150000281632	DATA	Mouse: 0 button down, pos=(902.4000134468079,681.6000589847572)
21.75288000004366	DATA	Mouse: 0 button down, pos=(902.4000134468079,681.6000589847572)
22.729174999985844	DATA	Keydown: Enter
22.74404999986291	EXP	instruction_text1: autoDraw = false
22.74404999986291	EXP	instruction_text2: autoDraw = true
32.25462000025436	DATA	Keydown: Enter
32.2554999999702	EXP	instruction_text2: autoDraw = false
32.77693000016734	EXP	show_text: autoDraw = true
33.51376500027254	DATA	Keydown: ArrowRight
33.52187500009313	EXP	show_text: autoDraw = false
34.04066500021145	EXP	text: autoDraw = true
34.83164500026032	DATA	Keydown: ArrowLeft
34.85080499993637	EXP	text: autoDraw = false
34.85080499993637	EXP	instruction_text3: autoDraw = true
36.44283499987796	DATA	Keydown: Enter
36.48117500031367	EXP	instruction_text3: autoDraw = false
36.48117500031367	EXP	szo_kiir: color = {"_rgb":[1,1,1]}
36.48117500031367	EXP	szo_kiir: text = "címelés"
36.990379999857396	EXP	szo_kiir: autoDraw = true
42.283189999870956	DATA	Keydown: ArrowLeft
42.28781499993056	EXP	szo_kiir: autoDraw = false
42.28781499993056	EXP	szo_kiir: color = {"_rgb":[1,1,1]}
42.28781499993056	EXP	szo_kiir: text = "nehéz"
42.804570000153035	EXP	szo_kiir: autoDraw = true
43.55849500000477	DATA	Keydown: ArrowRight
43.5806650002487	EXP	szo_kiir: autoDraw = false
43.5806650002487	EXP	szo_kiir: color = {"_rgb":[1,1,1]}
43.5806650002487	EXP	szo_kiir: text = "nyelv"
44.088125000242144	EXP	szo_kiir: autoDraw = true
44.82352499989793	DATA	Keydown: ArrowRight
44.83533000014722	EXP	szo_kiir: autoDraw = false
44.83533000014722	EXP	szo_kiir: color = {"_rgb":[1,1,1]}
44.83533000014722	EXP	szo_kiir: text = "nyújt"
45.35465499991551	EXP	szo_kiir: autoDraw = true
46.29165000002831	DATA	Keydown: ArrowRight
46.31099499994889	EXP	szo_kiir: autoDraw = false
46.31099499994889	EXP	szo_kiir: color = {"_rgb":[1,1,1]}
46.31099499994889	EXP	szo_kiir: text = "függ"
46.82092999992892	EXP	szo_kiir: autoDraw = true
47.36318999994546	DATA	Keydown: ArrowRight
47.36738000018522	EXP	szo_kiir: autoDraw = false
47.36738000018522	EXP	szo_kiir: color = {"_rgb":[1,1,1]}
47.36738000018522	EXP	szo_kiir: text = "tetszik"
47.86981000006199	EXP	szo_kiir: autoDraw = true
48.49850000021979	DATA	Keydown: ArrowRight
48.51210500020534	EXP	szo_kiir: autoDraw = false
48.51210500020534	EXP	szo_kiir: color = {"_rgb":[1,1,1]}
48.51210500020534	EXP	szo_kiir: text = "keresztény"
49.01884500030428	EXP	szo_kiir: autoDraw = true
49.73279000027105	DATA	Keydown: ArrowRight
49.73443499999121	EXP	szo_kiir: autoDraw = false
49.73443499999121	EXP	szo_kiir: color = {"_rgb":[1,1,1]}
49.73443499999121	EXP	szo_kiir: text = "fény"
50.25081000011414	EXP	szo_kiir: autoDraw = true
50.76388500025496	DATA	Keydown: ArrowRight
50.777025000192225	EXP	szo_kiir: autoDraw = false
50.777025000192225	EXP	szo_kiir: color = {"_rgb":[1,1,1]}
50.777025000192225	EXP	szo_kiir: text = "hiányzik"
51.28597000008449	EXP	szo_kiir: autoDraw = true
51.8592949998565	DATA	Keydown: ArrowRight
51.86710999999195	EXP	szo_kiir: autoDraw = false
51.86710999999195	EXP	szo_kiir: color = {"_rgb":[1,1,1]}
51.86710999999195	EXP	szo_kiir: text = "spanyol"
52.36961500020698	EXP	szo_kiir: autoDraw = true
53.18837499991059	DATA	Keydown: ArrowRight
53.205825000070035	EXP	szo_kiir: autoDraw = false
53.205825000070035	EXP	szo_kiir: color = {"_rgb":[1,1,1]}
53.205825000070035	EXP	szo_kiir: text = "mobil"
53.71721999999136	EXP	szo_kiir: autoDraw = true
54.10829999996349	DATA	Keydown: ArrowRight
54.117409999947995	EXP	szo_kiir: autoDraw = false
54.117409999947995	EXP	szo_kiir: color = {"_rgb":[1,1,1]}
54.117409999947995	EXP	szo_kiir: text = "gondoskodik"
54.63455499988049	EXP	szo_kiir: autoDraw = true
55.227274999953806	DATA	Keydown: ArrowRight
55.239000000059605	EXP	szo_kiir: autoDraw = false
55.239000000059605	EXP	szo_kiir: color = {"_rgb":[1,1,1]}
55.239000000059605	EXP	szo_kiir: text = "halad"
55.7509349999018	EXP	szo_kiir: autoDraw = true
56.121664999984205	DATA	Keydown: ArrowRight
56.133205000311136	EXP	szo_kiir: autoDraw = false
56.133205000311136	EXP	szo_kiir: color = {"_rgb":[1,1,1]}
56.133205000311136	EXP	szo_kiir: text = "holland"
56.64945999998599	EXP	szo_kiir: autoDraw = true
57.28948000026867	DATA	Keydown: ArrowRight
57.30316000012681	EXP	szo_kiir: autoDraw = false
57.30316000012681	EXP	szo_kiir: color = {"_rgb":[1,1,1]}
57.30316000012681	EXP	szo_kiir: text = "átütésetti"
57.81633500009775	EXP	szo_kiir: autoDraw = true
60.17930500023067	DATA	Keydown: ArrowLeft
60.18302999995649	EXP	szo_kiir: autoDraw = false
60.18302999995649	EXP	szo_kiir: color = {"_rgb":[1,1,1]}
60.18302999995649	EXP	szo_kiir: text = "jogosult"
60.70078000007197	EXP	szo_kiir: autoDraw = true
61.62094000028446	DATA	Keydown: ArrowRight
61.6382500003092	EXP	szo_kiir: autoDraw = false
61.6382500003092	EXP	szo_kiir: color = {"_rgb":[1,1,1]}
61.6382500003092	EXP	szo_kiir: text = "alkot"
62.1504000001587	EXP	szo_kiir: autoDraw = true
62.84713499993086	DATA	Keydown: ArrowRight
62.84899500012398	EXP	szo_kiir: autoDraw = false
62.84899500012398	EXP	szo_kiir: color = {"_rgb":[1,1,1]}
62.84899500012398	EXP	szo_kiir: text = "virág"
63.36568500008434	EXP	szo_kiir: autoDraw = true
63.96366999996826	DATA	Keydown: ArrowRight
63.97646000003442	EXP	szo_kiir: autoDraw = false
63.97646000003442	EXP	szo_kiir: color = {"_rgb":[1,1,1]}
63.97646000003442	EXP	szo_kiir: text = "sokoldalú"
64.48215000005439	EXP	szo_kiir: autoDraw = true
65.19018500018865	DATA	Keydown: ArrowRight
65.19743000017479	EXP	szo_kiir: autoDraw = false
65.19743000017479	EXP	szo_kiir: color = {"_rgb":[1,1,1]}
65.19743000017479	EXP	szo_kiir: text = "vicc"
65.69950000010431	EXP	szo_kiir: autoDraw = true
66.12909500021487	DATA	Keydown: ArrowRight
66.14477499993518	EXP	szo_kiir: autoDraw = false
66.14477499993518	EXP	szo_kiir: color = {"_rgb":[1,1,1]}
66.14477499993518	EXP	szo_kiir: text = "kalcium"
66.64836500026286	EXP	szo_kiir: autoDraw = true
67.25322500010952	DATA	Keydown: ArrowRight
67.26412500021979	EXP	szo_kiir: autoDraw = false
67.26412500021979	EXP	szo_kiir: color = {"_rgb":[1,1,1]}
67.26412500021979	EXP	szo_kiir: text = "cucc"
67.78243499994278	EXP	szo_kiir: autoDraw = true
68.66973500000313	DATA	Keydown: ArrowRight
68.6858399999328	EXP	szo_kiir: autoDraw = false
68.6858399999328	EXP	szo_kiir: color = {"_rgb":[1,1,1]}
68.6858399999328	EXP	szo_kiir: text = "naptár"
69.19793500006199	EXP	szo_kiir: autoDraw = true
69.71849500015378	DATA	Keydown: ArrowRight
69.73169000027701	EXP	szo_kiir: autoDraw = false
69.73169000027701	EXP	szo_kiir: color = {"_rgb":[1,1,1]}
69.73169000027701	EXP	szo_kiir: text = "örvend"
70.2475399998948	EXP	szo_kiir: autoDraw = true
71.0113550000824	DATA	Keydown: ArrowRight
71.01829500030726	EXP	szo_kiir: autoDraw = false
71.01829500030726	EXP	szo_kiir: color = {"_rgb":[1,1,1]}
71.01829500030726	EXP	szo_kiir: text = "késik"
71.53153000026941	EXP	szo_kiir: autoDraw = true
71.92947500012815	DATA	Keydown: ArrowRight
71.93058500019833	EXP	szo_kiir: autoDraw = false
71.93058500019833	EXP	szo_kiir: color = {"_rgb":[1,1,1]}
71.93058500019833	EXP	szo_kiir: text = "szichosol"
72.44651000015438	EXP	szo_kiir: autoDraw = true
73.53615000005811	DATA	Keydown: ArrowLeft
73.55142999999225	EXP	szo_kiir: autoDraw = false
73.55142999999225	EXP	szo_kiir: color = {"_rgb":[1,1,1]}
73.55142999999225	EXP	szo_kiir: text = "bútori"
74.0648199999705	EXP	szo_kiir: autoDraw = true
75.40059000020847	DATA	Keydown: ArrowLeft
75.41347000002861	EXP	szo_kiir: autoDraw = false
75.41347000002861	EXP	szo_kiir: color = {"_rgb":[1,1,1]}
75.41347000002861	EXP	szo_kiir: text = "mér"
75.92881500022486	EXP	szo_kiir: autoDraw = true
76.62320000026375	DATA	Keydown: ArrowRight
76.63289000000805	EXP	szo_kiir: autoDraw = false
76.63289000000805	EXP	szo_kiir: color = {"_rgb":[1,1,1]}
76.63289000000805	EXP	szo_kiir: text = "vélekedik"
77.14565000031143	EXP	szo_kiir: autoDraw = true
78.43433499988168	DATA	Keydown: ArrowRight
78.44512500008568	EXP	szo_kiir: autoDraw = false
78.44512500008568	EXP	szo_kiir: color = {"_rgb":[1,1,1]}
78.44512500008568	EXP	szo_kiir: text = "agyag"
78.9617300000973	EXP	szo_kiir: autoDraw = true
79.8701450000517	DATA	Keydown: ArrowRight
79.8852050001733	EXP	szo_kiir: autoDraw = false
79.8852050001733	EXP	szo_kiir: color = {"_rgb":[1,1,1]}
79.8852050001733	EXP	szo_kiir: text = "hitódó"
80.39739499986172	EXP	szo_kiir: autoDraw = true
81.55868999985978	DATA	Keydown: ArrowLeft
81.56133500020951	EXP	szo_kiir: autoDraw = false
81.56133500020951	EXP	szo_kiir: color = {"_rgb":[1,1,1]}
81.56133500020951	EXP	szo_kiir: text = "glükóz"
82.07927000010386	EXP	szo_kiir: autoDraw = true
82.93772999988869	DATA	Keydown: ArrowRight
82.95112500013784	EXP	szo_kiir: autoDraw = false
82.95112500013784	EXP	szo_kiir: color = {"_rgb":[1,1,1]}
82.95112500013784	EXP	szo_kiir: text = "értékesít"
83.46107000019401	EXP	szo_kiir: autoDraw = true
84.33213500026613	DATA	Keydown: ArrowRight
84.34389499993995	EXP	szo_kiir: autoDraw = false
84.34389499993995	EXP	szo_kiir: color = {"_rgb":[1,1,1]}
84.34389499993995	EXP	szo_kiir: text = "hurok"
84.84473000001162	EXP	szo_kiir: autoDraw = true
85.91795499995351	DATA	Keydown: ArrowRight
85.93117000022903	EXP	szo_kiir: autoDraw = false
85.93117000022903	EXP	szo_kiir: color = {"_rgb":[1,1,1]}
85.93117000022903	EXP	szo_kiir: text = "kárpit"
86.443934999872	EXP	szo_kiir: autoDraw = true
87.16557000018656	DATA	Keydown: ArrowRight
87.1774550001137	EXP	szo_kiir: autoDraw = false
87.1774550001137	EXP	szo_kiir: color = {"_rgb":[1,1,1]}
87.1774550001137	EXP	szo_kiir: text = "taszt"
87.69518000027165	EXP	szo_kiir: autoDraw = true
88.12345999991521	DATA	Keydown: ArrowRight
88.12799500022084	EXP	szo_kiir: autoDraw = false
88.12799500022084	EXP	szo_kiir: color = {"_rgb":[1,1,1]}
88.12799500022084	EXP	szo_kiir: text = "kóser"
88.64552000025287	EXP	szo_kiir: autoDraw = true
89.29854999994859	DATA	Keydown: ArrowRight
89.31386000011116	EXP	szo_kiir: autoDraw = false
89.31386000011116	EXP	szo_kiir: color = {"_rgb":[1,1,1]}
89.31386000011116	EXP	szo_kiir: text = "derít"
89.82658000010997	EXP	szo_kiir: autoDraw = true
90.5260450001806	DATA	Keydown: ArrowRight
90.52767500001937	EXP	szo_kiir: autoDraw = false
90.52767500001937	EXP	szo_kiir: color = {"_rgb":[1,1,1]}
90.52767500001937	EXP	szo_kiir: text = "pereg"
91.04456500010565	EXP	szo_kiir: autoDraw = true
91.6836749999784	DATA	Keydown: ArrowRight
91.69604999991134	EXP	szo_kiir: autoDraw = false
91.69604999991134	EXP	szo_kiir: color = {"_rgb":[1,1,1]}
91.69604999991134	EXP	szo_kiir: text = "hálózsák"
92.2109300000593	EXP	szo_kiir: autoDraw = true
93.08986000018194	DATA	Keydown: ArrowRight
93.09213000023738	EXP	szo_kiir: autoDraw = false
93.09213000023738	EXP	szo_kiir: color = {"_rgb":[1,1,1]}
93.09213000023738	EXP	szo_kiir: text = "lazarjadó"
93.59390000021085	EXP	szo_kiir: autoDraw = true
94.97416000021622	DATA	Keydown: ArrowLeft
94.97912999987602	EXP	szo_kiir: autoDraw = false
94.97912999987602	EXP	szo_kiir: color = {"_rgb":[1,1,1]}
94.97912999987602	EXP	szo_kiir: text = "törvosítoz"
95.49330000020564	EXP	szo_kiir: autoDraw = true
97.07090499997139	DATA	Keydown: ArrowLeft
97.0761750000529	EXP	szo_kiir: autoDraw = false
97.0761750000529	EXP	szo_kiir: color = {"_rgb":[1,1,1]}
97.0761750000529	EXP	szo_kiir: text = "gerifikált"
97.5928950002417	EXP	szo_kiir: autoDraw = true
99.06361499987543	DATA	Keydown: ArrowLeft
99.07861500000581	EXP	szo_kiir: autoDraw = false
99.07861500000581	EXP	szo_kiir: color = {"_rgb":[1,1,1]}
99.07861500000581	EXP	szo_kiir: text = "remész"
99.59196500014514	EXP	szo_kiir: autoDraw = true
100.61664000013843	DATA	Keydown: ArrowLeft
100.62516999989748	EXP	szo_kiir: autoDraw = false
100.62516999989748	EXP	szo_kiir: color = {"_rgb":[1,1,1]}
100.62516999989748	EXP	szo_kiir: text = "vényegő"
101.133834999986	EXP	szo_kiir: autoDraw = true
102.2727100001648	DATA	Keydown: ArrowLeft
102.27717000013217	EXP	szo_kiir: autoDraw = false
102.27717000013217	EXP	szo_kiir: color = {"_rgb":[1,1,1]}
102.27717000013217	EXP	szo_kiir: text = "örög"
102.79188999999315	EXP	szo_kiir: autoDraw = true
104.18821000028402	DATA	Keydown: ArrowLeft
104.19100499991328	EXP	szo_kiir: autoDraw = false
104.19100499991328	EXP	szo_kiir: color = {"_rgb":[1,1,1]}
104.19100499991328	EXP	szo_kiir: text = "nagyfejedelem"
104.70698500005528	EXP	szo_kiir: autoDraw = true
105.79576000012457	DATA	Keydown: ArrowRight
105.8099100003019	EXP	szo_kiir: autoDraw = false
105.8099100003019	EXP	szo_kiir: color = {"_rgb":[1,1,1]}
105.8099100003019	EXP	szo_kiir: text = "cselens"
106.32508999994025	EXP	szo_kiir: autoDraw = true
107.35228000022471	DATA	Keydown: ArrowLeft
107.35644500004128	EXP	szo_kiir: autoDraw = false
107.35644500004128	EXP	szo_kiir: color = {"_rgb":[1,1,1]}
107.35644500004128	EXP	szo_kiir: text = "tropikus"
107.85779000027105	EXP	szo_kiir: autoDraw = true
108.5499200001359	DATA	Keydown: ArrowRight
108.55997999990359	EXP	szo_kiir: autoDraw = false
108.55997999990359	EXP	szo_kiir: color = {"_rgb":[1,1,1]}
108.55997999990359	EXP	szo_kiir: text = "komolyodik"
109.07454500021413	EXP	szo_kiir: autoDraw = true
109.9131400003098	DATA	Keydown: ArrowRight
109.92287999996915	EXP	szo_kiir: autoDraw = false
109.92287999996915	EXP	szo_kiir: color = {"_rgb":[1,1,1]}
109.92287999996915	EXP	szo_kiir: text = "terhelődik"
110.43931999988854	EXP	szo_kiir: autoDraw = true
111.25147500028834	DATA	Keydown: ArrowRight
111.25893500028178	EXP	szo_kiir: autoDraw = false
111.25893500028178	EXP	szo_kiir: color = {"_rgb":[1,1,1]}
111.25893500028178	EXP	szo_kiir: text = "táborozik"
111.77198000019416	EXP	szo_kiir: autoDraw = true
113.19360999995843	DATA	Keydown: ArrowRight
113.20567499985918	EXP	szo_kiir: autoDraw = false
113.20567499985918	EXP	szo_kiir: color = {"_rgb":[1,1,1]}
113.20567499985918	EXP	szo_kiir: text = "bocskor"
113.7214250001125	EXP	szo_kiir: autoDraw = true
114.44764999998733	DATA	Keydown: ArrowRight
114.45959499990568	EXP	szo_kiir: autoDraw = false
114.45959499990568	EXP	szo_kiir: color = {"_rgb":[1,1,1]}
114.45959499990568	EXP	szo_kiir: text = "meztelenkedik"
114.97347499988973	EXP	szo_kiir: autoDraw = true
115.81700500007719	DATA	Keydown: ArrowRight
115.82054500002414	EXP	szo_kiir: autoDraw = false
115.82054500002414	EXP	szo_kiir: color = {"_rgb":[1,1,1]}
115.82054500002414	EXP	szo_kiir: text = "doktorátus"
116.33898500027135	EXP	szo_kiir: autoDraw = true
117.13487000018358	DATA	Keydown: ArrowRight
117.14300000015646	EXP	szo_kiir: autoDraw = false
117.14300000015646	EXP	szo_kiir: color = {"_rgb":[1,1,1]}
117.14300000015646	EXP	szo_kiir: text = "testnedv"
117.6548850000836	EXP	szo_kiir: autoDraw = true
118.56741000013426	DATA	Keydown: ArrowRight
118.5714750001207	EXP	szo_kiir: autoDraw = false
118.5714750001207	EXP	szo_kiir: color = {"_rgb":[1,1,1]}
118.5714750001207	EXP	szo_kiir: text = "felharmonikus"
119.08754500001669	EXP	szo_kiir: autoDraw = true
121.09494500001892	DATA	Keydown: ArrowLeft
121.10349499993026	EXP	szo_kiir: autoDraw = false
121.10349499993026	EXP	szo_kiir: color = {"_rgb":[1,1,1]}
121.10349499993026	EXP	szo_kiir: text = "gézengúz"
121.62031000014395	EXP	szo_kiir: autoDraw = true
122.52610500017181	DATA	Keydown: ArrowRight
122.54282499989495	EXP	szo_kiir: autoDraw = false
122.54282499989495	EXP	szo_kiir: color = {"_rgb":[1,1,1]}
122.54282499989495	EXP	szo_kiir: text = "gyülemlik"
123.05365000013262	EXP	szo_kiir: autoDraw = true
124.94381000008434	DATA	Keydown: ArrowLeft
124.9530449998565	EXP	szo_kiir: autoDraw = false
124.9530449998565	EXP	szo_kiir: color = {"_rgb":[1,1,1]}
124.9530449998565	EXP	szo_kiir: text = "analizál"
125.47026500012726	EXP	szo_kiir: autoDraw = true
127.21757500013337	DATA	Keydown: ArrowRight
127.21943000005558	EXP	szo_kiir: autoDraw = false
127.21943000005558	EXP	szo_kiir: color = {"_rgb":[1,1,1]}
127.21943000005558	EXP	szo_kiir: text = "oszcillál"
127.7372050001286	EXP	szo_kiir: autoDraw = true
128.97410500003025	DATA	Keydown: ArrowRight
128.99008500017226	EXP	szo_kiir: autoDraw = false
128.99008500017226	EXP	szo_kiir: color = {"_rgb":[1,1,1]}
128.99008500017226	EXP	szo_kiir: text = "lező"
129.50202500028536	EXP	szo_kiir: autoDraw = true
130.6753299999982	DATA	Keydown: ArrowLeft
130.68644999992102	EXP	szo_kiir: autoDraw = false
130.68644999992102	EXP	szo_kiir: color = {"_rgb":[1,1,1]}
130.68644999992102	EXP	szo_kiir: text = "tömődik"
131.20222500013188	EXP	szo_kiir: autoDraw = true
132.35718500008807	DATA	Keydown: ArrowRight
132.37247500009835	EXP	szo_kiir: autoDraw = false
132.37247500009835	EXP	szo_kiir: color = {"_rgb":[1,1,1]}
132.37247500009835	EXP	szo_kiir: text = "csapattest"
132.88625500025228	EXP	szo_kiir: autoDraw = true
133.6802850002423	DATA	Keydown: ArrowRight
133.68558500008658	EXP	szo_kiir: autoDraw = false
133.68558500008658	EXP	szo_kiir: color = {"_rgb":[1,1,1]}
133.68558500008658	EXP	szo_kiir: text = "aggófű"
134.20226000016555	EXP	szo_kiir: autoDraw = true
135.24829500028864	DATA	Keydown: ArrowLeft
135.25199500005692	EXP	szo_kiir: autoDraw = false
135.25199500005692	EXP	szo_kiir: color = {"_rgb":[1,1,1]}
135.25199500005692	EXP	szo_kiir: text = "oldolt"
135.76888999994844	EXP	szo_kiir: autoDraw = true
136.75610999995843	DATA	Keydown: ArrowLeft
136.77139500016347	EXP	szo_kiir: autoDraw = false
136.77139500016347	EXP	szo_kiir: color = {"_rgb":[1,1,1]}
136.77139500016347	EXP	szo_kiir: text = "kocskesi"
137.28547000000253	EXP	szo_kiir: autoDraw = true
138.40998500026762	DATA	Keydown: ArrowLeft
138.41806499985978	EXP	szo_kiir: autoDraw = false
138.41806499985978	EXP	szo_kiir: color = {"_rgb":[1,1,1]}
138.41806499985978	EXP	szo_kiir: text = "csőszház"
138.93445000005886	EXP	szo_kiir: autoDraw = true
140.43771000020206	DATA	Keydown: ArrowRight
140.4534350000322	EXP	szo_kiir: autoDraw = false
140.4534350000322	EXP	szo_kiir: color = {"_rgb":[1,1,1]}
140.4534350000322	EXP	szo_kiir: text = "antgathat"
140.96771500026807	EXP	szo_kiir: autoDraw = true
141.92645000014454	DATA	Keydown: ArrowLeft
141.9325649999082	EXP	szo_kiir: autoDraw = false
141.9325649999082	EXP	szo_kiir: color = {"_rgb":[1,1,1]}
141.9325649999082	EXP	szo_kiir: text = "finomszesz"
142.43387999990955	EXP	szo_kiir: autoDraw = true
144.50431000022218	DATA	Keydown: ArrowRight
144.5190949998796	EXP	szo_kiir: autoDraw = false
144.5190949998796	EXP	szo_kiir: color = {"_rgb":[1,1,1]}
144.5190949998796	EXP	szo_kiir: text = "írótoll"
145.03248499985784	EXP	szo_kiir: autoDraw = true
145.96344000007957	DATA	Keydown: ArrowRight
145.96530999988317	EXP	szo_kiir: autoDraw = false
145.96530999988317	EXP	szo_kiir: color = {"_rgb":[1,1,1]}
145.96530999988317	EXP	szo_kiir: text = "kalmárszellem"
146.484180000145	EXP	szo_kiir: autoDraw = true
148.012940000277	DATA	Keydown: ArrowRight
148.01928499992937	EXP	szo_kiir: autoDraw = false
148.01928499992937	EXP	szo_kiir: color = {"_rgb":[1,1,1]}
148.01928499992937	EXP	szo_kiir: text = "krákfai"
148.53265500022098	EXP	szo_kiir: autoDraw = true
149.52047500014305	DATA	Keydown: ArrowLeft
149.53223000001162	EXP	szo_kiir: autoDraw = false
149.53223000001162	EXP	szo_kiir: color = {"_rgb":[1,1,1]}
149.53223000001162	EXP	szo_kiir: text = "gór"
150.04870499996468	EXP	szo_kiir: autoDraw = true
150.97022500028834	DATA	Keydown: ArrowRight
150.985619999934	EXP	szo_kiir: autoDraw = false
150.985619999934	EXP	szo_kiir: color = {"_rgb":[1,1,1]}
150.985619999934	EXP	szo_kiir: text = "ráncosít"
151.4986200002022	EXP	szo_kiir: autoDraw = true
152.32605500007048	DATA	Keydown: ArrowRight
152.33123499993235	EXP	szo_kiir: autoDraw = false
152.33123499993235	EXP	szo_kiir: color = {"_rgb":[1,1,1]}
152.33123499993235	EXP	szo_kiir: text = "parkkói"
152.8472250001505	EXP	szo_kiir: autoDraw = true
153.7233150000684	DATA	Keydown: ArrowLeft
153.73432500008494	EXP	szo_kiir: autoDraw = false
153.73432500008494	EXP	szo_kiir: color = {"_rgb":[1,1,1]}
153.73432500008494	EXP	szo_kiir: text = "komál"
154.24726000009105	EXP	szo_kiir: autoDraw = true
155.50749500002712	DATA	Keydown: ArrowRight
155.5131100001745	EXP	szo_kiir: autoDraw = false
155.5131100001745	EXP	szo_kiir: color = {"_rgb":[1,1,1]}
155.5131100001745	EXP	szo_kiir: text = "urbanizálódik"
156.03036000020802	EXP	szo_kiir: autoDraw = true
158.43423000024632	DATA	Keydown: ArrowRight
158.45135000022128	EXP	szo_kiir: autoDraw = false
158.45135000022128	EXP	szo_kiir: color = {"_rgb":[1,1,1]}
158.45135000022128	EXP	szo_kiir: text = "csenyei"
158.96382499998435	EXP	szo_kiir: autoDraw = true
159.7842800002545	DATA	Keydown: ArrowLeft
159.79527000011876	EXP	szo_kiir: autoDraw = false
159.79527000011876	EXP	szo_kiir: color = {"_rgb":[1,1,1]}
159.79527000011876	EXP	szo_kiir: text = "hamispénz"
160.29756500013173	EXP	szo_kiir: autoDraw = true
162.52088500000536	DATA	Keydown: ArrowRight
162.5322850001976	EXP	szo_kiir: autoDraw = false
162.5322850001976	EXP	szo_kiir: color = {"_rgb":[1,1,1]}
162.5322850001976	EXP	szo_kiir: text = "bőujjú"
163.04624499985948	EXP	szo_kiir: autoDraw = true
165.00381499994546	DATA	Keydown: ArrowRight
165.01291000004858	EXP	szo_kiir: autoDraw = false
165.01291000004858	EXP	szo_kiir: color = {"_rgb":[1,1,1]}
165.01291000004858	EXP	szo_kiir: text = "bolondoz"
165.52913499996066	EXP	szo_kiir: autoDraw = true
166.53286000015214	DATA	Keydown: ArrowRight
166.54830500017852	EXP	szo_kiir: autoDraw = false
166.54830500017852	EXP	szo_kiir: color = {"_rgb":[1,1,1]}
166.54830500017852	EXP	szo_kiir: text = "kócol"
167.06181999994442	EXP	szo_kiir: autoDraw = true
168.1322550000623	DATA	Keydown: ArrowRight
168.14499500021338	EXP	szo_kiir: autoDraw = false
168.14499500021338	EXP	szo_kiir: color = {"_rgb":[1,1,1]}
168.14499500021338	EXP	szo_kiir: text = "túlium"
168.66184499999508	EXP	szo_kiir: autoDraw = true
169.6254900000058	DATA	Keydown: ArrowLeft
169.62773999990895	EXP	szo_kiir: autoDraw = false
169.62773999990895	EXP	szo_kiir: color = {"_rgb":[1,1,1]}
169.62773999990895	EXP	szo_kiir: text = "karnogó"
170.14603500021622	EXP	szo_kiir: autoDraw = true
171.06640999997035	DATA	Keydown: ArrowLeft
171.08264499995857	EXP	szo_kiir: autoDraw = false
171.08264499995857	EXP	szo_kiir: color = {"_rgb":[1,1,1]}
171.08264499995857	EXP	szo_kiir: text = "piszkosodik"
171.5930150002241	EXP	szo_kiir: autoDraw = true
173.97434499999508	DATA	Keydown: ArrowLeft
173.97638500016183	EXP	szo_kiir: autoDraw = false
173.97638500016183	EXP	szo_kiir: color = {"_rgb":[1,1,1]}
173.97638500016183	EXP	szo_kiir: text = "novagár"
174.47935499995947	EXP	szo_kiir: autoDraw = true
175.3820799998939	DATA	Keydown: ArrowLeft
175.39206500025466	EXP	szo_kiir: autoDraw = false
175.39206500025466	EXP	szo_kiir: color = {"_rgb":[1,1,1]}
175.39206500025466	EXP	szo_kiir: text = "rezervál"
175.8939399998635	EXP	szo_kiir: autoDraw = true
177.02340000029653	DATA	Keydown: ArrowRight
177.0305500002578	EXP	szo_kiir: autoDraw = false
177.0305500002578	EXP	szo_kiir: color = {"_rgb":[1,1,1]}
177.0305500002578	EXP	szo_kiir: text = "kékít"
177.54230500012636	EXP	szo_kiir: autoDraw = true
178.68530000001192	DATA	Keydown: ArrowRight
178.69224500004202	EXP	szo_kiir: autoDraw = false
178.69224500004202	EXP	szo_kiir: color = {"_rgb":[1,1,1]}
178.69224500004202	EXP	szo_kiir: text = "talauzik"
179.20848000003025	EXP	szo_kiir: autoDraw = true
180.1642249999568	DATA	Keydown: ArrowLeft
180.1803999999538	EXP	szo_kiir: autoDraw = false
180.1803999999538	EXP	szo_kiir: color = {"_rgb":[1,1,1]}
180.1803999999538	EXP	szo_kiir: text = "kispárlófű"
180.69286000030115	EXP	szo_kiir: autoDraw = true
183.02422500029206	DATA	Keydown: ArrowLeft
183.02620500000194	EXP	szo_kiir: autoDraw = false
183.02620500000194	EXP	szo_kiir: color = {"_rgb":[1,1,1]}
183.02620500000194	EXP	szo_kiir: text = "jégkárosult"
183.54138500010595	EXP	szo_kiir: autoDraw = true
184.9650050001219	DATA	Keydown: ArrowLeft
184.9739800002426	EXP	szo_kiir: autoDraw = false
184.9739800002426	EXP	szo_kiir: color = {"_rgb":[1,1,1]}
184.9739800002426	EXP	szo_kiir: text = "háromfedélzetű"
185.4759750002995	EXP	szo_kiir: autoDraw = true
186.73288500029594	DATA	Keydown: ArrowRight
186.74195000017062	EXP	szo_kiir: autoDraw = false
186.74195000017062	EXP	szo_kiir: color = {"_rgb":[1,1,1]}
186.74195000017062	EXP	szo_kiir: text = "őrint"
187.25848000030965	EXP	szo_kiir: autoDraw = true
188.1016350002028	DATA	Keydown: ArrowLeft
188.11098999995738	EXP	szo_kiir: autoDraw = false
188.11098999995738	EXP	szo_kiir: color = {"_rgb":[1,1,1]}
188.11098999995738	EXP	szo_kiir: text = "szagosít"
188.62530500022694	EXP	szo_kiir: autoDraw = true
190.18363999994472	DATA	Keydown: ArrowLeft
190.18935000011697	EXP	szo_kiir: autoDraw = false
190.18935000011697	EXP	szo_kiir: color = {"_rgb":[1,1,1]}
190.18935000011697	EXP	szo_kiir: text = "víker"
190.69086500024423	EXP	szo_kiir: autoDraw = true
191.47938999999315	DATA	Keydown: ArrowLeft
191.4908900000155	EXP	szo_kiir: autoDraw = false
191.4908900000155	EXP	szo_kiir: color = {"_rgb":[1,1,1]}
191.4908900000155	EXP	szo_kiir: text = "felcsavaroz"
192.00798500003293	EXP	szo_kiir: autoDraw = true
195.4947299999185	DATA	Keydown: ArrowRight
195.50826000003144	EXP	szo_kiir: autoDraw = false
195.50826000003144	EXP	szo_kiir: color = {"_rgb":[1,1,1]}
195.50826000003144	EXP	szo_kiir: text = "irtókert"
196.02185499994084	EXP	szo_kiir: autoDraw = true
197.36268500005826	DATA	Keydown: ArrowLeft
197.37128499988467	EXP	szo_kiir: autoDraw = false
197.37128499988467	EXP	szo_kiir: color = {"_rgb":[1,1,1]}
197.37128499988467	EXP	szo_kiir: text = "skrupulizál"
197.87318000011146	EXP	szo_kiir: autoDraw = true
198.81110499985516	DATA	Keydown: ArrowLeft
198.82070000004023	EXP	szo_kiir: autoDraw = false
198.82070000004023	EXP	szo_kiir: color = {"_rgb":[1,1,1]}
198.82070000004023	EXP	szo_kiir: text = "garn"
199.32174000004306	EXP	szo_kiir: autoDraw = true
199.98325500031933	DATA	Keydown: ArrowLeft
199.9915400003083	EXP	szo_kiir: autoDraw = false
199.9915400003083	EXP	szo_kiir: color = {"_rgb":[1,1,1]}
199.9915400003083	EXP	szo_kiir: text = "dumcsoska"
200.50615500006825	EXP	szo_kiir: autoDraw = true
201.56130499998108	DATA	Keydown: ArrowLeft
201.57222500024363	EXP	szo_kiir: autoDraw = false
201.57222500024363	EXP	szo_kiir: color = {"_rgb":[1,1,1]}
201.57222500024363	EXP	szo_kiir: text = "petél"
202.08816500008106	EXP	szo_kiir: autoDraw = true
203.98614000016823	DATA	Keydown: ArrowLeft
203.98766000010073	EXP	szo_kiir: autoDraw = false
203.98766000010073	EXP	szo_kiir: color = {"_rgb":[1,1,1]}
203.98766000010073	EXP	szo_kiir: text = "pauzál"
204.5038450001739	EXP	szo_kiir: autoDraw = true
205.12476500030607	DATA	Keydown: ArrowLeft
205.13678000029176	EXP	szo_kiir: autoDraw = false
205.13678000029176	EXP	szo_kiir: color = {"_rgb":[1,1,1]}
205.13678000029176	EXP	szo_kiir: text = "léghajózik"
205.63837500009686	EXP	szo_kiir: autoDraw = true
206.58184000011533	DATA	Keydown: ArrowRight
206.59135999996215	EXP	szo_kiir: autoDraw = false
206.59135999996215	EXP	szo_kiir: color = {"_rgb":[1,1,1]}
206.59135999996215	EXP	szo_kiir: text = "kalligrafál"
207.10472000017762	EXP	szo_kiir: autoDraw = true
208.72855499992147	DATA	Keydown: ArrowRight
208.7372650001198	EXP	szo_kiir: autoDraw = false
208.7372650001198	EXP	szo_kiir: color = {"_rgb":[1,1,1]}
208.7372650001198	EXP	szo_kiir: text = "kandíroz"
209.2535299998708	EXP	szo_kiir: autoDraw = true
210.2266350002028	DATA	Keydown: ArrowRight
210.23944000015035	EXP	szo_kiir: autoDraw = false
210.23944000015035	EXP	szo_kiir: color = {"_rgb":[1,1,1]}
210.23944000015035	EXP	szo_kiir: text = "káinbélyeg"
210.7523050000891	EXP	szo_kiir: autoDraw = true
212.01178999990225	DATA	Keydown: ArrowLeft
212.0179449999705	EXP	szo_kiir: autoDraw = false
212.0179449999705	EXP	szo_kiir: color = {"_rgb":[1,1,1]}
212.0179449999705	EXP	szo_kiir: text = "pilinckézik"
212.51949500013143	EXP	szo_kiir: autoDraw = true
214.04619499994442	DATA	Keydown: ArrowLeft
214.05118500022218	EXP	szo_kiir: autoDraw = false
214.05118500022218	EXP	szo_kiir: color = {"_rgb":[1,1,1]}
214.05118500022218	EXP	szo_kiir: text = "desszertestál"
214.55254499986768	EXP	szo_kiir: autoDraw = true
216.94923500018194	DATA	Keydown: ArrowRight
216.95234000030905	EXP	szo_kiir: autoDraw = false
216.95234000030905	EXP	szo_kiir: color = {"_rgb":[1,1,1]}
216.95234000030905	EXP	szo_kiir: text = "különszakasz"
217.46805999986827	EXP	szo_kiir: autoDraw = true
219.62298500025645	DATA	Keydown: ArrowLeft
219.6384399998933	EXP	szo_kiir: autoDraw = false
219.6384399998933	EXP	szo_kiir: color = {"_rgb":[1,1,1]}
219.6384399998933	EXP	szo_kiir: text = "díjnokoskodik"
220.1517850002274	EXP	szo_kiir: autoDraw = true
221.7727999999188	DATA	Keydown: ArrowLeft
221.78460500016809	EXP	szo_kiir: autoDraw = false
221.78460500016809	EXP	szo_kiir: color = {"_rgb":[1,1,1]}
221.78460500016809	EXP	szo_kiir: text = "viaszoz"
222.30055000027642	EXP	szo_kiir: autoDraw = true
224.1890400000848	DATA	Keydown: ArrowRight
224.20116499997675	EXP	szo_kiir: autoDraw = false
224.20116499997675	EXP	szo_kiir: color = {"_rgb":[1,1,1]}
224.20116499997675	EXP	szo_kiir: text = "nyeregheveder"
224.71684999996796	EXP	szo_kiir: autoDraw = true
227.02180000022054	DATA	Keydown: ArrowRight
227.0371850002557	EXP	szo_kiir: autoDraw = false
227.0371850002557	EXP	szo_kiir: color = {"_rgb":[1,1,1]}
227.0371850002557	EXP	szo_kiir: text = "extravert"
227.55030500004068	EXP	szo_kiir: autoDraw = true
228.95462500024587	DATA	Keydown: ArrowRight
228.9663900001906	EXP	szo_kiir: autoDraw = false
228.9663900001906	EXP	szo_kiir: color = {"_rgb":[1,1,1]}
228.9663900001906	EXP	szo_kiir: text = "jelegező"
229.48233500029892	EXP	szo_kiir: autoDraw = true
231.0396549999714	DATA	Keydown: ArrowLeft
231.05220000026748	EXP	szo_kiir: autoDraw = false
231.05220000026748	EXP	koszi_szoveg: autoDraw = true
232.44176500011235	DATA	Keydown: ArrowRight
233.00885500013828	DATA	Keydown: Enter
