1.111739999963902	EXP	Created Window = Window( name=Window, fullscr=true, color=#000000, units=norm, waitBlanking=true, autoLog=true, size=[1366,608] )
6.6036500000045635	DATA	Keydown: undefined
14.169575000007171	DATA	Keydown: m
15.43723499996122	DATA	Keydown: Backspace
15.586019999987911	DATA	Keydown: n
15.70305999997072	DATA	Keydown: ő
17.798039999965113	DATA	Keydown: 1
18.184799999988172	DATA	Keydown: 9
18.365524999971967	DATA	Keydown: 9
19.467024999961723	DATA	Keydown: 9
19.968769999977667	DATA	Keydown: .
20.18511999998009	DATA	Keydown: 0
20.400074999954086	DATA	Keydown: 3
20.634534999961033	DATA	Keydown: .
20.816304999985732	DATA	Keydown: 0
21.018370000005234	DATA	Keydown: 5
26.5141500000027	DATA	Keydown: 1
26.948229999979958	DATA	Keydown: 3
27.35905999998795	DATA	Keydown: .
27.686645000008866	DATA	Keydown: 5
50.28010999999242	EXP	Created instruction_text1 = TextStim( name=instruction_text1, win=Window( name=Window, fullscr=true, color=#000000, ~), autoDraw=null, autoLog=true, units=norm, ori=null, opacity=1, pos=[0,0], size=undefined, text=Ön most szavakat fog látni.

Ezek között lesznek o~, font=Arial, color=#ffffff, contrast=1, height=0.05, bold=null, italic=null, alignHoriz=left, alignVert=center, wrapWidth=1, flipHoriz=null, flipVert=null )
50.28791499999352	EXP	Created instruction_text2 = TextStim( name=instruction_text2, win=Window( name=Window, fullscr=true, color=#000000, ~), autoDraw=null, autoLog=true, units=norm, ori=null, opacity=1, pos=[0,0], size=undefined, text=Először két egyszerű példát mutatunk Önnek.

Az el~, font=Arial, color=#FFFFFF, contrast=1, height=0.05, bold=null, italic=null, alignHoriz=left, alignVert=center, wrapWidth=1, flipHoriz=null, flipVert=null )
50.2911899999599	EXP	Created show_text = TextStim( name=show_text, win=Window( name=Window, fullscr=true, color=#000000, ~), autoDraw=null, autoLog=true, units=norm, ori=null, opacity=1, pos=[0,0], size=undefined, text=asztal, font=Arial, color=#FFFFFF, contrast=1, height=0.2, bold=null, italic=null, alignHoriz=left, alignVert=center, wrapWidth=1, flipHoriz=null, flipVert=null )
50.295104999968316	EXP	Created text = TextStim( name=text, win=Window( name=Window, fullscr=true, color=#000000, ~), autoDraw=null, autoLog=true, units=norm, ori=null, opacity=1, pos=[0,0], size=undefined, text=bzsmfsztal, font=Arial, color=#FFFFFF, contrast=1, height=0.2, bold=null, italic=null, alignHoriz=left, alignVert=center, wrapWidth=1, flipHoriz=null, flipVert=null )
50.29858499998227	EXP	Created instruction_text3 = TextStim( name=instruction_text3, win=Window( name=Window, fullscr=true, color=#000000, ~), autoDraw=null, autoLog=true, units=norm, ori=null, opacity=1, pos=[0,0], size=undefined, text=Pazar. Most kezdődik az igazi kísérlet. Néhány per~, font=Arial, color=#FFFFFF, contrast=1, height=0.1, bold=null, italic=null, alignHoriz=left, alignVert=center, wrapWidth=1, flipHoriz=null, flipVert=null )
50.301259999978356	EXP	Created szo_kiir = TextStim( name=szo_kiir, win=Window( name=Window, fullscr=true, color=#000000, ~), autoDraw=null, autoLog=true, units=norm, ori=null, opacity=1, pos=[0,0], size=undefined, text=default text, font=Arial, color=#FFFFFF, contrast=1, height=0.2, bold=null, italic=null, alignHoriz=left, alignVert=center, wrapWidth=1, flipHoriz=null, flipVert=null )
50.30435499997111	EXP	Created koszi_szoveg = TextStim( name=koszi_szoveg, win=Window( name=Window, fullscr=true, color=#000000, ~), autoDraw=null, autoLog=true, units=norm, ori=null, opacity=1, pos=[0,0], size=undefined, text=Vége a kísérletnek. Köszönjük a részvételt!, font=arial, color=#ffffff, contrast=1, height=0.1, bold=null, italic=null, alignHoriz=left, alignVert=center, wrapWidth=1, flipHoriz=null, flipVert=null )
51.46385000000009	EXP	instruction_text1: units = "norm"
51.46385000000009	EXP	instruction_text1: ori = 0
51.46385000000009	EXP	instruction_text1: opacity = 1
51.46385000000009	EXP	instruction_text1: pos = [0,0]
51.46385000000009	EXP	instruction_text1: size = undefined
51.46385000000009	EXP	instruction_text1: text = "Ön most szavakat fog látni.\n\nEzek között lesznek olyanok, amelyeket ismer, de előfordulhatnak olyanok is, amelyeket nem ismer, sőt, vannak köztük kitalált szavak is. \n\nKérjük, ha ismeri a képernyőn látható szót, nyomja meg a JOBB kurzorbillentyűt.\nKérjük, ha NEM ismeri a képernyőn látható szót, vagy azt gondolja, nincs ilyen szó a magyarban, nyomja meg a BAL kurzorbillentyűt.\n\nAz 'Ismerem a szót' döntés itt most ezt jelenti: találkoztam már vele, és van valami elképzelésem a jelentéséről is.  \n\nNyomjon meg bármilyen billentyűt a folytatáshoz."
51.46385000000009	EXP	instruction_text1: font = "Arial"
51.46385000000009	EXP	instruction_text1: color = {"_rgb":[1,1,1]}
51.46385000000009	EXP	instruction_text1: contrast = 1
51.46385000000009	EXP	instruction_text1: height = 0.05
51.46385000000009	EXP	instruction_text1: bold = false
51.46385000000009	EXP	instruction_text1: italic = false
51.46385000000009	EXP	instruction_text1: alignHoriz = "left"
51.46385000000009	EXP	instruction_text1: alignVert = "center"
51.46385000000009	EXP	instruction_text1: wrapWidth = 1
51.46385000000009	EXP	instruction_text1: flipHoriz = false
51.46385000000009	EXP	instruction_text1: flipVert = false
51.46385000000009	EXP	instruction_text2: units = "norm"
51.46385000000009	EXP	instruction_text2: ori = 0
51.46385000000009	EXP	instruction_text2: opacity = 1
51.46385000000009	EXP	instruction_text2: pos = [0,0]
51.46385000000009	EXP	instruction_text2: size = undefined
51.46385000000009	EXP	instruction_text2: text = "Először két egyszerű példát mutatunk Önnek.\n\nAz első szó létezik a magyarban, és valószínűleg Ön is ismeri. Itt nyomja majd meg a jobb kurzorbillentyűt.\nA második szó nem létezik a magyar nyelvben. Itt nyomja majd meg a bal kurzorbillentyűt.\n\nFontos, hogy a jobb gombot a jobb kezével, a bal gombot a bal kezével nyomja, ha tudja, és ne egy kezét használja a kísérletben.\n\nNyomjon meg bármilyen gombot a folytatáshoz."
51.46385000000009	EXP	instruction_text2: font = "Arial"
51.46385000000009	EXP	instruction_text2: color = {"_hex":"#FFFFFF","_rgb":[1,1,1]}
51.46385000000009	EXP	instruction_text2: contrast = 1
51.46385000000009	EXP	instruction_text2: height = 0.05
51.46385000000009	EXP	instruction_text2: bold = false
51.46385000000009	EXP	instruction_text2: italic = false
51.46385000000009	EXP	instruction_text2: alignHoriz = "left"
51.46385000000009	EXP	instruction_text2: alignVert = "center"
51.46385000000009	EXP	instruction_text2: wrapWidth = 1
51.46385000000009	EXP	instruction_text2: flipHoriz = false
51.46385000000009	EXP	instruction_text2: flipVert = false
51.46385000000009	EXP	show_text: units = "norm"
51.46385000000009	EXP	show_text: ori = 0
51.46385000000009	EXP	show_text: opacity = 1
51.46385000000009	EXP	show_text: pos = [0,0]
51.46385000000009	EXP	show_text: size = undefined
51.46385000000009	EXP	show_text: text = "asztal"
51.46385000000009	EXP	show_text: font = "Arial"
51.46385000000009	EXP	show_text: color = {"_hex":"#FFFFFF","_rgb":[1,1,1]}
51.46385000000009	EXP	show_text: contrast = 1
51.46385000000009	EXP	show_text: height = 0.2
51.46385000000009	EXP	show_text: bold = false
51.46385000000009	EXP	show_text: italic = false
51.46385000000009	EXP	show_text: alignHoriz = "left"
51.46385000000009	EXP	show_text: alignVert = "center"
51.46385000000009	EXP	show_text: wrapWidth = 1
51.46385000000009	EXP	show_text: flipHoriz = false
51.46385000000009	EXP	show_text: flipVert = false
51.46385000000009	EXP	text: units = "norm"
51.46385000000009	EXP	text: ori = 0
51.46385000000009	EXP	text: opacity = 1
51.46385000000009	EXP	text: pos = [0,0]
51.46385000000009	EXP	text: size = undefined
51.46385000000009	EXP	text: text = "bzsmfsztal"
51.46385000000009	EXP	text: font = "Arial"
51.46385000000009	EXP	text: color = {"_hex":"#FFFFFF","_rgb":[1,1,1]}
51.46385000000009	EXP	text: contrast = 1
51.46385000000009	EXP	text: height = 0.2
51.46385000000009	EXP	text: bold = false
51.46385000000009	EXP	text: italic = false
51.46385000000009	EXP	text: alignHoriz = "left"
51.46385000000009	EXP	text: alignVert = "center"
51.46385000000009	EXP	text: wrapWidth = 1
51.46385000000009	EXP	text: flipHoriz = false
51.46385000000009	EXP	text: flipVert = false
51.46385000000009	EXP	instruction_text3: units = "norm"
51.46385000000009	EXP	instruction_text3: ori = 0
51.46385000000009	EXP	instruction_text3: opacity = 1
51.46385000000009	EXP	instruction_text3: pos = [0,0]
51.46385000000009	EXP	instruction_text3: size = undefined
51.46385000000009	EXP	instruction_text3: text = "Pazar. Most kezdődik az igazi kísérlet. Néhány percig fog tartani. Nem kell nagyon sietnie, de igyekezzen gyorsan válaszolni.\n\nNe feledje, ha tudja, a jobb gombot a jobbkezével, a bal gombot a balkezével nyomja le.\n\nNyomjon meg bármilyen gombot a folytatáshoz."
51.46385000000009	EXP	instruction_text3: font = "Arial"
51.46385000000009	EXP	instruction_text3: color = {"_hex":"#FFFFFF","_rgb":[1,1,1]}
51.46385000000009	EXP	instruction_text3: contrast = 1
51.46385000000009	EXP	instruction_text3: height = 0.1
51.46385000000009	EXP	instruction_text3: bold = false
51.46385000000009	EXP	instruction_text3: italic = false
51.46385000000009	EXP	instruction_text3: alignHoriz = "left"
51.46385000000009	EXP	instruction_text3: alignVert = "center"
51.46385000000009	EXP	instruction_text3: wrapWidth = 1
51.46385000000009	EXP	instruction_text3: flipHoriz = false
51.46385000000009	EXP	instruction_text3: flipVert = false
51.46385000000009	EXP	szo_kiir: units = "norm"
51.46385000000009	EXP	szo_kiir: ori = 0
51.46385000000009	EXP	szo_kiir: opacity = 1
51.46385000000009	EXP	szo_kiir: pos = [0,0]
51.46385000000009	EXP	szo_kiir: size = undefined
51.46385000000009	EXP	szo_kiir: text = "default text"
51.46385000000009	EXP	szo_kiir: font = "Arial"
51.46385000000009	EXP	szo_kiir: color = {"_hex":"#FFFFFF","_rgb":[1,1,1]}
51.46385000000009	EXP	szo_kiir: contrast = 1
51.46385000000009	EXP	szo_kiir: height = 0.2
51.46385000000009	EXP	szo_kiir: bold = false
51.46385000000009	EXP	szo_kiir: italic = false
51.46385000000009	EXP	szo_kiir: alignHoriz = "left"
51.46385000000009	EXP	szo_kiir: alignVert = "center"
51.46385000000009	EXP	szo_kiir: wrapWidth = 1
51.46385000000009	EXP	szo_kiir: flipHoriz = false
51.46385000000009	EXP	szo_kiir: flipVert = false
51.46385000000009	EXP	koszi_szoveg: units = "norm"
51.46385000000009	EXP	koszi_szoveg: ori = 0
51.46385000000009	EXP	koszi_szoveg: opacity = 1
51.46385000000009	EXP	koszi_szoveg: pos = [0,0]
51.46385000000009	EXP	koszi_szoveg: size = undefined
51.46385000000009	EXP	koszi_szoveg: text = "Vége a kísérletnek. Köszönjük a részvételt!"
51.46385000000009	EXP	koszi_szoveg: font = "arial"
51.46385000000009	EXP	koszi_szoveg: color = {"_rgb":[1,1,1]}
51.46385000000009	EXP	koszi_szoveg: contrast = 1
51.46385000000009	EXP	koszi_szoveg: height = 0.1
51.46385000000009	EXP	koszi_szoveg: bold = false
51.46385000000009	EXP	koszi_szoveg: italic = false
51.46385000000009	EXP	koszi_szoveg: alignHoriz = "left"
51.46385000000009	EXP	koszi_szoveg: alignVert = "center"
51.46385000000009	EXP	koszi_szoveg: wrapWidth = 1
51.46385000000009	EXP	koszi_szoveg: flipHoriz = false
51.46385000000009	EXP	koszi_szoveg: flipVert = false
51.46385000000009	EXP	instruction_text1: autoDraw = true
75.46376499999315	DATA	Keydown:  
75.49251999997068	EXP	instruction_text1: autoDraw = false
75.49251999997068	EXP	instruction_text2: autoDraw = true
100.10946499998681	DATA	Keydown:  
100.1252300000051	EXP	instruction_text2: autoDraw = false
100.75441499997396	EXP	show_text: autoDraw = true
102.97651000000769	DATA	Keydown: ArrowRight
102.9913799999631	EXP	show_text: autoDraw = false
103.51662499998929	EXP	text: autoDraw = true
105.4351649999735	DATA	Keydown: ArrowLeft
105.48350999999093	EXP	text: autoDraw = false
105.48350999999093	EXP	instruction_text3: autoDraw = true
118.39474499999778	DATA	Keydown:  
118.77012000000104	EXP	instruction_text3: autoDraw = false
118.77012000000104	EXP	szo_kiir: color = {"_rgb":[1,1,1]}
118.77012000000104	EXP	szo_kiir: text = "dolog"
119.28759999998147	EXP	szo_kiir: autoDraw = true
120.55946999997832	DATA	Keydown: ArrowRight
120.57694499997888	EXP	szo_kiir: autoDraw = false
120.57694499997888	EXP	szo_kiir: color = {"_rgb":[1,1,1]}
120.57694499997888	EXP	szo_kiir: text = "nagy"
121.10086499998579	EXP	szo_kiir: autoDraw = true
121.9468399999896	DATA	Keydown: ArrowRight
122.01216499996372	EXP	szo_kiir: autoDraw = false
122.01216499996372	EXP	szo_kiir: color = {"_rgb":[1,1,1]}
122.01216499996372	EXP	szo_kiir: text = "felján"
122.53385000000708	EXP	szo_kiir: autoDraw = true
123.69293499999912	DATA	Keydown: ArrowLeft
123.7092999999877	EXP	szo_kiir: autoDraw = false
123.7092999999877	EXP	szo_kiir: color = {"_rgb":[1,1,1]}
123.7092999999877	EXP	szo_kiir: text = "nyelv"
124.23298999998951	EXP	szo_kiir: autoDraw = true
125.04843999998411	DATA	Keydown: ArrowRight
125.09683999995468	EXP	szo_kiir: autoDraw = false
125.09683999995468	EXP	szo_kiir: color = {"_rgb":[1,1,1]}
125.09683999995468	EXP	szo_kiir: text = "gép"
125.6180099999765	EXP	szo_kiir: autoDraw = true
126.51045000000158	DATA	Keydown: ArrowRight
126.52492499997607	EXP	szo_kiir: autoDraw = false
126.52492499997607	EXP	szo_kiir: color = {"_rgb":[1,1,1]}
126.52492499997607	EXP	szo_kiir: text = "király"
127.05122999998275	EXP	szo_kiir: autoDraw = true
127.69701999996323	DATA	Keydown: ArrowRight
127.77463499997975	EXP	szo_kiir: autoDraw = false
127.77463499997975	EXP	szo_kiir: color = {"_rgb":[1,1,1]}
127.77463499997975	EXP	szo_kiir: text = "bőr"
128.30019999999786	EXP	szo_kiir: autoDraw = true
128.92672499996843	DATA	Keydown: ArrowRight
128.94260499998927	EXP	szo_kiir: autoDraw = false
128.94260499998927	EXP	szo_kiir: color = {"_rgb":[1,1,1]}
128.94260499998927	EXP	szo_kiir: text = "néghajóti"
129.46389999997336	EXP	szo_kiir: autoDraw = true
131.1100949999527	DATA	Keydown: ArrowLeft
131.14252499997383	EXP	szo_kiir: autoDraw = false
131.14252499997383	EXP	szo_kiir: color = {"_rgb":[1,1,1]}
131.14252499997383	EXP	szo_kiir: text = "lélek"
131.66240499995183	EXP	szo_kiir: autoDraw = true
132.5095549999969	DATA	Keydown: ArrowRight
132.52437499997905	EXP	szo_kiir: autoDraw = false
132.52437499997905	EXP	szo_kiir: color = {"_rgb":[1,1,1]}
132.52437499997905	EXP	szo_kiir: text = "mond"
133.04569499997888	EXP	szo_kiir: autoDraw = true
133.91568999999436	DATA	Keydown: ArrowRight
133.9440750000067	EXP	szo_kiir: autoDraw = false
133.9440750000067	EXP	szo_kiir: color = {"_rgb":[1,1,1]}
133.9440750000067	EXP	szo_kiir: text = "falvangú"
134.46626499999547	EXP	szo_kiir: autoDraw = true
135.49526499997592	DATA	Keydown: ArrowLeft
135.5093549999874	EXP	szo_kiir: autoDraw = false
135.5093549999874	EXP	szo_kiir: color = {"_rgb":[1,1,1]}
135.5093549999874	EXP	szo_kiir: text = "optimális"
136.0324499999988	EXP	szo_kiir: autoDraw = true
137.2792499999632	DATA	Keydown: ArrowRight
137.31059999996796	EXP	szo_kiir: autoDraw = false
137.31059999996796	EXP	szo_kiir: color = {"_rgb":[1,1,1]}
137.31059999996796	EXP	szo_kiir: text = "vagyon"
137.82960999995703	EXP	szo_kiir: autoDraw = true
138.76253999996698	DATA	Keydown: ArrowRight
138.7738749999553	EXP	szo_kiir: autoDraw = false
138.7738749999553	EXP	szo_kiir: color = {"_rgb":[1,1,1]}
138.7738749999553	EXP	szo_kiir: text = "tenger"
139.29746999999043	EXP	szo_kiir: autoDraw = true
139.99298499996075	DATA	Keydown: ArrowRight
140.03091499995207	EXP	szo_kiir: autoDraw = false
140.03091499995207	EXP	szo_kiir: color = {"_rgb":[1,1,1]}
140.03091499995207	EXP	szo_kiir: text = "érzéketít"
140.54944499995327	EXP	szo_kiir: autoDraw = true
143.92872999998508	DATA	Keydown: ArrowLeft
143.94452499999898	EXP	szo_kiir: autoDraw = false
143.94452499999898	EXP	szo_kiir: color = {"_rgb":[1,1,1]}
143.94452499999898	EXP	szo_kiir: text = "átütésetti"
144.46231999999145	EXP	szo_kiir: autoDraw = true
146.18631999997888	DATA	Keydown: ArrowLeft
146.2215149999829	EXP	szo_kiir: autoDraw = false
146.2215149999829	EXP	szo_kiir: color = {"_rgb":[1,1,1]}
146.2215149999829	EXP	szo_kiir: text = "iszlám"
146.73167499998817	EXP	szo_kiir: autoDraw = true
147.7113449999597	DATA	Keydown: ArrowRight
147.72548500000266	EXP	szo_kiir: autoDraw = false
147.72548500000266	EXP	szo_kiir: color = {"_rgb":[1,1,1]}
147.72548500000266	EXP	szo_kiir: text = "lábtörög"
148.24888500000816	EXP	szo_kiir: autoDraw = true
150.14420999999857	DATA	Keydown: ArrowLeft
150.18357499997364	EXP	szo_kiir: autoDraw = false
150.18357499997364	EXP	szo_kiir: color = {"_rgb":[1,1,1]}
150.18357499997364	EXP	szo_kiir: text = "szethetősi"
150.69481999997515	EXP	szo_kiir: autoDraw = true
151.9952049999847	DATA	Keydown: ArrowLeft
152.00731999997515	EXP	szo_kiir: autoDraw = false
152.00731999997515	EXP	szo_kiir: color = {"_rgb":[1,1,1]}
152.00731999997515	EXP	szo_kiir: text = "melő"
152.53132999996888	EXP	szo_kiir: autoDraw = true
160.5320949999732	DATA	Keydown: ArrowLeft
160.55995500000427	EXP	szo_kiir: autoDraw = false
160.55995500000427	EXP	szo_kiir: color = {"_rgb":[1,1,1]}
160.55995500000427	EXP	szo_kiir: text = "kilolvai"
161.07803999999305	EXP	szo_kiir: autoDraw = true
162.18335499998648	DATA	Mouse: 0 button down, pos=(1102,412)
162.30238499998813	DATA	Mouse: 0 button down, pos=(1102,412)
162.54622499999823	DATA	Keydown: ArrowLeft
162.55780999996932	EXP	szo_kiir: autoDraw = false
162.55780999996932	EXP	szo_kiir: color = {"_rgb":[1,1,1]}
162.55780999996932	EXP	szo_kiir: text = "színpad"
163.078509999963	EXP	szo_kiir: autoDraw = true
164.52979999996023	DATA	Keydown: ArrowRight
164.56819499999983	EXP	szo_kiir: autoDraw = false
164.56819499999983	EXP	szo_kiir: color = {"_rgb":[1,1,1]}
164.56819499999983	EXP	szo_kiir: text = "sivirányi"
165.0805049999617	EXP	szo_kiir: autoDraw = true
166.62979999999516	DATA	Keydown: ArrowLeft
166.64144999999553	EXP	szo_kiir: autoDraw = false
166.64144999999553	EXP	szo_kiir: color = {"_rgb":[1,1,1]}
166.64144999999553	EXP	szo_kiir: text = "naiv"
167.1639599999762	EXP	szo_kiir: autoDraw = true
168.94546499999706	DATA	Keydown: ArrowRight
168.97497999999905	EXP	szo_kiir: autoDraw = false
168.97497999999905	EXP	szo_kiir: color = {"_rgb":[1,1,1]}
168.97497999999905	EXP	szo_kiir: text = "részeg"
169.49629999999888	EXP	szo_kiir: autoDraw = true
170.1091449999949	DATA	Keydown: ArrowRight
170.1241099999752	EXP	szo_kiir: autoDraw = false
170.1241099999752	EXP	szo_kiir: color = {"_rgb":[1,1,1]}
170.1241099999752	EXP	szo_kiir: text = "kilogramm"
170.64649999997346	EXP	szo_kiir: autoDraw = true
171.47818499995628	DATA	Keydown: ArrowRight
171.5061599999899	EXP	szo_kiir: autoDraw = false
171.5061599999899	EXP	szo_kiir: color = {"_rgb":[1,1,1]}
171.5061599999899	EXP	szo_kiir: text = "halom"
172.02674000000115	EXP	szo_kiir: autoDraw = true
172.90961999999126	DATA	Keydown: ArrowRight
172.92474499996752	EXP	szo_kiir: autoDraw = false
172.92474499996752	EXP	szo_kiir: color = {"_rgb":[1,1,1]}
172.92474499996752	EXP	szo_kiir: text = "mér"
173.4436299999943	EXP	szo_kiir: autoDraw = true
174.24647499999264	DATA	Keydown: ArrowRight
174.27664999995613	EXP	szo_kiir: autoDraw = false
174.27664999995613	EXP	szo_kiir: color = {"_rgb":[1,1,1]}
174.27664999995613	EXP	szo_kiir: text = "háziasszony"
174.7977049999754	EXP	szo_kiir: autoDraw = true
175.39878499996848	DATA	Keydown: ArrowRight
175.4089049999602	EXP	szo_kiir: autoDraw = false
175.4089049999602	EXP	szo_kiir: color = {"_rgb":[1,1,1]}
175.4089049999602	EXP	szo_kiir: text = "heveny"
175.92985999997472	EXP	szo_kiir: autoDraw = true
181.41326000000117	DATA	Keydown: ArrowLeft
181.42748999997275	EXP	szo_kiir: autoDraw = false
181.42748999997275	EXP	szo_kiir: color = {"_rgb":[1,1,1]}
181.42748999997275	EXP	szo_kiir: text = "régész"
181.4302649999736	DATA	Mouse: 0 button down, pos=(1102,413)
181.9466699999757	EXP	szo_kiir: autoDraw = true
182.7609850000008	DATA	Keydown: ArrowRight
182.78881999995792	EXP	szo_kiir: autoDraw = false
182.78881999995792	EXP	szo_kiir: color = {"_rgb":[1,1,1]}
182.78881999995792	EXP	szo_kiir: text = "glükóz"
183.29655500000808	EXP	szo_kiir: autoDraw = true
184.0831799999578	DATA	Keydown: ArrowRight
184.09197499998845	EXP	szo_kiir: autoDraw = false
184.09197499998845	EXP	szo_kiir: color = {"_rgb":[1,1,1]}
184.09197499998845	EXP	szo_kiir: text = "sugár"
184.61128499999177	EXP	szo_kiir: autoDraw = true
185.36568499996793	DATA	Keydown: ArrowRight
185.39640500000678	EXP	szo_kiir: autoDraw = false
185.39640500000678	EXP	szo_kiir: color = {"_rgb":[1,1,1]}
185.39640500000678	EXP	szo_kiir: text = "pirigari"
185.910904999997	EXP	szo_kiir: autoDraw = true
186.89445999998134	DATA	Mouse: 0 button down, pos=(1103,413)
186.97608999995282	DATA	Keydown: ArrowLeft
186.99290999997174	EXP	szo_kiir: autoDraw = false
186.99290999997174	EXP	szo_kiir: color = {"_rgb":[1,1,1]}
186.99290999997174	EXP	szo_kiir: text = "kiabál"
187.21908999996958	DATA	Mouse: 0 button down, pos=(1106,414)
187.2274599999655	DATA	Mouse: 0 button down, pos=(1106,414)
187.26756999996724	DATA	Mouse: 0 button down, pos=(1106,414)
187.51132499997038	EXP	szo_kiir: autoDraw = true
187.5141200000071	DATA	Mouse: 0 button down, pos=(1106,414)
188.19156000000658	DATA	Keydown: ArrowRight
188.25310999999056	EXP	szo_kiir: autoDraw = false
188.25310999999056	EXP	szo_kiir: color = {"_rgb":[1,1,1]}
188.25310999999056	EXP	szo_kiir: text = "biblikus"
188.75975999998627	EXP	szo_kiir: autoDraw = true
197.0949799999944	DATA	Keydown: ArrowLeft
197.10833499999717	EXP	szo_kiir: autoDraw = false
197.10833499999717	EXP	szo_kiir: color = {"_rgb":[1,1,1]}
197.10833499999717	EXP	szo_kiir: text = "lépték"
197.62895499996375	EXP	szo_kiir: autoDraw = true
201.56946999998763	DATA	Keydown: ArrowLeft
201.57685499999207	EXP	szo_kiir: autoDraw = false
201.57685499999207	EXP	szo_kiir: color = {"_rgb":[1,1,1]}
201.57685499999207	EXP	szo_kiir: text = "közöny"
202.09645999997156	EXP	szo_kiir: autoDraw = true
202.76597999996739	DATA	Keydown: ArrowRight
202.77372499997728	EXP	szo_kiir: autoDraw = false
202.77372499997728	EXP	szo_kiir: color = {"_rgb":[1,1,1]}
202.77372499997728	EXP	szo_kiir: text = "neon"
203.29372999997577	EXP	szo_kiir: autoDraw = true
203.94494499999564	DATA	Keydown: ArrowRight
203.9742499999702	EXP	szo_kiir: autoDraw = false
203.9742499999702	EXP	szo_kiir: color = {"_rgb":[1,1,1]}
203.9742499999702	EXP	szo_kiir: text = "üldögél"
204.4931149999611	EXP	szo_kiir: autoDraw = true
205.277929999982	DATA	Keydown: ArrowRight
205.29172499995911	EXP	szo_kiir: autoDraw = false
205.29172499995911	EXP	szo_kiir: color = {"_rgb":[1,1,1]}
205.29172499995911	EXP	szo_kiir: text = "blúz"
205.81212499999674	EXP	szo_kiir: autoDraw = true
206.4115499999607	DATA	Keydown: ArrowRight
206.44744999997783	EXP	szo_kiir: autoDraw = false
206.44744999997783	EXP	szo_kiir: color = {"_rgb":[1,1,1]}
206.44744999997783	EXP	szo_kiir: text = "hálózsák"
206.9622349999845	EXP	szo_kiir: autoDraw = true
207.94942499999888	DATA	Keydown: ArrowRight
207.95765999995638	EXP	szo_kiir: autoDraw = false
207.95765999995638	EXP	szo_kiir: color = {"_rgb":[1,1,1]}
207.95765999995638	EXP	szo_kiir: text = "koenzim"
208.47968499996932	EXP	szo_kiir: autoDraw = true
212.58272499998566	DATA	Keydown: ArrowRight
212.6144599999534	EXP	szo_kiir: autoDraw = false
212.6144599999534	EXP	szo_kiir: color = {"_rgb":[1,1,1]}
212.6144599999534	EXP	szo_kiir: text = "gerifikált"
213.1297449999838	EXP	szo_kiir: autoDraw = true
214.943339999998	DATA	Keydown: ArrowLeft
214.95920499996282	EXP	szo_kiir: autoDraw = false
214.95920499996282	EXP	szo_kiir: color = {"_rgb":[1,1,1]}
214.95920499996282	EXP	szo_kiir: text = "tarol"
215.47979999997187	EXP	szo_kiir: autoDraw = true
216.27580000000307	DATA	Keydown: ArrowRight
216.31948000000557	EXP	szo_kiir: autoDraw = false
216.31948000000557	EXP	szo_kiir: color = {"_rgb":[1,1,1]}
216.31948000000557	EXP	szo_kiir: text = "attasé"
216.82903999998234	EXP	szo_kiir: autoDraw = true
217.7924199999543	DATA	Keydown: ArrowLeft
217.80737999995472	EXP	szo_kiir: autoDraw = false
217.80737999995472	EXP	szo_kiir: color = {"_rgb":[1,1,1]}
217.80737999995472	EXP	szo_kiir: text = "kisujj"
218.33046999998624	EXP	szo_kiir: autoDraw = true
219.2099449999514	DATA	Keydown: ArrowRight
219.22539499995764	EXP	szo_kiir: autoDraw = false
219.22539499995764	EXP	szo_kiir: color = {"_rgb":[1,1,1]}
219.22539499995764	EXP	szo_kiir: text = "piktogram"
219.7439299999969	EXP	szo_kiir: autoDraw = true
220.72518000000855	DATA	Keydown: ArrowRight
220.75620999996318	EXP	szo_kiir: autoDraw = false
220.75620999996318	EXP	szo_kiir: color = {"_rgb":[1,1,1]}
220.75620999996318	EXP	szo_kiir: text = "téesz"
221.27564999996684	EXP	szo_kiir: autoDraw = true
222.92735499999253	DATA	Keydown: ArrowLeft
222.94002499995986	EXP	szo_kiir: autoDraw = false
222.94002499995986	EXP	szo_kiir: color = {"_rgb":[1,1,1]}
222.94002499995986	EXP	szo_kiir: text = "holdvilág"
223.46058499999344	EXP	szo_kiir: autoDraw = true
229.07412499998463	DATA	Keydown: ArrowLeft
229.09106499998597	EXP	szo_kiir: autoDraw = false
229.09106499998597	EXP	szo_kiir: color = {"_rgb":[1,1,1]}
229.09106499998597	EXP	szo_kiir: text = "biotermék"
229.61272999999346	EXP	szo_kiir: autoDraw = true
232.24075999995694	DATA	Keydown: ArrowRight
232.2558699999936	EXP	szo_kiir: autoDraw = false
232.2558699999936	EXP	szo_kiir: color = {"_rgb":[1,1,1]}
232.2558699999936	EXP	szo_kiir: text = "árus"
232.7781749999849	EXP	szo_kiir: autoDraw = true
233.4620199999772	DATA	Keydown: ArrowRight
233.5025649999734	EXP	szo_kiir: autoDraw = false
233.5025649999734	EXP	szo_kiir: color = {"_rgb":[1,1,1]}
233.5025649999734	EXP	szo_kiir: text = "kulcscsont"
234.01373999996576	EXP	szo_kiir: autoDraw = true
234.82935999997426	DATA	Keydown: ArrowRight
234.8403849999886	EXP	szo_kiir: autoDraw = false
234.8403849999886	EXP	szo_kiir: color = {"_rgb":[1,1,1]}
234.8403849999886	EXP	szo_kiir: text = "üzemanyagár"
235.36351499997545	EXP	szo_kiir: autoDraw = true
237.0975449999678	DATA	Keydown: ArrowLeft
237.1087149999803	EXP	szo_kiir: autoDraw = false
237.1087149999803	EXP	szo_kiir: color = {"_rgb":[1,1,1]}
237.1087149999803	EXP	szo_kiir: text = "tanrend"
237.63365499995416	EXP	szo_kiir: autoDraw = true
238.59625999996206	DATA	Keydown: ArrowRight
238.62563999998383	EXP	szo_kiir: autoDraw = false
238.62563999998383	EXP	szo_kiir: color = {"_rgb":[1,1,1]}
238.62563999998383	EXP	szo_kiir: text = "tokmány"
239.1463399999775	EXP	szo_kiir: autoDraw = true
240.3447649999871	DATA	Keydown: ArrowLeft
240.35791999998037	EXP	szo_kiir: autoDraw = false
240.35791999998037	EXP	szo_kiir: color = {"_rgb":[1,1,1]}
240.35791999998037	EXP	szo_kiir: text = "terhelődik"
240.87933500000509	EXP	szo_kiir: autoDraw = true
243.23557999997865	DATA	Keydown: ArrowRight
243.24202999996487	EXP	szo_kiir: autoDraw = false
243.24202999996487	EXP	szo_kiir: color = {"_rgb":[1,1,1]}
243.24202999996487	EXP	szo_kiir: text = "némezés"
243.76275999995414	EXP	szo_kiir: autoDraw = true
245.57765999995172	DATA	Keydown: ArrowLeft
245.6197899999679	EXP	szo_kiir: autoDraw = false
245.6197899999679	EXP	szo_kiir: color = {"_rgb":[1,1,1]}
245.6197899999679	EXP	szo_kiir: text = "cianid"
246.12865999998758	EXP	szo_kiir: autoDraw = true
247.07771499996306	DATA	Keydown: ArrowLeft
247.09033499995712	EXP	szo_kiir: autoDraw = false
247.09033499995712	EXP	szo_kiir: color = {"_rgb":[1,1,1]}
247.09033499995712	EXP	szo_kiir: text = "felte"
247.61248999997042	EXP	szo_kiir: autoDraw = true
248.65731999999844	DATA	Keydown: ArrowLeft
248.6729649999761	EXP	szo_kiir: autoDraw = false
248.6729649999761	EXP	szo_kiir: color = {"_rgb":[1,1,1]}
248.6729649999761	EXP	szo_kiir: text = "slendrián"
249.1949799999711	EXP	szo_kiir: autoDraw = true
250.1089899999788	DATA	Keydown: ArrowLeft
250.12393000000156	EXP	szo_kiir: autoDraw = false
250.12393000000156	EXP	szo_kiir: color = {"_rgb":[1,1,1]}
250.12393000000156	EXP	szo_kiir: text = "kormányrúd"
250.64422499999637	EXP	szo_kiir: autoDraw = true
251.78139999997802	DATA	Keydown: ArrowRight
251.81065999995917	EXP	szo_kiir: autoDraw = false
251.81065999995917	EXP	szo_kiir: color = {"_rgb":[1,1,1]}
251.81065999995917	EXP	szo_kiir: text = "fajansz"
252.32608500000788	EXP	szo_kiir: autoDraw = true
253.46588499995414	DATA	Keydown: ArrowLeft
253.4727749999729	EXP	szo_kiir: autoDraw = false
253.4727749999729	EXP	szo_kiir: color = {"_rgb":[1,1,1]}
253.4727749999729	EXP	szo_kiir: text = "doktorátus"
253.99332499998854	EXP	szo_kiir: autoDraw = true
255.69680499995593	DATA	Keydown: ArrowRight
255.7071349999751	EXP	szo_kiir: autoDraw = false
255.7071349999751	EXP	szo_kiir: color = {"_rgb":[1,1,1]}
255.7071349999751	EXP	szo_kiir: text = "agronómus"
256.22840500000166	EXP	szo_kiir: autoDraw = true
259.54417999996804	DATA	Keydown: ArrowLeft
259.5569099999848	EXP	szo_kiir: autoDraw = false
259.5569099999848	EXP	szo_kiir: color = {"_rgb":[1,1,1]}
259.5569099999848	EXP	szo_kiir: text = "meztelenkedik"
260.07705999998143	EXP	szo_kiir: autoDraw = true
261.67529499996454	DATA	Keydown: ArrowRight
261.70286999997916	EXP	szo_kiir: autoDraw = false
261.70286999997916	EXP	szo_kiir: color = {"_rgb":[1,1,1]}
261.70286999997916	EXP	szo_kiir: text = "kitin"
262.2094349999679	EXP	szo_kiir: autoDraw = true
263.75853499997174	DATA	Keydown: ArrowRight
263.7730149999843	EXP	szo_kiir: autoDraw = false
263.7730149999843	EXP	szo_kiir: color = {"_rgb":[1,1,1]}
263.7730149999843	EXP	szo_kiir: text = "nehézsúly"
264.2926649999572	EXP	szo_kiir: autoDraw = true
265.0579649999854	DATA	Keydown: ArrowRight
265.09184000000823	EXP	szo_kiir: autoDraw = false
265.09184000000823	EXP	szo_kiir: color = {"_rgb":[1,1,1]}
265.09184000000823	EXP	szo_kiir: text = "irracionalizmus"
265.6092999999528	EXP	szo_kiir: autoDraw = true
266.89711499999976	DATA	Keydown: ArrowRight
266.9072049999959	EXP	szo_kiir: autoDraw = false
266.9072049999959	EXP	szo_kiir: color = {"_rgb":[1,1,1]}
266.9072049999959	EXP	szo_kiir: text = "marcangol"
267.4284849999822	EXP	szo_kiir: autoDraw = true
268.29064500000095	DATA	Keydown: ArrowRight
268.31802499998594	EXP	szo_kiir: autoDraw = false
268.31802499998594	EXP	szo_kiir: color = {"_rgb":[1,1,1]}
268.31802499998594	EXP	szo_kiir: text = "vonzum"
268.8285199999809	EXP	szo_kiir: autoDraw = true
269.93082499998854	DATA	Keydown: ArrowLeft
269.94100999995135	EXP	szo_kiir: autoDraw = false
269.94100999995135	EXP	szo_kiir: color = {"_rgb":[1,1,1]}
269.94100999995135	EXP	szo_kiir: text = "szidalom"
270.4595499999705	EXP	szo_kiir: autoDraw = true
271.3774399999529	DATA	Keydown: ArrowRight
271.403239999956	EXP	szo_kiir: autoDraw = false
271.403239999956	EXP	szo_kiir: color = {"_rgb":[1,1,1]}
271.403239999956	EXP	szo_kiir: text = "takácsmester"
271.9110749999527	EXP	szo_kiir: autoDraw = true
272.89298499998404	DATA	Keydown: ArrowRight
272.90729999996256	EXP	szo_kiir: autoDraw = false
272.90729999996256	EXP	szo_kiir: color = {"_rgb":[1,1,1]}
272.90729999996256	EXP	szo_kiir: text = "gágy"
273.4280349999899	EXP	szo_kiir: autoDraw = true
274.8469099999638	DATA	Keydown: ArrowLeft
274.88445499999216	EXP	szo_kiir: autoDraw = false
274.88445499999216	EXP	szo_kiir: color = {"_rgb":[1,1,1]}
274.88445499999216	EXP	szo_kiir: text = "szupraindividuális"
275.17607499996666	DATA	Mouse: 0 button down, pos=(1089,403)
275.2185049999971	DATA	Mouse: 0 button down, pos=(1089,403)
275.4941899999976	EXP	szo_kiir: autoDraw = true
282.5488899999764	DATA	Keydown: ArrowLeft
282.55827999999747	EXP	szo_kiir: autoDraw = false
282.55827999999747	EXP	szo_kiir: color = {"_rgb":[1,1,1]}
282.55827999999747	EXP	szo_kiir: text = "ötletdús"
283.0806250000023	EXP	szo_kiir: autoDraw = true
284.24047999997856	DATA	Keydown: ArrowRight
284.2564799999818	EXP	szo_kiir: autoDraw = false
284.2564799999818	EXP	szo_kiir: color = {"_rgb":[1,1,1]}
284.2564799999818	EXP	szo_kiir: text = "nyolgató"
284.7786999999662	EXP	szo_kiir: autoDraw = true
285.8097499999567	DATA	Keydown: ArrowLeft
285.84435500000836	EXP	szo_kiir: autoDraw = false
285.84435500000836	EXP	szo_kiir: color = {"_rgb":[1,1,1]}
285.84435500000836	EXP	szo_kiir: text = "kijjongó"
286.3614799999632	EXP	szo_kiir: autoDraw = true
287.3738049999811	DATA	Keydown: ArrowLeft
287.3892299999716	EXP	szo_kiir: autoDraw = false
287.3892299999716	EXP	szo_kiir: color = {"_rgb":[1,1,1]}
287.3892299999716	EXP	szo_kiir: text = "hokizik"
287.90989999996964	EXP	szo_kiir: autoDraw = true
288.6244899999583	DATA	Keydown: ArrowRight
288.66249499999685	EXP	szo_kiir: autoDraw = false
288.66249499999685	EXP	szo_kiir: color = {"_rgb":[1,1,1]}
288.66249499999685	EXP	szo_kiir: text = "retálhit"
289.1752099999576	EXP	szo_kiir: autoDraw = true
290.1952549999696	DATA	Keydown: ArrowLeft
290.2058149999939	EXP	szo_kiir: autoDraw = false
290.2058149999939	EXP	szo_kiir: color = {"_rgb":[1,1,1]}
290.2058149999939	EXP	szo_kiir: text = "paláver"
290.72573499998543	EXP	szo_kiir: autoDraw = true
292.04404000000795	DATA	Keydown: ArrowLeft
292.0547699999879	EXP	szo_kiir: autoDraw = false
292.0547699999879	EXP	szo_kiir: color = {"_rgb":[1,1,1]}
292.0547699999879	EXP	szo_kiir: text = "egant"
292.57473499997286	EXP	szo_kiir: autoDraw = true
293.38969499996165	DATA	Keydown: ArrowLeft
293.4186650000047	EXP	szo_kiir: autoDraw = false
293.4186650000047	EXP	szo_kiir: color = {"_rgb":[1,1,1]}
293.4186650000047	EXP	szo_kiir: text = "lumpenproletariátus"
293.93143999995664	EXP	szo_kiir: autoDraw = true
296.21190499997465	DATA	Keydown: ArrowLeft
296.22349000000395	EXP	szo_kiir: autoDraw = false
296.22349000000395	EXP	szo_kiir: color = {"_rgb":[1,1,1]}
296.22349000000395	EXP	szo_kiir: text = "sárfolt"
296.74332499998854	EXP	szo_kiir: autoDraw = true
297.74572000000626	DATA	Keydown: ArrowRight
297.755914999987	EXP	szo_kiir: autoDraw = false
297.755914999987	EXP	szo_kiir: color = {"_rgb":[1,1,1]}
297.755914999987	EXP	szo_kiir: text = "hullong"
298.27773999999044	EXP	szo_kiir: autoDraw = true
299.0756049999618	DATA	Keydown: ArrowLeft
299.09081999998307	EXP	szo_kiir: autoDraw = false
299.09081999998307	EXP	szo_kiir: color = {"_rgb":[1,1,1]}
299.09081999998307	EXP	szo_kiir: text = "elszarusodik"
299.6117249999661	EXP	szo_kiir: autoDraw = true
300.4764299999806	DATA	Keydown: ArrowRight
300.51739999995334	EXP	szo_kiir: autoDraw = false
300.51739999995334	EXP	szo_kiir: color = {"_rgb":[1,1,1]}
300.51739999995334	EXP	szo_kiir: text = "hegelianizmus"
301.02755499997875	EXP	szo_kiir: autoDraw = true
303.3573449999676	DATA	Keydown: ArrowLeft
303.3733549999888	EXP	szo_kiir: autoDraw = false
303.3733549999888	EXP	szo_kiir: color = {"_rgb":[1,1,1]}
303.3733549999888	EXP	szo_kiir: text = "keltos"
303.89502499997616	EXP	szo_kiir: autoDraw = true
304.665084999986	DATA	Keydown: ArrowLeft
304.67379999998957	EXP	szo_kiir: autoDraw = false
304.67379999998957	EXP	szo_kiir: color = {"_rgb":[1,1,1]}
304.67379999998957	EXP	szo_kiir: text = "jegedény"
305.19468499999493	EXP	szo_kiir: autoDraw = true
305.84907499997644	DATA	Keydown: ArrowLeft
305.88256499997806	EXP	szo_kiir: autoDraw = false
305.88256499997806	EXP	szo_kiir: color = {"_rgb":[1,1,1]}
305.88256499997806	EXP	szo_kiir: text = "komál"
306.3936649999814	EXP	szo_kiir: autoDraw = true
308.24261999997543	DATA	Keydown: ArrowRight
308.25665999995545	EXP	szo_kiir: autoDraw = false
308.25665999995545	EXP	szo_kiir: color = {"_rgb":[1,1,1]}
308.25665999995545	EXP	szo_kiir: text = "kolonizál"
308.7798499999917	EXP	szo_kiir: autoDraw = true
309.7412599999807	DATA	Keydown: ArrowRight
309.7721049999818	EXP	szo_kiir: autoDraw = false
309.7721049999818	EXP	szo_kiir: color = {"_rgb":[1,1,1]}
309.7721049999818	EXP	szo_kiir: text = "viszonvád"
310.2925099999993	EXP	szo_kiir: autoDraw = true
311.581754999992	DATA	Keydown: ArrowLeft
311.5883899999899	EXP	szo_kiir: autoDraw = false
311.5883899999899	EXP	szo_kiir: color = {"_rgb":[1,1,1]}
311.5883899999899	EXP	szo_kiir: text = "kuktáskodik"
312.1083900000085	EXP	szo_kiir: autoDraw = true
313.3823099999572	DATA	Keydown: ArrowRight
313.38875499996357	EXP	szo_kiir: autoDraw = false
313.38875499996357	EXP	szo_kiir: color = {"_rgb":[1,1,1]}
313.38875499996357	EXP	szo_kiir: text = "kelől"
313.9082899999921	EXP	szo_kiir: autoDraw = true
315.8059549999889	DATA	Keydown: ArrowLeft
315.8333349999739	EXP	szo_kiir: autoDraw = false
315.8333349999739	EXP	szo_kiir: color = {"_rgb":[1,1,1]}
315.8333349999739	EXP	szo_kiir: text = "silabizál"
316.3449299999629	EXP	szo_kiir: autoDraw = true
317.3083999999799	DATA	Keydown: ArrowLeft
317.3232349999598	EXP	szo_kiir: autoDraw = false
317.3232349999598	EXP	szo_kiir: color = {"_rgb":[1,1,1]}
317.3232349999598	EXP	szo_kiir: text = "evakuál"
317.8423699999694	EXP	szo_kiir: autoDraw = true
319.6082349999924	DATA	Keydown: ArrowRight
319.6231849999749	EXP	szo_kiir: autoDraw = false
319.6231849999749	EXP	szo_kiir: color = {"_rgb":[1,1,1]}
319.6231849999749	EXP	szo_kiir: text = "cizellál"
320.1443849999923	EXP	szo_kiir: autoDraw = true
321.68128499999875	DATA	Keydown: ArrowLeft
321.6889249999658	EXP	szo_kiir: autoDraw = false
321.6889249999658	EXP	szo_kiir: color = {"_rgb":[1,1,1]}
321.6889249999658	EXP	szo_kiir: text = "hazardíroz"
322.20981500000926	EXP	szo_kiir: autoDraw = true
323.42293999996036	DATA	Keydown: ArrowLeft
323.45081000000937	EXP	szo_kiir: autoDraw = false
323.45081000000937	EXP	szo_kiir: color = {"_rgb":[1,1,1]}
323.45081000000937	EXP	szo_kiir: text = "zentiekert"
323.9613149999641	EXP	szo_kiir: autoDraw = true
324.8342699999921	DATA	Keydown: ArrowLeft
324.83992999995826	EXP	szo_kiir: autoDraw = false
324.83992999995826	EXP	szo_kiir: color = {"_rgb":[1,1,1]}
324.83992999995826	EXP	szo_kiir: text = "többhagyos"
325.3622800000012	EXP	szo_kiir: autoDraw = true
326.290709999972	DATA	Keydown: ArrowLeft
326.31756499997573	EXP	szo_kiir: autoDraw = false
326.31756499997573	EXP	szo_kiir: color = {"_rgb":[1,1,1]}
326.31756499997573	EXP	szo_kiir: text = "pentez"
326.82800999999745	EXP	szo_kiir: autoDraw = true
327.70603499998106	DATA	Keydown: ArrowLeft
327.72372000000905	EXP	szo_kiir: autoDraw = false
327.72372000000905	EXP	szo_kiir: color = {"_rgb":[1,1,1]}
327.72372000000905	EXP	szo_kiir: text = "novagár"
328.24498499999754	EXP	szo_kiir: autoDraw = true
329.1572149999556	DATA	Keydown: ArrowLeft
329.1868849999737	EXP	szo_kiir: autoDraw = false
329.1868849999737	EXP	szo_kiir: color = {"_rgb":[1,1,1]}
329.1868849999737	EXP	szo_kiir: text = "suszi"
329.6944599999697	EXP	szo_kiir: autoDraw = true
330.52345499995863	DATA	Keydown: ArrowLeft
330.53873999998905	EXP	szo_kiir: autoDraw = false
330.53873999998905	EXP	szo_kiir: color = {"_rgb":[1,1,1]}
330.53873999998905	EXP	szo_kiir: text = "standardizál"
331.05935999995563	EXP	szo_kiir: autoDraw = true
334.8144350000075	DATA	Keydown: ArrowRight
334.8347749999957	EXP	szo_kiir: autoDraw = false
334.8347749999957	EXP	szo_kiir: color = {"_rgb":[1,1,1]}
334.8347749999957	EXP	szo_kiir: text = "döföl"
335.3428399999975	EXP	szo_kiir: autoDraw = true
336.20798499998637	DATA	Keydown: ArrowLeft
336.2231150000007	EXP	szo_kiir: autoDraw = false
336.2231150000007	EXP	szo_kiir: color = {"_rgb":[1,1,1]}
336.2231150000007	EXP	szo_kiir: text = "perifrázis"
336.7440399999614	EXP	szo_kiir: autoDraw = true
337.9899949999526	DATA	Keydown: ArrowLeft
338.00573499995517	EXP	szo_kiir: autoDraw = false
338.00573499995517	EXP	szo_kiir: color = {"_rgb":[1,1,1]}
338.00573499995517	EXP	szo_kiir: text = "őrint"
338.52546499995515	EXP	szo_kiir: autoDraw = true
339.46336499997415	DATA	Keydown: ArrowLeft
339.4723149999627	EXP	szo_kiir: autoDraw = false
339.4723149999627	EXP	szo_kiir: color = {"_rgb":[1,1,1]}
339.4723149999627	EXP	szo_kiir: text = "jégkárosult"
339.99299999995856	EXP	szo_kiir: autoDraw = true
340.97533499996644	DATA	Keydown: ArrowLeft
341.00467499997467	EXP	szo_kiir: autoDraw = false
341.00467499997467	EXP	szo_kiir: color = {"_rgb":[1,1,1]}
341.00467499997467	EXP	szo_kiir: text = "szagosít"
341.52497500000754	EXP	szo_kiir: autoDraw = true
342.3730599999544	DATA	Keydown: ArrowRight
342.3900999999605	EXP	szo_kiir: autoDraw = false
342.3900999999605	EXP	szo_kiir: color = {"_rgb":[1,1,1]}
342.3900999999605	EXP	szo_kiir: text = "ultatlados"
342.9096900000004	EXP	szo_kiir: autoDraw = true
343.7650900000008	DATA	Keydown: ArrowLeft
343.790009999997	EXP	szo_kiir: autoDraw = false
343.790009999997	EXP	szo_kiir: color = {"_rgb":[1,1,1]}
343.790009999997	EXP	szo_kiir: text = "skrupulizál"
344.30742500000633	EXP	szo_kiir: autoDraw = true
345.36024499998894	DATA	Keydown: ArrowLeft
345.3706699999748	EXP	szo_kiir: autoDraw = false
345.3706699999748	EXP	szo_kiir: color = {"_rgb":[1,1,1]}
345.3706699999748	EXP	szo_kiir: text = "lexikológus"
345.8940699999803	EXP	szo_kiir: autoDraw = true
348.39228999998886	DATA	Keydown: ArrowLeft
348.4056799999671	EXP	szo_kiir: autoDraw = false
348.4056799999671	EXP	szo_kiir: color = {"_rgb":[1,1,1]}
348.4056799999671	EXP	szo_kiir: text = "istác"
348.92519999999786	EXP	szo_kiir: autoDraw = true
349.70758499996737	DATA	Keydown: ArrowLeft
349.7450799999642	EXP	szo_kiir: autoDraw = false
349.7450799999642	EXP	szo_kiir: color = {"_rgb":[1,1,1]}
349.7450799999642	EXP	szo_kiir: text = "szervusz"
350.2577699999674	EXP	szo_kiir: autoDraw = true
351.2061549999635	DATA	Keydown: ArrowRight
351.22192499996163	EXP	szo_kiir: autoDraw = false
351.22192499996163	EXP	szo_kiir: color = {"_rgb":[1,1,1]}
351.22192499996163	EXP	szo_kiir: text = "sápít"
351.7415349999792	EXP	szo_kiir: autoDraw = true
358.02890999999363	DATA	Keydown: ArrowLeft
358.0396049999981	EXP	szo_kiir: autoDraw = false
358.0396049999981	EXP	szo_kiir: color = {"_rgb":[1,1,1]}
358.0396049999981	EXP	szo_kiir: text = "léghajózik"
358.561699999962	EXP	szo_kiir: autoDraw = true
365.19662000000244	DATA	Keydown: ArrowLeft
365.2070550000062	EXP	szo_kiir: autoDraw = false
365.2070550000062	EXP	szo_kiir: color = {"_rgb":[1,1,1]}
365.2070550000062	EXP	szo_kiir: text = "ifjít"
365.72722000000067	EXP	szo_kiir: autoDraw = true
367.21351999999024	DATA	Keydown: ArrowLeft
367.2377099999576	EXP	szo_kiir: autoDraw = false
367.2377099999576	EXP	koszi_szoveg: autoDraw = true
