0.1501700000371784	EXP	Created Window = Window( name=Window, fullscr=true, color=#000000, units=norm, waitBlanking=true, autoLog=true, size=[1536,722] )
3.954369999933988	DATA	Keydown: 3
4.105074999853969	DATA	Keydown: 3
4.284089999971911	DATA	Keydown: 0
4.468314999947324	DATA	Keydown: 3
7.732904999982566	DATA	Keydown: n
7.8333649998530746	DATA	Keydown: ő
10.330774999922141	DATA	Keydown: 1
10.521349999820814	DATA	Keydown: 9
10.671064999885857	DATA	Keydown: 9
10.81872499990277	DATA	Keydown: 9
11.39566499995999	DATA	Keydown: .
11.85152000002563	DATA	Keydown: 0
12.169749999884516	DATA	Keydown: 2
12.479309999849647	DATA	Keydown: .
12.684204999823123	DATA	Keydown: 0
12.871694999979809	DATA	Keydown: 8
15.343184999888763	DATA	Keydown: 1
15.456224999856204	DATA	Keydown: 4
20.668599999975413	EXP	Created instruction_text1 = TextStim( name=instruction_text1, win=Window( name=Window, fullscr=true, color=#000000, ~), autoDraw=null, autoLog=true, units=norm, ori=null, opacity=1, pos=[0,0], size=undefined, text=Ön most szavakat fog látni.

Ezek között lesznek o~, font=Arial, color=#ffffff, contrast=1, height=0.05, bold=null, italic=null, alignHoriz=left, alignVert=center, wrapWidth=1, flipHoriz=null, flipVert=null )
20.670780000044033	EXP	Created instruction_text2 = TextStim( name=instruction_text2, win=Window( name=Window, fullscr=true, color=#000000, ~), autoDraw=null, autoLog=true, units=norm, ori=null, opacity=1, pos=[0,0], size=undefined, text=Először két egyszerű példát mutatunk Önnek.

Az el~, font=Arial, color=#FFFFFF, contrast=1, height=0.05, bold=null, italic=null, alignHoriz=left, alignVert=center, wrapWidth=1, flipHoriz=null, flipVert=null )
20.672414999920875	EXP	Created show_text = TextStim( name=show_text, win=Window( name=Window, fullscr=true, color=#000000, ~), autoDraw=null, autoLog=true, units=norm, ori=null, opacity=1, pos=[0,0], size=undefined, text=asztal, font=Arial, color=#FFFFFF, contrast=1, height=0.2, bold=null, italic=null, alignHoriz=left, alignVert=center, wrapWidth=1, flipHoriz=null, flipVert=null )
20.673764999955893	EXP	Created text = TextStim( name=text, win=Window( name=Window, fullscr=true, color=#000000, ~), autoDraw=null, autoLog=true, units=norm, ori=null, opacity=1, pos=[0,0], size=undefined, text=bzsmfsztal, font=Arial, color=#FFFFFF, contrast=1, height=0.2, bold=null, italic=null, alignHoriz=left, alignVert=center, wrapWidth=1, flipHoriz=null, flipVert=null )
20.675210000015795	EXP	Created instruction_text3 = TextStim( name=instruction_text3, win=Window( name=Window, fullscr=true, color=#000000, ~), autoDraw=null, autoLog=true, units=norm, ori=null, opacity=1, pos=[0,0], size=undefined, text=Pazar. Most kezdődik az igazi kísérlet. Néhány per~, font=Arial, color=#FFFFFF, contrast=1, height=0.1, bold=null, italic=null, alignHoriz=left, alignVert=center, wrapWidth=1, flipHoriz=null, flipVert=null )
20.67985499999486	EXP	Created szo_kiir = TextStim( name=szo_kiir, win=Window( name=Window, fullscr=true, color=#000000, ~), autoDraw=null, autoLog=true, units=norm, ori=null, opacity=1, pos=[0,0], size=undefined, text=default text, font=Arial, color=#FFFFFF, contrast=1, height=0.2, bold=null, italic=null, alignHoriz=left, alignVert=center, wrapWidth=1, flipHoriz=null, flipVert=null )
20.681309999898076	EXP	Created koszi_szoveg = TextStim( name=koszi_szoveg, win=Window( name=Window, fullscr=true, color=#000000, ~), autoDraw=null, autoLog=true, units=norm, ori=null, opacity=1, pos=[0,0], size=undefined, text=Vége a kísérletnek. Köszönjük a részvételt!, font=arial, color=#ffffff, contrast=1, height=0.1, bold=null, italic=null, alignHoriz=left, alignVert=center, wrapWidth=1, flipHoriz=null, flipVert=null )
20.90216499986127	EXP	instruction_text1: units = "norm"
20.90216499986127	EXP	instruction_text1: ori = 0
20.90216499986127	EXP	instruction_text1: opacity = 1
20.90216499986127	EXP	instruction_text1: pos = [0,0]
20.90216499986127	EXP	instruction_text1: size = undefined
20.90216499986127	EXP	instruction_text1: text = "Ön most szavakat fog látni.\n\nEzek között lesznek olyanok, amelyeket ismer, de előfordulhatnak olyanok is, amelyeket nem ismer, sőt, vannak köztük kitalált szavak is. \n\nKérjük, ha ismeri a képernyőn látható szót, nyomja meg a JOBB kurzorbillentyűt.\nKérjük, ha NEM ismeri a képernyőn látható szót, vagy azt gondolja, nincs ilyen szó a magyarban, nyomja meg a BAL kurzorbillentyűt.\n\nAz 'Ismerem a szót' döntés itt most ezt jelenti: találkoztam már vele, és van valami elképzelésem a jelentéséről is.  \n\nNyomjon meg bármilyen billentyűt a folytatáshoz."
20.90216499986127	EXP	instruction_text1: font = "Arial"
20.90216499986127	EXP	instruction_text1: color = {"_rgb":[1,1,1]}
20.90216499986127	EXP	instruction_text1: contrast = 1
20.90216499986127	EXP	instruction_text1: height = 0.05
20.90216499986127	EXP	instruction_text1: bold = false
20.90216499986127	EXP	instruction_text1: italic = false
20.90216499986127	EXP	instruction_text1: alignHoriz = "left"
20.90216499986127	EXP	instruction_text1: alignVert = "center"
20.90216499986127	EXP	instruction_text1: wrapWidth = 1
20.90216499986127	EXP	instruction_text1: flipHoriz = false
20.90216499986127	EXP	instruction_text1: flipVert = false
20.90216499986127	EXP	instruction_text2: units = "norm"
20.90216499986127	EXP	instruction_text2: ori = 0
20.90216499986127	EXP	instruction_text2: opacity = 1
20.90216499986127	EXP	instruction_text2: pos = [0,0]
20.90216499986127	EXP	instruction_text2: size = undefined
20.90216499986127	EXP	instruction_text2: text = "Először két egyszerű példát mutatunk Önnek.\n\nAz első szó létezik a magyarban, és valószínűleg Ön is ismeri. Itt nyomja majd meg a jobb kurzorbillentyűt.\nA második szó nem létezik a magyar nyelvben. Itt nyomja majd meg a bal kurzorbillentyűt.\n\nFontos, hogy a jobb gombot a jobb kezével, a bal gombot a bal kezével nyomja, ha tudja, és ne egy kezét használja a kísérletben.\n\nNyomjon meg bármilyen gombot a folytatáshoz."
20.90216499986127	EXP	instruction_text2: font = "Arial"
20.90216499986127	EXP	instruction_text2: color = {"_hex":"#FFFFFF","_rgb":[1,1,1]}
20.90216499986127	EXP	instruction_text2: contrast = 1
20.90216499986127	EXP	instruction_text2: height = 0.05
20.90216499986127	EXP	instruction_text2: bold = false
20.90216499986127	EXP	instruction_text2: italic = false
20.90216499986127	EXP	instruction_text2: alignHoriz = "left"
20.90216499986127	EXP	instruction_text2: alignVert = "center"
20.90216499986127	EXP	instruction_text2: wrapWidth = 1
20.90216499986127	EXP	instruction_text2: flipHoriz = false
20.90216499986127	EXP	instruction_text2: flipVert = false
20.90216499986127	EXP	show_text: units = "norm"
20.90216499986127	EXP	show_text: ori = 0
20.90216499986127	EXP	show_text: opacity = 1
20.90216499986127	EXP	show_text: pos = [0,0]
20.90216499986127	EXP	show_text: size = undefined
20.90216499986127	EXP	show_text: text = "asztal"
20.90216499986127	EXP	show_text: font = "Arial"
20.90216499986127	EXP	show_text: color = {"_hex":"#FFFFFF","_rgb":[1,1,1]}
20.90216499986127	EXP	show_text: contrast = 1
20.90216499986127	EXP	show_text: height = 0.2
20.90216499986127	EXP	show_text: bold = false
20.90216499986127	EXP	show_text: italic = false
20.90216499986127	EXP	show_text: alignHoriz = "left"
20.90216499986127	EXP	show_text: alignVert = "center"
20.90216499986127	EXP	show_text: wrapWidth = 1
20.90216499986127	EXP	show_text: flipHoriz = false
20.90216499986127	EXP	show_text: flipVert = false
20.90216499986127	EXP	text: units = "norm"
20.90216499986127	EXP	text: ori = 0
20.90216499986127	EXP	text: opacity = 1
20.90216499986127	EXP	text: pos = [0,0]
20.90216499986127	EXP	text: size = undefined
20.90216499986127	EXP	text: text = "bzsmfsztal"
20.90216499986127	EXP	text: font = "Arial"
20.90216499986127	EXP	text: color = {"_hex":"#FFFFFF","_rgb":[1,1,1]}
20.90216499986127	EXP	text: contrast = 1
20.90216499986127	EXP	text: height = 0.2
20.90216499986127	EXP	text: bold = false
20.90216499986127	EXP	text: italic = false
20.90216499986127	EXP	text: alignHoriz = "left"
20.90216499986127	EXP	text: alignVert = "center"
20.90216499986127	EXP	text: wrapWidth = 1
20.90216499986127	EXP	text: flipHoriz = false
20.90216499986127	EXP	text: flipVert = false
20.90216499986127	EXP	instruction_text3: units = "norm"
20.90216499986127	EXP	instruction_text3: ori = 0
20.90216499986127	EXP	instruction_text3: opacity = 1
20.90216499986127	EXP	instruction_text3: pos = [0,0]
20.90216499986127	EXP	instruction_text3: size = undefined
20.90216499986127	EXP	instruction_text3: text = "Pazar. Most kezdődik az igazi kísérlet. Néhány percig fog tartani. Nem kell nagyon sietnie, de igyekezzen gyorsan válaszolni.\n\nNe feledje, ha tudja, a jobb gombot a jobbkezével, a bal gombot a balkezével nyomja le.\n\nNyomjon meg bármilyen gombot a folytatáshoz."
20.90216499986127	EXP	instruction_text3: font = "Arial"
20.90216499986127	EXP	instruction_text3: color = {"_hex":"#FFFFFF","_rgb":[1,1,1]}
20.90216499986127	EXP	instruction_text3: contrast = 1
20.90216499986127	EXP	instruction_text3: height = 0.1
20.90216499986127	EXP	instruction_text3: bold = false
20.90216499986127	EXP	instruction_text3: italic = false
20.90216499986127	EXP	instruction_text3: alignHoriz = "left"
20.90216499986127	EXP	instruction_text3: alignVert = "center"
20.90216499986127	EXP	instruction_text3: wrapWidth = 1
20.90216499986127	EXP	instruction_text3: flipHoriz = false
20.90216499986127	EXP	instruction_text3: flipVert = false
20.90216499986127	EXP	szo_kiir: units = "norm"
20.90216499986127	EXP	szo_kiir: ori = 0
20.90216499986127	EXP	szo_kiir: opacity = 1
20.90216499986127	EXP	szo_kiir: pos = [0,0]
20.90216499986127	EXP	szo_kiir: size = undefined
20.90216499986127	EXP	szo_kiir: text = "default text"
20.90216499986127	EXP	szo_kiir: font = "Arial"
20.90216499986127	EXP	szo_kiir: color = {"_hex":"#FFFFFF","_rgb":[1,1,1]}
20.90216499986127	EXP	szo_kiir: contrast = 1
20.90216499986127	EXP	szo_kiir: height = 0.2
20.90216499986127	EXP	szo_kiir: bold = false
20.90216499986127	EXP	szo_kiir: italic = false
20.90216499986127	EXP	szo_kiir: alignHoriz = "left"
20.90216499986127	EXP	szo_kiir: alignVert = "center"
20.90216499986127	EXP	szo_kiir: wrapWidth = 1
20.90216499986127	EXP	szo_kiir: flipHoriz = false
20.90216499986127	EXP	szo_kiir: flipVert = false
20.90216499986127	EXP	koszi_szoveg: units = "norm"
20.90216499986127	EXP	koszi_szoveg: ori = 0
20.90216499986127	EXP	koszi_szoveg: opacity = 1
20.90216499986127	EXP	koszi_szoveg: pos = [0,0]
20.90216499986127	EXP	koszi_szoveg: size = undefined
20.90216499986127	EXP	koszi_szoveg: text = "Vége a kísérletnek. Köszönjük a részvételt!"
20.90216499986127	EXP	koszi_szoveg: font = "arial"
20.90216499986127	EXP	koszi_szoveg: color = {"_rgb":[1,1,1]}
20.90216499986127	EXP	koszi_szoveg: contrast = 1
20.90216499986127	EXP	koszi_szoveg: height = 0.1
20.90216499986127	EXP	koszi_szoveg: bold = false
20.90216499986127	EXP	koszi_szoveg: italic = false
20.90216499986127	EXP	koszi_szoveg: alignHoriz = "left"
20.90216499986127	EXP	koszi_szoveg: alignVert = "center"
20.90216499986127	EXP	koszi_szoveg: wrapWidth = 1
20.90216499986127	EXP	koszi_szoveg: flipHoriz = false
20.90216499986127	EXP	koszi_szoveg: flipVert = false
20.90216499986127	EXP	instruction_text1: autoDraw = true
78.48451999993995	DATA	Keydown: ArrowRight
78.51266999985091	EXP	instruction_text1: autoDraw = false
78.51266999985091	EXP	instruction_text2: autoDraw = true
83.64900500001386	DATA	Keydown: ArrowRight
83.6648499998264	EXP	instruction_text2: autoDraw = false
84.19736999995075	EXP	show_text: autoDraw = true
85.71655999985524	DATA	Keydown: ArrowRight
85.73065000004135	EXP	show_text: autoDraw = false
86.25695499987341	EXP	text: autoDraw = true
87.1693400000222	DATA	Keydown: ArrowLeft
87.23356999992393	EXP	text: autoDraw = false
87.23356999992393	EXP	instruction_text3: autoDraw = true
96.2717999999877	DATA	Keydown: ArrowRight
96.334959999891	EXP	instruction_text3: autoDraw = false
96.334959999891	EXP	szo_kiir: color = {"_rgb":[1,1,1]}
96.334959999891	EXP	szo_kiir: text = "megy"
96.85084500000812	EXP	szo_kiir: autoDraw = true
97.63950499985367	DATA	Keydown: ArrowRight
97.64422999997623	EXP	szo_kiir: autoDraw = false
97.64422999997623	EXP	szo_kiir: color = {"_rgb":[1,1,1]}
97.64422999997623	EXP	szo_kiir: text = "pirodáló"
98.17119499994442	EXP	szo_kiir: autoDraw = true
99.0915049999021	DATA	Keydown: ArrowLeft
99.13073999993503	EXP	szo_kiir: autoDraw = false
99.13073999993503	EXP	szo_kiir: color = {"_rgb":[1,1,1]}
99.13073999993503	EXP	szo_kiir: text = "látszik"
99.65182000002824	EXP	szo_kiir: autoDraw = true
100.24592499993742	DATA	Keydown: ArrowRight
100.2615049998276	EXP	szo_kiir: autoDraw = false
100.2615049998276	EXP	szo_kiir: color = {"_rgb":[1,1,1]}
100.2615049998276	EXP	szo_kiir: text = "rész"
100.78622499993071	EXP	szo_kiir: autoDraw = true
101.26777999987826	DATA	Keydown: ArrowRight
101.30303499987349	EXP	szo_kiir: autoDraw = false
101.30303499987349	EXP	szo_kiir: color = {"_rgb":[1,1,1]}
101.30303499987349	EXP	szo_kiir: text = "anaszsében"
101.82208999991417	EXP	szo_kiir: autoDraw = true
102.75433999998495	DATA	Keydown: ArrowLeft
102.76958499988541	EXP	szo_kiir: autoDraw = false
102.76958499988541	EXP	szo_kiir: color = {"_rgb":[1,1,1]}
102.76958499988541	EXP	szo_kiir: text = "dolgozik"
103.28420499991626	EXP	szo_kiir: autoDraw = true
103.86847499990836	DATA	Keydown: ArrowRight
103.91368500003591	EXP	szo_kiir: autoDraw = false
103.91368500003591	EXP	szo_kiir: color = {"_rgb":[1,1,1]}
103.91368500003591	EXP	szo_kiir: text = "bőr"
104.43177499994636	EXP	szo_kiir: autoDraw = true
104.8952949999366	DATA	Keydown: ArrowRight
104.91040499997325	EXP	szo_kiir: autoDraw = false
104.91040499997325	EXP	szo_kiir: color = {"_rgb":[1,1,1]}
104.91040499997325	EXP	szo_kiir: text = "zenekar"
105.432504999917	EXP	szo_kiir: autoDraw = true
106.11987999989651	DATA	Keydown: ArrowRight
106.14010499999858	EXP	szo_kiir: autoDraw = false
106.14010499999858	EXP	szo_kiir: color = {"_rgb":[1,1,1]}
106.14010499999858	EXP	szo_kiir: text = "késetetély"
106.64815499982797	EXP	szo_kiir: autoDraw = true
107.95013500005007	DATA	Keydown: ArrowLeft
107.95958000002429	EXP	szo_kiir: autoDraw = false
107.95958000002429	EXP	szo_kiir: color = {"_rgb":[1,1,1]}
107.95958000002429	EXP	szo_kiir: text = "szexuális"
108.48438000003807	EXP	szo_kiir: autoDraw = true
109.14549999986775	DATA	Keydown: ArrowRight
109.1728099999018	EXP	szo_kiir: autoDraw = false
109.1728099999018	EXP	szo_kiir: color = {"_rgb":[1,1,1]}
109.1728099999018	EXP	szo_kiir: text = "optimális"
109.68200499983504	EXP	szo_kiir: autoDraw = true
110.2821549999062	DATA	Keydown: ArrowRight
110.29360500001349	EXP	szo_kiir: autoDraw = false
110.29360500001349	EXP	szo_kiir: color = {"_rgb":[1,1,1]}
110.29360500001349	EXP	szo_kiir: text = "falvangú"
110.8179699999746	EXP	szo_kiir: autoDraw = true
111.90156999998726	DATA	Keydown: ArrowLeft
111.93233999982476	EXP	szo_kiir: autoDraw = false
111.93233999982476	EXP	szo_kiir: color = {"_rgb":[1,1,1]}
111.93233999982476	EXP	szo_kiir: text = "halad"
112.4477800000459	EXP	szo_kiir: autoDraw = true
113.08652999997139	DATA	Keydown: ArrowRight
113.09234500001185	EXP	szo_kiir: autoDraw = false
113.09234500001185	EXP	szo_kiir: color = {"_rgb":[1,1,1]}
113.09234500001185	EXP	szo_kiir: text = "kiskolható"
113.61582499998622	EXP	szo_kiir: autoDraw = true
114.86105499998666	DATA	Keydown: ArrowLeft
114.88908999995328	EXP	szo_kiir: autoDraw = false
114.88908999995328	EXP	szo_kiir: color = {"_rgb":[1,1,1]}
114.88908999995328	EXP	szo_kiir: text = "gondol"
115.39631500001997	EXP	szo_kiir: autoDraw = true
115.9592399999965	DATA	Keydown: ArrowRight
115.97475999989547	EXP	szo_kiir: autoDraw = false
115.97475999989547	EXP	szo_kiir: color = {"_rgb":[1,1,1]}
115.97475999989547	EXP	szo_kiir: text = "érzéketít"
116.49670000001788	EXP	szo_kiir: autoDraw = true
117.53455999982543	DATA	Keydown: ArrowLeft
117.55694499984384	EXP	szo_kiir: autoDraw = false
117.55694499984384	EXP	szo_kiir: color = {"_rgb":[1,1,1]}
117.55694499984384	EXP	szo_kiir: text = "indezget"
118.07754500000738	EXP	szo_kiir: autoDraw = true
118.92675499990582	DATA	Keydown: ArrowLeft
118.94040500000119	EXP	szo_kiir: autoDraw = false
118.94040500000119	EXP	szo_kiir: color = {"_rgb":[1,1,1]}
118.94040500000119	EXP	szo_kiir: text = "nek"
119.46438999986276	EXP	szo_kiir: autoDraw = true
120.14414500002749	DATA	Keydown: ArrowLeft
120.15830000001006	EXP	szo_kiir: autoDraw = false
120.15830000001006	EXP	szo_kiir: color = {"_rgb":[1,1,1]}
120.15830000001006	EXP	szo_kiir: text = "szerez"
120.67968999990262	EXP	szo_kiir: autoDraw = true
121.24383499985561	DATA	Keydown: ArrowRight
121.27156999986619	EXP	szo_kiir: autoDraw = false
121.27156999986619	EXP	szo_kiir: color = {"_rgb":[1,1,1]}
121.27156999986619	EXP	szo_kiir: text = "szethetősi"
121.77811499987729	EXP	szo_kiir: autoDraw = true
122.49874499998987	DATA	Keydown: ArrowLeft
122.5067600000184	EXP	szo_kiir: autoDraw = false
122.5067600000184	EXP	szo_kiir: color = {"_rgb":[1,1,1]}
122.5067600000184	EXP	szo_kiir: text = "sokoldalú"
123.03083499986678	EXP	szo_kiir: autoDraw = true
123.67570499982685	DATA	Keydown: ArrowRight
123.70641999994405	EXP	szo_kiir: autoDraw = false
123.70641999994405	EXP	szo_kiir: color = {"_rgb":[1,1,1]}
123.70641999994405	EXP	szo_kiir: text = "kalcium"
124.22982000000775	EXP	szo_kiir: autoDraw = true
124.96606500004418	DATA	Keydown: ArrowRight
124.97417499986477	EXP	szo_kiir: autoDraw = false
124.97417499986477	EXP	szo_kiir: color = {"_rgb":[1,1,1]}
124.97417499986477	EXP	szo_kiir: text = "orr"
125.49442499992438	EXP	szo_kiir: autoDraw = true
125.99339499999769	DATA	Keydown: ArrowRight
126.01361999986693	EXP	szo_kiir: autoDraw = false
126.01361999986693	EXP	szo_kiir: color = {"_rgb":[1,1,1]}
126.01361999986693	EXP	szo_kiir: text = "alapszik"
126.52501500002109	EXP	szo_kiir: autoDraw = true
126.97497499990277	DATA	Keydown: ArrowRight
126.98909999988973	EXP	szo_kiir: autoDraw = false
126.98909999988973	EXP	szo_kiir: color = {"_rgb":[1,1,1]}
126.98909999988973	EXP	szo_kiir: text = "ékszer"
127.50925999996252	EXP	szo_kiir: autoDraw = true
127.97573499986902	DATA	Keydown: ArrowRight
127.99527499987744	EXP	szo_kiir: autoDraw = false
127.99527499987744	EXP	szo_kiir: color = {"_rgb":[1,1,1]}
127.99527499987744	EXP	szo_kiir: text = "egyenrangú"
128.51246499991976	EXP	szo_kiir: autoDraw = true
129.1411899998784	DATA	Keydown: ArrowRight
129.15654499991797	EXP	szo_kiir: autoDraw = false
129.15654499991797	EXP	szo_kiir: color = {"_rgb":[1,1,1]}
129.15654499991797	EXP	szo_kiir: text = "szomszéd"
129.67654999997467	EXP	szo_kiir: autoDraw = true
130.11367999995127	DATA	Keydown: ArrowRight
130.1299299998209	EXP	szo_kiir: autoDraw = false
130.1299299998209	EXP	szo_kiir: color = {"_rgb":[1,1,1]}
130.1299299998209	EXP	szo_kiir: text = "bútori"
130.6431599999778	EXP	szo_kiir: autoDraw = true
131.16381499986164	DATA	Keydown: ArrowRight
131.1727350000292	EXP	szo_kiir: autoDraw = false
131.1727350000292	EXP	szo_kiir: color = {"_rgb":[1,1,1]}
131.1727350000292	EXP	szo_kiir: text = "ponyai"
131.6937700000126	EXP	szo_kiir: autoDraw = true
132.44640499982052	DATA	Keydown: ArrowLeft
132.4556899999734	EXP	szo_kiir: autoDraw = false
132.4556899999734	EXP	szo_kiir: color = {"_rgb":[1,1,1]}
132.4556899999734	EXP	szo_kiir: text = "majom"
132.97747999988496	EXP	szo_kiir: autoDraw = true
133.66493500000797	DATA	Keydown: ArrowRight
133.68769999989308	EXP	szo_kiir: autoDraw = false
133.68769999989308	EXP	szo_kiir: color = {"_rgb":[1,1,1]}
133.68769999989308	EXP	szo_kiir: text = "puharmes"
134.2134350000415	EXP	szo_kiir: autoDraw = true
134.96216499991715	DATA	Keydown: ArrowLeft
134.97204999998212	EXP	szo_kiir: autoDraw = false
134.97204999998212	EXP	szo_kiir: color = {"_rgb":[1,1,1]}
134.97204999998212	EXP	szo_kiir: text = "unitáns"
135.49260999984108	EXP	szo_kiir: autoDraw = true
136.2048899999354	DATA	Keydown: ArrowLeft
136.228385000024	EXP	szo_kiir: autoDraw = false
136.228385000024	EXP	szo_kiir: color = {"_rgb":[1,1,1]}
136.228385000024	EXP	szo_kiir: text = "határidejű"
136.7524099999573	EXP	szo_kiir: autoDraw = true
137.3621049998328	DATA	Keydown: ArrowLeft
137.37056499999017	EXP	szo_kiir: autoDraw = false
137.37056499999017	EXP	szo_kiir: color = {"_rgb":[1,1,1]}
137.37056499999017	EXP	szo_kiir: text = "pók"
137.89014000003226	EXP	szo_kiir: autoDraw = true
138.5885399999097	DATA	Keydown: ArrowRight
138.60324499988928	EXP	szo_kiir: autoDraw = false
138.60324499988928	EXP	szo_kiir: color = {"_rgb":[1,1,1]}
138.60324499988928	EXP	szo_kiir: text = "cukrász"
139.12422499991953	EXP	szo_kiir: autoDraw = true
139.58773499983363	DATA	Keydown: ArrowRight
139.62345499987714	EXP	szo_kiir: autoDraw = false
139.62345499987714	EXP	szo_kiir: color = {"_rgb":[1,1,1]}
139.62345499987714	EXP	szo_kiir: text = "kiletette"
140.1407149999868	EXP	szo_kiir: autoDraw = true
140.99730499996804	DATA	Keydown: ArrowRight
141.00304999994114	EXP	szo_kiir: autoDraw = false
141.00304999994114	EXP	szo_kiir: color = {"_rgb":[1,1,1]}
141.00304999994114	EXP	szo_kiir: text = "ezüstös"
141.5288799998816	EXP	szo_kiir: autoDraw = true
142.25527999992482	DATA	Keydown: ArrowRight
142.27046999987215	EXP	szo_kiir: autoDraw = false
142.27046999987215	EXP	szo_kiir: color = {"_rgb":[1,1,1]}
142.27046999987215	EXP	szo_kiir: text = "értékesít"
142.7913549998775	EXP	szo_kiir: autoDraw = true
143.41628999984823	DATA	Keydown: ArrowRight
143.43937499984168	EXP	szo_kiir: autoDraw = false
143.43937499984168	EXP	szo_kiir: color = {"_rgb":[1,1,1]}
143.43937499984168	EXP	szo_kiir: text = "lik"
143.95588999986649	EXP	szo_kiir: autoDraw = true
144.77015999983996	DATA	Keydown: ArrowRight
144.78553999983706	EXP	szo_kiir: autoDraw = false
144.78553999983706	EXP	szo_kiir: color = {"_rgb":[1,1,1]}
144.78553999983706	EXP	szo_kiir: text = "közöny"
145.30677499994636	EXP	szo_kiir: autoDraw = true
145.93693499988876	DATA	Keydown: ArrowRight
145.95762999984436	EXP	szo_kiir: autoDraw = false
145.95762999984436	EXP	szo_kiir: color = {"_rgb":[1,1,1]}
145.95762999984436	EXP	szo_kiir: text = "könnyelmű"
146.47351499996148	EXP	szo_kiir: autoDraw = true
147.03688000002876	DATA	Keydown: ArrowRight
147.05190999992192	EXP	szo_kiir: autoDraw = false
147.05190999992192	EXP	szo_kiir: color = {"_rgb":[1,1,1]}
147.05190999992192	EXP	szo_kiir: text = "kontálás"
147.57199499988928	EXP	szo_kiir: autoDraw = true
148.0590450000018	DATA	Keydown: ArrowRight
148.06847999989986	EXP	szo_kiir: autoDraw = false
148.06847999989986	EXP	szo_kiir: color = {"_rgb":[1,1,1]}
148.06847999989986	EXP	szo_kiir: text = "üldögél"
148.58934499998577	EXP	szo_kiir: autoDraw = true
149.22506499988958	DATA	Keydown: ArrowRight
149.24796499987133	EXP	szo_kiir: autoDraw = false
149.24796499987133	EXP	szo_kiir: color = {"_rgb":[1,1,1]}
149.24796499987133	EXP	szo_kiir: text = "holografikus"
149.7582499999553	EXP	szo_kiir: autoDraw = true
150.4371899999678	DATA	Keydown: ArrowRight
150.45227000000887	EXP	szo_kiir: autoDraw = false
150.45227000000887	EXP	szo_kiir: color = {"_rgb":[1,1,1]}
150.45227000000887	EXP	szo_kiir: text = "nyilváram"
150.9731099999044	EXP	szo_kiir: autoDraw = true
152.17004999984056	DATA	Keydown: ArrowLeft
152.19787499983795	EXP	szo_kiir: autoDraw = false
152.19787499983795	EXP	szo_kiir: color = {"_rgb":[1,1,1]}
152.19787499983795	EXP	szo_kiir: text = "köménymag"
152.70756999985315	EXP	szo_kiir: autoDraw = true
154.0704399999231	DATA	Keydown: ArrowRight
154.08372500003316	EXP	szo_kiir: autoDraw = false
154.08372500003316	EXP	szo_kiir: color = {"_rgb":[1,1,1]}
154.08372500003316	EXP	szo_kiir: text = "fanatizmus"
154.60305499983951	EXP	szo_kiir: autoDraw = true
156.07010999997146	DATA	Keydown: ArrowRight
156.08877499983646	EXP	szo_kiir: autoDraw = false
156.08877499983646	EXP	szo_kiir: color = {"_rgb":[1,1,1]}
156.08877499983646	EXP	szo_kiir: text = "vetézmés"
156.60344999982044	EXP	szo_kiir: autoDraw = true
157.60199499991722	DATA	Keydown: ArrowLeft
157.61639999994077	EXP	szo_kiir: autoDraw = false
157.61639999994077	EXP	szo_kiir: color = {"_rgb":[1,1,1]}
157.61639999994077	EXP	szo_kiir: text = "indulatú"
158.13599499990232	EXP	szo_kiir: autoDraw = true
158.78869499987923	DATA	Keydown: ArrowRight
158.81657999986783	EXP	szo_kiir: autoDraw = false
158.81657999986783	EXP	szo_kiir: color = {"_rgb":[1,1,1]}
158.81657999986783	EXP	szo_kiir: text = "biotermék"
159.33833499997854	EXP	szo_kiir: autoDraw = true
159.9654749999754	DATA	Keydown: ArrowRight
159.9809899998363	EXP	szo_kiir: autoDraw = false
159.9809899998363	EXP	szo_kiir: color = {"_rgb":[1,1,1]}
159.9809899998363	EXP	szo_kiir: text = "nagyfejedelem"
160.50784499989823	EXP	szo_kiir: autoDraw = true
161.17281499993987	DATA	Keydown: ArrowRight
161.1968549999874	EXP	szo_kiir: autoDraw = false
161.1968549999874	EXP	szo_kiir: color = {"_rgb":[1,1,1]}
161.1968549999874	EXP	szo_kiir: text = "dofízissed"
161.70152999996208	EXP	szo_kiir: autoDraw = true
163.81801499985158	DATA	Keydown: ArrowLeft
163.83237499999814	EXP	szo_kiir: autoDraw = false
163.83237499999814	EXP	szo_kiir: color = {"_rgb":[1,1,1]}
163.83237499999814	EXP	szo_kiir: text = "csobog"
164.35317499982193	EXP	szo_kiir: autoDraw = true
164.95277999993414	DATA	Keydown: ArrowRight
164.97955999989063	EXP	szo_kiir: autoDraw = false
164.97955999989063	EXP	szo_kiir: color = {"_rgb":[1,1,1]}
164.97955999989063	EXP	szo_kiir: text = "szelégül"
165.48563999985345	EXP	szo_kiir: autoDraw = true
166.09082000004128	DATA	Keydown: ArrowRight
166.0980799999088	EXP	szo_kiir: autoDraw = false
166.0980799999088	EXP	szo_kiir: color = {"_rgb":[1,1,1]}
166.0980799999088	EXP	szo_kiir: text = "komolyodik"
166.6187950000167	EXP	szo_kiir: autoDraw = true
167.39926999993622	DATA	Keydown: ArrowRight
167.41454000002705	EXP	szo_kiir: autoDraw = false
167.41454000002705	EXP	szo_kiir: color = {"_rgb":[1,1,1]}
167.41454000002705	EXP	szo_kiir: text = "korog"
167.93506499985233	EXP	szo_kiir: autoDraw = true
168.46996999997646	DATA	Keydown: ArrowRight
168.4932499998249	EXP	szo_kiir: autoDraw = false
168.4932499998249	EXP	szo_kiir: color = {"_rgb":[1,1,1]}
168.4932499998249	EXP	szo_kiir: text = "véresszájú"
169.00135499984026	EXP	szo_kiir: autoDraw = true
169.91556999995373	DATA	Keydown: ArrowRight
169.9307699999772	EXP	szo_kiir: autoDraw = false
169.9307699999772	EXP	szo_kiir: color = {"_rgb":[1,1,1]}
169.9307699999772	EXP	szo_kiir: text = "ezredmásodperc"
170.45141999982297	EXP	szo_kiir: autoDraw = true
171.4508199999109	DATA	Keydown: ArrowRight
171.4758800000418	EXP	szo_kiir: autoDraw = false
171.4758800000418	EXP	szo_kiir: color = {"_rgb":[1,1,1]}
171.4758800000418	EXP	szo_kiir: text = "meztelenkedik"
171.9840499998536	EXP	szo_kiir: autoDraw = true
172.63953999988735	DATA	Keydown: ArrowRight
172.64562499988824	EXP	szo_kiir: autoDraw = false
172.64562499988824	EXP	szo_kiir: color = {"_rgb":[1,1,1]}
172.64562499988824	EXP	szo_kiir: text = "szitok"
173.16722499998286	EXP	szo_kiir: autoDraw = true
173.7485549999401	DATA	Keydown: ArrowRight
173.78135999990627	EXP	szo_kiir: autoDraw = false
173.78135999990627	EXP	szo_kiir: color = {"_rgb":[1,1,1]}
173.78135999990627	EXP	szo_kiir: text = "volt"
174.30041999998502	EXP	szo_kiir: autoDraw = true
174.72084999992512	DATA	Keydown: ArrowRight
174.72964000003412	EXP	szo_kiir: autoDraw = false
174.72964000003412	EXP	szo_kiir: color = {"_rgb":[1,1,1]}
174.72964000003412	EXP	szo_kiir: text = "műt"
175.2503199998755	EXP	szo_kiir: autoDraw = true
175.74753000005148	DATA	Keydown: ArrowRight
175.77985499985516	EXP	szo_kiir: autoDraw = false
175.77985499985516	EXP	szo_kiir: color = {"_rgb":[1,1,1]}
175.77985499985516	EXP	szo_kiir: text = "marcangol"
176.30023499997333	EXP	szo_kiir: autoDraw = true
176.91476999991573	DATA	Keydown: ArrowRight
176.92933499999344	EXP	szo_kiir: autoDraw = false
176.92933499999344	EXP	szo_kiir: color = {"_rgb":[1,1,1]}
176.92933499999344	EXP	szo_kiir: text = "kapirgál"
177.44971499987878	EXP	szo_kiir: autoDraw = true
177.9230249999091	DATA	Keydown: ArrowRight
177.9443049998954	EXP	szo_kiir: autoDraw = false
177.9443049998954	EXP	szo_kiir: color = {"_rgb":[1,1,1]}
177.9443049998954	EXP	szo_kiir: text = "bóbiskol"
178.44989999989048	EXP	szo_kiir: autoDraw = true
178.94747999985702	DATA	Keydown: ArrowRight
178.96228999993764	EXP	szo_kiir: autoDraw = false
178.96228999993764	EXP	szo_kiir: color = {"_rgb":[1,1,1]}
178.96228999993764	EXP	szo_kiir: text = "lező"
179.48248999984935	EXP	szo_kiir: autoDraw = true
179.9310449999757	DATA	Keydown: ArrowRight
179.94581499998458	EXP	szo_kiir: autoDraw = false
179.94581499998458	EXP	szo_kiir: color = {"_rgb":[1,1,1]}
179.94581499998458	EXP	szo_kiir: text = "fertilis"
180.46539000002667	EXP	szo_kiir: autoDraw = true
181.18035499984398	DATA	Keydown: ArrowRight
181.21072499989532	EXP	szo_kiir: autoDraw = false
181.21072499989532	EXP	szo_kiir: color = {"_rgb":[1,1,1]}
181.21072499989532	EXP	szo_kiir: text = "szendültet"
181.73253499995917	EXP	szo_kiir: autoDraw = true
182.76404499984346	DATA	Keydown: ArrowLeft
182.7783299998846	EXP	szo_kiir: autoDraw = false
182.7783299998846	EXP	szo_kiir: color = {"_rgb":[1,1,1]}
182.7783299998846	EXP	szo_kiir: text = "tesped"
183.298919999972	EXP	szo_kiir: autoDraw = true
184.08076999988407	DATA	Keydown: ArrowRight
184.10802499996498	EXP	szo_kiir: autoDraw = false
184.10802499996498	EXP	szo_kiir: color = {"_rgb":[1,1,1]}
184.10802499996498	EXP	szo_kiir: text = "szabadjegy"
184.61631499999203	EXP	szo_kiir: autoDraw = true
185.28741499991156	DATA	Keydown: ArrowRight
185.29449000000022	EXP	szo_kiir: autoDraw = false
185.29449000000022	EXP	szo_kiir: color = {"_rgb":[1,1,1]}
185.29449000000022	EXP	szo_kiir: text = "konyosbetű"
185.81566499988548	EXP	szo_kiir: autoDraw = true
186.8104699999094	DATA	Keydown: ArrowLeft
186.8334699999541	EXP	szo_kiir: autoDraw = false
186.8334699999541	EXP	szo_kiir: color = {"_rgb":[1,1,1]}
186.8334699999541	EXP	szo_kiir: text = "aszinkronmotor"
187.3476499998942	EXP	szo_kiir: autoDraw = true
189.11250999988988	DATA	Keydown: ArrowLeft
189.12684999988414	EXP	szo_kiir: autoDraw = false
189.12684999988414	EXP	szo_kiir: color = {"_rgb":[1,1,1]}
189.12684999988414	EXP	szo_kiir: text = "majánosol"
189.64687999989837	EXP	szo_kiir: autoDraw = true
190.7652049998287	DATA	Keydown: ArrowLeft
190.77750499988906	EXP	szo_kiir: autoDraw = false
190.77750499988906	EXP	szo_kiir: color = {"_rgb":[1,1,1]}
190.77750499988906	EXP	szo_kiir: text = "finomszesz"
191.30119999987073	EXP	szo_kiir: autoDraw = true
192.57909999997355	DATA	Keydown: ArrowRight
192.60843999986537	EXP	szo_kiir: autoDraw = false
192.60843999986537	EXP	szo_kiir: color = {"_rgb":[1,1,1]}
192.60843999986537	EXP	szo_kiir: text = "zúzanó"
193.11333999992348	EXP	szo_kiir: autoDraw = true
193.96359499986283	DATA	Keydown: ArrowLeft
193.97454999992624	EXP	szo_kiir: autoDraw = false
193.97454999992624	EXP	szo_kiir: color = {"_rgb":[1,1,1]}
193.97454999992624	EXP	szo_kiir: text = "tutamizál"
194.49723999993876	EXP	szo_kiir: autoDraw = true
195.42710500000976	DATA	Keydown: ArrowLeft
195.4543999999296	EXP	szo_kiir: autoDraw = false
195.4543999999296	EXP	szo_kiir: color = {"_rgb":[1,1,1]}
195.4543999999296	EXP	szo_kiir: text = "ostorán"
195.96230499981903	EXP	szo_kiir: autoDraw = true
196.8948949999176	DATA	Keydown: ArrowRight
196.9087849999778	EXP	szo_kiir: autoDraw = false
196.9087849999778	EXP	szo_kiir: color = {"_rgb":[1,1,1]}
196.9087849999778	EXP	szo_kiir: text = "vizesvödör"
197.43043499998748	EXP	szo_kiir: autoDraw = true
198.0310649999883	DATA	Keydown: ArrowRight
198.04208000004292	EXP	szo_kiir: autoDraw = false
198.04208000004292	EXP	szo_kiir: color = {"_rgb":[1,1,1]}
198.04208000004292	EXP	szo_kiir: text = "tangózik"
198.56227999995463	EXP	szo_kiir: autoDraw = true
199.13089499995112	DATA	Keydown: ArrowRight
199.1564350000117	EXP	szo_kiir: autoDraw = false
199.1564350000117	EXP	szo_kiir: color = {"_rgb":[1,1,1]}
199.1564350000117	EXP	szo_kiir: text = "mérgesít"
199.66320499987341	EXP	szo_kiir: autoDraw = true
200.26401999988593	DATA	Keydown: ArrowRight
200.27344999997877	EXP	szo_kiir: autoDraw = false
200.27344999997877	EXP	szo_kiir: color = {"_rgb":[1,1,1]}
200.27344999997877	EXP	szo_kiir: text = "áruszállítmány"
200.79935500002466	EXP	szo_kiir: autoDraw = true
201.48379500000738	DATA	Keydown: ArrowRight
201.49852999998257	EXP	szo_kiir: autoDraw = false
201.49852999998257	EXP	szo_kiir: color = {"_rgb":[1,1,1]}
201.49852999998257	EXP	szo_kiir: text = "zomás"
202.01298999995925	EXP	szo_kiir: autoDraw = true
202.77012500003912	DATA	Keydown: ArrowLeft
202.77626499999315	EXP	szo_kiir: autoDraw = false
202.77626499999315	EXP	szo_kiir: color = {"_rgb":[1,1,1]}
202.77626499999315	EXP	szo_kiir: text = "abeti"
203.29581000003964	EXP	szo_kiir: autoDraw = true
203.9536299998872	DATA	Keydown: ArrowLeft
203.9711599999573	EXP	szo_kiir: autoDraw = false
203.9711599999573	EXP	szo_kiir: color = {"_rgb":[1,1,1]}
203.9711599999573	EXP	szo_kiir: text = "viszonvád"
204.47554499981925	EXP	szo_kiir: autoDraw = true
205.42610999988392	DATA	Keydown: ArrowLeft
205.4404349999968	EXP	szo_kiir: autoDraw = false
205.4404349999968	EXP	szo_kiir: color = {"_rgb":[1,1,1]}
205.4404349999968	EXP	szo_kiir: text = "harsonázik"
205.96071999985725	EXP	szo_kiir: autoDraw = true
206.65847999998368	DATA	Keydown: ArrowRight
206.67359000002034	EXP	szo_kiir: autoDraw = false
206.67359000002034	EXP	szo_kiir: color = {"_rgb":[1,1,1]}
206.67359000002034	EXP	szo_kiir: text = "farkasbab"
207.1972399998922	EXP	szo_kiir: autoDraw = true
208.12476000003517	DATA	Keydown: ArrowRight
208.1495949998498	EXP	szo_kiir: autoDraw = false
208.1495949998498	EXP	szo_kiir: color = {"_rgb":[1,1,1]}
208.1495949998498	EXP	szo_kiir: text = "karikáz"
208.66151500004344	EXP	szo_kiir: autoDraw = true
209.34522499982268	DATA	Keydown: ArrowRight
209.35728999995627	EXP	szo_kiir: autoDraw = false
209.35728999995627	EXP	szo_kiir: color = {"_rgb":[1,1,1]}
209.35728999995627	EXP	szo_kiir: text = "büntetéspénz"
209.87962000002153	EXP	szo_kiir: autoDraw = true
210.5991549999453	DATA	Keydown: ArrowRight
210.62014999985695	EXP	szo_kiir: autoDraw = false
210.62014999985695	EXP	szo_kiir: color = {"_rgb":[1,1,1]}
210.62014999985695	EXP	szo_kiir: text = "árstop"
211.12730499985628	EXP	szo_kiir: autoDraw = true
211.9069550000131	DATA	Keydown: ArrowRight
211.9242249999661	EXP	szo_kiir: autoDraw = false
211.9242249999661	EXP	szo_kiir: color = {"_rgb":[1,1,1]}
211.9242249999661	EXP	szo_kiir: text = "törzskönyvez"
212.44482999993488	EXP	szo_kiir: autoDraw = true
213.69041999988258	DATA	Keydown: ArrowRight
213.7190549999941	EXP	szo_kiir: autoDraw = false
213.7190549999941	EXP	szo_kiir: color = {"_rgb":[1,1,1]}
213.7190549999941	EXP	szo_kiir: text = "zuboly"
214.22549999994226	EXP	szo_kiir: autoDraw = true
214.75670499983244	DATA	Keydown: ArrowRight
214.7719049998559	EXP	szo_kiir: autoDraw = false
214.7719049998559	EXP	szo_kiir: color = {"_rgb":[1,1,1]}
214.7719049998559	EXP	szo_kiir: text = "isminchegy"
215.2927549998276	EXP	szo_kiir: autoDraw = true
216.17902499996126	DATA	Keydown: ArrowLeft
216.19159499998204	EXP	szo_kiir: autoDraw = false
216.19159499998204	EXP	szo_kiir: color = {"_rgb":[1,1,1]}
216.19159499998204	EXP	szo_kiir: text = "katéterez"
216.70582000003196	EXP	szo_kiir: autoDraw = true
217.5589799999725	DATA	Keydown: ArrowRight
217.5699050000403	EXP	szo_kiir: autoDraw = false
217.5699050000403	EXP	szo_kiir: color = {"_rgb":[1,1,1]}
217.5699050000403	EXP	szo_kiir: text = "sűrítható"
218.090949999867	EXP	szo_kiir: autoDraw = true
219.04504500003532	DATA	Keydown: ArrowLeft
219.06103999982588	EXP	szo_kiir: autoDraw = false
219.06103999982588	EXP	szo_kiir: color = {"_rgb":[1,1,1]}
219.06103999982588	EXP	szo_kiir: text = "teszű"
219.575324999867	EXP	szo_kiir: autoDraw = true
220.5057749999687	DATA	Keydown: ArrowLeft
220.52082500001416	EXP	szo_kiir: autoDraw = false
220.52082500001416	EXP	szo_kiir: color = {"_rgb":[1,1,1]}
220.52082500001416	EXP	szo_kiir: text = "nimbus"
221.04201500001363	EXP	szo_kiir: autoDraw = true
221.80653499998152	DATA	Keydown: ArrowLeft
221.82074499991722	EXP	szo_kiir: autoDraw = false
221.82074499991722	EXP	szo_kiir: color = {"_rgb":[1,1,1]}
221.82074499991722	EXP	szo_kiir: text = "gramoszi"
222.3414300000295	EXP	szo_kiir: autoDraw = true
223.44241999997757	DATA	Keydown: ArrowLeft
223.467549999943	EXP	szo_kiir: autoDraw = false
223.467549999943	EXP	szo_kiir: color = {"_rgb":[1,1,1]}
223.467549999943	EXP	szo_kiir: text = "hivatalnokoskodik"
223.9790399998892	EXP	szo_kiir: autoDraw = true
224.8728449998889	DATA	Keydown: ArrowRight
224.88754499983042	EXP	szo_kiir: autoDraw = false
224.88754499983042	EXP	szo_kiir: color = {"_rgb":[1,1,1]}
224.88754499983042	EXP	szo_kiir: text = "extuál"
225.40815000003204	EXP	szo_kiir: autoDraw = true
226.27951999986544	DATA	Keydown: ArrowLeft
226.29967999993823	EXP	szo_kiir: autoDraw = false
226.29967999993823	EXP	szo_kiir: color = {"_rgb":[1,1,1]}
226.29967999993823	EXP	szo_kiir: text = "öklelőzik"
226.80722499988042	EXP	szo_kiir: autoDraw = true
227.69772499985993	DATA	Keydown: ArrowRight
227.70308499992825	EXP	szo_kiir: autoDraw = false
227.70308499992825	EXP	szo_kiir: color = {"_rgb":[1,1,1]}
227.70308499992825	EXP	szo_kiir: text = "irtókert"
228.22296499996446	EXP	szo_kiir: autoDraw = true
229.04177999985404	DATA	Keydown: ArrowLeft
229.0662350000348	EXP	szo_kiir: autoDraw = false
229.0662350000348	EXP	szo_kiir: color = {"_rgb":[1,1,1]}
229.0662350000348	EXP	szo_kiir: text = "fekcionák"
229.57298499997705	EXP	szo_kiir: autoDraw = true
230.9381899998989	DATA	Keydown: ArrowLeft
230.95233500003815	EXP	szo_kiir: autoDraw = false
230.95233500003815	EXP	szo_kiir: color = {"_rgb":[1,1,1]}
230.95233500003815	EXP	szo_kiir: text = "impúrum"
231.47315999981947	EXP	szo_kiir: autoDraw = true
232.4213649998419	DATA	Keydown: ArrowLeft
232.43501999997534	EXP	szo_kiir: autoDraw = false
232.43501999997534	EXP	szo_kiir: color = {"_rgb":[1,1,1]}
232.43501999997534	EXP	szo_kiir: text = "cirkalmaz"
232.9551499998197	EXP	szo_kiir: autoDraw = true
233.62121000001207	DATA	Keydown: ArrowRight
233.6437750000041	EXP	szo_kiir: autoDraw = false
233.6437750000041	EXP	szo_kiir: color = {"_rgb":[1,1,1]}
233.6437750000041	EXP	szo_kiir: text = "polcol"
234.15604000003077	EXP	szo_kiir: autoDraw = true
234.82049499987625	DATA	Keydown: ArrowRight
234.83562999987043	EXP	szo_kiir: autoDraw = false
234.83562999987043	EXP	szo_kiir: color = {"_rgb":[1,1,1]}
234.83562999987043	EXP	szo_kiir: text = "skubizik"
235.35559499985538	EXP	szo_kiir: autoDraw = true
236.07209499995224	DATA	Keydown: ArrowRight
236.09997499990277	EXP	szo_kiir: autoDraw = false
236.09997499990277	EXP	szo_kiir: color = {"_rgb":[1,1,1]}
236.09997499990277	EXP	szo_kiir: text = "megfogózik"
236.6213099998422	EXP	szo_kiir: autoDraw = true
237.3286150000058	DATA	Keydown: ArrowRight
237.33436999982223	EXP	szo_kiir: autoDraw = false
237.33436999982223	EXP	szo_kiir: color = {"_rgb":[1,1,1]}
237.33436999982223	EXP	szo_kiir: text = "szélmalomszárny"
237.85532999993302	EXP	szo_kiir: autoDraw = true
238.5779549998697	DATA	Keydown: ArrowRight
238.59812500001863	EXP	szo_kiir: autoDraw = false
238.59812500001863	EXP	szo_kiir: color = {"_rgb":[1,1,1]}
238.59812500001863	EXP	szo_kiir: text = "tetvetlenít"
239.105774999829	EXP	szo_kiir: autoDraw = true
239.84093499998562	DATA	Keydown: ArrowRight
239.85040999995545	EXP	szo_kiir: autoDraw = false
239.85040999995545	EXP	szo_kiir: color = {"_rgb":[1,1,1]}
239.85040999995545	EXP	szo_kiir: text = "lecskediriz"
240.37068499997258	EXP	szo_kiir: autoDraw = true
240.8590499998536	DATA	Keydown: ArrowRight
240.86694499989972	EXP	szo_kiir: autoDraw = false
240.86694499989972	EXP	szo_kiir: color = {"_rgb":[1,1,1]}
240.86694499989972	EXP	szo_kiir: text = "ruharongy"
241.38716499996372	EXP	szo_kiir: autoDraw = true
241.9402599998284	DATA	Keydown: ArrowRight
241.95872500003316	EXP	szo_kiir: autoDraw = false
241.95872500003316	EXP	szo_kiir: color = {"_rgb":[1,1,1]}
241.95872500003316	EXP	szo_kiir: text = "svábtök"
242.47247999999672	EXP	szo_kiir: autoDraw = true
243.27607999998145	DATA	Keydown: ArrowRight
243.2840899999719	EXP	szo_kiir: autoDraw = false
243.2840899999719	EXP	szo_kiir: color = {"_rgb":[1,1,1]}
243.2840899999719	EXP	szo_kiir: text = "kontinuáns"
243.80643999995664	EXP	szo_kiir: autoDraw = true
244.77053499990143	DATA	Keydown: ArrowRight
244.79958499991335	EXP	szo_kiir: autoDraw = false
244.79958499991335	EXP	koszi_szoveg: autoDraw = true
246.02756999991834	DATA	Keydown: ArrowRight
