0.0605550000036601	EXP	Created Window = Window( name=Window, fullscr=true, color=#000000, units=norm, waitBlanking=true, autoLog=true, size=[1536,722] )
1.6173600000038277	DATA	Keydown: 3
2.733814999985043	DATA	Keydown: undefined
3.4394349999784026	DATA	Keydown: Tab
3.737364999979036	DATA	Keydown: 1
4.151584999985062	DATA	Keydown: 9
4.313634999998612	DATA	Keydown: 9
4.454814999975497	DATA	Keydown: 9
5.434019999986049	DATA	Keydown: .
5.726774999988265	DATA	Keydown: 0
5.784299999999348	DATA	Keydown: 8
6.0099800000025425	DATA	Keydown: .
6.164040000003297	DATA	Keydown: 0
6.208119999995688	DATA	Keydown: 8
9.93029999997816	DATA	Keydown: Backspace
11.40573499997845	DATA	Keydown: n
11.554389999975683	DATA	Keydown: ő
13.566374999994878	DATA	Keydown: 1
13.74718499998562	DATA	Keydown: 9
13.933579999982612	DATA	Keydown: 9
14.076239999994868	DATA	Keydown: 9
14.559379999991506	DATA	Keydown: Tab
16.630890000000363	DATA	Keydown: .
17.42083499999717	DATA	Keydown: 0
17.484309999999823	DATA	Keydown: 8
18.23032499998226	DATA	Keydown: .
18.420415000000503	DATA	Keydown: 0
18.469899999996414	DATA	Keydown: 8
19.55766500000027	DATA	Keydown: .
21.155729999998584	DATA	Keydown: Backspace
21.643604999990202	DATA	Keydown: Backspace
21.672980000003008	DATA	Keydown: Backspace
21.702664999989793	DATA	Keydown: Backspace
21.73367999997572	DATA	Keydown: Backspace
21.763684999983525	DATA	Keydown: Backspace
21.791059999988647	DATA	Keydown: Backspace
21.98596499999985	DATA	Keydown: Backspace
23.727084999991348	DATA	Keydown: 9
25.751714999991236	DATA	Keydown: 1
26.04146999999648	DATA	Keydown: 4
30.63623499998357	EXP	Created instruction_text1 = TextStim( name=instruction_text1, win=Window( name=Window, fullscr=true, color=#000000, ~), autoDraw=null, autoLog=true, units=norm, ori=null, opacity=1, pos=[0,0], size=undefined, text=Ön most szavakat fog látni.

Ezek között lesznek o~, font=Arial, color=#ffffff, contrast=1, height=0.05, bold=null, italic=null, alignHoriz=left, alignVert=center, wrapWidth=1, flipHoriz=null, flipVert=null )
30.63718499999959	EXP	Created instruction_text2 = TextStim( name=instruction_text2, win=Window( name=Window, fullscr=true, color=#000000, ~), autoDraw=null, autoLog=true, units=norm, ori=null, opacity=1, pos=[0,0], size=undefined, text=Először két egyszerű példát mutatunk Önnek.

Az el~, font=Arial, color=#FFFFFF, contrast=1, height=0.05, bold=null, italic=null, alignHoriz=left, alignVert=center, wrapWidth=1, flipHoriz=null, flipVert=null )
30.63779499998782	EXP	Created show_text = TextStim( name=show_text, win=Window( name=Window, fullscr=true, color=#000000, ~), autoDraw=null, autoLog=true, units=norm, ori=null, opacity=1, pos=[0,0], size=undefined, text=asztal, font=Arial, color=#FFFFFF, contrast=1, height=0.2, bold=null, italic=null, alignHoriz=left, alignVert=center, wrapWidth=1, flipHoriz=null, flipVert=null )
30.63855499998317	EXP	Created text = TextStim( name=text, win=Window( name=Window, fullscr=true, color=#000000, ~), autoDraw=null, autoLog=true, units=norm, ori=null, opacity=1, pos=[0,0], size=undefined, text=bzsmfsztal, font=Arial, color=#FFFFFF, contrast=1, height=0.2, bold=null, italic=null, alignHoriz=left, alignVert=center, wrapWidth=1, flipHoriz=null, flipVert=null )
30.6393799999787	EXP	Created instruction_text3 = TextStim( name=instruction_text3, win=Window( name=Window, fullscr=true, color=#000000, ~), autoDraw=null, autoLog=true, units=norm, ori=null, opacity=1, pos=[0,0], size=undefined, text=Pazar. Most kezdődik az igazi kísérlet. Néhány per~, font=Arial, color=#FFFFFF, contrast=1, height=0.1, bold=null, italic=null, alignHoriz=left, alignVert=center, wrapWidth=1, flipHoriz=null, flipVert=null )
30.640039999998407	EXP	Created szo_kiir = TextStim( name=szo_kiir, win=Window( name=Window, fullscr=true, color=#000000, ~), autoDraw=null, autoLog=true, units=norm, ori=null, opacity=1, pos=[0,0], size=undefined, text=default text, font=Arial, color=#FFFFFF, contrast=1, height=0.2, bold=null, italic=null, alignHoriz=left, alignVert=center, wrapWidth=1, flipHoriz=null, flipVert=null )
30.640625	EXP	Created koszi_szoveg = TextStim( name=koszi_szoveg, win=Window( name=Window, fullscr=true, color=#000000, ~), autoDraw=null, autoLog=true, units=norm, ori=null, opacity=1, pos=[0,0], size=undefined, text=Vége a kísérletnek. Köszönjük a részvételt!, font=arial, color=#ffffff, contrast=1, height=0.1, bold=null, italic=null, alignHoriz=left, alignVert=center, wrapWidth=1, flipHoriz=null, flipVert=null )
30.702504999993835	EXP	instruction_text1: units = "norm"
30.702504999993835	EXP	instruction_text1: ori = 0
30.702504999993835	EXP	instruction_text1: opacity = 1
30.702504999993835	EXP	instruction_text1: pos = [0,0]
30.702504999993835	EXP	instruction_text1: size = undefined
30.702504999993835	EXP	instruction_text1: text = "Ön most szavakat fog látni.\n\nEzek között lesznek olyanok, amelyeket ismer, de előfordulhatnak olyanok is, amelyeket nem ismer, sőt, vannak köztük kitalált szavak is. \n\nKérjük, ha ismeri a képernyőn látható szót, nyomja meg a JOBB kurzorbillentyűt.\nKérjük, ha NEM ismeri a képernyőn látható szót, vagy azt gondolja, nincs ilyen szó a magyarban, nyomja meg a BAL kurzorbillentyűt.\n\nAz 'Ismerem a szót' döntés itt most ezt jelenti: találkoztam már vele, és van valami elképzelésem a jelentéséről is.  \n\nNyomjon meg bármilyen billentyűt a folytatáshoz."
30.702504999993835	EXP	instruction_text1: font = "Arial"
30.702504999993835	EXP	instruction_text1: color = {"_rgb":[1,1,1]}
30.702504999993835	EXP	instruction_text1: contrast = 1
30.702504999993835	EXP	instruction_text1: height = 0.05
30.702504999993835	EXP	instruction_text1: bold = false
30.702504999993835	EXP	instruction_text1: italic = false
30.702504999993835	EXP	instruction_text1: alignHoriz = "left"
30.702504999993835	EXP	instruction_text1: alignVert = "center"
30.702504999993835	EXP	instruction_text1: wrapWidth = 1
30.702504999993835	EXP	instruction_text1: flipHoriz = false
30.702504999993835	EXP	instruction_text1: flipVert = false
30.702504999993835	EXP	instruction_text2: units = "norm"
30.702504999993835	EXP	instruction_text2: ori = 0
30.702504999993835	EXP	instruction_text2: opacity = 1
30.702504999993835	EXP	instruction_text2: pos = [0,0]
30.702504999993835	EXP	instruction_text2: size = undefined
30.702504999993835	EXP	instruction_text2: text = "Először két egyszerű példát mutatunk Önnek.\n\nAz első szó létezik a magyarban, és valószínűleg Ön is ismeri. Itt nyomja majd meg a jobb kurzorbillentyűt.\nA második szó nem létezik a magyar nyelvben. Itt nyomja majd meg a bal kurzorbillentyűt.\n\nFontos, hogy a jobb gombot a jobb kezével, a bal gombot a bal kezével nyomja, ha tudja, és ne egy kezét használja a kísérletben.\n\nNyomjon meg bármilyen gombot a folytatáshoz."
30.702504999993835	EXP	instruction_text2: font = "Arial"
30.702504999993835	EXP	instruction_text2: color = {"_hex":"#FFFFFF","_rgb":[1,1,1]}
30.702504999993835	EXP	instruction_text2: contrast = 1
30.702504999993835	EXP	instruction_text2: height = 0.05
30.702504999993835	EXP	instruction_text2: bold = false
30.702504999993835	EXP	instruction_text2: italic = false
30.702504999993835	EXP	instruction_text2: alignHoriz = "left"
30.702504999993835	EXP	instruction_text2: alignVert = "center"
30.702504999993835	EXP	instruction_text2: wrapWidth = 1
30.702504999993835	EXP	instruction_text2: flipHoriz = false
30.702504999993835	EXP	instruction_text2: flipVert = false
30.702504999993835	EXP	show_text: units = "norm"
30.702504999993835	EXP	show_text: ori = 0
30.702504999993835	EXP	show_text: opacity = 1
30.702504999993835	EXP	show_text: pos = [0,0]
30.702504999993835	EXP	show_text: size = undefined
30.702504999993835	EXP	show_text: text = "asztal"
30.702504999993835	EXP	show_text: font = "Arial"
30.702504999993835	EXP	show_text: color = {"_hex":"#FFFFFF","_rgb":[1,1,1]}
30.702504999993835	EXP	show_text: contrast = 1
30.702504999993835	EXP	show_text: height = 0.2
30.702504999993835	EXP	show_text: bold = false
30.702504999993835	EXP	show_text: italic = false
30.702504999993835	EXP	show_text: alignHoriz = "left"
30.702504999993835	EXP	show_text: alignVert = "center"
30.702504999993835	EXP	show_text: wrapWidth = 1
30.702504999993835	EXP	show_text: flipHoriz = false
30.702504999993835	EXP	show_text: flipVert = false
30.702504999993835	EXP	text: units = "norm"
30.702504999993835	EXP	text: ori = 0
30.702504999993835	EXP	text: opacity = 1
30.702504999993835	EXP	text: pos = [0,0]
30.702504999993835	EXP	text: size = undefined
30.702504999993835	EXP	text: text = "bzsmfsztal"
30.702504999993835	EXP	text: font = "Arial"
30.702504999993835	EXP	text: color = {"_hex":"#FFFFFF","_rgb":[1,1,1]}
30.702504999993835	EXP	text: contrast = 1
30.702504999993835	EXP	text: height = 0.2
30.702504999993835	EXP	text: bold = false
30.702504999993835	EXP	text: italic = false
30.702504999993835	EXP	text: alignHoriz = "left"
30.702504999993835	EXP	text: alignVert = "center"
30.702504999993835	EXP	text: wrapWidth = 1
30.702504999993835	EXP	text: flipHoriz = false
30.702504999993835	EXP	text: flipVert = false
30.702504999993835	EXP	instruction_text3: units = "norm"
30.702504999993835	EXP	instruction_text3: ori = 0
30.702504999993835	EXP	instruction_text3: opacity = 1
30.702504999993835	EXP	instruction_text3: pos = [0,0]
30.702504999993835	EXP	instruction_text3: size = undefined
30.702504999993835	EXP	instruction_text3: text = "Pazar. Most kezdődik az igazi kísérlet. Néhány percig fog tartani. Nem kell nagyon sietnie, de igyekezzen gyorsan válaszolni.\n\nNe feledje, ha tudja, a jobb gombot a jobbkezével, a bal gombot a balkezével nyomja le.\n\nNyomjon meg bármilyen gombot a folytatáshoz."
30.702504999993835	EXP	instruction_text3: font = "Arial"
30.702504999993835	EXP	instruction_text3: color = {"_hex":"#FFFFFF","_rgb":[1,1,1]}
30.702504999993835	EXP	instruction_text3: contrast = 1
30.702504999993835	EXP	instruction_text3: height = 0.1
30.702504999993835	EXP	instruction_text3: bold = false
30.702504999993835	EXP	instruction_text3: italic = false
30.702504999993835	EXP	instruction_text3: alignHoriz = "left"
30.702504999993835	EXP	instruction_text3: alignVert = "center"
30.702504999993835	EXP	instruction_text3: wrapWidth = 1
30.702504999993835	EXP	instruction_text3: flipHoriz = false
30.702504999993835	EXP	instruction_text3: flipVert = false
30.702504999993835	EXP	szo_kiir: units = "norm"
30.702504999993835	EXP	szo_kiir: ori = 0
30.702504999993835	EXP	szo_kiir: opacity = 1
30.702504999993835	EXP	szo_kiir: pos = [0,0]
30.702504999993835	EXP	szo_kiir: size = undefined
30.702504999993835	EXP	szo_kiir: text = "default text"
30.702504999993835	EXP	szo_kiir: font = "Arial"
30.702504999993835	EXP	szo_kiir: color = {"_hex":"#FFFFFF","_rgb":[1,1,1]}
30.702504999993835	EXP	szo_kiir: contrast = 1
30.702504999993835	EXP	szo_kiir: height = 0.2
30.702504999993835	EXP	szo_kiir: bold = false
30.702504999993835	EXP	szo_kiir: italic = false
30.702504999993835	EXP	szo_kiir: alignHoriz = "left"
30.702504999993835	EXP	szo_kiir: alignVert = "center"
30.702504999993835	EXP	szo_kiir: wrapWidth = 1
30.702504999993835	EXP	szo_kiir: flipHoriz = false
30.702504999993835	EXP	szo_kiir: flipVert = false
30.702504999993835	EXP	koszi_szoveg: units = "norm"
30.702504999993835	EXP	koszi_szoveg: ori = 0
30.702504999993835	EXP	koszi_szoveg: opacity = 1
30.702504999993835	EXP	koszi_szoveg: pos = [0,0]
30.702504999993835	EXP	koszi_szoveg: size = undefined
30.702504999993835	EXP	koszi_szoveg: text = "Vége a kísérletnek. Köszönjük a részvételt!"
30.702504999993835	EXP	koszi_szoveg: font = "arial"
30.702504999993835	EXP	koszi_szoveg: color = {"_rgb":[1,1,1]}
30.702504999993835	EXP	koszi_szoveg: contrast = 1
30.702504999993835	EXP	koszi_szoveg: height = 0.1
30.702504999993835	EXP	koszi_szoveg: bold = false
30.702504999993835	EXP	koszi_szoveg: italic = false
30.702504999993835	EXP	koszi_szoveg: alignHoriz = "left"
30.702504999993835	EXP	koszi_szoveg: alignVert = "center"
30.702504999993835	EXP	koszi_szoveg: wrapWidth = 1
30.702504999993835	EXP	koszi_szoveg: flipHoriz = false
30.702504999993835	EXP	koszi_szoveg: flipVert = false
30.702504999993835	EXP	instruction_text1: autoDraw = true
55.22521999999299	DATA	Keydown:  
55.23535499998252	EXP	instruction_text1: autoDraw = false
55.23535499998252	EXP	instruction_text2: autoDraw = true
90.11930999998003	DATA	Keydown: ArrowRight
90.13002499999129	EXP	instruction_text2: autoDraw = false
90.65380000000005	EXP	show_text: autoDraw = true
91.28073999998742	DATA	Keydown: ArrowRight
91.29660499998135	EXP	show_text: autoDraw = false
91.81634499999927	EXP	text: autoDraw = true
92.8973849999893	DATA	Keydown: ArrowLeft
92.93521999998484	EXP	text: autoDraw = false
92.93521999998484	EXP	instruction_text3: autoDraw = true
104.17036499999813	DATA	Keydown: ArrowLeft
104.20702499998151	EXP	instruction_text3: autoDraw = false
104.20702499998151	EXP	szo_kiir: color = {"_rgb":[1,1,1]}
104.20702499998151	EXP	szo_kiir: text = "posdótelő"
104.71761999998125	EXP	szo_kiir: autoDraw = true
105.39780999999493	DATA	Keydown: ArrowLeft
105.41335999997682	EXP	szo_kiir: autoDraw = false
105.41335999997682	EXP	szo_kiir: color = {"_rgb":[1,1,1]}
105.41335999997682	EXP	szo_kiir: text = "rövid"
105.93250999998418	EXP	szo_kiir: autoDraw = true
106.353689999989	DATA	Keydown: ArrowRight
106.37303999997675	EXP	szo_kiir: autoDraw = false
106.37303999997675	EXP	szo_kiir: color = {"_rgb":[1,1,1]}
106.37303999997675	EXP	szo_kiir: text = "jákfű"
106.88278499999433	EXP	szo_kiir: autoDraw = true
107.27129999999306	DATA	Keydown: ArrowRight
107.28001499999664	EXP	szo_kiir: autoDraw = false
107.28001499999664	EXP	szo_kiir: color = {"_rgb":[1,1,1]}
107.28001499999664	EXP	szo_kiir: text = "rész"
107.79913499997929	EXP	szo_kiir: autoDraw = true
108.23201499998686	DATA	Keydown: ArrowRight
108.24679499998456	EXP	szo_kiir: autoDraw = false
108.24679499998456	EXP	szo_kiir: color = {"_rgb":[1,1,1]}
108.24679499998456	EXP	szo_kiir: text = "felján"
108.76501499998267	EXP	szo_kiir: autoDraw = true
109.20182999997633	DATA	Keydown: ArrowRight
109.21338499998092	EXP	szo_kiir: autoDraw = false
109.21338499998092	EXP	szo_kiir: color = {"_rgb":[1,1,1]}
109.21338499998092	EXP	szo_kiir: text = "darab"
109.73129499997594	EXP	szo_kiir: autoDraw = true
110.371679999982	DATA	Keydown: ArrowRight
110.38522999998531	EXP	szo_kiir: autoDraw = false
110.38522999998531	EXP	szo_kiir: color = {"_rgb":[1,1,1]}
110.38522999998531	EXP	szo_kiir: text = "méhezter"
110.89883999997983	EXP	szo_kiir: autoDraw = true
111.58527999999933	DATA	Keydown: ArrowLeft
111.596744999988	EXP	szo_kiir: autoDraw = false
111.596744999988	EXP	szo_kiir: color = {"_rgb":[1,1,1]}
111.596744999988	EXP	szo_kiir: text = "hatékony"
112.11516499999561	EXP	szo_kiir: autoDraw = true
112.8198599999887	DATA	Keydown: ArrowRight
112.84108499999274	EXP	szo_kiir: autoDraw = false
112.84108499999274	EXP	szo_kiir: color = {"_rgb":[1,1,1]}
112.84108499999274	EXP	szo_kiir: text = "recialice"
113.34844000000157	EXP	szo_kiir: autoDraw = true
114.2142949999834	DATA	Keydown: ArrowLeft
114.22986999998102	EXP	szo_kiir: autoDraw = false
114.22986999998102	EXP	szo_kiir: color = {"_rgb":[1,1,1]}
114.22986999998102	EXP	szo_kiir: text = "zenekar"
114.74808999997913	EXP	szo_kiir: autoDraw = true
115.32538500000373	DATA	Keydown: ArrowRight
115.3333799999964	EXP	szo_kiir: autoDraw = false
115.3333799999964	EXP	szo_kiir: color = {"_rgb":[1,1,1]}
115.3333799999964	EXP	szo_kiir: text = "szint"
115.84785999997985	EXP	szo_kiir: autoDraw = true
116.37344499997562	DATA	Keydown: ArrowRight
116.37999999997555	EXP	szo_kiir: autoDraw = false
116.37999999997555	EXP	szo_kiir: color = {"_rgb":[1,1,1]}
116.37999999997555	EXP	szo_kiir: text = "marketing"
116.89855499999248	EXP	szo_kiir: autoDraw = true
117.59088499998325	DATA	Keydown: ArrowRight
117.60016499998164	EXP	szo_kiir: autoDraw = false
117.60016499998164	EXP	szo_kiir: color = {"_rgb":[1,1,1]}
117.60016499998164	EXP	szo_kiir: text = "forgalom"
118.11473000000115	EXP	szo_kiir: autoDraw = true
118.6866100000043	DATA	Keydown: ArrowRight
118.69674499999383	EXP	szo_kiir: autoDraw = false
118.69674499999383	EXP	szo_kiir: color = {"_rgb":[1,1,1]}
118.69674499999383	EXP	szo_kiir: text = "maliző"
119.21476000000257	EXP	szo_kiir: autoDraw = true
120.02313999997568	DATA	Keydown: ArrowLeft
120.03349999999045	EXP	szo_kiir: autoDraw = false
120.03349999999045	EXP	szo_kiir: color = {"_rgb":[1,1,1]}
120.03349999999045	EXP	szo_kiir: text = "illegális"
120.54892499998095	EXP	szo_kiir: autoDraw = true
121.08094499999424	DATA	Keydown: ArrowRight
121.096744999988	EXP	szo_kiir: autoDraw = false
121.096744999988	EXP	szo_kiir: color = {"_rgb":[1,1,1]}
121.096744999988	EXP	szo_kiir: text = "bajnok"
121.61460000000079	EXP	szo_kiir: autoDraw = true
122.25813000000198	DATA	Keydown: ArrowRight
122.2696799999976	EXP	szo_kiir: autoDraw = false
122.2696799999976	EXP	szo_kiir: color = {"_rgb":[1,1,1]}
122.2696799999976	EXP	szo_kiir: text = "extrém"
122.78152499999851	EXP	szo_kiir: autoDraw = true
123.36426999999094	DATA	Keydown: ArrowRight
123.3800999999803	EXP	szo_kiir: autoDraw = false
123.3800999999803	EXP	szo_kiir: color = {"_rgb":[1,1,1]}
123.3800999999803	EXP	szo_kiir: text = "látvány"
123.8984300000011	EXP	szo_kiir: autoDraw = true
124.30938500000047	DATA	Keydown: ArrowRight
124.31790500000352	EXP	szo_kiir: autoDraw = false
124.31790500000352	EXP	szo_kiir: color = {"_rgb":[1,1,1]}
124.31790500000352	EXP	szo_kiir: text = "ausztrál"
124.83175499999197	EXP	szo_kiir: autoDraw = true
125.50426499999594	DATA	Keydown: ArrowRight
125.51347999999416	EXP	szo_kiir: autoDraw = false
125.51347999999416	EXP	szo_kiir: color = {"_rgb":[1,1,1]}
125.51347999999416	EXP	szo_kiir: text = "iszlám"
126.03225999997812	EXP	szo_kiir: autoDraw = true
126.96562000000267	DATA	Keydown: ArrowRight
126.98434999998426	EXP	szo_kiir: autoDraw = false
126.98434999998426	EXP	szo_kiir: color = {"_rgb":[1,1,1]}
126.98434999998426	EXP	szo_kiir: text = "keskeny"
127.49782499999856	EXP	szo_kiir: autoDraw = true
127.88365499998326	DATA	Keydown: ArrowRight
127.8967100000009	EXP	szo_kiir: autoDraw = false
127.8967100000009	EXP	szo_kiir: color = {"_rgb":[1,1,1]}
127.8967100000009	EXP	szo_kiir: text = "daragasi"
128.41451000000234	EXP	szo_kiir: autoDraw = true
129.02333999998518	DATA	Keydown: ArrowLeft
129.03391999998712	EXP	szo_kiir: autoDraw = false
129.03391999998712	EXP	szo_kiir: color = {"_rgb":[1,1,1]}
129.03391999998712	EXP	szo_kiir: text = "gyóka"
129.5486399999936	EXP	szo_kiir: autoDraw = true
130.26730499998666	DATA	Keydown: ArrowLeft
130.28002499998547	EXP	szo_kiir: autoDraw = false
130.28002499998547	EXP	szo_kiir: color = {"_rgb":[1,1,1]}
130.28002499998547	EXP	szo_kiir: text = "lánc"
130.79754499997944	EXP	szo_kiir: autoDraw = true
131.44794499999261	DATA	Keydown: ArrowRight
131.46750999998767	EXP	szo_kiir: autoDraw = false
131.46750999998767	EXP	szo_kiir: color = {"_rgb":[1,1,1]}
131.46750999998767	EXP	szo_kiir: text = "naptár"
131.98110499998438	EXP	szo_kiir: autoDraw = true
132.4316450000042	DATA	Keydown: ArrowRight
132.44672499998705	EXP	szo_kiir: autoDraw = false
132.44672499998705	EXP	szo_kiir: color = {"_rgb":[1,1,1]}
132.44672499998705	EXP	szo_kiir: text = "alanító"
132.96575000000303	EXP	szo_kiir: autoDraw = true
133.60822500000359	DATA	Keydown: ArrowLeft
133.61667999997735	EXP	szo_kiir: autoDraw = false
133.61667999997735	EXP	szo_kiir: color = {"_rgb":[1,1,1]}
133.61667999997735	EXP	szo_kiir: text = "gyász"
134.13120000000345	EXP	szo_kiir: autoDraw = true
134.61982500000158	DATA	Keydown: ArrowRight
134.6300549999869	EXP	szo_kiir: autoDraw = false
134.6300549999869	EXP	szo_kiir: color = {"_rgb":[1,1,1]}
134.6300549999869	EXP	szo_kiir: text = "szichosol"
135.14801999999327	EXP	szo_kiir: autoDraw = true
135.78118499999982	DATA	Keydown: ArrowLeft
135.8006250000035	EXP	szo_kiir: autoDraw = false
135.8006250000035	EXP	szo_kiir: color = {"_rgb":[1,1,1]}
135.8006250000035	EXP	szo_kiir: text = "ponyai"
136.31462499999907	EXP	szo_kiir: autoDraw = true
137.00610499997856	DATA	Keydown: ArrowLeft
137.01407999999356	EXP	szo_kiir: autoDraw = false
137.01407999999356	EXP	szo_kiir: color = {"_rgb":[1,1,1]}
137.01407999999356	EXP	szo_kiir: text = "un"
137.5323700000008	EXP	szo_kiir: autoDraw = true
138.41043999997783	DATA	Keydown: ArrowLeft
138.41384999998263	EXP	szo_kiir: autoDraw = false
138.41384999998263	EXP	szo_kiir: color = {"_rgb":[1,1,1]}
138.41384999998263	EXP	szo_kiir: text = "kerem"
138.93123999997624	EXP	szo_kiir: autoDraw = true
139.93902999997954	DATA	Keydown: ArrowRight
139.94671499999822	EXP	szo_kiir: autoDraw = false
139.94671499999822	EXP	szo_kiir: color = {"_rgb":[1,1,1]}
139.94671499999822	EXP	szo_kiir: text = "majom"
140.4645399999863	EXP	szo_kiir: autoDraw = true
140.90063499999815	DATA	Keydown: ArrowRight
140.91695499999332	EXP	szo_kiir: autoDraw = false
140.91695499999332	EXP	szo_kiir: color = {"_rgb":[1,1,1]}
140.91695499999332	EXP	szo_kiir: text = "heveny"
141.43130499997642	EXP	szo_kiir: autoDraw = true
141.7536399999808	DATA	Keydown: ArrowRight
141.763489999983	EXP	szo_kiir: autoDraw = false
141.763489999983	EXP	szo_kiir: color = {"_rgb":[1,1,1]}
141.763489999983	EXP	szo_kiir: text = "régész"
142.2812350000022	EXP	szo_kiir: autoDraw = true
142.71801499999128	DATA	Keydown: ArrowRight
142.73473499997635	EXP	szo_kiir: autoDraw = false
142.73473499997635	EXP	szo_kiir: color = {"_rgb":[1,1,1]}
142.73473499997635	EXP	szo_kiir: text = "határidejű"
143.24799999999232	EXP	szo_kiir: autoDraw = true
143.7407200000016	DATA	Keydown: ArrowRight
143.74671499998658	EXP	szo_kiir: autoDraw = false
143.74671499998658	EXP	szo_kiir: color = {"_rgb":[1,1,1]}
143.74671499998658	EXP	szo_kiir: text = "hitódó"
144.2646399999794	EXP	szo_kiir: autoDraw = true
144.919184999977	DATA	Keydown: ArrowLeft
144.93520499998704	EXP	szo_kiir: autoDraw = false
144.93520499998704	EXP	szo_kiir: color = {"_rgb":[1,1,1]}
144.93520499998704	EXP	szo_kiir: text = "kiabál"
145.447914999997	EXP	szo_kiir: autoDraw = true
146.00744499999564	DATA	Keydown: ArrowRight
146.01344999999856	EXP	szo_kiir: autoDraw = false
146.01344999999856	EXP	szo_kiir: color = {"_rgb":[1,1,1]}
146.01344999999856	EXP	szo_kiir: text = "kerekedik"
146.53231499998947	EXP	szo_kiir: autoDraw = true
146.9927800000005	DATA	Keydown: ArrowRight
147.00448000000324	EXP	szo_kiir: autoDraw = false
147.00448000000324	EXP	szo_kiir: color = {"_rgb":[1,1,1]}
147.00448000000324	EXP	szo_kiir: text = "kárpit"
147.51464499998838	EXP	szo_kiir: autoDraw = true
147.87393499998143	DATA	Keydown: ArrowRight
147.88004499999806	EXP	szo_kiir: autoDraw = false
147.88004499999806	EXP	szo_kiir: color = {"_rgb":[1,1,1]}
147.88004499999806	EXP	szo_kiir: text = "fázik"
148.39785499998834	EXP	szo_kiir: autoDraw = true
148.81392499999492	DATA	Keydown: ArrowRight
148.83351499997661	EXP	szo_kiir: autoDraw = false
148.83351499997661	EXP	szo_kiir: color = {"_rgb":[1,1,1]}
148.83351499997661	EXP	szo_kiir: text = "légijármű"
149.34815499998513	EXP	szo_kiir: autoDraw = true
149.9308650000021	DATA	Keydown: ArrowRight
149.94675499998266	EXP	szo_kiir: autoDraw = false
149.94675499998266	EXP	szo_kiir: color = {"_rgb":[1,1,1]}
149.94675499998266	EXP	szo_kiir: text = "rakódik"
150.46474499997566	EXP	szo_kiir: autoDraw = true
150.88079499997548	DATA	Keydown: ArrowRight
150.90003999997862	EXP	szo_kiir: autoDraw = false
150.90003999997862	EXP	szo_kiir: color = {"_rgb":[1,1,1]}
150.90003999997862	EXP	szo_kiir: text = "sárgaréz"
151.41464499998256	EXP	szo_kiir: autoDraw = true
152.11798999999883	DATA	Keydown: ArrowRight
152.13010999999824	EXP	szo_kiir: autoDraw = false
152.13010999999824	EXP	szo_kiir: color = {"_rgb":[1,1,1]}
152.13010999999824	EXP	szo_kiir: text = "hálózsák"
152.64791999998852	EXP	szo_kiir: autoDraw = true
153.14923999999883	DATA	Keydown: ArrowRight
153.16696499998216	EXP	szo_kiir: autoDraw = false
153.16696499998216	EXP	szo_kiir: color = {"_rgb":[1,1,1]}
153.16696499998216	EXP	szo_kiir: text = "fűtőanyag"
153.68103999999585	EXP	szo_kiir: autoDraw = true
154.1643949999998	DATA	Keydown: ArrowRight
154.17999000000418	EXP	szo_kiir: autoDraw = false
154.17999000000418	EXP	szo_kiir: color = {"_rgb":[1,1,1]}
154.17999000000418	EXP	szo_kiir: text = "nagydíj"
154.69791999997688	EXP	szo_kiir: autoDraw = true
155.30586999998195	DATA	Keydown: ArrowRight
155.31668999997783	EXP	szo_kiir: autoDraw = false
155.31668999997783	EXP	szo_kiir: color = {"_rgb":[1,1,1]}
155.31668999997783	EXP	szo_kiir: text = "fekhely"
155.83134499998414	EXP	szo_kiir: autoDraw = true
156.33562999998685	DATA	Keydown: ArrowRight
156.34673499999917	EXP	szo_kiir: autoDraw = false
156.34673499999917	EXP	szo_kiir: color = {"_rgb":[1,1,1]}
156.34673499999917	EXP	szo_kiir: text = "hasznosít"
156.86465499998303	EXP	szo_kiir: autoDraw = true
157.31544499998563	DATA	Keydown: ArrowRight
157.33434999999008	EXP	szo_kiir: autoDraw = false
157.33434999999008	EXP	szo_kiir: color = {"_rgb":[1,1,1]}
157.33434999999008	EXP	szo_kiir: text = "kopp"
157.84780999997747	EXP	szo_kiir: autoDraw = true
158.29751000000397	DATA	Keydown: ArrowRight
158.31336499997997	EXP	szo_kiir: autoDraw = false
158.31336499997997	EXP	szo_kiir: color = {"_rgb":[1,1,1]}
158.31336499997997	EXP	szo_kiir: text = "referál"
158.83124999998836	EXP	szo_kiir: autoDraw = true
159.2360199999821	DATA	Keydown: ArrowRight
159.25105500000063	EXP	szo_kiir: autoDraw = false
159.25105500000063	EXP	szo_kiir: color = {"_rgb":[1,1,1]}
159.25105500000063	EXP	szo_kiir: text = "dofízissed"
159.764594999986	EXP	szo_kiir: autoDraw = true
160.43485499999952	DATA	Keydown: ArrowLeft
160.44672499998705	EXP	szo_kiir: autoDraw = false
160.44672499998705	EXP	szo_kiir: color = {"_rgb":[1,1,1]}
160.44672499998705	EXP	szo_kiir: text = "egzisztencializmus"
160.96524999997928	EXP	szo_kiir: autoDraw = true
161.89194999999017	DATA	Keydown: ArrowRight
161.90062999998918	EXP	szo_kiir: autoDraw = false
161.90062999998918	EXP	szo_kiir: color = {"_rgb":[1,1,1]}
161.90062999998918	EXP	szo_kiir: text = "korog"
162.41474999999627	EXP	szo_kiir: autoDraw = true
163.10096499999054	DATA	Keydown: ArrowRight
163.11354999998002	EXP	szo_kiir: autoDraw = false
163.11354999998002	EXP	szo_kiir: color = {"_rgb":[1,1,1]}
163.11354999998002	EXP	szo_kiir: text = "némezés"
163.63128000000142	EXP	szo_kiir: autoDraw = true
164.2547149999882	DATA	Keydown: ArrowRight
164.26352499998757	EXP	szo_kiir: autoDraw = false
164.26352499998757	EXP	szo_kiir: color = {"_rgb":[1,1,1]}
164.26352499998757	EXP	szo_kiir: text = "asztrál"
164.7812649999978	EXP	szo_kiir: autoDraw = true
165.82216999999946	DATA	Keydown: ArrowLeft
165.83000999997603	EXP	szo_kiir: autoDraw = false
165.83000999997603	EXP	szo_kiir: color = {"_rgb":[1,1,1]}
165.83000999997603	EXP	szo_kiir: text = "szarkaláb"
166.34875499998452	EXP	szo_kiir: autoDraw = true
166.89030999998795	DATA	Keydown: ArrowRight
166.90020499998354	EXP	szo_kiir: autoDraw = false
166.90020499998354	EXP	szo_kiir: color = {"_rgb":[1,1,1]}
166.90020499998354	EXP	szo_kiir: text = "ivarsejt"
167.41477999999188	EXP	szo_kiir: autoDraw = true
167.99741499999072	DATA	Keydown: ArrowRight
168.01338499999838	EXP	szo_kiir: autoDraw = false
168.01338499999838	EXP	szo_kiir: color = {"_rgb":[1,1,1]}
168.01338499999838	EXP	szo_kiir: text = "zajkottsi"
168.53134999997565	EXP	szo_kiir: autoDraw = true
169.18779999998515	DATA	Keydown: ArrowLeft
169.20008499998949	EXP	szo_kiir: autoDraw = false
169.20008499998949	EXP	szo_kiir: color = {"_rgb":[1,1,1]}
169.20008499998949	EXP	szo_kiir: text = "fürkész"
169.71499499998754	EXP	szo_kiir: autoDraw = true
170.28092999997898	DATA	Keydown: ArrowRight
170.2970599999826	EXP	szo_kiir: autoDraw = false
170.2970599999826	EXP	szo_kiir: color = {"_rgb":[1,1,1]}
170.2970599999826	EXP	szo_kiir: text = "rubinvörös"
170.81478499999503	EXP	szo_kiir: autoDraw = true
171.34386500000255	DATA	Keydown: ArrowRight
171.35160500000347	EXP	szo_kiir: autoDraw = false
171.35160500000347	EXP	szo_kiir: color = {"_rgb":[1,1,1]}
171.35160500000347	EXP	szo_kiir: text = "zsúfolódik"
171.86545499999193	EXP	szo_kiir: autoDraw = true
172.36500499999966	DATA	Keydown: ArrowRight
172.38026499998523	EXP	szo_kiir: autoDraw = false
172.38026499998523	EXP	szo_kiir: color = {"_rgb":[1,1,1]}
172.38026499998523	EXP	szo_kiir: text = "műt"
172.89804999998887	EXP	szo_kiir: autoDraw = true
173.28524999998626	DATA	Keydown: ArrowRight
173.3020049999759	EXP	szo_kiir: autoDraw = false
173.3020049999759	EXP	szo_kiir: color = {"_rgb":[1,1,1]}
173.3020049999759	EXP	szo_kiir: text = "tárgylemez"
173.81462999997893	EXP	szo_kiir: autoDraw = true
174.3755700000038	DATA	Keydown: ArrowRight
174.38004499999806	EXP	szo_kiir: autoDraw = false
174.38004499999806	EXP	szo_kiir: color = {"_rgb":[1,1,1]}
174.38004499999806	EXP	szo_kiir: text = "kapirgál"
174.89804000000004	EXP	szo_kiir: autoDraw = true
175.30256499999086	DATA	Keydown: ArrowRight
175.31688999998732	EXP	szo_kiir: autoDraw = false
175.31688999998732	EXP	szo_kiir: color = {"_rgb":[1,1,1]}
175.31688999998732	EXP	szo_kiir: text = "elegy"
175.83129499998176	EXP	szo_kiir: autoDraw = true
176.20365499999025	DATA	Keydown: ArrowRight
176.21339999997872	EXP	szo_kiir: autoDraw = false
176.21339999997872	EXP	szo_kiir: color = {"_rgb":[1,1,1]}
176.21339999997872	EXP	szo_kiir: text = "madársisak"
176.7313799999829	EXP	szo_kiir: autoDraw = true
177.22417000000132	DATA	Keydown: ArrowRight
177.23386499998742	EXP	szo_kiir: autoDraw = false
177.23386499998742	EXP	szo_kiir: color = {"_rgb":[1,1,1]}
177.23386499998742	EXP	szo_kiir: text = "anorák"
177.7480499999947	EXP	szo_kiir: autoDraw = true
178.18823999998858	DATA	Keydown: ArrowRight
178.19672999999602	EXP	szo_kiir: autoDraw = false
178.19672999999602	EXP	szo_kiir: color = {"_rgb":[1,1,1]}
178.19672999999602	EXP	szo_kiir: text = "heltetett"
178.71466999998665	EXP	szo_kiir: autoDraw = true
179.46506499999668	DATA	Keydown: ArrowLeft
179.48401499999454	EXP	szo_kiir: autoDraw = false
179.48401499999454	EXP	szo_kiir: color = {"_rgb":[1,1,1]}
179.48401499999454	EXP	szo_kiir: text = "arapapagáj"
179.9980499999947	EXP	szo_kiir: autoDraw = true
181.05058999999892	DATA	Keydown: ArrowRight
181.06346999999369	EXP	szo_kiir: autoDraw = false
181.06346999999369	EXP	szo_kiir: color = {"_rgb":[1,1,1]}
181.06346999999369	EXP	szo_kiir: text = "stósz"
181.58187999998336	EXP	szo_kiir: autoDraw = true
182.28947499999776	DATA	Keydown: ArrowRight
182.3012699999963	EXP	szo_kiir: autoDraw = false
182.3012699999963	EXP	szo_kiir: color = {"_rgb":[1,1,1]}
182.3012699999963	EXP	szo_kiir: text = "keszon"
182.8146499999857	EXP	szo_kiir: autoDraw = true
183.23109499999555	DATA	Keydown: ArrowRight
183.2469749999873	EXP	szo_kiir: autoDraw = false
183.2469749999873	EXP	szo_kiir: color = {"_rgb":[1,1,1]}
183.2469749999873	EXP	szo_kiir: text = "szélsőjáték"
183.76475499998196	EXP	szo_kiir: autoDraw = true
184.49737499997718	DATA	Keydown: ArrowRight
184.51739500000258	EXP	szo_kiir: autoDraw = false
184.51739500000258	EXP	szo_kiir: color = {"_rgb":[1,1,1]}
184.51739500000258	EXP	szo_kiir: text = "heveredik"
185.03139999997802	EXP	szo_kiir: autoDraw = true
185.62606999999844	DATA	Keydown: ArrowRight
185.63016000000061	EXP	szo_kiir: autoDraw = false
185.63016000000061	EXP	szo_kiir: color = {"_rgb":[1,1,1]}
185.63016000000061	EXP	szo_kiir: text = "hazardírozik"
186.1480749999755	EXP	szo_kiir: autoDraw = true
187.2815249999985	DATA	Keydown: ArrowLeft
187.29676999998628	EXP	szo_kiir: autoDraw = false
187.29676999998628	EXP	szo_kiir: color = {"_rgb":[1,1,1]}
187.29676999998628	EXP	szo_kiir: text = "kontrapunkt"
187.81493500000215	EXP	szo_kiir: autoDraw = true
188.6808299999975	DATA	Keydown: ArrowLeft
188.69672499998705	EXP	szo_kiir: autoDraw = false
188.69672499998705	EXP	szo_kiir: color = {"_rgb":[1,1,1]}
188.69672499998705	EXP	szo_kiir: text = "zúzanó"
189.2157699999807	EXP	szo_kiir: autoDraw = true
189.93074499999057	DATA	Keydown: ArrowLeft
189.95095499997842	EXP	szo_kiir: autoDraw = false
189.95095499997842	EXP	szo_kiir: color = {"_rgb":[1,1,1]}
189.95095499997842	EXP	szo_kiir: text = "hullong"
190.46471999998903	EXP	szo_kiir: autoDraw = true
191.4144999999844	DATA	Keydown: ArrowLeft
191.43025499998475	EXP	szo_kiir: autoDraw = false
191.43025499998475	EXP	szo_kiir: color = {"_rgb":[1,1,1]}
191.43025499998475	EXP	szo_kiir: text = "alsokfejű"
191.94813999999315	EXP	szo_kiir: autoDraw = true
192.64861999999266	DATA	Keydown: ArrowLeft
192.66344999999274	EXP	szo_kiir: autoDraw = false
192.66344999999274	EXP	szo_kiir: color = {"_rgb":[1,1,1]}
192.66344999999274	EXP	szo_kiir: text = "rosszlelkű"
193.18266500000027	EXP	szo_kiir: autoDraw = true
193.9031749999849	DATA	Keydown: ArrowRight
193.9168049999862	EXP	szo_kiir: autoDraw = false
193.9168049999862	EXP	szo_kiir: color = {"_rgb":[1,1,1]}
193.9168049999862	EXP	szo_kiir: text = "parkkói"
194.432289999997	EXP	szo_kiir: autoDraw = true
195.32099999999627	DATA	Keydown: ArrowLeft
195.33027999999467	EXP	szo_kiir: autoDraw = false
195.33027999999467	EXP	szo_kiir: color = {"_rgb":[1,1,1]}
195.33027999999467	EXP	szo_kiir: text = "ökonómus"
195.8482499999809	EXP	szo_kiir: autoDraw = true
196.9106000000029	DATA	Keydown: ArrowLeft
196.91457999998238	EXP	szo_kiir: autoDraw = false
196.91457999998238	EXP	szo_kiir: color = {"_rgb":[1,1,1]}
196.91457999998238	EXP	szo_kiir: text = "ozonizátor"
197.432444999984	EXP	szo_kiir: autoDraw = true
198.20835499998066	DATA	Keydown: ArrowLeft
198.21354499997688	EXP	szo_kiir: autoDraw = false
198.21354499997688	EXP	szo_kiir: color = {"_rgb":[1,1,1]}
198.21354499997688	EXP	szo_kiir: text = "keltos"
198.73117499999353	EXP	szo_kiir: autoDraw = true
199.33434999999008	DATA	Keydown: ArrowLeft
199.35107499998412	EXP	szo_kiir: autoDraw = false
199.35107499998412	EXP	szo_kiir: color = {"_rgb":[1,1,1]}
199.35107499998412	EXP	szo_kiir: text = "reztetély"
199.86477499999455	EXP	szo_kiir: autoDraw = true
200.4564449999889	DATA	Keydown: ArrowLeft
200.463619999995	EXP	szo_kiir: autoDraw = false
200.463619999995	EXP	szo_kiir: color = {"_rgb":[1,1,1]}
200.463619999995	EXP	szo_kiir: text = "hangyabogáncs"
200.9835449999955	EXP	szo_kiir: autoDraw = true
202.16550499998266	DATA	Keydown: ArrowRight
202.18429999999353	EXP	szo_kiir: autoDraw = false
202.18429999999353	EXP	szo_kiir: color = {"_rgb":[1,1,1]}
202.18429999999353	EXP	szo_kiir: text = "ravataloz"
202.69822999997996	EXP	szo_kiir: autoDraw = true
203.86430999997538	DATA	Keydown: ArrowRight
203.88012499999604	EXP	szo_kiir: autoDraw = false
203.88012499999604	EXP	szo_kiir: color = {"_rgb":[1,1,1]}
203.88012499999604	EXP	szo_kiir: text = "hamispénz"
204.40071499999613	EXP	szo_kiir: autoDraw = true
205.21483499999158	DATA	Keydown: ArrowRight
205.23424499999965	EXP	szo_kiir: autoDraw = false
205.23424499999965	EXP	szo_kiir: color = {"_rgb":[1,1,1]}
205.23424499999965	EXP	szo_kiir: text = "evakuál"
205.74816499999724	EXP	szo_kiir: autoDraw = true
206.2762700000021	DATA	Keydown: ArrowRight
206.28013999998802	EXP	szo_kiir: autoDraw = false
206.28013999998802	EXP	szo_kiir: color = {"_rgb":[1,1,1]}
206.28013999998802	EXP	szo_kiir: text = "rengeteg"
206.79829999999492	EXP	szo_kiir: autoDraw = true
207.2867200000037	DATA	Keydown: ArrowRight
207.300900000002	EXP	szo_kiir: autoDraw = false
207.300900000002	EXP	szo_kiir: color = {"_rgb":[1,1,1]}
207.300900000002	EXP	szo_kiir: text = "törzskönyvez"
207.81562999999733	EXP	szo_kiir: autoDraw = true
208.2903449999867	DATA	Keydown: ArrowRight
208.29692999998224	EXP	szo_kiir: autoDraw = false
208.29692999998224	EXP	szo_kiir: color = {"_rgb":[1,1,1]}
208.29692999998224	EXP	szo_kiir: text = "kócol"
208.81476499998826	EXP	szo_kiir: autoDraw = true
209.20162499998696	DATA	Keydown: ArrowRight
209.21757499998785	EXP	szo_kiir: autoDraw = false
209.21757499998785	EXP	szo_kiir: color = {"_rgb":[1,1,1]}
209.21757499998785	EXP	szo_kiir: text = "zuboly"
209.73144999999204	EXP	szo_kiir: autoDraw = true
210.118839999981	DATA	Keydown: ArrowRight
210.13014999998268	EXP	szo_kiir: autoDraw = false
210.13014999998268	EXP	szo_kiir: color = {"_rgb":[1,1,1]}
210.13014999998268	EXP	szo_kiir: text = "nyersarany"
210.6497499999823	EXP	szo_kiir: autoDraw = true
211.34799499998917	DATA	Keydown: ArrowRight
211.36750500000198	EXP	szo_kiir: autoDraw = false
211.36750500000198	EXP	szo_kiir: color = {"_rgb":[1,1,1]}
211.36750500000198	EXP	szo_kiir: text = "kékít"
211.88150999997742	EXP	szo_kiir: autoDraw = true
212.5976499999815	DATA	Keydown: ArrowRight
212.61368999999831	EXP	szo_kiir: autoDraw = false
212.61368999999831	EXP	szo_kiir: color = {"_rgb":[1,1,1]}
212.61368999999831	EXP	szo_kiir: text = "expresszlevél"
213.13308499997947	EXP	szo_kiir: autoDraw = true
213.82267500000307	DATA	Keydown: ArrowRight
213.83347499999218	EXP	szo_kiir: autoDraw = false
213.83347499999218	EXP	szo_kiir: color = {"_rgb":[1,1,1]}
213.83347499999218	EXP	szo_kiir: text = "borodó"
214.34802999999374	EXP	szo_kiir: autoDraw = true
214.76664499999606	DATA	Keydown: ArrowRight
214.78029999998398	EXP	szo_kiir: autoDraw = false
214.78029999998398	EXP	szo_kiir: color = {"_rgb":[1,1,1]}
214.78029999998398	EXP	szo_kiir: text = "csüggedez"
215.2994099999778	EXP	szo_kiir: autoDraw = true
216.06433999998262	DATA	Keydown: ArrowRight
216.08013499999652	EXP	szo_kiir: autoDraw = false
216.08013499999652	EXP	szo_kiir: color = {"_rgb":[1,1,1]}
216.08013499999652	EXP	szo_kiir: text = "gramoszi"
216.5981299999985	EXP	szo_kiir: autoDraw = true
217.25685499998508	DATA	Keydown: ArrowLeft
217.2667450000008	EXP	szo_kiir: autoDraw = false
217.2667450000008	EXP	szo_kiir: color = {"_rgb":[1,1,1]}
217.2667450000008	EXP	szo_kiir: text = "dévánkozik"
217.7830149999936	EXP	szo_kiir: autoDraw = true
218.63216999999713	DATA	Keydown: ArrowLeft
218.64706499999738	EXP	szo_kiir: autoDraw = false
218.64706499999738	EXP	szo_kiir: color = {"_rgb":[1,1,1]}
218.64706499999738	EXP	szo_kiir: text = "felcsavaroz"
219.16571999998996	EXP	szo_kiir: autoDraw = true
219.88601999997627	DATA	Keydown: ArrowRight
219.89699499998824	EXP	szo_kiir: autoDraw = false
219.89699499998824	EXP	szo_kiir: color = {"_rgb":[1,1,1]}
219.89699499998824	EXP	szo_kiir: text = "víker"
220.41567499999655	EXP	szo_kiir: autoDraw = true
221.36440500000026	DATA	Keydown: ArrowLeft
221.3841249999823	EXP	szo_kiir: autoDraw = false
221.3841249999823	EXP	szo_kiir: color = {"_rgb":[1,1,1]}
221.3841249999823	EXP	szo_kiir: text = "istác"
221.8980449999799	EXP	szo_kiir: autoDraw = true
222.45351500000106	DATA	Keydown: ArrowLeft
222.46366999999736	EXP	szo_kiir: autoDraw = false
222.46366999999736	EXP	szo_kiir: color = {"_rgb":[1,1,1]}
222.46366999999736	EXP	szo_kiir: text = "visszín"
222.9812099999981	EXP	szo_kiir: autoDraw = true
223.72116499999538	DATA	Keydown: ArrowLeft
223.73034499998903	EXP	szo_kiir: autoDraw = false
223.73034499998903	EXP	szo_kiir: color = {"_rgb":[1,1,1]}
223.73034499998903	EXP	szo_kiir: text = "hosszall"
224.2486649999919	EXP	szo_kiir: autoDraw = true
224.79884999999194	DATA	Keydown: ArrowRight
224.81760999999824	EXP	szo_kiir: autoDraw = false
224.81760999999824	EXP	szo_kiir: color = {"_rgb":[1,1,1]}
224.81760999999824	EXP	szo_kiir: text = "dumcsoska"
225.33140500000445	EXP	szo_kiir: autoDraw = true
226.18100499999127	DATA	Keydown: ArrowLeft
226.19696999998996	EXP	szo_kiir: autoDraw = false
226.19696999998996	EXP	szo_kiir: color = {"_rgb":[1,1,1]}
226.19696999998996	EXP	szo_kiir: text = "petél"
226.71474999998463	EXP	szo_kiir: autoDraw = true
227.3480350000027	DATA	Keydown: ArrowLeft
227.36390999998548	EXP	szo_kiir: autoDraw = false
227.36390999998548	EXP	szo_kiir: color = {"_rgb":[1,1,1]}
227.36390999998548	EXP	szo_kiir: text = "csüggöny"
227.88142999997945	EXP	szo_kiir: autoDraw = true
228.447594999976	DATA	Keydown: ArrowLeft
228.46758999998565	EXP	szo_kiir: autoDraw = false
228.46758999998565	EXP	szo_kiir: color = {"_rgb":[1,1,1]}
228.46758999998565	EXP	szo_kiir: text = "tilitálós"
228.98131999999168	EXP	szo_kiir: autoDraw = true
229.5234749999945	DATA	Keydown: ArrowLeft
229.53012499999022	EXP	szo_kiir: autoDraw = false
229.53012499999022	EXP	szo_kiir: color = {"_rgb":[1,1,1]}
229.53012499999022	EXP	szo_kiir: text = "periodogram"
230.0487499999872	EXP	szo_kiir: autoDraw = true
230.5423899999878	DATA	Keydown: ArrowLeft
230.54692500000237	EXP	szo_kiir: autoDraw = false
230.54692500000237	EXP	szo_kiir: color = {"_rgb":[1,1,1]}
230.54692500000237	EXP	szo_kiir: text = "kalligrafál"
231.06478499999503	EXP	szo_kiir: autoDraw = true
231.80474500000128	DATA	Keydown: ArrowLeft
231.81369499998982	EXP	szo_kiir: autoDraw = false
231.81369499998982	EXP	szo_kiir: color = {"_rgb":[1,1,1]}
231.81369499998982	EXP	szo_kiir: text = "kandíroz"
232.3313799999887	EXP	szo_kiir: autoDraw = true
233.2143550000037	DATA	Keydown: ArrowLeft
233.2336349999823	EXP	szo_kiir: autoDraw = false
233.2336349999823	EXP	szo_kiir: color = {"_rgb":[1,1,1]}
233.2336349999823	EXP	szo_kiir: text = "filologizál"
233.74834999997984	EXP	szo_kiir: autoDraw = true
234.91756499998155	DATA	Keydown: ArrowLeft
234.9303399999917	EXP	szo_kiir: autoDraw = false
234.9303399999917	EXP	szo_kiir: color = {"_rgb":[1,1,1]}
234.9303399999917	EXP	szo_kiir: text = "szélmalomszárny"
235.44998499998474	EXP	szo_kiir: autoDraw = true
236.50989999997546	DATA	Keydown: ArrowRight
236.51327999998466	EXP	szo_kiir: autoDraw = false
236.51327999998466	EXP	szo_kiir: color = {"_rgb":[1,1,1]}
236.51327999998466	EXP	szo_kiir: text = "utálkodik"
237.0318949999928	EXP	szo_kiir: autoDraw = true
237.80179499997757	DATA	Keydown: ArrowRight
237.81767999997828	EXP	szo_kiir: autoDraw = false
237.81767999997828	EXP	szo_kiir: color = {"_rgb":[1,1,1]}
237.81767999997828	EXP	szo_kiir: text = "összám"
238.33183499998995	EXP	szo_kiir: autoDraw = true
239.11456499999622	DATA	Keydown: ArrowRight
239.13029000000097	EXP	szo_kiir: autoDraw = false
239.13029000000097	EXP	szo_kiir: color = {"_rgb":[1,1,1]}
239.13029000000097	EXP	szo_kiir: text = "csapáz"
239.64845499998773	EXP	szo_kiir: autoDraw = true
240.23099999999977	DATA	Keydown: ArrowRight
240.24841000000015	EXP	szo_kiir: autoDraw = false
240.24841000000015	EXP	szo_kiir: color = {"_rgb":[1,1,1]}
240.24841000000015	EXP	szo_kiir: text = "frizíroz"
240.76527499998338	EXP	szo_kiir: autoDraw = true
241.3773949999886	DATA	Keydown: ArrowLeft
241.38047499998356	EXP	szo_kiir: autoDraw = false
241.38047499998356	EXP	szo_kiir: color = {"_rgb":[1,1,1]}
241.38047499998356	EXP	szo_kiir: text = "tetvetlenít"
241.89837999999872	EXP	szo_kiir: autoDraw = true
243.24862999998732	DATA	Keydown: ArrowLeft
243.26918000000296	EXP	szo_kiir: autoDraw = false
243.26918000000296	EXP	szo_kiir: color = {"_rgb":[1,1,1]}
243.26918000000296	EXP	szo_kiir: text = "vektorinvariáns"
243.78285999997752	EXP	szo_kiir: autoDraw = true
244.48528500000248	DATA	Keydown: ArrowRight
244.49713499998325	EXP	szo_kiir: autoDraw = false
244.49713499998325	EXP	szo_kiir: color = {"_rgb":[1,1,1]}
244.49713499998325	EXP	szo_kiir: text = "jelegező"
245.01498499998706	EXP	szo_kiir: autoDraw = true
245.4650149999943	DATA	Keydown: ArrowRight
245.48018499999307	EXP	szo_kiir: autoDraw = false
245.48018499999307	EXP	szo_kiir: color = {"_rgb":[1,1,1]}
245.48018499999307	EXP	szo_kiir: text = "degusztál"
245.99863499999628	EXP	szo_kiir: autoDraw = true
246.61964999997872	DATA	Keydown: ArrowLeft
246.63042000000132	EXP	szo_kiir: autoDraw = false
246.63042000000132	EXP	szo_kiir: color = {"_rgb":[1,1,1]}
246.63042000000132	EXP	szo_kiir: text = "halmajonéz"
247.1481849999982	EXP	szo_kiir: autoDraw = true
247.926529999997	DATA	Keydown: ArrowLeft
247.9350549999799	EXP	szo_kiir: autoDraw = false
247.9350549999799	EXP	koszi_szoveg: autoDraw = true
250.45681499998318	DATA	Keydown:  
