0.06955499993637204	EXP	Created Window = Window( name=Window, fullscr=true, color=#000000, units=norm, waitBlanking=true, autoLog=true, size=[1536,754] )
3.747285000048578	DATA	Keydown: 3
3.8785349999088794	DATA	Keydown: 3
4.137474999995902	DATA	Keydown: 5
4.319750000024214	DATA	Keydown: 4
10.377504999982193	DATA	Keydown: n
10.859080000082031	DATA	Keydown: ő
13.325070000020787	DATA	Keydown: 1
13.95879999990575	DATA	Keydown: 9
14.1834150000941	DATA	Keydown: 8
14.30816000001505	DATA	Keydown: 1
15.212014999939129	DATA	Keydown: .
15.632949999999255	DATA	Keydown: 1
15.754965000087395	DATA	Keydown: 2
15.875225000083447	DATA	Keydown: .
16.3584400000982	DATA	Keydown: 0
17.221360000083223	DATA	Keydown: 5
18.280430000042543	DATA	Keydown: .
21.889810000080615	DATA	Keydown: 1
22.401855000061914	DATA	Keydown: 8
25.60391500010155	EXP	Created instruction_text1 = TextStim( name=instruction_text1, win=Window( name=Window, fullscr=true, color=#000000, ~), autoDraw=null, autoLog=true, units=norm, ori=null, opacity=1, pos=[0,0], size=undefined, text=Ön most szavakat fog látni.

Ezek között lesznek o~, font=Arial, color=#ffffff, contrast=1, height=0.05, bold=null, italic=null, alignHoriz=left, alignVert=center, wrapWidth=1, flipHoriz=null, flipVert=null )
25.60935500008054	EXP	Created instruction_text2 = TextStim( name=instruction_text2, win=Window( name=Window, fullscr=true, color=#000000, ~), autoDraw=null, autoLog=true, units=norm, ori=null, opacity=1, pos=[0,0], size=undefined, text=Először két egyszerű példát mutatunk Önnek.

Az el~, font=Arial, color=#FFFFFF, contrast=1, height=0.05, bold=null, italic=null, alignHoriz=left, alignVert=center, wrapWidth=1, flipHoriz=null, flipVert=null )
25.61081500002183	EXP	Created show_text = TextStim( name=show_text, win=Window( name=Window, fullscr=true, color=#000000, ~), autoDraw=null, autoLog=true, units=norm, ori=null, opacity=1, pos=[0,0], size=undefined, text=asztal, font=Arial, color=#FFFFFF, contrast=1, height=0.2, bold=null, italic=null, alignHoriz=left, alignVert=center, wrapWidth=1, flipHoriz=null, flipVert=null )
25.611839999910444	EXP	Created text = TextStim( name=text, win=Window( name=Window, fullscr=true, color=#000000, ~), autoDraw=null, autoLog=true, units=norm, ori=null, opacity=1, pos=[0,0], size=undefined, text=bzsmfsztal, font=Arial, color=#FFFFFF, contrast=1, height=0.2, bold=null, italic=null, alignHoriz=left, alignVert=center, wrapWidth=1, flipHoriz=null, flipVert=null )
25.612939999904484	EXP	Created instruction_text3 = TextStim( name=instruction_text3, win=Window( name=Window, fullscr=true, color=#000000, ~), autoDraw=null, autoLog=true, units=norm, ori=null, opacity=1, pos=[0,0], size=undefined, text=Pazar. Most kezdődik az igazi kísérlet. Néhány per~, font=Arial, color=#FFFFFF, contrast=1, height=0.1, bold=null, italic=null, alignHoriz=left, alignVert=center, wrapWidth=1, flipHoriz=null, flipVert=null )
25.61356500000693	EXP	Created szo_kiir = TextStim( name=szo_kiir, win=Window( name=Window, fullscr=true, color=#000000, ~), autoDraw=null, autoLog=true, units=norm, ori=null, opacity=1, pos=[0,0], size=undefined, text=default text, font=Arial, color=#FFFFFF, contrast=1, height=0.2, bold=null, italic=null, alignHoriz=left, alignVert=center, wrapWidth=1, flipHoriz=null, flipVert=null )
25.615329999942333	EXP	Created koszi_szoveg = TextStim( name=koszi_szoveg, win=Window( name=Window, fullscr=true, color=#000000, ~), autoDraw=null, autoLog=true, units=norm, ori=null, opacity=1, pos=[0,0], size=undefined, text=Vége a kísérletnek. Köszönjük a részvételt!, font=arial, color=#ffffff, contrast=1, height=0.1, bold=null, italic=null, alignHoriz=left, alignVert=center, wrapWidth=1, flipHoriz=null, flipVert=null )
25.66073999996297	EXP	instruction_text1: units = "norm"
25.66073999996297	EXP	instruction_text1: ori = 0
25.66073999996297	EXP	instruction_text1: opacity = 1
25.66073999996297	EXP	instruction_text1: pos = [0,0]
25.66073999996297	EXP	instruction_text1: size = undefined
25.66073999996297	EXP	instruction_text1: text = "Ön most szavakat fog látni.\n\nEzek között lesznek olyanok, amelyeket ismer, de előfordulhatnak olyanok is, amelyeket nem ismer, sőt, vannak köztük kitalált szavak is. \n\nKérjük, ha ismeri a képernyőn látható szót, nyomja meg a JOBB kurzorbillentyűt.\nKérjük, ha NEM ismeri a képernyőn látható szót, vagy azt gondolja, nincs ilyen szó a magyarban, nyomja meg a BAL kurzorbillentyűt.\n\nAz 'Ismerem a szót' döntés itt most ezt jelenti: találkoztam már vele, és van valami elképzelésem a jelentéséről is.  \n\nNyomjon meg bármilyen billentyűt a folytatáshoz."
25.66073999996297	EXP	instruction_text1: font = "Arial"
25.66073999996297	EXP	instruction_text1: color = {"_rgb":[1,1,1]}
25.66073999996297	EXP	instruction_text1: contrast = 1
25.66073999996297	EXP	instruction_text1: height = 0.05
25.66073999996297	EXP	instruction_text1: bold = false
25.66073999996297	EXP	instruction_text1: italic = false
25.66073999996297	EXP	instruction_text1: alignHoriz = "left"
25.66073999996297	EXP	instruction_text1: alignVert = "center"
25.66073999996297	EXP	instruction_text1: wrapWidth = 1
25.66073999996297	EXP	instruction_text1: flipHoriz = false
25.66073999996297	EXP	instruction_text1: flipVert = false
25.66073999996297	EXP	instruction_text2: units = "norm"
25.66073999996297	EXP	instruction_text2: ori = 0
25.66073999996297	EXP	instruction_text2: opacity = 1
25.66073999996297	EXP	instruction_text2: pos = [0,0]
25.66073999996297	EXP	instruction_text2: size = undefined
25.66073999996297	EXP	instruction_text2: text = "Először két egyszerű példát mutatunk Önnek.\n\nAz első szó létezik a magyarban, és valószínűleg Ön is ismeri. Itt nyomja majd meg a jobb kurzorbillentyűt.\nA második szó nem létezik a magyar nyelvben. Itt nyomja majd meg a bal kurzorbillentyűt.\n\nFontos, hogy a jobb gombot a jobb kezével, a bal gombot a bal kezével nyomja, ha tudja, és ne egy kezét használja a kísérletben.\n\nNyomjon meg bármilyen gombot a folytatáshoz."
25.66073999996297	EXP	instruction_text2: font = "Arial"
25.66073999996297	EXP	instruction_text2: color = {"_hex":"#FFFFFF","_rgb":[1,1,1]}
25.66073999996297	EXP	instruction_text2: contrast = 1
25.66073999996297	EXP	instruction_text2: height = 0.05
25.66073999996297	EXP	instruction_text2: bold = false
25.66073999996297	EXP	instruction_text2: italic = false
25.66073999996297	EXP	instruction_text2: alignHoriz = "left"
25.66073999996297	EXP	instruction_text2: alignVert = "center"
25.66073999996297	EXP	instruction_text2: wrapWidth = 1
25.66073999996297	EXP	instruction_text2: flipHoriz = false
25.66073999996297	EXP	instruction_text2: flipVert = false
25.66073999996297	EXP	show_text: units = "norm"
25.66073999996297	EXP	show_text: ori = 0
25.66073999996297	EXP	show_text: opacity = 1
25.66073999996297	EXP	show_text: pos = [0,0]
25.66073999996297	EXP	show_text: size = undefined
25.66073999996297	EXP	show_text: text = "asztal"
25.66073999996297	EXP	show_text: font = "Arial"
25.66073999996297	EXP	show_text: color = {"_hex":"#FFFFFF","_rgb":[1,1,1]}
25.66073999996297	EXP	show_text: contrast = 1
25.66073999996297	EXP	show_text: height = 0.2
25.66073999996297	EXP	show_text: bold = false
25.66073999996297	EXP	show_text: italic = false
25.66073999996297	EXP	show_text: alignHoriz = "left"
25.66073999996297	EXP	show_text: alignVert = "center"
25.66073999996297	EXP	show_text: wrapWidth = 1
25.66073999996297	EXP	show_text: flipHoriz = false
25.66073999996297	EXP	show_text: flipVert = false
25.66073999996297	EXP	text: units = "norm"
25.66073999996297	EXP	text: ori = 0
25.66073999996297	EXP	text: opacity = 1
25.66073999996297	EXP	text: pos = [0,0]
25.66073999996297	EXP	text: size = undefined
25.66073999996297	EXP	text: text = "bzsmfsztal"
25.66073999996297	EXP	text: font = "Arial"
25.66073999996297	EXP	text: color = {"_hex":"#FFFFFF","_rgb":[1,1,1]}
25.66073999996297	EXP	text: contrast = 1
25.66073999996297	EXP	text: height = 0.2
25.66073999996297	EXP	text: bold = false
25.66073999996297	EXP	text: italic = false
25.66073999996297	EXP	text: alignHoriz = "left"
25.66073999996297	EXP	text: alignVert = "center"
25.66073999996297	EXP	text: wrapWidth = 1
25.66073999996297	EXP	text: flipHoriz = false
25.66073999996297	EXP	text: flipVert = false
25.66073999996297	EXP	instruction_text3: units = "norm"
25.66073999996297	EXP	instruction_text3: ori = 0
25.66073999996297	EXP	instruction_text3: opacity = 1
25.66073999996297	EXP	instruction_text3: pos = [0,0]
25.66073999996297	EXP	instruction_text3: size = undefined
25.66073999996297	EXP	instruction_text3: text = "Pazar. Most kezdődik az igazi kísérlet. Néhány percig fog tartani. Nem kell nagyon sietnie, de igyekezzen gyorsan válaszolni.\n\nNe feledje, ha tudja, a jobb gombot a jobbkezével, a bal gombot a balkezével nyomja le.\n\nNyomjon meg bármilyen gombot a folytatáshoz."
25.66073999996297	EXP	instruction_text3: font = "Arial"
25.66073999996297	EXP	instruction_text3: color = {"_hex":"#FFFFFF","_rgb":[1,1,1]}
25.66073999996297	EXP	instruction_text3: contrast = 1
25.66073999996297	EXP	instruction_text3: height = 0.1
25.66073999996297	EXP	instruction_text3: bold = false
25.66073999996297	EXP	instruction_text3: italic = false
25.66073999996297	EXP	instruction_text3: alignHoriz = "left"
25.66073999996297	EXP	instruction_text3: alignVert = "center"
25.66073999996297	EXP	instruction_text3: wrapWidth = 1
25.66073999996297	EXP	instruction_text3: flipHoriz = false
25.66073999996297	EXP	instruction_text3: flipVert = false
25.66073999996297	EXP	szo_kiir: units = "norm"
25.66073999996297	EXP	szo_kiir: ori = 0
25.66073999996297	EXP	szo_kiir: opacity = 1
25.66073999996297	EXP	szo_kiir: pos = [0,0]
25.66073999996297	EXP	szo_kiir: size = undefined
25.66073999996297	EXP	szo_kiir: text = "default text"
25.66073999996297	EXP	szo_kiir: font = "Arial"
25.66073999996297	EXP	szo_kiir: color = {"_hex":"#FFFFFF","_rgb":[1,1,1]}
25.66073999996297	EXP	szo_kiir: contrast = 1
25.66073999996297	EXP	szo_kiir: height = 0.2
25.66073999996297	EXP	szo_kiir: bold = false
25.66073999996297	EXP	szo_kiir: italic = false
25.66073999996297	EXP	szo_kiir: alignHoriz = "left"
25.66073999996297	EXP	szo_kiir: alignVert = "center"
25.66073999996297	EXP	szo_kiir: wrapWidth = 1
25.66073999996297	EXP	szo_kiir: flipHoriz = false
25.66073999996297	EXP	szo_kiir: flipVert = false
25.66073999996297	EXP	koszi_szoveg: units = "norm"
25.66073999996297	EXP	koszi_szoveg: ori = 0
25.66073999996297	EXP	koszi_szoveg: opacity = 1
25.66073999996297	EXP	koszi_szoveg: pos = [0,0]
25.66073999996297	EXP	koszi_szoveg: size = undefined
25.66073999996297	EXP	koszi_szoveg: text = "Vége a kísérletnek. Köszönjük a részvételt!"
25.66073999996297	EXP	koszi_szoveg: font = "arial"
25.66073999996297	EXP	koszi_szoveg: color = {"_rgb":[1,1,1]}
25.66073999996297	EXP	koszi_szoveg: contrast = 1
25.66073999996297	EXP	koszi_szoveg: height = 0.1
25.66073999996297	EXP	koszi_szoveg: bold = false
25.66073999996297	EXP	koszi_szoveg: italic = false
25.66073999996297	EXP	koszi_szoveg: alignHoriz = "left"
25.66073999996297	EXP	koszi_szoveg: alignVert = "center"
25.66073999996297	EXP	koszi_szoveg: wrapWidth = 1
25.66073999996297	EXP	koszi_szoveg: flipHoriz = false
25.66073999996297	EXP	koszi_szoveg: flipVert = false
25.66073999996297	EXP	instruction_text1: autoDraw = true
76.35438999999315	DATA	Mouse: 0 button down, pos=(971.2000144720078,668.0000099539757)
76.51456500007771	DATA	Mouse: 0 button down, pos=(971.2000144720078,668.0000099539757)
77.37226000009105	DATA	Keydown:  
77.38574500009418	EXP	instruction_text1: autoDraw = false
77.38574500009418	EXP	instruction_text2: autoDraw = true
95.16718499991111	DATA	Keydown:  
95.17547999997623	EXP	instruction_text2: autoDraw = false
95.70028500002809	EXP	show_text: autoDraw = true
98.09195500006899	DATA	Mouse: 2 button down, pos=(971.2000144720078,668.0000099539757)
98.29374000011012	DATA	Mouse: 2 button down, pos=(971.2000144720078,668.0000099539757)
100.87872999999672	DATA	Mouse: 2 button down, pos=(905.6000134944916,545.6000569581993)
101.1078999999445	DATA	Mouse: 2 button down, pos=(906.4000135064125,546.4000081419945)
103.56590000004508	DATA	Mouse: 2 button down, pos=(797.6000607132919,416.800006210804)
103.77436999999918	DATA	Mouse: 2 button down, pos=(798.4000118970871,417.6000062227249)
108.01216499996372	DATA	Mouse: 0 button down, pos=(596.0000088810921,504.80000752210617)
108.08455000002868	DATA	Mouse: 0 button down, pos=(596.800008893013,508.8000075817108)
110.89529999997467	DATA	Keydown: ArrowRight
110.90537999989465	EXP	show_text: autoDraw = false
111.42568499990739	EXP	text: autoDraw = true
113.42470000009052	DATA	Keydown: ArrowLeft
113.46154999989085	EXP	text: autoDraw = false
113.46154999989085	EXP	instruction_text3: autoDraw = true
129.67364499997348	DATA	Keydown:  
129.7182899999898	EXP	instruction_text3: autoDraw = false
129.7182899999898	EXP	szo_kiir: color = {"_rgb":[1,1,1]}
129.7182899999898	EXP	szo_kiir: text = "ország"
130.238614999922	EXP	szo_kiir: autoDraw = true
131.47219499992207	DATA	Keydown: ArrowRight
131.48496500006877	EXP	szo_kiir: autoDraw = false
131.48496500006877	EXP	szo_kiir: color = {"_rgb":[1,1,1]}
131.48496500006877	EXP	szo_kiir: text = "nagy"
132.00399999995716	EXP	szo_kiir: autoDraw = true
132.56480999989435	DATA	Keydown: ArrowRight
132.58049999992363	EXP	szo_kiir: autoDraw = false
132.58049999992363	EXP	szo_kiir: color = {"_rgb":[1,1,1]}
132.58049999992363	EXP	szo_kiir: text = "nyújt"
133.08706999989226	EXP	szo_kiir: autoDraw = true
133.71784000005573	DATA	Keydown: ArrowRight
133.7346499999985	EXP	szo_kiir: autoDraw = false
133.7346499999985	EXP	szo_kiir: color = {"_rgb":[1,1,1]}
133.7346499999985	EXP	szo_kiir: text = "verseny"
134.25411000009626	EXP	szo_kiir: autoDraw = true
134.87461500009522	DATA	Keydown: ArrowRight
134.8916849999223	EXP	szo_kiir: autoDraw = false
134.8916849999223	EXP	szo_kiir: color = {"_rgb":[1,1,1]}
134.8916849999223	EXP	szo_kiir: text = "bolyodás"
135.40293000009842	EXP	szo_kiir: autoDraw = true
137.74129500007257	DATA	Keydown: ArrowLeft
137.75060999998823	EXP	szo_kiir: autoDraw = false
137.75060999998823	EXP	szo_kiir: color = {"_rgb":[1,1,1]}
137.75060999998823	EXP	szo_kiir: text = "százalék"
138.2696650000289	EXP	szo_kiir: autoDraw = true
139.057710000081	DATA	Keydown: ArrowRight
139.07990000001155	EXP	szo_kiir: autoDraw = false
139.07990000001155	EXP	szo_kiir: color = {"_rgb":[1,1,1]}
139.07990000001155	EXP	szo_kiir: text = "üvesi"
139.58553500007838	EXP	szo_kiir: autoDraw = true
140.7930050001014	DATA	Keydown: ArrowLeft
140.79881999990903	EXP	szo_kiir: autoDraw = false
140.79881999990903	EXP	szo_kiir: color = {"_rgb":[1,1,1]}
140.79881999990903	EXP	szo_kiir: text = "keresztény"
141.31790999998339	EXP	szo_kiir: autoDraw = true
141.99675499997102	DATA	Keydown: ArrowRight
142.00325500010513	EXP	szo_kiir: autoDraw = false
142.00325500010513	EXP	szo_kiir: color = {"_rgb":[1,1,1]}
142.00325500010513	EXP	szo_kiir: text = "mond"
142.51814999990165	EXP	szo_kiir: autoDraw = true
143.1329749999568	DATA	Keydown: ArrowRight
143.1485349999275	EXP	szo_kiir: autoDraw = false
143.1485349999275	EXP	szo_kiir: color = {"_rgb":[1,1,1]}
143.1485349999275	EXP	szo_kiir: text = "tartalom"
143.66716499999166	EXP	szo_kiir: autoDraw = true
144.19356999988668	DATA	Keydown: ArrowRight
144.20310500008054	EXP	szo_kiir: autoDraw = false
144.20310500008054	EXP	szo_kiir: color = {"_rgb":[1,1,1]}
144.20310500008054	EXP	szo_kiir: text = "bolos"
144.7167700000573	EXP	szo_kiir: autoDraw = true
145.63889500009827	DATA	Keydown: ArrowLeft
145.64829499996267	EXP	szo_kiir: autoDraw = false
145.64829499996267	EXP	szo_kiir: color = {"_rgb":[1,1,1]}
145.64829499996267	EXP	szo_kiir: text = "bakú"
146.16738500003703	EXP	szo_kiir: autoDraw = true
149.41494000004604	DATA	Keydown: ArrowLeft
149.43583000008948	EXP	szo_kiir: autoDraw = false
149.43583000008948	EXP	szo_kiir: color = {"_rgb":[1,1,1]}
149.43583000008948	EXP	szo_kiir: text = "borhátsz"
149.94968999992125	EXP	szo_kiir: autoDraw = true
151.14385499991477	DATA	Keydown: ArrowLeft
151.14669999992475	EXP	szo_kiir: autoDraw = false
151.14669999992475	EXP	szo_kiir: color = {"_rgb":[1,1,1]}
151.14669999992475	EXP	szo_kiir: text = "szökkeny"
151.66602999996394	EXP	szo_kiir: autoDraw = true
152.9643399999477	DATA	Keydown: ArrowRight
152.9800549999345	EXP	szo_kiir: autoDraw = false
152.9800549999345	EXP	szo_kiir: color = {"_rgb":[1,1,1]}
152.9800549999345	EXP	szo_kiir: text = "tanács"
153.49876499990933	EXP	szo_kiir: autoDraw = true
154.0737650000956	DATA	Keydown: ArrowRight
154.08697999990545	EXP	szo_kiir: autoDraw = false
154.08697999990545	EXP	szo_kiir: color = {"_rgb":[1,1,1]}
154.08697999990545	EXP	szo_kiir: text = "alukandós"
154.59926999988966	EXP	szo_kiir: autoDraw = true
157.07476500002667	DATA	Keydown: ArrowLeft
157.07930999994278	EXP	szo_kiir: autoDraw = false
157.07930999994278	EXP	szo_kiir: color = {"_rgb":[1,1,1]}
157.07930999994278	EXP	szo_kiir: text = "vésségi"
157.5976499998942	EXP	szo_kiir: autoDraw = true
159.18818000005558	DATA	Keydown: ArrowLeft
159.20106999995187	EXP	szo_kiir: autoDraw = false
159.20106999995187	EXP	szo_kiir: color = {"_rgb":[1,1,1]}
159.20106999995187	EXP	szo_kiir: text = "vízgyűlő"
159.71530000003986	EXP	szo_kiir: autoDraw = true
161.80939500010572	DATA	Keydown: ArrowLeft
161.81171000003815	EXP	szo_kiir: autoDraw = false
161.81171000003815	EXP	szo_kiir: color = {"_rgb":[1,1,1]}
161.81171000003815	EXP	szo_kiir: text = "különbözik"
162.3299100000877	EXP	szo_kiir: autoDraw = true
163.48884000000544	DATA	Keydown: ArrowRight
163.49853500002064	EXP	szo_kiir: autoDraw = false
163.49853500002064	EXP	szo_kiir: color = {"_rgb":[1,1,1]}
163.49853500002064	EXP	szo_kiir: text = "szalas"
164.013030000031	EXP	szo_kiir: autoDraw = true
165.48327500000596	DATA	Keydown: ArrowRight
165.49427999998443	EXP	szo_kiir: autoDraw = false
165.49427999998443	EXP	szo_kiir: color = {"_rgb":[1,1,1]}
165.49427999998443	EXP	szo_kiir: text = "daragasi"
166.0125049999915	EXP	szo_kiir: autoDraw = true
167.3275999999605	DATA	Keydown: ArrowLeft
167.34416000009514	EXP	szo_kiir: autoDraw = false
167.34416000009514	EXP	szo_kiir: color = {"_rgb":[1,1,1]}
167.34416000009514	EXP	szo_kiir: text = "citrom"
167.86224499996752	EXP	szo_kiir: autoDraw = true
168.427864999976	DATA	Keydown: ArrowRight
168.44869500002824	EXP	szo_kiir: autoDraw = false
168.44869500002824	EXP	szo_kiir: color = {"_rgb":[1,1,1]}
168.44869500002824	EXP	szo_kiir: text = "jelez"
168.9618949999567	EXP	szo_kiir: autoDraw = true
169.66442999988794	DATA	Keydown: ArrowRight
169.67698500002734	EXP	szo_kiir: autoDraw = false
169.67698500002734	EXP	szo_kiir: color = {"_rgb":[1,1,1]}
169.67698500002734	EXP	szo_kiir: text = "szelíd"
170.19517500000075	EXP	szo_kiir: autoDraw = true
170.71087500010617	DATA	Keydown: ArrowRight
170.7304750001058	EXP	szo_kiir: autoDraw = false
170.7304750001058	EXP	szo_kiir: color = {"_rgb":[1,1,1]}
170.7304750001058	EXP	szo_kiir: text = "kölcsönöz"
171.24508000002243	EXP	szo_kiir: autoDraw = true
171.8516200000886	DATA	Keydown: ArrowRight
171.85923999990337	EXP	szo_kiir: autoDraw = false
171.85923999990337	EXP	szo_kiir: color = {"_rgb":[1,1,1]}
171.85923999990337	EXP	szo_kiir: text = "homok"
172.36156999995	EXP	szo_kiir: autoDraw = true
172.87649499997497	DATA	Keydown: ArrowRight
172.89653000002727	EXP	szo_kiir: autoDraw = false
172.89653000002727	EXP	szo_kiir: color = {"_rgb":[1,1,1]}
172.89653000002727	EXP	szo_kiir: text = "szichosol"
173.4111349999439	EXP	szo_kiir: autoDraw = true
174.506389999995	DATA	Keydown: ArrowLeft
174.50857000006363	EXP	szo_kiir: autoDraw = false
174.50857000006363	EXP	szo_kiir: color = {"_rgb":[1,1,1]}
174.50857000006363	EXP	szo_kiir: text = "alapszabály"
175.0116300000809	EXP	szo_kiir: autoDraw = true
175.7757500000298	DATA	Keydown: ArrowRight
175.79624000005424	EXP	szo_kiir: autoDraw = false
175.79624000005424	EXP	szo_kiir: color = {"_rgb":[1,1,1]}
175.79624000005424	EXP	szo_kiir: text = "had"
176.3106249999255	EXP	szo_kiir: autoDraw = true
176.9013650000561	DATA	Keydown: ArrowRight
176.90847999998368	EXP	szo_kiir: autoDraw = false
176.90847999998368	EXP	szo_kiir: color = {"_rgb":[1,1,1]}
176.90847999998368	EXP	szo_kiir: text = "mítosz"
177.42695500003174	EXP	szo_kiir: autoDraw = true
178.0053350001108	DATA	Keydown: ArrowRight
178.01306500006467	EXP	szo_kiir: autoDraw = false
178.01306500006467	EXP	szo_kiir: color = {"_rgb":[1,1,1]}
178.01306500006467	EXP	szo_kiir: text = "tajtásos"
178.5269500000868	EXP	szo_kiir: autoDraw = true
179.86649499996565	DATA	Keydown: ArrowLeft
179.8745250001084	EXP	szo_kiir: autoDraw = false
179.8745250001084	EXP	szo_kiir: color = {"_rgb":[1,1,1]}
179.8745250001084	EXP	szo_kiir: text = "rak"
180.39285499998368	EXP	szo_kiir: autoDraw = true
181.11439000000246	DATA	Keydown: ArrowRight
181.12904500006698	EXP	szo_kiir: autoDraw = false
181.12904500006698	EXP	szo_kiir: color = {"_rgb":[1,1,1]}
181.12904500006698	EXP	szo_kiir: text = "gyalaha"
181.6429149999749	EXP	szo_kiir: autoDraw = true
182.5996199999936	DATA	Keydown: ArrowLeft
182.607580000069	EXP	szo_kiir: autoDraw = false
182.607580000069	EXP	szo_kiir: color = {"_rgb":[1,1,1]}
182.607580000069	EXP	szo_kiir: text = "cukrász"
183.12532000010833	EXP	szo_kiir: autoDraw = true
183.71558500011452	DATA	Keydown: ArrowRight
183.7299850001	EXP	szo_kiir: autoDraw = false
183.7299850001	EXP	szo_kiir: color = {"_rgb":[1,1,1]}
183.7299850001	EXP	szo_kiir: text = "értékesít"
184.24218500009738	EXP	szo_kiir: autoDraw = true
184.94935499993153	DATA	Keydown: ArrowRight
184.9572399999015	EXP	szo_kiir: autoDraw = false
184.9572399999015	EXP	szo_kiir: color = {"_rgb":[1,1,1]}
184.9572399999015	EXP	szo_kiir: text = "bámérő"
185.4755249998998	EXP	szo_kiir: autoDraw = true
186.71806499990635	DATA	Keydown: ArrowLeft
186.73139999993145	EXP	szo_kiir: autoDraw = false
186.73139999993145	EXP	szo_kiir: color = {"_rgb":[1,1,1]}
186.73139999993145	EXP	szo_kiir: text = "lik"
187.2417299998924	EXP	szo_kiir: autoDraw = true
188.1078250000719	DATA	Keydown: ArrowRight
188.12281999993138	EXP	szo_kiir: autoDraw = false
188.12281999993138	EXP	szo_kiir: color = {"_rgb":[1,1,1]}
188.12281999993138	EXP	szo_kiir: text = "megállóhely"
188.6417000000365	EXP	szo_kiir: autoDraw = true
189.35932000004686	DATA	Keydown: ArrowRight
189.3777199999895	EXP	szo_kiir: autoDraw = false
189.3777199999895	EXP	szo_kiir: color = {"_rgb":[1,1,1]}
189.3777199999895	EXP	szo_kiir: text = "balji"
189.89110499992967	EXP	szo_kiir: autoDraw = true
190.73579500010237	DATA	Keydown: ArrowLeft
190.73901999997906	EXP	szo_kiir: autoDraw = false
190.73901999997906	EXP	szo_kiir: color = {"_rgb":[1,1,1]}
190.73901999997906	EXP	szo_kiir: text = "pereg"
191.2576550000813	EXP	szo_kiir: autoDraw = true
191.87613500002772	DATA	Keydown: ArrowRight
191.89290499989875	EXP	szo_kiir: autoDraw = false
191.89290499989875	EXP	szo_kiir: color = {"_rgb":[1,1,1]}
191.89290499989875	EXP	szo_kiir: text = "biliárd"
192.40801999997348	EXP	szo_kiir: autoDraw = true
193.04528500000015	DATA	Keydown: ArrowRight
193.055859999964	EXP	szo_kiir: autoDraw = false
193.055859999964	EXP	szo_kiir: color = {"_rgb":[1,1,1]}
193.055859999964	EXP	szo_kiir: text = "lazarjadó"
193.57320500002243	EXP	szo_kiir: autoDraw = true
194.80599500006065	DATA	Keydown: ArrowLeft
194.82593500008807	EXP	szo_kiir: autoDraw = false
194.82593500008807	EXP	szo_kiir: color = {"_rgb":[1,1,1]}
194.82593500008807	EXP	szo_kiir: text = "vitamindús"
195.3400799999945	EXP	szo_kiir: autoDraw = true
196.29587000003085	DATA	Keydown: ArrowRight
196.30459500011057	EXP	szo_kiir: autoDraw = false
196.30459500011057	EXP	szo_kiir: color = {"_rgb":[1,1,1]}
196.30459500011057	EXP	szo_kiir: text = "bódé"
196.82316999998875	EXP	szo_kiir: autoDraw = true
197.5357649999205	DATA	Keydown: ArrowRight
197.54121499997564	EXP	szo_kiir: autoDraw = false
197.54121499997564	EXP	szo_kiir: color = {"_rgb":[1,1,1]}
197.54121499997564	EXP	szo_kiir: text = "kisujj"
198.05645000003278	EXP	szo_kiir: autoDraw = true
198.79110500006936	DATA	Keydown: ArrowRight
198.8040350000374	EXP	szo_kiir: autoDraw = false
198.8040350000374	EXP	szo_kiir: color = {"_rgb":[1,1,1]}
198.8040350000374	EXP	szo_kiir: text = "vetézmés"
199.30676500010304	EXP	szo_kiir: autoDraw = true
200.60497500002384	DATA	Keydown: ArrowLeft
200.62594499997795	EXP	szo_kiir: autoDraw = false
200.62594499997795	EXP	szo_kiir: color = {"_rgb":[1,1,1]}
200.62594499997795	EXP	szo_kiir: text = "vágárd"
201.13868000009097	EXP	szo_kiir: autoDraw = true
202.33495000004768	DATA	Keydown: ArrowLeft
202.33688000007533	EXP	szo_kiir: autoDraw = false
202.33688000007533	EXP	szo_kiir: color = {"_rgb":[1,1,1]}
202.33688000007533	EXP	szo_kiir: text = "vegyesbolt"
202.85553999990225	EXP	szo_kiir: autoDraw = true
203.66272499994375	DATA	Keydown: ArrowRight
203.67528000008315	EXP	szo_kiir: autoDraw = false
203.67528000008315	EXP	szo_kiir: color = {"_rgb":[1,1,1]}
203.67528000008315	EXP	szo_kiir: text = "mihálóz"
204.18850499996915	EXP	szo_kiir: autoDraw = true
205.10459999996237	DATA	Keydown: ArrowLeft
205.11955499998294	EXP	szo_kiir: autoDraw = false
205.11955499998294	EXP	szo_kiir: color = {"_rgb":[1,1,1]}
205.11955499998294	EXP	szo_kiir: text = "szitál"
205.62145500001498	EXP	szo_kiir: autoDraw = true
206.33706999989226	DATA	Keydown: ArrowRight
206.3575899999123	EXP	szo_kiir: autoDraw = false
206.3575899999123	EXP	szo_kiir: color = {"_rgb":[1,1,1]}
206.3575899999123	EXP	szo_kiir: text = "tanácskozik"
206.87129999999888	EXP	szo_kiir: autoDraw = true
207.5036400000099	DATA	Keydown: ArrowRight
207.51958000008017	EXP	szo_kiir: autoDraw = false
207.51958000008017	EXP	szo_kiir: color = {"_rgb":[1,1,1]}
207.51958000008017	EXP	szo_kiir: text = "felezéri"
208.03777000005357	EXP	szo_kiir: autoDraw = true
208.9764000000432	DATA	Keydown: ArrowLeft
208.9900450001005	EXP	szo_kiir: autoDraw = false
208.9900450001005	EXP	szo_kiir: color = {"_rgb":[1,1,1]}
208.9900450001005	EXP	szo_kiir: text = "revelatív"
209.5041449998971	EXP	szo_kiir: autoDraw = true
210.9286950000096	DATA	Keydown: ArrowLeft
210.93504499993287	EXP	szo_kiir: autoDraw = false
210.93504499993287	EXP	szo_kiir: color = {"_rgb":[1,1,1]}
210.93504499993287	EXP	szo_kiir: text = "hidegtál"
211.43745499989018	EXP	szo_kiir: autoDraw = true
212.3103950000368	DATA	Keydown: ArrowRight
212.31837500003166	EXP	szo_kiir: autoDraw = false
212.31837500003166	EXP	szo_kiir: color = {"_rgb":[1,1,1]}
212.31837500003166	EXP	szo_kiir: text = "ivarsejt"
212.8366499999538	EXP	szo_kiir: autoDraw = true
213.54374000011012	DATA	Keydown: ArrowRight
213.55623500002548	EXP	szo_kiir: autoDraw = false
213.55623500002548	EXP	szo_kiir: color = {"_rgb":[1,1,1]}
213.55623500002548	EXP	szo_kiir: text = "hübrisz"
214.06970999995247	EXP	szo_kiir: autoDraw = true
214.90161999990232	DATA	Keydown: ArrowLeft
214.91807499993593	EXP	szo_kiir: autoDraw = false
214.91807499993593	EXP	szo_kiir: color = {"_rgb":[1,1,1]}
214.91807499993593	EXP	szo_kiir: text = "sporthorgász"
215.43621499999426	EXP	szo_kiir: autoDraw = true
216.28848499991	DATA	Keydown: ArrowRight
216.30126999993809	EXP	szo_kiir: autoDraw = false
216.30126999993809	EXP	szo_kiir: color = {"_rgb":[1,1,1]}
216.30126999993809	EXP	szo_kiir: text = "firkál"
216.81885499996133	EXP	szo_kiir: autoDraw = true
217.63709000009112	DATA	Keydown: ArrowRight
217.65583500009961	EXP	szo_kiir: autoDraw = false
217.65583500009961	EXP	szo_kiir: color = {"_rgb":[1,1,1]}
217.65583500009961	EXP	szo_kiir: text = "testnedv"
218.16894500004128	EXP	szo_kiir: autoDraw = true
218.8704649999272	DATA	Keydown: ArrowRight
218.883984999964	EXP	szo_kiir: autoDraw = false
218.883984999964	EXP	szo_kiir: color = {"_rgb":[1,1,1]}
218.883984999964	EXP	szo_kiir: text = "hormati"
219.40200000000186	EXP	szo_kiir: autoDraw = true
220.38614999991842	DATA	Keydown: ArrowLeft
220.40565000008792	EXP	szo_kiir: autoDraw = false
220.40565000008792	EXP	szo_kiir: color = {"_rgb":[1,1,1]}
220.40565000008792	EXP	szo_kiir: text = "analizál"
220.91854500002228	EXP	szo_kiir: autoDraw = true
221.7458250001073	DATA	Keydown: ArrowRight
221.74959499994293	EXP	szo_kiir: autoDraw = false
221.74959499994293	EXP	szo_kiir: color = {"_rgb":[1,1,1]}
221.74959499994293	EXP	szo_kiir: text = "rucaöröm"
222.26817000005394	EXP	szo_kiir: autoDraw = true
223.3447149998974	DATA	Keydown: ArrowLeft
223.34932500007562	EXP	szo_kiir: autoDraw = false
223.34932500007562	EXP	szo_kiir: color = {"_rgb":[1,1,1]}
223.34932500007562	EXP	szo_kiir: text = "csontdarab"
223.85126499994658	EXP	szo_kiir: autoDraw = true
224.68026500009	DATA	Keydown: ArrowRight
224.6874700000044	EXP	szo_kiir: autoDraw = false
224.6874700000044	EXP	szo_kiir: color = {"_rgb":[1,1,1]}
224.6874700000044	EXP	szo_kiir: text = "lező"
225.20088999997824	EXP	szo_kiir: autoDraw = true
226.14358499995433	DATA	Keydown: ArrowLeft
226.1487700000871	EXP	szo_kiir: autoDraw = false
226.1487700000871	EXP	szo_kiir: color = {"_rgb":[1,1,1]}
226.1487700000871	EXP	szo_kiir: text = "madársisak"
226.6674500000663	EXP	szo_kiir: autoDraw = true
227.6418850000482	DATA	Keydown: ArrowRight
227.6524849999696	EXP	szo_kiir: autoDraw = false
227.6524849999696	EXP	szo_kiir: color = {"_rgb":[1,1,1]}
227.6524849999696	EXP	szo_kiir: text = "preklasszikus"
228.1668199999258	EXP	szo_kiir: autoDraw = true
229.94864999991842	DATA	Keydown: ArrowRight
229.9655100000091	EXP	szo_kiir: autoDraw = false
229.9655100000091	EXP	szo_kiir: color = {"_rgb":[1,1,1]}
229.9655100000091	EXP	szo_kiir: text = "detonátor"
230.48320999997668	EXP	szo_kiir: autoDraw = true
231.47292000008747	DATA	Keydown: ArrowRight
231.48542500007898	EXP	szo_kiir: autoDraw = false
231.48542500007898	EXP	szo_kiir: color = {"_rgb":[1,1,1]}
231.48542500007898	EXP	szo_kiir: text = "szupraindividuális"
232.0002749999985	EXP	szo_kiir: autoDraw = true
233.3005150000099	DATA	Keydown: ArrowRight
233.31424500001594	EXP	szo_kiir: autoDraw = false
233.31424500001594	EXP	szo_kiir: color = {"_rgb":[1,1,1]}
233.31424500001594	EXP	szo_kiir: text = "szulfit"
233.83238500007428	EXP	szo_kiir: autoDraw = true
234.5090799999889	DATA	Keydown: ArrowRight
234.51884000003338	EXP	szo_kiir: autoDraw = false
234.51884000003338	EXP	szo_kiir: color = {"_rgb":[1,1,1]}
234.51884000003338	EXP	szo_kiir: text = "finomszesz"
235.03206999995746	EXP	szo_kiir: autoDraw = true
235.8367000001017	DATA	Keydown: ArrowRight
235.84718000004068	EXP	szo_kiir: autoDraw = false
235.84718000004068	EXP	szo_kiir: color = {"_rgb":[1,1,1]}
235.84718000004068	EXP	szo_kiir: text = "rendő"
236.36537500005215	EXP	szo_kiir: autoDraw = true
237.4140850000549	DATA	Keydown: ArrowLeft
237.4345799998846	EXP	szo_kiir: autoDraw = false
237.4345799998846	EXP	szo_kiir: color = {"_rgb":[1,1,1]}
237.4345799998846	EXP	szo_kiir: text = "retálhit"
237.948335000081	EXP	szo_kiir: autoDraw = true
239.1408700000029	DATA	Keydown: ArrowLeft
239.14623000007123	EXP	szo_kiir: autoDraw = false
239.14623000007123	EXP	szo_kiir: color = {"_rgb":[1,1,1]}
239.14623000007123	EXP	szo_kiir: text = "tutamizál"
239.64819000009447	EXP	szo_kiir: autoDraw = true
241.6599049998913	DATA	Keydown: ArrowLeft
241.6666949999053	EXP	szo_kiir: autoDraw = false
241.6666949999053	EXP	szo_kiir: color = {"_rgb":[1,1,1]}
241.6666949999053	EXP	szo_kiir: text = "fegyverterem"
242.1807250001002	EXP	szo_kiir: autoDraw = true
243.40608499990776	DATA	Keydown: ArrowRight
243.41211499995552	EXP	szo_kiir: autoDraw = false
243.41211499995552	EXP	szo_kiir: color = {"_rgb":[1,1,1]}
243.41211499995552	EXP	szo_kiir: text = "luftballon"
243.93078000005335	EXP	szo_kiir: autoDraw = true
244.58951500011608	DATA	Keydown: ArrowRight
244.59979499992914	EXP	szo_kiir: autoDraw = false
244.59979499992914	EXP	szo_kiir: color = {"_rgb":[1,1,1]}
244.59979499992914	EXP	szo_kiir: text = "ozonizátor"
245.1137850000523	EXP	szo_kiir: autoDraw = true
247.28994000004604	DATA	Keydown: ArrowRight
247.29501000000164	EXP	szo_kiir: autoDraw = false
247.29501000000164	EXP	szo_kiir: color = {"_rgb":[1,1,1]}
247.29501000000164	EXP	szo_kiir: text = "szemtükör"
247.812900000019	EXP	szo_kiir: autoDraw = true
248.39767000009306	DATA	Keydown: ArrowRight
248.4147650001105	EXP	szo_kiir: autoDraw = false
248.4147650001105	EXP	szo_kiir: color = {"_rgb":[1,1,1]}
248.4147650001105	EXP	szo_kiir: text = "kajakusz"
248.92936499998905	EXP	szo_kiir: autoDraw = true
249.82492500008084	DATA	Keydown: ArrowLeft
249.8272500000894	EXP	szo_kiir: autoDraw = false
249.8272500000894	EXP	szo_kiir: color = {"_rgb":[1,1,1]}
249.8272500000894	EXP	szo_kiir: text = "bennég"
250.32927999994718	EXP	szo_kiir: autoDraw = true
252.22802000003867	DATA	Keydown: ArrowRight
252.2479399999138	EXP	szo_kiir: autoDraw = false
252.2479399999138	EXP	szo_kiir: color = {"_rgb":[1,1,1]}
252.2479399999138	EXP	szo_kiir: text = "organizál"
252.7619499999564	EXP	szo_kiir: autoDraw = true
253.5271799999755	DATA	Keydown: ArrowRight
253.54380999994464	EXP	szo_kiir: autoDraw = false
253.54380999994464	EXP	szo_kiir: color = {"_rgb":[1,1,1]}
253.54380999994464	EXP	szo_kiir: text = "istenkedik"
254.06205999990925	EXP	szo_kiir: autoDraw = true
254.6525149999652	DATA	Keydown: ArrowRight
254.6632850000169	EXP	szo_kiir: autoDraw = false
254.6632850000169	EXP	szo_kiir: color = {"_rgb":[1,1,1]}
254.6632850000169	EXP	szo_kiir: text = "leverzsköl"
255.17846000008285	EXP	szo_kiir: autoDraw = true
256.198529999936	DATA	Keydown: ArrowLeft
256.20986500009894	EXP	szo_kiir: autoDraw = false
256.20986500009894	EXP	szo_kiir: color = {"_rgb":[1,1,1]}
256.20986500009894	EXP	szo_kiir: text = "bolondoz"
256.72772499988787	EXP	szo_kiir: autoDraw = true
257.2706299999263	DATA	Keydown: ArrowRight
257.2795200000983	EXP	szo_kiir: autoDraw = false
257.2795200000983	EXP	szo_kiir: color = {"_rgb":[1,1,1]}
257.2795200000983	EXP	szo_kiir: text = "kibeti"
257.7946949999314	EXP	szo_kiir: autoDraw = true
258.643069999991	DATA	Keydown: ArrowLeft
258.65950000006706	EXP	szo_kiir: autoDraw = false
258.65950000006706	EXP	szo_kiir: color = {"_rgb":[1,1,1]}
258.65950000006706	EXP	szo_kiir: text = "tokosodik"
259.1776650000829	EXP	szo_kiir: autoDraw = true
260.19730000011623	DATA	Keydown: ArrowRight
260.21249999990687	EXP	szo_kiir: autoDraw = false
260.21249999990687	EXP	szo_kiir: color = {"_rgb":[1,1,1]}
260.21249999990687	EXP	szo_kiir: text = "prografej"
260.72719500004314	EXP	szo_kiir: autoDraw = true
261.9146549999714	DATA	Keydown: ArrowLeft
261.9251500000246	EXP	szo_kiir: autoDraw = false
261.9251500000246	EXP	szo_kiir: color = {"_rgb":[1,1,1]}
261.9251500000246	EXP	szo_kiir: text = "nyersarany"
262.44357499992475	EXP	szo_kiir: autoDraw = true
263.54248999990523	DATA	Keydown: ArrowRight
263.56273999996483	EXP	szo_kiir: autoDraw = false
263.56273999996483	EXP	szo_kiir: color = {"_rgb":[1,1,1]}
263.56273999996483	EXP	szo_kiir: text = "dölyfösködik"
264.07628999999724	EXP	szo_kiir: autoDraw = true
265.2001900000032	DATA	Keydown: ArrowRight
265.20808000001125	EXP	szo_kiir: autoDraw = false
265.20808000001125	EXP	szo_kiir: color = {"_rgb":[1,1,1]}
265.20808000001125	EXP	szo_kiir: text = "striguláz"
265.72614499996416	EXP	szo_kiir: autoDraw = true
266.77692499989644	DATA	Keydown: ArrowRight
266.79572999989614	EXP	szo_kiir: autoDraw = false
266.79572999989614	EXP	szo_kiir: color = {"_rgb":[1,1,1]}
266.79572999989614	EXP	szo_kiir: text = "csüggedez"
267.3094750000164	EXP	szo_kiir: autoDraw = true
268.00848999992013	DATA	Keydown: ArrowRight
268.024310000008	EXP	szo_kiir: autoDraw = false
268.024310000008	EXP	szo_kiir: color = {"_rgb":[1,1,1]}
268.024310000008	EXP	szo_kiir: text = "jégkárosult"
268.54265499999747	EXP	szo_kiir: autoDraw = true
269.2335950001143	DATA	Keydown: ArrowRight
269.2445749999024	EXP	szo_kiir: autoDraw = false
269.2445749999024	EXP	szo_kiir: color = {"_rgb":[1,1,1]}
269.2445749999024	EXP	szo_kiir: text = "öklelődzik"
269.75908500002697	EXP	szo_kiir: autoDraw = true
271.09370000008494	DATA	Keydown: ArrowLeft
271.1070399999153	EXP	szo_kiir: autoDraw = false
271.1070399999153	EXP	szo_kiir: color = {"_rgb":[1,1,1]}
271.1070399999153	EXP	szo_kiir: text = "elméskedik"
271.6250150001142	EXP	szo_kiir: autoDraw = true
272.89403999992646	DATA	Keydown: ArrowRight
272.9068299999926	EXP	szo_kiir: autoDraw = false
272.9068299999926	EXP	szo_kiir: color = {"_rgb":[1,1,1]}
272.9068299999926	EXP	szo_kiir: text = "korrektúrázik"
273.42504999996163	EXP	szo_kiir: autoDraw = true
274.3026199999731	DATA	Keydown: ArrowRight
274.3099700000603	EXP	szo_kiir: autoDraw = false
274.3099700000603	EXP	szo_kiir: color = {"_rgb":[1,1,1]}
274.3099700000603	EXP	szo_kiir: text = "tortya"
274.82449500006624	EXP	szo_kiir: autoDraw = true
276.5000599999912	DATA	Keydown: ArrowLeft
276.50561499991454	EXP	szo_kiir: autoDraw = false
276.50561499991454	EXP	szo_kiir: color = {"_rgb":[1,1,1]}
276.50561499991454	EXP	szo_kiir: text = "kétvonalú"
277.0241549999919	EXP	szo_kiir: autoDraw = true
277.94221000000834	DATA	Keydown: ArrowRight
277.9589299999643	EXP	szo_kiir: autoDraw = false
277.9589299999643	EXP	szo_kiir: color = {"_rgb":[1,1,1]}
277.9589299999643	EXP	szo_kiir: text = "petél"
278.47387499990873	EXP	szo_kiir: autoDraw = true
280.06309000006877	DATA	Keydown: ArrowLeft
280.07208999991417	EXP	szo_kiir: autoDraw = false
280.07208999991417	EXP	szo_kiir: color = {"_rgb":[1,1,1]}
280.07208999991417	EXP	szo_kiir: text = "ifjít"
280.301220000023	DATA	Mouse: 0 button down, pos=(761.6000601768501,428.8000063896179)
280.38955500000156	DATA	Mouse: 0 button down, pos=(761.6000601768501,428.8000063896179)
280.58984000002965	EXP	szo_kiir: autoDraw = true
281.4885849999264	DATA	Keydown: ArrowRight
281.5048499999102	EXP	szo_kiir: autoDraw = false
281.5048499999102	EXP	szo_kiir: color = {"_rgb":[1,1,1]}
281.5048499999102	EXP	szo_kiir: text = "kurzivál"
282.0231999999378	EXP	szo_kiir: autoDraw = true
283.2002499999944	DATA	Keydown: ArrowLeft
283.2040800000541	EXP	szo_kiir: autoDraw = false
283.2040800000541	EXP	szo_kiir: color = {"_rgb":[1,1,1]}
283.2040800000541	EXP	szo_kiir: text = "kunkorít"
283.363214999903	DATA	Mouse: 0 button down, pos=(761.6000601768501,428.8000063896179)
283.45246000005864	DATA	Mouse: 0 button down, pos=(761.6000601768501,428.8000063896179)
283.70613000006415	EXP	szo_kiir: autoDraw = true
284.6016200000886	DATA	Keydown: ArrowRight
284.6079500000924	EXP	szo_kiir: autoDraw = false
284.6079500000924	EXP	szo_kiir: color = {"_rgb":[1,1,1]}
284.6079500000924	EXP	szo_kiir: text = "hantáz"
285.12156499992125	EXP	szo_kiir: autoDraw = true
286.172675000038	DATA	Keydown: ArrowRight
286.1871599999722	EXP	szo_kiir: autoDraw = false
286.1871599999722	EXP	szo_kiir: color = {"_rgb":[1,1,1]}
286.1871599999722	EXP	szo_kiir: text = "csapdáz"
286.70546499988995	EXP	szo_kiir: autoDraw = true
288.3288499999326	DATA	Keydown: ArrowRight
288.3417849999387	EXP	szo_kiir: autoDraw = false
288.3417849999387	EXP	szo_kiir: color = {"_rgb":[1,1,1]}
288.3417849999387	EXP	szo_kiir: text = "karamboloz"
288.855535000097	EXP	szo_kiir: autoDraw = true
290.0445399999153	DATA	Keydown: ArrowRight
290.053159999894	EXP	szo_kiir: autoDraw = false
290.053159999894	EXP	szo_kiir: color = {"_rgb":[1,1,1]}
290.053159999894	EXP	szo_kiir: text = "hegyipáfrány"
290.57147499988787	EXP	szo_kiir: autoDraw = true
291.95295999990776	DATA	Keydown: ArrowRight
291.97420999989845	EXP	szo_kiir: autoDraw = false
291.97420999989845	EXP	szo_kiir: color = {"_rgb":[1,1,1]}
291.97420999989845	EXP	szo_kiir: text = "nyüvök"
292.48765500006266	EXP	szo_kiir: autoDraw = true
293.092949999962	DATA	Keydown: ArrowRight
293.1021249999758	EXP	szo_kiir: autoDraw = false
293.1021249999758	EXP	szo_kiir: color = {"_rgb":[1,1,1]}
293.1021249999758	EXP	szo_kiir: text = "díjnokoskodik"
293.6041949999053	EXP	szo_kiir: autoDraw = true
295.41009999997914	DATA	Keydown: ArrowLeft
295.4187900000252	EXP	szo_kiir: autoDraw = false
295.4187900000252	EXP	szo_kiir: color = {"_rgb":[1,1,1]}
295.4187900000252	EXP	szo_kiir: text = "viaszoz"
295.587760000024	DATA	Mouse: 0 button down, pos=(761.6000601768501,428.8000063896179)
295.67170000006445	DATA	Mouse: 0 button down, pos=(761.6000601768501,428.8000063896179)
295.93702000007033	EXP	szo_kiir: autoDraw = true
297.0605299999006	DATA	Keydown: ArrowRight
297.0727949999273	EXP	szo_kiir: autoDraw = false
297.0727949999273	EXP	szo_kiir: color = {"_rgb":[1,1,1]}
297.0727949999273	EXP	szo_kiir: text = "gyámpont"
297.58670499990694	EXP	szo_kiir: autoDraw = true
298.3023600000888	DATA	Keydown: ArrowRight
298.3183999999892	EXP	szo_kiir: autoDraw = false
298.3183999999892	EXP	szo_kiir: color = {"_rgb":[1,1,1]}
298.3183999999892	EXP	szo_kiir: text = "halmajonéz"
298.83657000004314	EXP	szo_kiir: autoDraw = true
299.8865249999799	DATA	Keydown: ArrowLeft
299.90126499999315	EXP	szo_kiir: autoDraw = false
299.90126499999315	EXP	szo_kiir: color = {"_rgb":[1,1,1]}
299.90126499999315	EXP	szo_kiir: text = "párnásszék"
300.41971500008367	EXP	szo_kiir: autoDraw = true
301.6091599999927	DATA	Keydown: ArrowRight
301.6219099999871	EXP	szo_kiir: autoDraw = false
301.6219099999871	EXP	koszi_szoveg: autoDraw = true
303.04145999997854	DATA	Keydown: ArrowRight
304.50103499996476	DATA	Keydown:  
