0.38065499998629093	EXP	Created Window = Window( name=Window, fullscr=true, color=#000000, units=norm, waitBlanking=true, autoLog=true, size=[1366,663] )
12.977459999994608	DATA	Keydown: undefined
15.797285000007832	DATA	Keydown: undefined
18.75964999999269	DATA	Keydown: undefined
21.536209999991115	DATA	Keydown: 1
21.99541999999201	DATA	Keydown: 3
47.458950000000186	EXP	Created instruction_text1 = TextStim( name=instruction_text1, win=Window( name=Window, fullscr=true, color=#000000, ~), autoDraw=null, autoLog=true, units=norm, ori=null, opacity=1, pos=[0,0], size=undefined, text=Ön most szavakat fog látni.

Ezek között lesznek o~, font=Arial, color=#ffffff, contrast=1, height=0.05, bold=null, italic=null, alignHoriz=left, alignVert=center, wrapWidth=1, flipHoriz=null, flipVert=null )
47.470624999987194	EXP	Created instruction_text2 = TextStim( name=instruction_text2, win=Window( name=Window, fullscr=true, color=#000000, ~), autoDraw=null, autoLog=true, units=norm, ori=null, opacity=1, pos=[0,0], size=undefined, text=Először két egyszerű példát mutatunk Önnek.

Az el~, font=Arial, color=#FFFFFF, contrast=1, height=0.05, bold=null, italic=null, alignHoriz=left, alignVert=center, wrapWidth=1, flipHoriz=null, flipVert=null )
47.478020000009565	EXP	Created show_text = TextStim( name=show_text, win=Window( name=Window, fullscr=true, color=#000000, ~), autoDraw=null, autoLog=true, units=norm, ori=null, opacity=1, pos=[0,0], size=undefined, text=asztal, font=Arial, color=#FFFFFF, contrast=1, height=0.2, bold=null, italic=null, alignHoriz=left, alignVert=center, wrapWidth=1, flipHoriz=null, flipVert=null )
47.48590500000864	EXP	Created text = TextStim( name=text, win=Window( name=Window, fullscr=true, color=#000000, ~), autoDraw=null, autoLog=true, units=norm, ori=null, opacity=1, pos=[0,0], size=undefined, text=bzsmfsztal, font=Arial, color=#FFFFFF, contrast=1, height=0.2, bold=null, italic=null, alignHoriz=left, alignVert=center, wrapWidth=1, flipHoriz=null, flipVert=null )
47.49273500000709	EXP	Created instruction_text3 = TextStim( name=instruction_text3, win=Window( name=Window, fullscr=true, color=#000000, ~), autoDraw=null, autoLog=true, units=norm, ori=null, opacity=1, pos=[0,0], size=undefined, text=Pazar. Most kezdődik az igazi kísérlet. Néhány per~, font=Arial, color=#FFFFFF, contrast=1, height=0.1, bold=null, italic=null, alignHoriz=left, alignVert=center, wrapWidth=1, flipHoriz=null, flipVert=null )
47.49867000000086	EXP	Created szo_kiir = TextStim( name=szo_kiir, win=Window( name=Window, fullscr=true, color=#000000, ~), autoDraw=null, autoLog=true, units=norm, ori=null, opacity=1, pos=[0,0], size=undefined, text=default text, font=Arial, color=#FFFFFF, contrast=1, height=0.2, bold=null, italic=null, alignHoriz=left, alignVert=center, wrapWidth=1, flipHoriz=null, flipVert=null )
47.50445000000764	EXP	Created koszi_szoveg = TextStim( name=koszi_szoveg, win=Window( name=Window, fullscr=true, color=#000000, ~), autoDraw=null, autoLog=true, units=norm, ori=null, opacity=1, pos=[0,0], size=undefined, text=Vége a kísérletnek. Köszönjük a részvételt!, font=arial, color=#ffffff, contrast=1, height=0.1, bold=null, italic=null, alignHoriz=left, alignVert=center, wrapWidth=1, flipHoriz=null, flipVert=null )
48.01345999998739	EXP	instruction_text1: units = "norm"
48.01345999998739	EXP	instruction_text1: ori = 0
48.01345999998739	EXP	instruction_text1: opacity = 1
48.01345999998739	EXP	instruction_text1: pos = [0,0]
48.01345999998739	EXP	instruction_text1: size = undefined
48.01345999998739	EXP	instruction_text1: text = "Ön most szavakat fog látni.\n\nEzek között lesznek olyanok, amelyeket ismer, de előfordulhatnak olyanok is, amelyeket nem ismer, sőt, vannak köztük kitalált szavak is. \n\nKérjük, ha ismeri a képernyőn látható szót, nyomja meg a JOBB kurzorbillentyűt.\nKérjük, ha NEM ismeri a képernyőn látható szót, vagy azt gondolja, nincs ilyen szó a magyarban, nyomja meg a BAL kurzorbillentyűt.\n\nAz 'Ismerem a szót' döntés itt most ezt jelenti: találkoztam már vele, és van valami elképzelésem a jelentéséről is.  \n\nNyomjon meg bármilyen billentyűt a folytatáshoz."
48.01345999998739	EXP	instruction_text1: font = "Arial"
48.01345999998739	EXP	instruction_text1: color = {"_rgb":[1,1,1]}
48.01345999998739	EXP	instruction_text1: contrast = 1
48.01345999998739	EXP	instruction_text1: height = 0.05
48.01345999998739	EXP	instruction_text1: bold = false
48.01345999998739	EXP	instruction_text1: italic = false
48.01345999998739	EXP	instruction_text1: alignHoriz = "left"
48.01345999998739	EXP	instruction_text1: alignVert = "center"
48.01345999998739	EXP	instruction_text1: wrapWidth = 1
48.01345999998739	EXP	instruction_text1: flipHoriz = false
48.01345999998739	EXP	instruction_text1: flipVert = false
48.01345999998739	EXP	instruction_text2: units = "norm"
48.01345999998739	EXP	instruction_text2: ori = 0
48.01345999998739	EXP	instruction_text2: opacity = 1
48.01345999998739	EXP	instruction_text2: pos = [0,0]
48.01345999998739	EXP	instruction_text2: size = undefined
48.01345999998739	EXP	instruction_text2: text = "Először két egyszerű példát mutatunk Önnek.\n\nAz első szó létezik a magyarban, és valószínűleg Ön is ismeri. Itt nyomja majd meg a jobb kurzorbillentyűt.\nA második szó nem létezik a magyar nyelvben. Itt nyomja majd meg a bal kurzorbillentyűt.\n\nFontos, hogy a jobb gombot a jobb kezével, a bal gombot a bal kezével nyomja, ha tudja, és ne egy kezét használja a kísérletben.\n\nNyomjon meg bármilyen gombot a folytatáshoz."
48.01345999998739	EXP	instruction_text2: font = "Arial"
48.01345999998739	EXP	instruction_text2: color = {"_hex":"#FFFFFF","_rgb":[1,1,1]}
48.01345999998739	EXP	instruction_text2: contrast = 1
48.01345999998739	EXP	instruction_text2: height = 0.05
48.01345999998739	EXP	instruction_text2: bold = false
48.01345999998739	EXP	instruction_text2: italic = false
48.01345999998739	EXP	instruction_text2: alignHoriz = "left"
48.01345999998739	EXP	instruction_text2: alignVert = "center"
48.01345999998739	EXP	instruction_text2: wrapWidth = 1
48.01345999998739	EXP	instruction_text2: flipHoriz = false
48.01345999998739	EXP	instruction_text2: flipVert = false
48.01345999998739	EXP	show_text: units = "norm"
48.01345999998739	EXP	show_text: ori = 0
48.01345999998739	EXP	show_text: opacity = 1
48.01345999998739	EXP	show_text: pos = [0,0]
48.01345999998739	EXP	show_text: size = undefined
48.01345999998739	EXP	show_text: text = "asztal"
48.01345999998739	EXP	show_text: font = "Arial"
48.01345999998739	EXP	show_text: color = {"_hex":"#FFFFFF","_rgb":[1,1,1]}
48.01345999998739	EXP	show_text: contrast = 1
48.01345999998739	EXP	show_text: height = 0.2
48.01345999998739	EXP	show_text: bold = false
48.01345999998739	EXP	show_text: italic = false
48.01345999998739	EXP	show_text: alignHoriz = "left"
48.01345999998739	EXP	show_text: alignVert = "center"
48.01345999998739	EXP	show_text: wrapWidth = 1
48.01345999998739	EXP	show_text: flipHoriz = false
48.01345999998739	EXP	show_text: flipVert = false
48.01345999998739	EXP	text: units = "norm"
48.01345999998739	EXP	text: ori = 0
48.01345999998739	EXP	text: opacity = 1
48.01345999998739	EXP	text: pos = [0,0]
48.01345999998739	EXP	text: size = undefined
48.01345999998739	EXP	text: text = "bzsmfsztal"
48.01345999998739	EXP	text: font = "Arial"
48.01345999998739	EXP	text: color = {"_hex":"#FFFFFF","_rgb":[1,1,1]}
48.01345999998739	EXP	text: contrast = 1
48.01345999998739	EXP	text: height = 0.2
48.01345999998739	EXP	text: bold = false
48.01345999998739	EXP	text: italic = false
48.01345999998739	EXP	text: alignHoriz = "left"
48.01345999998739	EXP	text: alignVert = "center"
48.01345999998739	EXP	text: wrapWidth = 1
48.01345999998739	EXP	text: flipHoriz = false
48.01345999998739	EXP	text: flipVert = false
48.01345999998739	EXP	instruction_text3: units = "norm"
48.01345999998739	EXP	instruction_text3: ori = 0
48.01345999998739	EXP	instruction_text3: opacity = 1
48.01345999998739	EXP	instruction_text3: pos = [0,0]
48.01345999998739	EXP	instruction_text3: size = undefined
48.01345999998739	EXP	instruction_text3: text = "Pazar. Most kezdődik az igazi kísérlet. Néhány percig fog tartani. Nem kell nagyon sietnie, de igyekezzen gyorsan válaszolni.\n\nNe feledje, ha tudja, a jobb gombot a jobbkezével, a bal gombot a balkezével nyomja le.\n\nNyomjon meg bármilyen gombot a folytatáshoz."
48.01345999998739	EXP	instruction_text3: font = "Arial"
48.01345999998739	EXP	instruction_text3: color = {"_hex":"#FFFFFF","_rgb":[1,1,1]}
48.01345999998739	EXP	instruction_text3: contrast = 1
48.01345999998739	EXP	instruction_text3: height = 0.1
48.01345999998739	EXP	instruction_text3: bold = false
48.01345999998739	EXP	instruction_text3: italic = false
48.01345999998739	EXP	instruction_text3: alignHoriz = "left"
48.01345999998739	EXP	instruction_text3: alignVert = "center"
48.01345999998739	EXP	instruction_text3: wrapWidth = 1
48.01345999998739	EXP	instruction_text3: flipHoriz = false
48.01345999998739	EXP	instruction_text3: flipVert = false
48.01345999998739	EXP	szo_kiir: units = "norm"
48.01345999998739	EXP	szo_kiir: ori = 0
48.01345999998739	EXP	szo_kiir: opacity = 1
48.01345999998739	EXP	szo_kiir: pos = [0,0]
48.01345999998739	EXP	szo_kiir: size = undefined
48.01345999998739	EXP	szo_kiir: text = "default text"
48.01345999998739	EXP	szo_kiir: font = "Arial"
48.01345999998739	EXP	szo_kiir: color = {"_hex":"#FFFFFF","_rgb":[1,1,1]}
48.01345999998739	EXP	szo_kiir: contrast = 1
48.01345999998739	EXP	szo_kiir: height = 0.2
48.01345999998739	EXP	szo_kiir: bold = false
48.01345999998739	EXP	szo_kiir: italic = false
48.01345999998739	EXP	szo_kiir: alignHoriz = "left"
48.01345999998739	EXP	szo_kiir: alignVert = "center"
48.01345999998739	EXP	szo_kiir: wrapWidth = 1
48.01345999998739	EXP	szo_kiir: flipHoriz = false
48.01345999998739	EXP	szo_kiir: flipVert = false
48.01345999998739	EXP	koszi_szoveg: units = "norm"
48.01345999998739	EXP	koszi_szoveg: ori = 0
48.01345999998739	EXP	koszi_szoveg: opacity = 1
48.01345999998739	EXP	koszi_szoveg: pos = [0,0]
48.01345999998739	EXP	koszi_szoveg: size = undefined
48.01345999998739	EXP	koszi_szoveg: text = "Vége a kísérletnek. Köszönjük a részvételt!"
48.01345999998739	EXP	koszi_szoveg: font = "arial"
48.01345999998739	EXP	koszi_szoveg: color = {"_rgb":[1,1,1]}
48.01345999998739	EXP	koszi_szoveg: contrast = 1
48.01345999998739	EXP	koszi_szoveg: height = 0.1
48.01345999998739	EXP	koszi_szoveg: bold = false
48.01345999998739	EXP	koszi_szoveg: italic = false
48.01345999998739	EXP	koszi_szoveg: alignHoriz = "left"
48.01345999998739	EXP	koszi_szoveg: alignVert = "center"
48.01345999998739	EXP	koszi_szoveg: wrapWidth = 1
48.01345999998739	EXP	koszi_szoveg: flipHoriz = false
48.01345999998739	EXP	koszi_szoveg: flipVert = false
48.01345999998739	EXP	instruction_text1: autoDraw = true
54.42511499999091	DATA	Keydown:  
54.51908500000718	EXP	instruction_text1: autoDraw = false
54.51908500000718	EXP	instruction_text2: autoDraw = true
55.24148999998579	DATA	Keydown:  
55.254690000001574	EXP	instruction_text2: autoDraw = false
55.813904999988154	EXP	show_text: autoDraw = true
57.44183999998495	DATA	Keydown: ArrowRight
57.45686000000569	EXP	show_text: autoDraw = false
57.97323000000324	EXP	text: autoDraw = true
58.794885000010254	DATA	Keydown: ArrowLeft
58.89730499999132	EXP	text: autoDraw = false
58.89730499999132	EXP	instruction_text3: autoDraw = true
65.67605999999796	DATA	Keydown:  
65.91844000000856	EXP	instruction_text3: autoDraw = false
65.91844000000856	EXP	szo_kiir: color = {"_rgb":[1,1,1]}
65.91844000000856	EXP	szo_kiir: text = "tartozik"
66.45467000000644	EXP	szo_kiir: autoDraw = true
67.34046999999555	DATA	Keydown: ArrowRight
67.35694999998668	EXP	szo_kiir: autoDraw = false
67.35694999998668	EXP	szo_kiir: color = {"_rgb":[1,1,1]}
67.35694999998668	EXP	szo_kiir: text = "nehéz"
67.88856500000111	EXP	szo_kiir: autoDraw = true
68.57483999998658	DATA	Keydown: ArrowRight
68.72318000000087	EXP	szo_kiir: autoDraw = false
68.72318000000087	EXP	szo_kiir: color = {"_rgb":[1,1,1]}
68.72318000000087	EXP	szo_kiir: text = "rozintem"
69.25811999998405	EXP	szo_kiir: autoDraw = true
70.05817999999272	DATA	Keydown: ArrowLeft
70.0705350000062	EXP	szo_kiir: autoDraw = false
70.0705350000062	EXP	szo_kiir: color = {"_rgb":[1,1,1]}
70.0705350000062	EXP	szo_kiir: text = "speciális"
70.59179000000586	EXP	szo_kiir: autoDraw = true
71.32438499998534	DATA	Keydown: ArrowRight
71.3954950000043	EXP	szo_kiir: autoDraw = false
71.3954950000043	EXP	szo_kiir: color = {"_rgb":[1,1,1]}
71.3954950000043	EXP	szo_kiir: text = "szem"
71.90739999999641	EXP	szo_kiir: autoDraw = true
72.62309999999707	DATA	Keydown: ArrowRight
72.63837000000058	EXP	szo_kiir: autoDraw = false
72.63837000000058	EXP	szo_kiir: color = {"_rgb":[1,1,1]}
72.63837000000058	EXP	szo_kiir: text = "anaszsében"
73.16036999999778	EXP	szo_kiir: autoDraw = true
75.20944999999483	DATA	Keydown: ArrowLeft
75.37028000000282	EXP	szo_kiir: autoDraw = false
75.37028000000282	EXP	szo_kiir: color = {"_rgb":[1,1,1]}
75.37028000000282	EXP	szo_kiir: text = "recialice"
75.88786499999696	EXP	szo_kiir: autoDraw = true
76.72474999999395	DATA	Keydown: ArrowLeft
76.75318999998854	EXP	szo_kiir: autoDraw = false
76.75318999998854	EXP	szo_kiir: color = {"_rgb":[1,1,1]}
76.75318999998854	EXP	szo_kiir: text = "kész"
77.26261499998509	EXP	szo_kiir: autoDraw = true
77.94360500000766	DATA	Keydown: ArrowRight
77.98999499998172	EXP	szo_kiir: autoDraw = false
77.98999499998172	EXP	szo_kiir: color = {"_rgb":[1,1,1]}
77.98999499998172	EXP	szo_kiir: text = "storka"
78.50409000000218	EXP	szo_kiir: autoDraw = true
79.48955500000739	DATA	Keydown: ArrowLeft
79.50359999999637	EXP	szo_kiir: autoDraw = false
79.50359999999637	EXP	szo_kiir: color = {"_rgb":[1,1,1]}
79.50359999999637	EXP	szo_kiir: text = "szint"
80.01196999999229	EXP	szo_kiir: autoDraw = true
80.75632499999483	DATA	Keydown: ArrowRight
80.80926499998895	EXP	szo_kiir: autoDraw = false
80.80926499998895	EXP	szo_kiir: color = {"_rgb":[1,1,1]}
80.80926499998895	EXP	szo_kiir: text = "üveg"
81.336804999999	EXP	szo_kiir: autoDraw = true
81.91750999999931	DATA	Keydown: ArrowRight
81.93558499999926	EXP	szo_kiir: autoDraw = false
81.93558499999926	EXP	szo_kiir: color = {"_rgb":[1,1,1]}
81.93558499999926	EXP	szo_kiir: text = "mobil"
82.45358500001021	EXP	szo_kiir: autoDraw = true
83.30576499999734	DATA	Keydown: ArrowRight
83.35565499999211	EXP	szo_kiir: autoDraw = false
83.35565499999211	EXP	szo_kiir: color = {"_rgb":[1,1,1]}
83.35565499999211	EXP	szo_kiir: text = "létesítmény"
83.87484999999288	EXP	szo_kiir: autoDraw = true
84.65698999998858	DATA	Keydown: ArrowRight
84.67053000000305	EXP	szo_kiir: autoDraw = false
84.67053000000305	EXP	szo_kiir: color = {"_rgb":[1,1,1]}
84.67053000000305	EXP	szo_kiir: text = "borhátsz"
85.19094999998924	EXP	szo_kiir: autoDraw = true
86.10934999998426	DATA	Keydown: ArrowRight
86.11946499999613	EXP	szo_kiir: autoDraw = false
86.11946499999613	EXP	szo_kiir: color = {"_rgb":[1,1,1]}
86.11946499999613	EXP	szo_kiir: text = "kislány"
86.6366149999958	EXP	szo_kiir: autoDraw = true
87.70561999999336	DATA	Keydown: ArrowRight
87.78314499999397	EXP	szo_kiir: autoDraw = false
87.78314499999397	EXP	szo_kiir: color = {"_rgb":[1,1,1]}
87.78314499999397	EXP	szo_kiir: text = "kéz"
88.30687999998918	EXP	szo_kiir: autoDraw = true
88.97184499999275	DATA	Keydown: ArrowRight
88.98684500000672	EXP	szo_kiir: autoDraw = false
88.98684500000672	EXP	szo_kiir: color = {"_rgb":[1,1,1]}
88.98684500000672	EXP	szo_kiir: text = "krém"
89.50746999998228	EXP	szo_kiir: autoDraw = true
90.37210499998764	DATA	Keydown: ArrowRight
90.42537499999162	EXP	szo_kiir: autoDraw = false
90.42537499999162	EXP	szo_kiir: color = {"_rgb":[1,1,1]}
90.42537499999162	EXP	szo_kiir: text = "alkot"
90.93653999999515	EXP	szo_kiir: autoDraw = true
91.89031499999692	DATA	Keydown: ArrowRight
91.90325499998289	EXP	szo_kiir: autoDraw = false
91.90325499998289	EXP	szo_kiir: color = {"_rgb":[1,1,1]}
91.90325499998289	EXP	szo_kiir: text = "remény"
92.42212999999174	EXP	szo_kiir: autoDraw = true
93.10550499998499	DATA	Keydown: ArrowRight
93.16006500000367	EXP	szo_kiir: autoDraw = false
93.16006500000367	EXP	szo_kiir: color = {"_rgb":[1,1,1]}
93.16006500000367	EXP	szo_kiir: text = "repülőgép"
93.6852249999938	EXP	szo_kiir: autoDraw = true
94.43797999998787	DATA	Keydown: ArrowRight
94.45193999999901	EXP	szo_kiir: autoDraw = false
94.45193999999901	EXP	szo_kiir: color = {"_rgb":[1,1,1]}
94.45193999999901	EXP	szo_kiir: text = "melő"
94.96911499998532	EXP	szo_kiir: autoDraw = true
96.02178000001004	DATA	Keydown: ArrowLeft
96.07308000000194	EXP	szo_kiir: autoDraw = false
96.07308000000194	EXP	szo_kiir: color = {"_rgb":[1,1,1]}
96.07308000000194	EXP	szo_kiir: text = "forgatókönyv"
96.601324999996	EXP	szo_kiir: autoDraw = true
97.38954000000376	DATA	Keydown: ArrowRight
97.4178200000024	EXP	szo_kiir: autoDraw = false
97.4178200000024	EXP	szo_kiir: color = {"_rgb":[1,1,1]}
97.4178200000024	EXP	szo_kiir: text = "kilolvai"
97.91883499998949	EXP	szo_kiir: autoDraw = true
99.02254000000539	DATA	Keydown: ArrowLeft
99.0847000000067	EXP	szo_kiir: autoDraw = false
99.0847000000067	EXP	szo_kiir: color = {"_rgb":[1,1,1]}
99.0847000000067	EXP	szo_kiir: text = "naptár"
99.60255499999039	EXP	szo_kiir: autoDraw = true
100.57079999998678	DATA	Keydown: ArrowRight
100.58455500000855	EXP	szo_kiir: autoDraw = false
100.58455500000855	EXP	szo_kiir: color = {"_rgb":[1,1,1]}
100.58455500000855	EXP	szo_kiir: text = "gótikus"
101.09279999998398	EXP	szo_kiir: autoDraw = true
102.15610500000184	DATA	Keydown: ArrowRight
102.20126000000164	EXP	szo_kiir: autoDraw = false
102.20126000000164	EXP	szo_kiir: color = {"_rgb":[1,1,1]}
102.20126000000164	EXP	szo_kiir: text = "alapszabály"
102.71976499998709	EXP	szo_kiir: autoDraw = true
103.62255000000005	DATA	Keydown: ArrowRight
103.63625499999034	EXP	szo_kiir: autoDraw = false
103.63625499999034	EXP	szo_kiir: color = {"_rgb":[1,1,1]}
103.63625499999034	EXP	szo_kiir: text = "kilogramm"
104.15803500000038	EXP	szo_kiir: autoDraw = true
105.42152999999234	DATA	Keydown: ArrowRight
105.47333000000799	EXP	szo_kiir: autoDraw = false
105.47333000000799	EXP	szo_kiir: color = {"_rgb":[1,1,1]}
105.47333000000799	EXP	szo_kiir: text = "had"
105.9936999999918	EXP	szo_kiir: autoDraw = true
106.67112499999348	DATA	Keydown: ArrowRight
106.68592499999795	EXP	szo_kiir: autoDraw = false
106.68592499999795	EXP	szo_kiir: color = {"_rgb":[1,1,1]}
106.68592499999795	EXP	szo_kiir: text = "numen"
107.20715999999084	EXP	szo_kiir: autoDraw = true
108.00624499999685	DATA	Keydown: ArrowLeft
108.05740499999956	EXP	szo_kiir: autoDraw = false
108.05740499999956	EXP	szo_kiir: color = {"_rgb":[1,1,1]}
108.05740499999956	EXP	szo_kiir: text = "sampon"
108.5722099999839	EXP	szo_kiir: autoDraw = true
109.28675500000827	DATA	Keydown: ArrowRight
109.3031750000082	EXP	szo_kiir: autoDraw = false
109.3031750000082	EXP	szo_kiir: color = {"_rgb":[1,1,1]}
109.3031750000082	EXP	szo_kiir: text = "puharmes"
109.82078499998897	EXP	szo_kiir: autoDraw = true
111.43671499998891	DATA	Keydown: ArrowLeft
111.56845500000054	EXP	szo_kiir: autoDraw = false
111.56845500000054	EXP	szo_kiir: color = {"_rgb":[1,1,1]}
111.56845500000054	EXP	szo_kiir: text = "határidejű"
112.10105999998632	EXP	szo_kiir: autoDraw = true
113.21419500000775	DATA	Keydown: ArrowRight
113.23324999999022	EXP	szo_kiir: autoDraw = false
113.23324999999022	EXP	szo_kiir: color = {"_rgb":[1,1,1]}
113.23324999999022	EXP	szo_kiir: text = "gyalaha"
113.7356049999944	EXP	szo_kiir: autoDraw = true
114.58546499998192	DATA	Keydown: ArrowLeft
114.65430500000366	EXP	szo_kiir: autoDraw = false
114.65430500000366	EXP	szo_kiir: color = {"_rgb":[1,1,1]}
114.65430500000366	EXP	szo_kiir: text = "végbél"
115.1762699999963	EXP	szo_kiir: autoDraw = true
115.9205849999853	DATA	Keydown: ArrowRight
115.9349949999887	EXP	szo_kiir: autoDraw = false
115.9349949999887	EXP	szo_kiir: color = {"_rgb":[1,1,1]}
115.9349949999887	EXP	szo_kiir: text = "pirigari"
116.45566499998677	EXP	szo_kiir: autoDraw = true
117.33758500000113	DATA	Keydown: ArrowLeft
117.43658000000869	EXP	szo_kiir: autoDraw = false
117.43658000000869	EXP	szo_kiir: color = {"_rgb":[1,1,1]}
117.43658000000869	EXP	szo_kiir: text = "fázik"
117.97073999998975	EXP	szo_kiir: autoDraw = true
118.58688499999698	DATA	Keydown: ArrowRight
118.61645000000135	EXP	szo_kiir: autoDraw = false
118.61645000000135	EXP	szo_kiir: color = {"_rgb":[1,1,1]}
118.61645000000135	EXP	szo_kiir: text = "foglaltatik"
119.13437499999418	EXP	szo_kiir: autoDraw = true
120.27992000000086	DATA	Keydown: ArrowRight
120.32162999999127	EXP	szo_kiir: autoDraw = false
120.32162999999127	EXP	szo_kiir: color = {"_rgb":[1,1,1]}
120.32162999999127	EXP	szo_kiir: text = "köztett"
120.83895999999368	EXP	szo_kiir: autoDraw = true
121.86937000000034	DATA	Keydown: ArrowRight
121.88342500000726	EXP	szo_kiir: autoDraw = false
121.88342500000726	EXP	szo_kiir: color = {"_rgb":[1,1,1]}
121.88342500000726	EXP	szo_kiir: text = "stasassző"
122.4009800000058	EXP	szo_kiir: autoDraw = true
123.48613000000478	DATA	Keydown: ArrowLeft
123.50002499998664	EXP	szo_kiir: autoDraw = false
123.50002499998664	EXP	szo_kiir: color = {"_rgb":[1,1,1]}
123.50002499998664	EXP	szo_kiir: text = "virágpor"
124.01709000000847	EXP	szo_kiir: autoDraw = true
125.10186999998405	DATA	Keydown: ArrowRight
125.15159999998286	EXP	szo_kiir: autoDraw = false
125.15159999998286	EXP	szo_kiir: color = {"_rgb":[1,1,1]}
125.15159999998286	EXP	szo_kiir: text = "ideál"
125.67399999999907	EXP	szo_kiir: autoDraw = true
126.4263599999831	DATA	Keydown: ArrowRight
126.43483499999274	EXP	szo_kiir: autoDraw = false
126.43483499999274	EXP	szo_kiir: color = {"_rgb":[1,1,1]}
126.43483499999274	EXP	szo_kiir: text = "sárgaréz"
126.95316499998444	EXP	szo_kiir: autoDraw = true
127.61979500000598	DATA	Keydown: ArrowRight
127.67540000000736	EXP	szo_kiir: autoDraw = false
127.67540000000736	EXP	szo_kiir: color = {"_rgb":[1,1,1]}
127.67540000000736	EXP	szo_kiir: text = "pátia"
128.18633999998565	EXP	szo_kiir: autoDraw = true
129.25396000000183	DATA	Keydown: ArrowLeft
129.26730499998666	EXP	szo_kiir: autoDraw = false
129.26730499998666	EXP	szo_kiir: color = {"_rgb":[1,1,1]}
129.26730499998666	EXP	szo_kiir: text = "érlelődik"
129.78826500001014	EXP	szo_kiir: autoDraw = true
130.6030150000006	DATA	Keydown: ArrowRight
130.6381649999821	EXP	szo_kiir: autoDraw = false
130.6381649999821	EXP	szo_kiir: color = {"_rgb":[1,1,1]}
130.6381649999821	EXP	szo_kiir: text = "altet"
131.15301499998895	EXP	szo_kiir: autoDraw = true
132.08707499998854	DATA	Keydown: ArrowLeft
132.10120499998447	EXP	szo_kiir: autoDraw = false
132.10120499998447	EXP	szo_kiir: color = {"_rgb":[1,1,1]}
132.10120499998447	EXP	szo_kiir: text = "érkésztás"
132.6229100000055	EXP	szo_kiir: autoDraw = true
134.10243999998784	DATA	Keydown: ArrowLeft
134.14892999999574	EXP	szo_kiir: autoDraw = false
134.14892999999574	EXP	szo_kiir: color = {"_rgb":[1,1,1]}
134.14892999999574	EXP	szo_kiir: text = "csatkó"
134.66649999999208	EXP	szo_kiir: autoDraw = true
135.72592999998596	DATA	Keydown: ArrowLeft
135.7487850000034	EXP	szo_kiir: autoDraw = false
135.7487850000034	EXP	szo_kiir: color = {"_rgb":[1,1,1]}
135.7487850000034	EXP	szo_kiir: text = "deutérium"
136.25768999999855	EXP	szo_kiir: autoDraw = true
137.05232499999693	DATA	Keydown: ArrowLeft
137.06703499998548	EXP	szo_kiir: autoDraw = false
137.06703499998548	EXP	szo_kiir: color = {"_rgb":[1,1,1]}
137.06703499998548	EXP	szo_kiir: text = "referál"
137.58900499998708	EXP	szo_kiir: autoDraw = true
138.734930000006	DATA	Keydown: ArrowRight
138.78966000000946	EXP	szo_kiir: autoDraw = false
138.78966000000946	EXP	szo_kiir: color = {"_rgb":[1,1,1]}
138.78966000000946	EXP	szo_kiir: text = "kulcscsont"
139.30124999998952	EXP	szo_kiir: autoDraw = true
140.05230999999912	DATA	Keydown: ArrowRight
140.06523999999627	EXP	szo_kiir: autoDraw = false
140.06523999999627	EXP	szo_kiir: color = {"_rgb":[1,1,1]}
140.06523999999627	EXP	szo_kiir: text = "tanrend"
140.58562500000698	EXP	szo_kiir: autoDraw = true
141.36119999998482	DATA	Keydown: ArrowRight
141.4072349999915	EXP	szo_kiir: autoDraw = false
141.4072349999915	EXP	szo_kiir: color = {"_rgb":[1,1,1]}
141.4072349999915	EXP	szo_kiir: text = "lágyék"
141.919510000007	EXP	szo_kiir: autoDraw = true
142.70657499998924	DATA	Keydown: ArrowRight
142.71539500000654	EXP	szo_kiir: autoDraw = false
142.71539500000654	EXP	szo_kiir: color = {"_rgb":[1,1,1]}
142.71539500000654	EXP	szo_kiir: text = "konzílium"
143.2391549999884	EXP	szo_kiir: autoDraw = true
144.22143000000506	DATA	Keydown: ArrowLeft
144.23201999999583	EXP	szo_kiir: autoDraw = false
144.23201999999583	EXP	szo_kiir: color = {"_rgb":[1,1,1]}
144.23201999999583	EXP	szo_kiir: text = "tipográfus"
144.75040499999886	EXP	szo_kiir: autoDraw = true
145.85068999999203	DATA	Keydown: ArrowRight
145.8984000000055	EXP	szo_kiir: autoDraw = false
145.8984000000055	EXP	szo_kiir: color = {"_rgb":[1,1,1]}
145.8984000000055	EXP	szo_kiir: text = "sziszeg"
146.41941000000224	EXP	szo_kiir: autoDraw = true
147.10696000000462	DATA	Keydown: ArrowRight
147.11518500000238	EXP	szo_kiir: autoDraw = false
147.11518500000238	EXP	szo_kiir: color = {"_rgb":[1,1,1]}
147.11518500000238	EXP	szo_kiir: text = "kurzív"
147.63688000000548	EXP	szo_kiir: autoDraw = true
148.75179999999818	DATA	Keydown: ArrowLeft
148.76540499998373	EXP	szo_kiir: autoDraw = false
148.76540499998373	EXP	szo_kiir: color = {"_rgb":[1,1,1]}
148.76540499998373	EXP	szo_kiir: text = "bocskor"
149.28463999999803	EXP	szo_kiir: autoDraw = true
150.4867099999974	DATA	Keydown: ArrowRight
150.53168499999447	EXP	szo_kiir: autoDraw = false
150.53168499999447	EXP	szo_kiir: color = {"_rgb":[1,1,1]}
150.53168499999447	EXP	szo_kiir: text = "fürkész"
151.05313499999465	EXP	szo_kiir: autoDraw = true
151.83840000000782	DATA	Keydown: ArrowRight
151.84789499998442	EXP	szo_kiir: autoDraw = false
151.84789499998442	EXP	szo_kiir: color = {"_rgb":[1,1,1]}
151.84789499998442	EXP	szo_kiir: text = "firkál"
152.3689299999969	EXP	szo_kiir: autoDraw = true
153.13316999998642	DATA	Keydown: ArrowRight
153.18336500000441	EXP	szo_kiir: autoDraw = false
153.18336500000441	EXP	szo_kiir: color = {"_rgb":[1,1,1]}
153.18336500000441	EXP	szo_kiir: text = "martalóc"
153.7010500000033	EXP	szo_kiir: autoDraw = true
154.824575000006	DATA	Keydown: ArrowRight
154.8321799999976	EXP	szo_kiir: autoDraw = false
154.8321799999976	EXP	szo_kiir: color = {"_rgb":[1,1,1]}
154.8321799999976	EXP	szo_kiir: text = "zökkévei"
155.3549199999834	EXP	szo_kiir: autoDraw = true
156.49992999999085	DATA	Keydown: ArrowLeft
156.54944999999134	EXP	szo_kiir: autoDraw = false
156.54944999999134	EXP	szo_kiir: color = {"_rgb":[1,1,1]}
156.54944999999134	EXP	szo_kiir: text = "megrohad"
157.06661999999778	EXP	szo_kiir: autoDraw = true
157.91758499998832	DATA	Keydown: ArrowRight
157.9307700000063	EXP	szo_kiir: autoDraw = false
157.9307700000063	EXP	szo_kiir: color = {"_rgb":[1,1,1]}
157.9307700000063	EXP	szo_kiir: text = "kollapszus"
158.450359999988	EXP	szo_kiir: autoDraw = true
159.45085500000278	DATA	Keydown: ArrowLeft
159.46417500000098	EXP	szo_kiir: autoDraw = false
159.46417500000098	EXP	szo_kiir: color = {"_rgb":[1,1,1]}
159.46417500000098	EXP	szo_kiir: text = "vakaródzik"
159.98393499999656	EXP	szo_kiir: autoDraw = true
161.16680999999517	DATA	Keydown: ArrowRight
161.20762500001	EXP	szo_kiir: autoDraw = false
161.20762500001	EXP	szo_kiir: color = {"_rgb":[1,1,1]}
161.20762500001	EXP	szo_kiir: text = "gádosíthat"
161.71512000000803	EXP	szo_kiir: autoDraw = true
163.4174650000059	DATA	Keydown: ArrowLeft
163.43005500000436	EXP	szo_kiir: autoDraw = false
163.43005500000436	EXP	szo_kiir: color = {"_rgb":[1,1,1]}
163.43005500000436	EXP	szo_kiir: text = "ingváll"
163.94974999999977	EXP	szo_kiir: autoDraw = true
165.56668499999796	DATA	Keydown: ArrowLeft
165.5801050000009	EXP	szo_kiir: autoDraw = false
165.5801050000009	EXP	szo_kiir: color = {"_rgb":[1,1,1]}
165.5801050000009	EXP	szo_kiir: text = "vonzum"
166.09858499999973	EXP	szo_kiir: autoDraw = true
167.26566000000457	DATA	Keydown: ArrowLeft
167.3089800000016	EXP	szo_kiir: autoDraw = false
167.3089800000016	EXP	szo_kiir: color = {"_rgb":[1,1,1]}
167.3089800000016	EXP	szo_kiir: text = "kanalaz"
167.83254000000306	EXP	szo_kiir: autoDraw = true
169.04926500000875	DATA	Keydown: ArrowRight
169.06275499999174	EXP	szo_kiir: autoDraw = false
169.06275499999174	EXP	szo_kiir: color = {"_rgb":[1,1,1]}
169.06275499999174	EXP	szo_kiir: text = "sövet"
169.5835650000081	EXP	szo_kiir: autoDraw = true
170.18208500000765	DATA	Keydown: ArrowRight
170.1965499999933	EXP	szo_kiir: autoDraw = false
170.1965499999933	EXP	szo_kiir: color = {"_rgb":[1,1,1]}
170.1965499999933	EXP	szo_kiir: text = "egérlyuk"
170.71663999999873	EXP	szo_kiir: autoDraw = true
172.5828399999882	DATA	Keydown: ArrowRight
172.63125999999465	EXP	szo_kiir: autoDraw = false
172.63125999999465	EXP	szo_kiir: color = {"_rgb":[1,1,1]}
172.63125999999465	EXP	szo_kiir: text = "bajadér"
173.15448999998625	EXP	szo_kiir: autoDraw = true
174.248814999999	DATA	Keydown: ArrowLeft
174.26309500000207	EXP	szo_kiir: autoDraw = false
174.26309500000207	EXP	szo_kiir: color = {"_rgb":[1,1,1]}
174.26309500000207	EXP	szo_kiir: text = "arapapagáj"
174.78211500000907	EXP	szo_kiir: autoDraw = true
175.93166499998188	DATA	Keydown: ArrowRight
175.94693999999436	EXP	szo_kiir: autoDraw = false
175.94693999999436	EXP	szo_kiir: color = {"_rgb":[1,1,1]}
175.94693999999436	EXP	szo_kiir: text = "verizmus"
176.4655849999981	EXP	szo_kiir: autoDraw = true
177.58201499999268	DATA	Keydown: ArrowLeft
177.59580000001006	EXP	szo_kiir: autoDraw = false
177.59580000001006	EXP	szo_kiir: color = {"_rgb":[1,1,1]}
177.59580000001006	EXP	szo_kiir: text = "nyolgató"
178.11621499998728	EXP	szo_kiir: autoDraw = true
179.21525999999722	DATA	Keydown: ArrowLeft
179.25305500000832	EXP	szo_kiir: autoDraw = false
179.25305500000832	EXP	szo_kiir: color = {"_rgb":[1,1,1]}
179.25305500000832	EXP	szo_kiir: text = "homokzátony"
179.76775500000804	EXP	szo_kiir: autoDraw = true
180.7159249999968	DATA	Keydown: ArrowLeft
180.72866999998223	EXP	szo_kiir: autoDraw = false
180.72866999998223	EXP	szo_kiir: color = {"_rgb":[1,1,1]}
180.72866999998223	EXP	szo_kiir: text = "allodiális"
181.24903000000631	EXP	szo_kiir: autoDraw = true
182.3695749999897	DATA	Keydown: ArrowLeft
182.37888000000385	EXP	szo_kiir: autoDraw = false
182.37888000000385	EXP	szo_kiir: color = {"_rgb":[1,1,1]}
182.37888000000385	EXP	szo_kiir: text = "rendő"
182.9006099999824	EXP	szo_kiir: autoDraw = true
184.10400500000105	DATA	Keydown: ArrowLeft
184.1121700000076	EXP	szo_kiir: autoDraw = false
184.1121700000076	EXP	szo_kiir: color = {"_rgb":[1,1,1]}
184.1121700000076	EXP	szo_kiir: text = "majánosol"
184.6326800000097	EXP	szo_kiir: autoDraw = true
186.21547500000452	DATA	Keydown: ArrowLeft
186.25460499999463	EXP	szo_kiir: autoDraw = false
186.25460499999463	EXP	szo_kiir: color = {"_rgb":[1,1,1]}
186.25460499999463	EXP	szo_kiir: text = "heveredik"
186.7660699999833	EXP	szo_kiir: autoDraw = true
187.8312450000085	DATA	Keydown: ArrowRight
187.84486499999184	EXP	szo_kiir: autoDraw = false
187.84486499999184	EXP	szo_kiir: color = {"_rgb":[1,1,1]}
187.84486499999184	EXP	szo_kiir: text = "kontlás"
188.37105499999598	EXP	szo_kiir: autoDraw = true
189.29785000000265	DATA	Keydown: ArrowLeft
189.335774999985	EXP	szo_kiir: autoDraw = false
189.335774999985	EXP	szo_kiir: color = {"_rgb":[1,1,1]}
189.335774999985	EXP	szo_kiir: text = "állótükör"
189.8475299999991	EXP	szo_kiir: autoDraw = true
190.8804700000037	DATA	Keydown: ArrowRight
190.89478000000236	EXP	szo_kiir: autoDraw = false
190.89478000000236	EXP	szo_kiir: color = {"_rgb":[1,1,1]}
190.89478000000236	EXP	szo_kiir: text = "nyurcaret"
191.41352499998175	EXP	szo_kiir: autoDraw = true
192.51547499999288	DATA	Keydown: ArrowLeft
192.5481950000103	EXP	szo_kiir: autoDraw = false
192.5481950000103	EXP	szo_kiir: color = {"_rgb":[1,1,1]}
192.5481950000103	EXP	szo_kiir: text = "libling"
193.0642799999914	EXP	szo_kiir: autoDraw = true
193.84684499999275	DATA	Keydown: ArrowLeft
193.86139000000549	EXP	szo_kiir: autoDraw = false
193.86139000000549	EXP	szo_kiir: color = {"_rgb":[1,1,1]}
193.86139000000549	EXP	szo_kiir: text = "jegedény"
194.38691000000108	EXP	szo_kiir: autoDraw = true
195.3139749999973	DATA	Keydown: ArrowLeft
195.3286950000038	EXP	szo_kiir: autoDraw = false
195.3286950000038	EXP	szo_kiir: color = {"_rgb":[1,1,1]}
195.3286950000038	EXP	szo_kiir: text = "rekvizit"
195.84719999998924	EXP	szo_kiir: autoDraw = true
196.61348500000895	DATA	Keydown: ArrowLeft
196.6277199999895	EXP	szo_kiir: autoDraw = false
196.6277199999895	EXP	szo_kiir: color = {"_rgb":[1,1,1]}
196.6277199999895	EXP	szo_kiir: text = "csöpörög"
197.14923499998986	EXP	szo_kiir: autoDraw = true
197.91320000000997	DATA	Keydown: ArrowRight
197.96322499998496	EXP	szo_kiir: autoDraw = false
197.96322499998496	EXP	szo_kiir: color = {"_rgb":[1,1,1]}
197.96322499998496	EXP	szo_kiir: text = "reztetély"
198.48006999999052	EXP	szo_kiir: autoDraw = true
199.9310950000072	DATA	Keydown: ArrowLeft
199.94458499999018	EXP	szo_kiir: autoDraw = false
199.94458499999018	EXP	szo_kiir: color = {"_rgb":[1,1,1]}
199.94458499999018	EXP	szo_kiir: text = "süteményestál"
200.47685499998624	EXP	szo_kiir: autoDraw = true
202.16355500000645	DATA	Keydown: ArrowRight
202.20512500000768	EXP	szo_kiir: autoDraw = false
202.20512500000768	EXP	szo_kiir: color = {"_rgb":[1,1,1]}
202.20512500000768	EXP	szo_kiir: text = "ízesedik"
202.71684999999707	EXP	szo_kiir: autoDraw = true
203.780620000005	DATA	Keydown: ArrowRight
203.79498999999487	EXP	szo_kiir: autoDraw = false
203.79498999999487	EXP	szo_kiir: color = {"_rgb":[1,1,1]}
203.79498999999487	EXP	szo_kiir: text = "gyűrűz"
204.31558999998379	EXP	szo_kiir: autoDraw = true
205.41352499998175	DATA	Keydown: ArrowRight
205.48602499999106	EXP	szo_kiir: autoDraw = false
205.48602499999106	EXP	szo_kiir: color = {"_rgb":[1,1,1]}
205.48602499999106	EXP	szo_kiir: text = "bolondoz"
205.99828999998863	EXP	szo_kiir: autoDraw = true
207.02973499998916	DATA	Keydown: ArrowRight
207.04467499998282	EXP	szo_kiir: autoDraw = false
207.04467499998282	EXP	szo_kiir: color = {"_rgb":[1,1,1]}
207.04467499998282	EXP	szo_kiir: text = "amodális"
207.56440999999177	EXP	szo_kiir: autoDraw = true
208.73225000000093	DATA	Keydown: ArrowLeft
208.74482500000158	EXP	szo_kiir: autoDraw = false
208.74482500000158	EXP	szo_kiir: color = {"_rgb":[1,1,1]}
208.74482500000158	EXP	szo_kiir: text = "büntetéspénz"
209.2698349999846	EXP	szo_kiir: autoDraw = true
210.64714499999536	DATA	Keydown: ArrowRight
210.68757000000915	EXP	szo_kiir: autoDraw = false
210.68757000000915	EXP	szo_kiir: color = {"_rgb":[1,1,1]}
210.68757000000915	EXP	szo_kiir: text = "tömődékhet"
211.20012500000303	EXP	szo_kiir: autoDraw = true
212.44740000000456	DATA	Keydown: ArrowLeft
212.46153500000946	EXP	szo_kiir: autoDraw = false
212.46153500000946	EXP	szo_kiir: color = {"_rgb":[1,1,1]}
212.46153500000946	EXP	szo_kiir: text = "inta"
212.99319000000833	EXP	szo_kiir: autoDraw = true
214.02080999998725	DATA	Keydown: ArrowLeft
214.05932500000927	EXP	szo_kiir: autoDraw = false
214.05932500000927	EXP	szo_kiir: color = {"_rgb":[1,1,1]}
214.05932500000927	EXP	szo_kiir: text = "diviz"
214.59368499999982	EXP	szo_kiir: autoDraw = true
215.44542999999248	DATA	Keydown: ArrowLeft
215.460070000001	EXP	szo_kiir: autoDraw = false
215.460070000001	EXP	szo_kiir: color = {"_rgb":[1,1,1]}
215.460070000001	EXP	szo_kiir: text = "házorom"
215.98200499999803	EXP	szo_kiir: autoDraw = true
216.9464900000021	DATA	Keydown: ArrowLeft
216.96089499999653	EXP	szo_kiir: autoDraw = false
216.96089499999653	EXP	szo_kiir: color = {"_rgb":[1,1,1]}
216.96089499999653	EXP	szo_kiir: text = "orvatható"
217.48142999998527	EXP	szo_kiir: autoDraw = true
218.68013500000234	DATA	Keydown: ArrowLeft
218.69359000000986	EXP	szo_kiir: autoDraw = false
218.69359000000986	EXP	szo_kiir: color = {"_rgb":[1,1,1]}
218.69359000000986	EXP	szo_kiir: text = "donhuán"
219.21436499999254	EXP	szo_kiir: autoDraw = true
220.07882500000414	DATA	Keydown: ArrowLeft
220.13106499999412	EXP	szo_kiir: autoDraw = false
220.13106499999412	EXP	szo_kiir: color = {"_rgb":[1,1,1]}
220.13106499999412	EXP	szo_kiir: text = "striguláz"
220.64626000000862	EXP	szo_kiir: autoDraw = true
221.9977399999916	DATA	Keydown: ArrowRight
222.01017999998294	EXP	szo_kiir: autoDraw = false
222.01017999998294	EXP	szo_kiir: color = {"_rgb":[1,1,1]}
222.01017999998294	EXP	szo_kiir: text = "mérsékelődik"
222.5299299999897	EXP	szo_kiir: autoDraw = true
223.56453499998315	DATA	Keydown: ArrowRight
223.6091749999905	EXP	szo_kiir: autoDraw = false
223.6091749999905	EXP	szo_kiir: color = {"_rgb":[1,1,1]}
223.6091749999905	EXP	szo_kiir: text = "homoktölcsér"
224.12697499999194	EXP	szo_kiir: autoDraw = true
225.49515499998233	DATA	Keydown: ArrowRight
225.50914499998908	EXP	szo_kiir: autoDraw = false
225.50914499998908	EXP	szo_kiir: color = {"_rgb":[1,1,1]}
225.50914499998908	EXP	szo_kiir: text = "hejehujázik"
226.02674999999	EXP	szo_kiir: autoDraw = true
227.21207000000868	DATA	Keydown: ArrowLeft
227.22521499998402	EXP	szo_kiir: autoDraw = false
227.22521499998402	EXP	szo_kiir: color = {"_rgb":[1,1,1]}
227.22521499998402	EXP	szo_kiir: text = "hendesen"
227.74327499998617	EXP	szo_kiir: autoDraw = true
228.84528000000864	DATA	Keydown: ArrowLeft
228.88485499998205	EXP	szo_kiir: autoDraw = false
228.88485499998205	EXP	szo_kiir: color = {"_rgb":[1,1,1]}
228.88485499998205	EXP	szo_kiir: text = "hajcsárkodik"
229.40062000000034	EXP	szo_kiir: autoDraw = true
230.86392000000342	DATA	Keydown: ArrowLeft
230.8764899999951	EXP	szo_kiir: autoDraw = false
230.8764899999951	EXP	szo_kiir: color = {"_rgb":[1,1,1]}
230.8764899999951	EXP	szo_kiir: text = "kollektivizál"
231.39804000000004	EXP	szo_kiir: autoDraw = true
232.72923500000616	DATA	Keydown: ArrowRight
232.74520999999368	EXP	szo_kiir: autoDraw = false
232.74520999999368	EXP	szo_kiir: color = {"_rgb":[1,1,1]}
232.74520999999368	EXP	szo_kiir: text = "tángál"
233.26280999998562	EXP	szo_kiir: autoDraw = true
234.47962999998708	DATA	Keydown: ArrowLeft
234.4932550000085	EXP	szo_kiir: autoDraw = false
234.4932550000085	EXP	szo_kiir: color = {"_rgb":[1,1,1]}
234.4932550000085	EXP	szo_kiir: text = "takorák"
235.0149650000094	EXP	szo_kiir: autoDraw = true
235.79600999999093	DATA	Keydown: ArrowLeft
235.85107000000426	EXP	szo_kiir: autoDraw = false
235.85107000000426	EXP	szo_kiir: color = {"_rgb":[1,1,1]}
235.85107000000426	EXP	szo_kiir: text = "visszín"
236.36682999998447	EXP	szo_kiir: autoDraw = true
237.29482499998994	DATA	Keydown: ArrowLeft
237.30971500001033	EXP	szo_kiir: autoDraw = false
237.30971500001033	EXP	szo_kiir: color = {"_rgb":[1,1,1]}
237.30971500001033	EXP	szo_kiir: text = "bajuszfű"
237.83191499998793	EXP	szo_kiir: autoDraw = true
239.32928499998525	DATA	Keydown: ArrowLeft
239.34201999998186	EXP	szo_kiir: autoDraw = false
239.34201999998186	EXP	szo_kiir: color = {"_rgb":[1,1,1]}
239.34201999998186	EXP	szo_kiir: text = "öklelőzik"
239.86118000000715	EXP	szo_kiir: autoDraw = true
242.19516999999178	DATA	Keydown: ArrowLeft
242.20918499998515	EXP	szo_kiir: autoDraw = false
242.20918499998515	EXP	szo_kiir: color = {"_rgb":[1,1,1]}
242.20918499998515	EXP	szo_kiir: text = "irtókert"
242.72961999999825	EXP	szo_kiir: autoDraw = true
243.76658500000485	DATA	Keydown: ArrowLeft
243.83861000000616	EXP	szo_kiir: autoDraw = false
243.83861000000616	EXP	szo_kiir: color = {"_rgb":[1,1,1]}
243.83861000000616	EXP	szo_kiir: text = "szervusz"
244.36506999999983	EXP	szo_kiir: autoDraw = true
245.29555000000983	DATA	Keydown: ArrowRight
245.3090899999952	EXP	szo_kiir: autoDraw = false
245.3090899999952	EXP	szo_kiir: color = {"_rgb":[1,1,1]}
245.3090899999952	EXP	szo_kiir: text = "léghajózik"
245.8334399999876	EXP	szo_kiir: autoDraw = true
246.71186000001035	DATA	Keydown: ArrowRight
246.77320999998483	EXP	szo_kiir: autoDraw = false
246.77320999998483	EXP	szo_kiir: color = {"_rgb":[1,1,1]}
246.77320999998483	EXP	szo_kiir: text = "skubizik"
247.29298999998719	EXP	szo_kiir: autoDraw = true
248.87740500000655	DATA	Keydown: ArrowRight
248.89104499999667	EXP	szo_kiir: autoDraw = false
248.89104499999667	EXP	szo_kiir: color = {"_rgb":[1,1,1]}
248.89104499999667	EXP	szo_kiir: text = "kosi"
249.40878999998677	EXP	szo_kiir: autoDraw = true
250.8952949999948	DATA	Keydown: ArrowLeft
250.94139500000165	EXP	szo_kiir: autoDraw = false
250.94139500000165	EXP	szo_kiir: color = {"_rgb":[1,1,1]}
250.94139500000165	EXP	szo_kiir: text = "föllélegez"
251.4742350000015	EXP	szo_kiir: autoDraw = true
252.55074999999488	DATA	Keydown: ArrowRight
252.57295999999042	EXP	szo_kiir: autoDraw = false
252.57295999999042	EXP	szo_kiir: color = {"_rgb":[1,1,1]}
252.57295999999042	EXP	szo_kiir: text = "szélmalomszárny"
253.09130000000005	EXP	szo_kiir: autoDraw = true
254.30071000001044	DATA	Keydown: ArrowRight
254.3395850000088	EXP	szo_kiir: autoDraw = false
254.3395850000088	EXP	szo_kiir: color = {"_rgb":[1,1,1]}
254.3395850000088	EXP	szo_kiir: text = "viaszoz"
254.8608349999995	EXP	szo_kiir: autoDraw = true
255.69320999999763	DATA	Keydown: ArrowRight
255.7082099999825	EXP	szo_kiir: autoDraw = false
255.7082099999825	EXP	szo_kiir: color = {"_rgb":[1,1,1]}
255.7082099999825	EXP	szo_kiir: text = "csapáz"
256.22997499999474	EXP	szo_kiir: autoDraw = true
257.1619500000088	DATA	Keydown: ArrowRight
257.20737499999814	EXP	szo_kiir: autoDraw = false
257.20737499999814	EXP	szo_kiir: color = {"_rgb":[1,1,1]}
257.20737499999814	EXP	szo_kiir: text = "degusztál"
257.7407499999972	EXP	szo_kiir: autoDraw = true
258.8928549999837	DATA	Keydown: ArrowLeft
258.90799499998684	EXP	szo_kiir: autoDraw = false
258.90799499998684	EXP	szo_kiir: color = {"_rgb":[1,1,1]}
258.90799499998684	EXP	szo_kiir: text = "rajzolótű"
259.4267150000087	EXP	szo_kiir: autoDraw = true
260.51013499998953	DATA	Keydown: ArrowLeft
260.5247950000048	EXP	szo_kiir: autoDraw = false
260.5247950000048	EXP	szo_kiir: color = {"_rgb":[1,1,1]}
260.5247950000048	EXP	szo_kiir: text = "kilukát"
261.0490550000104	EXP	szo_kiir: autoDraw = true
263.09472500000265	DATA	Keydown: ArrowLeft
263.12017000000924	EXP	szo_kiir: autoDraw = false
263.12017000000924	EXP	szo_kiir: color = {"_rgb":[1,1,1]}
263.12017000000924	EXP	szo_kiir: text = "cséltás"
263.61564999999246	EXP	szo_kiir: autoDraw = true
264.51028499999666	DATA	Keydown: ArrowLeft
264.54730000000563	EXP	szo_kiir: autoDraw = false
264.54730000000563	EXP	koszi_szoveg: autoDraw = true
267.0426049999951	DATA	Keydown:  
