0.11762500001350418	EXP	Created Window = Window( name=Window, fullscr=true, color=#000000, units=norm, waitBlanking=true, autoLog=true, size=[1366,657] )
4.800130000017816	DATA	Keydown: n
5.4152999999932945	DATA	Keydown: ő
7.6942850000050385	DATA	Keydown: 1
8.298364999995101	DATA	Keydown: 9
8.519050000002608	DATA	Keydown: 9
8.912725000001956	DATA	Keydown: 6
33.0337700000091	DATA	Keydown: 1
33.59699499999988	DATA	Keydown: 9
33.81366000001435	DATA	Keydown: 9
34.923574999993434	DATA	Keydown: Backspace
35.08759999999893	DATA	Keydown: Backspace
35.22630000000936	DATA	Keydown: Backspace
35.35409999999683	DATA	Keydown: Backspace
35.97631500000716	DATA	Keydown: 1
36.3517550000106	DATA	Keydown: 8
50.24483499999042	EXP	Created instruction_text1 = TextStim( name=instruction_text1, win=Window( name=Window, fullscr=true, color=#000000, ~), autoDraw=null, autoLog=true, units=norm, ori=null, opacity=1, pos=[0,0], size=undefined, text=Ön most szavakat fog látni.

Ezek között lesznek o~, font=Arial, color=#ffffff, contrast=1, height=0.05, bold=null, italic=null, alignHoriz=left, alignVert=center, wrapWidth=1, flipHoriz=null, flipVert=null )
50.24778500001412	EXP	Created instruction_text2 = TextStim( name=instruction_text2, win=Window( name=Window, fullscr=true, color=#000000, ~), autoDraw=null, autoLog=true, units=norm, ori=null, opacity=1, pos=[0,0], size=undefined, text=Először két egyszerű példát mutatunk Önnek.

Az el~, font=Arial, color=#FFFFFF, contrast=1, height=0.05, bold=null, italic=null, alignHoriz=left, alignVert=center, wrapWidth=1, flipHoriz=null, flipVert=null )
50.24983000001521	EXP	Created show_text = TextStim( name=show_text, win=Window( name=Window, fullscr=true, color=#000000, ~), autoDraw=null, autoLog=true, units=norm, ori=null, opacity=1, pos=[0,0], size=undefined, text=asztal, font=Arial, color=#FFFFFF, contrast=1, height=0.2, bold=null, italic=null, alignHoriz=left, alignVert=center, wrapWidth=1, flipHoriz=null, flipVert=null )
50.25169500001357	EXP	Created text = TextStim( name=text, win=Window( name=Window, fullscr=true, color=#000000, ~), autoDraw=null, autoLog=true, units=norm, ori=null, opacity=1, pos=[0,0], size=undefined, text=bzsmfsztal, font=Arial, color=#FFFFFF, contrast=1, height=0.2, bold=null, italic=null, alignHoriz=left, alignVert=center, wrapWidth=1, flipHoriz=null, flipVert=null )
50.261530000017956	EXP	Created instruction_text3 = TextStim( name=instruction_text3, win=Window( name=Window, fullscr=true, color=#000000, ~), autoDraw=null, autoLog=true, units=norm, ori=null, opacity=1, pos=[0,0], size=undefined, text=Pazar. Most kezdődik az igazi kísérlet. Néhány per~, font=Arial, color=#FFFFFF, contrast=1, height=0.1, bold=null, italic=null, alignHoriz=left, alignVert=center, wrapWidth=1, flipHoriz=null, flipVert=null )
50.2651800000167	EXP	Created szo_kiir = TextStim( name=szo_kiir, win=Window( name=Window, fullscr=true, color=#000000, ~), autoDraw=null, autoLog=true, units=norm, ori=null, opacity=1, pos=[0,0], size=undefined, text=default text, font=Arial, color=#FFFFFF, contrast=1, height=0.2, bold=null, italic=null, alignHoriz=left, alignVert=center, wrapWidth=1, flipHoriz=null, flipVert=null )
50.27081499999622	EXP	Created koszi_szoveg = TextStim( name=koszi_szoveg, win=Window( name=Window, fullscr=true, color=#000000, ~), autoDraw=null, autoLog=true, units=norm, ori=null, opacity=1, pos=[0,0], size=undefined, text=Vége a kísérletnek. Köszönjük a részvételt!, font=arial, color=#ffffff, contrast=1, height=0.1, bold=null, italic=null, alignHoriz=left, alignVert=center, wrapWidth=1, flipHoriz=null, flipVert=null )
50.37832000001799	EXP	instruction_text1: units = "norm"
50.37832000001799	EXP	instruction_text1: ori = 0
50.37832000001799	EXP	instruction_text1: opacity = 1
50.37832000001799	EXP	instruction_text1: pos = [0,0]
50.37832000001799	EXP	instruction_text1: size = undefined
50.37832000001799	EXP	instruction_text1: text = "Ön most szavakat fog látni.\n\nEzek között lesznek olyanok, amelyeket ismer, de előfordulhatnak olyanok is, amelyeket nem ismer, sőt, vannak köztük kitalált szavak is. \n\nKérjük, ha ismeri a képernyőn látható szót, nyomja meg a JOBB kurzorbillentyűt.\nKérjük, ha NEM ismeri a képernyőn látható szót, vagy azt gondolja, nincs ilyen szó a magyarban, nyomja meg a BAL kurzorbillentyűt.\n\nAz 'Ismerem a szót' döntés itt most ezt jelenti: találkoztam már vele, és van valami elképzelésem a jelentéséről is.  \n\nNyomjon meg bármilyen billentyűt a folytatáshoz."
50.37832000001799	EXP	instruction_text1: font = "Arial"
50.37832000001799	EXP	instruction_text1: color = {"_rgb":[1,1,1]}
50.37832000001799	EXP	instruction_text1: contrast = 1
50.37832000001799	EXP	instruction_text1: height = 0.05
50.37832000001799	EXP	instruction_text1: bold = false
50.37832000001799	EXP	instruction_text1: italic = false
50.37832000001799	EXP	instruction_text1: alignHoriz = "left"
50.37832000001799	EXP	instruction_text1: alignVert = "center"
50.37832000001799	EXP	instruction_text1: wrapWidth = 1
50.37832000001799	EXP	instruction_text1: flipHoriz = false
50.37832000001799	EXP	instruction_text1: flipVert = false
50.37832000001799	EXP	instruction_text2: units = "norm"
50.37832000001799	EXP	instruction_text2: ori = 0
50.37832000001799	EXP	instruction_text2: opacity = 1
50.37832000001799	EXP	instruction_text2: pos = [0,0]
50.37832000001799	EXP	instruction_text2: size = undefined
50.37832000001799	EXP	instruction_text2: text = "Először két egyszerű példát mutatunk Önnek.\n\nAz első szó létezik a magyarban, és valószínűleg Ön is ismeri. Itt nyomja majd meg a jobb kurzorbillentyűt.\nA második szó nem létezik a magyar nyelvben. Itt nyomja majd meg a bal kurzorbillentyűt.\n\nFontos, hogy a jobb gombot a jobb kezével, a bal gombot a bal kezével nyomja, ha tudja, és ne egy kezét használja a kísérletben.\n\nNyomjon meg bármilyen gombot a folytatáshoz."
50.37832000001799	EXP	instruction_text2: font = "Arial"
50.37832000001799	EXP	instruction_text2: color = {"_hex":"#FFFFFF","_rgb":[1,1,1]}
50.37832000001799	EXP	instruction_text2: contrast = 1
50.37832000001799	EXP	instruction_text2: height = 0.05
50.37832000001799	EXP	instruction_text2: bold = false
50.37832000001799	EXP	instruction_text2: italic = false
50.37832000001799	EXP	instruction_text2: alignHoriz = "left"
50.37832000001799	EXP	instruction_text2: alignVert = "center"
50.37832000001799	EXP	instruction_text2: wrapWidth = 1
50.37832000001799	EXP	instruction_text2: flipHoriz = false
50.37832000001799	EXP	instruction_text2: flipVert = false
50.37832000001799	EXP	show_text: units = "norm"
50.37832000001799	EXP	show_text: ori = 0
50.37832000001799	EXP	show_text: opacity = 1
50.37832000001799	EXP	show_text: pos = [0,0]
50.37832000001799	EXP	show_text: size = undefined
50.37832000001799	EXP	show_text: text = "asztal"
50.37832000001799	EXP	show_text: font = "Arial"
50.37832000001799	EXP	show_text: color = {"_hex":"#FFFFFF","_rgb":[1,1,1]}
50.37832000001799	EXP	show_text: contrast = 1
50.37832000001799	EXP	show_text: height = 0.2
50.37832000001799	EXP	show_text: bold = false
50.37832000001799	EXP	show_text: italic = false
50.37832000001799	EXP	show_text: alignHoriz = "left"
50.37832000001799	EXP	show_text: alignVert = "center"
50.37832000001799	EXP	show_text: wrapWidth = 1
50.37832000001799	EXP	show_text: flipHoriz = false
50.37832000001799	EXP	show_text: flipVert = false
50.37832000001799	EXP	text: units = "norm"
50.37832000001799	EXP	text: ori = 0
50.37832000001799	EXP	text: opacity = 1
50.37832000001799	EXP	text: pos = [0,0]
50.37832000001799	EXP	text: size = undefined
50.37832000001799	EXP	text: text = "bzsmfsztal"
50.37832000001799	EXP	text: font = "Arial"
50.37832000001799	EXP	text: color = {"_hex":"#FFFFFF","_rgb":[1,1,1]}
50.37832000001799	EXP	text: contrast = 1
50.37832000001799	EXP	text: height = 0.2
50.37832000001799	EXP	text: bold = false
50.37832000001799	EXP	text: italic = false
50.37832000001799	EXP	text: alignHoriz = "left"
50.37832000001799	EXP	text: alignVert = "center"
50.37832000001799	EXP	text: wrapWidth = 1
50.37832000001799	EXP	text: flipHoriz = false
50.37832000001799	EXP	text: flipVert = false
50.37832000001799	EXP	instruction_text3: units = "norm"
50.37832000001799	EXP	instruction_text3: ori = 0
50.37832000001799	EXP	instruction_text3: opacity = 1
50.37832000001799	EXP	instruction_text3: pos = [0,0]
50.37832000001799	EXP	instruction_text3: size = undefined
50.37832000001799	EXP	instruction_text3: text = "Pazar. Most kezdődik az igazi kísérlet. Néhány percig fog tartani. Nem kell nagyon sietnie, de igyekezzen gyorsan válaszolni.\n\nNe feledje, ha tudja, a jobb gombot a jobbkezével, a bal gombot a balkezével nyomja le.\n\nNyomjon meg bármilyen gombot a folytatáshoz."
50.37832000001799	EXP	instruction_text3: font = "Arial"
50.37832000001799	EXP	instruction_text3: color = {"_hex":"#FFFFFF","_rgb":[1,1,1]}
50.37832000001799	EXP	instruction_text3: contrast = 1
50.37832000001799	EXP	instruction_text3: height = 0.1
50.37832000001799	EXP	instruction_text3: bold = false
50.37832000001799	EXP	instruction_text3: italic = false
50.37832000001799	EXP	instruction_text3: alignHoriz = "left"
50.37832000001799	EXP	instruction_text3: alignVert = "center"
50.37832000001799	EXP	instruction_text3: wrapWidth = 1
50.37832000001799	EXP	instruction_text3: flipHoriz = false
50.37832000001799	EXP	instruction_text3: flipVert = false
50.37832000001799	EXP	szo_kiir: units = "norm"
50.37832000001799	EXP	szo_kiir: ori = 0
50.37832000001799	EXP	szo_kiir: opacity = 1
50.37832000001799	EXP	szo_kiir: pos = [0,0]
50.37832000001799	EXP	szo_kiir: size = undefined
50.37832000001799	EXP	szo_kiir: text = "default text"
50.37832000001799	EXP	szo_kiir: font = "Arial"
50.37832000001799	EXP	szo_kiir: color = {"_hex":"#FFFFFF","_rgb":[1,1,1]}
50.37832000001799	EXP	szo_kiir: contrast = 1
50.37832000001799	EXP	szo_kiir: height = 0.2
50.37832000001799	EXP	szo_kiir: bold = false
50.37832000001799	EXP	szo_kiir: italic = false
50.37832000001799	EXP	szo_kiir: alignHoriz = "left"
50.37832000001799	EXP	szo_kiir: alignVert = "center"
50.37832000001799	EXP	szo_kiir: wrapWidth = 1
50.37832000001799	EXP	szo_kiir: flipHoriz = false
50.37832000001799	EXP	szo_kiir: flipVert = false
50.37832000001799	EXP	koszi_szoveg: units = "norm"
50.37832000001799	EXP	koszi_szoveg: ori = 0
50.37832000001799	EXP	koszi_szoveg: opacity = 1
50.37832000001799	EXP	koszi_szoveg: pos = [0,0]
50.37832000001799	EXP	koszi_szoveg: size = undefined
50.37832000001799	EXP	koszi_szoveg: text = "Vége a kísérletnek. Köszönjük a részvételt!"
50.37832000001799	EXP	koszi_szoveg: font = "arial"
50.37832000001799	EXP	koszi_szoveg: color = {"_rgb":[1,1,1]}
50.37832000001799	EXP	koszi_szoveg: contrast = 1
50.37832000001799	EXP	koszi_szoveg: height = 0.1
50.37832000001799	EXP	koszi_szoveg: bold = false
50.37832000001799	EXP	koszi_szoveg: italic = false
50.37832000001799	EXP	koszi_szoveg: alignHoriz = "left"
50.37832000001799	EXP	koszi_szoveg: alignVert = "center"
50.37832000001799	EXP	koszi_szoveg: wrapWidth = 1
50.37832000001799	EXP	koszi_szoveg: flipHoriz = false
50.37832000001799	EXP	koszi_szoveg: flipVert = false
50.37832000001799	EXP	instruction_text1: autoDraw = true
85.42855499999132	DATA	Keydown:  
85.45887999999104	EXP	instruction_text1: autoDraw = false
85.45887999999104	EXP	instruction_text2: autoDraw = true
111.61936000001151	DATA	Keydown:  
111.62666999999783	EXP	instruction_text2: autoDraw = false
112.4499300000025	EXP	show_text: autoDraw = true
113.32635499999742	DATA	Keydown: ArrowRight
113.34194499999285	EXP	show_text: autoDraw = false
113.86282499998924	EXP	text: autoDraw = true
114.64537499999278	DATA	Keydown: ArrowLeft
114.68543499999214	EXP	text: autoDraw = false
114.68543499999214	EXP	instruction_text3: autoDraw = true
121.84264000001713	DATA	Keydown:  
121.93116000000737	EXP	instruction_text3: autoDraw = false
121.93116000000737	EXP	szo_kiir: color = {"_rgb":[1,1,1]}
121.93116000000737	EXP	szo_kiir: text = "likálható"
122.45024000000558	EXP	szo_kiir: autoDraw = true
123.05134000000544	DATA	Keydown: ArrowLeft
123.05904500000179	EXP	szo_kiir: autoDraw = false
123.05904500000179	EXP	szo_kiir: color = {"_rgb":[1,1,1]}
123.05904500000179	EXP	szo_kiir: text = "nincs"
123.57807000001776	EXP	szo_kiir: autoDraw = true
124.18136499999673	DATA	Keydown: ArrowRight
124.21838999999454	EXP	szo_kiir: autoDraw = false
124.21838999999454	EXP	szo_kiir: color = {"_rgb":[1,1,1]}
124.21838999999454	EXP	szo_kiir: text = "század"
124.72722000000067	EXP	szo_kiir: autoDraw = true
125.3496500000183	DATA	Keydown: ArrowRight
125.3568700000178	EXP	szo_kiir: autoDraw = false
125.3568700000178	EXP	szo_kiir: color = {"_rgb":[1,1,1]}
125.3568700000178	EXP	szo_kiir: text = "friss"
125.87807000000612	EXP	szo_kiir: autoDraw = true
126.32724000001326	DATA	Keydown: ArrowRight
126.3579000000027	EXP	szo_kiir: autoDraw = false
126.3579000000027	EXP	szo_kiir: color = {"_rgb":[1,1,1]}
126.3579000000027	EXP	szo_kiir: text = "bolyodás"
126.87723000001279	EXP	szo_kiir: autoDraw = true
127.7291050000058	DATA	Keydown: ArrowLeft
127.73989500000607	EXP	szo_kiir: autoDraw = false
127.73989500000607	EXP	szo_kiir: color = {"_rgb":[1,1,1]}
127.73989500000607	EXP	szo_kiir: text = "király"
128.26253500001621	EXP	szo_kiir: autoDraw = true
128.71464500000002	DATA	Keydown: ArrowRight
128.75708999999915	EXP	szo_kiir: autoDraw = false
128.75708999999915	EXP	szo_kiir: color = {"_rgb":[1,1,1]}
128.75708999999915	EXP	szo_kiir: text = "föld"
129.27875500000664	EXP	szo_kiir: autoDraw = true
129.7586350000056	DATA	Keydown: ArrowRight
129.77391000001808	EXP	szo_kiir: autoDraw = false
129.77391000001808	EXP	szo_kiir: color = {"_rgb":[1,1,1]}
129.77391000001808	EXP	szo_kiir: text = "zenekar"
130.29737499999464	EXP	szo_kiir: autoDraw = true
130.8441650000168	DATA	Keydown: ArrowRight
130.87653999999748	EXP	szo_kiir: autoDraw = false
130.87653999999748	EXP	szo_kiir: color = {"_rgb":[1,1,1]}
130.87653999999748	EXP	szo_kiir: text = "csomag"
131.39223500000662	EXP	szo_kiir: autoDraw = true
131.8465450000076	DATA	Keydown: ArrowRight
131.85760000001756	EXP	szo_kiir: autoDraw = false
131.85760000001756	EXP	szo_kiir: color = {"_rgb":[1,1,1]}
131.85760000001756	EXP	szo_kiir: text = "lélek"
132.37952000001678	EXP	szo_kiir: autoDraw = true
132.83420000001206	DATA	Keydown: ArrowRight
132.84792000000016	EXP	szo_kiir: autoDraw = false
132.84792000000016	EXP	szo_kiir: color = {"_rgb":[1,1,1]}
132.84792000000016	EXP	szo_kiir: text = "református"
133.35885499999858	EXP	szo_kiir: autoDraw = true
133.8841400000092	DATA	Keydown: ArrowRight
133.88971499999752	EXP	szo_kiir: autoDraw = false
133.88971499999752	EXP	szo_kiir: color = {"_rgb":[1,1,1]}
133.88971499999752	EXP	szo_kiir: text = "forgalom"
134.40914999999222	EXP	szo_kiir: autoDraw = true
134.82563000000664	DATA	Keydown: ArrowRight
134.84861499999533	EXP	szo_kiir: autoDraw = false
134.84861499999533	EXP	szo_kiir: color = {"_rgb":[1,1,1]}
134.84861499999533	EXP	szo_kiir: text = "vagyon"
135.35993500001496	EXP	szo_kiir: autoDraw = true
135.77369999999064	DATA	Keydown: ArrowRight
135.78972000000067	EXP	szo_kiir: autoDraw = false
135.78972000000067	EXP	szo_kiir: color = {"_rgb":[1,1,1]}
135.78972000000067	EXP	szo_kiir: text = "kér"
136.3135600000096	EXP	szo_kiir: autoDraw = true
136.72737500001676	DATA	Keydown: ArrowRight
136.7485100000049	EXP	szo_kiir: autoDraw = false
136.7485100000049	EXP	szo_kiir: color = {"_rgb":[1,1,1]}
136.7485100000049	EXP	szo_kiir: text = "pohár"
137.26213000001735	EXP	szo_kiir: autoDraw = true
137.66354999999749	DATA	Keydown: ArrowRight
137.67423000000417	EXP	szo_kiir: autoDraw = false
137.67423000000417	EXP	szo_kiir: color = {"_rgb":[1,1,1]}
137.67423000000417	EXP	szo_kiir: text = "hagy"
138.19417500001146	EXP	szo_kiir: autoDraw = true
138.51664499999606	DATA	Keydown: ArrowRight
138.53896000000532	EXP	szo_kiir: autoDraw = false
138.53896000000532	EXP	szo_kiir: color = {"_rgb":[1,1,1]}
138.53896000000532	EXP	szo_kiir: text = "radikális"
139.06193500000518	EXP	szo_kiir: autoDraw = true
139.52674000000115	DATA	Keydown: ArrowRight
139.54042999999365	EXP	szo_kiir: autoDraw = false
139.54042999999365	EXP	szo_kiir: color = {"_rgb":[1,1,1]}
139.54042999999365	EXP	szo_kiir: text = "pár"
140.0612550000078	EXP	szo_kiir: autoDraw = true
140.41784500001813	DATA	Keydown: ArrowRight
140.44189000001643	EXP	szo_kiir: autoDraw = false
140.44189000001643	EXP	szo_kiir: color = {"_rgb":[1,1,1]}
140.44189000001643	EXP	szo_kiir: text = "harmonikus"
140.9615599999961	EXP	szo_kiir: autoDraw = true
141.43096500000684	DATA	Keydown: ArrowRight
141.4405750000151	EXP	szo_kiir: autoDraw = false
141.4405750000151	EXP	szo_kiir: color = {"_rgb":[1,1,1]}
141.4405750000151	EXP	szo_kiir: text = "repülőgép"
141.9596850000089	EXP	szo_kiir: autoDraw = true
142.4636499999906	DATA	Keydown: ArrowRight
142.48768500000006	EXP	szo_kiir: autoDraw = false
142.48768500000006	EXP	szo_kiir: color = {"_rgb":[1,1,1]}
142.48768500000006	EXP	szo_kiir: text = "tánló"
142.99412000001757	EXP	szo_kiir: autoDraw = true
143.6154150000075	DATA	Keydown: ArrowLeft
143.62267000001157	EXP	szo_kiir: autoDraw = false
143.62267000001157	EXP	szo_kiir: color = {"_rgb":[1,1,1]}
143.62267000001157	EXP	szo_kiir: text = "többszörös"
144.1433750000142	EXP	szo_kiir: autoDraw = true
144.67663000000175	DATA	Keydown: ArrowRight
144.69696000000113	EXP	szo_kiir: autoDraw = false
144.69696000000113	EXP	szo_kiir: color = {"_rgb":[1,1,1]}
144.69696000000113	EXP	szo_kiir: text = "örvend"
145.2113149999932	EXP	szo_kiir: autoDraw = true
146.3142200000002	DATA	Keydown: ArrowRight
146.32226000001538	EXP	szo_kiir: autoDraw = false
146.32226000001538	EXP	szo_kiir: color = {"_rgb":[1,1,1]}
146.32226000001538	EXP	szo_kiir: text = "sivirányi"
146.84108499999274	EXP	szo_kiir: autoDraw = true
147.48986500001047	DATA	Keydown: ArrowLeft
147.51452500000596	EXP	szo_kiir: autoDraw = false
147.51452500000596	EXP	szo_kiir: color = {"_rgb":[1,1,1]}
147.51452500000596	EXP	szo_kiir: text = "szomszéd"
148.02747500000987	EXP	szo_kiir: autoDraw = true
148.51123500001268	DATA	Keydown: ArrowRight
148.5237849999976	EXP	szo_kiir: autoDraw = false
148.5237849999976	EXP	szo_kiir: color = {"_rgb":[1,1,1]}
148.5237849999976	EXP	szo_kiir: text = "alapszabály"
149.0441850000061	EXP	szo_kiir: autoDraw = true
149.75805999999284	DATA	Keydown: ArrowRight
149.79063999999198	EXP	szo_kiir: autoDraw = false
149.79063999999198	EXP	szo_kiir: color = {"_rgb":[1,1,1]}
149.79063999999198	EXP	szo_kiir: text = "állvány"
150.30983499999274	EXP	szo_kiir: autoDraw = true
150.7582200000179	DATA	Keydown: ArrowRight
150.77342000001227	EXP	szo_kiir: autoDraw = false
150.77342000001227	EXP	szo_kiir: color = {"_rgb":[1,1,1]}
150.77342000001227	EXP	szo_kiir: text = "kerem"
151.29407500001253	EXP	szo_kiir: autoDraw = true
151.87634499999695	DATA	Keydown: ArrowLeft
151.9050500000012	EXP	szo_kiir: autoDraw = false
151.9050500000012	EXP	szo_kiir: color = {"_rgb":[1,1,1]}
151.9050500000012	EXP	szo_kiir: text = "hull"
152.42665000000852	EXP	szo_kiir: autoDraw = true
152.9090600000054	DATA	Keydown: ArrowLeft
152.92306999998982	EXP	szo_kiir: autoDraw = false
152.92306999998982	EXP	szo_kiir: color = {"_rgb":[1,1,1]}
152.92306999998982	EXP	szo_kiir: text = "sampon"
153.44315000000643	EXP	szo_kiir: autoDraw = true
153.97370500001125	DATA	Keydown: ArrowRight
153.98873000001186	EXP	szo_kiir: autoDraw = false
153.98873000001186	EXP	szo_kiir: color = {"_rgb":[1,1,1]}
153.98873000001186	EXP	szo_kiir: text = "germán"
154.50981499999762	EXP	szo_kiir: autoDraw = true
155.12512000001152	DATA	Keydown: ArrowRight
155.15260500001023	EXP	szo_kiir: autoDraw = false
155.15260500001023	EXP	szo_kiir: color = {"_rgb":[1,1,1]}
155.15260500001023	EXP	szo_kiir: text = "kabin"
155.65958999999566	EXP	szo_kiir: autoDraw = true
156.24866000001202	DATA	Keydown: ArrowRight
156.25542000000132	EXP	szo_kiir: autoDraw = false
156.25542000000132	EXP	szo_kiir: color = {"_rgb":[1,1,1]}
156.25542000000132	EXP	szo_kiir: text = "rajzolódik"
156.77537000001757	EXP	szo_kiir: autoDraw = true
157.49645999999484	DATA	Keydown: ArrowRight
157.51941000000807	EXP	szo_kiir: autoDraw = false
157.51941000000807	EXP	szo_kiir: color = {"_rgb":[1,1,1]}
157.51941000000807	EXP	szo_kiir: text = "példakép"
158.02410999999847	EXP	szo_kiir: autoDraw = true
158.5499950000085	DATA	Keydown: ArrowRight
158.55513500000234	EXP	szo_kiir: autoDraw = false
158.55513500000234	EXP	szo_kiir: color = {"_rgb":[1,1,1]}
158.55513500000234	EXP	szo_kiir: text = "bámérő"
159.08315500000026	EXP	szo_kiir: autoDraw = true
159.74082500001532	DATA	Keydown: ArrowLeft
159.78393500001403	EXP	szo_kiir: autoDraw = false
159.78393500001403	EXP	szo_kiir: color = {"_rgb":[1,1,1]}
159.78393500001403	EXP	szo_kiir: text = "fázik"
160.29021000000648	EXP	szo_kiir: autoDraw = true
160.90049	DATA	Keydown: ArrowRight
160.9066199999943	EXP	szo_kiir: autoDraw = false
160.9066199999943	EXP	szo_kiir: color = {"_rgb":[1,1,1]}
160.9066199999943	EXP	szo_kiir: text = "viszály"
161.42631000000983	EXP	szo_kiir: autoDraw = true
162.24157499999274	DATA	Keydown: ArrowRight
162.27809000000707	EXP	szo_kiir: autoDraw = false
162.27809000000707	EXP	szo_kiir: color = {"_rgb":[1,1,1]}
162.27809000000707	EXP	szo_kiir: text = "üldögél"
162.7943249999953	EXP	szo_kiir: autoDraw = true
163.34171000000788	DATA	Keydown: ArrowRight
163.3559949999908	EXP	szo_kiir: autoDraw = false
163.3559949999908	EXP	szo_kiir: color = {"_rgb":[1,1,1]}
163.3559949999908	EXP	szo_kiir: text = "pereg"
163.8761200000008	EXP	szo_kiir: autoDraw = true
164.37504000001354	DATA	Keydown: ArrowRight
164.396385	EXP	szo_kiir: autoDraw = false
164.396385	EXP	szo_kiir: color = {"_rgb":[1,1,1]}
164.396385	EXP	szo_kiir: text = "viszt"
164.9076500000083	EXP	szo_kiir: autoDraw = true
165.55853000000934	DATA	Keydown: ArrowLeft
165.57151000000886	EXP	szo_kiir: autoDraw = false
165.57151000000886	EXP	szo_kiir: color = {"_rgb":[1,1,1]}
165.57151000000886	EXP	szo_kiir: text = "stádium"
166.0907700000098	EXP	szo_kiir: autoDraw = true
166.7314100000076	DATA	Keydown: ArrowRight
166.7649650000094	EXP	szo_kiir: autoDraw = false
166.7649650000094	EXP	szo_kiir: color = {"_rgb":[1,1,1]}
166.7649650000094	EXP	szo_kiir: text = "embertömeg"
167.278255000012	EXP	szo_kiir: autoDraw = true
167.97353499999736	DATA	Keydown: ArrowRight
167.98910999999498	EXP	szo_kiir: autoDraw = false
167.98910999999498	EXP	szo_kiir: color = {"_rgb":[1,1,1]}
167.98910999999498	EXP	szo_kiir: text = "bódé"
168.50766999999178	EXP	szo_kiir: autoDraw = true
169.21264499999234	DATA	Keydown: ArrowRight
169.23530500000925	EXP	szo_kiir: autoDraw = false
169.23530500000925	EXP	szo_kiir: color = {"_rgb":[1,1,1]}
169.23530500000925	EXP	szo_kiir: text = "remész"
169.74303499999223	EXP	szo_kiir: autoDraw = true
170.45362499999464	DATA	Keydown: ArrowLeft
170.4586100000015	EXP	szo_kiir: autoDraw = false
170.4586100000015	EXP	szo_kiir: color = {"_rgb":[1,1,1]}
170.4586100000015	EXP	szo_kiir: text = "újgazdag"
170.97690500001772	EXP	szo_kiir: autoDraw = true
171.63964500001748	DATA	Keydown: ArrowRight
171.66216999999597	EXP	szo_kiir: autoDraw = false
171.66216999999597	EXP	szo_kiir: color = {"_rgb":[1,1,1]}
171.66216999999597	EXP	szo_kiir: text = "ómagyar"
172.17556500001228	EXP	szo_kiir: autoDraw = true
173.19612500001676	DATA	Keydown: ArrowRight
173.20543999999063	EXP	szo_kiir: autoDraw = false
173.20543999999063	EXP	szo_kiir: color = {"_rgb":[1,1,1]}
173.20543999999063	EXP	szo_kiir: text = "árus"
173.7234499999904	EXP	szo_kiir: autoDraw = true
174.50770499999635	DATA	Keydown: ArrowRight
174.53032499999972	EXP	szo_kiir: autoDraw = false
174.53032499999972	EXP	szo_kiir: color = {"_rgb":[1,1,1]}
174.53032499999972	EXP	szo_kiir: text = "tanrend"
175.0432800000126	EXP	szo_kiir: autoDraw = true
175.62424000000465	DATA	Keydown: ArrowRight
175.63893000001553	EXP	szo_kiir: autoDraw = false
175.63893000001553	EXP	szo_kiir: color = {"_rgb":[1,1,1]}
175.63893000001553	EXP	szo_kiir: text = "grancs"
176.1574499999988	EXP	szo_kiir: autoDraw = true
176.81630000000587	DATA	Keydown: ArrowLeft
176.83180000001448	EXP	szo_kiir: autoDraw = false
176.83180000001448	EXP	szo_kiir: color = {"_rgb":[1,1,1]}
176.83180000001448	EXP	szo_kiir: text = "tanácskozik"
177.34116499999072	EXP	szo_kiir: autoDraw = true
177.97325999999885	DATA	Keydown: ArrowRight
177.98871999999392	EXP	szo_kiir: autoDraw = false
177.98871999999392	EXP	szo_kiir: color = {"_rgb":[1,1,1]}
177.98871999999392	EXP	szo_kiir: text = "szelégül"
178.50770000001648	EXP	szo_kiir: autoDraw = true
179.14806500001578	DATA	Keydown: ArrowLeft
179.16445000001113	EXP	szo_kiir: autoDraw = false
179.16445000001113	EXP	szo_kiir: color = {"_rgb":[1,1,1]}
179.16445000001113	EXP	szo_kiir: text = "multiplikatív"
179.67887500001234	EXP	szo_kiir: autoDraw = true
180.42602000001352	DATA	Keydown: ArrowLeft
180.43973499999265	EXP	szo_kiir: autoDraw = false
180.43973499999265	EXP	szo_kiir: color = {"_rgb":[1,1,1]}
180.43973499999265	EXP	szo_kiir: text = "slendrián"
180.9573950000049	EXP	szo_kiir: autoDraw = true
181.54204500000924	DATA	Keydown: ArrowLeft
181.5550349999976	EXP	szo_kiir: autoDraw = false
181.5550349999976	EXP	szo_kiir: color = {"_rgb":[1,1,1]}
181.5550349999976	EXP	szo_kiir: text = "szalicil"
182.07617000001483	EXP	szo_kiir: autoDraw = true
183.1953799999901	DATA	Keydown: ArrowRight
183.2049049999914	EXP	szo_kiir: autoDraw = false
183.2049049999914	EXP	szo_kiir: color = {"_rgb":[1,1,1]}
183.2049049999914	EXP	szo_kiir: text = "felte"
183.72381500000483	EXP	szo_kiir: autoDraw = true
184.38130999999703	DATA	Keydown: ArrowLeft
184.40050000001793	EXP	szo_kiir: autoDraw = false
184.40050000001793	EXP	szo_kiir: color = {"_rgb":[1,1,1]}
184.40050000001793	EXP	szo_kiir: text = "rubinvörös"
184.90902500000084	EXP	szo_kiir: autoDraw = true
185.6076849999954	DATA	Keydown: ArrowRight
185.62069499999052	EXP	szo_kiir: autoDraw = false
185.62069499999052	EXP	szo_kiir: color = {"_rgb":[1,1,1]}
185.62069499999052	EXP	szo_kiir: text = "szitok"
186.14195499999914	EXP	szo_kiir: autoDraw = true
187.0065450000111	DATA	Keydown: ArrowRight
187.03705000001355	EXP	szo_kiir: autoDraw = false
187.03705000001355	EXP	szo_kiir: color = {"_rgb":[1,1,1]}
187.03705000001355	EXP	szo_kiir: text = "szuperintelligens"
187.55748499999754	EXP	szo_kiir: autoDraw = true
188.32857499999227	DATA	Keydown: ArrowRight
188.33725499999127	EXP	szo_kiir: autoDraw = false
188.33725499999127	EXP	szo_kiir: color = {"_rgb":[1,1,1]}
188.33725499999127	EXP	szo_kiir: text = "látolt"
188.8560100000177	EXP	szo_kiir: autoDraw = true
191.74301500001457	DATA	Keydown: ArrowLeft
191.76729499999783	EXP	szo_kiir: autoDraw = false
191.76729499999783	EXP	szo_kiir: color = {"_rgb":[1,1,1]}
191.76729499999783	EXP	szo_kiir: text = "vakaródzik"
192.27313499999582	EXP	szo_kiir: autoDraw = true
193.20635500000208	DATA	Keydown: ArrowRight
193.22159500000998	EXP	szo_kiir: autoDraw = false
193.22159500000998	EXP	szo_kiir: color = {"_rgb":[1,1,1]}
193.22159500000998	EXP	szo_kiir: text = "rucaöröm"
193.74205000000075	EXP	szo_kiir: autoDraw = true
194.53974999999627	DATA	Keydown: ArrowLeft
194.55476500000805	EXP	szo_kiir: autoDraw = false
194.55476500000805	EXP	szo_kiir: color = {"_rgb":[1,1,1]}
194.55476500000805	EXP	szo_kiir: text = "kvacsvagos"
195.07480999999098	EXP	szo_kiir: autoDraw = true
195.90723000001162	DATA	Keydown: ArrowLeft
195.93686000001617	EXP	szo_kiir: autoDraw = false
195.93686000001617	EXP	szo_kiir: color = {"_rgb":[1,1,1]}
195.93686000001617	EXP	szo_kiir: text = "szidalom"
196.45879999999306	EXP	szo_kiir: autoDraw = true
197.21171999999206	DATA	Keydown: ArrowRight
197.22140499998932	EXP	szo_kiir: autoDraw = false
197.22140499998932	EXP	szo_kiir: color = {"_rgb":[1,1,1]}
197.22140499998932	EXP	szo_kiir: text = "nyelvcsap"
197.73915999999736	EXP	szo_kiir: autoDraw = true
198.68773500001407	DATA	Keydown: ArrowRight
198.71429999999236	EXP	szo_kiir: autoDraw = false
198.71429999999236	EXP	szo_kiir: color = {"_rgb":[1,1,1]}
198.71429999999236	EXP	szo_kiir: text = "vicsadomás"
199.22357000000193	EXP	szo_kiir: autoDraw = true
200.03831999999238	DATA	Keydown: ArrowLeft
200.05374999999185	EXP	szo_kiir: autoDraw = false
200.05374999999185	EXP	szo_kiir: color = {"_rgb":[1,1,1]}
200.05374999999185	EXP	szo_kiir: text = "adszorbens"
200.57357999999658	EXP	szo_kiir: autoDraw = true
201.53057000000263	DATA	Keydown: ArrowLeft
201.53757000001497	EXP	szo_kiir: autoDraw = false
201.53757000001497	EXP	szo_kiir: color = {"_rgb":[1,1,1]}
201.53757000001497	EXP	szo_kiir: text = "kanalaz"
202.05828500000644	EXP	szo_kiir: autoDraw = true
202.84205000000657	DATA	Keydown: ArrowRight
202.87328500000876	EXP	szo_kiir: autoDraw = false
202.87328500000876	EXP	szo_kiir: color = {"_rgb":[1,1,1]}
202.87328500000876	EXP	szo_kiir: text = "vigyó"
203.39139000000432	EXP	szo_kiir: autoDraw = true
204.12564000001294	DATA	Keydown: ArrowLeft
204.13639500000863	EXP	szo_kiir: autoDraw = false
204.13639500000863	EXP	szo_kiir: color = {"_rgb":[1,1,1]}
204.13639500000863	EXP	szo_kiir: text = "verizmus"
204.65535499999532	EXP	szo_kiir: autoDraw = true
205.34447000001092	DATA	Keydown: ArrowLeft
205.35312499999418	EXP	szo_kiir: autoDraw = false
205.35312499999418	EXP	szo_kiir: color = {"_rgb":[1,1,1]}
205.35312499999418	EXP	szo_kiir: text = "stósz"
205.87468999999692	EXP	szo_kiir: autoDraw = true
207.20720000000438	DATA	Keydown: ArrowLeft
207.22175500000594	EXP	szo_kiir: autoDraw = false
207.22175500000594	EXP	szo_kiir: color = {"_rgb":[1,1,1]}
207.22175500000594	EXP	szo_kiir: text = "takaréktűzhely"
207.74120499999844	EXP	szo_kiir: autoDraw = true
208.3390500000096	DATA	Keydown: ArrowRight
208.3626799999911	EXP	szo_kiir: autoDraw = false
208.3626799999911	EXP	szo_kiir: color = {"_rgb":[1,1,1]}
208.3626799999911	EXP	szo_kiir: text = "abszolútérték"
208.8734650000115	EXP	szo_kiir: autoDraw = true
209.7167849999969	DATA	Keydown: ArrowRight
209.72107500000857	EXP	szo_kiir: autoDraw = false
209.72107500000857	EXP	szo_kiir: color = {"_rgb":[1,1,1]}
209.72107500000857	EXP	szo_kiir: text = "kijjongó"
210.23959499999182	EXP	szo_kiir: autoDraw = true
211.22328000000562	DATA	Keydown: ArrowLeft
211.24775000000955	EXP	szo_kiir: autoDraw = false
211.24775000000955	EXP	szo_kiir: color = {"_rgb":[1,1,1]}
211.24775000000955	EXP	szo_kiir: text = "asszonánc"
211.75547999999253	EXP	szo_kiir: autoDraw = true
212.87210000000778	DATA	Keydown: ArrowRight
212.8861550000147	EXP	szo_kiir: autoDraw = false
212.8861550000147	EXP	szo_kiir: color = {"_rgb":[1,1,1]}
212.8861550000147	EXP	szo_kiir: text = "kontlás"
213.40495500000543	EXP	szo_kiir: autoDraw = true
214.0939050000161	DATA	Keydown: ArrowLeft
214.10988500001258	EXP	szo_kiir: autoDraw = false
214.10988500001258	EXP	szo_kiir: color = {"_rgb":[1,1,1]}
214.10988500001258	EXP	szo_kiir: text = "nyolcsolat"
214.62196499999845	EXP	szo_kiir: autoDraw = true
215.89256500001648	DATA	Keydown: ArrowLeft
215.90390999999363	EXP	szo_kiir: autoDraw = false
215.90390999999363	EXP	szo_kiir: color = {"_rgb":[1,1,1]}
215.90390999999363	EXP	szo_kiir: text = "hengerszimmetrikus"
216.43065500000375	EXP	szo_kiir: autoDraw = true
217.45946499999263	DATA	Keydown: ArrowRight
217.47601000001305	EXP	szo_kiir: autoDraw = false
217.47601000001305	EXP	szo_kiir: color = {"_rgb":[1,1,1]}
217.47601000001305	EXP	szo_kiir: text = "multiregionális"
217.9906300000148	EXP	szo_kiir: autoDraw = true
218.8927750000148	DATA	Keydown: ArrowRight
218.90257500001462	EXP	szo_kiir: autoDraw = false
218.90257500001462	EXP	szo_kiir: color = {"_rgb":[1,1,1]}
218.90257500001462	EXP	szo_kiir: text = "rücsök"
219.42334500001743	EXP	szo_kiir: autoDraw = true
220.19007499999134	DATA	Keydown: ArrowRight
220.20988000000943	EXP	szo_kiir: autoDraw = false
220.20988000000943	EXP	szo_kiir: color = {"_rgb":[1,1,1]}
220.20988000000943	EXP	szo_kiir: text = "süteményestál"
220.7217600000149	EXP	szo_kiir: autoDraw = true
221.48870000001625	DATA	Keydown: ArrowRight
221.50234500001534	EXP	szo_kiir: autoDraw = false
221.50234500001534	EXP	szo_kiir: color = {"_rgb":[1,1,1]}
221.50234500001534	EXP	szo_kiir: text = "bágyaszt"
222.021385	EXP	szo_kiir: autoDraw = true
222.65903999999864	DATA	Keydown: ArrowLeft
222.66890499999863	EXP	szo_kiir: autoDraw = false
222.66890499999863	EXP	szo_kiir: color = {"_rgb":[1,1,1]}
222.66890499999863	EXP	szo_kiir: text = "csöndesedik"
223.18963999999687	EXP	szo_kiir: autoDraw = true
223.839169999992	DATA	Keydown: ArrowRight
223.8697300000058	EXP	szo_kiir: autoDraw = false
223.8697300000058	EXP	szo_kiir: color = {"_rgb":[1,1,1]}
223.8697300000058	EXP	szo_kiir: text = "zenő"
224.38987000001362	EXP	szo_kiir: autoDraw = true
225.06510500001605	DATA	Keydown: ArrowLeft
225.06935500001418	EXP	szo_kiir: autoDraw = false
225.06935500001418	EXP	szo_kiir: color = {"_rgb":[1,1,1]}
225.06935500001418	EXP	szo_kiir: text = "tapétáz"
225.58834000001661	EXP	szo_kiir: autoDraw = true
226.4891700000153	DATA	Keydown: ArrowRight
226.51767500001006	EXP	szo_kiir: autoDraw = false
226.51767500001006	EXP	szo_kiir: color = {"_rgb":[1,1,1]}
226.51767500001006	EXP	szo_kiir: text = "infimum"
227.03977000000305	EXP	szo_kiir: autoDraw = true
228.21221500000684	DATA	Keydown: ArrowLeft
228.2199649999966	EXP	szo_kiir: autoDraw = false
228.2199649999966	EXP	szo_kiir: color = {"_rgb":[1,1,1]}
228.2199649999966	EXP	szo_kiir: text = "rengeteg"
228.73996500001522	EXP	szo_kiir: autoDraw = true
229.5546350000077	DATA	Keydown: ArrowRight
229.5697649999929	EXP	szo_kiir: autoDraw = false
229.5697649999929	EXP	szo_kiir: color = {"_rgb":[1,1,1]}
229.5697649999929	EXP	szo_kiir: text = "estilágítő"
230.09033500001533	EXP	szo_kiir: autoDraw = true
230.97734499999206	DATA	Keydown: ArrowLeft
230.99930500000482	EXP	szo_kiir: autoDraw = false
230.99930500000482	EXP	szo_kiir: color = {"_rgb":[1,1,1]}
230.99930500000482	EXP	szo_kiir: text = "burukkol"
231.50432500001625	EXP	szo_kiir: autoDraw = true
232.56625500001246	DATA	Keydown: ArrowLeft
232.57219000000623	EXP	szo_kiir: autoDraw = false
232.57219000000623	EXP	szo_kiir: color = {"_rgb":[1,1,1]}
232.57219000000623	EXP	szo_kiir: text = "szolmizál"
233.090125000017	EXP	szo_kiir: autoDraw = true
233.80272000000696	DATA	Keydown: ArrowRight
233.8184750000073	EXP	szo_kiir: autoDraw = false
233.8184750000073	EXP	szo_kiir: color = {"_rgb":[1,1,1]}
233.8184750000073	EXP	szo_kiir: text = "nagyoll"
234.33990500000073	EXP	szo_kiir: autoDraw = true
235.1875449999934	DATA	Keydown: ArrowRight
235.2143550000037	EXP	szo_kiir: autoDraw = false
235.2143550000037	EXP	szo_kiir: color = {"_rgb":[1,1,1]}
235.2143550000037	EXP	szo_kiir: text = "rezervál"
235.72296499999356	EXP	szo_kiir: autoDraw = true
236.40783999999985	DATA	Keydown: ArrowRight
236.41972000000533	EXP	szo_kiir: autoDraw = false
236.41972000000533	EXP	szo_kiir: color = {"_rgb":[1,1,1]}
236.41972000000533	EXP	szo_kiir: text = "házorom"
236.93753500000457	EXP	szo_kiir: autoDraw = true
237.98615000001155	DATA	Keydown: ArrowRight
238.01058999999077	EXP	szo_kiir: autoDraw = false
238.01058999999077	EXP	szo_kiir: color = {"_rgb":[1,1,1]}
238.01058999999077	EXP	szo_kiir: text = "truccol"
238.521464999998	EXP	szo_kiir: autoDraw = true
239.65372500001104	DATA	Keydown: ArrowLeft
239.6689999999944	EXP	szo_kiir: autoDraw = false
239.6689999999944	EXP	szo_kiir: color = {"_rgb":[1,1,1]}
239.6689999999944	EXP	szo_kiir: text = "szubvencionál"
240.18864000000758	EXP	szo_kiir: autoDraw = true
241.15445999999065	DATA	Keydown: ArrowRight
241.16990000000806	EXP	szo_kiir: autoDraw = false
241.16990000000806	EXP	szo_kiir: color = {"_rgb":[1,1,1]}
241.16990000000806	EXP	szo_kiir: text = "tejeslány"
241.69053500000155	EXP	szo_kiir: autoDraw = true
242.87993500000448	DATA	Keydown: ArrowRight
242.9030550000025	EXP	szo_kiir: autoDraw = false
242.9030550000025	EXP	szo_kiir: color = {"_rgb":[1,1,1]}
242.9030550000025	EXP	szo_kiir: text = "fogózkodik"
243.42243500001496	EXP	szo_kiir: autoDraw = true
244.31303499999922	DATA	Keydown: ArrowRight
244.3190750000067	EXP	szo_kiir: autoDraw = false
244.3190750000067	EXP	szo_kiir: color = {"_rgb":[1,1,1]}
244.3190750000067	EXP	szo_kiir: text = "lepadlózik"
244.8393550000037	EXP	szo_kiir: autoDraw = true
245.76292500001728	DATA	Keydown: ArrowRight
245.77715999999782	EXP	szo_kiir: autoDraw = false
245.77715999999782	EXP	szo_kiir: color = {"_rgb":[1,1,1]}
245.77715999999782	EXP	szo_kiir: text = "ultatlados"
246.29034000000684	EXP	szo_kiir: autoDraw = true
247.17011500001536	DATA	Keydown: ArrowLeft
247.18574000001536	EXP	szo_kiir: autoDraw = false
247.18574000001536	EXP	szo_kiir: color = {"_rgb":[1,1,1]}
247.18574000001536	EXP	szo_kiir: text = "felcsavaroz"
247.7055049999908	EXP	szo_kiir: autoDraw = true
248.4620500000019	DATA	Keydown: ArrowRight
248.47868000000017	EXP	szo_kiir: autoDraw = false
248.47868000000017	EXP	szo_kiir: color = {"_rgb":[1,1,1]}
248.47868000000017	EXP	szo_kiir: text = "hosszall"
248.98930000001565	EXP	szo_kiir: autoDraw = true
250.48785500001395	DATA	Keydown: ArrowRight
250.50325000000885	EXP	szo_kiir: autoDraw = false
250.50325000000885	EXP	szo_kiir: color = {"_rgb":[1,1,1]}
250.50325000000885	EXP	szo_kiir: text = "kendőr"
251.02360499999486	EXP	szo_kiir: autoDraw = true
251.7610299999942	DATA	Keydown: ArrowLeft
251.7774849999987	EXP	szo_kiir: autoDraw = false
251.7774849999987	EXP	szo_kiir: color = {"_rgb":[1,1,1]}
251.7774849999987	EXP	szo_kiir: text = "sápít"
252.28677500001504	EXP	szo_kiir: autoDraw = true
252.9212600000028	DATA	Keydown: ArrowRight
252.9346099999966	EXP	szo_kiir: autoDraw = false
252.9346099999966	EXP	szo_kiir: color = {"_rgb":[1,1,1]}
252.9346099999966	EXP	szo_kiir: text = "erődéki"
253.45774499999243	EXP	szo_kiir: autoDraw = true
254.32100500000524	DATA	Keydown: ArrowLeft
254.35234499999206	EXP	szo_kiir: autoDraw = false
254.35234499999206	EXP	szo_kiir: color = {"_rgb":[1,1,1]}
254.35234499999206	EXP	szo_kiir: text = "elnyűvődik"
254.87036500000977	EXP	szo_kiir: autoDraw = true
256.45926500001224	DATA	Keydown: ArrowLeft
256.46729500000947	EXP	szo_kiir: autoDraw = false
256.46729500000947	EXP	szo_kiir: color = {"_rgb":[1,1,1]}
256.46729500000947	EXP	szo_kiir: text = "kosi"
256.9865700000082	EXP	szo_kiir: autoDraw = true
257.7182550000143	DATA	Keydown: ArrowLeft
257.73387500000536	EXP	szo_kiir: autoDraw = false
257.73387500000536	EXP	szo_kiir: color = {"_rgb":[1,1,1]}
257.73387500000536	EXP	szo_kiir: text = "spiritualizál"
258.2553950000147	EXP	szo_kiir: autoDraw = true
260.16959500001394	DATA	Keydown: ArrowRight
260.1979350000038	EXP	szo_kiir: autoDraw = false
260.1979350000038	EXP	szo_kiir: color = {"_rgb":[1,1,1]}
260.1979350000038	EXP	szo_kiir: text = "pilinckézik"
260.70314500000677	EXP	szo_kiir: autoDraw = true
261.60498999999254	DATA	Keydown: ArrowLeft
261.6171500000055	EXP	szo_kiir: autoDraw = false
261.6171500000055	EXP	szo_kiir: color = {"_rgb":[1,1,1]}
261.6171500000055	EXP	szo_kiir: text = "hegyipáfrány"
262.13810999999987	EXP	szo_kiir: autoDraw = true
263.04373000000487	DATA	Keydown: ArrowRight
263.0517950000067	EXP	szo_kiir: autoDraw = false
263.0517950000067	EXP	szo_kiir: color = {"_rgb":[1,1,1]}
263.0517950000067	EXP	szo_kiir: text = "desszertestál"
263.57166499999585	EXP	szo_kiir: autoDraw = true
264.28601999999955	DATA	Keydown: ArrowRight
264.3162949999969	EXP	szo_kiir: autoDraw = false
264.3162949999969	EXP	szo_kiir: color = {"_rgb":[1,1,1]}
264.3162949999969	EXP	szo_kiir: text = "lazúroz"
264.8373900000006	EXP	szo_kiir: autoDraw = true
265.7858150000102	DATA	Keydown: ArrowRight
265.8012100000051	EXP	szo_kiir: autoDraw = false
265.8012100000051	EXP	szo_kiir: color = {"_rgb":[1,1,1]}
265.8012100000051	EXP	szo_kiir: text = "rosítottsi"
266.32159999999567	EXP	szo_kiir: autoDraw = true
266.9935650000116	DATA	Keydown: ArrowLeft
267.0077849999943	EXP	szo_kiir: autoDraw = false
267.0077849999943	EXP	szo_kiir: color = {"_rgb":[1,1,1]}
267.0077849999943	EXP	szo_kiir: text = "kontinuáns"
267.5190700000094	EXP	szo_kiir: autoDraw = true
268.4688599999936	DATA	Keydown: ArrowRight
268.4839100000099	EXP	szo_kiir: autoDraw = false
268.4839100000099	EXP	szo_kiir: color = {"_rgb":[1,1,1]}
268.4839100000099	EXP	szo_kiir: text = "püffeszt"
269.003945000004	EXP	szo_kiir: autoDraw = true
269.6287799999991	DATA	Keydown: ArrowRight
269.6409149999963	EXP	szo_kiir: autoDraw = false
269.6409149999963	EXP	koszi_szoveg: autoDraw = true
