0.07781999999133404	EXP	Created Window = Window( name=Window, fullscr=true, color=#000000, units=norm, waitBlanking=true, autoLog=true, size=[1366,657] )
1.8300249999883818	DATA	Keydown: 5
2.149619999996503	DATA	Keydown: 0
2.4547099999908824	DATA	Keydown: 9
2.6392399999895133	DATA	Keydown: 6
5.459049999990384	DATA	Keydown: undefined
6.676134999986971	DATA	Keydown: 1
7.038584999987506	DATA	Keydown: 9
7.309594999998808	DATA	Keydown: 6
7.45435999998881	DATA	Keydown: 6
7.793934999994235	DATA	Keydown: .
8.328219999995781	DATA	Keydown: 0
8.62405499999295	DATA	Keydown: 8
9.095314999998664	DATA	Keydown: .
9.649760000000242	DATA	Keydown: 0
9.926324999993085	DATA	Keydown: 8
11.233199999987846	DATA	Keydown: .
16.335164999996778	DATA	Keydown: 1
16.602149999991525	DATA	Keydown: 7
19.770424999995157	EXP	Created instruction_text1 = TextStim( name=instruction_text1, win=Window( name=Window, fullscr=true, color=#000000, ~), autoDraw=null, autoLog=true, units=norm, ori=null, opacity=1, pos=[0,0], size=undefined, text=Ön most szavakat fog látni.

Ezek között lesznek o~, font=Arial, color=#ffffff, contrast=1, height=0.05, bold=null, italic=null, alignHoriz=left, alignVert=center, wrapWidth=1, flipHoriz=null, flipVert=null )
19.77208999999857	EXP	Created instruction_text2 = TextStim( name=instruction_text2, win=Window( name=Window, fullscr=true, color=#000000, ~), autoDraw=null, autoLog=true, units=norm, ori=null, opacity=1, pos=[0,0], size=undefined, text=Először két egyszerű példát mutatunk Önnek.

Az el~, font=Arial, color=#FFFFFF, contrast=1, height=0.05, bold=null, italic=null, alignHoriz=left, alignVert=center, wrapWidth=1, flipHoriz=null, flipVert=null )
19.773374999989755	EXP	Created show_text = TextStim( name=show_text, win=Window( name=Window, fullscr=true, color=#000000, ~), autoDraw=null, autoLog=true, units=norm, ori=null, opacity=1, pos=[0,0], size=undefined, text=asztal, font=Arial, color=#FFFFFF, contrast=1, height=0.2, bold=null, italic=null, alignHoriz=left, alignVert=center, wrapWidth=1, flipHoriz=null, flipVert=null )
19.77570499999274	EXP	Created text = TextStim( name=text, win=Window( name=Window, fullscr=true, color=#000000, ~), autoDraw=null, autoLog=true, units=norm, ori=null, opacity=1, pos=[0,0], size=undefined, text=bzsmfsztal, font=Arial, color=#FFFFFF, contrast=1, height=0.2, bold=null, italic=null, alignHoriz=left, alignVert=center, wrapWidth=1, flipHoriz=null, flipVert=null )
19.77705999999307	EXP	Created instruction_text3 = TextStim( name=instruction_text3, win=Window( name=Window, fullscr=true, color=#000000, ~), autoDraw=null, autoLog=true, units=norm, ori=null, opacity=1, pos=[0,0], size=undefined, text=Pazar. Most kezdődik az igazi kísérlet. Néhány per~, font=Arial, color=#FFFFFF, contrast=1, height=0.1, bold=null, italic=null, alignHoriz=left, alignVert=center, wrapWidth=1, flipHoriz=null, flipVert=null )
19.77804499999911	EXP	Created szo_kiir = TextStim( name=szo_kiir, win=Window( name=Window, fullscr=true, color=#000000, ~), autoDraw=null, autoLog=true, units=norm, ori=null, opacity=1, pos=[0,0], size=undefined, text=default text, font=Arial, color=#FFFFFF, contrast=1, height=0.2, bold=null, italic=null, alignHoriz=left, alignVert=center, wrapWidth=1, flipHoriz=null, flipVert=null )
19.778995000000577	EXP	Created koszi_szoveg = TextStim( name=koszi_szoveg, win=Window( name=Window, fullscr=true, color=#000000, ~), autoDraw=null, autoLog=true, units=norm, ori=null, opacity=1, pos=[0,0], size=undefined, text=Vége a kísérletnek. Köszönjük a részvételt!, font=arial, color=#ffffff, contrast=1, height=0.1, bold=null, italic=null, alignHoriz=left, alignVert=center, wrapWidth=1, flipHoriz=null, flipVert=null )
19.865479999993113	EXP	instruction_text1: units = "norm"
19.865479999993113	EXP	instruction_text1: ori = 0
19.865479999993113	EXP	instruction_text1: opacity = 1
19.865479999993113	EXP	instruction_text1: pos = [0,0]
19.865479999993113	EXP	instruction_text1: size = undefined
19.865479999993113	EXP	instruction_text1: text = "Ön most szavakat fog látni.\n\nEzek között lesznek olyanok, amelyeket ismer, de előfordulhatnak olyanok is, amelyeket nem ismer, sőt, vannak köztük kitalált szavak is. \n\nKérjük, ha ismeri a képernyőn látható szót, nyomja meg a JOBB kurzorbillentyűt.\nKérjük, ha NEM ismeri a képernyőn látható szót, vagy azt gondolja, nincs ilyen szó a magyarban, nyomja meg a BAL kurzorbillentyűt.\n\nAz 'Ismerem a szót' döntés itt most ezt jelenti: találkoztam már vele, és van valami elképzelésem a jelentéséről is.  \n\nNyomjon meg bármilyen billentyűt a folytatáshoz."
19.865479999993113	EXP	instruction_text1: font = "Arial"
19.865479999993113	EXP	instruction_text1: color = {"_rgb":[1,1,1]}
19.865479999993113	EXP	instruction_text1: contrast = 1
19.865479999993113	EXP	instruction_text1: height = 0.05
19.865479999993113	EXP	instruction_text1: bold = false
19.865479999993113	EXP	instruction_text1: italic = false
19.865479999993113	EXP	instruction_text1: alignHoriz = "left"
19.865479999993113	EXP	instruction_text1: alignVert = "center"
19.865479999993113	EXP	instruction_text1: wrapWidth = 1
19.865479999993113	EXP	instruction_text1: flipHoriz = false
19.865479999993113	EXP	instruction_text1: flipVert = false
19.865479999993113	EXP	instruction_text2: units = "norm"
19.865479999993113	EXP	instruction_text2: ori = 0
19.865479999993113	EXP	instruction_text2: opacity = 1
19.865479999993113	EXP	instruction_text2: pos = [0,0]
19.865479999993113	EXP	instruction_text2: size = undefined
19.865479999993113	EXP	instruction_text2: text = "Először két egyszerű példát mutatunk Önnek.\n\nAz első szó létezik a magyarban, és valószínűleg Ön is ismeri. Itt nyomja majd meg a jobb kurzorbillentyűt.\nA második szó nem létezik a magyar nyelvben. Itt nyomja majd meg a bal kurzorbillentyűt.\n\nFontos, hogy a jobb gombot a jobb kezével, a bal gombot a bal kezével nyomja, ha tudja, és ne egy kezét használja a kísérletben.\n\nNyomjon meg bármilyen gombot a folytatáshoz."
19.865479999993113	EXP	instruction_text2: font = "Arial"
19.865479999993113	EXP	instruction_text2: color = {"_hex":"#FFFFFF","_rgb":[1,1,1]}
19.865479999993113	EXP	instruction_text2: contrast = 1
19.865479999993113	EXP	instruction_text2: height = 0.05
19.865479999993113	EXP	instruction_text2: bold = false
19.865479999993113	EXP	instruction_text2: italic = false
19.865479999993113	EXP	instruction_text2: alignHoriz = "left"
19.865479999993113	EXP	instruction_text2: alignVert = "center"
19.865479999993113	EXP	instruction_text2: wrapWidth = 1
19.865479999993113	EXP	instruction_text2: flipHoriz = false
19.865479999993113	EXP	instruction_text2: flipVert = false
19.865479999993113	EXP	show_text: units = "norm"
19.865479999993113	EXP	show_text: ori = 0
19.865479999993113	EXP	show_text: opacity = 1
19.865479999993113	EXP	show_text: pos = [0,0]
19.865479999993113	EXP	show_text: size = undefined
19.865479999993113	EXP	show_text: text = "asztal"
19.865479999993113	EXP	show_text: font = "Arial"
19.865479999993113	EXP	show_text: color = {"_hex":"#FFFFFF","_rgb":[1,1,1]}
19.865479999993113	EXP	show_text: contrast = 1
19.865479999993113	EXP	show_text: height = 0.2
19.865479999993113	EXP	show_text: bold = false
19.865479999993113	EXP	show_text: italic = false
19.865479999993113	EXP	show_text: alignHoriz = "left"
19.865479999993113	EXP	show_text: alignVert = "center"
19.865479999993113	EXP	show_text: wrapWidth = 1
19.865479999993113	EXP	show_text: flipHoriz = false
19.865479999993113	EXP	show_text: flipVert = false
19.865479999993113	EXP	text: units = "norm"
19.865479999993113	EXP	text: ori = 0
19.865479999993113	EXP	text: opacity = 1
19.865479999993113	EXP	text: pos = [0,0]
19.865479999993113	EXP	text: size = undefined
19.865479999993113	EXP	text: text = "bzsmfsztal"
19.865479999993113	EXP	text: font = "Arial"
19.865479999993113	EXP	text: color = {"_hex":"#FFFFFF","_rgb":[1,1,1]}
19.865479999993113	EXP	text: contrast = 1
19.865479999993113	EXP	text: height = 0.2
19.865479999993113	EXP	text: bold = false
19.865479999993113	EXP	text: italic = false
19.865479999993113	EXP	text: alignHoriz = "left"
19.865479999993113	EXP	text: alignVert = "center"
19.865479999993113	EXP	text: wrapWidth = 1
19.865479999993113	EXP	text: flipHoriz = false
19.865479999993113	EXP	text: flipVert = false
19.865479999993113	EXP	instruction_text3: units = "norm"
19.865479999993113	EXP	instruction_text3: ori = 0
19.865479999993113	EXP	instruction_text3: opacity = 1
19.865479999993113	EXP	instruction_text3: pos = [0,0]
19.865479999993113	EXP	instruction_text3: size = undefined
19.865479999993113	EXP	instruction_text3: text = "Pazar. Most kezdődik az igazi kísérlet. Néhány percig fog tartani. Nem kell nagyon sietnie, de igyekezzen gyorsan válaszolni.\n\nNe feledje, ha tudja, a jobb gombot a jobbkezével, a bal gombot a balkezével nyomja le.\n\nNyomjon meg bármilyen gombot a folytatáshoz."
19.865479999993113	EXP	instruction_text3: font = "Arial"
19.865479999993113	EXP	instruction_text3: color = {"_hex":"#FFFFFF","_rgb":[1,1,1]}
19.865479999993113	EXP	instruction_text3: contrast = 1
19.865479999993113	EXP	instruction_text3: height = 0.1
19.865479999993113	EXP	instruction_text3: bold = false
19.865479999993113	EXP	instruction_text3: italic = false
19.865479999993113	EXP	instruction_text3: alignHoriz = "left"
19.865479999993113	EXP	instruction_text3: alignVert = "center"
19.865479999993113	EXP	instruction_text3: wrapWidth = 1
19.865479999993113	EXP	instruction_text3: flipHoriz = false
19.865479999993113	EXP	instruction_text3: flipVert = false
19.865479999993113	EXP	szo_kiir: units = "norm"
19.865479999993113	EXP	szo_kiir: ori = 0
19.865479999993113	EXP	szo_kiir: opacity = 1
19.865479999993113	EXP	szo_kiir: pos = [0,0]
19.865479999993113	EXP	szo_kiir: size = undefined
19.865479999993113	EXP	szo_kiir: text = "default text"
19.865479999993113	EXP	szo_kiir: font = "Arial"
19.865479999993113	EXP	szo_kiir: color = {"_hex":"#FFFFFF","_rgb":[1,1,1]}
19.865479999993113	EXP	szo_kiir: contrast = 1
19.865479999993113	EXP	szo_kiir: height = 0.2
19.865479999993113	EXP	szo_kiir: bold = false
19.865479999993113	EXP	szo_kiir: italic = false
19.865479999993113	EXP	szo_kiir: alignHoriz = "left"
19.865479999993113	EXP	szo_kiir: alignVert = "center"
19.865479999993113	EXP	szo_kiir: wrapWidth = 1
19.865479999993113	EXP	szo_kiir: flipHoriz = false
19.865479999993113	EXP	szo_kiir: flipVert = false
19.865479999993113	EXP	koszi_szoveg: units = "norm"
19.865479999993113	EXP	koszi_szoveg: ori = 0
19.865479999993113	EXP	koszi_szoveg: opacity = 1
19.865479999993113	EXP	koszi_szoveg: pos = [0,0]
19.865479999993113	EXP	koszi_szoveg: size = undefined
19.865479999993113	EXP	koszi_szoveg: text = "Vége a kísérletnek. Köszönjük a részvételt!"
19.865479999993113	EXP	koszi_szoveg: font = "arial"
19.865479999993113	EXP	koszi_szoveg: color = {"_rgb":[1,1,1]}
19.865479999993113	EXP	koszi_szoveg: contrast = 1
19.865479999993113	EXP	koszi_szoveg: height = 0.1
19.865479999993113	EXP	koszi_szoveg: bold = false
19.865479999993113	EXP	koszi_szoveg: italic = false
19.865479999993113	EXP	koszi_szoveg: alignHoriz = "left"
19.865479999993113	EXP	koszi_szoveg: alignVert = "center"
19.865479999993113	EXP	koszi_szoveg: wrapWidth = 1
19.865479999993113	EXP	koszi_szoveg: flipHoriz = false
19.865479999993113	EXP	koszi_szoveg: flipVert = false
19.865479999993113	EXP	instruction_text1: autoDraw = true
48.067774999988615	DATA	Keydown:  
48.087074999988545	EXP	instruction_text1: autoDraw = false
48.087074999988545	EXP	instruction_text2: autoDraw = true
92.58820499999274	DATA	Keydown:  
92.60756499999843	EXP	instruction_text2: autoDraw = false
93.14796499999647	EXP	show_text: autoDraw = true
95.08207499999844	DATA	Keydown: ArrowRight
95.09773499998846	EXP	show_text: autoDraw = false
95.59827999999106	EXP	text: autoDraw = true
97.25378499999351	DATA	Keydown: ArrowLeft
97.2882549999922	EXP	text: autoDraw = false
97.2882549999922	EXP	instruction_text3: autoDraw = true
108.6349549999868	DATA	Keydown:  
108.70481999999902	EXP	instruction_text3: autoDraw = false
108.70481999999902	EXP	szo_kiir: color = {"_rgb":[1,1,1]}
108.70481999999902	EXP	szo_kiir: text = "ország"
109.2171049999888	EXP	szo_kiir: autoDraw = true
110.73686999999336	DATA	Keydown: ArrowRight
110.75275999998848	EXP	szo_kiir: autoDraw = false
110.75275999998848	EXP	szo_kiir: color = {"_rgb":[1,1,1]}
110.75275999998848	EXP	szo_kiir: text = "címelés"
111.26943999998912	EXP	szo_kiir: autoDraw = true
116.14420999999857	DATA	Keydown: ArrowRight
116.1600749999925	EXP	szo_kiir: autoDraw = false
116.1600749999925	EXP	szo_kiir: color = {"_rgb":[1,1,1]}
116.1600749999925	EXP	szo_kiir: text = "nincs"
116.67671999998856	EXP	szo_kiir: autoDraw = true
118.11358499999915	DATA	Keydown: ArrowRight
118.14772499998799	EXP	szo_kiir: autoDraw = false
118.14772499998799	EXP	szo_kiir: color = {"_rgb":[1,1,1]}
118.14772499998799	EXP	szo_kiir: text = "nyelv"
118.66292999999132	EXP	szo_kiir: autoDraw = true
119.61590499999875	DATA	Keydown: ArrowRight
119.63159499999892	EXP	szo_kiir: autoDraw = false
119.63159499999892	EXP	szo_kiir: color = {"_rgb":[1,1,1]}
119.63159499999892	EXP	szo_kiir: text = "cikk"
120.14823999999498	EXP	szo_kiir: autoDraw = true
121.35144499999296	DATA	Keydown: ArrowRight
121.37758000000031	EXP	szo_kiir: autoDraw = false
121.37758000000031	EXP	szo_kiir: color = {"_rgb":[1,1,1]}
121.37758000000031	EXP	szo_kiir: text = "tetszik"
121.88401499998872	EXP	szo_kiir: autoDraw = true
122.95362499999464	DATA	Keydown: ArrowRight
122.96933499998704	EXP	szo_kiir: autoDraw = false
122.96933499998704	EXP	szo_kiir: color = {"_rgb":[1,1,1]}
122.96933499998704	EXP	szo_kiir: text = "bolyodás"
123.48635999999533	EXP	szo_kiir: autoDraw = true
125.87444499999401	DATA	Keydown: ArrowLeft
125.92752499999187	EXP	szo_kiir: autoDraw = false
125.92752499999187	EXP	szo_kiir: color = {"_rgb":[1,1,1]}
125.92752499999187	EXP	szo_kiir: text = "keresztény"
126.44112999999197	EXP	szo_kiir: autoDraw = true
127.75737999999546	DATA	Keydown: ArrowRight
127.77252999998746	EXP	szo_kiir: autoDraw = false
127.77252999998746	EXP	szo_kiir: color = {"_rgb":[1,1,1]}
127.77252999998746	EXP	szo_kiir: text = "boldog"
128.28934999999183	EXP	szo_kiir: autoDraw = true
129.3427449999872	DATA	Keydown: ArrowRight
129.36290499998722	EXP	szo_kiir: autoDraw = false
129.36290499998722	EXP	szo_kiir: color = {"_rgb":[1,1,1]}
129.36290499998722	EXP	szo_kiir: text = "storka"
129.87827499999548	EXP	szo_kiir: autoDraw = true
131.71136499999557	DATA	Keydown: ArrowLeft
131.73143499999424	EXP	szo_kiir: autoDraw = false
131.73143499999424	EXP	szo_kiir: color = {"_rgb":[1,1,1]}
131.73143499999424	EXP	szo_kiir: text = "szakáj"
132.24815999998827	EXP	szo_kiir: autoDraw = true
133.7650799999974	DATA	Keydown: ArrowRight
133.78403499998967	EXP	szo_kiir: autoDraw = false
133.78403499998967	EXP	szo_kiir: color = {"_rgb":[1,1,1]}
133.78403499998967	EXP	szo_kiir: text = "folyik"
134.3009599999932	EXP	szo_kiir: autoDraw = true
135.04921499999182	DATA	Keydown: ArrowRight
135.07341499999166	EXP	szo_kiir: autoDraw = false
135.07341499999166	EXP	szo_kiir: color = {"_rgb":[1,1,1]}
135.07341499999166	EXP	szo_kiir: text = "bolos"
135.58685499998683	EXP	szo_kiir: autoDraw = true
136.8558950000006	DATA	Keydown: ArrowLeft
136.871644999992	EXP	szo_kiir: autoDraw = false
136.871644999992	EXP	szo_kiir: color = {"_rgb":[1,1,1]}
136.871644999992	EXP	szo_kiir: text = "forgalom"
137.38874499998929	EXP	szo_kiir: autoDraw = true
138.97562999998627	DATA	Keydown: ArrowRight
138.9953999999998	EXP	szo_kiir: autoDraw = false
138.9953999999998	EXP	szo_kiir: color = {"_rgb":[1,1,1]}
138.9953999999998	EXP	szo_kiir: text = "kritikus"
139.5081799999898	EXP	szo_kiir: autoDraw = true
140.39433499998995	DATA	Keydown: ArrowRight
140.40992999999435	EXP	szo_kiir: autoDraw = false
140.40992999999435	EXP	szo_kiir: color = {"_rgb":[1,1,1]}
140.40992999999435	EXP	szo_kiir: text = "borhátsz"
140.92672999999195	EXP	szo_kiir: autoDraw = true
143.2312799999927	DATA	Keydown: ArrowLeft
143.25109999999404	EXP	szo_kiir: autoDraw = false
143.25109999999404	EXP	szo_kiir: color = {"_rgb":[1,1,1]}
143.25109999999404	EXP	szo_kiir: text = "eredményez"
143.76400499999	EXP	szo_kiir: autoDraw = true
145.20092499999737	DATA	Keydown: ArrowRight
145.21640999999363	EXP	szo_kiir: autoDraw = false
145.21640999999363	EXP	szo_kiir: color = {"_rgb":[1,1,1]}
145.21640999999363	EXP	szo_kiir: text = "átütésetti"
145.73347999999532	EXP	szo_kiir: autoDraw = true
147.15356500000053	DATA	Keydown: ArrowLeft
147.17387499999313	EXP	szo_kiir: autoDraw = false
147.17387499999313	EXP	szo_kiir: color = {"_rgb":[1,1,1]}
147.17387499999313	EXP	szo_kiir: text = "gróf"
147.68585999999777	EXP	szo_kiir: autoDraw = true
148.63847999999416	DATA	Keydown: ArrowRight
148.6545049999986	EXP	szo_kiir: autoDraw = false
148.6545049999986	EXP	szo_kiir: color = {"_rgb":[1,1,1]}
148.6545049999986	EXP	szo_kiir: text = "szerez"
149.17128499998944	EXP	szo_kiir: autoDraw = true
150.4870399999927	DATA	Keydown: ArrowRight
150.51242999998794	EXP	szo_kiir: autoDraw = false
150.51242999998794	EXP	szo_kiir: color = {"_rgb":[1,1,1]}
150.51242999998794	EXP	szo_kiir: text = "gyűjtemény"
151.02401499998814	EXP	szo_kiir: autoDraw = true
151.8105249999935	DATA	Keydown: ArrowRight
151.82547499999055	EXP	szo_kiir: autoDraw = false
151.82547499999055	EXP	szo_kiir: color = {"_rgb":[1,1,1]}
151.82547499999055	EXP	szo_kiir: text = "szethetősi"
152.34259999998903	EXP	szo_kiir: autoDraw = true
154.69294499998796	DATA	Keydown: ArrowLeft
154.72363999999652	EXP	szo_kiir: autoDraw = false
154.72363999999652	EXP	szo_kiir: color = {"_rgb":[1,1,1]}
154.72363999999652	EXP	szo_kiir: text = "orr"
155.22971999998845	EXP	szo_kiir: autoDraw = true
155.91549999998824	DATA	Keydown: ArrowRight
155.93126499999198	EXP	szo_kiir: autoDraw = false
155.93126499999198	EXP	szo_kiir: color = {"_rgb":[1,1,1]}
155.93126499999198	EXP	szo_kiir: text = "tánló"
156.43149499999708	EXP	szo_kiir: autoDraw = true
157.90163499998744	DATA	Keydown: ArrowLeft
157.91998500000045	EXP	szo_kiir: autoDraw = false
157.91998500000045	EXP	szo_kiir: color = {"_rgb":[1,1,1]}
157.91998500000045	EXP	szo_kiir: text = "majozárói"
158.4340599999996	EXP	szo_kiir: autoDraw = true
161.3066749999998	DATA	Keydown: ArrowLeft
161.32216999999946	EXP	szo_kiir: autoDraw = false
161.32216999999946	EXP	szo_kiir: color = {"_rgb":[1,1,1]}
161.32216999999946	EXP	szo_kiir: text = "nagyszámú"
161.83974499999022	EXP	szo_kiir: autoDraw = true
162.65804499998922	DATA	Keydown: ArrowRight
162.67642999999225	EXP	szo_kiir: autoDraw = false
162.67642999999225	EXP	szo_kiir: color = {"_rgb":[1,1,1]}
162.67642999999225	EXP	szo_kiir: text = "örmény"
163.19061999999394	EXP	szo_kiir: autoDraw = true
163.97671999999147	DATA	Keydown: ArrowRight
163.99240999999165	EXP	szo_kiir: autoDraw = false
163.99240999999165	EXP	szo_kiir: color = {"_rgb":[1,1,1]}
163.99240999999165	EXP	szo_kiir: text = "keresztyén"
164.50921999999264	EXP	szo_kiir: autoDraw = true
165.36180499999318	DATA	Keydown: ArrowRight
165.38152499998978	EXP	szo_kiir: autoDraw = false
165.38152499998978	EXP	szo_kiir: color = {"_rgb":[1,1,1]}
165.38152499998978	EXP	szo_kiir: text = "gyógyszerész"
165.89430999998876	EXP	szo_kiir: autoDraw = true
166.78036999999313	DATA	Keydown: ArrowRight
166.7960849999945	EXP	szo_kiir: autoDraw = false
166.7960849999945	EXP	szo_kiir: color = {"_rgb":[1,1,1]}
166.7960849999945	EXP	szo_kiir: text = "állvány"
167.3130999999994	EXP	szo_kiir: autoDraw = true
168.09895999998844	DATA	Keydown: ArrowRight
168.11591999999655	EXP	szo_kiir: autoDraw = false
168.11591999999655	EXP	szo_kiir: color = {"_rgb":[1,1,1]}
168.11591999999655	EXP	szo_kiir: text = "vélekedik"
168.63134999999602	EXP	szo_kiir: autoDraw = true
169.60098999999173	DATA	Keydown: ArrowRight
169.61665999999968	EXP	szo_kiir: autoDraw = false
169.61665999999968	EXP	szo_kiir: color = {"_rgb":[1,1,1]}
169.61665999999968	EXP	szo_kiir: text = "imád"
170.13352999999188	EXP	szo_kiir: autoDraw = true
170.90029499999946	DATA	Keydown: ArrowRight
170.9225199999928	EXP	szo_kiir: autoDraw = false
170.9225199999928	EXP	szo_kiir: color = {"_rgb":[1,1,1]}
170.9225199999928	EXP	szo_kiir: text = "léptelegy"
171.4355249999935	EXP	szo_kiir: autoDraw = true
172.77215499999875	DATA	Keydown: ArrowLeft
172.78800499999488	EXP	szo_kiir: autoDraw = false
172.78800499999488	EXP	szo_kiir: color = {"_rgb":[1,1,1]}
172.78800499999488	EXP	szo_kiir: text = "puritán"
173.30461499998637	EXP	szo_kiir: autoDraw = true
174.42121000000043	DATA	Keydown: ArrowRight
174.44257499999367	EXP	szo_kiir: autoDraw = false
174.44257499999367	EXP	szo_kiir: color = {"_rgb":[1,1,1]}
174.44257499999367	EXP	szo_kiir: text = "holttest"
174.95682499998657	EXP	szo_kiir: autoDraw = true
176.6609649999882	DATA	Keydown: ArrowRight
176.67641999998887	EXP	szo_kiir: autoDraw = false
176.67641999998887	EXP	szo_kiir: color = {"_rgb":[1,1,1]}
176.67641999998887	EXP	szo_kiir: text = "pénzösszeg"
177.19373499999347	EXP	szo_kiir: autoDraw = true
178.19625999999698	DATA	Keydown: ArrowRight
178.22354999999516	EXP	szo_kiir: autoDraw = false
178.22354999999516	EXP	szo_kiir: color = {"_rgb":[1,1,1]}
178.22354999999516	EXP	szo_kiir: text = "vízimény"
178.74186999999802	EXP	szo_kiir: autoDraw = true
180.42961499998637	DATA	Keydown: ArrowLeft
180.4448049999919	EXP	szo_kiir: autoDraw = false
180.4448049999919	EXP	szo_kiir: color = {"_rgb":[1,1,1]}
180.4448049999919	EXP	szo_kiir: text = "bacon"
180.96167499999865	EXP	szo_kiir: autoDraw = true
185.7535649999918	DATA	Keydown: ArrowRight
185.7700649999897	EXP	szo_kiir: autoDraw = false
185.7700649999897	EXP	szo_kiir: color = {"_rgb":[1,1,1]}
185.7700649999897	EXP	szo_kiir: text = "balji"
186.2856449999963	EXP	szo_kiir: autoDraw = true
187.38911999999254	DATA	Keydown: ArrowLeft
187.4045449999976	EXP	szo_kiir: autoDraw = false
187.4045449999976	EXP	szo_kiir: color = {"_rgb":[1,1,1]}
187.4045449999976	EXP	szo_kiir: text = "gráf"
187.92114500000025	EXP	szo_kiir: autoDraw = true
189.82559999999648	DATA	Keydown: ArrowRight
189.8418299999903	EXP	szo_kiir: autoDraw = false
189.8418299999903	EXP	szo_kiir: color = {"_rgb":[1,1,1]}
189.8418299999903	EXP	szo_kiir: text = "koenzim"
190.35788999999932	EXP	szo_kiir: autoDraw = true
191.6617249999981	DATA	Keydown: ArrowRight
191.67709999998624	EXP	szo_kiir: autoDraw = false
191.67709999998624	EXP	szo_kiir: color = {"_rgb":[1,1,1]}
191.67709999998624	EXP	szo_kiir: text = "viszt"
192.19301999999152	EXP	szo_kiir: autoDraw = true
193.48046999999497	DATA	Keydown: ArrowLeft
193.49708499999542	EXP	szo_kiir: autoDraw = false
193.49708499999542	EXP	szo_kiir: color = {"_rgb":[1,1,1]}
193.49708499999542	EXP	szo_kiir: text = "érlelődik"
194.01270999999542	EXP	szo_kiir: autoDraw = true
195.14961499998753	DATA	Keydown: ArrowRight
195.16490999999223	EXP	szo_kiir: autoDraw = false
195.16490999999223	EXP	szo_kiir: color = {"_rgb":[1,1,1]}
195.16490999999223	EXP	szo_kiir: text = "tanácsol"
195.681854999988	EXP	szo_kiir: autoDraw = true
196.55160999999498	DATA	Keydown: ArrowRight
196.5677999999898	EXP	szo_kiir: autoDraw = false
196.5677999999898	EXP	szo_kiir: color = {"_rgb":[1,1,1]}
196.5677999999898	EXP	szo_kiir: text = "szélvész"
197.08382499999425	EXP	szo_kiir: autoDraw = true
197.8869549999945	DATA	Keydown: ArrowRight
197.90215999999782	EXP	szo_kiir: autoDraw = false
197.90215999999782	EXP	szo_kiir: color = {"_rgb":[1,1,1]}
197.90215999999782	EXP	szo_kiir: text = "aprimitmus"
198.41894999999204	EXP	szo_kiir: autoDraw = true
201.85849999998754	DATA	Keydown: ArrowLeft
201.87512499999139	EXP	szo_kiir: autoDraw = false
201.87512499999139	EXP	szo_kiir: color = {"_rgb":[1,1,1]}
201.87512499999139	EXP	szo_kiir: text = "ómagyar"
202.3909799999965	EXP	szo_kiir: autoDraw = true
203.61128499999177	DATA	Keydown: ArrowRight
203.62670999999682	EXP	szo_kiir: autoDraw = false
203.62670999999682	EXP	szo_kiir: color = {"_rgb":[1,1,1]}
203.62670999999682	EXP	szo_kiir: text = "sikációzan"
204.14343499999086	EXP	szo_kiir: autoDraw = true
207.500114999988	DATA	Keydown: ArrowLeft
207.5191300000006	EXP	szo_kiir: autoDraw = false
207.5191300000006	EXP	szo_kiir: color = {"_rgb":[1,1,1]}
207.5191300000006	EXP	szo_kiir: text = "dofízissed"
208.03226999999606	EXP	szo_kiir: autoDraw = true
209.9865349999891	DATA	Keydown: ArrowLeft
210.00204499998654	EXP	szo_kiir: autoDraw = false
210.00204499998654	EXP	szo_kiir: color = {"_rgb":[1,1,1]}
210.00204499998654	EXP	szo_kiir: text = "össztűz"
210.51923999999417	EXP	szo_kiir: autoDraw = true
211.97268500000064	DATA	Keydown: ArrowRight
211.99039999999513	EXP	szo_kiir: autoDraw = false
211.99039999999513	EXP	szo_kiir: color = {"_rgb":[1,1,1]}
211.99039999999513	EXP	szo_kiir: text = "konzílium"
212.50507999998808	EXP	szo_kiir: autoDraw = true
213.82532499999797	DATA	Keydown: ArrowRight
213.84075999999186	EXP	szo_kiir: autoDraw = false
213.84075999999186	EXP	szo_kiir: color = {"_rgb":[1,1,1]}
213.84075999999186	EXP	szo_kiir: text = "terhelődik"
214.3574099999969	EXP	szo_kiir: autoDraw = true
215.32719999999972	DATA	Keydown: ArrowRight
215.34554499998922	EXP	szo_kiir: autoDraw = false
215.34554499998922	EXP	szo_kiir: color = {"_rgb":[1,1,1]}
215.34554499998922	EXP	szo_kiir: text = "hidegtál"
215.85942499998782	EXP	szo_kiir: autoDraw = true
216.69644499999413	DATA	Keydown: ArrowRight
216.71173499998986	EXP	szo_kiir: autoDraw = false
216.71173499998986	EXP	szo_kiir: color = {"_rgb":[1,1,1]}
216.71173499998986	EXP	szo_kiir: text = "konfirki"
217.22810999999638	EXP	szo_kiir: autoDraw = true
219.0324249999976	DATA	Keydown: ArrowLeft
219.049755	EXP	szo_kiir: autoDraw = false
219.049755	EXP	szo_kiir: color = {"_rgb":[1,1,1]}
219.049755	EXP	szo_kiir: text = "háznép"
219.56467999999586	EXP	szo_kiir: autoDraw = true
220.368054999999	DATA	Keydown: ArrowRight
220.38303499999165	EXP	szo_kiir: autoDraw = false
220.38303499999165	EXP	szo_kiir: color = {"_rgb":[1,1,1]}
220.38303499999165	EXP	szo_kiir: text = "sakat"
220.89968499999668	EXP	szo_kiir: autoDraw = true
222.00348999998823	DATA	Keydown: ArrowLeft
222.01982499999576	EXP	szo_kiir: autoDraw = false
222.01982499999576	EXP	szo_kiir: color = {"_rgb":[1,1,1]}
222.01982499999576	EXP	szo_kiir: text = "avonaliba"
222.53548500000034	EXP	szo_kiir: autoDraw = true
224.8235749999876	DATA	Keydown: ArrowLeft
224.83905999999843	EXP	szo_kiir: autoDraw = false
224.83905999999843	EXP	szo_kiir: color = {"_rgb":[1,1,1]}
224.83905999999843	EXP	szo_kiir: text = "kitin"
225.35587999998825	EXP	szo_kiir: autoDraw = true
226.40903999999864	DATA	Keydown: ArrowRight
226.42820499998925	EXP	szo_kiir: autoDraw = false
226.42820499998925	EXP	szo_kiir: color = {"_rgb":[1,1,1]}
226.42820499998925	EXP	szo_kiir: text = "tököl"
226.94144999999844	EXP	szo_kiir: autoDraw = true
227.8947499999922	DATA	Keydown: ArrowRight
227.91006499998912	EXP	szo_kiir: autoDraw = false
227.91006499998912	EXP	szo_kiir: color = {"_rgb":[1,1,1]}
227.91006499998912	EXP	szo_kiir: text = "diáknyelv"
228.42684999998892	EXP	szo_kiir: autoDraw = true
229.21293499998865	DATA	Keydown: ArrowRight
229.22993499999575	EXP	szo_kiir: autoDraw = false
229.22993499999575	EXP	szo_kiir: color = {"_rgb":[1,1,1]}
229.22993499999575	EXP	szo_kiir: text = "petkerhet"
229.75882999999158	EXP	szo_kiir: autoDraw = true
232.12009499999112	DATA	Keydown: ArrowLeft
232.13589499999944	EXP	szo_kiir: autoDraw = false
232.13589499999944	EXP	szo_kiir: color = {"_rgb":[1,1,1]}
232.13589499999944	EXP	szo_kiir: text = "sifon"
232.6525999999867	EXP	szo_kiir: autoDraw = true
233.4894299999869	DATA	Keydown: ArrowRight
233.50909999999567	EXP	szo_kiir: autoDraw = false
233.50909999999567	EXP	szo_kiir: color = {"_rgb":[1,1,1]}
233.50909999999567	EXP	szo_kiir: text = "sövet"
234.0220399999962	EXP	szo_kiir: autoDraw = true
235.22453499998664	DATA	Keydown: ArrowLeft
235.24020999998902	EXP	szo_kiir: autoDraw = false
235.24020999998902	EXP	szo_kiir: color = {"_rgb":[1,1,1]}
235.24020999998902	EXP	szo_kiir: text = "csapattest"
235.757099999988	EXP	szo_kiir: autoDraw = true
237.32812999999442	DATA	Keydown: ArrowRight
237.3463300000003	EXP	szo_kiir: autoDraw = false
237.3463300000003	EXP	szo_kiir: color = {"_rgb":[1,1,1]}
237.3463300000003	EXP	szo_kiir: text = "vasáru"
237.8597449999943	EXP	szo_kiir: autoDraw = true
238.81435000000056	DATA	Keydown: ArrowRight
238.8284249999997	EXP	szo_kiir: autoDraw = false
238.8284249999997	EXP	szo_kiir: color = {"_rgb":[1,1,1]}
238.8284249999997	EXP	szo_kiir: text = "verizmus"
239.34527499999967	EXP	szo_kiir: autoDraw = true
240.7320299999992	DATA	Keydown: ArrowRight
240.75053999999363	EXP	szo_kiir: autoDraw = false
240.75053999999363	EXP	szo_kiir: color = {"_rgb":[1,1,1]}
240.75053999999363	EXP	szo_kiir: text = "vagdalthús"
241.26464999999735	EXP	szo_kiir: autoDraw = true
242.23444000000018	DATA	Keydown: ArrowRight
242.2498149999883	EXP	szo_kiir: autoDraw = false
242.2498149999883	EXP	szo_kiir: color = {"_rgb":[1,1,1]}
242.2498149999883	EXP	szo_kiir: text = "aszinkronmotor"
242.7668699999922	EXP	szo_kiir: autoDraw = true
248.50948999999673	DATA	Keydown: ArrowRight
248.52764000000025	EXP	szo_kiir: autoDraw = false
248.52764000000025	EXP	szo_kiir: color = {"_rgb":[1,1,1]}
248.52764000000025	EXP	szo_kiir: text = "hazardírozik"
249.04211999999825	EXP	szo_kiir: autoDraw = true
250.52894999999262	DATA	Keydown: ArrowRight
250.5443799999921	EXP	szo_kiir: autoDraw = false
250.5443799999921	EXP	szo_kiir: color = {"_rgb":[1,1,1]}
250.5443799999921	EXP	szo_kiir: text = "paláver"
251.06125999998767	EXP	szo_kiir: autoDraw = true
252.29804499998863	DATA	Keydown: ArrowRight
252.31492999999318	EXP	szo_kiir: autoDraw = false
252.31492999999318	EXP	szo_kiir: color = {"_rgb":[1,1,1]}
252.31492999999318	EXP	szo_kiir: text = "inhumánus"
252.83037499999045	EXP	szo_kiir: autoDraw = true
254.36743999998725	DATA	Keydown: ArrowRight
254.3832349999866	EXP	szo_kiir: autoDraw = false
254.3832349999866	EXP	szo_kiir: color = {"_rgb":[1,1,1]}
254.3832349999866	EXP	szo_kiir: text = "szolúbilis"
254.9001649999991	EXP	szo_kiir: autoDraw = true
261.3103199999896	DATA	Keydown: ArrowLeft
261.3259849999886	EXP	szo_kiir: autoDraw = false
261.3259849999886	EXP	szo_kiir: color = {"_rgb":[1,1,1]}
261.3259849999886	EXP	szo_kiir: text = "gór"
261.84257499998785	EXP	szo_kiir: autoDraw = true
263.58002999999735	DATA	Keydown: ArrowLeft
263.59569999999076	EXP	szo_kiir: autoDraw = false
263.59569999999076	EXP	szo_kiir: color = {"_rgb":[1,1,1]}
263.59569999999076	EXP	szo_kiir: text = "illikázó"
264.11244499999157	EXP	szo_kiir: autoDraw = true
266.1794799999916	DATA	Keydown: ArrowLeft
266.20273999999336	EXP	szo_kiir: autoDraw = false
266.20273999999336	EXP	szo_kiir: color = {"_rgb":[1,1,1]}
266.20273999999336	EXP	szo_kiir: text = "multiregionális"
266.7161849999975	EXP	szo_kiir: autoDraw = true
269.3381149999914	DATA	Keydown: ArrowRight
269.3537099999958	EXP	szo_kiir: autoDraw = false
269.3537099999958	EXP	szo_kiir: color = {"_rgb":[1,1,1]}
269.3537099999958	EXP	szo_kiir: text = "mérgesít"
269.87050499999896	EXP	szo_kiir: autoDraw = true
271.05710499999986	DATA	Keydown: ArrowRight
271.07398499999545	EXP	szo_kiir: autoDraw = false
271.07398499999545	EXP	szo_kiir: color = {"_rgb":[1,1,1]}
271.07398499999545	EXP	szo_kiir: text = "lejmol"
271.5896049999865	EXP	szo_kiir: autoDraw = true
272.7573449999909	DATA	Keydown: ArrowRight
272.77502499999537	EXP	szo_kiir: autoDraw = false
272.77502499999537	EXP	szo_kiir: color = {"_rgb":[1,1,1]}
272.77502499999537	EXP	szo_kiir: text = "kölönc"
273.2917299999972	EXP	szo_kiir: autoDraw = true
274.54498999999487	DATA	Keydown: ArrowRight
274.56236999999965	EXP	szo_kiir: autoDraw = false
274.56236999999965	EXP	szo_kiir: color = {"_rgb":[1,1,1]}
274.56236999999965	EXP	szo_kiir: text = "viszonvád"
275.0775149999972	EXP	szo_kiir: autoDraw = true
280.28647499998624	DATA	Keydown: ArrowLeft
280.3021099999896	EXP	szo_kiir: autoDraw = false
280.3021099999896	EXP	szo_kiir: color = {"_rgb":[1,1,1]}
280.3021099999896	EXP	szo_kiir: text = "szedelődzködik"
280.8190399999876	EXP	szo_kiir: autoDraw = true
282.1055699999997	DATA	Keydown: ArrowRight
282.1212399999931	EXP	szo_kiir: autoDraw = false
282.1212399999931	EXP	szo_kiir: color = {"_rgb":[1,1,1]}
282.1212399999931	EXP	szo_kiir: text = "hamispénz"
282.6380849999987	EXP	szo_kiir: autoDraw = true
283.64108499999566	DATA	Keydown: ArrowRight
283.6580049999902	EXP	szo_kiir: autoDraw = false
283.6580049999902	EXP	szo_kiir: color = {"_rgb":[1,1,1]}
283.6580049999902	EXP	szo_kiir: text = "kurtít"
284.1733600000007	EXP	szo_kiir: autoDraw = true
285.1762999999919	DATA	Keydown: ArrowRight
285.1921449999936	EXP	szo_kiir: autoDraw = false
285.1921449999936	EXP	szo_kiir: color = {"_rgb":[1,1,1]}
285.1921449999936	EXP	szo_kiir: text = "retta"
285.7090899999894	EXP	szo_kiir: autoDraw = true
286.7283999999927	DATA	Keydown: ArrowLeft
286.7454899999866	EXP	szo_kiir: autoDraw = false
286.7454899999866	EXP	szo_kiir: color = {"_rgb":[1,1,1]}
286.7454899999866	EXP	szo_kiir: text = "kibeti"
287.26099499998963	EXP	szo_kiir: autoDraw = true
288.6952799999999	DATA	Keydown: ArrowRight
288.7103050000005	EXP	szo_kiir: autoDraw = false
288.7103050000005	EXP	szo_kiir: color = {"_rgb":[1,1,1]}
288.7103050000005	EXP	szo_kiir: text = "lépdegél"
289.2269849999866	EXP	szo_kiir: autoDraw = true
290.4309199999989	DATA	Keydown: ArrowRight
290.4460299999919	EXP	szo_kiir: autoDraw = false
290.4460299999919	EXP	szo_kiir: color = {"_rgb":[1,1,1]}
290.4460299999919	EXP	szo_kiir: text = "türemlik"
290.9628299999895	EXP	szo_kiir: autoDraw = true
293.01762999998755	DATA	Keydown: ArrowRight
293.03693999999086	EXP	szo_kiir: autoDraw = false
293.03693999999086	EXP	szo_kiir: color = {"_rgb":[1,1,1]}
293.03693999999086	EXP	szo_kiir: text = "szíjaz"
293.54947999998694	EXP	szo_kiir: autoDraw = true
294.3194949999888	DATA	Keydown: ArrowRight
294.33470499998657	EXP	szo_kiir: autoDraw = false
294.33470499998657	EXP	szo_kiir: color = {"_rgb":[1,1,1]}
294.33470499998657	EXP	szo_kiir: text = "piszkosodik"
294.85152499999094	EXP	szo_kiir: autoDraw = true
296.5055649999995	DATA	Keydown: ArrowRight
296.5251549999957	EXP	szo_kiir: autoDraw = false
296.5251549999957	EXP	szo_kiir: color = {"_rgb":[1,1,1]}
296.5251549999957	EXP	szo_kiir: text = "sűrítható"
297.0376699999906	EXP	szo_kiir: autoDraw = true
305.1840549999906	DATA	Keydown: ArrowLeft
305.19955499999924	EXP	szo_kiir: autoDraw = false
305.19955499999924	EXP	szo_kiir: color = {"_rgb":[1,1,1]}
305.19955499999924	EXP	szo_kiir: text = "striguláz"
305.71613999998954	EXP	szo_kiir: autoDraw = true
307.1199799999886	DATA	Keydown: ArrowRight
307.1372449999908	EXP	szo_kiir: autoDraw = false
307.1372449999908	EXP	szo_kiir: color = {"_rgb":[1,1,1]}
307.1372449999908	EXP	szo_kiir: text = "hejehujázik"
307.65239499999734	EXP	szo_kiir: autoDraw = true
308.78889999999956	DATA	Keydown: ArrowRight
308.8043849999958	EXP	szo_kiir: autoDraw = false
308.8043849999958	EXP	szo_kiir: color = {"_rgb":[1,1,1]}
308.8043849999958	EXP	szo_kiir: text = "hendesen"
309.321294999987	EXP	szo_kiir: autoDraw = true
311.0754400000005	DATA	Keydown: ArrowLeft
311.09284999998636	EXP	szo_kiir: autoDraw = false
311.09284999998636	EXP	szo_kiir: color = {"_rgb":[1,1,1]}
311.09284999998636	EXP	szo_kiir: text = "szemfa"
311.60749999999825	EXP	szo_kiir: autoDraw = true
313.06133499999123	DATA	Keydown: ArrowRight
313.0769	EXP	szo_kiir: autoDraw = false
313.0769	EXP	szo_kiir: color = {"_rgb":[1,1,1]}
313.0769	EXP	szo_kiir: text = "dévánkozik"
313.59364999999525	EXP	szo_kiir: autoDraw = true
315.3650549999875	DATA	Keydown: ArrowRight
315.3802399999986	EXP	szo_kiir: autoDraw = false
315.3802399999986	EXP	szo_kiir: color = {"_rgb":[1,1,1]}
315.3802399999986	EXP	szo_kiir: text = "hérósz"
315.89696499999263	EXP	szo_kiir: autoDraw = true
316.9002199999959	DATA	Keydown: ArrowRight
316.9161249999888	EXP	szo_kiir: autoDraw = false
316.9161249999888	EXP	szo_kiir: color = {"_rgb":[1,1,1]}
316.9161249999888	EXP	szo_kiir: text = "visszín"
317.4323349999904	EXP	szo_kiir: autoDraw = true
322.0237599999964	DATA	Keydown: ArrowLeft
322.0392349999893	EXP	szo_kiir: autoDraw = false
322.0392349999893	EXP	szo_kiir: color = {"_rgb":[1,1,1]}
322.0392349999893	EXP	szo_kiir: text = "kendőr"
322.55595999999787	EXP	szo_kiir: autoDraw = true
324.4771199999959	DATA	Keydown: ArrowLeft
324.49471499999345	EXP	szo_kiir: autoDraw = false
324.49471499999345	EXP	szo_kiir: color = {"_rgb":[1,1,1]}
324.49471499999345	EXP	szo_kiir: text = "sallárium"
325.0095849999925	EXP	szo_kiir: autoDraw = true
329.0669299999863	DATA	Keydown: ArrowLeft
329.0822549999866	EXP	szo_kiir: autoDraw = false
329.0822549999866	EXP	szo_kiir: color = {"_rgb":[1,1,1]}
329.0822549999866	EXP	szo_kiir: text = "alka"
329.59885999999824	EXP	szo_kiir: autoDraw = true
331.28674499999033	DATA	Keydown: ArrowLeft
331.3022249999922	EXP	szo_kiir: autoDraw = false
331.3022249999922	EXP	szo_kiir: color = {"_rgb":[1,1,1]}
331.3022249999922	EXP	szo_kiir: text = "cirkalmaz"
331.818889999995	EXP	szo_kiir: autoDraw = true
333.7242999999871	DATA	Keydown: ArrowRight
333.7447649999958	EXP	szo_kiir: autoDraw = false
333.7447649999958	EXP	szo_kiir: color = {"_rgb":[1,1,1]}
333.7447649999958	EXP	szo_kiir: text = "rámáz"
334.2588199999882	EXP	szo_kiir: autoDraw = true
335.68101499999466	DATA	Keydown: ArrowRight
335.69493499999226	EXP	szo_kiir: autoDraw = false
335.69493499999226	EXP	szo_kiir: color = {"_rgb":[1,1,1]}
335.69493499999226	EXP	szo_kiir: text = "tilitálós"
336.21145999999135	EXP	szo_kiir: autoDraw = true
338.16578499999014	DATA	Keydown: ArrowLeft
338.18457999998645	EXP	szo_kiir: autoDraw = false
338.18457999998645	EXP	szo_kiir: color = {"_rgb":[1,1,1]}
338.18457999998645	EXP	szo_kiir: text = "megfogózik"
338.6988149999961	EXP	szo_kiir: autoDraw = true
340.26870999998937	DATA	Keydown: ArrowRight
340.2844499999919	EXP	szo_kiir: autoDraw = false
340.2844499999919	EXP	szo_kiir: color = {"_rgb":[1,1,1]}
340.2844499999919	EXP	szo_kiir: text = "kirugódik"
340.8013249999931	EXP	szo_kiir: autoDraw = true
341.55392500000016	DATA	Keydown: ArrowRight
341.57450499999686	EXP	szo_kiir: autoDraw = false
341.57450499999686	EXP	szo_kiir: color = {"_rgb":[1,1,1]}
341.57450499999686	EXP	szo_kiir: text = "széledez"
342.08644499999355	EXP	szo_kiir: autoDraw = true
344.72567999998864	DATA	Keydown: ArrowLeft
344.74039499998617	EXP	szo_kiir: autoDraw = false
344.74039499998617	EXP	szo_kiir: color = {"_rgb":[1,1,1]}
344.74039499998617	EXP	szo_kiir: text = "ingyenbeteg"
345.2572899999941	EXP	szo_kiir: autoDraw = true
347.11159499999485	DATA	Keydown: ArrowRight
347.1271699999925	EXP	szo_kiir: autoDraw = false
347.1271699999925	EXP	szo_kiir: color = {"_rgb":[1,1,1]}
347.1271699999925	EXP	szo_kiir: text = "összám"
347.6438649999909	EXP	szo_kiir: autoDraw = true
350.1989649999887	DATA	Keydown: ArrowLeft
350.21959499998775	EXP	szo_kiir: autoDraw = false
350.21959499998775	EXP	szo_kiir: color = {"_rgb":[1,1,1]}
350.21959499998775	EXP	szo_kiir: text = "gyámpont"
350.731489999991	EXP	szo_kiir: autoDraw = true
352.08497499999066	DATA	Keydown: ArrowRight
352.1006699999998	EXP	szo_kiir: autoDraw = false
352.1006699999998	EXP	szo_kiir: color = {"_rgb":[1,1,1]}
352.1006699999998	EXP	szo_kiir: text = "kíványozhat"
352.6174549999996	EXP	szo_kiir: autoDraw = true
354.81912499999453	DATA	Keydown: ArrowLeft
354.83591499998874	EXP	szo_kiir: autoDraw = false
354.83591499998874	EXP	koszi_szoveg: autoDraw = true
