0.09140500007197261	EXP	Created Window = Window( name=Window, fullscr=true, color=#000000, units=norm, waitBlanking=true, autoLog=true, size=[1670,820] )
4.194309999933466	DATA	Keydown: undefined
10.927309999940917	DATA	Keydown: Shift
11.165189999854192	DATA	Keydown: N
11.193784999893978	DATA	Keydown: M
12.311555000022054	DATA	Keydown: Backspace
13.06207500002347	DATA	Keydown: ő
16.428279999876395	DATA	Keydown: Backspace
16.77600000007078	DATA	Keydown: ő
17.527994999894872	DATA	Keydown: 0
18.261394999921322	DATA	Keydown: Backspace
18.62631500000134	DATA	Keydown: Tab
20.15957499993965	DATA	Keydown: 1
20.427644999930635	DATA	Keydown: 9
20.59027999988757	DATA	Keydown: 9
20.80792999989353	DATA	Keydown: 8
21.340874999994412	DATA	Keydown: Shift
21.8636749999132	DATA	Keydown: Shift
21.8682699999772	DATA	Keydown: /
22.627124999882653	DATA	Keydown: 0
23.111719999928027	DATA	Keydown: 8
23.792394999880344	DATA	Keydown: Shift
24.051949999993667	DATA	Keydown: /
24.922335000010207	DATA	Keydown: 0
25.08186999987811	DATA	Keydown: 9
30.9605749999173	DATA	Keydown: 1
31.07695999997668	DATA	Keydown: 4
38.8037399998866	EXP	Created instruction_text1 = TextStim( name=instruction_text1, win=Window( name=Window, fullscr=true, color=#000000, ~), autoDraw=null, autoLog=true, units=norm, ori=null, opacity=1, pos=[0,0], size=undefined, text=Ön most szavakat fog látni.

Ezek között lesznek o~, font=Arial, color=#ffffff, contrast=1, height=0.05, bold=null, italic=null, alignHoriz=left, alignVert=center, wrapWidth=1, flipHoriz=null, flipVert=null )
38.80679000006057	EXP	Created instruction_text2 = TextStim( name=instruction_text2, win=Window( name=Window, fullscr=true, color=#000000, ~), autoDraw=null, autoLog=true, units=norm, ori=null, opacity=1, pos=[0,0], size=undefined, text=Először két egyszerű példát mutatunk Önnek.

Az el~, font=Arial, color=#FFFFFF, contrast=1, height=0.05, bold=null, italic=null, alignHoriz=left, alignVert=center, wrapWidth=1, flipHoriz=null, flipVert=null )
38.810795000055805	EXP	Created show_text = TextStim( name=show_text, win=Window( name=Window, fullscr=true, color=#000000, ~), autoDraw=null, autoLog=true, units=norm, ori=null, opacity=1, pos=[0,0], size=undefined, text=asztal, font=Arial, color=#FFFFFF, contrast=1, height=0.2, bold=null, italic=null, alignHoriz=left, alignVert=center, wrapWidth=1, flipHoriz=null, flipVert=null )
38.81260999990627	EXP	Created text = TextStim( name=text, win=Window( name=Window, fullscr=true, color=#000000, ~), autoDraw=null, autoLog=true, units=norm, ori=null, opacity=1, pos=[0,0], size=undefined, text=bzsmfsztal, font=Arial, color=#FFFFFF, contrast=1, height=0.2, bold=null, italic=null, alignHoriz=left, alignVert=center, wrapWidth=1, flipHoriz=null, flipVert=null )
38.81560999993235	EXP	Created instruction_text3 = TextStim( name=instruction_text3, win=Window( name=Window, fullscr=true, color=#000000, ~), autoDraw=null, autoLog=true, units=norm, ori=null, opacity=1, pos=[0,0], size=undefined, text=Pazar. Most kezdődik az igazi kísérlet. Néhány per~, font=Arial, color=#FFFFFF, contrast=1, height=0.1, bold=null, italic=null, alignHoriz=left, alignVert=center, wrapWidth=1, flipHoriz=null, flipVert=null )
38.81712999986485	EXP	Created szo_kiir = TextStim( name=szo_kiir, win=Window( name=Window, fullscr=true, color=#000000, ~), autoDraw=null, autoLog=true, units=norm, ori=null, opacity=1, pos=[0,0], size=undefined, text=default text, font=Arial, color=#FFFFFF, contrast=1, height=0.2, bold=null, italic=null, alignHoriz=left, alignVert=center, wrapWidth=1, flipHoriz=null, flipVert=null )
38.81908499985002	EXP	Created koszi_szoveg = TextStim( name=koszi_szoveg, win=Window( name=Window, fullscr=true, color=#000000, ~), autoDraw=null, autoLog=true, units=norm, ori=null, opacity=1, pos=[0,0], size=undefined, text=Vége a kísérletnek. Köszönjük a részvételt!, font=arial, color=#ffffff, contrast=1, height=0.1, bold=null, italic=null, alignHoriz=left, alignVert=center, wrapWidth=1, flipHoriz=null, flipVert=null )
38.88916999986395	EXP	instruction_text1: units = "norm"
38.88916999986395	EXP	instruction_text1: ori = 0
38.88916999986395	EXP	instruction_text1: opacity = 1
38.88916999986395	EXP	instruction_text1: pos = [0,0]
38.88916999986395	EXP	instruction_text1: size = undefined
38.88916999986395	EXP	instruction_text1: text = "Ön most szavakat fog látni.\n\nEzek között lesznek olyanok, amelyeket ismer, de előfordulhatnak olyanok is, amelyeket nem ismer, sőt, vannak köztük kitalált szavak is. \n\nKérjük, ha ismeri a képernyőn látható szót, nyomja meg a JOBB kurzorbillentyűt.\nKérjük, ha NEM ismeri a képernyőn látható szót, vagy azt gondolja, nincs ilyen szó a magyarban, nyomja meg a BAL kurzorbillentyűt.\n\nAz 'Ismerem a szót' döntés itt most ezt jelenti: találkoztam már vele, és van valami elképzelésem a jelentéséről is.  \n\nNyomjon meg bármilyen billentyűt a folytatáshoz."
38.88916999986395	EXP	instruction_text1: font = "Arial"
38.88916999986395	EXP	instruction_text1: color = {"_rgb":[1,1,1]}
38.88916999986395	EXP	instruction_text1: contrast = 1
38.88916999986395	EXP	instruction_text1: height = 0.05
38.88916999986395	EXP	instruction_text1: bold = false
38.88916999986395	EXP	instruction_text1: italic = false
38.88916999986395	EXP	instruction_text1: alignHoriz = "left"
38.88916999986395	EXP	instruction_text1: alignVert = "center"
38.88916999986395	EXP	instruction_text1: wrapWidth = 1
38.88916999986395	EXP	instruction_text1: flipHoriz = false
38.88916999986395	EXP	instruction_text1: flipVert = false
38.88916999986395	EXP	instruction_text2: units = "norm"
38.88916999986395	EXP	instruction_text2: ori = 0
38.88916999986395	EXP	instruction_text2: opacity = 1
38.88916999986395	EXP	instruction_text2: pos = [0,0]
38.88916999986395	EXP	instruction_text2: size = undefined
38.88916999986395	EXP	instruction_text2: text = "Először két egyszerű példát mutatunk Önnek.\n\nAz első szó létezik a magyarban, és valószínűleg Ön is ismeri. Itt nyomja majd meg a jobb kurzorbillentyűt.\nA második szó nem létezik a magyar nyelvben. Itt nyomja majd meg a bal kurzorbillentyűt.\n\nFontos, hogy a jobb gombot a jobb kezével, a bal gombot a bal kezével nyomja, ha tudja, és ne egy kezét használja a kísérletben.\n\nNyomjon meg bármilyen gombot a folytatáshoz."
38.88916999986395	EXP	instruction_text2: font = "Arial"
38.88916999986395	EXP	instruction_text2: color = {"_hex":"#FFFFFF","_rgb":[1,1,1]}
38.88916999986395	EXP	instruction_text2: contrast = 1
38.88916999986395	EXP	instruction_text2: height = 0.05
38.88916999986395	EXP	instruction_text2: bold = false
38.88916999986395	EXP	instruction_text2: italic = false
38.88916999986395	EXP	instruction_text2: alignHoriz = "left"
38.88916999986395	EXP	instruction_text2: alignVert = "center"
38.88916999986395	EXP	instruction_text2: wrapWidth = 1
38.88916999986395	EXP	instruction_text2: flipHoriz = false
38.88916999986395	EXP	instruction_text2: flipVert = false
38.88916999986395	EXP	show_text: units = "norm"
38.88916999986395	EXP	show_text: ori = 0
38.88916999986395	EXP	show_text: opacity = 1
38.88916999986395	EXP	show_text: pos = [0,0]
38.88916999986395	EXP	show_text: size = undefined
38.88916999986395	EXP	show_text: text = "asztal"
38.88916999986395	EXP	show_text: font = "Arial"
38.88916999986395	EXP	show_text: color = {"_hex":"#FFFFFF","_rgb":[1,1,1]}
38.88916999986395	EXP	show_text: contrast = 1
38.88916999986395	EXP	show_text: height = 0.2
38.88916999986395	EXP	show_text: bold = false
38.88916999986395	EXP	show_text: italic = false
38.88916999986395	EXP	show_text: alignHoriz = "left"
38.88916999986395	EXP	show_text: alignVert = "center"
38.88916999986395	EXP	show_text: wrapWidth = 1
38.88916999986395	EXP	show_text: flipHoriz = false
38.88916999986395	EXP	show_text: flipVert = false
38.88916999986395	EXP	text: units = "norm"
38.88916999986395	EXP	text: ori = 0
38.88916999986395	EXP	text: opacity = 1
38.88916999986395	EXP	text: pos = [0,0]
38.88916999986395	EXP	text: size = undefined
38.88916999986395	EXP	text: text = "bzsmfsztal"
38.88916999986395	EXP	text: font = "Arial"
38.88916999986395	EXP	text: color = {"_hex":"#FFFFFF","_rgb":[1,1,1]}
38.88916999986395	EXP	text: contrast = 1
38.88916999986395	EXP	text: height = 0.2
38.88916999986395	EXP	text: bold = false
38.88916999986395	EXP	text: italic = false
38.88916999986395	EXP	text: alignHoriz = "left"
38.88916999986395	EXP	text: alignVert = "center"
38.88916999986395	EXP	text: wrapWidth = 1
38.88916999986395	EXP	text: flipHoriz = false
38.88916999986395	EXP	text: flipVert = false
38.88916999986395	EXP	instruction_text3: units = "norm"
38.88916999986395	EXP	instruction_text3: ori = 0
38.88916999986395	EXP	instruction_text3: opacity = 1
38.88916999986395	EXP	instruction_text3: pos = [0,0]
38.88916999986395	EXP	instruction_text3: size = undefined
38.88916999986395	EXP	instruction_text3: text = "Pazar. Most kezdődik az igazi kísérlet. Néhány percig fog tartani. Nem kell nagyon sietnie, de igyekezzen gyorsan válaszolni.\n\nNe feledje, ha tudja, a jobb gombot a jobbkezével, a bal gombot a balkezével nyomja le.\n\nNyomjon meg bármilyen gombot a folytatáshoz."
38.88916999986395	EXP	instruction_text3: font = "Arial"
38.88916999986395	EXP	instruction_text3: color = {"_hex":"#FFFFFF","_rgb":[1,1,1]}
38.88916999986395	EXP	instruction_text3: contrast = 1
38.88916999986395	EXP	instruction_text3: height = 0.1
38.88916999986395	EXP	instruction_text3: bold = false
38.88916999986395	EXP	instruction_text3: italic = false
38.88916999986395	EXP	instruction_text3: alignHoriz = "left"
38.88916999986395	EXP	instruction_text3: alignVert = "center"
38.88916999986395	EXP	instruction_text3: wrapWidth = 1
38.88916999986395	EXP	instruction_text3: flipHoriz = false
38.88916999986395	EXP	instruction_text3: flipVert = false
38.88916999986395	EXP	szo_kiir: units = "norm"
38.88916999986395	EXP	szo_kiir: ori = 0
38.88916999986395	EXP	szo_kiir: opacity = 1
38.88916999986395	EXP	szo_kiir: pos = [0,0]
38.88916999986395	EXP	szo_kiir: size = undefined
38.88916999986395	EXP	szo_kiir: text = "default text"
38.88916999986395	EXP	szo_kiir: font = "Arial"
38.88916999986395	EXP	szo_kiir: color = {"_hex":"#FFFFFF","_rgb":[1,1,1]}
38.88916999986395	EXP	szo_kiir: contrast = 1
38.88916999986395	EXP	szo_kiir: height = 0.2
38.88916999986395	EXP	szo_kiir: bold = false
38.88916999986395	EXP	szo_kiir: italic = false
38.88916999986395	EXP	szo_kiir: alignHoriz = "left"
38.88916999986395	EXP	szo_kiir: alignVert = "center"
38.88916999986395	EXP	szo_kiir: wrapWidth = 1
38.88916999986395	EXP	szo_kiir: flipHoriz = false
38.88916999986395	EXP	szo_kiir: flipVert = false
38.88916999986395	EXP	koszi_szoveg: units = "norm"
38.88916999986395	EXP	koszi_szoveg: ori = 0
38.88916999986395	EXP	koszi_szoveg: opacity = 1
38.88916999986395	EXP	koszi_szoveg: pos = [0,0]
38.88916999986395	EXP	koszi_szoveg: size = undefined
38.88916999986395	EXP	koszi_szoveg: text = "Vége a kísérletnek. Köszönjük a részvételt!"
38.88916999986395	EXP	koszi_szoveg: font = "arial"
38.88916999986395	EXP	koszi_szoveg: color = {"_rgb":[1,1,1]}
38.88916999986395	EXP	koszi_szoveg: contrast = 1
38.88916999986395	EXP	koszi_szoveg: height = 0.1
38.88916999986395	EXP	koszi_szoveg: bold = false
38.88916999986395	EXP	koszi_szoveg: italic = false
38.88916999986395	EXP	koszi_szoveg: alignHoriz = "left"
38.88916999986395	EXP	koszi_szoveg: alignVert = "center"
38.88916999986395	EXP	koszi_szoveg: wrapWidth = 1
38.88916999986395	EXP	koszi_szoveg: flipHoriz = false
38.88916999986395	EXP	koszi_szoveg: flipVert = false
38.88916999986395	EXP	instruction_text1: autoDraw = true
81.48111999989487	DATA	Mouse: 2 button down, pos=(927.8261201381683,737.391383793045)
81.60226499987766	DATA	Mouse: 2 button down, pos=(927.8261201381683,737.391383793045)
84.61809999984689	DATA	Mouse: 2 button down, pos=(800.8695938587189,571.3044744056242)
84.72696499992162	DATA	Mouse: 2 button down, pos=(802.6087243556976,573.0435518285522)
86.92693000007421	DATA	Mouse: 0 button down, pos=(767.8261144161224,505.2174093723297)
87.05204500001855	DATA	Mouse: 0 button down, pos=(769.5652449131012,506.0869746208191)
87.35203499998897	DATA	Mouse: 0 button down, pos=(769.5652449131012,506.0869746208191)
87.43518999987282	DATA	Mouse: 0 button down, pos=(769.5652449131012,506.0869746208191)
87.94195999996737	DATA	Keydown:  
87.99476499995217	EXP	instruction_text1: autoDraw = false
87.99476499995217	EXP	instruction_text2: autoDraw = true
97.19923499994911	DATA	Keydown:  
97.21326999994926	EXP	instruction_text2: autoDraw = false
97.77856999984942	EXP	show_text: autoDraw = true
99.06740999990143	DATA	Mouse: 2 button down, pos=(769.5652449131012,524.3478448390961)
99.21349500003271	DATA	Mouse: 2 button down, pos=(769.5652449131012,524.3478448390961)
103.94655500003137	DATA	Mouse: 0 button down, pos=(746.0869832038879,332.1739514599685)
104.13322499999776	DATA	Mouse: 0 button down, pos=(747.8261137008667,333.9130554199219)
105.99277999997139	DATA	Keydown: ArrowRight
106.00284500000998	EXP	show_text: autoDraw = false
106.53074499987997	EXP	text: autoDraw = true
109.1633500000462	DATA	Keydown: ArrowLeft
109.24720999994315	EXP	text: autoDraw = false
109.24720999994315	EXP	instruction_text3: autoDraw = true
139.32561499997973	DATA	Keydown: ArrowRight
139.46261999988928	EXP	instruction_text3: autoDraw = false
139.46261999988928	EXP	szo_kiir: color = {"_rgb":[1,1,1]}
139.46261999988928	EXP	szo_kiir: text = "angol"
139.99430999998003	EXP	szo_kiir: autoDraw = true
140.7602899998892	DATA	Keydown: ArrowRight
140.7755799998995	EXP	szo_kiir: autoDraw = false
140.7755799998995	EXP	szo_kiir: color = {"_rgb":[1,1,1]}
140.7755799998995	EXP	szo_kiir: text = "augusztus"
141.2979500000365	EXP	szo_kiir: autoDraw = true
142.0096149998717	DATA	Keydown: ArrowRight
142.09119999990799	EXP	szo_kiir: autoDraw = false
142.09119999990799	EXP	szo_kiir: color = {"_rgb":[1,1,1]}
142.09119999990799	EXP	szo_kiir: text = "látszik"
142.6222500000149	EXP	szo_kiir: autoDraw = true
143.22518999991007	DATA	Keydown: ArrowRight
143.23945500003174	EXP	szo_kiir: autoDraw = false
143.23945500003174	EXP	szo_kiir: color = {"_rgb":[1,1,1]}
143.23945500003174	EXP	szo_kiir: text = "verseny"
143.77296500001103	EXP	szo_kiir: autoDraw = true
144.69319999986328	DATA	Keydown: ArrowRight
144.7423149999231	EXP	szo_kiir: autoDraw = false
144.7423149999231	EXP	szo_kiir: color = {"_rgb":[1,1,1]}
144.7423149999231	EXP	szo_kiir: text = "esemény"
145.26366499997675	EXP	szo_kiir: autoDraw = true
145.89459999999963	DATA	Keydown: ArrowRight
145.9061249999795	EXP	szo_kiir: autoDraw = false
145.9061249999795	EXP	szo_kiir: color = {"_rgb":[1,1,1]}
145.9061249999795	EXP	szo_kiir: text = "név"
146.42769500007853	EXP	szo_kiir: autoDraw = true
147.09329500002787	DATA	Keydown: ArrowRight
147.17697999998927	EXP	szo_kiir: autoDraw = false
147.17697999998927	EXP	szo_kiir: color = {"_rgb":[1,1,1]}
147.17697999998927	EXP	szo_kiir: text = "fél"
147.6944249998778	EXP	szo_kiir: autoDraw = true
148.15830000001006	DATA	Keydown: ArrowRight
148.1727350000292	EXP	szo_kiir: autoDraw = false
148.1727350000292	EXP	szo_kiir: color = {"_rgb":[1,1,1]}
148.1727350000292	EXP	szo_kiir: text = "párt"
148.69578499998897	EXP	szo_kiir: autoDraw = true
149.09166999999434	DATA	Keydown: ArrowRight
149.13212500000373	EXP	szo_kiir: autoDraw = false
149.13212500000373	EXP	szo_kiir: color = {"_rgb":[1,1,1]}
149.13212500000373	EXP	szo_kiir: text = "dokumentum"
149.65515999984927	EXP	szo_kiir: autoDraw = true
150.17738500004634	DATA	Keydown: ArrowRight
150.1891300000716	EXP	szo_kiir: autoDraw = false
150.1891300000716	EXP	szo_kiir: color = {"_rgb":[1,1,1]}
150.1891300000716	EXP	szo_kiir: text = "storka"
150.71141500002705	EXP	szo_kiir: autoDraw = true
151.12573500000872	DATA	Keydown: ArrowRight
151.14024999993853	EXP	szo_kiir: autoDraw = false
151.14024999993853	EXP	szo_kiir: color = {"_rgb":[1,1,1]}
151.14024999993853	EXP	szo_kiir: text = "szexuális"
151.66458499990404	EXP	szo_kiir: autoDraw = true
152.61314500006847	DATA	Keydown: ArrowRight
152.64975999994203	EXP	szo_kiir: autoDraw = false
152.64975999994203	EXP	szo_kiir: color = {"_rgb":[1,1,1]}
152.64975999994203	EXP	szo_kiir: text = "református"
153.17888999986462	EXP	szo_kiir: autoDraw = true
153.92507499991916	DATA	Keydown: ArrowRight
153.93934999988414	EXP	szo_kiir: autoDraw = false
153.93934999988414	EXP	szo_kiir: color = {"_rgb":[1,1,1]}
153.93934999988414	EXP	szo_kiir: text = "bír"
154.46187500003725	EXP	szo_kiir: autoDraw = true
154.95845999987796	DATA	Keydown: ArrowRight
155.0007050000131	EXP	szo_kiir: autoDraw = false
155.0007050000131	EXP	szo_kiir: color = {"_rgb":[1,1,1]}
155.0007050000131	EXP	szo_kiir: text = "létesítmény"
155.53241500002332	EXP	szo_kiir: autoDraw = true
156.42418499989435	DATA	Keydown: ArrowRight
156.43831499991938	EXP	szo_kiir: autoDraw = false
156.43831499991938	EXP	szo_kiir: color = {"_rgb":[1,1,1]}
156.43831499991938	EXP	szo_kiir: text = "tenger"
156.9597950000316	EXP	szo_kiir: autoDraw = true
157.37407999997959	DATA	Keydown: ArrowRight
157.4260100000538	EXP	szo_kiir: autoDraw = false
157.4260100000538	EXP	szo_kiir: color = {"_rgb":[1,1,1]}
157.4260100000538	EXP	szo_kiir: text = "alukandós"
157.95513999997638	EXP	szo_kiir: autoDraw = true
159.60683499998413	DATA	Keydown: ArrowRight
159.62144499993883	EXP	szo_kiir: autoDraw = false
159.62144499993883	EXP	szo_kiir: color = {"_rgb":[1,1,1]}
159.62144499993883	EXP	szo_kiir: text = "átütésetti"
160.14483999996446	EXP	szo_kiir: autoDraw = true
161.7734600000549	DATA	Keydown: ArrowLeft
161.78698499989696	EXP	szo_kiir: autoDraw = false
161.78698499989696	EXP	szo_kiir: color = {"_rgb":[1,1,1]}
161.78698499989696	EXP	szo_kiir: text = "ellenfél"
162.3110849999357	EXP	szo_kiir: autoDraw = true
163.1396399999503	DATA	Keydown: ArrowRight
163.18326499988325	EXP	szo_kiir: autoDraw = false
163.18326499988325	EXP	szo_kiir: color = {"_rgb":[1,1,1]}
163.18326499988325	EXP	szo_kiir: text = "nek"
163.7131699998863	EXP	szo_kiir: autoDraw = true
164.75692999991588	DATA	Keydown: ArrowRight
164.77218999993056	EXP	szo_kiir: autoDraw = false
164.77218999993056	EXP	szo_kiir: color = {"_rgb":[1,1,1]}
164.77218999993056	EXP	szo_kiir: text = "pár"
165.29178499989212	EXP	szo_kiir: autoDraw = true
165.99147000000812	DATA	Keydown: ArrowRight
166.03236000007018	EXP	szo_kiir: autoDraw = false
166.03236000007018	EXP	szo_kiir: color = {"_rgb":[1,1,1]}
166.03236000007018	EXP	szo_kiir: text = "repülőgép"
166.56929500005208	EXP	szo_kiir: autoDraw = true
167.22195499995723	DATA	Keydown: ArrowLeft
167.23597999988124	EXP	szo_kiir: autoDraw = false
167.23597999988124	EXP	szo_kiir: color = {"_rgb":[1,1,1]}
167.23597999988124	EXP	szo_kiir: text = "környezetvédelem"
167.76946999994107	EXP	szo_kiir: autoDraw = true
168.78906499990262	DATA	Keydown: ArrowRight
168.80278500006534	EXP	szo_kiir: autoDraw = false
168.80278500006534	EXP	szo_kiir: color = {"_rgb":[1,1,1]}
168.80278500006534	EXP	szo_kiir: text = "fűződik"
169.32715500006452	EXP	szo_kiir: autoDraw = true
170.05658999993466	DATA	Keydown: ArrowRight
170.094194999896	EXP	szo_kiir: autoDraw = false
170.094194999896	EXP	szo_kiir: color = {"_rgb":[1,1,1]}
170.094194999896	EXP	szo_kiir: text = "orr"
170.60753499995917	EXP	szo_kiir: autoDraw = true
171.40515000000596	DATA	Keydown: ArrowRight
171.41916000004858	EXP	szo_kiir: autoDraw = false
171.41916000004858	EXP	szo_kiir: color = {"_rgb":[1,1,1]}
171.41916000004858	EXP	szo_kiir: text = "szelíd"
171.94392500002868	EXP	szo_kiir: autoDraw = true
172.83854499994777	DATA	Keydown: ArrowRight
172.87307500001043	EXP	szo_kiir: autoDraw = false
172.87307500001043	EXP	szo_kiir: color = {"_rgb":[1,1,1]}
172.87307500001043	EXP	szo_kiir: text = "ponálgai"
173.39214999997057	EXP	szo_kiir: autoDraw = true
174.65436999988742	DATA	Keydown: ArrowLeft
174.6692299998831	EXP	szo_kiir: autoDraw = false
174.6692299998831	EXP	szo_kiir: color = {"_rgb":[1,1,1]}
174.6692299998831	EXP	szo_kiir: text = "naiv"
175.192689999938	EXP	szo_kiir: autoDraw = true
175.97179499990307	DATA	Keydown: ArrowRight
176.00829999987036	EXP	szo_kiir: autoDraw = false
176.00829999987036	EXP	szo_kiir: color = {"_rgb":[1,1,1]}
176.00829999987036	EXP	szo_kiir: text = "boldódi"
176.5254249998834	EXP	szo_kiir: autoDraw = true
177.9226150000468	DATA	Keydown: ArrowRight
177.93536000000313	EXP	szo_kiir: autoDraw = false
177.93536000000313	EXP	szo_kiir: color = {"_rgb":[1,1,1]}
177.93536000000313	EXP	szo_kiir: text = "gyász"
178.45702999993227	EXP	szo_kiir: autoDraw = true
179.32110000005923	DATA	Keydown: ArrowRight
179.3347599999979	EXP	szo_kiir: autoDraw = false
179.3347599999979	EXP	szo_kiir: color = {"_rgb":[1,1,1]}
179.3347599999979	EXP	szo_kiir: text = "utalvány"
179.8564100000076	EXP	szo_kiir: autoDraw = true
180.6374150000047	DATA	Keydown: ArrowRight
180.67241499992087	EXP	szo_kiir: autoDraw = false
180.67241499992087	EXP	szo_kiir: color = {"_rgb":[1,1,1]}
180.67241499992087	EXP	szo_kiir: text = "esztikussz"
181.20162499998696	EXP	szo_kiir: autoDraw = true
182.4371299999766	DATA	Keydown: ArrowLeft
182.45197000005282	EXP	szo_kiir: autoDraw = false
182.45197000005282	EXP	szo_kiir: color = {"_rgb":[1,1,1]}
182.45197000005282	EXP	szo_kiir: text = "halom"
182.97531499993056	EXP	szo_kiir: autoDraw = true
183.72209999989718	DATA	Keydown: ArrowRight
183.76239000004716	EXP	szo_kiir: autoDraw = false
183.76239000004716	EXP	szo_kiir: color = {"_rgb":[1,1,1]}
183.76239000004716	EXP	szo_kiir: text = "puharmes"
184.28979000006802	EXP	szo_kiir: autoDraw = true
185.52031999989413	DATA	Keydown: ArrowLeft
185.5342299998738	EXP	szo_kiir: autoDraw = false
185.5342299998738	EXP	szo_kiir: color = {"_rgb":[1,1,1]}
185.5342299998738	EXP	szo_kiir: text = "tajtásos"
186.07036500005051	EXP	szo_kiir: autoDraw = true
188.02469499991275	DATA	Keydown: ArrowLeft
188.05738999997266	EXP	szo_kiir: autoDraw = false
188.05738999997266	EXP	szo_kiir: color = {"_rgb":[1,1,1]}
188.05738999997266	EXP	szo_kiir: text = "léptelegy"
188.57080499990843	EXP	szo_kiir: autoDraw = true
189.60359499999322	DATA	Keydown: ArrowRight
189.61773000005633	EXP	szo_kiir: autoDraw = false
189.61773000005633	EXP	szo_kiir: color = {"_rgb":[1,1,1]}
189.61773000005633	EXP	szo_kiir: text = "puritán"
190.14049499994144	EXP	szo_kiir: autoDraw = true
190.99751499993727	DATA	Keydown: ArrowRight
191.01654500002041	EXP	szo_kiir: autoDraw = false
191.01654500002041	EXP	szo_kiir: color = {"_rgb":[1,1,1]}
191.01654500002041	EXP	szo_kiir: text = "grafikon"
191.53867999999784	EXP	szo_kiir: autoDraw = true
192.25884999986738	DATA	Keydown: ArrowRight
192.29605999984778	EXP	szo_kiir: autoDraw = false
192.29605999984778	EXP	szo_kiir: color = {"_rgb":[1,1,1]}
192.29605999984778	EXP	szo_kiir: text = "horizont"
192.82104999991134	EXP	szo_kiir: autoDraw = true
193.57198500004597	DATA	Keydown: ArrowRight
193.5836699998472	EXP	szo_kiir: autoDraw = false
193.5836699998472	EXP	szo_kiir: color = {"_rgb":[1,1,1]}
193.5836699998472	EXP	szo_kiir: text = "belgyógyász"
194.10512500000186	EXP	szo_kiir: autoDraw = true
194.8524599999655	DATA	Keydown: ArrowRight
194.92421499988995	EXP	szo_kiir: autoDraw = false
194.92421499988995	EXP	szo_kiir: color = {"_rgb":[1,1,1]}
194.92421499988995	EXP	szo_kiir: text = "szivalka"
195.43738000001758	EXP	szo_kiir: autoDraw = true
197.10142500000075	DATA	Keydown: ArrowRight
197.11550499987788	EXP	szo_kiir: autoDraw = false
197.11550499987788	EXP	szo_kiir: color = {"_rgb":[1,1,1]}
197.11550499987788	EXP	szo_kiir: text = "kóser"
197.63756499998271	EXP	szo_kiir: autoDraw = true
198.47029499989003	DATA	Keydown: ArrowRight
198.48386500007473	EXP	szo_kiir: autoDraw = false
198.48386500007473	EXP	szo_kiir: color = {"_rgb":[1,1,1]}
198.48386500007473	EXP	szo_kiir: text = "megállóhely"
199.0072550000623	EXP	szo_kiir: autoDraw = true
200.0555549999699	DATA	Keydown: ArrowRight
200.08883000002243	EXP	szo_kiir: autoDraw = false
200.08883000002243	EXP	szo_kiir: color = {"_rgb":[1,1,1]}
200.08883000002243	EXP	szo_kiir: text = "hullámzik"
200.60694999992847	EXP	szo_kiir: autoDraw = true
201.3693750000093	DATA	Keydown: ArrowRight
201.38186999992467	EXP	szo_kiir: autoDraw = false
201.38186999992467	EXP	szo_kiir: color = {"_rgb":[1,1,1]}
201.38186999992467	EXP	szo_kiir: text = "blúz"
201.90599499992095	EXP	szo_kiir: autoDraw = true
202.32068499992602	DATA	Keydown: ArrowRight
202.35279499995522	EXP	szo_kiir: autoDraw = false
202.35279499995522	EXP	szo_kiir: color = {"_rgb":[1,1,1]}
202.35279499995522	EXP	szo_kiir: text = "sóhajt"
202.87057000002824	EXP	szo_kiir: autoDraw = true
203.4510850000661	DATA	Keydown: ArrowRight
203.46522499993443	EXP	szo_kiir: autoDraw = false
203.46522499993443	EXP	szo_kiir: color = {"_rgb":[1,1,1]}
203.46522499993443	EXP	szo_kiir: text = "koenzim"
203.99844500003383	EXP	szo_kiir: autoDraw = true
205.20152999996208	DATA	Keydown: ArrowRight
205.2381849999074	EXP	szo_kiir: autoDraw = false
205.2381849999074	EXP	szo_kiir: color = {"_rgb":[1,1,1]}
205.2381849999074	EXP	szo_kiir: text = "úszamos"
205.77456000004895	EXP	szo_kiir: autoDraw = true
207.0016099999193	DATA	Keydown: ArrowRight
207.01505000004545	EXP	szo_kiir: autoDraw = false
207.01505000004545	EXP	szo_kiir: color = {"_rgb":[1,1,1]}
207.01505000004545	EXP	szo_kiir: text = "alárdonos"
207.5359199999366	EXP	szo_kiir: autoDraw = true
208.86853499989957	DATA	Keydown: ArrowLeft
208.88134999992326	EXP	szo_kiir: autoDraw = false
208.88134999992326	EXP	szo_kiir: color = {"_rgb":[1,1,1]}
208.88134999992326	EXP	szo_kiir: text = "balközép"
209.40260499995202	EXP	szo_kiir: autoDraw = true
210.18317499989644	DATA	Keydown: ArrowRight
210.22060499992222	EXP	szo_kiir: autoDraw = false
210.22060499992222	EXP	szo_kiir: color = {"_rgb":[1,1,1]}
210.22060499992222	EXP	szo_kiir: text = "hasznosít"
210.737369999988	EXP	szo_kiir: autoDraw = true
211.61823499994352	DATA	Keydown: ArrowRight
211.64672000007704	EXP	szo_kiir: autoDraw = false
211.64672000007704	EXP	szo_kiir: color = {"_rgb":[1,1,1]}
211.64672000007704	EXP	szo_kiir: text = "piktogram"
212.1581850000657	EXP	szo_kiir: autoDraw = true
213.21732999989763	DATA	Keydown: ArrowRight
213.26265499996953	EXP	szo_kiir: autoDraw = false
213.26265499996953	EXP	szo_kiir: color = {"_rgb":[1,1,1]}
213.26265499996953	EXP	szo_kiir: text = "sólyuk"
213.7805749999825	EXP	szo_kiir: autoDraw = true
215.6658949998673	DATA	Keydown: ArrowRight
215.68069000006653	EXP	szo_kiir: autoDraw = false
215.68069000006653	EXP	szo_kiir: color = {"_rgb":[1,1,1]}
215.68069000006653	EXP	szo_kiir: text = "csatkó"
216.2138149999082	EXP	szo_kiir: autoDraw = true
217.03213499998674	DATA	Keydown: ArrowRight
217.04075499996543	EXP	szo_kiir: autoDraw = false
217.04075499996543	EXP	szo_kiir: color = {"_rgb":[1,1,1]}
217.04075499996543	EXP	szo_kiir: text = "elikázható"
217.56306000007316	EXP	szo_kiir: autoDraw = true
219.4153599999845	DATA	Keydown: ArrowLeft
219.43041000002995	EXP	szo_kiir: autoDraw = false
219.43041000002995	EXP	szo_kiir: color = {"_rgb":[1,1,1]}
219.43041000002995	EXP	szo_kiir: text = "tópart"
219.9536800000351	EXP	szo_kiir: autoDraw = true
221.16806000005454	DATA	Keydown: ArrowRight
221.201924999943	EXP	szo_kiir: autoDraw = false
221.201924999943	EXP	szo_kiir: color = {"_rgb":[1,1,1]}
221.201924999943	EXP	szo_kiir: text = "kétágú"
221.71948500000872	EXP	szo_kiir: autoDraw = true
222.5322749998886	DATA	Keydown: ArrowRight
222.54595499997959	EXP	szo_kiir: autoDraw = false
222.54595499997959	EXP	szo_kiir: color = {"_rgb":[1,1,1]}
222.54595499997959	EXP	szo_kiir: text = "mihálóz"
223.06695999996737	EXP	szo_kiir: autoDraw = true
224.84894499997608	DATA	Keydown: ArrowLeft
224.8854650000576	EXP	szo_kiir: autoDraw = false
224.8854650000576	EXP	szo_kiir: color = {"_rgb":[1,1,1]}
224.8854650000576	EXP	szo_kiir: text = "korog"
225.400410000002	EXP	szo_kiir: autoDraw = true
226.21526500000618	DATA	Keydown: ArrowRight
226.22866999986582	EXP	szo_kiir: autoDraw = false
226.22866999986582	EXP	szo_kiir: color = {"_rgb":[1,1,1]}
226.22866999986582	EXP	szo_kiir: text = "balassol"
226.75093999993987	EXP	szo_kiir: autoDraw = true
227.7671149999369	DATA	Keydown: ArrowLeft
227.80171000002883	EXP	szo_kiir: autoDraw = false
227.80171000002883	EXP	szo_kiir: color = {"_rgb":[1,1,1]}
227.80171000002883	EXP	szo_kiir: text = "táborozik"
228.3185850000009	EXP	szo_kiir: autoDraw = true
229.17880999995396	DATA	Keydown: ArrowRight
229.1945050000213	EXP	szo_kiir: autoDraw = false
229.1945050000213	EXP	szo_kiir: color = {"_rgb":[1,1,1]}
229.1945050000213	EXP	szo_kiir: text = "ivarsejt"
229.70999999996275	EXP	szo_kiir: autoDraw = true
230.71583999996074	DATA	Keydown: ArrowRight
230.76430999999866	EXP	szo_kiir: autoDraw = false
230.76430999999866	EXP	szo_kiir: color = {"_rgb":[1,1,1]}
230.76430999999866	EXP	szo_kiir: text = "fajansz"
231.29477500007488	EXP	szo_kiir: autoDraw = true
232.26437500002794	DATA	Keydown: ArrowLeft
232.27866999991238	EXP	szo_kiir: autoDraw = false
232.27866999991238	EXP	szo_kiir: color = {"_rgb":[1,1,1]}
232.27866999991238	EXP	szo_kiir: text = "lemesség"
232.81112500000745	EXP	szo_kiir: autoDraw = true
234.5165800000541	DATA	Keydown: ArrowLeft
234.54429499991238	EXP	szo_kiir: autoDraw = false
234.54429499991238	EXP	szo_kiir: color = {"_rgb":[1,1,1]}
234.54429499991238	EXP	szo_kiir: text = "balhézik"
235.06354000000283	EXP	szo_kiir: autoDraw = true
236.0181599999778	DATA	Keydown: ArrowLeft
236.0311099998653	EXP	szo_kiir: autoDraw = false
236.0311099998653	EXP	szo_kiir: color = {"_rgb":[1,1,1]}
236.0311099998653	EXP	szo_kiir: text = "meztelenkedik"
236.56129499990493	EXP	szo_kiir: autoDraw = true
237.5402049999684	DATA	Keydown: ArrowRight
237.58882499998435	EXP	szo_kiir: autoDraw = false
237.58882499998435	EXP	szo_kiir: color = {"_rgb":[1,1,1]}
237.58882499998435	EXP	szo_kiir: text = "volt"
238.11771999998018	EXP	szo_kiir: autoDraw = true
238.81315000005998	DATA	Keydown: ArrowRight
238.82691499986686	EXP	szo_kiir: autoDraw = false
238.82691499986686	EXP	szo_kiir: color = {"_rgb":[1,1,1]}
238.82691499986686	EXP	szo_kiir: text = "látolt"
239.34827499999665	EXP	szo_kiir: autoDraw = true
240.94658500002697	DATA	Keydown: ArrowLeft
240.9934999998659	EXP	szo_kiir: autoDraw = false
240.9934999998659	EXP	szo_kiir: color = {"_rgb":[1,1,1]}
240.9934999998659	EXP	szo_kiir: text = "analizál"
241.51458499999717	EXP	szo_kiir: autoDraw = true
242.17987499991432	DATA	Keydown: ArrowRight
242.19335999991745	EXP	szo_kiir: autoDraw = false
242.19335999991745	EXP	szo_kiir: color = {"_rgb":[1,1,1]}
242.19335999991745	EXP	szo_kiir: text = "növetlenső"
242.7138449999038	EXP	szo_kiir: autoDraw = true
244.5303249999415	DATA	Keydown: ArrowLeft
244.56322999997064	EXP	szo_kiir: autoDraw = false
244.56322999997064	EXP	szo_kiir: color = {"_rgb":[1,1,1]}
244.56322999997064	EXP	szo_kiir: text = "nukleon"
245.082914999919	EXP	szo_kiir: autoDraw = true
245.98098500003107	DATA	Keydown: ArrowRight
245.99760499992408	EXP	szo_kiir: autoDraw = false
245.99760499992408	EXP	szo_kiir: color = {"_rgb":[1,1,1]}
245.99760499992408	EXP	szo_kiir: text = "zomogyi"
246.51876499992795	EXP	szo_kiir: autoDraw = true
247.56238500005566	DATA	Keydown: ArrowLeft
247.59723499999382	EXP	szo_kiir: autoDraw = false
247.59723499999382	EXP	szo_kiir: color = {"_rgb":[1,1,1]}
247.59723499999382	EXP	szo_kiir: text = "konföderatív"
248.12797500006855	EXP	szo_kiir: autoDraw = true
250.27555499994196	DATA	Keydown: ArrowRight
250.2921150000766	EXP	szo_kiir: autoDraw = false
250.2921150000766	EXP	szo_kiir: color = {"_rgb":[1,1,1]}
250.2921150000766	EXP	szo_kiir: text = "vízilabdázik"
250.81261499994434	EXP	szo_kiir: autoDraw = true
252.53253500000574	DATA	Keydown: ArrowRight
252.56392999994569	EXP	szo_kiir: autoDraw = false
252.56392999994569	EXP	szo_kiir: color = {"_rgb":[1,1,1]}
252.56392999994569	EXP	szo_kiir: text = "konyosbetű"
253.0863749999553	EXP	szo_kiir: autoDraw = true
255.22729999991134	DATA	Keydown: ArrowLeft
255.2421299999114	EXP	szo_kiir: autoDraw = false
255.2421299999114	EXP	szo_kiir: color = {"_rgb":[1,1,1]}
255.2421299999114	EXP	szo_kiir: text = "szabadjegy"
255.76345500000753	EXP	szo_kiir: autoDraw = true
257.51157499989495	DATA	Keydown: ArrowRight
257.56205000006594	EXP	szo_kiir: autoDraw = false
257.56205000006594	EXP	szo_kiir: color = {"_rgb":[1,1,1]}
257.56205000006594	EXP	szo_kiir: text = "szánkózik"
258.0794450000394	EXP	szo_kiir: autoDraw = true
258.8108349998947	DATA	Keydown: ArrowRight
258.82427500002086	EXP	szo_kiir: autoDraw = false
258.82427500002086	EXP	szo_kiir: color = {"_rgb":[1,1,1]}
258.82427500002086	EXP	szo_kiir: text = "keszon"
259.34539999999106	EXP	szo_kiir: autoDraw = true
260.9938949998468	DATA	Keydown: ArrowLeft
261.0078149999026	EXP	szo_kiir: autoDraw = false
261.0078149999026	EXP	szo_kiir: color = {"_rgb":[1,1,1]}
261.0078149999026	EXP	szo_kiir: text = "vagdalthús"
261.53151999996044	EXP	szo_kiir: autoDraw = true
262.9770949999802	DATA	Keydown: ArrowRight
263.01052000001073	EXP	szo_kiir: autoDraw = false
263.01052000001073	EXP	szo_kiir: color = {"_rgb":[1,1,1]}
263.01052000001073	EXP	szo_kiir: text = "repedtfazék"
263.5278900000267	EXP	szo_kiir: autoDraw = true
265.44338999991305	DATA	Keydown: ArrowRight
265.45724999997765	EXP	szo_kiir: autoDraw = false
265.45724999997765	EXP	szo_kiir: color = {"_rgb":[1,1,1]}
265.45724999997765	EXP	szo_kiir: text = "csüggeszt"
265.9757999998983	EXP	szo_kiir: autoDraw = true
267.12604000000283	DATA	Keydown: ArrowRight
267.1613350000698	EXP	szo_kiir: autoDraw = false
267.1613350000698	EXP	szo_kiir: color = {"_rgb":[1,1,1]}
267.1613350000698	EXP	szo_kiir: text = "hengerszimmetrikus"
267.69029999990016	EXP	szo_kiir: autoDraw = true
269.2943799998611	DATA	Keydown: ArrowRight
269.3063349998556	EXP	szo_kiir: autoDraw = false
269.3063349998556	EXP	szo_kiir: color = {"_rgb":[1,1,1]}
269.3063349998556	EXP	szo_kiir: text = "tangózik"
269.8280499998946	EXP	szo_kiir: autoDraw = true
270.7463299999945	DATA	Keydown: ArrowRight
270.7865800000727	EXP	szo_kiir: autoDraw = false
270.7865800000727	EXP	szo_kiir: color = {"_rgb":[1,1,1]}
270.7865800000727	EXP	szo_kiir: text = "jegedény"
271.3236849999521	EXP	szo_kiir: autoDraw = true
272.5248249999713	DATA	Keydown: ArrowLeft
272.53931999998167	EXP	szo_kiir: autoDraw = false
272.53931999998167	EXP	szo_kiir: color = {"_rgb":[1,1,1]}
272.53931999998167	EXP	szo_kiir: text = "terpad"
273.0645999999251	EXP	szo_kiir: autoDraw = true
276.34284999989904	DATA	Keydown: ArrowLeft
276.3763299998827	EXP	szo_kiir: autoDraw = false
276.3763299998827	EXP	szo_kiir: color = {"_rgb":[1,1,1]}
276.3763299998827	EXP	szo_kiir: text = "urbanizálódik"
276.8944949998986	EXP	szo_kiir: autoDraw = true
278.4120099998545	DATA	Keydown: ArrowRight
278.42130999988876	EXP	szo_kiir: autoDraw = false
278.42130999988876	EXP	szo_kiir: color = {"_rgb":[1,1,1]}
278.42130999988876	EXP	szo_kiir: text = "téveszmerendszer"
278.94652500003576	EXP	szo_kiir: autoDraw = true
280.708270000061	DATA	Keydown: ArrowRight
280.74762500007637	EXP	szo_kiir: autoDraw = false
280.74762500007637	EXP	szo_kiir: color = {"_rgb":[1,1,1]}
280.74762500007637	EXP	szo_kiir: text = "ízesedik"
281.2600899999961	EXP	szo_kiir: autoDraw = true
283.15710499999113	DATA	Keydown: ArrowRight
283.17200500005856	EXP	szo_kiir: autoDraw = false
283.17200500005856	EXP	szo_kiir: color = {"_rgb":[1,1,1]}
283.17200500005856	EXP	szo_kiir: text = "megpadék"
283.69567999988794	EXP	szo_kiir: autoDraw = true
285.8575299999211	DATA	Keydown: ArrowLeft
285.89447499997914	EXP	szo_kiir: autoDraw = false
285.89447499997914	EXP	szo_kiir: color = {"_rgb":[1,1,1]}
285.89447499997914	EXP	szo_kiir: text = "bolondoz"
286.40888500004075	EXP	szo_kiir: autoDraw = true
287.4076799999457	DATA	Keydown: ArrowRight
287.4216449998785	EXP	szo_kiir: autoDraw = false
287.4216449998785	EXP	szo_kiir: color = {"_rgb":[1,1,1]}
287.4216449998785	EXP	szo_kiir: text = "karikáz"
287.9454699999187	EXP	szo_kiir: autoDraw = true
288.63963499991223	DATA	Keydown: ArrowRight
288.6772650000639	EXP	szo_kiir: autoDraw = false
288.6772650000639	EXP	szo_kiir: color = {"_rgb":[1,1,1]}
288.6772650000639	EXP	szo_kiir: text = "törzskönyvez"
289.194140000036	EXP	szo_kiir: autoDraw = true
290.7059349999763	DATA	Keydown: ArrowRight
290.72028000000864	EXP	szo_kiir: autoDraw = false
290.72028000000864	EXP	szo_kiir: color = {"_rgb":[1,1,1]}
290.72028000000864	EXP	szo_kiir: text = "többhagyos"
291.2437749998644	EXP	szo_kiir: autoDraw = true
292.91012499993667	DATA	Keydown: ArrowLeft
292.94338000006974	EXP	szo_kiir: autoDraw = false
292.94338000006974	EXP	szo_kiir: color = {"_rgb":[1,1,1]}
292.94338000006974	EXP	szo_kiir: text = "kardorrú"
293.45838500000536	EXP	szo_kiir: autoDraw = true
294.6392250000499	DATA	Keydown: ArrowRight
294.65352499997243	EXP	szo_kiir: autoDraw = false
294.65352499997243	EXP	szo_kiir: color = {"_rgb":[1,1,1]}
294.65352499997243	EXP	szo_kiir: text = "klozettpapír"
295.1797849999275	EXP	szo_kiir: autoDraw = true
296.92315499996766	DATA	Keydown: ArrowRight
296.9680099999532	EXP	szo_kiir: autoDraw = false
296.9680099999532	EXP	szo_kiir: color = {"_rgb":[1,1,1]}
296.9680099999532	EXP	szo_kiir: text = "heliotropizmus"
297.49309500004165	EXP	szo_kiir: autoDraw = true
300.67681499989703	DATA	Keydown: ArrowRight
300.69060999993235	EXP	szo_kiir: autoDraw = false
300.69060999993235	EXP	szo_kiir: color = {"_rgb":[1,1,1]}
300.69060999993235	EXP	szo_kiir: text = "magmatit"
301.2071400000714	EXP	szo_kiir: autoDraw = true
302.95545000000857	DATA	Keydown: ArrowRight
303.0022849999368	EXP	szo_kiir: autoDraw = false
303.0022849999368	EXP	szo_kiir: color = {"_rgb":[1,1,1]}
303.0022849999368	EXP	szo_kiir: text = "döföl"
303.52298999996856	EXP	szo_kiir: autoDraw = true
304.5213099999819	DATA	Keydown: ArrowRight
304.5350599999074	EXP	szo_kiir: autoDraw = false
304.5350599999074	EXP	szo_kiir: color = {"_rgb":[1,1,1]}
304.5350599999074	EXP	szo_kiir: text = "kispárlófű"
305.05920500005595	EXP	szo_kiir: autoDraw = true
306.9546149999369	DATA	Keydown: ArrowLeft
306.9691800000146	EXP	szo_kiir: autoDraw = false
306.9691800000146	EXP	szo_kiir: color = {"_rgb":[1,1,1]}
306.9691800000146	EXP	szo_kiir: text = "lepadlózik"
307.48971499991603	EXP	szo_kiir: autoDraw = true
309.07061499985866	DATA	Keydown: ArrowRight
309.10840999986976	EXP	szo_kiir: autoDraw = false
309.10840999986976	EXP	szo_kiir: color = {"_rgb":[1,1,1]}
309.10840999986976	EXP	szo_kiir: text = "eretnek"
309.6220700000413	EXP	szo_kiir: autoDraw = true
310.78746500005946	DATA	Keydown: ArrowRight
310.8013299999293	EXP	szo_kiir: autoDraw = false
310.8013299999293	EXP	szo_kiir: color = {"_rgb":[1,1,1]}
310.8013299999293	EXP	szo_kiir: text = "cugehőr"
311.324580000015	EXP	szo_kiir: autoDraw = true
312.6703999999445	DATA	Keydown: ArrowLeft
312.6840749999974	EXP	szo_kiir: autoDraw = false
312.6840749999974	EXP	szo_kiir: color = {"_rgb":[1,1,1]}
312.6840749999974	EXP	szo_kiir: text = "víker"
313.2052450000774	EXP	szo_kiir: autoDraw = true
314.1539600000251	DATA	Keydown: ArrowLeft
314.18604499986395	EXP	szo_kiir: autoDraw = false
314.18604499986395	EXP	szo_kiir: color = {"_rgb":[1,1,1]}
314.18604499986395	EXP	szo_kiir: text = "konverzál"
314.70563500002027	EXP	szo_kiir: autoDraw = true
315.75341999996454	DATA	Keydown: ArrowRight
315.76793499989435	EXP	szo_kiir: autoDraw = false
315.76793499989435	EXP	szo_kiir: color = {"_rgb":[1,1,1]}
315.76793499989435	EXP	szo_kiir: text = "hátall"
316.2882949998602	EXP	szo_kiir: autoDraw = true
318.3072450000327	DATA	Keydown: ArrowRight
318.33132999995723	EXP	szo_kiir: autoDraw = false
318.33132999995723	EXP	szo_kiir: color = {"_rgb":[1,1,1]}
318.33132999995723	EXP	szo_kiir: text = "transzplantál"
318.85377499996684	EXP	szo_kiir: autoDraw = true
320.73479499993846	DATA	Keydown: ArrowRight
320.75017499993555	EXP	szo_kiir: autoDraw = false
320.75017499993555	EXP	szo_kiir: color = {"_rgb":[1,1,1]}
320.75017499993555	EXP	szo_kiir: text = "templomoz"
321.273065000074	EXP	szo_kiir: autoDraw = true
322.35346499993466	DATA	Keydown: ArrowRight
322.3894599999767	EXP	szo_kiir: autoDraw = false
322.3894599999767	EXP	szo_kiir: color = {"_rgb":[1,1,1]}
322.3894599999767	EXP	szo_kiir: text = "elnyűvődik"
322.905849999981	EXP	szo_kiir: autoDraw = true
324.8684249999933	DATA	Keydown: ArrowLeft
324.8822299998719	EXP	szo_kiir: autoDraw = false
324.8822299998719	EXP	szo_kiir: color = {"_rgb":[1,1,1]}
324.8822299998719	EXP	szo_kiir: text = "hantáz"
325.403805000009	EXP	szo_kiir: autoDraw = true
326.28694500005804	DATA	Keydown: ArrowLeft
326.30127499997616	EXP	szo_kiir: autoDraw = false
326.30127499997616	EXP	szo_kiir: color = {"_rgb":[1,1,1]}
326.30127499997616	EXP	szo_kiir: text = "léháskodik"
326.8206599999685	EXP	szo_kiir: autoDraw = true
331.2385400000494	DATA	Keydown: ArrowLeft
331.26987499999814	EXP	szo_kiir: autoDraw = false
331.26987499999814	EXP	szo_kiir: color = {"_rgb":[1,1,1]}
331.26987499999814	EXP	szo_kiir: text = "filologizál"
331.78732499992475	EXP	szo_kiir: autoDraw = true
332.6177449999377	DATA	Keydown: ArrowRight
332.6320149998646	EXP	szo_kiir: autoDraw = false
332.6320149998646	EXP	szo_kiir: color = {"_rgb":[1,1,1]}
332.6320149998646	EXP	szo_kiir: text = "diffamál"
333.1530999999959	EXP	szo_kiir: autoDraw = true
334.2890250000637	DATA	Keydown: ArrowLeft
334.2987649999559	EXP	szo_kiir: autoDraw = false
334.2987649999559	EXP	szo_kiir: color = {"_rgb":[1,1,1]}
334.2987649999559	EXP	szo_kiir: text = "pilinckézik"
334.81943499995396	EXP	szo_kiir: autoDraw = true
336.73426999989897	DATA	Keydown: ArrowLeft
336.74949499987997	EXP	szo_kiir: autoDraw = false
336.74949499987997	EXP	szo_kiir: color = {"_rgb":[1,1,1]}
336.74949499987997	EXP	szo_kiir: text = "föllélegez"
337.26847000001	EXP	szo_kiir: autoDraw = true
338.5525549999438	DATA	Keydown: ArrowRight
338.5893349999096	EXP	szo_kiir: autoDraw = false
338.5893349999096	EXP	szo_kiir: color = {"_rgb":[1,1,1]}
338.5893349999096	EXP	szo_kiir: text = "aximai"
339.10416999994777	EXP	szo_kiir: autoDraw = true
340.5160900000483	DATA	Keydown: ArrowRight
340.52595999999903	EXP	szo_kiir: autoDraw = false
340.52595999999903	EXP	szo_kiir: color = {"_rgb":[1,1,1]}
340.52595999999903	EXP	szo_kiir: text = "lecskediriz"
341.05242999992333	EXP	szo_kiir: autoDraw = true
342.39996999991126	DATA	Keydown: ArrowLeft
342.41414999985136	EXP	szo_kiir: autoDraw = false
342.41414999985136	EXP	szo_kiir: color = {"_rgb":[1,1,1]}
342.41414999985136	EXP	szo_kiir: text = "rosítottsi"
342.93875500001013	EXP	szo_kiir: autoDraw = true
344.0332150000613	DATA	Keydown: ArrowLeft
344.06885499996133	EXP	szo_kiir: autoDraw = false
344.06885499996133	EXP	szo_kiir: color = {"_rgb":[1,1,1]}
344.06885499996133	EXP	szo_kiir: text = "extravert"
344.58407499990426	EXP	szo_kiir: autoDraw = true
345.51632499997504	DATA	Keydown: ArrowRight
345.53034999989904	EXP	szo_kiir: autoDraw = false
345.53034999989904	EXP	szo_kiir: color = {"_rgb":[1,1,1]}
345.53034999989904	EXP	szo_kiir: text = "rajzolótű"
346.05445499997586	EXP	szo_kiir: autoDraw = true
348.59941500006244	DATA	Keydown: ArrowRight
348.6344500000123	EXP	szo_kiir: autoDraw = false
348.6344500000123	EXP	koszi_szoveg: autoDraw = true
350.08425000007264	DATA	Keydown: ArrowRight
