0.11158000002615154	EXP	Created Window = Window( name=Window, fullscr=true, color=#000000, units=norm, waitBlanking=true, autoLog=true, size=[1366,625] )
2.6474750000052154	DATA	Keydown: 1
2.881264999974519	DATA	Keydown: 2
3.0609450000338256	DATA	Keydown: 0
3.3319099999498576	DATA	Keydown: 7
8.45079499995336	DATA	Keydown: n
9.660324999829754	DATA	Keydown: ő
11.796020000008866	DATA	Keydown: 1
12.05165999988094	DATA	Keydown: 9
12.181755000026897	DATA	Keydown: 9
12.376434999983758	DATA	Keydown: 8
13.176209999946877	DATA	Keydown: .
13.651619999902323	DATA	Keydown: 0
13.83877499983646	DATA	Keydown: 1
14.211884999880567	DATA	Keydown: .
14.675924999872223	DATA	Keydown: 2
14.847124999854714	DATA	Keydown: 1
20.232929999940097	DATA	Keydown: 1
20.27508999989368	DATA	Keydown: 5
23.60516499984078	EXP	Created instruction_text1 = TextStim( name=instruction_text1, win=Window( name=Window, fullscr=true, color=#000000, ~), autoDraw=null, autoLog=true, units=norm, ori=null, opacity=1, pos=[0,0], size=undefined, text=Ön most szavakat fog látni.

Ezek között lesznek o~, font=Arial, color=#ffffff, contrast=1, height=0.05, bold=null, italic=null, alignHoriz=left, alignVert=center, wrapWidth=1, flipHoriz=null, flipVert=null )
23.606780000030994	EXP	Created instruction_text2 = TextStim( name=instruction_text2, win=Window( name=Window, fullscr=true, color=#000000, ~), autoDraw=null, autoLog=true, units=norm, ori=null, opacity=1, pos=[0,0], size=undefined, text=Először két egyszerű példát mutatunk Önnek.

Az el~, font=Arial, color=#FFFFFF, contrast=1, height=0.05, bold=null, italic=null, alignHoriz=left, alignVert=center, wrapWidth=1, flipHoriz=null, flipVert=null )
23.611689999932423	EXP	Created show_text = TextStim( name=show_text, win=Window( name=Window, fullscr=true, color=#000000, ~), autoDraw=null, autoLog=true, units=norm, ori=null, opacity=1, pos=[0,0], size=undefined, text=asztal, font=Arial, color=#FFFFFF, contrast=1, height=0.2, bold=null, italic=null, alignHoriz=left, alignVert=center, wrapWidth=1, flipHoriz=null, flipVert=null )
23.616799999959767	EXP	Created text = TextStim( name=text, win=Window( name=Window, fullscr=true, color=#000000, ~), autoDraw=null, autoLog=true, units=norm, ori=null, opacity=1, pos=[0,0], size=undefined, text=bzsmfsztal, font=Arial, color=#FFFFFF, contrast=1, height=0.2, bold=null, italic=null, alignHoriz=left, alignVert=center, wrapWidth=1, flipHoriz=null, flipVert=null )
23.621430000057444	EXP	Created instruction_text3 = TextStim( name=instruction_text3, win=Window( name=Window, fullscr=true, color=#000000, ~), autoDraw=null, autoLog=true, units=norm, ori=null, opacity=1, pos=[0,0], size=undefined, text=Pazar. Most kezdődik az igazi kísérlet. Néhány per~, font=Arial, color=#FFFFFF, contrast=1, height=0.1, bold=null, italic=null, alignHoriz=left, alignVert=center, wrapWidth=1, flipHoriz=null, flipVert=null )
23.629059999948367	EXP	Created szo_kiir = TextStim( name=szo_kiir, win=Window( name=Window, fullscr=true, color=#000000, ~), autoDraw=null, autoLog=true, units=norm, ori=null, opacity=1, pos=[0,0], size=undefined, text=default text, font=Arial, color=#FFFFFF, contrast=1, height=0.2, bold=null, italic=null, alignHoriz=left, alignVert=center, wrapWidth=1, flipHoriz=null, flipVert=null )
23.641899999929592	EXP	Created koszi_szoveg = TextStim( name=koszi_szoveg, win=Window( name=Window, fullscr=true, color=#000000, ~), autoDraw=null, autoLog=true, units=norm, ori=null, opacity=1, pos=[0,0], size=undefined, text=Vége a kísérletnek. Köszönjük a részvételt!, font=arial, color=#ffffff, contrast=1, height=0.1, bold=null, italic=null, alignHoriz=left, alignVert=center, wrapWidth=1, flipHoriz=null, flipVert=null )
23.72469999990426	EXP	instruction_text1: units = "norm"
23.72469999990426	EXP	instruction_text1: ori = 0
23.72469999990426	EXP	instruction_text1: opacity = 1
23.72469999990426	EXP	instruction_text1: pos = [0,0]
23.72469999990426	EXP	instruction_text1: size = undefined
23.72469999990426	EXP	instruction_text1: text = "Ön most szavakat fog látni.\n\nEzek között lesznek olyanok, amelyeket ismer, de előfordulhatnak olyanok is, amelyeket nem ismer, sőt, vannak köztük kitalált szavak is. \n\nKérjük, ha ismeri a képernyőn látható szót, nyomja meg a JOBB kurzorbillentyűt.\nKérjük, ha NEM ismeri a képernyőn látható szót, vagy azt gondolja, nincs ilyen szó a magyarban, nyomja meg a BAL kurzorbillentyűt.\n\nAz 'Ismerem a szót' döntés itt most ezt jelenti: találkoztam már vele, és van valami elképzelésem a jelentéséről is.  \n\nNyomjon meg bármilyen billentyűt a folytatáshoz."
23.72469999990426	EXP	instruction_text1: font = "Arial"
23.72469999990426	EXP	instruction_text1: color = {"_rgb":[1,1,1]}
23.72469999990426	EXP	instruction_text1: contrast = 1
23.72469999990426	EXP	instruction_text1: height = 0.05
23.72469999990426	EXP	instruction_text1: bold = false
23.72469999990426	EXP	instruction_text1: italic = false
23.72469999990426	EXP	instruction_text1: alignHoriz = "left"
23.72469999990426	EXP	instruction_text1: alignVert = "center"
23.72469999990426	EXP	instruction_text1: wrapWidth = 1
23.72469999990426	EXP	instruction_text1: flipHoriz = false
23.72469999990426	EXP	instruction_text1: flipVert = false
23.72469999990426	EXP	instruction_text2: units = "norm"
23.72469999990426	EXP	instruction_text2: ori = 0
23.72469999990426	EXP	instruction_text2: opacity = 1
23.72469999990426	EXP	instruction_text2: pos = [0,0]
23.72469999990426	EXP	instruction_text2: size = undefined
23.72469999990426	EXP	instruction_text2: text = "Először két egyszerű példát mutatunk Önnek.\n\nAz első szó létezik a magyarban, és valószínűleg Ön is ismeri. Itt nyomja majd meg a jobb kurzorbillentyűt.\nA második szó nem létezik a magyar nyelvben. Itt nyomja majd meg a bal kurzorbillentyűt.\n\nFontos, hogy a jobb gombot a jobb kezével, a bal gombot a bal kezével nyomja, ha tudja, és ne egy kezét használja a kísérletben.\n\nNyomjon meg bármilyen gombot a folytatáshoz."
23.72469999990426	EXP	instruction_text2: font = "Arial"
23.72469999990426	EXP	instruction_text2: color = {"_hex":"#FFFFFF","_rgb":[1,1,1]}
23.72469999990426	EXP	instruction_text2: contrast = 1
23.72469999990426	EXP	instruction_text2: height = 0.05
23.72469999990426	EXP	instruction_text2: bold = false
23.72469999990426	EXP	instruction_text2: italic = false
23.72469999990426	EXP	instruction_text2: alignHoriz = "left"
23.72469999990426	EXP	instruction_text2: alignVert = "center"
23.72469999990426	EXP	instruction_text2: wrapWidth = 1
23.72469999990426	EXP	instruction_text2: flipHoriz = false
23.72469999990426	EXP	instruction_text2: flipVert = false
23.72469999990426	EXP	show_text: units = "norm"
23.72469999990426	EXP	show_text: ori = 0
23.72469999990426	EXP	show_text: opacity = 1
23.72469999990426	EXP	show_text: pos = [0,0]
23.72469999990426	EXP	show_text: size = undefined
23.72469999990426	EXP	show_text: text = "asztal"
23.72469999990426	EXP	show_text: font = "Arial"
23.72469999990426	EXP	show_text: color = {"_hex":"#FFFFFF","_rgb":[1,1,1]}
23.72469999990426	EXP	show_text: contrast = 1
23.72469999990426	EXP	show_text: height = 0.2
23.72469999990426	EXP	show_text: bold = false
23.72469999990426	EXP	show_text: italic = false
23.72469999990426	EXP	show_text: alignHoriz = "left"
23.72469999990426	EXP	show_text: alignVert = "center"
23.72469999990426	EXP	show_text: wrapWidth = 1
23.72469999990426	EXP	show_text: flipHoriz = false
23.72469999990426	EXP	show_text: flipVert = false
23.72469999990426	EXP	text: units = "norm"
23.72469999990426	EXP	text: ori = 0
23.72469999990426	EXP	text: opacity = 1
23.72469999990426	EXP	text: pos = [0,0]
23.72469999990426	EXP	text: size = undefined
23.72469999990426	EXP	text: text = "bzsmfsztal"
23.72469999990426	EXP	text: font = "Arial"
23.72469999990426	EXP	text: color = {"_hex":"#FFFFFF","_rgb":[1,1,1]}
23.72469999990426	EXP	text: contrast = 1
23.72469999990426	EXP	text: height = 0.2
23.72469999990426	EXP	text: bold = false
23.72469999990426	EXP	text: italic = false
23.72469999990426	EXP	text: alignHoriz = "left"
23.72469999990426	EXP	text: alignVert = "center"
23.72469999990426	EXP	text: wrapWidth = 1
23.72469999990426	EXP	text: flipHoriz = false
23.72469999990426	EXP	text: flipVert = false
23.72469999990426	EXP	instruction_text3: units = "norm"
23.72469999990426	EXP	instruction_text3: ori = 0
23.72469999990426	EXP	instruction_text3: opacity = 1
23.72469999990426	EXP	instruction_text3: pos = [0,0]
23.72469999990426	EXP	instruction_text3: size = undefined
23.72469999990426	EXP	instruction_text3: text = "Pazar. Most kezdődik az igazi kísérlet. Néhány percig fog tartani. Nem kell nagyon sietnie, de igyekezzen gyorsan válaszolni.\n\nNe feledje, ha tudja, a jobb gombot a jobbkezével, a bal gombot a balkezével nyomja le.\n\nNyomjon meg bármilyen gombot a folytatáshoz."
23.72469999990426	EXP	instruction_text3: font = "Arial"
23.72469999990426	EXP	instruction_text3: color = {"_hex":"#FFFFFF","_rgb":[1,1,1]}
23.72469999990426	EXP	instruction_text3: contrast = 1
23.72469999990426	EXP	instruction_text3: height = 0.1
23.72469999990426	EXP	instruction_text3: bold = false
23.72469999990426	EXP	instruction_text3: italic = false
23.72469999990426	EXP	instruction_text3: alignHoriz = "left"
23.72469999990426	EXP	instruction_text3: alignVert = "center"
23.72469999990426	EXP	instruction_text3: wrapWidth = 1
23.72469999990426	EXP	instruction_text3: flipHoriz = false
23.72469999990426	EXP	instruction_text3: flipVert = false
23.72469999990426	EXP	szo_kiir: units = "norm"
23.72469999990426	EXP	szo_kiir: ori = 0
23.72469999990426	EXP	szo_kiir: opacity = 1
23.72469999990426	EXP	szo_kiir: pos = [0,0]
23.72469999990426	EXP	szo_kiir: size = undefined
23.72469999990426	EXP	szo_kiir: text = "default text"
23.72469999990426	EXP	szo_kiir: font = "Arial"
23.72469999990426	EXP	szo_kiir: color = {"_hex":"#FFFFFF","_rgb":[1,1,1]}
23.72469999990426	EXP	szo_kiir: contrast = 1
23.72469999990426	EXP	szo_kiir: height = 0.2
23.72469999990426	EXP	szo_kiir: bold = false
23.72469999990426	EXP	szo_kiir: italic = false
23.72469999990426	EXP	szo_kiir: alignHoriz = "left"
23.72469999990426	EXP	szo_kiir: alignVert = "center"
23.72469999990426	EXP	szo_kiir: wrapWidth = 1
23.72469999990426	EXP	szo_kiir: flipHoriz = false
23.72469999990426	EXP	szo_kiir: flipVert = false
23.72469999990426	EXP	koszi_szoveg: units = "norm"
23.72469999990426	EXP	koszi_szoveg: ori = 0
23.72469999990426	EXP	koszi_szoveg: opacity = 1
23.72469999990426	EXP	koszi_szoveg: pos = [0,0]
23.72469999990426	EXP	koszi_szoveg: size = undefined
23.72469999990426	EXP	koszi_szoveg: text = "Vége a kísérletnek. Köszönjük a részvételt!"
23.72469999990426	EXP	koszi_szoveg: font = "arial"
23.72469999990426	EXP	koszi_szoveg: color = {"_rgb":[1,1,1]}
23.72469999990426	EXP	koszi_szoveg: contrast = 1
23.72469999990426	EXP	koszi_szoveg: height = 0.1
23.72469999990426	EXP	koszi_szoveg: bold = false
23.72469999990426	EXP	koszi_szoveg: italic = false
23.72469999990426	EXP	koszi_szoveg: alignHoriz = "left"
23.72469999990426	EXP	koszi_szoveg: alignVert = "center"
23.72469999990426	EXP	koszi_szoveg: wrapWidth = 1
23.72469999990426	EXP	koszi_szoveg: flipHoriz = false
23.72469999990426	EXP	koszi_szoveg: flipVert = false
23.72469999990426	EXP	instruction_text1: autoDraw = true
195.19891999987885	DATA	Keydown: ArrowLeft
195.22688500001095	EXP	instruction_text1: autoDraw = false
195.22688500001095	EXP	instruction_text2: autoDraw = true
226.5267449999228	DATA	Keydown: ArrowRight
226.53986499994062	EXP	instruction_text2: autoDraw = false
227.06743999989703	EXP	show_text: autoDraw = true
227.91626999992877	DATA	Keydown: ArrowRight
227.92396000004373	EXP	show_text: autoDraw = false
228.4438449998852	EXP	text: autoDraw = true
229.03141999989748	DATA	Keydown: ArrowLeft
229.06472999998368	EXP	text: autoDraw = false
229.06472999998368	EXP	instruction_text3: autoDraw = true
239.19715999998152	DATA	Keydown: ArrowRight
239.2717699999921	EXP	instruction_text3: autoDraw = false
239.2717699999921	EXP	szo_kiir: color = {"_rgb":[1,1,1]}
239.2717699999921	EXP	szo_kiir: text = "posdótelő"
239.79278999986127	EXP	szo_kiir: autoDraw = true
241.3873649998568	DATA	Keydown: ArrowLeft
241.4033449999988	EXP	szo_kiir: autoDraw = false
241.4033449999988	EXP	szo_kiir: color = {"_rgb":[1,1,1]}
241.4033449999988	EXP	szo_kiir: text = "család"
241.92368999985047	EXP	szo_kiir: autoDraw = true
242.55569499987178	DATA	Keydown: ArrowRight
242.59023500001058	EXP	szo_kiir: autoDraw = false
242.59023500001058	EXP	szo_kiir: color = {"_rgb":[1,1,1]}
242.59023500001058	EXP	szo_kiir: text = "priváló"
243.10497999982908	EXP	szo_kiir: autoDraw = true
244.2729700000491	DATA	Keydown: ArrowLeft
244.28541999985464	EXP	szo_kiir: autoDraw = false
244.28541999985464	EXP	szo_kiir: color = {"_rgb":[1,1,1]}
244.28541999985464	EXP	szo_kiir: text = "nyelv"
244.80465999990702	EXP	szo_kiir: autoDraw = true
245.51921499986202	DATA	Keydown: ArrowRight
245.55698499991558	EXP	szo_kiir: autoDraw = false
245.55698499991558	EXP	szo_kiir: color = {"_rgb":[1,1,1]}
245.55698499991558	EXP	szo_kiir: text = "szem"
246.0707499999553	EXP	szo_kiir: autoDraw = true
246.9133899998851	DATA	Keydown: ArrowRight
246.9179849999491	EXP	szo_kiir: autoDraw = false
246.9179849999491	EXP	szo_kiir: color = {"_rgb":[1,1,1]}
246.9179849999491	EXP	szo_kiir: text = "kétikussi"
247.4376850000117	EXP	szo_kiir: autoDraw = true
248.64373999997042	DATA	Keydown: ArrowLeft
248.66611999995075	EXP	szo_kiir: autoDraw = false
248.66611999995075	EXP	szo_kiir: color = {"_rgb":[1,1,1]}
248.66611999995075	EXP	szo_kiir: text = "recialice"
249.1697100000456	EXP	szo_kiir: autoDraw = true
250.45435000001453	DATA	Keydown: ArrowLeft
250.46713000000454	EXP	szo_kiir: autoDraw = false
250.46713000000454	EXP	szo_kiir: color = {"_rgb":[1,1,1]}
250.46713000000454	EXP	szo_kiir: text = "zenekar"
250.98580499994569	EXP	szo_kiir: autoDraw = true
252.60418499982916	DATA	Keydown: ArrowRight
252.63555999984965	EXP	szo_kiir: autoDraw = false
252.63555999984965	EXP	szo_kiir: color = {"_rgb":[1,1,1]}
252.63555999984965	EXP	szo_kiir: text = "dokumentum"
253.15237000002526	EXP	szo_kiir: autoDraw = true
254.58481999998912	DATA	Keydown: ArrowRight
254.60034999996424	EXP	szo_kiir: autoDraw = false
254.60034999996424	EXP	szo_kiir: color = {"_rgb":[1,1,1]}
254.60034999996424	EXP	szo_kiir: text = "hatalom"
255.1185299998615	EXP	szo_kiir: autoDraw = true
255.95456999982707	DATA	Keydown: ArrowRight
255.9790749999229	EXP	szo_kiir: autoDraw = false
255.9790749999229	EXP	szo_kiir: color = {"_rgb":[1,1,1]}
255.9790749999229	EXP	szo_kiir: text = "helyezkedik"
256.48821999994107	EXP	szo_kiir: autoDraw = true
257.4699599999003	DATA	Keydown: ArrowRight
257.4821649999358	EXP	szo_kiir: autoDraw = false
257.4821649999358	EXP	szo_kiir: color = {"_rgb":[1,1,1]}
257.4821649999358	EXP	szo_kiir: text = "olaj"
258.000844999915	EXP	szo_kiir: autoDraw = true
258.8001749999821	DATA	Keydown: ArrowRight
258.8232400000561	EXP	szo_kiir: autoDraw = false
258.8232400000561	EXP	szo_kiir: color = {"_rgb":[1,1,1]}
258.8232400000561	EXP	szo_kiir: text = "kiskolható"
259.3347699998412	EXP	szo_kiir: autoDraw = true
260.3901049999986	DATA	Keydown: ArrowLeft
260.39844999997877	EXP	szo_kiir: autoDraw = false
260.39844999997877	EXP	szo_kiir: color = {"_rgb":[1,1,1]}
260.39844999997877	EXP	szo_kiir: text = "félelem"
260.9169449999463	EXP	szo_kiir: autoDraw = true
261.6622699999716	DATA	Keydown: ArrowRight
261.6838249999564	EXP	szo_kiir: autoDraw = false
261.6838249999564	EXP	szo_kiir: color = {"_rgb":[1,1,1]}
261.6838249999564	EXP	szo_kiir: text = "mozgalom"
262.2001699998509	EXP	szo_kiir: autoDraw = true
263.05112499999814	DATA	Keydown: ArrowRight
263.064294999931	EXP	szo_kiir: autoDraw = false
263.064294999931	EXP	szo_kiir: color = {"_rgb":[1,1,1]}
263.064294999931	EXP	szo_kiir: text = "pohár"
263.58279999997467	EXP	szo_kiir: autoDraw = true
264.3408749999944	DATA	Keydown: ArrowRight
264.35455499985255	EXP	szo_kiir: autoDraw = false
264.35455499985255	EXP	szo_kiir: color = {"_rgb":[1,1,1]}
264.35455499985255	EXP	szo_kiir: text = "szerez"
264.86532499990426	EXP	szo_kiir: autoDraw = true
265.60121999983676	DATA	Keydown: ArrowRight
265.61372499982826	EXP	szo_kiir: autoDraw = false
265.61372499982826	EXP	szo_kiir: color = {"_rgb":[1,1,1]}
265.61372499982826	EXP	szo_kiir: text = "remény"
266.13233499997295	EXP	szo_kiir: autoDraw = true
266.9315649999771	DATA	Keydown: ArrowRight
266.95317999995314	EXP	szo_kiir: autoDraw = false
266.95317999995314	EXP	szo_kiir: color = {"_rgb":[1,1,1]}
266.95317999995314	EXP	szo_kiir: text = "rák"
267.4649699998554	EXP	szo_kiir: autoDraw = true
268.15883499989286	DATA	Keydown: ArrowRight
268.1629949999042	EXP	szo_kiir: autoDraw = false
268.1629949999042	EXP	szo_kiir: color = {"_rgb":[1,1,1]}
268.1629949999042	EXP	szo_kiir: text = "citrom"
268.68168499995954	EXP	szo_kiir: autoDraw = true
269.39700999995694	DATA	Keydown: ArrowRight
269.4211799998302	EXP	szo_kiir: autoDraw = false
269.4211799998302	EXP	szo_kiir: color = {"_rgb":[1,1,1]}
269.4211799998302	EXP	szo_kiir: text = "színpad"
269.93167999992147	EXP	szo_kiir: autoDraw = true
270.5333799999207	DATA	Keydown: ArrowRight
270.5465799998492	EXP	szo_kiir: autoDraw = false
270.5465799998492	EXP	szo_kiir: color = {"_rgb":[1,1,1]}
270.5465799998492	EXP	szo_kiir: text = "lánc"
271.06783999991603	EXP	szo_kiir: autoDraw = true
271.6725049999077	DATA	Keydown: ArrowRight
271.68967500003055	EXP	szo_kiir: autoDraw = false
271.68967500003055	EXP	szo_kiir: color = {"_rgb":[1,1,1]}
271.68967500003055	EXP	szo_kiir: text = "ponálgai"
272.1982400000561	EXP	szo_kiir: autoDraw = true
273.0828599999659	DATA	Keydown: ArrowLeft
273.09620000002906	EXP	szo_kiir: autoDraw = false
273.09620000002906	EXP	szo_kiir: color = {"_rgb":[1,1,1]}
273.09620000002906	EXP	szo_kiir: text = "alanító"
273.61488500004634	EXP	szo_kiir: autoDraw = true
274.7467900000047	DATA	Keydown: ArrowLeft
274.7685999998357	EXP	szo_kiir: autoDraw = false
274.7685999998357	EXP	szo_kiir: color = {"_rgb":[1,1,1]}
274.7685999998357	EXP	szo_kiir: text = "időszerű"
275.2818050000351	EXP	szo_kiir: autoDraw = true
276.50356999994256	DATA	Keydown: ArrowRight
276.51246499991976	EXP	szo_kiir: autoDraw = false
276.51246499991976	EXP	szo_kiir: color = {"_rgb":[1,1,1]}
276.51246499991976	EXP	szo_kiir: text = "lebeg"
277.03031999990344	EXP	szo_kiir: autoDraw = true
277.74893500003964	DATA	Keydown: ArrowRight
277.7709249998443	EXP	szo_kiir: autoDraw = false
277.7709249998443	EXP	szo_kiir: color = {"_rgb":[1,1,1]}
277.7709249998443	EXP	szo_kiir: text = "ponyai"
278.2802949999459	EXP	szo_kiir: autoDraw = true
279.46925999992527	DATA	Keydown: ArrowLeft
279.47812499990687	EXP	szo_kiir: autoDraw = false
279.47812499990687	EXP	szo_kiir: color = {"_rgb":[1,1,1]}
279.47812499990687	EXP	szo_kiir: text = "rejtőzik"
279.99693499994464	EXP	szo_kiir: autoDraw = true
281.0897249998525	DATA	Keydown: ArrowRight
281.1019999999553	EXP	szo_kiir: autoDraw = false
281.1019999999553	EXP	szo_kiir: color = {"_rgb":[1,1,1]}
281.1019999999553	EXP	szo_kiir: text = "háziasszony"
281.61285499995574	EXP	szo_kiir: autoDraw = true
282.595500000054	DATA	Keydown: ArrowRight
282.61071999999695	EXP	szo_kiir: autoDraw = false
282.61071999999695	EXP	szo_kiir: color = {"_rgb":[1,1,1]}
282.61071999999695	EXP	szo_kiir: text = "tajtásos"
283.13029500003904	EXP	szo_kiir: autoDraw = true
284.9915000000037	DATA	Keydown: ArrowLeft
285.00156999984756	EXP	szo_kiir: autoDraw = false
285.00156999984756	EXP	szo_kiir: color = {"_rgb":[1,1,1]}
285.00156999984756	EXP	szo_kiir: text = "bús"
285.5121649999637	EXP	szo_kiir: autoDraw = true
286.1505700000562	DATA	Keydown: ArrowRight
286.160045000026	EXP	szo_kiir: autoDraw = false
286.160045000026	EXP	szo_kiir: color = {"_rgb":[1,1,1]}
286.160045000026	EXP	szo_kiir: text = "közhely"
286.6786950000096	EXP	szo_kiir: autoDraw = true
287.5445850000251	DATA	Keydown: ArrowRight
287.5763250000309	EXP	szo_kiir: autoDraw = false
287.5763250000309	EXP	szo_kiir: color = {"_rgb":[1,1,1]}
287.5763250000309	EXP	szo_kiir: text = "hurok"
288.0945349999238	EXP	szo_kiir: autoDraw = true
289.0263199999463	DATA	Keydown: ArrowRight
289.0415900000371	EXP	szo_kiir: autoDraw = false
289.0415900000371	EXP	szo_kiir: color = {"_rgb":[1,1,1]}
289.0415900000371	EXP	szo_kiir: text = "töredék"
289.56060500000603	EXP	szo_kiir: autoDraw = true
290.30889500002377	DATA	Keydown: ArrowRight
290.33979499991983	EXP	szo_kiir: autoDraw = false
290.33979499991983	EXP	szo_kiir: color = {"_rgb":[1,1,1]}
290.33979499991983	EXP	szo_kiir: text = "pikusz"
290.8431349999737	EXP	szo_kiir: autoDraw = true
292.11164000001736	DATA	Keydown: ArrowLeft
292.12399500003085	EXP	szo_kiir: autoDraw = false
292.12399500003085	EXP	szo_kiir: color = {"_rgb":[1,1,1]}
292.12399500003085	EXP	szo_kiir: text = "körvonalazódik"
292.64290499989875	EXP	szo_kiir: autoDraw = true
293.73330500000156	DATA	Keydown: ArrowRight
293.75569500005804	EXP	szo_kiir: autoDraw = false
293.75569500005804	EXP	szo_kiir: color = {"_rgb":[1,1,1]}
293.75569500005804	EXP	szo_kiir: text = "mokkáskanál"
294.25887500005774	EXP	szo_kiir: autoDraw = true
297.2274949999992	DATA	Keydown: ArrowRight
297.23992499988526	EXP	szo_kiir: autoDraw = false
297.23992499988526	EXP	szo_kiir: color = {"_rgb":[1,1,1]}
297.23992499988526	EXP	szo_kiir: text = "hullámzik"
297.75790499988943	EXP	szo_kiir: autoDraw = true
298.7978399998974	DATA	Keydown: ArrowRight
298.8115799999796	EXP	szo_kiir: autoDraw = false
298.8115799999796	EXP	szo_kiir: color = {"_rgb":[1,1,1]}
298.8115799999796	EXP	szo_kiir: text = "viszt"
299.3240499999374	EXP	szo_kiir: autoDraw = true
300.643219999969	DATA	Keydown: ArrowLeft
300.65537000005133	EXP	szo_kiir: autoDraw = false
300.65537000005133	EXP	szo_kiir: color = {"_rgb":[1,1,1]}
300.65537000005133	EXP	szo_kiir: text = "nyilváram"
301.1740749999881	EXP	szo_kiir: autoDraw = true
303.3086749999784	DATA	Keydown: ArrowLeft
303.3291350000072	EXP	szo_kiir: autoDraw = false
303.3291350000072	EXP	szo_kiir: color = {"_rgb":[1,1,1]}
303.3291350000072	EXP	szo_kiir: text = "tarol"
303.83972000004724	EXP	szo_kiir: autoDraw = true
304.75539499986917	DATA	Keydown: ArrowRight
304.7710899999365	EXP	szo_kiir: autoDraw = false
304.7710899999365	EXP	szo_kiir: color = {"_rgb":[1,1,1]}
304.7710899999365	EXP	szo_kiir: text = "leér"
305.28979499987327	EXP	szo_kiir: autoDraw = true
306.3051499999128	DATA	Keydown: ArrowRight
306.32608499983326	EXP	szo_kiir: autoDraw = false
306.32608499983326	EXP	szo_kiir: color = {"_rgb":[1,1,1]}
306.32608499983326	EXP	szo_kiir: text = "szokik"
306.83904999983497	EXP	szo_kiir: autoDraw = true
307.8798399998341	DATA	Keydown: ArrowRight
307.88699000002816	EXP	szo_kiir: autoDraw = false
307.88699000002816	EXP	szo_kiir: color = {"_rgb":[1,1,1]}
307.88699000002816	EXP	szo_kiir: text = "nagybeteg"
308.4057399998419	EXP	szo_kiir: autoDraw = true
311.2251750000287	DATA	Keydown: ArrowLeft
311.2362799998373	EXP	szo_kiir: autoDraw = false
311.2362799998373	EXP	szo_kiir: color = {"_rgb":[1,1,1]}
311.2362799998373	EXP	szo_kiir: text = "aprimitmus"
311.75504499999806	EXP	szo_kiir: autoDraw = true
313.88668500003405	DATA	Keydown: ArrowRight
313.9028699998744	EXP	szo_kiir: autoDraw = false
313.9028699998744	EXP	szo_kiir: color = {"_rgb":[1,1,1]}
313.9028699998744	EXP	szo_kiir: text = "vényegő"
314.42078999988735	EXP	szo_kiir: autoDraw = true
315.76095000002533	DATA	Keydown: ArrowLeft
315.77549499995075	EXP	szo_kiir: autoDraw = false
315.77549499995075	EXP	szo_kiir: color = {"_rgb":[1,1,1]}
315.77549499995075	EXP	szo_kiir: text = "csattog"
316.28658499987796	EXP	szo_kiir: autoDraw = true
317.1908799998928	DATA	Keydown: ArrowRight
317.20150500000454	EXP	szo_kiir: autoDraw = false
317.20150500000454	EXP	szo_kiir: color = {"_rgb":[1,1,1]}
317.20150500000454	EXP	szo_kiir: text = "vágárd"
317.72031999984756	EXP	szo_kiir: autoDraw = true
319.0411600000225	DATA	Keydown: ArrowLeft
319.060855000047	EXP	szo_kiir: autoDraw = false
319.060855000047	EXP	szo_kiir: color = {"_rgb":[1,1,1]}
319.060855000047	EXP	szo_kiir: text = "dofízissed"
319.57026499998756	EXP	szo_kiir: autoDraw = true
321.26814999990165	DATA	Keydown: ArrowLeft
321.2844650000334	EXP	szo_kiir: autoDraw = false
321.2844650000334	EXP	szo_kiir: color = {"_rgb":[1,1,1]}
321.2844650000334	EXP	szo_kiir: text = "tropikus"
321.80211000004783	EXP	szo_kiir: autoDraw = true
323.2776249998715	DATA	Keydown: ArrowRight
323.2974099998828	EXP	szo_kiir: autoDraw = false
323.2974099998828	EXP	szo_kiir: color = {"_rgb":[1,1,1]}
323.2974099998828	EXP	szo_kiir: text = "csengettyű"
323.80221499991603	EXP	szo_kiir: autoDraw = true
324.72750999988057	DATA	Keydown: ArrowRight
324.7339549998287	EXP	szo_kiir: autoDraw = false
324.7339549998287	EXP	szo_kiir: color = {"_rgb":[1,1,1]}
324.7339549998287	EXP	szo_kiir: text = "némezés"
325.25190000003204	EXP	szo_kiir: autoDraw = true
326.81831500004046	DATA	Keydown: ArrowLeft
326.84607500000857	EXP	szo_kiir: autoDraw = false
326.84607500000857	EXP	szo_kiir: color = {"_rgb":[1,1,1]}
326.84607500000857	EXP	szo_kiir: text = "stíluszirt"
327.35100999986753	EXP	szo_kiir: autoDraw = true
328.8549049999565	DATA	Keydown: ArrowLeft
328.86722999997437	EXP	szo_kiir: autoDraw = false
328.86722999997437	EXP	szo_kiir: color = {"_rgb":[1,1,1]}
328.86722999997437	EXP	szo_kiir: text = "kormányrúd"
329.3869499999564	EXP	szo_kiir: autoDraw = true
331.1232749999035	DATA	Keydown: ArrowRight
331.1460599999409	EXP	szo_kiir: autoDraw = false
331.1460599999409	EXP	szo_kiir: color = {"_rgb":[1,1,1]}
331.1460599999409	EXP	szo_kiir: text = "szállingózik"
331.6537299999036	EXP	szo_kiir: autoDraw = true
332.71864499989897	DATA	Keydown: ArrowRight
332.7313200000208	EXP	szo_kiir: autoDraw = false
332.7313200000208	EXP	szo_kiir: color = {"_rgb":[1,1,1]}
332.7313200000208	EXP	szo_kiir: text = "agronómus"
333.2510849998798	EXP	szo_kiir: autoDraw = true
335.15911499992944	DATA	Keydown: ArrowLeft
335.16393499984406	EXP	szo_kiir: autoDraw = false
335.16393499984406	EXP	szo_kiir: color = {"_rgb":[1,1,1]}
335.16393499984406	EXP	szo_kiir: text = "firkál"
335.68226499995217	EXP	szo_kiir: autoDraw = true
336.6812050000299	DATA	Keydown: ArrowRight
336.7026449998375	EXP	szo_kiir: autoDraw = false
336.7026449998375	EXP	szo_kiir: color = {"_rgb":[1,1,1]}
336.7026449998375	EXP	szo_kiir: text = "sematizmus"
337.21930999984033	EXP	szo_kiir: autoDraw = true
339.1549549999181	DATA	Keydown: ArrowRight
339.16296999994665	EXP	szo_kiir: autoDraw = false
339.16296999994665	EXP	szo_kiir: color = {"_rgb":[1,1,1]}
339.16296999994665	EXP	szo_kiir: text = "kistányér"
339.6812950000167	EXP	szo_kiir: autoDraw = true
340.6554049998522	DATA	Keydown: ArrowRight
340.6800349999685	EXP	szo_kiir: autoDraw = false
340.6800349999685	EXP	szo_kiir: color = {"_rgb":[1,1,1]}
340.6800349999685	EXP	szo_kiir: text = "illatlansz"
341.1812899999786	EXP	szo_kiir: autoDraw = true
343.3816799998749	DATA	Keydown: ArrowLeft
343.3959449999966	EXP	szo_kiir: autoDraw = false
343.3959449999966	EXP	szo_kiir: color = {"_rgb":[1,1,1]}
343.3959449999966	EXP	szo_kiir: text = "tárgylemez"
343.9145149998367	EXP	szo_kiir: autoDraw = true
345.16587499994785	DATA	Keydown: ArrowRight
345.18378999992274	EXP	szo_kiir: autoDraw = false
345.18378999992274	EXP	szo_kiir: color = {"_rgb":[1,1,1]}
345.18378999992274	EXP	szo_kiir: text = "petkerhet"
345.69684499991126	EXP	szo_kiir: autoDraw = true
347.3288950000424	DATA	Keydown: ArrowLeft
347.3452250000555	EXP	szo_kiir: autoDraw = false
347.3452250000555	EXP	szo_kiir: color = {"_rgb":[1,1,1]}
347.3452250000555	EXP	szo_kiir: text = "gádosíthat"
347.86297499993816	EXP	szo_kiir: autoDraw = true
348.87369999988005	DATA	Keydown: ArrowLeft
348.8891650000587	EXP	szo_kiir: autoDraw = false
348.8891650000587	EXP	szo_kiir: color = {"_rgb":[1,1,1]}
348.8891650000587	EXP	szo_kiir: text = "kanalaz"
349.39720999985	EXP	szo_kiir: autoDraw = true
351.02211500005797	DATA	Keydown: ArrowRight
351.0285950000398	EXP	szo_kiir: autoDraw = false
351.0285950000398	EXP	szo_kiir: color = {"_rgb":[1,1,1]}
351.0285950000398	EXP	szo_kiir: text = "preklasszikus"
351.54646499990486	EXP	szo_kiir: autoDraw = true
354.5370699998457	DATA	Keydown: ArrowRight
354.55004499992356	EXP	szo_kiir: autoDraw = false
354.55004499992356	EXP	szo_kiir: color = {"_rgb":[1,1,1]}
354.55004499992356	EXP	szo_kiir: text = "agráregyetem"
355.0624199998565	EXP	szo_kiir: autoDraw = true
356.7176099999342	DATA	Keydown: ArrowRight
356.72670999984257	EXP	szo_kiir: autoDraw = false
356.72670999984257	EXP	szo_kiir: color = {"_rgb":[1,1,1]}
356.72670999984257	EXP	szo_kiir: text = "csőszház"
357.2446949998848	EXP	szo_kiir: autoDraw = true
358.9602949998807	DATA	Keydown: ArrowRight
358.9838049998507	EXP	szo_kiir: autoDraw = false
358.9838049998507	EXP	szo_kiir: color = {"_rgb":[1,1,1]}
358.9838049998507	EXP	szo_kiir: text = "spratika"
359.4960499999579	EXP	szo_kiir: autoDraw = true
361.39388499991037	DATA	Keydown: ArrowLeft
361.4096599998884	EXP	szo_kiir: autoDraw = false
361.4096599998884	EXP	szo_kiir: color = {"_rgb":[1,1,1]}
361.4096599998884	EXP	szo_kiir: text = "gerencsér"
361.92862999998033	EXP	szo_kiir: autoDraw = true
364.5758199999109	DATA	Keydown: ArrowLeft
364.5916150000412	EXP	szo_kiir: autoDraw = false
364.5916150000412	EXP	szo_kiir: color = {"_rgb":[1,1,1]}
364.5916150000412	EXP	szo_kiir: text = "forrpont"
365.1103749999311	EXP	szo_kiir: autoDraw = true
366.8586049999576	DATA	Keydown: ArrowLeft
366.87442500004545	EXP	szo_kiir: autoDraw = false
366.87442500004545	EXP	szo_kiir: color = {"_rgb":[1,1,1]}
366.87442500004545	EXP	szo_kiir: text = "keszon"
367.3925899998285	EXP	szo_kiir: autoDraw = true
368.96843499992974	DATA	Keydown: ArrowLeft
368.97933500004	EXP	szo_kiir: autoDraw = false
368.97933500004	EXP	szo_kiir: color = {"_rgb":[1,1,1]}
368.97933500004	EXP	szo_kiir: text = "kontlás"
369.49208999983966	EXP	szo_kiir: autoDraw = true
371.3189199999906	DATA	Keydown: ArrowLeft
371.32403000001796	EXP	szo_kiir: autoDraw = false
371.32403000001796	EXP	szo_kiir: color = {"_rgb":[1,1,1]}
371.32403000001796	EXP	szo_kiir: text = "paláver"
371.84166999999434	EXP	szo_kiir: autoDraw = true
373.42946999985725	DATA	Keydown: ArrowLeft
373.43942499998957	EXP	szo_kiir: autoDraw = false
373.43942499998957	EXP	szo_kiir: color = {"_rgb":[1,1,1]}
373.43942499998957	EXP	szo_kiir: text = "kontrapunkt"
373.95774500002153	EXP	szo_kiir: autoDraw = true
375.7235149999615	DATA	Keydown: ArrowLeft
375.7392299999483	EXP	szo_kiir: autoDraw = false
375.7392299999483	EXP	szo_kiir: color = {"_rgb":[1,1,1]}
375.7392299999483	EXP	szo_kiir: text = "kalmárszellem"
376.25721499999054	EXP	szo_kiir: autoDraw = true
377.87978499988094	DATA	Keydown: ArrowLeft
377.89537499984726	EXP	szo_kiir: autoDraw = false
377.89537499984726	EXP	koszi_szoveg: autoDraw = true
