0.29909999994561076	EXP	Created Window = Window( name=Window, fullscr=true, color=#000000, units=norm, waitBlanking=true, autoLog=true, size=[1280,610] )
6.614770000334829	DATA	Keydown: undefined
8.317625000141561	DATA	Keydown: n
8.450910000130534	DATA	Keydown: ő
11.8829600000754	DATA	Keydown: 1
12.078269999939948	DATA	Keydown: 9
12.24345500022173	DATA	Keydown: 9
13.052545000333339	DATA	Keydown: 9
13.512270000297576	DATA	Keydown: .
14.52926000021398	DATA	Keydown: 0
14.797220000065863	DATA	Keydown: 1
15.032310000155121	DATA	Keydown: .
15.563635000027716	DATA	Keydown: 2
15.727230000309646	DATA	Keydown: 2
15.882745000068098	DATA	Keydown: .
19.33968500001356	DATA	Keydown: 1
19.449754999950528	DATA	Keydown: 4
24.794749999884516	DATA	Keydown: Backspace
25.09512499999255	DATA	Keydown: 3
25.978794999886304	DATA	Keydown: Backspace
26.21091500017792	DATA	Keydown: 4
27.699849999975413	EXP	Created instruction_text1 = TextStim( name=instruction_text1, win=Window( name=Window, fullscr=true, color=#000000, ~), autoDraw=null, autoLog=true, units=norm, ori=null, opacity=1, pos=[0,0], size=undefined, text=Ön most szavakat fog látni.

Ezek között lesznek o~, font=Arial, color=#ffffff, contrast=1, height=0.05, bold=null, italic=null, alignHoriz=left, alignVert=center, wrapWidth=1, flipHoriz=null, flipVert=null )
27.70215000025928	EXP	Created instruction_text2 = TextStim( name=instruction_text2, win=Window( name=Window, fullscr=true, color=#000000, ~), autoDraw=null, autoLog=true, units=norm, ori=null, opacity=1, pos=[0,0], size=undefined, text=Először két egyszerű példát mutatunk Önnek.

Az el~, font=Arial, color=#FFFFFF, contrast=1, height=0.05, bold=null, italic=null, alignHoriz=left, alignVert=center, wrapWidth=1, flipHoriz=null, flipVert=null )
27.70353000005707	EXP	Created show_text = TextStim( name=show_text, win=Window( name=Window, fullscr=true, color=#000000, ~), autoDraw=null, autoLog=true, units=norm, ori=null, opacity=1, pos=[0,0], size=undefined, text=asztal, font=Arial, color=#FFFFFF, contrast=1, height=0.2, bold=null, italic=null, alignHoriz=left, alignVert=center, wrapWidth=1, flipHoriz=null, flipVert=null )
27.704810000024736	EXP	Created text = TextStim( name=text, win=Window( name=Window, fullscr=true, color=#000000, ~), autoDraw=null, autoLog=true, units=norm, ori=null, opacity=1, pos=[0,0], size=undefined, text=bzsmfsztal, font=Arial, color=#FFFFFF, contrast=1, height=0.2, bold=null, italic=null, alignHoriz=left, alignVert=center, wrapWidth=1, flipHoriz=null, flipVert=null )
27.706050000153482	EXP	Created instruction_text3 = TextStim( name=instruction_text3, win=Window( name=Window, fullscr=true, color=#000000, ~), autoDraw=null, autoLog=true, units=norm, ori=null, opacity=1, pos=[0,0], size=undefined, text=Pazar. Most kezdődik az igazi kísérlet. Néhány per~, font=Arial, color=#FFFFFF, contrast=1, height=0.1, bold=null, italic=null, alignHoriz=left, alignVert=center, wrapWidth=1, flipHoriz=null, flipVert=null )
27.707245000172406	EXP	Created szo_kiir = TextStim( name=szo_kiir, win=Window( name=Window, fullscr=true, color=#000000, ~), autoDraw=null, autoLog=true, units=norm, ori=null, opacity=1, pos=[0,0], size=undefined, text=default text, font=Arial, color=#FFFFFF, contrast=1, height=0.2, bold=null, italic=null, alignHoriz=left, alignVert=center, wrapWidth=1, flipHoriz=null, flipVert=null )
27.708529999945313	EXP	Created koszi_szoveg = TextStim( name=koszi_szoveg, win=Window( name=Window, fullscr=true, color=#000000, ~), autoDraw=null, autoLog=true, units=norm, ori=null, opacity=1, pos=[0,0], size=undefined, text=Vége a kísérletnek. Köszönjük a részvételt!, font=arial, color=#ffffff, contrast=1, height=0.1, bold=null, italic=null, alignHoriz=left, alignVert=center, wrapWidth=1, flipHoriz=null, flipVert=null )
27.963890000246465	EXP	instruction_text1: units = "norm"
27.963890000246465	EXP	instruction_text1: ori = 0
27.963890000246465	EXP	instruction_text1: opacity = 1
27.963890000246465	EXP	instruction_text1: pos = [0,0]
27.963890000246465	EXP	instruction_text1: size = undefined
27.963890000246465	EXP	instruction_text1: text = "Ön most szavakat fog látni.\n\nEzek között lesznek olyanok, amelyeket ismer, de előfordulhatnak olyanok is, amelyeket nem ismer, sőt, vannak köztük kitalált szavak is. \n\nKérjük, ha ismeri a képernyőn látható szót, nyomja meg a JOBB kurzorbillentyűt.\nKérjük, ha NEM ismeri a képernyőn látható szót, vagy azt gondolja, nincs ilyen szó a magyarban, nyomja meg a BAL kurzorbillentyűt.\n\nAz 'Ismerem a szót' döntés itt most ezt jelenti: találkoztam már vele, és van valami elképzelésem a jelentéséről is.  \n\nNyomjon meg bármilyen billentyűt a folytatáshoz."
27.963890000246465	EXP	instruction_text1: font = "Arial"
27.963890000246465	EXP	instruction_text1: color = {"_rgb":[1,1,1]}
27.963890000246465	EXP	instruction_text1: contrast = 1
27.963890000246465	EXP	instruction_text1: height = 0.05
27.963890000246465	EXP	instruction_text1: bold = false
27.963890000246465	EXP	instruction_text1: italic = false
27.963890000246465	EXP	instruction_text1: alignHoriz = "left"
27.963890000246465	EXP	instruction_text1: alignVert = "center"
27.963890000246465	EXP	instruction_text1: wrapWidth = 1
27.963890000246465	EXP	instruction_text1: flipHoriz = false
27.963890000246465	EXP	instruction_text1: flipVert = false
27.963890000246465	EXP	instruction_text2: units = "norm"
27.963890000246465	EXP	instruction_text2: ori = 0
27.963890000246465	EXP	instruction_text2: opacity = 1
27.963890000246465	EXP	instruction_text2: pos = [0,0]
27.963890000246465	EXP	instruction_text2: size = undefined
27.963890000246465	EXP	instruction_text2: text = "Először két egyszerű példát mutatunk Önnek.\n\nAz első szó létezik a magyarban, és valószínűleg Ön is ismeri. Itt nyomja majd meg a jobb kurzorbillentyűt.\nA második szó nem létezik a magyar nyelvben. Itt nyomja majd meg a bal kurzorbillentyűt.\n\nFontos, hogy a jobb gombot a jobb kezével, a bal gombot a bal kezével nyomja, ha tudja, és ne egy kezét használja a kísérletben.\n\nNyomjon meg bármilyen gombot a folytatáshoz."
27.963890000246465	EXP	instruction_text2: font = "Arial"
27.963890000246465	EXP	instruction_text2: color = {"_hex":"#FFFFFF","_rgb":[1,1,1]}
27.963890000246465	EXP	instruction_text2: contrast = 1
27.963890000246465	EXP	instruction_text2: height = 0.05
27.963890000246465	EXP	instruction_text2: bold = false
27.963890000246465	EXP	instruction_text2: italic = false
27.963890000246465	EXP	instruction_text2: alignHoriz = "left"
27.963890000246465	EXP	instruction_text2: alignVert = "center"
27.963890000246465	EXP	instruction_text2: wrapWidth = 1
27.963890000246465	EXP	instruction_text2: flipHoriz = false
27.963890000246465	EXP	instruction_text2: flipVert = false
27.963890000246465	EXP	show_text: units = "norm"
27.963890000246465	EXP	show_text: ori = 0
27.963890000246465	EXP	show_text: opacity = 1
27.963890000246465	EXP	show_text: pos = [0,0]
27.963890000246465	EXP	show_text: size = undefined
27.963890000246465	EXP	show_text: text = "asztal"
27.963890000246465	EXP	show_text: font = "Arial"
27.963890000246465	EXP	show_text: color = {"_hex":"#FFFFFF","_rgb":[1,1,1]}
27.963890000246465	EXP	show_text: contrast = 1
27.963890000246465	EXP	show_text: height = 0.2
27.963890000246465	EXP	show_text: bold = false
27.963890000246465	EXP	show_text: italic = false
27.963890000246465	EXP	show_text: alignHoriz = "left"
27.963890000246465	EXP	show_text: alignVert = "center"
27.963890000246465	EXP	show_text: wrapWidth = 1
27.963890000246465	EXP	show_text: flipHoriz = false
27.963890000246465	EXP	show_text: flipVert = false
27.963890000246465	EXP	text: units = "norm"
27.963890000246465	EXP	text: ori = 0
27.963890000246465	EXP	text: opacity = 1
27.963890000246465	EXP	text: pos = [0,0]
27.963890000246465	EXP	text: size = undefined
27.963890000246465	EXP	text: text = "bzsmfsztal"
27.963890000246465	EXP	text: font = "Arial"
27.963890000246465	EXP	text: color = {"_hex":"#FFFFFF","_rgb":[1,1,1]}
27.963890000246465	EXP	text: contrast = 1
27.963890000246465	EXP	text: height = 0.2
27.963890000246465	EXP	text: bold = false
27.963890000246465	EXP	text: italic = false
27.963890000246465	EXP	text: alignHoriz = "left"
27.963890000246465	EXP	text: alignVert = "center"
27.963890000246465	EXP	text: wrapWidth = 1
27.963890000246465	EXP	text: flipHoriz = false
27.963890000246465	EXP	text: flipVert = false
27.963890000246465	EXP	instruction_text3: units = "norm"
27.963890000246465	EXP	instruction_text3: ori = 0
27.963890000246465	EXP	instruction_text3: opacity = 1
27.963890000246465	EXP	instruction_text3: pos = [0,0]
27.963890000246465	EXP	instruction_text3: size = undefined
27.963890000246465	EXP	instruction_text3: text = "Pazar. Most kezdődik az igazi kísérlet. Néhány percig fog tartani. Nem kell nagyon sietnie, de igyekezzen gyorsan válaszolni.\n\nNe feledje, ha tudja, a jobb gombot a jobbkezével, a bal gombot a balkezével nyomja le.\n\nNyomjon meg bármilyen gombot a folytatáshoz."
27.963890000246465	EXP	instruction_text3: font = "Arial"
27.963890000246465	EXP	instruction_text3: color = {"_hex":"#FFFFFF","_rgb":[1,1,1]}
27.963890000246465	EXP	instruction_text3: contrast = 1
27.963890000246465	EXP	instruction_text3: height = 0.1
27.963890000246465	EXP	instruction_text3: bold = false
27.963890000246465	EXP	instruction_text3: italic = false
27.963890000246465	EXP	instruction_text3: alignHoriz = "left"
27.963890000246465	EXP	instruction_text3: alignVert = "center"
27.963890000246465	EXP	instruction_text3: wrapWidth = 1
27.963890000246465	EXP	instruction_text3: flipHoriz = false
27.963890000246465	EXP	instruction_text3: flipVert = false
27.963890000246465	EXP	szo_kiir: units = "norm"
27.963890000246465	EXP	szo_kiir: ori = 0
27.963890000246465	EXP	szo_kiir: opacity = 1
27.963890000246465	EXP	szo_kiir: pos = [0,0]
27.963890000246465	EXP	szo_kiir: size = undefined
27.963890000246465	EXP	szo_kiir: text = "default text"
27.963890000246465	EXP	szo_kiir: font = "Arial"
27.963890000246465	EXP	szo_kiir: color = {"_hex":"#FFFFFF","_rgb":[1,1,1]}
27.963890000246465	EXP	szo_kiir: contrast = 1
27.963890000246465	EXP	szo_kiir: height = 0.2
27.963890000246465	EXP	szo_kiir: bold = false
27.963890000246465	EXP	szo_kiir: italic = false
27.963890000246465	EXP	szo_kiir: alignHoriz = "left"
27.963890000246465	EXP	szo_kiir: alignVert = "center"
27.963890000246465	EXP	szo_kiir: wrapWidth = 1
27.963890000246465	EXP	szo_kiir: flipHoriz = false
27.963890000246465	EXP	szo_kiir: flipVert = false
27.963890000246465	EXP	koszi_szoveg: units = "norm"
27.963890000246465	EXP	koszi_szoveg: ori = 0
27.963890000246465	EXP	koszi_szoveg: opacity = 1
27.963890000246465	EXP	koszi_szoveg: pos = [0,0]
27.963890000246465	EXP	koszi_szoveg: size = undefined
27.963890000246465	EXP	koszi_szoveg: text = "Vége a kísérletnek. Köszönjük a részvételt!"
27.963890000246465	EXP	koszi_szoveg: font = "arial"
27.963890000246465	EXP	koszi_szoveg: color = {"_rgb":[1,1,1]}
27.963890000246465	EXP	koszi_szoveg: contrast = 1
27.963890000246465	EXP	koszi_szoveg: height = 0.1
27.963890000246465	EXP	koszi_szoveg: bold = false
27.963890000246465	EXP	koszi_szoveg: italic = false
27.963890000246465	EXP	koszi_szoveg: alignHoriz = "left"
27.963890000246465	EXP	koszi_szoveg: alignVert = "center"
27.963890000246465	EXP	koszi_szoveg: wrapWidth = 1
27.963890000246465	EXP	koszi_szoveg: flipHoriz = false
27.963890000246465	EXP	koszi_szoveg: flipVert = false
27.963890000246465	EXP	instruction_text1: autoDraw = true
50.29740500031039	DATA	Mouse: 2 button down, pos=(752.0000224113464,616.6666850447655)
50.42167000006884	DATA	Mouse: 2 button down, pos=(752.0000224113464,616.6666850447655)
53.15588500024751	DATA	Mouse: 0 button down, pos=(732.0000218153,338.00001007318497)
53.352865000255406	DATA	Mouse: 0 button down, pos=(732.6666885018349,339.33334344625473)
58.21048500016332	DATA	Mouse: 0 button down, pos=(732.6666885018349,339.33334344625473)
58.42452500015497	DATA	Mouse: 0 button down, pos=(732.6666885018349,339.33334344625473)
60.91754999989644	DATA	Mouse: 0 button down, pos=(732.6666885018349,339.33334344625473)
61.134200000204146	DATA	Mouse: 0 button down, pos=(732.6666885018349,339.33334344625473)
61.35714500024915	DATA	Keydown:  
61.40466500027105	EXP	instruction_text1: autoDraw = false
61.40466500027105	EXP	instruction_text2: autoDraw = true
72.34924500016496	DATA	Keydown:  
72.36436000000685	EXP	instruction_text2: autoDraw = false
72.91943000024185	EXP	show_text: autoDraw = true
73.56679000006989	DATA	Mouse: 2 button down, pos=(732.6666885018349,339.33334344625473)
73.65798000013456	DATA	Mouse: 2 button down, pos=(732.6666885018349,339.33334344625473)
76.40063000004739	DATA	Mouse: 0 button down, pos=(678.0000202059746,364.00001084804535)
76.43840999994427	DATA	Mouse: 0 button down, pos=(679.3333942691497,364.66667753458023)
77.01457000011578	DATA	Mouse: 2 button down, pos=(679.3333942691497,364.66667753458023)
77.14886000007391	DATA	Mouse: 2 button down, pos=(679.3333942691497,364.66667753458023)
80.4826400000602	DATA	Mouse: 0 button down, pos=(632.6666855216026,340.6666971643772)
80.68299000011757	DATA	Mouse: 0 button down, pos=(633.3333928982429,342.00001019239426)
81.28897499991581	DATA	Mouse: 2 button down, pos=(633.3333928982429,342.00001019239426)
81.35092000011355	DATA	Mouse: 2 button down, pos=(633.3333928982429,342.00001019239426)
82.33972500031814	DATA	Mouse: 0 button down, pos=(582.0000173449516,278.6666953166332)
82.54858499998227	DATA	Mouse: 0 button down, pos=(582.0000173449516,279.3333416581154)
82.74937000032514	DATA	Keydown: ArrowRight
82.76195499999449	EXP	show_text: autoDraw = false
83.29224500013515	EXP	text: autoDraw = true
85.77847000025213	DATA	Keydown: ArrowLeft
85.86803500028327	EXP	text: autoDraw = false
85.86803500028327	EXP	instruction_text3: autoDraw = true
99.54222000017762	DATA	Keydown: ArrowDown
99.61417500022799	EXP	instruction_text3: autoDraw = false
99.61417500022799	EXP	szo_kiir: color = {"_rgb":[1,1,1]}
99.61417500022799	EXP	szo_kiir: text = "hely"
100.13945499993861	EXP	szo_kiir: autoDraw = true
100.78423999994993	DATA	Keydown: ArrowRight
100.79241500003263	EXP	szo_kiir: autoDraw = false
100.79241500003263	EXP	szo_kiir: color = {"_rgb":[1,1,1]}
100.79241500003263	EXP	szo_kiir: text = "család"
101.32105999998748	EXP	szo_kiir: autoDraw = true
101.74913500016555	DATA	Keydown: ArrowRight
101.79139999998733	EXP	szo_kiir: autoDraw = false
101.79139999998733	EXP	szo_kiir: color = {"_rgb":[1,1,1]}
101.79139999998733	EXP	szo_kiir: text = "típusú"
102.32102000014856	EXP	szo_kiir: autoDraw = true
102.6762850000523	DATA	Keydown: ArrowRight
102.69076499994844	EXP	szo_kiir: autoDraw = false
102.69076499994844	EXP	szo_kiir: color = {"_rgb":[1,1,1]}
102.69076499994844	EXP	szo_kiir: text = "felján"
103.21617999998853	EXP	szo_kiir: autoDraw = true
104.06240000016987	DATA	Keydown: ArrowLeft
104.11108499998227	EXP	szo_kiir: autoDraw = false
104.11108499998227	EXP	szo_kiir: color = {"_rgb":[1,1,1]}
104.11108499998227	EXP	szo_kiir: text = "eszköz"
104.6352800000459	EXP	szo_kiir: autoDraw = true
105.1573999999091	DATA	Keydown: ArrowRight
105.17354999994859	EXP	szo_kiir: autoDraw = false
105.17354999994859	EXP	szo_kiir: color = {"_rgb":[1,1,1]}
105.17354999994859	EXP	szo_kiir: text = "anaszsében"
105.70213499991223	EXP	szo_kiir: autoDraw = true
106.99477000022307	DATA	Keydown: ArrowLeft
107.06639000028372	EXP	szo_kiir: autoDraw = false
107.06639000028372	EXP	szo_kiir: color = {"_rgb":[1,1,1]}
107.06639000028372	EXP	szo_kiir: text = "plusz"
107.57851500017568	EXP	szo_kiir: autoDraw = true
108.38107499992475	DATA	Keydown: ArrowRight
108.38989500002936	EXP	szo_kiir: autoDraw = false
108.38989500002936	EXP	szo_kiir: color = {"_rgb":[1,1,1]}
108.38989500002936	EXP	szo_kiir: text = "népszerű"
108.91759000020102	EXP	szo_kiir: autoDraw = true
110.55719000007957	DATA	Keydown: ArrowRight
110.59989000018686	EXP	szo_kiir: autoDraw = false
110.59989000018686	EXP	szo_kiir: color = {"_rgb":[1,1,1]}
110.59989000018686	EXP	szo_kiir: text = "marketing"
111.11635500006378	EXP	szo_kiir: autoDraw = true
111.79781999997795	DATA	Keydown: ArrowRight
111.80501000024378	EXP	szo_kiir: autoDraw = false
111.80501000024378	EXP	szo_kiir: color = {"_rgb":[1,1,1]}
111.80501000024378	EXP	szo_kiir: text = "mód"
112.32990500004962	EXP	szo_kiir: autoDraw = true
112.89027000032365	DATA	Keydown: ArrowRight
112.93357000034302	EXP	szo_kiir: autoDraw = false
112.93357000034302	EXP	szo_kiir: color = {"_rgb":[1,1,1]}
112.93357000034302	EXP	szo_kiir: text = "szempont"
113.44833000004292	EXP	szo_kiir: autoDraw = true
113.93142500007525	DATA	Keydown: ArrowRight
113.93785500014201	EXP	szo_kiir: autoDraw = false
113.93785500014201	EXP	szo_kiir: color = {"_rgb":[1,1,1]}
113.93785500014201	EXP	szo_kiir: text = "könyvtár"
114.46430499991402	EXP	szo_kiir: autoDraw = true
114.90629000030458	DATA	Keydown: ArrowRight
114.94818500010297	EXP	szo_kiir: autoDraw = false
114.94818500010297	EXP	szo_kiir: color = {"_rgb":[1,1,1]}
114.94818500010297	EXP	szo_kiir: text = "kér"
115.45885000005364	EXP	szo_kiir: autoDraw = true
115.82330000028014	DATA	Keydown: ArrowRight
115.83843500027433	EXP	szo_kiir: autoDraw = false
115.83843500027433	EXP	szo_kiir: color = {"_rgb":[1,1,1]}
115.83843500027433	EXP	szo_kiir: text = "borhátsz"
116.36135999998078	EXP	szo_kiir: autoDraw = true
117.12741499999538	DATA	Keydown: ArrowLeft
117.17015000013635	EXP	szo_kiir: autoDraw = false
117.17015000013635	EXP	szo_kiir: color = {"_rgb":[1,1,1]}
117.17015000013635	EXP	szo_kiir: text = "általad"
117.6938050002791	EXP	szo_kiir: autoDraw = true
118.27282500034198	DATA	Keydown: ArrowRight
118.2887050001882	EXP	szo_kiir: autoDraw = false
118.2887050001882	EXP	szo_kiir: color = {"_rgb":[1,1,1]}
118.2887050001882	EXP	szo_kiir: text = "extrém"
118.81137500004843	EXP	szo_kiir: autoDraw = true
119.4265800002031	DATA	Keydown: ArrowRight
119.44561000028625	EXP	szo_kiir: autoDraw = false
119.44561000028625	EXP	szo_kiir: color = {"_rgb":[1,1,1]}
119.44561000028625	EXP	szo_kiir: text = "fiatalember"
119.9609500002116	EXP	szo_kiir: autoDraw = true
120.67951000016183	DATA	Keydown: ArrowRight
120.68683000002056	EXP	szo_kiir: autoDraw = false
120.68683000002056	EXP	szo_kiir: color = {"_rgb":[1,1,1]}
120.68683000002056	EXP	szo_kiir: text = "barát"
121.20918500004336	EXP	szo_kiir: autoDraw = true
122.5562200001441	DATA	Keydown: ArrowRight
122.59220999991521	EXP	szo_kiir: autoDraw = false
122.59220999991521	EXP	szo_kiir: color = {"_rgb":[1,1,1]}
122.59220999991521	EXP	szo_kiir: text = "szalas"
123.10859500011429	EXP	szo_kiir: autoDraw = true
123.52405499992892	DATA	Keydown: ArrowRight
123.53684499999508	EXP	szo_kiir: autoDraw = false
123.53684499999508	EXP	szo_kiir: color = {"_rgb":[1,1,1]}
123.53684499999508	EXP	szo_kiir: text = "szethetősi"
124.06258499994874	EXP	szo_kiir: autoDraw = true
125.28060000017285	DATA	Keydown: ArrowLeft
125.28662500018254	EXP	szo_kiir: autoDraw = false
125.28662500018254	EXP	szo_kiir: color = {"_rgb":[1,1,1]}
125.28662500018254	EXP	szo_kiir: text = "repülőgép"
125.81022999994457	EXP	szo_kiir: autoDraw = true
126.42082000011578	DATA	Keydown: ArrowRight
126.45843499992043	EXP	szo_kiir: autoDraw = false
126.45843499992043	EXP	szo_kiir: color = {"_rgb":[1,1,1]}
126.45843499992043	EXP	szo_kiir: text = "forgatókönyv"
126.97674000030383	EXP	szo_kiir: autoDraw = true
128.52096500014886	DATA	Keydown: ArrowRight
128.53580499999225	EXP	szo_kiir: autoDraw = false
128.53580499999225	EXP	szo_kiir: color = {"_rgb":[1,1,1]}
128.53580499999225	EXP	szo_kiir: text = "beton"
129.0575900003314	EXP	szo_kiir: autoDraw = true
129.70885500032455	DATA	Keydown: ArrowRight
129.74200000008568	EXP	szo_kiir: autoDraw = false
129.74200000008568	EXP	szo_kiir: color = {"_rgb":[1,1,1]}
129.74200000008568	EXP	szo_kiir: text = "örvend"
130.25872000027448	EXP	szo_kiir: autoDraw = true
131.32016000011936	DATA	Keydown: ArrowRight
131.33568500028923	EXP	szo_kiir: autoDraw = false
131.33568500028923	EXP	szo_kiir: color = {"_rgb":[1,1,1]}
131.33568500028923	EXP	szo_kiir: text = "ponálgai"
131.85810999991372	EXP	szo_kiir: autoDraw = true
132.70261500030756	DATA	Keydown: ArrowLeft
132.74199500028044	EXP	szo_kiir: autoDraw = false
132.74199500028044	EXP	szo_kiir: color = {"_rgb":[1,1,1]}
132.74199500028044	EXP	szo_kiir: text = "szichosol"
133.25707000028342	EXP	szo_kiir: autoDraw = true
133.9526200001128	DATA	Keydown: ArrowLeft
133.96785499993712	EXP	szo_kiir: autoDraw = false
133.96785499993712	EXP	szo_kiir: color = {"_rgb":[1,1,1]}
133.96785499993712	EXP	szo_kiir: text = "keresztyén"
134.48948500026017	EXP	szo_kiir: autoDraw = true
135.67903000023216	DATA	Keydown: ArrowRight
135.7089050002396	EXP	szo_kiir: autoDraw = false
135.7089050002396	EXP	szo_kiir: color = {"_rgb":[1,1,1]}
135.7089050002396	EXP	szo_kiir: text = "diktátor"
136.22179000033066	EXP	szo_kiir: autoDraw = true
136.885790000204	DATA	Keydown: ArrowRight
136.9005400002934	EXP	szo_kiir: autoDraw = false
136.9005400002934	EXP	szo_kiir: color = {"_rgb":[1,1,1]}
136.9005400002934	EXP	szo_kiir: text = "halom"
137.4226000001654	EXP	szo_kiir: autoDraw = true
138.01985500007868	DATA	Keydown: ArrowRight
138.06108500016853	EXP	szo_kiir: autoDraw = false
138.06108500016853	EXP	szo_kiir: color = {"_rgb":[1,1,1]}
138.06108500016853	EXP	szo_kiir: text = "pálódás"
138.57200499996543	EXP	szo_kiir: autoDraw = true
139.4563049999997	DATA	Keydown: ArrowLeft
139.46695000026375	EXP	szo_kiir: autoDraw = false
139.46695000026375	EXP	szo_kiir: color = {"_rgb":[1,1,1]}
139.46695000026375	EXP	szo_kiir: text = "agyag"
139.98908500000834	EXP	szo_kiir: autoDraw = true
140.55096000013873	DATA	Keydown: ArrowRight
140.59110999992117	EXP	szo_kiir: autoDraw = false
140.59110999992117	EXP	szo_kiir: color = {"_rgb":[1,1,1]}
140.59110999992117	EXP	szo_kiir: text = "bús"
141.10557000013068	EXP	szo_kiir: autoDraw = true
141.96787000028417	DATA	Keydown: ArrowRight
141.98361500026658	EXP	szo_kiir: autoDraw = false
141.98361500026658	EXP	szo_kiir: color = {"_rgb":[1,1,1]}
141.98361500026658	EXP	szo_kiir: text = "sugár"
142.5042550000362	EXP	szo_kiir: autoDraw = true
143.13431499991566	DATA	Keydown: ArrowRight
143.17971999989823	EXP	szo_kiir: autoDraw = false
143.17971999989823	EXP	szo_kiir: color = {"_rgb":[1,1,1]}
143.17971999989823	EXP	szo_kiir: text = "ezüstös"
143.68811500025913	EXP	szo_kiir: autoDraw = true
144.31737500010058	DATA	Keydown: ArrowRight
144.33278500009328	EXP	szo_kiir: autoDraw = false
144.33278500009328	EXP	szo_kiir: color = {"_rgb":[1,1,1]}
144.33278500009328	EXP	szo_kiir: text = "kiletette"
144.85429000016302	EXP	szo_kiir: autoDraw = true
145.7871799999848	DATA	Keydown: ArrowLeft
145.84091000026092	EXP	szo_kiir: autoDraw = false
145.84091000026092	EXP	szo_kiir: color = {"_rgb":[1,1,1]}
145.84091000026092	EXP	szo_kiir: text = "közöny"
146.3560000001453	EXP	szo_kiir: autoDraw = true
147.53688500029966	DATA	Keydown: ArrowRight
147.548669999931	EXP	szo_kiir: autoDraw = false
147.548669999931	EXP	szo_kiir: color = {"_rgb":[1,1,1]}
147.548669999931	EXP	szo_kiir: text = "körvonalazódik"
148.0733650000766	EXP	szo_kiir: autoDraw = true
150.61571500031278	DATA	Keydown: ArrowRight
150.65548000019044	EXP	szo_kiir: autoDraw = false
150.65548000019044	EXP	szo_kiir: color = {"_rgb":[1,1,1]}
150.65548000019044	EXP	szo_kiir: text = "derít"
151.18084500031546	EXP	szo_kiir: autoDraw = true
151.831680000294	DATA	Keydown: ArrowRight
151.8475350001827	EXP	szo_kiir: autoDraw = false
151.8475350001827	EXP	szo_kiir: color = {"_rgb":[1,1,1]}
151.8475350001827	EXP	szo_kiir: text = "rakódik"
152.36863500019535	EXP	szo_kiir: autoDraw = true
153.05877500027418	DATA	Keydown: ArrowRight
153.0847800001502	EXP	szo_kiir: autoDraw = false
153.0847800001502	EXP	szo_kiir: color = {"_rgb":[1,1,1]}
153.0847800001502	EXP	szo_kiir: text = "szótag"
153.60258000018075	EXP	szo_kiir: autoDraw = true
154.21726000029594	DATA	Keydown: ArrowRight
154.23068500030786	EXP	szo_kiir: autoDraw = false
154.23068500030786	EXP	szo_kiir: color = {"_rgb":[1,1,1]}
154.23068500030786	EXP	szo_kiir: text = "sárgaréz"
154.75219999998808	EXP	szo_kiir: autoDraw = true
155.59813000028953	DATA	Keydown: ArrowRight
155.63558500027284	EXP	szo_kiir: autoDraw = false
155.63558500027284	EXP	szo_kiir: color = {"_rgb":[1,1,1]}
155.63558500027284	EXP	szo_kiir: text = "gerifikált"
156.15214500017464	EXP	szo_kiir: autoDraw = true
156.97038999991491	DATA	Keydown: ArrowLeft
156.97993999999017	EXP	szo_kiir: autoDraw = false
156.97993999999017	EXP	szo_kiir: color = {"_rgb":[1,1,1]}
156.97993999999017	EXP	szo_kiir: text = "balközép"
157.50147000001743	EXP	szo_kiir: autoDraw = true
158.13291000016034	DATA	Keydown: ArrowRight
158.16543000005186	EXP	szo_kiir: autoDraw = false
158.16543000005186	EXP	szo_kiir: color = {"_rgb":[1,1,1]}
158.16543000005186	EXP	szo_kiir: text = "vényegő"
158.68479500012472	EXP	szo_kiir: autoDraw = true
159.51952000008896	DATA	Keydown: ArrowLeft
159.52990500023589	EXP	szo_kiir: autoDraw = false
159.52990500023589	EXP	szo_kiir: color = {"_rgb":[1,1,1]}
159.52990500023589	EXP	szo_kiir: text = "kisujj"
160.05042000021785	EXP	szo_kiir: autoDraw = true
160.72437500022352	DATA	Keydown: ArrowRight
160.75172500032932	EXP	szo_kiir: autoDraw = false
160.75172500032932	EXP	szo_kiir: color = {"_rgb":[1,1,1]}
160.75172500032932	EXP	szo_kiir: text = "referál"
161.27370000025257	EXP	szo_kiir: autoDraw = true
163.06610500020906	DATA	Keydown: ArrowRight
163.07945499988273	EXP	szo_kiir: autoDraw = false
163.07945499988273	EXP	szo_kiir: color = {"_rgb":[1,1,1]}
163.07945499988273	EXP	szo_kiir: text = "elikázható"
163.6003300002776	EXP	szo_kiir: autoDraw = true
164.61587000032887	DATA	Keydown: ArrowLeft
164.6555300001055	EXP	szo_kiir: autoDraw = false
164.6555300001055	EXP	szo_kiir: color = {"_rgb":[1,1,1]}
164.6555300001055	EXP	szo_kiir: text = "kétágú"
165.16635000007227	EXP	szo_kiir: autoDraw = true
166.4061900000088	DATA	Keydown: ArrowRight
166.41192000033334	EXP	szo_kiir: autoDraw = false
166.41192000033334	EXP	szo_kiir: color = {"_rgb":[1,1,1]}
166.41192000033334	EXP	szo_kiir: text = "hidroxid"
166.93338999990374	EXP	szo_kiir: autoDraw = true
167.7513900003396	DATA	Keydown: ArrowRight
167.7824800000526	EXP	szo_kiir: autoDraw = false
167.7824800000526	EXP	szo_kiir: color = {"_rgb":[1,1,1]}
167.7824800000526	EXP	szo_kiir: text = "terhelődik"
168.2993950000964	EXP	szo_kiir: autoDraw = true
169.0289500001818	DATA	Keydown: ArrowRight
169.04468000028282	EXP	szo_kiir: autoDraw = false
169.04468000028282	EXP	szo_kiir: color = {"_rgb":[1,1,1]}
169.04468000028282	EXP	szo_kiir: text = "korog"
169.56912000011653	EXP	szo_kiir: autoDraw = true
170.57806000020355	DATA	Keydown: ArrowRight
170.6123399999924	EXP	szo_kiir: autoDraw = false
170.6123399999924	EXP	szo_kiir: color = {"_rgb":[1,1,1]}
170.6123399999924	EXP	szo_kiir: text = "stíluszirt"
171.13317000027746	EXP	szo_kiir: autoDraw = true
172.04600499989465	DATA	Keydown: ArrowLeft
172.0608250000514	EXP	szo_kiir: autoDraw = false
172.0608250000514	EXP	szo_kiir: color = {"_rgb":[1,1,1]}
172.0608250000514	EXP	szo_kiir: text = "hidegtál"
172.58284999988973	EXP	szo_kiir: autoDraw = true
173.27805000031367	DATA	Keydown: ArrowRight
173.31249500019476	EXP	szo_kiir: autoDraw = false
173.31249500019476	EXP	szo_kiir: color = {"_rgb":[1,1,1]}
173.31249500019476	EXP	szo_kiir: text = "szitok"
173.83119999989867	EXP	szo_kiir: autoDraw = true
174.61114000016823	DATA	Keydown: ArrowRight
174.62685499992222	EXP	szo_kiir: autoDraw = false
174.62685499992222	EXP	szo_kiir: color = {"_rgb":[1,1,1]}
174.62685499992222	EXP	szo_kiir: text = "fajansz"
175.15345499990508	EXP	szo_kiir: autoDraw = true
175.97732000006363	DATA	Keydown: ArrowRight
176.01639500027522	EXP	szo_kiir: autoDraw = false
176.01639500027522	EXP	szo_kiir: color = {"_rgb":[1,1,1]}
176.01639500027522	EXP	szo_kiir: text = "szuperintelligens"
176.535445000045	EXP	szo_kiir: autoDraw = true
177.16758000012487	DATA	Keydown: ArrowRight
177.17581500019878	EXP	szo_kiir: autoDraw = false
177.17581500019878	EXP	szo_kiir: color = {"_rgb":[1,1,1]}
177.17581500019878	EXP	szo_kiir: text = "trikarítés"
177.69771500024945	EXP	szo_kiir: autoDraw = true
179.31067500030622	DATA	Keydown: ArrowLeft
179.35506500024348	EXP	szo_kiir: autoDraw = false
179.35506500024348	EXP	szo_kiir: color = {"_rgb":[1,1,1]}
179.35506500024348	EXP	szo_kiir: text = "kvacsvagos"
179.86425000010058	EXP	szo_kiir: autoDraw = true
180.55320500023663	DATA	Keydown: ArrowLeft
180.55921000009403	EXP	szo_kiir: autoDraw = false
180.55921000009403	EXP	szo_kiir: color = {"_rgb":[1,1,1]}
180.55921000009403	EXP	szo_kiir: text = "peny"
181.08065500017256	EXP	szo_kiir: autoDraw = true
181.65062500024214	DATA	Keydown: ArrowLeft
181.67982499999925	EXP	szo_kiir: autoDraw = false
181.67982499999925	EXP	szo_kiir: color = {"_rgb":[1,1,1]}
181.67982499999925	EXP	szo_kiir: text = "lező"
182.22007000027224	EXP	szo_kiir: autoDraw = true
182.86801500013098	DATA	Keydown: ArrowLeft
182.87493500020355	EXP	szo_kiir: autoDraw = false
182.87493500020355	EXP	szo_kiir: color = {"_rgb":[1,1,1]}
182.87493500020355	EXP	szo_kiir: text = "anyajogú"
183.39609500020742	EXP	szo_kiir: autoDraw = true
184.84867500001565	DATA	Keydown: ArrowLeft
184.85752499988303	EXP	szo_kiir: autoDraw = false
184.85752499988303	EXP	szo_kiir: color = {"_rgb":[1,1,1]}
184.85752499988303	EXP	szo_kiir: text = "szidalom"
185.37988999998197	EXP	szo_kiir: autoDraw = true
186.57909000013024	DATA	Keydown: ArrowRight
186.6186600001529	EXP	szo_kiir: autoDraw = false
186.6186600001529	EXP	szo_kiir: color = {"_rgb":[1,1,1]}
186.6186600001529	EXP	szo_kiir: text = "akarózik"
187.12910500029102	EXP	szo_kiir: autoDraw = true
187.8481800002046	DATA	Keydown: ArrowRight
187.8575650001876	EXP	szo_kiir: autoDraw = false
187.8575650001876	EXP	szo_kiir: color = {"_rgb":[1,1,1]}
187.8575650001876	EXP	szo_kiir: text = "sövet"
188.38441500021145	EXP	szo_kiir: autoDraw = true
189.49122500000522	DATA	Keydown: ArrowLeft
189.5293800001964	EXP	szo_kiir: autoDraw = false
189.5293800001964	EXP	szo_kiir: color = {"_rgb":[1,1,1]}
189.5293800001964	EXP	szo_kiir: text = "agráregyetem"
190.04823000030592	EXP	szo_kiir: autoDraw = true
191.25111000007018	DATA	Keydown: ArrowRight
191.25697500025854	EXP	szo_kiir: autoDraw = false
191.25697500025854	EXP	szo_kiir: color = {"_rgb":[1,1,1]}
191.25697500025854	EXP	szo_kiir: text = "dipeptid"
191.77886500023305	EXP	szo_kiir: autoDraw = true
192.84152000024915	DATA	Keydown: ArrowRight
192.87749500013888	EXP	szo_kiir: autoDraw = false
192.87749500013888	EXP	szo_kiir: color = {"_rgb":[1,1,1]}
192.87749500013888	EXP	szo_kiir: text = "forrpont"
193.39409500034526	EXP	szo_kiir: autoDraw = true
194.46735000004992	DATA	Keydown: ArrowLeft
194.4733150000684	EXP	szo_kiir: autoDraw = false
194.4733150000684	EXP	szo_kiir: color = {"_rgb":[1,1,1]}
194.4733150000684	EXP	szo_kiir: text = "aszinkronmotor"
194.99570500012487	EXP	szo_kiir: autoDraw = true
197.7568049998954	DATA	Keydown: ArrowLeft
197.77384500019252	EXP	szo_kiir: autoDraw = false
197.77384500019252	EXP	szo_kiir: color = {"_rgb":[1,1,1]}
197.77384500019252	EXP	szo_kiir: text = "visong"
198.29345000023022	EXP	szo_kiir: autoDraw = true
199.43972000014037	DATA	Keydown: ArrowRight
199.45722500002012	EXP	szo_kiir: autoDraw = false
199.45722500002012	EXP	szo_kiir: color = {"_rgb":[1,1,1]}
199.45722500002012	EXP	szo_kiir: text = "szélsőjáték"
199.98256999999285	EXP	szo_kiir: autoDraw = true
202.14836500026286	DATA	Keydown: ArrowRight
202.17766000004485	EXP	szo_kiir: autoDraw = false
202.17766000004485	EXP	szo_kiir: color = {"_rgb":[1,1,1]}
202.17766000004485	EXP	szo_kiir: text = "szemestakarmány"
202.70051000034437	EXP	szo_kiir: autoDraw = true
203.9802800002508	DATA	Keydown: ArrowRight
203.98762500006706	EXP	szo_kiir: autoDraw = false
203.98762500006706	EXP	szo_kiir: color = {"_rgb":[1,1,1]}
203.98762500006706	EXP	szo_kiir: text = "tipizál"
204.508195000235	EXP	szo_kiir: autoDraw = true
205.39590500015765	DATA	Keydown: ArrowLeft
205.4036000003107	EXP	szo_kiir: autoDraw = false
205.4036000003107	EXP	szo_kiir: color = {"_rgb":[1,1,1]}
205.4036000003107	EXP	szo_kiir: text = "csüggeszt"
205.9256450003013	EXP	szo_kiir: autoDraw = true
206.70467500016093	DATA	Keydown: ArrowRight
206.75937499990687	EXP	szo_kiir: autoDraw = false
206.75937499990687	EXP	szo_kiir: color = {"_rgb":[1,1,1]}
206.75937499990687	EXP	szo_kiir: text = "gór"
207.27695500012487	EXP	szo_kiir: autoDraw = true
208.18803999992087	DATA	Keydown: ArrowLeft
208.20389000000432	EXP	szo_kiir: autoDraw = false
208.20389000000432	EXP	szo_kiir: color = {"_rgb":[1,1,1]}
208.20389000000432	EXP	szo_kiir: text = "hullong"
208.7250500000082	EXP	szo_kiir: autoDraw = true
209.94194999989122	DATA	Keydown: ArrowLeft
209.95250499993563	EXP	szo_kiir: autoDraw = false
209.95250499993563	EXP	szo_kiir: color = {"_rgb":[1,1,1]}
209.95250499993563	EXP	szo_kiir: text = "illikázó"
210.47487000003457	EXP	szo_kiir: autoDraw = true
211.45366499992087	DATA	Keydown: ArrowLeft
211.46995500009507	EXP	szo_kiir: autoDraw = false
211.46995500009507	EXP	szo_kiir: color = {"_rgb":[1,1,1]}
211.46995500009507	EXP	szo_kiir: text = "állótükör"
211.9919050000608	EXP	szo_kiir: autoDraw = true
214.49458499997854	DATA	Keydown: ArrowRight
214.52349500032142	EXP	szo_kiir: autoDraw = false
214.52349500032142	EXP	szo_kiir: color = {"_rgb":[1,1,1]}
214.52349500032142	EXP	szo_kiir: text = "mérgesít"
215.04041500017047	EXP	szo_kiir: autoDraw = true
217.50399000011384	DATA	Keydown: ArrowLeft
217.5180100002326	EXP	szo_kiir: autoDraw = false
217.5180100002326	EXP	szo_kiir: color = {"_rgb":[1,1,1]}
217.5180100002326	EXP	szo_kiir: text = "áruszállítmány"
218.04720500018448	EXP	szo_kiir: autoDraw = true
219.3898900002241	DATA	Keydown: ArrowRight
219.400970000308	EXP	szo_kiir: autoDraw = false
219.400970000308	EXP	szo_kiir: color = {"_rgb":[1,1,1]}
219.400970000308	EXP	szo_kiir: text = "jegedény"
219.92652500001714	EXP	szo_kiir: autoDraw = true
220.724990000017	DATA	Keydown: ArrowLeft
220.75499999988824	EXP	szo_kiir: autoDraw = false
220.75499999988824	EXP	szo_kiir: color = {"_rgb":[1,1,1]}
220.75499999988824	EXP	szo_kiir: text = "komál"
221.2732899999246	EXP	szo_kiir: autoDraw = true
224.03446000022814	DATA	Keydown: ArrowLeft
224.05170499999076	EXP	szo_kiir: autoDraw = false
224.05170499999076	EXP	szo_kiir: color = {"_rgb":[1,1,1]}
224.05170499999076	EXP	szo_kiir: text = "süteményestál"
224.58785000024363	EXP	szo_kiir: autoDraw = true
225.58657000027597	DATA	Keydown: ArrowRight
225.60006499988958	EXP	szo_kiir: autoDraw = false
225.60006499988958	EXP	szo_kiir: color = {"_rgb":[1,1,1]}
225.60006499988958	EXP	szo_kiir: text = "nyálasszájú"
226.12535999994725	EXP	szo_kiir: autoDraw = true
227.58727000001818	DATA	Keydown: ArrowRight
227.61810000007972	EXP	szo_kiir: autoDraw = false
227.61810000007972	EXP	szo_kiir: color = {"_rgb":[1,1,1]}
227.61810000007972	EXP	szo_kiir: text = "istenkedik"
228.13793000020087	EXP	szo_kiir: autoDraw = true
228.75696999998763	DATA	Keydown: ArrowRight
228.76637999992818	EXP	szo_kiir: autoDraw = false
228.76637999992818	EXP	szo_kiir: color = {"_rgb":[1,1,1]}
228.76637999992818	EXP	szo_kiir: text = "farkasbab"
229.29083999991417	EXP	szo_kiir: autoDraw = true
230.43322500027716	DATA	Keydown: ArrowRight
230.4662299999036	EXP	szo_kiir: autoDraw = false
230.4662299999036	EXP	szo_kiir: color = {"_rgb":[1,1,1]}
230.4662299999036	EXP	szo_kiir: text = "karikáz"
231.00744000030681	EXP	szo_kiir: autoDraw = true
232.30971000017598	DATA	Keydown: ArrowRight
232.3161900001578	EXP	szo_kiir: autoDraw = false
232.3161900001578	EXP	szo_kiir: color = {"_rgb":[1,1,1]}
232.3161900001578	EXP	szo_kiir: text = "hazardíroz"
232.83710499992594	EXP	szo_kiir: autoDraw = true
233.78327000001445	DATA	Keydown: ArrowRight
233.822935000062	EXP	szo_kiir: autoDraw = false
233.822935000062	EXP	szo_kiir: color = {"_rgb":[1,1,1]}
233.822935000062	EXP	szo_kiir: text = "inta"
234.3363149999641	EXP	szo_kiir: autoDraw = true
235.15165500016883	DATA	Keydown: ArrowLeft
235.16417000023648	EXP	szo_kiir: autoDraw = false
235.16417000023648	EXP	szo_kiir: color = {"_rgb":[1,1,1]}
235.16417000023648	EXP	szo_kiir: text = "zentiekert"
235.68842500029132	EXP	szo_kiir: autoDraw = true
236.4697650000453	DATA	Keydown: ArrowLeft
236.50048500020057	EXP	szo_kiir: autoDraw = false
236.50048500020057	EXP	szo_kiir: color = {"_rgb":[1,1,1]}
236.50048500020057	EXP	szo_kiir: text = "homeomorfizmus"
237.0347450003028	EXP	szo_kiir: autoDraw = true
238.06516000023112	DATA	Keydown: ArrowRight
238.0809550001286	EXP	szo_kiir: autoDraw = false
238.0809550001286	EXP	szo_kiir: color = {"_rgb":[1,1,1]}
238.0809550001286	EXP	szo_kiir: text = "prografej"
238.61441500019282	EXP	szo_kiir: autoDraw = true
239.66996499989182	DATA	Keydown: ArrowLeft
239.70316000003368	EXP	szo_kiir: autoDraw = false
239.70316000003368	EXP	szo_kiir: color = {"_rgb":[1,1,1]}
239.70316000003368	EXP	szo_kiir: text = "sűrítható"
240.21943500032648	EXP	szo_kiir: autoDraw = true
241.98245000001043	DATA	Keydown: ArrowLeft
241.99831499997526	EXP	szo_kiir: autoDraw = false
241.99831499997526	EXP	szo_kiir: color = {"_rgb":[1,1,1]}
241.99831499997526	EXP	szo_kiir: text = "kékít"
242.51872500032187	EXP	szo_kiir: autoDraw = true
243.6835799999535	DATA	Keydown: ArrowRight
243.71103500016034	EXP	szo_kiir: autoDraw = false
243.71103500016034	EXP	szo_kiir: color = {"_rgb":[1,1,1]}
243.71103500016034	EXP	szo_kiir: text = "gramoszi"
244.2344349999912	EXP	szo_kiir: autoDraw = true
245.95112999994308	DATA	Keydown: ArrowLeft
245.96415500016883	EXP	szo_kiir: autoDraw = false
245.96415500016883	EXP	szo_kiir: color = {"_rgb":[1,1,1]}
245.96415500016883	EXP	szo_kiir: text = "háromfedélzetű"
246.509635000024	EXP	szo_kiir: autoDraw = true
247.41583500010893	DATA	Keydown: ArrowRight
247.44641999993473	EXP	szo_kiir: autoDraw = false
247.44641999993473	EXP	szo_kiir: color = {"_rgb":[1,1,1]}
247.44641999993473	EXP	szo_kiir: text = "hajcsárkodik"
247.98108999989927	EXP	szo_kiir: autoDraw = true
248.87975000031292	DATA	Keydown: ArrowRight
248.89528500009328	EXP	szo_kiir: autoDraw = false
248.89528500009328	EXP	szo_kiir: color = {"_rgb":[1,1,1]}
248.89528500009328	EXP	szo_kiir: text = "korrektúrázik"
249.42998500028625	EXP	szo_kiir: autoDraw = true
250.79582000011578	DATA	Keydown: ArrowLeft
250.81036000000313	EXP	szo_kiir: autoDraw = false
250.81036000000313	EXP	szo_kiir: color = {"_rgb":[1,1,1]}
250.81036000000313	EXP	szo_kiir: text = "eretnek"
251.33998000016436	EXP	szo_kiir: autoDraw = true
252.3140250002034	DATA	Keydown: ArrowRight
252.3493099999614	EXP	szo_kiir: autoDraw = false
252.3493099999614	EXP	szo_kiir: color = {"_rgb":[1,1,1]}
252.3493099999614	EXP	szo_kiir: text = "gyant"
252.86656500026584	EXP	szo_kiir: autoDraw = true
253.81786999991164	DATA	Keydown: ArrowLeft
253.8274199999869	EXP	szo_kiir: autoDraw = false
253.8274199999869	EXP	szo_kiir: color = {"_rgb":[1,1,1]}
253.8274199999869	EXP	szo_kiir: text = "feltupíroz"
254.349739999976	EXP	szo_kiir: autoDraw = true
255.2144050002098	DATA	Keydown: ArrowRight
255.25163000030443	EXP	szo_kiir: autoDraw = false
255.25163000030443	EXP	szo_kiir: color = {"_rgb":[1,1,1]}
255.25163000030443	EXP	szo_kiir: text = "cirkalmaz"
255.76599000021815	EXP	szo_kiir: autoDraw = true
256.76674500014633	DATA	Keydown: ArrowLeft
256.7766599999741	EXP	szo_kiir: autoDraw = false
256.7766599999741	EXP	szo_kiir: color = {"_rgb":[1,1,1]}
256.7766599999741	EXP	szo_kiir: text = "elcsigázódik"
257.2993000000715	EXP	szo_kiir: autoDraw = true
258.62945999996737	DATA	Keydown: ArrowRight
258.64351999992505	EXP	szo_kiir: autoDraw = false
258.64351999992505	EXP	szo_kiir: color = {"_rgb":[1,1,1]}
258.64351999992505	EXP	szo_kiir: text = "léghajózik"
259.1647950001061	EXP	szo_kiir: autoDraw = true
259.7610349999741	DATA	Keydown: ArrowRight
259.79950000019744	EXP	szo_kiir: autoDraw = false
259.79950000019744	EXP	szo_kiir: color = {"_rgb":[1,1,1]}
259.79950000019744	EXP	szo_kiir: text = "almattoló"
260.314205000177	EXP	szo_kiir: autoDraw = true
261.8479050002061	DATA	Keydown: ArrowLeft
261.85932500008494	EXP	szo_kiir: autoDraw = false
261.85932500008494	EXP	szo_kiir: color = {"_rgb":[1,1,1]}
261.85932500008494	EXP	szo_kiir: text = "kosi"
262.3985649999231	EXP	szo_kiir: autoDraw = true
263.3015450001694	DATA	Keydown: ArrowLeft
263.32954500010237	EXP	szo_kiir: autoDraw = false
263.32954500010237	EXP	szo_kiir: color = {"_rgb":[1,1,1]}
263.32954500010237	EXP	szo_kiir: text = "káinbélyeg"
263.84792000008747	EXP	szo_kiir: autoDraw = true
265.5097150001675	DATA	Keydown: ArrowRight
265.5261200000532	EXP	szo_kiir: autoDraw = false
265.5261200000532	EXP	szo_kiir: color = {"_rgb":[1,1,1]}
265.5261200000532	EXP	szo_kiir: text = "tartáló"
266.04762500012293	EXP	szo_kiir: autoDraw = true
267.64268000004813	DATA	Keydown: ArrowLeft
267.6805600002408	EXP	szo_kiir: autoDraw = false
267.6805600002408	EXP	szo_kiir: color = {"_rgb":[1,1,1]}
267.6805600002408	EXP	szo_kiir: text = "oktalankodik"
268.1964549999684	EXP	szo_kiir: autoDraw = true
269.64721000008285	DATA	Keydown: ArrowRight
269.6580350003205	EXP	szo_kiir: autoDraw = false
269.6580350003205	EXP	szo_kiir: color = {"_rgb":[1,1,1]}
269.6580350003205	EXP	szo_kiir: text = "frizíroz"
270.1803049999289	EXP	szo_kiir: autoDraw = true
271.960270000156	DATA	Keydown: ArrowRight
271.9785649999976	EXP	szo_kiir: autoDraw = false
271.9785649999976	EXP	szo_kiir: color = {"_rgb":[1,1,1]}
271.9785649999976	EXP	szo_kiir: text = "vektorinvariáns"
272.5307249999605	EXP	szo_kiir: autoDraw = true
274.3143299999647	DATA	Keydown: ArrowRight
274.3248850000091	EXP	szo_kiir: autoDraw = false
274.3248850000091	EXP	szo_kiir: color = {"_rgb":[1,1,1]}
274.3248850000091	EXP	szo_kiir: text = "ködik"
274.84648000029847	EXP	szo_kiir: autoDraw = true
275.99342000018805	DATA	Keydown: ArrowLeft
276.0611000000499	EXP	szo_kiir: autoDraw = false
276.0611000000499	EXP	koszi_szoveg: autoDraw = true
277.7818950000219	DATA	Keydown: ArrowRight
278.87362500000745	DATA	Keydown: ArrowDown
