0.09264500020071864	EXP	Created Window = Window( name=Window, fullscr=true, color=#000000, units=norm, waitBlanking=true, autoLog=true, size=[1920,969] )
9.464465000201017	DATA	Keydown: undefined
13.107569999992847	DATA	Keydown: f
13.327940000221133	DATA	Keydown: é
13.674370000138879	DATA	Keydown: r
14.241640000138432	DATA	Keydown: f
14.471535000018775	DATA	Keydown: i
17.391085000243038	DATA	Keydown: 2
17.935035000089556	DATA	Keydown: 0
18.17511000018567	DATA	Keydown: 0
18.43301000026986	DATA	Keydown: 8
20.118890000041574	DATA	Keydown: .
29.631175000220537	DATA	Keydown: 6
31.864020000211895	EXP	Created instruction_text1 = TextStim( name=instruction_text1, win=Window( name=Window, fullscr=true, color=#000000, ~), autoDraw=null, autoLog=true, units=norm, ori=null, opacity=1, pos=[0,0], size=undefined, text=Ön most szavakat fog látni.

Ezek között lesznek o~, font=Arial, color=#ffffff, contrast=1, height=0.05, bold=null, italic=null, alignHoriz=left, alignVert=center, wrapWidth=1, flipHoriz=null, flipVert=null )
31.865115000400692	EXP	Created instruction_text2 = TextStim( name=instruction_text2, win=Window( name=Window, fullscr=true, color=#000000, ~), autoDraw=null, autoLog=true, units=norm, ori=null, opacity=1, pos=[0,0], size=undefined, text=Először két egyszerű példát mutatunk Önnek.

Az el~, font=Arial, color=#FFFFFF, contrast=1, height=0.05, bold=null, italic=null, alignHoriz=left, alignVert=center, wrapWidth=1, flipHoriz=null, flipVert=null )
31.865905000362545	EXP	Created show_text = TextStim( name=show_text, win=Window( name=Window, fullscr=true, color=#000000, ~), autoDraw=null, autoLog=true, units=norm, ori=null, opacity=1, pos=[0,0], size=undefined, text=asztal, font=Arial, color=#FFFFFF, contrast=1, height=0.2, bold=null, italic=null, alignHoriz=left, alignVert=center, wrapWidth=1, flipHoriz=null, flipVert=null )
31.8664000001736	EXP	Created text = TextStim( name=text, win=Window( name=Window, fullscr=true, color=#000000, ~), autoDraw=null, autoLog=true, units=norm, ori=null, opacity=1, pos=[0,0], size=undefined, text=bzsmfsztal, font=Arial, color=#FFFFFF, contrast=1, height=0.2, bold=null, italic=null, alignHoriz=left, alignVert=center, wrapWidth=1, flipHoriz=null, flipVert=null )
31.868280000053346	EXP	Created instruction_text3 = TextStim( name=instruction_text3, win=Window( name=Window, fullscr=true, color=#000000, ~), autoDraw=null, autoLog=true, units=norm, ori=null, opacity=1, pos=[0,0], size=undefined, text=Pazar. Most kezdődik az igazi kísérlet. Néhány per~, font=Arial, color=#FFFFFF, contrast=1, height=0.1, bold=null, italic=null, alignHoriz=left, alignVert=center, wrapWidth=1, flipHoriz=null, flipVert=null )
31.868974999990314	EXP	Created szo_kiir = TextStim( name=szo_kiir, win=Window( name=Window, fullscr=true, color=#000000, ~), autoDraw=null, autoLog=true, units=norm, ori=null, opacity=1, pos=[0,0], size=undefined, text=default text, font=Arial, color=#FFFFFF, contrast=1, height=0.2, bold=null, italic=null, alignHoriz=left, alignVert=center, wrapWidth=1, flipHoriz=null, flipVert=null )
31.86949000041932	EXP	Created koszi_szoveg = TextStim( name=koszi_szoveg, win=Window( name=Window, fullscr=true, color=#000000, ~), autoDraw=null, autoLog=true, units=norm, ori=null, opacity=1, pos=[0,0], size=undefined, text=Vége a kísérletnek. Köszönjük a részvételt!, font=arial, color=#ffffff, contrast=1, height=0.1, bold=null, italic=null, alignHoriz=left, alignVert=center, wrapWidth=1, flipHoriz=null, flipVert=null )
31.930880000349134	EXP	instruction_text1: units = "norm"
31.930880000349134	EXP	instruction_text1: ori = 0
31.930880000349134	EXP	instruction_text1: opacity = 1
31.930880000349134	EXP	instruction_text1: pos = [0,0]
31.930880000349134	EXP	instruction_text1: size = undefined
31.930880000349134	EXP	instruction_text1: text = "Ön most szavakat fog látni.\n\nEzek között lesznek olyanok, amelyeket ismer, de előfordulhatnak olyanok is, amelyeket nem ismer, sőt, vannak köztük kitalált szavak is. \n\nKérjük, ha ismeri a képernyőn látható szót, nyomja meg a JOBB kurzorbillentyűt.\nKérjük, ha NEM ismeri a képernyőn látható szót, vagy azt gondolja, nincs ilyen szó a magyarban, nyomja meg a BAL kurzorbillentyűt.\n\nAz 'Ismerem a szót' döntés itt most ezt jelenti: találkoztam már vele, és van valami elképzelésem a jelentéséről is.  \n\nNyomjon meg bármilyen billentyűt a folytatáshoz."
31.930880000349134	EXP	instruction_text1: font = "Arial"
31.930880000349134	EXP	instruction_text1: color = {"_rgb":[1,1,1]}
31.930880000349134	EXP	instruction_text1: contrast = 1
31.930880000349134	EXP	instruction_text1: height = 0.05
31.930880000349134	EXP	instruction_text1: bold = false
31.930880000349134	EXP	instruction_text1: italic = false
31.930880000349134	EXP	instruction_text1: alignHoriz = "left"
31.930880000349134	EXP	instruction_text1: alignVert = "center"
31.930880000349134	EXP	instruction_text1: wrapWidth = 1
31.930880000349134	EXP	instruction_text1: flipHoriz = false
31.930880000349134	EXP	instruction_text1: flipVert = false
31.930880000349134	EXP	instruction_text2: units = "norm"
31.930880000349134	EXP	instruction_text2: ori = 0
31.930880000349134	EXP	instruction_text2: opacity = 1
31.930880000349134	EXP	instruction_text2: pos = [0,0]
31.930880000349134	EXP	instruction_text2: size = undefined
31.930880000349134	EXP	instruction_text2: text = "Először két egyszerű példát mutatunk Önnek.\n\nAz első szó létezik a magyarban, és valószínűleg Ön is ismeri. Itt nyomja majd meg a jobb kurzorbillentyűt.\nA második szó nem létezik a magyar nyelvben. Itt nyomja majd meg a bal kurzorbillentyűt.\n\nFontos, hogy a jobb gombot a jobb kezével, a bal gombot a bal kezével nyomja, ha tudja, és ne egy kezét használja a kísérletben.\n\nNyomjon meg bármilyen gombot a folytatáshoz."
31.930880000349134	EXP	instruction_text2: font = "Arial"
31.930880000349134	EXP	instruction_text2: color = {"_hex":"#FFFFFF","_rgb":[1,1,1]}
31.930880000349134	EXP	instruction_text2: contrast = 1
31.930880000349134	EXP	instruction_text2: height = 0.05
31.930880000349134	EXP	instruction_text2: bold = false
31.930880000349134	EXP	instruction_text2: italic = false
31.930880000349134	EXP	instruction_text2: alignHoriz = "left"
31.930880000349134	EXP	instruction_text2: alignVert = "center"
31.930880000349134	EXP	instruction_text2: wrapWidth = 1
31.930880000349134	EXP	instruction_text2: flipHoriz = false
31.930880000349134	EXP	instruction_text2: flipVert = false
31.930880000349134	EXP	show_text: units = "norm"
31.930880000349134	EXP	show_text: ori = 0
31.930880000349134	EXP	show_text: opacity = 1
31.930880000349134	EXP	show_text: pos = [0,0]
31.930880000349134	EXP	show_text: size = undefined
31.930880000349134	EXP	show_text: text = "asztal"
31.930880000349134	EXP	show_text: font = "Arial"
31.930880000349134	EXP	show_text: color = {"_hex":"#FFFFFF","_rgb":[1,1,1]}
31.930880000349134	EXP	show_text: contrast = 1
31.930880000349134	EXP	show_text: height = 0.2
31.930880000349134	EXP	show_text: bold = false
31.930880000349134	EXP	show_text: italic = false
31.930880000349134	EXP	show_text: alignHoriz = "left"
31.930880000349134	EXP	show_text: alignVert = "center"
31.930880000349134	EXP	show_text: wrapWidth = 1
31.930880000349134	EXP	show_text: flipHoriz = false
31.930880000349134	EXP	show_text: flipVert = false
31.930880000349134	EXP	text: units = "norm"
31.930880000349134	EXP	text: ori = 0
31.930880000349134	EXP	text: opacity = 1
31.930880000349134	EXP	text: pos = [0,0]
31.930880000349134	EXP	text: size = undefined
31.930880000349134	EXP	text: text = "bzsmfsztal"
31.930880000349134	EXP	text: font = "Arial"
31.930880000349134	EXP	text: color = {"_hex":"#FFFFFF","_rgb":[1,1,1]}
31.930880000349134	EXP	text: contrast = 1
31.930880000349134	EXP	text: height = 0.2
31.930880000349134	EXP	text: bold = false
31.930880000349134	EXP	text: italic = false
31.930880000349134	EXP	text: alignHoriz = "left"
31.930880000349134	EXP	text: alignVert = "center"
31.930880000349134	EXP	text: wrapWidth = 1
31.930880000349134	EXP	text: flipHoriz = false
31.930880000349134	EXP	text: flipVert = false
31.930880000349134	EXP	instruction_text3: units = "norm"
31.930880000349134	EXP	instruction_text3: ori = 0
31.930880000349134	EXP	instruction_text3: opacity = 1
31.930880000349134	EXP	instruction_text3: pos = [0,0]
31.930880000349134	EXP	instruction_text3: size = undefined
31.930880000349134	EXP	instruction_text3: text = "Pazar. Most kezdődik az igazi kísérlet. Néhány percig fog tartani. Nem kell nagyon sietnie, de igyekezzen gyorsan válaszolni.\n\nNe feledje, ha tudja, a jobb gombot a jobbkezével, a bal gombot a balkezével nyomja le.\n\nNyomjon meg bármilyen gombot a folytatáshoz."
31.930880000349134	EXP	instruction_text3: font = "Arial"
31.930880000349134	EXP	instruction_text3: color = {"_hex":"#FFFFFF","_rgb":[1,1,1]}
31.930880000349134	EXP	instruction_text3: contrast = 1
31.930880000349134	EXP	instruction_text3: height = 0.1
31.930880000349134	EXP	instruction_text3: bold = false
31.930880000349134	EXP	instruction_text3: italic = false
31.930880000349134	EXP	instruction_text3: alignHoriz = "left"
31.930880000349134	EXP	instruction_text3: alignVert = "center"
31.930880000349134	EXP	instruction_text3: wrapWidth = 1
31.930880000349134	EXP	instruction_text3: flipHoriz = false
31.930880000349134	EXP	instruction_text3: flipVert = false
31.930880000349134	EXP	szo_kiir: units = "norm"
31.930880000349134	EXP	szo_kiir: ori = 0
31.930880000349134	EXP	szo_kiir: opacity = 1
31.930880000349134	EXP	szo_kiir: pos = [0,0]
31.930880000349134	EXP	szo_kiir: size = undefined
31.930880000349134	EXP	szo_kiir: text = "default text"
31.930880000349134	EXP	szo_kiir: font = "Arial"
31.930880000349134	EXP	szo_kiir: color = {"_hex":"#FFFFFF","_rgb":[1,1,1]}
31.930880000349134	EXP	szo_kiir: contrast = 1
31.930880000349134	EXP	szo_kiir: height = 0.2
31.930880000349134	EXP	szo_kiir: bold = false
31.930880000349134	EXP	szo_kiir: italic = false
31.930880000349134	EXP	szo_kiir: alignHoriz = "left"
31.930880000349134	EXP	szo_kiir: alignVert = "center"
31.930880000349134	EXP	szo_kiir: wrapWidth = 1
31.930880000349134	EXP	szo_kiir: flipHoriz = false
31.930880000349134	EXP	szo_kiir: flipVert = false
31.930880000349134	EXP	koszi_szoveg: units = "norm"
31.930880000349134	EXP	koszi_szoveg: ori = 0
31.930880000349134	EXP	koszi_szoveg: opacity = 1
31.930880000349134	EXP	koszi_szoveg: pos = [0,0]
31.930880000349134	EXP	koszi_szoveg: size = undefined
31.930880000349134	EXP	koszi_szoveg: text = "Vége a kísérletnek. Köszönjük a részvételt!"
31.930880000349134	EXP	koszi_szoveg: font = "arial"
31.930880000349134	EXP	koszi_szoveg: color = {"_rgb":[1,1,1]}
31.930880000349134	EXP	koszi_szoveg: contrast = 1
31.930880000349134	EXP	koszi_szoveg: height = 0.1
31.930880000349134	EXP	koszi_szoveg: bold = false
31.930880000349134	EXP	koszi_szoveg: italic = false
31.930880000349134	EXP	koszi_szoveg: alignHoriz = "left"
31.930880000349134	EXP	koszi_szoveg: alignVert = "center"
31.930880000349134	EXP	koszi_szoveg: wrapWidth = 1
31.930880000349134	EXP	koszi_szoveg: flipHoriz = false
31.930880000349134	EXP	koszi_szoveg: flipVert = false
31.930880000349134	EXP	instruction_text1: autoDraw = true
65.36785500030965	DATA	Mouse: 0 button down, pos=(808,743)
65.51087500015274	DATA	Mouse: 0 button down, pos=(808,743)
65.94393000006676	DATA	Keydown:  
65.965070000384	EXP	instruction_text1: autoDraw = false
65.965070000384	EXP	instruction_text2: autoDraw = true
85.54735000012442	DATA	Mouse: 2 button down, pos=(0,1079)
85.94757500011474	DATA	Mouse: 2 button down, pos=(26,1079)
87.16978000011295	DATA	Mouse: 0 button down, pos=(247,692)
87.35075500002131	DATA	Mouse: 0 button down, pos=(261,690)
92.9118350003846	DATA	Keydown: Control
92.91224500024691	DATA	Keydown: AltGraph
92.92039000010118	EXP	instruction_text2: autoDraw = false
93.45230000000447	EXP	show_text: autoDraw = true
94.48013500031084	DATA	Mouse: 2 button down, pos=(1148,500)
94.59886500006542	DATA	Mouse: 2 button down, pos=(1148,500)
95.29780000029132	DATA	Mouse: 0 button down, pos=(1061,532)
95.43082999996841	DATA	Mouse: 0 button down, pos=(1055,548)
96.1624750001356	DATA	Mouse: 2 button down, pos=(1063,556)
96.32672000024468	DATA	Mouse: 2 button down, pos=(1021,578)
97.09821500023827	DATA	Mouse: 0 button down, pos=(1146,547)
97.22499500028789	DATA	Mouse: 0 button down, pos=(1146,547)
97.77630000002682	DATA	Mouse: 1 button down, pos=(1146,547)
97.96675500040874	DATA	Mouse: 1 button down, pos=(1146,547)
98.91092499997467	DATA	Keydown:  
99.72776000015438	DATA	Keydown: ArrowRight
99.74358500028029	EXP	show_text: autoDraw = false
99.90279500000179	DATA	Keydown: ArrowUp
100.26438500033692	EXP	text: autoDraw = true
101.54605500027537	DATA	Keydown: ArrowLeft
101.58052000030875	EXP	text: autoDraw = false
101.58052000030875	EXP	instruction_text3: autoDraw = true
115.90352000016719	DATA	Keydown: ArrowRight
115.94619000004604	EXP	instruction_text3: autoDraw = false
115.94619000004604	EXP	szo_kiir: color = {"_rgb":[1,1,1]}
115.94619000004604	EXP	szo_kiir: text = "hely"
116.46343000000343	EXP	szo_kiir: autoDraw = true
117.35117499995977	DATA	Keydown: ArrowRight
117.36114000016823	EXP	szo_kiir: autoDraw = false
117.36114000016823	EXP	szo_kiir: color = {"_rgb":[1,1,1]}
117.36114000016823	EXP	szo_kiir: text = "kép"
117.88146000029519	EXP	szo_kiir: autoDraw = true
118.61497500026599	DATA	Keydown: ArrowRight
118.64308000029996	EXP	szo_kiir: autoDraw = false
118.64308000029996	EXP	szo_kiir: color = {"_rgb":[1,1,1]}
118.64308000029996	EXP	szo_kiir: text = "verseny"
119.15016000019386	EXP	szo_kiir: autoDraw = true
119.82316500041634	DATA	Keydown: ArrowRight
119.83073500031605	EXP	szo_kiir: autoDraw = false
119.83073500031605	EXP	szo_kiir: color = {"_rgb":[1,1,1]}
119.83073500031605	EXP	szo_kiir: text = "aktív"
120.34865000005811	EXP	szo_kiir: autoDraw = true
121.11915499996394	DATA	Keydown: ArrowRight
121.14866000041366	EXP	szo_kiir: autoDraw = false
121.14866000041366	EXP	szo_kiir: color = {"_rgb":[1,1,1]}
121.14866000041366	EXP	szo_kiir: text = "hatékony"
121.66845000023022	EXP	szo_kiir: autoDraw = true
122.41558500006795	DATA	Keydown: ArrowRight
122.43099500006065	EXP	szo_kiir: autoDraw = false
122.43099500006065	EXP	szo_kiir: color = {"_rgb":[1,1,1]}
122.43099500006065	EXP	szo_kiir: text = "gazdag"
122.9372849999927	EXP	szo_kiir: autoDraw = true
123.59106000000611	DATA	Keydown: ArrowRight
123.61160500021651	EXP	szo_kiir: autoDraw = false
123.61160500021651	EXP	szo_kiir: color = {"_rgb":[1,1,1]}
123.61160500021651	EXP	szo_kiir: text = "módszer"
124.12055500037968	EXP	szo_kiir: autoDraw = true
124.78624000027776	DATA	Keydown: ArrowRight
124.8020900003612	EXP	szo_kiir: autoDraw = false
124.8020900003612	EXP	szo_kiir: color = {"_rgb":[1,1,1]}
124.8020900003612	EXP	szo_kiir: text = "évfolyam"
125.32102000014856	EXP	szo_kiir: autoDraw = true
125.92719499999657	DATA	Keydown: ArrowRight
125.94906000001356	EXP	szo_kiir: autoDraw = false
125.94906000001356	EXP	szo_kiir: color = {"_rgb":[1,1,1]}
125.94906000001356	EXP	szo_kiir: text = "marketing"
126.4558200002648	EXP	szo_kiir: autoDraw = true
127.28776000021026	DATA	Keydown: ArrowRight
127.3033950002864	EXP	szo_kiir: autoDraw = false
127.3033950002864	EXP	szo_kiir: color = {"_rgb":[1,1,1]}
127.3033950002864	EXP	szo_kiir: text = "szakáj"
127.82439000019804	EXP	szo_kiir: autoDraw = true
128.73544500023127	DATA	Keydown: ArrowRight
128.73897500010207	EXP	szo_kiir: autoDraw = false
128.73897500010207	EXP	szo_kiir: color = {"_rgb":[1,1,1]}
128.73897500010207	EXP	szo_kiir: text = "storka"
129.25771000003442	EXP	szo_kiir: autoDraw = true
130.3600800000131	DATA	Keydown: ArrowLeft
130.37942500039935	EXP	szo_kiir: autoDraw = false
130.37942500039935	EXP	szo_kiir: color = {"_rgb":[1,1,1]}
130.37942500039935	EXP	szo_kiir: text = "csomozdoni"
130.89321500016376	EXP	szo_kiir: autoDraw = true
132.759795000311	DATA	Keydown: ArrowRight
132.77573500014842	EXP	szo_kiir: autoDraw = false
132.77573500014842	EXP	szo_kiir: color = {"_rgb":[1,1,1]}
132.77573500014842	EXP	szo_kiir: text = "református"
133.29553500004113	EXP	szo_kiir: autoDraw = true
134.13498500036076	DATA	Keydown: ArrowLeft
134.14328500023112	EXP	szo_kiir: autoDraw = false
134.14328500023112	EXP	szo_kiir: color = {"_rgb":[1,1,1]}
134.14328500023112	EXP	szo_kiir: text = "hézhet"
134.6461849999614	EXP	szo_kiir: autoDraw = true
136.47145500034094	DATA	Keydown: ArrowLeft
136.47939500026405	EXP	szo_kiir: autoDraw = false
136.47939500026405	EXP	szo_kiir: color = {"_rgb":[1,1,1]}
136.47939500026405	EXP	szo_kiir: text = "vendég"
136.9985800003633	EXP	szo_kiir: autoDraw = true
138.16758500039577	DATA	Keydown: ArrowRight
138.190255000256	EXP	szo_kiir: autoDraw = false
138.190255000256	EXP	szo_kiir: color = {"_rgb":[1,1,1]}
138.190255000256	EXP	szo_kiir: text = "fut"
138.70082999998704	EXP	szo_kiir: autoDraw = true
139.39104500040412	DATA	Keydown: ArrowRight
139.39881000015885	EXP	szo_kiir: autoDraw = false
139.39881000015885	EXP	szo_kiir: color = {"_rgb":[1,1,1]}
139.39881000015885	EXP	szo_kiir: text = "holland"
139.91837500035763	EXP	szo_kiir: autoDraw = true
140.68809500010684	DATA	Keydown: ArrowRight
140.71199000021443	EXP	szo_kiir: autoDraw = false
140.71199000021443	EXP	szo_kiir: color = {"_rgb":[1,1,1]}
140.71199000021443	EXP	szo_kiir: text = "látvány"
141.2197050000541	EXP	szo_kiir: autoDraw = true
141.9532100004144	DATA	Keydown: ArrowRight
141.96893500024453	EXP	szo_kiir: autoDraw = false
141.96893500024453	EXP	szo_kiir: color = {"_rgb":[1,1,1]}
141.96893500024453	EXP	szo_kiir: text = "krém"
142.4888800000772	EXP	szo_kiir: autoDraw = true
143.22281499998644	DATA	Keydown: ArrowRight
143.24395500030369	EXP	szo_kiir: autoDraw = false
143.24395500030369	EXP	szo_kiir: color = {"_rgb":[1,1,1]}
143.24395500030369	EXP	szo_kiir: text = "nek"
143.75568500021473	EXP	szo_kiir: autoDraw = true
144.42287000035867	DATA	Keydown: ArrowRight
144.43806000007316	EXP	szo_kiir: autoDraw = false
144.43806000007316	EXP	szo_kiir: color = {"_rgb":[1,1,1]}
144.43806000007316	EXP	szo_kiir: text = "lábtörög"
144.95759000023827	EXP	szo_kiir: autoDraw = true
145.61490500019863	DATA	Keydown: ArrowRight
145.6228200001642	EXP	szo_kiir: autoDraw = false
145.6228200001642	EXP	szo_kiir: color = {"_rgb":[1,1,1]}
145.6228200001642	EXP	szo_kiir: text = "nagyméretű"
146.14183000009507	EXP	szo_kiir: autoDraw = true
147.07925500022247	DATA	Keydown: ArrowLeft
147.09085500007495	EXP	szo_kiir: autoDraw = false
147.09085500007495	EXP	szo_kiir: color = {"_rgb":[1,1,1]}
147.09085500007495	EXP	szo_kiir: text = "remény"
147.60954500036314	EXP	szo_kiir: autoDraw = true
148.5508600003086	DATA	Keydown: ArrowRight
148.56361000007018	EXP	szo_kiir: autoDraw = false
148.56361000007018	EXP	szo_kiir: color = {"_rgb":[1,1,1]}
148.56361000007018	EXP	szo_kiir: text = "vicc"
149.07757500000298	EXP	szo_kiir: autoDraw = true
149.79449000023305	DATA	Keydown: ArrowRight
149.81008000019938	EXP	szo_kiir: autoDraw = false
149.81008000019938	EXP	szo_kiir: color = {"_rgb":[1,1,1]}
149.81008000019938	EXP	szo_kiir: text = "szalas"
150.2943600001745	DATA	Keydown: ArrowRight
150.323485000059	DATA	Keydown: ArrowRight
150.32889500027522	EXP	szo_kiir: autoDraw = true
151.51256499998271	DATA	Keydown: ArrowLeft
151.53440000023693	EXP	szo_kiir: autoDraw = false
151.53440000023693	EXP	szo_kiir: color = {"_rgb":[1,1,1]}
151.53440000023693	EXP	szo_kiir: text = "amoz"
152.0469550001435	EXP	szo_kiir: autoDraw = true
152.87092500040308	DATA	Keydown: ArrowLeft
152.87994999997318	EXP	szo_kiir: autoDraw = false
152.87994999997318	EXP	szo_kiir: color = {"_rgb":[1,1,1]}
152.87994999997318	EXP	szo_kiir: text = "kilolvai"
153.398570000194	EXP	szo_kiir: autoDraw = true
154.45493000000715	DATA	Keydown: ArrowLeft
154.47024000016972	EXP	szo_kiir: autoDraw = false
154.47024000016972	EXP	szo_kiir: color = {"_rgb":[1,1,1]}
154.47024000016972	EXP	szo_kiir: text = "örvend"
154.983540000394	EXP	szo_kiir: autoDraw = true
156.03873500041664	DATA	Keydown: ArrowRight
156.04923000000417	EXP	szo_kiir: autoDraw = false
156.04923000000417	EXP	szo_kiir: color = {"_rgb":[1,1,1]}
156.04923000000417	EXP	szo_kiir: text = "nagyszámú"
156.56930000009015	EXP	szo_kiir: autoDraw = true
157.32723500020802	DATA	Keydown: ArrowRight
157.34006000030786	EXP	szo_kiir: autoDraw = false
157.34006000030786	EXP	szo_kiir: color = {"_rgb":[1,1,1]}
157.34006000030786	EXP	szo_kiir: text = "alapszabály"
157.85340000037104	EXP	szo_kiir: autoDraw = true
159.03895500022918	DATA	Keydown: ArrowRight
159.05275500006974	EXP	szo_kiir: autoDraw = false
159.05275500006974	EXP	szo_kiir: color = {"_rgb":[1,1,1]}
159.05275500006974	EXP	szo_kiir: text = "rom"
159.57147000031546	EXP	szo_kiir: autoDraw = true
160.2629550001584	DATA	Keydown: ArrowRight
160.27615000028163	EXP	szo_kiir: autoDraw = false
160.27615000028163	EXP	szo_kiir: color = {"_rgb":[1,1,1]}
160.27615000028163	EXP	szo_kiir: text = "hullik"
160.7897400003858	EXP	szo_kiir: autoDraw = true
161.67891000024974	DATA	Keydown: ArrowRight
161.68907500011846	EXP	szo_kiir: autoDraw = false
161.68907500011846	EXP	szo_kiir: color = {"_rgb":[1,1,1]}
161.68907500011846	EXP	szo_kiir: text = "rejtőzik"
162.20842000003904	EXP	szo_kiir: autoDraw = true
162.9509650003165	DATA	Keydown: ArrowRight
162.96638000011444	EXP	szo_kiir: autoDraw = false
162.96638000011444	EXP	szo_kiir: color = {"_rgb":[1,1,1]}
162.96638000011444	EXP	szo_kiir: text = "régész"
163.47536500031129	EXP	szo_kiir: autoDraw = true
164.30299500003457	DATA	Keydown: ArrowRight
164.3079550000839	EXP	szo_kiir: autoDraw = false
164.3079550000839	EXP	szo_kiir: color = {"_rgb":[1,1,1]}
164.3079550000839	EXP	szo_kiir: text = "hull"
164.82685000030324	EXP	szo_kiir: autoDraw = true
165.91101000038907	DATA	Keydown: ArrowRight
165.9323750003241	EXP	szo_kiir: autoDraw = false
165.9323750003241	EXP	szo_kiir: color = {"_rgb":[1,1,1]}
165.9323750003241	EXP	szo_kiir: text = "glükóz"
166.44619500031695	EXP	szo_kiir: autoDraw = true
167.47112000035122	DATA	Keydown: ArrowLeft
167.4778250004165	EXP	szo_kiir: autoDraw = false
167.4778250004165	EXP	szo_kiir: color = {"_rgb":[1,1,1]}
167.4778250004165	EXP	szo_kiir: text = "remekmű"
167.9970949999988	EXP	szo_kiir: autoDraw = true
169.24693999998271	DATA	Keydown: ArrowRight
169.26242500031367	EXP	szo_kiir: autoDraw = false
169.26242500031367	EXP	szo_kiir: color = {"_rgb":[1,1,1]}
169.26242500031367	EXP	szo_kiir: text = "sugár"
169.78167000040412	EXP	szo_kiir: autoDraw = true
170.6652300003916	DATA	Keydown: ArrowRight
170.69153500022367	EXP	szo_kiir: autoDraw = false
170.69153500022367	EXP	szo_kiir: color = {"_rgb":[1,1,1]}
170.69153500022367	EXP	szo_kiir: text = "homlok"
171.1997550004162	EXP	szo_kiir: autoDraw = true
172.13457500003278	DATA	Keydown: ArrowRight
172.1486650002189	EXP	szo_kiir: autoDraw = false
172.1486650002189	EXP	szo_kiir: color = {"_rgb":[1,1,1]}
172.1486650002189	EXP	szo_kiir: text = "bélyeg"
172.66779000032693	EXP	szo_kiir: autoDraw = true
173.71878000022843	DATA	Keydown: ArrowLeft
173.73378500016406	EXP	szo_kiir: autoDraw = false
173.73378500016406	EXP	szo_kiir: color = {"_rgb":[1,1,1]}
173.73378500016406	EXP	szo_kiir: text = "engelétei"
174.25418499996886	EXP	szo_kiir: autoDraw = true
176.0868850001134	DATA	Keydown: ArrowLeft
176.11159500014037	EXP	szo_kiir: autoDraw = false
176.11159500014037	EXP	szo_kiir: color = {"_rgb":[1,1,1]}
176.11159500014037	EXP	szo_kiir: text = "gaz"
176.6221950002946	EXP	szo_kiir: autoDraw = true
177.59107500035316	DATA	Keydown: ArrowLeft
177.60481000039726	EXP	szo_kiir: autoDraw = false
177.60481000039726	EXP	szo_kiir: color = {"_rgb":[1,1,1]}
177.60481000039726	EXP	szo_kiir: text = "fázik"
178.1236950000748	EXP	szo_kiir: autoDraw = true
178.8950400003232	DATA	Keydown: ArrowRight
178.90628000022843	EXP	szo_kiir: autoDraw = false
178.90628000022843	EXP	szo_kiir: color = {"_rgb":[1,1,1]}
178.90628000022843	EXP	szo_kiir: text = "taszt"
179.42489000037313	EXP	szo_kiir: autoDraw = true
180.86290000006557	DATA	Keydown: ArrowLeft
180.88096500001848	EXP	szo_kiir: autoDraw = false
180.88096500001848	EXP	szo_kiir: color = {"_rgb":[1,1,1]}
180.88096500001848	EXP	szo_kiir: text = "üldögél"
181.39298500027508	EXP	szo_kiir: autoDraw = true
182.3028900003992	DATA	Keydown: ArrowRight
182.3093250002712	EXP	szo_kiir: autoDraw = false
182.3093250002712	EXP	szo_kiir: color = {"_rgb":[1,1,1]}
182.3093250002712	EXP	szo_kiir: text = "pereg"
182.82789000030607	EXP	szo_kiir: autoDraw = true
184.07890500035137	DATA	Keydown: ArrowRight
184.1005450002849	EXP	szo_kiir: autoDraw = false
184.1005450002849	EXP	szo_kiir: color = {"_rgb":[1,1,1]}
184.1005450002849	EXP	szo_kiir: text = "presbitérium"
184.61315000010654	EXP	szo_kiir: autoDraw = true
185.96685500023887	DATA	Keydown: ArrowLeft
185.97963500022888	EXP	szo_kiir: autoDraw = false
185.97963500022888	EXP	szo_kiir: color = {"_rgb":[1,1,1]}
185.97963500022888	EXP	szo_kiir: text = "polipropilén"
186.49886000016704	EXP	szo_kiir: autoDraw = true
187.48206500010565	DATA	Keydown: ArrowLeft
187.49789000023156	EXP	szo_kiir: autoDraw = false
187.49789000023156	EXP	szo_kiir: color = {"_rgb":[1,1,1]}
187.49789000023156	EXP	szo_kiir: text = "viszt"
188.0176550000906	EXP	szo_kiir: autoDraw = true
189.6392000000924	DATA	Keydown: ArrowLeft
189.65012999996543	EXP	szo_kiir: autoDraw = false
189.65012999996543	EXP	szo_kiir: color = {"_rgb":[1,1,1]}
189.65012999996543	EXP	szo_kiir: text = "szótag"
190.16877000033855	EXP	szo_kiir: autoDraw = true
191.03158499998972	DATA	Keydown: ArrowRight
191.04423000011593	EXP	szo_kiir: autoDraw = false
191.04423000011593	EXP	szo_kiir: color = {"_rgb":[1,1,1]}
191.04423000011593	EXP	szo_kiir: text = "törvosítoz"
191.55350000038743	EXP	szo_kiir: autoDraw = true
192.6629850002937	DATA	Keydown: ArrowRight
192.66980000026524	EXP	szo_kiir: autoDraw = false
192.66980000026524	EXP	szo_kiir: color = {"_rgb":[1,1,1]}
192.66980000026524	EXP	szo_kiir: text = "cáfol"
193.18855000007898	EXP	szo_kiir: autoDraw = true
194.2390050003305	DATA	Keydown: ArrowRight
194.25445500016212	EXP	szo_kiir: autoDraw = false
194.25445500016212	EXP	szo_kiir: color = {"_rgb":[1,1,1]}
194.25445500016212	EXP	szo_kiir: text = "pátia"
194.77301000012085	EXP	szo_kiir: autoDraw = true
196.0567250000313	DATA	Keydown: ArrowRight
196.07243499998003	EXP	szo_kiir: autoDraw = false
196.07243499998003	EXP	szo_kiir: color = {"_rgb":[1,1,1]}
196.07243499998003	EXP	szo_kiir: text = "tarol"
196.5914350003004	EXP	szo_kiir: autoDraw = true
197.76684499997646	DATA	Keydown: ArrowRight
197.78086000028998	EXP	szo_kiir: autoDraw = false
197.78086000028998	EXP	szo_kiir: color = {"_rgb":[1,1,1]}
197.78086000028998	EXP	szo_kiir: text = "indulatú"
198.2935600001365	EXP	szo_kiir: autoDraw = true
199.76717500016093	DATA	Keydown: ArrowLeft
199.77689500013366	EXP	szo_kiir: autoDraw = false
199.77689500013366	EXP	szo_kiir: color = {"_rgb":[1,1,1]}
199.77689500013366	EXP	szo_kiir: text = "szélvész"
200.29554000031203	EXP	szo_kiir: autoDraw = true
201.74652500031516	DATA	Keydown: ArrowRight
201.76189000019804	EXP	szo_kiir: autoDraw = false
201.76189000019804	EXP	szo_kiir: color = {"_rgb":[1,1,1]}
201.76189000019804	EXP	szo_kiir: text = "attasé"
202.28224500035867	EXP	szo_kiir: autoDraw = true
203.31898500025272	DATA	Keydown: ArrowLeft
203.33019000012428	EXP	szo_kiir: autoDraw = false
203.33019000012428	EXP	szo_kiir: color = {"_rgb":[1,1,1]}
203.33019000012428	EXP	szo_kiir: text = "kisujj"
203.84907500026748	EXP	szo_kiir: autoDraw = true
204.8867900003679	DATA	Keydown: ArrowRight
204.90362500026822	EXP	szo_kiir: autoDraw = false
204.90362500026822	EXP	szo_kiir: color = {"_rgb":[1,1,1]}
204.90362500026822	EXP	szo_kiir: text = "deutérium"
205.41843500034884	EXP	szo_kiir: autoDraw = true
206.75887500029057	DATA	Keydown: ArrowLeft
206.76710000028834	EXP	szo_kiir: autoDraw = false
206.76710000028834	EXP	szo_kiir: color = {"_rgb":[1,1,1]}
206.76710000028834	EXP	szo_kiir: text = "elikázható"
207.28594000032172	EXP	szo_kiir: autoDraw = true
208.79086500033736	DATA	Keydown: ArrowLeft
208.80235000001267	EXP	szo_kiir: autoDraw = false
208.80235000001267	EXP	szo_kiir: color = {"_rgb":[1,1,1]}
208.80235000001267	EXP	szo_kiir: text = "szilikát"
209.32074500015005	EXP	szo_kiir: autoDraw = true
211.28891500039026	DATA	Keydown: ArrowRight
211.312215000391	EXP	szo_kiir: autoDraw = false
211.312215000391	EXP	szo_kiir: color = {"_rgb":[1,1,1]}
211.312215000391	EXP	szo_kiir: text = "mihálóz"
211.82353000016883	EXP	szo_kiir: autoDraw = true
213.4626250001602	DATA	Keydown: ArrowLeft
213.47315500024706	EXP	szo_kiir: autoDraw = false
213.47315500024706	EXP	szo_kiir: color = {"_rgb":[1,1,1]}
213.47315500024706	EXP	szo_kiir: text = "tanrend"
213.99237000010908	EXP	szo_kiir: autoDraw = true
215.16671000001952	DATA	Keydown: ArrowRight
215.1809249999933	EXP	szo_kiir: autoDraw = false
215.1809249999933	EXP	szo_kiir: color = {"_rgb":[1,1,1]}
215.1809249999933	EXP	szo_kiir: text = "felezéri"
215.69390500010923	EXP	szo_kiir: autoDraw = true
217.0227100001648	DATA	Keydown: ArrowRight
217.02699000015855	EXP	szo_kiir: autoDraw = false
217.02699000015855	EXP	szo_kiir: color = {"_rgb":[1,1,1]}
217.02699000015855	EXP	szo_kiir: text = "szarkaláb"
217.5467450004071	EXP	szo_kiir: autoDraw = true
218.89645999995992	DATA	Keydown: ArrowRight
218.91248500021175	EXP	szo_kiir: autoDraw = false
218.91248500021175	EXP	szo_kiir: color = {"_rgb":[1,1,1]}
218.91248500021175	EXP	szo_kiir: text = "megalitikus"
219.43088000034913	EXP	szo_kiir: autoDraw = true
220.94295500032604	DATA	Keydown: ArrowLeft
220.94766000006348	EXP	szo_kiir: autoDraw = false
220.94766000006348	EXP	szo_kiir: color = {"_rgb":[1,1,1]}
220.94766000006348	EXP	szo_kiir: text = "lágyék"
221.46649500029162	EXP	szo_kiir: autoDraw = true
222.43373000016436	DATA	Keydown: ArrowRight
222.45854500029236	EXP	szo_kiir: autoDraw = false
222.45854500029236	EXP	szo_kiir: color = {"_rgb":[1,1,1]}
222.45854500029236	EXP	szo_kiir: text = "slendrián"
222.96821000007913	EXP	szo_kiir: autoDraw = true
224.93576000025496	DATA	Keydown: ArrowLeft
224.95192500017583	EXP	szo_kiir: autoDraw = false
224.95192500017583	EXP	szo_kiir: color = {"_rgb":[1,1,1]}
224.95192500017583	EXP	szo_kiir: text = "pártol"
225.47048000013456	EXP	szo_kiir: autoDraw = true
228.02277000015602	DATA	Keydown: ArrowLeft
228.03867499995977	EXP	szo_kiir: autoDraw = false
228.03867499995977	EXP	szo_kiir: color = {"_rgb":[1,1,1]}
228.03867499995977	EXP	szo_kiir: text = "onogur"
228.55698500014842	EXP	szo_kiir: autoDraw = true
229.8408500002697	DATA	Keydown: Control
230.2627400001511	DATA	Keydown: ArrowLeft
230.2810349999927	EXP	szo_kiir: autoDraw = false
230.2810349999927	EXP	szo_kiir: color = {"_rgb":[1,1,1]}
230.2810349999927	EXP	szo_kiir: text = "renderzia"
230.79266000026837	EXP	szo_kiir: autoDraw = true
231.78289000038058	DATA	Keydown: ArrowLeft
231.7921000001952	EXP	szo_kiir: autoDraw = false
231.7921000001952	EXP	szo_kiir: color = {"_rgb":[1,1,1]}
231.7921000001952	EXP	szo_kiir: text = "hübrisz"
232.31079500028864	EXP	szo_kiir: autoDraw = true
233.79497499996796	DATA	Keydown: ArrowLeft
233.81063500000164	EXP	szo_kiir: autoDraw = false
233.81063500000164	EXP	szo_kiir: color = {"_rgb":[1,1,1]}
233.81063500000164	EXP	szo_kiir: text = "sakat"
234.329085000325	EXP	szo_kiir: autoDraw = true
235.22283500013873	DATA	Keydown: ArrowLeft
235.2342199999839	EXP	szo_kiir: autoDraw = false
235.2342199999839	EXP	szo_kiir: color = {"_rgb":[1,1,1]}
235.2342199999839	EXP	szo_kiir: text = "szuperintelligens"
235.74797000037506	EXP	szo_kiir: autoDraw = true
236.83895500004292	DATA	Keydown: 0
237.59892500005662	DATA	Keydown: 0
238.2868300001137	DATA	Keydown: ArrowRight
238.2994950003922	EXP	szo_kiir: autoDraw = false
238.2994950003922	EXP	szo_kiir: color = {"_rgb":[1,1,1]}
238.2994950003922	EXP	szo_kiir: text = "kitin"
238.81764000002295	EXP	szo_kiir: autoDraw = true
240.08683500019833	DATA	Keydown: ArrowRight
240.10840000025928	EXP	szo_kiir: autoDraw = false
240.10840000025928	EXP	szo_kiir: color = {"_rgb":[1,1,1]}
240.10840000025928	EXP	szo_kiir: text = "gyülemlik"
240.62390500027686	EXP	szo_kiir: autoDraw = true
241.58599500032142	DATA	Keydown: ArrowRight
241.60170500027016	EXP	szo_kiir: autoDraw = false
241.60170500027016	EXP	szo_kiir: color = {"_rgb":[1,1,1]}
241.60170500027016	EXP	szo_kiir: text = "kvacsvagos"
242.12058500014246	EXP	szo_kiir: autoDraw = true
242.95398000022396	DATA	Keydown: ArrowRight
242.96989500010386	EXP	szo_kiir: autoDraw = false
242.96989500010386	EXP	szo_kiir: color = {"_rgb":[1,1,1]}
242.96989500010386	EXP	szo_kiir: text = "oszcillál"
243.48855000035837	EXP	szo_kiir: autoDraw = true
244.41512500029057	DATA	Keydown: ArrowRight
244.42835499998182	EXP	szo_kiir: autoDraw = false
244.42835499998182	EXP	szo_kiir: color = {"_rgb":[1,1,1]}
244.42835499998182	EXP	szo_kiir: text = "szidalom"
244.94023000029847	EXP	szo_kiir: autoDraw = true
245.7509400001727	DATA	Keydown: ArrowRight
245.75617500022054	EXP	szo_kiir: autoDraw = false
245.75617500022054	EXP	szo_kiir: color = {"_rgb":[1,1,1]}
245.75617500022054	EXP	szo_kiir: text = "bóbiskol"
246.27353999996558	EXP	szo_kiir: autoDraw = true
247.15093000000343	DATA	Keydown: ArrowRight
247.16469000000507	EXP	szo_kiir: autoDraw = false
247.16469000000507	EXP	szo_kiir: color = {"_rgb":[1,1,1]}
247.16469000000507	EXP	szo_kiir: text = "szendültet"
247.67575500020757	EXP	szo_kiir: autoDraw = true
248.51066000014544	DATA	Keydown: ArrowRight
248.5252500004135	EXP	szo_kiir: autoDraw = false
248.5252500004135	EXP	szo_kiir: color = {"_rgb":[1,1,1]}
248.5252500004135	EXP	szo_kiir: text = "konföderatív"
249.044440000318	EXP	szo_kiir: autoDraw = true
250.10283500002697	DATA	Keydown: ArrowRight
250.1103150001727	EXP	szo_kiir: autoDraw = false
250.1103150001727	EXP	szo_kiir: color = {"_rgb":[1,1,1]}
250.1103150001727	EXP	szo_kiir: text = "aggófű"
250.6289200000465	EXP	szo_kiir: autoDraw = true
251.6388150001876	DATA	Keydown: ArrowRight
251.65216000005603	EXP	szo_kiir: autoDraw = false
251.65216000005603	EXP	szo_kiir: color = {"_rgb":[1,1,1]}
251.65216000005603	EXP	szo_kiir: text = "vasáru"
252.16397500038147	EXP	szo_kiir: autoDraw = true
253.99882000032812	DATA	Keydown: ArrowRight
254.01408000010997	EXP	szo_kiir: autoDraw = false
254.01408000010997	EXP	szo_kiir: color = {"_rgb":[1,1,1]}
254.01408000010997	EXP	szo_kiir: text = "verizmus"
254.53277000039816	EXP	szo_kiir: autoDraw = true
255.455080000218	DATA	Keydown: ArrowRight
255.47348499996588	EXP	szo_kiir: autoDraw = false
255.47348499996588	EXP	szo_kiir: color = {"_rgb":[1,1,1]}
255.47348499996588	EXP	szo_kiir: text = "forrpont"
255.98404000001028	EXP	szo_kiir: autoDraw = true
256.99081000033766	DATA	Keydown: ArrowRight
257.00046000024304	EXP	szo_kiir: autoDraw = false
257.00046000024304	EXP	szo_kiir: color = {"_rgb":[1,1,1]}
257.00046000024304	EXP	szo_kiir: text = "abszolútérték"
257.51944500021636	EXP	szo_kiir: autoDraw = true
258.82279500039294	DATA	Keydown: ArrowRight
258.84051500028	EXP	szo_kiir: autoDraw = false
258.84051500028	EXP	szo_kiir: color = {"_rgb":[1,1,1]}
258.84051500028	EXP	szo_kiir: text = "hazardírozik"
259.35450999997556	EXP	szo_kiir: autoDraw = true
260.8629450001754	DATA	Keydown: ArrowRight
260.87121000001207	EXP	szo_kiir: autoDraw = false
260.87121000001207	EXP	szo_kiir: color = {"_rgb":[1,1,1]}
260.87121000001207	EXP	szo_kiir: text = "heveredik"
261.3897250001319	EXP	szo_kiir: autoDraw = true
262.9829200003296	DATA	Keydown: ArrowLeft
262.9899400002323	EXP	szo_kiir: autoDraw = false
262.9899400002323	EXP	szo_kiir: color = {"_rgb":[1,1,1]}
262.9899400002323	EXP	szo_kiir: text = "asszonánc"
263.5087050003931	EXP	szo_kiir: autoDraw = true
265.2868300001137	DATA	Keydown: ArrowLeft
265.2921400000341	EXP	szo_kiir: autoDraw = false
265.2921400000341	EXP	szo_kiir: color = {"_rgb":[1,1,1]}
265.2921400000341	EXP	szo_kiir: text = "proszcénium"
265.81072000041604	EXP	szo_kiir: autoDraw = true
267.5282300002873	DATA	Keydown: ArrowRight
267.5498850001022	EXP	szo_kiir: autoDraw = false
267.5498850001022	EXP	szo_kiir: color = {"_rgb":[1,1,1]}
267.5498850001022	EXP	szo_kiir: text = "luftballon"
268.06339000025764	EXP	szo_kiir: autoDraw = true
269.2147600003518	DATA	Keydown: ArrowRight
269.2294050003402	EXP	szo_kiir: autoDraw = false
269.2294050003402	EXP	szo_kiir: color = {"_rgb":[1,1,1]}
269.2294050003402	EXP	szo_kiir: text = "lumpenproletariátus"
269.7487300001085	EXP	szo_kiir: autoDraw = true
271.282155000139	DATA	Keydown: ArrowRight
271.3055750001222	EXP	szo_kiir: autoDraw = false
271.3055750001222	EXP	szo_kiir: color = {"_rgb":[1,1,1]}
271.3055750001222	EXP	szo_kiir: text = "kúpol"
271.8169500003569	EXP	szo_kiir: autoDraw = true
273.91090500028804	DATA	Keydown: ArrowRight
273.917290000245	EXP	szo_kiir: autoDraw = false
273.917290000245	EXP	szo_kiir: color = {"_rgb":[1,1,1]}
273.917290000245	EXP	szo_kiir: text = "mellényzseb"
274.4360899999738	EXP	szo_kiir: autoDraw = true
276.774815000128	DATA	Keydown: ArrowLeft
276.7875350001268	EXP	szo_kiir: autoDraw = false
276.7875350001268	EXP	szo_kiir: color = {"_rgb":[1,1,1]}
276.7875350001268	EXP	szo_kiir: text = "mérgesít"
277.3068450000137	EXP	szo_kiir: autoDraw = true
279.1345200003125	DATA	Keydown: ArrowRight
279.14156999997795	EXP	szo_kiir: autoDraw = false
279.14156999997795	EXP	szo_kiir: color = {"_rgb":[1,1,1]}
279.14156999997795	EXP	szo_kiir: text = "dobbant"
279.656855000183	EXP	szo_kiir: autoDraw = true
280.9668950000778	DATA	Keydown: ArrowRight
280.9744700002484	EXP	szo_kiir: autoDraw = false
280.9744700002484	EXP	szo_kiir: color = {"_rgb":[1,1,1]}
280.9744700002484	EXP	szo_kiir: text = "csöndesedik"
281.49332500016317	EXP	szo_kiir: autoDraw = true
282.25515500037	DATA	Keydown: ArrowRight
282.2644400000572	EXP	szo_kiir: autoDraw = false
282.2644400000572	EXP	szo_kiir: color = {"_rgb":[1,1,1]}
282.2644400000572	EXP	szo_kiir: text = "ízesedik"
282.7789350003004	EXP	szo_kiir: autoDraw = true
283.5111250001937	DATA	Keydown: ArrowRight
283.526965000201	EXP	szo_kiir: autoDraw = false
283.526965000201	EXP	szo_kiir: color = {"_rgb":[1,1,1]}
283.526965000201	EXP	szo_kiir: text = "farkasbab"
284.0451450003311	EXP	szo_kiir: autoDraw = true
284.69507999997586	DATA	Keydown: ArrowRight
284.7133500003256	EXP	szo_kiir: autoDraw = false
284.7133500003256	EXP	szo_kiir: color = {"_rgb":[1,1,1]}
284.7133500003256	EXP	szo_kiir: text = "evakuál"
285.2299550003372	EXP	szo_kiir: autoDraw = true
286.0388450003229	DATA	Keydown: ArrowRight
286.04624000005424	EXP	szo_kiir: autoDraw = false
286.04624000005424	EXP	szo_kiir: color = {"_rgb":[1,1,1]}
286.04624000005424	EXP	szo_kiir: text = "infimum"
286.56505000032485	EXP	szo_kiir: autoDraw = true
287.4651050004177	DATA	Keydown: ArrowRight
287.4874350000173	EXP	szo_kiir: autoDraw = false
287.4874350000173	EXP	szo_kiir: color = {"_rgb":[1,1,1]}
287.4874350000173	EXP	szo_kiir: text = "tokozódik"
287.9650300000794	DATA	Keydown: ArrowRight
287.9999300003983	EXP	szo_kiir: autoDraw = true
288.00072000036016	DATA	Keydown: ArrowRight
288.0324400002137	DATA	Keydown: ArrowRight
288.06563000008464	DATA	Keydown: ArrowRight
289.27070500003174	DATA	Keydown: ArrowRight
289.2822300000116	EXP	szo_kiir: autoDraw = false
289.2822300000116	EXP	szo_kiir: color = {"_rgb":[1,1,1]}
289.2822300000116	EXP	szo_kiir: text = "arzénsav"
289.80168000003323	EXP	szo_kiir: autoDraw = true
290.80176499998197	DATA	Keydown: ArrowRight
290.82320500025526	EXP	szo_kiir: autoDraw = false
290.82320500025526	EXP	szo_kiir: color = {"_rgb":[1,1,1]}
290.82320500025526	EXP	szo_kiir: text = "rezervál"
291.33738500019535	EXP	szo_kiir: autoDraw = true
293.10361500037834	DATA	Keydown: ArrowRight
293.1200300003402	EXP	szo_kiir: autoDraw = false
293.1200300003402	EXP	szo_kiir: color = {"_rgb":[1,1,1]}
293.1200300003402	EXP	szo_kiir: text = "vulkanizál"
293.63849000027403	EXP	szo_kiir: autoDraw = true
294.46281500020996	DATA	Keydown: ArrowRight
294.47847500024363	EXP	szo_kiir: autoDraw = false
294.47847500024363	EXP	szo_kiir: color = {"_rgb":[1,1,1]}
294.47847500024363	EXP	szo_kiir: text = "tejeslány"
294.9898400004022	EXP	szo_kiir: autoDraw = true
296.02351500000805	DATA	Keydown: ArrowRight
296.03949500015005	EXP	szo_kiir: autoDraw = false
296.03949500015005	EXP	szo_kiir: color = {"_rgb":[1,1,1]}
296.03949500015005	EXP	szo_kiir: text = "fókázik"
296.55784999998286	EXP	szo_kiir: autoDraw = true
298.2865600003861	DATA	Keydown: ArrowLeft
298.2913150000386	EXP	szo_kiir: autoDraw = false
298.2913150000386	EXP	szo_kiir: color = {"_rgb":[1,1,1]}
298.2913150000386	EXP	szo_kiir: text = "fentereg"
298.81053000036627	EXP	szo_kiir: autoDraw = true
300.19490500027314	DATA	Keydown: ArrowLeft
300.2106400001794	EXP	szo_kiir: autoDraw = false
300.2106400001794	EXP	szo_kiir: color = {"_rgb":[1,1,1]}
300.2106400001794	EXP	szo_kiir: text = "hasonértékű"
300.7288600001484	EXP	szo_kiir: autoDraw = true
302.8637650003657	DATA	Keydown: ArrowRight
302.8862950000912	EXP	szo_kiir: autoDraw = false
302.8862950000912	EXP	szo_kiir: color = {"_rgb":[1,1,1]}
302.8862950000912	EXP	szo_kiir: text = "teszű"
303.3985100002028	EXP	szo_kiir: autoDraw = true
304.4488750002347	DATA	Keydown: ArrowRight
304.4645400000736	EXP	szo_kiir: autoDraw = false
304.4645400000736	EXP	szo_kiir: color = {"_rgb":[1,1,1]}
304.4645400000736	EXP	szo_kiir: text = "kettősfém"
304.9831650000997	EXP	szo_kiir: autoDraw = true
306.58371500018984	DATA	Keydown: ArrowRight
306.5998350000009	EXP	szo_kiir: autoDraw = false
306.5998350000009	EXP	szo_kiir: color = {"_rgb":[1,1,1]}
306.5998350000009	EXP	szo_kiir: text = "aragas"
307.11840500030667	EXP	szo_kiir: autoDraw = true
308.4627249999903	DATA	Keydown: ArrowRight
308.46833000006154	EXP	szo_kiir: autoDraw = false
308.46833000006154	EXP	szo_kiir: color = {"_rgb":[1,1,1]}
308.46833000006154	EXP	szo_kiir: text = "fogózkodik"
308.9871650002897	EXP	szo_kiir: autoDraw = true
311.12674500001594	DATA	Keydown: ArrowRight
311.14208500040695	EXP	szo_kiir: autoDraw = false
311.14208500040695	EXP	szo_kiir: color = {"_rgb":[1,1,1]}
311.14208500040695	EXP	szo_kiir: text = "eretnek"
311.65669000009075	EXP	szo_kiir: autoDraw = true
313.16672000009567	DATA	Keydown: ArrowLeft
313.17337500024587	EXP	szo_kiir: autoDraw = false
313.17337500024587	EXP	szo_kiir: color = {"_rgb":[1,1,1]}
313.17337500024587	EXP	szo_kiir: text = "szénaköteg"
313.69201500015333	EXP	szo_kiir: autoDraw = true
315.7508450001478	DATA	Keydown: ArrowRight
315.7593150003813	EXP	szo_kiir: autoDraw = false
315.7593150003813	EXP	szo_kiir: color = {"_rgb":[1,1,1]}
315.7593150003813	EXP	szo_kiir: text = "extuál"
316.2780750002712	EXP	szo_kiir: autoDraw = true
317.47077500028536	DATA	Keydown: ArrowLeft
317.4826600002125	EXP	szo_kiir: autoDraw = false
317.4826600002125	EXP	szo_kiir: color = {"_rgb":[1,1,1]}
317.4826600002125	EXP	szo_kiir: text = "makranc"
317.99608000041917	EXP	szo_kiir: autoDraw = true
318.96669500041753	DATA	Keydown: ArrowLeft
318.97910000011325	EXP	szo_kiir: autoDraw = false
318.97910000011325	EXP	szo_kiir: color = {"_rgb":[1,1,1]}
318.97910000011325	EXP	szo_kiir: text = "hosszall"
319.4979000003077	EXP	szo_kiir: autoDraw = true
320.48133000032976	DATA	Keydown: ArrowRight
320.4973000003956	EXP	szo_kiir: autoDraw = false
320.4973000003956	EXP	szo_kiir: color = {"_rgb":[1,1,1]}
320.4973000003956	EXP	szo_kiir: text = "skrupulizál"
321.01634500036016	EXP	szo_kiir: autoDraw = true
322.01641499996185	DATA	Keydown: ArrowLeft
322.03227500012144	EXP	szo_kiir: autoDraw = false
322.03227500012144	EXP	szo_kiir: color = {"_rgb":[1,1,1]}
322.03227500012144	EXP	szo_kiir: text = "garn"
322.5513050002046	EXP	szo_kiir: autoDraw = true
323.3426800002344	DATA	Keydown: ArrowLeft
323.35638500005007	EXP	szo_kiir: autoDraw = false
323.35638500005007	EXP	szo_kiir: color = {"_rgb":[1,1,1]}
323.35638500005007	EXP	szo_kiir: text = "impúrum"
323.86865500034764	EXP	szo_kiir: autoDraw = true
325.5028699999675	DATA	Keydown: ArrowRight
325.5188300004229	EXP	szo_kiir: autoDraw = false
325.5188300004229	EXP	szo_kiir: color = {"_rgb":[1,1,1]}
325.5188300004229	EXP	szo_kiir: text = "cirkalmaz"
326.0376900001429	EXP	szo_kiir: autoDraw = true
327.33817000035197	DATA	Keydown: ArrowLeft
327.35419500013813	EXP	szo_kiir: autoDraw = false
327.35419500013813	EXP	szo_kiir: color = {"_rgb":[1,1,1]}
327.35419500013813	EXP	szo_kiir: text = "kurzivál"
327.8727750000544	EXP	szo_kiir: autoDraw = true
328.9107699999586	DATA	Keydown: ArrowLeft
328.92226000037044	EXP	szo_kiir: autoDraw = false
328.92226000037044	EXP	szo_kiir: color = {"_rgb":[1,1,1]}
328.92226000037044	EXP	szo_kiir: text = "templomoz"
329.4408700000495	EXP	szo_kiir: autoDraw = true
330.5985950003378	DATA	Keydown: ArrowLeft
330.61282500019297	EXP	szo_kiir: autoDraw = false
330.61282500019297	EXP	szo_kiir: color = {"_rgb":[1,1,1]}
330.61282500019297	EXP	szo_kiir: text = "nyüzsgölődik"
331.1267200000584	EXP	szo_kiir: autoDraw = true
332.1596300001256	DATA	Keydown: ArrowLeft
332.1753299999982	EXP	szo_kiir: autoDraw = false
332.1753299999982	EXP	szo_kiir: color = {"_rgb":[1,1,1]}
332.1753299999982	EXP	szo_kiir: text = "léháskodik"
332.69445500010625	EXP	szo_kiir: autoDraw = true
333.7276100004092	DATA	Keydown: ArrowLeft
333.74375500017777	EXP	szo_kiir: autoDraw = false
333.74375500017777	EXP	szo_kiir: color = {"_rgb":[1,1,1]}
333.74375500017777	EXP	szo_kiir: text = "kosi"
334.262140000239	EXP	szo_kiir: autoDraw = true
335.3295150003396	DATA	Keydown: ArrowLeft
335.3454500003718	EXP	szo_kiir: autoDraw = false
335.3454500003718	EXP	szo_kiir: color = {"_rgb":[1,1,1]}
335.3454500003718	EXP	szo_kiir: text = "csapdáz"
335.8639450003393	EXP	szo_kiir: autoDraw = true
337.3506550001912	DATA	Keydown: ArrowRight
337.37040500016883	EXP	szo_kiir: autoDraw = false
337.37040500016883	EXP	szo_kiir: color = {"_rgb":[1,1,1]}
337.37040500016883	EXP	szo_kiir: text = "antra"
337.88266500039026	EXP	szo_kiir: autoDraw = true
339.0499200001359	DATA	Keydown: ArrowLeft
339.0658750003204	EXP	szo_kiir: autoDraw = false
339.0658750003204	EXP	szo_kiir: color = {"_rgb":[1,1,1]}
339.0658750003204	EXP	szo_kiir: text = "káinbélyeg"
339.5844750003889	EXP	szo_kiir: autoDraw = true
340.77470500022173	DATA	Keydown: ArrowRight
340.79002000018954	EXP	szo_kiir: autoDraw = false
340.79002000018954	EXP	szo_kiir: color = {"_rgb":[1,1,1]}
340.79002000018954	EXP	szo_kiir: text = "kvártélyoz"
341.3031950001605	EXP	szo_kiir: autoDraw = true
342.32010000012815	DATA	Keydown: ArrowLeft
342.3359350003302	EXP	szo_kiir: autoDraw = false
342.3359350003302	EXP	szo_kiir: color = {"_rgb":[1,1,1]}
342.3359350003302	EXP	szo_kiir: text = "széledez"
342.85401999996975	EXP	szo_kiir: autoDraw = true
344.03063500020653	DATA	Keydown: ArrowLeft
344.0372250000946	EXP	szo_kiir: autoDraw = false
344.0372250000946	EXP	szo_kiir: color = {"_rgb":[1,1,1]}
344.0372250000946	EXP	szo_kiir: text = "aximai"
344.55483000027016	EXP	szo_kiir: autoDraw = true
345.2466550003737	DATA	Keydown: ArrowLeft
345.25523500004783	EXP	szo_kiir: autoDraw = false
345.25523500004783	EXP	szo_kiir: color = {"_rgb":[1,1,1]}
345.25523500004783	EXP	szo_kiir: text = "ruharongy"
345.7741550002247	EXP	szo_kiir: autoDraw = true
346.678380000405	DATA	Keydown: ArrowLeft
346.6927900002338	EXP	szo_kiir: autoDraw = false
346.6927900002338	EXP	szo_kiir: color = {"_rgb":[1,1,1]}
346.6927900002338	EXP	szo_kiir: text = "rajzolótű"
347.20891500031576	EXP	szo_kiir: autoDraw = true
349.0266300002113	DATA	Keydown: ArrowLeft
349.042290000245	EXP	szo_kiir: autoDraw = false
349.042290000245	EXP	szo_kiir: color = {"_rgb":[1,1,1]}
349.042290000245	EXP	szo_kiir: text = "jelegező"
349.56119000026956	EXP	szo_kiir: autoDraw = true
350.58280500024557	DATA	Keydown: ArrowLeft
350.5940300002694	EXP	szo_kiir: autoDraw = false
350.5940300002694	EXP	szo_kiir: color = {"_rgb":[1,1,1]}
350.5940300002694	EXP	szo_kiir: text = "ködik"
351.1126200002618	EXP	szo_kiir: autoDraw = true
352.366875000298	DATA	Keydown: ArrowLeft
352.38310500001535	EXP	szo_kiir: autoDraw = false
352.38310500001535	EXP	koszi_szoveg: autoDraw = true
353.5749300001189	DATA	Keydown: Control
353.57511000009254	DATA	Keydown: AltGraph
