0.09612499992363155	EXP	Created Window = Window( name=Window, fullscr=true, color=#000000, units=norm, waitBlanking=true, autoLog=true, size=[1471,794] )
1.9942799999844283	DATA	Keydown: undefined
6.195880000013858	DATA	Keydown: n
6.526610000059009	DATA	Keydown: ő
8.341544999973848	DATA	Keydown: 1
8.661469999933615	DATA	Keydown: 9
8.839284999994561	DATA	Keydown: 9
9.054939999943599	DATA	Keydown: 6
10.035859999945387	DATA	Keydown: .
10.404940000036731	DATA	Keydown: 1
10.575644999975339	DATA	Keydown: 2
11.121160000097007	DATA	Keydown: .
11.538330000126734	DATA	Keydown: 0
11.836090000113472	DATA	Keydown: 7
12.244309999980032	DATA	Keydown: .
15.79909999994561	DATA	Keydown: 1
16.072205000091344	DATA	Keydown: 7
17.965820000041276	EXP	Created instruction_text1 = TextStim( name=instruction_text1, win=Window( name=Window, fullscr=true, color=#000000, ~), autoDraw=null, autoLog=true, units=norm, ori=null, opacity=1, pos=[0,0], size=undefined, text=Ön most szavakat fog látni.

Ezek között lesznek o~, font=Arial, color=#ffffff, contrast=1, height=0.05, bold=null, italic=null, alignHoriz=left, alignVert=center, wrapWidth=1, flipHoriz=null, flipVert=null )
17.968524999916553	EXP	Created instruction_text2 = TextStim( name=instruction_text2, win=Window( name=Window, fullscr=true, color=#000000, ~), autoDraw=null, autoLog=true, units=norm, ori=null, opacity=1, pos=[0,0], size=undefined, text=Először két egyszerű példát mutatunk Önnek.

Az el~, font=Arial, color=#FFFFFF, contrast=1, height=0.05, bold=null, italic=null, alignHoriz=left, alignVert=center, wrapWidth=1, flipHoriz=null, flipVert=null )
17.973245000001043	EXP	Created show_text = TextStim( name=show_text, win=Window( name=Window, fullscr=true, color=#000000, ~), autoDraw=null, autoLog=true, units=norm, ori=null, opacity=1, pos=[0,0], size=undefined, text=asztal, font=Arial, color=#FFFFFF, contrast=1, height=0.2, bold=null, italic=null, alignHoriz=left, alignVert=center, wrapWidth=1, flipHoriz=null, flipVert=null )
17.978060000110418	EXP	Created text = TextStim( name=text, win=Window( name=Window, fullscr=true, color=#000000, ~), autoDraw=null, autoLog=true, units=norm, ori=null, opacity=1, pos=[0,0], size=undefined, text=bzsmfsztal, font=Arial, color=#FFFFFF, contrast=1, height=0.2, bold=null, italic=null, alignHoriz=left, alignVert=center, wrapWidth=1, flipHoriz=null, flipVert=null )
17.979130000108853	EXP	Created instruction_text3 = TextStim( name=instruction_text3, win=Window( name=Window, fullscr=true, color=#000000, ~), autoDraw=null, autoLog=true, units=norm, ori=null, opacity=1, pos=[0,0], size=undefined, text=Pazar. Most kezdődik az igazi kísérlet. Néhány per~, font=Arial, color=#FFFFFF, contrast=1, height=0.1, bold=null, italic=null, alignHoriz=left, alignVert=center, wrapWidth=1, flipHoriz=null, flipVert=null )
17.98401500005275	EXP	Created szo_kiir = TextStim( name=szo_kiir, win=Window( name=Window, fullscr=true, color=#000000, ~), autoDraw=null, autoLog=true, units=norm, ori=null, opacity=1, pos=[0,0], size=undefined, text=default text, font=Arial, color=#FFFFFF, contrast=1, height=0.2, bold=null, italic=null, alignHoriz=left, alignVert=center, wrapWidth=1, flipHoriz=null, flipVert=null )
17.98511500004679	EXP	Created koszi_szoveg = TextStim( name=koszi_szoveg, win=Window( name=Window, fullscr=true, color=#000000, ~), autoDraw=null, autoLog=true, units=norm, ori=null, opacity=1, pos=[0,0], size=undefined, text=Vége a kísérletnek. Köszönjük a részvételt!, font=arial, color=#ffffff, contrast=1, height=0.1, bold=null, italic=null, alignHoriz=left, alignVert=center, wrapWidth=1, flipHoriz=null, flipVert=null )
18.03229000000283	EXP	instruction_text1: units = "norm"
18.03229000000283	EXP	instruction_text1: ori = 0
18.03229000000283	EXP	instruction_text1: opacity = 1
18.03229000000283	EXP	instruction_text1: pos = [0,0]
18.03229000000283	EXP	instruction_text1: size = undefined
18.03229000000283	EXP	instruction_text1: text = "Ön most szavakat fog látni.\n\nEzek között lesznek olyanok, amelyeket ismer, de előfordulhatnak olyanok is, amelyeket nem ismer, sőt, vannak köztük kitalált szavak is. \n\nKérjük, ha ismeri a képernyőn látható szót, nyomja meg a JOBB kurzorbillentyűt.\nKérjük, ha NEM ismeri a képernyőn látható szót, vagy azt gondolja, nincs ilyen szó a magyarban, nyomja meg a BAL kurzorbillentyűt.\n\nAz 'Ismerem a szót' döntés itt most ezt jelenti: találkoztam már vele, és van valami elképzelésem a jelentéséről is.  \n\nNyomjon meg bármilyen billentyűt a folytatáshoz."
18.03229000000283	EXP	instruction_text1: font = "Arial"
18.03229000000283	EXP	instruction_text1: color = {"_rgb":[1,1,1]}
18.03229000000283	EXP	instruction_text1: contrast = 1
18.03229000000283	EXP	instruction_text1: height = 0.05
18.03229000000283	EXP	instruction_text1: bold = false
18.03229000000283	EXP	instruction_text1: italic = false
18.03229000000283	EXP	instruction_text1: alignHoriz = "left"
18.03229000000283	EXP	instruction_text1: alignVert = "center"
18.03229000000283	EXP	instruction_text1: wrapWidth = 1
18.03229000000283	EXP	instruction_text1: flipHoriz = false
18.03229000000283	EXP	instruction_text1: flipVert = false
18.03229000000283	EXP	instruction_text2: units = "norm"
18.03229000000283	EXP	instruction_text2: ori = 0
18.03229000000283	EXP	instruction_text2: opacity = 1
18.03229000000283	EXP	instruction_text2: pos = [0,0]
18.03229000000283	EXP	instruction_text2: size = undefined
18.03229000000283	EXP	instruction_text2: text = "Először két egyszerű példát mutatunk Önnek.\n\nAz első szó létezik a magyarban, és valószínűleg Ön is ismeri. Itt nyomja majd meg a jobb kurzorbillentyűt.\nA második szó nem létezik a magyar nyelvben. Itt nyomja majd meg a bal kurzorbillentyűt.\n\nFontos, hogy a jobb gombot a jobb kezével, a bal gombot a bal kezével nyomja, ha tudja, és ne egy kezét használja a kísérletben.\n\nNyomjon meg bármilyen gombot a folytatáshoz."
18.03229000000283	EXP	instruction_text2: font = "Arial"
18.03229000000283	EXP	instruction_text2: color = {"_hex":"#FFFFFF","_rgb":[1,1,1]}
18.03229000000283	EXP	instruction_text2: contrast = 1
18.03229000000283	EXP	instruction_text2: height = 0.05
18.03229000000283	EXP	instruction_text2: bold = false
18.03229000000283	EXP	instruction_text2: italic = false
18.03229000000283	EXP	instruction_text2: alignHoriz = "left"
18.03229000000283	EXP	instruction_text2: alignVert = "center"
18.03229000000283	EXP	instruction_text2: wrapWidth = 1
18.03229000000283	EXP	instruction_text2: flipHoriz = false
18.03229000000283	EXP	instruction_text2: flipVert = false
18.03229000000283	EXP	show_text: units = "norm"
18.03229000000283	EXP	show_text: ori = 0
18.03229000000283	EXP	show_text: opacity = 1
18.03229000000283	EXP	show_text: pos = [0,0]
18.03229000000283	EXP	show_text: size = undefined
18.03229000000283	EXP	show_text: text = "asztal"
18.03229000000283	EXP	show_text: font = "Arial"
18.03229000000283	EXP	show_text: color = {"_hex":"#FFFFFF","_rgb":[1,1,1]}
18.03229000000283	EXP	show_text: contrast = 1
18.03229000000283	EXP	show_text: height = 0.2
18.03229000000283	EXP	show_text: bold = false
18.03229000000283	EXP	show_text: italic = false
18.03229000000283	EXP	show_text: alignHoriz = "left"
18.03229000000283	EXP	show_text: alignVert = "center"
18.03229000000283	EXP	show_text: wrapWidth = 1
18.03229000000283	EXP	show_text: flipHoriz = false
18.03229000000283	EXP	show_text: flipVert = false
18.03229000000283	EXP	text: units = "norm"
18.03229000000283	EXP	text: ori = 0
18.03229000000283	EXP	text: opacity = 1
18.03229000000283	EXP	text: pos = [0,0]
18.03229000000283	EXP	text: size = undefined
18.03229000000283	EXP	text: text = "bzsmfsztal"
18.03229000000283	EXP	text: font = "Arial"
18.03229000000283	EXP	text: color = {"_hex":"#FFFFFF","_rgb":[1,1,1]}
18.03229000000283	EXP	text: contrast = 1
18.03229000000283	EXP	text: height = 0.2
18.03229000000283	EXP	text: bold = false
18.03229000000283	EXP	text: italic = false
18.03229000000283	EXP	text: alignHoriz = "left"
18.03229000000283	EXP	text: alignVert = "center"
18.03229000000283	EXP	text: wrapWidth = 1
18.03229000000283	EXP	text: flipHoriz = false
18.03229000000283	EXP	text: flipVert = false
18.03229000000283	EXP	instruction_text3: units = "norm"
18.03229000000283	EXP	instruction_text3: ori = 0
18.03229000000283	EXP	instruction_text3: opacity = 1
18.03229000000283	EXP	instruction_text3: pos = [0,0]
18.03229000000283	EXP	instruction_text3: size = undefined
18.03229000000283	EXP	instruction_text3: text = "Pazar. Most kezdődik az igazi kísérlet. Néhány percig fog tartani. Nem kell nagyon sietnie, de igyekezzen gyorsan válaszolni.\n\nNe feledje, ha tudja, a jobb gombot a jobbkezével, a bal gombot a balkezével nyomja le.\n\nNyomjon meg bármilyen gombot a folytatáshoz."
18.03229000000283	EXP	instruction_text3: font = "Arial"
18.03229000000283	EXP	instruction_text3: color = {"_hex":"#FFFFFF","_rgb":[1,1,1]}
18.03229000000283	EXP	instruction_text3: contrast = 1
18.03229000000283	EXP	instruction_text3: height = 0.1
18.03229000000283	EXP	instruction_text3: bold = false
18.03229000000283	EXP	instruction_text3: italic = false
18.03229000000283	EXP	instruction_text3: alignHoriz = "left"
18.03229000000283	EXP	instruction_text3: alignVert = "center"
18.03229000000283	EXP	instruction_text3: wrapWidth = 1
18.03229000000283	EXP	instruction_text3: flipHoriz = false
18.03229000000283	EXP	instruction_text3: flipVert = false
18.03229000000283	EXP	szo_kiir: units = "norm"
18.03229000000283	EXP	szo_kiir: ori = 0
18.03229000000283	EXP	szo_kiir: opacity = 1
18.03229000000283	EXP	szo_kiir: pos = [0,0]
18.03229000000283	EXP	szo_kiir: size = undefined
18.03229000000283	EXP	szo_kiir: text = "default text"
18.03229000000283	EXP	szo_kiir: font = "Arial"
18.03229000000283	EXP	szo_kiir: color = {"_hex":"#FFFFFF","_rgb":[1,1,1]}
18.03229000000283	EXP	szo_kiir: contrast = 1
18.03229000000283	EXP	szo_kiir: height = 0.2
18.03229000000283	EXP	szo_kiir: bold = false
18.03229000000283	EXP	szo_kiir: italic = false
18.03229000000283	EXP	szo_kiir: alignHoriz = "left"
18.03229000000283	EXP	szo_kiir: alignVert = "center"
18.03229000000283	EXP	szo_kiir: wrapWidth = 1
18.03229000000283	EXP	szo_kiir: flipHoriz = false
18.03229000000283	EXP	szo_kiir: flipVert = false
18.03229000000283	EXP	koszi_szoveg: units = "norm"
18.03229000000283	EXP	koszi_szoveg: ori = 0
18.03229000000283	EXP	koszi_szoveg: opacity = 1
18.03229000000283	EXP	koszi_szoveg: pos = [0,0]
18.03229000000283	EXP	koszi_szoveg: size = undefined
18.03229000000283	EXP	koszi_szoveg: text = "Vége a kísérletnek. Köszönjük a részvételt!"
18.03229000000283	EXP	koszi_szoveg: font = "arial"
18.03229000000283	EXP	koszi_szoveg: color = {"_rgb":[1,1,1]}
18.03229000000283	EXP	koszi_szoveg: contrast = 1
18.03229000000283	EXP	koszi_szoveg: height = 0.1
18.03229000000283	EXP	koszi_szoveg: bold = false
18.03229000000283	EXP	koszi_szoveg: italic = false
18.03229000000283	EXP	koszi_szoveg: alignHoriz = "left"
18.03229000000283	EXP	koszi_szoveg: alignVert = "center"
18.03229000000283	EXP	koszi_szoveg: wrapWidth = 1
18.03229000000283	EXP	koszi_szoveg: flipHoriz = false
18.03229000000283	EXP	koszi_szoveg: flipVert = false
18.03229000000283	EXP	instruction_text1: autoDraw = true
39.74910999997519	DATA	Keydown:  
39.779800000134856	EXP	instruction_text1: autoDraw = false
39.779800000134856	EXP	instruction_text2: autoDraw = true
62.211520000128075	DATA	Mouse: 0 button down, pos=(814.4000121355057,648.8000096678734)
62.338849999941885	DATA	Mouse: 0 button down, pos=(814.4000121355057,648.8000096678734)
63.41250000009313	DATA	Keydown:  
63.420105000026524	EXP	instruction_text2: autoDraw = false
63.958240000065416	EXP	show_text: autoDraw = true
66.423875000095	DATA	Keydown: ArrowRight
66.43378000007942	EXP	show_text: autoDraw = false
66.95901500014588	EXP	text: autoDraw = true
68.18390000006184	DATA	Keydown: ArrowLeft
68.23534999997355	EXP	text: autoDraw = false
68.23534999997355	EXP	instruction_text3: autoDraw = true
76.06445499998517	DATA	Keydown: é
76.14231500006281	EXP	instruction_text3: autoDraw = false
76.14231500006281	EXP	szo_kiir: color = {"_rgb":[1,1,1]}
76.14231500006281	EXP	szo_kiir: text = "nincs"
76.6655950001441	EXP	szo_kiir: autoDraw = true
77.3753700000234	DATA	Keydown: ArrowRight
77.39270500000566	EXP	szo_kiir: autoDraw = false
77.39270500000566	EXP	szo_kiir: color = {"_rgb":[1,1,1]}
77.39270500000566	EXP	szo_kiir: text = "augusztus"
77.91600500000641	EXP	szo_kiir: autoDraw = true
78.64950500009581	DATA	Keydown: ArrowRight
78.6951949999202	EXP	szo_kiir: autoDraw = false
78.6951949999202	EXP	szo_kiir: color = {"_rgb":[1,1,1]}
78.6951949999202	EXP	szo_kiir: text = "tojászköl"
79.21809500013478	EXP	szo_kiir: autoDraw = true
81.44427999993786	DATA	Keydown: ArrowLeft
81.45391499996185	EXP	szo_kiir: autoDraw = false
81.45391499996185	EXP	szo_kiir: color = {"_rgb":[1,1,1]}
81.45391499996185	EXP	szo_kiir: text = "aktív"
81.97589000011794	EXP	szo_kiir: autoDraw = true
82.51536500011571	DATA	Keydown: ArrowRight
82.5413150000386	EXP	szo_kiir: autoDraw = false
82.5413150000386	EXP	szo_kiir: color = {"_rgb":[1,1,1]}
82.5413150000386	EXP	szo_kiir: text = "megköny"
83.06031500012614	EXP	szo_kiir: autoDraw = true
84.38703500013798	DATA	Keydown: ArrowLeft
84.40186000009999	EXP	szo_kiir: autoDraw = false
84.40186000009999	EXP	szo_kiir: color = {"_rgb":[1,1,1]}
84.40186000009999	EXP	szo_kiir: text = "név"
84.92420000000857	EXP	szo_kiir: autoDraw = true
85.50089500006288	DATA	Keydown: ArrowRight
85.55006000003777	EXP	szo_kiir: autoDraw = false
85.55006000003777	EXP	szo_kiir: color = {"_rgb":[1,1,1]}
85.55006000003777	EXP	szo_kiir: text = "évfolyam"
86.07295499998145	EXP	szo_kiir: autoDraw = true
86.81946999998763	DATA	Keydown: ArrowRight
86.83262500003912	EXP	szo_kiir: autoDraw = false
86.83262500003912	EXP	szo_kiir: color = {"_rgb":[1,1,1]}
86.83262500003912	EXP	szo_kiir: text = "módszer"
87.35706500010565	EXP	szo_kiir: autoDraw = true
87.78873499995098	DATA	Keydown: ArrowRight
87.8143450000789	EXP	szo_kiir: autoDraw = false
87.8143450000789	EXP	szo_kiir: color = {"_rgb":[1,1,1]}
87.8143450000789	EXP	szo_kiir: text = "storka"
88.33475999999791	EXP	szo_kiir: autoDraw = true
89.38138999999501	DATA	Keydown: ArrowRight
89.39681500010192	EXP	szo_kiir: autoDraw = false
89.39681500010192	EXP	szo_kiir: color = {"_rgb":[1,1,1]}
89.39681500010192	EXP	szo_kiir: text = "komplex"
89.91930499998853	EXP	szo_kiir: autoDraw = true
90.5140750000719	DATA	Keydown: ArrowLeft
90.52917500003241	EXP	szo_kiir: autoDraw = false
90.52917500003241	EXP	szo_kiir: color = {"_rgb":[1,1,1]}
90.52917500003241	EXP	szo_kiir: text = "méresedik"
91.0495949999895	EXP	szo_kiir: autoDraw = true
93.50556499999948	DATA	Keydown: ArrowLeft
93.51017999998294	EXP	szo_kiir: autoDraw = false
93.51017999998294	EXP	szo_kiir: color = {"_rgb":[1,1,1]}
93.51017999998294	EXP	szo_kiir: text = "hiányzik"
94.03163000009954	EXP	szo_kiir: autoDraw = true
94.52129000006244	DATA	Keydown: ArrowRight
94.54071500012651	EXP	szo_kiir: autoDraw = false
94.54071500012651	EXP	szo_kiir: color = {"_rgb":[1,1,1]}
94.54071500012651	EXP	szo_kiir: text = "könyvtár"
95.04550500004552	EXP	szo_kiir: autoDraw = true
95.47892499994487	DATA	Keydown: ArrowRight
95.491165000014	EXP	szo_kiir: autoDraw = false
95.491165000014	EXP	szo_kiir: color = {"_rgb":[1,1,1]}
95.491165000014	EXP	szo_kiir: text = "optimális"
96.01136999996379	EXP	szo_kiir: autoDraw = true
96.61587000009604	DATA	Keydown: ArrowRight
96.63690500007942	EXP	szo_kiir: autoDraw = false
96.63690500007942	EXP	szo_kiir: color = {"_rgb":[1,1,1]}
96.63690500007942	EXP	szo_kiir: text = "tenger"
97.14400999993086	EXP	szo_kiir: autoDraw = true
97.58529500011355	DATA	Keydown: ArrowRight
97.58978000003844	EXP	szo_kiir: autoDraw = false
97.58978000003844	EXP	szo_kiir: color = {"_rgb":[1,1,1]}
97.58978000003844	EXP	szo_kiir: text = "illegális"
98.10994999995455	EXP	szo_kiir: autoDraw = true
98.96341999992728	DATA	Keydown: ArrowRight
98.99610999994911	EXP	szo_kiir: autoDraw = false
98.99610999994911	EXP	szo_kiir: color = {"_rgb":[1,1,1]}
98.99610999994911	EXP	szo_kiir: text = "hagy"
99.50833500013687	EXP	szo_kiir: autoDraw = true
99.90546000003815	DATA	Keydown: ArrowRight
99.92105500004254	EXP	szo_kiir: autoDraw = false
99.92105500004254	EXP	szo_kiir: color = {"_rgb":[1,1,1]}
99.92105500004254	EXP	szo_kiir: text = "alukandós"
100.44164000009187	EXP	szo_kiir: autoDraw = true
102.01032999996096	DATA	Keydown: ArrowLeft
102.03499000007287	EXP	szo_kiir: autoDraw = false
102.03499000007287	EXP	szo_kiir: color = {"_rgb":[1,1,1]}
102.03499000007287	EXP	szo_kiir: text = "vízgyűlő"
102.55981500004418	EXP	szo_kiir: autoDraw = true
103.35294999997132	DATA	Keydown: ArrowRight
103.36858000000939	EXP	szo_kiir: autoDraw = false
103.36858000000939	EXP	szo_kiir: color = {"_rgb":[1,1,1]}
103.36858000000939	EXP	szo_kiir: text = "remény"
103.88920500013046	EXP	szo_kiir: autoDraw = true
104.59369500004686	DATA	Keydown: ArrowRight
104.60077999997884	EXP	szo_kiir: autoDraw = false
104.60077999997884	EXP	szo_kiir: color = {"_rgb":[1,1,1]}
104.60077999997884	EXP	szo_kiir: text = "lábtörög"
105.12272999994457	EXP	szo_kiir: autoDraw = true
105.73508000001311	DATA	Keydown: ArrowRight
105.74993499997072	EXP	szo_kiir: autoDraw = false
105.74993499997072	EXP	szo_kiir: color = {"_rgb":[1,1,1]}
105.74993499997072	EXP	szo_kiir: text = "keritkol"
106.26994000002742	EXP	szo_kiir: autoDraw = true
107.78708499995992	DATA	Keydown: ArrowLeft
107.8038500000257	EXP	szo_kiir: autoDraw = false
107.8038500000257	EXP	szo_kiir: color = {"_rgb":[1,1,1]}
107.8038500000257	EXP	szo_kiir: text = "szethetősi"
108.31801000004634	EXP	szo_kiir: autoDraw = true
109.98902500001714	DATA	Keydown: ArrowRight
109.9962349999696	EXP	szo_kiir: autoDraw = false
109.9962349999696	EXP	szo_kiir: color = {"_rgb":[1,1,1]}
109.9962349999696	EXP	szo_kiir: text = "citrom"
110.51641999999993	EXP	szo_kiir: autoDraw = true
110.99682500003837	DATA	Keydown: ArrowRight
111.01243999996223	EXP	szo_kiir: autoDraw = false
111.01243999996223	EXP	szo_kiir: color = {"_rgb":[1,1,1]}
111.01243999996223	EXP	szo_kiir: text = "gyűjtemény"
111.5340299999807	EXP	szo_kiir: autoDraw = true
112.07888499996625	DATA	Keydown: ArrowRight
112.11204500007443	EXP	szo_kiir: autoDraw = false
112.11204500007443	EXP	szo_kiir: color = {"_rgb":[1,1,1]}
112.11204500007443	EXP	szo_kiir: text = "tábornok"
112.63021999993362	EXP	szo_kiir: autoDraw = true
113.27720000012778	DATA	Keydown: ArrowRight
113.2927900000941	EXP	szo_kiir: autoDraw = false
113.2927900000941	EXP	szo_kiir: color = {"_rgb":[1,1,1]}
113.2927900000941	EXP	szo_kiir: text = "kliens"
113.81264999997802	EXP	szo_kiir: autoDraw = true
114.48225000011735	DATA	Keydown: ArrowRight
114.50317499996163	EXP	szo_kiir: autoDraw = false
114.50317499996163	EXP	szo_kiir: color = {"_rgb":[1,1,1]}
114.50317499996163	EXP	szo_kiir: text = "örvend"
115.01151999994181	EXP	szo_kiir: autoDraw = true
115.37531500007026	DATA	Keydown: ArrowRight
115.39107000012882	EXP	szo_kiir: autoDraw = false
115.39107000012882	EXP	szo_kiir: color = {"_rgb":[1,1,1]}
115.39107000012882	EXP	szo_kiir: text = "gyárt"
115.91014000005089	EXP	szo_kiir: autoDraw = true
116.29223500005901	DATA	Keydown: ArrowRight
116.31826999993064	EXP	szo_kiir: autoDraw = false
116.31826999993064	EXP	szo_kiir: color = {"_rgb":[1,1,1]}
116.31826999993064	EXP	szo_kiir: text = "lebeg"
116.82389000011608	EXP	szo_kiir: autoDraw = true
117.35805999999866	DATA	Keydown: ArrowRight
117.37251999997534	EXP	szo_kiir: autoDraw = false
117.37251999997534	EXP	szo_kiir: color = {"_rgb":[1,1,1]}
117.37251999997534	EXP	szo_kiir: text = "boldódi"
117.8924700000789	EXP	szo_kiir: autoDraw = true
119.47177499998361	DATA	Keydown: ArrowLeft
119.50261999992654	EXP	szo_kiir: autoDraw = false
119.50261999992654	EXP	szo_kiir: color = {"_rgb":[1,1,1]}
119.50261999992654	EXP	szo_kiir: text = "halom"
120.02034500008449	EXP	szo_kiir: autoDraw = true
120.58731000008993	DATA	Keydown: ArrowRight
120.6028599999845	EXP	szo_kiir: autoDraw = false
120.6028599999845	EXP	szo_kiir: color = {"_rgb":[1,1,1]}
120.6028599999845	EXP	szo_kiir: text = "hider"
121.12220000009984	EXP	szo_kiir: autoDraw = true
122.16947999992408	DATA	Keydown: ArrowLeft
122.19702000007965	EXP	szo_kiir: autoDraw = false
122.19702000007965	EXP	szo_kiir: color = {"_rgb":[1,1,1]}
122.19702000007965	EXP	szo_kiir: text = "hierarchikus"
122.70537999994121	EXP	szo_kiir: autoDraw = true
123.61168999993242	DATA	Keydown: ArrowRight
123.61652999999933	EXP	szo_kiir: autoDraw = false
123.61652999999933	EXP	szo_kiir: color = {"_rgb":[1,1,1]}
123.61652999999933	EXP	szo_kiir: text = "olvad"
124.13663000008091	EXP	szo_kiir: autoDraw = true
124.62831000005826	DATA	Keydown: ArrowRight
124.64468499994837	EXP	szo_kiir: autoDraw = false
124.64468499994837	EXP	szo_kiir: color = {"_rgb":[1,1,1]}
124.64468499994837	EXP	szo_kiir: text = "határidejű"
125.15305500011891	EXP	szo_kiir: autoDraw = true
125.65761999995448	DATA	Keydown: ArrowRight
125.66497500007972	EXP	szo_kiir: autoDraw = false
125.66497500007972	EXP	szo_kiir: color = {"_rgb":[1,1,1]}
125.66497500007972	EXP	szo_kiir: text = "égitest"
126.18463500007056	EXP	szo_kiir: autoDraw = true
126.70542000001296	DATA	Keydown: ArrowRight
126.7312750001438	EXP	szo_kiir: autoDraw = false
126.7312750001438	EXP	szo_kiir: color = {"_rgb":[1,1,1]}
126.7312750001438	EXP	szo_kiir: text = "engelétei"
127.25040500005707	EXP	szo_kiir: autoDraw = true
128.48290499998257	DATA	Keydown: ArrowLeft
128.49602500000037	EXP	szo_kiir: autoDraw = false
128.49602500000037	EXP	szo_kiir: color = {"_rgb":[1,1,1]}
128.49602500000037	EXP	szo_kiir: text = "hamburger"
129.0154900001362	EXP	szo_kiir: autoDraw = true
129.46275499998592	DATA	Keydown: ArrowRight
129.50561500014737	EXP	szo_kiir: autoDraw = false
129.50561500014737	EXP	szo_kiir: color = {"_rgb":[1,1,1]}
129.50561500014737	EXP	szo_kiir: text = "lépték"
130.01442999998108	EXP	szo_kiir: autoDraw = true
131.04923500004224	DATA	Keydown: ArrowRight
131.06025500013493	EXP	szo_kiir: autoDraw = false
131.06025500013493	EXP	szo_kiir: color = {"_rgb":[1,1,1]}
131.06025500013493	EXP	szo_kiir: text = "gaz"
131.57981000002474	EXP	szo_kiir: autoDraw = true
132.04389999993145	DATA	Keydown: ArrowRight
132.07325000013225	EXP	szo_kiir: autoDraw = false
132.07325000013225	EXP	szo_kiir: color = {"_rgb":[1,1,1]}
132.07325000013225	EXP	szo_kiir: text = "szorong"
132.57921000011265	EXP	szo_kiir: autoDraw = true
133.0370249999687	DATA	Keydown: ArrowRight
133.0429450001102	EXP	szo_kiir: autoDraw = false
133.0429450001102	EXP	szo_kiir: color = {"_rgb":[1,1,1]}
133.0429450001102	EXP	szo_kiir: text = "nyakörv"
133.56159000005573	EXP	szo_kiir: autoDraw = true
134.0098650001455	DATA	Keydown: ArrowRight
134.03530999994837	EXP	szo_kiir: autoDraw = false
134.03530999994837	EXP	szo_kiir: color = {"_rgb":[1,1,1]}
134.03530999994837	EXP	szo_kiir: text = "stádium"
134.54580500000156	EXP	szo_kiir: autoDraw = true
135.12890000012703	DATA	Keydown: ArrowRight
135.14021999994293	EXP	szo_kiir: autoDraw = false
135.14021999994293	EXP	szo_kiir: color = {"_rgb":[1,1,1]}
135.14021999994293	EXP	szo_kiir: text = "katerült"
135.66114500002004	EXP	szo_kiir: autoDraw = true
137.98895499994978	DATA	Keydown: ArrowLeft
138.01640500011854	EXP	szo_kiir: autoDraw = false
138.01640500011854	EXP	szo_kiir: color = {"_rgb":[1,1,1]}
138.01640500011854	EXP	szo_kiir: text = "kántitált"
138.52610499993898	EXP	szo_kiir: autoDraw = true
140.15357000008225	DATA	Keydown: ArrowLeft
140.1704599999357	EXP	szo_kiir: autoDraw = false
140.1704599999357	EXP	szo_kiir: color = {"_rgb":[1,1,1]}
140.1704599999357	EXP	szo_kiir: text = "pátia"
140.68862000014633	EXP	szo_kiir: autoDraw = true
141.50260000000708	DATA	Keydown: ArrowRight
141.51795500004664	EXP	szo_kiir: autoDraw = false
141.51795500004664	EXP	szo_kiir: color = {"_rgb":[1,1,1]}
141.51795500004664	EXP	szo_kiir: text = "vitamindús"
142.03874500002712	EXP	szo_kiir: autoDraw = true
142.83484999998473	DATA	Keydown: ArrowRight
142.8645850000903	EXP	szo_kiir: autoDraw = false
142.8645850000903	EXP	szo_kiir: color = {"_rgb":[1,1,1]}
142.8645850000903	EXP	szo_kiir: text = "újgazdag"
143.36788000003435	EXP	szo_kiir: autoDraw = true
143.87094000005163	DATA	Keydown: ArrowRight
143.88257999997586	EXP	szo_kiir: autoDraw = false
143.88257999997586	EXP	szo_kiir: color = {"_rgb":[1,1,1]}
143.88257999997586	EXP	szo_kiir: text = "szélvész"
144.40205999999307	EXP	szo_kiir: autoDraw = true
144.76601499994285	DATA	Keydown: ArrowRight
144.7908199999947	EXP	szo_kiir: autoDraw = false
144.7908199999947	EXP	szo_kiir: color = {"_rgb":[1,1,1]}
144.7908199999947	EXP	szo_kiir: text = "mater"
145.3000250000041	EXP	szo_kiir: autoDraw = true
145.60710999998264	DATA	Keydown: ArrowRight
145.61502000014298	EXP	szo_kiir: autoDraw = false
145.61502000014298	EXP	szo_kiir: color = {"_rgb":[1,1,1]}
145.61502000014298	EXP	szo_kiir: text = "kopp"
146.1358449999243	EXP	szo_kiir: autoDraw = true
146.63222500006668	DATA	Keydown: ArrowRight
146.66461500013247	EXP	szo_kiir: autoDraw = false
146.66461500013247	EXP	szo_kiir: color = {"_rgb":[1,1,1]}
146.66461500013247	EXP	szo_kiir: text = "szitál"
147.18310500006191	EXP	szo_kiir: autoDraw = true
147.54942500009201	DATA	Keydown: ArrowRight
147.56269000004977	EXP	szo_kiir: autoDraw = false
147.56269000004977	EXP	szo_kiir: color = {"_rgb":[1,1,1]}
147.56269000004977	EXP	szo_kiir: text = "hidroxid"
148.08297500014305	EXP	szo_kiir: autoDraw = true
148.33000500011258	DATA	Keydown: ArrowRight
148.35919500002638	EXP	szo_kiir: autoDraw = false
148.35919500002638	EXP	szo_kiir: color = {"_rgb":[1,1,1]}
148.35919500002638	EXP	szo_kiir: text = "tipográfus"
148.86480500013568	EXP	szo_kiir: autoDraw = true
149.1334850001149	DATA	Keydown: ArrowRight
149.14467000006698	EXP	szo_kiir: autoDraw = false
149.14467000006698	EXP	szo_kiir: color = {"_rgb":[1,1,1]}
149.14467000006698	EXP	szo_kiir: text = "viszkóz"
149.66458500013687	EXP	szo_kiir: autoDraw = true
150.02882499992847	DATA	Keydown: ArrowRight
150.056910000043	EXP	szo_kiir: autoDraw = false
150.056910000043	EXP	szo_kiir: color = {"_rgb":[1,1,1]}
150.056910000043	EXP	szo_kiir: text = "ezredmásodperc"
150.56393499998376	EXP	szo_kiir: autoDraw = true
151.66307500004768	DATA	Keydown: ArrowRight
151.67597500002012	EXP	szo_kiir: autoDraw = false
151.67597500002012	EXP	szo_kiir: color = {"_rgb":[1,1,1]}
151.67597500002012	EXP	szo_kiir: text = "dermeszt"
152.1948150000535	EXP	szo_kiir: autoDraw = true
152.54903499991633	DATA	Keydown: ArrowRight
152.56937499996275	EXP	szo_kiir: autoDraw = false
152.56937499996275	EXP	szo_kiir: color = {"_rgb":[1,1,1]}
152.56937499996275	EXP	szo_kiir: text = "ügyenlősi"
153.07826000009663	EXP	szo_kiir: autoDraw = true
153.43168999999762	DATA	Keydown: ArrowRight
153.44044000003487	EXP	szo_kiir: autoDraw = false
153.44044000003487	EXP	szo_kiir: color = {"_rgb":[1,1,1]}
153.44044000003487	EXP	szo_kiir: text = "vicsorog"
153.9604700000491	EXP	szo_kiir: autoDraw = true
154.48209500010125	DATA	Keydown: ArrowRight
154.48992000008002	EXP	szo_kiir: autoDraw = false
154.48992000008002	EXP	szo_kiir: color = {"_rgb":[1,1,1]}
154.48992000008002	EXP	szo_kiir: text = "hübrisz"
155.010035000043	EXP	szo_kiir: autoDraw = true
155.32715000002645	DATA	Keydown: ArrowRight
155.3497600001283	EXP	szo_kiir: autoDraw = false
155.3497600001283	EXP	szo_kiir: color = {"_rgb":[1,1,1]}
155.3497600001283	EXP	szo_kiir: text = "felharmonikus"
155.85982499993406	EXP	szo_kiir: autoDraw = true
157.2242050000932	DATA	Keydown: ArrowRight
157.2376950001344	EXP	szo_kiir: autoDraw = false
157.2376950001344	EXP	szo_kiir: color = {"_rgb":[1,1,1]}
157.2376950001344	EXP	szo_kiir: text = "látolt"
157.75699000013992	EXP	szo_kiir: autoDraw = true
159.01378499995917	DATA	Keydown: ArrowLeft
159.03714000014588	EXP	szo_kiir: autoDraw = false
159.03714000014588	EXP	szo_kiir: color = {"_rgb":[1,1,1]}
159.03714000014588	EXP	szo_kiir: text = "diáknyelv"
159.55716999992728	EXP	szo_kiir: autoDraw = true
160.1959949999582	DATA	Keydown: ArrowRight
160.201330000069	EXP	szo_kiir: autoDraw = false
160.201330000069	EXP	szo_kiir: color = {"_rgb":[1,1,1]}
160.201330000069	EXP	szo_kiir: text = "kollapszus"
160.7211800001096	EXP	szo_kiir: autoDraw = true
162.23418499995023	DATA	Keydown: ArrowRight
162.26119500002824	EXP	szo_kiir: autoDraw = false
162.26119500002824	EXP	szo_kiir: color = {"_rgb":[1,1,1]}
162.26119500002824	EXP	szo_kiir: text = "madársisak"
162.7692950000055	EXP	szo_kiir: autoDraw = true
163.48592000012286	DATA	Keydown: ArrowRight
163.49933500005864	EXP	szo_kiir: autoDraw = false
163.49933500005864	EXP	szo_kiir: color = {"_rgb":[1,1,1]}
163.49933500005864	EXP	szo_kiir: text = "zomogyi"
164.01850500004366	EXP	szo_kiir: autoDraw = true
164.98936500004493	DATA	Keydown: ArrowLeft
165.0084200000856	EXP	szo_kiir: autoDraw = false
165.0084200000856	EXP	szo_kiir: color = {"_rgb":[1,1,1]}
165.0084200000856	EXP	szo_kiir: text = "detonátor"
165.51681499998085	EXP	szo_kiir: autoDraw = true
166.88434999994934	DATA	Keydown: ArrowRight
166.8959250000771	EXP	szo_kiir: autoDraw = false
166.8959250000771	EXP	szo_kiir: color = {"_rgb":[1,1,1]}
166.8959250000771	EXP	szo_kiir: text = "söröspohár"
167.41543000005186	EXP	szo_kiir: autoDraw = true
168.55215499992482	DATA	Keydown: ArrowRight
168.57440500007942	EXP	szo_kiir: autoDraw = false
168.57440500007942	EXP	szo_kiir: color = {"_rgb":[1,1,1]}
168.57440500007942	EXP	szo_kiir: text = "krakéler"
169.08055000007153	EXP	szo_kiir: autoDraw = true
170.6274099999573	DATA	Keydown: ArrowLeft
170.6423800000921	EXP	szo_kiir: autoDraw = false
170.6423800000921	EXP	szo_kiir: color = {"_rgb":[1,1,1]}
170.6423800000921	EXP	szo_kiir: text = "vigyó"
171.16194000001997	EXP	szo_kiir: autoDraw = true
171.55050000012852	DATA	Keydown: ArrowRight
171.55842000013217	EXP	szo_kiir: autoDraw = false
171.55842000013217	EXP	szo_kiir: color = {"_rgb":[1,1,1]}
171.55842000013217	EXP	szo_kiir: text = "frontszakasz"
172.07805999997072	EXP	szo_kiir: autoDraw = true
173.00996499997564	DATA	Keydown: ArrowRight
173.02380999992602	EXP	szo_kiir: autoDraw = false
173.02380999992602	EXP	szo_kiir: color = {"_rgb":[1,1,1]}
173.02380999992602	EXP	szo_kiir: text = "dádá"
173.5429849999491	EXP	szo_kiir: autoDraw = true
174.3667349999305	DATA	Keydown: ArrowRight
174.3836050000973	EXP	szo_kiir: autoDraw = false
174.3836050000973	EXP	szo_kiir: color = {"_rgb":[1,1,1]}
174.3836050000973	EXP	szo_kiir: text = "aszinkronmotor"
174.89247500011697	EXP	szo_kiir: autoDraw = true
177.23965499992482	DATA	Keydown: ArrowRight
177.25394500000402	EXP	szo_kiir: autoDraw = false
177.25394500000402	EXP	szo_kiir: color = {"_rgb":[1,1,1]}
177.25394500000402	EXP	szo_kiir: text = "hokizik"
177.77292000013404	EXP	szo_kiir: autoDraw = true
178.6957499999553	DATA	Keydown: ArrowRight
178.70725500001572	EXP	szo_kiir: autoDraw = false
178.70725500001572	EXP	szo_kiir: color = {"_rgb":[1,1,1]}
178.70725500001572	EXP	szo_kiir: text = "zúzanó"
179.22195499995723	EXP	szo_kiir: autoDraw = true
180.20456500002183	DATA	Keydown: ArrowLeft
180.2176300000865	EXP	szo_kiir: autoDraw = false
180.2176300000865	EXP	szo_kiir: color = {"_rgb":[1,1,1]}
180.2176300000865	EXP	szo_kiir: text = "fókabőr"
180.7380800000392	EXP	szo_kiir: autoDraw = true
181.44093000004068	DATA	Keydown: ArrowRight
181.46137999999337	EXP	szo_kiir: autoDraw = false
181.46137999999337	EXP	szo_kiir: color = {"_rgb":[1,1,1]}
181.46137999999337	EXP	szo_kiir: text = "rosszlelkű"
181.96941499994136	EXP	szo_kiir: autoDraw = true
182.56676500011235	DATA	Keydown: ArrowRight
182.58236999996006	EXP	szo_kiir: autoDraw = false
182.58236999996006	EXP	szo_kiir: color = {"_rgb":[1,1,1]}
182.58236999996006	EXP	szo_kiir: text = "sárfolt"
183.10180500010028	EXP	szo_kiir: autoDraw = true
183.4403300001286	DATA	Keydown: ArrowRight
183.4584600001108	EXP	szo_kiir: autoDraw = false
183.4584600001108	EXP	szo_kiir: color = {"_rgb":[1,1,1]}
183.4584600001108	EXP	szo_kiir: text = "anyargany"
183.96751500014216	EXP	szo_kiir: autoDraw = true
185.8035600001458	DATA	Keydown: ArrowLeft
185.81136499997228	EXP	szo_kiir: autoDraw = false
185.81136499997228	EXP	szo_kiir: color = {"_rgb":[1,1,1]}
185.81136499997228	EXP	szo_kiir: text = "rekvizit"
186.33040999993682	EXP	szo_kiir: autoDraw = true
187.60682000010274	DATA	Keydown: ArrowLeft
187.6117100000847	EXP	szo_kiir: autoDraw = false
187.6117100000847	EXP	szo_kiir: color = {"_rgb":[1,1,1]}
187.6117100000847	EXP	szo_kiir: text = "rücsök"
188.13061500014737	EXP	szo_kiir: autoDraw = true
188.69495499995537	DATA	Keydown: ArrowRight
188.7230700000655	EXP	szo_kiir: autoDraw = false
188.7230700000655	EXP	szo_kiir: color = {"_rgb":[1,1,1]}
188.7230700000655	EXP	szo_kiir: text = "dokozotty"
189.22943500010297	EXP	szo_kiir: autoDraw = true
190.74551000003703	DATA	Keydown: ArrowLeft
190.758434999967	EXP	szo_kiir: autoDraw = false
190.758434999967	EXP	szo_kiir: color = {"_rgb":[1,1,1]}
190.758434999967	EXP	szo_kiir: text = "nyálasszájú"
191.2784250001423	EXP	szo_kiir: autoDraw = true
192.37896499992348	DATA	Keydown: ArrowRight
192.4035950000398	EXP	szo_kiir: autoDraw = false
192.4035950000398	EXP	szo_kiir: color = {"_rgb":[1,1,1]}
192.4035950000398	EXP	szo_kiir: text = "lovai"
192.9092749999836	EXP	szo_kiir: autoDraw = true
193.623355000047	DATA	Keydown: ArrowRight
193.63887000014074	EXP	szo_kiir: autoDraw = false
193.63887000014074	EXP	szo_kiir: color = {"_rgb":[1,1,1]}
193.63887000014074	EXP	szo_kiir: text = "szedelődzködik"
194.158294999972	EXP	szo_kiir: autoDraw = true
195.32921000011265	DATA	Keydown: ArrowRight
195.3371000001207	EXP	szo_kiir: autoDraw = false
195.3371000001207	EXP	szo_kiir: color = {"_rgb":[1,1,1]}
195.3371000001207	EXP	szo_kiir: text = "ravataloz"
195.85522500006482	EXP	szo_kiir: autoDraw = true
197.0539100000169	DATA	Keydown: ArrowRight
197.0833350000903	EXP	szo_kiir: autoDraw = false
197.0833350000903	EXP	szo_kiir: color = {"_rgb":[1,1,1]}
197.0833350000903	EXP	szo_kiir: text = "rengeteg"
197.58883000002243	EXP	szo_kiir: autoDraw = true
198.00292999995872	DATA	Keydown: ArrowRight
198.0192350000143	EXP	szo_kiir: autoDraw = false
198.0192350000143	EXP	szo_kiir: color = {"_rgb":[1,1,1]}
198.0192350000143	EXP	szo_kiir: text = "vabank"
198.53793999995105	EXP	szo_kiir: autoDraw = true
198.85963500011712	DATA	Keydown: ArrowRight
198.88180999993347	EXP	szo_kiir: autoDraw = false
198.88180999993347	EXP	szo_kiir: color = {"_rgb":[1,1,1]}
198.88180999993347	EXP	szo_kiir: text = "inta"
199.38719499995932	EXP	szo_kiir: autoDraw = true
200.50828499998897	DATA	Keydown: ArrowLeft
200.51625000010245	EXP	szo_kiir: autoDraw = false
200.51625000010245	EXP	szo_kiir: color = {"_rgb":[1,1,1]}
200.51625000010245	EXP	szo_kiir: text = "füvesít"
201.03753000008874	EXP	szo_kiir: autoDraw = true
201.82429499994032	DATA	Keydown: ArrowRight
201.8430749999825	EXP	szo_kiir: autoDraw = false
201.8430749999825	EXP	szo_kiir: color = {"_rgb":[1,1,1]}
201.8430749999825	EXP	szo_kiir: text = "piszkosodik"
202.35133500001393	EXP	szo_kiir: autoDraw = true
203.19143000012264	DATA	Keydown: ArrowRight
203.19748500012793	EXP	szo_kiir: autoDraw = false
203.19748500012793	EXP	szo_kiir: color = {"_rgb":[1,1,1]}
203.19748500012793	EXP	szo_kiir: text = "senyveszt"
203.7172449999489	EXP	szo_kiir: autoDraw = true
204.83031999995	DATA	Keydown: ArrowRight
204.85873500001617	EXP	szo_kiir: autoDraw = false
204.85873500001617	EXP	szo_kiir: color = {"_rgb":[1,1,1]}
204.85873500001617	EXP	szo_kiir: text = "főcsemő"
205.36549500003457	EXP	szo_kiir: autoDraw = true
206.496204999974	DATA	Keydown: ArrowRight
206.51107500004582	EXP	szo_kiir: autoDraw = false
206.51107500004582	EXP	szo_kiir: color = {"_rgb":[1,1,1]}
206.51107500004582	EXP	szo_kiir: text = "standardizál"
207.03301000013016	EXP	szo_kiir: autoDraw = true
208.5837050001137	DATA	Keydown: ArrowRight
208.59276999998838	EXP	szo_kiir: autoDraw = false
208.59276999998838	EXP	szo_kiir: color = {"_rgb":[1,1,1]}
208.59276999998838	EXP	szo_kiir: text = "invonult"
209.1122500000056	EXP	szo_kiir: autoDraw = true
210.30387499998324	DATA	Keydown: ArrowRight
210.30663500004448	EXP	szo_kiir: autoDraw = false
210.30663500004448	EXP	szo_kiir: color = {"_rgb":[1,1,1]}
210.30663500004448	EXP	szo_kiir: text = "keserűgyökér"
210.82813000003807	EXP	szo_kiir: autoDraw = true
211.63626000005752	DATA	Keydown: ArrowRight
211.6544850000646	EXP	szo_kiir: autoDraw = false
211.6544850000646	EXP	szo_kiir: color = {"_rgb":[1,1,1]}
211.6544850000646	EXP	szo_kiir: text = "kongóvörös"
212.15966499992646	EXP	szo_kiir: autoDraw = true
213.27969500003383	DATA	Keydown: ArrowRight
213.28802999993786	EXP	szo_kiir: autoDraw = false
213.28802999993786	EXP	szo_kiir: color = {"_rgb":[1,1,1]}
213.28802999993786	EXP	szo_kiir: text = "teszű"
213.8076599999331	EXP	szo_kiir: autoDraw = true
214.9289750000462	DATA	Keydown: ArrowRight
214.93705000006594	EXP	szo_kiir: autoDraw = false
214.93705000006594	EXP	szo_kiir: color = {"_rgb":[1,1,1]}
214.93705000006594	EXP	szo_kiir: text = "nimbus"
215.4588900001254	EXP	szo_kiir: autoDraw = true
216.61266000010073	DATA	Keydown: ArrowRight
216.63000000012107	EXP	szo_kiir: autoDraw = false
216.63000000012107	EXP	szo_kiir: color = {"_rgb":[1,1,1]}
216.63000000012107	EXP	szo_kiir: text = "cugehőr"
217.13569999998435	EXP	szo_kiir: autoDraw = true
218.20045000012033	DATA	Keydown: ArrowLeft
218.216155000031	EXP	szo_kiir: autoDraw = false
218.216155000031	EXP	szo_kiir: color = {"_rgb":[1,1,1]}
218.216155000031	EXP	szo_kiir: text = "hivatalnokoskodik"
218.73805500008166	EXP	szo_kiir: autoDraw = true
219.69415999995545	DATA	Keydown: ArrowRight
219.69937000004575	EXP	szo_kiir: autoDraw = false
219.69937000004575	EXP	szo_kiir: color = {"_rgb":[1,1,1]}
219.69937000004575	EXP	szo_kiir: text = "szagosít"
220.21882000006735	EXP	szo_kiir: autoDraw = true
220.88306999998167	DATA	Keydown: ArrowRight
220.91283000004478	EXP	szo_kiir: autoDraw = false
220.91283000004478	EXP	szo_kiir: color = {"_rgb":[1,1,1]}
220.91283000004478	EXP	szo_kiir: text = "konverzál"
221.41784000000916	EXP	szo_kiir: autoDraw = true
221.9318450000137	DATA	Keydown: ArrowRight
221.94767000013962	EXP	szo_kiir: autoDraw = false
221.94767000013962	EXP	szo_kiir: color = {"_rgb":[1,1,1]}
221.94767000013962	EXP	szo_kiir: text = "visszín"
222.46698000002652	EXP	szo_kiir: autoDraw = true
224.25812000012957	DATA	Keydown: ArrowLeft
224.27474000002258	EXP	szo_kiir: autoDraw = false
224.27474000002258	EXP	szo_kiir: color = {"_rgb":[1,1,1]}
224.27474000002258	EXP	szo_kiir: text = "impúrum"
224.78371500014327	EXP	szo_kiir: autoDraw = true
225.86690000002272	DATA	Keydown: ArrowLeft
225.87587000010535	EXP	szo_kiir: autoDraw = false
225.87587000010535	EXP	szo_kiir: color = {"_rgb":[1,1,1]}
225.87587000010535	EXP	szo_kiir: text = "sápít"
226.3980950000696	EXP	szo_kiir: autoDraw = true
226.7774849999696	DATA	Keydown: ArrowRight
226.7927099999506	EXP	szo_kiir: autoDraw = false
226.7927099999506	EXP	szo_kiir: color = {"_rgb":[1,1,1]}
226.7927099999506	EXP	szo_kiir: text = "elcsigázódik"
227.31325999996625	EXP	szo_kiir: autoDraw = true
228.06319999997504	DATA	Keydown: ArrowRight
228.0886200000532	EXP	szo_kiir: autoDraw = false
228.0886200000532	EXP	szo_kiir: color = {"_rgb":[1,1,1]}
228.0886200000532	EXP	szo_kiir: text = "kalligrafál"
228.59528000000864	EXP	szo_kiir: autoDraw = true
229.19532499997877	DATA	Keydown: ArrowRight
229.20792499999516	EXP	szo_kiir: autoDraw = false
229.20792499999516	EXP	szo_kiir: color = {"_rgb":[1,1,1]}
229.20792499999516	EXP	szo_kiir: text = "antikizál"
229.72760999994352	EXP	szo_kiir: autoDraw = true
230.80800499999896	DATA	Keydown: ArrowRight
230.83569500013255	EXP	szo_kiir: autoDraw = false
230.83569500013255	EXP	szo_kiir: color = {"_rgb":[1,1,1]}
230.83569500013255	EXP	szo_kiir: text = "filologizál"
231.34357000002638	EXP	szo_kiir: autoDraw = true
232.91336999996565	DATA	Keydown: ArrowRight
232.92155000008643	EXP	szo_kiir: autoDraw = false
232.92155000008643	EXP	szo_kiir: color = {"_rgb":[1,1,1]}
232.92155000008643	EXP	szo_kiir: text = "karamboloz"
233.44082499993965	EXP	szo_kiir: autoDraw = true
234.52906500012614	DATA	Keydown: ArrowRight
234.54985500010662	EXP	szo_kiir: autoDraw = false
234.54985500010662	EXP	szo_kiir: color = {"_rgb":[1,1,1]}
234.54985500010662	EXP	szo_kiir: text = "csapáz"
235.05600999994203	EXP	szo_kiir: autoDraw = true
235.51139000011608	DATA	Keydown: ArrowRight
235.51922499993816	EXP	szo_kiir: autoDraw = false
235.51922499993816	EXP	szo_kiir: color = {"_rgb":[1,1,1]}
235.51922499993816	EXP	szo_kiir: text = "glosszáz"
236.0388249999378	EXP	szo_kiir: autoDraw = true
237.10223000007682	DATA	Keydown: ArrowRight
237.13234000001103	EXP	szo_kiir: autoDraw = false
237.13234000001103	EXP	szo_kiir: color = {"_rgb":[1,1,1]}
237.13234000001103	EXP	szo_kiir: text = "tarkarézérc"
237.637585000135	EXP	szo_kiir: autoDraw = true
239.90631500002928	DATA	Keydown: ArrowRight
239.915440000128	EXP	szo_kiir: autoDraw = false
239.915440000128	EXP	szo_kiir: color = {"_rgb":[1,1,1]}
239.915440000128	EXP	szo_kiir: text = "hermetizál"
240.4367949999869	EXP	szo_kiir: autoDraw = true
241.34878999996	DATA	Keydown: ArrowRight
241.3765499999281	EXP	szo_kiir: autoDraw = false
241.3765499999281	EXP	koszi_szoveg: autoDraw = true
242.6971650000196	DATA	Keydown: ArrowRight
243.5907250000164	DATA	Mouse: 0 button down, pos=(822.400012254715,647.2000096440315)
243.72005000011995	DATA	Mouse: 0 button down, pos=(822.400012254715,647.2000096440315)
244.31126000010408	DATA	Mouse: 0 button down, pos=(846.4000126123428,542.4000080823898)
