0.22286000003805384	EXP	Created Window = Window( name=Window, fullscr=true, color=#000000, units=norm, waitBlanking=true, autoLog=true, size=[1536,722] )
2.5161250000237487	DATA	Keydown: 5
3.1680300000007264	DATA	Keydown: 0
3.8146399999968708	DATA	Keydown: 7
4.469955000036862	DATA	Keydown: 2
6.999890000035521	DATA	Keydown: f
8.6811699999962	DATA	Keydown: é
9.331479999993462	DATA	Keydown: r
9.6334200000274	DATA	Keydown: f
9.998160000017378	DATA	Keydown: i
12.231325000000652	DATA	Keydown: 1
12.949120000004768	DATA	Keydown: 9
13.734029999992345	DATA	Keydown: 6
14.354954999987967	DATA	Keydown: 3
16.249264999991283	DATA	Keydown: 1
16.880769999988843	DATA	Keydown: 8
19.52726000000257	EXP	Created instruction_text1 = TextStim( name=instruction_text1, win=Window( name=Window, fullscr=true, color=#000000, ~), autoDraw=null, autoLog=true, units=norm, ori=null, opacity=1, pos=[0,0], size=undefined, text=Ön most szavakat fog látni.

Ezek között lesznek o~, font=Arial, color=#ffffff, contrast=1, height=0.05, bold=null, italic=null, alignHoriz=left, alignVert=center, wrapWidth=1, flipHoriz=null, flipVert=null )
19.540559999994002	EXP	Created instruction_text2 = TextStim( name=instruction_text2, win=Window( name=Window, fullscr=true, color=#000000, ~), autoDraw=null, autoLog=true, units=norm, ori=null, opacity=1, pos=[0,0], size=undefined, text=Először két egyszerű példát mutatunk Önnek.

Az el~, font=Arial, color=#FFFFFF, contrast=1, height=0.05, bold=null, italic=null, alignHoriz=left, alignVert=center, wrapWidth=1, flipHoriz=null, flipVert=null )
19.553669999993872	EXP	Created show_text = TextStim( name=show_text, win=Window( name=Window, fullscr=true, color=#000000, ~), autoDraw=null, autoLog=true, units=norm, ori=null, opacity=1, pos=[0,0], size=undefined, text=asztal, font=Arial, color=#FFFFFF, contrast=1, height=0.2, bold=null, italic=null, alignHoriz=left, alignVert=center, wrapWidth=1, flipHoriz=null, flipVert=null )
19.569910000020172	EXP	Created text = TextStim( name=text, win=Window( name=Window, fullscr=true, color=#000000, ~), autoDraw=null, autoLog=true, units=norm, ori=null, opacity=1, pos=[0,0], size=undefined, text=bzsmfsztal, font=Arial, color=#FFFFFF, contrast=1, height=0.2, bold=null, italic=null, alignHoriz=left, alignVert=center, wrapWidth=1, flipHoriz=null, flipVert=null )
19.578280000016093	EXP	Created instruction_text3 = TextStim( name=instruction_text3, win=Window( name=Window, fullscr=true, color=#000000, ~), autoDraw=null, autoLog=true, units=norm, ori=null, opacity=1, pos=[0,0], size=undefined, text=Pazar. Most kezdődik az igazi kísérlet. Néhány per~, font=Arial, color=#FFFFFF, contrast=1, height=0.1, bold=null, italic=null, alignHoriz=left, alignVert=center, wrapWidth=1, flipHoriz=null, flipVert=null )
19.580445000028703	EXP	Created szo_kiir = TextStim( name=szo_kiir, win=Window( name=Window, fullscr=true, color=#000000, ~), autoDraw=null, autoLog=true, units=norm, ori=null, opacity=1, pos=[0,0], size=undefined, text=default text, font=Arial, color=#FFFFFF, contrast=1, height=0.2, bold=null, italic=null, alignHoriz=left, alignVert=center, wrapWidth=1, flipHoriz=null, flipVert=null )
19.58322999998927	EXP	Created koszi_szoveg = TextStim( name=koszi_szoveg, win=Window( name=Window, fullscr=true, color=#000000, ~), autoDraw=null, autoLog=true, units=norm, ori=null, opacity=1, pos=[0,0], size=undefined, text=Vége a kísérletnek. Köszönjük a részvételt!, font=arial, color=#ffffff, contrast=1, height=0.1, bold=null, italic=null, alignHoriz=left, alignVert=center, wrapWidth=1, flipHoriz=null, flipVert=null )
19.65168499998981	EXP	instruction_text1: units = "norm"
19.65168499998981	EXP	instruction_text1: ori = 0
19.65168499998981	EXP	instruction_text1: opacity = 1
19.65168499998981	EXP	instruction_text1: pos = [0,0]
19.65168499998981	EXP	instruction_text1: size = undefined
19.65168499998981	EXP	instruction_text1: text = "Ön most szavakat fog látni.\n\nEzek között lesznek olyanok, amelyeket ismer, de előfordulhatnak olyanok is, amelyeket nem ismer, sőt, vannak köztük kitalált szavak is. \n\nKérjük, ha ismeri a képernyőn látható szót, nyomja meg a JOBB kurzorbillentyűt.\nKérjük, ha NEM ismeri a képernyőn látható szót, vagy azt gondolja, nincs ilyen szó a magyarban, nyomja meg a BAL kurzorbillentyűt.\n\nAz 'Ismerem a szót' döntés itt most ezt jelenti: találkoztam már vele, és van valami elképzelésem a jelentéséről is.  \n\nNyomjon meg bármilyen billentyűt a folytatáshoz."
19.65168499998981	EXP	instruction_text1: font = "Arial"
19.65168499998981	EXP	instruction_text1: color = {"_rgb":[1,1,1]}
19.65168499998981	EXP	instruction_text1: contrast = 1
19.65168499998981	EXP	instruction_text1: height = 0.05
19.65168499998981	EXP	instruction_text1: bold = false
19.65168499998981	EXP	instruction_text1: italic = false
19.65168499998981	EXP	instruction_text1: alignHoriz = "left"
19.65168499998981	EXP	instruction_text1: alignVert = "center"
19.65168499998981	EXP	instruction_text1: wrapWidth = 1
19.65168499998981	EXP	instruction_text1: flipHoriz = false
19.65168499998981	EXP	instruction_text1: flipVert = false
19.65168499998981	EXP	instruction_text2: units = "norm"
19.65168499998981	EXP	instruction_text2: ori = 0
19.65168499998981	EXP	instruction_text2: opacity = 1
19.65168499998981	EXP	instruction_text2: pos = [0,0]
19.65168499998981	EXP	instruction_text2: size = undefined
19.65168499998981	EXP	instruction_text2: text = "Először két egyszerű példát mutatunk Önnek.\n\nAz első szó létezik a magyarban, és valószínűleg Ön is ismeri. Itt nyomja majd meg a jobb kurzorbillentyűt.\nA második szó nem létezik a magyar nyelvben. Itt nyomja majd meg a bal kurzorbillentyűt.\n\nFontos, hogy a jobb gombot a jobb kezével, a bal gombot a bal kezével nyomja, ha tudja, és ne egy kezét használja a kísérletben.\n\nNyomjon meg bármilyen gombot a folytatáshoz."
19.65168499998981	EXP	instruction_text2: font = "Arial"
19.65168499998981	EXP	instruction_text2: color = {"_hex":"#FFFFFF","_rgb":[1,1,1]}
19.65168499998981	EXP	instruction_text2: contrast = 1
19.65168499998981	EXP	instruction_text2: height = 0.05
19.65168499998981	EXP	instruction_text2: bold = false
19.65168499998981	EXP	instruction_text2: italic = false
19.65168499998981	EXP	instruction_text2: alignHoriz = "left"
19.65168499998981	EXP	instruction_text2: alignVert = "center"
19.65168499998981	EXP	instruction_text2: wrapWidth = 1
19.65168499998981	EXP	instruction_text2: flipHoriz = false
19.65168499998981	EXP	instruction_text2: flipVert = false
19.65168499998981	EXP	show_text: units = "norm"
19.65168499998981	EXP	show_text: ori = 0
19.65168499998981	EXP	show_text: opacity = 1
19.65168499998981	EXP	show_text: pos = [0,0]
19.65168499998981	EXP	show_text: size = undefined
19.65168499998981	EXP	show_text: text = "asztal"
19.65168499998981	EXP	show_text: font = "Arial"
19.65168499998981	EXP	show_text: color = {"_hex":"#FFFFFF","_rgb":[1,1,1]}
19.65168499998981	EXP	show_text: contrast = 1
19.65168499998981	EXP	show_text: height = 0.2
19.65168499998981	EXP	show_text: bold = false
19.65168499998981	EXP	show_text: italic = false
19.65168499998981	EXP	show_text: alignHoriz = "left"
19.65168499998981	EXP	show_text: alignVert = "center"
19.65168499998981	EXP	show_text: wrapWidth = 1
19.65168499998981	EXP	show_text: flipHoriz = false
19.65168499998981	EXP	show_text: flipVert = false
19.65168499998981	EXP	text: units = "norm"
19.65168499998981	EXP	text: ori = 0
19.65168499998981	EXP	text: opacity = 1
19.65168499998981	EXP	text: pos = [0,0]
19.65168499998981	EXP	text: size = undefined
19.65168499998981	EXP	text: text = "bzsmfsztal"
19.65168499998981	EXP	text: font = "Arial"
19.65168499998981	EXP	text: color = {"_hex":"#FFFFFF","_rgb":[1,1,1]}
19.65168499998981	EXP	text: contrast = 1
19.65168499998981	EXP	text: height = 0.2
19.65168499998981	EXP	text: bold = false
19.65168499998981	EXP	text: italic = false
19.65168499998981	EXP	text: alignHoriz = "left"
19.65168499998981	EXP	text: alignVert = "center"
19.65168499998981	EXP	text: wrapWidth = 1
19.65168499998981	EXP	text: flipHoriz = false
19.65168499998981	EXP	text: flipVert = false
19.65168499998981	EXP	instruction_text3: units = "norm"
19.65168499998981	EXP	instruction_text3: ori = 0
19.65168499998981	EXP	instruction_text3: opacity = 1
19.65168499998981	EXP	instruction_text3: pos = [0,0]
19.65168499998981	EXP	instruction_text3: size = undefined
19.65168499998981	EXP	instruction_text3: text = "Pazar. Most kezdődik az igazi kísérlet. Néhány percig fog tartani. Nem kell nagyon sietnie, de igyekezzen gyorsan válaszolni.\n\nNe feledje, ha tudja, a jobb gombot a jobbkezével, a bal gombot a balkezével nyomja le.\n\nNyomjon meg bármilyen gombot a folytatáshoz."
19.65168499998981	EXP	instruction_text3: font = "Arial"
19.65168499998981	EXP	instruction_text3: color = {"_hex":"#FFFFFF","_rgb":[1,1,1]}
19.65168499998981	EXP	instruction_text3: contrast = 1
19.65168499998981	EXP	instruction_text3: height = 0.1
19.65168499998981	EXP	instruction_text3: bold = false
19.65168499998981	EXP	instruction_text3: italic = false
19.65168499998981	EXP	instruction_text3: alignHoriz = "left"
19.65168499998981	EXP	instruction_text3: alignVert = "center"
19.65168499998981	EXP	instruction_text3: wrapWidth = 1
19.65168499998981	EXP	instruction_text3: flipHoriz = false
19.65168499998981	EXP	instruction_text3: flipVert = false
19.65168499998981	EXP	szo_kiir: units = "norm"
19.65168499998981	EXP	szo_kiir: ori = 0
19.65168499998981	EXP	szo_kiir: opacity = 1
19.65168499998981	EXP	szo_kiir: pos = [0,0]
19.65168499998981	EXP	szo_kiir: size = undefined
19.65168499998981	EXP	szo_kiir: text = "default text"
19.65168499998981	EXP	szo_kiir: font = "Arial"
19.65168499998981	EXP	szo_kiir: color = {"_hex":"#FFFFFF","_rgb":[1,1,1]}
19.65168499998981	EXP	szo_kiir: contrast = 1
19.65168499998981	EXP	szo_kiir: height = 0.2
19.65168499998981	EXP	szo_kiir: bold = false
19.65168499998981	EXP	szo_kiir: italic = false
19.65168499998981	EXP	szo_kiir: alignHoriz = "left"
19.65168499998981	EXP	szo_kiir: alignVert = "center"
19.65168499998981	EXP	szo_kiir: wrapWidth = 1
19.65168499998981	EXP	szo_kiir: flipHoriz = false
19.65168499998981	EXP	szo_kiir: flipVert = false
19.65168499998981	EXP	koszi_szoveg: units = "norm"
19.65168499998981	EXP	koszi_szoveg: ori = 0
19.65168499998981	EXP	koszi_szoveg: opacity = 1
19.65168499998981	EXP	koszi_szoveg: pos = [0,0]
19.65168499998981	EXP	koszi_szoveg: size = undefined
19.65168499998981	EXP	koszi_szoveg: text = "Vége a kísérletnek. Köszönjük a részvételt!"
19.65168499998981	EXP	koszi_szoveg: font = "arial"
19.65168499998981	EXP	koszi_szoveg: color = {"_rgb":[1,1,1]}
19.65168499998981	EXP	koszi_szoveg: contrast = 1
19.65168499998981	EXP	koszi_szoveg: height = 0.1
19.65168499998981	EXP	koszi_szoveg: bold = false
19.65168499998981	EXP	koszi_szoveg: italic = false
19.65168499998981	EXP	koszi_szoveg: alignHoriz = "left"
19.65168499998981	EXP	koszi_szoveg: alignVert = "center"
19.65168499998981	EXP	koszi_szoveg: wrapWidth = 1
19.65168499998981	EXP	koszi_szoveg: flipHoriz = false
19.65168499998981	EXP	koszi_szoveg: flipVert = false
19.65168499998981	EXP	instruction_text1: autoDraw = true
40.17777000000933	DATA	Keydown: ArrowRight
40.196675000013784	EXP	instruction_text1: autoDraw = false
40.196675000013784	EXP	instruction_text2: autoDraw = true
60.053515000035986	DATA	Keydown: ArrowRight
60.079885000013746	EXP	instruction_text2: autoDraw = false
60.66055500000948	EXP	show_text: autoDraw = true
61.26914500002749	DATA	Keydown: ArrowRight
61.2835550000309	EXP	show_text: autoDraw = false
61.80790000001434	EXP	text: autoDraw = true
62.4566900000209	DATA	Keydown: ArrowLeft
62.51643000001786	EXP	text: autoDraw = false
62.51643000001786	EXP	instruction_text3: autoDraw = true
69.56655500002671	DATA	Keydown: ArrowRight
69.66980500001227	EXP	instruction_text3: autoDraw = false
69.66980500001227	EXP	szo_kiir: color = {"_rgb":[1,1,1]}
69.66980500001227	EXP	szo_kiir: text = "pirodáló"
70.19711000000825	EXP	szo_kiir: autoDraw = true
71.01176500000292	DATA	Keydown: ArrowLeft
71.01815499999793	EXP	szo_kiir: autoDraw = false
71.01815499999793	EXP	szo_kiir: color = {"_rgb":[1,1,1]}
71.01815499999793	EXP	szo_kiir: text = "hely"
71.53996000002371	EXP	szo_kiir: autoDraw = true
72.24210500001209	DATA	Keydown: ArrowRight
72.28042500000447	EXP	szo_kiir: autoDraw = false
72.28042500000447	EXP	szo_kiir: color = {"_rgb":[1,1,1]}
72.28042500000447	EXP	szo_kiir: text = "speciális"
72.80642999999691	EXP	szo_kiir: autoDraw = true
73.34495500003686	DATA	Keydown: ArrowRight
73.35063500003889	EXP	szo_kiir: autoDraw = false
73.35063500003889	EXP	szo_kiir: color = {"_rgb":[1,1,1]}
73.35063500003889	EXP	szo_kiir: text = "század"
73.87143500003731	EXP	szo_kiir: autoDraw = true
74.39201000001049	DATA	Keydown: ArrowRight
74.41627500002505	EXP	szo_kiir: autoDraw = false
74.41627500002505	EXP	szo_kiir: color = {"_rgb":[1,1,1]}
74.41627500002505	EXP	szo_kiir: text = "bolyodás"
74.93864000000758	EXP	szo_kiir: autoDraw = true
75.63274999998976	DATA	Keydown: ArrowLeft
75.6499649999896	EXP	szo_kiir: autoDraw = false
75.6499649999896	EXP	szo_kiir: color = {"_rgb":[1,1,1]}
75.6499649999896	EXP	szo_kiir: text = "perilita"
76.17220500000985	EXP	szo_kiir: autoDraw = true
76.93345499999123	DATA	Keydown: ArrowLeft
76.98827000003075	EXP	szo_kiir: autoDraw = false
76.98827000003075	EXP	szo_kiir: color = {"_rgb":[1,1,1]}
76.98827000003075	EXP	szo_kiir: text = "bőr"
77.50632000004407	EXP	szo_kiir: autoDraw = true
78.02669500000775	DATA	Keydown: ArrowRight
78.03337499999907	EXP	szo_kiir: autoDraw = false
78.03337499999907	EXP	szo_kiir: color = {"_rgb":[1,1,1]}
78.03337499999907	EXP	szo_kiir: text = "színű"
78.5548950000084	EXP	szo_kiir: autoDraw = true
79.13131000002613	DATA	Keydown: ArrowRight
79.15398500004085	EXP	szo_kiir: autoDraw = false
79.15398500004085	EXP	szo_kiir: color = {"_rgb":[1,1,1]}
79.15398500004085	EXP	szo_kiir: text = "erejtő"
79.66750999999931	EXP	szo_kiir: autoDraw = true
80.33987500000512	DATA	Keydown: ArrowLeft
80.34809000004316	EXP	szo_kiir: autoDraw = false
80.34809000004316	EXP	szo_kiir: color = {"_rgb":[1,1,1]}
80.34809000004316	EXP	szo_kiir: text = "storka"
80.8577299999888	EXP	szo_kiir: autoDraw = true
81.46854000003077	DATA	Keydown: ArrowLeft
81.49513500003377	EXP	szo_kiir: autoDraw = false
81.49513500003377	EXP	szo_kiir: color = {"_rgb":[1,1,1]}
81.49513500003377	EXP	szo_kiir: text = "forgalom"
82.00678500003414	EXP	szo_kiir: autoDraw = true
82.71926500002155	DATA	Keydown: ArrowRight
82.7345900000073	EXP	szo_kiir: autoDraw = false
82.7345900000073	EXP	szo_kiir: color = {"_rgb":[1,1,1]}
82.7345900000073	EXP	szo_kiir: text = "helyezkedik"
83.25533000001451	EXP	szo_kiir: autoDraw = true
83.88616500003263	DATA	Keydown: ArrowRight
83.91120000003139	EXP	szo_kiir: autoDraw = false
83.91120000003139	EXP	szo_kiir: color = {"_rgb":[1,1,1]}
83.91120000003139	EXP	szo_kiir: text = "kislány"
84.42240500001935	EXP	szo_kiir: autoDraw = true
84.92384500004118	DATA	Keydown: ArrowRight
84.93437500001164	EXP	szo_kiir: autoDraw = false
84.93437500001164	EXP	szo_kiir: color = {"_rgb":[1,1,1]}
84.93437500001164	EXP	szo_kiir: text = "rohangsári"
85.45460500003537	EXP	szo_kiir: autoDraw = true
86.25256500003161	DATA	Keydown: ArrowLeft
86.28526999999303	EXP	szo_kiir: autoDraw = false
86.28526999999303	EXP	szo_kiir: color = {"_rgb":[1,1,1]}
86.28526999999303	EXP	szo_kiir: text = "hagy"
86.80467500002123	EXP	szo_kiir: autoDraw = true
87.35265000001527	DATA	Keydown: ArrowRight
87.3671800000011	EXP	szo_kiir: autoDraw = false
87.3671800000011	EXP	szo_kiir: color = {"_rgb":[1,1,1]}
87.3671800000011	EXP	szo_kiir: text = "kéz"
87.88820000004489	EXP	szo_kiir: autoDraw = true
88.35548000002746	DATA	Keydown: ArrowRight
88.38122500001919	EXP	szo_kiir: autoDraw = false
88.38122500001919	EXP	szo_kiir: color = {"_rgb":[1,1,1]}
88.38122500001919	EXP	szo_kiir: text = "pár"
88.90319500002079	EXP	szo_kiir: autoDraw = true
89.32126500003505	DATA	Keydown: ArrowRight
89.3342249999987	EXP	szo_kiir: autoDraw = false
89.3342249999987	EXP	szo_kiir: color = {"_rgb":[1,1,1]}
89.3342249999987	EXP	szo_kiir: text = "reagál"
89.85502499999711	EXP	szo_kiir: autoDraw = true
90.35378000000492	DATA	Keydown: ArrowRight
90.3796100000036	EXP	szo_kiir: autoDraw = false
90.3796100000036	EXP	szo_kiir: color = {"_rgb":[1,1,1]}
90.3796100000036	EXP	szo_kiir: text = "rák"
90.88778500002809	EXP	szo_kiir: autoDraw = true
91.25955499999691	DATA	Keydown: ArrowRight
91.26787999999942	EXP	szo_kiir: autoDraw = false
91.26787999999942	EXP	szo_kiir: color = {"_rgb":[1,1,1]}
91.26787999999942	EXP	szo_kiir: text = "vicc"
91.78973000001861	EXP	szo_kiir: autoDraw = true
92.11840999999549	DATA	Keydown: ArrowRight
92.1460500000394	EXP	szo_kiir: autoDraw = false
92.1460500000394	EXP	szo_kiir: color = {"_rgb":[1,1,1]}
92.1460500000394	EXP	szo_kiir: text = "kilolvai"
92.65461500000674	EXP	szo_kiir: autoDraw = true
93.33689999999478	DATA	Keydown: ArrowLeft
93.351800000004	EXP	szo_kiir: autoDraw = false
93.351800000004	EXP	szo_kiir: color = {"_rgb":[1,1,1]}
93.351800000004	EXP	szo_kiir: text = "szelíd"
93.87463500001468	EXP	szo_kiir: autoDraw = true
94.43691500002751	DATA	Keydown: ArrowRight
94.46157000004314	EXP	szo_kiir: autoDraw = false
94.46157000004314	EXP	szo_kiir: color = {"_rgb":[1,1,1]}
94.46157000004314	EXP	szo_kiir: text = "bronz"
94.97094000002835	EXP	szo_kiir: autoDraw = true
95.43435500003397	DATA	Keydown: ArrowRight
95.45139500004007	EXP	szo_kiir: autoDraw = false
95.45139500004007	EXP	szo_kiir: color = {"_rgb":[1,1,1]}
95.45139500004007	EXP	szo_kiir: text = "homok"
95.97158000001218	EXP	szo_kiir: autoDraw = true
96.40615500003332	DATA	Keydown: ArrowRight
96.43133500003023	EXP	szo_kiir: autoDraw = false
96.43133500003023	EXP	szo_kiir: color = {"_rgb":[1,1,1]}
96.43133500003023	EXP	szo_kiir: text = "időszerű"
96.93884000001708	EXP	szo_kiir: autoDraw = true
97.3914550000336	DATA	Keydown: ArrowRight
97.40131500002462	EXP	szo_kiir: autoDraw = false
97.40131500002462	EXP	szo_kiir: color = {"_rgb":[1,1,1]}
97.40131500002462	EXP	szo_kiir: text = "zord"
97.92236000002595	EXP	szo_kiir: autoDraw = true
98.59298499999568	DATA	Keydown: ArrowRight
98.61705500003882	EXP	szo_kiir: autoDraw = false
98.61705500003882	EXP	szo_kiir: color = {"_rgb":[1,1,1]}
98.61705500003882	EXP	szo_kiir: text = "majom"
99.13831499998923	EXP	szo_kiir: autoDraw = true
99.5850400000345	DATA	Keydown: ArrowRight
99.60149999998976	EXP	szo_kiir: autoDraw = false
99.60149999998976	EXP	szo_kiir: color = {"_rgb":[1,1,1]}
99.60149999998976	EXP	szo_kiir: text = "kulináris"
100.12360500002978	EXP	szo_kiir: autoDraw = true
100.66775500000222	DATA	Keydown: ArrowRight
100.70284500002163	EXP	szo_kiir: autoDraw = false
100.70284500002163	EXP	szo_kiir: color = {"_rgb":[1,1,1]}
100.70284500002163	EXP	szo_kiir: text = "sampon"
101.22331500001019	EXP	szo_kiir: autoDraw = true
101.58513000002131	DATA	Keydown: ArrowRight
101.60202500002924	EXP	szo_kiir: autoDraw = false
101.60202500002924	EXP	szo_kiir: color = {"_rgb":[1,1,1]}
101.60202500002924	EXP	szo_kiir: text = "szeudor"
102.12193000002299	EXP	szo_kiir: autoDraw = true
102.47076500003459	DATA	Keydown: ArrowRight
102.48550499998964	EXP	szo_kiir: autoDraw = false
102.48550499998964	EXP	szo_kiir: color = {"_rgb":[1,1,1]}
102.48550499998964	EXP	szo_kiir: text = "rak"
103.00502000004053	EXP	szo_kiir: autoDraw = true
103.53853499999968	DATA	Keydown: ArrowRight
103.56190000002971	EXP	szo_kiir: autoDraw = false
103.56190000002971	EXP	szo_kiir: color = {"_rgb":[1,1,1]}
103.56190000002971	EXP	szo_kiir: text = "vilálható"
104.07375500001945	EXP	szo_kiir: autoDraw = true
104.98596000001999	DATA	Keydown: ArrowLeft
105.00154000002658	EXP	szo_kiir: autoDraw = false
105.00154000002658	EXP	szo_kiir: color = {"_rgb":[1,1,1]}
105.00154000002658	EXP	szo_kiir: text = "cukrász"
105.52185000001919	EXP	szo_kiir: autoDraw = true
106.16360500000883	DATA	Keydown: ArrowRight
106.18325500003994	EXP	szo_kiir: autoDraw = false
106.18325500003994	EXP	szo_kiir: color = {"_rgb":[1,1,1]}
106.18325500003994	EXP	szo_kiir: text = "bélyeg"
106.70581499999389	EXP	szo_kiir: autoDraw = true
107.04243000003044	DATA	Mouse: 0 button down, pos=(868.8000129461288,736.8000109791756)
107.1879450000124	DATA	Keydown: ArrowRight
107.20152000000235	EXP	szo_kiir: autoDraw = false
107.20152000000235	EXP	szo_kiir: color = {"_rgb":[1,1,1]}
107.20152000000235	EXP	szo_kiir: text = "belgyógyász"
107.23078500002157	DATA	Mouse: 0 button down, pos=(868.8000129461288,736.8000109791756)
107.72181000001729	EXP	szo_kiir: autoDraw = true
108.2712950000423	DATA	Keydown: ArrowRight
108.3091199999908	EXP	szo_kiir: autoDraw = false
108.3091199999908	EXP	szo_kiir: color = {"_rgb":[1,1,1]}
108.3091199999908	EXP	szo_kiir: text = "parmezán"
108.83261000004131	EXP	szo_kiir: autoDraw = true
109.50197000004118	DATA	Keydown: ArrowRight
109.53244500001892	EXP	szo_kiir: autoDraw = false
109.53244500001892	EXP	szo_kiir: color = {"_rgb":[1,1,1]}
109.53244500001892	EXP	szo_kiir: text = "lépték"
110.0328950000112	EXP	szo_kiir: autoDraw = true
110.61886000004597	DATA	Keydown: ArrowRight
110.6490600000252	EXP	szo_kiir: autoDraw = false
110.6490600000252	EXP	szo_kiir: color = {"_rgb":[1,1,1]}
110.6490600000252	EXP	szo_kiir: text = "rakódik"
111.16580499999691	EXP	szo_kiir: autoDraw = true
111.58974500000477	DATA	Keydown: ArrowRight
111.61582500004442	EXP	szo_kiir: autoDraw = false
111.61582500004442	EXP	szo_kiir: color = {"_rgb":[1,1,1]}
111.61582500004442	EXP	szo_kiir: text = "mokkáskanál"
112.13302499998827	EXP	szo_kiir: autoDraw = true
112.89117499999702	DATA	Keydown: ArrowRight
112.9157000000123	EXP	szo_kiir: autoDraw = false
112.9157000000123	EXP	szo_kiir: color = {"_rgb":[1,1,1]}
112.9157000000123	EXP	szo_kiir: text = "sóhajt"
113.43279500002973	EXP	szo_kiir: autoDraw = true
113.9359800000093	DATA	Keydown: ArrowRight
113.96557500003837	EXP	szo_kiir: autoDraw = false
113.96557500003837	EXP	szo_kiir: color = {"_rgb":[1,1,1]}
113.96557500003837	EXP	szo_kiir: text = "holografikus"
114.48301000002539	EXP	szo_kiir: autoDraw = true
115.01372500002617	DATA	Keydown: ArrowRight
115.03247000003466	EXP	szo_kiir: autoDraw = false
115.03247000003466	EXP	szo_kiir: color = {"_rgb":[1,1,1]}
115.03247000003466	EXP	szo_kiir: text = "teríték"
115.54949000000488	EXP	szo_kiir: autoDraw = true
116.05426000000443	DATA	Keydown: ArrowRight
116.08311000000685	EXP	szo_kiir: autoDraw = false
116.08311000000685	EXP	szo_kiir: color = {"_rgb":[1,1,1]}
116.08311000000685	EXP	szo_kiir: text = "pátia"
116.6004800000228	EXP	szo_kiir: autoDraw = true
117.76892000000225	DATA	Keydown: ArrowLeft
117.7998399999924	EXP	szo_kiir: autoDraw = false
117.7998399999924	EXP	szo_kiir: color = {"_rgb":[1,1,1]}
117.7998399999924	EXP	szo_kiir: text = "lendít"
118.31636500003515	EXP	szo_kiir: autoDraw = true
118.97221999999601	DATA	Keydown: ArrowRight
118.99924500001362	EXP	szo_kiir: autoDraw = false
118.99924500001362	EXP	szo_kiir: color = {"_rgb":[1,1,1]}
118.99924500001362	EXP	szo_kiir: text = "szobanövény"
119.51702000002842	EXP	szo_kiir: autoDraw = true
120.35271500004455	DATA	Keydown: ArrowRight
120.38300000003073	EXP	szo_kiir: autoDraw = false
120.38300000003073	EXP	szo_kiir: color = {"_rgb":[1,1,1]}
120.38300000003073	EXP	szo_kiir: text = "sólyuk"
120.89949999999953	EXP	szo_kiir: autoDraw = true
121.96955500001786	DATA	Keydown: ArrowRight
121.99960999999894	EXP	szo_kiir: autoDraw = false
121.99960999999894	EXP	szo_kiir: color = {"_rgb":[1,1,1]}
121.99960999999894	EXP	szo_kiir: text = "fjord"
122.51660500001162	EXP	szo_kiir: autoDraw = true
123.17116500000702	DATA	Keydown: ArrowRight
123.19981499999994	EXP	szo_kiir: autoDraw = false
123.19981499999994	EXP	szo_kiir: color = {"_rgb":[1,1,1]}
123.19981499999994	EXP	szo_kiir: text = "téveszt"
123.71649500000058	EXP	szo_kiir: autoDraw = true
124.21898500004318	DATA	Keydown: ArrowRight
124.25286500004586	EXP	szo_kiir: autoDraw = false
124.25286500004586	EXP	szo_kiir: color = {"_rgb":[1,1,1]}
124.25286500004586	EXP	szo_kiir: text = "hidroxid"
124.7614000000176	EXP	szo_kiir: autoDraw = true
125.47305500000948	DATA	Keydown: ArrowRight
125.48656500002835	EXP	szo_kiir: autoDraw = false
125.48656500002835	EXP	szo_kiir: color = {"_rgb":[1,1,1]}
125.48656500002835	EXP	szo_kiir: text = "tropikus"
126.00659000000451	EXP	szo_kiir: autoDraw = true
126.61956500000088	DATA	Keydown: ArrowRight
126.64854000002379	EXP	szo_kiir: autoDraw = false
126.64854000002379	EXP	szo_kiir: color = {"_rgb":[1,1,1]}
126.64854000002379	EXP	szo_kiir: text = "felezéri"
127.15611999999965	EXP	szo_kiir: autoDraw = true
128.43716000003042	DATA	Keydown: ArrowLeft
128.45294500002638	EXP	szo_kiir: autoDraw = false
128.45294500002638	EXP	szo_kiir: color = {"_rgb":[1,1,1]}
128.45294500002638	EXP	szo_kiir: text = "komolyodik"
128.97430000000168	EXP	szo_kiir: autoDraw = true
129.57829000003403	DATA	Keydown: ArrowRight
129.59510999999475	EXP	szo_kiir: autoDraw = false
129.59510999999475	EXP	szo_kiir: color = {"_rgb":[1,1,1]}
129.59510999999475	EXP	szo_kiir: text = "sziszeg"
130.10605500004021	EXP	szo_kiir: autoDraw = true
130.71996000001673	DATA	Keydown: ArrowRight
130.73697500000708	EXP	szo_kiir: autoDraw = false
130.73697500000708	EXP	szo_kiir: color = {"_rgb":[1,1,1]}
130.73697500000708	EXP	szo_kiir: text = "hidegtál"
131.25800000003073	EXP	szo_kiir: autoDraw = true
131.98808500001905	DATA	Keydown: ArrowRight
132.0142099999939	EXP	szo_kiir: autoDraw = false
132.0142099999939	EXP	szo_kiir: color = {"_rgb":[1,1,1]}
132.0142099999939	EXP	szo_kiir: text = "lemesség"
132.52312000002712	EXP	szo_kiir: autoDraw = true
132.58622500003548	DATA	Mouse: 0 button down, pos=(888.8000132441521,736.8000109791756)
132.78714500000933	DATA	Mouse: 0 button down, pos=(888.8000132441521,736.8000109791756)
133.27026000001933	DATA	Keydown: ArrowLeft
133.28628500003833	EXP	szo_kiir: autoDraw = false
133.28628500003833	EXP	szo_kiir: color = {"_rgb":[1,1,1]}
133.28628500003833	EXP	szo_kiir: text = "agronómus"
133.8070450000232	EXP	szo_kiir: autoDraw = true
134.36258000001544	DATA	Keydown: ArrowRight
134.38339999999152	EXP	szo_kiir: autoDraw = false
134.38339999999152	EXP	szo_kiir: color = {"_rgb":[1,1,1]}
134.38339999999152	EXP	szo_kiir: text = "zökkévei"
134.90617999999085	EXP	szo_kiir: autoDraw = true
135.65971500001615	DATA	Keydown: ArrowLeft
135.67017500003567	EXP	szo_kiir: autoDraw = false
135.67017500003567	EXP	szo_kiir: color = {"_rgb":[1,1,1]}
135.67017500003567	EXP	szo_kiir: text = "kitin"
136.19072000001324	EXP	szo_kiir: autoDraw = true
136.86972000001697	DATA	Keydown: ArrowRight
136.90207499999087	EXP	szo_kiir: autoDraw = false
136.90207499999087	EXP	szo_kiir: color = {"_rgb":[1,1,1]}
136.90207499999087	EXP	szo_kiir: text = "gyülemlik"
137.42467999999644	EXP	szo_kiir: autoDraw = true
137.93743500002893	DATA	Keydown: ArrowRight
137.95302499999525	EXP	szo_kiir: autoDraw = false
137.95302499999525	EXP	szo_kiir: color = {"_rgb":[1,1,1]}
137.95302499999525	EXP	szo_kiir: text = "marcangol"
138.47344000003068	EXP	szo_kiir: autoDraw = true
138.98110999999335	DATA	Keydown: ArrowRight
138.9964200000395	EXP	szo_kiir: autoDraw = false
138.9964200000395	EXP	szo_kiir: color = {"_rgb":[1,1,1]}
138.9964200000395	EXP	szo_kiir: text = "petkerhet"
139.507190000033	EXP	szo_kiir: autoDraw = true
140.12612999998964	DATA	Keydown: ArrowLeft
140.1367550000432	EXP	szo_kiir: autoDraw = false
140.1367550000432	EXP	szo_kiir: color = {"_rgb":[1,1,1]}
140.1367550000432	EXP	szo_kiir: text = "tömődik"
140.657050000038	EXP	szo_kiir: autoDraw = true
141.19232999999076	DATA	Keydown: ArrowRight
141.21692500001518	EXP	szo_kiir: autoDraw = false
141.21692500001518	EXP	szo_kiir: color = {"_rgb":[1,1,1]}
141.21692500001518	EXP	szo_kiir: text = "mikrorendszer"
141.73405000002822	EXP	szo_kiir: autoDraw = true
142.30922500003362	DATA	Keydown: ArrowRight
142.334365000017	EXP	szo_kiir: autoDraw = false
142.334365000017	EXP	szo_kiir: color = {"_rgb":[1,1,1]}
142.334365000017	EXP	szo_kiir: text = "detonátor"
142.8512650000048	EXP	szo_kiir: autoDraw = true
143.44364000001224	DATA	Keydown: ArrowRight
143.46725000004517	EXP	szo_kiir: autoDraw = false
143.46725000004517	EXP	szo_kiir: color = {"_rgb":[1,1,1]}
143.46725000004517	EXP	szo_kiir: text = "interpretátor"
143.9837600000319	EXP	szo_kiir: autoDraw = true
144.43242500000633	DATA	Keydown: ArrowRight
144.45045500004198	EXP	szo_kiir: autoDraw = false
144.45045500004198	EXP	szo_kiir: color = {"_rgb":[1,1,1]}
144.45045500004198	EXP	szo_kiir: text = "dipeptid"
144.9511449999991	EXP	szo_kiir: autoDraw = true
145.76507500000298	DATA	Keydown: ArrowLeft
145.7839399999939	EXP	szo_kiir: autoDraw = false
145.7839399999939	EXP	szo_kiir: color = {"_rgb":[1,1,1]}
145.7839399999939	EXP	szo_kiir: text = "selypít"
146.30090500001097	EXP	szo_kiir: autoDraw = true
146.85421000001952	DATA	Keydown: ArrowRight
146.88372000004165	EXP	szo_kiir: autoDraw = false
146.88372000004165	EXP	szo_kiir: color = {"_rgb":[1,1,1]}
146.88372000004165	EXP	szo_kiir: text = "pörkölődik"
147.40153000003193	EXP	szo_kiir: autoDraw = true
148.16949000000022	DATA	Keydown: ArrowRight
148.18451500002993	EXP	szo_kiir: autoDraw = false
148.18451500002993	EXP	szo_kiir: color = {"_rgb":[1,1,1]}
148.18451500002993	EXP	szo_kiir: text = "finomszesz"
148.70151000004262	EXP	szo_kiir: autoDraw = true
149.29565000004368	DATA	Keydown: ArrowRight
149.3180000000284	EXP	szo_kiir: autoDraw = false
149.3180000000284	EXP	szo_kiir: color = {"_rgb":[1,1,1]}
149.3180000000284	EXP	szo_kiir: text = "kontlás"
149.83472000004258	EXP	szo_kiir: autoDraw = true
150.72346000000834	DATA	Keydown: ArrowLeft
150.75174000003608	EXP	szo_kiir: autoDraw = false
150.75174000003608	EXP	szo_kiir: color = {"_rgb":[1,1,1]}
150.75174000003608	EXP	szo_kiir: text = "gyíkfű"
151.26860000001034	EXP	szo_kiir: autoDraw = true
152.14284500002395	DATA	Keydown: ArrowRight
152.16708500002278	EXP	szo_kiir: autoDraw = false
152.16708500002278	EXP	szo_kiir: color = {"_rgb":[1,1,1]}
152.16708500002278	EXP	szo_kiir: text = "nyurcaret"
152.6849950000178	EXP	szo_kiir: autoDraw = true
153.43083000002662	DATA	Keydown: ArrowLeft
153.45122500002617	EXP	szo_kiir: autoDraw = false
153.45122500002617	EXP	szo_kiir: color = {"_rgb":[1,1,1]}
153.45122500002617	EXP	szo_kiir: text = "monogenetikus"
153.96768000000156	EXP	szo_kiir: autoDraw = true
154.60326500004157	DATA	Keydown: ArrowRight
154.6346200000262	EXP	szo_kiir: autoDraw = false
154.6346200000262	EXP	szo_kiir: color = {"_rgb":[1,1,1]}
154.6346200000262	EXP	szo_kiir: text = "gyenkedéri"
155.15179999999236	EXP	szo_kiir: autoDraw = true
155.86208500002977	DATA	Keydown: ArrowLeft
155.88376500003505	EXP	szo_kiir: autoDraw = false
155.88376500003505	EXP	szo_kiir: color = {"_rgb":[1,1,1]}
155.88376500003505	EXP	szo_kiir: text = "terpad"
156.401520000014	EXP	szo_kiir: autoDraw = true
157.23163500003284	DATA	Keydown: ArrowLeft
157.25080999999773	EXP	szo_kiir: autoDraw = false
157.25080999999773	EXP	szo_kiir: color = {"_rgb":[1,1,1]}
157.25080999999773	EXP	szo_kiir: text = "norvend"
157.7685150000034	EXP	szo_kiir: autoDraw = true
158.54317000001902	DATA	Keydown: ArrowLeft
158.56738000002224	EXP	szo_kiir: autoDraw = false
158.56738000002224	EXP	szo_kiir: color = {"_rgb":[1,1,1]}
158.56738000002224	EXP	szo_kiir: text = "lejmol"
159.0852550000418	EXP	szo_kiir: autoDraw = true
159.8074750000378	DATA	Keydown: ArrowRight
159.83406000002287	EXP	szo_kiir: autoDraw = false
159.83406000002287	EXP	szo_kiir: color = {"_rgb":[1,1,1]}
159.83406000002287	EXP	szo_kiir: text = "portalanít"
160.35183500003768	EXP	szo_kiir: autoDraw = true
161.0293600000441	DATA	Keydown: ArrowRight
161.05069500004174	EXP	szo_kiir: autoDraw = false
161.05069500004174	EXP	szo_kiir: color = {"_rgb":[1,1,1]}
161.05069500004174	EXP	szo_kiir: text = "kelől"
161.56862500001444	EXP	szo_kiir: autoDraw = true
162.23590500000864	DATA	Keydown: ArrowLeft
162.26741999998922	EXP	szo_kiir: autoDraw = false
162.26741999998922	EXP	szo_kiir: color = {"_rgb":[1,1,1]}
162.26741999998922	EXP	szo_kiir: text = "karikáz"
162.7852750000311	EXP	szo_kiir: autoDraw = true
163.35291000001598	DATA	Keydown: ArrowRight
163.38471499999287	EXP	szo_kiir: autoDraw = false
163.38471499999287	EXP	szo_kiir: color = {"_rgb":[1,1,1]}
163.38471499999287	EXP	szo_kiir: text = "kihalász"
163.9011649999884	EXP	szo_kiir: autoDraw = true
164.4608400000143	DATA	Keydown: ArrowRight
164.48431999998866	EXP	szo_kiir: autoDraw = false
164.48431999998866	EXP	szo_kiir: color = {"_rgb":[1,1,1]}
164.48431999998866	EXP	szo_kiir: text = "szolmizál"
165.00137000001268	EXP	szo_kiir: autoDraw = true
165.4921500000055	DATA	Keydown: ArrowRight
165.51850500004366	EXP	szo_kiir: autoDraw = false
165.51850500004366	EXP	szo_kiir: color = {"_rgb":[1,1,1]}
165.51850500004366	EXP	szo_kiir: text = "kócol"
166.0347250000341	EXP	szo_kiir: autoDraw = true
166.52170500002103	DATA	Keydown: ArrowRight
166.55165000003763	EXP	szo_kiir: autoDraw = false
166.55165000003763	EXP	szo_kiir: color = {"_rgb":[1,1,1]}
166.55165000003763	EXP	szo_kiir: text = "hidegház"
167.06892500002868	EXP	szo_kiir: autoDraw = true
167.52034500002628	DATA	Keydown: ArrowRight
167.5355050000362	EXP	szo_kiir: autoDraw = false
167.5355050000362	EXP	szo_kiir: color = {"_rgb":[1,1,1]}
167.5355050000362	EXP	szo_kiir: text = "házorom"
168.05217000003904	EXP	szo_kiir: autoDraw = true
168.75834000000032	DATA	Keydown: ArrowRight
168.7848750000121	EXP	szo_kiir: autoDraw = false
168.7848750000121	EXP	szo_kiir: color = {"_rgb":[1,1,1]}
168.7848750000121	EXP	szo_kiir: text = "fentereg"
169.30268000002252	EXP	szo_kiir: autoDraw = true
170.99885999999242	DATA	Keydown: ArrowRight
171.0185899999924	EXP	szo_kiir: autoDraw = false
171.0185899999924	EXP	szo_kiir: color = {"_rgb":[1,1,1]}
171.0185899999924	EXP	szo_kiir: text = "katéterez"
171.53562000003876	EXP	szo_kiir: autoDraw = true
172.32130000001052	DATA	Keydown: ArrowRight
172.35203499998897	EXP	szo_kiir: autoDraw = false
172.35203499998897	EXP	szo_kiir: color = {"_rgb":[1,1,1]}
172.35203499998897	EXP	szo_kiir: text = "hendesen"
172.8688850000035	EXP	szo_kiir: autoDraw = true
173.55860500002746	DATA	Keydown: ArrowLeft
173.5850550000323	EXP	szo_kiir: autoDraw = false
173.5850550000323	EXP	szo_kiir: color = {"_rgb":[1,1,1]}
173.5850550000323	EXP	szo_kiir: text = "csüggedez"
174.1023850000347	EXP	szo_kiir: autoDraw = true
174.64170999999624	DATA	Keydown: ArrowRight
174.66879500000505	EXP	szo_kiir: autoDraw = false
174.66879500000505	EXP	szo_kiir: color = {"_rgb":[1,1,1]}
174.66879500000505	EXP	szo_kiir: text = "hajcsárkodik"
175.18551000003936	EXP	szo_kiir: autoDraw = true
175.6777449999936	DATA	Keydown: ArrowRight
175.70188500004588	EXP	szo_kiir: autoDraw = false
175.70188500004588	EXP	szo_kiir: color = {"_rgb":[1,1,1]}
175.70188500004588	EXP	szo_kiir: text = "horganyfehér"
176.20268500002567	EXP	szo_kiir: autoDraw = true
177.33853499998804	DATA	Keydown: ArrowRight
177.35631000000285	EXP	szo_kiir: autoDraw = false
177.35631000000285	EXP	szo_kiir: color = {"_rgb":[1,1,1]}
177.35631000000285	EXP	szo_kiir: text = "meleglaboratórium"
177.8689000000013	EXP	szo_kiir: autoDraw = true
178.65593499998795	DATA	Keydown: ArrowRight
178.68563000002177	EXP	szo_kiir: autoDraw = false
178.68563000002177	EXP	szo_kiir: color = {"_rgb":[1,1,1]}
178.68563000002177	EXP	szo_kiir: text = "makranc"
179.18617500003893	EXP	szo_kiir: autoDraw = true
179.77867500000866	DATA	Keydown: ArrowRight
179.80226000002585	EXP	szo_kiir: autoDraw = false
179.80226000002585	EXP	szo_kiir: color = {"_rgb":[1,1,1]}
179.80226000002585	EXP	szo_kiir: text = "klímatérkép"
180.31936000002315	EXP	szo_kiir: autoDraw = true
180.9242700000177	DATA	Keydown: ArrowRight
180.95258500002092	EXP	szo_kiir: autoDraw = false
180.95258500002092	EXP	szo_kiir: color = {"_rgb":[1,1,1]}
180.95258500002092	EXP	szo_kiir: text = "bárányfark"
181.46970499999588	EXP	szo_kiir: autoDraw = true
182.09244000003673	DATA	Keydown: ArrowRight
182.11858499998925	EXP	szo_kiir: autoDraw = false
182.11858499998925	EXP	szo_kiir: color = {"_rgb":[1,1,1]}
182.11858499998925	EXP	szo_kiir: text = "okoztatozó"
182.63628999999491	EXP	szo_kiir: autoDraw = true
183.47216500004288	DATA	Keydown: ArrowLeft
183.50295500003267	EXP	szo_kiir: autoDraw = false
183.50295500003267	EXP	szo_kiir: color = {"_rgb":[1,1,1]}
183.50295500003267	EXP	szo_kiir: text = "rojtoz"
184.00306000001729	EXP	szo_kiir: autoDraw = true
184.5755900000222	DATA	Keydown: ArrowRight
184.60257500002626	EXP	szo_kiir: autoDraw = false
184.60257500002626	EXP	szo_kiir: color = {"_rgb":[1,1,1]}
184.60257500002626	EXP	szo_kiir: text = "anzágol"
185.1201749999891	EXP	szo_kiir: autoDraw = true
185.79548500000965	DATA	Keydown: ArrowLeft
185.819215000025	EXP	szo_kiir: autoDraw = false
185.819215000025	EXP	szo_kiir: color = {"_rgb":[1,1,1]}
185.819215000025	EXP	szo_kiir: text = "utálkodik"
186.3367150000413	EXP	szo_kiir: autoDraw = true
187.11382500000764	DATA	Keydown: ArrowRight
187.1361400000169	EXP	szo_kiir: autoDraw = false
187.1361400000169	EXP	szo_kiir: color = {"_rgb":[1,1,1]}
187.1361400000169	EXP	szo_kiir: text = "antra"
187.65296500001568	EXP	szo_kiir: autoDraw = true
188.80484500003513	DATA	Keydown: ArrowLeft
188.81934500002535	EXP	szo_kiir: autoDraw = false
188.81934500002535	EXP	szo_kiir: color = {"_rgb":[1,1,1]}
188.81934500002535	EXP	szo_kiir: text = "köszörűsműhely"
189.3368500000215	EXP	szo_kiir: autoDraw = true
190.07407500001136	DATA	Keydown: ArrowRight
190.10292999999365	EXP	szo_kiir: autoDraw = false
190.10292999999365	EXP	szo_kiir: color = {"_rgb":[1,1,1]}
190.10292999999365	EXP	szo_kiir: text = "diszkretizál"
190.62035500002094	EXP	szo_kiir: autoDraw = true
193.0407899999991	DATA	Keydown: ArrowLeft
193.06991000002017	EXP	szo_kiir: autoDraw = false
193.06991000002017	EXP	szo_kiir: color = {"_rgb":[1,1,1]}
193.06991000002017	EXP	szo_kiir: text = "nyeregheveder"
193.58708000002662	EXP	szo_kiir: autoDraw = true
194.70553000003565	DATA	Keydown: ArrowRight
194.72493500000564	EXP	szo_kiir: autoDraw = false
194.72493500000564	EXP	szo_kiir: color = {"_rgb":[1,1,1]}
194.72493500000564	EXP	szo_kiir: text = "pólyáz"
195.2542850000318	EXP	szo_kiir: autoDraw = true
195.7944500000449	DATA	Keydown: ArrowRight
195.81983500003116	EXP	szo_kiir: autoDraw = false
195.81983500003116	EXP	szo_kiir: color = {"_rgb":[1,1,1]}
195.81983500003116	EXP	szo_kiir: text = "kontinuáns"
196.3367150000413	EXP	szo_kiir: autoDraw = true
197.82101499999408	DATA	Keydown: ArrowLeft
197.83584499999415	EXP	szo_kiir: autoDraw = false
197.83584499999415	EXP	szo_kiir: color = {"_rgb":[1,1,1]}
197.83584499999415	EXP	szo_kiir: text = "hermetizál"
198.35440499999095	EXP	szo_kiir: autoDraw = true
198.90173000004143	DATA	Keydown: ArrowRight
198.92167000001064	EXP	szo_kiir: autoDraw = false
198.92167000001064	EXP	koszi_szoveg: autoDraw = true
200.2113000000245	DATA	Mouse: 0 button down, pos=(888.8000132441521,736.8000109791756)
200.40637000004062	DATA	Mouse: 0 button down, pos=(888.8000132441521,736.8000109791756)
