0.06176499999128282	EXP	Created Window = Window( name=Window, fullscr=true, color=#000000, units=norm, waitBlanking=true, autoLog=true, size=[1266,561] )
1.5878899999661371	DATA	Keydown: Shift
1.7377300000516698	DATA	Keydown: A
2.164474999997765	DATA	Keydown: g
2.3025650000199676	DATA	Keydown: i
12.927924999967217	EXP	Created instruction_text1 = TextStim( name=instruction_text1, win=Window( name=Window, fullscr=true, color=#000000, ~), autoDraw=null, autoLog=true, units=norm, ori=null, opacity=1, pos=[0,0], size=undefined, text=Ön most szavakat fog látni.

Ezek között lesznek o~, font=Arial, color=#ffffff, contrast=1, height=0.05, bold=null, italic=null, alignHoriz=left, alignVert=center, wrapWidth=1, flipHoriz=null, flipVert=null )
12.92868000001181	EXP	Created instruction_text2 = TextStim( name=instruction_text2, win=Window( name=Window, fullscr=true, color=#000000, ~), autoDraw=null, autoLog=true, units=norm, ori=null, opacity=1, pos=[0,0], size=undefined, text=Először két egyszerű példát mutatunk Önnek.

Az el~, font=Arial, color=#FFFFFF, contrast=1, height=0.05, bold=null, italic=null, alignHoriz=left, alignVert=center, wrapWidth=1, flipHoriz=null, flipVert=null )
12.929155000019819	EXP	Created show_text = TextStim( name=show_text, win=Window( name=Window, fullscr=true, color=#000000, ~), autoDraw=null, autoLog=true, units=norm, ori=null, opacity=1, pos=[0,0], size=undefined, text=asztal, font=Arial, color=#FFFFFF, contrast=1, height=0.2, bold=null, italic=null, alignHoriz=left, alignVert=center, wrapWidth=1, flipHoriz=null, flipVert=null )
12.929574999958277	EXP	Created text = TextStim( name=text, win=Window( name=Window, fullscr=true, color=#000000, ~), autoDraw=null, autoLog=true, units=norm, ori=null, opacity=1, pos=[0,0], size=undefined, text=bzsmfsztal, font=Arial, color=#FFFFFF, contrast=1, height=0.2, bold=null, italic=null, alignHoriz=left, alignVert=center, wrapWidth=1, flipHoriz=null, flipVert=null )
12.92992999998387	EXP	Created instruction_text3 = TextStim( name=instruction_text3, win=Window( name=Window, fullscr=true, color=#000000, ~), autoDraw=null, autoLog=true, units=norm, ori=null, opacity=1, pos=[0,0], size=undefined, text=Pazar. Most kezdődik az igazi kísérlet. Néhány per~, font=Arial, color=#FFFFFF, contrast=1, height=0.1, bold=null, italic=null, alignHoriz=left, alignVert=center, wrapWidth=1, flipHoriz=null, flipVert=null )
12.93027999997139	EXP	Created szo_kiir = TextStim( name=szo_kiir, win=Window( name=Window, fullscr=true, color=#000000, ~), autoDraw=null, autoLog=true, units=norm, ori=null, opacity=1, pos=[0,0], size=undefined, text=default text, font=Arial, color=#FFFFFF, contrast=1, height=0.2, bold=null, italic=null, alignHoriz=left, alignVert=center, wrapWidth=1, flipHoriz=null, flipVert=null )
12.930644999956712	EXP	Created koszi_szoveg = TextStim( name=koszi_szoveg, win=Window( name=Window, fullscr=true, color=#000000, ~), autoDraw=null, autoLog=true, units=norm, ori=null, opacity=1, pos=[0,0], size=undefined, text=Vége a kísérletnek. Köszönjük a részvételt!, font=arial, color=#ffffff, contrast=1, height=0.1, bold=null, italic=null, alignHoriz=left, alignVert=center, wrapWidth=1, flipHoriz=null, flipVert=null )
12.965250000008382	EXP	instruction_text1: units = "norm"
12.965250000008382	EXP	instruction_text1: ori = 0
12.965250000008382	EXP	instruction_text1: opacity = 1
12.965250000008382	EXP	instruction_text1: pos = [0,0]
12.965250000008382	EXP	instruction_text1: size = undefined
12.965250000008382	EXP	instruction_text1: text = "Ön most szavakat fog látni.\n\nEzek között lesznek olyanok, amelyeket ismer, de előfordulhatnak olyanok is, amelyeket nem ismer, sőt, vannak köztük kitalált szavak is. \n\nKérjük, ha ismeri a képernyőn látható szót, nyomja meg a JOBB kurzorbillentyűt.\nKérjük, ha NEM ismeri a képernyőn látható szót, vagy azt gondolja, nincs ilyen szó a magyarban, nyomja meg a BAL kurzorbillentyűt.\n\nAz 'Ismerem a szót' döntés itt most ezt jelenti: találkoztam már vele, és van valami elképzelésem a jelentéséről is.  \n\nNyomjon meg bármilyen billentyűt a folytatáshoz."
12.965250000008382	EXP	instruction_text1: font = "Arial"
12.965250000008382	EXP	instruction_text1: color = {"_rgb":[1,1,1]}
12.965250000008382	EXP	instruction_text1: contrast = 1
12.965250000008382	EXP	instruction_text1: height = 0.05
12.965250000008382	EXP	instruction_text1: bold = false
12.965250000008382	EXP	instruction_text1: italic = false
12.965250000008382	EXP	instruction_text1: alignHoriz = "left"
12.965250000008382	EXP	instruction_text1: alignVert = "center"
12.965250000008382	EXP	instruction_text1: wrapWidth = 1
12.965250000008382	EXP	instruction_text1: flipHoriz = false
12.965250000008382	EXP	instruction_text1: flipVert = false
12.965250000008382	EXP	instruction_text2: units = "norm"
12.965250000008382	EXP	instruction_text2: ori = 0
12.965250000008382	EXP	instruction_text2: opacity = 1
12.965250000008382	EXP	instruction_text2: pos = [0,0]
12.965250000008382	EXP	instruction_text2: size = undefined
12.965250000008382	EXP	instruction_text2: text = "Először két egyszerű példát mutatunk Önnek.\n\nAz első szó létezik a magyarban, és valószínűleg Ön is ismeri. Itt nyomja majd meg a jobb kurzorbillentyűt.\nA második szó nem létezik a magyar nyelvben. Itt nyomja majd meg a bal kurzorbillentyűt.\n\nFontos, hogy a jobb gombot a jobb kezével, a bal gombot a bal kezével nyomja, ha tudja, és ne egy kezét használja a kísérletben.\n\nNyomjon meg bármilyen gombot a folytatáshoz."
12.965250000008382	EXP	instruction_text2: font = "Arial"
12.965250000008382	EXP	instruction_text2: color = {"_hex":"#FFFFFF","_rgb":[1,1,1]}
12.965250000008382	EXP	instruction_text2: contrast = 1
12.965250000008382	EXP	instruction_text2: height = 0.05
12.965250000008382	EXP	instruction_text2: bold = false
12.965250000008382	EXP	instruction_text2: italic = false
12.965250000008382	EXP	instruction_text2: alignHoriz = "left"
12.965250000008382	EXP	instruction_text2: alignVert = "center"
12.965250000008382	EXP	instruction_text2: wrapWidth = 1
12.965250000008382	EXP	instruction_text2: flipHoriz = false
12.965250000008382	EXP	instruction_text2: flipVert = false
12.965250000008382	EXP	show_text: units = "norm"
12.965250000008382	EXP	show_text: ori = 0
12.965250000008382	EXP	show_text: opacity = 1
12.965250000008382	EXP	show_text: pos = [0,0]
12.965250000008382	EXP	show_text: size = undefined
12.965250000008382	EXP	show_text: text = "asztal"
12.965250000008382	EXP	show_text: font = "Arial"
12.965250000008382	EXP	show_text: color = {"_hex":"#FFFFFF","_rgb":[1,1,1]}
12.965250000008382	EXP	show_text: contrast = 1
12.965250000008382	EXP	show_text: height = 0.2
12.965250000008382	EXP	show_text: bold = false
12.965250000008382	EXP	show_text: italic = false
12.965250000008382	EXP	show_text: alignHoriz = "left"
12.965250000008382	EXP	show_text: alignVert = "center"
12.965250000008382	EXP	show_text: wrapWidth = 1
12.965250000008382	EXP	show_text: flipHoriz = false
12.965250000008382	EXP	show_text: flipVert = false
12.965250000008382	EXP	text: units = "norm"
12.965250000008382	EXP	text: ori = 0
12.965250000008382	EXP	text: opacity = 1
12.965250000008382	EXP	text: pos = [0,0]
12.965250000008382	EXP	text: size = undefined
12.965250000008382	EXP	text: text = "bzsmfsztal"
12.965250000008382	EXP	text: font = "Arial"
12.965250000008382	EXP	text: color = {"_hex":"#FFFFFF","_rgb":[1,1,1]}
12.965250000008382	EXP	text: contrast = 1
12.965250000008382	EXP	text: height = 0.2
12.965250000008382	EXP	text: bold = false
12.965250000008382	EXP	text: italic = false
12.965250000008382	EXP	text: alignHoriz = "left"
12.965250000008382	EXP	text: alignVert = "center"
12.965250000008382	EXP	text: wrapWidth = 1
12.965250000008382	EXP	text: flipHoriz = false
12.965250000008382	EXP	text: flipVert = false
12.965250000008382	EXP	instruction_text3: units = "norm"
12.965250000008382	EXP	instruction_text3: ori = 0
12.965250000008382	EXP	instruction_text3: opacity = 1
12.965250000008382	EXP	instruction_text3: pos = [0,0]
12.965250000008382	EXP	instruction_text3: size = undefined
12.965250000008382	EXP	instruction_text3: text = "Pazar. Most kezdődik az igazi kísérlet. Néhány percig fog tartani. Nem kell nagyon sietnie, de igyekezzen gyorsan válaszolni.\n\nNe feledje, ha tudja, a jobb gombot a jobbkezével, a bal gombot a balkezével nyomja le.\n\nNyomjon meg bármilyen gombot a folytatáshoz."
12.965250000008382	EXP	instruction_text3: font = "Arial"
12.965250000008382	EXP	instruction_text3: color = {"_hex":"#FFFFFF","_rgb":[1,1,1]}
12.965250000008382	EXP	instruction_text3: contrast = 1
12.965250000008382	EXP	instruction_text3: height = 0.1
12.965250000008382	EXP	instruction_text3: bold = false
12.965250000008382	EXP	instruction_text3: italic = false
12.965250000008382	EXP	instruction_text3: alignHoriz = "left"
12.965250000008382	EXP	instruction_text3: alignVert = "center"
12.965250000008382	EXP	instruction_text3: wrapWidth = 1
12.965250000008382	EXP	instruction_text3: flipHoriz = false
12.965250000008382	EXP	instruction_text3: flipVert = false
12.965250000008382	EXP	szo_kiir: units = "norm"
12.965250000008382	EXP	szo_kiir: ori = 0
12.965250000008382	EXP	szo_kiir: opacity = 1
12.965250000008382	EXP	szo_kiir: pos = [0,0]
12.965250000008382	EXP	szo_kiir: size = undefined
12.965250000008382	EXP	szo_kiir: text = "default text"
12.965250000008382	EXP	szo_kiir: font = "Arial"
12.965250000008382	EXP	szo_kiir: color = {"_hex":"#FFFFFF","_rgb":[1,1,1]}
12.965250000008382	EXP	szo_kiir: contrast = 1
12.965250000008382	EXP	szo_kiir: height = 0.2
12.965250000008382	EXP	szo_kiir: bold = false
12.965250000008382	EXP	szo_kiir: italic = false
12.965250000008382	EXP	szo_kiir: alignHoriz = "left"
12.965250000008382	EXP	szo_kiir: alignVert = "center"
12.965250000008382	EXP	szo_kiir: wrapWidth = 1
12.965250000008382	EXP	szo_kiir: flipHoriz = false
12.965250000008382	EXP	szo_kiir: flipVert = false
12.965250000008382	EXP	koszi_szoveg: units = "norm"
12.965250000008382	EXP	koszi_szoveg: ori = 0
12.965250000008382	EXP	koszi_szoveg: opacity = 1
12.965250000008382	EXP	koszi_szoveg: pos = [0,0]
12.965250000008382	EXP	koszi_szoveg: size = undefined
12.965250000008382	EXP	koszi_szoveg: text = "Vége a kísérletnek. Köszönjük a részvételt!"
12.965250000008382	EXP	koszi_szoveg: font = "arial"
12.965250000008382	EXP	koszi_szoveg: color = {"_rgb":[1,1,1]}
12.965250000008382	EXP	koszi_szoveg: contrast = 1
12.965250000008382	EXP	koszi_szoveg: height = 0.1
12.965250000008382	EXP	koszi_szoveg: bold = false
12.965250000008382	EXP	koszi_szoveg: italic = false
12.965250000008382	EXP	koszi_szoveg: alignHoriz = "left"
12.965250000008382	EXP	koszi_szoveg: alignVert = "center"
12.965250000008382	EXP	koszi_szoveg: wrapWidth = 1
12.965250000008382	EXP	koszi_szoveg: flipHoriz = false
12.965250000008382	EXP	koszi_szoveg: flipVert = false
12.965250000008382	EXP	instruction_text1: autoDraw = true
18.530254999990575	DATA	Keydown:  
18.556375000043772	EXP	instruction_text1: autoDraw = false
18.556375000043772	EXP	instruction_text2: autoDraw = true
21.332829999970272	DATA	Keydown:  
21.34045000001788	EXP	instruction_text2: autoDraw = false
21.874754999997094	EXP	show_text: autoDraw = true
22.275950000039302	DATA	Keydown: ArrowRight
22.291964999982156	EXP	show_text: autoDraw = false
22.817009999998845	EXP	text: autoDraw = true
23.847070000017993	DATA	Keydown: ArrowLeft
23.89583000005223	EXP	text: autoDraw = false
23.89583000005223	EXP	instruction_text3: autoDraw = true
30.543015000061132	DATA	Keydown:  
30.60379500000272	EXP	instruction_text3: autoDraw = false
30.60379500000272	EXP	szo_kiir: color = {"_rgb":[1,1,1]}
30.60379500000272	EXP	szo_kiir: text = "likálható"
31.12294999998994	EXP	szo_kiir: autoDraw = true
31.972150000045076	DATA	Keydown: ArrowLeft
31.989500000025146	EXP	szo_kiir: autoDraw = false
31.989500000025146	EXP	szo_kiir: color = {"_rgb":[1,1,1]}
31.989500000025146	EXP	szo_kiir: text = "megy"
32.50881499995012	EXP	szo_kiir: autoDraw = true
33.01179999997839	DATA	Keydown: ArrowRight
33.0456449999474	EXP	szo_kiir: autoDraw = false
33.0456449999474	EXP	szo_kiir: color = {"_rgb":[1,1,1]}
33.0456449999474	EXP	szo_kiir: text = "speciális"
33.558339999988675	EXP	szo_kiir: autoDraw = true
33.94409500004258	DATA	Keydown: ArrowRight
33.954245000029914	EXP	szo_kiir: autoDraw = false
33.954245000029914	EXP	szo_kiir: color = {"_rgb":[1,1,1]}
33.954245000029914	EXP	szo_kiir: text = "friss"
34.474500000011176	EXP	szo_kiir: autoDraw = true
34.84162500000093	DATA	Keydown: ArrowRight
34.86231500003487	EXP	szo_kiir: autoDraw = false
34.86231500003487	EXP	szo_kiir: color = {"_rgb":[1,1,1]}
34.86231500003487	EXP	szo_kiir: text = "megköny"
35.3722200000193	EXP	szo_kiir: autoDraw = true
35.83902499999385	DATA	Keydown: ArrowRight
35.85370500001591	EXP	szo_kiir: autoDraw = false
35.85370500001591	EXP	szo_kiir: color = {"_rgb":[1,1,1]}
35.85370500001591	EXP	szo_kiir: text = "függ"
36.374154999968596	EXP	szo_kiir: autoDraw = true
37.38697500003036	DATA	Keydown: ArrowRight
37.40086499997415	EXP	szo_kiir: autoDraw = false
37.40086499997415	EXP	szo_kiir: color = {"_rgb":[1,1,1]}
37.40086499997415	EXP	szo_kiir: text = "dolgozik"
37.90722000005189	EXP	szo_kiir: autoDraw = true
38.636599999968894	DATA	Keydown: ArrowRight
38.659575000056066	EXP	szo_kiir: autoDraw = false
38.659575000056066	EXP	szo_kiir: color = {"_rgb":[1,1,1]}
38.659575000056066	EXP	szo_kiir: text = "módszer"
39.17304000002332	EXP	szo_kiir: autoDraw = true
39.90349499997683	DATA	Keydown: ArrowRight
39.91862999997102	EXP	szo_kiir: autoDraw = false
39.91862999997102	EXP	szo_kiir: color = {"_rgb":[1,1,1]}
39.91862999997102	EXP	szo_kiir: text = "fény"
40.44079999998212	EXP	szo_kiir: autoDraw = true
41.134930000058375	DATA	Keydown: ArrowRight
41.17402000003494	EXP	szo_kiir: autoDraw = false
41.17402000003494	EXP	szo_kiir: color = {"_rgb":[1,1,1]}
41.17402000003494	EXP	szo_kiir: text = "szint"
41.688644999987446	EXP	szo_kiir: autoDraw = true
42.13534499995876	DATA	Keydown: ArrowRight
42.151380000053905	EXP	szo_kiir: autoDraw = false
42.151380000053905	EXP	szo_kiir: color = {"_rgb":[1,1,1]}
42.151380000053905	EXP	szo_kiir: text = "tartalom"
42.66692500002682	EXP	szo_kiir: autoDraw = true
43.20187500002794	DATA	Keydown: ArrowRight
43.23054999997839	EXP	szo_kiir: autoDraw = false
43.23054999997839	EXP	szo_kiir: color = {"_rgb":[1,1,1]}
43.23054999997839	EXP	szo_kiir: text = "optimális"
43.73637000005692	EXP	szo_kiir: autoDraw = true
44.28315999999177	DATA	Keydown: ArrowRight
44.29900500003714	EXP	szo_kiir: autoDraw = false
44.29900500003714	EXP	szo_kiir: color = {"_rgb":[1,1,1]}
44.29900500003714	EXP	szo_kiir: text = "ég"
44.82303500000853	EXP	szo_kiir: autoDraw = true
45.45622000005096	DATA	Keydown: ArrowRight
45.47328000003472	EXP	szo_kiir: autoDraw = false
45.47328000003472	EXP	szo_kiir: color = {"_rgb":[1,1,1]}
45.47328000003472	EXP	szo_kiir: text = "karakter"
45.987644999986514	EXP	szo_kiir: autoDraw = true
46.55046000005677	DATA	Keydown: ArrowRight
46.56634999997914	EXP	szo_kiir: autoDraw = false
46.56634999997914	EXP	szo_kiir: color = {"_rgb":[1,1,1]}
46.56634999997914	EXP	szo_kiir: text = "kampány"
47.0863749999553	EXP	szo_kiir: autoDraw = true
47.63373000000138	DATA	Keydown: ArrowRight
47.66127499996219	EXP	szo_kiir: autoDraw = false
47.66127499996219	EXP	szo_kiir: color = {"_rgb":[1,1,1]}
47.66127499996219	EXP	szo_kiir: text = "gondol"
48.16983499994967	EXP	szo_kiir: autoDraw = true
48.83834500005469	DATA	Keydown: ArrowRight
48.84914499998558	EXP	szo_kiir: autoDraw = false
48.84914499998558	EXP	szo_kiir: color = {"_rgb":[1,1,1]}
48.84914499998558	EXP	szo_kiir: text = "átütésetti"
49.3646899999585	EXP	szo_kiir: autoDraw = true
50.19794500002172	DATA	Keydown: ArrowLeft
50.21695999999065	EXP	szo_kiir: autoDraw = false
50.21695999999065	EXP	szo_kiir: color = {"_rgb":[1,1,1]}
50.21695999999065	EXP	szo_kiir: text = "ausztrál"
50.73657499998808	EXP	szo_kiir: autoDraw = true
51.21823500003666	DATA	Keydown: ArrowRight
51.23175999999512	EXP	szo_kiir: autoDraw = false
51.23175999999512	EXP	szo_kiir: color = {"_rgb":[1,1,1]}
51.23175999999512	EXP	szo_kiir: text = "virág"
51.748845000052825	EXP	szo_kiir: autoDraw = true
52.34383499994874	DATA	Keydown: ArrowRight
52.353140000021085	EXP	szo_kiir: autoDraw = false
52.353140000021085	EXP	szo_kiir: color = {"_rgb":[1,1,1]}
52.353140000021085	EXP	szo_kiir: text = "hozandzsa"
52.86840499995742	EXP	szo_kiir: autoDraw = true
53.484694999991916	DATA	Keydown: ArrowLeft
53.49568499997258	EXP	szo_kiir: autoDraw = false
53.49568499997258	EXP	szo_kiir: color = {"_rgb":[1,1,1]}
53.49568499997258	EXP	szo_kiir: text = "sokoldalú"
54.01953499997035	EXP	szo_kiir: autoDraw = true
54.515320000005886	DATA	Keydown: ArrowRight
54.53537000005599	EXP	szo_kiir: autoDraw = false
54.53537000005599	EXP	szo_kiir: color = {"_rgb":[1,1,1]}
54.53537000005599	EXP	szo_kiir: text = "orr"
55.04578000004403	EXP	szo_kiir: autoDraw = true
55.674445000011474	DATA	Keydown: ArrowRight
55.68658500001766	EXP	szo_kiir: autoDraw = false
55.68658500001766	EXP	szo_kiir: color = {"_rgb":[1,1,1]}
55.68658500001766	EXP	szo_kiir: text = "forgatókönyv"
56.20169999997597	EXP	szo_kiir: autoDraw = true
57.15492000000086	DATA	Keydown: ArrowRight
57.16737000003923	EXP	szo_kiir: autoDraw = false
57.16737000003923	EXP	szo_kiir: color = {"_rgb":[1,1,1]}
57.16737000003923	EXP	szo_kiir: text = "ponálgai"
57.683349999948405	EXP	szo_kiir: autoDraw = true
58.64135000004899	DATA	Keydown: ArrowLeft
58.644644999993034	EXP	szo_kiir: autoDraw = false
58.644644999993034	EXP	szo_kiir: color = {"_rgb":[1,1,1]}
58.644644999993034	EXP	szo_kiir: text = "producer"
59.16148999996949	EXP	szo_kiir: autoDraw = true
59.75106499996036	DATA	Keydown: ArrowLeft
59.76026999996975	EXP	szo_kiir: autoDraw = false
59.76026999996975	EXP	szo_kiir: color = {"_rgb":[1,1,1]}
59.76026999996975	EXP	szo_kiir: text = "alapszik"
60.28243999998085	EXP	szo_kiir: autoDraw = true
61.05070000002161	DATA	Keydown: ArrowLeft
61.061495000030845	EXP	szo_kiir: autoDraw = false
61.061495000030845	EXP	szo_kiir: color = {"_rgb":[1,1,1]}
61.061495000030845	EXP	szo_kiir: text = "gótikus"
61.58191499998793	EXP	szo_kiir: autoDraw = true
62.06993999995757	DATA	Keydown: ArrowLeft
62.07886000000872	EXP	szo_kiir: autoDraw = false
62.07886000000872	EXP	szo_kiir: color = {"_rgb":[1,1,1]}
62.07886000000872	EXP	szo_kiir: text = "kilogramm"
62.59822000004351	EXP	szo_kiir: autoDraw = true
63.128810000023805	DATA	Keydown: ArrowLeft
63.14411500003189	EXP	szo_kiir: autoDraw = false
63.14411500003189	EXP	szo_kiir: color = {"_rgb":[1,1,1]}
63.14411500003189	EXP	szo_kiir: text = "villany"
63.66443000000436	EXP	szo_kiir: autoDraw = true
64.20236999995541	DATA	Keydown: ArrowLeft
64.21043500001542	EXP	szo_kiir: autoDraw = false
64.21043500001542	EXP	szo_kiir: color = {"_rgb":[1,1,1]}
64.21043500001542	EXP	szo_kiir: text = "késik"
64.73024000006262	EXP	szo_kiir: autoDraw = true
65.32637000002433	DATA	Keydown: ArrowLeft
65.34447500004899	EXP	szo_kiir: autoDraw = false
65.34447500004899	EXP	koszi_szoveg: autoDraw = true
