0.09074000001419336	EXP	Created Window = Window( name=Window, fullscr=true, color=#000000, units=norm, waitBlanking=true, autoLog=true, size=[1600,757] )
3.024039999989327	DATA	Keydown: 1
3.026529999973718	DATA	Keydown: 2
4.787910000013653	DATA	Keydown: Backspace
5.118360000022221	DATA	Keydown: 3
5.554609999991953	DATA	Keydown: 8
5.770329999970272	DATA	Keydown: 2
9.818834999983665	DATA	Keydown: Shift
9.923070000018924	DATA	Keydown: F
10.37906499998644	DATA	Keydown: é
10.537595000001602	DATA	Keydown: r
10.965749999973923	DATA	Keydown: f
11.17738000000827	DATA	Keydown: i
13.617689999984577	DATA	Keydown: 1
14.08904499997152	DATA	Keydown: 9
14.410359999979846	DATA	Keydown: 7
14.623789999983273	DATA	Keydown: 6
17.255149999982677	DATA	Keydown: 2
17.52684499998577	DATA	Keydown: 0
28.332519999996293	EXP	Created instruction_text1 = TextStim( name=instruction_text1, win=Window( name=Window, fullscr=true, color=#000000, ~), autoDraw=null, autoLog=true, units=norm, ori=null, opacity=1, pos=[0,0], size=undefined, text=Ön most szavakat fog látni.

Ezek között lesznek o~, font=Arial, color=#ffffff, contrast=1, height=0.05, bold=null, italic=null, alignHoriz=left, alignVert=center, wrapWidth=1, flipHoriz=null, flipVert=null )
28.353925000003073	EXP	Created instruction_text2 = TextStim( name=instruction_text2, win=Window( name=Window, fullscr=true, color=#000000, ~), autoDraw=null, autoLog=true, units=norm, ori=null, opacity=1, pos=[0,0], size=undefined, text=Először két egyszerű példát mutatunk Önnek.

Az el~, font=Arial, color=#FFFFFF, contrast=1, height=0.05, bold=null, italic=null, alignHoriz=left, alignVert=center, wrapWidth=1, flipHoriz=null, flipVert=null )
28.35834999999497	EXP	Created show_text = TextStim( name=show_text, win=Window( name=Window, fullscr=true, color=#000000, ~), autoDraw=null, autoLog=true, units=norm, ori=null, opacity=1, pos=[0,0], size=undefined, text=asztal, font=Arial, color=#FFFFFF, contrast=1, height=0.2, bold=null, italic=null, alignHoriz=left, alignVert=center, wrapWidth=1, flipHoriz=null, flipVert=null )
28.364285000017844	EXP	Created text = TextStim( name=text, win=Window( name=Window, fullscr=true, color=#000000, ~), autoDraw=null, autoLog=true, units=norm, ori=null, opacity=1, pos=[0,0], size=undefined, text=bzsmfsztal, font=Arial, color=#FFFFFF, contrast=1, height=0.2, bold=null, italic=null, alignHoriz=left, alignVert=center, wrapWidth=1, flipHoriz=null, flipVert=null )
28.367764999973588	EXP	Created instruction_text3 = TextStim( name=instruction_text3, win=Window( name=Window, fullscr=true, color=#000000, ~), autoDraw=null, autoLog=true, units=norm, ori=null, opacity=1, pos=[0,0], size=undefined, text=Pazar. Most kezdődik az igazi kísérlet. Néhány per~, font=Arial, color=#FFFFFF, contrast=1, height=0.1, bold=null, italic=null, alignHoriz=left, alignVert=center, wrapWidth=1, flipHoriz=null, flipVert=null )
28.37231999996584	EXP	Created szo_kiir = TextStim( name=szo_kiir, win=Window( name=Window, fullscr=true, color=#000000, ~), autoDraw=null, autoLog=true, units=norm, ori=null, opacity=1, pos=[0,0], size=undefined, text=default text, font=Arial, color=#FFFFFF, contrast=1, height=0.2, bold=null, italic=null, alignHoriz=left, alignVert=center, wrapWidth=1, flipHoriz=null, flipVert=null )
28.37489999999525	EXP	Created koszi_szoveg = TextStim( name=koszi_szoveg, win=Window( name=Window, fullscr=true, color=#000000, ~), autoDraw=null, autoLog=true, units=norm, ori=null, opacity=1, pos=[0,0], size=undefined, text=Vége a kísérletnek. Köszönjük a részvételt!, font=arial, color=#ffffff, contrast=1, height=0.1, bold=null, italic=null, alignHoriz=left, alignVert=center, wrapWidth=1, flipHoriz=null, flipVert=null )
28.479600000020582	EXP	instruction_text1: units = "norm"
28.479600000020582	EXP	instruction_text1: ori = 0
28.479600000020582	EXP	instruction_text1: opacity = 1
28.479600000020582	EXP	instruction_text1: pos = [0,0]
28.479600000020582	EXP	instruction_text1: size = undefined
28.479600000020582	EXP	instruction_text1: text = "Ön most szavakat fog látni.\n\nEzek között lesznek olyanok, amelyeket ismer, de előfordulhatnak olyanok is, amelyeket nem ismer, sőt, vannak köztük kitalált szavak is. \n\nKérjük, ha ismeri a képernyőn látható szót, nyomja meg a JOBB kurzorbillentyűt.\nKérjük, ha NEM ismeri a képernyőn látható szót, vagy azt gondolja, nincs ilyen szó a magyarban, nyomja meg a BAL kurzorbillentyűt.\n\nAz 'Ismerem a szót' döntés itt most ezt jelenti: találkoztam már vele, és van valami elképzelésem a jelentéséről is.  \n\nNyomjon meg bármilyen billentyűt a folytatáshoz."
28.479600000020582	EXP	instruction_text1: font = "Arial"
28.479600000020582	EXP	instruction_text1: color = {"_rgb":[1,1,1]}
28.479600000020582	EXP	instruction_text1: contrast = 1
28.479600000020582	EXP	instruction_text1: height = 0.05
28.479600000020582	EXP	instruction_text1: bold = false
28.479600000020582	EXP	instruction_text1: italic = false
28.479600000020582	EXP	instruction_text1: alignHoriz = "left"
28.479600000020582	EXP	instruction_text1: alignVert = "center"
28.479600000020582	EXP	instruction_text1: wrapWidth = 1
28.479600000020582	EXP	instruction_text1: flipHoriz = false
28.479600000020582	EXP	instruction_text1: flipVert = false
28.479600000020582	EXP	instruction_text2: units = "norm"
28.479600000020582	EXP	instruction_text2: ori = 0
28.479600000020582	EXP	instruction_text2: opacity = 1
28.479600000020582	EXP	instruction_text2: pos = [0,0]
28.479600000020582	EXP	instruction_text2: size = undefined
28.479600000020582	EXP	instruction_text2: text = "Először két egyszerű példát mutatunk Önnek.\n\nAz első szó létezik a magyarban, és valószínűleg Ön is ismeri. Itt nyomja majd meg a jobb kurzorbillentyűt.\nA második szó nem létezik a magyar nyelvben. Itt nyomja majd meg a bal kurzorbillentyűt.\n\nFontos, hogy a jobb gombot a jobb kezével, a bal gombot a bal kezével nyomja, ha tudja, és ne egy kezét használja a kísérletben.\n\nNyomjon meg bármilyen gombot a folytatáshoz."
28.479600000020582	EXP	instruction_text2: font = "Arial"
28.479600000020582	EXP	instruction_text2: color = {"_hex":"#FFFFFF","_rgb":[1,1,1]}
28.479600000020582	EXP	instruction_text2: contrast = 1
28.479600000020582	EXP	instruction_text2: height = 0.05
28.479600000020582	EXP	instruction_text2: bold = false
28.479600000020582	EXP	instruction_text2: italic = false
28.479600000020582	EXP	instruction_text2: alignHoriz = "left"
28.479600000020582	EXP	instruction_text2: alignVert = "center"
28.479600000020582	EXP	instruction_text2: wrapWidth = 1
28.479600000020582	EXP	instruction_text2: flipHoriz = false
28.479600000020582	EXP	instruction_text2: flipVert = false
28.479600000020582	EXP	show_text: units = "norm"
28.479600000020582	EXP	show_text: ori = 0
28.479600000020582	EXP	show_text: opacity = 1
28.479600000020582	EXP	show_text: pos = [0,0]
28.479600000020582	EXP	show_text: size = undefined
28.479600000020582	EXP	show_text: text = "asztal"
28.479600000020582	EXP	show_text: font = "Arial"
28.479600000020582	EXP	show_text: color = {"_hex":"#FFFFFF","_rgb":[1,1,1]}
28.479600000020582	EXP	show_text: contrast = 1
28.479600000020582	EXP	show_text: height = 0.2
28.479600000020582	EXP	show_text: bold = false
28.479600000020582	EXP	show_text: italic = false
28.479600000020582	EXP	show_text: alignHoriz = "left"
28.479600000020582	EXP	show_text: alignVert = "center"
28.479600000020582	EXP	show_text: wrapWidth = 1
28.479600000020582	EXP	show_text: flipHoriz = false
28.479600000020582	EXP	show_text: flipVert = false
28.479600000020582	EXP	text: units = "norm"
28.479600000020582	EXP	text: ori = 0
28.479600000020582	EXP	text: opacity = 1
28.479600000020582	EXP	text: pos = [0,0]
28.479600000020582	EXP	text: size = undefined
28.479600000020582	EXP	text: text = "bzsmfsztal"
28.479600000020582	EXP	text: font = "Arial"
28.479600000020582	EXP	text: color = {"_hex":"#FFFFFF","_rgb":[1,1,1]}
28.479600000020582	EXP	text: contrast = 1
28.479600000020582	EXP	text: height = 0.2
28.479600000020582	EXP	text: bold = false
28.479600000020582	EXP	text: italic = false
28.479600000020582	EXP	text: alignHoriz = "left"
28.479600000020582	EXP	text: alignVert = "center"
28.479600000020582	EXP	text: wrapWidth = 1
28.479600000020582	EXP	text: flipHoriz = false
28.479600000020582	EXP	text: flipVert = false
28.479600000020582	EXP	instruction_text3: units = "norm"
28.479600000020582	EXP	instruction_text3: ori = 0
28.479600000020582	EXP	instruction_text3: opacity = 1
28.479600000020582	EXP	instruction_text3: pos = [0,0]
28.479600000020582	EXP	instruction_text3: size = undefined
28.479600000020582	EXP	instruction_text3: text = "Pazar. Most kezdődik az igazi kísérlet. Néhány percig fog tartani. Nem kell nagyon sietnie, de igyekezzen gyorsan válaszolni.\n\nNe feledje, ha tudja, a jobb gombot a jobbkezével, a bal gombot a balkezével nyomja le.\n\nNyomjon meg bármilyen gombot a folytatáshoz."
28.479600000020582	EXP	instruction_text3: font = "Arial"
28.479600000020582	EXP	instruction_text3: color = {"_hex":"#FFFFFF","_rgb":[1,1,1]}
28.479600000020582	EXP	instruction_text3: contrast = 1
28.479600000020582	EXP	instruction_text3: height = 0.1
28.479600000020582	EXP	instruction_text3: bold = false
28.479600000020582	EXP	instruction_text3: italic = false
28.479600000020582	EXP	instruction_text3: alignHoriz = "left"
28.479600000020582	EXP	instruction_text3: alignVert = "center"
28.479600000020582	EXP	instruction_text3: wrapWidth = 1
28.479600000020582	EXP	instruction_text3: flipHoriz = false
28.479600000020582	EXP	instruction_text3: flipVert = false
28.479600000020582	EXP	szo_kiir: units = "norm"
28.479600000020582	EXP	szo_kiir: ori = 0
28.479600000020582	EXP	szo_kiir: opacity = 1
28.479600000020582	EXP	szo_kiir: pos = [0,0]
28.479600000020582	EXP	szo_kiir: size = undefined
28.479600000020582	EXP	szo_kiir: text = "default text"
28.479600000020582	EXP	szo_kiir: font = "Arial"
28.479600000020582	EXP	szo_kiir: color = {"_hex":"#FFFFFF","_rgb":[1,1,1]}
28.479600000020582	EXP	szo_kiir: contrast = 1
28.479600000020582	EXP	szo_kiir: height = 0.2
28.479600000020582	EXP	szo_kiir: bold = false
28.479600000020582	EXP	szo_kiir: italic = false
28.479600000020582	EXP	szo_kiir: alignHoriz = "left"
28.479600000020582	EXP	szo_kiir: alignVert = "center"
28.479600000020582	EXP	szo_kiir: wrapWidth = 1
28.479600000020582	EXP	szo_kiir: flipHoriz = false
28.479600000020582	EXP	szo_kiir: flipVert = false
28.479600000020582	EXP	koszi_szoveg: units = "norm"
28.479600000020582	EXP	koszi_szoveg: ori = 0
28.479600000020582	EXP	koszi_szoveg: opacity = 1
28.479600000020582	EXP	koszi_szoveg: pos = [0,0]
28.479600000020582	EXP	koszi_szoveg: size = undefined
28.479600000020582	EXP	koszi_szoveg: text = "Vége a kísérletnek. Köszönjük a részvételt!"
28.479600000020582	EXP	koszi_szoveg: font = "arial"
28.479600000020582	EXP	koszi_szoveg: color = {"_rgb":[1,1,1]}
28.479600000020582	EXP	koszi_szoveg: contrast = 1
28.479600000020582	EXP	koszi_szoveg: height = 0.1
28.479600000020582	EXP	koszi_szoveg: bold = false
28.479600000020582	EXP	koszi_szoveg: italic = false
28.479600000020582	EXP	koszi_szoveg: alignHoriz = "left"
28.479600000020582	EXP	koszi_szoveg: alignVert = "center"
28.479600000020582	EXP	koszi_szoveg: wrapWidth = 1
28.479600000020582	EXP	koszi_szoveg: flipHoriz = false
28.479600000020582	EXP	koszi_szoveg: flipVert = false
28.479600000020582	EXP	instruction_text1: autoDraw = true
51.71038000000408	DATA	Keydown:  
51.76962500001537	EXP	instruction_text1: autoDraw = false
51.76962500001537	EXP	instruction_text2: autoDraw = true
66.6425300000119	DATA	Keydown:  
66.69539999996778	EXP	instruction_text2: autoDraw = false
67.24671999999555	EXP	show_text: autoDraw = true
68.49543499998981	DATA	Keydown: ArrowRight
68.5485200000112	EXP	show_text: autoDraw = false
69.09014499996556	EXP	text: autoDraw = true
70.28499000001466	DATA	Keydown: ArrowLeft
70.36031499999808	EXP	text: autoDraw = false
70.36031499999808	EXP	instruction_text3: autoDraw = true
80.3159100000048	DATA	Keydown:  
80.4220300000161	EXP	instruction_text3: autoDraw = false
80.4220300000161	EXP	szo_kiir: color = {"_rgb":[1,1,1]}
80.4220300000161	EXP	szo_kiir: text = "nehéz"
80.96317000000272	EXP	szo_kiir: autoDraw = true
81.61320999998134	DATA	Keydown: ArrowRight
81.66636999999173	EXP	szo_kiir: autoDraw = false
81.66636999999173	EXP	szo_kiir: color = {"_rgb":[1,1,1]}
81.66636999999173	EXP	szo_kiir: text = "dolog"
82.20750499999849	EXP	szo_kiir: autoDraw = true
82.91250999999465	DATA	Keydown: ArrowRight
82.98271000001114	EXP	szo_kiir: autoDraw = false
82.98271000001114	EXP	szo_kiir: color = {"_rgb":[1,1,1]}
82.98271000001114	EXP	szo_kiir: text = "nyelv"
83.52512499998556	EXP	szo_kiir: autoDraw = true
84.39357000001473	DATA	Keydown: ArrowRight
84.446809999994	EXP	szo_kiir: autoDraw = false
84.446809999994	EXP	szo_kiir: color = {"_rgb":[1,1,1]}
84.446809999994	EXP	szo_kiir: text = "felján"
84.98809499997878	EXP	szo_kiir: autoDraw = true
85.9651399999857	DATA	Keydown: ArrowLeft
86.03093000000808	EXP	szo_kiir: autoDraw = false
86.03093000000808	EXP	szo_kiir: color = {"_rgb":[1,1,1]}
86.03093000000808	EXP	szo_kiir: text = "név"
86.58954499999527	EXP	szo_kiir: autoDraw = true
87.24280000000726	DATA	Keydown: ArrowRight
87.29680499999085	EXP	szo_kiir: autoDraw = false
87.29680499999085	EXP	szo_kiir: color = {"_rgb":[1,1,1]}
87.29680499999085	EXP	szo_kiir: text = "esemény"
87.83938499999931	EXP	szo_kiir: autoDraw = true
88.8768750000163	DATA	Keydown: ArrowRight
88.95405000000028	EXP	szo_kiir: autoDraw = false
88.95405000000028	EXP	szo_kiir: color = {"_rgb":[1,1,1]}
88.95405000000028	EXP	szo_kiir: text = "kész"
89.49673499999335	EXP	szo_kiir: autoDraw = true
90.09729000000516	DATA	Keydown: ArrowRight
90.15029999997932	EXP	szo_kiir: autoDraw = false
90.15029999997932	EXP	szo_kiir: color = {"_rgb":[1,1,1]}
90.15029999997932	EXP	szo_kiir: text = "alap"
90.69412000000011	EXP	szo_kiir: autoDraw = true
91.30134000000544	DATA	Keydown: ArrowRight
91.35800000000745	EXP	szo_kiir: autoDraw = false
91.35800000000745	EXP	szo_kiir: color = {"_rgb":[1,1,1]}
91.35800000000745	EXP	szo_kiir: text = "mond"
91.90038000000641	EXP	szo_kiir: autoDraw = true
92.56545499997446	DATA	Keydown: ArrowRight
92.61868999997387	EXP	szo_kiir: autoDraw = false
92.61868999997387	EXP	szo_kiir: color = {"_rgb":[1,1,1]}
92.61868999997387	EXP	szo_kiir: text = "szexuális"
93.16145499999402	EXP	szo_kiir: autoDraw = true
94.20479499996873	DATA	Keydown: ArrowRight
94.26819500001147	EXP	szo_kiir: autoDraw = false
94.26819500001147	EXP	szo_kiir: color = {"_rgb":[1,1,1]}
94.26819500001147	EXP	szo_kiir: text = "alkalom"
94.79465499997605	EXP	szo_kiir: autoDraw = true
95.55872500000987	DATA	Keydown: ArrowRight
95.6120949999895	EXP	szo_kiir: autoDraw = false
95.6120949999895	EXP	szo_kiir: color = {"_rgb":[1,1,1]}
95.6120949999895	EXP	szo_kiir: text = "szempont"
96.15361500001745	EXP	szo_kiir: autoDraw = true
96.77966499998001	DATA	Keydown: ArrowRight
96.84791499999119	EXP	szo_kiir: autoDraw = false
96.84791499999119	EXP	szo_kiir: color = {"_rgb":[1,1,1]}
96.84791499999119	EXP	szo_kiir: text = "réteg"
97.34857999999076	EXP	szo_kiir: autoDraw = true
98.11099000001559	DATA	Keydown: ArrowRight
98.16405000002123	EXP	szo_kiir: autoDraw = false
98.16405000002123	EXP	szo_kiir: color = {"_rgb":[1,1,1]}
98.16405000002123	EXP	szo_kiir: text = "fut"
98.70409499999369	EXP	szo_kiir: autoDraw = true
99.30045999999857	DATA	Keydown: ArrowRight
99.3566100000171	EXP	szo_kiir: autoDraw = false
99.3566100000171	EXP	szo_kiir: color = {"_rgb":[1,1,1]}
99.3566100000171	EXP	szo_kiir: text = "alukandós"
99.89687499997672	EXP	szo_kiir: autoDraw = true
101.96250999998301	DATA	Keydown: ArrowLeft
102.01549999997951	EXP	szo_kiir: autoDraw = false
102.01549999997951	EXP	szo_kiir: color = {"_rgb":[1,1,1]}
102.01549999997951	EXP	szo_kiir: text = "látvány"
102.55703999998514	EXP	szo_kiir: autoDraw = true
103.37413499999093	DATA	Keydown: ArrowRight
103.4313700000057	EXP	szo_kiir: autoDraw = false
103.4313700000057	EXP	szo_kiir: color = {"_rgb":[1,1,1]}
103.4313700000057	EXP	szo_kiir: text = "pár"
103.97270500002196	EXP	szo_kiir: autoDraw = true
104.69143000000622	DATA	Keydown: ArrowRight
104.74799000000348	EXP	szo_kiir: autoDraw = false
104.74799000000348	EXP	szo_kiir: color = {"_rgb":[1,1,1]}
104.74799000000348	EXP	szo_kiir: text = "ausztrál"
105.2987950000097	EXP	szo_kiir: autoDraw = true
106.60904499999015	DATA	Keydown: ArrowRight
106.665084999986	EXP	szo_kiir: autoDraw = false
106.665084999986	EXP	szo_kiir: color = {"_rgb":[1,1,1]}
106.665084999986	EXP	szo_kiir: text = "vicc"
107.2141249999986	EXP	szo_kiir: autoDraw = true
107.91960000002291	DATA	Keydown: ArrowRight
107.97439499996835	EXP	szo_kiir: autoDraw = false
107.97439499996835	EXP	szo_kiir: color = {"_rgb":[1,1,1]}
107.97439499996835	EXP	szo_kiir: text = "daragasi"
108.5224000000162	EXP	szo_kiir: autoDraw = true
110.09956499998225	DATA	Keydown: ArrowLeft
110.15736499999184	EXP	szo_kiir: autoDraw = false
110.15736499999184	EXP	szo_kiir: color = {"_rgb":[1,1,1]}
110.15736499999184	EXP	szo_kiir: text = "meggyabb"
110.69812999997521	EXP	szo_kiir: autoDraw = true
112.98495499999262	DATA	Keydown: ArrowLeft
113.03784499998437	EXP	szo_kiir: autoDraw = false
113.03784499998437	EXP	szo_kiir: color = {"_rgb":[1,1,1]}
113.03784499998437	EXP	szo_kiir: text = "tánló"
113.58037500001956	EXP	szo_kiir: autoDraw = true
115.09928999998374	DATA	Keydown: ArrowLeft
115.16470500000287	EXP	szo_kiir: autoDraw = false
115.16470500000287	EXP	szo_kiir: color = {"_rgb":[1,1,1]}
115.16470500000287	EXP	szo_kiir: text = "homok"
115.71342499996535	EXP	szo_kiir: autoDraw = true
116.4867249999661	DATA	Keydown: ArrowRight
116.5398999999743	EXP	szo_kiir: autoDraw = false
116.5398999999743	EXP	szo_kiir: color = {"_rgb":[1,1,1]}
116.5398999999743	EXP	szo_kiir: text = "gótikus"
117.09706499997992	EXP	szo_kiir: autoDraw = true
117.92849500000011	DATA	Keydown: ArrowRight
117.98852999997325	EXP	szo_kiir: autoDraw = false
117.98852999997325	EXP	szo_kiir: color = {"_rgb":[1,1,1]}
117.98852999997325	EXP	szo_kiir: text = "lebeg"
118.53074999997625	EXP	szo_kiir: autoDraw = true
119.35828499996569	DATA	Keydown: ArrowRight
119.41115499997977	EXP	szo_kiir: autoDraw = false
119.41115499997977	EXP	szo_kiir: color = {"_rgb":[1,1,1]}
119.41115499997977	EXP	szo_kiir: text = "szichosol"
119.95092500001192	EXP	szo_kiir: autoDraw = true
121.84973999997601	DATA	Keydown: ArrowLeft
121.9056349999737	EXP	szo_kiir: autoDraw = false
121.9056349999737	EXP	szo_kiir: color = {"_rgb":[1,1,1]}
121.9056349999737	EXP	szo_kiir: text = "mítosz"
122.44834000000264	EXP	szo_kiir: autoDraw = true
123.31799499999033	DATA	Keydown: ArrowRight
123.37071499996819	EXP	szo_kiir: autoDraw = false
123.37071499996819	EXP	szo_kiir: color = {"_rgb":[1,1,1]}
123.37071499996819	EXP	szo_kiir: text = "esztikussz"
123.9104599999846	EXP	szo_kiir: autoDraw = true
125.59120500000427	DATA	Keydown: ArrowLeft
125.64647999999579	EXP	szo_kiir: autoDraw = false
125.64647999999579	EXP	szo_kiir: color = {"_rgb":[1,1,1]}
125.64647999999579	EXP	szo_kiir: text = "imád"
126.18802499998128	EXP	szo_kiir: autoDraw = true
126.89386499999091	DATA	Keydown: ArrowRight
126.94754500000272	EXP	szo_kiir: autoDraw = false
126.94754500000272	EXP	szo_kiir: color = {"_rgb":[1,1,1]}
126.94754500000272	EXP	szo_kiir: text = "moderátor"
127.4888149999897	EXP	szo_kiir: autoDraw = true
128.36125499999616	DATA	Keydown: ArrowRight
128.41784499998903	EXP	szo_kiir: autoDraw = false
128.41784499998903	EXP	szo_kiir: color = {"_rgb":[1,1,1]}
128.41784499998903	EXP	szo_kiir: text = "glükóz"
128.95788000000175	EXP	szo_kiir: autoDraw = true
130.48236999998335	DATA	Keydown: ArrowRight
130.5351999999839	EXP	szo_kiir: autoDraw = false
130.5351999999839	EXP	szo_kiir: color = {"_rgb":[1,1,1]}
130.5351999999839	EXP	szo_kiir: text = "munkálkodik"
131.08901499997592	EXP	szo_kiir: autoDraw = true
132.43069000000833	DATA	Keydown: ArrowRight
132.48918999999296	EXP	szo_kiir: autoDraw = false
132.48918999999296	EXP	szo_kiir: color = {"_rgb":[1,1,1]}
132.48918999999296	EXP	szo_kiir: text = "horizont"
133.03145499998936	EXP	szo_kiir: autoDraw = true
134.00991999998223	DATA	Keydown: ArrowRight
134.06294999999227	EXP	szo_kiir: autoDraw = false
134.06294999999227	EXP	szo_kiir: color = {"_rgb":[1,1,1]}
134.06294999999227	EXP	szo_kiir: text = "napkollektor"
134.60651999997208	EXP	szo_kiir: autoDraw = true
135.8225000000093	DATA	Keydown: ArrowRight
135.8983550000121	EXP	szo_kiir: autoDraw = false
135.8983550000121	EXP	szo_kiir: color = {"_rgb":[1,1,1]}
135.8983550000121	EXP	szo_kiir: text = "kóser"
136.41788500000257	EXP	szo_kiir: autoDraw = true
137.23252000001958	DATA	Keydown: ArrowRight
137.28660499997204	EXP	szo_kiir: autoDraw = false
137.28660499997204	EXP	szo_kiir: color = {"_rgb":[1,1,1]}
137.28660499997204	EXP	szo_kiir: text = "parmezán"
137.826790000021	EXP	szo_kiir: autoDraw = true
138.6975799999782	DATA	Keydown: ArrowRight
138.75358499999857	EXP	szo_kiir: autoDraw = false
138.75358499999857	EXP	szo_kiir: color = {"_rgb":[1,1,1]}
138.75358499999857	EXP	szo_kiir: text = "zörög"
139.29626500001177	EXP	szo_kiir: autoDraw = true
140.00333999999566	DATA	Keydown: ArrowRight
140.0561400000006	EXP	szo_kiir: autoDraw = false
140.0561400000006	EXP	szo_kiir: color = {"_rgb":[1,1,1]}
140.0561400000006	EXP	szo_kiir: text = "légijármű"
140.5988500000094	EXP	szo_kiir: autoDraw = true
141.58090000000084	DATA	Keydown: ArrowRight
141.63525499997195	EXP	szo_kiir: autoDraw = false
141.63525499997195	EXP	szo_kiir: color = {"_rgb":[1,1,1]}
141.63525499997195	EXP	szo_kiir: text = "szótag"
142.17778500000713	EXP	szo_kiir: autoDraw = true
143.10237999999663	DATA	Keydown: ArrowRight
143.15542999998434	EXP	szo_kiir: autoDraw = false
143.15542999998434	EXP	szo_kiir: color = {"_rgb":[1,1,1]}
143.15542999998434	EXP	szo_kiir: text = "nyilváram"
143.69926500000292	EXP	szo_kiir: autoDraw = true
145.37890000001062	DATA	Keydown: ArrowLeft
145.43475499999477	EXP	szo_kiir: autoDraw = false
145.43475499999477	EXP	szo_kiir: color = {"_rgb":[1,1,1]}
145.43475499999477	EXP	szo_kiir: text = "teríték"
145.9773699999787	EXP	szo_kiir: autoDraw = true
146.8066150000086	DATA	Keydown: ArrowRight
146.85942499997327	EXP	szo_kiir: autoDraw = false
146.85942499997327	EXP	szo_kiir: color = {"_rgb":[1,1,1]}
146.85942499997327	EXP	szo_kiir: text = "fűtőanyag"
147.41544000001159	EXP	szo_kiir: autoDraw = true
148.5000599999912	DATA	Keydown: ArrowRight
148.55589000001783	EXP	szo_kiir: autoDraw = false
148.55589000001783	EXP	szo_kiir: color = {"_rgb":[1,1,1]}
148.55589000001783	EXP	szo_kiir: text = "piktogram"
149.09720000001835	EXP	szo_kiir: autoDraw = true
150.07549999997718	DATA	Keydown: ArrowRight
150.12842999998247	EXP	szo_kiir: autoDraw = false
150.12842999998247	EXP	szo_kiir: color = {"_rgb":[1,1,1]}
150.12842999998247	EXP	szo_kiir: text = "vényegő"
150.67707999999402	EXP	szo_kiir: autoDraw = true
151.8815150000155	DATA	Keydown: ArrowLeft
151.93849500000942	EXP	szo_kiir: autoDraw = false
151.93849500000942	EXP	szo_kiir: color = {"_rgb":[1,1,1]}
151.93849500000942	EXP	szo_kiir: text = "árus"
152.4819150000112	EXP	szo_kiir: autoDraw = true
153.4060199999949	DATA	Keydown: ArrowRight
153.45906000002287	EXP	szo_kiir: autoDraw = false
153.45906000002287	EXP	szo_kiir: color = {"_rgb":[1,1,1]}
153.45906000002287	EXP	szo_kiir: text = "téesz"
154.00121999997646	EXP	szo_kiir: autoDraw = true
155.0861300000106	DATA	Keydown: ArrowRight
155.14462500001537	EXP	szo_kiir: autoDraw = false
155.14462500001537	EXP	szo_kiir: color = {"_rgb":[1,1,1]}
155.14462500001537	EXP	szo_kiir: text = "kivitelez"
155.68693500000518	EXP	szo_kiir: autoDraw = true
156.66505999997025	DATA	Keydown: ArrowRight
156.71781000000192	EXP	szo_kiir: autoDraw = false
156.71781000000192	EXP	szo_kiir: color = {"_rgb":[1,1,1]}
156.71781000000192	EXP	szo_kiir: text = "grancs"
157.26068499998655	EXP	szo_kiir: autoDraw = true
158.2911449999665	DATA	Keydown: ArrowRight
158.344150000019	EXP	szo_kiir: autoDraw = false
158.344150000019	EXP	szo_kiir: color = {"_rgb":[1,1,1]}
158.344150000019	EXP	szo_kiir: text = "csobog"
158.8852000000188	EXP	szo_kiir: autoDraw = true
160.02461000002222	DATA	Keydown: ArrowRight
160.08172999997623	EXP	szo_kiir: autoDraw = false
160.08172999997623	EXP	szo_kiir: color = {"_rgb":[1,1,1]}
160.08172999997623	EXP	szo_kiir: text = "oldalszél"
160.62320500001078	EXP	szo_kiir: autoDraw = true
161.54594500001986	DATA	Keydown: ArrowRight
161.5994349999819	EXP	szo_kiir: autoDraw = false
161.5994349999819	EXP	szo_kiir: color = {"_rgb":[1,1,1]}
161.5994349999819	EXP	szo_kiir: text = "balassol"
162.13970499997959	EXP	szo_kiir: autoDraw = true
163.33460499998182	DATA	Keydown: ArrowLeft
163.39200499997241	EXP	szo_kiir: autoDraw = false
163.39200499997241	EXP	szo_kiir: color = {"_rgb":[1,1,1]}
163.39200499997241	EXP	szo_kiir: text = "ivarsejt"
163.94539999996778	EXP	szo_kiir: autoDraw = true
164.7717699999921	DATA	Keydown: ArrowRight
164.82832999998936	EXP	szo_kiir: autoDraw = false
164.82832999998936	EXP	szo_kiir: color = {"_rgb":[1,1,1]}
164.82832999998936	EXP	szo_kiir: text = "véresszájú"
165.34987500001444	EXP	szo_kiir: autoDraw = true
166.48974499996984	DATA	Keydown: ArrowRight
166.54446499998448	EXP	szo_kiir: autoDraw = false
166.54446499998448	EXP	szo_kiir: color = {"_rgb":[1,1,1]}
166.54446499998448	EXP	szo_kiir: text = "fajansz"
167.08572500001173	EXP	szo_kiir: autoDraw = true
168.17687999998452	DATA	Keydown: ArrowRight
168.23009500000626	EXP	szo_kiir: autoDraw = false
168.23009500000626	EXP	szo_kiir: color = {"_rgb":[1,1,1]}
168.23009500000626	EXP	szo_kiir: text = "meztelenkedik"
168.77162499999395	EXP	szo_kiir: autoDraw = true
170.35512500000186	DATA	Keydown: ArrowRight
170.40956499997992	EXP	szo_kiir: autoDraw = false
170.40956499997992	EXP	szo_kiir: color = {"_rgb":[1,1,1]}
170.40956499997992	EXP	szo_kiir: text = "testnedv"
170.9524649999803	EXP	szo_kiir: autoDraw = true
172.01044500002172	DATA	Keydown: ArrowRight
172.06348000001162	EXP	szo_kiir: autoDraw = false
172.06348000001162	EXP	szo_kiir: color = {"_rgb":[1,1,1]}
172.06348000001162	EXP	szo_kiir: text = "trikarítés"
172.60645000002114	EXP	szo_kiir: autoDraw = true
174.2814500000095	DATA	Keydown: ArrowLeft
174.33909999998286	EXP	szo_kiir: autoDraw = false
174.33909999998286	EXP	szo_kiir: color = {"_rgb":[1,1,1]}
174.33909999998286	EXP	szo_kiir: text = "irracionalizmus"
174.88111000001663	EXP	szo_kiir: autoDraw = true
176.52374999999302	DATA	Keydown: ArrowRight
176.57740499998908	EXP	szo_kiir: autoDraw = false
176.57740499998908	EXP	szo_kiir: color = {"_rgb":[1,1,1]}
176.57740499998908	EXP	szo_kiir: text = "diáknyelv"
177.11884499998996	EXP	szo_kiir: autoDraw = true
177.93255999998655	DATA	Keydown: ArrowRight
177.98767000000225	EXP	szo_kiir: autoDraw = false
177.98767000000225	EXP	szo_kiir: color = {"_rgb":[1,1,1]}
177.98767000000225	EXP	szo_kiir: text = "madársisak"
178.53002999996534	EXP	szo_kiir: autoDraw = true
181.6761449999758	DATA	Keydown: ArrowLeft
181.72937499999534	EXP	szo_kiir: autoDraw = false
181.72937499999534	EXP	szo_kiir: color = {"_rgb":[1,1,1]}
181.72937499999534	EXP	szo_kiir: text = "fertilis"
182.27554000000237	EXP	szo_kiir: autoDraw = true
183.25352999998722	DATA	Keydown: ArrowRight
183.3069849999738	EXP	szo_kiir: autoDraw = false
183.3069849999738	EXP	szo_kiir: color = {"_rgb":[1,1,1]}
183.3069849999738	EXP	szo_kiir: text = "sifon"
183.85068500001216	EXP	szo_kiir: autoDraw = true
184.8281699999934	DATA	Keydown: ArrowRight
184.88387000001967	EXP	szo_kiir: autoDraw = false
184.88387000001967	EXP	szo_kiir: color = {"_rgb":[1,1,1]}
184.88387000001967	EXP	szo_kiir: text = "sövet"
185.42725499998778	EXP	szo_kiir: autoDraw = true
186.8515999999945	DATA	Keydown: ArrowLeft
186.90455500001553	EXP	szo_kiir: autoDraw = false
186.90455500001553	EXP	szo_kiir: color = {"_rgb":[1,1,1]}
186.90455500001553	EXP	szo_kiir: text = "lícium"
187.4483599999803	EXP	szo_kiir: autoDraw = true
188.49748000002	DATA	Keydown: ArrowRight
188.5547399999923	EXP	szo_kiir: autoDraw = false
188.5547399999923	EXP	szo_kiir: color = {"_rgb":[1,1,1]}
188.5547399999923	EXP	szo_kiir: text = "verizmus"
189.09696499997517	EXP	szo_kiir: autoDraw = true
190.83857999998145	DATA	Keydown: ArrowLeft
190.89180500002112	EXP	szo_kiir: autoDraw = false
190.89180500002112	EXP	szo_kiir: color = {"_rgb":[1,1,1]}
190.89180500002112	EXP	szo_kiir: text = "frontszakasz"
191.43481999996584	EXP	szo_kiir: autoDraw = true
192.7997800000012	DATA	Keydown: ArrowRight
192.85274499998195	EXP	szo_kiir: autoDraw = false
192.85274499998195	EXP	szo_kiir: color = {"_rgb":[1,1,1]}
192.85274499998195	EXP	szo_kiir: text = "szulfit"
193.39809999999125	EXP	szo_kiir: autoDraw = true
194.2128800000064	DATA	Keydown: ArrowRight
194.26812500000233	EXP	szo_kiir: autoDraw = false
194.26812500000233	EXP	szo_kiir: color = {"_rgb":[1,1,1]}
194.26812500000233	EXP	szo_kiir: text = "aszinkronmotor"
194.82368999999017	EXP	szo_kiir: autoDraw = true
197.52282000001287	DATA	Keydown: ArrowLeft
197.5762949999771	EXP	szo_kiir: autoDraw = false
197.5762949999771	EXP	szo_kiir: color = {"_rgb":[1,1,1]}
197.5762949999771	EXP	szo_kiir: text = "hokizik"
198.11745000001974	EXP	szo_kiir: autoDraw = true
199.04092499997932	DATA	Keydown: ArrowRight
199.09414000000106	EXP	szo_kiir: autoDraw = false
199.09414000000106	EXP	szo_kiir: color = {"_rgb":[1,1,1]}
199.09414000000106	EXP	szo_kiir: text = "abszolútérték"
199.63589999999385	EXP	szo_kiir: autoDraw = true
201.16369000001578	DATA	Keydown: ArrowRight
201.21892999997362	EXP	szo_kiir: autoDraw = false
201.21892999997362	EXP	szo_kiir: color = {"_rgb":[1,1,1]}
201.21892999997362	EXP	szo_kiir: text = "asszonánc"
201.76169499999378	EXP	szo_kiir: autoDraw = true
202.7452349999803	DATA	Keydown: ArrowRight
202.79833000001963	EXP	szo_kiir: autoDraw = false
202.79833000001963	EXP	szo_kiir: color = {"_rgb":[1,1,1]}
202.79833000001963	EXP	szo_kiir: text = "kontrapunkt"
203.3415699999896	EXP	szo_kiir: autoDraw = true
205.76522000000114	DATA	Keydown: ArrowLeft
205.81825499999104	EXP	szo_kiir: autoDraw = false
205.81825499999104	EXP	szo_kiir: color = {"_rgb":[1,1,1]}
205.81825499999104	EXP	szo_kiir: text = "szemestakarmány"
206.3641550000175	EXP	szo_kiir: autoDraw = true
208.1483349999762	DATA	Keydown: ArrowRight
208.2046299999929	EXP	szo_kiir: autoDraw = false
208.2046299999929	EXP	szo_kiir: color = {"_rgb":[1,1,1]}
208.2046299999929	EXP	szo_kiir: text = "istenhozzád"
208.7467750000069	EXP	szo_kiir: autoDraw = true
209.83526000002166	DATA	Keydown: ArrowRight
209.88800999999512	EXP	szo_kiir: autoDraw = false
209.88800999999512	EXP	szo_kiir: color = {"_rgb":[1,1,1]}
209.88800999999512	EXP	szo_kiir: text = "luftballon"
210.43118000001414	EXP	szo_kiir: autoDraw = true
211.41184499999508	DATA	Keydown: ArrowRight
211.4665699999896	EXP	szo_kiir: autoDraw = false
211.4665699999896	EXP	szo_kiir: color = {"_rgb":[1,1,1]}
211.4665699999896	EXP	szo_kiir: text = "áruszállítmány"
212.00928499997826	EXP	szo_kiir: autoDraw = true
213.26428000000305	DATA	Keydown: ArrowRight
213.31753000000026	EXP	szo_kiir: autoDraw = false
213.31753000000026	EXP	szo_kiir: color = {"_rgb":[1,1,1]}
213.31753000000026	EXP	szo_kiir: text = "sziksófű"
213.86177999997744	EXP	szo_kiir: autoDraw = true
215.8735400000005	DATA	Keydown: ArrowLeft
215.92683999997098	EXP	szo_kiir: autoDraw = false
215.92683999997098	EXP	szo_kiir: color = {"_rgb":[1,1,1]}
215.92683999997098	EXP	szo_kiir: text = "rücsök"
216.47039999999106	EXP	szo_kiir: autoDraw = true
217.50621500000125	DATA	Keydown: ArrowRight
217.5623449999839	EXP	szo_kiir: autoDraw = false
217.5623449999839	EXP	szo_kiir: color = {"_rgb":[1,1,1]}
217.5623449999839	EXP	szo_kiir: text = "komál"
218.10567999997875	EXP	szo_kiir: autoDraw = true
218.93615999998292	DATA	Keydown: ArrowRight
218.9895200000028	EXP	szo_kiir: autoDraw = false
218.9895200000028	EXP	szo_kiir: color = {"_rgb":[1,1,1]}
218.9895200000028	EXP	szo_kiir: text = "reztetély"
219.54612000001362	EXP	szo_kiir: autoDraw = true
220.79703499999596	DATA	Keydown: ArrowLeft
220.85509500000626	EXP	szo_kiir: autoDraw = false
220.85509500000626	EXP	szo_kiir: color = {"_rgb":[1,1,1]}
220.85509500000626	EXP	szo_kiir: text = "gyásos"
221.39803500002017	EXP	szo_kiir: autoDraw = true
223.70677499996964	DATA	Keydown: ArrowRight
223.76214499998605	EXP	szo_kiir: autoDraw = false
223.76214499998605	EXP	szo_kiir: color = {"_rgb":[1,1,1]}
223.76214499998605	EXP	szo_kiir: text = "organizál"
224.26716499996837	EXP	szo_kiir: autoDraw = true
225.31609999999637	DATA	Keydown: ArrowRight
225.3796699999948	EXP	szo_kiir: autoDraw = false
225.3796699999948	EXP	szo_kiir: color = {"_rgb":[1,1,1]}
225.3796699999948	EXP	szo_kiir: text = "szedelődzködik"
225.89627500000643	EXP	szo_kiir: autoDraw = true
228.1893450000207	DATA	Keydown: ArrowRight
228.25715000001946	EXP	szo_kiir: autoDraw = false
228.25715000001946	EXP	szo_kiir: color = {"_rgb":[1,1,1]}
228.25715000001946	EXP	szo_kiir: text = "leverzsköl"
228.82582999998704	EXP	szo_kiir: autoDraw = true
230.36842999997316	DATA	Keydown: ArrowLeft
230.42547499999637	EXP	szo_kiir: autoDraw = false
230.42547499999637	EXP	szo_kiir: color = {"_rgb":[1,1,1]}
230.42547499999637	EXP	szo_kiir: text = "büntetéspénz"
230.95150500000454	EXP	szo_kiir: autoDraw = true
232.28093000000808	DATA	Keydown: ArrowRight
232.33728500001598	EXP	szo_kiir: autoDraw = false
232.33728500001598	EXP	szo_kiir: color = {"_rgb":[1,1,1]}
232.33728500001598	EXP	szo_kiir: text = "burukkol"
232.8521699999692	EXP	szo_kiir: autoDraw = true
233.96973999997135	DATA	Keydown: ArrowLeft
234.02462500002002	EXP	szo_kiir: autoDraw = false
234.02462500002002	EXP	szo_kiir: color = {"_rgb":[1,1,1]}
234.02462500002002	EXP	szo_kiir: text = "fenőszíj"
234.5640799999819	EXP	szo_kiir: autoDraw = true
236.88951499998802	DATA	Keydown: ArrowRight
236.94416000001365	EXP	szo_kiir: autoDraw = false
236.94416000001365	EXP	szo_kiir: color = {"_rgb":[1,1,1]}
236.94416000001365	EXP	szo_kiir: text = "szolmizál"
237.4574900000007	EXP	szo_kiir: autoDraw = true
239.26929999998538	DATA	Keydown: ArrowRight
239.33423500001663	EXP	szo_kiir: autoDraw = false
239.33423500001663	EXP	szo_kiir: color = {"_rgb":[1,1,1]}
239.33423500001663	EXP	szo_kiir: text = "hecsedlilekvár"
239.87211499997647	EXP	szo_kiir: autoDraw = true
241.88030499999877	DATA	Keydown: ArrowRight
241.9380050000036	EXP	szo_kiir: autoDraw = false
241.9380050000036	EXP	szo_kiir: color = {"_rgb":[1,1,1]}
241.9380050000036	EXP	szo_kiir: text = "donhuán"
242.4611900000018	EXP	szo_kiir: autoDraw = true
243.9803800000227	DATA	Keydown: ArrowRight
244.0424500000081	EXP	szo_kiir: autoDraw = false
244.0424500000081	EXP	szo_kiir: color = {"_rgb":[1,1,1]}
244.0424500000081	EXP	szo_kiir: text = "truccol"
244.5559399999911	EXP	szo_kiir: autoDraw = true
245.57328999997117	DATA	Keydown: ArrowLeft
245.62777500000084	EXP	szo_kiir: autoDraw = false
245.62777500000084	EXP	szo_kiir: color = {"_rgb":[1,1,1]}
245.62777500000084	EXP	szo_kiir: text = "dölyfösködik"
246.13584000000264	EXP	szo_kiir: autoDraw = true
247.2638249999727	DATA	Keydown: ArrowRight
247.3173850000021	EXP	szo_kiir: autoDraw = false
247.3173850000021	EXP	szo_kiir: color = {"_rgb":[1,1,1]}
247.3173850000021	EXP	szo_kiir: text = "mérsékelődik"
247.85990999999922	EXP	szo_kiir: autoDraw = true
249.06061499996576	DATA	Keydown: ArrowRight
249.11800499999663	EXP	szo_kiir: autoDraw = false
249.11800499999663	EXP	szo_kiir: color = {"_rgb":[1,1,1]}
249.11800499999663	EXP	szo_kiir: text = "lepadlózik"
249.66102499997942	EXP	szo_kiir: autoDraw = true
250.69667999999365	DATA	Keydown: ArrowRight
250.74962000001688	EXP	szo_kiir: autoDraw = false
250.74962000001688	EXP	szo_kiir: color = {"_rgb":[1,1,1]}
250.74962000001688	EXP	szo_kiir: text = "őrint"
251.29536499996902	EXP	szo_kiir: autoDraw = true
252.76204000000143	DATA	Keydown: ArrowLeft
252.81829999998445	EXP	szo_kiir: autoDraw = false
252.81829999998445	EXP	szo_kiir: color = {"_rgb":[1,1,1]}
252.81829999998445	EXP	szo_kiir: text = "cugehőr"
253.36181999999098	EXP	szo_kiir: autoDraw = true
254.39969499997096	DATA	Keydown: ArrowRight
254.4527699999744	EXP	szo_kiir: autoDraw = false
254.4527699999744	EXP	szo_kiir: color = {"_rgb":[1,1,1]}
254.4527699999744	EXP	szo_kiir: text = "hordócsap"
254.97168000001693	EXP	szo_kiir: autoDraw = true
256.1172849999857	DATA	Keydown: ArrowRight
256.1843999999692	EXP	szo_kiir: autoDraw = false
256.1843999999692	EXP	szo_kiir: color = {"_rgb":[1,1,1]}
256.1843999999692	EXP	szo_kiir: text = "meleglaboratórium"
256.73720999999205	EXP	szo_kiir: autoDraw = true
259.5445199999958	DATA	Keydown: ArrowRight
259.5976350000128	EXP	szo_kiir: autoDraw = false
259.5976350000128	EXP	szo_kiir: color = {"_rgb":[1,1,1]}
259.5976350000128	EXP	szo_kiir: text = "kétvonalú"
260.141575000016	EXP	szo_kiir: autoDraw = true
261.6671150000184	DATA	Keydown: ArrowRight
261.72156999999424	EXP	szo_kiir: autoDraw = false
261.72156999999424	EXP	szo_kiir: color = {"_rgb":[1,1,1]}
261.72156999999424	EXP	szo_kiir: text = "kunkorít"
262.26679999998305	EXP	szo_kiir: autoDraw = true
263.03283500002	DATA	Keydown: ArrowRight
263.0858949999674	EXP	szo_kiir: autoDraw = false
263.0858949999674	EXP	szo_kiir: color = {"_rgb":[1,1,1]}
263.0858949999674	EXP	szo_kiir: text = "dumcsoska"
263.6309299999848	EXP	szo_kiir: autoDraw = true
264.8341950000031	DATA	Keydown: ArrowLeft
264.88910999998916	EXP	szo_kiir: autoDraw = false
264.88910999998916	EXP	szo_kiir: color = {"_rgb":[1,1,1]}
264.88910999998916	EXP	szo_kiir: text = "pozákevegy"
265.4342399999732	EXP	szo_kiir: autoDraw = true
266.8043549999711	DATA	Keydown: ArrowRight
266.85814999998547	EXP	szo_kiir: autoDraw = false
266.85814999998547	EXP	szo_kiir: color = {"_rgb":[1,1,1]}
266.85814999998547	EXP	szo_kiir: text = "vároló"
267.4030250000069	EXP	szo_kiir: autoDraw = true
268.93203500000527	DATA	Keydown: ArrowLeft
268.98536499997135	EXP	szo_kiir: autoDraw = false
268.98536499997135	EXP	szo_kiir: color = {"_rgb":[1,1,1]}
268.98536499997135	EXP	szo_kiir: text = "léháskodik"
269.5311249999795	EXP	szo_kiir: autoDraw = true
271.165960000013	DATA	Keydown: ArrowRight
271.22172500001034	EXP	szo_kiir: autoDraw = false
271.22172500001034	EXP	szo_kiir: color = {"_rgb":[1,1,1]}
271.22172500001034	EXP	szo_kiir: text = "szöngő"
271.7910399999819	EXP	szo_kiir: autoDraw = true
272.71494999999413	DATA	Keydown: ArrowLeft
272.76973	EXP	szo_kiir: autoDraw = false
272.76973	EXP	szo_kiir: color = {"_rgb":[1,1,1]}
272.76973	EXP	szo_kiir: text = "karamboloz"
273.2807449999964	EXP	szo_kiir: autoDraw = true
274.907584999979	DATA	Keydown: ArrowRight
274.96302500000456	EXP	szo_kiir: autoDraw = false
274.96302500000456	EXP	szo_kiir: color = {"_rgb":[1,1,1]}
274.96302500000456	EXP	szo_kiir: text = "köszörűsműhely"
275.5109400000074	EXP	szo_kiir: autoDraw = true
279.075439999986	DATA	Keydown: ArrowLeft
279.1295149999787	EXP	szo_kiir: autoDraw = false
279.1295149999787	EXP	szo_kiir: color = {"_rgb":[1,1,1]}
279.1295149999787	EXP	szo_kiir: text = "diszkretizál"
279.6745050000027	EXP	szo_kiir: autoDraw = true
282.57925499998964	DATA	Keydown: ArrowRight
282.6326199999894	EXP	szo_kiir: autoDraw = false
282.6326199999894	EXP	szo_kiir: color = {"_rgb":[1,1,1]}
282.6326199999894	EXP	szo_kiir: text = "ószeven"
283.1784050000133	EXP	szo_kiir: autoDraw = true
284.27867500000866	DATA	Keydown: ArrowLeft
284.3339949999936	EXP	szo_kiir: autoDraw = false
284.3339949999936	EXP	szo_kiir: color = {"_rgb":[1,1,1]}
284.3339949999936	EXP	szo_kiir: text = "extravert"
284.91674999997485	EXP	szo_kiir: autoDraw = true
291.5358150000102	DATA	Keydown: ArrowRight
291.58880999998655	EXP	szo_kiir: autoDraw = false
291.58880999998655	EXP	szo_kiir: color = {"_rgb":[1,1,1]}
291.58880999998655	EXP	szo_kiir: text = "prémez"
292.13069499999983	EXP	szo_kiir: autoDraw = true
293.32988500001375	DATA	Keydown: ArrowRight
293.39509000000544	EXP	szo_kiir: autoDraw = false
293.39509000000544	EXP	koszi_szoveg: autoDraw = true
