0.4175450000911951	EXP	Created Window = Window( name=Window, fullscr=true, color=#000000, units=norm, waitBlanking=true, autoLog=true, size=[1358,649] )
6.363640000112355	DATA	Keydown: 2
6.436005000025034	DATA	Keydown: 3
6.618805000092834	DATA	Keydown: 5
6.6619500000961125	DATA	Keydown: 6
12.889045000076294	DATA	Keydown: Shift
12.953179999953136	DATA	Keydown: N
13.222994999960065	DATA	Keydown: ő
15.234230000060052	DATA	Keydown: 1
15.41806500009261	DATA	Keydown: 9
15.55301499995403	DATA	Keydown: 9
15.776504999957979	DATA	Keydown: 3
17.384450000012293	DATA	Keydown: .
17.541734999977052	DATA	Keydown: 0
17.611925000092015	DATA	Keydown: 7
17.719779999926686	DATA	Keydown: .
17.85076000005938	DATA	Keydown: 1
17.91429500002414	DATA	Keydown: 0
17.98374000005424	DATA	Keydown: .
25.092285000020638	DATA	Keydown: 1
25.161760000046343	DATA	Keydown: 7
43.542924999957904	DATA	Keydown: .
44.40617000008933	DATA	Keydown: Backspace
44.79178999993019	DATA	Keydown: ,
45.32022499991581	DATA	Keydown: 5
47.68993999995291	EXP	Created instruction_text1 = TextStim( name=instruction_text1, win=Window( name=Window, fullscr=true, color=#000000, ~), autoDraw=null, autoLog=true, units=norm, ori=null, opacity=1, pos=[0,0], size=undefined, text=Ön most szavakat fog látni.

Ezek között lesznek o~, font=Arial, color=#ffffff, contrast=1, height=0.05, bold=null, italic=null, alignHoriz=left, alignVert=center, wrapWidth=1, flipHoriz=null, flipVert=null )
47.69423500006087	EXP	Created instruction_text2 = TextStim( name=instruction_text2, win=Window( name=Window, fullscr=true, color=#000000, ~), autoDraw=null, autoLog=true, units=norm, ori=null, opacity=1, pos=[0,0], size=undefined, text=Először két egyszerű példát mutatunk Önnek.

Az el~, font=Arial, color=#FFFFFF, contrast=1, height=0.05, bold=null, italic=null, alignHoriz=left, alignVert=center, wrapWidth=1, flipHoriz=null, flipVert=null )
47.69696000008844	EXP	Created show_text = TextStim( name=show_text, win=Window( name=Window, fullscr=true, color=#000000, ~), autoDraw=null, autoLog=true, units=norm, ori=null, opacity=1, pos=[0,0], size=undefined, text=asztal, font=Arial, color=#FFFFFF, contrast=1, height=0.2, bold=null, italic=null, alignHoriz=left, alignVert=center, wrapWidth=1, flipHoriz=null, flipVert=null )
47.69861500011757	EXP	Created text = TextStim( name=text, win=Window( name=Window, fullscr=true, color=#000000, ~), autoDraw=null, autoLog=true, units=norm, ori=null, opacity=1, pos=[0,0], size=undefined, text=bzsmfsztal, font=Arial, color=#FFFFFF, contrast=1, height=0.2, bold=null, italic=null, alignHoriz=left, alignVert=center, wrapWidth=1, flipHoriz=null, flipVert=null )
47.70007000002079	EXP	Created instruction_text3 = TextStim( name=instruction_text3, win=Window( name=Window, fullscr=true, color=#000000, ~), autoDraw=null, autoLog=true, units=norm, ori=null, opacity=1, pos=[0,0], size=undefined, text=Pazar. Most kezdődik az igazi kísérlet. Néhány per~, font=Arial, color=#FFFFFF, contrast=1, height=0.1, bold=null, italic=null, alignHoriz=left, alignVert=center, wrapWidth=1, flipHoriz=null, flipVert=null )
47.70167000009678	EXP	Created szo_kiir = TextStim( name=szo_kiir, win=Window( name=Window, fullscr=true, color=#000000, ~), autoDraw=null, autoLog=true, units=norm, ori=null, opacity=1, pos=[0,0], size=undefined, text=default text, font=Arial, color=#FFFFFF, contrast=1, height=0.2, bold=null, italic=null, alignHoriz=left, alignVert=center, wrapWidth=1, flipHoriz=null, flipVert=null )
47.7029099999927	EXP	Created koszi_szoveg = TextStim( name=koszi_szoveg, win=Window( name=Window, fullscr=true, color=#000000, ~), autoDraw=null, autoLog=true, units=norm, ori=null, opacity=1, pos=[0,0], size=undefined, text=Vége a kísérletnek. Köszönjük a részvételt!, font=arial, color=#ffffff, contrast=1, height=0.1, bold=null, italic=null, alignHoriz=left, alignVert=center, wrapWidth=1, flipHoriz=null, flipVert=null )
47.81612500012852	EXP	instruction_text1: units = "norm"
47.81612500012852	EXP	instruction_text1: ori = 0
47.81612500012852	EXP	instruction_text1: opacity = 1
47.81612500012852	EXP	instruction_text1: pos = [0,0]
47.81612500012852	EXP	instruction_text1: size = undefined
47.81612500012852	EXP	instruction_text1: text = "Ön most szavakat fog látni.\n\nEzek között lesznek olyanok, amelyeket ismer, de előfordulhatnak olyanok is, amelyeket nem ismer, sőt, vannak köztük kitalált szavak is. \n\nKérjük, ha ismeri a képernyőn látható szót, nyomja meg a JOBB kurzorbillentyűt.\nKérjük, ha NEM ismeri a képernyőn látható szót, vagy azt gondolja, nincs ilyen szó a magyarban, nyomja meg a BAL kurzorbillentyűt.\n\nAz 'Ismerem a szót' döntés itt most ezt jelenti: találkoztam már vele, és van valami elképzelésem a jelentéséről is.  \n\nNyomjon meg bármilyen billentyűt a folytatáshoz."
47.81612500012852	EXP	instruction_text1: font = "Arial"
47.81612500012852	EXP	instruction_text1: color = {"_rgb":[1,1,1]}
47.81612500012852	EXP	instruction_text1: contrast = 1
47.81612500012852	EXP	instruction_text1: height = 0.05
47.81612500012852	EXP	instruction_text1: bold = false
47.81612500012852	EXP	instruction_text1: italic = false
47.81612500012852	EXP	instruction_text1: alignHoriz = "left"
47.81612500012852	EXP	instruction_text1: alignVert = "center"
47.81612500012852	EXP	instruction_text1: wrapWidth = 1
47.81612500012852	EXP	instruction_text1: flipHoriz = false
47.81612500012852	EXP	instruction_text1: flipVert = false
47.81612500012852	EXP	instruction_text2: units = "norm"
47.81612500012852	EXP	instruction_text2: ori = 0
47.81612500012852	EXP	instruction_text2: opacity = 1
47.81612500012852	EXP	instruction_text2: pos = [0,0]
47.81612500012852	EXP	instruction_text2: size = undefined
47.81612500012852	EXP	instruction_text2: text = "Először két egyszerű példát mutatunk Önnek.\n\nAz első szó létezik a magyarban, és valószínűleg Ön is ismeri. Itt nyomja majd meg a jobb kurzorbillentyűt.\nA második szó nem létezik a magyar nyelvben. Itt nyomja majd meg a bal kurzorbillentyűt.\n\nFontos, hogy a jobb gombot a jobb kezével, a bal gombot a bal kezével nyomja, ha tudja, és ne egy kezét használja a kísérletben.\n\nNyomjon meg bármilyen gombot a folytatáshoz."
47.81612500012852	EXP	instruction_text2: font = "Arial"
47.81612500012852	EXP	instruction_text2: color = {"_hex":"#FFFFFF","_rgb":[1,1,1]}
47.81612500012852	EXP	instruction_text2: contrast = 1
47.81612500012852	EXP	instruction_text2: height = 0.05
47.81612500012852	EXP	instruction_text2: bold = false
47.81612500012852	EXP	instruction_text2: italic = false
47.81612500012852	EXP	instruction_text2: alignHoriz = "left"
47.81612500012852	EXP	instruction_text2: alignVert = "center"
47.81612500012852	EXP	instruction_text2: wrapWidth = 1
47.81612500012852	EXP	instruction_text2: flipHoriz = false
47.81612500012852	EXP	instruction_text2: flipVert = false
47.81612500012852	EXP	show_text: units = "norm"
47.81612500012852	EXP	show_text: ori = 0
47.81612500012852	EXP	show_text: opacity = 1
47.81612500012852	EXP	show_text: pos = [0,0]
47.81612500012852	EXP	show_text: size = undefined
47.81612500012852	EXP	show_text: text = "asztal"
47.81612500012852	EXP	show_text: font = "Arial"
47.81612500012852	EXP	show_text: color = {"_hex":"#FFFFFF","_rgb":[1,1,1]}
47.81612500012852	EXP	show_text: contrast = 1
47.81612500012852	EXP	show_text: height = 0.2
47.81612500012852	EXP	show_text: bold = false
47.81612500012852	EXP	show_text: italic = false
47.81612500012852	EXP	show_text: alignHoriz = "left"
47.81612500012852	EXP	show_text: alignVert = "center"
47.81612500012852	EXP	show_text: wrapWidth = 1
47.81612500012852	EXP	show_text: flipHoriz = false
47.81612500012852	EXP	show_text: flipVert = false
47.81612500012852	EXP	text: units = "norm"
47.81612500012852	EXP	text: ori = 0
47.81612500012852	EXP	text: opacity = 1
47.81612500012852	EXP	text: pos = [0,0]
47.81612500012852	EXP	text: size = undefined
47.81612500012852	EXP	text: text = "bzsmfsztal"
47.81612500012852	EXP	text: font = "Arial"
47.81612500012852	EXP	text: color = {"_hex":"#FFFFFF","_rgb":[1,1,1]}
47.81612500012852	EXP	text: contrast = 1
47.81612500012852	EXP	text: height = 0.2
47.81612500012852	EXP	text: bold = false
47.81612500012852	EXP	text: italic = false
47.81612500012852	EXP	text: alignHoriz = "left"
47.81612500012852	EXP	text: alignVert = "center"
47.81612500012852	EXP	text: wrapWidth = 1
47.81612500012852	EXP	text: flipHoriz = false
47.81612500012852	EXP	text: flipVert = false
47.81612500012852	EXP	instruction_text3: units = "norm"
47.81612500012852	EXP	instruction_text3: ori = 0
47.81612500012852	EXP	instruction_text3: opacity = 1
47.81612500012852	EXP	instruction_text3: pos = [0,0]
47.81612500012852	EXP	instruction_text3: size = undefined
47.81612500012852	EXP	instruction_text3: text = "Pazar. Most kezdődik az igazi kísérlet. Néhány percig fog tartani. Nem kell nagyon sietnie, de igyekezzen gyorsan válaszolni.\n\nNe feledje, ha tudja, a jobb gombot a jobbkezével, a bal gombot a balkezével nyomja le.\n\nNyomjon meg bármilyen gombot a folytatáshoz."
47.81612500012852	EXP	instruction_text3: font = "Arial"
47.81612500012852	EXP	instruction_text3: color = {"_hex":"#FFFFFF","_rgb":[1,1,1]}
47.81612500012852	EXP	instruction_text3: contrast = 1
47.81612500012852	EXP	instruction_text3: height = 0.1
47.81612500012852	EXP	instruction_text3: bold = false
47.81612500012852	EXP	instruction_text3: italic = false
47.81612500012852	EXP	instruction_text3: alignHoriz = "left"
47.81612500012852	EXP	instruction_text3: alignVert = "center"
47.81612500012852	EXP	instruction_text3: wrapWidth = 1
47.81612500012852	EXP	instruction_text3: flipHoriz = false
47.81612500012852	EXP	instruction_text3: flipVert = false
47.81612500012852	EXP	szo_kiir: units = "norm"
47.81612500012852	EXP	szo_kiir: ori = 0
47.81612500012852	EXP	szo_kiir: opacity = 1
47.81612500012852	EXP	szo_kiir: pos = [0,0]
47.81612500012852	EXP	szo_kiir: size = undefined
47.81612500012852	EXP	szo_kiir: text = "default text"
47.81612500012852	EXP	szo_kiir: font = "Arial"
47.81612500012852	EXP	szo_kiir: color = {"_hex":"#FFFFFF","_rgb":[1,1,1]}
47.81612500012852	EXP	szo_kiir: contrast = 1
47.81612500012852	EXP	szo_kiir: height = 0.2
47.81612500012852	EXP	szo_kiir: bold = false
47.81612500012852	EXP	szo_kiir: italic = false
47.81612500012852	EXP	szo_kiir: alignHoriz = "left"
47.81612500012852	EXP	szo_kiir: alignVert = "center"
47.81612500012852	EXP	szo_kiir: wrapWidth = 1
47.81612500012852	EXP	szo_kiir: flipHoriz = false
47.81612500012852	EXP	szo_kiir: flipVert = false
47.81612500012852	EXP	koszi_szoveg: units = "norm"
47.81612500012852	EXP	koszi_szoveg: ori = 0
47.81612500012852	EXP	koszi_szoveg: opacity = 1
47.81612500012852	EXP	koszi_szoveg: pos = [0,0]
47.81612500012852	EXP	koszi_szoveg: size = undefined
47.81612500012852	EXP	koszi_szoveg: text = "Vége a kísérletnek. Köszönjük a részvételt!"
47.81612500012852	EXP	koszi_szoveg: font = "arial"
47.81612500012852	EXP	koszi_szoveg: color = {"_rgb":[1,1,1]}
47.81612500012852	EXP	koszi_szoveg: contrast = 1
47.81612500012852	EXP	koszi_szoveg: height = 0.1
47.81612500012852	EXP	koszi_szoveg: bold = false
47.81612500012852	EXP	koszi_szoveg: italic = false
47.81612500012852	EXP	koszi_szoveg: alignHoriz = "left"
47.81612500012852	EXP	koszi_szoveg: alignVert = "center"
47.81612500012852	EXP	koszi_szoveg: wrapWidth = 1
47.81612500012852	EXP	koszi_szoveg: flipHoriz = false
47.81612500012852	EXP	koszi_szoveg: flipVert = false
47.81612500012852	EXP	instruction_text1: autoDraw = true
87.24778999993578	DATA	Keydown: ArrowRight
87.27563500008546	EXP	instruction_text1: autoDraw = false
87.27563500008546	EXP	instruction_text2: autoDraw = true
169.89965000003576	DATA	Keydown: ArrowRight
169.91791999991983	EXP	instruction_text2: autoDraw = false
170.46122499997728	EXP	show_text: autoDraw = true
171.41849000006914	DATA	Keydown: ArrowRight
171.43220499996096	EXP	show_text: autoDraw = false
171.96318500000052	EXP	text: autoDraw = true
172.7987349999603	DATA	Keydown: ArrowLeft
172.88960499991663	EXP	text: autoDraw = false
172.88960499991663	EXP	instruction_text3: autoDraw = true
185.71646500006318	DATA	Keydown:  
185.84972500009462	EXP	instruction_text3: autoDraw = false
185.84972500009462	EXP	szo_kiir: color = {"_rgb":[1,1,1]}
185.84972500009462	EXP	szo_kiir: text = "kap"
186.3828199999407	EXP	szo_kiir: autoDraw = true
187.38551499997266	DATA	Keydown: ArrowRight
187.3967100000009	EXP	szo_kiir: autoDraw = false
187.3967100000009	EXP	szo_kiir: color = {"_rgb":[1,1,1]}
187.3967100000009	EXP	szo_kiir: text = "rövid"
187.92097999993712	EXP	szo_kiir: autoDraw = true
188.71479499991983	DATA	Keydown: ArrowRight
188.78231499996036	EXP	szo_kiir: autoDraw = false
188.78231499996036	EXP	szo_kiir: color = {"_rgb":[1,1,1]}
188.78231499996036	EXP	szo_kiir: text = "priváló"
189.304465000052	EXP	szo_kiir: autoDraw = true
190.6622900001239	DATA	Keydown: ArrowLeft
190.67686500004493	EXP	szo_kiir: autoDraw = false
190.67686500004493	EXP	szo_kiir: color = {"_rgb":[1,1,1]}
190.67686500004493	EXP	szo_kiir: text = "verseny"
191.19767999998294	EXP	szo_kiir: autoDraw = true
191.94216500013135	DATA	Keydown: ArrowRight
191.98353999992833	EXP	szo_kiir: autoDraw = false
191.98353999992833	EXP	szo_kiir: color = {"_rgb":[1,1,1]}
191.98353999992833	EXP	szo_kiir: text = "perilita"
192.49757499992847	EXP	szo_kiir: autoDraw = true
193.54747000010684	DATA	Keydown: ArrowLeft
193.55707999994047	EXP	szo_kiir: autoDraw = false
193.55707999994047	EXP	szo_kiir: color = {"_rgb":[1,1,1]}
193.55707999994047	EXP	szo_kiir: text = "gazdag"
194.07979499991052	EXP	szo_kiir: autoDraw = true
194.7916349999141	DATA	Keydown: ArrowRight
194.8519049999304	EXP	szo_kiir: autoDraw = false
194.8519049999304	EXP	szo_kiir: color = {"_rgb":[1,1,1]}
194.8519049999304	EXP	szo_kiir: text = "néghajóti"
195.36032500001602	EXP	szo_kiir: autoDraw = true
196.98235499998555	DATA	Keydown: ArrowLeft
196.98760499991477	EXP	szo_kiir: autoDraw = false
196.98760499991477	EXP	szo_kiir: color = {"_rgb":[1,1,1]}
196.98760499991477	EXP	szo_kiir: text = "módszer"
197.50479499995708	EXP	szo_kiir: autoDraw = true
198.33599000005051	DATA	Keydown: ArrowRight
198.38140000007115	EXP	szo_kiir: autoDraw = false
198.38140000007115	EXP	szo_kiir: color = {"_rgb":[1,1,1]}
198.38140000007115	EXP	szo_kiir: text = "méresedik"
198.89067000010982	EXP	szo_kiir: autoDraw = true
201.5200050000567	DATA	Keydown: ArrowLeft
201.52986999996938	EXP	szo_kiir: autoDraw = false
201.52986999996938	EXP	szo_kiir: color = {"_rgb":[1,1,1]}
201.52986999996938	EXP	szo_kiir: text = "késetetély"
202.0542649999261	EXP	szo_kiir: autoDraw = true
204.43494500010274	DATA	Keydown: ArrowLeft
204.4741150001064	EXP	szo_kiir: autoDraw = false
204.4741150001064	EXP	szo_kiir: color = {"_rgb":[1,1,1]}
204.4741150001064	EXP	szo_kiir: text = "jármű"
204.98490500007756	EXP	szo_kiir: autoDraw = true
205.66470999992453	DATA	Keydown: ArrowRight
205.67846000008285	EXP	szo_kiir: autoDraw = false
205.67846000008285	EXP	szo_kiir: color = {"_rgb":[1,1,1]}
205.67846000008285	EXP	szo_kiir: text = "ég"
206.19906500005163	EXP	szo_kiir: autoDraw = true
206.90175499999896	DATA	Keydown: ArrowRight
206.942689999938	EXP	szo_kiir: autoDraw = false
206.942689999938	EXP	szo_kiir: color = {"_rgb":[1,1,1]}
206.942689999938	EXP	szo_kiir: text = "nőttetett"
207.46190500003286	EXP	szo_kiir: autoDraw = true
210.54222499998286	DATA	Keydown: ArrowLeft
210.55736500001512	EXP	szo_kiir: autoDraw = false
210.55736500001512	EXP	szo_kiir: color = {"_rgb":[1,1,1]}
210.55736500001512	EXP	szo_kiir: text = "fut"
211.07886000000872	EXP	szo_kiir: autoDraw = true
211.95733999996446	DATA	Keydown: ArrowRight
212.01236500008963	EXP	szo_kiir: autoDraw = false
212.01236500008963	EXP	szo_kiir: color = {"_rgb":[1,1,1]}
212.01236500008963	EXP	szo_kiir: text = "küld"
212.52759999991395	EXP	szo_kiir: autoDraw = true
213.22284499998204	DATA	Keydown: ArrowRight
213.23743500001729	EXP	szo_kiir: autoDraw = false
213.23743500001729	EXP	szo_kiir: color = {"_rgb":[1,1,1]}
213.23743500001729	EXP	szo_kiir: text = "felsőfokú"
213.7595699999947	EXP	szo_kiir: autoDraw = true
214.55970999994315	DATA	Keydown: ArrowRight
214.60589500004426	EXP	szo_kiir: autoDraw = false
214.60589500004426	EXP	szo_kiir: color = {"_rgb":[1,1,1]}
214.60589500004426	EXP	szo_kiir: text = "barát"
215.13508499995805	EXP	szo_kiir: autoDraw = true
215.9207250000909	DATA	Keydown: ArrowRight
215.93571000010706	EXP	szo_kiir: autoDraw = false
215.93571000010706	EXP	szo_kiir: color = {"_rgb":[1,1,1]}
215.93571000010706	EXP	szo_kiir: text = "különbözik"
216.45367499999702	EXP	szo_kiir: autoDraw = true
217.23435500008054	DATA	Keydown: ArrowRight
217.2624749999959	EXP	szo_kiir: autoDraw = false
217.2624749999959	EXP	szo_kiir: color = {"_rgb":[1,1,1]}
217.2624749999959	EXP	szo_kiir: text = "daragasi"
217.76988500007428	EXP	szo_kiir: autoDraw = true
218.98506999993697	DATA	Keydown: ArrowRight
219.00007999991067	EXP	szo_kiir: autoDraw = false
219.00007999991067	EXP	szo_kiir: color = {"_rgb":[1,1,1]}
219.00007999991067	EXP	szo_kiir: text = "trend"
219.52026000013575	EXP	szo_kiir: autoDraw = true
220.28759500011802	DATA	Keydown: ArrowRight
220.29775999998674	EXP	szo_kiir: autoDraw = false
220.29775999998674	EXP	szo_kiir: color = {"_rgb":[1,1,1]}
220.29775999998674	EXP	szo_kiir: text = "reprezentatív"
220.81634999997914	EXP	szo_kiir: autoDraw = true
221.6998700001277	DATA	Keydown: ArrowRight
221.7264149999246	EXP	szo_kiir: autoDraw = false
221.7264149999246	EXP	szo_kiir: color = {"_rgb":[1,1,1]}
221.7264149999246	EXP	szo_kiir: text = "kliens"
222.23550499998964	EXP	szo_kiir: autoDraw = true
222.91742999991402	DATA	Keydown: ArrowRight
222.9303699999582	EXP	szo_kiir: autoDraw = false
222.9303699999582	EXP	szo_kiir: color = {"_rgb":[1,1,1]}
222.9303699999582	EXP	szo_kiir: text = "tábornok"
223.44751500012353	EXP	szo_kiir: autoDraw = true
224.0449250000529	DATA	Keydown: ArrowRight
224.07380000012927	EXP	szo_kiir: autoDraw = false
224.07380000012927	EXP	szo_kiir: color = {"_rgb":[1,1,1]}
224.07380000012927	EXP	szo_kiir: text = "naptár"
224.58778499998152	EXP	szo_kiir: autoDraw = true
225.21354999998584	DATA	Keydown: ArrowRight
225.23873000009917	EXP	szo_kiir: autoDraw = false
225.23873000009917	EXP	szo_kiir: color = {"_rgb":[1,1,1]}
225.23873000009917	EXP	szo_kiir: text = "sivirányi"
225.7591699999757	EXP	szo_kiir: autoDraw = true
227.30967999994755	DATA	Keydown: ArrowLeft
227.33771999995224	EXP	szo_kiir: autoDraw = false
227.33771999995224	EXP	szo_kiir: color = {"_rgb":[1,1,1]}
227.33771999995224	EXP	szo_kiir: text = "utalvány"
227.84783999994397	EXP	szo_kiir: autoDraw = true
228.54566000006162	DATA	Keydown: ArrowRight
228.55710000009276	EXP	szo_kiir: autoDraw = false
228.55710000009276	EXP	szo_kiir: color = {"_rgb":[1,1,1]}
228.55710000009276	EXP	szo_kiir: text = "késik"
229.0767399999313	EXP	szo_kiir: autoDraw = true
229.64005000004545	DATA	Keydown: ArrowRight
229.67974000005051	EXP	szo_kiir: autoDraw = false
229.67974000005051	EXP	szo_kiir: color = {"_rgb":[1,1,1]}
229.67974000005051	EXP	szo_kiir: text = "had"
230.1933850001078	EXP	szo_kiir: autoDraw = true
231.0055299999658	DATA	Keydown: ArrowRight
231.02011499996297	EXP	szo_kiir: autoDraw = false
231.02011499996297	EXP	szo_kiir: color = {"_rgb":[1,1,1]}
231.02011499996297	EXP	szo_kiir: text = "mítosz"
231.54184000007808	EXP	szo_kiir: autoDraw = true
232.3232549999375	DATA	Keydown: ArrowRight
232.37010499997996	EXP	szo_kiir: autoDraw = false
232.37010499997996	EXP	szo_kiir: color = {"_rgb":[1,1,1]}
232.37010499997996	EXP	szo_kiir: text = "aszimmetrikus"
232.90364999999292	EXP	szo_kiir: autoDraw = true
234.0970250000246	DATA	Keydown: ArrowRight
234.10321999993175	EXP	szo_kiir: autoDraw = false
234.10321999993175	EXP	szo_kiir: color = {"_rgb":[1,1,1]}
234.10321999993175	EXP	szo_kiir: text = "zártkörű"
234.62130500003695	EXP	szo_kiir: autoDraw = true
235.40463000000454	DATA	Keydown: ArrowRight
235.44331000000238	EXP	szo_kiir: autoDraw = false
235.44331000000238	EXP	szo_kiir: color = {"_rgb":[1,1,1]}
235.44331000000238	EXP	szo_kiir: text = "közhely"
235.9522500000894	EXP	szo_kiir: autoDraw = true
236.45463500008918	DATA	Keydown: ArrowRight
236.466955000069	EXP	szo_kiir: autoDraw = false
236.466955000069	EXP	szo_kiir: color = {"_rgb":[1,1,1]}
236.466955000069	EXP	szo_kiir: text = "hitódó"
236.98647000011988	EXP	szo_kiir: autoDraw = true
238.9033449999988	DATA	Keydown: ArrowLeft
238.9642350000795	EXP	szo_kiir: autoDraw = false
238.9642350000795	EXP	szo_kiir: color = {"_rgb":[1,1,1]}
238.9642350000795	EXP	szo_kiir: text = "engelétei"
239.4821500000544	EXP	szo_kiir: autoDraw = true
242.02824999997392	DATA	Keydown: ArrowLeft
242.04232500004582	EXP	szo_kiir: autoDraw = false
242.04232500004582	EXP	szo_kiir: color = {"_rgb":[1,1,1]}
242.04232500004582	EXP	szo_kiir: text = "pénzösszeg"
242.56213500001468	EXP	szo_kiir: autoDraw = true
243.30080000008456	DATA	Keydown: ArrowRight
243.3336100000888	EXP	szo_kiir: autoDraw = false
243.3336100000888	EXP	szo_kiir: color = {"_rgb":[1,1,1]}
243.3336100000888	EXP	szo_kiir: text = "misztérium"
243.8480499999132	EXP	szo_kiir: autoDraw = true
244.44511500000954	DATA	Keydown: ArrowRight
244.45793000003323	EXP	szo_kiir: autoDraw = false
244.45793000003323	EXP	szo_kiir: color = {"_rgb":[1,1,1]}
244.45793000003323	EXP	szo_kiir: text = "körvonalazódik"
244.97894000005908	EXP	szo_kiir: autoDraw = true
245.8599000000395	DATA	Keydown: ArrowRight
245.9017149999272	EXP	szo_kiir: autoDraw = false
245.9017149999272	EXP	szo_kiir: color = {"_rgb":[1,1,1]}
245.9017149999272	EXP	szo_kiir: text = "stasassző"
246.4090299999807	EXP	szo_kiir: autoDraw = true
249.26034500007518	DATA	Keydown: ArrowLeft
249.2704799999483	EXP	szo_kiir: autoDraw = false
249.2704799999483	EXP	szo_kiir: color = {"_rgb":[1,1,1]}
249.2704799999483	EXP	szo_kiir: text = "blúz"
249.79636500007473	EXP	szo_kiir: autoDraw = true
250.6048600000795	DATA	Keydown: ArrowRight
250.63904000003822	EXP	szo_kiir: autoDraw = false
250.63904000003822	EXP	szo_kiir: color = {"_rgb":[1,1,1]}
250.63904000003822	EXP	szo_kiir: text = "szótag"
251.1666049999185	EXP	szo_kiir: autoDraw = true
252.25083500007167	DATA	Keydown: ArrowRight
252.2799450000748	EXP	szo_kiir: autoDraw = false
252.2799450000748	EXP	szo_kiir: color = {"_rgb":[1,1,1]}
252.2799450000748	EXP	szo_kiir: text = "sóhajt"
252.80059999995865	EXP	szo_kiir: autoDraw = true
253.43721999996342	DATA	Keydown: ArrowRight
253.4708700000774	EXP	szo_kiir: autoDraw = false
253.4708700000774	EXP	szo_kiir: color = {"_rgb":[1,1,1]}
253.4708700000774	EXP	szo_kiir: text = "köménymag"
253.98710500006564	EXP	szo_kiir: autoDraw = true
254.7051349999383	DATA	Keydown: ArrowRight
254.72849000012502	EXP	szo_kiir: autoDraw = false
254.72849000012502	EXP	szo_kiir: color = {"_rgb":[1,1,1]}
254.72849000012502	EXP	szo_kiir: text = "feledékeny"
255.2322400000412	EXP	szo_kiir: autoDraw = true
255.8805599999614	DATA	Keydown: ArrowRight
255.9125050001312	EXP	szo_kiir: autoDraw = false
255.9125050001312	EXP	szo_kiir: color = {"_rgb":[1,1,1]}
255.9125050001312	EXP	szo_kiir: text = "aprimitmus"
256.43362000002526	EXP	szo_kiir: autoDraw = true
258.39899000013247	DATA	Keydown: ArrowLeft
258.41113999998197	EXP	szo_kiir: autoDraw = false
258.41113999998197	EXP	szo_kiir: color = {"_rgb":[1,1,1]}
258.41113999998197	EXP	szo_kiir: text = "vértanú"
258.9320050000679	EXP	szo_kiir: autoDraw = true
259.64461500011384	DATA	Keydown: ArrowRight
259.67756500001997	EXP	szo_kiir: autoDraw = false
259.67756500001997	EXP	szo_kiir: color = {"_rgb":[1,1,1]}
259.67756500001997	EXP	szo_kiir: text = "szilikát"
260.1986849999521	EXP	szo_kiir: autoDraw = true
261.18277500011027	DATA	Keydown: ArrowRight
261.18904500012286	EXP	szo_kiir: autoDraw = false
261.18904500012286	EXP	szo_kiir: color = {"_rgb":[1,1,1]}
261.18904500012286	EXP	szo_kiir: text = "csatkó"
261.70901499991305	EXP	szo_kiir: autoDraw = true
264.3620299999602	DATA	Keydown: ArrowLeft
264.3877499999944	EXP	szo_kiir: autoDraw = false
264.3877499999944	EXP	szo_kiir: color = {"_rgb":[1,1,1]}
264.3877499999944	EXP	szo_kiir: text = "törköly"
264.91012999997474	EXP	szo_kiir: autoDraw = true
265.5106500000693	DATA	Keydown: ArrowRight
265.5206850001123	EXP	szo_kiir: autoDraw = false
265.5206850001123	EXP	szo_kiir: color = {"_rgb":[1,1,1]}
265.5206850001123	EXP	szo_kiir: text = "mihálóz"
266.05593000003137	EXP	szo_kiir: autoDraw = true
267.6253249999136	DATA	Keydown: ArrowLeft
267.65694999997504	EXP	szo_kiir: autoDraw = false
267.65694999997504	EXP	szo_kiir: color = {"_rgb":[1,1,1]}
267.65694999997504	EXP	szo_kiir: text = "szelégül"
268.19381000008434	EXP	szo_kiir: autoDraw = true
271.70458999997936	DATA	Keydown: ArrowLeft
271.7270750000607	EXP	szo_kiir: autoDraw = false
271.7270750000607	EXP	szo_kiir: color = {"_rgb":[1,1,1]}
271.7270750000607	EXP	szo_kiir: text = "tanácskozik"
272.2304750001058	EXP	szo_kiir: autoDraw = true
272.96313500008546	DATA	Keydown: ArrowRight
272.9917800000403	EXP	szo_kiir: autoDraw = false
272.9917800000403	EXP	szo_kiir: color = {"_rgb":[1,1,1]}
272.9917800000403	EXP	szo_kiir: text = "revelatív"
273.49812000012025	EXP	szo_kiir: autoDraw = true
276.94344000006095	DATA	Keydown: ArrowLeft
276.9588049999438	EXP	szo_kiir: autoDraw = false
276.9588049999438	EXP	szo_kiir: color = {"_rgb":[1,1,1]}
276.9588049999438	EXP	szo_kiir: text = "dermeszt"
277.47954500000924	EXP	szo_kiir: autoDraw = true
278.32615500013344	DATA	Keydown: ArrowRight
278.34048500005156	EXP	szo_kiir: autoDraw = false
278.34048500005156	EXP	szo_kiir: color = {"_rgb":[1,1,1]}
278.34048500005156	EXP	szo_kiir: text = "onogur"
278.861419999972	EXP	szo_kiir: autoDraw = true
280.6604299999308	DATA	Keydown: ArrowLeft
280.6715500000864	EXP	szo_kiir: autoDraw = false
280.6715500000864	EXP	szo_kiir: color = {"_rgb":[1,1,1]}
280.6715500000864	EXP	szo_kiir: text = "szalicil"
281.1932149999775	EXP	szo_kiir: autoDraw = true
282.0225249999203	DATA	Keydown: ArrowRight
282.06569000007585	EXP	szo_kiir: autoDraw = false
282.06569000007585	EXP	szo_kiir: color = {"_rgb":[1,1,1]}
282.06569000007585	EXP	szo_kiir: text = "részletez"
282.57712000003085	EXP	szo_kiir: autoDraw = true
283.15987999993376	DATA	Keydown: ArrowRight
283.18235000013374	EXP	szo_kiir: autoDraw = false
283.18235000013374	EXP	szo_kiir: color = {"_rgb":[1,1,1]}
283.18235000013374	EXP	szo_kiir: text = "háznép"
283.6964000000153	EXP	szo_kiir: autoDraw = true
284.1766250000801	DATA	Keydown: ArrowRight
284.2019150000997	EXP	szo_kiir: autoDraw = false
284.2019150000997	EXP	szo_kiir: color = {"_rgb":[1,1,1]}
284.2019150000997	EXP	szo_kiir: text = "szuperintelligens"
284.72589000011794	EXP	szo_kiir: autoDraw = true
285.77943000011146	DATA	Keydown: ArrowRight
285.7847849999089	EXP	szo_kiir: autoDraw = false
285.7847849999089	EXP	szo_kiir: color = {"_rgb":[1,1,1]}
285.7847849999089	EXP	szo_kiir: text = "pemetefű"
286.304509999929	EXP	szo_kiir: autoDraw = true
287.8852000001352	DATA	Keydown: ArrowRight
287.92995000001974	EXP	szo_kiir: autoDraw = false
287.92995000001974	EXP	szo_kiir: color = {"_rgb":[1,1,1]}
287.92995000001974	EXP	szo_kiir: text = "álomkór"
288.449729999993	EXP	szo_kiir: autoDraw = true
289.3960049999878	DATA	Keydown: ArrowRight
289.4107949999161	EXP	szo_kiir: autoDraw = false
289.4107949999161	EXP	szo_kiir: color = {"_rgb":[1,1,1]}
289.4107949999161	EXP	szo_kiir: text = "egellendő"
289.93534000008367	EXP	szo_kiir: autoDraw = true
291.65493499999866	DATA	Keydown: ArrowLeft
291.68859499995597	EXP	szo_kiir: autoDraw = false
291.68859499995597	EXP	szo_kiir: color = {"_rgb":[1,1,1]}
291.68859499995597	EXP	szo_kiir: text = "deszkalap"
292.2021600001026	EXP	szo_kiir: autoDraw = true
293.1898050000891	DATA	Keydown: ArrowRight
293.20371500006877	EXP	szo_kiir: autoDraw = false
293.20371500006877	EXP	szo_kiir: color = {"_rgb":[1,1,1]}
293.20371500006877	EXP	szo_kiir: text = "bóbiskol"
293.72611499996856	EXP	szo_kiir: autoDraw = true
294.912089999998	DATA	Keydown: ArrowRight
294.9549549999647	EXP	szo_kiir: autoDraw = false
294.9549549999647	EXP	szo_kiir: color = {"_rgb":[1,1,1]}
294.9549549999647	EXP	szo_kiir: text = "vicsadomás"
295.4636949999258	EXP	szo_kiir: autoDraw = true
297.1687549999915	DATA	Keydown: ArrowLeft
297.17886999994516	EXP	szo_kiir: autoDraw = false
297.17886999994516	EXP	szo_kiir: color = {"_rgb":[1,1,1]}
297.17886999994516	EXP	szo_kiir: text = "takácsmester"
297.70987499994226	EXP	szo_kiir: autoDraw = true
298.6051499999594	DATA	Keydown: ArrowRight
298.6326200000476	EXP	szo_kiir: autoDraw = false
298.6326200000476	EXP	szo_kiir: color = {"_rgb":[1,1,1]}
298.6326200000476	EXP	szo_kiir: text = "agráregyetem"
299.1421000000555	EXP	szo_kiir: autoDraw = true
300.35334499995224	DATA	Keydown: ArrowRight
300.3682399999816	EXP	szo_kiir: autoDraw = false
300.3682399999816	EXP	szo_kiir: color = {"_rgb":[1,1,1]}
300.3682399999816	EXP	szo_kiir: text = "vigyó"
300.8871999999974	EXP	szo_kiir: autoDraw = true
302.42393000004813	DATA	Keydown: ArrowLeft
302.4900299999863	EXP	szo_kiir: autoDraw = false
302.4900299999863	EXP	szo_kiir: color = {"_rgb":[1,1,1]}
302.4900299999863	EXP	szo_kiir: text = "spratika"
303.01113500003703	EXP	szo_kiir: autoDraw = true
304.5851900000125	DATA	Keydown: ArrowLeft
304.59786500013433	EXP	szo_kiir: autoDraw = false
304.59786500013433	EXP	szo_kiir: color = {"_rgb":[1,1,1]}
304.59786500013433	EXP	szo_kiir: text = "finomszesz"
305.11816999991424	EXP	szo_kiir: autoDraw = true
306.2494300000835	DATA	Keydown: ArrowRight
306.27997000003234	EXP	szo_kiir: autoDraw = false
306.27997000003234	EXP	szo_kiir: color = {"_rgb":[1,1,1]}
306.27997000003234	EXP	szo_kiir: text = "egant"
306.7993499999866	EXP	szo_kiir: autoDraw = true
308.51838000002317	DATA	Keydown: ArrowLeft
308.52783000003546	EXP	szo_kiir: autoDraw = false
308.52783000003546	EXP	szo_kiir: color = {"_rgb":[1,1,1]}
308.52783000003546	EXP	szo_kiir: text = "proszcénium"
309.0499299999792	EXP	szo_kiir: autoDraw = true
310.9828049999196	DATA	Keydown: ArrowLeft
310.991314999992	EXP	szo_kiir: autoDraw = false
310.991314999992	EXP	szo_kiir: color = {"_rgb":[1,1,1]}
310.991314999992	EXP	szo_kiir: text = "hazardírozik"
311.50414500012994	EXP	szo_kiir: autoDraw = true
312.95743499998935	DATA	Keydown: ArrowRight
312.99035999993794	EXP	szo_kiir: autoDraw = false
312.99035999993794	EXP	szo_kiir: color = {"_rgb":[1,1,1]}
312.99035999993794	EXP	szo_kiir: text = "alsokfejű"
313.5103849999141	EXP	szo_kiir: autoDraw = true
315.0906299999915	DATA	Keydown: ArrowLeft
315.1056399999652	EXP	szo_kiir: autoDraw = false
315.1056399999652	EXP	szo_kiir: color = {"_rgb":[1,1,1]}
315.1056399999652	EXP	szo_kiir: text = "elszarusodik"
315.63236499996856	EXP	szo_kiir: autoDraw = true
316.49062000005506	DATA	Keydown: ArrowRight
316.5305900000967	EXP	szo_kiir: autoDraw = false
316.5305900000967	EXP	szo_kiir: color = {"_rgb":[1,1,1]}
316.5305900000967	EXP	szo_kiir: text = "merítőkanál"
317.05331499991007	EXP	szo_kiir: autoDraw = true
317.8545949999243	DATA	Keydown: ArrowRight
317.8690249999054	EXP	szo_kiir: autoDraw = false
317.8690249999054	EXP	szo_kiir: color = {"_rgb":[1,1,1]}
317.8690249999054	EXP	szo_kiir: text = "hegelianizmus"
318.39705500006676	EXP	szo_kiir: autoDraw = true
320.2511050000321	DATA	Keydown: ArrowLeft
320.26896500005387	EXP	szo_kiir: autoDraw = false
320.26896500005387	EXP	szo_kiir: color = {"_rgb":[1,1,1]}
320.26896500005387	EXP	szo_kiir: text = "gyenkedéri"
320.7852650000714	EXP	szo_kiir: autoDraw = true
322.1389500000514	DATA	Keydown: ArrowLeft
322.1731100000907	EXP	szo_kiir: autoDraw = false
322.1731100000907	EXP	szo_kiir: color = {"_rgb":[1,1,1]}
322.1731100000907	EXP	szo_kiir: text = "orront"
322.6925600001123	EXP	szo_kiir: autoDraw = true
324.31245999992825	DATA	Keydown: ArrowRight
324.32724500005133	EXP	szo_kiir: autoDraw = false
324.32724500005133	EXP	szo_kiir: color = {"_rgb":[1,1,1]}
324.32724500005133	EXP	szo_kiir: text = "csöndesedik"
324.8502800001297	EXP	szo_kiir: autoDraw = true
325.6840099999681	DATA	Keydown: ArrowRight
325.7118949999567	EXP	szo_kiir: autoDraw = false
325.7118949999567	EXP	szo_kiir: color = {"_rgb":[1,1,1]}
325.7118949999567	EXP	szo_kiir: text = "gyűrűz"
326.232624999946	EXP	szo_kiir: autoDraw = true
327.0987549999263	DATA	Keydown: ArrowRight
327.1240449999459	EXP	szo_kiir: autoDraw = false
327.1240449999459	EXP	szo_kiir: color = {"_rgb":[1,1,1]}
327.1240449999459	EXP	szo_kiir: text = "portalanít"
327.62642000010237	EXP	szo_kiir: autoDraw = true
328.3944500000216	DATA	Keydown: ArrowRight
328.43029000004753	EXP	szo_kiir: autoDraw = false
328.43029000004753	EXP	szo_kiir: color = {"_rgb":[1,1,1]}
328.43029000004753	EXP	szo_kiir: text = "cizellál"
328.94760000007227	EXP	szo_kiir: autoDraw = true
330.045080000069	DATA	Keydown: ArrowRight
330.05800499999896	EXP	szo_kiir: autoDraw = false
330.05800499999896	EXP	szo_kiir: color = {"_rgb":[1,1,1]}
330.05800499999896	EXP	szo_kiir: text = "zománcáru"
330.57844500010833	EXP	szo_kiir: autoDraw = true
332.01245500007644	DATA	Keydown: ArrowRight
332.0436350000091	EXP	szo_kiir: autoDraw = false
332.0436350000091	EXP	szo_kiir: color = {"_rgb":[1,1,1]}
332.0436350000091	EXP	szo_kiir: text = "árstop"
332.5578000000678	EXP	szo_kiir: autoDraw = true
334.20668500009924	DATA	Keydown: ArrowRight
334.21827999991365	EXP	szo_kiir: autoDraw = false
334.21827999991365	EXP	szo_kiir: color = {"_rgb":[1,1,1]}
334.21827999991365	EXP	szo_kiir: text = "nagyoll"
334.7421649999451	EXP	szo_kiir: autoDraw = true
336.43877000012435	DATA	Keydown: ArrowRight
336.4790600000415	EXP	szo_kiir: autoDraw = false
336.4790600000415	EXP	szo_kiir: color = {"_rgb":[1,1,1]}
336.4790600000415	EXP	szo_kiir: text = "pamacsol"
337.00634000007994	EXP	szo_kiir: autoDraw = true
337.703674999997	DATA	Keydown: ArrowRight
337.73015499999747	EXP	szo_kiir: autoDraw = false
337.73015499999747	EXP	szo_kiir: color = {"_rgb":[1,1,1]}
337.73015499999747	EXP	szo_kiir: text = "rezervál"
338.23277000011876	EXP	szo_kiir: autoDraw = true
339.0375149999745	DATA	Keydown: ArrowRight
339.08675500005484	EXP	szo_kiir: autoDraw = false
339.08675500005484	EXP	szo_kiir: color = {"_rgb":[1,1,1]}
339.08675500005484	EXP	szo_kiir: text = "standardizál"
339.6146150000859	EXP	szo_kiir: autoDraw = true
340.3983549999539	DATA	Keydown: ArrowRight
340.4128400001209	EXP	szo_kiir: autoDraw = false
340.4128400001209	EXP	szo_kiir: color = {"_rgb":[1,1,1]}
340.4128400001209	EXP	szo_kiir: text = "tejeslány"
340.9361749999225	EXP	szo_kiir: autoDraw = true
342.0827150000259	DATA	Keydown: ArrowRight
342.10988499992527	EXP	szo_kiir: autoDraw = false
342.10988499992527	EXP	szo_kiir: color = {"_rgb":[1,1,1]}
342.10988499992527	EXP	szo_kiir: text = "teszű"
342.62860499997623	EXP	szo_kiir: autoDraw = true
344.01428000000305	DATA	Keydown: ArrowLeft
344.0260699999053	EXP	szo_kiir: autoDraw = false
344.0260699999053	EXP	szo_kiir: color = {"_rgb":[1,1,1]}
344.0260699999053	EXP	szo_kiir: text = "homoktölcsér"
344.5463499999605	EXP	szo_kiir: autoDraw = true
345.73173000011593	DATA	Keydown: ArrowRight
345.76248500007205	EXP	szo_kiir: autoDraw = false
345.76248500007205	EXP	szo_kiir: color = {"_rgb":[1,1,1]}
345.76248500007205	EXP	szo_kiir: text = "legyszekli"
346.1630550001282	DATA	Keydown: ArrowLeft
346.2855350000318	EXP	szo_kiir: autoDraw = true
348.0942450000439	DATA	Keydown: ArrowLeft
348.10700500011444	EXP	szo_kiir: autoDraw = false
348.10700500011444	EXP	szo_kiir: color = {"_rgb":[1,1,1]}
348.10700500011444	EXP	szo_kiir: text = "felcsavaroz"
348.63767000008374	EXP	szo_kiir: autoDraw = true
349.5130950000603	DATA	Keydown: ArrowRight
349.5497350001242	EXP	szo_kiir: autoDraw = false
349.5497350001242	EXP	szo_kiir: color = {"_rgb":[1,1,1]}
349.5497350001242	EXP	szo_kiir: text = "meleglaboratórium"
350.06030500005	EXP	szo_kiir: autoDraw = true
357.2021049999166	DATA	Keydown: ArrowRight
357.21227500005625	EXP	szo_kiir: autoDraw = false
357.21227500005625	EXP	szo_kiir: color = {"_rgb":[1,1,1]}
357.21227500005625	EXP	szo_kiir: text = "gyant"
357.73114000004716	EXP	szo_kiir: autoDraw = true
359.68273000000045	DATA	Keydown: ArrowLeft
359.71671500010416	EXP	szo_kiir: autoDraw = false
359.71671500010416	EXP	szo_kiir: color = {"_rgb":[1,1,1]}
359.71671500010416	EXP	szo_kiir: text = "dumcsoska"
360.23696499993093	EXP	szo_kiir: autoDraw = true
362.5518100000918	DATA	Keydown: ArrowLeft
362.55892500001937	EXP	szo_kiir: autoDraw = false
362.55892500001937	EXP	szo_kiir: color = {"_rgb":[1,1,1]}
362.55892500001937	EXP	szo_kiir: text = "szervusz"
363.0771250000689	EXP	szo_kiir: autoDraw = true
363.89119999995455	DATA	Keydown: ArrowRight
363.92633499996737	EXP	szo_kiir: autoDraw = false
363.92633499996737	EXP	szo_kiir: color = {"_rgb":[1,1,1]}
363.92633499996737	EXP	szo_kiir: text = "rámáz"
364.44399000005797	EXP	szo_kiir: autoDraw = true
366.97209000005387	DATA	Keydown: ArrowRight
366.9864400001243	EXP	szo_kiir: autoDraw = false
366.9864400001243	EXP	szo_kiir: color = {"_rgb":[1,1,1]}
366.9864400001243	EXP	szo_kiir: text = "tilitálós"
367.50582999992184	EXP	szo_kiir: autoDraw = true
368.8216150000226	DATA	Keydown: ArrowLeft
368.85460500000045	EXP	szo_kiir: autoDraw = false
368.85460500000045	EXP	szo_kiir: color = {"_rgb":[1,1,1]}
368.85460500000045	EXP	szo_kiir: text = "utálkodik"
369.3709750000853	EXP	szo_kiir: autoDraw = true
370.2373049999587	DATA	Keydown: ArrowRight
370.25156000000425	EXP	szo_kiir: autoDraw = false
370.25156000000425	EXP	szo_kiir: color = {"_rgb":[1,1,1]}
370.25156000000425	EXP	szo_kiir: text = "tartáló"
370.7725100000389	EXP	szo_kiir: autoDraw = true
372.70017000008374	DATA	Keydown: ArrowLeft
372.73287499998696	EXP	szo_kiir: autoDraw = false
372.73287499998696	EXP	szo_kiir: color = {"_rgb":[1,1,1]}
372.73287499998696	EXP	szo_kiir: text = "diszkretizál"
373.25245500006713	EXP	szo_kiir: autoDraw = true
376.27255000011064	DATA	Keydown: ArrowRight
376.28230500011705	EXP	szo_kiir: autoDraw = false
376.28230500011705	EXP	szo_kiir: color = {"_rgb":[1,1,1]}
376.28230500011705	EXP	szo_kiir: text = "kvártélyoz"
376.8017450000625	EXP	szo_kiir: autoDraw = true
381.6099749999121	DATA	Keydown: ArrowLeft
381.62059499998577	EXP	szo_kiir: autoDraw = false
381.62059499998577	EXP	szo_kiir: color = {"_rgb":[1,1,1]}
381.62059499998577	EXP	szo_kiir: text = "inspekcióz"
382.14449999993667	EXP	szo_kiir: autoDraw = true
383.762880000053	DATA	Keydown: ArrowRight
383.81263000005856	EXP	szo_kiir: autoDraw = false
383.81263000005856	EXP	szo_kiir: color = {"_rgb":[1,1,1]}
383.81263000005856	EXP	szo_kiir: text = "cigazodox"
384.33731999993324	EXP	szo_kiir: autoDraw = true
385.4225550000556	DATA	Keydown: ArrowLeft
385.43640000000596	EXP	szo_kiir: autoDraw = false
385.43640000000596	EXP	szo_kiir: color = {"_rgb":[1,1,1]}
385.43640000000596	EXP	szo_kiir: text = "rajzolótű"
385.9571499999147	EXP	szo_kiir: autoDraw = true
387.17467999993823	DATA	Keydown: ArrowRight
387.19915500003844	EXP	szo_kiir: autoDraw = false
387.19915500003844	EXP	koszi_szoveg: autoDraw = true
390.5007350000087	DATA	Keydown: ArrowRight
