0.14336499996716157	EXP	Created Window = Window( name=Window, fullscr=true, color=#000000, units=norm, waitBlanking=true, autoLog=true, size=[1332,666] )
2.6649449999677017	DATA	Keydown: 3
2.8265449999598786	DATA	Keydown: 3
3.0679499999969266	DATA	Keydown: 6
3.977909999957774	DATA	Keydown: 0
6.525009999983013	DATA	Keydown: n
9.341544999973848	DATA	Keydown: ő
12.611004999955185	DATA	Keydown: 1
12.713634999992792	DATA	Keydown: 9
12.941269999952056	DATA	Keydown: 8
13.142209999961779	DATA	Keydown: 2
16.85778500000015	DATA	Keydown: 1
16.99046499998076	DATA	Keydown: 3
22.19331499998225	EXP	Created instruction_text1 = TextStim( name=instruction_text1, win=Window( name=Window, fullscr=true, color=#000000, ~), autoDraw=null, autoLog=true, units=norm, ori=null, opacity=1, pos=[0,0], size=undefined, text=Ön most szavakat fog látni.

Ezek között lesznek o~, font=Arial, color=#ffffff, contrast=1, height=0.05, bold=null, italic=null, alignHoriz=left, alignVert=center, wrapWidth=1, flipHoriz=null, flipVert=null )
22.19980999996187	EXP	Created instruction_text2 = TextStim( name=instruction_text2, win=Window( name=Window, fullscr=true, color=#000000, ~), autoDraw=null, autoLog=true, units=norm, ori=null, opacity=1, pos=[0,0], size=undefined, text=Először két egyszerű példát mutatunk Önnek.

Az el~, font=Arial, color=#FFFFFF, contrast=1, height=0.05, bold=null, italic=null, alignHoriz=left, alignVert=center, wrapWidth=1, flipHoriz=null, flipVert=null )
22.20313499995973	EXP	Created show_text = TextStim( name=show_text, win=Window( name=Window, fullscr=true, color=#000000, ~), autoDraw=null, autoLog=true, units=norm, ori=null, opacity=1, pos=[0,0], size=undefined, text=asztal, font=Arial, color=#FFFFFF, contrast=1, height=0.2, bold=null, italic=null, alignHoriz=left, alignVert=center, wrapWidth=1, flipHoriz=null, flipVert=null )
22.20571499998914	EXP	Created text = TextStim( name=text, win=Window( name=Window, fullscr=true, color=#000000, ~), autoDraw=null, autoLog=true, units=norm, ori=null, opacity=1, pos=[0,0], size=undefined, text=bzsmfsztal, font=Arial, color=#FFFFFF, contrast=1, height=0.2, bold=null, italic=null, alignHoriz=left, alignVert=center, wrapWidth=1, flipHoriz=null, flipVert=null )
22.219559999997728	EXP	Created instruction_text3 = TextStim( name=instruction_text3, win=Window( name=Window, fullscr=true, color=#000000, ~), autoDraw=null, autoLog=true, units=norm, ori=null, opacity=1, pos=[0,0], size=undefined, text=Pazar. Most kezdődik az igazi kísérlet. Néhány per~, font=Arial, color=#FFFFFF, contrast=1, height=0.1, bold=null, italic=null, alignHoriz=left, alignVert=center, wrapWidth=1, flipHoriz=null, flipVert=null )
22.221479999949224	EXP	Created szo_kiir = TextStim( name=szo_kiir, win=Window( name=Window, fullscr=true, color=#000000, ~), autoDraw=null, autoLog=true, units=norm, ori=null, opacity=1, pos=[0,0], size=undefined, text=default text, font=Arial, color=#FFFFFF, contrast=1, height=0.2, bold=null, italic=null, alignHoriz=left, alignVert=center, wrapWidth=1, flipHoriz=null, flipVert=null )
22.224044999980833	EXP	Created koszi_szoveg = TextStim( name=koszi_szoveg, win=Window( name=Window, fullscr=true, color=#000000, ~), autoDraw=null, autoLog=true, units=norm, ori=null, opacity=1, pos=[0,0], size=undefined, text=Vége a kísérletnek. Köszönjük a részvételt!, font=arial, color=#ffffff, contrast=1, height=0.1, bold=null, italic=null, alignHoriz=left, alignVert=center, wrapWidth=1, flipHoriz=null, flipVert=null )
22.315759999968577	EXP	instruction_text1: units = "norm"
22.315759999968577	EXP	instruction_text1: ori = 0
22.315759999968577	EXP	instruction_text1: opacity = 1
22.315759999968577	EXP	instruction_text1: pos = [0,0]
22.315759999968577	EXP	instruction_text1: size = undefined
22.315759999968577	EXP	instruction_text1: text = "Ön most szavakat fog látni.\n\nEzek között lesznek olyanok, amelyeket ismer, de előfordulhatnak olyanok is, amelyeket nem ismer, sőt, vannak köztük kitalált szavak is. \n\nKérjük, ha ismeri a képernyőn látható szót, nyomja meg a JOBB kurzorbillentyűt.\nKérjük, ha NEM ismeri a képernyőn látható szót, vagy azt gondolja, nincs ilyen szó a magyarban, nyomja meg a BAL kurzorbillentyűt.\n\nAz 'Ismerem a szót' döntés itt most ezt jelenti: találkoztam már vele, és van valami elképzelésem a jelentéséről is.  \n\nNyomjon meg bármilyen billentyűt a folytatáshoz."
22.315759999968577	EXP	instruction_text1: font = "Arial"
22.315759999968577	EXP	instruction_text1: color = {"_rgb":[1,1,1]}
22.315759999968577	EXP	instruction_text1: contrast = 1
22.315759999968577	EXP	instruction_text1: height = 0.05
22.315759999968577	EXP	instruction_text1: bold = false
22.315759999968577	EXP	instruction_text1: italic = false
22.315759999968577	EXP	instruction_text1: alignHoriz = "left"
22.315759999968577	EXP	instruction_text1: alignVert = "center"
22.315759999968577	EXP	instruction_text1: wrapWidth = 1
22.315759999968577	EXP	instruction_text1: flipHoriz = false
22.315759999968577	EXP	instruction_text1: flipVert = false
22.315759999968577	EXP	instruction_text2: units = "norm"
22.315759999968577	EXP	instruction_text2: ori = 0
22.315759999968577	EXP	instruction_text2: opacity = 1
22.315759999968577	EXP	instruction_text2: pos = [0,0]
22.315759999968577	EXP	instruction_text2: size = undefined
22.315759999968577	EXP	instruction_text2: text = "Először két egyszerű példát mutatunk Önnek.\n\nAz első szó létezik a magyarban, és valószínűleg Ön is ismeri. Itt nyomja majd meg a jobb kurzorbillentyűt.\nA második szó nem létezik a magyar nyelvben. Itt nyomja majd meg a bal kurzorbillentyűt.\n\nFontos, hogy a jobb gombot a jobb kezével, a bal gombot a bal kezével nyomja, ha tudja, és ne egy kezét használja a kísérletben.\n\nNyomjon meg bármilyen gombot a folytatáshoz."
22.315759999968577	EXP	instruction_text2: font = "Arial"
22.315759999968577	EXP	instruction_text2: color = {"_hex":"#FFFFFF","_rgb":[1,1,1]}
22.315759999968577	EXP	instruction_text2: contrast = 1
22.315759999968577	EXP	instruction_text2: height = 0.05
22.315759999968577	EXP	instruction_text2: bold = false
22.315759999968577	EXP	instruction_text2: italic = false
22.315759999968577	EXP	instruction_text2: alignHoriz = "left"
22.315759999968577	EXP	instruction_text2: alignVert = "center"
22.315759999968577	EXP	instruction_text2: wrapWidth = 1
22.315759999968577	EXP	instruction_text2: flipHoriz = false
22.315759999968577	EXP	instruction_text2: flipVert = false
22.315759999968577	EXP	show_text: units = "norm"
22.315759999968577	EXP	show_text: ori = 0
22.315759999968577	EXP	show_text: opacity = 1
22.315759999968577	EXP	show_text: pos = [0,0]
22.315759999968577	EXP	show_text: size = undefined
22.315759999968577	EXP	show_text: text = "asztal"
22.315759999968577	EXP	show_text: font = "Arial"
22.315759999968577	EXP	show_text: color = {"_hex":"#FFFFFF","_rgb":[1,1,1]}
22.315759999968577	EXP	show_text: contrast = 1
22.315759999968577	EXP	show_text: height = 0.2
22.315759999968577	EXP	show_text: bold = false
22.315759999968577	EXP	show_text: italic = false
22.315759999968577	EXP	show_text: alignHoriz = "left"
22.315759999968577	EXP	show_text: alignVert = "center"
22.315759999968577	EXP	show_text: wrapWidth = 1
22.315759999968577	EXP	show_text: flipHoriz = false
22.315759999968577	EXP	show_text: flipVert = false
22.315759999968577	EXP	text: units = "norm"
22.315759999968577	EXP	text: ori = 0
22.315759999968577	EXP	text: opacity = 1
22.315759999968577	EXP	text: pos = [0,0]
22.315759999968577	EXP	text: size = undefined
22.315759999968577	EXP	text: text = "bzsmfsztal"
22.315759999968577	EXP	text: font = "Arial"
22.315759999968577	EXP	text: color = {"_hex":"#FFFFFF","_rgb":[1,1,1]}
22.315759999968577	EXP	text: contrast = 1
22.315759999968577	EXP	text: height = 0.2
22.315759999968577	EXP	text: bold = false
22.315759999968577	EXP	text: italic = false
22.315759999968577	EXP	text: alignHoriz = "left"
22.315759999968577	EXP	text: alignVert = "center"
22.315759999968577	EXP	text: wrapWidth = 1
22.315759999968577	EXP	text: flipHoriz = false
22.315759999968577	EXP	text: flipVert = false
22.315759999968577	EXP	instruction_text3: units = "norm"
22.315759999968577	EXP	instruction_text3: ori = 0
22.315759999968577	EXP	instruction_text3: opacity = 1
22.315759999968577	EXP	instruction_text3: pos = [0,0]
22.315759999968577	EXP	instruction_text3: size = undefined
22.315759999968577	EXP	instruction_text3: text = "Pazar. Most kezdődik az igazi kísérlet. Néhány percig fog tartani. Nem kell nagyon sietnie, de igyekezzen gyorsan válaszolni.\n\nNe feledje, ha tudja, a jobb gombot a jobbkezével, a bal gombot a balkezével nyomja le.\n\nNyomjon meg bármilyen gombot a folytatáshoz."
22.315759999968577	EXP	instruction_text3: font = "Arial"
22.315759999968577	EXP	instruction_text3: color = {"_hex":"#FFFFFF","_rgb":[1,1,1]}
22.315759999968577	EXP	instruction_text3: contrast = 1
22.315759999968577	EXP	instruction_text3: height = 0.1
22.315759999968577	EXP	instruction_text3: bold = false
22.315759999968577	EXP	instruction_text3: italic = false
22.315759999968577	EXP	instruction_text3: alignHoriz = "left"
22.315759999968577	EXP	instruction_text3: alignVert = "center"
22.315759999968577	EXP	instruction_text3: wrapWidth = 1
22.315759999968577	EXP	instruction_text3: flipHoriz = false
22.315759999968577	EXP	instruction_text3: flipVert = false
22.315759999968577	EXP	szo_kiir: units = "norm"
22.315759999968577	EXP	szo_kiir: ori = 0
22.315759999968577	EXP	szo_kiir: opacity = 1
22.315759999968577	EXP	szo_kiir: pos = [0,0]
22.315759999968577	EXP	szo_kiir: size = undefined
22.315759999968577	EXP	szo_kiir: text = "default text"
22.315759999968577	EXP	szo_kiir: font = "Arial"
22.315759999968577	EXP	szo_kiir: color = {"_hex":"#FFFFFF","_rgb":[1,1,1]}
22.315759999968577	EXP	szo_kiir: contrast = 1
22.315759999968577	EXP	szo_kiir: height = 0.2
22.315759999968577	EXP	szo_kiir: bold = false
22.315759999968577	EXP	szo_kiir: italic = false
22.315759999968577	EXP	szo_kiir: alignHoriz = "left"
22.315759999968577	EXP	szo_kiir: alignVert = "center"
22.315759999968577	EXP	szo_kiir: wrapWidth = 1
22.315759999968577	EXP	szo_kiir: flipHoriz = false
22.315759999968577	EXP	szo_kiir: flipVert = false
22.315759999968577	EXP	koszi_szoveg: units = "norm"
22.315759999968577	EXP	koszi_szoveg: ori = 0
22.315759999968577	EXP	koszi_szoveg: opacity = 1
22.315759999968577	EXP	koszi_szoveg: pos = [0,0]
22.315759999968577	EXP	koszi_szoveg: size = undefined
22.315759999968577	EXP	koszi_szoveg: text = "Vége a kísérletnek. Köszönjük a részvételt!"
22.315759999968577	EXP	koszi_szoveg: font = "arial"
22.315759999968577	EXP	koszi_szoveg: color = {"_rgb":[1,1,1]}
22.315759999968577	EXP	koszi_szoveg: contrast = 1
22.315759999968577	EXP	koszi_szoveg: height = 0.1
22.315759999968577	EXP	koszi_szoveg: bold = false
22.315759999968577	EXP	koszi_szoveg: italic = false
22.315759999968577	EXP	koszi_szoveg: alignHoriz = "left"
22.315759999968577	EXP	koszi_szoveg: alignVert = "center"
22.315759999968577	EXP	koszi_szoveg: wrapWidth = 1
22.315759999968577	EXP	koszi_szoveg: flipHoriz = false
22.315759999968577	EXP	koszi_szoveg: flipVert = false
22.315759999968577	EXP	instruction_text1: autoDraw = true
53.79096999997273	DATA	Mouse: 0 button down, pos=(807.8571621179581,495.7142975330353)
53.89649499999359	DATA	Mouse: 0 button down, pos=(807.8571621179581,495.7142975330353)
56.41167499998119	DATA	Keydown: ArrowRight
56.44952500000363	EXP	instruction_text1: autoDraw = false
56.44952500000363	EXP	instruction_text2: autoDraw = true
65.99676499998895	DATA	Keydown: ArrowRight
66.00862999999663	EXP	instruction_text2: autoDraw = false
66.55093999998644	EXP	show_text: autoDraw = true
67.69102999998722	DATA	Keydown: ArrowRight
67.70716999995057	EXP	show_text: autoDraw = false
68.23624999995809	EXP	text: autoDraw = true
69.83989499998279	DATA	Keydown: ArrowLeft
69.91464999999152	EXP	text: autoDraw = false
69.91464999999152	EXP	instruction_text3: autoDraw = true
75.64127999998163	DATA	Keydown: ArrowRight
75.73223500000313	EXP	instruction_text3: autoDraw = false
75.73223500000313	EXP	szo_kiir: color = {"_rgb":[1,1,1]}
75.73223500000313	EXP	szo_kiir: text = "augusztus"
76.24848999996902	EXP	szo_kiir: autoDraw = true
77.6731799999834	DATA	Keydown: ArrowRight
77.68969499995	EXP	szo_kiir: autoDraw = false
77.68969499995	EXP	szo_kiir: color = {"_rgb":[1,1,1]}
77.68969499995	EXP	szo_kiir: text = "nehéz"
78.21840999997221	EXP	szo_kiir: autoDraw = true
79.01080999994883	DATA	Keydown: ArrowRight
79.06586999999126	EXP	szo_kiir: autoDraw = false
79.06586999999126	EXP	szo_kiir: color = {"_rgb":[1,1,1]}
79.06586999999126	EXP	szo_kiir: text = "átrális"
79.580719999969	EXP	szo_kiir: autoDraw = true
81.00627499999246	DATA	Keydown: ArrowLeft
81.02070499997353	EXP	szo_kiir: autoDraw = false
81.02070499997353	EXP	szo_kiir: color = {"_rgb":[1,1,1]}
81.02070499997353	EXP	szo_kiir: text = "speciális"
81.54603499994846	EXP	szo_kiir: autoDraw = true
82.37981999997282	DATA	Keydown: ArrowRight
82.41891999996733	EXP	szo_kiir: autoDraw = false
82.41891999996733	EXP	szo_kiir: color = {"_rgb":[1,1,1]}
82.41891999996733	EXP	szo_kiir: text = "függ"
82.94329500000458	EXP	szo_kiir: autoDraw = true
83.69675999996252	DATA	Keydown: ArrowRight
83.70394999999553	EXP	szo_kiir: autoDraw = false
83.70394999999553	EXP	szo_kiir: color = {"_rgb":[1,1,1]}
83.70394999999553	EXP	szo_kiir: text = "király"
84.22977499995613	EXP	szo_kiir: autoDraw = true
84.87176999996882	DATA	Keydown: ArrowRight
84.9357949999976	EXP	szo_kiir: autoDraw = false
84.9357949999976	EXP	szo_kiir: color = {"_rgb":[1,1,1]}
84.9357949999976	EXP	szo_kiir: text = "néghajóti"
85.46180999994976	EXP	szo_kiir: autoDraw = true
86.37658499996178	DATA	Keydown: ArrowLeft
86.38530500000343	EXP	szo_kiir: autoDraw = false
86.38530500000343	EXP	szo_kiir: color = {"_rgb":[1,1,1]}
86.38530500000343	EXP	szo_kiir: text = "módszer"
86.90969999996014	EXP	szo_kiir: autoDraw = true
87.63858999998774	DATA	Keydown: ArrowRight
87.67064999998547	EXP	szo_kiir: autoDraw = false
87.67064999998547	EXP	szo_kiir: color = {"_rgb":[1,1,1]}
87.67064999998547	EXP	szo_kiir: text = "csomag"
88.19396999996388	EXP	szo_kiir: autoDraw = true
88.85658500000136	DATA	Keydown: ArrowRight
88.86790499999188	EXP	szo_kiir: autoDraw = false
88.86790499999188	EXP	szo_kiir: color = {"_rgb":[1,1,1]}
88.86790499999188	EXP	szo_kiir: text = "mód"
89.38905999995768	EXP	szo_kiir: autoDraw = true
89.9605299999821	DATA	Keydown: ArrowRight
89.98710499994922	EXP	szo_kiir: autoDraw = false
89.98710499994922	EXP	szo_kiir: color = {"_rgb":[1,1,1]}
89.98710499994922	EXP	szo_kiir: text = "optimális"
90.5063300000038	EXP	szo_kiir: autoDraw = true
91.31819499999983	DATA	Keydown: ArrowRight
91.3337949999841	EXP	szo_kiir: autoDraw = false
91.3337949999841	EXP	szo_kiir: color = {"_rgb":[1,1,1]}
91.3337949999841	EXP	szo_kiir: text = "bakú"
91.85612499999115	EXP	szo_kiir: autoDraw = true
92.86867499997607	DATA	Keydown: ArrowLeft
92.91086999996332	EXP	szo_kiir: autoDraw = false
92.91086999996332	EXP	szo_kiir: color = {"_rgb":[1,1,1]}
92.91086999996332	EXP	szo_kiir: text = "kampány"
93.42240499996115	EXP	szo_kiir: autoDraw = true
94.1349399999599	DATA	Keydown: ArrowRight
94.1507499999716	EXP	szo_kiir: autoDraw = false
94.1507499999716	EXP	szo_kiir: color = {"_rgb":[1,1,1]}
94.1507499999716	EXP	szo_kiir: text = "fut"
94.67010999994818	EXP	szo_kiir: autoDraw = true
95.24150499998359	DATA	Keydown: ArrowRight
95.25587999995332	EXP	szo_kiir: autoDraw = false
95.25587999995332	EXP	szo_kiir: color = {"_rgb":[1,1,1]}
95.25587999995332	EXP	szo_kiir: text = "kapu"
95.77156500000274	EXP	szo_kiir: autoDraw = true
96.44217999995453	DATA	Keydown: ArrowRight
96.45221499999752	EXP	szo_kiir: autoDraw = false
96.45221499999752	EXP	szo_kiir: color = {"_rgb":[1,1,1]}
96.45221499999752	EXP	szo_kiir: text = "látvány"
96.97475499997381	EXP	szo_kiir: autoDraw = true
97.6522849999601	DATA	Keydown: ArrowRight
97.68640499998583	EXP	szo_kiir: autoDraw = false
97.68640499998583	EXP	szo_kiir: color = {"_rgb":[1,1,1]}
97.68640499998583	EXP	szo_kiir: text = "ausztrál"
98.20490999997128	EXP	szo_kiir: autoDraw = true
99.66774499998428	DATA	Keydown: ArrowRight
99.6835499999579	EXP	szo_kiir: autoDraw = false
99.6835499999579	EXP	szo_kiir: color = {"_rgb":[1,1,1]}
99.6835499999579	EXP	szo_kiir: text = "csend"
100.20361999998568	EXP	szo_kiir: autoDraw = true
100.88822999998229	DATA	Keydown: ArrowRight
100.91616500000237	EXP	szo_kiir: autoDraw = false
100.91616500000237	EXP	szo_kiir: color = {"_rgb":[1,1,1]}
100.91616500000237	EXP	szo_kiir: text = "harmonikus"
101.43825999996625	EXP	szo_kiir: autoDraw = true
102.28536999999778	DATA	Keydown: ArrowRight
102.2990399999544	EXP	szo_kiir: autoDraw = false
102.2990399999544	EXP	szo_kiir: color = {"_rgb":[1,1,1]}
102.2990399999544	EXP	szo_kiir: text = "daragasi"
102.82052499998827	EXP	szo_kiir: autoDraw = true
103.75623499997891	DATA	Keydown: ArrowLeft
103.78279999998631	EXP	szo_kiir: autoDraw = false
103.78279999998631	EXP	szo_kiir: color = {"_rgb":[1,1,1]}
103.78279999998631	EXP	szo_kiir: text = "többszörös"
104.30565499997465	EXP	szo_kiir: autoDraw = true
105.24975999997696	DATA	Keydown: ArrowRight
105.26535999996122	EXP	szo_kiir: autoDraw = false
105.26535999996122	EXP	szo_kiir: color = {"_rgb":[1,1,1]}
105.26535999996122	EXP	szo_kiir: text = "tánló"
105.78712999995332	EXP	szo_kiir: autoDraw = true
106.67127999995137	DATA	Keydown: ArrowLeft
106.69245499995304	EXP	szo_kiir: autoDraw = false
106.69245499995304	EXP	szo_kiir: color = {"_rgb":[1,1,1]}
106.69245499995304	EXP	szo_kiir: text = "klassz"
107.20122999994783	EXP	szo_kiir: autoDraw = true
107.84221999999136	DATA	Keydown: ArrowRight
107.84826499997871	EXP	szo_kiir: autoDraw = false
107.84826499997871	EXP	szo_kiir: color = {"_rgb":[1,1,1]}
107.84826499997871	EXP	szo_kiir: text = "ponálgai"
108.36790999997174	EXP	szo_kiir: autoDraw = true
109.2415949999704	DATA	Keydown: ArrowLeft
109.26216499996372	EXP	szo_kiir: autoDraw = false
109.26216499996372	EXP	szo_kiir: color = {"_rgb":[1,1,1]}
109.26216499996372	EXP	szo_kiir: text = "búcsú"
109.76821499998914	EXP	szo_kiir: autoDraw = true
110.49782499996945	DATA	Keydown: ArrowRight
110.513489999983	EXP	szo_kiir: autoDraw = false
110.513489999983	EXP	szo_kiir: color = {"_rgb":[1,1,1]}
110.513489999983	EXP	szo_kiir: text = "hossz"
111.03365999995731	EXP	szo_kiir: autoDraw = true
111.89878999994835	DATA	Keydown: ArrowRight
111.92681499995524	EXP	szo_kiir: autoDraw = false
111.92681499995524	EXP	szo_kiir: color = {"_rgb":[1,1,1]}
111.92681499995524	EXP	szo_kiir: text = "hider"
112.43370999995386	EXP	szo_kiir: autoDraw = true
113.3025449999841	DATA	Keydown: ArrowLeft
113.3123299999861	EXP	szo_kiir: autoDraw = false
113.3123299999861	EXP	szo_kiir: color = {"_rgb":[1,1,1]}
113.3123299999861	EXP	szo_kiir: text = "un"
113.83409499999834	EXP	szo_kiir: autoDraw = true
115.0646499999566	DATA	Keydown: ArrowRight
115.09429499995895	EXP	szo_kiir: autoDraw = false
115.09429499995895	EXP	szo_kiir: color = {"_rgb":[1,1,1]}
115.09429499995895	EXP	szo_kiir: text = "germán"
115.61628999997629	EXP	szo_kiir: autoDraw = true
116.60408499999903	DATA	Keydown: ArrowRight
116.61194999999134	EXP	szo_kiir: autoDraw = false
116.61194999999134	EXP	szo_kiir: color = {"_rgb":[1,1,1]}
116.61194999999134	EXP	szo_kiir: text = "rak"
117.13369999994757	EXP	szo_kiir: autoDraw = true
117.76262499997392	DATA	Keydown: ArrowRight
117.80207999999402	EXP	szo_kiir: autoDraw = false
117.80207999999402	EXP	szo_kiir: color = {"_rgb":[1,1,1]}
117.80207999999402	EXP	szo_kiir: text = "extravagáns"
118.31904999999097	EXP	szo_kiir: autoDraw = true
119.20515999995405	DATA	Keydown: ArrowRight
119.21269499999471	EXP	szo_kiir: autoDraw = false
119.21269499999471	EXP	szo_kiir: color = {"_rgb":[1,1,1]}
119.21269499999471	EXP	szo_kiir: text = "glükóz"
119.73288999998476	EXP	szo_kiir: autoDraw = true
120.71301999996649	DATA	Keydown: ArrowRight
120.75926999998046	EXP	szo_kiir: autoDraw = false
120.75926999998046	EXP	szo_kiir: color = {"_rgb":[1,1,1]}
120.75926999998046	EXP	szo_kiir: text = "hamburger"
121.28131999995094	EXP	szo_kiir: autoDraw = true
122.13691000000108	DATA	Keydown: ArrowRight
122.14347999996971	EXP	szo_kiir: autoDraw = false
122.14347999996971	EXP	szo_kiir: color = {"_rgb":[1,1,1]}
122.14347999996971	EXP	szo_kiir: text = "oldalmi"
122.66414999996778	EXP	szo_kiir: autoDraw = true
123.56672999996226	DATA	Keydown: ArrowLeft
123.59813499997836	EXP	szo_kiir: autoDraw = false
123.59813499997836	EXP	szo_kiir: color = {"_rgb":[1,1,1]}
123.59813499997836	EXP	szo_kiir: text = "taszt"
124.1138599999831	EXP	szo_kiir: autoDraw = true
125.25039999996079	DATA	Keydown: ArrowLeft
125.25963499996578	EXP	szo_kiir: autoDraw = false
125.25963499996578	EXP	szo_kiir: color = {"_rgb":[1,1,1]}
125.25963499996578	EXP	szo_kiir: text = "pikusz"
125.7833849999588	EXP	szo_kiir: autoDraw = true
126.61705999996047	DATA	Keydown: ArrowLeft
126.6458949999651	EXP	szo_kiir: autoDraw = false
126.6458949999651	EXP	szo_kiir: color = {"_rgb":[1,1,1]}
126.6458949999651	EXP	szo_kiir: text = "pereg"
127.16487499995856	EXP	szo_kiir: autoDraw = true
127.91160499997204	DATA	Keydown: ArrowRight
127.92730999999912	EXP	szo_kiir: autoDraw = false
127.92730999999912	EXP	szo_kiir: color = {"_rgb":[1,1,1]}
127.92730999999912	EXP	szo_kiir: text = "genom"
128.4473649999709	EXP	szo_kiir: autoDraw = true
129.38133499998366	DATA	Keydown: ArrowRight
129.41142499999842	EXP	szo_kiir: autoDraw = false
129.41142499999842	EXP	szo_kiir: color = {"_rgb":[1,1,1]}
129.41142499999842	EXP	szo_kiir: text = "őrült"
129.93049999995856	EXP	szo_kiir: autoDraw = true
130.6960249999538	DATA	Keydown: ArrowRight
130.7088399999775	EXP	szo_kiir: autoDraw = false
130.7088399999775	EXP	szo_kiir: color = {"_rgb":[1,1,1]}
130.7088399999775	EXP	szo_kiir: text = "sárgaréz"
131.22981999994954	EXP	szo_kiir: autoDraw = true
132.00932999997167	DATA	Keydown: ArrowRight
132.03766499995254	EXP	szo_kiir: autoDraw = false
132.03766499995254	EXP	szo_kiir: color = {"_rgb":[1,1,1]}
132.03766499995254	EXP	szo_kiir: text = "tanácsol"
132.54665499995463	EXP	szo_kiir: autoDraw = true
133.17656499997247	DATA	Keydown: ArrowRight
133.1921250000014	EXP	szo_kiir: autoDraw = false
133.1921250000014	EXP	szo_kiir: color = {"_rgb":[1,1,1]}
133.1921250000014	EXP	szo_kiir: text = "leér"
133.71159500000067	EXP	szo_kiir: autoDraw = true
134.3148499999661	DATA	Keydown: ArrowRight
134.33856000000378	EXP	szo_kiir: autoDraw = false
134.33856000000378	EXP	szo_kiir: color = {"_rgb":[1,1,1]}
134.33856000000378	EXP	szo_kiir: text = "kolosszális"
134.8451800000039	EXP	szo_kiir: autoDraw = true
135.8509699999704	DATA	Keydown: ArrowRight
135.85614999994868	EXP	szo_kiir: autoDraw = false
135.85614999994868	EXP	szo_kiir: color = {"_rgb":[1,1,1]}
135.85614999994868	EXP	szo_kiir: text = "kisujj"
136.37867999996524	EXP	szo_kiir: autoDraw = true
137.12663499999326	DATA	Keydown: ArrowRight
137.15886999998474	EXP	szo_kiir: autoDraw = false
137.15886999998474	EXP	szo_kiir: color = {"_rgb":[1,1,1]}
137.15886999998474	EXP	szo_kiir: text = "csatkó"
137.67719499999657	EXP	szo_kiir: autoDraw = true
138.57817999995314	DATA	Keydown: ArrowLeft
138.59010499995202	EXP	szo_kiir: autoDraw = false
138.59010499995202	EXP	szo_kiir: color = {"_rgb":[1,1,1]}
138.59010499995202	EXP	szo_kiir: text = "sikációzan"
139.11100499995518	EXP	szo_kiir: autoDraw = true
140.04089999996359	DATA	Keydown: ArrowLeft
140.07014500000514	EXP	szo_kiir: autoDraw = false
140.07014500000514	EXP	szo_kiir: color = {"_rgb":[1,1,1]}
140.07014500000514	EXP	szo_kiir: text = "viszkózus"
140.57861999998568	EXP	szo_kiir: autoDraw = true
141.48138999997173	DATA	Keydown: ArrowRight
141.49134499998763	EXP	szo_kiir: autoDraw = false
141.49134499998763	EXP	szo_kiir: color = {"_rgb":[1,1,1]}
141.49134499998763	EXP	szo_kiir: text = "tévedzik"
142.01309999998193	EXP	szo_kiir: autoDraw = true
143.1938450000016	DATA	Keydown: ArrowLeft
143.22480999998515	EXP	szo_kiir: autoDraw = false
143.22480999998515	EXP	szo_kiir: color = {"_rgb":[1,1,1]}
143.22480999998515	EXP	szo_kiir: text = "csengettyű"
143.74534999998286	EXP	szo_kiir: autoDraw = true
144.65129499998875	DATA	Keydown: ArrowRight
144.65760499995667	EXP	szo_kiir: autoDraw = false
144.65760499995667	EXP	szo_kiir: color = {"_rgb":[1,1,1]}
144.65760499995667	EXP	szo_kiir: text = "balassol"
145.1784049999551	EXP	szo_kiir: autoDraw = true
146.08049999998184	DATA	Keydown: ArrowLeft
146.1010949999909	EXP	szo_kiir: autoDraw = false
146.1010949999909	EXP	szo_kiir: color = {"_rgb":[1,1,1]}
146.1010949999909	EXP	szo_kiir: text = "dermeszt"
146.60959999996703	EXP	szo_kiir: autoDraw = true
147.36021499999333	DATA	Keydown: ArrowRight
147.37257499998668	EXP	szo_kiir: autoDraw = false
147.37257499998668	EXP	szo_kiir: color = {"_rgb":[1,1,1]}
147.37257499998668	EXP	szo_kiir: text = "cirózó"
147.89635999995517	EXP	szo_kiir: autoDraw = true
148.77217999997083	DATA	Keydown: ArrowLeft
148.80486999999266	EXP	szo_kiir: autoDraw = false
148.80486999999266	EXP	szo_kiir: color = {"_rgb":[1,1,1]}
148.80486999999266	EXP	szo_kiir: text = "sakat"
149.32626999996137	EXP	szo_kiir: autoDraw = true
150.31371999997646	DATA	Keydown: ArrowLeft
150.32243000000017	EXP	szo_kiir: autoDraw = false
150.32243000000017	EXP	szo_kiir: color = {"_rgb":[1,1,1]}
150.32243000000017	EXP	szo_kiir: text = "vicsorog"
150.84432499995455	EXP	szo_kiir: autoDraw = true
151.50684499996714	DATA	Keydown: ArrowRight
151.54007499996806	EXP	szo_kiir: autoDraw = false
151.54007499996806	EXP	szo_kiir: color = {"_rgb":[1,1,1]}
151.54007499996806	EXP	szo_kiir: text = "nehézsúly"
152.0594249999849	EXP	szo_kiir: autoDraw = true
153.24036999995587	DATA	Keydown: ArrowRight
153.25404499995057	EXP	szo_kiir: autoDraw = false
153.25404499995057	EXP	szo_kiir: color = {"_rgb":[1,1,1]}
153.25404499995057	EXP	szo_kiir: text = "végregura"
153.77616999996826	EXP	szo_kiir: autoDraw = true
154.89216499996837	DATA	Keydown: ArrowLeft
154.92902999999933	EXP	szo_kiir: autoDraw = false
154.92902999999933	EXP	szo_kiir: color = {"_rgb":[1,1,1]}
154.92902999999933	EXP	szo_kiir: text = "csontdarab"
155.44053500000155	EXP	szo_kiir: autoDraw = true
156.4206600000034	DATA	Keydown: ArrowRight
156.4356099999859	EXP	szo_kiir: autoDraw = false
156.4356099999859	EXP	szo_kiir: color = {"_rgb":[1,1,1]}
156.4356099999859	EXP	szo_kiir: text = "egellendő"
156.95784499996807	EXP	szo_kiir: autoDraw = true
157.7236350000021	DATA	Keydown: ArrowLeft
157.74788499996066	EXP	szo_kiir: autoDraw = false
157.74788499996066	EXP	szo_kiir: color = {"_rgb":[1,1,1]}
157.74788499996066	EXP	szo_kiir: text = "keszködmön"
158.25873499998124	EXP	szo_kiir: autoDraw = true
159.4713599999668	DATA	Keydown: ArrowLeft
159.48675999999978	EXP	szo_kiir: autoDraw = false
159.48675999999978	EXP	szo_kiir: color = {"_rgb":[1,1,1]}
159.48675999999978	EXP	szo_kiir: text = "zomogyi"
160.00799499999266	EXP	szo_kiir: autoDraw = true
160.86913999996614	DATA	Keydown: ArrowLeft
160.89488999999594	EXP	szo_kiir: autoDraw = false
160.89488999999594	EXP	szo_kiir: color = {"_rgb":[1,1,1]}
160.89488999999594	EXP	szo_kiir: text = "mikrorendszer"
161.4083549999632	EXP	szo_kiir: autoDraw = true
162.33010999998078	DATA	Keydown: ArrowRight
162.3367299999809	EXP	szo_kiir: autoDraw = false
162.3367299999809	EXP	szo_kiir: color = {"_rgb":[1,1,1]}
162.3367299999809	EXP	szo_kiir: text = "szendültet"
162.85681499994826	EXP	szo_kiir: autoDraw = true
163.8382499999716	DATA	Keydown: ArrowLeft
163.87333499995293	EXP	szo_kiir: autoDraw = false
163.87333499995293	EXP	szo_kiir: color = {"_rgb":[1,1,1]}
163.87333499995293	EXP	szo_kiir: text = "krakéler"
164.38977499998873	EXP	szo_kiir: autoDraw = true
165.31206500000553	DATA	Keydown: ArrowLeft
165.32009499997366	EXP	szo_kiir: autoDraw = false
165.32009499997366	EXP	szo_kiir: color = {"_rgb":[1,1,1]}
165.32009499997366	EXP	szo_kiir: text = "verizmus"
165.837819999957	EXP	szo_kiir: autoDraw = true
168.05241000000387	DATA	Keydown: ArrowLeft
168.06928499997593	EXP	szo_kiir: autoDraw = false
168.06928499997593	EXP	szo_kiir: color = {"_rgb":[1,1,1]}
168.06928499997593	EXP	szo_kiir: text = "frontszakasz"
168.5893999999971	EXP	szo_kiir: autoDraw = true
169.4704700000002	DATA	Keydown: ArrowRight
169.48382500000298	EXP	szo_kiir: autoDraw = false
169.48382500000298	EXP	szo_kiir: color = {"_rgb":[1,1,1]}
169.48382500000298	EXP	szo_kiir: text = "nyolgató"
170.00517499999842	EXP	szo_kiir: autoDraw = true
171.1877300000051	DATA	Keydown: ArrowLeft
171.21929499995895	EXP	szo_kiir: autoDraw = false
171.21929499995895	EXP	szo_kiir: color = {"_rgb":[1,1,1]}
171.21929499995895	EXP	szo_kiir: text = "finomszesz"
171.73525999998674	EXP	szo_kiir: autoDraw = true
172.7061349999858	DATA	Keydown: ArrowRight
172.71537999995053	EXP	szo_kiir: autoDraw = false
172.71537999995053	EXP	szo_kiir: color = {"_rgb":[1,1,1]}
172.71537999995053	EXP	szo_kiir: text = "aszinkronmotor"
173.23744499997701	EXP	szo_kiir: autoDraw = true
175.7539949999773	DATA	Keydown: ArrowRight
175.7834149999544	EXP	szo_kiir: autoDraw = false
175.7834149999544	EXP	szo_kiir: color = {"_rgb":[1,1,1]}
175.7834149999544	EXP	szo_kiir: text = "tipizál"
176.30069499998353	EXP	szo_kiir: autoDraw = true
177.0742049999535	DATA	Keydown: ArrowRight
177.0798899999936	EXP	szo_kiir: autoDraw = false
177.0798899999936	EXP	szo_kiir: color = {"_rgb":[1,1,1]}
177.0798899999936	EXP	szo_kiir: text = "bizom"
177.5999249999877	EXP	szo_kiir: autoDraw = true
178.9365149999503	DATA	Keydown: ArrowLeft
178.9609899999923	EXP	szo_kiir: autoDraw = false
178.9609899999923	EXP	szo_kiir: color = {"_rgb":[1,1,1]}
178.9609899999923	EXP	szo_kiir: text = "tangózik"
179.46696999995038	EXP	szo_kiir: autoDraw = true
180.51723499997752	DATA	Keydown: ArrowRight
180.5293149999925	EXP	szo_kiir: autoDraw = false
180.5293149999925	EXP	szo_kiir: color = {"_rgb":[1,1,1]}
180.5293149999925	EXP	szo_kiir: text = "szolúbilis"
181.05009499995504	EXP	szo_kiir: autoDraw = true
182.336959999986	DATA	Keydown: ArrowLeft
182.34650499996496	EXP	szo_kiir: autoDraw = false
182.34650499996496	EXP	szo_kiir: color = {"_rgb":[1,1,1]}
182.34650499996496	EXP	szo_kiir: text = "fegyverterem"
182.86604999995325	EXP	szo_kiir: autoDraw = true
184.14755999995396	DATA	Keydown: ArrowLeft
184.1621349999914	EXP	szo_kiir: autoDraw = false
184.1621349999914	EXP	szo_kiir: color = {"_rgb":[1,1,1]}
184.1621349999914	EXP	szo_kiir: text = "sárfolt"
184.68192000000272	EXP	szo_kiir: autoDraw = true
185.89736499998253	DATA	Keydown: ArrowRight
185.93186999997124	EXP	szo_kiir: autoDraw = false
185.93186999997124	EXP	szo_kiir: color = {"_rgb":[1,1,1]}
185.93186999997124	EXP	szo_kiir: text = "jegedény"
186.4496849999996	EXP	szo_kiir: autoDraw = true
188.46296499995515	DATA	Keydown: ArrowLeft
188.47814999998081	EXP	szo_kiir: autoDraw = false
188.47814999998081	EXP	szo_kiir: color = {"_rgb":[1,1,1]}
188.47814999998081	EXP	szo_kiir: text = "mellényzseb"
189.00070999999298	EXP	szo_kiir: autoDraw = true
190.11515999998664	DATA	Keydown: ArrowRight
190.1460949999746	EXP	szo_kiir: autoDraw = false
190.1460949999746	EXP	szo_kiir: color = {"_rgb":[1,1,1]}
190.1460949999746	EXP	szo_kiir: text = "urbanizálódik"
190.66569499997422	EXP	szo_kiir: autoDraw = true
191.88530500000343	DATA	Keydown: ArrowRight
191.89310499996645	EXP	szo_kiir: autoDraw = false
191.89310499996645	EXP	szo_kiir: color = {"_rgb":[1,1,1]}
191.89310499996645	EXP	szo_kiir: text = "kolonizál"
192.4157600000035	EXP	szo_kiir: autoDraw = true
194.04680499999085	DATA	Keydown: ArrowRight
194.07603999995627	EXP	szo_kiir: autoDraw = false
194.07603999995627	EXP	szo_kiir: color = {"_rgb":[1,1,1]}
194.07603999995627	EXP	szo_kiir: text = "buherál"
194.59707499999786	EXP	szo_kiir: autoDraw = true
195.56091000000015	DATA	Keydown: ArrowRight
195.57606999995187	EXP	szo_kiir: autoDraw = false
195.57606999995187	EXP	szo_kiir: color = {"_rgb":[1,1,1]}
195.57606999995187	EXP	szo_kiir: text = "tapétáz"
196.09667999995872	EXP	szo_kiir: autoDraw = true
197.19745999999577	DATA	Keydown: ArrowRight
197.22505499998806	EXP	szo_kiir: autoDraw = false
197.22505499998806	EXP	szo_kiir: color = {"_rgb":[1,1,1]}
197.22505499998806	EXP	szo_kiir: text = "evakuál"
197.74526499997592	EXP	szo_kiir: autoDraw = true
198.91551999998046	DATA	Keydown: ArrowRight
198.92506499995943	EXP	szo_kiir: autoDraw = false
198.92506499995943	EXP	szo_kiir: color = {"_rgb":[1,1,1]}
198.92506499995943	EXP	szo_kiir: text = "bolondoz"
199.44685999996727	EXP	szo_kiir: autoDraw = true
202.00982499995735	DATA	Keydown: ArrowLeft
202.02619000000414	EXP	szo_kiir: autoDraw = false
202.02619000000414	EXP	szo_kiir: color = {"_rgb":[1,1,1]}
202.02619000000414	EXP	szo_kiir: text = "amodális"
202.54548499995144	EXP	szo_kiir: autoDraw = true
204.72483999998076	DATA	Keydown: ArrowLeft
204.74031500000274	EXP	szo_kiir: autoDraw = false
204.74031500000274	EXP	szo_kiir: color = {"_rgb":[1,1,1]}
204.74031500000274	EXP	szo_kiir: text = "retta"
205.26221999997506	EXP	szo_kiir: autoDraw = true
206.2794049999793	DATA	Keydown: ArrowLeft
206.30329999997048	EXP	szo_kiir: autoDraw = false
206.30329999997048	EXP	szo_kiir: color = {"_rgb":[1,1,1]}
206.30329999997048	EXP	szo_kiir: text = "tokozódik"
206.811699999962	EXP	szo_kiir: autoDraw = true
207.93130499997642	DATA	Keydown: ArrowRight
207.94023999996716	EXP	szo_kiir: autoDraw = false
207.94023999996716	EXP	szo_kiir: color = {"_rgb":[1,1,1]}
207.94023999996716	EXP	szo_kiir: text = "nagyoll"
208.4605749999755	EXP	szo_kiir: autoDraw = true
209.87468499998795	DATA	Keydown: ArrowRight
209.90794499998447	EXP	szo_kiir: autoDraw = false
209.90794499998447	EXP	szo_kiir: color = {"_rgb":[1,1,1]}
209.90794499998447	EXP	szo_kiir: text = "pamacsol"
210.42690999998013	EXP	szo_kiir: autoDraw = true
211.48178999999072	DATA	Keydown: ArrowRight
211.48923499998637	EXP	szo_kiir: autoDraw = false
211.48923499998637	EXP	szo_kiir: color = {"_rgb":[1,1,1]}
211.48923499998637	EXP	szo_kiir: text = "stalp"
212.00962999998592	EXP	szo_kiir: autoDraw = true
213.07480999996187	DATA	Keydown: ArrowLeft
213.10424999997485	EXP	szo_kiir: autoDraw = false
213.10424999997485	EXP	szo_kiir: color = {"_rgb":[1,1,1]}
213.10424999997485	EXP	szo_kiir: text = "fókázik"
213.62666499998886	EXP	szo_kiir: autoDraw = true
216.36612999998033	DATA	Keydown: ArrowRight
216.37254999997094	EXP	szo_kiir: autoDraw = false
216.37254999997094	EXP	szo_kiir: color = {"_rgb":[1,1,1]}
216.37254999997094	EXP	szo_kiir: text = "striguláz"
216.89273999998113	EXP	szo_kiir: autoDraw = true
217.61127499997383	DATA	Keydown: ArrowRight
217.64045999996597	EXP	szo_kiir: autoDraw = false
217.64045999996597	EXP	szo_kiir: color = {"_rgb":[1,1,1]}
217.64045999996597	EXP	szo_kiir: text = "őrint"
218.16002499999013	EXP	szo_kiir: autoDraw = true
219.23775999998907	DATA	Keydown: ArrowLeft
219.25381500000367	EXP	szo_kiir: autoDraw = false
219.25381500000367	EXP	szo_kiir: color = {"_rgb":[1,1,1]}
219.25381500000367	EXP	szo_kiir: text = "gramoszi"
219.77155999996467	EXP	szo_kiir: autoDraw = true
221.0653249999741	DATA	Keydown: ArrowLeft
221.0843299999833	EXP	szo_kiir: autoDraw = false
221.0843299999833	EXP	szo_kiir: color = {"_rgb":[1,1,1]}
221.0843299999833	EXP	szo_kiir: text = "ultatlados"
221.5897399999667	EXP	szo_kiir: autoDraw = true
222.71156500000507	DATA	Keydown: ArrowLeft
222.71875499997986	EXP	szo_kiir: autoDraw = false
222.71875499997986	EXP	szo_kiir: color = {"_rgb":[1,1,1]}
222.71875499997986	EXP	szo_kiir: text = "szénaköteg"
223.24009499995736	EXP	szo_kiir: autoDraw = true
224.27598999999464	DATA	Keydown: ArrowRight
224.3000999999931	EXP	szo_kiir: autoDraw = false
224.3000999999931	EXP	szo_kiir: color = {"_rgb":[1,1,1]}
224.3000999999931	EXP	szo_kiir: text = "feltupíroz"
224.80731499998365	EXP	szo_kiir: autoDraw = true
225.84256999997888	DATA	Keydown: ArrowRight
225.85210499999812	EXP	szo_kiir: autoDraw = false
225.85210499999812	EXP	szo_kiir: color = {"_rgb":[1,1,1]}
225.85210499999812	EXP	szo_kiir: text = "kétvonalú"
226.3739849999547	EXP	szo_kiir: autoDraw = true
228.01066499995068	DATA	Keydown: ArrowRight
228.0347849999671	EXP	szo_kiir: autoDraw = false
228.0347849999671	EXP	szo_kiir: color = {"_rgb":[1,1,1]}
228.0347849999671	EXP	szo_kiir: text = "elcsigázódik"
228.5554949999787	EXP	szo_kiir: autoDraw = true
229.63697999995202	DATA	Keydown: ArrowRight
229.65125999995507	EXP	szo_kiir: autoDraw = false
229.65125999995507	EXP	szo_kiir: color = {"_rgb":[1,1,1]}
229.65125999995507	EXP	szo_kiir: text = "bárányfark"
230.17244999995455	EXP	szo_kiir: autoDraw = true
232.25672499998473	DATA	Keydown: ArrowLeft
232.2690799999982	EXP	szo_kiir: autoDraw = false
232.2690799999982	EXP	szo_kiir: color = {"_rgb":[1,1,1]}
232.2690799999982	EXP	szo_kiir: text = "cirkalmaz"
232.7878550000023	EXP	szo_kiir: autoDraw = true
233.709899999958	DATA	Keydown: ArrowRight
233.73509999999078	EXP	szo_kiir: autoDraw = false
233.73509999999078	EXP	szo_kiir: color = {"_rgb":[1,1,1]}
233.73509999999078	EXP	szo_kiir: text = "egyenetlenkedik"
234.25497999996878	EXP	szo_kiir: autoDraw = true
235.7839399999939	DATA	Keydown: ArrowRight
235.80062999995425	EXP	szo_kiir: autoDraw = false
235.80062999995425	EXP	szo_kiir: color = {"_rgb":[1,1,1]}
235.80062999995425	EXP	szo_kiir: text = "nyüzsgölődik"
236.32421499997145	EXP	szo_kiir: autoDraw = true
237.81768999999622	DATA	Keydown: ArrowRight
237.85025999997742	EXP	szo_kiir: autoDraw = false
237.85025999997742	EXP	szo_kiir: color = {"_rgb":[1,1,1]}
237.85025999997742	EXP	szo_kiir: text = "szöngő"
238.3706499999971	EXP	szo_kiir: autoDraw = true
239.1236149999895	DATA	Keydown: ArrowLeft
239.1323749999865	EXP	szo_kiir: autoDraw = false
239.1323749999865	EXP	szo_kiir: color = {"_rgb":[1,1,1]}
239.1323749999865	EXP	szo_kiir: text = "anzágol"
239.6545000000042	EXP	szo_kiir: autoDraw = true
240.54233500000555	DATA	Keydown: ArrowLeft
240.55013999994844	EXP	szo_kiir: autoDraw = false
240.55013999994844	EXP	szo_kiir: color = {"_rgb":[1,1,1]}
240.55013999994844	EXP	szo_kiir: text = "lublika"
241.0720100000035	EXP	szo_kiir: autoDraw = true
242.2190549999941	DATA	Keydown: ArrowLeft
242.2397349999519	EXP	szo_kiir: autoDraw = false
242.2397349999519	EXP	szo_kiir: color = {"_rgb":[1,1,1]}
242.2397349999519	EXP	szo_kiir: text = "köszörűsműhely"
242.75370999996085	EXP	szo_kiir: autoDraw = true
243.97321500000544	DATA	Keydown: ArrowRight
243.98262999998406	EXP	szo_kiir: autoDraw = false
243.98262999998406	EXP	szo_kiir: color = {"_rgb":[1,1,1]}
243.98262999998406	EXP	szo_kiir: text = "csapáz"
244.50360499997623	EXP	szo_kiir: autoDraw = true
246.37067499995464	DATA	Keydown: ArrowLeft
246.3830650000018	EXP	szo_kiir: autoDraw = false
246.3830650000018	EXP	szo_kiir: color = {"_rgb":[1,1,1]}
246.3830650000018	EXP	szo_kiir: text = "nyeregheveder"
246.9048649999895	EXP	szo_kiir: autoDraw = true
247.8912549999659	DATA	Keydown: ArrowRight
247.90869499999098	EXP	szo_kiir: autoDraw = false
247.90869499999098	EXP	szo_kiir: color = {"_rgb":[1,1,1]}
247.90869499999098	EXP	szo_kiir: text = "díszletez"
248.41813000000548	EXP	szo_kiir: autoDraw = true
249.20639999996638	DATA	Keydown: ArrowRight
249.2135249999701	EXP	szo_kiir: autoDraw = false
249.2135249999701	EXP	szo_kiir: color = {"_rgb":[1,1,1]}
249.2135249999701	EXP	szo_kiir: text = "kontinuáns"
249.7336999999825	EXP	szo_kiir: autoDraw = true
252.03824500000337	DATA	Keydown: ArrowRight
252.0615949999774	EXP	szo_kiir: autoDraw = false
252.0615949999774	EXP	koszi_szoveg: autoDraw = true
253.6027049999684	DATA	Keydown: ArrowRight
254.8840199999977	DATA	Keydown:  
