0.08428000001003966	EXP	Created Window = Window( name=Window, fullscr=true, color=#000000, units=norm, waitBlanking=true, autoLog=true, size=[1366,657] )
1.767020000028424	DATA	Keydown: 6
2.369890000030864	DATA	Keydown: 2
2.902345000009518	DATA	Keydown: 5
3.0164150000200607	DATA	Keydown: 0
16.91327000001911	EXP	Created instruction_text1 = TextStim( name=instruction_text1, win=Window( name=Window, fullscr=true, color=#000000, ~), autoDraw=null, autoLog=true, units=norm, ori=null, opacity=1, pos=[0,0], size=undefined, text=Ön most szavakat fog látni.

Ezek között lesznek o~, font=Arial, color=#ffffff, contrast=1, height=0.05, bold=null, italic=null, alignHoriz=left, alignVert=center, wrapWidth=1, flipHoriz=null, flipVert=null )
16.917790000035893	EXP	Created instruction_text2 = TextStim( name=instruction_text2, win=Window( name=Window, fullscr=true, color=#000000, ~), autoDraw=null, autoLog=true, units=norm, ori=null, opacity=1, pos=[0,0], size=undefined, text=Először két egyszerű példát mutatunk Önnek.

Az el~, font=Arial, color=#FFFFFF, contrast=1, height=0.05, bold=null, italic=null, alignHoriz=left, alignVert=center, wrapWidth=1, flipHoriz=null, flipVert=null )
16.920405000040773	EXP	Created show_text = TextStim( name=show_text, win=Window( name=Window, fullscr=true, color=#000000, ~), autoDraw=null, autoLog=true, units=norm, ori=null, opacity=1, pos=[0,0], size=undefined, text=asztal, font=Arial, color=#FFFFFF, contrast=1, height=0.2, bold=null, italic=null, alignHoriz=left, alignVert=center, wrapWidth=1, flipHoriz=null, flipVert=null )
16.92912000004435	EXP	Created text = TextStim( name=text, win=Window( name=Window, fullscr=true, color=#000000, ~), autoDraw=null, autoLog=true, units=norm, ori=null, opacity=1, pos=[0,0], size=undefined, text=bzsmfsztal, font=Arial, color=#FFFFFF, contrast=1, height=0.2, bold=null, italic=null, alignHoriz=left, alignVert=center, wrapWidth=1, flipHoriz=null, flipVert=null )
16.93210999999428	EXP	Created instruction_text3 = TextStim( name=instruction_text3, win=Window( name=Window, fullscr=true, color=#000000, ~), autoDraw=null, autoLog=true, units=norm, ori=null, opacity=1, pos=[0,0], size=undefined, text=Pazar. Most kezdődik az igazi kísérlet. Néhány per~, font=Arial, color=#FFFFFF, contrast=1, height=0.1, bold=null, italic=null, alignHoriz=left, alignVert=center, wrapWidth=1, flipHoriz=null, flipVert=null )
16.934920000028796	EXP	Created szo_kiir = TextStim( name=szo_kiir, win=Window( name=Window, fullscr=true, color=#000000, ~), autoDraw=null, autoLog=true, units=norm, ori=null, opacity=1, pos=[0,0], size=undefined, text=default text, font=Arial, color=#FFFFFF, contrast=1, height=0.2, bold=null, italic=null, alignHoriz=left, alignVert=center, wrapWidth=1, flipHoriz=null, flipVert=null )
16.93673499999568	EXP	Created koszi_szoveg = TextStim( name=koszi_szoveg, win=Window( name=Window, fullscr=true, color=#000000, ~), autoDraw=null, autoLog=true, units=norm, ori=null, opacity=1, pos=[0,0], size=undefined, text=Vége a kísérletnek. Köszönjük a részvételt!, font=arial, color=#ffffff, contrast=1, height=0.1, bold=null, italic=null, alignHoriz=left, alignVert=center, wrapWidth=1, flipHoriz=null, flipVert=null )
17.000180000031833	EXP	instruction_text1: units = "norm"
17.000180000031833	EXP	instruction_text1: ori = 0
17.000180000031833	EXP	instruction_text1: opacity = 1
17.000180000031833	EXP	instruction_text1: pos = [0,0]
17.000180000031833	EXP	instruction_text1: size = undefined
17.000180000031833	EXP	instruction_text1: text = "Ön most szavakat fog látni.\n\nEzek között lesznek olyanok, amelyeket ismer, de előfordulhatnak olyanok is, amelyeket nem ismer, sőt, vannak köztük kitalált szavak is. \n\nKérjük, ha ismeri a képernyőn látható szót, nyomja meg a JOBB kurzorbillentyűt.\nKérjük, ha NEM ismeri a képernyőn látható szót, vagy azt gondolja, nincs ilyen szó a magyarban, nyomja meg a BAL kurzorbillentyűt.\n\nAz 'Ismerem a szót' döntés itt most ezt jelenti: találkoztam már vele, és van valami elképzelésem a jelentéséről is.  \n\nNyomjon meg bármilyen billentyűt a folytatáshoz."
17.000180000031833	EXP	instruction_text1: font = "Arial"
17.000180000031833	EXP	instruction_text1: color = {"_rgb":[1,1,1]}
17.000180000031833	EXP	instruction_text1: contrast = 1
17.000180000031833	EXP	instruction_text1: height = 0.05
17.000180000031833	EXP	instruction_text1: bold = false
17.000180000031833	EXP	instruction_text1: italic = false
17.000180000031833	EXP	instruction_text1: alignHoriz = "left"
17.000180000031833	EXP	instruction_text1: alignVert = "center"
17.000180000031833	EXP	instruction_text1: wrapWidth = 1
17.000180000031833	EXP	instruction_text1: flipHoriz = false
17.000180000031833	EXP	instruction_text1: flipVert = false
17.000180000031833	EXP	instruction_text2: units = "norm"
17.000180000031833	EXP	instruction_text2: ori = 0
17.000180000031833	EXP	instruction_text2: opacity = 1
17.000180000031833	EXP	instruction_text2: pos = [0,0]
17.000180000031833	EXP	instruction_text2: size = undefined
17.000180000031833	EXP	instruction_text2: text = "Először két egyszerű példát mutatunk Önnek.\n\nAz első szó létezik a magyarban, és valószínűleg Ön is ismeri. Itt nyomja majd meg a jobb kurzorbillentyűt.\nA második szó nem létezik a magyar nyelvben. Itt nyomja majd meg a bal kurzorbillentyűt.\n\nFontos, hogy a jobb gombot a jobb kezével, a bal gombot a bal kezével nyomja, ha tudja, és ne egy kezét használja a kísérletben.\n\nNyomjon meg bármilyen gombot a folytatáshoz."
17.000180000031833	EXP	instruction_text2: font = "Arial"
17.000180000031833	EXP	instruction_text2: color = {"_hex":"#FFFFFF","_rgb":[1,1,1]}
17.000180000031833	EXP	instruction_text2: contrast = 1
17.000180000031833	EXP	instruction_text2: height = 0.05
17.000180000031833	EXP	instruction_text2: bold = false
17.000180000031833	EXP	instruction_text2: italic = false
17.000180000031833	EXP	instruction_text2: alignHoriz = "left"
17.000180000031833	EXP	instruction_text2: alignVert = "center"
17.000180000031833	EXP	instruction_text2: wrapWidth = 1
17.000180000031833	EXP	instruction_text2: flipHoriz = false
17.000180000031833	EXP	instruction_text2: flipVert = false
17.000180000031833	EXP	show_text: units = "norm"
17.000180000031833	EXP	show_text: ori = 0
17.000180000031833	EXP	show_text: opacity = 1
17.000180000031833	EXP	show_text: pos = [0,0]
17.000180000031833	EXP	show_text: size = undefined
17.000180000031833	EXP	show_text: text = "asztal"
17.000180000031833	EXP	show_text: font = "Arial"
17.000180000031833	EXP	show_text: color = {"_hex":"#FFFFFF","_rgb":[1,1,1]}
17.000180000031833	EXP	show_text: contrast = 1
17.000180000031833	EXP	show_text: height = 0.2
17.000180000031833	EXP	show_text: bold = false
17.000180000031833	EXP	show_text: italic = false
17.000180000031833	EXP	show_text: alignHoriz = "left"
17.000180000031833	EXP	show_text: alignVert = "center"
17.000180000031833	EXP	show_text: wrapWidth = 1
17.000180000031833	EXP	show_text: flipHoriz = false
17.000180000031833	EXP	show_text: flipVert = false
17.000180000031833	EXP	text: units = "norm"
17.000180000031833	EXP	text: ori = 0
17.000180000031833	EXP	text: opacity = 1
17.000180000031833	EXP	text: pos = [0,0]
17.000180000031833	EXP	text: size = undefined
17.000180000031833	EXP	text: text = "bzsmfsztal"
17.000180000031833	EXP	text: font = "Arial"
17.000180000031833	EXP	text: color = {"_hex":"#FFFFFF","_rgb":[1,1,1]}
17.000180000031833	EXP	text: contrast = 1
17.000180000031833	EXP	text: height = 0.2
17.000180000031833	EXP	text: bold = false
17.000180000031833	EXP	text: italic = false
17.000180000031833	EXP	text: alignHoriz = "left"
17.000180000031833	EXP	text: alignVert = "center"
17.000180000031833	EXP	text: wrapWidth = 1
17.000180000031833	EXP	text: flipHoriz = false
17.000180000031833	EXP	text: flipVert = false
17.000180000031833	EXP	instruction_text3: units = "norm"
17.000180000031833	EXP	instruction_text3: ori = 0
17.000180000031833	EXP	instruction_text3: opacity = 1
17.000180000031833	EXP	instruction_text3: pos = [0,0]
17.000180000031833	EXP	instruction_text3: size = undefined
17.000180000031833	EXP	instruction_text3: text = "Pazar. Most kezdődik az igazi kísérlet. Néhány percig fog tartani. Nem kell nagyon sietnie, de igyekezzen gyorsan válaszolni.\n\nNe feledje, ha tudja, a jobb gombot a jobbkezével, a bal gombot a balkezével nyomja le.\n\nNyomjon meg bármilyen gombot a folytatáshoz."
17.000180000031833	EXP	instruction_text3: font = "Arial"
17.000180000031833	EXP	instruction_text3: color = {"_hex":"#FFFFFF","_rgb":[1,1,1]}
17.000180000031833	EXP	instruction_text3: contrast = 1
17.000180000031833	EXP	instruction_text3: height = 0.1
17.000180000031833	EXP	instruction_text3: bold = false
17.000180000031833	EXP	instruction_text3: italic = false
17.000180000031833	EXP	instruction_text3: alignHoriz = "left"
17.000180000031833	EXP	instruction_text3: alignVert = "center"
17.000180000031833	EXP	instruction_text3: wrapWidth = 1
17.000180000031833	EXP	instruction_text3: flipHoriz = false
17.000180000031833	EXP	instruction_text3: flipVert = false
17.000180000031833	EXP	szo_kiir: units = "norm"
17.000180000031833	EXP	szo_kiir: ori = 0
17.000180000031833	EXP	szo_kiir: opacity = 1
17.000180000031833	EXP	szo_kiir: pos = [0,0]
17.000180000031833	EXP	szo_kiir: size = undefined
17.000180000031833	EXP	szo_kiir: text = "default text"
17.000180000031833	EXP	szo_kiir: font = "Arial"
17.000180000031833	EXP	szo_kiir: color = {"_hex":"#FFFFFF","_rgb":[1,1,1]}
17.000180000031833	EXP	szo_kiir: contrast = 1
17.000180000031833	EXP	szo_kiir: height = 0.2
17.000180000031833	EXP	szo_kiir: bold = false
17.000180000031833	EXP	szo_kiir: italic = false
17.000180000031833	EXP	szo_kiir: alignHoriz = "left"
17.000180000031833	EXP	szo_kiir: alignVert = "center"
17.000180000031833	EXP	szo_kiir: wrapWidth = 1
17.000180000031833	EXP	szo_kiir: flipHoriz = false
17.000180000031833	EXP	szo_kiir: flipVert = false
17.000180000031833	EXP	koszi_szoveg: units = "norm"
17.000180000031833	EXP	koszi_szoveg: ori = 0
17.000180000031833	EXP	koszi_szoveg: opacity = 1
17.000180000031833	EXP	koszi_szoveg: pos = [0,0]
17.000180000031833	EXP	koszi_szoveg: size = undefined
17.000180000031833	EXP	koszi_szoveg: text = "Vége a kísérletnek. Köszönjük a részvételt!"
17.000180000031833	EXP	koszi_szoveg: font = "arial"
17.000180000031833	EXP	koszi_szoveg: color = {"_rgb":[1,1,1]}
17.000180000031833	EXP	koszi_szoveg: contrast = 1
17.000180000031833	EXP	koszi_szoveg: height = 0.1
17.000180000031833	EXP	koszi_szoveg: bold = false
17.000180000031833	EXP	koszi_szoveg: italic = false
17.000180000031833	EXP	koszi_szoveg: alignHoriz = "left"
17.000180000031833	EXP	koszi_szoveg: alignVert = "center"
17.000180000031833	EXP	koszi_szoveg: wrapWidth = 1
17.000180000031833	EXP	koszi_szoveg: flipHoriz = false
17.000180000031833	EXP	koszi_szoveg: flipVert = false
17.000180000031833	EXP	instruction_text1: autoDraw = true
126.83668500004569	DATA	Keydown: ArrowRight
126.87291000003461	EXP	instruction_text1: autoDraw = false
126.87291000003461	EXP	instruction_text2: autoDraw = true
151.727600000042	DATA	Keydown: ArrowRight
151.75933500000974	EXP	instruction_text2: autoDraw = false
152.28548500000034	EXP	show_text: autoDraw = true
153.0324949999922	DATA	Keydown: ArrowRight
153.047350000008	EXP	show_text: autoDraw = false
153.56442499998957	EXP	text: autoDraw = true
154.33524500002386	DATA	Keydown: ArrowLeft
154.38373000000138	EXP	text: autoDraw = false
154.38373000000138	EXP	instruction_text3: autoDraw = true
166.78187000000617	DATA	Keydown: ArrowRight
166.89397000003373	EXP	instruction_text3: autoDraw = false
166.89397000003373	EXP	szo_kiir: color = {"_rgb":[1,1,1]}
166.89397000003373	EXP	szo_kiir: text = "komoly"
167.41333000001032	EXP	szo_kiir: autoDraw = true
168.02526500000386	DATA	Keydown: ArrowRight
168.04710000002524	EXP	szo_kiir: autoDraw = false
168.04710000002524	EXP	szo_kiir: color = {"_rgb":[1,1,1]}
168.04710000002524	EXP	szo_kiir: text = "megy"
168.56473500002176	EXP	szo_kiir: autoDraw = true
169.43569000001298	DATA	Keydown: ArrowRight
169.47723499999847	EXP	szo_kiir: autoDraw = false
169.47723499999847	EXP	szo_kiir: color = {"_rgb":[1,1,1]}
169.47723499999847	EXP	szo_kiir: text = "friss"
169.98808500001905	EXP	szo_kiir: autoDraw = true
170.7691300000297	DATA	Keydown: ArrowRight
170.78915000002598	EXP	szo_kiir: autoDraw = false
170.78915000002598	EXP	szo_kiir: color = {"_rgb":[1,1,1]}
170.78915000002598	EXP	szo_kiir: text = "digitális"
171.30820999998832	EXP	szo_kiir: autoDraw = true
172.059104999993	DATA	Keydown: ArrowRight
172.08980499999598	EXP	szo_kiir: autoDraw = false
172.08980499999598	EXP	szo_kiir: color = {"_rgb":[1,1,1]}
172.08980499999598	EXP	szo_kiir: text = "dolgozik"
172.60862499999348	EXP	szo_kiir: autoDraw = true
173.4286950000096	DATA	Keydown: ArrowRight
173.4598850000184	EXP	szo_kiir: autoDraw = false
173.4598850000184	EXP	szo_kiir: color = {"_rgb":[1,1,1]}
173.4598850000184	EXP	szo_kiir: text = "megköny"
173.97792500001378	EXP	szo_kiir: autoDraw = true
175.06398500001524	DATA	Keydown: ArrowLeft
175.11428000003798	EXP	szo_kiir: autoDraw = false
175.11428000003798	EXP	szo_kiir: color = {"_rgb":[1,1,1]}
175.11428000003798	EXP	szo_kiir: text = "rendezvény"
175.63205000001471	EXP	szo_kiir: autoDraw = true
176.4510350000346	DATA	Keydown: ArrowRight
176.4663850000361	EXP	szo_kiir: autoDraw = false
176.4663850000361	EXP	szo_kiir: color = {"_rgb":[1,1,1]}
176.4663850000361	EXP	szo_kiir: text = "bőr"
176.98421000002418	EXP	szo_kiir: autoDraw = true
177.82021999999415	DATA	Keydown: ArrowRight
177.85284000000684	EXP	szo_kiir: autoDraw = false
177.85284000000684	EXP	szo_kiir: color = {"_rgb":[1,1,1]}
177.85284000000684	EXP	szo_kiir: text = "hatalom"
178.37089000002015	EXP	szo_kiir: autoDraw = true
179.22568999999203	DATA	Keydown: ArrowRight
179.25609500001883	EXP	szo_kiir: autoDraw = false
179.25609500001883	EXP	szo_kiir: color = {"_rgb":[1,1,1]}
179.25609500001883	EXP	szo_kiir: text = "szint"
179.77395000000251	EXP	szo_kiir: autoDraw = true
180.59386500000255	DATA	Keydown: ArrowRight
180.62576000002446	EXP	szo_kiir: autoDraw = false
180.62576000002446	EXP	szo_kiir: color = {"_rgb":[1,1,1]}
180.62576000002446	EXP	szo_kiir: text = "református"
181.1443150000414	EXP	szo_kiir: autoDraw = true
182.1646100000362	DATA	Keydown: ArrowRight
182.19624499999918	EXP	szo_kiir: autoDraw = false
182.19624499999918	EXP	szo_kiir: color = {"_rgb":[1,1,1]}
182.19624499999918	EXP	szo_kiir: text = "bír"
182.69765000004554	EXP	szo_kiir: autoDraw = true
183.56684000004316	DATA	Keydown: ArrowRight
183.58769000001485	EXP	szo_kiir: autoDraw = false
183.58769000001485	EXP	szo_kiir: color = {"_rgb":[1,1,1]}
183.58769000001485	EXP	szo_kiir: text = "kampány"
184.1044600000023	EXP	szo_kiir: autoDraw = true
185.0358150000102	DATA	Keydown: ArrowRight
185.05481000000145	EXP	szo_kiir: autoDraw = false
185.05481000000145	EXP	szo_kiir: color = {"_rgb":[1,1,1]}
185.05481000000145	EXP	szo_kiir: text = "félelem"
185.57305000000633	EXP	szo_kiir: autoDraw = true
186.40541500004474	DATA	Keydown: ArrowRight
186.43885500001488	EXP	szo_kiir: autoDraw = false
186.43885500001488	EXP	szo_kiir: color = {"_rgb":[1,1,1]}
186.43885500001488	EXP	szo_kiir: text = "küld"
186.95742500002962	EXP	szo_kiir: autoDraw = true
188.09909000003245	DATA	Keydown: ArrowRight
188.12656000000425	EXP	szo_kiir: autoDraw = false
188.12656000000425	EXP	szo_kiir: color = {"_rgb":[1,1,1]}
188.12656000000425	EXP	szo_kiir: text = "felsőfokú"
188.64516000001458	EXP	szo_kiir: autoDraw = true
189.52266499999678	DATA	Keydown: ArrowRight
189.55998000002	EXP	szo_kiir: autoDraw = false
189.55998000002	EXP	szo_kiir: color = {"_rgb":[1,1,1]}
189.55998000002	EXP	szo_kiir: text = "gróf"
190.08120499999495	EXP	szo_kiir: autoDraw = true
190.93692500004545	DATA	Keydown: ArrowRight
190.95290500001283	EXP	szo_kiir: autoDraw = false
190.95290500001283	EXP	szo_kiir: color = {"_rgb":[1,1,1]}
190.95290500001283	EXP	szo_kiir: text = "fiatalember"
191.46802000002936	EXP	szo_kiir: autoDraw = true
192.958655000024	DATA	Keydown: ArrowRight
192.99297500000102	EXP	szo_kiir: autoDraw = false
192.99297500000102	EXP	szo_kiir: color = {"_rgb":[1,1,1]}
192.99297500000102	EXP	szo_kiir: text = "gyűjtemény"
193.50912000000244	EXP	szo_kiir: autoDraw = true
194.57810500002233	DATA	Keydown: ArrowRight
194.59301000001142	EXP	szo_kiir: autoDraw = false
194.59301000001142	EXP	szo_kiir: color = {"_rgb":[1,1,1]}
194.59301000001142	EXP	szo_kiir: text = "szalas"
195.11174500000197	EXP	szo_kiir: autoDraw = true
196.3150200000382	DATA	Keydown: ArrowLeft
196.3395250000176	EXP	szo_kiir: autoDraw = false
196.3395250000176	EXP	szo_kiir: color = {"_rgb":[1,1,1]}
196.3395250000176	EXP	szo_kiir: text = "meggyabb"
196.8650750000379	EXP	szo_kiir: autoDraw = true
199.27162000001408	DATA	Keydown: ArrowLeft
199.3023450000328	EXP	szo_kiir: autoDraw = false
199.3023450000328	EXP	szo_kiir: color = {"_rgb":[1,1,1]}
199.3023450000328	EXP	szo_kiir: text = "kilolvai"
199.82076000003144	EXP	szo_kiir: autoDraw = true
201.42510500003118	DATA	Keydown: ArrowLeft
201.457320000045	EXP	szo_kiir: autoDraw = false
201.457320000045	EXP	szo_kiir: color = {"_rgb":[1,1,1]}
201.457320000045	EXP	szo_kiir: text = "gótikus"
201.97573000000557	EXP	szo_kiir: autoDraw = true
203.16683500004	DATA	Keydown: ArrowRight
203.19456999999238	EXP	szo_kiir: autoDraw = false
203.19456999999238	EXP	szo_kiir: color = {"_rgb":[1,1,1]}
203.19456999999238	EXP	szo_kiir: text = "homok"
203.71298499999102	EXP	szo_kiir: autoDraw = true
204.53205500001786	DATA	Keydown: ArrowRight
204.5644350000075	EXP	szo_kiir: autoDraw = false
204.5644350000075	EXP	szo_kiir: color = {"_rgb":[1,1,1]}
204.5644350000075	EXP	szo_kiir: text = "késik"
205.0821650000289	EXP	szo_kiir: autoDraw = true
205.85557000001427	DATA	Keydown: ArrowRight
205.88393000001088	EXP	szo_kiir: autoDraw = false
205.88393000001088	EXP	szo_kiir: color = {"_rgb":[1,1,1]}
205.88393000001088	EXP	szo_kiir: text = "lebeg"
206.386044999992	EXP	szo_kiir: autoDraw = true
207.1221900000237	DATA	Keydown: ArrowRight
207.15356500004418	EXP	szo_kiir: autoDraw = false
207.15356500004418	EXP	szo_kiir: color = {"_rgb":[1,1,1]}
207.15356500004418	EXP	szo_kiir: text = "majom"
207.6717850000132	EXP	szo_kiir: autoDraw = true
208.47489000001224	DATA	Keydown: ArrowRight
208.5066850000294	EXP	szo_kiir: autoDraw = false
208.5066850000294	EXP	szo_kiir: color = {"_rgb":[1,1,1]}
208.5066850000294	EXP	szo_kiir: text = "sötét"
209.02497000002768	EXP	szo_kiir: autoDraw = true
209.96143000002485	DATA	Keydown: ArrowRight
209.99481000000378	EXP	szo_kiir: autoDraw = false
209.99481000000378	EXP	szo_kiir: color = {"_rgb":[1,1,1]}
209.99481000000378	EXP	szo_kiir: text = "szabotró"
210.5113850000198	EXP	szo_kiir: autoDraw = true
212.3530150000006	DATA	Keydown: ArrowLeft
212.36575500003528	EXP	szo_kiir: autoDraw = false
212.36575500003528	EXP	szo_kiir: color = {"_rgb":[1,1,1]}
212.36575500003528	EXP	szo_kiir: text = "imád"
212.88415500003612	EXP	szo_kiir: autoDraw = true
214.05574500001967	DATA	Keydown: ArrowRight
214.0862850000267	EXP	szo_kiir: autoDraw = false
214.0862850000267	EXP	szo_kiir: color = {"_rgb":[1,1,1]}
214.0862850000267	EXP	szo_kiir: text = "kabin"
214.60451500001363	EXP	szo_kiir: autoDraw = true
215.50864499999443	DATA	Keydown: ArrowRight
215.53955500002485	EXP	szo_kiir: autoDraw = false
215.53955500002485	EXP	szo_kiir: color = {"_rgb":[1,1,1]}
215.53955500002485	EXP	szo_kiir: text = "égitest"
216.05758000002243	EXP	szo_kiir: autoDraw = true
217.26212999998825	DATA	Keydown: ArrowRight
217.29350500000874	EXP	szo_kiir: autoDraw = false
217.29350500000874	EXP	szo_kiir: color = {"_rgb":[1,1,1]}
217.29350500000874	EXP	szo_kiir: text = "értékesít"
217.81464500003494	EXP	szo_kiir: autoDraw = true
219.01786000002176	DATA	Keydown: ArrowRight
219.03113499999745	EXP	szo_kiir: autoDraw = false
219.03113499999745	EXP	szo_kiir: color = {"_rgb":[1,1,1]}
219.03113499999745	EXP	szo_kiir: text = "pirigari"
219.5491500000353	EXP	szo_kiir: autoDraw = true
221.58795499999542	DATA	Keydown: ArrowLeft
221.62596000003396	EXP	szo_kiir: autoDraw = false
221.62596000003396	EXP	szo_kiir: color = {"_rgb":[1,1,1]}
221.62596000003396	EXP	szo_kiir: text = "bacon"
222.14131000003545	EXP	szo_kiir: autoDraw = true
225.24931500002276	DATA	Keydown: ArrowLeft
225.26493000000482	EXP	szo_kiir: autoDraw = false
225.26493000000482	EXP	szo_kiir: color = {"_rgb":[1,1,1]}
225.26493000000482	EXP	szo_kiir: text = "pikusz"
225.7824949999922	EXP	szo_kiir: autoDraw = true
226.88543500000378	DATA	Keydown: ArrowLeft
226.90090000000782	EXP	szo_kiir: autoDraw = false
226.90090000000782	EXP	szo_kiir: color = {"_rgb":[1,1,1]}
226.90090000000782	EXP	szo_kiir: text = "kunyai"
227.40277500002412	EXP	szo_kiir: autoDraw = true
228.53551499999594	DATA	Keydown: ArrowLeft
228.5621300000348	EXP	szo_kiir: autoDraw = false
228.5621300000348	EXP	szo_kiir: color = {"_rgb":[1,1,1]}
228.5621300000348	EXP	szo_kiir: text = "üldögél"
229.07370500004617	EXP	szo_kiir: autoDraw = true
230.62821500003338	DATA	Keydown: ArrowRight
230.6428050000104	EXP	szo_kiir: autoDraw = false
230.6428050000104	EXP	szo_kiir: color = {"_rgb":[1,1,1]}
230.6428050000104	EXP	szo_kiir: text = "rakódik"
231.145279999997	EXP	szo_kiir: autoDraw = true
232.55025999998907	DATA	Keydown: ArrowRight
232.57209500001045	EXP	szo_kiir: autoDraw = false
232.57209500001045	EXP	szo_kiir: color = {"_rgb":[1,1,1]}
232.57209500001045	EXP	szo_kiir: text = "felmi"
233.09652500000084	EXP	szo_kiir: autoDraw = true
234.10001500003273	DATA	Keydown: ArrowLeft
234.1325300000026	EXP	szo_kiir: autoDraw = false
234.1325300000026	EXP	szo_kiir: color = {"_rgb":[1,1,1]}
234.1325300000026	EXP	szo_kiir: text = "arisztokratikus"
234.65030999999726	EXP	szo_kiir: autoDraw = true
236.37215499999002	DATA	Keydown: ArrowRight
236.39235500001814	EXP	szo_kiir: autoDraw = false
236.39235500001814	EXP	szo_kiir: color = {"_rgb":[1,1,1]}
236.39235500001814	EXP	szo_kiir: text = "fanatizmus"
236.9227650000248	EXP	szo_kiir: autoDraw = true
238.8784100000048	DATA	Keydown: ArrowRight
238.91012499999488	EXP	szo_kiir: autoDraw = false
238.91012499999488	EXP	szo_kiir: color = {"_rgb":[1,1,1]}
238.91012499999488	EXP	szo_kiir: text = "tarol"
239.42791000002762	EXP	szo_kiir: autoDraw = true
240.36665000003995	DATA	Keydown: ArrowRight
240.3967549999943	EXP	szo_kiir: autoDraw = false
240.3967549999943	EXP	szo_kiir: color = {"_rgb":[1,1,1]}
240.3967549999943	EXP	szo_kiir: text = "nagybeteg"
240.91818999999668	EXP	szo_kiir: autoDraw = true
241.78784500004258	DATA	Keydown: ArrowRight
241.80038500000956	EXP	szo_kiir: autoDraw = false
241.80038500000956	EXP	szo_kiir: color = {"_rgb":[1,1,1]}
241.80038500000956	EXP	szo_kiir: text = "újgazdag"
242.31823500001337	EXP	szo_kiir: autoDraw = true
246.26196500001242	DATA	Keydown: ArrowLeft
246.29379000002518	EXP	szo_kiir: autoDraw = false
246.29379000002518	EXP	szo_kiir: color = {"_rgb":[1,1,1]}
246.29379000002518	EXP	szo_kiir: text = "kisujj"
246.7950150000397	EXP	szo_kiir: autoDraw = true
247.96783500001766	DATA	Keydown: ArrowLeft
247.98123500001384	EXP	szo_kiir: autoDraw = false
247.98123500001384	EXP	szo_kiir: color = {"_rgb":[1,1,1]}
247.98123500001384	EXP	szo_kiir: text = "szobanövény"
248.36557000002358	DATA	Keydown: ArrowRight
248.50060999998823	EXP	szo_kiir: autoDraw = true
250.8234400000074	DATA	Keydown: ArrowRight
250.85434000001987	EXP	szo_kiir: autoDraw = false
250.85434000001987	EXP	szo_kiir: color = {"_rgb":[1,1,1]}
250.85434000001987	EXP	szo_kiir: text = "vágárd"
251.37267499999143	EXP	szo_kiir: autoDraw = true
253.17892999999458	DATA	Keydown: ArrowLeft
253.21007500000997	EXP	szo_kiir: autoDraw = false
253.21007500000997	EXP	szo_kiir: color = {"_rgb":[1,1,1]}
253.21007500000997	EXP	szo_kiir: text = "ómagyar"
253.7280449999962	EXP	szo_kiir: autoDraw = true
255.23196000000462	DATA	Keydown: ArrowRight
255.26440000004368	EXP	szo_kiir: autoDraw = false
255.26440000004368	EXP	szo_kiir: color = {"_rgb":[1,1,1]}
255.26440000004368	EXP	szo_kiir: text = "mihálóz"
255.78348500002176	EXP	szo_kiir: autoDraw = true
257.35493000003044	DATA	Keydown: ArrowLeft
257.3857399999979	EXP	szo_kiir: autoDraw = false
257.3857399999979	EXP	szo_kiir: color = {"_rgb":[1,1,1]}
257.3857399999979	EXP	szo_kiir: text = "csobog"
257.90409000002546	EXP	szo_kiir: autoDraw = true
258.84409500000766	DATA	Keydown: ArrowRight
258.87290499999654	EXP	szo_kiir: autoDraw = false
258.87290499999654	EXP	szo_kiir: color = {"_rgb":[1,1,1]}
258.87290499999654	EXP	szo_kiir: text = "komolyodik"
259.390715000045	EXP	szo_kiir: autoDraw = true
260.4946249999921	DATA	Keydown: ArrowRight
260.5100899999961	EXP	szo_kiir: autoDraw = false
260.5100899999961	EXP	szo_kiir: color = {"_rgb":[1,1,1]}
260.5100899999961	EXP	szo_kiir: text = "balassol"
261.0278699999908	EXP	szo_kiir: autoDraw = true
262.6995950000128	DATA	Keydown: ArrowLeft
262.7315600000438	EXP	szo_kiir: autoDraw = false
262.7315600000438	EXP	szo_kiir: color = {"_rgb":[1,1,1]}
262.7315600000438	EXP	szo_kiir: text = "kurzív"
263.2494300000253	EXP	szo_kiir: autoDraw = true
264.73881000000983	DATA	Keydown: ArrowLeft
264.7530150000239	EXP	szo_kiir: autoDraw = false
264.7530150000239	EXP	szo_kiir: color = {"_rgb":[1,1,1]}
264.7530150000239	EXP	szo_kiir: text = "onogur"
265.27133499999763	EXP	szo_kiir: autoDraw = true
266.4775549999904	DATA	Keydown: ArrowLeft
266.5070500000147	EXP	szo_kiir: autoDraw = false
266.5070500000147	EXP	szo_kiir: color = {"_rgb":[1,1,1]}
266.5070500000147	EXP	szo_kiir: text = "multiplikatív"
267.0095849999925	EXP	szo_kiir: autoDraw = true
271.553515000036	DATA	Keydown: ArrowLeft
271.5853300000308	EXP	szo_kiir: autoDraw = false
271.5853300000308	EXP	szo_kiir: color = {"_rgb":[1,1,1]}
271.5853300000308	EXP	szo_kiir: text = "firkál"
272.105045000033	EXP	szo_kiir: autoDraw = true
273.14018500002567	DATA	Keydown: ArrowRight
273.1557100000209	EXP	szo_kiir: autoDraw = false
273.1557100000209	EXP	szo_kiir: color = {"_rgb":[1,1,1]}
273.1557100000209	EXP	szo_kiir: text = "összalaj"
273.65997500001686	EXP	szo_kiir: autoDraw = true
275.1935550000053	DATA	Keydown: ArrowLeft
275.2202450000332	EXP	szo_kiir: autoDraw = false
275.2202450000332	EXP	szo_kiir: color = {"_rgb":[1,1,1]}
275.2202450000332	EXP	szo_kiir: text = "testnedv"
275.74501499999315	EXP	szo_kiir: autoDraw = true
277.5346750000026	DATA	Keydown: ArrowRight
277.5490400000126	EXP	szo_kiir: autoDraw = false
277.5490400000126	EXP	szo_kiir: color = {"_rgb":[1,1,1]}
277.5490400000126	EXP	szo_kiir: text = "kondenzcsík"
278.06753500003833	EXP	szo_kiir: autoDraw = true
280.2398249999969	DATA	Keydown: ArrowLeft
280.2554250000394	EXP	szo_kiir: autoDraw = false
280.2554250000394	EXP	szo_kiir: color = {"_rgb":[1,1,1]}
280.2554250000394	EXP	szo_kiir: text = "volt"
280.7732299999916	EXP	szo_kiir: autoDraw = true
281.64364500000374	DATA	Keydown: ArrowRight
281.6753350000363	EXP	szo_kiir: autoDraw = false
281.6753350000363	EXP	szo_kiir: color = {"_rgb":[1,1,1]}
281.6753350000363	EXP	szo_kiir: text = "rucaöröm"
282.19331500004046	EXP	szo_kiir: autoDraw = true
283.5187450000085	DATA	Keydown: ArrowLeft
283.5463849999942	EXP	szo_kiir: autoDraw = false
283.5463849999942	EXP	szo_kiir: color = {"_rgb":[1,1,1]}
283.5463849999942	EXP	szo_kiir: text = "marcangol"
284.065110000025	EXP	szo_kiir: autoDraw = true
285.4068149999948	DATA	Keydown: ArrowRight
285.43410000001313	EXP	szo_kiir: autoDraw = false
285.43410000001313	EXP	szo_kiir: color = {"_rgb":[1,1,1]}
285.43410000001313	EXP	szo_kiir: text = "oszcillál"
285.9523599999957	EXP	szo_kiir: autoDraw = true
287.5737000000081	DATA	Keydown: ArrowLeft
287.6059450000175	EXP	szo_kiir: autoDraw = false
287.6059450000175	EXP	szo_kiir: color = {"_rgb":[1,1,1]}
287.6059450000175	EXP	szo_kiir: text = "csontdarab"
288.12371499999426	EXP	szo_kiir: autoDraw = true
289.8119650000008	DATA	Keydown: ArrowRight
289.84426500002155	EXP	szo_kiir: autoDraw = false
289.84426500002155	EXP	szo_kiir: color = {"_rgb":[1,1,1]}
289.84426500002155	EXP	szo_kiir: text = "piláf"
290.36178000003565	EXP	szo_kiir: autoDraw = true
291.43626500002574	DATA	Keydown: ArrowLeft
291.4648900000029	EXP	szo_kiir: autoDraw = false
291.4648900000029	EXP	szo_kiir: color = {"_rgb":[1,1,1]}
291.4648900000029	EXP	szo_kiir: text = "szódabikarbonát"
291.98292500001844	EXP	szo_kiir: autoDraw = true
293.1198999999906	DATA	Keydown: ArrowRight
293.1518849999993	EXP	szo_kiir: autoDraw = false
293.1518849999993	EXP	szo_kiir: color = {"_rgb":[1,1,1]}
293.1518849999993	EXP	szo_kiir: text = "zomogyi"
293.6696050000028	EXP	szo_kiir: autoDraw = true
295.63054000004195	DATA	Keydown: ArrowLeft
295.6575850000372	EXP	szo_kiir: autoDraw = false
295.6575850000372	EXP	szo_kiir: color = {"_rgb":[1,1,1]}
295.6575850000372	EXP	szo_kiir: text = "mikrorendszer"
296.17630500002997	EXP	szo_kiir: autoDraw = true
298.0809350000345	DATA	Keydown: ArrowRight
298.11311500001466	EXP	szo_kiir: autoDraw = false
298.11311500001466	EXP	szo_kiir: color = {"_rgb":[1,1,1]}
298.11311500001466	EXP	szo_kiir: text = "vízilabdázik"
298.6313650000375	EXP	szo_kiir: autoDraw = true
300.78714500000933	DATA	Keydown: ArrowRight
300.8195399999968	EXP	szo_kiir: autoDraw = false
300.8195399999968	EXP	szo_kiir: color = {"_rgb":[1,1,1]}
300.8195399999968	EXP	szo_kiir: text = "vasáru"
301.33757999999216	EXP	szo_kiir: autoDraw = true
302.7417950000381	DATA	Keydown: ArrowRight
302.7739650000003	EXP	szo_kiir: autoDraw = false
302.7739650000003	EXP	szo_kiir: color = {"_rgb":[1,1,1]}
302.7739650000003	EXP	szo_kiir: text = "interpretátor"
303.29259500000626	EXP	szo_kiir: autoDraw = true
305.84989000001224	DATA	Keydown: ArrowRight
305.8811449999921	EXP	szo_kiir: autoDraw = false
305.8811449999921	EXP	szo_kiir: color = {"_rgb":[1,1,1]}
305.8811449999921	EXP	szo_kiir: text = "finomszesz"
306.39939000003505	EXP	szo_kiir: autoDraw = true
308.25434000004316	DATA	Keydown: ArrowLeft
308.2865500000189	EXP	szo_kiir: autoDraw = false
308.2865500000189	EXP	szo_kiir: color = {"_rgb":[1,1,1]}
308.2865500000189	EXP	szo_kiir: text = "majánosol"
308.80478000000585	EXP	szo_kiir: autoDraw = true
310.59311499999603	DATA	Keydown: ArrowLeft
310.62530000001425	EXP	szo_kiir: autoDraw = false
310.62530000001425	EXP	szo_kiir: color = {"_rgb":[1,1,1]}
310.62530000001425	EXP	szo_kiir: text = "kárörvend"
311.143235000025	EXP	szo_kiir: autoDraw = true
312.66470500000287	DATA	Keydown: ArrowRight
312.69693999999436	EXP	szo_kiir: autoDraw = false
312.69693999999436	EXP	szo_kiir: color = {"_rgb":[1,1,1]}
312.69693999999436	EXP	szo_kiir: text = "proszcénium"
313.2150000000256	EXP	szo_kiir: autoDraw = true
314.9881349999923	DATA	Keydown: ArrowLeft
315.0186700000195	EXP	szo_kiir: autoDraw = false
315.0186700000195	EXP	szo_kiir: color = {"_rgb":[1,1,1]}
315.0186700000195	EXP	szo_kiir: text = "szemestakarmány"
315.5214200000046	EXP	szo_kiir: autoDraw = true
319.21295000001555	DATA	Keydown: ArrowRight
319.2450400000089	EXP	szo_kiir: autoDraw = false
319.2450400000089	EXP	szo_kiir: color = {"_rgb":[1,1,1]}
319.2450400000089	EXP	szo_kiir: text = "kontrapunkt"
319.7635350000346	EXP	szo_kiir: autoDraw = true
320.8029150000075	DATA	Keydown: ArrowLeft
320.83394000004046	EXP	szo_kiir: autoDraw = false
320.83394000004046	EXP	szo_kiir: color = {"_rgb":[1,1,1]}
320.83394000004046	EXP	szo_kiir: text = "fókabőr"
321.3518800000311	EXP	szo_kiir: autoDraw = true
323.658460000006	DATA	Keydown: ArrowLeft
323.6887800000259	EXP	szo_kiir: autoDraw = false
323.6887800000259	EXP	szo_kiir: color = {"_rgb":[1,1,1]}
323.6887800000259	EXP	szo_kiir: text = "állótükör"
324.2070900000399	EXP	szo_kiir: autoDraw = true
326.04580500000156	DATA	Keydown: ArrowRight
326.0610750000342	EXP	szo_kiir: autoDraw = false
326.0610750000342	EXP	szo_kiir: color = {"_rgb":[1,1,1]}
326.0610750000342	EXP	szo_kiir: text = "rosszlelkű"
326.5794950000127	EXP	szo_kiir: autoDraw = true
327.7493350000004	DATA	Keydown: ArrowRight
327.78157500003	EXP	szo_kiir: autoDraw = false
327.78157500003	EXP	szo_kiir: color = {"_rgb":[1,1,1]}
327.78157500003	EXP	szo_kiir: text = "ráncosít"
328.30189000000246	EXP	szo_kiir: autoDraw = true
329.85493000003044	DATA	Keydown: ArrowRight
329.8865349999978	EXP	szo_kiir: autoDraw = false
329.8865349999978	EXP	szo_kiir: color = {"_rgb":[1,1,1]}
329.8865349999978	EXP	szo_kiir: text = "szemtükör"
330.40452000004007	EXP	szo_kiir: autoDraw = true
332.37667000002693	DATA	Keydown: ArrowRight
332.4089850000455	EXP	szo_kiir: autoDraw = false
332.4089850000455	EXP	szo_kiir: color = {"_rgb":[1,1,1]}
332.4089850000455	EXP	szo_kiir: text = "kékellik"
332.9266350000398	EXP	szo_kiir: autoDraw = true
334.41480000002775	DATA	Keydown: ArrowRight
334.4470300000394	EXP	szo_kiir: autoDraw = false
334.4470300000394	EXP	szo_kiir: color = {"_rgb":[1,1,1]}
334.4470300000394	EXP	szo_kiir: text = "csöndesedik"
334.96471999998903	EXP	szo_kiir: autoDraw = true
336.54034000000684	DATA	Keydown: ArrowRight
336.5685100000119	EXP	szo_kiir: autoDraw = false
336.5685100000119	EXP	szo_kiir: color = {"_rgb":[1,1,1]}
336.5685100000119	EXP	szo_kiir: text = "organizál"
337.086249999993	EXP	szo_kiir: autoDraw = true
338.7117450000369	DATA	Keydown: ArrowRight
338.7247150000185	EXP	szo_kiir: autoDraw = false
338.7247150000185	EXP	szo_kiir: color = {"_rgb":[1,1,1]}
338.7247150000185	EXP	szo_kiir: text = "buherál"
339.2418700000271	EXP	szo_kiir: autoDraw = true
340.9029950000113	DATA	Keydown: ArrowLeft
340.92853500001365	EXP	szo_kiir: autoDraw = false
340.92853500001365	EXP	szo_kiir: color = {"_rgb":[1,1,1]}
340.92853500001365	EXP	szo_kiir: text = "gubóvirág"
341.4467650000006	EXP	szo_kiir: autoDraw = true
343.08944000001065	DATA	Keydown: ArrowRight
343.1174549999996	EXP	szo_kiir: autoDraw = false
343.1174549999996	EXP	szo_kiir: color = {"_rgb":[1,1,1]}
343.1174549999996	EXP	szo_kiir: text = "retta"
343.63482500001555	EXP	szo_kiir: autoDraw = true
344.523909999989	DATA	Keydown: ArrowLeft
344.5368850000086	EXP	szo_kiir: autoDraw = false
344.5368850000086	EXP	szo_kiir: color = {"_rgb":[1,1,1]}
344.5368850000086	EXP	szo_kiir: text = "nomináljövedelem"
345.05457999999635	EXP	szo_kiir: autoDraw = true
346.96069000003627	DATA	Keydown: ArrowLeft
346.975940000033	EXP	szo_kiir: autoDraw = false
346.975940000033	EXP	szo_kiir: color = {"_rgb":[1,1,1]}
346.975940000033	EXP	szo_kiir: text = "bolondoz"
347.49362000002293	EXP	szo_kiir: autoDraw = true
348.78184000001056	DATA	Keydown: ArrowRight
348.8132200000109	EXP	szo_kiir: autoDraw = false
348.8132200000109	EXP	szo_kiir: color = {"_rgb":[1,1,1]}
348.8132200000109	EXP	szo_kiir: text = "alfél"
349.3314900000114	EXP	szo_kiir: autoDraw = true
350.93807500001276	DATA	Keydown: ArrowRight
350.9516550000408	EXP	szo_kiir: autoDraw = false
350.9516550000408	EXP	szo_kiir: color = {"_rgb":[1,1,1]}
350.9516550000408	EXP	szo_kiir: text = "védővámrendszer"
351.47066500002984	EXP	szo_kiir: autoDraw = true
353.90953000000445	DATA	Keydown: ArrowLeft
353.9418050000095	EXP	szo_kiir: autoDraw = false
353.9418050000095	EXP	szo_kiir: color = {"_rgb":[1,1,1]}
353.9418050000095	EXP	szo_kiir: text = "lépdegél"
354.4596100000199	EXP	szo_kiir: autoDraw = true
356.20381000003545	DATA	Keydown: ArrowRight
356.2305500000366	EXP	szo_kiir: autoDraw = false
356.2305500000366	EXP	szo_kiir: color = {"_rgb":[1,1,1]}
356.2305500000366	EXP	szo_kiir: text = "kardorrú"
356.73157500004163	EXP	szo_kiir: autoDraw = true
358.65398500004085	DATA	Keydown: ArrowRight
358.6861800000188	EXP	szo_kiir: autoDraw = false
358.6861800000188	EXP	szo_kiir: color = {"_rgb":[1,1,1]}
358.6861800000188	EXP	szo_kiir: text = "nyersarany"
359.20415000000503	EXP	szo_kiir: autoDraw = true
361.6109450000222	DATA	Keydown: ArrowLeft
361.643310000014	EXP	szo_kiir: autoDraw = false
361.643310000014	EXP	szo_kiir: color = {"_rgb":[1,1,1]}
361.643310000014	EXP	szo_kiir: text = "senyveszt"
362.1606449999963	EXP	szo_kiir: autoDraw = true
364.35195999999996	DATA	Keydown: ArrowLeft
364.38252000004286	EXP	szo_kiir: autoDraw = false
364.38252000004286	EXP	szo_kiir: color = {"_rgb":[1,1,1]}
364.38252000004286	EXP	szo_kiir: text = "szíjaz"
364.9010600000038	EXP	szo_kiir: autoDraw = true
368.0588149999967	DATA	Keydown: ArrowRight
368.0910450000083	EXP	szo_kiir: autoDraw = false
368.0910450000083	EXP	szo_kiir: color = {"_rgb":[1,1,1]}
368.0910450000083	EXP	szo_kiir: text = "szubvencionál"
368.6090050000348	EXP	szo_kiir: autoDraw = true
370.3976949999924	DATA	Keydown: ArrowLeft
370.4297099999967	EXP	szo_kiir: autoDraw = false
370.4297099999967	EXP	szo_kiir: color = {"_rgb":[1,1,1]}
370.4297099999967	EXP	szo_kiir: text = "fentereg"
370.9477800000459	EXP	szo_kiir: autoDraw = true
373.6719400000293	DATA	Keydown: ArrowLeft
373.7040150000248	EXP	szo_kiir: autoDraw = false
373.7040150000248	EXP	szo_kiir: color = {"_rgb":[1,1,1]}
373.7040150000248	EXP	szo_kiir: text = "suszi"
374.2217299999902	EXP	szo_kiir: autoDraw = true
375.84299000003375	DATA	Keydown: ArrowLeft
375.8756750000175	EXP	szo_kiir: autoDraw = false
375.8756750000175	EXP	szo_kiir: color = {"_rgb":[1,1,1]}
375.8756750000175	EXP	szo_kiir: text = "fókázik"
376.39416500000516	EXP	szo_kiir: autoDraw = true
378.2712600000086	DATA	Keydown: ArrowLeft
378.29803500004346	EXP	szo_kiir: autoDraw = false
378.29803500004346	EXP	szo_kiir: color = {"_rgb":[1,1,1]}
378.29803500004346	EXP	szo_kiir: text = "őrint"
378.81564000004437	EXP	szo_kiir: autoDraw = true
380.22356499999296	DATA	Keydown: ArrowLeft
380.23583000001963	EXP	szo_kiir: autoDraw = false
380.23583000001963	EXP	szo_kiir: color = {"_rgb":[1,1,1]}
380.23583000001963	EXP	szo_kiir: text = "koegzisztál"
380.7541349999956	EXP	szo_kiir: autoDraw = true
382.51081000000704	DATA	Keydown: ArrowLeft
382.5244449999882	EXP	szo_kiir: autoDraw = false
382.5244449999882	EXP	szo_kiir: color = {"_rgb":[1,1,1]}
382.5244449999882	EXP	szo_kiir: text = "döföl"
383.0421900000074	EXP	szo_kiir: autoDraw = true
384.8980350000202	DATA	Keydown: ArrowLeft
384.9300200000289	EXP	szo_kiir: autoDraw = false
384.9300200000289	EXP	szo_kiir: color = {"_rgb":[1,1,1]}
384.9300200000289	EXP	szo_kiir: text = "teszű"
385.4315400000196	EXP	szo_kiir: autoDraw = true
386.6049350000103	DATA	Keydown: ArrowLeft
386.6337850000127	EXP	szo_kiir: autoDraw = false
386.6337850000127	EXP	szo_kiir: color = {"_rgb":[1,1,1]}
386.6337850000127	EXP	szo_kiir: text = "szénaköteg"
387.15244999999413	EXP	szo_kiir: autoDraw = true
389.4419750000234	DATA	Keydown: ArrowRight
389.47376500000246	EXP	szo_kiir: autoDraw = false
389.47376500000246	EXP	szo_kiir: color = {"_rgb":[1,1,1]}
389.47376500000246	EXP	szo_kiir: text = "ultatlados"
389.9924600000377	EXP	szo_kiir: autoDraw = true
391.9324450000422	DATA	Keydown: ArrowLeft
391.9627450000262	EXP	szo_kiir: autoDraw = false
391.9627450000262	EXP	szo_kiir: color = {"_rgb":[1,1,1]}
391.9627450000262	EXP	szo_kiir: text = "balhitű"
392.48077500000363	EXP	szo_kiir: autoDraw = true
395.0237250000355	DATA	Keydown: ArrowLeft
395.03649500000756	EXP	szo_kiir: autoDraw = false
395.03649500000756	EXP	szo_kiir: color = {"_rgb":[1,1,1]}
395.03649500000756	EXP	szo_kiir: text = "hátall"
395.554449999996	EXP	szo_kiir: autoDraw = true
398.16271000000415	DATA	Keydown: ArrowLeft
398.19378000003053	EXP	szo_kiir: autoDraw = false
398.19378000003053	EXP	szo_kiir: color = {"_rgb":[1,1,1]}
398.19378000003053	EXP	szo_kiir: text = "skrupulizál"
398.71189000003505	EXP	szo_kiir: autoDraw = true
400.80061500001466	DATA	Keydown: ArrowLeft
400.8253600000171	EXP	szo_kiir: autoDraw = false
400.8253600000171	EXP	szo_kiir: color = {"_rgb":[1,1,1]}
400.8253600000171	EXP	szo_kiir: text = "bárányfark"
401.336650000012	EXP	szo_kiir: autoDraw = true
404.49927000002936	DATA	Keydown: ArrowRight
404.52500500000315	EXP	szo_kiir: autoDraw = false
404.52500500000315	EXP	szo_kiir: color = {"_rgb":[1,1,1]}
404.52500500000315	EXP	szo_kiir: text = "transzplantál"
405.0427999999956	EXP	szo_kiir: autoDraw = true
406.6318700000411	DATA	Keydown: ArrowRight
406.66328000003705	EXP	szo_kiir: autoDraw = false
406.66328000003705	EXP	szo_kiir: color = {"_rgb":[1,1,1]}
406.66328000003705	EXP	szo_kiir: text = "periodogram"
407.18114500003867	EXP	szo_kiir: autoDraw = true
410.47316500003217	DATA	Keydown: ArrowLeft
410.5057900000247	EXP	szo_kiir: autoDraw = false
410.5057900000247	EXP	szo_kiir: color = {"_rgb":[1,1,1]}
410.5057900000247	EXP	szo_kiir: text = "kalligrafál"
411.0232800000231	EXP	szo_kiir: autoDraw = true
412.51389500004007	DATA	Keydown: ArrowRight
412.5434150000219	EXP	szo_kiir: autoDraw = false
412.5434150000219	EXP	szo_kiir: color = {"_rgb":[1,1,1]}
412.5434150000219	EXP	szo_kiir: text = "okoztatozó"
413.0615749999997	EXP	szo_kiir: autoDraw = true
415.61863500002073	DATA	Keydown: ArrowLeft
415.6506299999892	EXP	szo_kiir: autoDraw = false
415.6506299999892	EXP	szo_kiir: color = {"_rgb":[1,1,1]}
415.6506299999892	EXP	szo_kiir: text = "megfogózik"
416.16883999999845	EXP	szo_kiir: autoDraw = true
418.49194000003627	DATA	Keydown: ArrowRight
418.52469500002917	EXP	szo_kiir: autoDraw = false
418.52469500002917	EXP	szo_kiir: color = {"_rgb":[1,1,1]}
418.52469500002917	EXP	szo_kiir: text = "filologizál"
419.04178000002867	EXP	szo_kiir: autoDraw = true
420.8135900000343	DATA	Keydown: ArrowLeft
420.82935000001453	EXP	szo_kiir: autoDraw = false
420.82935000001453	EXP	szo_kiir: color = {"_rgb":[1,1,1]}
420.82935000001453	EXP	szo_kiir: text = "anzágol"
421.347379999992	EXP	szo_kiir: autoDraw = true
422.7017600000254	DATA	Keydown: ArrowLeft
422.7169200000353	EXP	szo_kiir: autoDraw = false
422.7169200000353	EXP	szo_kiir: color = {"_rgb":[1,1,1]}
422.7169200000353	EXP	szo_kiir: text = "utálkodik"
423.2352950000204	EXP	szo_kiir: autoDraw = true
424.8229050000082	DATA	Keydown: ArrowLeft
424.8553149999934	EXP	szo_kiir: autoDraw = false
424.8553149999934	EXP	szo_kiir: color = {"_rgb":[1,1,1]}
424.8553149999934	EXP	szo_kiir: text = "nyeregheveder"
425.374290000007	EXP	szo_kiir: autoDraw = true
427.1614750000299	DATA	Keydown: ArrowLeft
427.1772800000035	EXP	szo_kiir: autoDraw = false
427.1772800000035	EXP	szo_kiir: color = {"_rgb":[1,1,1]}
427.1772800000035	EXP	szo_kiir: text = "lecskediriz"
427.6951199999894	EXP	szo_kiir: autoDraw = true
430.25251000002027	DATA	Keydown: ArrowLeft
430.28437499998836	EXP	szo_kiir: autoDraw = false
430.28437499998836	EXP	szo_kiir: color = {"_rgb":[1,1,1]}
430.28437499998836	EXP	szo_kiir: text = "villi"
430.8023950000061	EXP	szo_kiir: autoDraw = true
431.68914999999106	DATA	Keydown: ArrowLeft
431.72104500001296	EXP	szo_kiir: autoDraw = false
431.72104500001296	EXP	szo_kiir: color = {"_rgb":[1,1,1]}
431.72104500001296	EXP	szo_kiir: text = "tarkarézérc"
432.23870000004536	EXP	szo_kiir: autoDraw = true
434.94637499999953	DATA	Keydown: ArrowLeft
434.9785050000064	EXP	szo_kiir: autoDraw = false
434.9785050000064	EXP	szo_kiir: color = {"_rgb":[1,1,1]}
434.9785050000064	EXP	szo_kiir: text = "pólyáz"
435.4964350000373	EXP	szo_kiir: autoDraw = true
438.57193999999436	DATA	Keydown: ArrowRight
438.603535000002	EXP	szo_kiir: autoDraw = false
438.603535000002	EXP	szo_kiir: color = {"_rgb":[1,1,1]}
438.603535000002	EXP	szo_kiir: text = "hermetizál"
439.12176499998895	EXP	szo_kiir: autoDraw = true
443.1989499999909	DATA	Keydown: ArrowRight
443.232490000024	EXP	szo_kiir: autoDraw = false
443.232490000024	EXP	koszi_szoveg: autoDraw = true
446.08864000003086	DATA	Keydown:  
