0.02760499995201826	EXP	Created Window = Window( name=Window, fullscr=true, color=#000000, units=norm, waitBlanking=true, autoLog=true, size=[1536,754] )
6.951749999949243	DATA	Keydown: 5
7.086419999948703	DATA	Keydown: 5
7.219319999974687	DATA	Keydown: 5
8.51642499997979	DATA	Keydown: Shift
8.61750499997288	DATA	Keydown: _
9.989804999961052	DATA	Keydown: 1
10.773439999960829	DATA	Keydown: 3
12.935889999964274	DATA	Keydown: undefined
16.004744999983814	DATA	Keydown: undefined
17.437429999990854	DATA	Keydown: Backspace
17.588589999999385	DATA	Keydown: Backspace
17.72717999998713	DATA	Keydown: Backspace
17.869264999986626	DATA	Keydown: Backspace
18.03745499998331	DATA	Keydown: Backspace
18.801649999979418	DATA	Keydown: 4
19.081984999997076	DATA	Keydown: .
19.186954999982845	DATA	Keydown: 1
19.464579999970738	DATA	Keydown: 7
20.80360499996459	DATA	Keydown: .
28.83560499997111	DATA	Keydown: 5
30.31661499995971	EXP	Created instruction_text1 = TextStim( name=instruction_text1, win=Window( name=Window, fullscr=true, color=#000000, ~), autoDraw=null, autoLog=true, units=norm, ori=null, opacity=1, pos=[0,0], size=undefined, text=Ön most szavakat fog látni.

Ezek között lesznek o~, font=Arial, color=#ffffff, contrast=1, height=0.05, bold=null, italic=null, alignHoriz=left, alignVert=center, wrapWidth=1, flipHoriz=null, flipVert=null )
30.31973999994807	EXP	Created instruction_text2 = TextStim( name=instruction_text2, win=Window( name=Window, fullscr=true, color=#000000, ~), autoDraw=null, autoLog=true, units=norm, ori=null, opacity=1, pos=[0,0], size=undefined, text=Először két egyszerű példát mutatunk Önnek.

Az el~, font=Arial, color=#FFFFFF, contrast=1, height=0.05, bold=null, italic=null, alignHoriz=left, alignVert=center, wrapWidth=1, flipHoriz=null, flipVert=null )
30.322074999974575	EXP	Created show_text = TextStim( name=show_text, win=Window( name=Window, fullscr=true, color=#000000, ~), autoDraw=null, autoLog=true, units=norm, ori=null, opacity=1, pos=[0,0], size=undefined, text=asztal, font=Arial, color=#FFFFFF, contrast=1, height=0.2, bold=null, italic=null, alignHoriz=left, alignVert=center, wrapWidth=1, flipHoriz=null, flipVert=null )
30.323609999963082	EXP	Created text = TextStim( name=text, win=Window( name=Window, fullscr=true, color=#000000, ~), autoDraw=null, autoLog=true, units=norm, ori=null, opacity=1, pos=[0,0], size=undefined, text=bzsmfsztal, font=Arial, color=#FFFFFF, contrast=1, height=0.2, bold=null, italic=null, alignHoriz=left, alignVert=center, wrapWidth=1, flipHoriz=null, flipVert=null )
30.327089999977034	EXP	Created instruction_text3 = TextStim( name=instruction_text3, win=Window( name=Window, fullscr=true, color=#000000, ~), autoDraw=null, autoLog=true, units=norm, ori=null, opacity=1, pos=[0,0], size=undefined, text=Pazar. Most kezdődik az igazi kísérlet. Néhány per~, font=Arial, color=#FFFFFF, contrast=1, height=0.1, bold=null, italic=null, alignHoriz=left, alignVert=center, wrapWidth=1, flipHoriz=null, flipVert=null )
30.32867499999702	EXP	Created szo_kiir = TextStim( name=szo_kiir, win=Window( name=Window, fullscr=true, color=#000000, ~), autoDraw=null, autoLog=true, units=norm, ori=null, opacity=1, pos=[0,0], size=undefined, text=default text, font=Arial, color=#FFFFFF, contrast=1, height=0.2, bold=null, italic=null, alignHoriz=left, alignVert=center, wrapWidth=1, flipHoriz=null, flipVert=null )
30.33012499997858	EXP	Created koszi_szoveg = TextStim( name=koszi_szoveg, win=Window( name=Window, fullscr=true, color=#000000, ~), autoDraw=null, autoLog=true, units=norm, ori=null, opacity=1, pos=[0,0], size=undefined, text=Vége a kísérletnek. Köszönjük a részvételt!, font=arial, color=#ffffff, contrast=1, height=0.1, bold=null, italic=null, alignHoriz=left, alignVert=center, wrapWidth=1, flipHoriz=null, flipVert=null )
30.387514999951236	EXP	instruction_text1: units = "norm"
30.387514999951236	EXP	instruction_text1: ori = 0
30.387514999951236	EXP	instruction_text1: opacity = 1
30.387514999951236	EXP	instruction_text1: pos = [0,0]
30.387514999951236	EXP	instruction_text1: size = undefined
30.387514999951236	EXP	instruction_text1: text = "Ön most szavakat fog látni.\n\nEzek között lesznek olyanok, amelyeket ismer, de előfordulhatnak olyanok is, amelyeket nem ismer, sőt, vannak köztük kitalált szavak is. \n\nKérjük, ha ismeri a képernyőn látható szót, nyomja meg a JOBB kurzorbillentyűt.\nKérjük, ha NEM ismeri a képernyőn látható szót, vagy azt gondolja, nincs ilyen szó a magyarban, nyomja meg a BAL kurzorbillentyűt.\n\nAz 'Ismerem a szót' döntés itt most ezt jelenti: találkoztam már vele, és van valami elképzelésem a jelentéséről is.  \n\nNyomjon meg bármilyen billentyűt a folytatáshoz."
30.387514999951236	EXP	instruction_text1: font = "Arial"
30.387514999951236	EXP	instruction_text1: color = {"_rgb":[1,1,1]}
30.387514999951236	EXP	instruction_text1: contrast = 1
30.387514999951236	EXP	instruction_text1: height = 0.05
30.387514999951236	EXP	instruction_text1: bold = false
30.387514999951236	EXP	instruction_text1: italic = false
30.387514999951236	EXP	instruction_text1: alignHoriz = "left"
30.387514999951236	EXP	instruction_text1: alignVert = "center"
30.387514999951236	EXP	instruction_text1: wrapWidth = 1
30.387514999951236	EXP	instruction_text1: flipHoriz = false
30.387514999951236	EXP	instruction_text1: flipVert = false
30.387514999951236	EXP	instruction_text2: units = "norm"
30.387514999951236	EXP	instruction_text2: ori = 0
30.387514999951236	EXP	instruction_text2: opacity = 1
30.387514999951236	EXP	instruction_text2: pos = [0,0]
30.387514999951236	EXP	instruction_text2: size = undefined
30.387514999951236	EXP	instruction_text2: text = "Először két egyszerű példát mutatunk Önnek.\n\nAz első szó létezik a magyarban, és valószínűleg Ön is ismeri. Itt nyomja majd meg a jobb kurzorbillentyűt.\nA második szó nem létezik a magyar nyelvben. Itt nyomja majd meg a bal kurzorbillentyűt.\n\nFontos, hogy a jobb gombot a jobb kezével, a bal gombot a bal kezével nyomja, ha tudja, és ne egy kezét használja a kísérletben.\n\nNyomjon meg bármilyen gombot a folytatáshoz."
30.387514999951236	EXP	instruction_text2: font = "Arial"
30.387514999951236	EXP	instruction_text2: color = {"_hex":"#FFFFFF","_rgb":[1,1,1]}
30.387514999951236	EXP	instruction_text2: contrast = 1
30.387514999951236	EXP	instruction_text2: height = 0.05
30.387514999951236	EXP	instruction_text2: bold = false
30.387514999951236	EXP	instruction_text2: italic = false
30.387514999951236	EXP	instruction_text2: alignHoriz = "left"
30.387514999951236	EXP	instruction_text2: alignVert = "center"
30.387514999951236	EXP	instruction_text2: wrapWidth = 1
30.387514999951236	EXP	instruction_text2: flipHoriz = false
30.387514999951236	EXP	instruction_text2: flipVert = false
30.387514999951236	EXP	show_text: units = "norm"
30.387514999951236	EXP	show_text: ori = 0
30.387514999951236	EXP	show_text: opacity = 1
30.387514999951236	EXP	show_text: pos = [0,0]
30.387514999951236	EXP	show_text: size = undefined
30.387514999951236	EXP	show_text: text = "asztal"
30.387514999951236	EXP	show_text: font = "Arial"
30.387514999951236	EXP	show_text: color = {"_hex":"#FFFFFF","_rgb":[1,1,1]}
30.387514999951236	EXP	show_text: contrast = 1
30.387514999951236	EXP	show_text: height = 0.2
30.387514999951236	EXP	show_text: bold = false
30.387514999951236	EXP	show_text: italic = false
30.387514999951236	EXP	show_text: alignHoriz = "left"
30.387514999951236	EXP	show_text: alignVert = "center"
30.387514999951236	EXP	show_text: wrapWidth = 1
30.387514999951236	EXP	show_text: flipHoriz = false
30.387514999951236	EXP	show_text: flipVert = false
30.387514999951236	EXP	text: units = "norm"
30.387514999951236	EXP	text: ori = 0
30.387514999951236	EXP	text: opacity = 1
30.387514999951236	EXP	text: pos = [0,0]
30.387514999951236	EXP	text: size = undefined
30.387514999951236	EXP	text: text = "bzsmfsztal"
30.387514999951236	EXP	text: font = "Arial"
30.387514999951236	EXP	text: color = {"_hex":"#FFFFFF","_rgb":[1,1,1]}
30.387514999951236	EXP	text: contrast = 1
30.387514999951236	EXP	text: height = 0.2
30.387514999951236	EXP	text: bold = false
30.387514999951236	EXP	text: italic = false
30.387514999951236	EXP	text: alignHoriz = "left"
30.387514999951236	EXP	text: alignVert = "center"
30.387514999951236	EXP	text: wrapWidth = 1
30.387514999951236	EXP	text: flipHoriz = false
30.387514999951236	EXP	text: flipVert = false
30.387514999951236	EXP	instruction_text3: units = "norm"
30.387514999951236	EXP	instruction_text3: ori = 0
30.387514999951236	EXP	instruction_text3: opacity = 1
30.387514999951236	EXP	instruction_text3: pos = [0,0]
30.387514999951236	EXP	instruction_text3: size = undefined
30.387514999951236	EXP	instruction_text3: text = "Pazar. Most kezdődik az igazi kísérlet. Néhány percig fog tartani. Nem kell nagyon sietnie, de igyekezzen gyorsan válaszolni.\n\nNe feledje, ha tudja, a jobb gombot a jobbkezével, a bal gombot a balkezével nyomja le.\n\nNyomjon meg bármilyen gombot a folytatáshoz."
30.387514999951236	EXP	instruction_text3: font = "Arial"
30.387514999951236	EXP	instruction_text3: color = {"_hex":"#FFFFFF","_rgb":[1,1,1]}
30.387514999951236	EXP	instruction_text3: contrast = 1
30.387514999951236	EXP	instruction_text3: height = 0.1
30.387514999951236	EXP	instruction_text3: bold = false
30.387514999951236	EXP	instruction_text3: italic = false
30.387514999951236	EXP	instruction_text3: alignHoriz = "left"
30.387514999951236	EXP	instruction_text3: alignVert = "center"
30.387514999951236	EXP	instruction_text3: wrapWidth = 1
30.387514999951236	EXP	instruction_text3: flipHoriz = false
30.387514999951236	EXP	instruction_text3: flipVert = false
30.387514999951236	EXP	szo_kiir: units = "norm"
30.387514999951236	EXP	szo_kiir: ori = 0
30.387514999951236	EXP	szo_kiir: opacity = 1
30.387514999951236	EXP	szo_kiir: pos = [0,0]
30.387514999951236	EXP	szo_kiir: size = undefined
30.387514999951236	EXP	szo_kiir: text = "default text"
30.387514999951236	EXP	szo_kiir: font = "Arial"
30.387514999951236	EXP	szo_kiir: color = {"_hex":"#FFFFFF","_rgb":[1,1,1]}
30.387514999951236	EXP	szo_kiir: contrast = 1
30.387514999951236	EXP	szo_kiir: height = 0.2
30.387514999951236	EXP	szo_kiir: bold = false
30.387514999951236	EXP	szo_kiir: italic = false
30.387514999951236	EXP	szo_kiir: alignHoriz = "left"
30.387514999951236	EXP	szo_kiir: alignVert = "center"
30.387514999951236	EXP	szo_kiir: wrapWidth = 1
30.387514999951236	EXP	szo_kiir: flipHoriz = false
30.387514999951236	EXP	szo_kiir: flipVert = false
30.387514999951236	EXP	koszi_szoveg: units = "norm"
30.387514999951236	EXP	koszi_szoveg: ori = 0
30.387514999951236	EXP	koszi_szoveg: opacity = 1
30.387514999951236	EXP	koszi_szoveg: pos = [0,0]
30.387514999951236	EXP	koszi_szoveg: size = undefined
30.387514999951236	EXP	koszi_szoveg: text = "Vége a kísérletnek. Köszönjük a részvételt!"
30.387514999951236	EXP	koszi_szoveg: font = "arial"
30.387514999951236	EXP	koszi_szoveg: color = {"_rgb":[1,1,1]}
30.387514999951236	EXP	koszi_szoveg: contrast = 1
30.387514999951236	EXP	koszi_szoveg: height = 0.1
30.387514999951236	EXP	koszi_szoveg: bold = false
30.387514999951236	EXP	koszi_szoveg: italic = false
30.387514999951236	EXP	koszi_szoveg: alignHoriz = "left"
30.387514999951236	EXP	koszi_szoveg: alignVert = "center"
30.387514999951236	EXP	koszi_szoveg: wrapWidth = 1
30.387514999951236	EXP	koszi_szoveg: flipHoriz = false
30.387514999951236	EXP	koszi_szoveg: flipVert = false
30.387514999951236	EXP	instruction_text1: autoDraw = true
50.20817999995779	DATA	Keydown:  
50.2250950000016	EXP	instruction_text1: autoDraw = false
50.2250950000016	EXP	instruction_text2: autoDraw = true
59.18854000000283	DATA	Keydown: ArrowRight
59.191634999995586	EXP	instruction_text2: autoDraw = false
59.72018000000389	EXP	show_text: autoDraw = true
67.73545999999624	DATA	Keydown: ArrowLeft
67.7379699999583	EXP	show_text: autoDraw = false
68.25119499996072	EXP	text: autoDraw = true
75.11493999999948	DATA	Keydown: ArrowLeft
75.16409499995643	EXP	text: autoDraw = false
75.16409499995643	EXP	instruction_text3: autoDraw = true
89.6820749999606	DATA	Keydown:  
89.74150499998359	EXP	instruction_text3: autoDraw = false
89.74150499998359	EXP	szo_kiir: color = {"_rgb":[1,1,1]}
89.74150499998359	EXP	szo_kiir: text = "megy"
90.2622149999952	EXP	szo_kiir: autoDraw = true
93.9051899999613	DATA	Keydown: ArrowRight
93.91330999997444	EXP	szo_kiir: autoDraw = false
93.91330999997444	EXP	szo_kiir: color = {"_rgb":[1,1,1]}
93.91330999997444	EXP	szo_kiir: text = "posdótelő"
94.42892499995651	EXP	szo_kiir: autoDraw = true
100.6518550000037	DATA	Keydown: ArrowLeft
100.6763449999853	EXP	szo_kiir: autoDraw = false
100.6763449999853	EXP	szo_kiir: color = {"_rgb":[1,1,1]}
100.6763449999853	EXP	szo_kiir: text = "rozintem"
101.19265499996254	EXP	szo_kiir: autoDraw = true
107.67569000000367	DATA	Keydown: ArrowRight
107.68319499999052	EXP	szo_kiir: autoDraw = false
107.68319499999052	EXP	szo_kiir: color = {"_rgb":[1,1,1]}
107.68319499999052	EXP	szo_kiir: text = "gyerek"
108.19735499995295	EXP	szo_kiir: autoDraw = true
112.09818499995163	DATA	Keydown: ArrowRight
112.10055999999167	EXP	szo_kiir: autoDraw = false
112.10055999999167	EXP	szo_kiir: color = {"_rgb":[1,1,1]}
112.10055999999167	EXP	szo_kiir: text = "cím"
112.63296999997692	EXP	szo_kiir: autoDraw = true
116.74519499996677	DATA	Keydown: ArrowRight
116.76777999999467	EXP	szo_kiir: autoDraw = false
116.76777999999467	EXP	szo_kiir: color = {"_rgb":[1,1,1]}
116.76777999999467	EXP	szo_kiir: text = "méhezter"
117.2806499999715	EXP	szo_kiir: autoDraw = true
126.11386499996297	DATA	Keydown: ArrowLeft
126.11943999998039	EXP	szo_kiir: autoDraw = false
126.11943999998039	EXP	szo_kiir: color = {"_rgb":[1,1,1]}
126.11943999998039	EXP	szo_kiir: text = "eszköz"
126.63152499997523	EXP	szo_kiir: autoDraw = true
134.72763499995926	DATA	Keydown: ArrowRight
134.76054499996826	EXP	szo_kiir: autoDraw = false
134.76054499996826	EXP	szo_kiir: color = {"_rgb":[1,1,1]}
134.76054499996826	EXP	szo_kiir: text = "szimboló"
135.27578499994706	EXP	szo_kiir: autoDraw = true
143.5456750000012	DATA	Keydown: ArrowRight
143.5626699999557	EXP	szo_kiir: autoDraw = false
143.5626699999557	EXP	szo_kiir: color = {"_rgb":[1,1,1]}
143.5626699999557	EXP	szo_kiir: text = "lényeg"
144.07652999996208	EXP	szo_kiir: autoDraw = true
159.6071299999603	DATA	Keydown: ArrowRight
159.6151499999687	EXP	szo_kiir: autoDraw = false
159.6151499999687	EXP	szo_kiir: color = {"_rgb":[1,1,1]}
159.6151499999687	EXP	szo_kiir: text = "kész"
160.12919999996666	EXP	szo_kiir: autoDraw = true
170.09776499995496	DATA	Keydown: ArrowRight
170.11885999998776	EXP	szo_kiir: autoDraw = false
170.11885999998776	EXP	szo_kiir: color = {"_rgb":[1,1,1]}
170.11885999998776	EXP	szo_kiir: text = "spanyol"
170.6353399999789	EXP	szo_kiir: autoDraw = true
179.71738999994704	DATA	Keydown: ArrowRight
179.72241499996744	EXP	szo_kiir: autoDraw = false
179.72241499996744	EXP	szo_kiir: color = {"_rgb":[1,1,1]}
179.72241499996744	EXP	szo_kiir: text = "siker"
180.23796499997843	EXP	szo_kiir: autoDraw = true
183.93283999996493	DATA	Keydown: ArrowRight
183.95257999998285	EXP	szo_kiir: autoDraw = false
183.95257999998285	EXP	szo_kiir: color = {"_rgb":[1,1,1]}
183.95257999998285	EXP	szo_kiir: text = "falvangú"
184.45971999998437	EXP	szo_kiir: autoDraw = true
189.9222899999586	DATA	Keydown: ArrowRight
189.9254699999583	EXP	szo_kiir: autoDraw = false
189.9254699999583	EXP	szo_kiir: color = {"_rgb":[1,1,1]}
189.9254699999583	EXP	szo_kiir: text = "református"
190.4414499999839	EXP	szo_kiir: autoDraw = true
201.0356449999963	DATA	Keydown: ArrowRight
201.03928999998607	EXP	szo_kiir: autoDraw = false
201.03928999998607	EXP	szo_kiir: color = {"_rgb":[1,1,1]}
201.03928999998607	EXP	szo_kiir: text = "maliző"
201.54677499999525	EXP	szo_kiir: autoDraw = true
210.19749499997124	DATA	Keydown: ArrowRight
210.20292999997037	EXP	szo_kiir: autoDraw = false
210.20292999997037	EXP	szo_kiir: color = {"_rgb":[1,1,1]}
210.20292999997037	EXP	szo_kiir: text = "optimális"
210.70855999999912	EXP	szo_kiir: autoDraw = true
216.1337899999926	DATA	Keydown: ArrowLeft
216.15443999995477	EXP	szo_kiir: autoDraw = false
216.15443999995477	EXP	szo_kiir: color = {"_rgb":[1,1,1]}
216.15443999995477	EXP	szo_kiir: text = "rohangsári"
216.65920499997446	EXP	szo_kiir: autoDraw = true
224.14319499995327	DATA	Keydown: ArrowRight
224.14648499997566	EXP	szo_kiir: autoDraw = false
224.14648499997566	EXP	szo_kiir: color = {"_rgb":[1,1,1]}
224.14648499997566	EXP	szo_kiir: text = "vagyon"
224.66819499997655	EXP	szo_kiir: autoDraw = true
227.1632399999653	DATA	Keydown: ArrowRight
227.16418500000145	EXP	szo_kiir: autoDraw = false
227.16418500000145	EXP	szo_kiir: color = {"_rgb":[1,1,1]}
227.16418500000145	EXP	szo_kiir: text = "kedvezmény"
227.67645999998786	EXP	szo_kiir: autoDraw = true
234.3772599999793	DATA	Keydown: ArrowRight
234.394004999951	EXP	szo_kiir: autoDraw = false
234.394004999951	EXP	szo_kiir: color = {"_rgb":[1,1,1]}
234.394004999951	EXP	szo_kiir: text = "érzéketít"
234.91180000000168	EXP	szo_kiir: autoDraw = true
238.83120499999495	DATA	Keydown: ArrowRight
238.83562499994878	EXP	szo_kiir: autoDraw = false
238.83562499994878	EXP	szo_kiir: color = {"_rgb":[1,1,1]}
238.83562499994878	EXP	szo_kiir: text = "kapu"
239.34261999995215	EXP	szo_kiir: autoDraw = true
241.53727999998955	DATA	Keydown: ArrowRight
241.53970999998273	EXP	szo_kiir: autoDraw = false
241.53970999998273	EXP	szo_kiir: color = {"_rgb":[1,1,1]}
241.53970999998273	EXP	szo_kiir: text = "extrém"
242.05494499998167	EXP	szo_kiir: autoDraw = true
247.02217999997083	DATA	Keydown: ArrowRight
247.0405749999918	EXP	szo_kiir: autoDraw = false
247.0405749999918	EXP	szo_kiir: color = {"_rgb":[1,1,1]}
247.0405749999918	EXP	szo_kiir: text = "szerez"
247.54355000000214	EXP	szo_kiir: autoDraw = true
250.74172499997076	DATA	Keydown: ArrowRight
250.75033999996958	EXP	szo_kiir: autoDraw = false
250.75033999996958	EXP	szo_kiir: color = {"_rgb":[1,1,1]}
250.75033999996958	EXP	szo_kiir: text = "virág"
251.2673150000046	EXP	szo_kiir: autoDraw = true
254.29944499995327	DATA	Keydown: ArrowRight
254.31140499998583	EXP	szo_kiir: autoDraw = false
254.31140499998583	EXP	szo_kiir: color = {"_rgb":[1,1,1]}
254.31140499998583	EXP	szo_kiir: text = "keskeny"
254.81940499995835	EXP	szo_kiir: autoDraw = true
260.7216999999946	DATA	Keydown: ArrowRight
260.7251999999862	EXP	szo_kiir: autoDraw = false
260.7251999999862	EXP	szo_kiir: color = {"_rgb":[1,1,1]}
260.7251999999862	EXP	szo_kiir: text = "repülőgép"
261.24086499999976	EXP	szo_kiir: autoDraw = true
265.9958399999887	DATA	Keydown: ArrowRight
266.0094149999786	EXP	szo_kiir: autoDraw = false
266.0094149999786	EXP	szo_kiir: color = {"_rgb":[1,1,1]}
266.0094149999786	EXP	szo_kiir: text = "beton"
266.52192499995	EXP	szo_kiir: autoDraw = true
280.5684099999489	DATA	Keydown: ArrowRight
280.57528999994975	EXP	szo_kiir: autoDraw = false
280.57528999994975	EXP	szo_kiir: color = {"_rgb":[1,1,1]}
280.57528999994975	EXP	szo_kiir: text = "lánc"
281.0908150000032	EXP	szo_kiir: autoDraw = true
283.10687999997754	DATA	Keydown: ArrowUp
283.77540499996394	DATA	Keydown: ArrowLeft
283.77788999996847	EXP	szo_kiir: autoDraw = false
283.77788999996847	EXP	szo_kiir: color = {"_rgb":[1,1,1]}
283.77788999996847	EXP	szo_kiir: text = "orr"
284.29182499996386	EXP	szo_kiir: autoDraw = true
287.0764799999888	DATA	Keydown: ArrowRight
287.0912649999955	EXP	szo_kiir: autoDraw = false
287.0912649999955	EXP	szo_kiir: color = {"_rgb":[1,1,1]}
287.0912649999955	EXP	szo_kiir: text = "alanító"
287.5976999999839	EXP	szo_kiir: autoDraw = true
293.32934499997646	DATA	Keydown: ArrowRight
293.33585999999195	EXP	szo_kiir: autoDraw = false
293.33585999999195	EXP	szo_kiir: color = {"_rgb":[1,1,1]}
293.33585999999195	EXP	szo_kiir: text = "majozárói"
293.84060499997577	EXP	szo_kiir: autoDraw = true
299.3877699999721	DATA	Keydown: ArrowLeft
299.395829999994	EXP	szo_kiir: autoDraw = false
299.395829999994	EXP	szo_kiir: color = {"_rgb":[1,1,1]}
299.395829999994	EXP	szo_kiir: text = "gyárt"
299.90710499999113	EXP	szo_kiir: autoDraw = true
302.20039999997243	DATA	Keydown: ArrowRight
302.21337999997195	EXP	szo_kiir: autoDraw = false
302.21337999997195	EXP	szo_kiir: color = {"_rgb":[1,1,1]}
302.21337999997195	EXP	szo_kiir: text = "hossz"
302.73241499997675	EXP	szo_kiir: autoDraw = true
305.08430999994744	DATA	Keydown: ArrowRight
305.08784499997273	EXP	szo_kiir: autoDraw = false
305.08784499997273	EXP	szo_kiir: color = {"_rgb":[1,1,1]}
305.08784499997273	EXP	szo_kiir: text = "dohorpák"
305.6042399999569	EXP	szo_kiir: autoDraw = true
311.879654999997	DATA	Keydown: ArrowLeft
311.8984949999722	EXP	szo_kiir: autoDraw = false
311.8984949999722	EXP	szo_kiir: color = {"_rgb":[1,1,1]}
311.8984949999722	EXP	szo_kiir: text = "halom"
312.4144699999597	EXP	szo_kiir: autoDraw = true
315.05586999998195	DATA	Keydown: ArrowLeft
315.0613349999767	EXP	szo_kiir: autoDraw = false
315.0613349999767	EXP	szo_kiir: color = {"_rgb":[1,1,1]}
315.0613349999767	EXP	szo_kiir: text = "mér"
315.0968099999591	DATA	Keydown: ArrowRight
315.57960499997716	EXP	szo_kiir: autoDraw = true
320.93307999998797	DATA	Keydown: ArrowLeft
320.93854999996256	EXP	szo_kiir: autoDraw = false
320.93854999996256	EXP	szo_kiir: color = {"_rgb":[1,1,1]}
320.93854999996256	EXP	szo_kiir: text = "numen"
320.97068999998737	DATA	Keydown: ArrowRight
321.4451199999894	EXP	szo_kiir: autoDraw = true
321.5518249999732	DATA	Keydown: ArrowRight
321.5665750000044	EXP	szo_kiir: autoDraw = false
321.5665750000044	EXP	szo_kiir: color = {"_rgb":[1,1,1]}
321.5665750000044	EXP	szo_kiir: text = "szeudor"
322.07942500000354	EXP	szo_kiir: autoDraw = true
328.69497499999125	DATA	Keydown: ArrowRight
328.70084499998484	EXP	szo_kiir: autoDraw = false
328.70084499998484	EXP	szo_kiir: color = {"_rgb":[1,1,1]}
328.70084499998484	EXP	szo_kiir: text = "finálé"
329.224264999968	EXP	szo_kiir: autoDraw = true
333.27554000000237	DATA	Keydown: ArrowRight
333.2813299999689	EXP	szo_kiir: autoDraw = false
333.2813299999689	EXP	szo_kiir: color = {"_rgb":[1,1,1]}
333.2813299999689	EXP	szo_kiir: text = "olvad"
333.79388499999186	EXP	szo_kiir: autoDraw = true
336.607549999957	DATA	Keydown: ArrowRight
336.622464999964	EXP	szo_kiir: autoDraw = false
336.622464999964	EXP	szo_kiir: color = {"_rgb":[1,1,1]}
336.622464999964	EXP	szo_kiir: text = "léptelegy"
337.1276899999939	EXP	szo_kiir: autoDraw = true
340.8808799999533	DATA	Keydown: ArrowLeft
340.8873649999732	EXP	szo_kiir: autoDraw = false
340.8873649999732	EXP	szo_kiir: color = {"_rgb":[1,1,1]}
340.8873649999732	EXP	szo_kiir: text = "pók"
341.3897799999686	EXP	szo_kiir: autoDraw = true
343.45400999998674	DATA	Keydown: ArrowRight
343.46403999999166	EXP	szo_kiir: autoDraw = false
343.46403999999166	EXP	szo_kiir: color = {"_rgb":[1,1,1]}
343.46403999999166	EXP	szo_kiir: text = "bélyeg"
343.9690249999985	EXP	szo_kiir: autoDraw = true
348.1361799999722	DATA	Keydown: ArrowRight
348.1394100000034	EXP	szo_kiir: autoDraw = false
348.1394100000034	EXP	szo_kiir: color = {"_rgb":[1,1,1]}
348.1394100000034	EXP	szo_kiir: text = "belgyógyász"
348.64539499999955	EXP	szo_kiir: autoDraw = true
351.59567999996943	DATA	Keydown: ArrowRight
351.6301199999871	EXP	szo_kiir: autoDraw = false
351.6301199999871	EXP	szo_kiir: color = {"_rgb":[1,1,1]}
351.6301199999871	EXP	szo_kiir: text = "bacon"
352.1396700000041	EXP	szo_kiir: autoDraw = true
352.96940000000177	DATA	Keydown: ArrowLeft
352.97206000000006	EXP	szo_kiir: autoDraw = false
352.97206000000006	EXP	szo_kiir: color = {"_rgb":[1,1,1]}
352.97206000000006	EXP	szo_kiir: text = "foglaltatik"
353.48385999997845	EXP	szo_kiir: autoDraw = true
353.8834649999626	DATA	Keydown: ArrowRight
353.8856499999529	EXP	szo_kiir: autoDraw = false
353.8856499999529	EXP	szo_kiir: color = {"_rgb":[1,1,1]}
353.8856499999529	EXP	szo_kiir: text = "pikusz"
354.4059299999499	EXP	szo_kiir: autoDraw = true
356.66575499996543	DATA	Keydown: ArrowRight
356.6678049999755	EXP	szo_kiir: autoDraw = false
356.6678049999755	EXP	szo_kiir: color = {"_rgb":[1,1,1]}
356.6678049999755	EXP	szo_kiir: text = "misztérium"
357.1841349999886	EXP	szo_kiir: autoDraw = true
361.82011499995133	DATA	Keydown: ArrowRight
361.83704499999294	EXP	szo_kiir: autoDraw = false
361.83704499999294	EXP	szo_kiir: color = {"_rgb":[1,1,1]}
361.83704499999294	EXP	szo_kiir: text = "hullámzik"
362.33948500000406	EXP	szo_kiir: autoDraw = true
372.30609999998705	DATA	Keydown: ArrowRight
372.3148499999661	EXP	szo_kiir: autoDraw = false
372.3148499999661	EXP	szo_kiir: color = {"_rgb":[1,1,1]}
372.3148499999661	EXP	szo_kiir: text = "genom"
372.8256849999889	EXP	szo_kiir: autoDraw = true
375.2444200000027	DATA	Keydown: ArrowRight
375.26249999995343	EXP	szo_kiir: autoDraw = false
375.26249999995343	EXP	szo_kiir: color = {"_rgb":[1,1,1]}
375.26249999995343	EXP	szo_kiir: text = "pitiáner"
375.782109999971	EXP	szo_kiir: autoDraw = true
381.4938649999676	DATA	Keydown: ArrowLeft
381.50086999998894	EXP	szo_kiir: autoDraw = false
381.50086999998894	EXP	szo_kiir: color = {"_rgb":[1,1,1]}
381.50086999998894	EXP	szo_kiir: text = "viszt"
382.01111500000115	EXP	szo_kiir: autoDraw = true
386.334990000003	DATA	Keydown: ArrowRight
386.34406499995384	EXP	szo_kiir: autoDraw = false
386.34406499995384	EXP	szo_kiir: color = {"_rgb":[1,1,1]}
386.34406499995384	EXP	szo_kiir: text = "stádium"
386.8498749999562	EXP	szo_kiir: autoDraw = true
389.82613499998115	DATA	Keydown: ArrowLeft
389.84318499994697	EXP	szo_kiir: autoDraw = false
389.84318499994697	EXP	szo_kiir: color = {"_rgb":[1,1,1]}
389.84318499994697	EXP	szo_kiir: text = "úszamos"
390.3564400000032	EXP	szo_kiir: autoDraw = true
394.0049949999666	DATA	Keydown: ArrowRight
394.0125199999893	EXP	szo_kiir: autoDraw = false
394.0125199999893	EXP	szo_kiir: color = {"_rgb":[1,1,1]}
394.0125199999893	EXP	szo_kiir: text = "délceg"
394.5290199999581	EXP	szo_kiir: autoDraw = true
396.29250499996124	DATA	Keydown: ArrowRight
396.29586999997264	EXP	szo_kiir: autoDraw = false
396.29586999997264	EXP	szo_kiir: color = {"_rgb":[1,1,1]}
396.29586999997264	EXP	szo_kiir: text = "tanácsol"
396.80795999994734	EXP	szo_kiir: autoDraw = true
399.8153599999496	DATA	Keydown: ArrowRight
399.8266299999668	EXP	szo_kiir: autoDraw = false
399.8266299999668	EXP	szo_kiir: color = {"_rgb":[1,1,1]}
399.8266299999668	EXP	szo_kiir: text = "nagybeteg"
400.34317499998724	EXP	szo_kiir: autoDraw = true
401.58321499999147	DATA	Keydown: ArrowRight
401.5894649999682	EXP	szo_kiir: autoDraw = false
401.5894649999682	EXP	szo_kiir: color = {"_rgb":[1,1,1]}
401.5894649999682	EXP	szo_kiir: text = "vényegő"
402.09297499997774	EXP	szo_kiir: autoDraw = true
403.4373949999572	DATA	Keydown: ArrowRight
403.44014999998035	EXP	szo_kiir: autoDraw = false
403.44014999998035	EXP	szo_kiir: color = {"_rgb":[1,1,1]}
403.44014999998035	EXP	szo_kiir: text = "újgazdag"
403.953199999989	EXP	szo_kiir: autoDraw = true
408.36882999999216	DATA	Keydown: ArrowRight
408.3790999999619	EXP	szo_kiir: autoDraw = false
408.3790999999619	EXP	szo_kiir: color = {"_rgb":[1,1,1]}
408.3790999999619	EXP	szo_kiir: text = "magánnyugdíj"
408.89946499996586	EXP	szo_kiir: autoDraw = true
411.44484999997076	DATA	Keydown: ArrowLeft
411.4515299999621	EXP	szo_kiir: autoDraw = false
411.4515299999621	EXP	szo_kiir: color = {"_rgb":[1,1,1]}
411.4515299999621	EXP	szo_kiir: text = "tópart"
411.9589299999643	EXP	szo_kiir: autoDraw = true
412.835924999963	DATA	Keydown: ArrowRight
412.84650499996496	EXP	szo_kiir: autoDraw = false
412.84650499996496	EXP	szo_kiir: color = {"_rgb":[1,1,1]}
412.84650499996496	EXP	szo_kiir: text = "deutérium"
413.35492499999236	EXP	szo_kiir: autoDraw = true
415.37091999995755	DATA	Keydown: ArrowRight
415.3861099999631	EXP	szo_kiir: autoDraw = false
415.3861099999631	EXP	szo_kiir: color = {"_rgb":[1,1,1]}
415.3861099999631	EXP	szo_kiir: text = "tévedzik"
415.90024999994785	EXP	szo_kiir: autoDraw = true
416.74302999995416	DATA	Keydown: ArrowLeft
416.7458699999843	EXP	szo_kiir: autoDraw = false
416.7458699999843	EXP	szo_kiir: color = {"_rgb":[1,1,1]}
416.7458699999843	EXP	szo_kiir: text = "kulcscsont"
417.26460499997484	EXP	szo_kiir: autoDraw = true
417.72113999997964	DATA	Keydown: ArrowRight
417.73691999999573	EXP	szo_kiir: autoDraw = false
417.73691999999573	EXP	szo_kiir: color = {"_rgb":[1,1,1]}
417.73691999999573	EXP	szo_kiir: text = "fotoszintetikus"
418.25032999995165	EXP	szo_kiir: autoDraw = true
420.0767549999873	DATA	Keydown: ArrowRight
420.0791499999468	EXP	szo_kiir: autoDraw = false
420.0791499999468	EXP	szo_kiir: color = {"_rgb":[1,1,1]}
420.0791499999468	EXP	szo_kiir: text = "felezéri"
420.58668999996735	EXP	szo_kiir: autoDraw = true
423.6606399999582	DATA	Keydown: ArrowRight
423.6637299999711	EXP	szo_kiir: autoDraw = false
423.6637299999711	EXP	szo_kiir: color = {"_rgb":[1,1,1]}
423.6637299999711	EXP	szo_kiir: text = "korog"
424.17865499999607	EXP	szo_kiir: autoDraw = true
425.4963449999923	DATA	Keydown: Insert
425.9924549999996	DATA	Keydown: ArrowRight
426.00492499995744	EXP	szo_kiir: autoDraw = false
426.00492499995744	EXP	szo_kiir: color = {"_rgb":[1,1,1]}
426.00492499995744	EXP	szo_kiir: text = "kormányrúd"
426.5135499999742	EXP	szo_kiir: autoDraw = true
427.5770649999613	DATA	Keydown: ArrowRight
427.5814899999532	EXP	szo_kiir: autoDraw = false
427.5814899999532	EXP	szo_kiir: color = {"_rgb":[1,1,1]}
427.5814899999532	EXP	szo_kiir: text = "táborozik"
428.0954249999486	EXP	szo_kiir: autoDraw = true
428.93899499997497	DATA	Keydown: ArrowLeft
428.94380499998806	EXP	szo_kiir: autoDraw = false
428.94380499998806	EXP	szo_kiir: color = {"_rgb":[1,1,1]}
428.94380499998806	EXP	szo_kiir: text = "onogur"
429.45700499997474	EXP	szo_kiir: autoDraw = true
429.7277499999618	DATA	Keydown: ArrowRight
429.7423649999546	EXP	szo_kiir: autoDraw = false
429.7423649999546	EXP	szo_kiir: color = {"_rgb":[1,1,1]}
429.7423649999546	EXP	szo_kiir: text = "fajansz"
430.2470349999494	EXP	szo_kiir: autoDraw = true
431.50318499997957	DATA	Keydown: ArrowLeft
431.5073549999506	EXP	szo_kiir: autoDraw = false
431.5073549999506	EXP	szo_kiir: color = {"_rgb":[1,1,1]}
431.5073549999506	EXP	szo_kiir: text = "balhézik"
432.0114449999528	EXP	szo_kiir: autoDraw = true
432.4081399999559	DATA	Keydown: ArrowRight
432.41449499997543	EXP	szo_kiir: autoDraw = false
432.41449499997543	EXP	szo_kiir: color = {"_rgb":[1,1,1]}
432.41449499997543	EXP	szo_kiir: text = "forróvérű"
432.92608999996446	EXP	szo_kiir: autoDraw = true
433.5258749999921	DATA	Keydown: ArrowRight
433.5417699999525	EXP	szo_kiir: autoDraw = false
433.5417699999525	EXP	szo_kiir: color = {"_rgb":[1,1,1]}
433.5417699999525	EXP	szo_kiir: text = "fehérít"
434.0574599999818	EXP	szo_kiir: autoDraw = true
434.92639999999665	DATA	Keydown: ArrowRight
434.9371649999521	EXP	szo_kiir: autoDraw = false
434.9371649999521	EXP	szo_kiir: color = {"_rgb":[1,1,1]}
434.9371649999521	EXP	szo_kiir: text = "szuperintelligens"
435.4481499999529	EXP	szo_kiir: autoDraw = true
436.83906999998726	DATA	Keydown: ArrowRight
436.8531699999585	EXP	szo_kiir: autoDraw = false
436.8531699999585	EXP	szo_kiir: color = {"_rgb":[1,1,1]}
436.8531699999585	EXP	szo_kiir: text = "oszcillál"
437.36844499997096	EXP	szo_kiir: autoDraw = true
438.04150499997195	DATA	Keydown: ArrowRight
438.0448299999698	EXP	szo_kiir: autoDraw = false
438.0448299999698	EXP	szo_kiir: color = {"_rgb":[1,1,1]}
438.0448299999698	EXP	szo_kiir: text = "analizál"
438.5505299999495	EXP	szo_kiir: autoDraw = true
439.1755600000033	DATA	Keydown: ArrowRight
439.19335999997566	EXP	szo_kiir: autoDraw = false
439.19335999997566	EXP	szo_kiir: color = {"_rgb":[1,1,1]}
439.19335999997566	EXP	szo_kiir: text = "bóbiskol"
439.71723499998916	EXP	szo_kiir: autoDraw = true
440.5389499999583	DATA	Keydown: ArrowRight
440.5403149999911	EXP	szo_kiir: autoDraw = false
440.5403149999911	EXP	szo_kiir: color = {"_rgb":[1,1,1]}
440.5403149999911	EXP	szo_kiir: text = "gádosíthat"
441.0445549999713	EXP	szo_kiir: autoDraw = true
441.761279999977	DATA	Keydown: ArrowRight
441.7672049999819	EXP	szo_kiir: autoDraw = false
441.7672049999819	EXP	szo_kiir: color = {"_rgb":[1,1,1]}
441.7672049999819	EXP	szo_kiir: text = "fertilis"
442.2754299999797	EXP	szo_kiir: autoDraw = true
442.858649999951	DATA	Keydown: ArrowRight
442.8711249999469	EXP	szo_kiir: autoDraw = false
442.8711249999469	EXP	szo_kiir: color = {"_rgb":[1,1,1]}
442.8711249999469	EXP	szo_kiir: text = "gágy"
443.3745499999495	EXP	szo_kiir: autoDraw = true
443.79183000000194	DATA	Keydown: ArrowRight
443.79311999998754	EXP	szo_kiir: autoDraw = false
443.79311999998754	EXP	szo_kiir: color = {"_rgb":[1,1,1]}
443.79311999998754	EXP	szo_kiir: text = "takácsmester"
444.31124499998987	EXP	szo_kiir: autoDraw = true
444.8601749999798	DATA	Keydown: ArrowRight
444.86743499996373	EXP	szo_kiir: autoDraw = false
444.86743499996373	EXP	szo_kiir: color = {"_rgb":[1,1,1]}
444.86743499996373	EXP	szo_kiir: text = "konföderatív"
445.3782849999843	EXP	szo_kiir: autoDraw = true
446.651344999962	DATA	Keydown: ArrowRight
446.6587399999844	EXP	szo_kiir: autoDraw = false
446.6587399999844	EXP	szo_kiir: color = {"_rgb":[1,1,1]}
446.6587399999844	EXP	szo_kiir: text = "stósz"
447.17115999996895	EXP	szo_kiir: autoDraw = true
448.358825000003	DATA	Keydown: ArrowLeft
448.3617899999954	EXP	szo_kiir: autoDraw = false
448.3617899999954	EXP	szo_kiir: color = {"_rgb":[1,1,1]}
448.3617899999954	EXP	szo_kiir: text = "szulfit"
448.8781599999638	EXP	szo_kiir: autoDraw = true
450.1697049999493	DATA	Keydown: ArrowRight
450.17201999999816	EXP	szo_kiir: autoDraw = false
450.17201999999816	EXP	szo_kiir: color = {"_rgb":[1,1,1]}
450.17201999999816	EXP	szo_kiir: text = "konyosbetű"
450.68458499998087	EXP	szo_kiir: autoDraw = true
451.88267500000075	DATA	Keydown: ArrowRight
451.88695999997435	EXP	szo_kiir: autoDraw = false
451.88695999997435	EXP	szo_kiir: color = {"_rgb":[1,1,1]}
451.88695999997435	EXP	szo_kiir: text = "kocskesi"
452.3907899999758	EXP	szo_kiir: autoDraw = true
453.32010999997146	DATA	Keydown: ArrowRight
453.33548999996856	EXP	szo_kiir: autoDraw = false
453.33548999996856	EXP	szo_kiir: color = {"_rgb":[1,1,1]}
453.33548999996856	EXP	szo_kiir: text = "kijjongó"
453.84314499999164	EXP	szo_kiir: autoDraw = true
454.95673999999417	DATA	Keydown: ArrowRight
454.9595299999928	EXP	szo_kiir: autoDraw = false
454.9595299999928	EXP	szo_kiir: color = {"_rgb":[1,1,1]}
454.9595299999928	EXP	szo_kiir: text = "spratika"
455.4737599999644	EXP	szo_kiir: autoDraw = true
456.12065999995684	DATA	Keydown: ArrowRight
456.1213749999879	DATA	Keydown: Insert
456.1250449999934	EXP	szo_kiir: autoDraw = false
456.1250449999934	EXP	szo_kiir: color = {"_rgb":[1,1,1]}
456.1250449999934	EXP	szo_kiir: text = "vagdalthús"
456.64635999995517	EXP	szo_kiir: autoDraw = true
457.7367099999683	DATA	Keydown: ArrowRight
457.7472149999812	EXP	szo_kiir: autoDraw = false
457.7472149999812	EXP	szo_kiir: color = {"_rgb":[1,1,1]}
457.7472149999812	EXP	szo_kiir: text = "visong"
458.2480799999903	EXP	szo_kiir: autoDraw = true
458.9795049999957	DATA	Keydown: ArrowRight
458.99167999997735	EXP	szo_kiir: autoDraw = false
458.99167999997735	EXP	szo_kiir: color = {"_rgb":[1,1,1]}
458.99167999997735	EXP	szo_kiir: text = "tipizál"
459.50615499995183	EXP	szo_kiir: autoDraw = true
460.32662499998696	DATA	Keydown: ArrowRight
460.33236000000034	EXP	szo_kiir: autoDraw = false
460.33236000000034	EXP	szo_kiir: color = {"_rgb":[1,1,1]}
460.33236000000034	EXP	szo_kiir: text = "proszcénium"
460.8356399999466	EXP	szo_kiir: autoDraw = true
461.3989199999487	DATA	Keydown: ArrowRight
461.41509500000393	EXP	szo_kiir: autoDraw = false
461.41509500000393	EXP	szo_kiir: color = {"_rgb":[1,1,1]}
461.41509500000393	EXP	szo_kiir: text = "vizesvödör"
461.92283499997575	EXP	szo_kiir: autoDraw = true
463.1700299999793	DATA	Keydown: ArrowRight
463.17271499999333	EXP	szo_kiir: autoDraw = false
463.17271499999333	EXP	szo_kiir: color = {"_rgb":[1,1,1]}
463.17271499999333	EXP	szo_kiir: text = "inhumánus"
463.68478999997023	EXP	szo_kiir: autoDraw = true
464.66995999997016	DATA	Keydown: ArrowRight
464.68309999996563	EXP	szo_kiir: autoDraw = false
464.68309999996563	EXP	szo_kiir: color = {"_rgb":[1,1,1]}
464.68309999996563	EXP	szo_kiir: text = "libling"
465.1953050000011	EXP	szo_kiir: autoDraw = true
466.35896499996306	DATA	Keydown: ArrowRight
466.3625549999997	EXP	szo_kiir: autoDraw = false
466.3625549999997	EXP	szo_kiir: color = {"_rgb":[1,1,1]}
466.3625549999997	EXP	szo_kiir: text = "keltos"
466.87060999998357	EXP	szo_kiir: autoDraw = true
467.5174199999892	DATA	Keydown: ArrowRight
467.5186049999902	EXP	szo_kiir: autoDraw = false
467.5186049999902	EXP	szo_kiir: color = {"_rgb":[1,1,1]}
467.5186049999902	EXP	szo_kiir: text = "multiregionális"
468.03675499995006	EXP	szo_kiir: autoDraw = true
469.5768199999584	DATA	Keydown: ArrowRight
469.5877249999903	EXP	szo_kiir: autoDraw = false
469.5877249999903	EXP	szo_kiir: color = {"_rgb":[1,1,1]}
469.5877249999903	EXP	szo_kiir: text = "dobbant"
470.10267999995267	EXP	szo_kiir: autoDraw = true
471.21012000000337	DATA	Keydown: ArrowRight
471.21511499996996	EXP	szo_kiir: autoDraw = false
471.21511499996996	EXP	szo_kiir: color = {"_rgb":[1,1,1]}
471.21511499996996	EXP	szo_kiir: text = "komál"
471.7341749999905	EXP	szo_kiir: autoDraw = true
472.5540049999836	DATA	Keydown: ArrowRight
472.5683499999577	EXP	szo_kiir: autoDraw = false
472.5683499999577	EXP	szo_kiir: color = {"_rgb":[1,1,1]}
472.5683499999577	EXP	szo_kiir: text = "szedelődzködik"
473.0898749999469	EXP	szo_kiir: autoDraw = true
474.2992849999573	DATA	Keydown: ArrowRight
474.30244499997934	EXP	szo_kiir: autoDraw = false
474.30244499997934	EXP	szo_kiir: color = {"_rgb":[1,1,1]}
474.30244499997934	EXP	szo_kiir: text = "ravataloz"
474.81184999999823	EXP	szo_kiir: autoDraw = true
475.7343099999707	DATA	Keydown: ArrowRight
475.7505249999813	EXP	szo_kiir: autoDraw = false
475.7505249999813	EXP	szo_kiir: color = {"_rgb":[1,1,1]}
475.7505249999813	EXP	szo_kiir: text = "silabizál"
476.2619399999967	EXP	szo_kiir: autoDraw = true
477.07660999998916	DATA	Keydown: ArrowRight
477.079310000001	EXP	szo_kiir: autoDraw = false
477.079310000001	EXP	szo_kiir: color = {"_rgb":[1,1,1]}
477.079310000001	EXP	szo_kiir: text = "vabank"
477.5919949999661	EXP	szo_kiir: autoDraw = true
478.2799399999785	DATA	Keydown: ArrowRight
478.29243999999017	EXP	szo_kiir: autoDraw = false
478.29243999999017	EXP	szo_kiir: color = {"_rgb":[1,1,1]}
478.29243999999017	EXP	szo_kiir: text = "türemlik"
478.79562499996973	EXP	szo_kiir: autoDraw = true
480.1483949999674	DATA	Keydown: ArrowRight
480.15132499998435	EXP	szo_kiir: autoDraw = false
480.15132499998435	EXP	szo_kiir: color = {"_rgb":[1,1,1]}
480.15132499998435	EXP	szo_kiir: text = "védővámrendszer"
480.6565100000007	EXP	szo_kiir: autoDraw = true
481.5552899999893	DATA	Keydown: ArrowRight
481.5643599999603	EXP	szo_kiir: autoDraw = false
481.5643599999603	EXP	szo_kiir: color = {"_rgb":[1,1,1]}
481.5643599999603	EXP	szo_kiir: text = "zuboly"
482.08916499995394	EXP	szo_kiir: autoDraw = true
482.87491499999305	DATA	Keydown: ArrowRight
482.87927999999374	EXP	szo_kiir: autoDraw = false
482.87927999999374	EXP	szo_kiir: color = {"_rgb":[1,1,1]}
482.87927999999374	EXP	szo_kiir: text = "házorom"
483.38366999995196	EXP	szo_kiir: autoDraw = true
484.06540999998106	DATA	Keydown: ArrowRight
484.0785699999542	EXP	szo_kiir: autoDraw = false
484.0785699999542	EXP	szo_kiir: color = {"_rgb":[1,1,1]}
484.0785699999542	EXP	szo_kiir: text = "truccol"
484.15768499998376	DATA	Keydown: ArrowRight
484.5876049999497	EXP	szo_kiir: autoDraw = true
485.26610999996774	DATA	Keydown: ArrowRight
485.2751500000013	EXP	szo_kiir: autoDraw = false
485.2751500000013	EXP	szo_kiir: color = {"_rgb":[1,1,1]}
485.2751500000013	EXP	szo_kiir: text = "katéterez"
485.79353500000434	EXP	szo_kiir: autoDraw = true
487.87582499999553	DATA	Keydown: ArrowRight
487.8869349999586	EXP	szo_kiir: autoDraw = false
487.8869349999586	EXP	szo_kiir: color = {"_rgb":[1,1,1]}
487.8869349999586	EXP	szo_kiir: text = "döföl"
488.39565500000026	EXP	szo_kiir: autoDraw = true
489.5010749999783	DATA	Keydown: ArrowRight
489.50581499998225	EXP	szo_kiir: autoDraw = false
489.50581499998225	EXP	szo_kiir: color = {"_rgb":[1,1,1]}
489.50581499998225	EXP	szo_kiir: text = "koegzisztál"
490.0171599999885	EXP	szo_kiir: autoDraw = true
492.85612499999115	DATA	Keydown: ArrowLeft
492.85914999997476	EXP	szo_kiir: autoDraw = false
492.85914999997476	EXP	szo_kiir: color = {"_rgb":[1,1,1]}
492.85914999997476	EXP	szo_kiir: text = "lepadlózik"
493.3622499999474	EXP	szo_kiir: autoDraw = true
494.4409849999938	DATA	Keydown: ArrowRight
494.45236499997554	EXP	szo_kiir: autoDraw = false
494.45236499997554	EXP	szo_kiir: color = {"_rgb":[1,1,1]}
494.45236499997554	EXP	szo_kiir: text = "eretnek"
494.96740500000305	EXP	szo_kiir: autoDraw = true
495.9396999999881	DATA	Keydown: ArrowRight
495.94398999999976	EXP	szo_kiir: autoDraw = false
495.94398999999976	EXP	szo_kiir: color = {"_rgb":[1,1,1]}
495.94398999999976	EXP	szo_kiir: text = "hajcsárkodik"
496.445699999982	EXP	szo_kiir: autoDraw = true
497.2821249999688	DATA	Keydown: ArrowRight
497.29330499999924	EXP	szo_kiir: autoDraw = false
497.29330499999924	EXP	szo_kiir: color = {"_rgb":[1,1,1]}
497.29330499999924	EXP	szo_kiir: text = "makranc"
497.80872499995166	EXP	szo_kiir: autoDraw = true
498.57876000000397	DATA	Keydown: ArrowRight
498.5865249999915	EXP	szo_kiir: autoDraw = false
498.5865249999915	EXP	szo_kiir: color = {"_rgb":[1,1,1]}
498.5865249999915	EXP	szo_kiir: text = "politúroz"
499.09464499994647	EXP	szo_kiir: autoDraw = true
500.87004499998875	DATA	Keydown: ArrowRight
500.8853050000034	EXP	szo_kiir: autoDraw = false
500.8853050000034	EXP	szo_kiir: color = {"_rgb":[1,1,1]}
500.8853050000034	EXP	szo_kiir: text = "bárányfark"
501.39181499998085	EXP	szo_kiir: autoDraw = true
502.3934799999697	DATA	Keydown: ArrowRight
502.3989049999509	EXP	szo_kiir: autoDraw = false
502.3989049999509	EXP	szo_kiir: color = {"_rgb":[1,1,1]}
502.3989049999509	EXP	szo_kiir: text = "fekcionák"
502.90625	EXP	szo_kiir: autoDraw = true
503.7041549999849	DATA	Keydown: ArrowRight
503.70724999997765	EXP	szo_kiir: autoDraw = false
503.70724999997765	EXP	szo_kiir: color = {"_rgb":[1,1,1]}
503.70724999997765	EXP	szo_kiir: text = "kurzivál"
504.2174299999606	EXP	szo_kiir: autoDraw = true
505.31785499997204	DATA	Keydown: ArrowRight
505.3297649999731	EXP	szo_kiir: autoDraw = false
505.3297649999731	EXP	szo_kiir: color = {"_rgb":[1,1,1]}
505.3297649999731	EXP	szo_kiir: text = "periodogram"
505.84811999998055	EXP	szo_kiir: autoDraw = true
506.6387649999815	DATA	Keydown: ArrowRight
506.6405199999572	EXP	szo_kiir: autoDraw = false
506.6405199999572	EXP	szo_kiir: color = {"_rgb":[1,1,1]}
506.6405199999572	EXP	szo_kiir: text = "pozákevegy"
507.1584049999947	EXP	szo_kiir: autoDraw = true
507.9834099999862	DATA	Keydown: ArrowRight
507.98485999996774	EXP	szo_kiir: autoDraw = false
507.98485999996774	EXP	szo_kiir: color = {"_rgb":[1,1,1]}
507.98485999996774	EXP	szo_kiir: text = "disszertál"
508.48995999997715	EXP	szo_kiir: autoDraw = true
509.58452499995474	DATA	Keydown: ArrowRight
509.5988049999578	EXP	szo_kiir: autoDraw = false
509.5988049999578	EXP	szo_kiir: color = {"_rgb":[1,1,1]}
509.5988049999578	EXP	szo_kiir: text = "szélmalomszárny"
510.11666499997955	EXP	szo_kiir: autoDraw = true
511.00042499997653	DATA	Keydown: ArrowRight
511.0031500000041	EXP	szo_kiir: autoDraw = false
511.0031500000041	EXP	szo_kiir: color = {"_rgb":[1,1,1]}
511.0031500000041	EXP	szo_kiir: text = "lublika"
511.5182049999712	EXP	szo_kiir: autoDraw = true
512.5852199999499	DATA	Keydown: ArrowRight
512.594385000004	EXP	szo_kiir: autoDraw = false
512.594385000004	EXP	szo_kiir: color = {"_rgb":[1,1,1]}
512.594385000004	EXP	szo_kiir: text = "pilinckézik"
513.1060749999597	EXP	szo_kiir: autoDraw = true
514.0439349999651	DATA	Keydown: ArrowRight
514.0550449999864	EXP	szo_kiir: autoDraw = false
514.0550449999864	EXP	szo_kiir: color = {"_rgb":[1,1,1]}
514.0550449999864	EXP	szo_kiir: text = "lecskediriz"
514.5707499999553	EXP	szo_kiir: autoDraw = true
515.6163949999609	DATA	Keydown: ArrowRight
515.6233149999753	EXP	szo_kiir: autoDraw = false
515.6233149999753	EXP	szo_kiir: color = {"_rgb":[1,1,1]}
515.6233149999753	EXP	szo_kiir: text = "rosítottsi"
516.1382849999936	EXP	szo_kiir: autoDraw = true
517.0666149999597	DATA	Keydown: ArrowRight
517.0713199999882	EXP	szo_kiir: autoDraw = false
517.0713199999882	EXP	szo_kiir: color = {"_rgb":[1,1,1]}
517.0713199999882	EXP	szo_kiir: text = "oktalankodik"
517.5870499999728	EXP	szo_kiir: autoDraw = true
518.3377800000017	DATA	Keydown: ArrowRight
518.3459699999657	EXP	szo_kiir: autoDraw = false
518.3459699999657	EXP	szo_kiir: color = {"_rgb":[1,1,1]}
518.3459699999657	EXP	szo_kiir: text = "nyeregheveder"
518.8574799999478	EXP	szo_kiir: autoDraw = true
519.5936099999817	DATA	Keydown: ArrowRight
519.6041349999723	EXP	szo_kiir: autoDraw = false
519.6041349999723	EXP	szo_kiir: color = {"_rgb":[1,1,1]}
519.6041349999723	EXP	szo_kiir: text = "gyámpont"
520.1159650000045	EXP	szo_kiir: autoDraw = true
520.8453399999999	DATA	Keydown: ArrowRight
520.8508199999924	EXP	szo_kiir: autoDraw = false
520.8508199999924	EXP	szo_kiir: color = {"_rgb":[1,1,1]}
520.8508199999924	EXP	szo_kiir: text = "halmajonéz"
521.3539899999741	EXP	szo_kiir: autoDraw = true
522.1380749999662	DATA	Keydown: ArrowRight
522.1517699999968	EXP	szo_kiir: autoDraw = false
522.1517699999968	EXP	koszi_szoveg: autoDraw = true
