0.08299999999999996	EXP	Created Window = Window( name=Window, fullscr=true, color=#000000, units=norm, waitBlanking=true, autoLog=true, size=[1280,703] )
2.737	DATA	Keydown: 5
3.229	DATA	Keydown: 2
3.66	DATA	Keydown: 1
4.0760000000000005	DATA	Keydown: 4
9.1	DATA	Keydown: f
10.035	DATA	Keydown: é
10.302999999999999	DATA	Keydown: r
10.529	DATA	Keydown: f
10.686	DATA	Keydown: i
13.594	DATA	Keydown: 1
13.969999999999999	DATA	Keydown: 9
14.173	DATA	Keydown: 9
14.391	DATA	Keydown: 8
15.068	DATA	Keydown: .
16.968	DATA	Keydown: 0
17.287000000000003	DATA	Keydown: 5
18.161	DATA	Keydown: .
18.376	DATA	Keydown: 1
18.61	DATA	Keydown: 0
54.988	DATA	Keydown: 1
55.156	DATA	Keydown: 1
57.514	EXP	Created instruction_text1 = TextStim( name=instruction_text1, win=Window( name=Window, fullscr=true, color=#000000, ~), autoDraw=null, autoLog=true, units=norm, ori=null, opacity=1, pos=[0,0], size=undefined, text=Ön most szavakat fog látni.

Ezek között lesznek o~, font=Arial, color=#ffffff, contrast=1, height=0.05, bold=null, italic=null, alignHoriz=left, alignVert=center, wrapWidth=1, flipHoriz=null, flipVert=null )
57.516	EXP	Created instruction_text2 = TextStim( name=instruction_text2, win=Window( name=Window, fullscr=true, color=#000000, ~), autoDraw=null, autoLog=true, units=norm, ori=null, opacity=1, pos=[0,0], size=undefined, text=Először két egyszerű példát mutatunk Önnek.

Az el~, font=Arial, color=#FFFFFF, contrast=1, height=0.05, bold=null, italic=null, alignHoriz=left, alignVert=center, wrapWidth=1, flipHoriz=null, flipVert=null )
57.517	EXP	Created show_text = TextStim( name=show_text, win=Window( name=Window, fullscr=true, color=#000000, ~), autoDraw=null, autoLog=true, units=norm, ori=null, opacity=1, pos=[0,0], size=undefined, text=asztal, font=Arial, color=#FFFFFF, contrast=1, height=0.2, bold=null, italic=null, alignHoriz=left, alignVert=center, wrapWidth=1, flipHoriz=null, flipVert=null )
57.519	EXP	Created text = TextStim( name=text, win=Window( name=Window, fullscr=true, color=#000000, ~), autoDraw=null, autoLog=true, units=norm, ori=null, opacity=1, pos=[0,0], size=undefined, text=bzsmfsztal, font=Arial, color=#FFFFFF, contrast=1, height=0.2, bold=null, italic=null, alignHoriz=left, alignVert=center, wrapWidth=1, flipHoriz=null, flipVert=null )
57.52	EXP	Created instruction_text3 = TextStim( name=instruction_text3, win=Window( name=Window, fullscr=true, color=#000000, ~), autoDraw=null, autoLog=true, units=norm, ori=null, opacity=1, pos=[0,0], size=undefined, text=Pazar. Most kezdődik az igazi kísérlet. Néhány per~, font=Arial, color=#FFFFFF, contrast=1, height=0.1, bold=null, italic=null, alignHoriz=left, alignVert=center, wrapWidth=1, flipHoriz=null, flipVert=null )
57.521	EXP	Created szo_kiir = TextStim( name=szo_kiir, win=Window( name=Window, fullscr=true, color=#000000, ~), autoDraw=null, autoLog=true, units=norm, ori=null, opacity=1, pos=[0,0], size=undefined, text=default text, font=Arial, color=#FFFFFF, contrast=1, height=0.2, bold=null, italic=null, alignHoriz=left, alignVert=center, wrapWidth=1, flipHoriz=null, flipVert=null )
57.523	EXP	Created koszi_szoveg = TextStim( name=koszi_szoveg, win=Window( name=Window, fullscr=true, color=#000000, ~), autoDraw=null, autoLog=true, units=norm, ori=null, opacity=1, pos=[0,0], size=undefined, text=Vége a kísérletnek. Köszönjük a részvételt!, font=arial, color=#ffffff, contrast=1, height=0.1, bold=null, italic=null, alignHoriz=left, alignVert=center, wrapWidth=1, flipHoriz=null, flipVert=null )
57.552	EXP	instruction_text1: units = "norm"
57.552	EXP	instruction_text1: ori = 0
57.552	EXP	instruction_text1: opacity = 1
57.552	EXP	instruction_text1: pos = [0,0]
57.552	EXP	instruction_text1: size = undefined
57.552	EXP	instruction_text1: text = "Ön most szavakat fog látni.\n\nEzek között lesznek olyanok, amelyeket ismer, de előfordulhatnak olyanok is, amelyeket nem ismer, sőt, vannak köztük kitalált szavak is. \n\nKérjük, ha ismeri a képernyőn látható szót, nyomja meg a JOBB kurzorbillentyűt.\nKérjük, ha NEM ismeri a képernyőn látható szót, vagy azt gondolja, nincs ilyen szó a magyarban, nyomja meg a BAL kurzorbillentyűt.\n\nAz 'Ismerem a szót' döntés itt most ezt jelenti: találkoztam már vele, és van valami elképzelésem a jelentéséről is.  \n\nNyomjon meg bármilyen billentyűt a folytatáshoz."
57.552	EXP	instruction_text1: font = "Arial"
57.552	EXP	instruction_text1: color = {"_rgb":[1,1,1]}
57.552	EXP	instruction_text1: contrast = 1
57.552	EXP	instruction_text1: height = 0.05
57.552	EXP	instruction_text1: bold = false
57.552	EXP	instruction_text1: italic = false
57.552	EXP	instruction_text1: alignHoriz = "left"
57.552	EXP	instruction_text1: alignVert = "center"
57.552	EXP	instruction_text1: wrapWidth = 1
57.552	EXP	instruction_text1: flipHoriz = false
57.552	EXP	instruction_text1: flipVert = false
57.552	EXP	instruction_text2: units = "norm"
57.552	EXP	instruction_text2: ori = 0
57.552	EXP	instruction_text2: opacity = 1
57.552	EXP	instruction_text2: pos = [0,0]
57.552	EXP	instruction_text2: size = undefined
57.552	EXP	instruction_text2: text = "Először két egyszerű példát mutatunk Önnek.\n\nAz első szó létezik a magyarban, és valószínűleg Ön is ismeri. Itt nyomja majd meg a jobb kurzorbillentyűt.\nA második szó nem létezik a magyar nyelvben. Itt nyomja majd meg a bal kurzorbillentyűt.\n\nFontos, hogy a jobb gombot a jobb kezével, a bal gombot a bal kezével nyomja, ha tudja, és ne egy kezét használja a kísérletben.\n\nNyomjon meg bármilyen gombot a folytatáshoz."
57.552	EXP	instruction_text2: font = "Arial"
57.552	EXP	instruction_text2: color = {"_hex":"#FFFFFF","_rgb":[1,1,1]}
57.552	EXP	instruction_text2: contrast = 1
57.552	EXP	instruction_text2: height = 0.05
57.552	EXP	instruction_text2: bold = false
57.552	EXP	instruction_text2: italic = false
57.552	EXP	instruction_text2: alignHoriz = "left"
57.552	EXP	instruction_text2: alignVert = "center"
57.552	EXP	instruction_text2: wrapWidth = 1
57.552	EXP	instruction_text2: flipHoriz = false
57.552	EXP	instruction_text2: flipVert = false
57.552	EXP	show_text: units = "norm"
57.552	EXP	show_text: ori = 0
57.552	EXP	show_text: opacity = 1
57.552	EXP	show_text: pos = [0,0]
57.552	EXP	show_text: size = undefined
57.552	EXP	show_text: text = "asztal"
57.552	EXP	show_text: font = "Arial"
57.552	EXP	show_text: color = {"_hex":"#FFFFFF","_rgb":[1,1,1]}
57.552	EXP	show_text: contrast = 1
57.552	EXP	show_text: height = 0.2
57.552	EXP	show_text: bold = false
57.552	EXP	show_text: italic = false
57.552	EXP	show_text: alignHoriz = "left"
57.552	EXP	show_text: alignVert = "center"
57.552	EXP	show_text: wrapWidth = 1
57.552	EXP	show_text: flipHoriz = false
57.552	EXP	show_text: flipVert = false
57.552	EXP	text: units = "norm"
57.552	EXP	text: ori = 0
57.552	EXP	text: opacity = 1
57.552	EXP	text: pos = [0,0]
57.552	EXP	text: size = undefined
57.552	EXP	text: text = "bzsmfsztal"
57.552	EXP	text: font = "Arial"
57.552	EXP	text: color = {"_hex":"#FFFFFF","_rgb":[1,1,1]}
57.552	EXP	text: contrast = 1
57.552	EXP	text: height = 0.2
57.552	EXP	text: bold = false
57.552	EXP	text: italic = false
57.552	EXP	text: alignHoriz = "left"
57.552	EXP	text: alignVert = "center"
57.552	EXP	text: wrapWidth = 1
57.552	EXP	text: flipHoriz = false
57.552	EXP	text: flipVert = false
57.552	EXP	instruction_text3: units = "norm"
57.552	EXP	instruction_text3: ori = 0
57.552	EXP	instruction_text3: opacity = 1
57.552	EXP	instruction_text3: pos = [0,0]
57.552	EXP	instruction_text3: size = undefined
57.552	EXP	instruction_text3: text = "Pazar. Most kezdődik az igazi kísérlet. Néhány percig fog tartani. Nem kell nagyon sietnie, de igyekezzen gyorsan válaszolni.\n\nNe feledje, ha tudja, a jobb gombot a jobbkezével, a bal gombot a balkezével nyomja le.\n\nNyomjon meg bármilyen gombot a folytatáshoz."
57.552	EXP	instruction_text3: font = "Arial"
57.552	EXP	instruction_text3: color = {"_hex":"#FFFFFF","_rgb":[1,1,1]}
57.552	EXP	instruction_text3: contrast = 1
57.552	EXP	instruction_text3: height = 0.1
57.552	EXP	instruction_text3: bold = false
57.552	EXP	instruction_text3: italic = false
57.552	EXP	instruction_text3: alignHoriz = "left"
57.552	EXP	instruction_text3: alignVert = "center"
57.552	EXP	instruction_text3: wrapWidth = 1
57.552	EXP	instruction_text3: flipHoriz = false
57.552	EXP	instruction_text3: flipVert = false
57.552	EXP	szo_kiir: units = "norm"
57.552	EXP	szo_kiir: ori = 0
57.552	EXP	szo_kiir: opacity = 1
57.552	EXP	szo_kiir: pos = [0,0]
57.552	EXP	szo_kiir: size = undefined
57.552	EXP	szo_kiir: text = "default text"
57.552	EXP	szo_kiir: font = "Arial"
57.552	EXP	szo_kiir: color = {"_hex":"#FFFFFF","_rgb":[1,1,1]}
57.552	EXP	szo_kiir: contrast = 1
57.552	EXP	szo_kiir: height = 0.2
57.552	EXP	szo_kiir: bold = false
57.552	EXP	szo_kiir: italic = false
57.552	EXP	szo_kiir: alignHoriz = "left"
57.552	EXP	szo_kiir: alignVert = "center"
57.552	EXP	szo_kiir: wrapWidth = 1
57.552	EXP	szo_kiir: flipHoriz = false
57.552	EXP	szo_kiir: flipVert = false
57.552	EXP	koszi_szoveg: units = "norm"
57.552	EXP	koszi_szoveg: ori = 0
57.552	EXP	koszi_szoveg: opacity = 1
57.552	EXP	koszi_szoveg: pos = [0,0]
57.552	EXP	koszi_szoveg: size = undefined
57.552	EXP	koszi_szoveg: text = "Vége a kísérletnek. Köszönjük a részvételt!"
57.552	EXP	koszi_szoveg: font = "arial"
57.552	EXP	koszi_szoveg: color = {"_rgb":[1,1,1]}
57.552	EXP	koszi_szoveg: contrast = 1
57.552	EXP	koszi_szoveg: height = 0.1
57.552	EXP	koszi_szoveg: bold = false
57.552	EXP	koszi_szoveg: italic = false
57.552	EXP	koszi_szoveg: alignHoriz = "left"
57.552	EXP	koszi_szoveg: alignVert = "center"
57.552	EXP	koszi_szoveg: wrapWidth = 1
57.552	EXP	koszi_szoveg: flipHoriz = false
57.552	EXP	koszi_szoveg: flipVert = false
57.552	EXP	instruction_text1: autoDraw = true
81.861	DATA	Keydown: ArrowRight
81.886	EXP	instruction_text1: autoDraw = false
81.886	EXP	instruction_text2: autoDraw = true
98.356	DATA	Keydown: ArrowRight
98.372	EXP	instruction_text2: autoDraw = false
98.893	EXP	show_text: autoDraw = true
99.856	DATA	Keydown: ArrowRight
99.869	EXP	show_text: autoDraw = false
100.388	EXP	text: autoDraw = true
101.299	DATA	Keydown: ArrowLeft
101.328	EXP	text: autoDraw = false
101.328	EXP	instruction_text3: autoDraw = true
108.687	DATA	Keydown: ArrowRight
108.747	EXP	instruction_text3: autoDraw = false
108.747	EXP	szo_kiir: color = {"_rgb":[1,1,1]}
108.747	EXP	szo_kiir: text = "augusztus"
109.267	EXP	szo_kiir: autoDraw = true
109.979	DATA	Keydown: ArrowRight
109.994	EXP	szo_kiir: autoDraw = false
109.994	EXP	szo_kiir: color = {"_rgb":[1,1,1]}
109.994	EXP	szo_kiir: text = "pirodáló"
110.514	EXP	szo_kiir: autoDraw = true
111.57300000000001	DATA	Keydown: ArrowLeft
111.621	EXP	szo_kiir: autoDraw = false
111.621	EXP	szo_kiir: color = {"_rgb":[1,1,1]}
111.621	EXP	szo_kiir: text = "típusú"
112.145	EXP	szo_kiir: autoDraw = true
113.27	DATA	Keydown: ArrowRight
113.286	EXP	szo_kiir: autoDraw = false
113.286	EXP	szo_kiir: color = {"_rgb":[1,1,1]}
113.286	EXP	szo_kiir: text = "nyelv"
113.806	EXP	szo_kiir: autoDraw = true
114.384	DATA	Keydown: ArrowRight
114.412	EXP	szo_kiir: autoDraw = false
114.412	EXP	szo_kiir: color = {"_rgb":[1,1,1]}
114.412	EXP	szo_kiir: text = "függ"
114.92	EXP	szo_kiir: autoDraw = true
115.502	DATA	Keydown: ArrowRight
115.513	EXP	szo_kiir: autoDraw = false
115.513	EXP	szo_kiir: color = {"_rgb":[1,1,1]}
115.513	EXP	szo_kiir: text = "esemény"
116.036	EXP	szo_kiir: autoDraw = true
116.58	DATA	Keydown: ArrowRight
116.603	EXP	szo_kiir: autoDraw = false
116.603	EXP	szo_kiir: color = {"_rgb":[1,1,1]}
116.603	EXP	szo_kiir: text = "föld"
117.113	EXP	szo_kiir: autoDraw = true
117.647	DATA	Keydown: ArrowRight
117.659	EXP	szo_kiir: autoDraw = false
117.659	EXP	szo_kiir: color = {"_rgb":[1,1,1]}
117.659	EXP	szo_kiir: text = "nyelvű"
118.179	EXP	szo_kiir: autoDraw = true
118.795	DATA	Keydown: ArrowRight
118.815	EXP	szo_kiir: autoDraw = false
118.815	EXP	szo_kiir: color = {"_rgb":[1,1,1]}
118.815	EXP	szo_kiir: text = "változik"
119.324	EXP	szo_kiir: autoDraw = true
119.805	DATA	Keydown: ArrowRight
119.821	EXP	szo_kiir: autoDraw = false
119.821	EXP	szo_kiir: color = {"_rgb":[1,1,1]}
119.821	EXP	szo_kiir: text = "storka"
120.337	EXP	szo_kiir: autoDraw = true
121.135	DATA	Keydown: ArrowLeft
121.158	EXP	szo_kiir: autoDraw = false
121.158	EXP	szo_kiir: color = {"_rgb":[1,1,1]}
121.158	EXP	szo_kiir: text = "öröm"
121.667	EXP	szo_kiir: autoDraw = true
122.184	DATA	Keydown: ArrowRight
122.199	EXP	szo_kiir: autoDraw = false
122.199	EXP	szo_kiir: color = {"_rgb":[1,1,1]}
122.199	EXP	szo_kiir: text = "jármű"
122.714	EXP	szo_kiir: autoDraw = true
123.263	DATA	Keydown: ArrowRight
123.287	EXP	szo_kiir: autoDraw = false
123.287	EXP	szo_kiir: color = {"_rgb":[1,1,1]}
123.287	EXP	szo_kiir: text = "létesítmény"
123.795	EXP	szo_kiir: autoDraw = true
124.461	DATA	Keydown: ArrowRight
124.476	EXP	szo_kiir: autoDraw = false
124.476	EXP	szo_kiir: color = {"_rgb":[1,1,1]}
124.476	EXP	szo_kiir: text = "halad"
124.992	EXP	szo_kiir: autoDraw = true
125.643	DATA	Keydown: ArrowRight
125.664	EXP	szo_kiir: autoDraw = false
125.664	EXP	szo_kiir: color = {"_rgb":[1,1,1]}
125.664	EXP	szo_kiir: text = "irány"
126.173	EXP	szo_kiir: autoDraw = true
126.739	DATA	Keydown: ArrowRight
126.754	EXP	szo_kiir: autoDraw = false
126.754	EXP	szo_kiir: color = {"_rgb":[1,1,1]}
126.754	EXP	szo_kiir: text = "figyelem"
127.27000000000001	EXP	szo_kiir: autoDraw = true
127.793	DATA	Keydown: ArrowRight
127.80799999999999	EXP	szo_kiir: autoDraw = false
127.80799999999999	EXP	szo_kiir: color = {"_rgb":[1,1,1]}
127.80799999999999	EXP	szo_kiir: text = "gróf"
128.317	EXP	szo_kiir: autoDraw = true
128.985	DATA	Keydown: ArrowRight
128.999	EXP	szo_kiir: autoDraw = false
128.999	EXP	szo_kiir: color = {"_rgb":[1,1,1]}
128.999	EXP	szo_kiir: text = "remény"
129.51500000000001	EXP	szo_kiir: autoDraw = true
130.336	DATA	Keydown: ArrowRight
130.353	EXP	szo_kiir: autoDraw = false
130.353	EXP	szo_kiir: color = {"_rgb":[1,1,1]}
130.353	EXP	szo_kiir: text = "hozandzsa"
130.862	EXP	szo_kiir: autoDraw = true
131.693	DATA	Keydown: ArrowLeft
131.709	EXP	szo_kiir: autoDraw = false
131.709	EXP	szo_kiir: color = {"_rgb":[1,1,1]}
131.709	EXP	szo_kiir: text = "cselekmény"
132.226	EXP	szo_kiir: autoDraw = true
132.742	DATA	Keydown: ArrowRight
132.766	EXP	szo_kiir: autoDraw = false
132.766	EXP	szo_kiir: color = {"_rgb":[1,1,1]}
132.766	EXP	szo_kiir: text = "meggyabb"
133.273	EXP	szo_kiir: autoDraw = true
134.088	DATA	Keydown: ArrowLeft
134.104	EXP	szo_kiir: autoDraw = false
134.104	EXP	szo_kiir: color = {"_rgb":[1,1,1]}
134.104	EXP	szo_kiir: text = "űrlap"
134.62	EXP	szo_kiir: autoDraw = true
135.19	DATA	Keydown: ArrowRight
135.207	EXP	szo_kiir: autoDraw = false
135.207	EXP	szo_kiir: color = {"_rgb":[1,1,1]}
135.207	EXP	szo_kiir: text = "homok"
135.718	EXP	szo_kiir: autoDraw = true
136.24	DATA	Keydown: ArrowRight
136.249	EXP	szo_kiir: autoDraw = false
136.249	EXP	szo_kiir: color = {"_rgb":[1,1,1]}
136.249	EXP	szo_kiir: text = "maximax"
136.76500000000001	EXP	szo_kiir: autoDraw = true
137.486	DATA	Keydown: ArrowLeft
137.497	EXP	szo_kiir: autoDraw = false
137.497	EXP	szo_kiir: color = {"_rgb":[1,1,1]}
137.497	EXP	szo_kiir: text = "zord"
138.012	EXP	szo_kiir: autoDraw = true
139.077	DATA	Keydown: ArrowRight
139.093	EXP	szo_kiir: autoDraw = false
139.093	EXP	szo_kiir: color = {"_rgb":[1,1,1]}
139.093	EXP	szo_kiir: text = "búcsú"
139.607	EXP	szo_kiir: autoDraw = true
140.291	DATA	Keydown: ArrowRight
140.312	EXP	szo_kiir: autoDraw = false
140.312	EXP	szo_kiir: color = {"_rgb":[1,1,1]}
140.312	EXP	szo_kiir: text = "szobrász"
140.821	EXP	szo_kiir: autoDraw = true
141.391	DATA	Keydown: ArrowRight
141.404	EXP	szo_kiir: autoDraw = false
141.404	EXP	szo_kiir: color = {"_rgb":[1,1,1]}
141.404	EXP	szo_kiir: text = "had"
141.919	EXP	szo_kiir: autoDraw = true
143.273	DATA	Keydown: ArrowRight
143.284	EXP	szo_kiir: autoDraw = false
143.284	EXP	szo_kiir: color = {"_rgb":[1,1,1]}
143.284	EXP	szo_kiir: text = "rak"
143.798	EXP	szo_kiir: autoDraw = true
144.996	DATA	Keydown: ArrowRight
145.012	EXP	szo_kiir: autoDraw = false
145.012	EXP	szo_kiir: color = {"_rgb":[1,1,1]}
145.012	EXP	szo_kiir: text = "orális"
145.528	EXP	szo_kiir: autoDraw = true
146.433	DATA	Keydown: ArrowRight
146.445	EXP	szo_kiir: autoDraw = false
146.445	EXP	szo_kiir: color = {"_rgb":[1,1,1]}
146.445	EXP	szo_kiir: text = "léptelegy"
146.957	EXP	szo_kiir: autoDraw = true
148.339	DATA	Keydown: ArrowLeft
148.353	EXP	szo_kiir: autoDraw = false
148.353	EXP	szo_kiir: color = {"_rgb":[1,1,1]}
148.353	EXP	szo_kiir: text = "hitódó"
148.869	EXP	szo_kiir: autoDraw = true
150.018	DATA	Keydown: ArrowLeft
150.042	EXP	szo_kiir: autoDraw = false
150.042	EXP	szo_kiir: color = {"_rgb":[1,1,1]}
150.042	EXP	szo_kiir: text = "klór"
150.548	EXP	szo_kiir: autoDraw = true
151.397	DATA	Keydown: ArrowRight
151.414	EXP	szo_kiir: autoDraw = false
151.414	EXP	szo_kiir: color = {"_rgb":[1,1,1]}
151.414	EXP	szo_kiir: text = "hurok"
151.929	EXP	szo_kiir: autoDraw = true
152.667	DATA	Keydown: ArrowRight
152.681	EXP	szo_kiir: autoDraw = false
152.681	EXP	szo_kiir: color = {"_rgb":[1,1,1]}
152.681	EXP	szo_kiir: text = "bacon"
153.192	EXP	szo_kiir: autoDraw = true
154.124	DATA	Keydown: ArrowLeft
154.14000000000001	EXP	szo_kiir: autoDraw = false
154.14000000000001	EXP	szo_kiir: color = {"_rgb":[1,1,1]}
154.14000000000001	EXP	szo_kiir: text = "lik"
154.655	EXP	szo_kiir: autoDraw = true
155.721	DATA	Keydown: ArrowLeft
155.736	EXP	szo_kiir: autoDraw = false
155.736	EXP	szo_kiir: color = {"_rgb":[1,1,1]}
155.736	EXP	szo_kiir: text = "parmezán"
156.252	EXP	szo_kiir: autoDraw = true
156.967	DATA	Keydown: ArrowRight
156.984	EXP	szo_kiir: autoDraw = false
156.984	EXP	szo_kiir: color = {"_rgb":[1,1,1]}
156.984	EXP	szo_kiir: text = "közöny"
157.498	EXP	szo_kiir: autoDraw = true
158.099	DATA	Keydown: ArrowRight
158.119	EXP	szo_kiir: autoDraw = false
158.119	EXP	szo_kiir: color = {"_rgb":[1,1,1]}
158.119	EXP	szo_kiir: text = "bőkezű"
158.629	EXP	szo_kiir: autoDraw = true
159.264	DATA	Keydown: ArrowRight
159.276	EXP	szo_kiir: autoDraw = false
159.276	EXP	szo_kiir: color = {"_rgb":[1,1,1]}
159.276	EXP	szo_kiir: text = "frisáles"
159.794	EXP	szo_kiir: autoDraw = true
160.576	DATA	Keydown: ArrowLeft
160.597	EXP	szo_kiir: autoDraw = false
160.597	EXP	szo_kiir: color = {"_rgb":[1,1,1]}
160.597	EXP	szo_kiir: text = "sóhajt"
161.106	EXP	szo_kiir: autoDraw = true
161.726	DATA	Keydown: ArrowRight
161.738	EXP	szo_kiir: autoDraw = false
161.738	EXP	szo_kiir: color = {"_rgb":[1,1,1]}
161.738	EXP	szo_kiir: text = "polipropilén"
162.25300000000001	EXP	szo_kiir: autoDraw = true
163.103	DATA	Keydown: ArrowLeft
163.118	EXP	szo_kiir: autoDraw = false
163.118	EXP	szo_kiir: color = {"_rgb":[1,1,1]}
163.118	EXP	szo_kiir: text = "lazarjadó"
163.636	EXP	szo_kiir: autoDraw = true
164.787	DATA	Keydown: ArrowLeft
164.805	EXP	szo_kiir: autoDraw = false
164.805	EXP	szo_kiir: color = {"_rgb":[1,1,1]}
164.805	EXP	szo_kiir: text = "úszamos"
165.314	EXP	szo_kiir: autoDraw = true
166.245	DATA	Keydown: ArrowLeft
166.261	EXP	szo_kiir: autoDraw = false
166.261	EXP	szo_kiir: color = {"_rgb":[1,1,1]}
166.261	EXP	szo_kiir: text = "cáfol"
166.77700000000002	EXP	szo_kiir: autoDraw = true
167.462	DATA	Keydown: ArrowRight
167.48	EXP	szo_kiir: autoDraw = false
167.48	EXP	szo_kiir: color = {"_rgb":[1,1,1]}
167.48	EXP	szo_kiir: text = "kolosszális"
167.991	EXP	szo_kiir: autoDraw = true
168.741	DATA	Keydown: ArrowRight
168.755	EXP	szo_kiir: autoDraw = false
168.755	EXP	szo_kiir: color = {"_rgb":[1,1,1]}
168.755	EXP	szo_kiir: text = "forgórész"
169.27	EXP	szo_kiir: autoDraw = true
170.374	DATA	Keydown: ArrowRight
170.39000000000001	EXP	szo_kiir: autoDraw = false
170.39000000000001	EXP	szo_kiir: color = {"_rgb":[1,1,1]}
170.39000000000001	EXP	szo_kiir: text = "vágárd"
170.901	EXP	szo_kiir: autoDraw = true
171.701	DATA	Keydown: ArrowLeft
171.714	EXP	szo_kiir: autoDraw = false
171.714	EXP	szo_kiir: color = {"_rgb":[1,1,1]}
171.714	EXP	szo_kiir: text = "deutérium"
172.214	EXP	szo_kiir: autoDraw = true
172.996	DATA	Keydown: ArrowLeft
173.012	EXP	szo_kiir: autoDraw = false
173.012	EXP	szo_kiir: color = {"_rgb":[1,1,1]}
173.012	EXP	szo_kiir: text = "camembert"
173.528	EXP	szo_kiir: autoDraw = true
174.709	DATA	Keydown: ArrowLeft
174.724	EXP	szo_kiir: autoDraw = false
174.724	EXP	szo_kiir: color = {"_rgb":[1,1,1]}
174.724	EXP	szo_kiir: text = "referál"
175.241	EXP	szo_kiir: autoDraw = true
176.172	DATA	Keydown: ArrowRight
176.192	EXP	szo_kiir: autoDraw = false
176.192	EXP	szo_kiir: color = {"_rgb":[1,1,1]}
176.192	EXP	szo_kiir: text = "csobog"
176.705	EXP	szo_kiir: autoDraw = true
177.674	DATA	Keydown: ArrowRight
177.683	EXP	szo_kiir: autoDraw = false
177.683	EXP	szo_kiir: color = {"_rgb":[1,1,1]}
177.683	EXP	szo_kiir: text = "egzisztencializmus"
178.2	EXP	szo_kiir: autoDraw = true
179.282	DATA	Keydown: ArrowRight
179.302	EXP	szo_kiir: autoDraw = false
179.302	EXP	szo_kiir: color = {"_rgb":[1,1,1]}
179.302	EXP	szo_kiir: text = "tipográfus"
179.813	EXP	szo_kiir: autoDraw = true
180.563	DATA	Keydown: ArrowRight
180.578	EXP	szo_kiir: autoDraw = false
180.578	EXP	szo_kiir: color = {"_rgb":[1,1,1]}
180.578	EXP	szo_kiir: text = "káder"
181.093	EXP	szo_kiir: autoDraw = true
181.842	DATA	Keydown: ArrowRight
181.863	EXP	szo_kiir: autoDraw = false
181.863	EXP	szo_kiir: color = {"_rgb":[1,1,1]}
181.863	EXP	szo_kiir: text = "multiplikatív"
182.373	EXP	szo_kiir: autoDraw = true
183.424	DATA	Keydown: ArrowLeft
183.438	EXP	szo_kiir: autoDraw = false
183.438	EXP	szo_kiir: color = {"_rgb":[1,1,1]}
183.438	EXP	szo_kiir: text = "sziszeg"
183.953	EXP	szo_kiir: autoDraw = true
184.742	DATA	Keydown: ArrowRight
184.75	EXP	szo_kiir: autoDraw = false
184.75	EXP	szo_kiir: color = {"_rgb":[1,1,1]}
184.75	EXP	szo_kiir: text = "cianid"
185.266	EXP	szo_kiir: autoDraw = true
186.135	DATA	Keydown: ArrowLeft
186.147	EXP	szo_kiir: autoDraw = false
186.147	EXP	szo_kiir: color = {"_rgb":[1,1,1]}
186.147	EXP	szo_kiir: text = "táborozik"
186.662	EXP	szo_kiir: autoDraw = true
187.232	DATA	Keydown: ArrowRight
187.25	EXP	szo_kiir: autoDraw = false
187.25	EXP	szo_kiir: color = {"_rgb":[1,1,1]}
187.25	EXP	szo_kiir: text = "forróvérű"
187.762	EXP	szo_kiir: autoDraw = true
188.649	DATA	Keydown: ArrowRight
188.658	EXP	szo_kiir: autoDraw = false
188.658	EXP	szo_kiir: color = {"_rgb":[1,1,1]}
188.658	EXP	szo_kiir: text = "firkál"
189.158	EXP	szo_kiir: autoDraw = true
189.808	DATA	Keydown: ArrowRight
189.826	EXP	szo_kiir: autoDraw = false
189.826	EXP	szo_kiir: color = {"_rgb":[1,1,1]}
189.826	EXP	szo_kiir: text = "kondenzcsík"
190.338	EXP	szo_kiir: autoDraw = true
191.121	DATA	Keydown: ArrowLeft
191.136	EXP	szo_kiir: autoDraw = false
191.136	EXP	szo_kiir: color = {"_rgb":[1,1,1]}
191.136	EXP	szo_kiir: text = "látolt"
191.63400000000001	EXP	szo_kiir: autoDraw = true
192.948	DATA	Keydown: ArrowLeft
192.966	EXP	szo_kiir: autoDraw = false
192.966	EXP	szo_kiir: color = {"_rgb":[1,1,1]}
192.966	EXP	szo_kiir: text = "kistányér"
193.48	EXP	szo_kiir: autoDraw = true
194.231	DATA	Keydown: ArrowRight
194.252	EXP	szo_kiir: autoDraw = false
194.252	EXP	szo_kiir: color = {"_rgb":[1,1,1]}
194.252	EXP	szo_kiir: text = "tököl"
194.76	EXP	szo_kiir: autoDraw = true
195.578	DATA	Keydown: ArrowRight
195.593	EXP	szo_kiir: autoDraw = false
195.593	EXP	szo_kiir: color = {"_rgb":[1,1,1]}
195.593	EXP	szo_kiir: text = "oszcillál"
196.108	EXP	szo_kiir: autoDraw = true
196.925	DATA	Keydown: ArrowLeft
196.94	EXP	szo_kiir: autoDraw = false
196.94	EXP	szo_kiir: color = {"_rgb":[1,1,1]}
196.94	EXP	szo_kiir: text = "hadijáték"
197.455	EXP	szo_kiir: autoDraw = true
198.255	DATA	Keydown: ArrowRight
198.275	EXP	szo_kiir: autoDraw = false
198.275	EXP	szo_kiir: color = {"_rgb":[1,1,1]}
198.275	EXP	szo_kiir: text = "lező"
198.785	EXP	szo_kiir: autoDraw = true
200.02100000000002	DATA	Keydown: ArrowLeft
200.031	EXP	szo_kiir: autoDraw = false
200.031	EXP	szo_kiir: color = {"_rgb":[1,1,1]}
200.031	EXP	szo_kiir: text = "magnezit"
200.531	EXP	szo_kiir: autoDraw = true
201.645	DATA	Keydown: ArrowLeft
201.662	EXP	szo_kiir: autoDraw = false
201.662	EXP	szo_kiir: color = {"_rgb":[1,1,1]}
201.662	EXP	szo_kiir: text = "monetarizmus"
202.177	EXP	szo_kiir: autoDraw = true
203.442	DATA	Keydown: ArrowRight
203.461	EXP	szo_kiir: autoDraw = false
203.461	EXP	szo_kiir: color = {"_rgb":[1,1,1]}
203.461	EXP	szo_kiir: text = "konföderatív"
203.973	EXP	szo_kiir: autoDraw = true
205.372	DATA	Keydown: ArrowRight
205.386	EXP	szo_kiir: autoDraw = false
205.386	EXP	szo_kiir: color = {"_rgb":[1,1,1]}
205.386	EXP	szo_kiir: text = "gágy"
205.901	EXP	szo_kiir: autoDraw = true
206.822	DATA	Keydown: ArrowLeft
206.834	EXP	szo_kiir: autoDraw = false
206.834	EXP	szo_kiir: color = {"_rgb":[1,1,1]}
206.834	EXP	szo_kiir: text = "frontszakasz"
207.348	EXP	szo_kiir: autoDraw = true
208.446	DATA	Keydown: ArrowRight
208.462	EXP	szo_kiir: autoDraw = false
208.462	EXP	szo_kiir: color = {"_rgb":[1,1,1]}
208.462	EXP	szo_kiir: text = "csőszház"
208.977	EXP	szo_kiir: autoDraw = true
210.049	DATA	Keydown: ArrowLeft
210.058	EXP	szo_kiir: autoDraw = false
210.058	EXP	szo_kiir: color = {"_rgb":[1,1,1]}
210.058	EXP	szo_kiir: text = "dádá"
210.574	EXP	szo_kiir: autoDraw = true
211.275	DATA	Keydown: ArrowLeft
211.288	EXP	szo_kiir: autoDraw = false
211.288	EXP	szo_kiir: color = {"_rgb":[1,1,1]}
211.288	EXP	szo_kiir: text = "rantálható"
211.788	EXP	szo_kiir: autoDraw = true
212.926	DATA	Keydown: ArrowLeft
212.941	EXP	szo_kiir: autoDraw = false
212.941	EXP	szo_kiir: color = {"_rgb":[1,1,1]}
212.941	EXP	szo_kiir: text = "szánkózik"
213.449	EXP	szo_kiir: autoDraw = true
214.166	DATA	Keydown: ArrowRight
214.181	EXP	szo_kiir: autoDraw = false
214.181	EXP	szo_kiir: color = {"_rgb":[1,1,1]}
214.181	EXP	szo_kiir: text = "tröshet"
214.698	EXP	szo_kiir: autoDraw = true
215.497	DATA	Keydown: ArrowLeft
215.52100000000002	EXP	szo_kiir: autoDraw = false
215.52100000000002	EXP	szo_kiir: color = {"_rgb":[1,1,1]}
215.52100000000002	EXP	szo_kiir: text = "gyíkfű"
216.02700000000002	EXP	szo_kiir: autoDraw = true
216.909	DATA	Keydown: ArrowRight
216.924	EXP	szo_kiir: autoDraw = false
216.924	EXP	szo_kiir: color = {"_rgb":[1,1,1]}
216.924	EXP	szo_kiir: text = "paláver"
217.441	EXP	szo_kiir: autoDraw = true
218.245	DATA	Keydown: ArrowLeft
218.254	EXP	szo_kiir: autoDraw = false
218.254	EXP	szo_kiir: color = {"_rgb":[1,1,1]}
218.254	EXP	szo_kiir: text = "kontrapunkt"
218.77100000000002	EXP	szo_kiir: autoDraw = true
219.825	DATA	Keydown: ArrowLeft
219.834	EXP	szo_kiir: autoDraw = false
219.834	EXP	szo_kiir: color = {"_rgb":[1,1,1]}
219.834	EXP	szo_kiir: text = "bizom"
220.351	EXP	szo_kiir: autoDraw = true
221.886	DATA	Keydown: ArrowLeft
221.901	EXP	szo_kiir: autoDraw = false
221.901	EXP	szo_kiir: color = {"_rgb":[1,1,1]}
221.901	EXP	szo_kiir: text = "lumpenproletariátus"
222.413	EXP	szo_kiir: autoDraw = true
224.226	DATA	Keydown: ArrowRight
224.241	EXP	szo_kiir: autoDraw = false
224.241	EXP	szo_kiir: color = {"_rgb":[1,1,1]}
224.241	EXP	szo_kiir: text = "tangózik"
224.74	EXP	szo_kiir: autoDraw = true
225.691	DATA	Keydown: ArrowRight
225.707	EXP	szo_kiir: autoDraw = false
225.707	EXP	szo_kiir: color = {"_rgb":[1,1,1]}
225.707	EXP	szo_kiir: text = "hízelkedik"
226.22	EXP	szo_kiir: autoDraw = true
227.056	DATA	Keydown: ArrowRight
227.068	EXP	szo_kiir: autoDraw = false
227.068	EXP	szo_kiir: color = {"_rgb":[1,1,1]}
227.068	EXP	szo_kiir: text = "parkkói"
227.585	EXP	szo_kiir: autoDraw = true
228.385	DATA	Keydown: ArrowLeft
228.4	EXP	szo_kiir: autoDraw = false
228.4	EXP	szo_kiir: color = {"_rgb":[1,1,1]}
228.4	EXP	szo_kiir: text = "kolonizál"
228.914	EXP	szo_kiir: autoDraw = true
230.102	DATA	Keydown: ArrowRight
230.111	EXP	szo_kiir: autoDraw = false
230.111	EXP	szo_kiir: color = {"_rgb":[1,1,1]}
230.111	EXP	szo_kiir: text = "csöndesedik"
230.627	EXP	szo_kiir: autoDraw = true
231.41	DATA	Keydown: ArrowRight
231.429	EXP	szo_kiir: autoDraw = false
231.429	EXP	szo_kiir: color = {"_rgb":[1,1,1]}
231.429	EXP	szo_kiir: text = "tapétáz"
231.941	EXP	szo_kiir: autoDraw = true
232.806	DATA	Keydown: ArrowRight
232.821	EXP	szo_kiir: autoDraw = false
232.821	EXP	szo_kiir: color = {"_rgb":[1,1,1]}
232.821	EXP	szo_kiir: text = "ravataloz"
233.337	EXP	szo_kiir: autoDraw = true
234.119	DATA	Keydown: ArrowRight
234.139	EXP	szo_kiir: autoDraw = false
234.139	EXP	szo_kiir: color = {"_rgb":[1,1,1]}
234.139	EXP	szo_kiir: text = "kurtít"
234.649	EXP	szo_kiir: autoDraw = true
235.401	DATA	Keydown: ArrowLeft
235.412	EXP	szo_kiir: autoDraw = false
235.412	EXP	szo_kiir: color = {"_rgb":[1,1,1]}
235.412	EXP	szo_kiir: text = "hazardíroz"
235.931	EXP	szo_kiir: autoDraw = true
237.245	DATA	Keydown: ArrowRight
237.261	EXP	szo_kiir: autoDraw = false
237.261	EXP	szo_kiir: color = {"_rgb":[1,1,1]}
237.261	EXP	szo_kiir: text = "infimum"
237.77700000000002	EXP	szo_kiir: autoDraw = true
238.609	DATA	Keydown: ArrowLeft
238.624	EXP	szo_kiir: autoDraw = false
238.624	EXP	szo_kiir: color = {"_rgb":[1,1,1]}
238.624	EXP	szo_kiir: text = "kihalász"
239.14000000000001	EXP	szo_kiir: autoDraw = true
239.75900000000001	DATA	Keydown: ArrowRight
239.77700000000002	EXP	szo_kiir: autoDraw = false
239.77700000000002	EXP	szo_kiir: color = {"_rgb":[1,1,1]}
239.77700000000002	EXP	szo_kiir: text = "igásjószág"
240.287	EXP	szo_kiir: autoDraw = true
241.403	DATA	Keydown: ArrowRight
241.418	EXP	szo_kiir: autoDraw = false
241.418	EXP	szo_kiir: color = {"_rgb":[1,1,1]}
241.418	EXP	szo_kiir: text = "kócol"
241.934	EXP	szo_kiir: autoDraw = true
242.918	DATA	Keydown: ArrowRight
242.936	EXP	szo_kiir: autoDraw = false
242.936	EXP	szo_kiir: color = {"_rgb":[1,1,1]}
242.936	EXP	szo_kiir: text = "nyersarany"
243.447	EXP	szo_kiir: autoDraw = true
244.467	DATA	Keydown: ArrowRight
244.477	EXP	szo_kiir: autoDraw = false
244.477	EXP	szo_kiir: color = {"_rgb":[1,1,1]}
244.477	EXP	szo_kiir: text = "rezervál"
244.975	EXP	szo_kiir: autoDraw = true
245.798	DATA	Keydown: ArrowRight
245.812	EXP	szo_kiir: autoDraw = false
245.812	EXP	szo_kiir: color = {"_rgb":[1,1,1]}
245.812	EXP	szo_kiir: text = "mérsékelődik"
246.323	EXP	szo_kiir: autoDraw = true
246.97	DATA	Keydown: ArrowRight
246.988	EXP	szo_kiir: autoDraw = false
246.988	EXP	szo_kiir: color = {"_rgb":[1,1,1]}
246.988	EXP	szo_kiir: text = "suszi"
247.488	EXP	szo_kiir: autoDraw = true
248.206	DATA	Keydown: ArrowLeft
248.223	EXP	szo_kiir: autoDraw = false
248.223	EXP	szo_kiir: color = {"_rgb":[1,1,1]}
248.223	EXP	szo_kiir: text = "lepadlózik"
248.735	EXP	szo_kiir: autoDraw = true
249.637	DATA	Keydown: ArrowRight
249.647	EXP	szo_kiir: autoDraw = false
249.647	EXP	szo_kiir: color = {"_rgb":[1,1,1]}
249.647	EXP	szo_kiir: text = "hejehujázik"
250.163	EXP	szo_kiir: autoDraw = true
251.115	DATA	Keydown: ArrowRight
251.133	EXP	szo_kiir: autoDraw = false
251.133	EXP	szo_kiir: color = {"_rgb":[1,1,1]}
251.133	EXP	szo_kiir: text = "öklelődzik"
251.644	EXP	szo_kiir: autoDraw = true
252.908	DATA	Keydown: ArrowLeft
252.924	EXP	szo_kiir: autoDraw = false
252.924	EXP	szo_kiir: color = {"_rgb":[1,1,1]}
252.924	EXP	szo_kiir: text = "hajcsárkodik"
253.44	EXP	szo_kiir: autoDraw = true
254.44	DATA	Keydown: ArrowRight
254.453	EXP	szo_kiir: autoDraw = false
254.453	EXP	szo_kiir: color = {"_rgb":[1,1,1]}
254.453	EXP	szo_kiir: text = "szagosít"
254.969	EXP	szo_kiir: autoDraw = true
255.83599999999998	DATA	Keydown: ArrowRight
255.855	EXP	szo_kiir: autoDraw = false
255.855	EXP	szo_kiir: color = {"_rgb":[1,1,1]}
255.855	EXP	szo_kiir: text = "bajuszfű"
256.366	EXP	szo_kiir: autoDraw = true
257.84799999999996	DATA	Keydown: ArrowRight
257.86199999999997	EXP	szo_kiir: autoDraw = false
257.86199999999997	EXP	szo_kiir: color = {"_rgb":[1,1,1]}
257.86199999999997	EXP	szo_kiir: text = "gyant"
258.37699999999995	EXP	szo_kiir: autoDraw = true
259.52599999999995	DATA	Keydown: ArrowLeft
259.54299999999995	EXP	szo_kiir: autoDraw = false
259.54299999999995	EXP	szo_kiir: color = {"_rgb":[1,1,1]}
259.54299999999995	EXP	szo_kiir: text = "impúrum"
260.058	EXP	szo_kiir: autoDraw = true
260.945	DATA	Keydown: ArrowLeft
260.95399999999995	EXP	szo_kiir: autoDraw = false
260.95399999999995	EXP	szo_kiir: color = {"_rgb":[1,1,1]}
260.95399999999995	EXP	szo_kiir: text = "sallárium"
261.47099999999995	EXP	szo_kiir: autoDraw = true
262.152	DATA	Keydown: ArrowLeft
262.169	EXP	szo_kiir: autoDraw = false
262.169	EXP	szo_kiir: color = {"_rgb":[1,1,1]}
262.169	EXP	szo_kiir: text = "erődéki"
262.68499999999995	EXP	szo_kiir: autoDraw = true
263.505	DATA	Keydown: ArrowLeft
263.515	EXP	szo_kiir: autoDraw = false
263.515	EXP	szo_kiir: color = {"_rgb":[1,1,1]}
263.515	EXP	szo_kiir: text = "pauzál"
264.032	EXP	szo_kiir: autoDraw = true
265.26399999999995	DATA	Keydown: ArrowLeft
265.28299999999996	EXP	szo_kiir: autoDraw = false
265.28299999999996	EXP	szo_kiir: color = {"_rgb":[1,1,1]}
265.28299999999996	EXP	szo_kiir: text = "rámáz"
265.794	EXP	szo_kiir: autoDraw = true
266.515	DATA	Keydown: ArrowLeft
266.525	EXP	szo_kiir: autoDraw = false
266.525	EXP	szo_kiir: color = {"_rgb":[1,1,1]}
266.525	EXP	szo_kiir: text = "kandíroz"
267.041	EXP	szo_kiir: autoDraw = true
267.789	DATA	Keydown: ArrowLeft
267.80499999999995	EXP	szo_kiir: autoDraw = false
267.80499999999995	EXP	szo_kiir: color = {"_rgb":[1,1,1]}
267.80499999999995	EXP	szo_kiir: text = "elnyűvődik"
268.32099999999997	EXP	szo_kiir: autoDraw = true
269.50699999999995	DATA	Keydown: ArrowLeft
269.518	EXP	szo_kiir: autoDraw = false
269.518	EXP	koszi_szoveg: autoDraw = true
