0.30686000001151115	EXP	Created Window = Window( name=Window, fullscr=true, color=#000000, units=norm, waitBlanking=true, autoLog=true, size=[1366,695] )
2.3012000000453554	DATA	Keydown: 1
2.860885000030976	DATA	Keydown: 3
3.292119999998249	DATA	Keydown: 5
3.4608700000098906	DATA	Keydown: 8
6.444965000031516	DATA	Keydown: undefined
8.90851500001736	DATA	Keydown: undefined
13.060910000000149	DATA	Keydown: undefined
14.677400000044145	EXP	Created instruction_text1 = TextStim( name=instruction_text1, win=Window( name=Window, fullscr=true, color=#000000, ~), autoDraw=null, autoLog=true, units=norm, ori=null, opacity=1, pos=[0,0], size=undefined, text=Ön most szavakat fog látni.

Ezek között lesznek o~, font=Arial, color=#ffffff, contrast=1, height=0.05, bold=null, italic=null, alignHoriz=left, alignVert=center, wrapWidth=1, flipHoriz=null, flipVert=null )
14.678690000029746	EXP	Created instruction_text2 = TextStim( name=instruction_text2, win=Window( name=Window, fullscr=true, color=#000000, ~), autoDraw=null, autoLog=true, units=norm, ori=null, opacity=1, pos=[0,0], size=undefined, text=Először két egyszerű példát mutatunk Önnek.

Az el~, font=Arial, color=#FFFFFF, contrast=1, height=0.05, bold=null, italic=null, alignHoriz=left, alignVert=center, wrapWidth=1, flipHoriz=null, flipVert=null )
14.67972000001464	EXP	Created show_text = TextStim( name=show_text, win=Window( name=Window, fullscr=true, color=#000000, ~), autoDraw=null, autoLog=true, units=norm, ori=null, opacity=1, pos=[0,0], size=undefined, text=asztal, font=Arial, color=#FFFFFF, contrast=1, height=0.2, bold=null, italic=null, alignHoriz=left, alignVert=center, wrapWidth=1, flipHoriz=null, flipVert=null )
14.680504999996629	EXP	Created text = TextStim( name=text, win=Window( name=Window, fullscr=true, color=#000000, ~), autoDraw=null, autoLog=true, units=norm, ori=null, opacity=1, pos=[0,0], size=undefined, text=bzsmfsztal, font=Arial, color=#FFFFFF, contrast=1, height=0.2, bold=null, italic=null, alignHoriz=left, alignVert=center, wrapWidth=1, flipHoriz=null, flipVert=null )
14.681265000021085	EXP	Created instruction_text3 = TextStim( name=instruction_text3, win=Window( name=Window, fullscr=true, color=#000000, ~), autoDraw=null, autoLog=true, units=norm, ori=null, opacity=1, pos=[0,0], size=undefined, text=Pazar. Most kezdődik az igazi kísérlet. Néhány per~, font=Arial, color=#FFFFFF, contrast=1, height=0.1, bold=null, italic=null, alignHoriz=left, alignVert=center, wrapWidth=1, flipHoriz=null, flipVert=null )
14.682070000038948	EXP	Created szo_kiir = TextStim( name=szo_kiir, win=Window( name=Window, fullscr=true, color=#000000, ~), autoDraw=null, autoLog=true, units=norm, ori=null, opacity=1, pos=[0,0], size=undefined, text=default text, font=Arial, color=#FFFFFF, contrast=1, height=0.2, bold=null, italic=null, alignHoriz=left, alignVert=center, wrapWidth=1, flipHoriz=null, flipVert=null )
14.683720000030007	EXP	Created koszi_szoveg = TextStim( name=koszi_szoveg, win=Window( name=Window, fullscr=true, color=#000000, ~), autoDraw=null, autoLog=true, units=norm, ori=null, opacity=1, pos=[0,0], size=undefined, text=Vége a kísérletnek. Köszönjük a részvételt!, font=arial, color=#ffffff, contrast=1, height=0.1, bold=null, italic=null, alignHoriz=left, alignVert=center, wrapWidth=1, flipHoriz=null, flipVert=null )
14.76086000003852	EXP	instruction_text1: units = "norm"
14.76086000003852	EXP	instruction_text1: ori = 0
14.76086000003852	EXP	instruction_text1: opacity = 1
14.76086000003852	EXP	instruction_text1: pos = [0,0]
14.76086000003852	EXP	instruction_text1: size = undefined
14.76086000003852	EXP	instruction_text1: text = "Ön most szavakat fog látni.\n\nEzek között lesznek olyanok, amelyeket ismer, de előfordulhatnak olyanok is, amelyeket nem ismer, sőt, vannak köztük kitalált szavak is. \n\nKérjük, ha ismeri a képernyőn látható szót, nyomja meg a JOBB kurzorbillentyűt.\nKérjük, ha NEM ismeri a képernyőn látható szót, vagy azt gondolja, nincs ilyen szó a magyarban, nyomja meg a BAL kurzorbillentyűt.\n\nAz 'Ismerem a szót' döntés itt most ezt jelenti: találkoztam már vele, és van valami elképzelésem a jelentéséről is.  \n\nNyomjon meg bármilyen billentyűt a folytatáshoz."
14.76086000003852	EXP	instruction_text1: font = "Arial"
14.76086000003852	EXP	instruction_text1: color = {"_rgb":[1,1,1]}
14.76086000003852	EXP	instruction_text1: contrast = 1
14.76086000003852	EXP	instruction_text1: height = 0.05
14.76086000003852	EXP	instruction_text1: bold = false
14.76086000003852	EXP	instruction_text1: italic = false
14.76086000003852	EXP	instruction_text1: alignHoriz = "left"
14.76086000003852	EXP	instruction_text1: alignVert = "center"
14.76086000003852	EXP	instruction_text1: wrapWidth = 1
14.76086000003852	EXP	instruction_text1: flipHoriz = false
14.76086000003852	EXP	instruction_text1: flipVert = false
14.76086000003852	EXP	instruction_text2: units = "norm"
14.76086000003852	EXP	instruction_text2: ori = 0
14.76086000003852	EXP	instruction_text2: opacity = 1
14.76086000003852	EXP	instruction_text2: pos = [0,0]
14.76086000003852	EXP	instruction_text2: size = undefined
14.76086000003852	EXP	instruction_text2: text = "Először két egyszerű példát mutatunk Önnek.\n\nAz első szó létezik a magyarban, és valószínűleg Ön is ismeri. Itt nyomja majd meg a jobb kurzorbillentyűt.\nA második szó nem létezik a magyar nyelvben. Itt nyomja majd meg a bal kurzorbillentyűt.\n\nFontos, hogy a jobb gombot a jobb kezével, a bal gombot a bal kezével nyomja, ha tudja, és ne egy kezét használja a kísérletben.\n\nNyomjon meg bármilyen gombot a folytatáshoz."
14.76086000003852	EXP	instruction_text2: font = "Arial"
14.76086000003852	EXP	instruction_text2: color = {"_hex":"#FFFFFF","_rgb":[1,1,1]}
14.76086000003852	EXP	instruction_text2: contrast = 1
14.76086000003852	EXP	instruction_text2: height = 0.05
14.76086000003852	EXP	instruction_text2: bold = false
14.76086000003852	EXP	instruction_text2: italic = false
14.76086000003852	EXP	instruction_text2: alignHoriz = "left"
14.76086000003852	EXP	instruction_text2: alignVert = "center"
14.76086000003852	EXP	instruction_text2: wrapWidth = 1
14.76086000003852	EXP	instruction_text2: flipHoriz = false
14.76086000003852	EXP	instruction_text2: flipVert = false
14.76086000003852	EXP	show_text: units = "norm"
14.76086000003852	EXP	show_text: ori = 0
14.76086000003852	EXP	show_text: opacity = 1
14.76086000003852	EXP	show_text: pos = [0,0]
14.76086000003852	EXP	show_text: size = undefined
14.76086000003852	EXP	show_text: text = "asztal"
14.76086000003852	EXP	show_text: font = "Arial"
14.76086000003852	EXP	show_text: color = {"_hex":"#FFFFFF","_rgb":[1,1,1]}
14.76086000003852	EXP	show_text: contrast = 1
14.76086000003852	EXP	show_text: height = 0.2
14.76086000003852	EXP	show_text: bold = false
14.76086000003852	EXP	show_text: italic = false
14.76086000003852	EXP	show_text: alignHoriz = "left"
14.76086000003852	EXP	show_text: alignVert = "center"
14.76086000003852	EXP	show_text: wrapWidth = 1
14.76086000003852	EXP	show_text: flipHoriz = false
14.76086000003852	EXP	show_text: flipVert = false
14.76086000003852	EXP	text: units = "norm"
14.76086000003852	EXP	text: ori = 0
14.76086000003852	EXP	text: opacity = 1
14.76086000003852	EXP	text: pos = [0,0]
14.76086000003852	EXP	text: size = undefined
14.76086000003852	EXP	text: text = "bzsmfsztal"
14.76086000003852	EXP	text: font = "Arial"
14.76086000003852	EXP	text: color = {"_hex":"#FFFFFF","_rgb":[1,1,1]}
14.76086000003852	EXP	text: contrast = 1
14.76086000003852	EXP	text: height = 0.2
14.76086000003852	EXP	text: bold = false
14.76086000003852	EXP	text: italic = false
14.76086000003852	EXP	text: alignHoriz = "left"
14.76086000003852	EXP	text: alignVert = "center"
14.76086000003852	EXP	text: wrapWidth = 1
14.76086000003852	EXP	text: flipHoriz = false
14.76086000003852	EXP	text: flipVert = false
14.76086000003852	EXP	instruction_text3: units = "norm"
14.76086000003852	EXP	instruction_text3: ori = 0
14.76086000003852	EXP	instruction_text3: opacity = 1
14.76086000003852	EXP	instruction_text3: pos = [0,0]
14.76086000003852	EXP	instruction_text3: size = undefined
14.76086000003852	EXP	instruction_text3: text = "Pazar. Most kezdődik az igazi kísérlet. Néhány percig fog tartani. Nem kell nagyon sietnie, de igyekezzen gyorsan válaszolni.\n\nNe feledje, ha tudja, a jobb gombot a jobbkezével, a bal gombot a balkezével nyomja le.\n\nNyomjon meg bármilyen gombot a folytatáshoz."
14.76086000003852	EXP	instruction_text3: font = "Arial"
14.76086000003852	EXP	instruction_text3: color = {"_hex":"#FFFFFF","_rgb":[1,1,1]}
14.76086000003852	EXP	instruction_text3: contrast = 1
14.76086000003852	EXP	instruction_text3: height = 0.1
14.76086000003852	EXP	instruction_text3: bold = false
14.76086000003852	EXP	instruction_text3: italic = false
14.76086000003852	EXP	instruction_text3: alignHoriz = "left"
14.76086000003852	EXP	instruction_text3: alignVert = "center"
14.76086000003852	EXP	instruction_text3: wrapWidth = 1
14.76086000003852	EXP	instruction_text3: flipHoriz = false
14.76086000003852	EXP	instruction_text3: flipVert = false
14.76086000003852	EXP	szo_kiir: units = "norm"
14.76086000003852	EXP	szo_kiir: ori = 0
14.76086000003852	EXP	szo_kiir: opacity = 1
14.76086000003852	EXP	szo_kiir: pos = [0,0]
14.76086000003852	EXP	szo_kiir: size = undefined
14.76086000003852	EXP	szo_kiir: text = "default text"
14.76086000003852	EXP	szo_kiir: font = "Arial"
14.76086000003852	EXP	szo_kiir: color = {"_hex":"#FFFFFF","_rgb":[1,1,1]}
14.76086000003852	EXP	szo_kiir: contrast = 1
14.76086000003852	EXP	szo_kiir: height = 0.2
14.76086000003852	EXP	szo_kiir: bold = false
14.76086000003852	EXP	szo_kiir: italic = false
14.76086000003852	EXP	szo_kiir: alignHoriz = "left"
14.76086000003852	EXP	szo_kiir: alignVert = "center"
14.76086000003852	EXP	szo_kiir: wrapWidth = 1
14.76086000003852	EXP	szo_kiir: flipHoriz = false
14.76086000003852	EXP	szo_kiir: flipVert = false
14.76086000003852	EXP	koszi_szoveg: units = "norm"
14.76086000003852	EXP	koszi_szoveg: ori = 0
14.76086000003852	EXP	koszi_szoveg: opacity = 1
14.76086000003852	EXP	koszi_szoveg: pos = [0,0]
14.76086000003852	EXP	koszi_szoveg: size = undefined
14.76086000003852	EXP	koszi_szoveg: text = "Vége a kísérletnek. Köszönjük a részvételt!"
14.76086000003852	EXP	koszi_szoveg: font = "arial"
14.76086000003852	EXP	koszi_szoveg: color = {"_rgb":[1,1,1]}
14.76086000003852	EXP	koszi_szoveg: contrast = 1
14.76086000003852	EXP	koszi_szoveg: height = 0.1
14.76086000003852	EXP	koszi_szoveg: bold = false
14.76086000003852	EXP	koszi_szoveg: italic = false
14.76086000003852	EXP	koszi_szoveg: alignHoriz = "left"
14.76086000003852	EXP	koszi_szoveg: alignVert = "center"
14.76086000003852	EXP	koszi_szoveg: wrapWidth = 1
14.76086000003852	EXP	koszi_szoveg: flipHoriz = false
14.76086000003852	EXP	koszi_szoveg: flipVert = false
14.76086000003852	EXP	instruction_text1: autoDraw = true
56.527205000049435	DATA	Keydown:  
56.56154000002425	EXP	instruction_text1: autoDraw = false
56.56154000002425	EXP	instruction_text2: autoDraw = true
69.48675999999978	DATA	Keydown: ArrowRight
69.49330000003101	EXP	instruction_text2: autoDraw = false
70.14764000003925	EXP	show_text: autoDraw = true
71.9579950000043	DATA	Keydown: ArrowRight
71.97260000003735	EXP	show_text: autoDraw = false
72.5990500000189	EXP	text: autoDraw = true
74.36363000003621	DATA	Keydown: ArrowLeft
74.53100000001723	EXP	text: autoDraw = false
74.53100000001723	EXP	instruction_text3: autoDraw = true
84.78097500000149	DATA	Keydown: ArrowRight
84.95397500001127	EXP	instruction_text3: autoDraw = false
84.95397500001127	EXP	szo_kiir: color = {"_rgb":[1,1,1]}
84.95397500001127	EXP	szo_kiir: text = "igaz"
85.46248500002548	EXP	szo_kiir: autoDraw = true
86.45258500002092	DATA	Keydown: ArrowRight
86.4596400000155	EXP	szo_kiir: autoDraw = false
86.4596400000155	EXP	szo_kiir: color = {"_rgb":[1,1,1]}
86.4596400000155	EXP	szo_kiir: text = "hely"
86.97960000002058	EXP	szo_kiir: autoDraw = true
88.09296000003815	DATA	Keydown: ArrowRight
88.16492000001017	EXP	szo_kiir: autoDraw = false
88.16492000001017	EXP	szo_kiir: color = {"_rgb":[1,1,1]}
88.16492000001017	EXP	szo_kiir: text = "gyerek"
88.67321500001708	EXP	szo_kiir: autoDraw = true
89.35802500002319	DATA	Keydown: ArrowRight
89.37003000004916	EXP	szo_kiir: autoDraw = false
89.37003000004916	EXP	szo_kiir: color = {"_rgb":[1,1,1]}
89.37003000004916	EXP	szo_kiir: text = "cím"
89.87784500000998	EXP	szo_kiir: autoDraw = true
90.59538500005146	DATA	Keydown: ArrowRight
90.65104000002611	EXP	szo_kiir: autoDraw = false
90.65104000002611	EXP	szo_kiir: color = {"_rgb":[1,1,1]}
90.65104000002611	EXP	szo_kiir: text = "gép"
91.16034500004025	EXP	szo_kiir: autoDraw = true
91.65144500002498	DATA	Keydown: ArrowRight
91.65876000002027	EXP	szo_kiir: autoDraw = false
91.65876000002027	EXP	szo_kiir: color = {"_rgb":[1,1,1]}
91.65876000002027	EXP	szo_kiir: text = "gond"
92.17776500002947	EXP	szo_kiir: autoDraw = true
92.73438500001794	DATA	Keydown: ArrowRight
92.80585000000428	EXP	szo_kiir: autoDraw = false
92.80585000000428	EXP	szo_kiir: color = {"_rgb":[1,1,1]}
92.80585000000428	EXP	szo_kiir: text = "maszt"
93.31770500005223	EXP	szo_kiir: autoDraw = true
94.19516000000294	DATA	Keydown: ArrowLeft
94.20448000001488	EXP	szo_kiir: autoDraw = false
94.20448000001488	EXP	szo_kiir: color = {"_rgb":[1,1,1]}
94.20448000001488	EXP	szo_kiir: text = "boldog"
94.7271850000252	EXP	szo_kiir: autoDraw = true
95.3743400000385	DATA	Keydown: ArrowRight
95.40815000003204	EXP	szo_kiir: autoDraw = false
95.40815000003204	EXP	szo_kiir: color = {"_rgb":[1,1,1]}
95.40815000003204	EXP	szo_kiir: text = "siker"
95.92719499999657	EXP	szo_kiir: autoDraw = true
96.56395000003977	DATA	Keydown: ArrowRight
96.5728100000415	EXP	szo_kiir: autoDraw = false
96.5728100000415	EXP	szo_kiir: color = {"_rgb":[1,1,1]}
96.5728100000415	EXP	szo_kiir: text = "skadai"
97.0926750000217	EXP	szo_kiir: autoDraw = true
97.79126500000712	DATA	Keydown: ArrowLeft
97.8244850000483	EXP	szo_kiir: autoDraw = false
97.8244850000483	EXP	szo_kiir: color = {"_rgb":[1,1,1]}
97.8244850000483	EXP	szo_kiir: text = "forgalom"
98.34429000003729	EXP	szo_kiir: autoDraw = true
99.10818999999901	DATA	Keydown: ArrowRight
99.12229500000831	EXP	szo_kiir: autoDraw = false
99.12229500000831	EXP	szo_kiir: color = {"_rgb":[1,1,1]}
99.12229500000831	EXP	szo_kiir: text = "hézhet"
99.64000500005204	EXP	szo_kiir: autoDraw = true
100.57992000004742	DATA	Keydown: ArrowLeft
100.60626500000944	EXP	szo_kiir: autoDraw = false
100.60626500000944	EXP	szo_kiir: color = {"_rgb":[1,1,1]}
100.60626500000944	EXP	szo_kiir: text = "kampány"
101.12815500004217	EXP	szo_kiir: autoDraw = true
101.75278000003891	DATA	Keydown: ArrowRight
101.75834500003839	EXP	szo_kiir: autoDraw = false
101.75834500003839	EXP	szo_kiir: color = {"_rgb":[1,1,1]}
101.75834500003839	EXP	szo_kiir: text = "kiskolható"
102.27846000000136	EXP	szo_kiir: autoDraw = true
103.14961500000209	DATA	Keydown: ArrowLeft
103.18958000000566	EXP	szo_kiir: autoDraw = false
103.18958000000566	EXP	szo_kiir: color = {"_rgb":[1,1,1]}
103.18958000000566	EXP	szo_kiir: text = "kéz"
103.70981000002939	EXP	szo_kiir: autoDraw = true
104.27449999999953	DATA	Keydown: ArrowRight
104.28889500000514	EXP	szo_kiir: autoDraw = false
104.28889500000514	EXP	szo_kiir: color = {"_rgb":[1,1,1]}
104.28889500000514	EXP	szo_kiir: text = "krém"
104.8097350000171	EXP	szo_kiir: autoDraw = true
105.55923000001349	DATA	Keydown: ArrowRight
105.59016500000143	EXP	szo_kiir: autoDraw = false
105.59016500000143	EXP	szo_kiir: color = {"_rgb":[1,1,1]}
105.59016500000143	EXP	szo_kiir: text = "konfúzusza"
106.11133500002325	EXP	szo_kiir: autoDraw = true
107.07529500004603	DATA	Keydown: ArrowRight
107.08925499999896	EXP	szo_kiir: autoDraw = false
107.08925499999896	EXP	szo_kiir: color = {"_rgb":[1,1,1]}
107.08925499999896	EXP	szo_kiir: text = "funkcionális"
107.61099499999546	EXP	szo_kiir: autoDraw = true
108.91808500001207	DATA	Keydown: ArrowRight
108.9239650000236	EXP	szo_kiir: autoDraw = false
108.9239650000236	EXP	szo_kiir: color = {"_rgb":[1,1,1]}
108.9239650000236	EXP	szo_kiir: text = "remény"
109.44276500004344	EXP	szo_kiir: autoDraw = true
110.50764500000514	DATA	Keydown: ArrowRight
110.5428050000337	EXP	szo_kiir: autoDraw = false
110.5428050000337	EXP	szo_kiir: color = {"_rgb":[1,1,1]}
110.5428050000337	EXP	szo_kiir: text = "kötődik"
111.05662000004668	EXP	szo_kiir: autoDraw = true
111.73085500003072	DATA	Keydown: ArrowRight
111.73993999999948	EXP	szo_kiir: autoDraw = false
111.73993999999948	EXP	szo_kiir: color = {"_rgb":[1,1,1]}
111.73993999999948	EXP	szo_kiir: text = "vicc"
112.2597250000108	EXP	szo_kiir: autoDraw = true
112.85670000000391	DATA	Keydown: ArrowRight
112.89909500000067	EXP	szo_kiir: autoDraw = false
112.89909500000067	EXP	szo_kiir: color = {"_rgb":[1,1,1]}
112.89909500000067	EXP	szo_kiir: text = "beton"
113.41737500001909	EXP	szo_kiir: autoDraw = true
113.9066350000212	DATA	Keydown: ArrowRight
113.92174000001978	EXP	szo_kiir: autoDraw = false
113.92174000001978	EXP	szo_kiir: color = {"_rgb":[1,1,1]}
113.92174000001978	EXP	szo_kiir: text = "forgatókönyv"
114.44354000000749	EXP	szo_kiir: autoDraw = true
114.99191000004066	DATA	Keydown: ArrowRight
115.02671000000555	EXP	szo_kiir: autoDraw = false
115.02671000000555	EXP	szo_kiir: color = {"_rgb":[1,1,1]}
115.02671000000555	EXP	szo_kiir: text = "alapszik"
115.54386000003433	EXP	szo_kiir: autoDraw = true
116.11270500003593	DATA	Keydown: ArrowRight
116.12293500005035	EXP	szo_kiir: autoDraw = false
116.12293500005035	EXP	szo_kiir: color = {"_rgb":[1,1,1]}
116.12293500005035	EXP	szo_kiir: text = "maximax"
116.64321500004735	EXP	szo_kiir: autoDraw = true
117.39146000001347	DATA	Keydown: ArrowLeft
117.42706499999622	EXP	szo_kiir: autoDraw = false
117.42706499999622	EXP	szo_kiir: color = {"_rgb":[1,1,1]}
117.42706499999622	EXP	szo_kiir: text = "szomszéd"
117.94202499999665	EXP	szo_kiir: autoDraw = true
118.55594500002917	DATA	Keydown: ArrowRight
118.5711350000347	EXP	szo_kiir: autoDraw = false
118.5711350000347	EXP	szo_kiir: color = {"_rgb":[1,1,1]}
118.5711350000347	EXP	szo_kiir: text = "kilogramm"
119.09168500005035	EXP	szo_kiir: autoDraw = true
119.79020500002662	DATA	Keydown: ArrowRight
119.82134000002407	EXP	szo_kiir: autoDraw = false
119.82134000002407	EXP	szo_kiir: color = {"_rgb":[1,1,1]}
119.82134000002407	EXP	szo_kiir: text = "numen"
120.34159500000533	EXP	szo_kiir: autoDraw = true
122.01170000003185	DATA	Keydown: ArrowLeft
122.0213400000357	EXP	szo_kiir: autoDraw = false
122.0213400000357	EXP	szo_kiir: color = {"_rgb":[1,1,1]}
122.0213400000357	EXP	szo_kiir: text = "mér"
122.54141500004334	EXP	szo_kiir: autoDraw = true
123.48999500001082	DATA	Keydown: ArrowRight
123.51996000000509	EXP	szo_kiir: autoDraw = false
123.51996000000509	EXP	szo_kiir: color = {"_rgb":[1,1,1]}
123.51996000000509	EXP	szo_kiir: text = "unitáns"
124.0436650000047	EXP	szo_kiir: autoDraw = true
124.86808000004385	DATA	Keydown: ArrowLeft
124.87345500005176	EXP	szo_kiir: autoDraw = false
124.87345500005176	EXP	szo_kiir: color = {"_rgb":[1,1,1]}
124.87345500005176	EXP	szo_kiir: text = "régész"
125.39226500003133	EXP	szo_kiir: autoDraw = true
126.03390000003856	DATA	Keydown: ArrowRight
126.06768000003649	EXP	szo_kiir: autoDraw = false
126.06768000003649	EXP	szo_kiir: color = {"_rgb":[1,1,1]}
126.06768000003649	EXP	szo_kiir: text = "remekmű"
126.57201500004157	EXP	szo_kiir: autoDraw = true
127.20344000001205	DATA	Keydown: ArrowRight
127.21963000000687	EXP	szo_kiir: autoDraw = false
127.21963000000687	EXP	szo_kiir: color = {"_rgb":[1,1,1]}
127.21963000000687	EXP	szo_kiir: text = "kiskanál"
127.72702500002924	EXP	szo_kiir: autoDraw = true
128.2738300000201	DATA	Keydown: ArrowRight
128.3118550000363	EXP	szo_kiir: autoDraw = false
128.3118550000363	EXP	szo_kiir: color = {"_rgb":[1,1,1]}
128.3118550000363	EXP	szo_kiir: text = "holttest"
128.82508999999845	EXP	szo_kiir: autoDraw = true
129.30656500003533	DATA	Keydown: ArrowRight
129.3222250000108	EXP	szo_kiir: autoDraw = false
129.3222250000108	EXP	szo_kiir: color = {"_rgb":[1,1,1]}
129.3222250000108	EXP	szo_kiir: text = "oldalmi"
129.84220500005176	EXP	szo_kiir: autoDraw = true
130.64210500003537	DATA	Keydown: ArrowLeft
130.72014000004856	EXP	szo_kiir: autoDraw = false
130.72014000004856	EXP	szo_kiir: color = {"_rgb":[1,1,1]}
130.72014000004856	EXP	szo_kiir: text = "lik"
131.24117000005208	EXP	szo_kiir: autoDraw = true
132.03089500003261	DATA	Keydown: ArrowLeft
132.0375200000126	EXP	szo_kiir: autoDraw = false
132.0375200000126	EXP	szo_kiir: color = {"_rgb":[1,1,1]}
132.0375200000126	EXP	szo_kiir: text = "pikusz"
132.55859000002965	EXP	szo_kiir: autoDraw = true
133.32941000000574	DATA	Keydown: ArrowLeft
133.3384050000459	EXP	szo_kiir: autoDraw = false
133.3384050000459	EXP	szo_kiir: color = {"_rgb":[1,1,1]}
133.3384050000459	EXP	szo_kiir: text = "misztérium"
133.85783500003163	EXP	szo_kiir: autoDraw = true
134.88888000004226	DATA	Keydown: ArrowLeft
134.90392500004964	EXP	szo_kiir: autoDraw = false
134.90392500004964	EXP	szo_kiir: color = {"_rgb":[1,1,1]}
134.90392500004964	EXP	szo_kiir: text = "taszt"
135.42470500001218	EXP	szo_kiir: autoDraw = true
136.07958000001963	DATA	Keydown: ArrowLeft
136.1023850000347	EXP	szo_kiir: autoDraw = false
136.1023850000347	EXP	szo_kiir: color = {"_rgb":[1,1,1]}
136.1023850000347	EXP	szo_kiir: text = "hullámzik"
136.6083750000107	EXP	szo_kiir: autoDraw = true
137.2495250000502	DATA	Keydown: ArrowRight
137.25478499999736	EXP	szo_kiir: autoDraw = false
137.25478499999736	EXP	szo_kiir: color = {"_rgb":[1,1,1]}
137.25478499999736	EXP	szo_kiir: text = "üldögél"
137.77522000001045	EXP	szo_kiir: autoDraw = true
138.51177500002086	DATA	Keydown: ArrowRight
138.5337700000382	EXP	szo_kiir: autoDraw = false
138.5337700000382	EXP	szo_kiir: color = {"_rgb":[1,1,1]}
138.5337700000382	EXP	szo_kiir: text = "presbitérium"
139.04204500000924	EXP	szo_kiir: autoDraw = true
139.6540700000478	DATA	Keydown: ArrowLeft
139.6691400000127	EXP	szo_kiir: autoDraw = false
139.6691400000127	EXP	szo_kiir: color = {"_rgb":[1,1,1]}
139.6691400000127	EXP	szo_kiir: text = "biliárd"
140.19068500003777	EXP	szo_kiir: autoDraw = true
142.07264500000747	DATA	Keydown: ArrowRight
142.08727000001818	EXP	szo_kiir: autoDraw = false
142.08727000001818	EXP	szo_kiir: color = {"_rgb":[1,1,1]}
142.08727000001818	EXP	szo_kiir: text = "felmi"
142.6068850000156	EXP	szo_kiir: autoDraw = true
143.41063500003656	DATA	Keydown: ArrowLeft
143.43895500001963	EXP	szo_kiir: autoDraw = false
143.43895500001963	EXP	szo_kiir: color = {"_rgb":[1,1,1]}
143.43895500001963	EXP	szo_kiir: text = "tarol"
143.95734500000253	EXP	szo_kiir: autoDraw = true
144.78909000003478	DATA	Keydown: ArrowRight
144.8039300000528	EXP	szo_kiir: autoDraw = false
144.8039300000528	EXP	szo_kiir: color = {"_rgb":[1,1,1]}
144.8039300000528	EXP	szo_kiir: text = "kántitált"
145.32567000004929	EXP	szo_kiir: autoDraw = true
147.26537000003736	DATA	Keydown: ArrowLeft
147.30449000000954	EXP	szo_kiir: autoDraw = false
147.30449000000954	EXP	szo_kiir: color = {"_rgb":[1,1,1]}
147.30449000000954	EXP	szo_kiir: text = "szobanövény"
147.8237749999971	EXP	szo_kiir: autoDraw = true
148.671800000011	DATA	Keydown: ArrowRight
148.68686000001617	EXP	szo_kiir: autoDraw = false
148.68686000001617	EXP	szo_kiir: color = {"_rgb":[1,1,1]}
148.68686000001617	EXP	szo_kiir: text = "tábornagy"
149.20766500005266	EXP	szo_kiir: autoDraw = true
150.26372500002617	DATA	Keydown: ArrowRight
150.28532500000438	EXP	szo_kiir: autoDraw = false
150.28532500000438	EXP	szo_kiir: color = {"_rgb":[1,1,1]}
150.28532500000438	EXP	szo_kiir: text = "kopp"
150.79037000000244	EXP	szo_kiir: autoDraw = true
151.89503000001423	DATA	Keydown: ArrowRight
151.90351000003284	EXP	szo_kiir: autoDraw = false
151.90351000003284	EXP	szo_kiir: color = {"_rgb":[1,1,1]}
151.90351000003284	EXP	szo_kiir: text = "mater"
152.42539000004763	EXP	szo_kiir: autoDraw = true
155.458105000027	DATA	Keydown: ArrowRight
155.4905050000525	EXP	szo_kiir: autoDraw = false
155.4905050000525	EXP	szo_kiir: color = {"_rgb":[1,1,1]}
155.4905050000525	EXP	szo_kiir: text = "grancs"
156.0067600000184	EXP	szo_kiir: autoDraw = true
157.17597000004025	DATA	Keydown: ArrowLeft
157.18684500001837	EXP	szo_kiir: autoDraw = false
157.18684500001837	EXP	szo_kiir: color = {"_rgb":[1,1,1]}
157.18684500001837	EXP	szo_kiir: text = "kivitelez"
157.7069350000238	EXP	szo_kiir: autoDraw = true
158.9726850000443	DATA	Keydown: ArrowRight
159.00154500000644	EXP	szo_kiir: autoDraw = false
159.00154500000644	EXP	szo_kiir: color = {"_rgb":[1,1,1]}
159.00154500000644	EXP	szo_kiir: text = "szelégül"
159.50862999999663	EXP	szo_kiir: autoDraw = true
160.305800000031	DATA	Keydown: ArrowLeft
160.32030000002123	EXP	szo_kiir: autoDraw = false
160.32030000002123	EXP	szo_kiir: color = {"_rgb":[1,1,1]}
160.32030000002123	EXP	szo_kiir: text = "megalitikus"
160.84105000004638	EXP	szo_kiir: autoDraw = true
166.20507000002544	DATA	Keydown: ArrowLeft
166.2198250000365	EXP	szo_kiir: autoDraw = false
166.2198250000365	EXP	szo_kiir: color = {"_rgb":[1,1,1]}
166.2198250000365	EXP	szo_kiir: text = "viszkóz"
166.74024000001373	EXP	szo_kiir: autoDraw = true
167.72275000001537	DATA	Keydown: ArrowRight
167.75205000001006	EXP	szo_kiir: autoDraw = false
167.75205000001006	EXP	szo_kiir: color = {"_rgb":[1,1,1]}
167.75205000001006	EXP	szo_kiir: text = "konfirki"
168.27290500001982	EXP	szo_kiir: autoDraw = true
169.09618500003126	DATA	Keydown: ArrowLeft
169.10258000000613	EXP	szo_kiir: autoDraw = false
169.10258000000613	EXP	szo_kiir: color = {"_rgb":[1,1,1]}
169.10258000000613	EXP	szo_kiir: text = "ezredmásodperc"
169.6232200000086	EXP	szo_kiir: autoDraw = true
170.80597500002477	DATA	Keydown: ArrowLeft
170.81887000001734	EXP	szo_kiir: autoDraw = false
170.81887000001734	EXP	szo_kiir: color = {"_rgb":[1,1,1]}
170.81887000001734	EXP	szo_kiir: text = "sziszeg"
171.33921500004362	EXP	szo_kiir: autoDraw = true
172.28901500004577	DATA	Keydown: ArrowRight
172.3161550000077	EXP	szo_kiir: autoDraw = false
172.3161550000077	EXP	szo_kiir: color = {"_rgb":[1,1,1]}
172.3161550000077	EXP	szo_kiir: text = "vicsorog"
172.82310500001768	EXP	szo_kiir: autoDraw = true
173.376185000001	DATA	Keydown: ArrowRight
173.38576500001363	EXP	szo_kiir: autoDraw = false
173.38576500001363	EXP	szo_kiir: color = {"_rgb":[1,1,1]}
173.38576500001363	EXP	szo_kiir: text = "szállingózik"
173.90625	EXP	szo_kiir: autoDraw = true
174.52414500003215	DATA	Keydown: ArrowRight
174.5483050000039	EXP	szo_kiir: autoDraw = false
174.5483050000039	EXP	szo_kiir: color = {"_rgb":[1,1,1]}
174.5483050000039	EXP	szo_kiir: text = "hormati"
175.05728500004625	EXP	szo_kiir: autoDraw = true
175.90438500000164	DATA	Keydown: ArrowLeft
175.91969000000972	EXP	szo_kiir: autoDraw = false
175.91969000000972	EXP	szo_kiir: color = {"_rgb":[1,1,1]}
175.91969000000972	EXP	szo_kiir: text = "végregura"
176.4411750000436	EXP	szo_kiir: autoDraw = true
177.37000500003342	DATA	Keydown: ArrowLeft
177.40884000004735	EXP	szo_kiir: autoDraw = false
177.40884000004735	EXP	szo_kiir: color = {"_rgb":[1,1,1]}
177.40884000004735	EXP	szo_kiir: text = "egellendő"
177.9243650000426	EXP	szo_kiir: autoDraw = true
178.92245000001276	DATA	Keydown: ArrowLeft
178.93782000005012	EXP	szo_kiir: autoDraw = false
178.93782000005012	EXP	szo_kiir: color = {"_rgb":[1,1,1]}
178.93782000005012	EXP	szo_kiir: text = "csontdarab"
179.45834000001196	EXP	szo_kiir: autoDraw = true
180.2543949999963	DATA	Keydown: ArrowRight
180.28396500000963	EXP	szo_kiir: autoDraw = false
180.28396500000963	EXP	szo_kiir: color = {"_rgb":[1,1,1]}
180.28396500000963	EXP	szo_kiir: text = "vonzum"
180.7870750000002	EXP	szo_kiir: autoDraw = true
182.18830999999773	DATA	Keydown: ArrowLeft
182.2024950000341	EXP	szo_kiir: autoDraw = false
182.2024950000341	EXP	szo_kiir: color = {"_rgb":[1,1,1]}
182.2024950000341	EXP	szo_kiir: text = "keszködmön"
182.72285499999998	EXP	szo_kiir: autoDraw = true
183.82060000003548	DATA	Keydown: ArrowLeft
183.85768000001553	EXP	szo_kiir: autoDraw = false
183.85768000001553	EXP	szo_kiir: color = {"_rgb":[1,1,1]}
183.85768000001553	EXP	szo_kiir: text = "söröspohár"
184.37326000002213	EXP	szo_kiir: autoDraw = true
185.35433000000194	DATA	Keydown: ArrowRight
185.36978500004625	EXP	szo_kiir: autoDraw = false
185.36978500004625	EXP	szo_kiir: color = {"_rgb":[1,1,1]}
185.36978500004625	EXP	szo_kiir: text = "sövet"
185.88910000002943	EXP	szo_kiir: autoDraw = true
187.6712300000363	DATA	Keydown: ArrowLeft
187.72600500000408	EXP	szo_kiir: autoDraw = false
187.72600500000408	EXP	szo_kiir: color = {"_rgb":[1,1,1]}
187.72600500000408	EXP	szo_kiir: text = "bajadér"
188.24043500004336	EXP	szo_kiir: autoDraw = true
190.08948500000406	DATA	Keydown: ArrowRight
190.10240500001237	EXP	szo_kiir: autoDraw = false
190.10240500001237	EXP	szo_kiir: color = {"_rgb":[1,1,1]}
190.10240500001237	EXP	szo_kiir: text = "csőszház"
190.6199150000466	EXP	szo_kiir: autoDraw = true
191.70954500004882	DATA	Keydown: ArrowRight
191.72978000005241	EXP	szo_kiir: autoDraw = false
191.72978000005241	EXP	szo_kiir: color = {"_rgb":[1,1,1]}
191.72978000005241	EXP	szo_kiir: text = "homályosít"
192.23847999999998	EXP	szo_kiir: autoDraw = true
193.5116150000249	DATA	Keydown: ArrowRight
193.51798000000417	EXP	szo_kiir: autoDraw = false
193.51798000000417	EXP	szo_kiir: color = {"_rgb":[1,1,1]}
193.51798000000417	EXP	szo_kiir: text = "szánkózik"
194.03928000002634	EXP	szo_kiir: autoDraw = true
194.6864550000173	DATA	Keydown: ArrowRight
194.72010000003502	EXP	szo_kiir: autoDraw = false
194.72010000003502	EXP	szo_kiir: color = {"_rgb":[1,1,1]}
194.72010000003502	EXP	szo_kiir: text = "kalmárszellem"
195.23822500003735	EXP	szo_kiir: autoDraw = true
197.7524450000492	DATA	Keydown: ArrowRight
197.76763000001665	EXP	szo_kiir: autoDraw = false
197.76763000001665	EXP	szo_kiir: color = {"_rgb":[1,1,1]}
197.76763000001665	EXP	szo_kiir: text = "szemestakarmány"
198.28838500002166	EXP	szo_kiir: autoDraw = true
199.26958500000183	DATA	Keydown: ArrowRight
199.32913500000723	EXP	szo_kiir: autoDraw = false
199.32913500000723	EXP	szo_kiir: color = {"_rgb":[1,1,1]}
199.32913500000723	EXP	szo_kiir: text = "elszarusodik"
199.83859500003746	EXP	szo_kiir: autoDraw = true
201.3357600000454	DATA	Keydown: ArrowRight
201.35253000003286	EXP	szo_kiir: autoDraw = false
201.35253000003286	EXP	szo_kiir: color = {"_rgb":[1,1,1]}
201.35253000003286	EXP	szo_kiir: text = "szolúbilis"
201.85921000002418	EXP	szo_kiir: autoDraw = true
202.67123999999603	DATA	Keydown: ArrowLeft
202.68515500001376	EXP	szo_kiir: autoDraw = false
202.68515500001376	EXP	szo_kiir: color = {"_rgb":[1,1,1]}
202.68515500001376	EXP	szo_kiir: text = "fegyverterem"
203.205185000028	EXP	szo_kiir: autoDraw = true
205.070950000023	DATA	Keydown: ArrowRight
205.09879499999806	EXP	szo_kiir: autoDraw = false
205.09879499999806	EXP	szo_kiir: color = {"_rgb":[1,1,1]}
205.09879499999806	EXP	szo_kiir: text = "mérgesít"
205.60433000000194	EXP	szo_kiir: autoDraw = true
206.77193000004627	DATA	Keydown: ArrowRight
206.78426000004401	EXP	szo_kiir: autoDraw = false
206.78426000004401	EXP	szo_kiir: color = {"_rgb":[1,1,1]}
206.78426000004401	EXP	szo_kiir: text = "sziksófű"
207.30477000004612	EXP	szo_kiir: autoDraw = true
210.12434500001837	DATA	Keydown: ArrowLeft
210.13417000003392	EXP	szo_kiir: autoDraw = false
210.13417000003392	EXP	szo_kiir: color = {"_rgb":[1,1,1]}
210.13417000003392	EXP	szo_kiir: text = "jegedény"
210.65458500001114	EXP	szo_kiir: autoDraw = true
212.31928500003414	DATA	Keydown: ArrowLeft
212.35038000001805	EXP	szo_kiir: autoDraw = false
212.35038000001805	EXP	szo_kiir: color = {"_rgb":[1,1,1]}
212.35038000001805	EXP	szo_kiir: text = "süteményestál"
212.87109500000952	EXP	szo_kiir: autoDraw = true
213.83694000000833	DATA	Keydown: ArrowRight
213.8492350000306	EXP	szo_kiir: autoDraw = false
213.8492350000306	EXP	szo_kiir: color = {"_rgb":[1,1,1]}
213.8492350000306	EXP	szo_kiir: text = "téveszmerendszer"
214.37138000002597	EXP	szo_kiir: autoDraw = true
216.49525999999605	DATA	Keydown: ArrowRight
216.51637500000652	EXP	szo_kiir: autoDraw = false
216.51637500000652	EXP	szo_kiir: color = {"_rgb":[1,1,1]}
216.51637500000652	EXP	szo_kiir: text = "farkasbab"
217.0370100000291	EXP	szo_kiir: autoDraw = true
218.051855000027	DATA	Keydown: ArrowRight
218.06725500000175	EXP	szo_kiir: autoDraw = false
218.06725500000175	EXP	szo_kiir: color = {"_rgb":[1,1,1]}
218.06725500000175	EXP	szo_kiir: text = "zenő"
218.58758500003023	EXP	szo_kiir: autoDraw = true
219.13887000002433	DATA	Keydown: ArrowRight
219.15014000004157	EXP	szo_kiir: autoDraw = false
219.15014000004157	EXP	szo_kiir: color = {"_rgb":[1,1,1]}
219.15014000004157	EXP	szo_kiir: text = "gyásos"
219.67073500005063	EXP	szo_kiir: autoDraw = true
220.70861500001047	DATA	Keydown: ArrowLeft
220.7340700000059	EXP	szo_kiir: autoDraw = false
220.7340700000059	EXP	szo_kiir: color = {"_rgb":[1,1,1]}
220.7340700000059	EXP	szo_kiir: text = "vabank"
221.2535200000275	EXP	szo_kiir: autoDraw = true
222.0121849999996	DATA	Keydown: ArrowLeft
222.0174550000229	EXP	szo_kiir: autoDraw = false
222.0174550000229	EXP	szo_kiir: color = {"_rgb":[1,1,1]}
222.0174550000229	EXP	szo_kiir: text = "zománcáru"
222.5369350000401	EXP	szo_kiir: autoDraw = true
223.3953900000197	DATA	Keydown: ArrowRight
223.40160500002094	EXP	szo_kiir: autoDraw = false
223.40160500002094	EXP	szo_kiir: color = {"_rgb":[1,1,1]}
223.40160500002094	EXP	szo_kiir: text = "hazardíroz"
223.9180050000432	EXP	szo_kiir: autoDraw = true
225.60749000002397	DATA	Keydown: ArrowRight
225.63597500004107	EXP	szo_kiir: autoDraw = false
225.63597500004107	EXP	szo_kiir: color = {"_rgb":[1,1,1]}
225.63597500004107	EXP	szo_kiir: text = "igásjószág"
226.15203500003554	EXP	szo_kiir: autoDraw = true
227.50258500000928	DATA	Keydown: ArrowLeft
227.51643000001786	EXP	szo_kiir: autoDraw = false
227.51643000001786	EXP	szo_kiir: color = {"_rgb":[1,1,1]}
227.51643000001786	EXP	szo_kiir: text = "tokosodik"
228.03800000000047	EXP	szo_kiir: autoDraw = true
230.04367000004277	DATA	Keydown: ArrowRight
230.04965000000084	EXP	szo_kiir: autoDraw = false
230.04965000000084	EXP	szo_kiir: color = {"_rgb":[1,1,1]}
230.04965000000084	EXP	szo_kiir: text = "inta"
230.57182000001194	EXP	szo_kiir: autoDraw = true
231.49300000001676	DATA	Keydown: ArrowLeft
231.51460000005318	EXP	szo_kiir: autoDraw = false
231.51460000005318	EXP	szo_kiir: color = {"_rgb":[1,1,1]}
231.51460000005318	EXP	szo_kiir: text = "szíjaz"
232.01993000000948	EXP	szo_kiir: autoDraw = true
232.80305500002578	DATA	Keydown: ArrowRight
232.81698000000324	EXP	szo_kiir: autoDraw = false
232.81698000000324	EXP	szo_kiir: color = {"_rgb":[1,1,1]}
232.81698000000324	EXP	szo_kiir: text = "pentez"
233.3365150000318	EXP	szo_kiir: autoDraw = true
234.28454500000225	DATA	Keydown: ArrowLeft
234.31632000004174	EXP	szo_kiir: autoDraw = false
234.31632000004174	EXP	szo_kiir: color = {"_rgb":[1,1,1]}
234.31632000004174	EXP	szo_kiir: text = "magmatit"
234.8360550000216	EXP	szo_kiir: autoDraw = true
235.6560200000531	DATA	Keydown: ArrowRight
235.66649000003235	EXP	szo_kiir: autoDraw = false
235.66649000003235	EXP	szo_kiir: color = {"_rgb":[1,1,1]}
235.66649000003235	EXP	szo_kiir: text = "fentereg"
236.18604500003858	EXP	szo_kiir: autoDraw = true
237.82798500003992	DATA	Keydown: ArrowLeft
237.83339000004344	EXP	szo_kiir: autoDraw = false
237.83339000004344	EXP	szo_kiir: color = {"_rgb":[1,1,1]}
237.83339000004344	EXP	szo_kiir: text = "heliotropizmus"
238.3536900000181	EXP	szo_kiir: autoDraw = true
241.47807000001194	DATA	Keydown: ArrowLeft
241.48541500000283	EXP	szo_kiir: autoDraw = false
241.48541500000283	EXP	szo_kiir: color = {"_rgb":[1,1,1]}
241.48541500000283	EXP	szo_kiir: text = "striguláz"
242.0031050000107	EXP	szo_kiir: autoDraw = true
243.31805500003975	DATA	Keydown: ArrowRight
243.34928500000387	EXP	szo_kiir: autoDraw = false
243.34928500000387	EXP	szo_kiir: color = {"_rgb":[1,1,1]}
243.34928500000387	EXP	szo_kiir: text = "csüggedez"
243.96358500001952	EXP	szo_kiir: autoDraw = true
248.04121500003384	DATA	Keydown: ArrowLeft
248.0517899999977	EXP	szo_kiir: autoDraw = false
248.0517899999977	EXP	szo_kiir: color = {"_rgb":[1,1,1]}
248.0517899999977	EXP	szo_kiir: text = "borodó"
248.56530000001658	EXP	szo_kiir: autoDraw = true
249.7561149999965	DATA	Keydown: ArrowLeft
249.76816500001587	EXP	szo_kiir: autoDraw = false
249.76816500001587	EXP	szo_kiir: color = {"_rgb":[1,1,1]}
249.76816500001587	EXP	szo_kiir: text = "frakcionál"
250.28591500001494	EXP	szo_kiir: autoDraw = true
251.56924000004074	DATA	Keydown: ArrowRight
251.5866700000479	EXP	szo_kiir: autoDraw = false
251.5866700000479	EXP	szo_kiir: color = {"_rgb":[1,1,1]}
251.5866700000479	EXP	szo_kiir: text = "hivatalnokoskodik"
252.10202500002924	EXP	szo_kiir: autoDraw = true
255.38879500003532	DATA	Keydown: ArrowRight
255.40085500001442	EXP	szo_kiir: autoDraw = false
255.40085500001442	EXP	szo_kiir: color = {"_rgb":[1,1,1]}
255.40085500001442	EXP	szo_kiir: text = "heherész"
255.91970000002766	EXP	szo_kiir: autoDraw = true
257.3812050000415	DATA	Keydown: ArrowRight
257.40168000000995	EXP	szo_kiir: autoDraw = false
257.40168000000995	EXP	szo_kiir: color = {"_rgb":[1,1,1]}
257.40168000000995	EXP	szo_kiir: text = "kétvonalú"
257.91993500001263	EXP	szo_kiir: autoDraw = true
258.7423950000084	DATA	Keydown: ArrowRight
258.74947000003885	EXP	szo_kiir: autoDraw = false
258.74947000003885	EXP	szo_kiir: color = {"_rgb":[1,1,1]}
258.74947000003885	EXP	szo_kiir: text = "istác"
259.26937000005273	EXP	szo_kiir: autoDraw = true
260.4605950000114	DATA	Keydown: ArrowLeft
260.4668000000529	EXP	szo_kiir: autoDraw = false
260.4668000000529	EXP	szo_kiir: color = {"_rgb":[1,1,1]}
260.4668000000529	EXP	szo_kiir: text = "lexikológus"
260.98678000003565	EXP	szo_kiir: autoDraw = true
263.15208000002895	DATA	Keydown: ArrowRight
263.1845200000098	EXP	szo_kiir: autoDraw = false
263.1845200000098	EXP	szo_kiir: color = {"_rgb":[1,1,1]}
263.1845200000098	EXP	szo_kiir: text = "erődéki"
263.70248999999603	EXP	szo_kiir: autoDraw = true
264.50153000000864	DATA	Keydown: ArrowLeft
264.5159200000344	EXP	szo_kiir: autoDraw = false
264.5159200000344	EXP	szo_kiir: color = {"_rgb":[1,1,1]}
264.5159200000344	EXP	szo_kiir: text = "csüggöny"
265.0355250000139	EXP	szo_kiir: autoDraw = true
266.43290000001434	DATA	Keydown: ArrowLeft
266.4664150000317	EXP	szo_kiir: autoDraw = false
266.4664150000317	EXP	szo_kiir: color = {"_rgb":[1,1,1]}
266.4664150000317	EXP	szo_kiir: text = "hantáz"
266.98512000002665	EXP	szo_kiir: autoDraw = true
267.90592000004835	DATA	Keydown: ArrowRight
267.91526000003796	EXP	szo_kiir: autoDraw = false
267.91526000003796	EXP	szo_kiir: color = {"_rgb":[1,1,1]}
267.91526000003796	EXP	szo_kiir: text = "periodogram"
268.4354850000236	EXP	szo_kiir: autoDraw = true
270.00820000004023	DATA	Keydown: ArrowLeft
270.012880000053	EXP	szo_kiir: autoDraw = false
270.012880000053	EXP	szo_kiir: color = {"_rgb":[1,1,1]}
270.012880000053	EXP	szo_kiir: text = "pozákevegy"
270.5312850000337	EXP	szo_kiir: autoDraw = true
271.40048500004923	DATA	Keydown: ArrowLeft
271.4383600000292	EXP	szo_kiir: autoDraw = false
271.4383600000292	EXP	szo_kiir: color = {"_rgb":[1,1,1]}
271.4383600000292	EXP	szo_kiir: text = "káinbélyeg"
271.95230000000447	EXP	szo_kiir: autoDraw = true
272.621855000034	DATA	Keydown: ArrowLeft
272.63223000004655	EXP	szo_kiir: autoDraw = false
272.63223000004655	EXP	szo_kiir: color = {"_rgb":[1,1,1]}
272.63223000004655	EXP	szo_kiir: text = "tárcsöngy"
273.1529300000402	EXP	szo_kiir: autoDraw = true
275.106630000053	DATA	Keydown: ArrowLeft
275.11567000002833	EXP	szo_kiir: autoDraw = false
275.11567000002833	EXP	szo_kiir: color = {"_rgb":[1,1,1]}
275.11567000002833	EXP	szo_kiir: text = "antikommutatív"
275.63716000004206	EXP	szo_kiir: autoDraw = true
279.7857200000435	DATA	Keydown: ArrowRight
279.800520000048	EXP	szo_kiir: autoDraw = false
279.800520000048	EXP	szo_kiir: color = {"_rgb":[1,1,1]}
279.800520000048	EXP	szo_kiir: text = "széledez"
280.31911500002025	EXP	szo_kiir: autoDraw = true
281.11995500000194	DATA	Keydown: ArrowLeft
281.1288250000216	EXP	szo_kiir: autoDraw = false
281.1288250000216	EXP	szo_kiir: color = {"_rgb":[1,1,1]}
281.1288250000216	EXP	szo_kiir: text = "aximai"
281.63671500002965	EXP	szo_kiir: autoDraw = true
283.0869300000486	DATA	Keydown: ArrowLeft
283.0982050000457	EXP	szo_kiir: autoDraw = false
283.0982050000457	EXP	szo_kiir: color = {"_rgb":[1,1,1]}
283.0982050000457	EXP	szo_kiir: text = "köszörűsműhely"
283.621370000008	EXP	szo_kiir: autoDraw = true
284.7366500000353	DATA	Keydown: ArrowRight
284.75884000002407	EXP	szo_kiir: autoDraw = false
284.75884000002407	EXP	szo_kiir: color = {"_rgb":[1,1,1]}
284.75884000002407	EXP	szo_kiir: text = "kibogarász"
285.2679300000309	EXP	szo_kiir: autoDraw = true
286.5238300000201	DATA	Keydown: ArrowRight
286.53035000001546	EXP	szo_kiir: autoDraw = false
286.53035000001546	EXP	szo_kiir: color = {"_rgb":[1,1,1]}
286.53035000001546	EXP	szo_kiir: text = "ködik"
287.0509200000088	EXP	szo_kiir: autoDraw = true
288.39037000003736	DATA	Keydown: ArrowLeft
288.42635500000324	EXP	szo_kiir: autoDraw = false
288.42635500000324	EXP	koszi_szoveg: autoDraw = true
