0.10813000006601214	EXP	Created Window = Window( name=Window, fullscr=true, color=#000000, units=norm, waitBlanking=true, autoLog=true, size=[1536,706] )
2.3191250001545995	DATA	Keydown: 1
2.592515000142157	DATA	Keydown: 3
2.7608800001908094	DATA	Keydown: 3
3.0735350002069026	DATA	Keydown: 0
6.7571200001984835	DATA	Keydown: n
8.855815000133589	DATA	Keydown: ő
10.576044999994338	DATA	Keydown: 1
11.236855000024661	DATA	Keydown: 9
11.519810000201687	DATA	Keydown: 8
12.240824999986216	DATA	Keydown: 5
13.509095000103116	DATA	Keydown: Backspace
13.808889999985695	DATA	Keydown: 4
14.232030000071973	DATA	Keydown: .
14.5554500001017	DATA	Keydown: 0
15.020815000170842	DATA	Keydown: 4
15.147055000066757	DATA	Keydown: .
15.873125000158325	DATA	Keydown: 1
16.32660000002943	DATA	Keydown: 4
23.36302000004798	DATA	Keydown: 1
23.78925500018522	DATA	Keydown: 4
25.888410000130534	EXP	Created instruction_text1 = TextStim( name=instruction_text1, win=Window( name=Window, fullscr=true, color=#000000, ~), autoDraw=null, autoLog=true, units=norm, ori=null, opacity=1, pos=[0,0], size=undefined, text=Ön most szavakat fog látni.

Ezek között lesznek o~, font=Arial, color=#ffffff, contrast=1, height=0.05, bold=null, italic=null, alignHoriz=left, alignVert=center, wrapWidth=1, flipHoriz=null, flipVert=null )
25.891294999979436	EXP	Created instruction_text2 = TextStim( name=instruction_text2, win=Window( name=Window, fullscr=true, color=#000000, ~), autoDraw=null, autoLog=true, units=norm, ori=null, opacity=1, pos=[0,0], size=undefined, text=Először két egyszerű példát mutatunk Önnek.

Az el~, font=Arial, color=#FFFFFF, contrast=1, height=0.05, bold=null, italic=null, alignHoriz=left, alignVert=center, wrapWidth=1, flipHoriz=null, flipVert=null )
25.894555000122637	EXP	Created show_text = TextStim( name=show_text, win=Window( name=Window, fullscr=true, color=#000000, ~), autoDraw=null, autoLog=true, units=norm, ori=null, opacity=1, pos=[0,0], size=undefined, text=asztal, font=Arial, color=#FFFFFF, contrast=1, height=0.2, bold=null, italic=null, alignHoriz=left, alignVert=center, wrapWidth=1, flipHoriz=null, flipVert=null )
25.897195000201464	EXP	Created text = TextStim( name=text, win=Window( name=Window, fullscr=true, color=#000000, ~), autoDraw=null, autoLog=true, units=norm, ori=null, opacity=1, pos=[0,0], size=undefined, text=bzsmfsztal, font=Arial, color=#FFFFFF, contrast=1, height=0.2, bold=null, italic=null, alignHoriz=left, alignVert=center, wrapWidth=1, flipHoriz=null, flipVert=null )
25.899910000152886	EXP	Created instruction_text3 = TextStim( name=instruction_text3, win=Window( name=Window, fullscr=true, color=#000000, ~), autoDraw=null, autoLog=true, units=norm, ori=null, opacity=1, pos=[0,0], size=undefined, text=Pazar. Most kezdődik az igazi kísérlet. Néhány per~, font=Arial, color=#FFFFFF, contrast=1, height=0.1, bold=null, italic=null, alignHoriz=left, alignVert=center, wrapWidth=1, flipHoriz=null, flipVert=null )
25.902045000111684	EXP	Created szo_kiir = TextStim( name=szo_kiir, win=Window( name=Window, fullscr=true, color=#000000, ~), autoDraw=null, autoLog=true, units=norm, ori=null, opacity=1, pos=[0,0], size=undefined, text=default text, font=Arial, color=#FFFFFF, contrast=1, height=0.2, bold=null, italic=null, alignHoriz=left, alignVert=center, wrapWidth=1, flipHoriz=null, flipVert=null )
25.903640000149608	EXP	Created koszi_szoveg = TextStim( name=koszi_szoveg, win=Window( name=Window, fullscr=true, color=#000000, ~), autoDraw=null, autoLog=true, units=norm, ori=null, opacity=1, pos=[0,0], size=undefined, text=Vége a kísérletnek. Köszönjük a részvételt!, font=arial, color=#ffffff, contrast=1, height=0.1, bold=null, italic=null, alignHoriz=left, alignVert=center, wrapWidth=1, flipHoriz=null, flipVert=null )
26.00436000013724	EXP	instruction_text1: units = "norm"
26.00436000013724	EXP	instruction_text1: ori = 0
26.00436000013724	EXP	instruction_text1: opacity = 1
26.00436000013724	EXP	instruction_text1: pos = [0,0]
26.00436000013724	EXP	instruction_text1: size = undefined
26.00436000013724	EXP	instruction_text1: text = "Ön most szavakat fog látni.\n\nEzek között lesznek olyanok, amelyeket ismer, de előfordulhatnak olyanok is, amelyeket nem ismer, sőt, vannak köztük kitalált szavak is. \n\nKérjük, ha ismeri a képernyőn látható szót, nyomja meg a JOBB kurzorbillentyűt.\nKérjük, ha NEM ismeri a képernyőn látható szót, vagy azt gondolja, nincs ilyen szó a magyarban, nyomja meg a BAL kurzorbillentyűt.\n\nAz 'Ismerem a szót' döntés itt most ezt jelenti: találkoztam már vele, és van valami elképzelésem a jelentéséről is.  \n\nNyomjon meg bármilyen billentyűt a folytatáshoz."
26.00436000013724	EXP	instruction_text1: font = "Arial"
26.00436000013724	EXP	instruction_text1: color = {"_rgb":[1,1,1]}
26.00436000013724	EXP	instruction_text1: contrast = 1
26.00436000013724	EXP	instruction_text1: height = 0.05
26.00436000013724	EXP	instruction_text1: bold = false
26.00436000013724	EXP	instruction_text1: italic = false
26.00436000013724	EXP	instruction_text1: alignHoriz = "left"
26.00436000013724	EXP	instruction_text1: alignVert = "center"
26.00436000013724	EXP	instruction_text1: wrapWidth = 1
26.00436000013724	EXP	instruction_text1: flipHoriz = false
26.00436000013724	EXP	instruction_text1: flipVert = false
26.00436000013724	EXP	instruction_text2: units = "norm"
26.00436000013724	EXP	instruction_text2: ori = 0
26.00436000013724	EXP	instruction_text2: opacity = 1
26.00436000013724	EXP	instruction_text2: pos = [0,0]
26.00436000013724	EXP	instruction_text2: size = undefined
26.00436000013724	EXP	instruction_text2: text = "Először két egyszerű példát mutatunk Önnek.\n\nAz első szó létezik a magyarban, és valószínűleg Ön is ismeri. Itt nyomja majd meg a jobb kurzorbillentyűt.\nA második szó nem létezik a magyar nyelvben. Itt nyomja majd meg a bal kurzorbillentyűt.\n\nFontos, hogy a jobb gombot a jobb kezével, a bal gombot a bal kezével nyomja, ha tudja, és ne egy kezét használja a kísérletben.\n\nNyomjon meg bármilyen gombot a folytatáshoz."
26.00436000013724	EXP	instruction_text2: font = "Arial"
26.00436000013724	EXP	instruction_text2: color = {"_hex":"#FFFFFF","_rgb":[1,1,1]}
26.00436000013724	EXP	instruction_text2: contrast = 1
26.00436000013724	EXP	instruction_text2: height = 0.05
26.00436000013724	EXP	instruction_text2: bold = false
26.00436000013724	EXP	instruction_text2: italic = false
26.00436000013724	EXP	instruction_text2: alignHoriz = "left"
26.00436000013724	EXP	instruction_text2: alignVert = "center"
26.00436000013724	EXP	instruction_text2: wrapWidth = 1
26.00436000013724	EXP	instruction_text2: flipHoriz = false
26.00436000013724	EXP	instruction_text2: flipVert = false
26.00436000013724	EXP	show_text: units = "norm"
26.00436000013724	EXP	show_text: ori = 0
26.00436000013724	EXP	show_text: opacity = 1
26.00436000013724	EXP	show_text: pos = [0,0]
26.00436000013724	EXP	show_text: size = undefined
26.00436000013724	EXP	show_text: text = "asztal"
26.00436000013724	EXP	show_text: font = "Arial"
26.00436000013724	EXP	show_text: color = {"_hex":"#FFFFFF","_rgb":[1,1,1]}
26.00436000013724	EXP	show_text: contrast = 1
26.00436000013724	EXP	show_text: height = 0.2
26.00436000013724	EXP	show_text: bold = false
26.00436000013724	EXP	show_text: italic = false
26.00436000013724	EXP	show_text: alignHoriz = "left"
26.00436000013724	EXP	show_text: alignVert = "center"
26.00436000013724	EXP	show_text: wrapWidth = 1
26.00436000013724	EXP	show_text: flipHoriz = false
26.00436000013724	EXP	show_text: flipVert = false
26.00436000013724	EXP	text: units = "norm"
26.00436000013724	EXP	text: ori = 0
26.00436000013724	EXP	text: opacity = 1
26.00436000013724	EXP	text: pos = [0,0]
26.00436000013724	EXP	text: size = undefined
26.00436000013724	EXP	text: text = "bzsmfsztal"
26.00436000013724	EXP	text: font = "Arial"
26.00436000013724	EXP	text: color = {"_hex":"#FFFFFF","_rgb":[1,1,1]}
26.00436000013724	EXP	text: contrast = 1
26.00436000013724	EXP	text: height = 0.2
26.00436000013724	EXP	text: bold = false
26.00436000013724	EXP	text: italic = false
26.00436000013724	EXP	text: alignHoriz = "left"
26.00436000013724	EXP	text: alignVert = "center"
26.00436000013724	EXP	text: wrapWidth = 1
26.00436000013724	EXP	text: flipHoriz = false
26.00436000013724	EXP	text: flipVert = false
26.00436000013724	EXP	instruction_text3: units = "norm"
26.00436000013724	EXP	instruction_text3: ori = 0
26.00436000013724	EXP	instruction_text3: opacity = 1
26.00436000013724	EXP	instruction_text3: pos = [0,0]
26.00436000013724	EXP	instruction_text3: size = undefined
26.00436000013724	EXP	instruction_text3: text = "Pazar. Most kezdődik az igazi kísérlet. Néhány percig fog tartani. Nem kell nagyon sietnie, de igyekezzen gyorsan válaszolni.\n\nNe feledje, ha tudja, a jobb gombot a jobbkezével, a bal gombot a balkezével nyomja le.\n\nNyomjon meg bármilyen gombot a folytatáshoz."
26.00436000013724	EXP	instruction_text3: font = "Arial"
26.00436000013724	EXP	instruction_text3: color = {"_hex":"#FFFFFF","_rgb":[1,1,1]}
26.00436000013724	EXP	instruction_text3: contrast = 1
26.00436000013724	EXP	instruction_text3: height = 0.1
26.00436000013724	EXP	instruction_text3: bold = false
26.00436000013724	EXP	instruction_text3: italic = false
26.00436000013724	EXP	instruction_text3: alignHoriz = "left"
26.00436000013724	EXP	instruction_text3: alignVert = "center"
26.00436000013724	EXP	instruction_text3: wrapWidth = 1
26.00436000013724	EXP	instruction_text3: flipHoriz = false
26.00436000013724	EXP	instruction_text3: flipVert = false
26.00436000013724	EXP	szo_kiir: units = "norm"
26.00436000013724	EXP	szo_kiir: ori = 0
26.00436000013724	EXP	szo_kiir: opacity = 1
26.00436000013724	EXP	szo_kiir: pos = [0,0]
26.00436000013724	EXP	szo_kiir: size = undefined
26.00436000013724	EXP	szo_kiir: text = "default text"
26.00436000013724	EXP	szo_kiir: font = "Arial"
26.00436000013724	EXP	szo_kiir: color = {"_hex":"#FFFFFF","_rgb":[1,1,1]}
26.00436000013724	EXP	szo_kiir: contrast = 1
26.00436000013724	EXP	szo_kiir: height = 0.2
26.00436000013724	EXP	szo_kiir: bold = false
26.00436000013724	EXP	szo_kiir: italic = false
26.00436000013724	EXP	szo_kiir: alignHoriz = "left"
26.00436000013724	EXP	szo_kiir: alignVert = "center"
26.00436000013724	EXP	szo_kiir: wrapWidth = 1
26.00436000013724	EXP	szo_kiir: flipHoriz = false
26.00436000013724	EXP	szo_kiir: flipVert = false
26.00436000013724	EXP	koszi_szoveg: units = "norm"
26.00436000013724	EXP	koszi_szoveg: ori = 0
26.00436000013724	EXP	koszi_szoveg: opacity = 1
26.00436000013724	EXP	koszi_szoveg: pos = [0,0]
26.00436000013724	EXP	koszi_szoveg: size = undefined
26.00436000013724	EXP	koszi_szoveg: text = "Vége a kísérletnek. Köszönjük a részvételt!"
26.00436000013724	EXP	koszi_szoveg: font = "arial"
26.00436000013724	EXP	koszi_szoveg: color = {"_rgb":[1,1,1]}
26.00436000013724	EXP	koszi_szoveg: contrast = 1
26.00436000013724	EXP	koszi_szoveg: height = 0.1
26.00436000013724	EXP	koszi_szoveg: bold = false
26.00436000013724	EXP	koszi_szoveg: italic = false
26.00436000013724	EXP	koszi_szoveg: alignHoriz = "left"
26.00436000013724	EXP	koszi_szoveg: alignVert = "center"
26.00436000013724	EXP	koszi_szoveg: wrapWidth = 1
26.00436000013724	EXP	koszi_szoveg: flipHoriz = false
26.00436000013724	EXP	koszi_szoveg: flipVert = false
26.00436000013724	EXP	instruction_text1: autoDraw = true
71.41150000016205	DATA	Keydown: ArrowRight
71.43519000010565	EXP	instruction_text1: autoDraw = false
71.43519000010565	EXP	instruction_text2: autoDraw = true
78.91094000008889	DATA	Keydown: ArrowRight
78.92666000011377	EXP	instruction_text2: autoDraw = false
79.4662450000178	EXP	show_text: autoDraw = true
79.61705000000075	DATA	Keydown: ArrowRight
79.62728999997489	EXP	show_text: autoDraw = false
80.15299000008963	EXP	text: autoDraw = true
81.08208500011824	DATA	Keydown: ArrowLeft
81.12328000017442	EXP	text: autoDraw = false
81.12328000017442	EXP	instruction_text3: autoDraw = true
97.8977250000462	DATA	Keydown: ArrowRight
97.9464750001207	EXP	instruction_text3: autoDraw = false
97.9464750001207	EXP	szo_kiir: color = {"_rgb":[1,1,1]}
97.9464750001207	EXP	szo_kiir: text = "sételi"
98.45558000006713	EXP	szo_kiir: autoDraw = true
99.55439499998465	DATA	Keydown: ArrowLeft
99.56874000001699	EXP	szo_kiir: autoDraw = false
99.56874000001699	EXP	szo_kiir: color = {"_rgb":[1,1,1]}
99.56874000001699	EXP	szo_kiir: text = "tartozik"
99.82151000015438	DATA	Mouse: 0 button down, pos=(822.400012254715,605.600057852269)
100.0880350000225	EXP	szo_kiir: autoDraw = true
100.84870000020601	DATA	Keydown: ArrowRight
100.86480500013568	EXP	szo_kiir: autoDraw = false
100.86480500013568	EXP	szo_kiir: color = {"_rgb":[1,1,1]}
100.86480500013568	EXP	szo_kiir: text = "jákfű"
101.36985000013374	EXP	szo_kiir: autoDraw = true
102.1711550001055	DATA	Keydown: ArrowLeft
102.18275500019081	EXP	szo_kiir: autoDraw = false
102.18275500019081	EXP	szo_kiir: color = {"_rgb":[1,1,1]}
102.18275500019081	EXP	szo_kiir: text = "jog"
102.70178000000305	EXP	szo_kiir: autoDraw = true
103.42330999998376	DATA	Keydown: ArrowRight
103.4418800000567	EXP	szo_kiir: autoDraw = false
103.4418800000567	EXP	szo_kiir: color = {"_rgb":[1,1,1]}
103.4418800000567	EXP	szo_kiir: text = "anaszsében"
103.95337500004098	EXP	szo_kiir: autoDraw = true
104.96666999999434	DATA	Keydown: ArrowLeft
104.98181500006467	EXP	szo_kiir: autoDraw = false
104.98181500006467	EXP	szo_kiir: color = {"_rgb":[1,1,1]}
104.98181500006467	EXP	szo_kiir: text = "méhezter"
105.50171500002034	EXP	szo_kiir: autoDraw = true
106.26978000020608	DATA	Keydown: ArrowLeft
106.29582000011578	EXP	szo_kiir: autoDraw = false
106.29582000011578	EXP	szo_kiir: color = {"_rgb":[1,1,1]}
106.29582000011578	EXP	szo_kiir: text = "lokkolhat"
106.80074000009336	EXP	szo_kiir: autoDraw = true
107.57730500004254	DATA	Keydown: ArrowLeft
107.58097000000998	EXP	szo_kiir: autoDraw = false
107.58097000000998	EXP	szo_kiir: color = {"_rgb":[1,1,1]}
107.58097000000998	EXP	szo_kiir: text = "módszer"
108.10058500012383	EXP	szo_kiir: autoDraw = true
110.29798000003211	DATA	Keydown: ArrowRight
110.31820500013418	EXP	szo_kiir: autoDraw = false
110.31820500013418	EXP	szo_kiir: color = {"_rgb":[1,1,1]}
110.31820500013418	EXP	szo_kiir: text = "szint"
110.83239000011235	EXP	szo_kiir: autoDraw = true
111.42171000014059	DATA	Keydown: ArrowRight
111.4296800000593	EXP	szo_kiir: autoDraw = false
111.4296800000593	EXP	szo_kiir: color = {"_rgb":[1,1,1]}
111.4296800000593	EXP	szo_kiir: text = "csomag"
111.94913500011899	EXP	szo_kiir: autoDraw = true
112.51362000009976	DATA	Keydown: ArrowRight
112.53456000005826	EXP	szo_kiir: autoDraw = false
112.53456000005826	EXP	szo_kiir: color = {"_rgb":[1,1,1]}
112.53456000005826	EXP	szo_kiir: text = "református"
113.04922500019893	EXP	szo_kiir: autoDraw = true
113.69626500015147	DATA	Keydown: ArrowRight
113.71211000019684	EXP	szo_kiir: autoDraw = false
113.71211000019684	EXP	szo_kiir: color = {"_rgb":[1,1,1]}
113.71211000019684	EXP	szo_kiir: text = "jármű"
114.23113500000909	EXP	szo_kiir: autoDraw = true
114.84037000010721	DATA	Keydown: ArrowRight
114.85230000014417	EXP	szo_kiir: autoDraw = false
114.85230000014417	EXP	szo_kiir: color = {"_rgb":[1,1,1]}
114.85230000014417	EXP	szo_kiir: text = "kritikus"
115.36417499999516	EXP	szo_kiir: autoDraw = true
116.11512000020593	DATA	Keydown: ArrowRight
116.12801000010222	EXP	szo_kiir: autoDraw = false
116.12801000010222	EXP	szo_kiir: color = {"_rgb":[1,1,1]}
116.12801000010222	EXP	szo_kiir: text = "rohangsári"
116.64704499999061	EXP	szo_kiir: autoDraw = true
117.72239000000991	DATA	Keydown: ArrowLeft
117.73273500008509	EXP	szo_kiir: autoDraw = false
117.73273500008509	EXP	szo_kiir: color = {"_rgb":[1,1,1]}
117.73273500008509	EXP	szo_kiir: text = "krém"
118.24592000013217	EXP	szo_kiir: autoDraw = true
119.37338500004262	DATA	Keydown: ArrowRight
119.37701499997638	EXP	szo_kiir: autoDraw = false
119.37701499997638	EXP	szo_kiir: color = {"_rgb":[1,1,1]}
119.37701499997638	EXP	szo_kiir: text = "általad"
119.89597499999218	EXP	szo_kiir: autoDraw = true
120.81083500012755	DATA	Keydown: ArrowRight
120.83101000008173	EXP	szo_kiir: autoDraw = false
120.83101000008173	EXP	szo_kiir: color = {"_rgb":[1,1,1]}
120.83101000008173	EXP	szo_kiir: text = "remény"
121.34609500016086	EXP	szo_kiir: autoDraw = true
121.92166500003077	DATA	Keydown: ArrowRight
121.92615499999374	EXP	szo_kiir: autoDraw = false
121.92615499999374	EXP	szo_kiir: color = {"_rgb":[1,1,1]}
121.92615499999374	EXP	szo_kiir: text = "rock"
122.44497000006959	EXP	szo_kiir: autoDraw = true
123.10986500000581	DATA	Keydown: ArrowRight
123.13048000005074	EXP	szo_kiir: autoDraw = false
123.13048000005074	EXP	szo_kiir: color = {"_rgb":[1,1,1]}
123.13048000005074	EXP	szo_kiir: text = "repülőgép"
123.64648500015028	EXP	szo_kiir: autoDraw = true
124.27632000017911	DATA	Keydown: ArrowRight
124.2919300000649	EXP	szo_kiir: autoDraw = false
124.2919300000649	EXP	szo_kiir: color = {"_rgb":[1,1,1]}
124.2919300000649	EXP	szo_kiir: text = "citrom"
124.81069499999285	EXP	szo_kiir: autoDraw = true
125.32988500013016	DATA	Keydown: ArrowRight
125.34580000001006	EXP	szo_kiir: autoDraw = false
125.34580000001006	EXP	szo_kiir: color = {"_rgb":[1,1,1]}
125.34580000001006	EXP	szo_kiir: text = "kalcium"
125.86052500014193	EXP	szo_kiir: autoDraw = true
126.65159000013955	DATA	Keydown: ArrowRight
126.65810000011697	EXP	szo_kiir: autoDraw = false
126.65810000011697	EXP	szo_kiir: color = {"_rgb":[1,1,1]}
126.65810000011697	EXP	szo_kiir: text = "űrlap"
127.17629000009038	EXP	szo_kiir: autoDraw = true
127.74733500019647	DATA	Keydown: ArrowRight
127.76231500017457	EXP	szo_kiir: autoDraw = false
127.76231500017457	EXP	szo_kiir: color = {"_rgb":[1,1,1]}
127.76231500017457	EXP	szo_kiir: text = "majozárói"
128.27733499999158	EXP	szo_kiir: autoDraw = true
129.43002500012517	DATA	Keydown: ArrowLeft
129.44051000010222	EXP	szo_kiir: autoDraw = false
129.44051000010222	EXP	szo_kiir: color = {"_rgb":[1,1,1]}
129.44051000010222	EXP	szo_kiir: text = "alanító"
129.9592100000009	EXP	szo_kiir: autoDraw = true
131.66774000017904	DATA	Keydown: ArrowLeft
131.67709500016645	EXP	szo_kiir: autoDraw = false
131.67709500016645	EXP	szo_kiir: color = {"_rgb":[1,1,1]}
131.67709500016645	EXP	szo_kiir: text = "késik"
132.19124500011094	EXP	szo_kiir: autoDraw = true
133.21971000009216	DATA	Keydown: ArrowRight
133.22250999999233	EXP	szo_kiir: autoDraw = false
133.22250999999233	EXP	szo_kiir: color = {"_rgb":[1,1,1]}
133.22250999999233	EXP	szo_kiir: text = "részeg"
133.7407550001517	EXP	szo_kiir: autoDraw = true
134.4974550001789	DATA	Keydown: ArrowRight
134.5097750001587	EXP	szo_kiir: autoDraw = false
134.5097750001587	EXP	szo_kiir: color = {"_rgb":[1,1,1]}
134.5097750001587	EXP	szo_kiir: text = "majom"
135.02273000008427	EXP	szo_kiir: autoDraw = true
135.50272500002757	DATA	Keydown: ArrowRight
135.504950000206	EXP	szo_kiir: autoDraw = false
135.504950000206	EXP	szo_kiir: color = {"_rgb":[1,1,1]}
135.504950000206	EXP	szo_kiir: text = "esztikussz"
136.02303500007838	EXP	szo_kiir: autoDraw = true
137.45784000004642	DATA	Keydown: ArrowLeft
137.47424000012688	EXP	szo_kiir: autoDraw = false
137.47424000012688	EXP	szo_kiir: color = {"_rgb":[1,1,1]}
137.47424000012688	EXP	szo_kiir: text = "hierarchikus"
137.98985500005074	EXP	szo_kiir: autoDraw = true
139.44550999999046	DATA	Keydown: ArrowRight
139.45348999998532	EXP	szo_kiir: autoDraw = false
139.45348999998532	EXP	szo_kiir: color = {"_rgb":[1,1,1]}
139.45348999998532	EXP	szo_kiir: text = "vélekedik"
139.9728400001768	EXP	szo_kiir: autoDraw = true
140.565700000152	DATA	Keydown: ArrowRight
140.57486000005156	EXP	szo_kiir: autoDraw = false
140.57486000005156	EXP	szo_kiir: color = {"_rgb":[1,1,1]}
140.57486000005156	EXP	szo_kiir: text = "munkálkodik"
141.08926000003703	EXP	szo_kiir: autoDraw = true
141.98712000017986	DATA	Keydown: ArrowRight
142.00282500009052	EXP	szo_kiir: autoDraw = false
142.00282500009052	EXP	szo_kiir: color = {"_rgb":[1,1,1]}
142.00282500009052	EXP	szo_kiir: text = "extravagáns"
142.52177500003017	EXP	szo_kiir: autoDraw = true
143.39291000016965	DATA	Keydown: ArrowRight
143.4088050001301	EXP	szo_kiir: autoDraw = false
143.4088050001301	EXP	szo_kiir: color = {"_rgb":[1,1,1]}
143.4088050001301	EXP	szo_kiir: text = "salógázó"
143.9204950002022	EXP	szo_kiir: autoDraw = true
145.60240500001237	DATA	Keydown: ArrowLeft
145.61818500002846	EXP	szo_kiir: autoDraw = false
145.61818500002846	EXP	szo_kiir: color = {"_rgb":[1,1,1]}
145.61818500002846	EXP	szo_kiir: text = "ezüstös"
146.1370449999813	EXP	szo_kiir: autoDraw = true
146.92925500008278	DATA	Keydown: ArrowRight
146.93907500011846	EXP	szo_kiir: autoDraw = false
146.93907500011846	EXP	szo_kiir: color = {"_rgb":[1,1,1]}
146.93907500011846	EXP	szo_kiir: text = "kunyai"
147.45200000004843	EXP	szo_kiir: autoDraw = true
149.77779000019655	DATA	Keydown: ArrowLeft
149.7830050000921	EXP	szo_kiir: autoDraw = false
149.7830050000921	EXP	szo_kiir: color = {"_rgb":[1,1,1]}
149.7830050000921	EXP	szo_kiir: text = "szivalka"
150.30197999998927	EXP	szo_kiir: autoDraw = true
151.9834849999752	DATA	Keydown: ArrowLeft
152.0029050000012	EXP	szo_kiir: autoDraw = false
152.0029050000012	EXP	szo_kiir: color = {"_rgb":[1,1,1]}
152.0029050000012	EXP	szo_kiir: text = "zörög"
152.51727499999106	EXP	szo_kiir: autoDraw = true
153.39939999999478	DATA	Keydown: ArrowRight
153.4154550000094	EXP	szo_kiir: autoDraw = false
153.4154550000094	EXP	szo_kiir: color = {"_rgb":[1,1,1]}
153.4154550000094	EXP	szo_kiir: text = "kontálás"
153.9337550001219	EXP	szo_kiir: autoDraw = true
156.69536500005051	DATA	Keydown: ArrowLeft
156.70275000017136	EXP	szo_kiir: autoDraw = false
156.70275000017136	EXP	szo_kiir: color = {"_rgb":[1,1,1]}
156.70275000017136	EXP	szo_kiir: text = "sóhajt"
157.2159700000193	EXP	szo_kiir: autoDraw = true
157.94870500010438	DATA	Keydown: ArrowRight
157.963960000081	EXP	szo_kiir: autoDraw = false
157.963960000081	EXP	szo_kiir: color = {"_rgb":[1,1,1]}
157.963960000081	EXP	szo_kiir: text = "biliárd"
158.4824550000485	EXP	szo_kiir: autoDraw = true
159.2932200001087	DATA	Keydown: ArrowLeft
159.29654000001028	EXP	szo_kiir: autoDraw = false
159.29654000001028	EXP	szo_kiir: color = {"_rgb":[1,1,1]}
159.29654000001028	EXP	szo_kiir: text = "stádium"
159.8154050000012	EXP	szo_kiir: autoDraw = true
161.98615500004962	DATA	Keydown: ArrowRight
161.99965500016697	EXP	szo_kiir: autoDraw = false
161.99965500016697	EXP	szo_kiir: color = {"_rgb":[1,1,1]}
161.99965500016697	EXP	szo_kiir: text = "tanácsol"
162.5140300001949	EXP	szo_kiir: autoDraw = true
163.25214500003494	DATA	Keydown: ArrowRight
163.2620149999857	EXP	szo_kiir: autoDraw = false
163.2620149999857	EXP	szo_kiir: color = {"_rgb":[1,1,1]}
163.2620149999857	EXP	szo_kiir: text = "cáfol"
163.7802200000733	EXP	szo_kiir: autoDraw = true
164.93225500010885	DATA	Keydown: ArrowRight
164.94944500015117	EXP	szo_kiir: autoDraw = false
164.94944500015117	EXP	szo_kiir: color = {"_rgb":[1,1,1]}
164.94944500015117	EXP	szo_kiir: text = "remész"
165.4630550001748	EXP	szo_kiir: autoDraw = true
166.54919000016525	DATA	Keydown: ArrowLeft
166.56089500011876	EXP	szo_kiir: autoDraw = false
166.56089500011876	EXP	szo_kiir: color = {"_rgb":[1,1,1]}
166.56089500011876	EXP	szo_kiir: text = "kolosszális"
167.07939000008628	EXP	szo_kiir: autoDraw = true
168.5654050000012	DATA	Keydown: ArrowRight
168.58153000008315	EXP	szo_kiir: autoDraw = false
168.58153000008315	EXP	szo_kiir: color = {"_rgb":[1,1,1]}
168.58153000008315	EXP	szo_kiir: text = "holdvilág"
169.09543500002474	EXP	szo_kiir: autoDraw = true
170.48144500004128	DATA	Keydown: ArrowRight
170.49320500018075	EXP	szo_kiir: autoDraw = false
170.49320500018075	EXP	szo_kiir: color = {"_rgb":[1,1,1]}
170.49320500018075	EXP	szo_kiir: text = "téveszt"
171.01169000007212	EXP	szo_kiir: autoDraw = true
171.81522500002757	DATA	Keydown: ArrowRight
171.83076500007883	EXP	szo_kiir: autoDraw = false
171.83076500007883	EXP	szo_kiir: color = {"_rgb":[1,1,1]}
171.83076500007883	EXP	szo_kiir: text = "farizeus"
172.34480000007898	EXP	szo_kiir: autoDraw = true
173.2839250001125	DATA	Keydown: ArrowRight
173.29195500002243	EXP	szo_kiir: autoDraw = false
173.29195500002243	EXP	szo_kiir: color = {"_rgb":[1,1,1]}
173.29195500002243	EXP	szo_kiir: text = "törköly"
173.8100150001701	EXP	szo_kiir: autoDraw = true
174.93596000014804	DATA	Keydown: ArrowRight
174.94595500011928	EXP	szo_kiir: autoDraw = false
174.94595500011928	EXP	szo_kiir: color = {"_rgb":[1,1,1]}
174.94595500011928	EXP	szo_kiir: text = "fotoszintetikus"
175.4601950000506	EXP	szo_kiir: autoDraw = true
177.96520500001498	DATA	Keydown: ArrowRight
177.97415500017814	EXP	szo_kiir: autoDraw = false
177.97415500017814	EXP	szo_kiir: color = {"_rgb":[1,1,1]}
177.97415500017814	EXP	szo_kiir: text = "abszint"
178.49318500002846	EXP	szo_kiir: autoDraw = true
179.541035000002	DATA	Keydown: ArrowRight
179.5636250001844	EXP	szo_kiir: autoDraw = false
179.5636250001844	EXP	szo_kiir: color = {"_rgb":[1,1,1]}
179.5636250001844	EXP	szo_kiir: text = "ezredmásodperc"
180.08468500012532	EXP	szo_kiir: autoDraw = true
181.44235000014305	DATA	Keydown: ArrowRight
181.45595000009052	EXP	szo_kiir: autoDraw = false
181.45595000009052	EXP	szo_kiir: color = {"_rgb":[1,1,1]}
181.45595000009052	EXP	szo_kiir: text = "háborúzik"
181.9756500001531	EXP	szo_kiir: autoDraw = true
182.56129500013776	DATA	Keydown: ArrowRight
182.57625000015832	EXP	szo_kiir: autoDraw = false
182.57625000015832	EXP	szo_kiir: color = {"_rgb":[1,1,1]}
182.57625000015832	EXP	szo_kiir: text = "firkál"
183.09056000015698	EXP	szo_kiir: autoDraw = true
183.78582500014454	DATA	Keydown: ArrowRight
183.78861000016332	EXP	szo_kiir: autoDraw = false
183.78861000016332	EXP	szo_kiir: color = {"_rgb":[1,1,1]}
183.78861000016332	EXP	szo_kiir: text = "részletez"
184.30703500006348	EXP	szo_kiir: autoDraw = true
185.4621600001119	DATA	Keydown: ArrowRight
185.4752500001341	EXP	szo_kiir: autoDraw = false
185.4752500001341	EXP	szo_kiir: color = {"_rgb":[1,1,1]}
185.4752500001341	EXP	szo_kiir: text = "látolt"
185.98939000000246	EXP	szo_kiir: autoDraw = true
187.10749500012025	DATA	Keydown: ArrowLeft
187.1205750000663	EXP	szo_kiir: autoDraw = false
187.1205750000663	EXP	szo_kiir: color = {"_rgb":[1,1,1]}
187.1205750000663	EXP	szo_kiir: text = "felharmonikus"
187.63971000001766	EXP	szo_kiir: autoDraw = true
191.55969500006177	DATA	Keydown: ArrowLeft
191.56977499998175	EXP	szo_kiir: autoDraw = false
191.56977499998175	EXP	szo_kiir: color = {"_rgb":[1,1,1]}
191.56977499998175	EXP	szo_kiir: text = "gézengúz"
192.08768000011332	EXP	szo_kiir: autoDraw = true
193.3530749999918	DATA	Keydown: ArrowRight
193.37447999999858	EXP	szo_kiir: autoDraw = false
193.37447999999858	EXP	szo_kiir: color = {"_rgb":[1,1,1]}
193.37447999999858	EXP	szo_kiir: text = "tamia"
193.886785000097	EXP	szo_kiir: autoDraw = true
194.8720200001262	DATA	Keydown: ArrowLeft
194.88458500010893	EXP	szo_kiir: autoDraw = false
194.88458500010893	EXP	szo_kiir: color = {"_rgb":[1,1,1]}
194.88458500010893	EXP	szo_kiir: text = "növetlenső"
195.40274500008672	EXP	szo_kiir: autoDraw = true
196.81784500018694	DATA	Keydown: ArrowLeft
196.83808000013232	EXP	szo_kiir: autoDraw = false
196.83808000013232	EXP	szo_kiir: color = {"_rgb":[1,1,1]}
196.83808000013232	EXP	szo_kiir: text = "keszködmön"
197.35170500003733	EXP	szo_kiir: autoDraw = true
198.40072500007227	DATA	Keydown: ArrowLeft
198.41641000006348	EXP	szo_kiir: autoDraw = false
198.41641000006348	EXP	szo_kiir: color = {"_rgb":[1,1,1]}
198.41641000006348	EXP	szo_kiir: text = "anyajogú"
198.93491500010714	EXP	szo_kiir: autoDraw = true
201.1569150001742	DATA	Keydown: ArrowLeft
201.1657600000035	EXP	szo_kiir: autoDraw = false
201.1657600000035	EXP	szo_kiir: color = {"_rgb":[1,1,1]}
201.1657600000035	EXP	szo_kiir: text = "tömődik"
201.68427000008523	EXP	szo_kiir: autoDraw = true
202.9329100002069	DATA	Keydown: ArrowRight
202.9532149999868	EXP	szo_kiir: autoDraw = false
202.9532149999868	EXP	szo_kiir: color = {"_rgb":[1,1,1]}
202.9532149999868	EXP	szo_kiir: text = "mikrorendszer"
203.46711000008509	EXP	szo_kiir: autoDraw = true
204.81610499997623	DATA	Keydown: ArrowRight
204.83150000008754	EXP	szo_kiir: autoDraw = false
204.83150000008754	EXP	szo_kiir: color = {"_rgb":[1,1,1]}
204.83150000008754	EXP	szo_kiir: text = "detonátor"
205.3497600001283	EXP	szo_kiir: autoDraw = true
206.35557000013068	DATA	Keydown: ArrowRight
206.36788500007242	EXP	szo_kiir: autoDraw = false
206.36788500007242	EXP	szo_kiir: color = {"_rgb":[1,1,1]}
206.36788500007242	EXP	szo_kiir: text = "szupraindividuális"
206.88328000018373	EXP	szo_kiir: autoDraw = true
208.5545150001999	DATA	Keydown: ArrowRight
208.56336500006728	EXP	szo_kiir: autoDraw = false
208.56336500006728	EXP	szo_kiir: color = {"_rgb":[1,1,1]}
208.56336500006728	EXP	szo_kiir: text = "selypít"
209.08206500019878	EXP	szo_kiir: autoDraw = true
210.28143000020646	DATA	Keydown: ArrowRight
210.2997950001154	EXP	szo_kiir: autoDraw = false
210.2997950001154	EXP	szo_kiir: color = {"_rgb":[1,1,1]}
210.2997950001154	EXP	szo_kiir: text = "spratika"
210.81496500014327	EXP	szo_kiir: autoDraw = true
215.7291500000283	DATA	Keydown: ArrowLeft
215.744765000185	EXP	szo_kiir: autoDraw = false
215.744765000185	EXP	szo_kiir: color = {"_rgb":[1,1,1]}
215.744765000185	EXP	szo_kiir: text = "aszinkronmotor"
216.26295000012033	EXP	szo_kiir: autoDraw = true
221.7006850000471	DATA	Keydown: ArrowLeft
221.70937500009313	EXP	szo_kiir: autoDraw = false
221.70937500009313	EXP	szo_kiir: color = {"_rgb":[1,1,1]}
221.70937500009313	EXP	szo_kiir: text = "rendő"
222.2278899999801	EXP	szo_kiir: autoDraw = true
223.7805600001011	DATA	Keydown: ArrowLeft
223.7969649999868	EXP	szo_kiir: autoDraw = false
223.7969649999868	EXP	szo_kiir: color = {"_rgb":[1,1,1]}
223.7969649999868	EXP	szo_kiir: text = "hazardírozik"
224.30995000014082	EXP	szo_kiir: autoDraw = true
230.41327999997884	DATA	Keydown: ArrowRight
230.42346499999985	EXP	szo_kiir: autoDraw = false
230.42346499999985	EXP	szo_kiir: color = {"_rgb":[1,1,1]}
230.42346499999985	EXP	szo_kiir: text = "bizom"
230.94143000012264	EXP	szo_kiir: autoDraw = true
232.7183400001377	DATA	Keydown: ArrowLeft
232.72725500003435	EXP	szo_kiir: autoDraw = false
232.72725500003435	EXP	szo_kiir: color = {"_rgb":[1,1,1]}
232.72725500003435	EXP	szo_kiir: text = "állótükör"
233.24020500015467	EXP	szo_kiir: autoDraw = true
234.28363000019453	DATA	Keydown: ArrowRight
234.28796000010334	EXP	szo_kiir: autoDraw = false
234.28796000010334	EXP	szo_kiir: color = {"_rgb":[1,1,1]}
234.28796000010334	EXP	szo_kiir: text = "tangózik"
234.80712000001222	EXP	szo_kiir: autoDraw = true
236.14610500005074	DATA	Keydown: ArrowRight
236.15744500001892	EXP	szo_kiir: autoDraw = false
236.15744500001892	EXP	szo_kiir: color = {"_rgb":[1,1,1]}
236.15744500001892	EXP	szo_kiir: text = "rekvizit"
236.6724150001537	EXP	szo_kiir: autoDraw = true
237.9655999999959	DATA	Keydown: ArrowLeft
237.97011000011116	EXP	szo_kiir: autoDraw = false
237.97011000011116	EXP	szo_kiir: color = {"_rgb":[1,1,1]}
237.97011000011116	EXP	szo_kiir: text = "ökonómus"
238.48827000008896	EXP	szo_kiir: autoDraw = true
241.1922050002031	DATA	Keydown: ArrowLeft
241.2028050001245	EXP	szo_kiir: autoDraw = false
241.2028050001245	EXP	szo_kiir: color = {"_rgb":[1,1,1]}
241.2028050001245	EXP	szo_kiir: text = "gyakornokoskodik"
241.72109500016086	EXP	szo_kiir: autoDraw = true
244.55254000006244	DATA	Keydown: ArrowRight
244.5682350001298	EXP	szo_kiir: autoDraw = false
244.5682350001298	EXP	szo_kiir: color = {"_rgb":[1,1,1]}
244.5682350001298	EXP	szo_kiir: text = "kúpol"
245.08611000003293	EXP	szo_kiir: autoDraw = true
246.609730000142	DATA	Keydown: ArrowRight
246.62148500001058	EXP	szo_kiir: autoDraw = false
246.62148500001058	EXP	szo_kiir: color = {"_rgb":[1,1,1]}
246.62148500001058	EXP	szo_kiir: text = "kölönc"
247.1366300000809	EXP	szo_kiir: autoDraw = true
248.66755500016734	DATA	Keydown: ArrowLeft
248.68328500003554	EXP	szo_kiir: autoDraw = false
248.68328500003554	EXP	szo_kiir: color = {"_rgb":[1,1,1]}
248.68328500003554	EXP	szo_kiir: text = "bennég"
249.20161500014365	EXP	szo_kiir: autoDraw = true
253.3428450000938	DATA	Keydown: ArrowRight
253.34857999999076	EXP	szo_kiir: autoDraw = false
253.34857999999076	EXP	szo_kiir: color = {"_rgb":[1,1,1]}
253.34857999999076	EXP	szo_kiir: text = "komál"
253.86673000012524	EXP	szo_kiir: autoDraw = true
254.81786000006832	DATA	Keydown: ArrowRight
254.83452000003308	EXP	szo_kiir: autoDraw = false
254.83452000003308	EXP	szo_kiir: color = {"_rgb":[1,1,1]}
254.83452000003308	EXP	szo_kiir: text = "gubóvirág"
255.34940000018105	EXP	szo_kiir: autoDraw = true
257.59217500011437	DATA	Keydown: ArrowRight
257.5966100001242	EXP	szo_kiir: autoDraw = false
257.5966100001242	EXP	szo_kiir: color = {"_rgb":[1,1,1]}
257.5966100001242	EXP	szo_kiir: text = "megpadék"
258.1148950001225	EXP	szo_kiir: autoDraw = true
259.53015500004403	DATA	Keydown: ArrowLeft
259.550475000171	EXP	szo_kiir: autoDraw = false
259.550475000171	EXP	szo_kiir: color = {"_rgb":[1,1,1]}
259.550475000171	EXP	szo_kiir: text = "infimum"
260.0642399999779	EXP	szo_kiir: autoDraw = true
266.5447400000412	DATA	Keydown: ArrowLeft
266.56068000011146	EXP	szo_kiir: autoDraw = false
266.56068000011146	EXP	szo_kiir: color = {"_rgb":[1,1,1]}
266.56068000011146	EXP	szo_kiir: text = "hazardíroz"
267.0782200000249	EXP	szo_kiir: autoDraw = true
271.253795000026	DATA	Keydown: ArrowLeft
271.2590950001031	EXP	szo_kiir: autoDraw = false
271.2590950001031	EXP	szo_kiir: color = {"_rgb":[1,1,1]}
271.2590950001031	EXP	szo_kiir: text = "bőujjú"
271.77700500003994	EXP	szo_kiir: autoDraw = true
274.6587100001052	DATA	Keydown: ArrowRight
274.67460000002757	EXP	szo_kiir: autoDraw = false
274.67460000002757	EXP	szo_kiir: color = {"_rgb":[1,1,1]}
274.67460000002757	EXP	szo_kiir: text = "evakuál"
275.19255000003614	EXP	szo_kiir: autoDraw = true
276.14140000008047	DATA	Keydown: ArrowRight
276.1613100001123	EXP	szo_kiir: autoDraw = false
276.1613100001123	EXP	szo_kiir: color = {"_rgb":[1,1,1]}
276.1613100001123	EXP	szo_kiir: text = "lépdegél"
276.6756550001446	EXP	szo_kiir: autoDraw = true
278.17546500009485	DATA	Keydown: ArrowLeft
278.1899600001052	EXP	szo_kiir: autoDraw = false
278.1899600001052	EXP	szo_kiir: color = {"_rgb":[1,1,1]}
278.1899600001052	EXP	szo_kiir: text = "tömődékhet"
278.70149000012316	EXP	szo_kiir: autoDraw = true
280.56294000009075	DATA	Keydown: ArrowLeft
280.57640999997966	EXP	szo_kiir: autoDraw = false
280.57640999997966	EXP	szo_kiir: color = {"_rgb":[1,1,1]}
280.57640999997966	EXP	szo_kiir: text = "túlium"
281.0930650001392	EXP	szo_kiir: autoDraw = true
283.398765000049	DATA	Keydown: ArrowLeft
283.4062100001611	EXP	szo_kiir: autoDraw = false
283.4062100001611	EXP	szo_kiir: color = {"_rgb":[1,1,1]}
283.4062100001611	EXP	szo_kiir: text = "kócol"
283.9243050001096	EXP	szo_kiir: autoDraw = true
284.6259750002064	DATA	Keydown: ArrowRight
284.6436050001066	EXP	szo_kiir: autoDraw = false
284.6436050001066	EXP	szo_kiir: color = {"_rgb":[1,1,1]}
284.6436050001066	EXP	szo_kiir: text = "isminchegy"
285.15758500015363	EXP	szo_kiir: autoDraw = true
286.9227400000673	DATA	Keydown: ArrowLeft
286.93815500009805	EXP	szo_kiir: autoDraw = false
286.93815500009805	EXP	szo_kiir: color = {"_rgb":[1,1,1]}
286.93815500009805	EXP	szo_kiir: text = "homeomorfizmus"
287.4565700001549	EXP	szo_kiir: autoDraw = true
297.90215500001796	DATA	Keydown: ArrowLeft
297.91800000006333	EXP	szo_kiir: autoDraw = false
297.91800000006333	EXP	szo_kiir: color = {"_rgb":[1,1,1]}
297.91800000006333	EXP	szo_kiir: text = "házorom"
298.43608000013046	EXP	szo_kiir: autoDraw = true
301.96284500020556	DATA	Keydown: ArrowRight
301.97598000010476	EXP	szo_kiir: autoDraw = false
301.97598000010476	EXP	szo_kiir: color = {"_rgb":[1,1,1]}
301.97598000010476	EXP	szo_kiir: text = "tejeslány"
302.4846750001889	EXP	szo_kiir: autoDraw = true
305.2159649999812	DATA	Keydown: ArrowRight
305.23197500011884	EXP	szo_kiir: autoDraw = false
305.23197500011884	EXP	szo_kiir: color = {"_rgb":[1,1,1]}
305.23197500011884	EXP	szo_kiir: text = "hasonértékű"
305.7502749999985	EXP	szo_kiir: autoDraw = true
306.95288500003517	DATA	Keydown: ArrowRight
306.9691350001376	EXP	szo_kiir: autoDraw = false
306.9691350001376	EXP	szo_kiir: color = {"_rgb":[1,1,1]}
306.9691350001376	EXP	szo_kiir: text = "frakcionál"
307.4830350000411	EXP	szo_kiir: autoDraw = true
311.4554800000042	DATA	Keydown: ArrowLeft
311.4634850001894	EXP	szo_kiir: autoDraw = false
311.4634850001894	EXP	szo_kiir: color = {"_rgb":[1,1,1]}
311.4634850001894	EXP	szo_kiir: text = "teszű"
311.9877100000158	EXP	szo_kiir: autoDraw = true
313.29737500008196	DATA	Keydown: ArrowLeft
313.3130400001537	EXP	szo_kiir: autoDraw = false
313.3130400001537	EXP	szo_kiir: color = {"_rgb":[1,1,1]}
313.3130400001537	EXP	szo_kiir: text = "kispárlófű"
313.832470000023	EXP	szo_kiir: autoDraw = true
317.17018999997526	DATA	Keydown: ArrowLeft
317.1805900000036	EXP	szo_kiir: autoDraw = false
317.1805900000036	EXP	szo_kiir: color = {"_rgb":[1,1,1]}
317.1805900000036	EXP	szo_kiir: text = "perifrázis"
317.7012500001583	EXP	szo_kiir: autoDraw = true
320.24833500012755	DATA	Keydown: ArrowLeft
320.26658500009216	EXP	szo_kiir: autoDraw = false
320.26658500009216	EXP	szo_kiir: color = {"_rgb":[1,1,1]}
320.26658500009216	EXP	szo_kiir: text = "öklelődzik"
320.77925000013784	EXP	szo_kiir: autoDraw = true
323.384340000106	DATA	Keydown: ArrowRight
323.39344500005245	EXP	szo_kiir: autoDraw = false
323.39344500005245	EXP	szo_kiir: color = {"_rgb":[1,1,1]}
323.39344500005245	EXP	szo_kiir: text = "eretnek"
323.91073000011966	EXP	szo_kiir: autoDraw = true
324.80991500010714	DATA	Keydown: ArrowRight
324.8294150000438	EXP	szo_kiir: autoDraw = false
324.8294150000438	EXP	szo_kiir: color = {"_rgb":[1,1,1]}
324.8294150000438	EXP	szo_kiir: text = "istác"
325.3439700000454	EXP	szo_kiir: autoDraw = true
327.67657000012696	DATA	Keydown: ArrowLeft
327.6908700000495	EXP	szo_kiir: autoDraw = false
327.6908700000495	EXP	szo_kiir: color = {"_rgb":[1,1,1]}
327.6908700000495	EXP	szo_kiir: text = "kétvonalú"
328.2042650000658	EXP	szo_kiir: autoDraw = true
330.2066950001754	DATA	Keydown: ArrowRight
330.2224799999967	EXP	szo_kiir: autoDraw = false
330.2224799999967	EXP	szo_kiir: color = {"_rgb":[1,1,1]}
330.2224799999967	EXP	szo_kiir: text = "bojtárkodik"
330.7416850000154	EXP	szo_kiir: autoDraw = true
331.9084799999837	DATA	Keydown: ArrowRight
331.92826000018977	EXP	szo_kiir: autoDraw = false
331.92826000018977	EXP	szo_kiir: color = {"_rgb":[1,1,1]}
331.92826000018977	EXP	szo_kiir: text = "kurzivál"
332.441545000067	EXP	szo_kiir: autoDraw = true
333.4829000001773	DATA	Keydown: ArrowRight
333.4884750000201	EXP	szo_kiir: autoDraw = false
333.4884750000201	EXP	szo_kiir: color = {"_rgb":[1,1,1]}
333.4884750000201	EXP	szo_kiir: text = "szervusz"
334.0074250001926	EXP	szo_kiir: autoDraw = true
334.74932000017725	DATA	Keydown: ArrowRight
334.75927500007674	EXP	szo_kiir: autoDraw = false
334.75927500007674	EXP	szo_kiir: color = {"_rgb":[1,1,1]}
334.75927500007674	EXP	szo_kiir: text = "hantáz"
335.28350500017405	EXP	szo_kiir: autoDraw = true
336.129045000067	DATA	Keydown: ArrowRight
336.1373850000091	EXP	szo_kiir: autoDraw = false
336.1373850000091	EXP	szo_kiir: color = {"_rgb":[1,1,1]}
336.1373850000091	EXP	szo_kiir: text = "vászonbetét"
336.656650000019	EXP	szo_kiir: autoDraw = true
337.94676000019535	DATA	Keydown: ArrowRight
337.95776999997906	EXP	szo_kiir: autoDraw = false
337.95776999997906	EXP	szo_kiir: color = {"_rgb":[1,1,1]}
337.95776999997906	EXP	szo_kiir: text = "káinbélyeg"
338.4721500000451	EXP	szo_kiir: autoDraw = true
341.3789850000758	DATA	Keydown: ArrowLeft
341.3855250000488	EXP	szo_kiir: autoDraw = false
341.3855250000488	EXP	szo_kiir: color = {"_rgb":[1,1,1]}
341.3855250000488	EXP	szo_kiir: text = "desszertestál"
341.90499499998987	EXP	szo_kiir: autoDraw = true
343.3591000000015	DATA	Keydown: ArrowRight
343.3679450000636	EXP	szo_kiir: autoDraw = false
343.3679450000636	EXP	szo_kiir: color = {"_rgb":[1,1,1]}
343.3679450000636	EXP	szo_kiir: text = "antra"
343.8859700001776	EXP	szo_kiir: autoDraw = true
344.9718049999792	DATA	Keydown: ArrowLeft
344.989875000203	EXP	szo_kiir: autoDraw = false
344.989875000203	EXP	szo_kiir: color = {"_rgb":[1,1,1]}
344.989875000203	EXP	szo_kiir: text = "széledez"
345.5029349999968	EXP	szo_kiir: autoDraw = true
346.72341500013135	DATA	Keydown: ArrowLeft
346.7333750000689	EXP	szo_kiir: autoDraw = false
346.7333750000689	EXP	szo_kiir: color = {"_rgb":[1,1,1]}
346.7333750000689	EXP	szo_kiir: text = "köszörűsműhely"
347.25386500009336	EXP	szo_kiir: autoDraw = true
348.73635000013746	DATA	Keydown: ArrowRight
348.7493150001392	EXP	szo_kiir: autoDraw = false
348.7493150001392	EXP	szo_kiir: color = {"_rgb":[1,1,1]}
348.7493150001392	EXP	szo_kiir: text = "diszkretizál"
349.26855500019155	EXP	szo_kiir: autoDraw = true
353.643825000152	DATA	Keydown: ArrowLeft
353.64810500014573	EXP	szo_kiir: autoDraw = false
353.64810500014573	EXP	szo_kiir: color = {"_rgb":[1,1,1]}
353.64810500014573	EXP	szo_kiir: text = "ruharongy"
354.16632500011474	EXP	szo_kiir: autoDraw = true
357.1664650000166	DATA	Keydown: ArrowRight
357.1840450000018	EXP	szo_kiir: autoDraw = false
357.1840450000018	EXP	szo_kiir: color = {"_rgb":[1,1,1]}
357.1840450000018	EXP	szo_kiir: text = "ködik"
357.697935000062	EXP	szo_kiir: autoDraw = true
358.8367000001017	DATA	Keydown: ArrowLeft
358.8460300001316	EXP	szo_kiir: autoDraw = false
358.8460300001316	EXP	szo_kiir: color = {"_rgb":[1,1,1]}
358.8460300001316	EXP	szo_kiir: text = "gyámpont"
359.36633000010625	EXP	szo_kiir: autoDraw = true
361.39606000017375	DATA	Keydown: ArrowLeft
361.41179000004195	EXP	szo_kiir: autoDraw = false
361.41179000004195	EXP	szo_kiir: color = {"_rgb":[1,1,1]}
361.41179000004195	EXP	szo_kiir: text = "kontinuáns"
361.9304550001398	EXP	szo_kiir: autoDraw = true
363.80489000002854	DATA	Keydown: ArrowLeft
363.8112000001129	EXP	szo_kiir: autoDraw = false
363.8112000001129	EXP	szo_kiir: color = {"_rgb":[1,1,1]}
363.8112000001129	EXP	szo_kiir: text = "cséltás"
364.32962500001304	EXP	szo_kiir: autoDraw = true
365.81112500000745	DATA	Keydown: ArrowLeft
365.8333950000815	EXP	szo_kiir: autoDraw = false
365.8333950000815	EXP	koszi_szoveg: autoDraw = true
366.9944350000005	DATA	Keydown: ArrowLeft
368.2489550001919	DATA	Mouse: 0 button down, pos=(804.8000119924545,677.6000589251526)
