0.16109000000869855	EXP	Created Window = Window( name=Window, fullscr=true, color=#000000, units=norm, waitBlanking=true, autoLog=true, size=[1536,754] )
3.1482149999937974	DATA	Keydown: undefined
21.231794999999693	DATA	Keydown: n
21.664140000008047	DATA	Keydown: ő
24.474454999988666	DATA	Keydown: 1
24.78798999998253	DATA	Keydown: 1
25.892224999988684	DATA	Keydown: Backspace
26.392759999987902	DATA	Keydown: 9
26.620824999990873	DATA	Keydown: 9
27.56322999999975	DATA	Keydown: 9
31.324424999998882	DATA	Keydown: 1
32.090815000003204	DATA	Keydown: 4
48.271784999989904	EXP	Created instruction_text1 = TextStim( name=instruction_text1, win=Window( name=Window, fullscr=true, color=#000000, ~), autoDraw=null, autoLog=true, units=norm, ori=null, opacity=1, pos=[0,0], size=undefined, text=Ön most szavakat fog látni.

Ezek között lesznek o~, font=Arial, color=#ffffff, contrast=1, height=0.05, bold=null, italic=null, alignHoriz=left, alignVert=center, wrapWidth=1, flipHoriz=null, flipVert=null )
48.27458999998635	EXP	Created instruction_text2 = TextStim( name=instruction_text2, win=Window( name=Window, fullscr=true, color=#000000, ~), autoDraw=null, autoLog=true, units=norm, ori=null, opacity=1, pos=[0,0], size=undefined, text=Először két egyszerű példát mutatunk Önnek.

Az el~, font=Arial, color=#FFFFFF, contrast=1, height=0.05, bold=null, italic=null, alignHoriz=left, alignVert=center, wrapWidth=1, flipHoriz=null, flipVert=null )
48.28008500000578	EXP	Created show_text = TextStim( name=show_text, win=Window( name=Window, fullscr=true, color=#000000, ~), autoDraw=null, autoLog=true, units=norm, ori=null, opacity=1, pos=[0,0], size=undefined, text=asztal, font=Arial, color=#FFFFFF, contrast=1, height=0.2, bold=null, italic=null, alignHoriz=left, alignVert=center, wrapWidth=1, flipHoriz=null, flipVert=null )
48.29970999999205	EXP	Created text = TextStim( name=text, win=Window( name=Window, fullscr=true, color=#000000, ~), autoDraw=null, autoLog=true, units=norm, ori=null, opacity=1, pos=[0,0], size=undefined, text=bzsmfsztal, font=Arial, color=#FFFFFF, contrast=1, height=0.2, bold=null, italic=null, alignHoriz=left, alignVert=center, wrapWidth=1, flipHoriz=null, flipVert=null )
48.30358000000706	EXP	Created instruction_text3 = TextStim( name=instruction_text3, win=Window( name=Window, fullscr=true, color=#000000, ~), autoDraw=null, autoLog=true, units=norm, ori=null, opacity=1, pos=[0,0], size=undefined, text=Pazar. Most kezdődik az igazi kísérlet. Néhány per~, font=Arial, color=#FFFFFF, contrast=1, height=0.1, bold=null, italic=null, alignHoriz=left, alignVert=center, wrapWidth=1, flipHoriz=null, flipVert=null )
48.30989999999292	EXP	Created szo_kiir = TextStim( name=szo_kiir, win=Window( name=Window, fullscr=true, color=#000000, ~), autoDraw=null, autoLog=true, units=norm, ori=null, opacity=1, pos=[0,0], size=undefined, text=default text, font=Arial, color=#FFFFFF, contrast=1, height=0.2, bold=null, italic=null, alignHoriz=left, alignVert=center, wrapWidth=1, flipHoriz=null, flipVert=null )
48.313294999999925	EXP	Created koszi_szoveg = TextStim( name=koszi_szoveg, win=Window( name=Window, fullscr=true, color=#000000, ~), autoDraw=null, autoLog=true, units=norm, ori=null, opacity=1, pos=[0,0], size=undefined, text=Vége a kísérletnek. Köszönjük a részvételt!, font=arial, color=#ffffff, contrast=1, height=0.1, bold=null, italic=null, alignHoriz=left, alignVert=center, wrapWidth=1, flipHoriz=null, flipVert=null )
48.3813450000016	EXP	instruction_text1: units = "norm"
48.3813450000016	EXP	instruction_text1: ori = 0
48.3813450000016	EXP	instruction_text1: opacity = 1
48.3813450000016	EXP	instruction_text1: pos = [0,0]
48.3813450000016	EXP	instruction_text1: size = undefined
48.3813450000016	EXP	instruction_text1: text = "Ön most szavakat fog látni.\n\nEzek között lesznek olyanok, amelyeket ismer, de előfordulhatnak olyanok is, amelyeket nem ismer, sőt, vannak köztük kitalált szavak is. \n\nKérjük, ha ismeri a képernyőn látható szót, nyomja meg a JOBB kurzorbillentyűt.\nKérjük, ha NEM ismeri a képernyőn látható szót, vagy azt gondolja, nincs ilyen szó a magyarban, nyomja meg a BAL kurzorbillentyűt.\n\nAz 'Ismerem a szót' döntés itt most ezt jelenti: találkoztam már vele, és van valami elképzelésem a jelentéséről is.  \n\nNyomjon meg bármilyen billentyűt a folytatáshoz."
48.3813450000016	EXP	instruction_text1: font = "Arial"
48.3813450000016	EXP	instruction_text1: color = {"_rgb":[1,1,1]}
48.3813450000016	EXP	instruction_text1: contrast = 1
48.3813450000016	EXP	instruction_text1: height = 0.05
48.3813450000016	EXP	instruction_text1: bold = false
48.3813450000016	EXP	instruction_text1: italic = false
48.3813450000016	EXP	instruction_text1: alignHoriz = "left"
48.3813450000016	EXP	instruction_text1: alignVert = "center"
48.3813450000016	EXP	instruction_text1: wrapWidth = 1
48.3813450000016	EXP	instruction_text1: flipHoriz = false
48.3813450000016	EXP	instruction_text1: flipVert = false
48.3813450000016	EXP	instruction_text2: units = "norm"
48.3813450000016	EXP	instruction_text2: ori = 0
48.3813450000016	EXP	instruction_text2: opacity = 1
48.3813450000016	EXP	instruction_text2: pos = [0,0]
48.3813450000016	EXP	instruction_text2: size = undefined
48.3813450000016	EXP	instruction_text2: text = "Először két egyszerű példát mutatunk Önnek.\n\nAz első szó létezik a magyarban, és valószínűleg Ön is ismeri. Itt nyomja majd meg a jobb kurzorbillentyűt.\nA második szó nem létezik a magyar nyelvben. Itt nyomja majd meg a bal kurzorbillentyűt.\n\nFontos, hogy a jobb gombot a jobb kezével, a bal gombot a bal kezével nyomja, ha tudja, és ne egy kezét használja a kísérletben.\n\nNyomjon meg bármilyen gombot a folytatáshoz."
48.3813450000016	EXP	instruction_text2: font = "Arial"
48.3813450000016	EXP	instruction_text2: color = {"_hex":"#FFFFFF","_rgb":[1,1,1]}
48.3813450000016	EXP	instruction_text2: contrast = 1
48.3813450000016	EXP	instruction_text2: height = 0.05
48.3813450000016	EXP	instruction_text2: bold = false
48.3813450000016	EXP	instruction_text2: italic = false
48.3813450000016	EXP	instruction_text2: alignHoriz = "left"
48.3813450000016	EXP	instruction_text2: alignVert = "center"
48.3813450000016	EXP	instruction_text2: wrapWidth = 1
48.3813450000016	EXP	instruction_text2: flipHoriz = false
48.3813450000016	EXP	instruction_text2: flipVert = false
48.3813450000016	EXP	show_text: units = "norm"
48.3813450000016	EXP	show_text: ori = 0
48.3813450000016	EXP	show_text: opacity = 1
48.3813450000016	EXP	show_text: pos = [0,0]
48.3813450000016	EXP	show_text: size = undefined
48.3813450000016	EXP	show_text: text = "asztal"
48.3813450000016	EXP	show_text: font = "Arial"
48.3813450000016	EXP	show_text: color = {"_hex":"#FFFFFF","_rgb":[1,1,1]}
48.3813450000016	EXP	show_text: contrast = 1
48.3813450000016	EXP	show_text: height = 0.2
48.3813450000016	EXP	show_text: bold = false
48.3813450000016	EXP	show_text: italic = false
48.3813450000016	EXP	show_text: alignHoriz = "left"
48.3813450000016	EXP	show_text: alignVert = "center"
48.3813450000016	EXP	show_text: wrapWidth = 1
48.3813450000016	EXP	show_text: flipHoriz = false
48.3813450000016	EXP	show_text: flipVert = false
48.3813450000016	EXP	text: units = "norm"
48.3813450000016	EXP	text: ori = 0
48.3813450000016	EXP	text: opacity = 1
48.3813450000016	EXP	text: pos = [0,0]
48.3813450000016	EXP	text: size = undefined
48.3813450000016	EXP	text: text = "bzsmfsztal"
48.3813450000016	EXP	text: font = "Arial"
48.3813450000016	EXP	text: color = {"_hex":"#FFFFFF","_rgb":[1,1,1]}
48.3813450000016	EXP	text: contrast = 1
48.3813450000016	EXP	text: height = 0.2
48.3813450000016	EXP	text: bold = false
48.3813450000016	EXP	text: italic = false
48.3813450000016	EXP	text: alignHoriz = "left"
48.3813450000016	EXP	text: alignVert = "center"
48.3813450000016	EXP	text: wrapWidth = 1
48.3813450000016	EXP	text: flipHoriz = false
48.3813450000016	EXP	text: flipVert = false
48.3813450000016	EXP	instruction_text3: units = "norm"
48.3813450000016	EXP	instruction_text3: ori = 0
48.3813450000016	EXP	instruction_text3: opacity = 1
48.3813450000016	EXP	instruction_text3: pos = [0,0]
48.3813450000016	EXP	instruction_text3: size = undefined
48.3813450000016	EXP	instruction_text3: text = "Pazar. Most kezdődik az igazi kísérlet. Néhány percig fog tartani. Nem kell nagyon sietnie, de igyekezzen gyorsan válaszolni.\n\nNe feledje, ha tudja, a jobb gombot a jobbkezével, a bal gombot a balkezével nyomja le.\n\nNyomjon meg bármilyen gombot a folytatáshoz."
48.3813450000016	EXP	instruction_text3: font = "Arial"
48.3813450000016	EXP	instruction_text3: color = {"_hex":"#FFFFFF","_rgb":[1,1,1]}
48.3813450000016	EXP	instruction_text3: contrast = 1
48.3813450000016	EXP	instruction_text3: height = 0.1
48.3813450000016	EXP	instruction_text3: bold = false
48.3813450000016	EXP	instruction_text3: italic = false
48.3813450000016	EXP	instruction_text3: alignHoriz = "left"
48.3813450000016	EXP	instruction_text3: alignVert = "center"
48.3813450000016	EXP	instruction_text3: wrapWidth = 1
48.3813450000016	EXP	instruction_text3: flipHoriz = false
48.3813450000016	EXP	instruction_text3: flipVert = false
48.3813450000016	EXP	szo_kiir: units = "norm"
48.3813450000016	EXP	szo_kiir: ori = 0
48.3813450000016	EXP	szo_kiir: opacity = 1
48.3813450000016	EXP	szo_kiir: pos = [0,0]
48.3813450000016	EXP	szo_kiir: size = undefined
48.3813450000016	EXP	szo_kiir: text = "default text"
48.3813450000016	EXP	szo_kiir: font = "Arial"
48.3813450000016	EXP	szo_kiir: color = {"_hex":"#FFFFFF","_rgb":[1,1,1]}
48.3813450000016	EXP	szo_kiir: contrast = 1
48.3813450000016	EXP	szo_kiir: height = 0.2
48.3813450000016	EXP	szo_kiir: bold = false
48.3813450000016	EXP	szo_kiir: italic = false
48.3813450000016	EXP	szo_kiir: alignHoriz = "left"
48.3813450000016	EXP	szo_kiir: alignVert = "center"
48.3813450000016	EXP	szo_kiir: wrapWidth = 1
48.3813450000016	EXP	szo_kiir: flipHoriz = false
48.3813450000016	EXP	szo_kiir: flipVert = false
48.3813450000016	EXP	koszi_szoveg: units = "norm"
48.3813450000016	EXP	koszi_szoveg: ori = 0
48.3813450000016	EXP	koszi_szoveg: opacity = 1
48.3813450000016	EXP	koszi_szoveg: pos = [0,0]
48.3813450000016	EXP	koszi_szoveg: size = undefined
48.3813450000016	EXP	koszi_szoveg: text = "Vége a kísérletnek. Köszönjük a részvételt!"
48.3813450000016	EXP	koszi_szoveg: font = "arial"
48.3813450000016	EXP	koszi_szoveg: color = {"_rgb":[1,1,1]}
48.3813450000016	EXP	koszi_szoveg: contrast = 1
48.3813450000016	EXP	koszi_szoveg: height = 0.1
48.3813450000016	EXP	koszi_szoveg: bold = false
48.3813450000016	EXP	koszi_szoveg: italic = false
48.3813450000016	EXP	koszi_szoveg: alignHoriz = "left"
48.3813450000016	EXP	koszi_szoveg: alignVert = "center"
48.3813450000016	EXP	koszi_szoveg: wrapWidth = 1
48.3813450000016	EXP	koszi_szoveg: flipHoriz = false
48.3813450000016	EXP	koszi_szoveg: flipVert = false
48.3813450000016	EXP	instruction_text1: autoDraw = true
87.77096999998321	DATA	Mouse: 2 button down, pos=(1176.0000175237656,622.4000092744827)
87.89027499998338	DATA	Mouse: 2 button down, pos=(1176.0000175237656,622.4000092744827)
91.18633999998565	DATA	Mouse: 0 button down, pos=(845.6000126004219,638.4000095129013)
91.34442000000854	DATA	Mouse: 0 button down, pos=(846.4000126123428,640.0000095367432)
96.14519000001019	DATA	Keydown:  
96.18067000000156	EXP	instruction_text1: autoDraw = false
96.18067000000156	EXP	instruction_text2: autoDraw = true
115.01947500000824	DATA	Keydown:  
115.03469000000041	EXP	instruction_text2: autoDraw = false
115.5785549999855	EXP	show_text: autoDraw = true
116.50203000000329	DATA	Mouse: 2 button down, pos=(974.4000145196915,574.400008559227)
116.75089999998454	DATA	Mouse: 2 button down, pos=(974.4000145196915,574.400008559227)
118.64145999998436	DATA	Mouse: 2 button down, pos=(973.6000145077705,576.0000085830688)
118.7850599999947	DATA	Mouse: 2 button down, pos=(976.8000145554543,575.2000085711479)
120.85631499998271	DATA	Mouse: 2 button down, pos=(780.0000116229057,504.00000751018524)
121.00875000000815	DATA	Mouse: 2 button down, pos=(780.8000116348267,504.00000751018524)
125.30371499998728	DATA	Mouse: 0 button down, pos=(896.8000133633614,436.0000064969063)
125.44058999998379	DATA	Mouse: 0 button down, pos=(898.4000133872032,436.0000064969063)
126.51934999998775	DATA	Keydown: ArrowRight
126.53194499999518	EXP	show_text: autoDraw = false
127.05979999998817	EXP	text: autoDraw = true
128.50419000000693	DATA	Keydown: ArrowLeft
128.59505000000354	EXP	text: autoDraw = false
128.59505000000354	EXP	instruction_text3: autoDraw = true
138.9455050000106	DATA	Keydown: ArrowRight
139.0806750000047	EXP	instruction_text3: autoDraw = false
139.0806750000047	EXP	szo_kiir: color = {"_rgb":[1,1,1]}
139.0806750000047	EXP	szo_kiir: text = "kap"
139.6026600000041	EXP	szo_kiir: autoDraw = true
140.16341499998816	DATA	Keydown: ArrowRight
140.1799549999996	EXP	szo_kiir: autoDraw = false
140.1799549999996	EXP	szo_kiir: color = {"_rgb":[1,1,1]}
140.1799549999996	EXP	szo_kiir: text = "intézmény"
140.70785000000615	EXP	szo_kiir: autoDraw = true
141.36288500000956	DATA	Keydown: ArrowRight
141.42046999998274	EXP	szo_kiir: autoDraw = false
141.42046999998274	EXP	szo_kiir: color = {"_rgb":[1,1,1]}
141.42046999998274	EXP	szo_kiir: text = "jog"
141.93564499999047	EXP	szo_kiir: autoDraw = true
142.46609500001068	DATA	Keydown: ArrowRight
142.47716499998933	EXP	szo_kiir: autoDraw = false
142.47716499998933	EXP	szo_kiir: color = {"_rgb":[1,1,1]}
142.47716499998933	EXP	szo_kiir: text = "típusú"
143.00226499998826	EXP	szo_kiir: autoDraw = true
143.636445000011	DATA	Keydown: ArrowRight
143.66967000000295	EXP	szo_kiir: autoDraw = false
143.66967000000295	EXP	szo_kiir: color = {"_rgb":[1,1,1]}
143.66967000000295	EXP	szo_kiir: text = "szem"
144.18276500000502	EXP	szo_kiir: autoDraw = true
144.64569000000483	DATA	Keydown: ArrowRight
144.66052499998477	EXP	szo_kiir: autoDraw = false
144.66052499998477	EXP	szo_kiir: color = {"_rgb":[1,1,1]}
144.66052499998477	EXP	szo_kiir: text = "érkezik"
145.18463000000338	EXP	szo_kiir: autoDraw = true
145.66438500001095	DATA	Keydown: ArrowRight
145.73626000000513	EXP	szo_kiir: autoDraw = false
145.73626000000513	EXP	szo_kiir: color = {"_rgb":[1,1,1]}
145.73626000000513	EXP	szo_kiir: text = "kész"
146.24731499998597	EXP	szo_kiir: autoDraw = true
146.7149849999987	DATA	Keydown: ArrowRight
146.72570499998983	EXP	szo_kiir: autoDraw = false
146.72570499998983	EXP	szo_kiir: color = {"_rgb":[1,1,1]}
146.72570499998983	EXP	szo_kiir: text = "föld"
147.24984999999288	EXP	szo_kiir: autoDraw = true
147.7944149999821	DATA	Keydown: ArrowRight
147.82482499998878	EXP	szo_kiir: autoDraw = false
147.82482499998878	EXP	szo_kiir: color = {"_rgb":[1,1,1]}
147.82482499998878	EXP	szo_kiir: text = "komplex"
148.34875000000466	EXP	szo_kiir: autoDraw = true
149.05143500000122	DATA	Keydown: ArrowRight
149.0594749999873	EXP	szo_kiir: autoDraw = false
149.0594749999873	EXP	szo_kiir: color = {"_rgb":[1,1,1]}
149.0594749999873	EXP	szo_kiir: text = "szegény"
149.58157000000938	EXP	szo_kiir: autoDraw = true
150.12761500000488	DATA	Keydown: ArrowRight
150.15843999999925	EXP	szo_kiir: autoDraw = false
150.15843999999925	EXP	szo_kiir: color = {"_rgb":[1,1,1]}
150.15843999999925	EXP	szo_kiir: text = "olaj"
150.6793900000048	EXP	szo_kiir: autoDraw = true
151.20934999999008	DATA	Keydown: ArrowRight
151.22435999999288	EXP	szo_kiir: autoDraw = false
151.22435999999288	EXP	szo_kiir: color = {"_rgb":[1,1,1]}
151.22435999999288	EXP	szo_kiir: text = "könyvtár"
151.7491849999933	EXP	szo_kiir: autoDraw = true
152.3652749999892	DATA	Keydown: ArrowRight
152.38987499999348	EXP	szo_kiir: autoDraw = false
152.38987499999348	EXP	szo_kiir: color = {"_rgb":[1,1,1]}
152.38987499999348	EXP	szo_kiir: text = "sulás"
152.91289000000688	EXP	szo_kiir: autoDraw = true
153.76017500000307	DATA	Keydown: ArrowLeft
153.7738599999866	EXP	szo_kiir: autoDraw = false
153.7738599999866	EXP	szo_kiir: color = {"_rgb":[1,1,1]}
153.7738599999866	EXP	szo_kiir: text = "kampány"
154.29508999999962	EXP	szo_kiir: autoDraw = true
154.9584249999898	DATA	Keydown: ArrowRight
154.99715999999898	EXP	szo_kiir: autoDraw = false
154.99715999999898	EXP	szo_kiir: color = {"_rgb":[1,1,1]}
154.99715999999898	EXP	szo_kiir: text = "kapu"
155.51203499999247	EXP	szo_kiir: autoDraw = true
156.17955000000075	DATA	Keydown: ArrowRight
156.19121499999892	EXP	szo_kiir: autoDraw = false
156.19121499999892	EXP	szo_kiir: color = {"_rgb":[1,1,1]}
156.19121499999892	EXP	szo_kiir: text = "általad"
156.71275000000605	EXP	szo_kiir: autoDraw = true
158.3098900000041	DATA	Keydown: ArrowRight
158.3454700000002	EXP	szo_kiir: autoDraw = false
158.3454700000002	EXP	szo_kiir: color = {"_rgb":[1,1,1]}
158.3454700000002	EXP	szo_kiir: text = "funkcionális"
158.8643999999913	EXP	szo_kiir: autoDraw = true
159.88150499999756	DATA	Keydown: ArrowRight
159.89045000000624	EXP	szo_kiir: autoDraw = false
159.89045000000624	EXP	szo_kiir: color = {"_rgb":[1,1,1]}
159.89045000000624	EXP	szo_kiir: text = "nek"
160.4104749999824	EXP	szo_kiir: autoDraw = true
161.6792499999865	DATA	Keydown: ArrowLeft
161.68993999998202	EXP	szo_kiir: autoDraw = false
161.68993999998202	EXP	szo_kiir: color = {"_rgb":[1,1,1]}
161.68993999998202	EXP	szo_kiir: text = "indezget"
162.2116199999873	EXP	szo_kiir: autoDraw = true
163.62380500001018	DATA	Keydown: ArrowLeft
163.65804000000935	EXP	szo_kiir: autoDraw = false
163.65804000000935	EXP	szo_kiir: color = {"_rgb":[1,1,1]}
163.65804000000935	EXP	szo_kiir: text = "citrom"
164.1764850000036	EXP	szo_kiir: autoDraw = true
164.84628999998677	DATA	Keydown: ArrowRight
164.8545949999825	EXP	szo_kiir: autoDraw = false
164.8545949999825	EXP	szo_kiir: color = {"_rgb":[1,1,1]}
164.8545949999825	EXP	szo_kiir: text = "szalas"
165.37536000000546	EXP	szo_kiir: autoDraw = true
166.41062499998952	DATA	Keydown: ArrowLeft
166.43723499999032	EXP	szo_kiir: autoDraw = false
166.43723499999032	EXP	szo_kiir: color = {"_rgb":[1,1,1]}
166.43723499999032	EXP	szo_kiir: text = "vád"
166.95798999999533	EXP	szo_kiir: autoDraw = true
168.24240499999723	DATA	Keydown: ArrowRight
168.25399999998626	EXP	szo_kiir: autoDraw = false
168.25399999998626	EXP	szo_kiir: color = {"_rgb":[1,1,1]}
168.25399999998626	EXP	szo_kiir: text = "forgatókönyv"
168.7785600000061	EXP	szo_kiir: autoDraw = true
169.6563099999912	DATA	Keydown: ArrowRight
169.68390000000363	EXP	szo_kiir: autoDraw = false
169.68390000000363	EXP	szo_kiir: color = {"_rgb":[1,1,1]}
169.68390000000363	EXP	szo_kiir: text = "sivirányi"
170.1912799999991	EXP	szo_kiir: autoDraw = true
171.68773999999394	DATA	Keydown: ArrowLeft
171.70292999999947	EXP	szo_kiir: autoDraw = false
171.70292999999947	EXP	szo_kiir: color = {"_rgb":[1,1,1]}
171.70292999999947	EXP	szo_kiir: text = "majozárói"
172.2243399999861	EXP	szo_kiir: autoDraw = true
173.55417499999749	DATA	Keydown: ArrowLeft
173.58186499998556	EXP	szo_kiir: autoDraw = false
173.58186499998556	EXP	szo_kiir: color = {"_rgb":[1,1,1]}
173.58186499998556	EXP	szo_kiir: text = "keresztyén"
174.09055999998236	EXP	szo_kiir: autoDraw = true
175.1703700000071	DATA	Keydown: ArrowRight
175.18516999998246	EXP	szo_kiir: autoDraw = false
175.18516999998246	EXP	szo_kiir: color = {"_rgb":[1,1,1]}
175.18516999998246	EXP	szo_kiir: text = "boldódi"
175.70617499999935	EXP	szo_kiir: autoDraw = true
176.94154999998864	DATA	Keydown: ArrowLeft
176.96400000000722	EXP	szo_kiir: autoDraw = false
176.96400000000722	EXP	szo_kiir: color = {"_rgb":[1,1,1]}
176.96400000000722	EXP	szo_kiir: text = "tévhit"
177.47383000000264	EXP	szo_kiir: autoDraw = true
179.08989999999176	DATA	Keydown: ArrowRight
179.10352499998407	EXP	szo_kiir: autoDraw = false
179.10352499998407	EXP	szo_kiir: color = {"_rgb":[1,1,1]}
179.10352499998407	EXP	szo_kiir: text = "numen"
179.6235849999939	EXP	szo_kiir: autoDraw = true
180.63647999998648	DATA	Keydown: ArrowLeft
180.6647299999895	EXP	szo_kiir: autoDraw = false
180.6647299999895	EXP	szo_kiir: color = {"_rgb":[1,1,1]}
180.6647299999895	EXP	szo_kiir: text = "heveny"
181.17176999998628	EXP	szo_kiir: autoDraw = true
182.15945000000647	DATA	Keydown: ArrowRight
182.16696999999112	EXP	szo_kiir: autoDraw = false
182.16696999999112	EXP	szo_kiir: color = {"_rgb":[1,1,1]}
182.16696999999112	EXP	szo_kiir: text = "puharmes"
182.68786000000546	EXP	szo_kiir: autoDraw = true
184.43473999999696	DATA	Keydown: ArrowLeft
184.46709499999997	EXP	szo_kiir: autoDraw = false
184.46709499999997	EXP	szo_kiir: color = {"_rgb":[1,1,1]}
184.46709499999997	EXP	szo_kiir: text = "gyalaha"
184.98730499998783	EXP	szo_kiir: autoDraw = true
186.16761499998393	DATA	Keydown: ArrowLeft
186.18247999998857	EXP	szo_kiir: autoDraw = false
186.18247999998857	EXP	szo_kiir: color = {"_rgb":[1,1,1]}
186.18247999998857	EXP	szo_kiir: text = "osztozik"
186.7034299999941	EXP	szo_kiir: autoDraw = true
187.5169299999834	DATA	Keydown: ArrowRight
187.5548349999881	EXP	szo_kiir: autoDraw = false
187.5548349999881	EXP	szo_kiir: color = {"_rgb":[1,1,1]}
187.5548349999881	EXP	szo_kiir: text = "klór"
188.07184499999858	EXP	szo_kiir: autoDraw = true
188.7848299999896	DATA	Keydown: ArrowRight
188.8002550000092	EXP	szo_kiir: autoDraw = false
188.8002550000092	EXP	szo_kiir: color = {"_rgb":[1,1,1]}
188.8002550000092	EXP	szo_kiir: text = "hurok"
189.32082500000251	EXP	szo_kiir: autoDraw = true
189.98467499998515	DATA	Keydown: ArrowRight
190.03399500000523	EXP	szo_kiir: autoDraw = false
190.03399500000523	EXP	szo_kiir: color = {"_rgb":[1,1,1]}
190.03399500000523	EXP	szo_kiir: text = "viszály"
190.55290999999852	EXP	szo_kiir: autoDraw = true
191.90468999999575	DATA	Keydown: ArrowLeft
191.915084999986	EXP	szo_kiir: autoDraw = false
191.915084999986	EXP	szo_kiir: color = {"_rgb":[1,1,1]}
191.915084999986	EXP	szo_kiir: text = "szivalka"
192.43543499999214	EXP	szo_kiir: autoDraw = true
193.91598499999964	DATA	Keydown: ArrowRight
193.93076499999734	EXP	szo_kiir: autoDraw = false
193.93076499999734	EXP	szo_kiir: color = {"_rgb":[1,1,1]}
193.93076499999734	EXP	szo_kiir: text = "ion"
194.45144499998423	EXP	szo_kiir: autoDraw = true
195.2712799999863	DATA	Keydown: ArrowRight
195.2807599999942	EXP	szo_kiir: autoDraw = false
195.2807599999942	EXP	szo_kiir: color = {"_rgb":[1,1,1]}
195.2807599999942	EXP	szo_kiir: text = "taszt"
195.8012699999963	EXP	szo_kiir: autoDraw = true
196.64824999999837	DATA	Keydown: ArrowLeft
196.67610499999137	EXP	szo_kiir: autoDraw = false
196.67610499999137	EXP	szo_kiir: color = {"_rgb":[1,1,1]}
196.67610499999137	EXP	szo_kiir: text = "arló"
197.18445999998949	EXP	szo_kiir: autoDraw = true
198.3859099999827	DATA	Keydown: ArrowLeft
198.39648500000476	EXP	szo_kiir: autoDraw = false
198.39648500000476	EXP	szo_kiir: color = {"_rgb":[1,1,1]}
198.39648500000476	EXP	szo_kiir: text = "köztett"
198.91795000000275	EXP	szo_kiir: autoDraw = true
201.8716199999908	DATA	Keydown: ArrowRight
201.88013999999384	EXP	szo_kiir: autoDraw = false
201.88013999999384	EXP	szo_kiir: color = {"_rgb":[1,1,1]}
201.88013999999384	EXP	szo_kiir: text = "derít"
202.39976000000024	EXP	szo_kiir: autoDraw = true
203.26998499999172	DATA	Keydown: ArrowRight
203.29052499998943	EXP	szo_kiir: autoDraw = false
203.29052499998943	EXP	szo_kiir: color = {"_rgb":[1,1,1]}
203.29052499998943	EXP	szo_kiir: text = "ideál"
203.79886999999871	EXP	szo_kiir: autoDraw = true
204.5298649999895	DATA	Keydown: ArrowRight
204.5451100000064	EXP	szo_kiir: autoDraw = false
204.5451100000064	EXP	szo_kiir: color = {"_rgb":[1,1,1]}
204.5451100000064	EXP	szo_kiir: text = "biliárd"
205.06820499998867	EXP	szo_kiir: autoDraw = true
207.01707999999053	DATA	Keydown: ArrowRight
207.04221499999403	EXP	szo_kiir: autoDraw = false
207.04221499999403	EXP	szo_kiir: color = {"_rgb":[1,1,1]}
207.04221499999403	EXP	szo_kiir: text = "embertömeg"
207.54955999998492	EXP	szo_kiir: autoDraw = true
208.29790999999386	DATA	Keydown: ArrowRight
208.31078500000876	EXP	szo_kiir: autoDraw = false
208.31078500000876	EXP	szo_kiir: color = {"_rgb":[1,1,1]}
208.31078500000876	EXP	szo_kiir: text = "délceg"
208.8316300000006	EXP	szo_kiir: autoDraw = true
209.3968149999855	DATA	Keydown: ArrowRight
209.42280500000925	EXP	szo_kiir: autoDraw = false
209.42280500000925	EXP	szo_kiir: color = {"_rgb":[1,1,1]}
209.42280500000925	EXP	szo_kiir: text = "szobanövény"
209.9316749999998	EXP	szo_kiir: autoDraw = true
210.52215000000433	DATA	Keydown: ArrowRight
210.52739999999176	EXP	szo_kiir: autoDraw = false
210.52739999999176	EXP	szo_kiir: color = {"_rgb":[1,1,1]}
210.52739999999176	EXP	szo_kiir: text = "aprimitmus"
211.0483050000039	EXP	szo_kiir: autoDraw = true
212.2821849999891	DATA	Keydown: ArrowLeft
212.31012499998906	EXP	szo_kiir: autoDraw = false
212.31012499998906	EXP	szo_kiir: color = {"_rgb":[1,1,1]}
212.31012499998906	EXP	szo_kiir: text = "szilikát"
212.83057499999995	EXP	szo_kiir: autoDraw = true
214.36562999998569	DATA	Keydown: ArrowRight
214.37606499998947	EXP	szo_kiir: autoDraw = false
214.37606499998947	EXP	szo_kiir: color = {"_rgb":[1,1,1]}
214.37606499998947	EXP	szo_kiir: text = "kopp"
214.89708500000415	EXP	szo_kiir: autoDraw = true
215.77719999998226	DATA	Keydown: ArrowRight
215.8105949999881	EXP	szo_kiir: autoDraw = false
215.8105949999881	EXP	szo_kiir: color = {"_rgb":[1,1,1]}
215.8105949999881	EXP	szo_kiir: text = "ború"
216.33112499999697	EXP	szo_kiir: autoDraw = true
216.9615000000049	DATA	Keydown: ArrowRight
216.97673500000383	EXP	szo_kiir: autoDraw = false
216.97673500000383	EXP	szo_kiir: color = {"_rgb":[1,1,1]}
216.97673500000383	EXP	szo_kiir: text = "tincs"
217.4968649999937	EXP	szo_kiir: autoDraw = true
217.99775999999838	DATA	Keydown: ArrowRight
218.0275299999921	EXP	szo_kiir: autoDraw = false
218.0275299999921	EXP	szo_kiir: color = {"_rgb":[1,1,1]}
218.0275299999921	EXP	szo_kiir: text = "aurult"
218.54565499999444	EXP	szo_kiir: autoDraw = true
219.4761850000068	DATA	Keydown: ArrowLeft
219.49173999999766	EXP	szo_kiir: autoDraw = false
219.49173999999766	EXP	szo_kiir: color = {"_rgb":[1,1,1]}
219.49173999999766	EXP	szo_kiir: text = "szarkaláb"
220.01228500000434	EXP	szo_kiir: autoDraw = true
220.87639499999932	DATA	Keydown: ArrowRight
220.9055099999823	EXP	szo_kiir: autoDraw = false
220.9055099999823	EXP	szo_kiir: color = {"_rgb":[1,1,1]}
220.9055099999823	EXP	szo_kiir: text = "konfirki"
221.41188500000862	EXP	szo_kiir: autoDraw = true
222.3606049999944	DATA	Keydown: ArrowLeft
222.37437999999383	EXP	szo_kiir: autoDraw = false
222.37437999999383	EXP	szo_kiir: color = {"_rgb":[1,1,1]}
222.37437999999383	EXP	szo_kiir: text = "sziszeg"
222.89463999998407	EXP	szo_kiir: autoDraw = true
223.64699000000837	DATA	Keydown: ArrowRight
223.66944999998668	EXP	szo_kiir: autoDraw = false
223.66944999998668	EXP	szo_kiir: color = {"_rgb":[1,1,1]}
223.66944999998668	EXP	szo_kiir: text = "összalaj"
224.18085499998415	EXP	szo_kiir: autoDraw = true
225.94740000000456	DATA	Keydown: ArrowLeft
225.95907499999157	EXP	szo_kiir: autoDraw = false
225.95907499999157	EXP	szo_kiir: color = {"_rgb":[1,1,1]}
225.95907499999157	EXP	szo_kiir: text = "rubinvörös"
226.47901000001002	EXP	szo_kiir: autoDraw = true
227.56054000000586	DATA	Keydown: ArrowRight
227.58922500000335	EXP	szo_kiir: autoDraw = false
227.58922500000335	EXP	szo_kiir: color = {"_rgb":[1,1,1]}
227.58922500000335	EXP	szo_kiir: text = "hormati"
228.1125849999953	EXP	szo_kiir: autoDraw = true
229.16680000000633	DATA	Keydown: ArrowLeft
229.1739499999967	EXP	szo_kiir: autoDraw = false
229.1739499999967	EXP	szo_kiir: color = {"_rgb":[1,1,1]}
229.1739499999967	EXP	szo_kiir: text = "volt"
229.6940750000067	EXP	szo_kiir: autoDraw = true
230.84871500000008	DATA	Keydown: ArrowRight
230.8747699999949	EXP	szo_kiir: autoDraw = false
230.8747699999949	EXP	szo_kiir: color = {"_rgb":[1,1,1]}
230.8747699999949	EXP	szo_kiir: text = "megrohad"
231.39389999999548	EXP	szo_kiir: autoDraw = true
233.22326999998768	DATA	Keydown: ArrowRight
233.23808999999892	EXP	szo_kiir: autoDraw = false
233.23808999999892	EXP	szo_kiir: color = {"_rgb":[1,1,1]}
233.23808999999892	EXP	szo_kiir: text = "egellendő"
233.76112000001012	EXP	szo_kiir: autoDraw = true
234.82912999999826	DATA	Keydown: ArrowLeft
234.85024500000873	EXP	szo_kiir: autoDraw = false
234.85024500000873	EXP	szo_kiir: color = {"_rgb":[1,1,1]}
234.85024500000873	EXP	szo_kiir: text = "nukleon"
235.3580999999831	EXP	szo_kiir: autoDraw = true
236.45558000000892	DATA	Keydown: ArrowRight
236.47052000000258	EXP	szo_kiir: autoDraw = false
236.47052000000258	EXP	szo_kiir: color = {"_rgb":[1,1,1]}
236.47052000000258	EXP	szo_kiir: text = "ingváll"
236.9914399999834	EXP	szo_kiir: autoDraw = true
237.9447499999951	DATA	Keydown: ArrowRight
237.96698999998625	EXP	szo_kiir: autoDraw = false
237.96698999998625	EXP	szo_kiir: color = {"_rgb":[1,1,1]}
237.96698999998625	EXP	szo_kiir: text = "aggófű"
238.47631500000716	EXP	szo_kiir: autoDraw = true
239.92260499999975	DATA	Keydown: ArrowRight
239.93822499999078	EXP	szo_kiir: autoDraw = false
239.93822499999078	EXP	szo_kiir: color = {"_rgb":[1,1,1]}
239.93822499999078	EXP	szo_kiir: text = "adszorbens"
240.4592100000009	EXP	szo_kiir: autoDraw = true
241.6554949999845	DATA	Keydown: ArrowLeft
241.670769999997	EXP	szo_kiir: autoDraw = false
241.670769999997	EXP	szo_kiir: color = {"_rgb":[1,1,1]}
241.670769999997	EXP	szo_kiir: text = "szendültet"
242.19238999998197	EXP	szo_kiir: autoDraw = true
243.76000499998918	DATA	Keydown: ArrowLeft
243.78703499998664	EXP	szo_kiir: autoDraw = false
243.78703499998664	EXP	szo_kiir: color = {"_rgb":[1,1,1]}
243.78703499998664	EXP	szo_kiir: text = "rantálható"
244.30861499998719	EXP	szo_kiir: autoDraw = true
246.1452500000014	DATA	Keydown: ArrowLeft
246.15401500000735	EXP	szo_kiir: autoDraw = false
246.15401500000735	EXP	szo_kiir: color = {"_rgb":[1,1,1]}
246.15401500000735	EXP	szo_kiir: text = "selypít"
246.67355499998666	EXP	szo_kiir: autoDraw = true
247.9644499999995	DATA	Keydown: ArrowRight
247.98751499998616	EXP	szo_kiir: autoDraw = false
247.98751499998616	EXP	szo_kiir: color = {"_rgb":[1,1,1]}
247.98751499998616	EXP	szo_kiir: text = "visong"
248.5056699999841	EXP	szo_kiir: autoDraw = true
249.12603499999386	DATA	Keydown: ArrowRight
249.1343699999852	EXP	szo_kiir: autoDraw = false
249.1343699999852	EXP	szo_kiir: color = {"_rgb":[1,1,1]}
249.1343699999852	EXP	szo_kiir: text = "homályosít"
249.65572999999858	EXP	szo_kiir: autoDraw = true
250.57413999998244	DATA	Keydown: ArrowRight
250.59894999998505	EXP	szo_kiir: autoDraw = false
250.59894999998505	EXP	szo_kiir: color = {"_rgb":[1,1,1]}
250.59894999998505	EXP	szo_kiir: text = "tutamizál"
251.104720000003	EXP	szo_kiir: autoDraw = true
252.48528999998234	DATA	Keydown: ArrowLeft
252.5003849999921	EXP	szo_kiir: autoDraw = false
252.5003849999921	EXP	szo_kiir: color = {"_rgb":[1,1,1]}
252.5003849999921	EXP	szo_kiir: text = "egant"
253.02079999999842	EXP	szo_kiir: autoDraw = true
253.93495999998413	DATA	Keydown: ArrowLeft
253.96549999999115	EXP	szo_kiir: autoDraw = false
253.96549999999115	EXP	szo_kiir: color = {"_rgb":[1,1,1]}
253.96549999999115	EXP	szo_kiir: text = "istenhozzád"
254.47066500000074	EXP	szo_kiir: autoDraw = true
255.36160499998368	DATA	Keydown: ArrowRight
255.36679000000004	EXP	szo_kiir: autoDraw = false
255.36679000000004	EXP	szo_kiir: color = {"_rgb":[1,1,1]}
255.36679000000004	EXP	szo_kiir: text = "inhumánus"
255.88688000000548	EXP	szo_kiir: autoDraw = true
257.20168999998714	DATA	Keydown: ArrowRight
257.22957500000484	EXP	szo_kiir: autoDraw = false
257.22957500000484	EXP	szo_kiir: color = {"_rgb":[1,1,1]}
257.22957500000484	EXP	szo_kiir: text = "sziksófű"
257.736814999982	EXP	szo_kiir: autoDraw = true
258.850219999993	DATA	Keydown: ArrowRight
258.86544999998296	EXP	szo_kiir: autoDraw = false
258.86544999998296	EXP	szo_kiir: color = {"_rgb":[1,1,1]}
258.86544999998296	EXP	szo_kiir: text = "kúpol"
259.3859400000074	EXP	szo_kiir: autoDraw = true
260.4060999999929	DATA	Keydown: ArrowRight
260.42940999998245	EXP	szo_kiir: autoDraw = false
260.42940999998245	EXP	szo_kiir: color = {"_rgb":[1,1,1]}
260.42940999998245	EXP	szo_kiir: text = "csöndesedik"
260.93583000000217	EXP	szo_kiir: autoDraw = true
261.8206899999932	DATA	Keydown: ArrowRight
261.83110999999917	EXP	szo_kiir: autoDraw = false
261.83110999999917	EXP	szo_kiir: color = {"_rgb":[1,1,1]}
261.83110999999917	EXP	szo_kiir: text = "zomás"
262.35262499999953	EXP	szo_kiir: autoDraw = true
263.28769500000635	DATA	Keydown: ArrowLeft
263.31377000000793	EXP	szo_kiir: autoDraw = false
263.31377000000793	EXP	szo_kiir: color = {"_rgb":[1,1,1]}
263.31377000000793	EXP	szo_kiir: text = "kuktáskodik"
263.8349799999851	EXP	szo_kiir: autoDraw = true
265.0701999999874	DATA	Keydown: ArrowRight
265.0807349999959	EXP	szo_kiir: autoDraw = false
265.0807349999959	EXP	szo_kiir: color = {"_rgb":[1,1,1]}
265.0807349999959	EXP	szo_kiir: text = "szedelődzködik"
265.6040550000034	EXP	szo_kiir: autoDraw = true
266.9991699999955	DATA	Keydown: ArrowRight
267.0258000000031	EXP	szo_kiir: autoDraw = false
267.0258000000031	EXP	szo_kiir: color = {"_rgb":[1,1,1]}
267.0258000000031	EXP	szo_kiir: text = "büntetéspénz"
267.53423499999917	EXP	szo_kiir: autoDraw = true
269.06571999998414	DATA	Keydown: ArrowRight
269.0796499999997	EXP	szo_kiir: autoDraw = false
269.0796499999997	EXP	szo_kiir: color = {"_rgb":[1,1,1]}
269.0796499999997	EXP	szo_kiir: text = "retta"
269.6024899999902	EXP	szo_kiir: autoDraw = true
270.33192500000587	DATA	Keydown: ArrowLeft
270.3584400000109	EXP	szo_kiir: autoDraw = false
270.3584400000109	EXP	szo_kiir: color = {"_rgb":[1,1,1]}
270.3584400000109	EXP	szo_kiir: text = "zentiekert"
270.8672549999901	EXP	szo_kiir: autoDraw = true
271.66558500000974	DATA	Keydown: ArrowLeft
271.67890500000794	EXP	szo_kiir: autoDraw = false
271.67890500000794	EXP	szo_kiir: color = {"_rgb":[1,1,1]}
271.67890500000794	EXP	szo_kiir: text = "tokosodik"
272.2022050000087	EXP	szo_kiir: autoDraw = true
273.33172499999637	DATA	Keydown: ArrowRight
273.3575499999861	EXP	szo_kiir: autoDraw = false
273.3575499999861	EXP	szo_kiir: color = {"_rgb":[1,1,1]}
273.3575499999861	EXP	szo_kiir: text = "pentez"
273.86546500000986	EXP	szo_kiir: autoDraw = true
274.86707999999635	DATA	Keydown: ArrowLeft
274.87812499998836	EXP	szo_kiir: autoDraw = false
274.87812499998836	EXP	szo_kiir: color = {"_rgb":[1,1,1]}
274.87812499998836	EXP	szo_kiir: text = "zuboly"
275.4017199999944	EXP	szo_kiir: autoDraw = true
276.78052000000025	DATA	Keydown: ArrowLeft
276.7957049999968	EXP	szo_kiir: autoDraw = false
276.7957049999968	EXP	szo_kiir: color = {"_rgb":[1,1,1]}
276.7957049999968	EXP	szo_kiir: text = "orvatható"
277.3162050000101	EXP	szo_kiir: autoDraw = true
278.89694499998586	DATA	Keydown: ArrowLeft
278.9283550000109	EXP	szo_kiir: autoDraw = false
278.9283550000109	EXP	szo_kiir: color = {"_rgb":[1,1,1]}
278.9283550000109	EXP	szo_kiir: text = "dölyfösködik"
279.4487749999971	EXP	szo_kiir: autoDraw = true
280.5454899999895	DATA	Keydown: ArrowRight
280.5600749999867	EXP	szo_kiir: autoDraw = false
280.5600749999867	EXP	szo_kiir: color = {"_rgb":[1,1,1]}
280.5600749999867	EXP	szo_kiir: text = "áradmány"
281.0810150000034	EXP	szo_kiir: autoDraw = true
282.74455499998294	DATA	Keydown: ArrowRight
282.77319000000716	EXP	szo_kiir: autoDraw = false
282.77319000000716	EXP	szo_kiir: color = {"_rgb":[1,1,1]}
282.77319000000716	EXP	szo_kiir: text = "kettősfém"
283.28106999999727	EXP	szo_kiir: autoDraw = true
284.49386499999673	DATA	Keydown: ArrowRight
284.5089300000109	EXP	szo_kiir: autoDraw = false
284.5089300000109	EXP	szo_kiir: color = {"_rgb":[1,1,1]}
284.5089300000109	EXP	szo_kiir: text = "nyersmodorú"
285.03106999999727	EXP	szo_kiir: autoDraw = true
286.3327350000036	DATA	Keydown: ArrowRight
286.3582799999858	EXP	szo_kiir: autoDraw = false
286.3582799999858	EXP	szo_kiir: color = {"_rgb":[1,1,1]}
286.3582799999858	EXP	szo_kiir: text = "szagosít"
286.87987999999314	EXP	szo_kiir: autoDraw = true
287.69318999999086	DATA	Keydown: ArrowRight
287.7084599999944	EXP	szo_kiir: autoDraw = false
287.7084599999944	EXP	szo_kiir: color = {"_rgb":[1,1,1]}
287.7084599999944	EXP	szo_kiir: text = "tángál"
288.2290299999877	EXP	szo_kiir: autoDraw = true
289.3094149999961	DATA	Keydown: ArrowLeft
289.32482999999775	EXP	szo_kiir: autoDraw = false
289.32482999999775	EXP	szo_kiir: color = {"_rgb":[1,1,1]}
289.32482999999775	EXP	szo_kiir: text = "heherész"
289.8456700000097	EXP	szo_kiir: autoDraw = true
291.64545999999973	DATA	Keydown: ArrowRight
291.6696149999916	EXP	szo_kiir: autoDraw = false
291.6696149999916	EXP	szo_kiir: color = {"_rgb":[1,1,1]}
291.6696149999916	EXP	szo_kiir: text = "bojtárkodik"
292.17853499998455	EXP	szo_kiir: autoDraw = true
293.02684499998577	DATA	Keydown: ArrowRight
293.0405899999896	EXP	szo_kiir: autoDraw = false
293.0405899999896	EXP	szo_kiir: color = {"_rgb":[1,1,1]}
293.0405899999896	EXP	szo_kiir: text = "kétvonalú"
293.56121499999426	EXP	szo_kiir: autoDraw = true
294.32920499998727	DATA	Keydown: ArrowRight
294.35165500000585	EXP	szo_kiir: autoDraw = false
294.35165500000585	EXP	szo_kiir: color = {"_rgb":[1,1,1]}
294.35165500000585	EXP	szo_kiir: text = "sápít"
294.86279499999364	EXP	szo_kiir: autoDraw = true
295.4589149999956	DATA	Keydown: ArrowRight
295.4740849999944	EXP	szo_kiir: autoDraw = false
295.4740849999944	EXP	szo_kiir: color = {"_rgb":[1,1,1]}
295.4740849999944	EXP	szo_kiir: text = "sallárium"
295.99530499998946	EXP	szo_kiir: autoDraw = true
296.75864499999443	DATA	Keydown: ArrowLeft
296.7741999999853	EXP	szo_kiir: autoDraw = false
296.7741999999853	EXP	szo_kiir: color = {"_rgb":[1,1,1]}
296.7741999999853	EXP	szo_kiir: text = "csüggöny"
297.2953099999868	EXP	szo_kiir: autoDraw = true
298.3582250000036	DATA	Keydown: ArrowLeft
298.38889500001096	EXP	szo_kiir: autoDraw = false
298.38889500001096	EXP	szo_kiir: color = {"_rgb":[1,1,1]}
298.38889500001096	EXP	szo_kiir: text = "csapdáz"
298.91006999998353	EXP	szo_kiir: autoDraw = true
299.9634950000036	DATA	Keydown: ArrowRight
299.9724200000055	EXP	szo_kiir: autoDraw = false
299.9724200000055	EXP	szo_kiir: color = {"_rgb":[1,1,1]}
299.9724200000055	EXP	szo_kiir: text = "egyenetlenkedik"
300.49684000000707	EXP	szo_kiir: autoDraw = true
301.5912149999931	DATA	Keydown: ArrowRight
301.62205499998527	EXP	szo_kiir: autoDraw = false
301.62205499998527	EXP	szo_kiir: color = {"_rgb":[1,1,1]}
301.62205499998527	EXP	szo_kiir: text = "kirugódik"
302.14360000001034	EXP	szo_kiir: autoDraw = true
303.8400050000055	DATA	Keydown: ArrowRight
303.85464999999385	EXP	szo_kiir: autoDraw = false
303.85464999999385	EXP	szo_kiir: color = {"_rgb":[1,1,1]}
303.85464999999385	EXP	szo_kiir: text = "desszertestál"
304.3758749999979	EXP	szo_kiir: autoDraw = true
305.75042500000563	DATA	Keydown: ArrowRight
305.77202499998384	EXP	szo_kiir: autoDraw = false
305.77202499998384	EXP	szo_kiir: color = {"_rgb":[1,1,1]}
305.77202499998384	EXP	szo_kiir: text = "aximai"
306.29179499999736	EXP	szo_kiir: autoDraw = true
308.93951999998535	DATA	Keydown: ArrowLeft
308.954705000011	EXP	szo_kiir: autoDraw = false
308.954705000011	EXP	szo_kiir: color = {"_rgb":[1,1,1]}
308.954705000011	EXP	szo_kiir: text = "kvártélyoz"
309.4743399999861	EXP	szo_kiir: autoDraw = true
310.8881549999933	DATA	Keydown: ArrowLeft
310.90278499998385	EXP	szo_kiir: autoDraw = false
310.90278499998385	EXP	szo_kiir: color = {"_rgb":[1,1,1]}
310.90278499998385	EXP	szo_kiir: text = "ószeven"
311.4239050000033	EXP	szo_kiir: autoDraw = true
312.7374649999838	DATA	Keydown: ArrowLeft
312.7696200000064	EXP	szo_kiir: autoDraw = false
312.7696200000064	EXP	szo_kiir: color = {"_rgb":[1,1,1]}
312.7696200000064	EXP	szo_kiir: text = "jelegező"
313.2896649999893	EXP	szo_kiir: autoDraw = true
316.6033349999925	DATA	Keydown: ArrowLeft
316.61952000000747	EXP	szo_kiir: autoDraw = false
316.61952000000747	EXP	szo_kiir: color = {"_rgb":[1,1,1]}
316.61952000000747	EXP	szo_kiir: text = "vektorinvariáns"
317.13936500001	EXP	szo_kiir: autoDraw = true
318.8373149999825	DATA	Keydown: ArrowLeft
318.85133499998483	EXP	szo_kiir: autoDraw = false
318.85133499998483	EXP	szo_kiir: color = {"_rgb":[1,1,1]}
318.85133499998483	EXP	szo_kiir: text = "kilukát"
319.37179499998456	EXP	szo_kiir: autoDraw = true
320.2879899999825	DATA	Keydown: ArrowLeft
320.3138049999834	EXP	szo_kiir: autoDraw = false
320.3138049999834	EXP	koszi_szoveg: autoDraw = true
