0.45298999996157363	EXP	Created Window = Window( name=Window, fullscr=true, color=#000000, units=norm, waitBlanking=true, autoLog=true, size=[1366,608] )
4.825955000007525	DATA	Keydown: 5
5.145989999989979	DATA	Keydown: 1
5.3859449999872595	DATA	Keydown: 0
5.5560849999892525	DATA	Keydown: 2
9.237759999989066	DATA	Keydown: f
11.091099999961443	DATA	Keydown: é
11.229179999965709	DATA	Keydown: r
11.492299999983516	DATA	Keydown: f
11.59499999997206	DATA	Keydown: i
13.64837999996962	DATA	Keydown: 1
13.770959999994375	DATA	Keydown: 9
13.889754999952856	DATA	Keydown: 9
14.1594150000019	DATA	Keydown: 2
14.822249999968335	DATA	Keydown: .
15.239284999959636	DATA	Keydown: 0
15.337899999984074	DATA	Keydown: 8
15.737874999991618	DATA	Keydown: .
16.081319999997504	DATA	Keydown: 0
16.171149999951012	DATA	Keydown: 3
45.53652500000317	DATA	Keydown: 1
45.591654999996535	DATA	Keydown: 6
81.374199999962	DATA	Keydown: Backspace
82.15757999999914	DATA	Keydown: 7
87.12087499996414	EXP	Created instruction_text1 = TextStim( name=instruction_text1, win=Window( name=Window, fullscr=true, color=#000000, ~), autoDraw=null, autoLog=true, units=norm, ori=null, opacity=1, pos=[0,0], size=undefined, text=Ön most szavakat fog látni.

Ezek között lesznek o~, font=Arial, color=#ffffff, contrast=1, height=0.05, bold=null, italic=null, alignHoriz=left, alignVert=center, wrapWidth=1, flipHoriz=null, flipVert=null )
87.15702499996405	EXP	Created instruction_text2 = TextStim( name=instruction_text2, win=Window( name=Window, fullscr=true, color=#000000, ~), autoDraw=null, autoLog=true, units=norm, ori=null, opacity=1, pos=[0,0], size=undefined, text=Először két egyszerű példát mutatunk Önnek.

Az el~, font=Arial, color=#FFFFFF, contrast=1, height=0.05, bold=null, italic=null, alignHoriz=left, alignVert=center, wrapWidth=1, flipHoriz=null, flipVert=null )
87.16931999998633	EXP	Created show_text = TextStim( name=show_text, win=Window( name=Window, fullscr=true, color=#000000, ~), autoDraw=null, autoLog=true, units=norm, ori=null, opacity=1, pos=[0,0], size=undefined, text=asztal, font=Arial, color=#FFFFFF, contrast=1, height=0.2, bold=null, italic=null, alignHoriz=left, alignVert=center, wrapWidth=1, flipHoriz=null, flipVert=null )
87.17506499995943	EXP	Created text = TextStim( name=text, win=Window( name=Window, fullscr=true, color=#000000, ~), autoDraw=null, autoLog=true, units=norm, ori=null, opacity=1, pos=[0,0], size=undefined, text=bzsmfsztal, font=Arial, color=#FFFFFF, contrast=1, height=0.2, bold=null, italic=null, alignHoriz=left, alignVert=center, wrapWidth=1, flipHoriz=null, flipVert=null )
87.18364999996265	EXP	Created instruction_text3 = TextStim( name=instruction_text3, win=Window( name=Window, fullscr=true, color=#000000, ~), autoDraw=null, autoLog=true, units=norm, ori=null, opacity=1, pos=[0,0], size=undefined, text=Pazar. Most kezdődik az igazi kísérlet. Néhány per~, font=Arial, color=#FFFFFF, contrast=1, height=0.1, bold=null, italic=null, alignHoriz=left, alignVert=center, wrapWidth=1, flipHoriz=null, flipVert=null )
87.18578999995952	EXP	Created szo_kiir = TextStim( name=szo_kiir, win=Window( name=Window, fullscr=true, color=#000000, ~), autoDraw=null, autoLog=true, units=norm, ori=null, opacity=1, pos=[0,0], size=undefined, text=default text, font=Arial, color=#FFFFFF, contrast=1, height=0.2, bold=null, italic=null, alignHoriz=left, alignVert=center, wrapWidth=1, flipHoriz=null, flipVert=null )
87.18790499999886	EXP	Created koszi_szoveg = TextStim( name=koszi_szoveg, win=Window( name=Window, fullscr=true, color=#000000, ~), autoDraw=null, autoLog=true, units=norm, ori=null, opacity=1, pos=[0,0], size=undefined, text=Vége a kísérletnek. Köszönjük a részvételt!, font=arial, color=#ffffff, contrast=1, height=0.1, bold=null, italic=null, alignHoriz=left, alignVert=center, wrapWidth=1, flipHoriz=null, flipVert=null )
87.27561999997124	EXP	instruction_text1: units = "norm"
87.27561999997124	EXP	instruction_text1: ori = 0
87.27561999997124	EXP	instruction_text1: opacity = 1
87.27561999997124	EXP	instruction_text1: pos = [0,0]
87.27561999997124	EXP	instruction_text1: size = undefined
87.27561999997124	EXP	instruction_text1: text = "Ön most szavakat fog látni.\n\nEzek között lesznek olyanok, amelyeket ismer, de előfordulhatnak olyanok is, amelyeket nem ismer, sőt, vannak köztük kitalált szavak is. \n\nKérjük, ha ismeri a képernyőn látható szót, nyomja meg a JOBB kurzorbillentyűt.\nKérjük, ha NEM ismeri a képernyőn látható szót, vagy azt gondolja, nincs ilyen szó a magyarban, nyomja meg a BAL kurzorbillentyűt.\n\nAz 'Ismerem a szót' döntés itt most ezt jelenti: találkoztam már vele, és van valami elképzelésem a jelentéséről is.  \n\nNyomjon meg bármilyen billentyűt a folytatáshoz."
87.27561999997124	EXP	instruction_text1: font = "Arial"
87.27561999997124	EXP	instruction_text1: color = {"_rgb":[1,1,1]}
87.27561999997124	EXP	instruction_text1: contrast = 1
87.27561999997124	EXP	instruction_text1: height = 0.05
87.27561999997124	EXP	instruction_text1: bold = false
87.27561999997124	EXP	instruction_text1: italic = false
87.27561999997124	EXP	instruction_text1: alignHoriz = "left"
87.27561999997124	EXP	instruction_text1: alignVert = "center"
87.27561999997124	EXP	instruction_text1: wrapWidth = 1
87.27561999997124	EXP	instruction_text1: flipHoriz = false
87.27561999997124	EXP	instruction_text1: flipVert = false
87.27561999997124	EXP	instruction_text2: units = "norm"
87.27561999997124	EXP	instruction_text2: ori = 0
87.27561999997124	EXP	instruction_text2: opacity = 1
87.27561999997124	EXP	instruction_text2: pos = [0,0]
87.27561999997124	EXP	instruction_text2: size = undefined
87.27561999997124	EXP	instruction_text2: text = "Először két egyszerű példát mutatunk Önnek.\n\nAz első szó létezik a magyarban, és valószínűleg Ön is ismeri. Itt nyomja majd meg a jobb kurzorbillentyűt.\nA második szó nem létezik a magyar nyelvben. Itt nyomja majd meg a bal kurzorbillentyűt.\n\nFontos, hogy a jobb gombot a jobb kezével, a bal gombot a bal kezével nyomja, ha tudja, és ne egy kezét használja a kísérletben.\n\nNyomjon meg bármilyen gombot a folytatáshoz."
87.27561999997124	EXP	instruction_text2: font = "Arial"
87.27561999997124	EXP	instruction_text2: color = {"_hex":"#FFFFFF","_rgb":[1,1,1]}
87.27561999997124	EXP	instruction_text2: contrast = 1
87.27561999997124	EXP	instruction_text2: height = 0.05
87.27561999997124	EXP	instruction_text2: bold = false
87.27561999997124	EXP	instruction_text2: italic = false
87.27561999997124	EXP	instruction_text2: alignHoriz = "left"
87.27561999997124	EXP	instruction_text2: alignVert = "center"
87.27561999997124	EXP	instruction_text2: wrapWidth = 1
87.27561999997124	EXP	instruction_text2: flipHoriz = false
87.27561999997124	EXP	instruction_text2: flipVert = false
87.27561999997124	EXP	show_text: units = "norm"
87.27561999997124	EXP	show_text: ori = 0
87.27561999997124	EXP	show_text: opacity = 1
87.27561999997124	EXP	show_text: pos = [0,0]
87.27561999997124	EXP	show_text: size = undefined
87.27561999997124	EXP	show_text: text = "asztal"
87.27561999997124	EXP	show_text: font = "Arial"
87.27561999997124	EXP	show_text: color = {"_hex":"#FFFFFF","_rgb":[1,1,1]}
87.27561999997124	EXP	show_text: contrast = 1
87.27561999997124	EXP	show_text: height = 0.2
87.27561999997124	EXP	show_text: bold = false
87.27561999997124	EXP	show_text: italic = false
87.27561999997124	EXP	show_text: alignHoriz = "left"
87.27561999997124	EXP	show_text: alignVert = "center"
87.27561999997124	EXP	show_text: wrapWidth = 1
87.27561999997124	EXP	show_text: flipHoriz = false
87.27561999997124	EXP	show_text: flipVert = false
87.27561999997124	EXP	text: units = "norm"
87.27561999997124	EXP	text: ori = 0
87.27561999997124	EXP	text: opacity = 1
87.27561999997124	EXP	text: pos = [0,0]
87.27561999997124	EXP	text: size = undefined
87.27561999997124	EXP	text: text = "bzsmfsztal"
87.27561999997124	EXP	text: font = "Arial"
87.27561999997124	EXP	text: color = {"_hex":"#FFFFFF","_rgb":[1,1,1]}
87.27561999997124	EXP	text: contrast = 1
87.27561999997124	EXP	text: height = 0.2
87.27561999997124	EXP	text: bold = false
87.27561999997124	EXP	text: italic = false
87.27561999997124	EXP	text: alignHoriz = "left"
87.27561999997124	EXP	text: alignVert = "center"
87.27561999997124	EXP	text: wrapWidth = 1
87.27561999997124	EXP	text: flipHoriz = false
87.27561999997124	EXP	text: flipVert = false
87.27561999997124	EXP	instruction_text3: units = "norm"
87.27561999997124	EXP	instruction_text3: ori = 0
87.27561999997124	EXP	instruction_text3: opacity = 1
87.27561999997124	EXP	instruction_text3: pos = [0,0]
87.27561999997124	EXP	instruction_text3: size = undefined
87.27561999997124	EXP	instruction_text3: text = "Pazar. Most kezdődik az igazi kísérlet. Néhány percig fog tartani. Nem kell nagyon sietnie, de igyekezzen gyorsan válaszolni.\n\nNe feledje, ha tudja, a jobb gombot a jobbkezével, a bal gombot a balkezével nyomja le.\n\nNyomjon meg bármilyen gombot a folytatáshoz."
87.27561999997124	EXP	instruction_text3: font = "Arial"
87.27561999997124	EXP	instruction_text3: color = {"_hex":"#FFFFFF","_rgb":[1,1,1]}
87.27561999997124	EXP	instruction_text3: contrast = 1
87.27561999997124	EXP	instruction_text3: height = 0.1
87.27561999997124	EXP	instruction_text3: bold = false
87.27561999997124	EXP	instruction_text3: italic = false
87.27561999997124	EXP	instruction_text3: alignHoriz = "left"
87.27561999997124	EXP	instruction_text3: alignVert = "center"
87.27561999997124	EXP	instruction_text3: wrapWidth = 1
87.27561999997124	EXP	instruction_text3: flipHoriz = false
87.27561999997124	EXP	instruction_text3: flipVert = false
87.27561999997124	EXP	szo_kiir: units = "norm"
87.27561999997124	EXP	szo_kiir: ori = 0
87.27561999997124	EXP	szo_kiir: opacity = 1
87.27561999997124	EXP	szo_kiir: pos = [0,0]
87.27561999997124	EXP	szo_kiir: size = undefined
87.27561999997124	EXP	szo_kiir: text = "default text"
87.27561999997124	EXP	szo_kiir: font = "Arial"
87.27561999997124	EXP	szo_kiir: color = {"_hex":"#FFFFFF","_rgb":[1,1,1]}
87.27561999997124	EXP	szo_kiir: contrast = 1
87.27561999997124	EXP	szo_kiir: height = 0.2
87.27561999997124	EXP	szo_kiir: bold = false
87.27561999997124	EXP	szo_kiir: italic = false
87.27561999997124	EXP	szo_kiir: alignHoriz = "left"
87.27561999997124	EXP	szo_kiir: alignVert = "center"
87.27561999997124	EXP	szo_kiir: wrapWidth = 1
87.27561999997124	EXP	szo_kiir: flipHoriz = false
87.27561999997124	EXP	szo_kiir: flipVert = false
87.27561999997124	EXP	koszi_szoveg: units = "norm"
87.27561999997124	EXP	koszi_szoveg: ori = 0
87.27561999997124	EXP	koszi_szoveg: opacity = 1
87.27561999997124	EXP	koszi_szoveg: pos = [0,0]
87.27561999997124	EXP	koszi_szoveg: size = undefined
87.27561999997124	EXP	koszi_szoveg: text = "Vége a kísérletnek. Köszönjük a részvételt!"
87.27561999997124	EXP	koszi_szoveg: font = "arial"
87.27561999997124	EXP	koszi_szoveg: color = {"_rgb":[1,1,1]}
87.27561999997124	EXP	koszi_szoveg: contrast = 1
87.27561999997124	EXP	koszi_szoveg: height = 0.1
87.27561999997124	EXP	koszi_szoveg: bold = false
87.27561999997124	EXP	koszi_szoveg: italic = false
87.27561999997124	EXP	koszi_szoveg: alignHoriz = "left"
87.27561999997124	EXP	koszi_szoveg: alignVert = "center"
87.27561999997124	EXP	koszi_szoveg: wrapWidth = 1
87.27561999997124	EXP	koszi_szoveg: flipHoriz = false
87.27561999997124	EXP	koszi_szoveg: flipVert = false
87.27561999997124	EXP	instruction_text1: autoDraw = true
124.10979499999667	DATA	Mouse: 0 button down, pos=(561,514)
124.19085999997333	DATA	Mouse: 0 button down, pos=(561,514)
129.41702999995323	DATA	Keydown:  
129.45470999996178	EXP	instruction_text1: autoDraw = false
129.45470999996178	EXP	instruction_text2: autoDraw = true
154.84434499999043	DATA	Keydown:  
154.85946999996668	EXP	instruction_text2: autoDraw = false
155.4155899999896	EXP	show_text: autoDraw = true
156.2686499999836	DATA	Mouse: 0 button down, pos=(0,0)
156.34736499999417	DATA	Mouse: 0 button down, pos=(6,0)
158.41719999996712	DATA	Mouse: 2 button down, pos=(532,371)
158.49599999998463	DATA	Mouse: 2 button down, pos=(532,371)
159.56905499997083	DATA	Mouse: 0 button down, pos=(532,304)
159.6502099999925	DATA	Mouse: 0 button down, pos=(547,308)
160.36351999995532	DATA	Mouse: 2 button down, pos=(548,314)
160.46285499999067	DATA	Mouse: 2 button down, pos=(546,327)
161.45155999995768	DATA	Mouse: 0 button down, pos=(550,271)
161.57042000000365	DATA	Mouse: 0 button down, pos=(550,271)
162.4985100000049	DATA	Mouse: 2 button down, pos=(550,271)
162.59934499999508	DATA	Mouse: 2 button down, pos=(550,271)
163.8779499999946	DATA	Mouse: 0 button down, pos=(568,426)
164.06988500000443	DATA	Mouse: 0 button down, pos=(568,426)
164.7777749999659	DATA	Keydown: ArrowRight
164.80890999996336	EXP	show_text: autoDraw = false
165.32711499999277	EXP	text: autoDraw = true
168.66086999996332	DATA	Keydown: ArrowLeft
168.70964499999536	EXP	text: autoDraw = false
168.70964499999536	EXP	instruction_text3: autoDraw = true
187.2671899999841	DATA	Keydown: ArrowRight
187.39748499996495	EXP	instruction_text3: autoDraw = false
187.39748499996495	EXP	szo_kiir: color = {"_rgb":[1,1,1]}
187.39748499996495	EXP	szo_kiir: text = "posdótelő"
187.93137499998556	EXP	szo_kiir: autoDraw = true
189.8688850000035	DATA	Keydown: ArrowLeft
189.891409999982	EXP	szo_kiir: autoDraw = false
189.891409999982	EXP	szo_kiir: color = {"_rgb":[1,1,1]}
189.891409999982	EXP	szo_kiir: text = "nehéz"
190.4083849999588	EXP	szo_kiir: autoDraw = true
191.18024999997579	DATA	Keydown: ArrowRight
191.24825999996392	EXP	szo_kiir: autoDraw = false
191.24825999996392	EXP	szo_kiir: color = {"_rgb":[1,1,1]}
191.24825999996392	EXP	szo_kiir: text = "század"
191.76659999997355	EXP	szo_kiir: autoDraw = true
192.48610499995993	DATA	Keydown: ArrowRight
192.49559499998577	EXP	szo_kiir: autoDraw = false
192.49559499998577	EXP	szo_kiir: color = {"_rgb":[1,1,1]}
192.49559499998577	EXP	szo_kiir: text = "aktív"
193.01457499997923	EXP	szo_kiir: autoDraw = true
193.66719999996712	DATA	Keydown: ArrowRight
193.72723999997834	EXP	szo_kiir: autoDraw = false
193.72723999997834	EXP	szo_kiir: color = {"_rgb":[1,1,1]}
193.72723999997834	EXP	szo_kiir: text = "perilita"
194.25550999998813	EXP	szo_kiir: autoDraw = true
195.28245999995852	DATA	Keydown: ArrowLeft
195.2946949999896	EXP	szo_kiir: autoDraw = false
195.2946949999896	EXP	szo_kiir: color = {"_rgb":[1,1,1]}
195.2946949999896	EXP	szo_kiir: text = "készülék"
195.81367499998305	EXP	szo_kiir: autoDraw = true
196.65336999995634	DATA	Keydown: ArrowRight
196.71888499998022	EXP	szo_kiir: autoDraw = false
196.71888499998022	EXP	szo_kiir: color = {"_rgb":[1,1,1]}
196.71888499998022	EXP	szo_kiir: text = "rendezvény"
197.24160000000848	EXP	szo_kiir: autoDraw = true
198.01594999997178	DATA	Keydown: ArrowRight
198.0407450000057	EXP	szo_kiir: autoDraw = false
198.0407450000057	EXP	szo_kiir: color = {"_rgb":[1,1,1]}
198.0407450000057	EXP	szo_kiir: text = "üvesi"
198.5589499999769	EXP	szo_kiir: autoDraw = true
199.3300449999515	DATA	Keydown: ArrowLeft
199.36883499997202	EXP	szo_kiir: autoDraw = false
199.36883499997202	EXP	szo_kiir: color = {"_rgb":[1,1,1]}
199.36883499997202	EXP	szo_kiir: text = "hatalom"
199.89117499999702	EXP	szo_kiir: autoDraw = true
200.4448449999909	DATA	Keydown: ArrowRight
200.4742949999636	EXP	szo_kiir: autoDraw = false
200.4742949999636	EXP	szo_kiir: color = {"_rgb":[1,1,1]}
200.4742949999636	EXP	szo_kiir: text = "méresedik"
200.99117499997374	EXP	szo_kiir: autoDraw = true
202.9930249999743	DATA	Keydown: ArrowLeft
203.02121999999508	EXP	szo_kiir: autoDraw = false
203.02121999999508	EXP	szo_kiir: color = {"_rgb":[1,1,1]}
203.02121999999508	EXP	szo_kiir: text = "falvangú"
203.53441999998176	EXP	szo_kiir: autoDraw = true
204.51857999997446	DATA	Keydown: ArrowLeft
204.52828999998746	EXP	szo_kiir: autoDraw = false
204.52828999998746	EXP	szo_kiir: color = {"_rgb":[1,1,1]}
204.52828999998746	EXP	szo_kiir: text = "terjed"
205.05156999995233	EXP	szo_kiir: autoDraw = true
205.75339999998687	DATA	Keydown: ArrowRight
205.79586499999277	EXP	szo_kiir: autoDraw = false
205.79586499999277	EXP	szo_kiir: color = {"_rgb":[1,1,1]}
205.79586499999277	EXP	szo_kiir: text = "félelem"
206.31595999997808	EXP	szo_kiir: autoDraw = true
206.9263449999853	DATA	Keydown: ArrowRight
206.9444599999697	EXP	szo_kiir: autoDraw = false
206.9444599999697	EXP	szo_kiir: color = {"_rgb":[1,1,1]}
206.9444599999697	EXP	szo_kiir: text = "sulás"
207.46641999995336	EXP	szo_kiir: autoDraw = true
208.3692999999621	DATA	Keydown: ArrowLeft
208.42010499996832	EXP	szo_kiir: autoDraw = false
208.42010499996832	EXP	szo_kiir: color = {"_rgb":[1,1,1]}
208.42010499996832	EXP	szo_kiir: text = "jogosult"
208.93584499997087	EXP	szo_kiir: autoDraw = true
209.87823499995284	DATA	Keydown: ArrowRight
209.89479999995092	EXP	szo_kiir: autoDraw = false
209.89479999995092	EXP	szo_kiir: color = {"_rgb":[1,1,1]}
209.89479999995092	EXP	szo_kiir: text = "hagy"
210.41510499996366	EXP	szo_kiir: autoDraw = true
211.31138999998802	DATA	Keydown: ArrowRight
211.34786999999778	EXP	szo_kiir: autoDraw = false
211.34786999999778	EXP	szo_kiir: color = {"_rgb":[1,1,1]}
211.34786999999778	EXP	szo_kiir: text = "remény"
211.87741999997525	EXP	szo_kiir: autoDraw = true
212.47796499996912	DATA	Keydown: ArrowRight
212.5070349999587	EXP	szo_kiir: autoDraw = false
212.5070349999587	EXP	szo_kiir: color = {"_rgb":[1,1,1]}
212.5070349999587	EXP	szo_kiir: text = "gróf"
213.02426999999443	EXP	szo_kiir: autoDraw = true
213.67674999998417	DATA	Keydown: ArrowRight
213.7082249999512	EXP	szo_kiir: autoDraw = false
213.7082249999512	EXP	szo_kiir: color = {"_rgb":[1,1,1]}
213.7082249999512	EXP	szo_kiir: text = "márossálha"
214.24105499999132	EXP	szo_kiir: autoDraw = true
215.59333000000333	DATA	Keydown: ArrowLeft
215.62354499998037	EXP	szo_kiir: autoDraw = false
215.62354499998037	EXP	szo_kiir: color = {"_rgb":[1,1,1]}
215.62354499998037	EXP	szo_kiir: text = "vicc"
216.14097499998752	EXP	szo_kiir: autoDraw = true
216.79218499996932	DATA	Keydown: ArrowRight
216.83077499998035	EXP	szo_kiir: autoDraw = false
216.83077499998035	EXP	szo_kiir: color = {"_rgb":[1,1,1]}
216.83077499998035	EXP	szo_kiir: text = "szelíd"
217.35718499997165	EXP	szo_kiir: autoDraw = true
218.48102000000654	DATA	Keydown: ArrowRight
218.50666999997338	EXP	szo_kiir: autoDraw = false
218.50666999997338	EXP	szo_kiir: color = {"_rgb":[1,1,1]}
218.50666999997338	EXP	szo_kiir: text = "színpad"
219.0237349999952	EXP	szo_kiir: autoDraw = true
219.56017499999143	DATA	Keydown: ArrowRight
219.60792499996023	EXP	szo_kiir: autoDraw = false
219.60792499996023	EXP	szo_kiir: color = {"_rgb":[1,1,1]}
219.60792499996023	EXP	szo_kiir: text = "naptár"
220.12918499996886	EXP	szo_kiir: autoDraw = true
220.666744999995	DATA	Keydown: ArrowRight
220.6761149999802	EXP	szo_kiir: autoDraw = false
220.6761149999802	EXP	szo_kiir: color = {"_rgb":[1,1,1]}
220.6761149999802	EXP	szo_kiir: text = "sivirányi"
221.1950899999938	EXP	szo_kiir: autoDraw = true
222.1499199999962	DATA	Keydown: ArrowLeft
222.18855500000063	EXP	szo_kiir: autoDraw = false
222.18855500000063	EXP	szo_kiir: color = {"_rgb":[1,1,1]}
222.18855500000063	EXP	szo_kiir: text = "hossz"
222.69462500000373	EXP	szo_kiir: autoDraw = true
223.41032999998424	DATA	Keydown: ArrowRight
223.42664999997942	EXP	szo_kiir: autoDraw = false
223.42664999997942	EXP	szo_kiir: color = {"_rgb":[1,1,1]}
223.42664999997942	EXP	szo_kiir: text = "lebeg"
223.9477149999584	EXP	szo_kiir: autoDraw = true
224.50170999998227	DATA	Keydown: ArrowRight
224.54819000000134	EXP	szo_kiir: autoDraw = false
224.54819000000134	EXP	szo_kiir: color = {"_rgb":[1,1,1]}
224.54819000000134	EXP	szo_kiir: text = "bútori"
225.0737599999993	EXP	szo_kiir: autoDraw = true
226.23067499999888	DATA	Keydown: ArrowLeft
226.25633999996353	EXP	szo_kiir: autoDraw = false
226.25633999996353	EXP	szo_kiir: color = {"_rgb":[1,1,1]}
226.25633999996353	EXP	szo_kiir: text = "törődik"
226.77361999999266	EXP	szo_kiir: autoDraw = true
227.7045250000083	DATA	Keydown: ArrowRight
227.74091499997303	EXP	szo_kiir: autoDraw = false
227.74091499997303	EXP	szo_kiir: color = {"_rgb":[1,1,1]}
227.74091499997303	EXP	szo_kiir: text = "régész"
228.2625199999893	EXP	szo_kiir: autoDraw = true
229.10955499997362	DATA	Keydown: ArrowRight
229.12621999997646	EXP	szo_kiir: autoDraw = false
229.12621999997646	EXP	szo_kiir: color = {"_rgb":[1,1,1]}
229.12621999997646	EXP	szo_kiir: text = "unitáns"
229.6480149999843	EXP	szo_kiir: autoDraw = true
230.75906999997096	DATA	Keydown: ArrowRight
230.77657499996712	EXP	szo_kiir: autoDraw = false
230.77657499996712	EXP	szo_kiir: color = {"_rgb":[1,1,1]}
230.77657499996712	EXP	szo_kiir: text = "finálé"
231.29605499998434	EXP	szo_kiir: autoDraw = true
232.59797999996226	DATA	Keydown: ArrowRight
232.64686499995878	EXP	szo_kiir: autoDraw = false
232.64686499995878	EXP	szo_kiir: color = {"_rgb":[1,1,1]}
232.64686499995878	EXP	szo_kiir: text = "gyalaha"
233.17361999995774	EXP	szo_kiir: autoDraw = true
234.3479899999802	DATA	Keydown: ArrowLeft
234.37236999999732	EXP	szo_kiir: autoDraw = false
234.37236999999732	EXP	szo_kiir: color = {"_rgb":[1,1,1]}
234.37236999999732	EXP	szo_kiir: text = "cukrász"
234.88957499997923	EXP	szo_kiir: autoDraw = true
235.5845299999928	DATA	Keydown: ArrowRight
235.62643999996362	EXP	szo_kiir: autoDraw = false
235.62643999996362	EXP	szo_kiir: color = {"_rgb":[1,1,1]}
235.62643999996362	EXP	szo_kiir: text = "salógázó"
236.14591999998083	EXP	szo_kiir: autoDraw = true
239.3600499999593	DATA	Keydown: ArrowLeft
239.37692999996943	EXP	szo_kiir: autoDraw = false
239.37692999996943	EXP	szo_kiir: color = {"_rgb":[1,1,1]}
239.37692999996943	EXP	szo_kiir: text = "kiabál"
239.89601999998558	EXP	szo_kiir: autoDraw = true
240.64144499995746	DATA	Keydown: ArrowRight
240.68472999997903	EXP	szo_kiir: autoDraw = false
240.68472999997903	EXP	szo_kiir: color = {"_rgb":[1,1,1]}
240.68472999997903	EXP	szo_kiir: text = "vízimény"
241.19635499996366	EXP	szo_kiir: autoDraw = true
243.6995149999857	DATA	Keydown: ArrowLeft
243.71030499995686	EXP	szo_kiir: autoDraw = false
243.71030499995686	EXP	szo_kiir: color = {"_rgb":[1,1,1]}
243.71030499995686	EXP	szo_kiir: text = "lépték"
244.22688499995274	EXP	szo_kiir: autoDraw = true
245.41415500000585	DATA	Keydown: ArrowRight
245.4449949999689	EXP	szo_kiir: autoDraw = false
245.4449949999689	EXP	szo_kiir: color = {"_rgb":[1,1,1]}
245.4449949999689	EXP	szo_kiir: text = "stasassző"
245.96028999995906	EXP	szo_kiir: autoDraw = true
246.97554999997374	DATA	Keydown: ArrowLeft
246.9923649999546	EXP	szo_kiir: autoDraw = false
246.9923649999546	EXP	szo_kiir: color = {"_rgb":[1,1,1]}
246.9923649999546	EXP	szo_kiir: text = "nyakörv"
247.5109999999986	EXP	szo_kiir: autoDraw = true
248.50768999999855	DATA	Keydown: ArrowRight
248.54608499997994	EXP	szo_kiir: autoDraw = false
248.54608499997994	EXP	szo_kiir: color = {"_rgb":[1,1,1]}
248.54608499997994	EXP	szo_kiir: text = "arisztokratikus"
249.0729449999635	EXP	szo_kiir: autoDraw = true
250.34716999996454	DATA	Keydown: ArrowRight
250.371604999993	EXP	szo_kiir: autoDraw = false
250.371604999993	EXP	szo_kiir: color = {"_rgb":[1,1,1]}
250.371604999993	EXP	szo_kiir: text = "pitiáner"
250.88932999997633	EXP	szo_kiir: autoDraw = true
251.82760499999858	DATA	Keydown: ArrowRight
251.865764999995	EXP	szo_kiir: autoDraw = false
251.865764999995	EXP	szo_kiir: color = {"_rgb":[1,1,1]}
251.865764999995	EXP	szo_kiir: text = "tanácsol"
252.3894100000034	EXP	szo_kiir: autoDraw = true
253.09866999997757	DATA	Keydown: ArrowRight
253.12165499996627	EXP	szo_kiir: autoDraw = false
253.12165499996627	EXP	szo_kiir: color = {"_rgb":[1,1,1]}
253.12165499996627	EXP	szo_kiir: text = "törvosítoz"
253.6391200000071	EXP	szo_kiir: autoDraw = true
255.84599499998149	DATA	Keydown: ArrowLeft
255.88568999996642	EXP	szo_kiir: autoDraw = false
255.88568999996642	EXP	szo_kiir: color = {"_rgb":[1,1,1]}
255.88568999996642	EXP	szo_kiir: text = "vetézmés"
256.39450499997474	EXP	szo_kiir: autoDraw = true
258.2030449999729	DATA	Keydown: ArrowLeft
258.2094349999679	EXP	szo_kiir: autoDraw = false
258.2094349999679	EXP	szo_kiir: color = {"_rgb":[1,1,1]}
258.2094349999679	EXP	szo_kiir: text = "kolosszális"
258.72823499998776	EXP	szo_kiir: autoDraw = true
259.71291999996174	DATA	Keydown: ArrowRight
259.7363599999808	EXP	szo_kiir: autoDraw = false
259.7363599999808	EXP	szo_kiir: color = {"_rgb":[1,1,1]}
259.7363599999808	EXP	szo_kiir: text = "téesz"
260.2425299999886	EXP	szo_kiir: autoDraw = true
261.8321049999795	DATA	Keydown: ArrowRight
261.8407699999516	EXP	szo_kiir: autoDraw = false
261.8407699999516	EXP	szo_kiir: color = {"_rgb":[1,1,1]}
261.8407699999516	EXP	szo_kiir: text = "biotermék"
262.3601099999505	EXP	szo_kiir: autoDraw = true
263.52878499997314	DATA	Keydown: ArrowRight
263.567064999952	EXP	szo_kiir: autoDraw = false
263.567064999952	EXP	szo_kiir: color = {"_rgb":[1,1,1]}
263.567064999952	EXP	szo_kiir: text = "kivitelez"
264.0777899999521	EXP	szo_kiir: autoDraw = true
265.60962499998277	DATA	Keydown: ArrowRight
265.62583499995526	EXP	szo_kiir: autoDraw = false
265.62583499995526	EXP	szo_kiir: color = {"_rgb":[1,1,1]}
265.62583499995526	EXP	szo_kiir: text = "szennyeződik"
266.14381499995943	EXP	szo_kiir: autoDraw = true
266.97767999995267	DATA	Keydown: ArrowRight
267.00200499995844	EXP	szo_kiir: autoDraw = false
267.00200499995844	EXP	szo_kiir: color = {"_rgb":[1,1,1]}
267.00200499995844	EXP	szo_kiir: text = "tokmány"
267.51524499995867	EXP	szo_kiir: autoDraw = true
268.40982000000076	DATA	Keydown: ArrowRight
268.425104999973	EXP	szo_kiir: autoDraw = false
268.425104999973	EXP	szo_kiir: color = {"_rgb":[1,1,1]}
268.425104999973	EXP	szo_kiir: text = "csengettyű"
268.94982999999775	EXP	szo_kiir: autoDraw = true
269.9748949999921	DATA	Keydown: ArrowRight
270.0126549999695	EXP	szo_kiir: autoDraw = false
270.0126549999695	EXP	szo_kiir: color = {"_rgb":[1,1,1]}
270.0126549999695	EXP	szo_kiir: text = "balmozáraz"
270.53801999997813	EXP	szo_kiir: autoDraw = true
272.7938599999761	DATA	Keydown: ArrowLeft
272.82115999999223	EXP	szo_kiir: autoDraw = false
272.82115999999223	EXP	szo_kiir: color = {"_rgb":[1,1,1]}
272.82115999999223	EXP	szo_kiir: text = "dermeszt"
273.3378499999526	EXP	szo_kiir: autoDraw = true
274.6585849999683	DATA	Keydown: ArrowRight
274.68902999995044	EXP	szo_kiir: autoDraw = false
274.68902999995044	EXP	szo_kiir: color = {"_rgb":[1,1,1]}
274.68902999995044	EXP	szo_kiir: text = "összalaj"
275.2220949999755	EXP	szo_kiir: autoDraw = true
277.54583499999717	DATA	Keydown: ArrowLeft
277.57054499996593	EXP	szo_kiir: autoDraw = false
277.57054499996593	EXP	szo_kiir: color = {"_rgb":[1,1,1]}
277.57054499996593	EXP	szo_kiir: text = "firkál"
278.0880349999643	EXP	szo_kiir: autoDraw = true
278.89153999998234	DATA	Keydown: ArrowRight
278.9347499999567	EXP	szo_kiir: autoDraw = false
278.9347499999567	EXP	szo_kiir: color = {"_rgb":[1,1,1]}
278.9347499999567	EXP	szo_kiir: text = "fehérít"
279.4437649999745	EXP	szo_kiir: autoDraw = true
280.0891999999876	DATA	Keydown: ArrowRight
280.1062549999915	EXP	szo_kiir: autoDraw = false
280.1062549999915	EXP	szo_kiir: color = {"_rgb":[1,1,1]}
280.1062549999915	EXP	szo_kiir: text = "hormati"
280.6289949999773	EXP	szo_kiir: autoDraw = true
281.65629999997327	DATA	Keydown: ArrowLeft
281.7016449999646	EXP	szo_kiir: autoDraw = false
281.7016449999646	EXP	szo_kiir: color = {"_rgb":[1,1,1]}
281.7016449999646	EXP	szo_kiir: text = "tárgylemez"
282.21411999996053	EXP	szo_kiir: autoDraw = true
284.0576299999957	DATA	Keydown: ArrowRight
284.0728249999811	EXP	szo_kiir: autoDraw = false
284.0728249999811	EXP	szo_kiir: color = {"_rgb":[1,1,1]}
284.0728249999811	EXP	szo_kiir: text = "irracionalizmus"
284.593499999959	EXP	szo_kiir: autoDraw = true
286.36776999995345	DATA	Keydown: ArrowRight
286.38724999997066	EXP	szo_kiir: autoDraw = false
286.38724999997066	EXP	szo_kiir: color = {"_rgb":[1,1,1]}
286.38724999997066	EXP	szo_kiir: text = "fertilis"
286.9101249999949	EXP	szo_kiir: autoDraw = true
287.7474199999706	DATA	Keydown: ArrowRight
287.7571100000059	EXP	szo_kiir: autoDraw = false
287.7571100000059	EXP	szo_kiir: color = {"_rgb":[1,1,1]}
287.7571100000059	EXP	szo_kiir: text = "lező"
288.2763350000023	EXP	szo_kiir: autoDraw = true
289.4404599999543	DATA	Keydown: ArrowLeft
289.48618000000715	EXP	szo_kiir: autoDraw = false
289.48618000000715	EXP	szo_kiir: color = {"_rgb":[1,1,1]}
289.48618000000715	EXP	szo_kiir: text = "egérlyuk"
289.99301499995636	EXP	szo_kiir: autoDraw = true
290.9130599999917	DATA	Keydown: ArrowRight
290.9235650000046	EXP	szo_kiir: autoDraw = false
290.9235650000046	EXP	szo_kiir: color = {"_rgb":[1,1,1]}
290.9235650000046	EXP	szo_kiir: text = "detonátor"
291.44446500000777	EXP	szo_kiir: autoDraw = true
292.4911349999602	DATA	Keydown: ArrowRight
292.54348499997286	EXP	szo_kiir: autoDraw = false
292.54348499997286	EXP	szo_kiir: color = {"_rgb":[1,1,1]}
292.54348499997286	EXP	szo_kiir: text = "rantálható"
293.0702750000055	EXP	szo_kiir: autoDraw = true
295.11356500000693	DATA	Keydown: ArrowLeft
295.13629999995464	EXP	szo_kiir: autoDraw = false
295.13629999995464	EXP	szo_kiir: color = {"_rgb":[1,1,1]}
295.13629999995464	EXP	szo_kiir: text = "frontszakasz"
295.6538999999757	EXP	szo_kiir: autoDraw = true
297.4280849999632	DATA	Keydown: ArrowRight
297.4545499999658	EXP	szo_kiir: autoDraw = false
297.4545499999658	EXP	szo_kiir: color = {"_rgb":[1,1,1]}
297.4545499999658	EXP	szo_kiir: text = "szánkózik"
297.98717499995837	EXP	szo_kiir: autoDraw = true
298.8427049999591	DATA	Keydown: ArrowRight
298.8694849999738	EXP	szo_kiir: autoDraw = false
298.8694849999738	EXP	szo_kiir: color = {"_rgb":[1,1,1]}
298.8694849999738	EXP	szo_kiir: text = "abszolútérték"
299.3871199999703	EXP	szo_kiir: autoDraw = true
300.4880600000033	DATA	Keydown: ArrowRight
300.5115799999912	EXP	szo_kiir: autoDraw = false
300.5115799999912	EXP	szo_kiir: color = {"_rgb":[1,1,1]}
300.5115799999912	EXP	szo_kiir: text = "levélnehezék"
301.0368699999526	EXP	szo_kiir: autoDraw = true
302.43789000000106	DATA	Keydown: ArrowRight
302.45267500000773	EXP	szo_kiir: autoDraw = false
302.45267500000773	EXP	szo_kiir: color = {"_rgb":[1,1,1]}
302.45267500000773	EXP	szo_kiir: text = "proszcénium"
302.97068999998737	EXP	szo_kiir: autoDraw = true
304.7218099999591	DATA	Keydown: ArrowLeft
304.7526450000005	EXP	szo_kiir: autoDraw = false
304.7526450000005	EXP	szo_kiir: color = {"_rgb":[1,1,1]}
304.7526450000005	EXP	szo_kiir: text = "repedtfazék"
305.2701849999721	EXP	szo_kiir: autoDraw = true
306.55500999995274	DATA	Keydown: ArrowRight
306.5900200000033	EXP	szo_kiir: autoDraw = false
306.5900200000033	EXP	szo_kiir: color = {"_rgb":[1,1,1]}
306.5900200000033	EXP	szo_kiir: text = "szolúbilis"
307.1199099999503	EXP	szo_kiir: autoDraw = true
309.2489899999928	DATA	Keydown: ArrowRight
309.2693549999967	EXP	szo_kiir: autoDraw = false
309.2693549999967	EXP	szo_kiir: color = {"_rgb":[1,1,1]}
309.2693549999967	EXP	szo_kiir: text = "gór"
309.78637499996694	EXP	szo_kiir: autoDraw = true
310.89486999996006	DATA	Keydown: ArrowRight
310.9188899999717	EXP	szo_kiir: autoDraw = false
310.9188899999717	EXP	szo_kiir: color = {"_rgb":[1,1,1]}
310.9188899999717	EXP	szo_kiir: text = "mérgesít"
311.43687999999383	EXP	szo_kiir: autoDraw = true
313.3730499999947	DATA	Keydown: ArrowRight
313.40238499996485	EXP	szo_kiir: autoDraw = false
313.40238499996485	EXP	szo_kiir: color = {"_rgb":[1,1,1]}
313.40238499996485	EXP	szo_kiir: text = "jegedény"
313.9196749999537	EXP	szo_kiir: autoDraw = true
315.5219849999994	DATA	Keydown: ArrowLeft
315.5627949999762	EXP	szo_kiir: autoDraw = false
315.5627949999762	EXP	szo_kiir: color = {"_rgb":[1,1,1]}
315.5627949999762	EXP	szo_kiir: text = "kékellik"
316.0862949999864	EXP	szo_kiir: autoDraw = true
318.42586499999743	DATA	Keydown: ArrowLeft
318.45191999996314	EXP	szo_kiir: autoDraw = false
318.45191999996314	EXP	szo_kiir: color = {"_rgb":[1,1,1]}
318.45191999996314	EXP	szo_kiir: text = "orront"
318.9697799999849	EXP	szo_kiir: autoDraw = true
320.0883299999987	DATA	Keydown: ArrowRight
320.118610000005	EXP	szo_kiir: autoDraw = false
320.118610000005	EXP	szo_kiir: color = {"_rgb":[1,1,1]}
320.118610000005	EXP	szo_kiir: text = "csöndesedik"
320.6360149999964	EXP	szo_kiir: autoDraw = true
322.75500000000466	DATA	Keydown: ArrowRight
322.7859999999637	EXP	szo_kiir: autoDraw = false
322.7859999999637	EXP	szo_kiir: color = {"_rgb":[1,1,1]}
322.7859999999637	EXP	szo_kiir: text = "buherál"
323.3029899999965	EXP	szo_kiir: autoDraw = true
324.36197999998694	DATA	Keydown: ArrowRight
324.38497999997344	EXP	szo_kiir: autoDraw = false
324.38497999997344	EXP	szo_kiir: color = {"_rgb":[1,1,1]}
324.38497999997344	EXP	szo_kiir: text = "szedelődzködik"
324.9025649999967	EXP	szo_kiir: autoDraw = true
326.2888099999982	DATA	Keydown: ArrowRight
326.33023999998113	EXP	szo_kiir: autoDraw = false
326.33023999998113	EXP	szo_kiir: color = {"_rgb":[1,1,1]}
326.33023999998113	EXP	szo_kiir: text = "amodális"
326.8495849999599	EXP	szo_kiir: autoDraw = true
328.6234950000071	DATA	Keydown: ArrowRight
328.63828499999363	EXP	szo_kiir: autoDraw = false
328.63828499999363	EXP	szo_kiir: color = {"_rgb":[1,1,1]}
328.63828499999363	EXP	szo_kiir: text = "infimum"
329.16070999996737	EXP	szo_kiir: autoDraw = true
331.6603400000022	DATA	Keydown: ArrowLeft
331.67009999998845	EXP	szo_kiir: autoDraw = false
331.67009999998845	EXP	szo_kiir: color = {"_rgb":[1,1,1]}
331.67009999998845	EXP	szo_kiir: text = "silabizál"
332.1922199999681	EXP	szo_kiir: autoDraw = true
333.4073099999805	DATA	Keydown: ArrowRight
333.4594099999522	EXP	szo_kiir: autoDraw = false
333.4594099999522	EXP	szo_kiir: color = {"_rgb":[1,1,1]}
333.4594099999522	EXP	szo_kiir: text = "árstop"
333.9850649999571	EXP	szo_kiir: autoDraw = true
335.305159999989	DATA	Keydown: ArrowRight
335.3345749999862	EXP	szo_kiir: autoDraw = false
335.3345749999862	EXP	szo_kiir: color = {"_rgb":[1,1,1]}
335.3345749999862	EXP	szo_kiir: text = "többhagyos"
335.8518299999996	EXP	szo_kiir: autoDraw = true
337.2804400000023	DATA	Keydown: ArrowLeft
337.304834999959	EXP	szo_kiir: autoDraw = false
337.304834999959	EXP	szo_kiir: color = {"_rgb":[1,1,1]}
337.304834999959	EXP	szo_kiir: text = "donhuán"
337.83512499998324	EXP	szo_kiir: autoDraw = true
339.30565499997465	DATA	Keydown: ArrowRight
339.3345499999705	EXP	szo_kiir: autoDraw = false
339.3345499999705	EXP	szo_kiir: color = {"_rgb":[1,1,1]}
339.3345499999705	EXP	szo_kiir: text = "hidegház"
339.85183999995934	EXP	szo_kiir: autoDraw = true
341.4701049999567	DATA	Keydown: ArrowLeft
341.5009100000025	EXP	szo_kiir: autoDraw = false
341.5009100000025	EXP	szo_kiir: color = {"_rgb":[1,1,1]}
341.5009100000025	EXP	szo_kiir: text = "stalp"
342.01835500000743	EXP	szo_kiir: autoDraw = true
343.9547499999753	DATA	Keydown: ArrowLeft
343.9943799999892	EXP	szo_kiir: autoDraw = false
343.9943799999892	EXP	szo_kiir: color = {"_rgb":[1,1,1]}
343.9943799999892	EXP	szo_kiir: text = "expresszlevél"
344.51841499999864	EXP	szo_kiir: autoDraw = true
346.07261499995366	DATA	Keydown: ArrowRight
346.10128499998245	EXP	szo_kiir: autoDraw = false
346.10128499998245	EXP	szo_kiir: color = {"_rgb":[1,1,1]}
346.10128499998245	EXP	szo_kiir: text = "ellagcse"
346.61828999995487	EXP	szo_kiir: autoDraw = true
348.73806999996305	DATA	Keydown: ArrowLeft
348.7807099999627	EXP	szo_kiir: autoDraw = false
348.7807099999627	EXP	szo_kiir: color = {"_rgb":[1,1,1]}
348.7807099999627	EXP	szo_kiir: text = "csácsog"
349.290309999953	EXP	szo_kiir: autoDraw = true
351.49789999995846	DATA	Keydown: ArrowRight
351.50501500000246	EXP	szo_kiir: autoDraw = false
351.50501500000246	EXP	szo_kiir: color = {"_rgb":[1,1,1]}
351.50501500000246	EXP	szo_kiir: text = "őrint"
352.021064999979	EXP	szo_kiir: autoDraw = true
353.84164999995846	DATA	Keydown: ArrowLeft
353.8803349999944	EXP	szo_kiir: autoDraw = false
353.8803349999944	EXP	szo_kiir: color = {"_rgb":[1,1,1]}
353.8803349999944	EXP	szo_kiir: text = "hérósz"
354.3909649999696	EXP	szo_kiir: autoDraw = true
355.9033599999966	DATA	Keydown: ArrowLeft
355.9200649999548	EXP	szo_kiir: autoDraw = false
355.9200649999548	EXP	szo_kiir: color = {"_rgb":[1,1,1]}
355.9200649999548	EXP	szo_kiir: text = "hivatalnokoskodik"
356.4413249999634	EXP	szo_kiir: autoDraw = true
358.17946999997366	DATA	Keydown: ArrowRight
358.18645999999717	EXP	szo_kiir: autoDraw = false
358.18645999999717	EXP	szo_kiir: color = {"_rgb":[1,1,1]}
358.18645999999717	EXP	szo_kiir: text = "víker"
358.7040449999622	EXP	szo_kiir: autoDraw = true
359.9363349999767	DATA	Keydown: ArrowLeft
359.98481499997433	EXP	szo_kiir: autoDraw = false
359.98481499997433	EXP	szo_kiir: color = {"_rgb":[1,1,1]}
359.98481499997433	EXP	szo_kiir: text = "bajuszfű"
360.50436999998055	EXP	szo_kiir: autoDraw = true
361.98985499999253	DATA	Keydown: ArrowRight
362.0038699999568	EXP	szo_kiir: autoDraw = false
362.0038699999568	EXP	szo_kiir: color = {"_rgb":[1,1,1]}
362.0038699999568	EXP	szo_kiir: text = "hátall"
362.5228800000041	EXP	szo_kiir: autoDraw = true
365.4771499999915	DATA	Keydown: ArrowLeft
365.4857549999724	EXP	szo_kiir: autoDraw = false
365.4857549999724	EXP	szo_kiir: color = {"_rgb":[1,1,1]}
365.4857549999724	EXP	szo_kiir: text = "meleglaboratórium"
366.0084649999626	EXP	szo_kiir: autoDraw = true
369.4712549999822	DATA	Keydown: ArrowRight
369.5157299999846	EXP	szo_kiir: autoDraw = false
369.5157299999846	EXP	szo_kiir: color = {"_rgb":[1,1,1]}
369.5157299999846	EXP	szo_kiir: text = "jóltart"
370.0220749999862	EXP	szo_kiir: autoDraw = true
373.69318999996176	DATA	Keydown: ArrowRight
373.7040050000069	EXP	szo_kiir: autoDraw = false
373.7040050000069	EXP	szo_kiir: color = {"_rgb":[1,1,1]}
373.7040050000069	EXP	szo_kiir: text = "transzplantál"
374.22092499997234	EXP	szo_kiir: autoDraw = true
375.6415200000047	DATA	Keydown: ArrowRight
375.6820749999606	EXP	szo_kiir: autoDraw = false
375.6820749999606	EXP	szo_kiir: color = {"_rgb":[1,1,1]}
375.6820749999606	EXP	szo_kiir: text = "elnyűvődik"
376.1931199999526	EXP	szo_kiir: autoDraw = true
377.6694900000002	DATA	Keydown: ArrowRight
377.68553999997675	EXP	szo_kiir: autoDraw = false
377.68553999997675	EXP	szo_kiir: color = {"_rgb":[1,1,1]}
377.68553999997675	EXP	szo_kiir: text = "polcol"
378.2039249999798	EXP	szo_kiir: autoDraw = true
379.1522999999579	DATA	Keydown: ArrowRight
379.20128499995917	EXP	szo_kiir: autoDraw = false
379.20128499995917	EXP	szo_kiir: color = {"_rgb":[1,1,1]}
379.20128499995917	EXP	szo_kiir: text = "szöngő"
379.7235299999593	EXP	szo_kiir: autoDraw = true
380.98640999995405	DATA	Keydown: ArrowLeft
381.0026099999668	EXP	szo_kiir: autoDraw = false
381.0026099999668	EXP	szo_kiir: color = {"_rgb":[1,1,1]}
381.0026099999668	EXP	szo_kiir: text = "föllélegez"
381.52220999996644	EXP	szo_kiir: autoDraw = true
382.3875799999805	DATA	Keydown: ArrowRight
382.4278049999848	EXP	szo_kiir: autoDraw = false
382.4278049999848	EXP	szo_kiir: color = {"_rgb":[1,1,1]}
382.4278049999848	EXP	szo_kiir: text = "glosszáz"
382.9491649999982	EXP	szo_kiir: autoDraw = true
384.60933499998646	DATA	Keydown: ArrowRight
384.6184549999889	EXP	szo_kiir: autoDraw = false
384.6184549999889	EXP	szo_kiir: color = {"_rgb":[1,1,1]}
384.6184549999889	EXP	szo_kiir: text = "viaszoz"
385.1409949999652	EXP	szo_kiir: autoDraw = true
386.20482499996433	DATA	Keydown: ArrowRight
386.23569999996107	EXP	szo_kiir: autoDraw = false
386.23569999996107	EXP	szo_kiir: color = {"_rgb":[1,1,1]}
386.23569999996107	EXP	szo_kiir: text = "svábtök"
386.75471000000834	EXP	szo_kiir: autoDraw = true
388.19707999995444	DATA	Keydown: ArrowRight
388.201939999999	EXP	szo_kiir: autoDraw = false
388.201939999999	EXP	szo_kiir: color = {"_rgb":[1,1,1]}
388.201939999999	EXP	szo_kiir: text = "kontinuáns"
388.7229899999802	EXP	szo_kiir: autoDraw = true
392.57653999998	DATA	Keydown: ArrowLeft
392.5881749999826	EXP	szo_kiir: autoDraw = false
392.5881749999826	EXP	szo_kiir: color = {"_rgb":[1,1,1]}
392.5881749999826	EXP	szo_kiir: text = "kibogarász"
393.1029549999512	EXP	szo_kiir: autoDraw = true
394.4380849999725	DATA	Keydown: ArrowRight
394.4650449999608	EXP	szo_kiir: autoDraw = false
394.4650449999608	EXP	koszi_szoveg: autoDraw = true
396.1728000000003	DATA	Keydown: ArrowRight
