0.09172500000568107	EXP	Created Window = Window( name=Window, fullscr=true, color=#000000, units=norm, waitBlanking=true, autoLog=true, size=[1366,625] )
1.9209600000176579	DATA	Keydown: undefined
6.928320000006352	DATA	Keydown: Shift
6.965355000051204	DATA	Keydown: N
7.271185000019614	DATA	Keydown: ó
9.591670000052545	DATA	Keydown: Shift
9.592430000018794	DATA	Keydown: End
9.62853000004543	DATA	Keydown: Shift
9.843730000022333	DATA	Keydown: 8
9.847865000017919	DATA	Keydown: 9
11.141035000036936	DATA	Keydown: Backspace
11.27952500001993	DATA	Keydown: Backspace
11.434860000037588	DATA	Keydown: Backspace
12.065275000000838	DATA	Keydown: 1
12.289485000015702	DATA	Keydown: 9
12.494095000030939	DATA	Keydown: 7
12.738885000057053	DATA	Keydown: 0
13.09646500000963	DATA	Keydown: .
13.381250000034925	DATA	Keydown: 1
13.526275000011083	DATA	Keydown: 1
13.722545000026003	DATA	Keydown: .
13.893800000019837	DATA	Keydown: 0
14.096300000033807	DATA	Keydown: 5
14.269335000019055	DATA	Keydown: .
16.409475000051316	DATA	Keydown: 1
16.604770000034478	DATA	Keydown: 6
19.580475000024308	EXP	Created instruction_text1 = TextStim( name=instruction_text1, win=Window( name=Window, fullscr=true, color=#000000, ~), autoDraw=null, autoLog=true, units=norm, ori=null, opacity=1, pos=[0,0], size=undefined, text=Ön most szavakat fog látni.

Ezek között lesznek o~, font=Arial, color=#ffffff, contrast=1, height=0.05, bold=null, italic=null, alignHoriz=left, alignVert=center, wrapWidth=1, flipHoriz=null, flipVert=null )
19.58216500002891	EXP	Created instruction_text2 = TextStim( name=instruction_text2, win=Window( name=Window, fullscr=true, color=#000000, ~), autoDraw=null, autoLog=true, units=norm, ori=null, opacity=1, pos=[0,0], size=undefined, text=Először két egyszerű példát mutatunk Önnek.

Az el~, font=Arial, color=#FFFFFF, contrast=1, height=0.05, bold=null, italic=null, alignHoriz=left, alignVert=center, wrapWidth=1, flipHoriz=null, flipVert=null )
19.583385000005364	EXP	Created show_text = TextStim( name=show_text, win=Window( name=Window, fullscr=true, color=#000000, ~), autoDraw=null, autoLog=true, units=norm, ori=null, opacity=1, pos=[0,0], size=undefined, text=asztal, font=Arial, color=#FFFFFF, contrast=1, height=0.2, bold=null, italic=null, alignHoriz=left, alignVert=center, wrapWidth=1, flipHoriz=null, flipVert=null )
19.584450000023935	EXP	Created text = TextStim( name=text, win=Window( name=Window, fullscr=true, color=#000000, ~), autoDraw=null, autoLog=true, units=norm, ori=null, opacity=1, pos=[0,0], size=undefined, text=bzsmfsztal, font=Arial, color=#FFFFFF, contrast=1, height=0.2, bold=null, italic=null, alignHoriz=left, alignVert=center, wrapWidth=1, flipHoriz=null, flipVert=null )
19.58902000001399	EXP	Created instruction_text3 = TextStim( name=instruction_text3, win=Window( name=Window, fullscr=true, color=#000000, ~), autoDraw=null, autoLog=true, units=norm, ori=null, opacity=1, pos=[0,0], size=undefined, text=Pazar. Most kezdődik az igazi kísérlet. Néhány per~, font=Arial, color=#FFFFFF, contrast=1, height=0.1, bold=null, italic=null, alignHoriz=left, alignVert=center, wrapWidth=1, flipHoriz=null, flipVert=null )
19.598515000019688	EXP	Created szo_kiir = TextStim( name=szo_kiir, win=Window( name=Window, fullscr=true, color=#000000, ~), autoDraw=null, autoLog=true, units=norm, ori=null, opacity=1, pos=[0,0], size=undefined, text=default text, font=Arial, color=#FFFFFF, contrast=1, height=0.2, bold=null, italic=null, alignHoriz=left, alignVert=center, wrapWidth=1, flipHoriz=null, flipVert=null )
19.601190000015777	EXP	Created koszi_szoveg = TextStim( name=koszi_szoveg, win=Window( name=Window, fullscr=true, color=#000000, ~), autoDraw=null, autoLog=true, units=norm, ori=null, opacity=1, pos=[0,0], size=undefined, text=Vége a kísérletnek. Köszönjük a részvételt!, font=arial, color=#ffffff, contrast=1, height=0.1, bold=null, italic=null, alignHoriz=left, alignVert=center, wrapWidth=1, flipHoriz=null, flipVert=null )
19.638145000033546	EXP	instruction_text1: units = "norm"
19.638145000033546	EXP	instruction_text1: ori = 0
19.638145000033546	EXP	instruction_text1: opacity = 1
19.638145000033546	EXP	instruction_text1: pos = [0,0]
19.638145000033546	EXP	instruction_text1: size = undefined
19.638145000033546	EXP	instruction_text1: text = "Ön most szavakat fog látni.\n\nEzek között lesznek olyanok, amelyeket ismer, de előfordulhatnak olyanok is, amelyeket nem ismer, sőt, vannak köztük kitalált szavak is. \n\nKérjük, ha ismeri a képernyőn látható szót, nyomja meg a JOBB kurzorbillentyűt.\nKérjük, ha NEM ismeri a képernyőn látható szót, vagy azt gondolja, nincs ilyen szó a magyarban, nyomja meg a BAL kurzorbillentyűt.\n\nAz 'Ismerem a szót' döntés itt most ezt jelenti: találkoztam már vele, és van valami elképzelésem a jelentéséről is.  \n\nNyomjon meg bármilyen billentyűt a folytatáshoz."
19.638145000033546	EXP	instruction_text1: font = "Arial"
19.638145000033546	EXP	instruction_text1: color = {"_rgb":[1,1,1]}
19.638145000033546	EXP	instruction_text1: contrast = 1
19.638145000033546	EXP	instruction_text1: height = 0.05
19.638145000033546	EXP	instruction_text1: bold = false
19.638145000033546	EXP	instruction_text1: italic = false
19.638145000033546	EXP	instruction_text1: alignHoriz = "left"
19.638145000033546	EXP	instruction_text1: alignVert = "center"
19.638145000033546	EXP	instruction_text1: wrapWidth = 1
19.638145000033546	EXP	instruction_text1: flipHoriz = false
19.638145000033546	EXP	instruction_text1: flipVert = false
19.638145000033546	EXP	instruction_text2: units = "norm"
19.638145000033546	EXP	instruction_text2: ori = 0
19.638145000033546	EXP	instruction_text2: opacity = 1
19.638145000033546	EXP	instruction_text2: pos = [0,0]
19.638145000033546	EXP	instruction_text2: size = undefined
19.638145000033546	EXP	instruction_text2: text = "Először két egyszerű példát mutatunk Önnek.\n\nAz első szó létezik a magyarban, és valószínűleg Ön is ismeri. Itt nyomja majd meg a jobb kurzorbillentyűt.\nA második szó nem létezik a magyar nyelvben. Itt nyomja majd meg a bal kurzorbillentyűt.\n\nFontos, hogy a jobb gombot a jobb kezével, a bal gombot a bal kezével nyomja, ha tudja, és ne egy kezét használja a kísérletben.\n\nNyomjon meg bármilyen gombot a folytatáshoz."
19.638145000033546	EXP	instruction_text2: font = "Arial"
19.638145000033546	EXP	instruction_text2: color = {"_hex":"#FFFFFF","_rgb":[1,1,1]}
19.638145000033546	EXP	instruction_text2: contrast = 1
19.638145000033546	EXP	instruction_text2: height = 0.05
19.638145000033546	EXP	instruction_text2: bold = false
19.638145000033546	EXP	instruction_text2: italic = false
19.638145000033546	EXP	instruction_text2: alignHoriz = "left"
19.638145000033546	EXP	instruction_text2: alignVert = "center"
19.638145000033546	EXP	instruction_text2: wrapWidth = 1
19.638145000033546	EXP	instruction_text2: flipHoriz = false
19.638145000033546	EXP	instruction_text2: flipVert = false
19.638145000033546	EXP	show_text: units = "norm"
19.638145000033546	EXP	show_text: ori = 0
19.638145000033546	EXP	show_text: opacity = 1
19.638145000033546	EXP	show_text: pos = [0,0]
19.638145000033546	EXP	show_text: size = undefined
19.638145000033546	EXP	show_text: text = "asztal"
19.638145000033546	EXP	show_text: font = "Arial"
19.638145000033546	EXP	show_text: color = {"_hex":"#FFFFFF","_rgb":[1,1,1]}
19.638145000033546	EXP	show_text: contrast = 1
19.638145000033546	EXP	show_text: height = 0.2
19.638145000033546	EXP	show_text: bold = false
19.638145000033546	EXP	show_text: italic = false
19.638145000033546	EXP	show_text: alignHoriz = "left"
19.638145000033546	EXP	show_text: alignVert = "center"
19.638145000033546	EXP	show_text: wrapWidth = 1
19.638145000033546	EXP	show_text: flipHoriz = false
19.638145000033546	EXP	show_text: flipVert = false
19.638145000033546	EXP	text: units = "norm"
19.638145000033546	EXP	text: ori = 0
19.638145000033546	EXP	text: opacity = 1
19.638145000033546	EXP	text: pos = [0,0]
19.638145000033546	EXP	text: size = undefined
19.638145000033546	EXP	text: text = "bzsmfsztal"
19.638145000033546	EXP	text: font = "Arial"
19.638145000033546	EXP	text: color = {"_hex":"#FFFFFF","_rgb":[1,1,1]}
19.638145000033546	EXP	text: contrast = 1
19.638145000033546	EXP	text: height = 0.2
19.638145000033546	EXP	text: bold = false
19.638145000033546	EXP	text: italic = false
19.638145000033546	EXP	text: alignHoriz = "left"
19.638145000033546	EXP	text: alignVert = "center"
19.638145000033546	EXP	text: wrapWidth = 1
19.638145000033546	EXP	text: flipHoriz = false
19.638145000033546	EXP	text: flipVert = false
19.638145000033546	EXP	instruction_text3: units = "norm"
19.638145000033546	EXP	instruction_text3: ori = 0
19.638145000033546	EXP	instruction_text3: opacity = 1
19.638145000033546	EXP	instruction_text3: pos = [0,0]
19.638145000033546	EXP	instruction_text3: size = undefined
19.638145000033546	EXP	instruction_text3: text = "Pazar. Most kezdődik az igazi kísérlet. Néhány percig fog tartani. Nem kell nagyon sietnie, de igyekezzen gyorsan válaszolni.\n\nNe feledje, ha tudja, a jobb gombot a jobbkezével, a bal gombot a balkezével nyomja le.\n\nNyomjon meg bármilyen gombot a folytatáshoz."
19.638145000033546	EXP	instruction_text3: font = "Arial"
19.638145000033546	EXP	instruction_text3: color = {"_hex":"#FFFFFF","_rgb":[1,1,1]}
19.638145000033546	EXP	instruction_text3: contrast = 1
19.638145000033546	EXP	instruction_text3: height = 0.1
19.638145000033546	EXP	instruction_text3: bold = false
19.638145000033546	EXP	instruction_text3: italic = false
19.638145000033546	EXP	instruction_text3: alignHoriz = "left"
19.638145000033546	EXP	instruction_text3: alignVert = "center"
19.638145000033546	EXP	instruction_text3: wrapWidth = 1
19.638145000033546	EXP	instruction_text3: flipHoriz = false
19.638145000033546	EXP	instruction_text3: flipVert = false
19.638145000033546	EXP	szo_kiir: units = "norm"
19.638145000033546	EXP	szo_kiir: ori = 0
19.638145000033546	EXP	szo_kiir: opacity = 1
19.638145000033546	EXP	szo_kiir: pos = [0,0]
19.638145000033546	EXP	szo_kiir: size = undefined
19.638145000033546	EXP	szo_kiir: text = "default text"
19.638145000033546	EXP	szo_kiir: font = "Arial"
19.638145000033546	EXP	szo_kiir: color = {"_hex":"#FFFFFF","_rgb":[1,1,1]}
19.638145000033546	EXP	szo_kiir: contrast = 1
19.638145000033546	EXP	szo_kiir: height = 0.2
19.638145000033546	EXP	szo_kiir: bold = false
19.638145000033546	EXP	szo_kiir: italic = false
19.638145000033546	EXP	szo_kiir: alignHoriz = "left"
19.638145000033546	EXP	szo_kiir: alignVert = "center"
19.638145000033546	EXP	szo_kiir: wrapWidth = 1
19.638145000033546	EXP	szo_kiir: flipHoriz = false
19.638145000033546	EXP	szo_kiir: flipVert = false
19.638145000033546	EXP	koszi_szoveg: units = "norm"
19.638145000033546	EXP	koszi_szoveg: ori = 0
19.638145000033546	EXP	koszi_szoveg: opacity = 1
19.638145000033546	EXP	koszi_szoveg: pos = [0,0]
19.638145000033546	EXP	koszi_szoveg: size = undefined
19.638145000033546	EXP	koszi_szoveg: text = "Vége a kísérletnek. Köszönjük a részvételt!"
19.638145000033546	EXP	koszi_szoveg: font = "arial"
19.638145000033546	EXP	koszi_szoveg: color = {"_rgb":[1,1,1]}
19.638145000033546	EXP	koszi_szoveg: contrast = 1
19.638145000033546	EXP	koszi_szoveg: height = 0.1
19.638145000033546	EXP	koszi_szoveg: bold = false
19.638145000033546	EXP	koszi_szoveg: italic = false
19.638145000033546	EXP	koszi_szoveg: alignHoriz = "left"
19.638145000033546	EXP	koszi_szoveg: alignVert = "center"
19.638145000033546	EXP	koszi_szoveg: wrapWidth = 1
19.638145000033546	EXP	koszi_szoveg: flipHoriz = false
19.638145000033546	EXP	koszi_szoveg: flipVert = false
19.638145000033546	EXP	instruction_text1: autoDraw = true
62.212415000016335	DATA	Keydown: ArrowDown
62.230005000019446	EXP	instruction_text1: autoDraw = false
62.230005000019446	EXP	instruction_text2: autoDraw = true
63.37493000004906	DATA	Keydown: ArrowUp
63.38779000000795	EXP	instruction_text2: autoDraw = false
63.91310500004329	EXP	show_text: autoDraw = true
66.47589000000153	DATA	Keydown: ArrowDown
68.37185500003397	DATA	Mouse: 0 button down, pos=(1058,412)
68.54477500001667	DATA	Mouse: 0 button down, pos=(1053,417)
123.1407800000161	DATA	Keydown: ArrowRight
123.14638500002911	EXP	show_text: autoDraw = false
123.66628500004299	EXP	text: autoDraw = true
127.58905500004767	DATA	Keydown: ArrowLeft
127.61603000003379	EXP	text: autoDraw = false
127.61603000003379	EXP	instruction_text3: autoDraw = true
147.34517000004416	DATA	Keydown: ArrowRight
147.41167000000132	EXP	instruction_text3: autoDraw = false
147.41167000000132	EXP	szo_kiir: color = {"_rgb":[1,1,1]}
147.41167000000132	EXP	szo_kiir: text = "család"
147.41380000003846	DATA	Keydown: ArrowLeft
147.92651000001933	EXP	szo_kiir: autoDraw = true
148.87640500004636	DATA	Keydown: ArrowRight
148.88797999999952	EXP	szo_kiir: autoDraw = false
148.88797999999952	EXP	szo_kiir: color = {"_rgb":[1,1,1]}
148.88797999999952	EXP	szo_kiir: text = "augusztus"
149.40609500004211	EXP	szo_kiir: autoDraw = true
150.24237000005087	DATA	Keydown: ArrowRight
150.27534500003094	EXP	szo_kiir: autoDraw = false
150.27534500003094	EXP	szo_kiir: color = {"_rgb":[1,1,1]}
150.27534500003094	EXP	szo_kiir: text = "darab"
150.7873050000053	EXP	szo_kiir: autoDraw = true
151.44560000003548	DATA	Keydown: ArrowRight
151.45122500002617	EXP	szo_kiir: autoDraw = false
151.45122500002617	EXP	szo_kiir: color = {"_rgb":[1,1,1]}
151.45122500002617	EXP	szo_kiir: text = "átrális"
151.97333500004606	EXP	szo_kiir: autoDraw = true
154.04970500001218	DATA	Keydown: ArrowLeft
154.07623000000603	EXP	szo_kiir: autoDraw = false
154.07623000000603	EXP	szo_kiir: color = {"_rgb":[1,1,1]}
154.07623000000603	EXP	szo_kiir: text = "anaszsében"
154.58534000004875	EXP	szo_kiir: autoDraw = true
157.82246000005398	DATA	Keydown: ArrowLeft
157.82939000002807	EXP	szo_kiir: autoDraw = false
157.82939000002807	EXP	szo_kiir: color = {"_rgb":[1,1,1]}
157.82939000002807	EXP	szo_kiir: text = "időszak"
158.34932500001742	EXP	szo_kiir: autoDraw = true
159.00403000001097	DATA	Keydown: ArrowRight
159.05261000001337	EXP	szo_kiir: autoDraw = false
159.05261000001337	EXP	szo_kiir: color = {"_rgb":[1,1,1]}
159.05261000001337	EXP	szo_kiir: text = "párt"
159.5631450000219	EXP	szo_kiir: autoDraw = true
160.14701500005322	DATA	Keydown: ArrowRight
160.16008500003954	EXP	szo_kiir: autoDraw = false
160.16008500003954	EXP	szo_kiir: color = {"_rgb":[1,1,1]}
160.16008500003954	EXP	szo_kiir: text = "évfolyam"
160.68033500004094	EXP	szo_kiir: autoDraw = true
161.27982500003418	DATA	Keydown: ArrowRight
161.2987950000097	EXP	szo_kiir: autoDraw = false
161.2987950000097	EXP	szo_kiir: color = {"_rgb":[1,1,1]}
161.2987950000097	EXP	szo_kiir: text = "szint"
161.81102000002284	EXP	szo_kiir: autoDraw = true
162.37205500004347	DATA	Keydown: ArrowRight
162.37499000004027	EXP	szo_kiir: autoDraw = false
162.37499000004027	EXP	szo_kiir: color = {"_rgb":[1,1,1]}
162.37499000004027	EXP	szo_kiir: text = "hiányzik"
162.8938049999997	EXP	szo_kiir: autoDraw = true
163.37444000004325	DATA	Keydown: ArrowRight
163.39794500003336	EXP	szo_kiir: autoDraw = false
163.39794500003336	EXP	szo_kiir: color = {"_rgb":[1,1,1]}
163.39794500003336	EXP	szo_kiir: text = "optimális"
163.90893000003416	EXP	szo_kiir: autoDraw = true
164.5129650000017	DATA	Keydown: ArrowRight
164.52228500001365	EXP	szo_kiir: autoDraw = false
164.52228500001365	EXP	szo_kiir: color = {"_rgb":[1,1,1]}
164.52228500001365	EXP	szo_kiir: text = "falvangú"
165.04137000004994	EXP	szo_kiir: autoDraw = true
166.4115050000255	DATA	Keydown: ArrowLeft
166.42769000004046	EXP	szo_kiir: autoDraw = false
166.42769000004046	EXP	szo_kiir: color = {"_rgb":[1,1,1]}
166.42769000004046	EXP	szo_kiir: text = "kislány"
166.9384400000563	EXP	szo_kiir: autoDraw = true
167.50394500000402	DATA	Keydown: ArrowRight
167.5193750000326	EXP	szo_kiir: autoDraw = false
167.5193750000326	EXP	szo_kiir: color = {"_rgb":[1,1,1]}
167.5193750000326	EXP	szo_kiir: text = "holland"
168.03741500002798	EXP	szo_kiir: autoDraw = true
168.6159800000023	DATA	Keydown: ArrowRight
168.62974500004202	EXP	szo_kiir: autoDraw = false
168.62974500004202	EXP	szo_kiir: color = {"_rgb":[1,1,1]}
168.62974500004202	EXP	szo_kiir: text = "kapu"
169.13612000003923	EXP	szo_kiir: autoDraw = true
169.64501500001643	DATA	Keydown: ArrowRight
169.6505650000181	EXP	szo_kiir: autoDraw = false
169.6505650000181	EXP	szo_kiir: color = {"_rgb":[1,1,1]}
169.6505650000181	EXP	szo_kiir: text = "felsőfokú"
170.1683400000329	EXP	szo_kiir: autoDraw = true
170.92045500001404	DATA	Keydown: ArrowRight
170.9385900000343	EXP	szo_kiir: autoDraw = false
170.9385900000343	EXP	szo_kiir: color = {"_rgb":[1,1,1]}
170.9385900000343	EXP	szo_kiir: text = "szerez"
171.44967500003986	EXP	szo_kiir: autoDraw = true
171.991965000052	DATA	Keydown: ArrowRight
171.99741000001086	EXP	szo_kiir: autoDraw = false
171.99741000001086	EXP	szo_kiir: color = {"_rgb":[1,1,1]}
171.99741000001086	EXP	szo_kiir: text = "keritkol"
172.51606000005268	EXP	szo_kiir: autoDraw = true
174.28619000001345	DATA	Keydown: ArrowLeft
174.30112500005635	EXP	szo_kiir: autoDraw = false
174.30112500005635	EXP	szo_kiir: color = {"_rgb":[1,1,1]}
174.30112500005635	EXP	szo_kiir: text = "cselekmény"
174.8139450000017	EXP	szo_kiir: autoDraw = true
175.49535500002094	DATA	Keydown: ArrowRight
175.51149000000441	EXP	szo_kiir: autoDraw = false
175.51149000000441	EXP	szo_kiir: color = {"_rgb":[1,1,1]}
175.51149000000441	EXP	szo_kiir: text = "szethetősi"
176.0292699999991	EXP	szo_kiir: autoDraw = true
178.0204650000087	DATA	Keydown: ArrowLeft
178.03269000002183	EXP	szo_kiir: autoDraw = false
178.03269000002183	EXP	szo_kiir: color = {"_rgb":[1,1,1]}
178.03269000002183	EXP	szo_kiir: text = "meggyabb"
178.54398500005482	EXP	szo_kiir: autoDraw = true
182.49949000001652	DATA	Keydown: ArrowLeft
182.50504500005627	EXP	szo_kiir: autoDraw = false
182.50504500005627	EXP	szo_kiir: color = {"_rgb":[1,1,1]}
182.50504500005627	EXP	szo_kiir: text = "forog"
183.02276000002166	EXP	szo_kiir: autoDraw = true
183.63396500004455	DATA	Keydown: ArrowRight
183.64328000001842	EXP	szo_kiir: autoDraw = false
183.64328000001842	EXP	szo_kiir: color = {"_rgb":[1,1,1]}
183.64328000001842	EXP	szo_kiir: text = "profit"
184.15443000005325	EXP	szo_kiir: autoDraw = true
185.09106500004418	DATA	Keydown: ArrowRight
185.10160500003258	EXP	szo_kiir: autoDraw = false
185.10160500003258	EXP	szo_kiir: color = {"_rgb":[1,1,1]}
185.10160500003258	EXP	szo_kiir: text = "reform"
185.61995500000194	EXP	szo_kiir: autoDraw = true
186.25419000000693	DATA	Keydown: ArrowRight
186.2746450000559	EXP	szo_kiir: autoDraw = false
186.2746450000559	EXP	szo_kiir: color = {"_rgb":[1,1,1]}
186.2746450000559	EXP	szo_kiir: text = "gyász"
186.78478000004543	EXP	szo_kiir: autoDraw = true
187.03128500003368	DATA	Mouse: 2 button down, pos=(1365,397)
187.24363500002073	DATA	Keydown: ArrowRight
187.24976000003517	EXP	szo_kiir: autoDraw = false
187.24976000003517	EXP	szo_kiir: color = {"_rgb":[1,1,1]}
187.24976000003517	EXP	szo_kiir: text = "örmény"
187.28322000004118	DATA	Mouse: 2 button down, pos=(1365,397)
187.36658500001067	DATA	Mouse: 2 button down, pos=(1365,397)
187.76883000001544	EXP	szo_kiir: autoDraw = true
187.77043000003323	DATA	Mouse: 2 button down, pos=(1365,397)
187.7975800000131	DATA	Mouse: 2 button down, pos=(1365,397)
187.89976000000024	DATA	Mouse: 2 button down, pos=(1365,397)
187.92532500001835	DATA	Mouse: 2 button down, pos=(1365,397)
188.20087000000058	DATA	Mouse: 2 button down, pos=(1365,397)
191.6433900000411	DATA	Mouse: 0 button down, pos=(1219,570)
191.76784500002395	DATA	Mouse: 0 button down, pos=(1219,570)
192.64897500001825	DATA	Keydown: ArrowRight
192.66819500003476	EXP	szo_kiir: autoDraw = false
192.66819500003476	EXP	szo_kiir: color = {"_rgb":[1,1,1]}
192.66819500003476	EXP	szo_kiir: text = "törődik"
193.17895000003045	EXP	szo_kiir: autoDraw = true
194.11066000000574	DATA	Keydown: ArrowRight
194.1263200000394	EXP	szo_kiir: autoDraw = false
194.1263200000394	EXP	szo_kiir: color = {"_rgb":[1,1,1]}
194.1263200000394	EXP	szo_kiir: text = "had"
194.64387500000885	EXP	szo_kiir: autoDraw = true
195.1895450000302	DATA	Keydown: ArrowRight
195.19746500003384	EXP	szo_kiir: autoDraw = false
195.19746500003384	EXP	szo_kiir: color = {"_rgb":[1,1,1]}
195.19746500003384	EXP	szo_kiir: text = "rak"
195.71026500000153	EXP	szo_kiir: autoDraw = true
196.26195000001462	DATA	Keydown: ArrowRight
196.2744450000464	EXP	szo_kiir: autoDraw = false
196.2744450000464	EXP	szo_kiir: color = {"_rgb":[1,1,1]}
196.2744450000464	EXP	szo_kiir: text = "orális"
196.7926650000154	EXP	szo_kiir: autoDraw = true
197.55788000003668	DATA	Keydown: ArrowRight
197.57896000001347	EXP	szo_kiir: autoDraw = false
197.57896000001347	EXP	szo_kiir: color = {"_rgb":[1,1,1]}
197.57896000001347	EXP	szo_kiir: text = "extravagáns"
198.09048000001349	EXP	szo_kiir: autoDraw = true
199.04704000003403	DATA	Keydown: ArrowRight
199.05487000005087	EXP	szo_kiir: autoDraw = false
199.05487000005087	EXP	szo_kiir: color = {"_rgb":[1,1,1]}
199.05487000005087	EXP	szo_kiir: text = "glükóz"
199.57338500005426	EXP	szo_kiir: autoDraw = true
200.24065500003053	DATA	Keydown: ArrowRight
200.26046000001952	EXP	szo_kiir: autoDraw = false
200.26046000001952	EXP	szo_kiir: color = {"_rgb":[1,1,1]}
200.26046000001952	EXP	szo_kiir: text = "végbél"
200.77279500005534	EXP	szo_kiir: autoDraw = true
201.39266000001226	DATA	Keydown: ArrowRight
201.4028099999996	EXP	szo_kiir: autoDraw = false
201.4028099999996	EXP	szo_kiir: color = {"_rgb":[1,1,1]}
201.4028099999996	EXP	szo_kiir: text = "hamburger"
201.92008000001078	EXP	szo_kiir: autoDraw = true
202.54533500003163	DATA	Keydown: ArrowRight
202.57459500001278	EXP	szo_kiir: autoDraw = false
202.57459500001278	EXP	szo_kiir: color = {"_rgb":[1,1,1]}
202.57459500001278	EXP	szo_kiir: text = "közöny"
203.08587500004796	EXP	szo_kiir: autoDraw = true
203.61780500004534	DATA	Keydown: ArrowRight
203.63350500003435	EXP	szo_kiir: autoDraw = false
203.63350500003435	EXP	szo_kiir: color = {"_rgb":[1,1,1]}
203.63350500003435	EXP	szo_kiir: text = "kunyai"
204.15136000001803	EXP	szo_kiir: autoDraw = true
205.13573000003817	DATA	Keydown: ArrowLeft
205.15339000005042	EXP	szo_kiir: autoDraw = false
205.15339000005042	EXP	szo_kiir: color = {"_rgb":[1,1,1]}
205.15339000005042	EXP	szo_kiir: text = "stasassző"
205.66779500001576	EXP	szo_kiir: autoDraw = true
207.96381000004476	DATA	Keydown: ArrowLeft
207.97894500003895	EXP	szo_kiir: autoDraw = false
207.97894500003895	EXP	szo_kiir: color = {"_rgb":[1,1,1]}
207.97894500003895	EXP	szo_kiir: text = "gráf"
208.48415000003297	EXP	szo_kiir: autoDraw = true
209.20544000004884	DATA	Keydown: ArrowRight
209.21872500004247	EXP	szo_kiir: autoDraw = false
209.21872500004247	EXP	szo_kiir: color = {"_rgb":[1,1,1]}
209.21872500004247	EXP	szo_kiir: text = "felmi"
209.73082000005525	EXP	szo_kiir: autoDraw = true
210.34851999999955	DATA	Keydown: ArrowRight
210.360650000046	EXP	szo_kiir: autoDraw = false
210.360650000046	EXP	szo_kiir: color = {"_rgb":[1,1,1]}
210.360650000046	EXP	szo_kiir: text = "ötvöződik"
210.8781050000107	EXP	szo_kiir: autoDraw = true
212.26284999999916	DATA	Keydown: ArrowRight
212.27538500004448	EXP	szo_kiir: autoDraw = false
212.27538500004448	EXP	szo_kiir: color = {"_rgb":[1,1,1]}
212.27538500004448	EXP	szo_kiir: text = "szótag"
212.79400500003248	EXP	szo_kiir: autoDraw = true
213.46951500000432	DATA	Keydown: ArrowRight
213.48404000001028	EXP	szo_kiir: autoDraw = false
213.48404000001028	EXP	szo_kiir: color = {"_rgb":[1,1,1]}
213.48404000001028	EXP	szo_kiir: text = "tarol"
213.9921650000033	EXP	szo_kiir: autoDraw = true
214.68656500004	DATA	Keydown: ArrowRight
214.69026000000304	EXP	szo_kiir: autoDraw = false
214.69026000000304	EXP	szo_kiir: color = {"_rgb":[1,1,1]}
214.69026000000304	EXP	szo_kiir: text = "nagydíj"
215.20840500004124	EXP	szo_kiir: autoDraw = true
216.40786000003573	DATA	Keydown: ArrowRight
216.42683500004932	EXP	szo_kiir: autoDraw = false
216.42683500004932	EXP	szo_kiir: color = {"_rgb":[1,1,1]}
216.42683500004932	EXP	szo_kiir: text = "forgórész"
216.939960000047	EXP	szo_kiir: autoDraw = true
217.94789000001037	DATA	Keydown: ArrowRight
217.95347000000766	EXP	szo_kiir: autoDraw = false
217.95347000000766	EXP	szo_kiir: color = {"_rgb":[1,1,1]}
217.95347000000766	EXP	szo_kiir: text = "tábornagy"
218.4719000000041	EXP	szo_kiir: autoDraw = true
219.1866100000334	DATA	Keydown: ArrowRight
219.20798500004457	EXP	szo_kiir: autoDraw = false
219.20798500004457	EXP	szo_kiir: color = {"_rgb":[1,1,1]}
219.20798500004457	EXP	szo_kiir: text = "téveszt"
219.72020500001963	EXP	szo_kiir: autoDraw = true
220.55310499999905	DATA	Keydown: ArrowRight
220.56748500000685	EXP	szo_kiir: autoDraw = false
220.56748500000685	EXP	szo_kiir: color = {"_rgb":[1,1,1]}
220.56748500000685	EXP	szo_kiir: text = "csattog"
221.08581000001868	EXP	szo_kiir: autoDraw = true
221.93626000004588	DATA	Keydown: ArrowRight
221.95596000005025	EXP	szo_kiir: autoDraw = false
221.95596000005025	EXP	szo_kiir: color = {"_rgb":[1,1,1]}
221.95596000005025	EXP	szo_kiir: text = "tropikus"
222.4674450000166	EXP	szo_kiir: autoDraw = true
223.75162500003353	DATA	Keydown: ArrowLeft
223.76496000000043	EXP	szo_kiir: autoDraw = false
223.76496000000043	EXP	szo_kiir: color = {"_rgb":[1,1,1]}
223.76496000000043	EXP	szo_kiir: text = "tévedzik"
224.2822050000541	EXP	szo_kiir: autoDraw = true
225.51898000005167	DATA	Keydown: ArrowLeft
225.52981500001624	EXP	szo_kiir: autoDraw = false
225.52981500001624	EXP	szo_kiir: color = {"_rgb":[1,1,1]}
225.52981500001624	EXP	szo_kiir: text = "tincs"
226.04721000004793	EXP	szo_kiir: autoDraw = true
226.9304950000369	DATA	Keydown: ArrowRight
226.95063000003574	EXP	szo_kiir: autoDraw = false
226.95063000003574	EXP	szo_kiir: color = {"_rgb":[1,1,1]}
226.95063000003574	EXP	szo_kiir: text = "káder"
227.46274000004632	EXP	szo_kiir: autoDraw = true
228.06741500005592	DATA	Keydown: ArrowRight
228.07627000001958	EXP	szo_kiir: autoDraw = false
228.07627000001958	EXP	szo_kiir: color = {"_rgb":[1,1,1]}
228.07627000001958	EXP	szo_kiir: text = "szelégül"
228.59467500000028	EXP	szo_kiir: autoDraw = true
229.91416000004392	DATA	Keydown: ArrowLeft
229.9321400000481	EXP	szo_kiir: autoDraw = false
229.9321400000481	EXP	szo_kiir: color = {"_rgb":[1,1,1]}
229.9321400000481	EXP	szo_kiir: text = "onogur"
230.44226000003982	EXP	szo_kiir: autoDraw = true
231.57649000000674	DATA	Keydown: ArrowLeft
231.5896000000066	EXP	szo_kiir: autoDraw = false
231.5896000000066	EXP	szo_kiir: color = {"_rgb":[1,1,1]}
231.5896000000066	EXP	szo_kiir: text = "pártol"
232.107640000002	EXP	szo_kiir: autoDraw = true
232.71972500003176	DATA	Keydown: ArrowRight
232.72284000000218	EXP	szo_kiir: autoDraw = false
232.72284000000218	EXP	szo_kiir: color = {"_rgb":[1,1,1]}
232.72284000000218	EXP	szo_kiir: text = "dermeszt"
233.2395550000365	EXP	szo_kiir: autoDraw = true
234.02458000002662	DATA	Keydown: ArrowRight
234.04228500003228	EXP	szo_kiir: autoDraw = false
234.04228500003228	EXP	szo_kiir: color = {"_rgb":[1,1,1]}
234.04228500003228	EXP	szo_kiir: text = "szitok"
234.5555100000347	EXP	szo_kiir: autoDraw = true
235.11490000004414	DATA	Keydown: ArrowRight
235.11924500000896	EXP	szo_kiir: autoDraw = false
235.11924500000896	EXP	szo_kiir: color = {"_rgb":[1,1,1]}
235.11924500000896	EXP	szo_kiir: text = "fajansz"
235.63743500004057	EXP	szo_kiir: autoDraw = true
236.39003500004765	DATA	Keydown: ArrowRight
236.40697000001092	EXP	szo_kiir: autoDraw = false
236.40697000001092	EXP	szo_kiir: color = {"_rgb":[1,1,1]}
236.40697000001092	EXP	szo_kiir: text = "kitin"
236.91898000001675	EXP	szo_kiir: autoDraw = true
237.56432500004303	DATA	Keydown: ArrowRight
237.5671100000036	EXP	szo_kiir: autoDraw = false
237.5671100000036	EXP	szo_kiir: color = {"_rgb":[1,1,1]}
237.5671100000036	EXP	szo_kiir: text = "zökkévei"
238.08480000001146	EXP	szo_kiir: autoDraw = true
239.01351000001887	DATA	Keydown: ArrowLeft
239.02524000004632	EXP	szo_kiir: autoDraw = false
239.02524000004632	EXP	szo_kiir: color = {"_rgb":[1,1,1]}
239.02524000004632	EXP	szo_kiir: text = "diáknyelv"
239.53422500001034	EXP	szo_kiir: autoDraw = true
240.30052500002785	DATA	Keydown: ArrowRight
240.3149900000426	EXP	szo_kiir: autoDraw = false
240.3149900000426	EXP	szo_kiir: color = {"_rgb":[1,1,1]}
240.3149900000426	EXP	szo_kiir: text = "növetlenső"
240.83292500005336	EXP	szo_kiir: autoDraw = true
242.2310400000424	DATA	Keydown: ArrowLeft
242.2509050000226	EXP	szo_kiir: autoDraw = false
242.2509050000226	EXP	szo_kiir: color = {"_rgb":[1,1,1]}
242.2509050000226	EXP	szo_kiir: text = "nukleon"
242.7647200000356	EXP	szo_kiir: autoDraw = true
243.85917000001064	DATA	Keydown: ArrowRight
243.86211500002537	EXP	szo_kiir: autoDraw = false
243.86211500002537	EXP	szo_kiir: color = {"_rgb":[1,1,1]}
243.86211500002537	EXP	szo_kiir: text = "szidalom"
244.37930000002962	EXP	szo_kiir: autoDraw = true
245.26637500000652	DATA	Keydown: ArrowRight
245.28146000002744	EXP	szo_kiir: autoDraw = false
245.28146000002744	EXP	szo_kiir: color = {"_rgb":[1,1,1]}
245.28146000002744	EXP	szo_kiir: text = "akarózik"
245.79473000002326	EXP	szo_kiir: autoDraw = true
247.0115250000381	DATA	Keydown: ArrowRight
247.02498000004562	EXP	szo_kiir: autoDraw = false
247.02498000004562	EXP	szo_kiir: color = {"_rgb":[1,1,1]}
247.02498000004562	EXP	szo_kiir: text = "kanalaz"
247.5425900000264	EXP	szo_kiir: autoDraw = true
248.2875950000016	DATA	Keydown: ArrowRight
248.29636500001652	EXP	szo_kiir: autoDraw = false
248.29636500001652	EXP	szo_kiir: color = {"_rgb":[1,1,1]}
248.29636500001652	EXP	szo_kiir: text = "stósz"
248.80871000001207	EXP	szo_kiir: autoDraw = true
249.69271500001196	DATA	Keydown: ArrowLeft
249.705585000047	EXP	szo_kiir: autoDraw = false
249.705585000047	EXP	szo_kiir: color = {"_rgb":[1,1,1]}
249.705585000047	EXP	szo_kiir: text = "csőszház"
250.22438500000862	EXP	szo_kiir: autoDraw = true
252.44747500005178	DATA	Keydown: ArrowRight
252.4530650000088	EXP	szo_kiir: autoDraw = false
252.4530650000088	EXP	szo_kiir: color = {"_rgb":[1,1,1]}
252.4530650000088	EXP	szo_kiir: text = "agráregyetem"
252.97184500005096	EXP	szo_kiir: autoDraw = true
254.29534500004956	DATA	Keydown: ArrowRight
254.30729500000598	EXP	szo_kiir: autoDraw = false
254.30729500000598	EXP	szo_kiir: color = {"_rgb":[1,1,1]}
254.30729500000598	EXP	szo_kiir: text = "visong"
254.81969500001287	EXP	szo_kiir: autoDraw = true
255.48788500000956	DATA	Keydown: ArrowRight
255.49994500004686	EXP	szo_kiir: autoDraw = false
255.49994500004686	EXP	szo_kiir: color = {"_rgb":[1,1,1]}
255.49994500004686	EXP	szo_kiir: text = "rendő"
256.01836500002537	EXP	szo_kiir: autoDraw = true
256.4566400000476	DATA	Keydown: ArrowRight
256.4660900000017	EXP	szo_kiir: autoDraw = false
256.4660900000017	EXP	szo_kiir: color = {"_rgb":[1,1,1]}
256.4660900000017	EXP	szo_kiir: text = "lapockacsont"
256.98395000002347	EXP	szo_kiir: autoDraw = true
258.84563000005437	DATA	Keydown: ArrowRight
258.85551000002306	EXP	szo_kiir: autoDraw = false
258.85551000002306	EXP	szo_kiir: color = {"_rgb":[1,1,1]}
258.85551000002306	EXP	szo_kiir: text = "zúzanó"
259.36493000003975	EXP	szo_kiir: autoDraw = true
260.6899400000111	DATA	Keydown: ArrowLeft
260.69500500004506	EXP	szo_kiir: autoDraw = false
260.69500500004506	EXP	szo_kiir: color = {"_rgb":[1,1,1]}
260.69500500004506	EXP	szo_kiir: text = "szemestakarmány"
261.2133150000009	EXP	szo_kiir: autoDraw = true
262.3525650000083	DATA	Keydown: ArrowRight
262.3646150000277	EXP	szo_kiir: autoDraw = false
262.3646150000277	EXP	szo_kiir: color = {"_rgb":[1,1,1]}
262.3646150000277	EXP	szo_kiir: text = "vizesvödör"
262.87792500003707	EXP	szo_kiir: autoDraw = true
263.6927400000277	DATA	Keydown: ArrowRight
263.7081150000449	EXP	szo_kiir: autoDraw = false
263.7081150000449	EXP	szo_kiir: color = {"_rgb":[1,1,1]}
263.7081150000449	EXP	szo_kiir: text = "rosszlelkű"
264.22676500002854	EXP	szo_kiir: autoDraw = true
264.9845900000073	DATA	Keydown: ArrowRight
264.9975900000427	EXP	szo_kiir: autoDraw = false
264.9975900000427	EXP	szo_kiir: color = {"_rgb":[1,1,1]}
264.9975900000427	EXP	szo_kiir: text = "ráncosít"
265.50820000004023	EXP	szo_kiir: autoDraw = true
268.3098850000533	DATA	Keydown: ArrowRight
268.32026500004577	EXP	szo_kiir: autoDraw = false
268.32026500004577	EXP	szo_kiir: color = {"_rgb":[1,1,1]}
268.32026500004577	EXP	szo_kiir: text = "gyenkedéri"
268.8381750000408	EXP	szo_kiir: autoDraw = true
270.87233500002185	DATA	Keydown: ArrowLeft
270.89095500000985	EXP	szo_kiir: autoDraw = false
270.89095500000985	EXP	szo_kiir: color = {"_rgb":[1,1,1]}
270.89095500000985	EXP	szo_kiir: text = "süteményestál"
271.40340000001015	EXP	szo_kiir: autoDraw = true
272.9440900000045	DATA	Keydown: ArrowRight
272.94941500003915	EXP	szo_kiir: autoDraw = false
272.94941500003915	EXP	szo_kiir: color = {"_rgb":[1,1,1]}
272.94941500003915	EXP	szo_kiir: text = "lejmol"
273.467965000018	EXP	szo_kiir: autoDraw = true
274.63786500005517	DATA	Keydown: ArrowRight
274.65297000005376	EXP	szo_kiir: autoDraw = false
274.65297000005376	EXP	szo_kiir: color = {"_rgb":[1,1,1]}
274.65297000005376	EXP	szo_kiir: text = "bűvkör"
275.16524500004016	EXP	szo_kiir: autoDraw = true
276.2193500000285	DATA	Keydown: ArrowRight
276.22927000001073	EXP	szo_kiir: autoDraw = false
276.22927000001073	EXP	szo_kiir: color = {"_rgb":[1,1,1]}
276.22927000001073	EXP	szo_kiir: text = "viszonvád"
276.7468350000563	EXP	szo_kiir: autoDraw = true
279.38215499999933	DATA	Keydown: ArrowRight
279.3977850000374	EXP	szo_kiir: autoDraw = false
279.3977850000374	EXP	szo_kiir: color = {"_rgb":[1,1,1]}
279.3977850000374	EXP	szo_kiir: text = "zománcáru"
279.9110250000376	EXP	szo_kiir: autoDraw = true
281.8417400000035	DATA	Keydown: ArrowRight
281.85698500002036	EXP	szo_kiir: autoDraw = false
281.85698500002036	EXP	szo_kiir: color = {"_rgb":[1,1,1]}
281.85698500002036	EXP	szo_kiir: text = "evakuál"
282.37504000001354	EXP	szo_kiir: autoDraw = true
283.29955500003416	DATA	Keydown: ArrowLeft
283.30682500003604	EXP	szo_kiir: autoDraw = false
283.30682500003604	EXP	szo_kiir: color = {"_rgb":[1,1,1]}
283.30682500003604	EXP	szo_kiir: text = "infimum"
283.823560000048	EXP	szo_kiir: autoDraw = true
285.9110900000087	DATA	Keydown: ArrowLeft
285.9196200000006	EXP	szo_kiir: autoDraw = false
285.9196200000006	EXP	szo_kiir: color = {"_rgb":[1,1,1]}
285.9196200000006	EXP	szo_kiir: text = "amodális"
286.4375300000538	EXP	szo_kiir: autoDraw = true
287.7251099999994	DATA	Keydown: ArrowLeft
287.7403100000229	EXP	szo_kiir: autoDraw = false
287.7403100000229	EXP	szo_kiir: color = {"_rgb":[1,1,1]}
287.7403100000229	EXP	szo_kiir: text = "arzénsav"
288.25328000000445	EXP	szo_kiir: autoDraw = true
289.490380000032	DATA	Keydown: ArrowRight
289.49955000000773	EXP	szo_kiir: autoDraw = false
289.49955000000773	EXP	szo_kiir: color = {"_rgb":[1,1,1]}
289.49955000000773	EXP	szo_kiir: text = "tömődékhet"
290.0177650000551	EXP	szo_kiir: autoDraw = true
292.419830000028	DATA	Keydown: ArrowLeft
292.4355500000529	EXP	szo_kiir: autoDraw = false
292.4355500000529	EXP	szo_kiir: color = {"_rgb":[1,1,1]}
292.4355500000529	EXP	szo_kiir: text = "isminchegy"
292.9482100000023	EXP	szo_kiir: autoDraw = true
295.7745400000131	DATA	Keydown: ArrowLeft
295.77775500004645	EXP	szo_kiir: autoDraw = false
295.77775500004645	EXP	szo_kiir: color = {"_rgb":[1,1,1]}
295.77775500004645	EXP	szo_kiir: text = "klozettpapír"
296.2957100000349	EXP	szo_kiir: autoDraw = true
300.9252450000495	DATA	Keydown: ArrowRight
300.94511500000954	EXP	szo_kiir: autoDraw = false
300.94511500000954	EXP	szo_kiir: color = {"_rgb":[1,1,1]}
300.94511500000954	EXP	szo_kiir: text = "truccol"
301.45611500000814	EXP	szo_kiir: autoDraw = true
302.5895600000513	DATA	Keydown: ArrowRight
302.60324000002583	EXP	szo_kiir: autoDraw = false
302.60324000002583	EXP	szo_kiir: color = {"_rgb":[1,1,1]}
302.60324000002583	EXP	szo_kiir: text = "striguláz"
303.1212500000256	EXP	szo_kiir: autoDraw = true
304.1597400000319	DATA	Keydown: ArrowRight
304.17386500001885	EXP	szo_kiir: autoDraw = false
304.17386500001885	EXP	szo_kiir: color = {"_rgb":[1,1,1]}
304.17386500001885	EXP	szo_kiir: text = "lepadlózik"
304.68655500002205	EXP	szo_kiir: autoDraw = true
305.791035000002	DATA	Keydown: ArrowRight
305.8002450000495	EXP	szo_kiir: autoDraw = false
305.8002450000495	EXP	szo_kiir: color = {"_rgb":[1,1,1]}
305.8002450000495	EXP	szo_kiir: text = "fogózkodik"
306.31811500003096	EXP	szo_kiir: autoDraw = true
307.36312000005273	DATA	Keydown: ArrowRight
307.3712700000033	EXP	szo_kiir: autoDraw = false
307.3712700000033	EXP	szo_kiir: color = {"_rgb":[1,1,1]}
307.3712700000033	EXP	szo_kiir: text = "hivatalnokoskodik"
307.88361500005703	EXP	szo_kiir: autoDraw = true
309.68243500002427	DATA	Keydown: ArrowRight
309.69648000004236	EXP	szo_kiir: autoDraw = false
309.69648000004236	EXP	szo_kiir: color = {"_rgb":[1,1,1]}
309.69648000004236	EXP	szo_kiir: text = "dévánkozik"
310.2144150000531	EXP	szo_kiir: autoDraw = true
311.76824500004295	DATA	Keydown: ArrowLeft
311.77767999999924	EXP	szo_kiir: autoDraw = false
311.77767999999924	EXP	szo_kiir: color = {"_rgb":[1,1,1]}
311.77767999999924	EXP	szo_kiir: text = "takorák"
312.2962900000275	EXP	szo_kiir: autoDraw = true
313.96147500001825	DATA	Keydown: ArrowLeft
313.9836100000539	EXP	szo_kiir: autoDraw = false
313.9836100000539	EXP	szo_kiir: color = {"_rgb":[1,1,1]}
313.9836100000539	EXP	szo_kiir: text = "hátall"
314.49381500005256	EXP	szo_kiir: autoDraw = true
316.34127000003355	DATA	Keydown: ArrowLeft
316.35703000001376	EXP	szo_kiir: autoDraw = false
316.35703000001376	EXP	szo_kiir: color = {"_rgb":[1,1,1]}
316.35703000001376	EXP	szo_kiir: text = "kétvonalú"
316.8752600000007	EXP	szo_kiir: autoDraw = true
318.12458000000333	DATA	Keydown: ArrowRight
318.13925000000745	EXP	szo_kiir: autoDraw = false
318.13925000000745	EXP	szo_kiir: color = {"_rgb":[1,1,1]}
318.13925000000745	EXP	szo_kiir: text = "konverzál"
318.656725000008	EXP	szo_kiir: autoDraw = true
319.5342800000217	DATA	Keydown: ArrowRight
319.54249000002164	EXP	szo_kiir: autoDraw = false
319.54249000002164	EXP	szo_kiir: color = {"_rgb":[1,1,1]}
319.54249000002164	EXP	szo_kiir: text = "ifjít"
320.0556650000508	EXP	szo_kiir: autoDraw = true
322.73727000004146	DATA	Mouse: 2 button down, pos=(1216,541)
323.4412050000392	DATA	Keydown: ArrowLeft
323.45082500000717	EXP	szo_kiir: autoDraw = false
323.45082500000717	EXP	szo_kiir: color = {"_rgb":[1,1,1]}
323.45082500000717	EXP	szo_kiir: text = "sápít"
323.4914700000081	DATA	Mouse: 2 button down, pos=(1216,541)
323.56753000000026	DATA	Mouse: 2 button down, pos=(1216,541)
323.96830000000773	EXP	szo_kiir: autoDraw = true
324.5736550000147	DATA	Mouse: 2 button down, pos=(1216,541)
326.8592550000176	DATA	Mouse: 0 button down, pos=(949,448)
327.0076100000297	DATA	Mouse: 0 button down, pos=(949,448)
327.65374000003794	DATA	Keydown: ArrowRight
327.6631350000389	EXP	szo_kiir: autoDraw = false
327.6631350000389	EXP	szo_kiir: color = {"_rgb":[1,1,1]}
327.6631350000389	EXP	szo_kiir: text = "kurzivál"
328.1811400000006	EXP	szo_kiir: autoDraw = true
329.4487000000081	DATA	Keydown: ArrowLeft
329.46100000001024	EXP	szo_kiir: autoDraw = false
329.46100000001024	EXP	szo_kiir: color = {"_rgb":[1,1,1]}
329.46100000001024	EXP	szo_kiir: text = "transzplantál"
329.9790900000371	EXP	szo_kiir: autoDraw = true
331.9572000000044	DATA	Keydown: ArrowRight
331.9649850000278	EXP	szo_kiir: autoDraw = false
331.9649850000278	EXP	szo_kiir: color = {"_rgb":[1,1,1]}
331.9649850000278	EXP	szo_kiir: text = "pozákevegy"
332.476975000056	EXP	szo_kiir: autoDraw = true
333.8258650000207	DATA	Keydown: ArrowLeft
333.84016500000143	EXP	szo_kiir: autoDraw = false
333.84016500000143	EXP	szo_kiir: color = {"_rgb":[1,1,1]}
333.84016500000143	EXP	szo_kiir: text = "vároló"
334.3577500000247	EXP	szo_kiir: autoDraw = true
336.4382550000446	DATA	Keydown: ArrowLeft
336.45860000001267	EXP	szo_kiir: autoDraw = false
336.45860000001267	EXP	szo_kiir: color = {"_rgb":[1,1,1]}
336.45860000001267	EXP	szo_kiir: text = "modukció"
336.97235500003444	EXP	szo_kiir: autoDraw = true
337.69456000003265	DATA	Keydown: ArrowLeft
337.7029550000443	EXP	szo_kiir: autoDraw = false
337.7029550000443	EXP	szo_kiir: color = {"_rgb":[1,1,1]}
337.7029550000443	EXP	szo_kiir: text = "hegyipáfrány"
338.22149000002537	EXP	szo_kiir: autoDraw = true
338.3886600000551	DATA	Keydown: ArrowLeft
338.40223500004504	EXP	szo_kiir: autoDraw = false
338.40223500004504	EXP	szo_kiir: color = {"_rgb":[1,1,1]}
338.40223500004504	EXP	szo_kiir: text = "különszakasz"
338.9202950000181	EXP	szo_kiir: autoDraw = true
341.0602300000028	DATA	Keydown: ArrowRight
341.0723500000313	EXP	szo_kiir: autoDraw = false
341.0723500000313	EXP	szo_kiir: color = {"_rgb":[1,1,1]}
341.0723500000313	EXP	szo_kiir: text = "csapáz"
341.5838250000379	EXP	szo_kiir: autoDraw = true
342.88701000000583	DATA	Keydown: ArrowLeft
342.8978750000242	EXP	szo_kiir: autoDraw = false
342.8978750000242	EXP	szo_kiir: color = {"_rgb":[1,1,1]}
342.8978750000242	EXP	szo_kiir: text = "aximai"
343.41573500004597	EXP	szo_kiir: autoDraw = true
344.9800300000352	DATA	Keydown: ArrowRight
344.9959900000249	EXP	szo_kiir: autoDraw = false
344.9959900000249	EXP	szo_kiir: color = {"_rgb":[1,1,1]}
344.9959900000249	EXP	szo_kiir: text = "diszkretizál"
345.51450000004843	EXP	szo_kiir: autoDraw = true
347.30423000000883	DATA	Keydown: ArrowRight
347.31012500001816	EXP	szo_kiir: autoDraw = false
347.31012500001816	EXP	szo_kiir: color = {"_rgb":[1,1,1]}
347.31012500001816	EXP	szo_kiir: text = "díjnokoskodik"
347.82830000005197	EXP	szo_kiir: autoDraw = true
349.88953000004403	DATA	Keydown: ArrowLeft
349.8976300000213	EXP	szo_kiir: autoDraw = false
349.8976300000213	EXP	szo_kiir: color = {"_rgb":[1,1,1]}
349.8976300000213	EXP	szo_kiir: text = "kíványozhat"
350.4096350000473	EXP	szo_kiir: autoDraw = true
352.09887500002515	DATA	Keydown: ArrowLeft
352.1055500000366	EXP	szo_kiir: autoDraw = false
352.1055500000366	EXP	szo_kiir: color = {"_rgb":[1,1,1]}
352.1055500000366	EXP	szo_kiir: text = "ködik"
352.62388500000816	EXP	szo_kiir: autoDraw = true
353.3746350000147	DATA	Keydown: ArrowRight
353.3878000000259	EXP	szo_kiir: autoDraw = false
353.3878000000259	EXP	szo_kiir: color = {"_rgb":[1,1,1]}
353.3878000000259	EXP	szo_kiir: text = "díszletez"
353.90536500001326	EXP	szo_kiir: autoDraw = true
354.9560900000506	DATA	Keydown: ArrowRight
354.9750350000104	EXP	szo_kiir: autoDraw = false
354.9750350000104	EXP	koszi_szoveg: autoDraw = true
