0.04947999957948923	EXP	Created Window = Window( name=Window, fullscr=true, color=#000000, units=norm, waitBlanking=true, autoLog=true, size=[1920,969] )
1.8455149997025728	DATA	Keydown: undefined
3.0453449999913573	DATA	Keydown: undefined
4.574429999571294	DATA	Keydown: undefined
5.381174999754876	DATA	Keydown: undefined
19.412204999942333	EXP	Created instruction_text1 = TextStim( name=instruction_text1, win=Window( name=Window, fullscr=true, color=#000000, ~), autoDraw=null, autoLog=true, units=norm, ori=null, opacity=1, pos=[0,0], size=undefined, text=Ön most szavakat fog látni.

Ezek között lesznek o~, font=Arial, color=#ffffff, contrast=1, height=0.05, bold=null, italic=null, alignHoriz=left, alignVert=center, wrapWidth=1, flipHoriz=null, flipVert=null )
19.413009999785572	EXP	Created instruction_text2 = TextStim( name=instruction_text2, win=Window( name=Window, fullscr=true, color=#000000, ~), autoDraw=null, autoLog=true, units=norm, ori=null, opacity=1, pos=[0,0], size=undefined, text=Először két egyszerű példát mutatunk Önnek.

Az el~, font=Arial, color=#FFFFFF, contrast=1, height=0.05, bold=null, italic=null, alignHoriz=left, alignVert=center, wrapWidth=1, flipHoriz=null, flipVert=null )
19.41397999972105	EXP	Created show_text = TextStim( name=show_text, win=Window( name=Window, fullscr=true, color=#000000, ~), autoDraw=null, autoLog=true, units=norm, ori=null, opacity=1, pos=[0,0], size=undefined, text=asztal, font=Arial, color=#FFFFFF, contrast=1, height=0.2, bold=null, italic=null, alignHoriz=left, alignVert=center, wrapWidth=1, flipHoriz=null, flipVert=null )
19.414749999996275	EXP	Created text = TextStim( name=text, win=Window( name=Window, fullscr=true, color=#000000, ~), autoDraw=null, autoLog=true, units=norm, ori=null, opacity=1, pos=[0,0], size=undefined, text=bzsmfsztal, font=Arial, color=#FFFFFF, contrast=1, height=0.2, bold=null, italic=null, alignHoriz=left, alignVert=center, wrapWidth=1, flipHoriz=null, flipVert=null )
19.415224999655038	EXP	Created instruction_text3 = TextStim( name=instruction_text3, win=Window( name=Window, fullscr=true, color=#000000, ~), autoDraw=null, autoLog=true, units=norm, ori=null, opacity=1, pos=[0,0], size=undefined, text=Pazar. Most kezdődik az igazi kísérlet. Néhány per~, font=Arial, color=#FFFFFF, contrast=1, height=0.1, bold=null, italic=null, alignHoriz=left, alignVert=center, wrapWidth=1, flipHoriz=null, flipVert=null )
19.416184999980032	EXP	Created szo_kiir = TextStim( name=szo_kiir, win=Window( name=Window, fullscr=true, color=#000000, ~), autoDraw=null, autoLog=true, units=norm, ori=null, opacity=1, pos=[0,0], size=undefined, text=default text, font=Arial, color=#FFFFFF, contrast=1, height=0.2, bold=null, italic=null, alignHoriz=left, alignVert=center, wrapWidth=1, flipHoriz=null, flipVert=null )
19.417234999593347	EXP	Created koszi_szoveg = TextStim( name=koszi_szoveg, win=Window( name=Window, fullscr=true, color=#000000, ~), autoDraw=null, autoLog=true, units=norm, ori=null, opacity=1, pos=[0,0], size=undefined, text=Vége a kísérletnek. Köszönjük a részvételt!, font=arial, color=#ffffff, contrast=1, height=0.1, bold=null, italic=null, alignHoriz=left, alignVert=center, wrapWidth=1, flipHoriz=null, flipVert=null )
19.452289999928325	EXP	instruction_text1: units = "norm"
19.452289999928325	EXP	instruction_text1: ori = 0
19.452289999928325	EXP	instruction_text1: opacity = 1
19.452289999928325	EXP	instruction_text1: pos = [0,0]
19.452289999928325	EXP	instruction_text1: size = undefined
19.452289999928325	EXP	instruction_text1: text = "Ön most szavakat fog látni.\n\nEzek között lesznek olyanok, amelyeket ismer, de előfordulhatnak olyanok is, amelyeket nem ismer, sőt, vannak köztük kitalált szavak is. \n\nKérjük, ha ismeri a képernyőn látható szót, nyomja meg a JOBB kurzorbillentyűt.\nKérjük, ha NEM ismeri a képernyőn látható szót, vagy azt gondolja, nincs ilyen szó a magyarban, nyomja meg a BAL kurzorbillentyűt.\n\nAz 'Ismerem a szót' döntés itt most ezt jelenti: találkoztam már vele, és van valami elképzelésem a jelentéséről is.  \n\nNyomjon meg bármilyen billentyűt a folytatáshoz."
19.452289999928325	EXP	instruction_text1: font = "Arial"
19.452289999928325	EXP	instruction_text1: color = {"_rgb":[1,1,1]}
19.452289999928325	EXP	instruction_text1: contrast = 1
19.452289999928325	EXP	instruction_text1: height = 0.05
19.452289999928325	EXP	instruction_text1: bold = false
19.452289999928325	EXP	instruction_text1: italic = false
19.452289999928325	EXP	instruction_text1: alignHoriz = "left"
19.452289999928325	EXP	instruction_text1: alignVert = "center"
19.452289999928325	EXP	instruction_text1: wrapWidth = 1
19.452289999928325	EXP	instruction_text1: flipHoriz = false
19.452289999928325	EXP	instruction_text1: flipVert = false
19.452289999928325	EXP	instruction_text2: units = "norm"
19.452289999928325	EXP	instruction_text2: ori = 0
19.452289999928325	EXP	instruction_text2: opacity = 1
19.452289999928325	EXP	instruction_text2: pos = [0,0]
19.452289999928325	EXP	instruction_text2: size = undefined
19.452289999928325	EXP	instruction_text2: text = "Először két egyszerű példát mutatunk Önnek.\n\nAz első szó létezik a magyarban, és valószínűleg Ön is ismeri. Itt nyomja majd meg a jobb kurzorbillentyűt.\nA második szó nem létezik a magyar nyelvben. Itt nyomja majd meg a bal kurzorbillentyűt.\n\nFontos, hogy a jobb gombot a jobb kezével, a bal gombot a bal kezével nyomja, ha tudja, és ne egy kezét használja a kísérletben.\n\nNyomjon meg bármilyen gombot a folytatáshoz."
19.452289999928325	EXP	instruction_text2: font = "Arial"
19.452289999928325	EXP	instruction_text2: color = {"_hex":"#FFFFFF","_rgb":[1,1,1]}
19.452289999928325	EXP	instruction_text2: contrast = 1
19.452289999928325	EXP	instruction_text2: height = 0.05
19.452289999928325	EXP	instruction_text2: bold = false
19.452289999928325	EXP	instruction_text2: italic = false
19.452289999928325	EXP	instruction_text2: alignHoriz = "left"
19.452289999928325	EXP	instruction_text2: alignVert = "center"
19.452289999928325	EXP	instruction_text2: wrapWidth = 1
19.452289999928325	EXP	instruction_text2: flipHoriz = false
19.452289999928325	EXP	instruction_text2: flipVert = false
19.452289999928325	EXP	show_text: units = "norm"
19.452289999928325	EXP	show_text: ori = 0
19.452289999928325	EXP	show_text: opacity = 1
19.452289999928325	EXP	show_text: pos = [0,0]
19.452289999928325	EXP	show_text: size = undefined
19.452289999928325	EXP	show_text: text = "asztal"
19.452289999928325	EXP	show_text: font = "Arial"
19.452289999928325	EXP	show_text: color = {"_hex":"#FFFFFF","_rgb":[1,1,1]}
19.452289999928325	EXP	show_text: contrast = 1
19.452289999928325	EXP	show_text: height = 0.2
19.452289999928325	EXP	show_text: bold = false
19.452289999928325	EXP	show_text: italic = false
19.452289999928325	EXP	show_text: alignHoriz = "left"
19.452289999928325	EXP	show_text: alignVert = "center"
19.452289999928325	EXP	show_text: wrapWidth = 1
19.452289999928325	EXP	show_text: flipHoriz = false
19.452289999928325	EXP	show_text: flipVert = false
19.452289999928325	EXP	text: units = "norm"
19.452289999928325	EXP	text: ori = 0
19.452289999928325	EXP	text: opacity = 1
19.452289999928325	EXP	text: pos = [0,0]
19.452289999928325	EXP	text: size = undefined
19.452289999928325	EXP	text: text = "bzsmfsztal"
19.452289999928325	EXP	text: font = "Arial"
19.452289999928325	EXP	text: color = {"_hex":"#FFFFFF","_rgb":[1,1,1]}
19.452289999928325	EXP	text: contrast = 1
19.452289999928325	EXP	text: height = 0.2
19.452289999928325	EXP	text: bold = false
19.452289999928325	EXP	text: italic = false
19.452289999928325	EXP	text: alignHoriz = "left"
19.452289999928325	EXP	text: alignVert = "center"
19.452289999928325	EXP	text: wrapWidth = 1
19.452289999928325	EXP	text: flipHoriz = false
19.452289999928325	EXP	text: flipVert = false
19.452289999928325	EXP	instruction_text3: units = "norm"
19.452289999928325	EXP	instruction_text3: ori = 0
19.452289999928325	EXP	instruction_text3: opacity = 1
19.452289999928325	EXP	instruction_text3: pos = [0,0]
19.452289999928325	EXP	instruction_text3: size = undefined
19.452289999928325	EXP	instruction_text3: text = "Pazar. Most kezdődik az igazi kísérlet. Néhány percig fog tartani. Nem kell nagyon sietnie, de igyekezzen gyorsan válaszolni.\n\nNe feledje, ha tudja, a jobb gombot a jobbkezével, a bal gombot a balkezével nyomja le.\n\nNyomjon meg bármilyen gombot a folytatáshoz."
19.452289999928325	EXP	instruction_text3: font = "Arial"
19.452289999928325	EXP	instruction_text3: color = {"_hex":"#FFFFFF","_rgb":[1,1,1]}
19.452289999928325	EXP	instruction_text3: contrast = 1
19.452289999928325	EXP	instruction_text3: height = 0.1
19.452289999928325	EXP	instruction_text3: bold = false
19.452289999928325	EXP	instruction_text3: italic = false
19.452289999928325	EXP	instruction_text3: alignHoriz = "left"
19.452289999928325	EXP	instruction_text3: alignVert = "center"
19.452289999928325	EXP	instruction_text3: wrapWidth = 1
19.452289999928325	EXP	instruction_text3: flipHoriz = false
19.452289999928325	EXP	instruction_text3: flipVert = false
19.452289999928325	EXP	szo_kiir: units = "norm"
19.452289999928325	EXP	szo_kiir: ori = 0
19.452289999928325	EXP	szo_kiir: opacity = 1
19.452289999928325	EXP	szo_kiir: pos = [0,0]
19.452289999928325	EXP	szo_kiir: size = undefined
19.452289999928325	EXP	szo_kiir: text = "default text"
19.452289999928325	EXP	szo_kiir: font = "Arial"
19.452289999928325	EXP	szo_kiir: color = {"_hex":"#FFFFFF","_rgb":[1,1,1]}
19.452289999928325	EXP	szo_kiir: contrast = 1
19.452289999928325	EXP	szo_kiir: height = 0.2
19.452289999928325	EXP	szo_kiir: bold = false
19.452289999928325	EXP	szo_kiir: italic = false
19.452289999928325	EXP	szo_kiir: alignHoriz = "left"
19.452289999928325	EXP	szo_kiir: alignVert = "center"
19.452289999928325	EXP	szo_kiir: wrapWidth = 1
19.452289999928325	EXP	szo_kiir: flipHoriz = false
19.452289999928325	EXP	szo_kiir: flipVert = false
19.452289999928325	EXP	koszi_szoveg: units = "norm"
19.452289999928325	EXP	koszi_szoveg: ori = 0
19.452289999928325	EXP	koszi_szoveg: opacity = 1
19.452289999928325	EXP	koszi_szoveg: pos = [0,0]
19.452289999928325	EXP	koszi_szoveg: size = undefined
19.452289999928325	EXP	koszi_szoveg: text = "Vége a kísérletnek. Köszönjük a részvételt!"
19.452289999928325	EXP	koszi_szoveg: font = "arial"
19.452289999928325	EXP	koszi_szoveg: color = {"_rgb":[1,1,1]}
19.452289999928325	EXP	koszi_szoveg: contrast = 1
19.452289999928325	EXP	koszi_szoveg: height = 0.1
19.452289999928325	EXP	koszi_szoveg: bold = false
19.452289999928325	EXP	koszi_szoveg: italic = false
19.452289999928325	EXP	koszi_szoveg: alignHoriz = "left"
19.452289999928325	EXP	koszi_szoveg: alignVert = "center"
19.452289999928325	EXP	koszi_szoveg: wrapWidth = 1
19.452289999928325	EXP	koszi_szoveg: flipHoriz = false
19.452289999928325	EXP	koszi_szoveg: flipVert = false
19.452289999928325	EXP	instruction_text1: autoDraw = true
24.51395499985665	DATA	Keydown: ArrowLeft
24.5370949995704	EXP	instruction_text1: autoDraw = false
24.5370949995704	EXP	instruction_text2: autoDraw = true
25.423409999813884	DATA	Keydown: ArrowLeft
25.43078999966383	EXP	instruction_text2: autoDraw = false
25.95585499983281	EXP	show_text: autoDraw = true
26.298099999781698	DATA	Keydown: ArrowLeft
26.313954999670386	EXP	show_text: autoDraw = false
26.43736999994144	DATA	Keydown: ArrowLeft
26.83593499986455	EXP	text: autoDraw = true
27.082364999689162	DATA	Keydown: ArrowRight
27.107079999987036	EXP	text: autoDraw = false
27.107079999987036	EXP	instruction_text3: autoDraw = true
27.66670999955386	DATA	Keydown: ArrowLeft
27.732799999881536	EXP	instruction_text3: autoDraw = false
27.732799999881536	EXP	szo_kiir: color = {"_rgb":[1,1,1]}
27.732799999881536	EXP	szo_kiir: text = "angol"
27.85359499976039	DATA	Keydown: ArrowLeft
28.189609999768436	DATA	Keydown: ArrowLeft
28.25173999974504	EXP	szo_kiir: autoDraw = true
28.350244999863207	DATA	Keydown: ArrowLeft
28.365994999650866	EXP	szo_kiir: autoDraw = false
28.365994999650866	EXP	szo_kiir: color = {"_rgb":[1,1,1]}
28.365994999650866	EXP	szo_kiir: text = "nehéz"
28.49411499965936	DATA	Keydown: ArrowLeft
28.669709999579936	DATA	Keydown: ArrowLeft
28.789519999641925	DATA	Keydown: ArrowLeft
28.88516499986872	EXP	szo_kiir: autoDraw = true
28.98960999958217	DATA	Keydown: ArrowLeft
28.999224999919534	EXP	szo_kiir: autoDraw = false
28.999224999919534	EXP	szo_kiir: color = {"_rgb":[1,1,1]}
28.999224999919534	EXP	szo_kiir: text = "címelés"
29.253564999904484	DATA	Keydown: ArrowLeft
29.519804999697953	EXP	szo_kiir: autoDraw = true
29.925634999759495	DATA	Keydown: ArrowLeft
29.933194999583066	EXP	szo_kiir: autoDraw = false
29.933194999583066	EXP	szo_kiir: color = {"_rgb":[1,1,1]}
29.933194999583066	EXP	szo_kiir: text = "tartozik"
30.449094999581575	EXP	szo_kiir: autoDraw = true
31.00582499988377	DATA	Keydown: ArrowLeft
31.0440399996005	EXP	szo_kiir: autoDraw = false
31.0440399996005	EXP	szo_kiir: color = {"_rgb":[1,1,1]}
31.0440399996005	EXP	szo_kiir: text = "jog"
31.554490000009537	EXP	szo_kiir: autoDraw = true
32.005514999851584	DATA	Keydown: ArrowLeft
32.01928499992937	EXP	szo_kiir: autoDraw = false
32.01928499992937	EXP	szo_kiir: color = {"_rgb":[1,1,1]}
32.01928499992937	EXP	szo_kiir: text = "számít"
32.53850999986753	EXP	szo_kiir: autoDraw = true
33.10468999994919	DATA	Keydown: ArrowLeft
33.12025499995798	EXP	szo_kiir: autoDraw = false
33.12025499995798	EXP	szo_kiir: color = {"_rgb":[1,1,1]}
33.12025499995798	EXP	szo_kiir: text = "jákfű"
33.64132499974221	EXP	szo_kiir: autoDraw = true
33.9974599997513	DATA	Keydown: ArrowLeft
34.004604999907315	EXP	szo_kiir: autoDraw = false
34.004604999907315	EXP	szo_kiir: color = {"_rgb":[1,1,1]}
34.004604999907315	EXP	szo_kiir: text = "gyerek"
34.524994999635965	EXP	szo_kiir: autoDraw = true
35.141779999714345	DATA	Keydown: ArrowLeft
35.161534999962896	EXP	szo_kiir: autoDraw = false
35.161534999962896	EXP	koszi_szoveg: autoDraw = true
