0.12206000000151107	EXP	Created Window = Window( name=Window, fullscr=true, color=#000000, units=norm, waitBlanking=true, autoLog=true, size=[1600,789] )
1.7364700000034645	DATA	Keydown: 1
1.9267699999982142	DATA	Keydown: 3
2.1617800000021816	DATA	Keydown: 4
2.327320000003965	DATA	Keydown: 5
4.925569999999425	DATA	Keydown: n
5.015144999997574	DATA	Keydown: ő
7.092219999998633	DATA	Keydown: 1
7.350319999997737	DATA	Keydown: 9
7.492209999996703	DATA	Keydown: 9
7.687490000003891	DATA	Keydown: 7
8.04125500000373	DATA	Keydown: .
8.472459999997227	DATA	Keydown: 0
8.639280000003055	DATA	Keydown: 3
8.885560000002442	DATA	Keydown: 2
9.22702500000014	DATA	Keydown: 7
10.407270000003336	DATA	Keydown: ArrowLeft
10.527540000002773	DATA	Keydown: ArrowLeft
10.984154999998282	DATA	Keydown: .
15.464885000001232	DATA	Keydown: 1
16.44021999999677	DATA	Keydown: 4
18.858164999997825	EXP	Created instruction_text1 = TextStim( name=instruction_text1, win=Window( name=Window, fullscr=true, color=#000000, ~), autoDraw=null, autoLog=true, units=norm, ori=null, opacity=1, pos=[0,0], size=undefined, text=Ön most szavakat fog látni.

Ezek között lesznek o~, font=Arial, color=#ffffff, contrast=1, height=0.05, bold=null, italic=null, alignHoriz=left, alignVert=center, wrapWidth=1, flipHoriz=null, flipVert=null )
18.859940000002098	EXP	Created instruction_text2 = TextStim( name=instruction_text2, win=Window( name=Window, fullscr=true, color=#000000, ~), autoDraw=null, autoLog=true, units=norm, ori=null, opacity=1, pos=[0,0], size=undefined, text=Először két egyszerű példát mutatunk Önnek.

Az el~, font=Arial, color=#FFFFFF, contrast=1, height=0.05, bold=null, italic=null, alignHoriz=left, alignVert=center, wrapWidth=1, flipHoriz=null, flipVert=null )
18.86110500000359	EXP	Created show_text = TextStim( name=show_text, win=Window( name=Window, fullscr=true, color=#000000, ~), autoDraw=null, autoLog=true, units=norm, ori=null, opacity=1, pos=[0,0], size=undefined, text=asztal, font=Arial, color=#FFFFFF, contrast=1, height=0.2, bold=null, italic=null, alignHoriz=left, alignVert=center, wrapWidth=1, flipHoriz=null, flipVert=null )
18.862699999997858	EXP	Created text = TextStim( name=text, win=Window( name=Window, fullscr=true, color=#000000, ~), autoDraw=null, autoLog=true, units=norm, ori=null, opacity=1, pos=[0,0], size=undefined, text=bzsmfsztal, font=Arial, color=#FFFFFF, contrast=1, height=0.2, bold=null, italic=null, alignHoriz=left, alignVert=center, wrapWidth=1, flipHoriz=null, flipVert=null )
18.864300000001094	EXP	Created instruction_text3 = TextStim( name=instruction_text3, win=Window( name=Window, fullscr=true, color=#000000, ~), autoDraw=null, autoLog=true, units=norm, ori=null, opacity=1, pos=[0,0], size=undefined, text=Pazar. Most kezdődik az igazi kísérlet. Néhány per~, font=Arial, color=#FFFFFF, contrast=1, height=0.1, bold=null, italic=null, alignHoriz=left, alignVert=center, wrapWidth=1, flipHoriz=null, flipVert=null )
18.866079999999783	EXP	Created szo_kiir = TextStim( name=szo_kiir, win=Window( name=Window, fullscr=true, color=#000000, ~), autoDraw=null, autoLog=true, units=norm, ori=null, opacity=1, pos=[0,0], size=undefined, text=default text, font=Arial, color=#FFFFFF, contrast=1, height=0.2, bold=null, italic=null, alignHoriz=left, alignVert=center, wrapWidth=1, flipHoriz=null, flipVert=null )
18.869205000002694	EXP	Created koszi_szoveg = TextStim( name=koszi_szoveg, win=Window( name=Window, fullscr=true, color=#000000, ~), autoDraw=null, autoLog=true, units=norm, ori=null, opacity=1, pos=[0,0], size=undefined, text=Vége a kísérletnek. Köszönjük a részvételt!, font=arial, color=#ffffff, contrast=1, height=0.1, bold=null, italic=null, alignHoriz=left, alignVert=center, wrapWidth=1, flipHoriz=null, flipVert=null )
18.99364500000229	EXP	instruction_text1: units = "norm"
18.99364500000229	EXP	instruction_text1: ori = 0
18.99364500000229	EXP	instruction_text1: opacity = 1
18.99364500000229	EXP	instruction_text1: pos = [0,0]
18.99364500000229	EXP	instruction_text1: size = undefined
18.99364500000229	EXP	instruction_text1: text = "Ön most szavakat fog látni.\n\nEzek között lesznek olyanok, amelyeket ismer, de előfordulhatnak olyanok is, amelyeket nem ismer, sőt, vannak köztük kitalált szavak is. \n\nKérjük, ha ismeri a képernyőn látható szót, nyomja meg a JOBB kurzorbillentyűt.\nKérjük, ha NEM ismeri a képernyőn látható szót, vagy azt gondolja, nincs ilyen szó a magyarban, nyomja meg a BAL kurzorbillentyűt.\n\nAz 'Ismerem a szót' döntés itt most ezt jelenti: találkoztam már vele, és van valami elképzelésem a jelentéséről is.  \n\nNyomjon meg bármilyen billentyűt a folytatáshoz."
18.99364500000229	EXP	instruction_text1: font = "Arial"
18.99364500000229	EXP	instruction_text1: color = {"_rgb":[1,1,1]}
18.99364500000229	EXP	instruction_text1: contrast = 1
18.99364500000229	EXP	instruction_text1: height = 0.05
18.99364500000229	EXP	instruction_text1: bold = false
18.99364500000229	EXP	instruction_text1: italic = false
18.99364500000229	EXP	instruction_text1: alignHoriz = "left"
18.99364500000229	EXP	instruction_text1: alignVert = "center"
18.99364500000229	EXP	instruction_text1: wrapWidth = 1
18.99364500000229	EXP	instruction_text1: flipHoriz = false
18.99364500000229	EXP	instruction_text1: flipVert = false
18.99364500000229	EXP	instruction_text2: units = "norm"
18.99364500000229	EXP	instruction_text2: ori = 0
18.99364500000229	EXP	instruction_text2: opacity = 1
18.99364500000229	EXP	instruction_text2: pos = [0,0]
18.99364500000229	EXP	instruction_text2: size = undefined
18.99364500000229	EXP	instruction_text2: text = "Először két egyszerű példát mutatunk Önnek.\n\nAz első szó létezik a magyarban, és valószínűleg Ön is ismeri. Itt nyomja majd meg a jobb kurzorbillentyűt.\nA második szó nem létezik a magyar nyelvben. Itt nyomja majd meg a bal kurzorbillentyűt.\n\nFontos, hogy a jobb gombot a jobb kezével, a bal gombot a bal kezével nyomja, ha tudja, és ne egy kezét használja a kísérletben.\n\nNyomjon meg bármilyen gombot a folytatáshoz."
18.99364500000229	EXP	instruction_text2: font = "Arial"
18.99364500000229	EXP	instruction_text2: color = {"_hex":"#FFFFFF","_rgb":[1,1,1]}
18.99364500000229	EXP	instruction_text2: contrast = 1
18.99364500000229	EXP	instruction_text2: height = 0.05
18.99364500000229	EXP	instruction_text2: bold = false
18.99364500000229	EXP	instruction_text2: italic = false
18.99364500000229	EXP	instruction_text2: alignHoriz = "left"
18.99364500000229	EXP	instruction_text2: alignVert = "center"
18.99364500000229	EXP	instruction_text2: wrapWidth = 1
18.99364500000229	EXP	instruction_text2: flipHoriz = false
18.99364500000229	EXP	instruction_text2: flipVert = false
18.99364500000229	EXP	show_text: units = "norm"
18.99364500000229	EXP	show_text: ori = 0
18.99364500000229	EXP	show_text: opacity = 1
18.99364500000229	EXP	show_text: pos = [0,0]
18.99364500000229	EXP	show_text: size = undefined
18.99364500000229	EXP	show_text: text = "asztal"
18.99364500000229	EXP	show_text: font = "Arial"
18.99364500000229	EXP	show_text: color = {"_hex":"#FFFFFF","_rgb":[1,1,1]}
18.99364500000229	EXP	show_text: contrast = 1
18.99364500000229	EXP	show_text: height = 0.2
18.99364500000229	EXP	show_text: bold = false
18.99364500000229	EXP	show_text: italic = false
18.99364500000229	EXP	show_text: alignHoriz = "left"
18.99364500000229	EXP	show_text: alignVert = "center"
18.99364500000229	EXP	show_text: wrapWidth = 1
18.99364500000229	EXP	show_text: flipHoriz = false
18.99364500000229	EXP	show_text: flipVert = false
18.99364500000229	EXP	text: units = "norm"
18.99364500000229	EXP	text: ori = 0
18.99364500000229	EXP	text: opacity = 1
18.99364500000229	EXP	text: pos = [0,0]
18.99364500000229	EXP	text: size = undefined
18.99364500000229	EXP	text: text = "bzsmfsztal"
18.99364500000229	EXP	text: font = "Arial"
18.99364500000229	EXP	text: color = {"_hex":"#FFFFFF","_rgb":[1,1,1]}
18.99364500000229	EXP	text: contrast = 1
18.99364500000229	EXP	text: height = 0.2
18.99364500000229	EXP	text: bold = false
18.99364500000229	EXP	text: italic = false
18.99364500000229	EXP	text: alignHoriz = "left"
18.99364500000229	EXP	text: alignVert = "center"
18.99364500000229	EXP	text: wrapWidth = 1
18.99364500000229	EXP	text: flipHoriz = false
18.99364500000229	EXP	text: flipVert = false
18.99364500000229	EXP	instruction_text3: units = "norm"
18.99364500000229	EXP	instruction_text3: ori = 0
18.99364500000229	EXP	instruction_text3: opacity = 1
18.99364500000229	EXP	instruction_text3: pos = [0,0]
18.99364500000229	EXP	instruction_text3: size = undefined
18.99364500000229	EXP	instruction_text3: text = "Pazar. Most kezdődik az igazi kísérlet. Néhány percig fog tartani. Nem kell nagyon sietnie, de igyekezzen gyorsan válaszolni.\n\nNe feledje, ha tudja, a jobb gombot a jobbkezével, a bal gombot a balkezével nyomja le.\n\nNyomjon meg bármilyen gombot a folytatáshoz."
18.99364500000229	EXP	instruction_text3: font = "Arial"
18.99364500000229	EXP	instruction_text3: color = {"_hex":"#FFFFFF","_rgb":[1,1,1]}
18.99364500000229	EXP	instruction_text3: contrast = 1
18.99364500000229	EXP	instruction_text3: height = 0.1
18.99364500000229	EXP	instruction_text3: bold = false
18.99364500000229	EXP	instruction_text3: italic = false
18.99364500000229	EXP	instruction_text3: alignHoriz = "left"
18.99364500000229	EXP	instruction_text3: alignVert = "center"
18.99364500000229	EXP	instruction_text3: wrapWidth = 1
18.99364500000229	EXP	instruction_text3: flipHoriz = false
18.99364500000229	EXP	instruction_text3: flipVert = false
18.99364500000229	EXP	szo_kiir: units = "norm"
18.99364500000229	EXP	szo_kiir: ori = 0
18.99364500000229	EXP	szo_kiir: opacity = 1
18.99364500000229	EXP	szo_kiir: pos = [0,0]
18.99364500000229	EXP	szo_kiir: size = undefined
18.99364500000229	EXP	szo_kiir: text = "default text"
18.99364500000229	EXP	szo_kiir: font = "Arial"
18.99364500000229	EXP	szo_kiir: color = {"_hex":"#FFFFFF","_rgb":[1,1,1]}
18.99364500000229	EXP	szo_kiir: contrast = 1
18.99364500000229	EXP	szo_kiir: height = 0.2
18.99364500000229	EXP	szo_kiir: bold = false
18.99364500000229	EXP	szo_kiir: italic = false
18.99364500000229	EXP	szo_kiir: alignHoriz = "left"
18.99364500000229	EXP	szo_kiir: alignVert = "center"
18.99364500000229	EXP	szo_kiir: wrapWidth = 1
18.99364500000229	EXP	szo_kiir: flipHoriz = false
18.99364500000229	EXP	szo_kiir: flipVert = false
18.99364500000229	EXP	koszi_szoveg: units = "norm"
18.99364500000229	EXP	koszi_szoveg: ori = 0
18.99364500000229	EXP	koszi_szoveg: opacity = 1
18.99364500000229	EXP	koszi_szoveg: pos = [0,0]
18.99364500000229	EXP	koszi_szoveg: size = undefined
18.99364500000229	EXP	koszi_szoveg: text = "Vége a kísérletnek. Köszönjük a részvételt!"
18.99364500000229	EXP	koszi_szoveg: font = "arial"
18.99364500000229	EXP	koszi_szoveg: color = {"_rgb":[1,1,1]}
18.99364500000229	EXP	koszi_szoveg: contrast = 1
18.99364500000229	EXP	koszi_szoveg: height = 0.1
18.99364500000229	EXP	koszi_szoveg: bold = false
18.99364500000229	EXP	koszi_szoveg: italic = false
18.99364500000229	EXP	koszi_szoveg: alignHoriz = "left"
18.99364500000229	EXP	koszi_szoveg: alignVert = "center"
18.99364500000229	EXP	koszi_szoveg: wrapWidth = 1
18.99364500000229	EXP	koszi_szoveg: flipHoriz = false
18.99364500000229	EXP	koszi_szoveg: flipVert = false
18.99364500000229	EXP	instruction_text1: autoDraw = true
49.5411099999983	DATA	Mouse: 2 button down, pos=(1253,299)
49.66471499999898	DATA	Mouse: 2 button down, pos=(1253,299)
50.769500000002154	DATA	Mouse: 0 button down, pos=(1227,300)
50.93650499999785	DATA	Mouse: 0 button down, pos=(1227,300)
52.465980000000854	DATA	Keydown: ArrowRight
52.49593499999901	EXP	instruction_text1: autoDraw = false
52.49593499999901	EXP	instruction_text2: autoDraw = true
72.94525499999872	DATA	Keydown: ArrowRight
72.951685	EXP	instruction_text2: autoDraw = false
73.46089000000211	EXP	show_text: autoDraw = true
74.47862000000168	DATA	Keydown: ArrowRight
74.48632499999803	EXP	show_text: autoDraw = false
74.9898899999971	EXP	text: autoDraw = true
76.08886999999959	DATA	Keydown: ArrowLeft
76.14717499999824	EXP	text: autoDraw = false
76.14717499999824	EXP	instruction_text3: autoDraw = true
89.56646999999793	DATA	Keydown: ArrowRight
89.6246850000025	EXP	instruction_text3: autoDraw = false
89.6246850000025	EXP	szo_kiir: color = {"_rgb":[1,1,1]}
89.6246850000025	EXP	szo_kiir: text = "szeptember"
90.14340999999695	EXP	szo_kiir: autoDraw = true
91.3356300000014	DATA	Keydown: ArrowRight
91.34272000000055	EXP	szo_kiir: autoDraw = false
91.34272000000055	EXP	szo_kiir: color = {"_rgb":[1,1,1]}
91.34272000000055	EXP	szo_kiir: text = "likálható"
91.86237000000256	EXP	szo_kiir: autoDraw = true
93.76711500000238	DATA	Keydown: ArrowLeft
93.79531999999745	EXP	szo_kiir: autoDraw = false
93.79531999999745	EXP	szo_kiir: color = {"_rgb":[1,1,1]}
93.79531999999745	EXP	szo_kiir: text = "priváló"
94.29778500000248	EXP	szo_kiir: autoDraw = true
95.84134500000073	DATA	Keydown: ArrowLeft
95.84814999999799	EXP	szo_kiir: autoDraw = false
95.84814999999799	EXP	szo_kiir: color = {"_rgb":[1,1,1]}
95.84814999999799	EXP	szo_kiir: text = "cikk"
96.3668850000031	EXP	szo_kiir: autoDraw = true
96.9412949999969	DATA	Keydown: ArrowRight
96.9589399999968	EXP	szo_kiir: autoDraw = false
96.9589399999968	EXP	szo_kiir: color = {"_rgb":[1,1,1]}
96.9589399999968	EXP	szo_kiir: text = "eszköz"
97.46786499999871	EXP	szo_kiir: autoDraw = true
98.11770999999862	DATA	Keydown: ArrowRight
98.13429000000178	EXP	szo_kiir: autoDraw = false
98.13429000000178	EXP	szo_kiir: color = {"_rgb":[1,1,1]}
98.13429000000178	EXP	szo_kiir: text = "százalék"
98.63705499999924	EXP	szo_kiir: autoDraw = true
99.60347500000353	DATA	Keydown: ArrowRight
99.63784499999747	EXP	szo_kiir: autoDraw = false
99.63784499999747	EXP	szo_kiir: color = {"_rgb":[1,1,1]}
99.63784499999747	EXP	szo_kiir: text = "üvesi"
100.15498500000103	EXP	szo_kiir: autoDraw = true
101.34087500000169	DATA	Keydown: ArrowLeft
101.35523500000272	EXP	szo_kiir: autoDraw = false
101.35523500000272	EXP	szo_kiir: color = {"_rgb":[1,1,1]}
101.35523500000272	EXP	szo_kiir: text = "évfolyam"
101.85829000000376	EXP	szo_kiir: autoDraw = true
102.93822999999975	DATA	Keydown: ArrowRight
102.9467250000016	EXP	szo_kiir: autoDraw = false
102.9467250000016	EXP	szo_kiir: color = {"_rgb":[1,1,1]}
102.9467250000016	EXP	szo_kiir: text = "szegény"
103.46022999999695	EXP	szo_kiir: autoDraw = true
104.36159000000043	DATA	Keydown: ArrowRight
104.37596499999927	EXP	szo_kiir: autoDraw = false
104.37596499999927	EXP	szo_kiir: color = {"_rgb":[1,1,1]}
104.37596499999927	EXP	szo_kiir: text = "szexuális"
104.89505500000087	EXP	szo_kiir: autoDraw = true
105.81139499999699	DATA	Keydown: ArrowRight
105.8344849999994	EXP	szo_kiir: autoDraw = false
105.8344849999994	EXP	szo_kiir: color = {"_rgb":[1,1,1]}
105.8344849999994	EXP	szo_kiir: text = "terjed"
106.3471950000021	EXP	szo_kiir: autoDraw = true
107.25295500000357	DATA	Keydown: ArrowRight
107.26292999999714	EXP	szo_kiir: autoDraw = false
107.26292999999714	EXP	szo_kiir: color = {"_rgb":[1,1,1]}
107.26292999999714	EXP	szo_kiir: text = "célszerű"
107.78192000000126	EXP	szo_kiir: autoDraw = true
108.67522499999905	DATA	Keydown: ArrowRight
108.68811000000278	EXP	szo_kiir: autoDraw = false
108.68811000000278	EXP	szo_kiir: color = {"_rgb":[1,1,1]}
108.68811000000278	EXP	szo_kiir: text = "híd"
109.2005250000002	EXP	szo_kiir: autoDraw = true
109.83668500000203	DATA	Keydown: ArrowRight
109.84893000000011	EXP	szo_kiir: autoDraw = false
109.84893000000011	EXP	szo_kiir: color = {"_rgb":[1,1,1]}
109.84893000000011	EXP	szo_kiir: text = "tanács"
110.35144500000024	EXP	szo_kiir: autoDraw = true
110.99879499999952	DATA	Keydown: ArrowRight
111.01238000000012	EXP	szo_kiir: autoDraw = false
111.01238000000012	EXP	szo_kiir: color = {"_rgb":[1,1,1]}
111.01238000000012	EXP	szo_kiir: text = "küld"
111.5196799999976	EXP	szo_kiir: autoDraw = true
112.50929000000178	DATA	Keydown: ArrowRight
112.52027500000258	EXP	szo_kiir: autoDraw = false
112.52027500000258	EXP	szo_kiir: color = {"_rgb":[1,1,1]}
112.52027500000258	EXP	szo_kiir: text = "tartos"
113.03856999999698	EXP	szo_kiir: autoDraw = true
114.19789499999752	DATA	Keydown: ArrowLeft
114.21183500000188	EXP	szo_kiir: autoDraw = false
114.21183500000188	EXP	szo_kiir: color = {"_rgb":[1,1,1]}
114.21183500000188	EXP	szo_kiir: text = "nek"
114.72417000000132	EXP	szo_kiir: autoDraw = true
116.54419500000222	DATA	Keydown: ArrowLeft
116.5581949999978	EXP	szo_kiir: autoDraw = false
116.5581949999978	EXP	szo_kiir: color = {"_rgb":[1,1,1]}
116.5581949999978	EXP	szo_kiir: text = "barát"
117.06071499999962	EXP	szo_kiir: autoDraw = true
117.67253499999788	DATA	Keydown: ArrowRight
117.67613500000152	EXP	szo_kiir: autoDraw = false
117.67613500000152	EXP	szo_kiir: color = {"_rgb":[1,1,1]}
117.67613500000152	EXP	szo_kiir: text = "radikális"
118.17877500000031	EXP	szo_kiir: autoDraw = true
119.13110500000039	DATA	Keydown: ArrowRight
119.15402000000176	EXP	szo_kiir: autoDraw = false
119.15402000000176	EXP	szo_kiir: color = {"_rgb":[1,1,1]}
119.15402000000176	EXP	szo_kiir: text = "harmonikus"
119.66399500000261	EXP	szo_kiir: autoDraw = true
120.64757500000269	DATA	Keydown: ArrowRight
120.66416500000196	EXP	szo_kiir: autoDraw = false
120.66416500000196	EXP	szo_kiir: color = {"_rgb":[1,1,1]}
120.66416500000196	EXP	szo_kiir: text = "erejű"
121.1825949999984	EXP	szo_kiir: autoDraw = true
121.93422499999724	DATA	Keydown: ArrowRight
121.95732000000135	EXP	szo_kiir: autoDraw = false
121.95732000000135	EXP	szo_kiir: color = {"_rgb":[1,1,1]}
121.95732000000135	EXP	szo_kiir: text = "kilolvai"
122.46964000000298	EXP	szo_kiir: autoDraw = true
125.12057500000083	DATA	Keydown: ArrowLeft
125.13674000000174	EXP	szo_kiir: autoDraw = false
125.13674000000174	EXP	szo_kiir: color = {"_rgb":[1,1,1]}
125.13674000000174	EXP	szo_kiir: text = "fényképezőgép"
125.65649999999732	EXP	szo_kiir: autoDraw = true
127.11836500000209	DATA	Keydown: ArrowRight
127.13008000000264	EXP	szo_kiir: autoDraw = false
127.13008000000264	EXP	szo_kiir: color = {"_rgb":[1,1,1]}
127.13008000000264	EXP	szo_kiir: text = "ponálgai"
127.64130499999737	EXP	szo_kiir: autoDraw = true
129.3822	DATA	Keydown: ArrowLeft
129.3920599999983	EXP	szo_kiir: autoDraw = false
129.3920599999983	EXP	szo_kiir: color = {"_rgb":[1,1,1]}
129.3920599999983	EXP	szo_kiir: text = "gyűjt"
129.91079999999783	EXP	szo_kiir: autoDraw = true
130.58965999999782	DATA	Keydown: ArrowRight
130.59945999999763	EXP	szo_kiir: autoDraw = false
130.59945999999763	EXP	szo_kiir: color = {"_rgb":[1,1,1]}
130.59945999999763	EXP	szo_kiir: text = "zord"
131.1122499999983	EXP	szo_kiir: autoDraw = true
131.7548800000004	DATA	Keydown: ArrowRight
131.7618250000014	EXP	szo_kiir: autoDraw = false
131.7618250000014	EXP	szo_kiir: color = {"_rgb":[1,1,1]}
131.7618250000014	EXP	szo_kiir: text = "fartózható"
132.2812649999978	EXP	szo_kiir: autoDraw = true
134.26567000000068	DATA	Keydown: ArrowLeft
134.2881600000037	EXP	szo_kiir: autoDraw = false
134.2881600000037	EXP	szo_kiir: color = {"_rgb":[1,1,1]}
134.2881600000037	EXP	szo_kiir: text = "szobrász"
134.80051500000263	EXP	szo_kiir: autoDraw = true
135.92871000000014	DATA	Keydown: ArrowRight
135.93387000000075	EXP	szo_kiir: autoDraw = false
135.93387000000075	EXP	szo_kiir: color = {"_rgb":[1,1,1]}
135.93387000000075	EXP	szo_kiir: text = "mér"
136.45265500000096	EXP	szo_kiir: autoDraw = true
136.9800899999973	DATA	Keydown: ArrowRight
136.99111999999877	EXP	szo_kiir: autoDraw = false
136.99111999999877	EXP	szo_kiir: color = {"_rgb":[1,1,1]}
136.99111999999877	EXP	szo_kiir: text = "unitáns"
137.50362499999756	EXP	szo_kiir: autoDraw = true
139.0104449999999	DATA	Keydown: ArrowLeft
139.0211350000027	EXP	szo_kiir: autoDraw = false
139.0211350000027	EXP	szo_kiir: color = {"_rgb":[1,1,1]}
139.0211350000027	EXP	szo_kiir: text = "sampon"
139.52307000000292	EXP	szo_kiir: autoDraw = true
140.7777350000033	DATA	Keydown: ArrowRight
140.80223000000115	EXP	szo_kiir: autoDraw = false
140.80223000000115	EXP	szo_kiir: color = {"_rgb":[1,1,1]}
140.80223000000115	EXP	szo_kiir: text = "extravagáns"
141.308514999997	EXP	szo_kiir: autoDraw = true
142.24286500000017	DATA	Keydown: ArrowRight
142.2589399999997	EXP	szo_kiir: autoDraw = false
142.2589399999997	EXP	szo_kiir: color = {"_rgb":[1,1,1]}
142.2589399999997	EXP	szo_kiir: text = "rajzolódik"
142.77759499999956	EXP	szo_kiir: autoDraw = true
144.10345000000234	DATA	Keydown: ArrowRight
144.1189200000008	EXP	szo_kiir: autoDraw = false
144.1189200000008	EXP	szo_kiir: color = {"_rgb":[1,1,1]}
144.1189200000008	EXP	szo_kiir: text = "kiletette"
144.63010000000213	EXP	szo_kiir: autoDraw = true
146.85833499999717	DATA	Keydown: ArrowLeft
146.86505000000034	EXP	szo_kiir: autoDraw = false
146.86505000000034	EXP	szo_kiir: color = {"_rgb":[1,1,1]}
146.86505000000034	EXP	szo_kiir: text = "engelétei"
147.38354999999865	EXP	szo_kiir: autoDraw = true
149.9560649999985	DATA	Keydown: ArrowLeft
149.98365999999805	EXP	szo_kiir: autoDraw = false
149.98365999999805	EXP	szo_kiir: color = {"_rgb":[1,1,1]}
149.98365999999805	EXP	szo_kiir: text = "szivalka"
150.48735499999748	EXP	szo_kiir: autoDraw = true
152.27446500000224	DATA	Keydown: ArrowLeft
152.28798500000266	EXP	szo_kiir: autoDraw = false
152.28798500000266	EXP	szo_kiir: color = {"_rgb":[1,1,1]}
152.28798500000266	EXP	szo_kiir: text = "vízimény"
152.78998500000307	EXP	szo_kiir: autoDraw = true
154.61310999999841	DATA	Keydown: ArrowRight
154.62481500000285	EXP	szo_kiir: autoDraw = false
154.62481500000285	EXP	szo_kiir: color = {"_rgb":[1,1,1]}
154.62481500000285	EXP	szo_kiir: text = "taszt"
155.12678500000038	EXP	szo_kiir: autoDraw = true
157.14807999999903	DATA	Keydown: ArrowLeft
157.16728500000318	EXP	szo_kiir: autoDraw = false
157.16728500000318	EXP	szo_kiir: color = {"_rgb":[1,1,1]}
157.16728500000318	EXP	szo_kiir: text = "üldögél"
157.67983999999706	EXP	szo_kiir: autoDraw = true
158.83110999999917	DATA	Keydown: ArrowRight
158.84685500000342	EXP	szo_kiir: autoDraw = false
158.84685500000342	EXP	szo_kiir: color = {"_rgb":[1,1,1]}
158.84685500000342	EXP	szo_kiir: text = "balji"
159.34859500000312	EXP	szo_kiir: autoDraw = true
160.45151500000065	DATA	Keydown: ArrowLeft
160.47156499999983	EXP	szo_kiir: autoDraw = false
160.47156499999983	EXP	szo_kiir: color = {"_rgb":[1,1,1]}
160.47156499999983	EXP	szo_kiir: text = "lazarjadó"
160.98406499999692	EXP	szo_kiir: autoDraw = true
162.37395500000275	DATA	Keydown: ArrowLeft
162.38504000000103	EXP	szo_kiir: autoDraw = false
162.38504000000103	EXP	szo_kiir: color = {"_rgb":[1,1,1]}
162.38504000000103	EXP	szo_kiir: text = "ideál"
162.88681999999972	EXP	szo_kiir: autoDraw = true
163.83722500000295	DATA	Keydown: ArrowRight
163.8611000000019	EXP	szo_kiir: autoDraw = false
163.8611000000019	EXP	szo_kiir: color = {"_rgb":[1,1,1]}
163.8611000000019	EXP	szo_kiir: text = "alárdonos"
164.37192499999946	EXP	szo_kiir: autoDraw = true
166.2823900000003	DATA	Keydown: ArrowLeft
166.2896299999993	EXP	szo_kiir: autoDraw = false
166.2896299999993	EXP	szo_kiir: color = {"_rgb":[1,1,1]}
166.2896299999993	EXP	szo_kiir: text = "gerifikált"
166.79230000000098	EXP	szo_kiir: autoDraw = true
168.50073500000144	DATA	Keydown: ArrowLeft
168.5147300000026	EXP	szo_kiir: autoDraw = false
168.5147300000026	EXP	szo_kiir: color = {"_rgb":[1,1,1]}
168.5147300000026	EXP	szo_kiir: text = "forgórész"
169.02795999999944	EXP	szo_kiir: autoDraw = true
171.10927500000253	DATA	Keydown: ArrowRight
171.11272499999905	EXP	szo_kiir: autoDraw = false
171.11272499999905	EXP	szo_kiir: color = {"_rgb":[1,1,1]}
171.11272499999905	EXP	szo_kiir: text = "érkésztás"
171.61585000000196	EXP	szo_kiir: autoDraw = true
173.68801499999972	DATA	Keydown: ArrowLeft
173.70595499999763	EXP	szo_kiir: autoDraw = false
173.70595499999763	EXP	szo_kiir: color = {"_rgb":[1,1,1]}
173.70595499999763	EXP	szo_kiir: text = "magánnyugdíj"
174.2184649999981	EXP	szo_kiir: autoDraw = true
175.93268499999976	DATA	Keydown: ArrowLeft
175.93592999999964	EXP	szo_kiir: autoDraw = false
175.93592999999964	EXP	szo_kiir: color = {"_rgb":[1,1,1]}
175.93592999999964	EXP	szo_kiir: text = "ómagyar"
176.43798000000243	EXP	szo_kiir: autoDraw = true
177.67833000000246	DATA	Keydown: ArrowRight
177.68848499999876	EXP	szo_kiir: autoDraw = false
177.68848499999876	EXP	szo_kiir: color = {"_rgb":[1,1,1]}
177.68848499999876	EXP	szo_kiir: text = "csattog"
178.20706500000233	EXP	szo_kiir: autoDraw = true
179.35844999999972	DATA	Keydown: ArrowRight
179.37984000000142	EXP	szo_kiir: autoDraw = false
179.37984000000142	EXP	szo_kiir: color = {"_rgb":[1,1,1]}
179.37984000000142	EXP	szo_kiir: text = "farizeus"
179.89274499999738	EXP	szo_kiir: autoDraw = true
181.36017500000162	DATA	Keydown: ArrowRight
181.37664999999834	EXP	szo_kiir: autoDraw = false
181.37664999999834	EXP	szo_kiir: color = {"_rgb":[1,1,1]}
181.37664999999834	EXP	szo_kiir: text = "össztűz"
181.87842000000092	EXP	szo_kiir: autoDraw = true
183.27384000000166	DATA	Keydown: ArrowRight
183.2838300000003	EXP	szo_kiir: autoDraw = false
183.2838300000003	EXP	szo_kiir: color = {"_rgb":[1,1,1]}
183.2838300000003	EXP	szo_kiir: text = "lágyék"
183.79770999999892	EXP	szo_kiir: autoDraw = true
185.25196999999753	DATA	Keydown: ArrowRight
185.26468500000192	EXP	szo_kiir: autoDraw = false
185.26468500000192	EXP	szo_kiir: color = {"_rgb":[1,1,1]}
185.26468500000192	EXP	szo_kiir: text = "némezés"
185.76670000000013	EXP	szo_kiir: autoDraw = true
187.79731999999785	DATA	Keydown: ArrowLeft
187.8078949999981	EXP	szo_kiir: autoDraw = false
187.8078949999981	EXP	szo_kiir: color = {"_rgb":[1,1,1]}
187.8078949999981	EXP	szo_kiir: text = "cirózó"
188.319739999999	EXP	szo_kiir: autoDraw = true
190.1386449999991	DATA	Keydown: ArrowLeft
190.15464999999676	EXP	szo_kiir: autoDraw = false
190.15464999999676	EXP	szo_kiir: color = {"_rgb":[1,1,1]}
190.15464999999676	EXP	szo_kiir: text = "pártol"
190.65656000000308	EXP	szo_kiir: autoDraw = true
192.0017200000002	DATA	Keydown: ArrowRight
192.01234500000282	EXP	szo_kiir: autoDraw = false
192.01234500000282	EXP	szo_kiir: color = {"_rgb":[1,1,1]}
192.01234500000282	EXP	szo_kiir: text = "rubinvörös"
192.52654500000062	EXP	szo_kiir: autoDraw = true
195.9157699999996	DATA	Keydown: ArrowRight
195.92902000000322	EXP	szo_kiir: autoDraw = false
195.92902000000322	EXP	szo_kiir: color = {"_rgb":[1,1,1]}
195.92902000000322	EXP	szo_kiir: text = "háznép"
196.43093000000226	EXP	szo_kiir: autoDraw = true
197.58543500000087	DATA	Keydown: ArrowRight
197.6035600000032	EXP	szo_kiir: autoDraw = false
197.6035600000032	EXP	szo_kiir: color = {"_rgb":[1,1,1]}
197.6035600000032	EXP	szo_kiir: text = "martalóc"
198.11664500000188	EXP	szo_kiir: autoDraw = true
199.71291999999812	DATA	Keydown: ArrowLeft
199.71791500000108	EXP	szo_kiir: autoDraw = false
199.71791500000108	EXP	szo_kiir: color = {"_rgb":[1,1,1]}
199.71791500000108	EXP	szo_kiir: text = "trikarítés"
200.23561499999778	EXP	szo_kiir: autoDraw = true
202.11419000000024	DATA	Keydown: ArrowLeft
202.1204149999976	EXP	szo_kiir: autoDraw = false
202.1204149999976	EXP	szo_kiir: color = {"_rgb":[1,1,1]}
202.1204149999976	EXP	szo_kiir: text = "testnedv"
202.6389100000015	EXP	szo_kiir: autoDraw = true
204.0639749999973	DATA	Keydown: ArrowRight
204.07903000000078	EXP	szo_kiir: autoDraw = false
204.07903000000078	EXP	szo_kiir: color = {"_rgb":[1,1,1]}
204.07903000000078	EXP	szo_kiir: text = "oszcillál"
204.59182500000315	EXP	szo_kiir: autoDraw = true
205.864585000003	DATA	Keydown: ArrowLeft
205.8755600000004	EXP	szo_kiir: autoDraw = false
205.8755600000004	EXP	szo_kiir: color = {"_rgb":[1,1,1]}
205.8755600000004	EXP	szo_kiir: text = "vakaródzik"
206.39399499999854	EXP	szo_kiir: autoDraw = true
207.80859500000224	DATA	Keydown: ArrowRight
207.81117000000086	EXP	szo_kiir: autoDraw = false
207.81117000000086	EXP	szo_kiir: color = {"_rgb":[1,1,1]}
207.81117000000086	EXP	szo_kiir: text = "tamia"
208.32969500000036	EXP	szo_kiir: autoDraw = true
210.0399449999968	DATA	Keydown: ArrowLeft
210.05478500000027	EXP	szo_kiir: autoDraw = false
210.05478500000027	EXP	szo_kiir: color = {"_rgb":[1,1,1]}
210.05478500000027	EXP	szo_kiir: text = "petkerhet"
210.56612999999925	EXP	szo_kiir: autoDraw = true
212.28891499999736	DATA	Keydown: ArrowLeft
212.3003699999972	EXP	szo_kiir: autoDraw = false
212.3003699999972	EXP	szo_kiir: color = {"_rgb":[1,1,1]}
212.3003699999972	EXP	szo_kiir: text = "madársisak"
212.81897500000196	EXP	szo_kiir: autoDraw = true
214.88760500000353	DATA	Keydown: ArrowRight
214.90916000000288	EXP	szo_kiir: autoDraw = false
214.90916000000288	EXP	szo_kiir: color = {"_rgb":[1,1,1]}
214.90916000000288	EXP	szo_kiir: text = "sövet"
215.4224549999999	EXP	szo_kiir: autoDraw = true
217.12842000000092	DATA	Keydown: ArrowLeft
217.14018000000215	EXP	szo_kiir: autoDraw = false
217.14018000000215	EXP	szo_kiir: color = {"_rgb":[1,1,1]}
217.14018000000215	EXP	szo_kiir: text = "akarózik"
217.65952500000276	EXP	szo_kiir: autoDraw = true
221.17012499999691	DATA	Keydown: ArrowLeft
221.17900000000373	EXP	szo_kiir: autoDraw = false
221.17900000000373	EXP	szo_kiir: color = {"_rgb":[1,1,1]}
221.17900000000373	EXP	szo_kiir: text = "oldolt"
221.68064500000037	EXP	szo_kiir: autoDraw = true
223.6892599999992	DATA	Keydown: ArrowLeft
223.7045750000034	EXP	szo_kiir: autoDraw = false
223.7045750000034	EXP	szo_kiir: color = {"_rgb":[1,1,1]}
223.7045750000034	EXP	szo_kiir: text = "konyosbetű"
224.21782499999972	EXP	szo_kiir: autoDraw = true
226.44888999999966	DATA	Keydown: ArrowLeft
226.4522050000014	EXP	szo_kiir: autoDraw = false
226.4522050000014	EXP	szo_kiir: color = {"_rgb":[1,1,1]}
226.4522050000014	EXP	szo_kiir: text = "dipeptid"
226.97069000000192	EXP	szo_kiir: autoDraw = true
228.22725000000355	DATA	Keydown: ArrowLeft
228.2375549999997	EXP	szo_kiir: autoDraw = false
228.2375549999997	EXP	szo_kiir: color = {"_rgb":[1,1,1]}
228.2375549999997	EXP	szo_kiir: text = "szulfit"
228.73963999999978	EXP	szo_kiir: autoDraw = true
229.913529999998	DATA	Keydown: ArrowRight
229.92921999999817	EXP	szo_kiir: autoDraw = false
229.92921999999817	EXP	szo_kiir: color = {"_rgb":[1,1,1]}
229.92921999999817	EXP	szo_kiir: text = "antgathat"
230.44149499999912	EXP	szo_kiir: autoDraw = true
231.55998499999987	DATA	Keydown: ArrowLeft
231.57560999999987	EXP	szo_kiir: autoDraw = false
231.57560999999987	EXP	szo_kiir: color = {"_rgb":[1,1,1]}
231.57560999999987	EXP	szo_kiir: text = "allodiális"
232.07755500000349	EXP	szo_kiir: autoDraw = true
233.9627249999976	DATA	Keydown: ArrowLeft
233.97909000000072	EXP	szo_kiir: autoDraw = false
233.97909000000072	EXP	szo_kiir: color = {"_rgb":[1,1,1]}
233.97909000000072	EXP	szo_kiir: text = "spratika"
234.497374999999	EXP	szo_kiir: autoDraw = true
235.9716249999983	DATA	Keydown: ArrowLeft
235.98685999999725	EXP	szo_kiir: autoDraw = false
235.98685999999725	EXP	szo_kiir: color = {"_rgb":[1,1,1]}
235.98685999999725	EXP	szo_kiir: text = "hazardírozik"
236.4997100000037	EXP	szo_kiir: autoDraw = true
240.78421499999968	DATA	Keydown: ArrowLeft
240.7876150000011	EXP	szo_kiir: autoDraw = false
240.7876150000011	EXP	szo_kiir: color = {"_rgb":[1,1,1]}
240.7876150000011	EXP	szo_kiir: text = "asszonánc"
241.2893299999996	EXP	szo_kiir: autoDraw = true
242.78111000000354	DATA	Keydown: ArrowLeft
242.7902499999982	EXP	szo_kiir: autoDraw = false
242.7902499999982	EXP	szo_kiir: color = {"_rgb":[1,1,1]}
242.7902499999982	EXP	szo_kiir: text = "levélnehezék"
243.292515000001	EXP	szo_kiir: autoDraw = true
245.68398999999772	DATA	Keydown: ArrowRight
245.69458999999915	EXP	szo_kiir: autoDraw = false
245.69458999999915	EXP	szo_kiir: color = {"_rgb":[1,1,1]}
245.69458999999915	EXP	szo_kiir: text = "proszcénium"
246.21259999999893	EXP	szo_kiir: autoDraw = true
248.28667000000132	DATA	Keydown: ArrowLeft
248.3041299999968	EXP	szo_kiir: autoDraw = false
248.3041299999968	EXP	szo_kiir: color = {"_rgb":[1,1,1]}
248.3041299999968	EXP	szo_kiir: text = "istenhozzád"
248.81648999999743	EXP	szo_kiir: autoDraw = true
250.2415600000022	DATA	Keydown: ArrowRight
250.25021500000003	EXP	szo_kiir: autoDraw = false
250.25021500000003	EXP	szo_kiir: color = {"_rgb":[1,1,1]}
250.25021500000003	EXP	szo_kiir: text = "fegyverterem"
250.7688150000031	EXP	szo_kiir: autoDraw = true
252.3755949999977	DATA	Keydown: ArrowLeft
252.386225000002	EXP	szo_kiir: autoDraw = false
252.386225000002	EXP	szo_kiir: color = {"_rgb":[1,1,1]}
252.386225000002	EXP	szo_kiir: text = "illikázó"
252.88817500000005	EXP	szo_kiir: autoDraw = true
255.0773049999989	DATA	Keydown: ArrowLeft
255.09625000000233	EXP	szo_kiir: autoDraw = false
255.09625000000233	EXP	szo_kiir: color = {"_rgb":[1,1,1]}
255.09625000000233	EXP	szo_kiir: text = "rekvizit"
255.60829000000376	EXP	szo_kiir: autoDraw = true
257.16906500000186	DATA	Keydown: ArrowLeft
257.17611000000034	EXP	szo_kiir: autoDraw = false
257.17611000000034	EXP	szo_kiir: color = {"_rgb":[1,1,1]}
257.17611000000034	EXP	szo_kiir: text = "multiregionális"
257.69489500000054	EXP	szo_kiir: autoDraw = true
260.4828600000037	DATA	Keydown: ArrowRight
260.4976999999999	EXP	szo_kiir: autoDraw = false
260.4976999999999	EXP	szo_kiir: color = {"_rgb":[1,1,1]}
260.4976999999999	EXP	szo_kiir: text = "hegelianizmus"
261.01575500000035	EXP	szo_kiir: autoDraw = true
263.9855450000032	DATA	Keydown: ArrowLeft
264.0017000000007	EXP	szo_kiir: autoDraw = false
264.0017000000007	EXP	szo_kiir: color = {"_rgb":[1,1,1]}
264.0017000000007	EXP	szo_kiir: text = "mellényzseb"
264.5205199999982	EXP	szo_kiir: autoDraw = true
266.7842000000019	DATA	Keydown: ArrowRight
266.7931450000033	EXP	szo_kiir: autoDraw = false
266.7931450000033	EXP	szo_kiir: color = {"_rgb":[1,1,1]}
266.7931450000033	EXP	szo_kiir: text = "süteményestál"
267.30735000000277	EXP	szo_kiir: autoDraw = true
268.96507500000007	DATA	Keydown: ArrowRight
268.9742350000015	EXP	szo_kiir: autoDraw = false
268.9742350000015	EXP	szo_kiir: color = {"_rgb":[1,1,1]}
268.9742350000015	EXP	szo_kiir: text = "orront"
269.4762750000009	EXP	szo_kiir: autoDraw = true
270.5344200000036	DATA	Keydown: ArrowLeft
270.54321999999956	EXP	szo_kiir: autoDraw = false
270.54321999999956	EXP	szo_kiir: color = {"_rgb":[1,1,1]}
270.54321999999956	EXP	szo_kiir: text = "köpdös"
271.0451850000027	EXP	szo_kiir: autoDraw = true
272.2995749999973	DATA	Keydown: ArrowRight
272.31699500000104	EXP	szo_kiir: autoDraw = false
272.31699500000104	EXP	szo_kiir: color = {"_rgb":[1,1,1]}
272.31699500000104	EXP	szo_kiir: text = "kuktáskodik"
272.8306900000025	EXP	szo_kiir: autoDraw = true
274.68625500000053	DATA	Keydown: ArrowRight
274.6990250000017	EXP	szo_kiir: autoDraw = false
274.6990250000017	EXP	szo_kiir: color = {"_rgb":[1,1,1]}
274.6990250000017	EXP	szo_kiir: text = "gubóvirág"
275.2173449999973	EXP	szo_kiir: autoDraw = true
276.61853500000143	DATA	Keydown: ArrowRight
276.64074000000255	EXP	szo_kiir: autoDraw = false
276.64074000000255	EXP	szo_kiir: color = {"_rgb":[1,1,1]}
276.64074000000255	EXP	szo_kiir: text = "pósfalmár"
277.15320999999676	EXP	szo_kiir: autoDraw = true
279.16597000000183	DATA	Keydown: ArrowLeft
279.1715350000013	EXP	szo_kiir: autoDraw = false
279.1715350000013	EXP	szo_kiir: color = {"_rgb":[1,1,1]}
279.1715350000013	EXP	szo_kiir: text = "leverzsköl"
279.6734149999975	EXP	szo_kiir: autoDraw = true
282.1003100000016	DATA	Keydown: ArrowLeft
282.11336499999743	EXP	szo_kiir: autoDraw = false
282.11336499999743	EXP	szo_kiir: color = {"_rgb":[1,1,1]}
282.11336499999743	EXP	szo_kiir: text = "budavirág"
282.62720000000263	EXP	szo_kiir: autoDraw = true
284.9093649999995	DATA	Keydown: ArrowRight
284.91214000000036	EXP	szo_kiir: autoDraw = false
284.91214000000036	EXP	szo_kiir: color = {"_rgb":[1,1,1]}
284.91214000000036	EXP	szo_kiir: text = "burukkol"
285.41419000000315	EXP	szo_kiir: autoDraw = true
286.7462149999992	DATA	Keydown: ArrowLeft
286.7482050000035	EXP	szo_kiir: autoDraw = false
286.7482050000035	EXP	szo_kiir: color = {"_rgb":[1,1,1]}
286.7482050000035	EXP	szo_kiir: text = "arzénsav"
287.2664500000028	EXP	szo_kiir: autoDraw = true
288.95530999999755	DATA	Keydown: ArrowRight
288.9742800000022	EXP	szo_kiir: autoDraw = false
288.9742800000022	EXP	szo_kiir: color = {"_rgb":[1,1,1]}
288.9742800000022	EXP	szo_kiir: text = "novagár"
289.4861749999982	EXP	szo_kiir: autoDraw = true
290.8153700000039	DATA	Keydown: ArrowLeft
290.81993499999953	EXP	szo_kiir: autoDraw = false
290.81993499999953	EXP	szo_kiir: color = {"_rgb":[1,1,1]}
290.81993499999953	EXP	szo_kiir: text = "piszkosodik"
291.3385600000038	EXP	szo_kiir: autoDraw = true
293.1166450000019	DATA	Keydown: ArrowRight
293.1293650000007	EXP	szo_kiir: autoDraw = false
293.1293650000007	EXP	szo_kiir: color = {"_rgb":[1,1,1]}
293.1293650000007	EXP	szo_kiir: text = "invonult"
293.6414999999979	EXP	szo_kiir: autoDraw = true
294.39163499999995	DATA	Keydown: ArrowLeft
294.40810500000225	EXP	szo_kiir: autoDraw = false
294.40810500000225	EXP	szo_kiir: color = {"_rgb":[1,1,1]}
294.40810500000225	EXP	szo_kiir: text = "főcsemő"
294.91013499999826	EXP	szo_kiir: autoDraw = true
296.53837000000203	DATA	Keydown: ArrowLeft
296.54961999999796	EXP	szo_kiir: autoDraw = false
296.54961999999796	EXP	szo_kiir: color = {"_rgb":[1,1,1]}
296.54961999999796	EXP	szo_kiir: text = "buktázik"
297.0624499999976	EXP	szo_kiir: autoDraw = true
299.1394450000007	DATA	Keydown: ArrowRight
299.14717499999824	EXP	szo_kiir: autoDraw = false
299.14717499999824	EXP	szo_kiir: color = {"_rgb":[1,1,1]}
299.14717499999824	EXP	szo_kiir: text = "csüggedez"
299.6495750000031	EXP	szo_kiir: autoDraw = true
301.17686500000127	DATA	Keydown: ArrowRight
301.1882949999999	EXP	szo_kiir: autoDraw = false
301.1882949999999	EXP	szo_kiir: color = {"_rgb":[1,1,1]}
301.1882949999999	EXP	szo_kiir: text = "elméskedik"
301.70214000000124	EXP	szo_kiir: autoDraw = true
303.68364999999903	DATA	Keydown: ArrowRight
303.68703999999707	EXP	szo_kiir: autoDraw = false
303.68703999999707	EXP	szo_kiir: color = {"_rgb":[1,1,1]}
303.68703999999707	EXP	szo_kiir: text = "horganyfehér"
304.2055449999971	EXP	szo_kiir: autoDraw = true
306.95351500000106	DATA	Keydown: ArrowLeft
306.9577449999997	EXP	szo_kiir: autoDraw = false
306.9577449999997	EXP	szo_kiir: color = {"_rgb":[1,1,1]}
306.9577449999997	EXP	szo_kiir: text = "hajcsárkodik"
307.47645000000193	EXP	szo_kiir: autoDraw = true
310.10339999999997	DATA	Keydown: ArrowRight
310.1176950000008	EXP	szo_kiir: autoDraw = false
310.1176950000008	EXP	szo_kiir: color = {"_rgb":[1,1,1]}
310.1176950000008	EXP	szo_kiir: text = "szabadszirmú"
310.6310450000019	EXP	szo_kiir: autoDraw = true
312.61564499999804	DATA	Keydown: ArrowRight
312.63207500000135	EXP	szo_kiir: autoDraw = false
312.63207500000135	EXP	szo_kiir: color = {"_rgb":[1,1,1]}
312.63207500000135	EXP	szo_kiir: text = "konverzál"
313.1339950000038	EXP	szo_kiir: autoDraw = true
315.5078300000023	DATA	Keydown: ArrowRight
315.52365499999723	EXP	szo_kiir: autoDraw = false
315.52365499999723	EXP	szo_kiir: color = {"_rgb":[1,1,1]}
315.52365499999723	EXP	szo_kiir: text = "szervusz"
316.037304999998	EXP	szo_kiir: autoDraw = true
317.2450650000028	DATA	Keydown: ArrowRight
317.25481500000024	EXP	szo_kiir: autoDraw = false
317.25481500000024	EXP	szo_kiir: color = {"_rgb":[1,1,1]}
317.25481500000024	EXP	szo_kiir: text = "jóltart"
317.7740049999993	EXP	szo_kiir: autoDraw = true
319.4299899999969	DATA	Keydown: ArrowRight
319.4453849999991	EXP	szo_kiir: autoDraw = false
319.4453849999991	EXP	szo_kiir: color = {"_rgb":[1,1,1]}
319.4453849999991	EXP	szo_kiir: text = "spiritualizál"
319.95928000000276	EXP	szo_kiir: autoDraw = true
321.4539650000006	DATA	Keydown: ArrowRight
321.4598200000037	EXP	szo_kiir: autoDraw = false
321.4598200000037	EXP	szo_kiir: color = {"_rgb":[1,1,1]}
321.4598200000037	EXP	szo_kiir: text = "csapdáz"
321.9620900000009	EXP	szo_kiir: autoDraw = true
323.46687999999995	DATA	Keydown: ArrowRight
323.4855299999981	EXP	szo_kiir: autoDraw = false
323.4855299999981	EXP	szo_kiir: color = {"_rgb":[1,1,1]}
323.4855299999981	EXP	szo_kiir: text = "antra"
323.99808499999926	EXP	szo_kiir: autoDraw = true
324.9256949999981	DATA	Keydown: ArrowLeft
324.9308850000016	EXP	szo_kiir: autoDraw = false
324.9308850000016	EXP	szo_kiir: color = {"_rgb":[1,1,1]}
324.9308850000016	EXP	szo_kiir: text = "káinbélyeg"
325.43324500000017	EXP	szo_kiir: autoDraw = true
327.1154450000031	DATA	Keydown: ArrowLeft
327.11789500000305	EXP	szo_kiir: autoDraw = false
327.11789500000305	EXP	szo_kiir: color = {"_rgb":[1,1,1]}
327.11789500000305	EXP	szo_kiir: text = "különszakasz"
327.6362999999983	EXP	szo_kiir: autoDraw = true
329.47144500000286	DATA	Keydown: ArrowRight
329.49233999999706	EXP	szo_kiir: autoDraw = false
329.49233999999706	EXP	szo_kiir: color = {"_rgb":[1,1,1]}
329.49233999999706	EXP	szo_kiir: text = "oktalankodik"
330.0069999999978	EXP	szo_kiir: autoDraw = true
331.69689500000095	DATA	Keydown: ArrowRight
331.70728000000236	EXP	szo_kiir: autoDraw = false
331.70728000000236	EXP	szo_kiir: color = {"_rgb":[1,1,1]}
331.70728000000236	EXP	szo_kiir: text = "ingyenbeteg"
332.2254600000015	EXP	szo_kiir: autoDraw = true
335.05518999999913	DATA	Keydown: ArrowRight
335.0669249999992	EXP	szo_kiir: autoDraw = false
335.0669249999992	EXP	szo_kiir: color = {"_rgb":[1,1,1]}
335.0669249999992	EXP	szo_kiir: text = "cigazodox"
335.58032500000263	EXP	szo_kiir: autoDraw = true
336.9166350000014	DATA	Keydown: ArrowLeft
336.93009500000335	EXP	szo_kiir: autoDraw = false
336.93009500000335	EXP	szo_kiir: color = {"_rgb":[1,1,1]}
336.93009500000335	EXP	szo_kiir: text = "tőzsérkedik"
337.4323199999999	EXP	szo_kiir: autoDraw = true
339.7679750000025	DATA	Keydown: ArrowLeft
339.7843950000024	EXP	szo_kiir: autoDraw = false
339.7843950000024	EXP	szo_kiir: color = {"_rgb":[1,1,1]}
339.7843950000024	EXP	szo_kiir: text = "jelegező"
340.3029150000002	EXP	szo_kiir: autoDraw = true
342.14969500000007	DATA	Keydown: ArrowLeft
342.1582449999987	EXP	szo_kiir: autoDraw = false
342.1582449999987	EXP	koszi_szoveg: autoDraw = true
343.99059000000125	DATA	Keydown:  
